2025-11-30 10:40:09,349 - utils.logger2025-11-30-10.40.09 - INFO - The number of training samples = 1750
2025-11-30 10:40:10,811 - utils.logger2025-11-30-10.40.09 - INFO - Cur epoch 1 loss TA:1.0377 TV:1.0350 VA:2.0741 CE:3.9505
2025-11-30 10:40:11,260 - utils.logger2025-11-30-10.40.09 - INFO - Cur epoch 1 loss TA:1.0358 TV:1.0334 VA:2.0749 CE:2.5854
2025-11-30 10:40:11,656 - utils.logger2025-11-30-10.40.09 - INFO - saving the model at the end of epoch 1, iters 28
2025-11-30 10:40:11,729 - utils.logger2025-11-30-10.40.09 - INFO - End of training epoch 1 / 40 	 Time Taken: 2 sec
2025-11-30 10:40:11,729 - utils.logger2025-11-30-10.40.09 - INFO - learning rate = 0.0002000
2025-11-30 10:40:12,051 - utils.logger2025-11-30-10.40.09 - INFO - Val result of epoch 1 / 40 acc 0.5714 MAE 0.2438 f1 0.5636
2025-11-30 10:40:12,385 - utils.logger2025-11-30-10.40.09 - INFO - Tst result of epoch 1 / 40 acc 0.5714 MAE 0.2438 f1 0.5636
2025-11-30 10:40:12,661 - utils.logger2025-11-30-10.40.09 - INFO - Cur epoch 2 loss TA:1.0296 TV:1.0265 VA:2.0643 CE:1.9455
2025-11-30 10:40:13,123 - utils.logger2025-11-30-10.40.09 - INFO - Cur epoch 2 loss TA:1.0261 TV:1.0211 VA:2.0588 CE:2.1945
2025-11-30 10:40:13,567 - utils.logger2025-11-30-10.40.09 - INFO - Cur epoch 2 loss TA:1.0196 TV:1.0154 VA:2.0561 CE:2.2320
2025-11-30 10:40:13,877 - utils.logger2025-11-30-10.40.09 - INFO - saving the model at the end of epoch 2, iters 56
2025-11-30 10:40:13,949 - utils.logger2025-11-30-10.40.09 - INFO - End of training epoch 2 / 40 	 Time Taken: 1 sec
2025-11-30 10:40:13,949 - utils.logger2025-11-30-10.40.09 - INFO - learning rate = 0.0002000
2025-11-30 10:40:14,269 - utils.logger2025-11-30-10.40.09 - INFO - Val result of epoch 2 / 40 acc 0.7232 MAE 0.5511 f1 0.7290
2025-11-30 10:40:14,547 - utils.logger2025-11-30-10.40.09 - INFO - Tst result of epoch 2 / 40 acc 0.7232 MAE 0.5511 f1 0.7290
2025-11-30 10:40:14,891 - utils.logger2025-11-30-10.40.09 - INFO - Cur epoch 3 loss TA:0.9982 TV:0.9745 VA:2.0301 CE:2.3327
2025-11-30 10:40:15,347 - utils.logger2025-11-30-10.40.09 - INFO - Cur epoch 3 loss TA:0.9830 TV:0.9679 VA:1.9815 CE:2.1204
2025-11-30 10:40:15,791 - utils.logger2025-11-30-10.40.09 - INFO - Cur epoch 3 loss TA:0.9874 TV:0.9585 VA:1.9883 CE:2.3946
2025-11-30 10:40:15,999 - utils.logger2025-11-30-10.40.09 - INFO - saving the model at the end of epoch 3, iters 84
2025-11-30 10:40:16,080 - utils.logger2025-11-30-10.40.09 - INFO - End of training epoch 3 / 40 	 Time Taken: 1 sec
2025-11-30 10:40:16,080 - utils.logger2025-11-30-10.40.09 - INFO - learning rate = 0.0002000
2025-11-30 10:40:16,454 - utils.logger2025-11-30-10.40.09 - INFO - Val result of epoch 3 / 40 acc 0.7411 MAE 0.6223 f1 0.7576
2025-11-30 10:40:16,766 - utils.logger2025-11-30-10.40.09 - INFO - Tst result of epoch 3 / 40 acc 0.7411 MAE 0.6223 f1 0.7576
2025-11-30 10:40:17,205 - utils.logger2025-11-30-10.40.09 - INFO - Cur epoch 4 loss TA:0.9557 TV:0.9419 VA:1.9134 CE:1.9320
2025-11-30 10:40:17,668 - utils.logger2025-11-30-10.40.09 - INFO - Cur epoch 4 loss TA:0.9355 TV:0.9131 VA:1.8678 CE:1.9856
2025-11-30 10:40:18,140 - utils.logger2025-11-30-10.40.09 - INFO - Cur epoch 4 loss TA:0.9281 TV:0.8973 VA:1.8750 CE:1.4229
2025-11-30 10:40:18,274 - utils.logger2025-11-30-10.40.09 - INFO - saving the model at the end of epoch 4, iters 112
2025-11-30 10:40:18,345 - utils.logger2025-11-30-10.40.09 - INFO - End of training epoch 4 / 40 	 Time Taken: 1 sec
2025-11-30 10:40:18,345 - utils.logger2025-11-30-10.40.09 - INFO - learning rate = 0.0002000
2025-11-30 10:40:18,665 - utils.logger2025-11-30-10.40.09 - INFO - Val result of epoch 4 / 40 acc 0.7634 MAE 0.6647 f1 0.7768
2025-11-30 10:40:18,966 - utils.logger2025-11-30-10.40.09 - INFO - Tst result of epoch 4 / 40 acc 0.7634 MAE 0.6647 f1 0.7768
2025-11-30 10:40:19,490 - utils.logger2025-11-30-10.40.09 - INFO - Cur epoch 5 loss TA:0.8998 TV:0.8947 VA:1.8063 CE:2.6491
2025-11-30 10:40:19,936 - utils.logger2025-11-30-10.40.09 - INFO - Cur epoch 5 loss TA:0.9101 TV:0.8877 VA:1.8197 CE:1.9185
2025-11-30 10:40:20,391 - utils.logger2025-11-30-10.40.09 - INFO - Cur epoch 5 loss TA:0.6304 TV:0.6017 VA:1.2451 CE:2.3385
2025-11-30 10:40:20,441 - utils.logger2025-11-30-10.40.09 - INFO - saving the model at the end of epoch 5, iters 140
2025-11-30 10:40:20,511 - utils.logger2025-11-30-10.40.09 - INFO - End of training epoch 5 / 40 	 Time Taken: 1 sec
2025-11-30 10:40:20,512 - utils.logger2025-11-30-10.40.09 - INFO - learning rate = 0.0002000
2025-11-30 10:40:20,814 - utils.logger2025-11-30-10.40.09 - INFO - Val result of epoch 5 / 40 acc 0.7902 MAE 0.6952 f1 0.8203
2025-11-30 10:40:21,093 - utils.logger2025-11-30-10.40.09 - INFO - Tst result of epoch 5 / 40 acc 0.7902 MAE 0.6952 f1 0.8203
2025-11-30 10:40:21,660 - utils.logger2025-11-30-10.40.09 - INFO - Cur epoch 6 loss TA:0.8759 TV:0.8632 VA:1.7776 CE:1.5285
2025-11-30 10:40:22,078 - utils.logger2025-11-30-10.40.09 - INFO - Cur epoch 6 loss TA:0.8458 TV:0.8450 VA:1.7704 CE:1.3731
2025-11-30 10:40:22,438 - utils.logger2025-11-30-10.40.09 - INFO - saving the model at the end of epoch 6, iters 168
2025-11-30 10:40:22,499 - utils.logger2025-11-30-10.40.09 - INFO - End of training epoch 6 / 40 	 Time Taken: 1 sec
2025-11-30 10:40:22,499 - utils.logger2025-11-30-10.40.09 - INFO - learning rate = 0.0002000
2025-11-30 10:40:22,767 - utils.logger2025-11-30-10.40.09 - INFO - Val result of epoch 6 / 40 acc 0.8170 MAE 0.7065 f1 0.8358
2025-11-30 10:40:23,032 - utils.logger2025-11-30-10.40.09 - INFO - Tst result of epoch 6 / 40 acc 0.8170 MAE 0.7065 f1 0.8358
2025-11-30 10:40:23,271 - utils.logger2025-11-30-10.40.09 - INFO - Cur epoch 7 loss TA:0.8339 TV:0.8306 VA:1.7040 CE:1.2839
2025-11-30 10:40:23,695 - utils.logger2025-11-30-10.40.09 - INFO - Cur epoch 7 loss TA:0.8370 TV:0.8525 VA:1.6875 CE:1.5369
2025-11-30 10:40:24,133 - utils.logger2025-11-30-10.40.09 - INFO - Cur epoch 7 loss TA:0.8293 TV:0.8285 VA:1.7044 CE:1.6550
2025-11-30 10:40:24,440 - utils.logger2025-11-30-10.40.09 - INFO - saving the model at the end of epoch 7, iters 196
2025-11-30 10:40:24,512 - utils.logger2025-11-30-10.40.09 - INFO - End of training epoch 7 / 40 	 Time Taken: 1 sec
2025-11-30 10:40:24,513 - utils.logger2025-11-30-10.40.09 - INFO - learning rate = 0.0002000
2025-11-30 10:40:24,874 - utils.logger2025-11-30-10.40.09 - INFO - Val result of epoch 7 / 40 acc 0.7902 MAE 0.6942 f1 0.8006
2025-11-30 10:40:25,183 - utils.logger2025-11-30-10.40.09 - INFO - Tst result of epoch 7 / 40 acc 0.7902 MAE 0.6942 f1 0.8006
2025-11-30 10:40:25,518 - utils.logger2025-11-30-10.40.09 - INFO - Cur epoch 8 loss TA:0.7955 TV:0.7824 VA:1.6192 CE:1.4056
2025-11-30 10:40:25,985 - utils.logger2025-11-30-10.40.09 - INFO - Cur epoch 8 loss TA:0.8069 TV:0.7891 VA:1.6233 CE:1.0105
2025-11-30 10:40:26,424 - utils.logger2025-11-30-10.40.09 - INFO - Cur epoch 8 loss TA:0.7900 TV:0.7848 VA:1.5923 CE:1.1296
2025-11-30 10:40:26,648 - utils.logger2025-11-30-10.40.09 - INFO - saving the model at the end of epoch 8, iters 224
2025-11-30 10:40:26,725 - utils.logger2025-11-30-10.40.09 - INFO - End of training epoch 8 / 40 	 Time Taken: 1 sec
2025-11-30 10:40:26,726 - utils.logger2025-11-30-10.40.09 - INFO - learning rate = 0.0002000
2025-11-30 10:40:27,057 - utils.logger2025-11-30-10.40.09 - INFO - Val result of epoch 8 / 40 acc 0.7634 MAE 0.7054 f1 0.7766
2025-11-30 10:40:27,345 - utils.logger2025-11-30-10.40.09 - INFO - Tst result of epoch 8 / 40 acc 0.7634 MAE 0.7054 f1 0.7766
2025-11-30 10:40:27,871 - utils.logger2025-11-30-10.40.09 - INFO - Cur epoch 9 loss TA:0.7610 TV:0.7408 VA:1.5366 CE:1.2508
2025-11-30 10:40:28,326 - utils.logger2025-11-30-10.40.09 - INFO - Cur epoch 9 loss TA:0.7774 TV:0.7940 VA:1.6464 CE:1.0526
2025-11-30 10:40:28,773 - utils.logger2025-11-30-10.40.09 - INFO - Cur epoch 9 loss TA:0.7621 TV:0.7657 VA:1.5910 CE:0.8019
2025-11-30 10:40:28,899 - utils.logger2025-11-30-10.40.09 - INFO - saving the model at the end of epoch 9, iters 252
2025-11-30 10:40:28,971 - utils.logger2025-11-30-10.40.09 - INFO - End of training epoch 9 / 40 	 Time Taken: 1 sec
2025-11-30 10:40:28,971 - utils.logger2025-11-30-10.40.09 - INFO - learning rate = 0.0002000
2025-11-30 10:40:29,271 - utils.logger2025-11-30-10.40.09 - INFO - Val result of epoch 9 / 40 acc 0.7857 MAE 0.6995 f1 0.8007
2025-11-30 10:40:29,568 - utils.logger2025-11-30-10.40.09 - INFO - Tst result of epoch 9 / 40 acc 0.7857 MAE 0.6995 f1 0.8007
2025-11-30 10:40:30,090 - utils.logger2025-11-30-10.40.09 - INFO - Cur epoch 10 loss TA:0.7451 TV:0.7585 VA:1.4888 CE:0.7151
2025-11-30 10:40:30,530 - utils.logger2025-11-30-10.40.09 - INFO - Cur epoch 10 loss TA:0.7375 TV:0.7092 VA:1.4955 CE:0.9469
2025-11-30 10:40:30,979 - utils.logger2025-11-30-10.40.09 - INFO - Cur epoch 10 loss TA:0.4586 TV:0.5009 VA:0.9866 CE:1.0118
2025-11-30 10:40:31,023 - utils.logger2025-11-30-10.40.09 - INFO - saving the model at the end of epoch 10, iters 280
2025-11-30 10:40:31,094 - utils.logger2025-11-30-10.40.09 - INFO - End of training epoch 10 / 40 	 Time Taken: 1 sec
2025-11-30 10:40:31,094 - utils.logger2025-11-30-10.40.09 - INFO - learning rate = 0.0002000
2025-11-30 10:40:31,378 - utils.logger2025-11-30-10.40.09 - INFO - Val result of epoch 10 / 40 acc 0.7679 MAE 0.7088 f1 0.7768
2025-11-30 10:40:31,650 - utils.logger2025-11-30-10.40.09 - INFO - Tst result of epoch 10 / 40 acc 0.7679 MAE 0.7088 f1 0.7768
2025-11-30 10:40:32,233 - utils.logger2025-11-30-10.40.09 - INFO - Cur epoch 11 loss TA:0.7202 TV:0.7196 VA:1.4220 CE:0.9040
2025-11-30 10:40:32,670 - utils.logger2025-11-30-10.40.09 - INFO - Cur epoch 11 loss TA:0.7300 TV:0.7404 VA:1.4808 CE:0.7900
2025-11-30 10:40:33,064 - utils.logger2025-11-30-10.40.09 - INFO - saving the model at the end of epoch 11, iters 308
2025-11-30 10:40:33,134 - utils.logger2025-11-30-10.40.09 - INFO - End of training epoch 11 / 40 	 Time Taken: 1 sec
2025-11-30 10:40:33,134 - utils.logger2025-11-30-10.40.09 - INFO - learning rate = 0.0002000
2025-11-30 10:40:33,412 - utils.logger2025-11-30-10.40.09 - INFO - Val result of epoch 11 / 40 acc 0.7679 MAE 0.6869 f1 0.7813
2025-11-30 10:40:33,690 - utils.logger2025-11-30-10.40.09 - INFO - Tst result of epoch 11 / 40 acc 0.7679 MAE 0.6869 f1 0.7813
2025-11-30 10:40:33,949 - utils.logger2025-11-30-10.40.09 - INFO - Cur epoch 12 loss TA:0.6648 TV:0.7031 VA:1.4007 CE:0.7876
2025-11-30 10:40:34,396 - utils.logger2025-11-30-10.40.09 - INFO - Cur epoch 12 loss TA:0.6975 TV:0.6829 VA:1.4321 CE:0.7648
2025-11-30 10:40:34,835 - utils.logger2025-11-30-10.40.09 - INFO - Cur epoch 12 loss TA:0.6874 TV:0.6797 VA:1.4156 CE:0.6682
2025-11-30 10:40:35,134 - utils.logger2025-11-30-10.40.09 - INFO - saving the model at the end of epoch 12, iters 336
2025-11-30 10:40:35,211 - utils.logger2025-11-30-10.40.09 - INFO - End of training epoch 12 / 40 	 Time Taken: 1 sec
2025-11-30 10:40:35,211 - utils.logger2025-11-30-10.40.09 - INFO - learning rate = 0.0002000
2025-11-30 10:40:35,557 - utils.logger2025-11-30-10.40.09 - INFO - Val result of epoch 12 / 40 acc 0.7679 MAE 0.7050 f1 0.7894
2025-11-30 10:40:35,871 - utils.logger2025-11-30-10.40.09 - INFO - Tst result of epoch 12 / 40 acc 0.7679 MAE 0.7050 f1 0.7894
2025-11-30 10:40:36,209 - utils.logger2025-11-30-10.40.09 - INFO - Cur epoch 13 loss TA:0.6586 TV:0.6772 VA:1.3145 CE:0.6808
2025-11-30 10:40:36,645 - utils.logger2025-11-30-10.40.09 - INFO - Cur epoch 13 loss TA:0.6233 TV:0.6481 VA:1.3305 CE:0.7363
2025-11-30 10:40:37,086 - utils.logger2025-11-30-10.40.09 - INFO - Cur epoch 13 loss TA:0.6807 TV:0.6643 VA:1.3813 CE:0.6365
2025-11-30 10:40:37,300 - utils.logger2025-11-30-10.40.09 - INFO - saving the model at the end of epoch 13, iters 364
2025-11-30 10:40:37,371 - utils.logger2025-11-30-10.40.09 - INFO - End of training epoch 13 / 40 	 Time Taken: 1 sec
2025-11-30 10:40:37,371 - utils.logger2025-11-30-10.40.09 - INFO - learning rate = 0.0002000
2025-11-30 10:40:37,668 - utils.logger2025-11-30-10.40.09 - INFO - Val result of epoch 13 / 40 acc 0.8080 MAE 0.7208 f1 0.8333
2025-11-30 10:40:37,945 - utils.logger2025-11-30-10.40.09 - INFO - Tst result of epoch 13 / 40 acc 0.8080 MAE 0.7208 f1 0.8333
2025-11-30 10:40:38,367 - utils.logger2025-11-30-10.40.09 - INFO - Cur epoch 14 loss TA:0.6647 TV:0.6715 VA:1.2971 CE:0.4693
2025-11-30 10:40:38,792 - utils.logger2025-11-30-10.40.09 - INFO - Cur epoch 14 loss TA:0.6587 TV:0.6745 VA:1.3777 CE:0.5316
2025-11-30 10:40:39,216 - utils.logger2025-11-30-10.40.09 - INFO - Cur epoch 14 loss TA:0.6592 TV:0.6580 VA:1.3565 CE:0.7040
2025-11-30 10:40:39,338 - utils.logger2025-11-30-10.40.09 - INFO - saving the model at the end of epoch 14, iters 392
2025-11-30 10:40:39,407 - utils.logger2025-11-30-10.40.09 - INFO - End of training epoch 14 / 40 	 Time Taken: 1 sec
2025-11-30 10:40:39,407 - utils.logger2025-11-30-10.40.09 - INFO - learning rate = 0.0002000
2025-11-30 10:40:39,683 - utils.logger2025-11-30-10.40.09 - INFO - Val result of epoch 14 / 40 acc 0.7946 MAE 0.7081 f1 0.8114
2025-11-30 10:40:39,958 - utils.logger2025-11-30-10.40.09 - INFO - Tst result of epoch 14 / 40 acc 0.7946 MAE 0.7081 f1 0.8114
2025-11-30 10:40:40,467 - utils.logger2025-11-30-10.40.09 - INFO - Cur epoch 15 loss TA:0.6148 TV:0.6369 VA:1.2957 CE:0.6020
2025-11-30 10:40:40,921 - utils.logger2025-11-30-10.40.09 - INFO - Cur epoch 15 loss TA:0.6318 TV:0.6094 VA:1.2499 CE:0.4957
2025-11-30 10:40:41,389 - utils.logger2025-11-30-10.40.09 - INFO - Cur epoch 15 loss TA:0.3541 TV:0.3550 VA:0.8355 CE:0.5046
2025-11-30 10:40:41,437 - utils.logger2025-11-30-10.40.09 - INFO - saving the model at the end of epoch 15, iters 420
2025-11-30 10:40:41,515 - utils.logger2025-11-30-10.40.09 - INFO - End of training epoch 15 / 40 	 Time Taken: 1 sec
2025-11-30 10:40:41,515 - utils.logger2025-11-30-10.40.09 - INFO - learning rate = 0.0002000
2025-11-30 10:40:41,895 - utils.logger2025-11-30-10.40.09 - INFO - Val result of epoch 15 / 40 acc 0.7768 MAE 0.6861 f1 0.7975
2025-11-30 10:40:42,278 - utils.logger2025-11-30-10.40.09 - INFO - Tst result of epoch 15 / 40 acc 0.7768 MAE 0.6861 f1 0.7975
2025-11-30 10:40:42,972 - utils.logger2025-11-30-10.40.09 - INFO - Cur epoch 16 loss TA:0.6399 TV:0.6408 VA:1.3310 CE:0.3524
2025-11-30 10:40:43,415 - utils.logger2025-11-30-10.40.09 - INFO - Cur epoch 16 loss TA:0.5969 TV:0.6246 VA:1.2675 CE:0.6545
2025-11-30 10:40:43,812 - utils.logger2025-11-30-10.40.09 - INFO - saving the model at the end of epoch 16, iters 448
2025-11-30 10:40:43,887 - utils.logger2025-11-30-10.40.09 - INFO - End of training epoch 16 / 40 	 Time Taken: 1 sec
2025-11-30 10:40:43,887 - utils.logger2025-11-30-10.40.09 - INFO - learning rate = 0.0002000
2025-11-30 10:40:44,255 - utils.logger2025-11-30-10.40.09 - INFO - Val result of epoch 16 / 40 acc 0.7277 MAE 0.6738 f1 0.7245
2025-11-30 10:40:44,548 - utils.logger2025-11-30-10.40.09 - INFO - Tst result of epoch 16 / 40 acc 0.7277 MAE 0.6738 f1 0.7245
2025-11-30 10:40:44,803 - utils.logger2025-11-30-10.40.09 - INFO - Cur epoch 17 loss TA:0.6085 TV:0.6107 VA:1.2358 CE:0.3328
2025-11-30 10:40:45,235 - utils.logger2025-11-30-10.40.09 - INFO - Cur epoch 17 loss TA:0.5985 TV:0.6012 VA:1.2121 CE:0.5001
2025-11-30 10:40:45,677 - utils.logger2025-11-30-10.40.09 - INFO - Cur epoch 17 loss TA:0.5812 TV:0.6084 VA:1.2151 CE:0.4395
2025-11-30 10:40:45,986 - utils.logger2025-11-30-10.40.09 - INFO - saving the model at the end of epoch 17, iters 476
2025-11-30 10:40:46,059 - utils.logger2025-11-30-10.40.09 - INFO - End of training epoch 17 / 40 	 Time Taken: 1 sec
2025-11-30 10:40:46,059 - utils.logger2025-11-30-10.40.09 - INFO - learning rate = 0.0002000
2025-11-30 10:40:46,343 - utils.logger2025-11-30-10.40.09 - INFO - Val result of epoch 17 / 40 acc 0.7812 MAE 0.6982 f1 0.7930
2025-11-30 10:40:46,620 - utils.logger2025-11-30-10.40.09 - INFO - Tst result of epoch 17 / 40 acc 0.7812 MAE 0.6982 f1 0.7930
2025-11-30 10:40:46,958 - utils.logger2025-11-30-10.40.09 - INFO - Cur epoch 18 loss TA:0.6006 TV:0.5997 VA:1.2236 CE:0.3937
2025-11-30 10:40:47,397 - utils.logger2025-11-30-10.40.09 - INFO - Cur epoch 18 loss TA:0.5739 TV:0.5757 VA:1.1640 CE:0.3687
2025-11-30 10:40:47,846 - utils.logger2025-11-30-10.40.09 - INFO - Cur epoch 18 loss TA:0.6017 TV:0.6211 VA:1.2708 CE:0.4518
2025-11-30 10:40:48,066 - utils.logger2025-11-30-10.40.09 - INFO - saving the model at the end of epoch 18, iters 504
2025-11-30 10:40:48,142 - utils.logger2025-11-30-10.40.09 - INFO - End of training epoch 18 / 40 	 Time Taken: 1 sec
2025-11-30 10:40:48,142 - utils.logger2025-11-30-10.40.09 - INFO - learning rate = 0.0002000
2025-11-30 10:40:48,517 - utils.logger2025-11-30-10.40.09 - INFO - Val result of epoch 18 / 40 acc 0.7679 MAE 0.6998 f1 0.7725
2025-11-30 10:40:48,928 - utils.logger2025-11-30-10.40.09 - INFO - Tst result of epoch 18 / 40 acc 0.7679 MAE 0.6998 f1 0.7725
2025-11-30 10:40:49,349 - utils.logger2025-11-30-10.40.09 - INFO - Cur epoch 19 loss TA:0.5871 TV:0.5888 VA:1.1960 CE:0.5180
2025-11-30 10:40:49,825 - utils.logger2025-11-30-10.40.09 - INFO - Cur epoch 19 loss TA:0.5735 TV:0.5850 VA:1.1711 CE:0.3569
2025-11-30 10:40:50,287 - utils.logger2025-11-30-10.40.09 - INFO - Cur epoch 19 loss TA:0.5960 TV:0.5865 VA:1.1981 CE:0.4918
2025-11-30 10:40:50,421 - utils.logger2025-11-30-10.40.09 - INFO - saving the model at the end of epoch 19, iters 532
2025-11-30 10:40:50,497 - utils.logger2025-11-30-10.40.09 - INFO - End of training epoch 19 / 40 	 Time Taken: 1 sec
2025-11-30 10:40:50,497 - utils.logger2025-11-30-10.40.09 - INFO - learning rate = 0.0002000
2025-11-30 10:40:50,965 - utils.logger2025-11-30-10.40.09 - INFO - Val result of epoch 19 / 40 acc 0.7812 MAE 0.7002 f1 0.7968
2025-11-30 10:40:51,274 - utils.logger2025-11-30-10.40.09 - INFO - Tst result of epoch 19 / 40 acc 0.7812 MAE 0.7002 f1 0.7968
2025-11-30 10:40:51,830 - utils.logger2025-11-30-10.40.09 - INFO - Cur epoch 20 loss TA:0.6066 TV:0.5815 VA:1.1792 CE:0.4450
2025-11-30 10:40:52,297 - utils.logger2025-11-30-10.40.09 - INFO - Cur epoch 20 loss TA:0.5690 TV:0.5840 VA:1.1782 CE:0.4031
2025-11-30 10:40:52,753 - utils.logger2025-11-30-10.40.09 - INFO - Cur epoch 20 loss TA:0.2725 TV:0.3005 VA:0.6041 CE:0.4444
2025-11-30 10:40:52,801 - utils.logger2025-11-30-10.40.09 - INFO - saving the model at the end of epoch 20, iters 560
2025-11-30 10:40:52,871 - utils.logger2025-11-30-10.40.09 - INFO - End of training epoch 20 / 40 	 Time Taken: 1 sec
2025-11-30 10:40:52,872 - utils.logger2025-11-30-10.40.09 - INFO - learning rate = 0.0002000
2025-11-30 10:40:53,174 - utils.logger2025-11-30-10.40.09 - INFO - Val result of epoch 20 / 40 acc 0.7634 MAE 0.7049 f1 0.7776
2025-11-30 10:40:53,467 - utils.logger2025-11-30-10.40.09 - INFO - Tst result of epoch 20 / 40 acc 0.7634 MAE 0.7049 f1 0.7776
2025-11-30 10:40:54,099 - utils.logger2025-11-30-10.40.09 - INFO - Cur epoch 21 loss TA:0.5679 TV:0.5943 VA:1.2153 CE:0.3963
2025-11-30 10:40:54,540 - utils.logger2025-11-30-10.40.09 - INFO - Cur epoch 21 loss TA:0.5729 TV:0.5884 VA:1.1426 CE:0.5109
2025-11-30 10:40:54,942 - utils.logger2025-11-30-10.40.09 - INFO - saving the model at the end of epoch 21, iters 588
2025-11-30 10:40:55,016 - utils.logger2025-11-30-10.40.09 - INFO - End of training epoch 21 / 40 	 Time Taken: 1 sec
2025-11-30 10:40:55,017 - utils.logger2025-11-30-10.40.09 - INFO - learning rate = 0.0002000
2025-11-30 10:40:55,452 - utils.logger2025-11-30-10.40.09 - INFO - Val result of epoch 21 / 40 acc 0.7634 MAE 0.6898 f1 0.7771
2025-11-30 10:40:55,749 - utils.logger2025-11-30-10.40.09 - INFO - Tst result of epoch 21 / 40 acc 0.7634 MAE 0.6898 f1 0.7771
2025-11-30 10:40:55,999 - utils.logger2025-11-30-10.40.09 - INFO - Cur epoch 22 loss TA:0.5769 TV:0.5669 VA:1.1662 CE:0.2667
2025-11-30 10:40:56,450 - utils.logger2025-11-30-10.40.09 - INFO - Cur epoch 22 loss TA:0.6060 TV:0.6025 VA:1.2101 CE:0.3834
2025-11-30 10:40:56,893 - utils.logger2025-11-30-10.40.09 - INFO - Cur epoch 22 loss TA:0.5598 TV:0.5751 VA:1.1448 CE:0.2265
2025-11-30 10:40:57,211 - utils.logger2025-11-30-10.40.09 - INFO - saving the model at the end of epoch 22, iters 616
2025-11-30 10:40:57,282 - utils.logger2025-11-30-10.40.09 - INFO - End of training epoch 22 / 40 	 Time Taken: 1 sec
2025-11-30 10:40:57,283 - utils.logger2025-11-30-10.40.09 - INFO - learning rate = 0.0002000
2025-11-30 10:40:57,596 - utils.logger2025-11-30-10.40.09 - INFO - Val result of epoch 22 / 40 acc 0.7723 MAE 0.6987 f1 0.7870
2025-11-30 10:40:57,908 - utils.logger2025-11-30-10.40.09 - INFO - Tst result of epoch 22 / 40 acc 0.7723 MAE 0.6987 f1 0.7870
2025-11-30 10:40:58,261 - utils.logger2025-11-30-10.40.09 - INFO - Cur epoch 23 loss TA:0.5791 TV:0.5980 VA:1.1665 CE:0.3034
2025-11-30 10:40:58,707 - utils.logger2025-11-30-10.40.09 - INFO - Cur epoch 23 loss TA:0.5490 TV:0.5741 VA:1.1079 CE:0.4416
2025-11-30 10:40:59,160 - utils.logger2025-11-30-10.40.09 - INFO - Cur epoch 23 loss TA:0.5487 TV:0.5678 VA:1.1587 CE:0.3822
2025-11-30 10:40:59,375 - utils.logger2025-11-30-10.40.09 - INFO - saving the model at the end of epoch 23, iters 644
2025-11-30 10:40:59,447 - utils.logger2025-11-30-10.40.09 - INFO - End of training epoch 23 / 40 	 Time Taken: 1 sec
2025-11-30 10:40:59,448 - utils.logger2025-11-30-10.40.09 - INFO - learning rate = 0.0002000
2025-11-30 10:40:59,822 - utils.logger2025-11-30-10.40.09 - INFO - Val result of epoch 23 / 40 acc 0.7500 MAE 0.6767 f1 0.7575
2025-11-30 10:41:00,168 - utils.logger2025-11-30-10.40.09 - INFO - Tst result of epoch 23 / 40 acc 0.7500 MAE 0.6767 f1 0.7575
2025-11-30 10:41:00,610 - utils.logger2025-11-30-10.40.09 - INFO - Cur epoch 24 loss TA:0.5674 TV:0.5683 VA:1.1452 CE:0.3101
2025-11-30 10:41:01,053 - utils.logger2025-11-30-10.40.09 - INFO - Cur epoch 24 loss TA:0.5411 TV:0.5382 VA:1.0722 CE:0.2495
2025-11-30 10:41:01,500 - utils.logger2025-11-30-10.40.09 - INFO - Cur epoch 24 loss TA:0.5332 TV:0.5393 VA:1.0964 CE:0.3350
2025-11-30 10:41:01,627 - utils.logger2025-11-30-10.40.09 - INFO - saving the model at the end of epoch 24, iters 672
2025-11-30 10:41:01,699 - utils.logger2025-11-30-10.40.09 - INFO - End of training epoch 24 / 40 	 Time Taken: 1 sec
2025-11-30 10:41:01,700 - utils.logger2025-11-30-10.40.09 - INFO - learning rate = 0.0002000
2025-11-30 10:41:02,012 - utils.logger2025-11-30-10.40.09 - INFO - Val result of epoch 24 / 40 acc 0.7768 MAE 0.7046 f1 0.7919
2025-11-30 10:41:02,305 - utils.logger2025-11-30-10.40.09 - INFO - Tst result of epoch 24 / 40 acc 0.7768 MAE 0.7046 f1 0.7919
2025-11-30 10:41:02,827 - utils.logger2025-11-30-10.40.09 - INFO - Cur epoch 25 loss TA:0.5450 TV:0.5462 VA:1.0450 CE:0.2975
2025-11-30 10:41:03,280 - utils.logger2025-11-30-10.40.09 - INFO - Cur epoch 25 loss TA:0.5363 TV:0.5438 VA:1.0892 CE:0.3001
2025-11-30 10:41:03,739 - utils.logger2025-11-30-10.40.09 - INFO - Cur epoch 25 loss TA:0.3013 TV:0.2699 VA:0.6604 CE:0.3579
2025-11-30 10:41:03,781 - utils.logger2025-11-30-10.40.09 - INFO - saving the model at the end of epoch 25, iters 700
2025-11-30 10:41:03,856 - utils.logger2025-11-30-10.40.09 - INFO - End of training epoch 25 / 40 	 Time Taken: 1 sec
2025-11-30 10:41:03,857 - utils.logger2025-11-30-10.40.09 - INFO - learning rate = 0.0002000
2025-11-30 10:41:04,152 - utils.logger2025-11-30-10.40.09 - INFO - Val result of epoch 25 / 40 acc 0.7902 MAE 0.7191 f1 0.8136
2025-11-30 10:41:04,445 - utils.logger2025-11-30-10.40.09 - INFO - Tst result of epoch 25 / 40 acc 0.7902 MAE 0.7191 f1 0.8136
2025-11-30 10:41:05,062 - utils.logger2025-11-30-10.40.09 - INFO - Cur epoch 26 loss TA:0.5373 TV:0.5507 VA:1.0717 CE:0.2502
2025-11-30 10:41:05,515 - utils.logger2025-11-30-10.40.09 - INFO - Cur epoch 26 loss TA:0.5423 TV:0.5387 VA:1.0899 CE:0.3466
2025-11-30 10:41:05,925 - utils.logger2025-11-30-10.40.09 - INFO - saving the model at the end of epoch 26, iters 728
2025-11-30 10:41:06,003 - utils.logger2025-11-30-10.40.09 - INFO - End of training epoch 26 / 40 	 Time Taken: 1 sec
2025-11-30 10:41:06,003 - utils.logger2025-11-30-10.40.09 - INFO - learning rate = 0.0002000
2025-11-30 10:41:06,453 - utils.logger2025-11-30-10.40.09 - INFO - Val result of epoch 26 / 40 acc 0.8036 MAE 0.7129 f1 0.8289
2025-11-30 10:41:06,780 - utils.logger2025-11-30-10.40.09 - INFO - Tst result of epoch 26 / 40 acc 0.8036 MAE 0.7129 f1 0.8289
2025-11-30 10:41:07,021 - utils.logger2025-11-30-10.40.09 - INFO - Cur epoch 27 loss TA:0.5372 TV:0.5464 VA:1.0578 CE:0.2713
2025-11-30 10:41:07,486 - utils.logger2025-11-30-10.40.09 - INFO - Cur epoch 27 loss TA:0.5453 TV:0.5630 VA:1.1187 CE:0.2692
2025-11-30 10:41:07,944 - utils.logger2025-11-30-10.40.09 - INFO - Cur epoch 27 loss TA:0.5349 TV:0.5402 VA:1.0896 CE:0.2612
2025-11-30 10:41:08,251 - utils.logger2025-11-30-10.40.09 - INFO - saving the model at the end of epoch 27, iters 756
2025-11-30 10:41:08,322 - utils.logger2025-11-30-10.40.09 - INFO - End of training epoch 27 / 40 	 Time Taken: 1 sec
2025-11-30 10:41:08,322 - utils.logger2025-11-30-10.40.09 - INFO - learning rate = 0.0002000
2025-11-30 10:41:08,630 - utils.logger2025-11-30-10.40.09 - INFO - Val result of epoch 27 / 40 acc 0.7545 MAE 0.6964 f1 0.7727
2025-11-30 10:41:08,909 - utils.logger2025-11-30-10.40.09 - INFO - Tst result of epoch 27 / 40 acc 0.7545 MAE 0.6964 f1 0.7727
2025-11-30 10:41:09,238 - utils.logger2025-11-30-10.40.09 - INFO - Cur epoch 28 loss TA:0.5137 TV:0.5360 VA:1.0638 CE:0.3009
2025-11-30 10:41:09,689 - utils.logger2025-11-30-10.40.09 - INFO - Cur epoch 28 loss TA:0.5286 TV:0.5297 VA:1.0725 CE:0.2413
2025-11-30 10:41:10,138 - utils.logger2025-11-30-10.40.09 - INFO - Cur epoch 28 loss TA:0.5242 TV:0.5346 VA:1.0515 CE:0.1844
2025-11-30 10:41:10,357 - utils.logger2025-11-30-10.40.09 - INFO - saving the model at the end of epoch 28, iters 784
2025-11-30 10:41:10,427 - utils.logger2025-11-30-10.40.09 - INFO - End of training epoch 28 / 40 	 Time Taken: 1 sec
2025-11-30 10:41:10,427 - utils.logger2025-11-30-10.40.09 - INFO - learning rate = 0.0002000
2025-11-30 10:41:10,721 - utils.logger2025-11-30-10.40.09 - INFO - Val result of epoch 28 / 40 acc 0.7500 MAE 0.6945 f1 0.7578
2025-11-30 10:41:10,996 - utils.logger2025-11-30-10.40.09 - INFO - Tst result of epoch 28 / 40 acc 0.7500 MAE 0.6945 f1 0.7578
2025-11-30 10:41:11,429 - utils.logger2025-11-30-10.40.09 - INFO - Cur epoch 29 loss TA:0.5365 TV:0.5534 VA:1.0846 CE:0.2242
2025-11-30 10:41:11,876 - utils.logger2025-11-30-10.40.09 - INFO - Cur epoch 29 loss TA:0.5413 TV:0.5478 VA:1.0771 CE:0.2671
2025-11-30 10:41:12,335 - utils.logger2025-11-30-10.40.09 - INFO - Cur epoch 29 loss TA:0.5297 TV:0.5226 VA:1.0519 CE:0.2715
2025-11-30 10:41:12,461 - utils.logger2025-11-30-10.40.09 - INFO - saving the model at the end of epoch 29, iters 812
2025-11-30 10:41:12,532 - utils.logger2025-11-30-10.40.09 - INFO - End of training epoch 29 / 40 	 Time Taken: 1 sec
2025-11-30 10:41:12,533 - utils.logger2025-11-30-10.40.09 - INFO - learning rate = 0.0002000
2025-11-30 10:41:12,827 - utils.logger2025-11-30-10.40.09 - INFO - Val result of epoch 29 / 40 acc 0.7679 MAE 0.6960 f1 0.7836
2025-11-30 10:41:13,108 - utils.logger2025-11-30-10.40.09 - INFO - Tst result of epoch 29 / 40 acc 0.7679 MAE 0.6960 f1 0.7836
2025-11-30 10:41:13,641 - utils.logger2025-11-30-10.40.09 - INFO - Cur epoch 30 loss TA:0.5414 TV:0.5650 VA:1.1036 CE:0.1877
2025-11-30 10:41:14,087 - utils.logger2025-11-30-10.40.09 - INFO - Cur epoch 30 loss TA:0.5339 TV:0.5505 VA:1.0888 CE:0.2661
2025-11-30 10:41:14,538 - utils.logger2025-11-30-10.40.09 - INFO - Cur epoch 30 loss TA:0.2564 TV:0.2705 VA:0.4711 CE:0.1812
2025-11-30 10:41:14,584 - utils.logger2025-11-30-10.40.09 - INFO - saving the model at the end of epoch 30, iters 840
2025-11-30 10:41:14,657 - utils.logger2025-11-30-10.40.09 - INFO - End of training epoch 30 / 40 	 Time Taken: 1 sec
2025-11-30 10:41:14,657 - utils.logger2025-11-30-10.40.09 - INFO - learning rate = 0.0001818
2025-11-30 10:41:14,958 - utils.logger2025-11-30-10.40.09 - INFO - Val result of epoch 30 / 40 acc 0.7946 MAE 0.7083 f1 0.8131
2025-11-30 10:41:15,243 - utils.logger2025-11-30-10.40.09 - INFO - Tst result of epoch 30 / 40 acc 0.7946 MAE 0.7083 f1 0.8131
2025-11-30 10:41:15,846 - utils.logger2025-11-30-10.40.09 - INFO - Cur epoch 31 loss TA:0.5215 TV:0.5337 VA:1.0523 CE:0.2720
2025-11-30 10:41:16,292 - utils.logger2025-11-30-10.40.09 - INFO - Cur epoch 31 loss TA:0.5196 TV:0.5326 VA:1.0546 CE:0.2003
2025-11-30 10:41:16,680 - utils.logger2025-11-30-10.40.09 - INFO - saving the model at the end of epoch 31, iters 868
2025-11-30 10:41:16,756 - utils.logger2025-11-30-10.40.09 - INFO - End of training epoch 31 / 40 	 Time Taken: 1 sec
2025-11-30 10:41:16,757 - utils.logger2025-11-30-10.40.09 - INFO - learning rate = 0.0001636
2025-11-30 10:41:17,052 - utils.logger2025-11-30-10.40.09 - INFO - Val result of epoch 31 / 40 acc 0.7500 MAE 0.6846 f1 0.7632
2025-11-30 10:41:17,335 - utils.logger2025-11-30-10.40.09 - INFO - Tst result of epoch 31 / 40 acc 0.7500 MAE 0.6846 f1 0.7632
2025-11-30 10:41:17,639 - utils.logger2025-11-30-10.40.09 - INFO - Cur epoch 32 loss TA:0.5107 TV:0.5156 VA:0.9926 CE:0.2320
2025-11-30 10:41:18,092 - utils.logger2025-11-30-10.40.09 - INFO - Cur epoch 32 loss TA:0.5178 TV:0.5201 VA:1.0208 CE:0.3420
2025-11-30 10:41:18,542 - utils.logger2025-11-30-10.40.09 - INFO - Cur epoch 32 loss TA:0.5004 TV:0.5019 VA:1.0136 CE:0.2795
2025-11-30 10:41:18,846 - utils.logger2025-11-30-10.40.09 - INFO - saving the model at the end of epoch 32, iters 896
2025-11-30 10:41:18,921 - utils.logger2025-11-30-10.40.09 - INFO - End of training epoch 32 / 40 	 Time Taken: 1 sec
2025-11-30 10:41:18,921 - utils.logger2025-11-30-10.40.09 - INFO - learning rate = 0.0001455
2025-11-30 10:41:19,252 - utils.logger2025-11-30-10.40.09 - INFO - Val result of epoch 32 / 40 acc 0.7812 MAE 0.7123 f1 0.8028
2025-11-30 10:41:19,554 - utils.logger2025-11-30-10.40.09 - INFO - Tst result of epoch 32 / 40 acc 0.7812 MAE 0.7123 f1 0.8028
2025-11-30 10:41:19,984 - utils.logger2025-11-30-10.40.09 - INFO - Cur epoch 33 loss TA:0.5267 TV:0.5394 VA:1.0739 CE:0.1993
2025-11-30 10:41:20,440 - utils.logger2025-11-30-10.40.09 - INFO - Cur epoch 33 loss TA:0.5191 TV:0.5144 VA:1.0055 CE:0.2408
2025-11-30 10:41:20,890 - utils.logger2025-11-30-10.40.09 - INFO - Cur epoch 33 loss TA:0.5181 TV:0.5235 VA:1.0624 CE:0.2775
2025-11-30 10:41:21,108 - utils.logger2025-11-30-10.40.09 - INFO - saving the model at the end of epoch 33, iters 924
2025-11-30 10:41:21,179 - utils.logger2025-11-30-10.40.09 - INFO - End of training epoch 33 / 40 	 Time Taken: 1 sec
2025-11-30 10:41:21,179 - utils.logger2025-11-30-10.40.09 - INFO - learning rate = 0.0001273
2025-11-30 10:41:21,565 - utils.logger2025-11-30-10.40.09 - INFO - Val result of epoch 33 / 40 acc 0.7857 MAE 0.7098 f1 0.8028
2025-11-30 10:41:21,868 - utils.logger2025-11-30-10.40.09 - INFO - Tst result of epoch 33 / 40 acc 0.7857 MAE 0.7098 f1 0.8028
2025-11-30 10:41:22,318 - utils.logger2025-11-30-10.40.09 - INFO - Cur epoch 34 loss TA:0.5042 TV:0.5242 VA:1.0314 CE:0.1832
2025-11-30 10:41:22,760 - utils.logger2025-11-30-10.40.09 - INFO - Cur epoch 34 loss TA:0.5147 TV:0.5158 VA:1.0265 CE:0.1358
2025-11-30 10:41:23,215 - utils.logger2025-11-30-10.40.09 - INFO - Cur epoch 34 loss TA:0.5127 TV:0.5134 VA:1.0148 CE:0.2526
2025-11-30 10:41:23,347 - utils.logger2025-11-30-10.40.09 - INFO - saving the model at the end of epoch 34, iters 952
2025-11-30 10:41:23,423 - utils.logger2025-11-30-10.40.09 - INFO - End of training epoch 34 / 40 	 Time Taken: 1 sec
2025-11-30 10:41:23,423 - utils.logger2025-11-30-10.40.09 - INFO - learning rate = 0.0001091
2025-11-30 10:41:23,835 - utils.logger2025-11-30-10.40.09 - INFO - Val result of epoch 34 / 40 acc 0.7768 MAE 0.6976 f1 0.7916
2025-11-30 10:41:24,136 - utils.logger2025-11-30-10.40.09 - INFO - Tst result of epoch 34 / 40 acc 0.7768 MAE 0.6976 f1 0.7916
2025-11-30 10:41:24,658 - utils.logger2025-11-30-10.40.09 - INFO - Cur epoch 35 loss TA:0.5108 TV:0.5192 VA:1.0295 CE:0.1581
2025-11-30 10:41:25,117 - utils.logger2025-11-30-10.40.09 - INFO - Cur epoch 35 loss TA:0.5125 TV:0.5171 VA:1.0300 CE:0.1700
2025-11-30 10:41:25,570 - utils.logger2025-11-30-10.40.09 - INFO - Cur epoch 35 loss TA:0.3130 TV:0.2977 VA:0.5687 CE:0.3173
2025-11-30 10:41:25,617 - utils.logger2025-11-30-10.40.09 - INFO - saving the model at the end of epoch 35, iters 980
2025-11-30 10:41:25,686 - utils.logger2025-11-30-10.40.09 - INFO - End of training epoch 35 / 40 	 Time Taken: 1 sec
2025-11-30 10:41:25,687 - utils.logger2025-11-30-10.40.09 - INFO - learning rate = 0.0000909
2025-11-30 10:41:25,980 - utils.logger2025-11-30-10.40.09 - INFO - Val result of epoch 35 / 40 acc 0.8080 MAE 0.7099 f1 0.8251
2025-11-30 10:41:26,261 - utils.logger2025-11-30-10.40.09 - INFO - Tst result of epoch 35 / 40 acc 0.8080 MAE 0.7099 f1 0.8251
2025-11-30 10:41:26,867 - utils.logger2025-11-30-10.40.09 - INFO - Cur epoch 36 loss TA:0.5037 TV:0.5055 VA:1.0056 CE:0.2338
2025-11-30 10:41:27,310 - utils.logger2025-11-30-10.40.09 - INFO - Cur epoch 36 loss TA:0.5014 TV:0.5117 VA:1.0380 CE:0.2084
2025-11-30 10:41:27,701 - utils.logger2025-11-30-10.40.09 - INFO - saving the model at the end of epoch 36, iters 1008
2025-11-30 10:41:27,773 - utils.logger2025-11-30-10.40.09 - INFO - End of training epoch 36 / 40 	 Time Taken: 1 sec
2025-11-30 10:41:27,773 - utils.logger2025-11-30-10.40.09 - INFO - learning rate = 0.0000727
2025-11-30 10:41:28,069 - utils.logger2025-11-30-10.40.09 - INFO - Val result of epoch 36 / 40 acc 0.7991 MAE 0.7123 f1 0.8163
2025-11-30 10:41:28,361 - utils.logger2025-11-30-10.40.09 - INFO - Tst result of epoch 36 / 40 acc 0.7991 MAE 0.7123 f1 0.8163
2025-11-30 10:41:28,730 - utils.logger2025-11-30-10.40.09 - INFO - Cur epoch 37 loss TA:0.5128 TV:0.5163 VA:1.0186 CE:0.2486
2025-11-30 10:41:29,177 - utils.logger2025-11-30-10.40.09 - INFO - Cur epoch 37 loss TA:0.4988 TV:0.5064 VA:0.9797 CE:0.1949
2025-11-30 10:41:29,626 - utils.logger2025-11-30-10.40.09 - INFO - Cur epoch 37 loss TA:0.5294 TV:0.5257 VA:1.0509 CE:0.1859
2025-11-30 10:41:29,926 - utils.logger2025-11-30-10.40.09 - INFO - saving the model at the end of epoch 37, iters 1036
2025-11-30 10:41:29,999 - utils.logger2025-11-30-10.40.09 - INFO - End of training epoch 37 / 40 	 Time Taken: 1 sec
2025-11-30 10:41:29,999 - utils.logger2025-11-30-10.40.09 - INFO - learning rate = 0.0000545
2025-11-30 10:41:30,425 - utils.logger2025-11-30-10.40.09 - INFO - Val result of epoch 37 / 40 acc 0.8036 MAE 0.7158 f1 0.8273
2025-11-30 10:41:30,701 - utils.logger2025-11-30-10.40.09 - INFO - Tst result of epoch 37 / 40 acc 0.8036 MAE 0.7157 f1 0.8273
2025-11-30 10:41:31,114 - utils.logger2025-11-30-10.40.09 - INFO - Cur epoch 38 loss TA:0.5070 TV:0.5091 VA:1.0040 CE:0.1847
2025-11-30 10:41:31,558 - utils.logger2025-11-30-10.40.09 - INFO - Cur epoch 38 loss TA:0.4983 TV:0.5084 VA:1.0004 CE:0.1840
2025-11-30 10:41:32,008 - utils.logger2025-11-30-10.40.09 - INFO - Cur epoch 38 loss TA:0.4716 TV:0.4883 VA:0.9754 CE:0.1874
2025-11-30 10:41:32,219 - utils.logger2025-11-30-10.40.09 - INFO - saving the model at the end of epoch 38, iters 1064
2025-11-30 10:41:32,292 - utils.logger2025-11-30-10.40.09 - INFO - End of training epoch 38 / 40 	 Time Taken: 1 sec
2025-11-30 10:41:32,293 - utils.logger2025-11-30-10.40.09 - INFO - learning rate = 0.0000364
2025-11-30 10:41:32,610 - utils.logger2025-11-30-10.40.09 - INFO - Val result of epoch 38 / 40 acc 0.7812 MAE 0.7089 f1 0.7975
2025-11-30 10:41:33,005 - utils.logger2025-11-30-10.40.09 - INFO - Tst result of epoch 38 / 40 acc 0.7812 MAE 0.7089 f1 0.7975
2025-11-30 10:41:33,446 - utils.logger2025-11-30-10.40.09 - INFO - Cur epoch 39 loss TA:0.4761 TV:0.4799 VA:0.9607 CE:0.1991
2025-11-30 10:41:33,884 - utils.logger2025-11-30-10.40.09 - INFO - Cur epoch 39 loss TA:0.4766 TV:0.4840 VA:0.9686 CE:0.1945
2025-11-30 10:41:34,318 - utils.logger2025-11-30-10.40.09 - INFO - Cur epoch 39 loss TA:0.4847 TV:0.4885 VA:0.9832 CE:0.1447
2025-11-30 10:41:34,444 - utils.logger2025-11-30-10.40.09 - INFO - saving the model at the end of epoch 39, iters 1092
2025-11-30 10:41:34,514 - utils.logger2025-11-30-10.40.09 - INFO - End of training epoch 39 / 40 	 Time Taken: 1 sec
2025-11-30 10:41:34,514 - utils.logger2025-11-30-10.40.09 - INFO - learning rate = 0.0000182
2025-11-30 10:41:34,794 - utils.logger2025-11-30-10.40.09 - INFO - Val result of epoch 39 / 40 acc 0.7768 MAE 0.7047 f1 0.7930
2025-11-30 10:41:35,067 - utils.logger2025-11-30-10.40.09 - INFO - Tst result of epoch 39 / 40 acc 0.7768 MAE 0.7047 f1 0.7930
2025-11-30 10:41:35,567 - utils.logger2025-11-30-10.40.09 - INFO - Cur epoch 40 loss TA:0.4985 TV:0.5033 VA:0.9724 CE:0.1119
2025-11-30 10:41:36,001 - utils.logger2025-11-30-10.40.09 - INFO - Cur epoch 40 loss TA:0.4840 TV:0.4931 VA:0.9857 CE:0.1990
2025-11-30 10:41:36,459 - utils.logger2025-11-30-10.40.09 - INFO - Cur epoch 40 loss TA:0.2090 TV:0.2449 VA:0.5013 CE:0.1684
2025-11-30 10:41:36,506 - utils.logger2025-11-30-10.40.09 - INFO - saving the model at the end of epoch 40, iters 1120
2025-11-30 10:41:36,579 - utils.logger2025-11-30-10.40.09 - INFO - End of training epoch 40 / 40 	 Time Taken: 1 sec
2025-11-30 10:41:36,579 - utils.logger2025-11-30-10.40.09 - INFO - learning rate = 0.0000000
2025-11-30 10:41:36,937 - utils.logger2025-11-30-10.40.09 - INFO - Val result of epoch 40 / 40 acc 0.7723 MAE 0.7037 f1 0.7881
2025-11-30 10:41:37,261 - utils.logger2025-11-30-10.40.09 - INFO - Tst result of epoch 40 / 40 acc 0.7723 MAE 0.7037 f1 0.7881
2025-11-30 10:41:37,261 - utils.logger2025-11-30-10.40.09 - INFO - Best eval epoch 6 found with f1 0.835844
