2026-03-03 20:10:30,515 - utils.logger2026-03-03-20.10.24 - INFO - The number of training samples = 1750
2026-03-03 20:10:30,516 - utils.logger2026-03-03-20.10.24 - INFO - The number of testing samples = 1344
2026-03-03 20:10:33,326 - utils.logger2026-03-03-20.10.24 - INFO - Cur epoch 1 loss CE:3.4760 mse:2.9232 consistent:4.4316
2026-03-03 20:10:33,878 - utils.logger2026-03-03-20.10.24 - INFO - Cur epoch 1 loss CE:3.0169 mse:1.0873 consistent:4.2520
2026-03-03 20:10:34,498 - utils.logger2026-03-03-20.10.24 - INFO - saving the model at the end of epoch 1, iters 28
2026-03-03 20:10:34,632 - utils.logger2026-03-03-20.10.24 - INFO - End of training epoch 1 / 40 	 Time Taken: 3 sec
2026-03-03 20:10:34,632 - utils.logger2026-03-03-20.10.24 - INFO - learning rate = 0.0002000
2026-03-03 20:10:36,387 - utils.logger2026-03-03-20.10.24 - INFO - Val result of epoch 1 / 40 mae 1.1651 corr 0.2611 f1 0.6499
2026-03-03 20:10:38,132 - utils.logger2026-03-03-20.10.24 - INFO - Tst result of epoch 1 / 40 mae 1.2996 corr 0.2797 f1 0.6706
2026-03-03 20:10:39,265 - utils.logger2026-03-03-20.10.24 - INFO - Cur epoch 2 loss CE:2.5931 mse:0.9201 consistent:4.1242
2026-03-03 20:10:39,839 - utils.logger2026-03-03-20.10.24 - INFO - Cur epoch 2 loss CE:2.9061 mse:0.8661 consistent:3.8064
2026-03-03 20:10:40,350 - utils.logger2026-03-03-20.10.24 - INFO - Cur epoch 2 loss CE:2.4953 mse:0.7307 consistent:3.8392
2026-03-03 20:10:40,814 - utils.logger2026-03-03-20.10.24 - INFO - saving the model at the end of epoch 2, iters 56
2026-03-03 20:10:40,935 - utils.logger2026-03-03-20.10.24 - INFO - End of training epoch 2 / 40 	 Time Taken: 2 sec
2026-03-03 20:10:40,936 - utils.logger2026-03-03-20.10.24 - INFO - learning rate = 0.0002000
2026-03-03 20:10:42,684 - utils.logger2026-03-03-20.10.24 - INFO - Val result of epoch 2 / 40 mae 1.1453 corr 0.3369 f1 0.6114
2026-03-03 20:10:44,433 - utils.logger2026-03-03-20.10.24 - INFO - Tst result of epoch 2 / 40 mae 1.2670 corr 0.4134 f1 0.6259
2026-03-03 20:10:45,669 - utils.logger2026-03-03-20.10.24 - INFO - Cur epoch 3 loss CE:2.4385 mse:0.5250 consistent:3.2891
2026-03-03 20:10:46,205 - utils.logger2026-03-03-20.10.24 - INFO - Cur epoch 3 loss CE:2.6970 mse:0.5780 consistent:3.3893
2026-03-03 20:10:46,828 - utils.logger2026-03-03-20.10.24 - INFO - Cur epoch 3 loss CE:2.3354 mse:0.4438 consistent:3.3169
2026-03-03 20:10:47,183 - utils.logger2026-03-03-20.10.24 - INFO - saving the model at the end of epoch 3, iters 84
2026-03-03 20:10:47,302 - utils.logger2026-03-03-20.10.24 - INFO - End of training epoch 3 / 40 	 Time Taken: 2 sec
2026-03-03 20:10:47,302 - utils.logger2026-03-03-20.10.24 - INFO - learning rate = 0.0002000
2026-03-03 20:10:49,044 - utils.logger2026-03-03-20.10.24 - INFO - Val result of epoch 3 / 40 mae 1.1149 corr 0.3390 f1 0.6705
2026-03-03 20:10:50,858 - utils.logger2026-03-03-20.10.24 - INFO - Tst result of epoch 3 / 40 mae 1.2015 corr 0.3864 f1 0.6845
2026-03-03 20:10:52,373 - utils.logger2026-03-03-20.10.24 - INFO - Cur epoch 4 loss CE:2.1231 mse:0.4632 consistent:2.8849
2026-03-03 20:10:52,951 - utils.logger2026-03-03-20.10.24 - INFO - Cur epoch 4 loss CE:2.1062 mse:0.3525 consistent:2.5396
2026-03-03 20:10:53,505 - utils.logger2026-03-03-20.10.24 - INFO - Cur epoch 4 loss CE:2.0861 mse:0.4045 consistent:2.9076
2026-03-03 20:10:53,751 - utils.logger2026-03-03-20.10.24 - INFO - saving the model at the end of epoch 4, iters 112
2026-03-03 20:10:53,887 - utils.logger2026-03-03-20.10.24 - INFO - End of training epoch 4 / 40 	 Time Taken: 3 sec
2026-03-03 20:10:53,887 - utils.logger2026-03-03-20.10.24 - INFO - learning rate = 0.0002000
2026-03-03 20:10:55,700 - utils.logger2026-03-03-20.10.24 - INFO - Val result of epoch 4 / 40 mae 1.0818 corr 0.4376 f1 0.6946
2026-03-03 20:10:57,510 - utils.logger2026-03-03-20.10.24 - INFO - Tst result of epoch 4 / 40 mae 1.1669 corr 0.5055 f1 0.7077
2026-03-03 20:10:59,109 - utils.logger2026-03-03-20.10.24 - INFO - Cur epoch 5 loss CE:2.4722 mse:0.3737 consistent:2.4267
2026-03-03 20:10:59,737 - utils.logger2026-03-03-20.10.24 - INFO - Cur epoch 5 loss CE:1.8504 mse:0.3126 consistent:2.0781
2026-03-03 20:11:00,378 - utils.logger2026-03-03-20.10.24 - INFO - Cur epoch 5 loss CE:1.4211 mse:0.3160 consistent:1.7620
2026-03-03 20:11:00,519 - utils.logger2026-03-03-20.10.24 - INFO - saving the model at the end of epoch 5, iters 140
2026-03-03 20:11:00,668 - utils.logger2026-03-03-20.10.24 - INFO - End of training epoch 5 / 40 	 Time Taken: 3 sec
2026-03-03 20:11:00,669 - utils.logger2026-03-03-20.10.24 - INFO - learning rate = 0.0002000
2026-03-03 20:11:02,464 - utils.logger2026-03-03-20.10.24 - INFO - Val result of epoch 5 / 40 mae 1.0332 corr 0.4609 f1 0.6488
2026-03-03 20:11:04,289 - utils.logger2026-03-03-20.10.24 - INFO - Tst result of epoch 5 / 40 mae 1.1167 corr 0.5118 f1 0.6613
2026-03-03 20:11:05,940 - utils.logger2026-03-03-20.10.24 - INFO - Cur epoch 6 loss CE:1.5360 mse:0.3311 consistent:1.5041
2026-03-03 20:11:06,531 - utils.logger2026-03-03-20.10.24 - INFO - Cur epoch 6 loss CE:1.8374 mse:0.3024 consistent:1.1891
2026-03-03 20:11:07,179 - utils.logger2026-03-03-20.10.24 - INFO - saving the model at the end of epoch 6, iters 168
2026-03-03 20:11:07,314 - utils.logger2026-03-03-20.10.24 - INFO - End of training epoch 6 / 40 	 Time Taken: 3 sec
2026-03-03 20:11:07,315 - utils.logger2026-03-03-20.10.24 - INFO - learning rate = 0.0002000
2026-03-03 20:11:09,065 - utils.logger2026-03-03-20.10.24 - INFO - Val result of epoch 6 / 40 mae 1.0395 corr 0.4487 f1 0.6589
2026-03-03 20:11:10,939 - utils.logger2026-03-03-20.10.24 - INFO - Tst result of epoch 6 / 40 mae 1.1092 corr 0.5199 f1 0.6849
2026-03-03 20:11:12,081 - utils.logger2026-03-03-20.10.24 - INFO - Cur epoch 7 loss CE:2.0811 mse:0.3766 consistent:1.0850
2026-03-03 20:11:12,702 - utils.logger2026-03-03-20.10.24 - INFO - Cur epoch 7 loss CE:1.9783 mse:0.2828 consistent:0.9411
2026-03-03 20:11:13,304 - utils.logger2026-03-03-20.10.24 - INFO - Cur epoch 7 loss CE:2.0378 mse:0.3361 consistent:1.0018
2026-03-03 20:11:13,827 - utils.logger2026-03-03-20.10.24 - INFO - saving the model at the end of epoch 7, iters 196
2026-03-03 20:11:13,957 - utils.logger2026-03-03-20.10.24 - INFO - End of training epoch 7 / 40 	 Time Taken: 3 sec
2026-03-03 20:11:13,957 - utils.logger2026-03-03-20.10.24 - INFO - learning rate = 0.0002000
2026-03-03 20:11:15,723 - utils.logger2026-03-03-20.10.24 - INFO - Val result of epoch 7 / 40 mae 1.0380 corr 0.4406 f1 0.6637
2026-03-03 20:11:17,490 - utils.logger2026-03-03-20.10.24 - INFO - Tst result of epoch 7 / 40 mae 1.0994 corr 0.5090 f1 0.6797
2026-03-03 20:11:18,809 - utils.logger2026-03-03-20.10.24 - INFO - Cur epoch 8 loss CE:1.8936 mse:0.3090 consistent:0.8995
2026-03-03 20:11:19,447 - utils.logger2026-03-03-20.10.24 - INFO - Cur epoch 8 loss CE:1.6259 mse:0.2927 consistent:0.8759
2026-03-03 20:11:20,045 - utils.logger2026-03-03-20.10.24 - INFO - Cur epoch 8 loss CE:1.5408 mse:0.4540 consistent:0.8845
2026-03-03 20:11:20,426 - utils.logger2026-03-03-20.10.24 - INFO - saving the model at the end of epoch 8, iters 224
2026-03-03 20:11:20,554 - utils.logger2026-03-03-20.10.24 - INFO - End of training epoch 8 / 40 	 Time Taken: 3 sec
2026-03-03 20:11:20,554 - utils.logger2026-03-03-20.10.24 - INFO - learning rate = 0.0002000
2026-03-03 20:11:22,300 - utils.logger2026-03-03-20.10.24 - INFO - Val result of epoch 8 / 40 mae 1.0482 corr 0.4385 f1 0.6526
2026-03-03 20:11:24,058 - utils.logger2026-03-03-20.10.24 - INFO - Tst result of epoch 8 / 40 mae 1.1137 corr 0.5141 f1 0.6759
2026-03-03 20:11:25,500 - utils.logger2026-03-03-20.10.24 - INFO - Cur epoch 9 loss CE:1.4201 mse:0.2513 consistent:0.8502
2026-03-03 20:11:26,036 - utils.logger2026-03-03-20.10.24 - INFO - Cur epoch 9 loss CE:1.3920 mse:0.2114 consistent:0.7841
2026-03-03 20:11:26,565 - utils.logger2026-03-03-20.10.24 - INFO - Cur epoch 9 loss CE:1.5538 mse:0.2907 consistent:0.8495
2026-03-03 20:11:26,807 - utils.logger2026-03-03-20.10.24 - INFO - saving the model at the end of epoch 9, iters 252
2026-03-03 20:11:26,950 - utils.logger2026-03-03-20.10.24 - INFO - End of training epoch 9 / 40 	 Time Taken: 2 sec
2026-03-03 20:11:26,950 - utils.logger2026-03-03-20.10.24 - INFO - learning rate = 0.0002000
2026-03-03 20:11:28,755 - utils.logger2026-03-03-20.10.24 - INFO - Val result of epoch 9 / 40 mae 1.0398 corr 0.4441 f1 0.6360
2026-03-03 20:11:30,543 - utils.logger2026-03-03-20.10.24 - INFO - Tst result of epoch 9 / 40 mae 1.0998 corr 0.5118 f1 0.6566
2026-03-03 20:11:31,981 - utils.logger2026-03-03-20.10.24 - INFO - Cur epoch 10 loss CE:1.7953 mse:0.2505 consistent:0.8395
2026-03-03 20:11:32,529 - utils.logger2026-03-03-20.10.24 - INFO - Cur epoch 10 loss CE:1.5524 mse:0.2576 consistent:0.8208
2026-03-03 20:11:33,054 - utils.logger2026-03-03-20.10.24 - INFO - Cur epoch 10 loss CE:1.7129 mse:0.3035 consistent:0.8180
2026-03-03 20:11:33,193 - utils.logger2026-03-03-20.10.24 - INFO - saving the model at the end of epoch 10, iters 280
2026-03-03 20:11:33,322 - utils.logger2026-03-03-20.10.24 - INFO - End of training epoch 10 / 40 	 Time Taken: 2 sec
2026-03-03 20:11:33,322 - utils.logger2026-03-03-20.10.24 - INFO - learning rate = 0.0002000
2026-03-03 20:11:35,040 - utils.logger2026-03-03-20.10.24 - INFO - Val result of epoch 10 / 40 mae 1.0283 corr 0.4538 f1 0.6259
2026-03-03 20:11:36,807 - utils.logger2026-03-03-20.10.24 - INFO - Tst result of epoch 10 / 40 mae 1.0857 corr 0.5146 f1 0.6620
2026-03-03 20:11:38,407 - utils.logger2026-03-03-20.10.24 - INFO - Cur epoch 11 loss CE:1.7556 mse:0.2608 consistent:0.8103
2026-03-03 20:11:38,942 - utils.logger2026-03-03-20.10.24 - INFO - Cur epoch 11 loss CE:1.4900 mse:0.3195 consistent:0.8134
2026-03-03 20:11:39,506 - utils.logger2026-03-03-20.10.24 - INFO - saving the model at the end of epoch 11, iters 308
2026-03-03 20:11:39,644 - utils.logger2026-03-03-20.10.24 - INFO - End of training epoch 11 / 40 	 Time Taken: 2 sec
2026-03-03 20:11:39,644 - utils.logger2026-03-03-20.10.24 - INFO - learning rate = 0.0002000
2026-03-03 20:11:41,458 - utils.logger2026-03-03-20.10.24 - INFO - Val result of epoch 11 / 40 mae 1.0337 corr 0.4447 f1 0.6787
2026-03-03 20:11:43,216 - utils.logger2026-03-03-20.10.24 - INFO - Tst result of epoch 11 / 40 mae 1.0920 corr 0.5018 f1 0.6979
2026-03-03 20:11:44,365 - utils.logger2026-03-03-20.10.24 - INFO - Cur epoch 12 loss CE:1.6801 mse:0.3206 consistent:0.8094
2026-03-03 20:11:44,908 - utils.logger2026-03-03-20.10.24 - INFO - Cur epoch 12 loss CE:1.6329 mse:0.2743 consistent:0.7763
2026-03-03 20:11:45,418 - utils.logger2026-03-03-20.10.24 - INFO - Cur epoch 12 loss CE:1.7708 mse:0.2595 consistent:0.7828
2026-03-03 20:11:45,885 - utils.logger2026-03-03-20.10.24 - INFO - saving the model at the end of epoch 12, iters 336
2026-03-03 20:11:46,008 - utils.logger2026-03-03-20.10.24 - INFO - End of training epoch 12 / 40 	 Time Taken: 2 sec
2026-03-03 20:11:46,008 - utils.logger2026-03-03-20.10.24 - INFO - learning rate = 0.0002000
2026-03-03 20:11:47,780 - utils.logger2026-03-03-20.10.24 - INFO - Val result of epoch 12 / 40 mae 1.0394 corr 0.4708 f1 0.6619
2026-03-03 20:11:49,615 - utils.logger2026-03-03-20.10.24 - INFO - Tst result of epoch 12 / 40 mae 1.0993 corr 0.5281 f1 0.6873
2026-03-03 20:11:50,934 - utils.logger2026-03-03-20.10.24 - INFO - Cur epoch 13 loss CE:1.0774 mse:0.2313 consistent:0.7524
2026-03-03 20:11:51,614 - utils.logger2026-03-03-20.10.24 - INFO - Cur epoch 13 loss CE:1.5844 mse:0.2732 consistent:0.7490
2026-03-03 20:11:52,228 - utils.logger2026-03-03-20.10.24 - INFO - Cur epoch 13 loss CE:1.5135 mse:0.2551 consistent:0.7675
2026-03-03 20:11:52,636 - utils.logger2026-03-03-20.10.24 - INFO - saving the model at the end of epoch 13, iters 364
2026-03-03 20:11:52,778 - utils.logger2026-03-03-20.10.24 - INFO - End of training epoch 13 / 40 	 Time Taken: 3 sec
2026-03-03 20:11:52,778 - utils.logger2026-03-03-20.10.24 - INFO - learning rate = 0.0002000
2026-03-03 20:11:54,613 - utils.logger2026-03-03-20.10.24 - INFO - Val result of epoch 13 / 40 mae 1.0176 corr 0.4674 f1 0.6886
2026-03-03 20:11:56,483 - utils.logger2026-03-03-20.10.24 - INFO - Tst result of epoch 13 / 40 mae 1.0777 corr 0.5178 f1 0.7077
2026-03-03 20:11:57,942 - utils.logger2026-03-03-20.10.24 - INFO - Cur epoch 14 loss CE:1.7447 mse:0.2440 consistent:0.6647
2026-03-03 20:11:58,553 - utils.logger2026-03-03-20.10.24 - INFO - Cur epoch 14 loss CE:1.7713 mse:0.2815 consistent:0.7605
2026-03-03 20:11:59,156 - utils.logger2026-03-03-20.10.24 - INFO - Cur epoch 14 loss CE:1.3968 mse:0.2339 consistent:0.6710
2026-03-03 20:11:59,409 - utils.logger2026-03-03-20.10.24 - INFO - saving the model at the end of epoch 14, iters 392
2026-03-03 20:11:59,546 - utils.logger2026-03-03-20.10.24 - INFO - End of training epoch 14 / 40 	 Time Taken: 3 sec
2026-03-03 20:11:59,546 - utils.logger2026-03-03-20.10.24 - INFO - learning rate = 0.0002000
2026-03-03 20:12:01,287 - utils.logger2026-03-03-20.10.24 - INFO - Val result of epoch 14 / 40 mae 1.0258 corr 0.4553 f1 0.6775
2026-03-03 20:12:03,041 - utils.logger2026-03-03-20.10.24 - INFO - Tst result of epoch 14 / 40 mae 1.0910 corr 0.5105 f1 0.6831
2026-03-03 20:12:04,559 - utils.logger2026-03-03-20.10.24 - INFO - Cur epoch 15 loss CE:1.3674 mse:0.2664 consistent:0.7271
2026-03-03 20:12:05,115 - utils.logger2026-03-03-20.10.24 - INFO - Cur epoch 15 loss CE:1.0299 mse:0.1953 consistent:0.7475
2026-03-03 20:12:05,739 - utils.logger2026-03-03-20.10.24 - INFO - Cur epoch 15 loss CE:1.5692 mse:0.2901 consistent:0.8001
2026-03-03 20:12:05,897 - utils.logger2026-03-03-20.10.24 - INFO - saving the model at the end of epoch 15, iters 420
2026-03-03 20:12:06,024 - utils.logger2026-03-03-20.10.24 - INFO - End of training epoch 15 / 40 	 Time Taken: 2 sec
2026-03-03 20:12:06,024 - utils.logger2026-03-03-20.10.24 - INFO - learning rate = 0.0002000
2026-03-03 20:12:07,863 - utils.logger2026-03-03-20.10.24 - INFO - Val result of epoch 15 / 40 mae 1.0346 corr 0.4502 f1 0.6706
2026-03-03 20:12:09,641 - utils.logger2026-03-03-20.10.24 - INFO - Tst result of epoch 15 / 40 mae 1.0979 corr 0.5176 f1 0.6824
2026-03-03 20:12:11,275 - utils.logger2026-03-03-20.10.24 - INFO - Cur epoch 16 loss CE:2.2870 mse:0.3129 consistent:0.6260
2026-03-03 20:12:11,855 - utils.logger2026-03-03-20.10.24 - INFO - Cur epoch 16 loss CE:1.4064 mse:0.2158 consistent:0.6693
2026-03-03 20:12:12,453 - utils.logger2026-03-03-20.10.24 - INFO - saving the model at the end of epoch 16, iters 448
2026-03-03 20:12:12,577 - utils.logger2026-03-03-20.10.24 - INFO - End of training epoch 16 / 40 	 Time Taken: 2 sec
2026-03-03 20:12:12,577 - utils.logger2026-03-03-20.10.24 - INFO - learning rate = 0.0002000
2026-03-03 20:12:14,349 - utils.logger2026-03-03-20.10.24 - INFO - Val result of epoch 16 / 40 mae 1.0419 corr 0.4304 f1 0.6649
2026-03-03 20:12:16,138 - utils.logger2026-03-03-20.10.24 - INFO - Tst result of epoch 16 / 40 mae 1.0926 corr 0.5015 f1 0.7014
2026-03-03 20:12:17,304 - utils.logger2026-03-03-20.10.24 - INFO - Cur epoch 17 loss CE:1.3216 mse:0.2060 consistent:0.7124
2026-03-03 20:12:17,933 - utils.logger2026-03-03-20.10.24 - INFO - Cur epoch 17 loss CE:1.5010 mse:0.2537 consistent:0.6737
2026-03-03 20:12:18,556 - utils.logger2026-03-03-20.10.24 - INFO - Cur epoch 17 loss CE:1.6386 mse:0.2445 consistent:0.6726
2026-03-03 20:12:19,087 - utils.logger2026-03-03-20.10.24 - INFO - saving the model at the end of epoch 17, iters 476
2026-03-03 20:12:19,244 - utils.logger2026-03-03-20.10.24 - INFO - End of training epoch 17 / 40 	 Time Taken: 3 sec
2026-03-03 20:12:19,245 - utils.logger2026-03-03-20.10.24 - INFO - learning rate = 0.0002000
2026-03-03 20:12:21,041 - utils.logger2026-03-03-20.10.24 - INFO - Val result of epoch 17 / 40 mae 1.0452 corr 0.4446 f1 0.6904
2026-03-03 20:12:22,837 - utils.logger2026-03-03-20.10.24 - INFO - Tst result of epoch 17 / 40 mae 1.0957 corr 0.5304 f1 0.7007
2026-03-03 20:12:24,085 - utils.logger2026-03-03-20.10.24 - INFO - Cur epoch 18 loss CE:1.5777 mse:0.2739 consistent:0.7388
2026-03-03 20:12:24,614 - utils.logger2026-03-03-20.10.24 - INFO - Cur epoch 18 loss CE:1.8041 mse:0.2900 consistent:0.7323
2026-03-03 20:12:25,126 - utils.logger2026-03-03-20.10.24 - INFO - Cur epoch 18 loss CE:1.3727 mse:0.2544 consistent:0.8378
2026-03-03 20:12:25,472 - utils.logger2026-03-03-20.10.24 - INFO - saving the model at the end of epoch 18, iters 504
2026-03-03 20:12:25,602 - utils.logger2026-03-03-20.10.24 - INFO - End of training epoch 18 / 40 	 Time Taken: 2 sec
2026-03-03 20:12:25,603 - utils.logger2026-03-03-20.10.24 - INFO - learning rate = 0.0002000
2026-03-03 20:12:27,358 - utils.logger2026-03-03-20.10.24 - INFO - Val result of epoch 18 / 40 mae 1.0503 corr 0.4611 f1 0.6603
2026-03-03 20:12:29,096 - utils.logger2026-03-03-20.10.24 - INFO - Tst result of epoch 18 / 40 mae 1.1051 corr 0.5390 f1 0.7031
2026-03-03 20:12:30,488 - utils.logger2026-03-03-20.10.24 - INFO - Cur epoch 19 loss CE:1.5496 mse:0.2357 consistent:0.7136
2026-03-03 20:12:31,031 - utils.logger2026-03-03-20.10.24 - INFO - Cur epoch 19 loss CE:1.8765 mse:0.2922 consistent:0.6889
2026-03-03 20:12:31,581 - utils.logger2026-03-03-20.10.24 - INFO - Cur epoch 19 loss CE:1.2533 mse:0.2327 consistent:0.7180
2026-03-03 20:12:31,825 - utils.logger2026-03-03-20.10.24 - INFO - saving the model at the end of epoch 19, iters 532
2026-03-03 20:12:31,956 - utils.logger2026-03-03-20.10.24 - INFO - End of training epoch 19 / 40 	 Time Taken: 2 sec
2026-03-03 20:12:31,957 - utils.logger2026-03-03-20.10.24 - INFO - learning rate = 0.0002000
2026-03-03 20:12:33,667 - utils.logger2026-03-03-20.10.24 - INFO - Val result of epoch 19 / 40 mae 1.0412 corr 0.4438 f1 0.6479
2026-03-03 20:12:35,405 - utils.logger2026-03-03-20.10.24 - INFO - Tst result of epoch 19 / 40 mae 1.1072 corr 0.4997 f1 0.6974
2026-03-03 20:12:36,872 - utils.logger2026-03-03-20.10.24 - INFO - Cur epoch 20 loss CE:1.4224 mse:0.2595 consistent:0.6576
2026-03-03 20:12:37,384 - utils.logger2026-03-03-20.10.24 - INFO - Cur epoch 20 loss CE:1.7890 mse:0.2671 consistent:0.6812
2026-03-03 20:12:37,910 - utils.logger2026-03-03-20.10.24 - INFO - Cur epoch 20 loss CE:1.3788 mse:0.2140 consistent:0.7046
2026-03-03 20:12:38,046 - utils.logger2026-03-03-20.10.24 - INFO - saving the model at the end of epoch 20, iters 560
2026-03-03 20:12:38,173 - utils.logger2026-03-03-20.10.24 - INFO - End of training epoch 20 / 40 	 Time Taken: 2 sec
2026-03-03 20:12:38,174 - utils.logger2026-03-03-20.10.24 - INFO - learning rate = 0.0001905
2026-03-03 20:12:39,894 - utils.logger2026-03-03-20.10.24 - INFO - Val result of epoch 20 / 40 mae 1.0374 corr 0.4567 f1 0.6981
2026-03-03 20:12:41,651 - utils.logger2026-03-03-20.10.24 - INFO - Tst result of epoch 20 / 40 mae 1.0897 corr 0.5316 f1 0.7052
2026-03-03 20:12:43,207 - utils.logger2026-03-03-20.10.24 - INFO - Cur epoch 21 loss CE:1.6988 mse:0.2466 consistent:0.6741
2026-03-03 20:12:43,715 - utils.logger2026-03-03-20.10.24 - INFO - Cur epoch 21 loss CE:1.5879 mse:0.2373 consistent:0.7029
2026-03-03 20:12:44,318 - utils.logger2026-03-03-20.10.24 - INFO - saving the model at the end of epoch 21, iters 588
2026-03-03 20:12:44,440 - utils.logger2026-03-03-20.10.24 - INFO - End of training epoch 21 / 40 	 Time Taken: 2 sec
2026-03-03 20:12:44,440 - utils.logger2026-03-03-20.10.24 - INFO - learning rate = 0.0001810
2026-03-03 20:12:46,115 - utils.logger2026-03-03-20.10.24 - INFO - Val result of epoch 21 / 40 mae 1.0267 corr 0.4544 f1 0.6744
2026-03-03 20:12:47,826 - utils.logger2026-03-03-20.10.24 - INFO - Tst result of epoch 21 / 40 mae 1.0788 corr 0.5329 f1 0.6904
2026-03-03 20:12:48,976 - utils.logger2026-03-03-20.10.24 - INFO - Cur epoch 22 loss CE:1.6317 mse:0.2741 consistent:0.7252
2026-03-03 20:12:49,519 - utils.logger2026-03-03-20.10.24 - INFO - Cur epoch 22 loss CE:1.2958 mse:0.2207 consistent:0.7192
2026-03-03 20:12:50,073 - utils.logger2026-03-03-20.10.24 - INFO - Cur epoch 22 loss CE:1.4973 mse:0.2396 consistent:0.6370
2026-03-03 20:12:50,575 - utils.logger2026-03-03-20.10.24 - INFO - saving the model at the end of epoch 22, iters 616
2026-03-03 20:12:50,697 - utils.logger2026-03-03-20.10.24 - INFO - End of training epoch 22 / 40 	 Time Taken: 2 sec
2026-03-03 20:12:50,697 - utils.logger2026-03-03-20.10.24 - INFO - learning rate = 0.0001714
2026-03-03 20:12:52,539 - utils.logger2026-03-03-20.10.24 - INFO - Val result of epoch 22 / 40 mae 1.0233 corr 0.4648 f1 0.6933
2026-03-03 20:12:54,319 - utils.logger2026-03-03-20.10.24 - INFO - Tst result of epoch 22 / 40 mae 1.0788 corr 0.5321 f1 0.7074
2026-03-03 20:12:55,621 - utils.logger2026-03-03-20.10.24 - INFO - Cur epoch 23 loss CE:1.5153 mse:0.2606 consistent:0.6904
2026-03-03 20:12:56,202 - utils.logger2026-03-03-20.10.24 - INFO - Cur epoch 23 loss CE:1.4144 mse:0.2412 consistent:0.6528
2026-03-03 20:12:56,804 - utils.logger2026-03-03-20.10.24 - INFO - Cur epoch 23 loss CE:1.5231 mse:0.2767 consistent:0.6816
2026-03-03 20:12:57,186 - utils.logger2026-03-03-20.10.24 - INFO - saving the model at the end of epoch 23, iters 644
2026-03-03 20:12:57,314 - utils.logger2026-03-03-20.10.24 - INFO - End of training epoch 23 / 40 	 Time Taken: 2 sec
2026-03-03 20:12:57,314 - utils.logger2026-03-03-20.10.24 - INFO - learning rate = 0.0001619
2026-03-03 20:12:59,114 - utils.logger2026-03-03-20.10.24 - INFO - Val result of epoch 23 / 40 mae 1.0444 corr 0.4514 f1 0.6683
2026-03-03 20:13:00,928 - utils.logger2026-03-03-20.10.24 - INFO - Tst result of epoch 23 / 40 mae 1.1021 corr 0.5317 f1 0.6780
2026-03-03 20:13:02,333 - utils.logger2026-03-03-20.10.24 - INFO - Cur epoch 24 loss CE:1.1556 mse:0.2123 consistent:0.5942
2026-03-03 20:13:02,936 - utils.logger2026-03-03-20.10.24 - INFO - Cur epoch 24 loss CE:1.5354 mse:0.2754 consistent:0.6659
2026-03-03 20:13:03,544 - utils.logger2026-03-03-20.10.24 - INFO - Cur epoch 24 loss CE:1.3665 mse:0.2338 consistent:0.6823
2026-03-03 20:13:03,812 - utils.logger2026-03-03-20.10.24 - INFO - saving the model at the end of epoch 24, iters 672
2026-03-03 20:13:03,938 - utils.logger2026-03-03-20.10.24 - INFO - End of training epoch 24 / 40 	 Time Taken: 3 sec
2026-03-03 20:13:03,938 - utils.logger2026-03-03-20.10.24 - INFO - learning rate = 0.0001524
2026-03-03 20:13:05,702 - utils.logger2026-03-03-20.10.24 - INFO - Val result of epoch 24 / 40 mae 1.0427 corr 0.4583 f1 0.6617
2026-03-03 20:13:07,488 - utils.logger2026-03-03-20.10.24 - INFO - Tst result of epoch 24 / 40 mae 1.0964 corr 0.5299 f1 0.6888
2026-03-03 20:13:09,067 - utils.logger2026-03-03-20.10.24 - INFO - Cur epoch 25 loss CE:1.3565 mse:0.1986 consistent:0.6278
2026-03-03 20:13:09,703 - utils.logger2026-03-03-20.10.24 - INFO - Cur epoch 25 loss CE:1.1934 mse:0.2141 consistent:0.6508
2026-03-03 20:13:10,327 - utils.logger2026-03-03-20.10.24 - INFO - Cur epoch 25 loss CE:1.8485 mse:0.3189 consistent:0.6929
2026-03-03 20:13:10,486 - utils.logger2026-03-03-20.10.24 - INFO - saving the model at the end of epoch 25, iters 700
2026-03-03 20:13:10,617 - utils.logger2026-03-03-20.10.24 - INFO - End of training epoch 25 / 40 	 Time Taken: 3 sec
2026-03-03 20:13:10,617 - utils.logger2026-03-03-20.10.24 - INFO - learning rate = 0.0001429
2026-03-03 20:13:12,385 - utils.logger2026-03-03-20.10.24 - INFO - Val result of epoch 25 / 40 mae 1.0363 corr 0.4553 f1 0.6833
2026-03-03 20:13:14,246 - utils.logger2026-03-03-20.10.24 - INFO - Tst result of epoch 25 / 40 mae 1.0893 corr 0.5225 f1 0.7092
2026-03-03 20:13:15,853 - utils.logger2026-03-03-20.10.24 - INFO - Cur epoch 26 loss CE:1.3186 mse:0.2399 consistent:0.6714
2026-03-03 20:13:16,438 - utils.logger2026-03-03-20.10.24 - INFO - Cur epoch 26 loss CE:1.0766 mse:0.2271 consistent:0.6569
2026-03-03 20:13:17,123 - utils.logger2026-03-03-20.10.24 - INFO - saving the model at the end of epoch 26, iters 728
2026-03-03 20:13:17,284 - utils.logger2026-03-03-20.10.24 - INFO - End of training epoch 26 / 40 	 Time Taken: 3 sec
2026-03-03 20:13:17,284 - utils.logger2026-03-03-20.10.24 - INFO - learning rate = 0.0001333
2026-03-03 20:13:19,109 - utils.logger2026-03-03-20.10.24 - INFO - Val result of epoch 26 / 40 mae 1.0365 corr 0.4520 f1 0.6760
2026-03-03 20:13:20,900 - utils.logger2026-03-03-20.10.24 - INFO - Tst result of epoch 26 / 40 mae 1.0893 corr 0.5253 f1 0.6956
2026-03-03 20:13:22,124 - utils.logger2026-03-03-20.10.24 - INFO - Cur epoch 27 loss CE:1.3905 mse:0.2634 consistent:0.6630
2026-03-03 20:13:22,752 - utils.logger2026-03-03-20.10.24 - INFO - Cur epoch 27 loss CE:0.9010 mse:0.1947 consistent:0.5903
2026-03-03 20:13:23,326 - utils.logger2026-03-03-20.10.24 - INFO - Cur epoch 27 loss CE:1.0023 mse:0.2348 consistent:0.6536
2026-03-03 20:13:23,831 - utils.logger2026-03-03-20.10.24 - INFO - saving the model at the end of epoch 27, iters 756
2026-03-03 20:13:23,962 - utils.logger2026-03-03-20.10.24 - INFO - End of training epoch 27 / 40 	 Time Taken: 3 sec
2026-03-03 20:13:23,963 - utils.logger2026-03-03-20.10.24 - INFO - learning rate = 0.0001238
2026-03-03 20:13:25,719 - utils.logger2026-03-03-20.10.24 - INFO - Val result of epoch 27 / 40 mae 1.0343 corr 0.4489 f1 0.6757
2026-03-03 20:13:27,428 - utils.logger2026-03-03-20.10.24 - INFO - Tst result of epoch 27 / 40 mae 1.0775 corr 0.5280 f1 0.7037
2026-03-03 20:13:28,662 - utils.logger2026-03-03-20.10.24 - INFO - Cur epoch 28 loss CE:1.2810 mse:0.2250 consistent:0.6566
2026-03-03 20:13:29,230 - utils.logger2026-03-03-20.10.24 - INFO - Cur epoch 28 loss CE:0.8021 mse:0.2184 consistent:0.6847
2026-03-03 20:13:29,808 - utils.logger2026-03-03-20.10.24 - INFO - Cur epoch 28 loss CE:1.3856 mse:0.2125 consistent:0.6459
2026-03-03 20:13:30,202 - utils.logger2026-03-03-20.10.24 - INFO - saving the model at the end of epoch 28, iters 784
2026-03-03 20:13:30,326 - utils.logger2026-03-03-20.10.24 - INFO - End of training epoch 28 / 40 	 Time Taken: 2 sec
2026-03-03 20:13:30,326 - utils.logger2026-03-03-20.10.24 - INFO - learning rate = 0.0001143
2026-03-03 20:13:32,056 - utils.logger2026-03-03-20.10.24 - INFO - Val result of epoch 28 / 40 mae 1.0419 corr 0.4489 f1 0.6602
2026-03-03 20:13:33,787 - utils.logger2026-03-03-20.10.24 - INFO - Tst result of epoch 28 / 40 mae 1.0854 corr 0.5350 f1 0.6892
2026-03-03 20:13:35,163 - utils.logger2026-03-03-20.10.24 - INFO - Cur epoch 29 loss CE:1.2233 mse:0.2604 consistent:0.7109
2026-03-03 20:13:35,713 - utils.logger2026-03-03-20.10.24 - INFO - Cur epoch 29 loss CE:1.6948 mse:0.2729 consistent:0.6824
2026-03-03 20:13:36,224 - utils.logger2026-03-03-20.10.24 - INFO - Cur epoch 29 loss CE:1.4109 mse:0.2547 consistent:0.6566
2026-03-03 20:13:36,477 - utils.logger2026-03-03-20.10.24 - INFO - saving the model at the end of epoch 29, iters 812
2026-03-03 20:13:36,600 - utils.logger2026-03-03-20.10.24 - INFO - End of training epoch 29 / 40 	 Time Taken: 2 sec
2026-03-03 20:13:36,601 - utils.logger2026-03-03-20.10.24 - INFO - learning rate = 0.0001048
2026-03-03 20:13:38,335 - utils.logger2026-03-03-20.10.24 - INFO - Val result of epoch 29 / 40 mae 1.0324 corr 0.4554 f1 0.6859
2026-03-03 20:13:40,097 - utils.logger2026-03-03-20.10.24 - INFO - Tst result of epoch 29 / 40 mae 1.0696 corr 0.5446 f1 0.6988
2026-03-03 20:13:41,603 - utils.logger2026-03-03-20.10.24 - INFO - Cur epoch 30 loss CE:1.0356 mse:0.2331 consistent:0.6448
2026-03-03 20:13:42,176 - utils.logger2026-03-03-20.10.24 - INFO - Cur epoch 30 loss CE:1.3354 mse:0.2524 consistent:0.6191
2026-03-03 20:13:42,698 - utils.logger2026-03-03-20.10.24 - INFO - Cur epoch 30 loss CE:0.8567 mse:0.1821 consistent:0.5749
2026-03-03 20:13:42,836 - utils.logger2026-03-03-20.10.24 - INFO - saving the model at the end of epoch 30, iters 840
2026-03-03 20:13:42,968 - utils.logger2026-03-03-20.10.24 - INFO - End of training epoch 30 / 40 	 Time Taken: 2 sec
2026-03-03 20:13:42,968 - utils.logger2026-03-03-20.10.24 - INFO - learning rate = 0.0000952
2026-03-03 20:13:44,732 - utils.logger2026-03-03-20.10.24 - INFO - Val result of epoch 30 / 40 mae 1.0419 corr 0.4574 f1 0.6604
2026-03-03 20:13:46,498 - utils.logger2026-03-03-20.10.24 - INFO - Tst result of epoch 30 / 40 mae 1.0854 corr 0.5455 f1 0.6989
2026-03-03 20:13:48,196 - utils.logger2026-03-03-20.10.24 - INFO - Cur epoch 31 loss CE:0.9309 mse:0.2207 consistent:0.6207
2026-03-03 20:13:48,834 - utils.logger2026-03-03-20.10.24 - INFO - Cur epoch 31 loss CE:1.0873 mse:0.2459 consistent:0.6098
2026-03-03 20:13:49,476 - utils.logger2026-03-03-20.10.24 - INFO - saving the model at the end of epoch 31, iters 868
2026-03-03 20:13:49,604 - utils.logger2026-03-03-20.10.24 - INFO - End of training epoch 31 / 40 	 Time Taken: 3 sec
2026-03-03 20:13:49,604 - utils.logger2026-03-03-20.10.24 - INFO - learning rate = 0.0000857
2026-03-03 20:13:51,390 - utils.logger2026-03-03-20.10.24 - INFO - Val result of epoch 31 / 40 mae 1.0381 corr 0.4606 f1 0.6746
2026-03-03 20:13:53,200 - utils.logger2026-03-03-20.10.24 - INFO - Tst result of epoch 31 / 40 mae 1.0819 corr 0.5426 f1 0.6917
2026-03-03 20:13:54,379 - utils.logger2026-03-03-20.10.24 - INFO - Cur epoch 32 loss CE:1.1479 mse:0.2260 consistent:0.6285
2026-03-03 20:13:55,060 - utils.logger2026-03-03-20.10.24 - INFO - Cur epoch 32 loss CE:0.9607 mse:0.2081 consistent:0.5997
2026-03-03 20:13:55,706 - utils.logger2026-03-03-20.10.24 - INFO - Cur epoch 32 loss CE:1.4412 mse:0.2144 consistent:0.6057
2026-03-03 20:13:56,225 - utils.logger2026-03-03-20.10.24 - INFO - saving the model at the end of epoch 32, iters 896
2026-03-03 20:13:56,360 - utils.logger2026-03-03-20.10.24 - INFO - End of training epoch 32 / 40 	 Time Taken: 3 sec
2026-03-03 20:13:56,361 - utils.logger2026-03-03-20.10.24 - INFO - learning rate = 0.0000762
2026-03-03 20:13:58,128 - utils.logger2026-03-03-20.10.24 - INFO - Val result of epoch 32 / 40 mae 1.0310 corr 0.4630 f1 0.6706
2026-03-03 20:13:59,923 - utils.logger2026-03-03-20.10.24 - INFO - Tst result of epoch 32 / 40 mae 1.0720 corr 0.5427 f1 0.6915
2026-03-03 20:14:01,294 - utils.logger2026-03-03-20.10.24 - INFO - Cur epoch 33 loss CE:1.3105 mse:0.2434 consistent:0.6349
2026-03-03 20:14:01,849 - utils.logger2026-03-03-20.10.24 - INFO - Cur epoch 33 loss CE:0.7547 mse:0.1868 consistent:0.5973
2026-03-03 20:14:02,396 - utils.logger2026-03-03-20.10.24 - INFO - Cur epoch 33 loss CE:1.0420 mse:0.2222 consistent:0.6207
2026-03-03 20:14:02,774 - utils.logger2026-03-03-20.10.24 - INFO - saving the model at the end of epoch 33, iters 924
2026-03-03 20:14:02,895 - utils.logger2026-03-03-20.10.24 - INFO - End of training epoch 33 / 40 	 Time Taken: 2 sec
2026-03-03 20:14:02,895 - utils.logger2026-03-03-20.10.24 - INFO - learning rate = 0.0000667
2026-03-03 20:14:04,789 - utils.logger2026-03-03-20.10.24 - INFO - Val result of epoch 33 / 40 mae 1.0363 corr 0.4555 f1 0.6690
2026-03-03 20:14:06,596 - utils.logger2026-03-03-20.10.24 - INFO - Tst result of epoch 33 / 40 mae 1.0752 corr 0.5415 f1 0.7045
2026-03-03 20:14:08,008 - utils.logger2026-03-03-20.10.24 - INFO - Cur epoch 34 loss CE:1.5687 mse:0.2589 consistent:0.6345
2026-03-03 20:14:08,624 - utils.logger2026-03-03-20.10.24 - INFO - Cur epoch 34 loss CE:1.6388 mse:0.2784 consistent:0.6421
2026-03-03 20:14:09,242 - utils.logger2026-03-03-20.10.24 - INFO - Cur epoch 34 loss CE:1.6064 mse:0.2567 consistent:0.6632
2026-03-03 20:14:09,499 - utils.logger2026-03-03-20.10.24 - INFO - saving the model at the end of epoch 34, iters 952
2026-03-03 20:14:09,617 - utils.logger2026-03-03-20.10.24 - INFO - End of training epoch 34 / 40 	 Time Taken: 3 sec
2026-03-03 20:14:09,618 - utils.logger2026-03-03-20.10.24 - INFO - learning rate = 0.0000571
2026-03-03 20:14:11,360 - utils.logger2026-03-03-20.10.24 - INFO - Val result of epoch 34 / 40 mae 1.0319 corr 0.4580 f1 0.6658
2026-03-03 20:14:13,154 - utils.logger2026-03-03-20.10.24 - INFO - Tst result of epoch 34 / 40 mae 1.0733 corr 0.5350 f1 0.6947
2026-03-03 20:14:14,663 - utils.logger2026-03-03-20.10.24 - INFO - Cur epoch 35 loss CE:1.4643 mse:0.2350 consistent:0.5934
2026-03-03 20:14:15,288 - utils.logger2026-03-03-20.10.24 - INFO - Cur epoch 35 loss CE:1.1943 mse:0.2406 consistent:0.6779
2026-03-03 20:14:15,909 - utils.logger2026-03-03-20.10.24 - INFO - Cur epoch 35 loss CE:1.0273 mse:0.2157 consistent:0.6043
2026-03-03 20:14:16,074 - utils.logger2026-03-03-20.10.24 - INFO - saving the model at the end of epoch 35, iters 980
2026-03-03 20:14:16,200 - utils.logger2026-03-03-20.10.24 - INFO - End of training epoch 35 / 40 	 Time Taken: 3 sec
2026-03-03 20:14:16,201 - utils.logger2026-03-03-20.10.24 - INFO - learning rate = 0.0000476
2026-03-03 20:14:18,007 - utils.logger2026-03-03-20.10.24 - INFO - Val result of epoch 35 / 40 mae 1.0382 corr 0.4560 f1 0.6859
2026-03-03 20:14:19,809 - utils.logger2026-03-03-20.10.24 - INFO - Tst result of epoch 35 / 40 mae 1.0766 corr 0.5402 f1 0.6932
2026-03-03 20:14:21,448 - utils.logger2026-03-03-20.10.24 - INFO - Cur epoch 36 loss CE:1.5021 mse:0.2398 consistent:0.6215
2026-03-03 20:14:22,009 - utils.logger2026-03-03-20.10.24 - INFO - Cur epoch 36 loss CE:1.1933 mse:0.2393 consistent:0.6585
2026-03-03 20:14:22,587 - utils.logger2026-03-03-20.10.24 - INFO - saving the model at the end of epoch 36, iters 1008
2026-03-03 20:14:22,711 - utils.logger2026-03-03-20.10.24 - INFO - End of training epoch 36 / 40 	 Time Taken: 2 sec
2026-03-03 20:14:22,711 - utils.logger2026-03-03-20.10.24 - INFO - learning rate = 0.0000381
2026-03-03 20:14:24,460 - utils.logger2026-03-03-20.10.24 - INFO - Val result of epoch 36 / 40 mae 1.0341 corr 0.4526 f1 0.6684
2026-03-03 20:14:26,266 - utils.logger2026-03-03-20.10.24 - INFO - Tst result of epoch 36 / 40 mae 1.0716 corr 0.5401 f1 0.6926
2026-03-03 20:14:27,474 - utils.logger2026-03-03-20.10.24 - INFO - Cur epoch 37 loss CE:1.3713 mse:0.2589 consistent:0.6870
2026-03-03 20:14:27,982 - utils.logger2026-03-03-20.10.24 - INFO - Cur epoch 37 loss CE:0.9207 mse:0.2102 consistent:0.6429
2026-03-03 20:14:28,478 - utils.logger2026-03-03-20.10.24 - INFO - Cur epoch 37 loss CE:1.5940 mse:0.2791 consistent:0.6582
2026-03-03 20:14:28,919 - utils.logger2026-03-03-20.10.24 - INFO - saving the model at the end of epoch 37, iters 1036
2026-03-03 20:14:29,041 - utils.logger2026-03-03-20.10.24 - INFO - End of training epoch 37 / 40 	 Time Taken: 2 sec
2026-03-03 20:14:29,041 - utils.logger2026-03-03-20.10.24 - INFO - learning rate = 0.0000286
2026-03-03 20:14:30,810 - utils.logger2026-03-03-20.10.24 - INFO - Val result of epoch 37 / 40 mae 1.0364 corr 0.4541 f1 0.6719
2026-03-03 20:14:32,585 - utils.logger2026-03-03-20.10.24 - INFO - Tst result of epoch 37 / 40 mae 1.0758 corr 0.5425 f1 0.6998
2026-03-03 20:14:33,873 - utils.logger2026-03-03-20.10.24 - INFO - Cur epoch 38 loss CE:1.0809 mse:0.2385 consistent:0.6229
2026-03-03 20:14:34,412 - utils.logger2026-03-03-20.10.24 - INFO - Cur epoch 38 loss CE:1.2414 mse:0.2536 consistent:0.6372
2026-03-03 20:14:34,985 - utils.logger2026-03-03-20.10.24 - INFO - Cur epoch 38 loss CE:1.2128 mse:0.2308 consistent:0.6264
2026-03-03 20:14:35,333 - utils.logger2026-03-03-20.10.24 - INFO - saving the model at the end of epoch 38, iters 1064
2026-03-03 20:14:35,480 - utils.logger2026-03-03-20.10.24 - INFO - End of training epoch 38 / 40 	 Time Taken: 2 sec
2026-03-03 20:14:35,480 - utils.logger2026-03-03-20.10.24 - INFO - learning rate = 0.0000190
2026-03-03 20:14:37,219 - utils.logger2026-03-03-20.10.24 - INFO - Val result of epoch 38 / 40 mae 1.0349 corr 0.4552 f1 0.6785
2026-03-03 20:14:38,942 - utils.logger2026-03-03-20.10.24 - INFO - Tst result of epoch 38 / 40 mae 1.0745 corr 0.5436 f1 0.6961
2026-03-03 20:14:40,299 - utils.logger2026-03-03-20.10.24 - INFO - Cur epoch 39 loss CE:1.6037 mse:0.2568 consistent:0.5815
2026-03-03 20:14:40,887 - utils.logger2026-03-03-20.10.24 - INFO - Cur epoch 39 loss CE:1.5328 mse:0.2812 consistent:0.6743
2026-03-03 20:14:41,433 - utils.logger2026-03-03-20.10.24 - INFO - Cur epoch 39 loss CE:1.0874 mse:0.2268 consistent:0.6311
2026-03-03 20:14:41,688 - utils.logger2026-03-03-20.10.24 - INFO - saving the model at the end of epoch 39, iters 1092
2026-03-03 20:14:41,823 - utils.logger2026-03-03-20.10.24 - INFO - End of training epoch 39 / 40 	 Time Taken: 2 sec
2026-03-03 20:14:41,823 - utils.logger2026-03-03-20.10.24 - INFO - learning rate = 0.0000095
2026-03-03 20:14:43,619 - utils.logger2026-03-03-20.10.24 - INFO - Val result of epoch 39 / 40 mae 1.0357 corr 0.4555 f1 0.6688
2026-03-03 20:14:45,351 - utils.logger2026-03-03-20.10.24 - INFO - Tst result of epoch 39 / 40 mae 1.0761 corr 0.5446 f1 0.6917
2026-03-03 20:14:46,804 - utils.logger2026-03-03-20.10.24 - INFO - Cur epoch 40 loss CE:1.1904 mse:0.2519 consistent:0.5734
2026-03-03 20:14:47,343 - utils.logger2026-03-03-20.10.24 - INFO - Cur epoch 40 loss CE:1.3376 mse:0.2730 consistent:0.6803
2026-03-03 20:14:47,896 - utils.logger2026-03-03-20.10.24 - INFO - Cur epoch 40 loss CE:1.2275 mse:0.2871 consistent:0.7310
2026-03-03 20:14:48,040 - utils.logger2026-03-03-20.10.24 - INFO - saving the model at the end of epoch 40, iters 1120
2026-03-03 20:14:48,162 - utils.logger2026-03-03-20.10.24 - INFO - End of training epoch 40 / 40 	 Time Taken: 2 sec
2026-03-03 20:14:48,162 - utils.logger2026-03-03-20.10.24 - INFO - learning rate = 0.0000000
2026-03-03 20:14:49,920 - utils.logger2026-03-03-20.10.24 - INFO - Val result of epoch 40 / 40 mae 1.0339 corr 0.4551 f1 0.6728
2026-03-03 20:14:51,722 - utils.logger2026-03-03-20.10.24 - INFO - Tst result of epoch 40 / 40 mae 1.0741 corr 0.5429 f1 0.6976
2026-03-03 20:14:51,722 - utils.logger2026-03-03-20.10.24 - INFO - Best eval epoch 29 found with MAE 1.069563
2026-03-03 20:14:51,722 - utils.logger2026-03-03-20.10.24 - INFO - Loading best model found on val set: epoch-29
2026-03-03 20:14:55,418 - utils.logger2026-03-03-20.10.24 - INFO - Tst result mae 1.0696 corr 0.5446 f1 0.6988
