2025-12-23 16:42:47,210 - utils.logger2025-12-23-16.42.47 - INFO - The number of testing samples = 211
2025-12-23 16:42:47,210 - utils.logger2025-12-23-16.42.47 - INFO - The number of training samples = 3393
2025-12-23 16:42:48,841 - utils.logger2025-12-23-16.42.47 - INFO - Cur epoch 1 loss CE:1.5896 mse:0.0000 consistent:0.0000
2025-12-23 16:42:49,463 - utils.logger2025-12-23-16.42.47 - INFO - Cur epoch 1 loss CE:1.3282 mse:0.0000 consistent:0.0000
2025-12-23 16:42:50,121 - utils.logger2025-12-23-16.42.47 - INFO - Cur epoch 1 loss CE:1.4395 mse:0.0000 consistent:0.0000
2025-12-23 16:42:50,776 - utils.logger2025-12-23-16.42.47 - INFO - Cur epoch 1 loss CE:1.3188 mse:0.0000 consistent:0.0000
2025-12-23 16:42:51,421 - utils.logger2025-12-23-16.42.47 - INFO - Cur epoch 1 loss CE:1.1898 mse:0.0000 consistent:0.0000
2025-12-23 16:42:52,071 - utils.logger2025-12-23-16.42.47 - INFO - Cur epoch 1 loss CE:1.0427 mse:0.0000 consistent:0.0000
2025-12-23 16:42:52,899 - utils.logger2025-12-23-16.42.47 - INFO - Cur epoch 1 loss CE:0.9327 mse:0.0000 consistent:0.0000
2025-12-23 16:42:53,656 - utils.logger2025-12-23-16.42.47 - INFO - Cur epoch 1 loss CE:1.0445 mse:0.0000 consistent:0.0000
2025-12-23 16:42:54,470 - utils.logger2025-12-23-16.42.47 - INFO - Cur epoch 1 loss CE:1.1260 mse:0.0000 consistent:0.0000
2025-12-23 16:42:55,214 - utils.logger2025-12-23-16.42.47 - INFO - Cur epoch 1 loss CE:0.9278 mse:0.0000 consistent:0.0000
2025-12-23 16:42:55,659 - utils.logger2025-12-23-16.42.47 - INFO - saving the model at the end of epoch 1, iters 107
2025-12-23 16:42:55,758 - utils.logger2025-12-23-16.42.47 - INFO - End of training epoch 1 / 40 	 Time Taken: 8 sec
2025-12-23 16:42:55,759 - utils.logger2025-12-23-16.42.47 - INFO - learning rate = 0.0002000
2025-12-23 16:42:56,009 - utils.logger2025-12-23-16.42.47 - INFO - Val result of epoch 1 / 40 acc 0.5628 uar 0.4935 f1 0.4615
2025-12-23 16:42:56,218 - utils.logger2025-12-23-16.42.47 - INFO - Tst result of epoch 1 / 40 acc 0.6540 uar 0.3567 f1 0.3696
2025-12-23 16:42:56,392 - utils.logger2025-12-23-16.42.47 - INFO - Cur epoch 2 loss CE:0.4215 mse:0.0000 consistent:0.0000
2025-12-23 16:42:57,009 - utils.logger2025-12-23-16.42.47 - INFO - Cur epoch 2 loss CE:0.8611 mse:0.0000 consistent:0.0000
2025-12-23 16:42:57,621 - utils.logger2025-12-23-16.42.47 - INFO - Cur epoch 2 loss CE:0.8558 mse:0.0000 consistent:0.0000
2025-12-23 16:42:58,240 - utils.logger2025-12-23-16.42.47 - INFO - Cur epoch 2 loss CE:1.0016 mse:0.0000 consistent:0.0000
2025-12-23 16:42:58,881 - utils.logger2025-12-23-16.42.47 - INFO - Cur epoch 2 loss CE:1.3193 mse:0.0000 consistent:0.0000
2025-12-23 16:42:59,556 - utils.logger2025-12-23-16.42.47 - INFO - Cur epoch 2 loss CE:0.5673 mse:0.0000 consistent:0.0000
2025-12-23 16:43:00,326 - utils.logger2025-12-23-16.42.47 - INFO - Cur epoch 2 loss CE:0.9441 mse:0.0000 consistent:0.0000
2025-12-23 16:43:01,090 - utils.logger2025-12-23-16.42.47 - INFO - Cur epoch 2 loss CE:0.7365 mse:0.0000 consistent:0.0000
2025-12-23 16:43:01,852 - utils.logger2025-12-23-16.42.47 - INFO - Cur epoch 2 loss CE:0.5683 mse:0.0000 consistent:0.0000
2025-12-23 16:43:02,660 - utils.logger2025-12-23-16.42.47 - INFO - Cur epoch 2 loss CE:0.8612 mse:0.0000 consistent:0.0000
2025-12-23 16:43:03,319 - utils.logger2025-12-23-16.42.47 - INFO - Cur epoch 2 loss CE:0.7148 mse:0.0000 consistent:0.0000
2025-12-23 16:43:03,551 - utils.logger2025-12-23-16.42.47 - INFO - saving the model at the end of epoch 2, iters 214
2025-12-23 16:43:03,650 - utils.logger2025-12-23-16.42.47 - INFO - End of training epoch 2 / 40 	 Time Taken: 7 sec
2025-12-23 16:43:03,651 - utils.logger2025-12-23-16.42.47 - INFO - learning rate = 0.0002000
2025-12-23 16:43:03,867 - utils.logger2025-12-23-16.42.47 - INFO - Val result of epoch 2 / 40 acc 0.7116 uar 0.6653 f1 0.6625
2025-12-23 16:43:04,076 - utils.logger2025-12-23-16.42.47 - INFO - Tst result of epoch 2 / 40 acc 0.7299 uar 0.6493 f1 0.6459
2025-12-23 16:43:04,475 - utils.logger2025-12-23-16.42.47 - INFO - Cur epoch 3 loss CE:0.6910 mse:0.0000 consistent:0.0000
2025-12-23 16:43:05,119 - utils.logger2025-12-23-16.42.47 - INFO - Cur epoch 3 loss CE:0.8394 mse:0.0000 consistent:0.0000
2025-12-23 16:43:05,923 - utils.logger2025-12-23-16.42.47 - INFO - Cur epoch 3 loss CE:0.4609 mse:0.0000 consistent:0.0000
2025-12-23 16:43:06,797 - utils.logger2025-12-23-16.42.47 - INFO - Cur epoch 3 loss CE:0.7828 mse:0.0000 consistent:0.0000
2025-12-23 16:43:07,571 - utils.logger2025-12-23-16.42.47 - INFO - Cur epoch 3 loss CE:0.5706 mse:0.0000 consistent:0.0000
2025-12-23 16:43:08,317 - utils.logger2025-12-23-16.42.47 - INFO - Cur epoch 3 loss CE:0.5263 mse:0.0000 consistent:0.0000
2025-12-23 16:43:08,976 - utils.logger2025-12-23-16.42.47 - INFO - Cur epoch 3 loss CE:0.7448 mse:0.0000 consistent:0.0000
2025-12-23 16:43:09,611 - utils.logger2025-12-23-16.42.47 - INFO - Cur epoch 3 loss CE:0.6509 mse:0.0000 consistent:0.0000
2025-12-23 16:43:10,241 - utils.logger2025-12-23-16.42.47 - INFO - Cur epoch 3 loss CE:0.7214 mse:0.0000 consistent:0.0000
2025-12-23 16:43:10,874 - utils.logger2025-12-23-16.42.47 - INFO - Cur epoch 3 loss CE:0.5454 mse:0.0000 consistent:0.0000
2025-12-23 16:43:11,500 - utils.logger2025-12-23-16.42.47 - INFO - Cur epoch 3 loss CE:0.7253 mse:0.0000 consistent:0.0000
2025-12-23 16:43:11,539 - utils.logger2025-12-23-16.42.47 - INFO - saving the model at the end of epoch 3, iters 321
2025-12-23 16:43:11,642 - utils.logger2025-12-23-16.42.47 - INFO - End of training epoch 3 / 40 	 Time Taken: 7 sec
2025-12-23 16:43:11,642 - utils.logger2025-12-23-16.42.47 - INFO - learning rate = 0.0002000
2025-12-23 16:43:11,863 - utils.logger2025-12-23-16.42.47 - INFO - Val result of epoch 3 / 40 acc 0.6977 uar 0.6664 f1 0.6664
2025-12-23 16:43:12,072 - utils.logger2025-12-23-16.42.47 - INFO - Tst result of epoch 3 / 40 acc 0.7204 uar 0.6670 f1 0.6513
2025-12-23 16:43:12,635 - utils.logger2025-12-23-16.42.47 - INFO - Cur epoch 4 loss CE:0.4038 mse:0.0000 consistent:0.0000
2025-12-23 16:43:13,247 - utils.logger2025-12-23-16.42.47 - INFO - Cur epoch 4 loss CE:0.3319 mse:0.0000 consistent:0.0000
2025-12-23 16:43:13,878 - utils.logger2025-12-23-16.42.47 - INFO - Cur epoch 4 loss CE:0.4667 mse:0.0000 consistent:0.0000
2025-12-23 16:43:14,519 - utils.logger2025-12-23-16.42.47 - INFO - Cur epoch 4 loss CE:0.8875 mse:0.0000 consistent:0.0000
2025-12-23 16:43:15,154 - utils.logger2025-12-23-16.42.47 - INFO - Cur epoch 4 loss CE:0.3866 mse:0.0000 consistent:0.0000
2025-12-23 16:43:15,783 - utils.logger2025-12-23-16.42.47 - INFO - Cur epoch 4 loss CE:0.9344 mse:0.0000 consistent:0.0000
2025-12-23 16:43:16,411 - utils.logger2025-12-23-16.42.47 - INFO - Cur epoch 4 loss CE:0.2001 mse:0.0000 consistent:0.0000
2025-12-23 16:43:17,126 - utils.logger2025-12-23-16.42.47 - INFO - Cur epoch 4 loss CE:0.4771 mse:0.0000 consistent:0.0000
2025-12-23 16:43:17,859 - utils.logger2025-12-23-16.42.47 - INFO - Cur epoch 4 loss CE:0.4099 mse:0.0000 consistent:0.0000
2025-12-23 16:43:18,619 - utils.logger2025-12-23-16.42.47 - INFO - Cur epoch 4 loss CE:0.2301 mse:0.0000 consistent:0.0000
2025-12-23 16:43:19,207 - utils.logger2025-12-23-16.42.47 - INFO - saving the model at the end of epoch 4, iters 428
2025-12-23 16:43:19,337 - utils.logger2025-12-23-16.42.47 - INFO - End of training epoch 4 / 40 	 Time Taken: 7 sec
2025-12-23 16:43:19,337 - utils.logger2025-12-23-16.42.47 - INFO - learning rate = 0.0002000
2025-12-23 16:43:19,622 - utils.logger2025-12-23-16.42.47 - INFO - Val result of epoch 4 / 40 acc 0.7488 uar 0.7546 f1 0.7342
2025-12-23 16:43:19,935 - utils.logger2025-12-23-16.42.47 - INFO - Tst result of epoch 4 / 40 acc 0.5687 uar 0.6283 f1 0.5609
2025-12-23 16:43:20,096 - utils.logger2025-12-23-16.42.47 - INFO - Cur epoch 5 loss CE:0.8334 mse:0.0000 consistent:0.0000
2025-12-23 16:43:20,876 - utils.logger2025-12-23-16.42.47 - INFO - Cur epoch 5 loss CE:0.2650 mse:0.0000 consistent:0.0000
2025-12-23 16:43:21,653 - utils.logger2025-12-23-16.42.47 - INFO - Cur epoch 5 loss CE:0.4998 mse:0.0000 consistent:0.0000
2025-12-23 16:43:22,346 - utils.logger2025-12-23-16.42.47 - INFO - Cur epoch 5 loss CE:0.5882 mse:0.0000 consistent:0.0000
2025-12-23 16:43:23,179 - utils.logger2025-12-23-16.42.47 - INFO - Cur epoch 5 loss CE:0.3658 mse:0.0000 consistent:0.0000
2025-12-23 16:43:24,095 - utils.logger2025-12-23-16.42.47 - INFO - Cur epoch 5 loss CE:0.3192 mse:0.0000 consistent:0.0000
2025-12-23 16:43:25,003 - utils.logger2025-12-23-16.42.47 - INFO - Cur epoch 5 loss CE:0.5161 mse:0.0000 consistent:0.0000
2025-12-23 16:43:25,819 - utils.logger2025-12-23-16.42.47 - INFO - Cur epoch 5 loss CE:0.5787 mse:0.0000 consistent:0.0000
2025-12-23 16:43:26,572 - utils.logger2025-12-23-16.42.47 - INFO - Cur epoch 5 loss CE:0.2530 mse:0.0000 consistent:0.0000
2025-12-23 16:43:27,327 - utils.logger2025-12-23-16.42.47 - INFO - Cur epoch 5 loss CE:0.5334 mse:0.0000 consistent:0.0000
2025-12-23 16:43:28,081 - utils.logger2025-12-23-16.42.47 - INFO - Cur epoch 5 loss CE:0.2494 mse:0.0000 consistent:0.0000
2025-12-23 16:43:28,420 - utils.logger2025-12-23-16.42.47 - INFO - saving the model at the end of epoch 5, iters 535
2025-12-23 16:43:28,555 - utils.logger2025-12-23-16.42.47 - INFO - End of training epoch 5 / 40 	 Time Taken: 8 sec
2025-12-23 16:43:28,555 - utils.logger2025-12-23-16.42.47 - INFO - learning rate = 0.0002000
2025-12-23 16:43:28,823 - utils.logger2025-12-23-16.42.47 - INFO - Val result of epoch 5 / 40 acc 0.6791 uar 0.6860 f1 0.6544
2025-12-23 16:43:29,081 - utils.logger2025-12-23-16.42.47 - INFO - Tst result of epoch 5 / 40 acc 0.6825 uar 0.7007 f1 0.6504
2025-12-23 16:43:29,420 - utils.logger2025-12-23-16.42.47 - INFO - Cur epoch 6 loss CE:0.3237 mse:0.0000 consistent:0.0000
2025-12-23 16:43:29,995 - utils.logger2025-12-23-16.42.47 - INFO - Cur epoch 6 loss CE:0.5935 mse:0.0000 consistent:0.0000
2025-12-23 16:43:30,548 - utils.logger2025-12-23-16.42.47 - INFO - Cur epoch 6 loss CE:0.1311 mse:0.0000 consistent:0.0000
2025-12-23 16:43:31,252 - utils.logger2025-12-23-16.42.47 - INFO - Cur epoch 6 loss CE:0.2222 mse:0.0000 consistent:0.0000
2025-12-23 16:43:32,007 - utils.logger2025-12-23-16.42.47 - INFO - Cur epoch 6 loss CE:0.1664 mse:0.0000 consistent:0.0000
2025-12-23 16:43:32,751 - utils.logger2025-12-23-16.42.47 - INFO - Cur epoch 6 loss CE:0.5097 mse:0.0000 consistent:0.0000
2025-12-23 16:43:33,502 - utils.logger2025-12-23-16.42.47 - INFO - Cur epoch 6 loss CE:0.4136 mse:0.0000 consistent:0.0000
2025-12-23 16:43:34,233 - utils.logger2025-12-23-16.42.47 - INFO - Cur epoch 6 loss CE:0.2496 mse:0.0000 consistent:0.0000
2025-12-23 16:43:34,848 - utils.logger2025-12-23-16.42.47 - INFO - Cur epoch 6 loss CE:0.5640 mse:0.0000 consistent:0.0000
2025-12-23 16:43:35,383 - utils.logger2025-12-23-16.42.47 - INFO - Cur epoch 6 loss CE:0.3469 mse:0.0000 consistent:0.0000
2025-12-23 16:43:35,939 - utils.logger2025-12-23-16.42.47 - INFO - Cur epoch 6 loss CE:0.5907 mse:0.0000 consistent:0.0000
2025-12-23 16:43:36,024 - utils.logger2025-12-23-16.42.47 - INFO - saving the model at the end of epoch 6, iters 642
2025-12-23 16:43:36,125 - utils.logger2025-12-23-16.42.47 - INFO - End of training epoch 6 / 40 	 Time Taken: 7 sec
2025-12-23 16:43:36,125 - utils.logger2025-12-23-16.42.47 - INFO - learning rate = 0.0002000
2025-12-23 16:43:36,332 - utils.logger2025-12-23-16.42.47 - INFO - Val result of epoch 6 / 40 acc 0.7395 uar 0.7140 f1 0.7155
2025-12-23 16:43:36,537 - utils.logger2025-12-23-16.42.47 - INFO - Tst result of epoch 6 / 40 acc 0.7488 uar 0.6967 f1 0.6962
2025-12-23 16:43:36,988 - utils.logger2025-12-23-16.42.47 - INFO - Cur epoch 7 loss CE:0.6089 mse:0.0000 consistent:0.0000
2025-12-23 16:43:37,744 - utils.logger2025-12-23-16.42.47 - INFO - Cur epoch 7 loss CE:0.2137 mse:0.0000 consistent:0.0000
2025-12-23 16:43:38,508 - utils.logger2025-12-23-16.42.47 - INFO - Cur epoch 7 loss CE:0.2172 mse:0.0000 consistent:0.0000
2025-12-23 16:43:39,262 - utils.logger2025-12-23-16.42.47 - INFO - Cur epoch 7 loss CE:0.4371 mse:0.0000 consistent:0.0000
2025-12-23 16:43:40,012 - utils.logger2025-12-23-16.42.47 - INFO - Cur epoch 7 loss CE:0.3999 mse:0.0000 consistent:0.0000
2025-12-23 16:43:40,784 - utils.logger2025-12-23-16.42.47 - INFO - Cur epoch 7 loss CE:0.2938 mse:0.0000 consistent:0.0000
2025-12-23 16:43:41,542 - utils.logger2025-12-23-16.42.47 - INFO - Cur epoch 7 loss CE:0.0343 mse:0.0000 consistent:0.0000
2025-12-23 16:43:42,298 - utils.logger2025-12-23-16.42.47 - INFO - Cur epoch 7 loss CE:0.0666 mse:0.0000 consistent:0.0000
2025-12-23 16:43:43,072 - utils.logger2025-12-23-16.42.47 - INFO - Cur epoch 7 loss CE:0.3209 mse:0.0000 consistent:0.0000
2025-12-23 16:43:43,861 - utils.logger2025-12-23-16.42.47 - INFO - Cur epoch 7 loss CE:0.0372 mse:0.0000 consistent:0.0000
2025-12-23 16:43:44,511 - utils.logger2025-12-23-16.42.47 - INFO - saving the model at the end of epoch 7, iters 749
2025-12-23 16:43:44,651 - utils.logger2025-12-23-16.42.47 - INFO - End of training epoch 7 / 40 	 Time Taken: 8 sec
2025-12-23 16:43:44,651 - utils.logger2025-12-23-16.42.47 - INFO - learning rate = 0.0002000
2025-12-23 16:43:44,924 - utils.logger2025-12-23-16.42.47 - INFO - Val result of epoch 7 / 40 acc 0.7163 uar 0.6766 f1 0.6683
2025-12-23 16:43:45,193 - utils.logger2025-12-23-16.42.47 - INFO - Tst result of epoch 7 / 40 acc 0.7725 uar 0.6805 f1 0.7017
2025-12-23 16:43:45,270 - utils.logger2025-12-23-16.42.47 - INFO - Cur epoch 8 loss CE:0.0275 mse:0.0000 consistent:0.0000
2025-12-23 16:43:46,012 - utils.logger2025-12-23-16.42.47 - INFO - Cur epoch 8 loss CE:0.5153 mse:0.0000 consistent:0.0000
2025-12-23 16:43:46,649 - utils.logger2025-12-23-16.42.47 - INFO - Cur epoch 8 loss CE:0.4826 mse:0.0000 consistent:0.0000
2025-12-23 16:43:47,208 - utils.logger2025-12-23-16.42.47 - INFO - Cur epoch 8 loss CE:0.3283 mse:0.0000 consistent:0.0000
2025-12-23 16:43:47,765 - utils.logger2025-12-23-16.42.47 - INFO - Cur epoch 8 loss CE:0.6035 mse:0.0000 consistent:0.0000
2025-12-23 16:43:48,320 - utils.logger2025-12-23-16.42.47 - INFO - Cur epoch 8 loss CE:0.2893 mse:0.0000 consistent:0.0000
2025-12-23 16:43:48,869 - utils.logger2025-12-23-16.42.47 - INFO - Cur epoch 8 loss CE:0.2490 mse:0.0000 consistent:0.0000
2025-12-23 16:43:49,489 - utils.logger2025-12-23-16.42.47 - INFO - Cur epoch 8 loss CE:0.2188 mse:0.0000 consistent:0.0000
2025-12-23 16:43:50,110 - utils.logger2025-12-23-16.42.47 - INFO - Cur epoch 8 loss CE:0.2552 mse:0.0000 consistent:0.0000
2025-12-23 16:43:50,762 - utils.logger2025-12-23-16.42.47 - INFO - Cur epoch 8 loss CE:0.4002 mse:0.0000 consistent:0.0000
2025-12-23 16:43:51,395 - utils.logger2025-12-23-16.42.47 - INFO - Cur epoch 8 loss CE:0.1374 mse:0.0000 consistent:0.0000
2025-12-23 16:43:51,730 - utils.logger2025-12-23-16.42.47 - INFO - saving the model at the end of epoch 8, iters 856
2025-12-23 16:43:51,824 - utils.logger2025-12-23-16.42.47 - INFO - End of training epoch 8 / 40 	 Time Taken: 6 sec
2025-12-23 16:43:51,824 - utils.logger2025-12-23-16.42.47 - INFO - learning rate = 0.0002000
2025-12-23 16:43:52,027 - utils.logger2025-12-23-16.42.47 - INFO - Val result of epoch 8 / 40 acc 0.7070 uar 0.6725 f1 0.6729
2025-12-23 16:43:52,225 - utils.logger2025-12-23-16.42.47 - INFO - Tst result of epoch 8 / 40 acc 0.7725 uar 0.6925 f1 0.7160
2025-12-23 16:43:52,464 - utils.logger2025-12-23-16.42.47 - INFO - Cur epoch 9 loss CE:0.1630 mse:0.0000 consistent:0.0000
2025-12-23 16:43:53,077 - utils.logger2025-12-23-16.42.47 - INFO - Cur epoch 9 loss CE:0.2056 mse:0.0000 consistent:0.0000
2025-12-23 16:43:53,677 - utils.logger2025-12-23-16.42.47 - INFO - Cur epoch 9 loss CE:0.1518 mse:0.0000 consistent:0.0000
2025-12-23 16:43:54,291 - utils.logger2025-12-23-16.42.47 - INFO - Cur epoch 9 loss CE:0.0573 mse:0.0000 consistent:0.0000
2025-12-23 16:43:54,922 - utils.logger2025-12-23-16.42.47 - INFO - Cur epoch 9 loss CE:0.2267 mse:0.0000 consistent:0.0000
2025-12-23 16:43:55,562 - utils.logger2025-12-23-16.42.47 - INFO - Cur epoch 9 loss CE:0.3591 mse:0.0000 consistent:0.0000
2025-12-23 16:43:56,417 - utils.logger2025-12-23-16.42.47 - INFO - Cur epoch 9 loss CE:0.0396 mse:0.0000 consistent:0.0000
2025-12-23 16:43:57,035 - utils.logger2025-12-23-16.42.47 - INFO - Cur epoch 9 loss CE:0.1083 mse:0.0000 consistent:0.0000
2025-12-23 16:43:57,667 - utils.logger2025-12-23-16.42.47 - INFO - Cur epoch 9 loss CE:0.2538 mse:0.0000 consistent:0.0000
2025-12-23 16:43:58,309 - utils.logger2025-12-23-16.42.47 - INFO - Cur epoch 9 loss CE:0.2518 mse:0.0000 consistent:0.0000
2025-12-23 16:43:58,945 - utils.logger2025-12-23-16.42.47 - INFO - Cur epoch 9 loss CE:0.1354 mse:0.0000 consistent:0.0000
2025-12-23 16:43:59,111 - utils.logger2025-12-23-16.42.47 - INFO - saving the model at the end of epoch 9, iters 963
2025-12-23 16:43:59,219 - utils.logger2025-12-23-16.42.47 - INFO - End of training epoch 9 / 40 	 Time Taken: 6 sec
2025-12-23 16:43:59,219 - utils.logger2025-12-23-16.42.47 - INFO - learning rate = 0.0002000
2025-12-23 16:43:59,435 - utils.logger2025-12-23-16.42.47 - INFO - Val result of epoch 9 / 40 acc 0.6651 uar 0.6323 f1 0.6205
2025-12-23 16:43:59,648 - utils.logger2025-12-23-16.42.47 - INFO - Tst result of epoch 9 / 40 acc 0.7536 uar 0.6839 f1 0.6934
2025-12-23 16:44:00,086 - utils.logger2025-12-23-16.42.47 - INFO - Cur epoch 10 loss CE:0.2201 mse:0.0000 consistent:0.0000
2025-12-23 16:44:00,816 - utils.logger2025-12-23-16.42.47 - INFO - Cur epoch 10 loss CE:0.1356 mse:0.0000 consistent:0.0000
2025-12-23 16:44:01,752 - utils.logger2025-12-23-16.42.47 - INFO - Cur epoch 10 loss CE:0.5034 mse:0.0000 consistent:0.0000
2025-12-23 16:44:02,466 - utils.logger2025-12-23-16.42.47 - INFO - Cur epoch 10 loss CE:0.0538 mse:0.0000 consistent:0.0000
2025-12-23 16:44:03,100 - utils.logger2025-12-23-16.42.47 - INFO - Cur epoch 10 loss CE:0.0991 mse:0.0000 consistent:0.0000
2025-12-23 16:44:03,733 - utils.logger2025-12-23-16.42.47 - INFO - Cur epoch 10 loss CE:0.2180 mse:0.0000 consistent:0.0000
2025-12-23 16:44:04,373 - utils.logger2025-12-23-16.42.47 - INFO - Cur epoch 10 loss CE:0.5020 mse:0.0000 consistent:0.0000
2025-12-23 16:44:05,002 - utils.logger2025-12-23-16.42.47 - INFO - Cur epoch 10 loss CE:0.2855 mse:0.0000 consistent:0.0000
2025-12-23 16:44:05,642 - utils.logger2025-12-23-16.42.47 - INFO - Cur epoch 10 loss CE:0.0295 mse:0.0000 consistent:0.0000
2025-12-23 16:44:06,275 - utils.logger2025-12-23-16.42.47 - INFO - Cur epoch 10 loss CE:0.0787 mse:0.0000 consistent:0.0000
2025-12-23 16:44:06,889 - utils.logger2025-12-23-16.42.47 - INFO - Cur epoch 10 loss CE:0.0057 mse:0.0000 consistent:0.0000
2025-12-23 16:44:06,889 - utils.logger2025-12-23-16.42.47 - INFO - saving the model at the end of epoch 10, iters 1070
2025-12-23 16:44:06,993 - utils.logger2025-12-23-16.42.47 - INFO - End of training epoch 10 / 40 	 Time Taken: 7 sec
2025-12-23 16:44:06,993 - utils.logger2025-12-23-16.42.47 - INFO - learning rate = 0.0002000
2025-12-23 16:44:07,205 - utils.logger2025-12-23-16.42.47 - INFO - Val result of epoch 10 / 40 acc 0.7535 uar 0.7187 f1 0.7248
2025-12-23 16:44:07,412 - utils.logger2025-12-23-16.42.47 - INFO - Tst result of epoch 10 / 40 acc 0.7346 uar 0.6257 f1 0.6536
2025-12-23 16:44:08,039 - utils.logger2025-12-23-16.42.47 - INFO - Cur epoch 11 loss CE:0.2056 mse:0.0000 consistent:0.0000
2025-12-23 16:44:08,716 - utils.logger2025-12-23-16.42.47 - INFO - Cur epoch 11 loss CE:0.1176 mse:0.0000 consistent:0.0000
2025-12-23 16:44:09,470 - utils.logger2025-12-23-16.42.47 - INFO - Cur epoch 11 loss CE:0.1725 mse:0.0000 consistent:0.0000
2025-12-23 16:44:10,227 - utils.logger2025-12-23-16.42.47 - INFO - Cur epoch 11 loss CE:0.2514 mse:0.0000 consistent:0.0000
2025-12-23 16:44:10,964 - utils.logger2025-12-23-16.42.47 - INFO - Cur epoch 11 loss CE:0.2399 mse:0.0000 consistent:0.0000
2025-12-23 16:44:11,667 - utils.logger2025-12-23-16.42.47 - INFO - Cur epoch 11 loss CE:0.1590 mse:0.0000 consistent:0.0000
2025-12-23 16:44:12,425 - utils.logger2025-12-23-16.42.47 - INFO - Cur epoch 11 loss CE:0.2673 mse:0.0000 consistent:0.0000
2025-12-23 16:44:13,188 - utils.logger2025-12-23-16.42.47 - INFO - Cur epoch 11 loss CE:0.2069 mse:0.0000 consistent:0.0000
2025-12-23 16:44:13,935 - utils.logger2025-12-23-16.42.47 - INFO - Cur epoch 11 loss CE:0.3911 mse:0.0000 consistent:0.0000
2025-12-23 16:44:14,660 - utils.logger2025-12-23-16.42.47 - INFO - Cur epoch 11 loss CE:0.4790 mse:0.0000 consistent:0.0000
2025-12-23 16:44:15,119 - utils.logger2025-12-23-16.42.47 - INFO - saving the model at the end of epoch 11, iters 1177
2025-12-23 16:44:15,211 - utils.logger2025-12-23-16.42.47 - INFO - End of training epoch 11 / 40 	 Time Taken: 7 sec
2025-12-23 16:44:15,211 - utils.logger2025-12-23-16.42.47 - INFO - learning rate = 0.0002000
2025-12-23 16:44:15,426 - utils.logger2025-12-23-16.42.47 - INFO - Val result of epoch 11 / 40 acc 0.6837 uar 0.6980 f1 0.6654
2025-12-23 16:44:15,637 - utils.logger2025-12-23-16.42.47 - INFO - Tst result of epoch 11 / 40 acc 0.6872 uar 0.6588 f1 0.6281
2025-12-23 16:44:15,803 - utils.logger2025-12-23-16.42.47 - INFO - Cur epoch 12 loss CE:0.2703 mse:0.0000 consistent:0.0000
2025-12-23 16:44:16,372 - utils.logger2025-12-23-16.42.47 - INFO - Cur epoch 12 loss CE:0.1134 mse:0.0000 consistent:0.0000
2025-12-23 16:44:16,941 - utils.logger2025-12-23-16.42.47 - INFO - Cur epoch 12 loss CE:1.5356 mse:0.0000 consistent:0.0000
2025-12-23 16:44:17,514 - utils.logger2025-12-23-16.42.47 - INFO - Cur epoch 12 loss CE:0.0987 mse:0.0000 consistent:0.0000
2025-12-23 16:44:18,088 - utils.logger2025-12-23-16.42.47 - INFO - Cur epoch 12 loss CE:0.0785 mse:0.0000 consistent:0.0000
2025-12-23 16:44:18,818 - utils.logger2025-12-23-16.42.47 - INFO - Cur epoch 12 loss CE:0.0623 mse:0.0000 consistent:0.0000
2025-12-23 16:44:19,579 - utils.logger2025-12-23-16.42.47 - INFO - Cur epoch 12 loss CE:0.3796 mse:0.0000 consistent:0.0000
2025-12-23 16:44:20,343 - utils.logger2025-12-23-16.42.47 - INFO - Cur epoch 12 loss CE:0.1740 mse:0.0000 consistent:0.0000
2025-12-23 16:44:21,098 - utils.logger2025-12-23-16.42.47 - INFO - Cur epoch 12 loss CE:0.0726 mse:0.0000 consistent:0.0000
2025-12-23 16:44:21,872 - utils.logger2025-12-23-16.42.47 - INFO - Cur epoch 12 loss CE:0.0600 mse:0.0000 consistent:0.0000
2025-12-23 16:44:22,694 - utils.logger2025-12-23-16.42.47 - INFO - Cur epoch 12 loss CE:1.1691 mse:0.0000 consistent:0.0000
2025-12-23 16:44:22,996 - utils.logger2025-12-23-16.42.47 - INFO - saving the model at the end of epoch 12, iters 1284
2025-12-23 16:44:23,131 - utils.logger2025-12-23-16.42.47 - INFO - End of training epoch 12 / 40 	 Time Taken: 7 sec
2025-12-23 16:44:23,131 - utils.logger2025-12-23-16.42.47 - INFO - learning rate = 0.0002000
2025-12-23 16:44:23,399 - utils.logger2025-12-23-16.42.47 - INFO - Val result of epoch 12 / 40 acc 0.7442 uar 0.7182 f1 0.7233
2025-12-23 16:44:23,670 - utils.logger2025-12-23-16.42.47 - INFO - Tst result of epoch 12 / 40 acc 0.7156 uar 0.6115 f1 0.6342
2025-12-23 16:44:24,097 - utils.logger2025-12-23-16.42.47 - INFO - Cur epoch 13 loss CE:0.0415 mse:0.0000 consistent:0.0000
2025-12-23 16:44:24,850 - utils.logger2025-12-23-16.42.47 - INFO - Cur epoch 13 loss CE:0.0085 mse:0.0000 consistent:0.0000
2025-12-23 16:44:25,614 - utils.logger2025-12-23-16.42.47 - INFO - Cur epoch 13 loss CE:0.5417 mse:0.0000 consistent:0.0000
2025-12-23 16:44:26,365 - utils.logger2025-12-23-16.42.47 - INFO - Cur epoch 13 loss CE:0.4616 mse:0.0000 consistent:0.0000
2025-12-23 16:44:27,106 - utils.logger2025-12-23-16.42.47 - INFO - Cur epoch 13 loss CE:0.2278 mse:0.0000 consistent:0.0000
2025-12-23 16:44:27,862 - utils.logger2025-12-23-16.42.47 - INFO - Cur epoch 13 loss CE:0.3224 mse:0.0000 consistent:0.0000
2025-12-23 16:44:28,527 - utils.logger2025-12-23-16.42.47 - INFO - Cur epoch 13 loss CE:0.1579 mse:0.0000 consistent:0.0000
2025-12-23 16:44:29,176 - utils.logger2025-12-23-16.42.47 - INFO - Cur epoch 13 loss CE:0.3518 mse:0.0000 consistent:0.0000
2025-12-23 16:44:29,803 - utils.logger2025-12-23-16.42.47 - INFO - Cur epoch 13 loss CE:0.0815 mse:0.0000 consistent:0.0000
2025-12-23 16:44:30,460 - utils.logger2025-12-23-16.42.47 - INFO - Cur epoch 13 loss CE:0.2036 mse:0.0000 consistent:0.0000
2025-12-23 16:44:31,116 - utils.logger2025-12-23-16.42.47 - INFO - Cur epoch 13 loss CE:0.3427 mse:0.0000 consistent:0.0000
2025-12-23 16:44:31,156 - utils.logger2025-12-23-16.42.47 - INFO - saving the model at the end of epoch 13, iters 1391
2025-12-23 16:44:31,254 - utils.logger2025-12-23-16.42.47 - INFO - End of training epoch 13 / 40 	 Time Taken: 7 sec
2025-12-23 16:44:31,254 - utils.logger2025-12-23-16.42.47 - INFO - learning rate = 0.0002000
2025-12-23 16:44:31,469 - utils.logger2025-12-23-16.42.47 - INFO - Val result of epoch 13 / 40 acc 0.7767 uar 0.7561 f1 0.7596
2025-12-23 16:44:31,681 - utils.logger2025-12-23-16.42.47 - INFO - Tst result of epoch 13 / 40 acc 0.7251 uar 0.5884 f1 0.6322
2025-12-23 16:44:32,252 - utils.logger2025-12-23-16.42.47 - INFO - Cur epoch 14 loss CE:0.1448 mse:0.0000 consistent:0.0000
2025-12-23 16:44:32,825 - utils.logger2025-12-23-16.42.47 - INFO - Cur epoch 14 loss CE:0.4414 mse:0.0000 consistent:0.0000
2025-12-23 16:44:33,381 - utils.logger2025-12-23-16.42.47 - INFO - Cur epoch 14 loss CE:0.0518 mse:0.0000 consistent:0.0000
2025-12-23 16:44:33,937 - utils.logger2025-12-23-16.42.47 - INFO - Cur epoch 14 loss CE:0.2004 mse:0.0000 consistent:0.0000
2025-12-23 16:44:34,507 - utils.logger2025-12-23-16.42.47 - INFO - Cur epoch 14 loss CE:0.1209 mse:0.0000 consistent:0.0000
2025-12-23 16:44:35,132 - utils.logger2025-12-23-16.42.47 - INFO - Cur epoch 14 loss CE:0.4651 mse:0.0000 consistent:0.0000
2025-12-23 16:44:35,757 - utils.logger2025-12-23-16.42.47 - INFO - Cur epoch 14 loss CE:0.0771 mse:0.0000 consistent:0.0000
2025-12-23 16:44:36,308 - utils.logger2025-12-23-16.42.47 - INFO - Cur epoch 14 loss CE:0.1911 mse:0.0000 consistent:0.0000
2025-12-23 16:44:36,886 - utils.logger2025-12-23-16.42.47 - INFO - Cur epoch 14 loss CE:0.2312 mse:0.0000 consistent:0.0000
2025-12-23 16:44:37,457 - utils.logger2025-12-23-16.42.47 - INFO - Cur epoch 14 loss CE:0.2287 mse:0.0000 consistent:0.0000
2025-12-23 16:44:37,891 - utils.logger2025-12-23-16.42.47 - INFO - saving the model at the end of epoch 14, iters 1498
2025-12-23 16:44:37,992 - utils.logger2025-12-23-16.42.47 - INFO - End of training epoch 14 / 40 	 Time Taken: 6 sec
2025-12-23 16:44:37,992 - utils.logger2025-12-23-16.42.47 - INFO - learning rate = 0.0002000
2025-12-23 16:44:38,208 - utils.logger2025-12-23-16.42.47 - INFO - Val result of epoch 14 / 40 acc 0.6047 uar 0.6230 f1 0.5885
2025-12-23 16:44:38,416 - utils.logger2025-12-23-16.42.47 - INFO - Tst result of epoch 14 / 40 acc 0.7062 uar 0.7366 f1 0.6701
2025-12-23 16:44:38,555 - utils.logger2025-12-23-16.42.47 - INFO - Cur epoch 15 loss CE:0.1510 mse:0.0000 consistent:0.0000
2025-12-23 16:44:39,323 - utils.logger2025-12-23-16.42.47 - INFO - Cur epoch 15 loss CE:0.0488 mse:0.0000 consistent:0.0000
2025-12-23 16:44:40,201 - utils.logger2025-12-23-16.42.47 - INFO - Cur epoch 15 loss CE:0.8811 mse:0.0000 consistent:0.0000
2025-12-23 16:44:40,970 - utils.logger2025-12-23-16.42.47 - INFO - Cur epoch 15 loss CE:0.1610 mse:0.0000 consistent:0.0000
2025-12-23 16:44:41,740 - utils.logger2025-12-23-16.42.47 - INFO - Cur epoch 15 loss CE:0.1906 mse:0.0000 consistent:0.0000
2025-12-23 16:44:42,512 - utils.logger2025-12-23-16.42.47 - INFO - Cur epoch 15 loss CE:0.1708 mse:0.0000 consistent:0.0000
2025-12-23 16:44:43,286 - utils.logger2025-12-23-16.42.47 - INFO - Cur epoch 15 loss CE:0.0589 mse:0.0000 consistent:0.0000
2025-12-23 16:44:44,061 - utils.logger2025-12-23-16.42.47 - INFO - Cur epoch 15 loss CE:0.1104 mse:0.0000 consistent:0.0000
2025-12-23 16:44:44,799 - utils.logger2025-12-23-16.42.47 - INFO - Cur epoch 15 loss CE:0.1270 mse:0.0000 consistent:0.0000
2025-12-23 16:44:45,444 - utils.logger2025-12-23-16.42.47 - INFO - Cur epoch 15 loss CE:0.3689 mse:0.0000 consistent:0.0000
2025-12-23 16:44:46,173 - utils.logger2025-12-23-16.42.47 - INFO - Cur epoch 15 loss CE:0.4519 mse:0.0000 consistent:0.0000
2025-12-23 16:44:46,515 - utils.logger2025-12-23-16.42.47 - INFO - saving the model at the end of epoch 15, iters 1605
2025-12-23 16:44:46,662 - utils.logger2025-12-23-16.42.47 - INFO - End of training epoch 15 / 40 	 Time Taken: 8 sec
2025-12-23 16:44:46,662 - utils.logger2025-12-23-16.42.47 - INFO - learning rate = 0.0002000
2025-12-23 16:44:46,975 - utils.logger2025-12-23-16.42.47 - INFO - Val result of epoch 15 / 40 acc 0.7116 uar 0.6977 f1 0.6809
2025-12-23 16:44:47,192 - utils.logger2025-12-23-16.42.47 - INFO - Tst result of epoch 15 / 40 acc 0.7536 uar 0.6798 f1 0.6934
2025-12-23 16:44:47,513 - utils.logger2025-12-23-16.42.47 - INFO - Cur epoch 16 loss CE:0.1211 mse:0.0000 consistent:0.0000
2025-12-23 16:44:48,164 - utils.logger2025-12-23-16.42.47 - INFO - Cur epoch 16 loss CE:0.3797 mse:0.0000 consistent:0.0000
2025-12-23 16:44:48,816 - utils.logger2025-12-23-16.42.47 - INFO - Cur epoch 16 loss CE:0.1630 mse:0.0000 consistent:0.0000
2025-12-23 16:44:49,467 - utils.logger2025-12-23-16.42.47 - INFO - Cur epoch 16 loss CE:0.1682 mse:0.0000 consistent:0.0000
2025-12-23 16:44:50,119 - utils.logger2025-12-23-16.42.47 - INFO - Cur epoch 16 loss CE:0.0393 mse:0.0000 consistent:0.0000
2025-12-23 16:44:50,722 - utils.logger2025-12-23-16.42.47 - INFO - Cur epoch 16 loss CE:0.3698 mse:0.0000 consistent:0.0000
2025-12-23 16:44:51,484 - utils.logger2025-12-23-16.42.47 - INFO - Cur epoch 16 loss CE:0.0390 mse:0.0000 consistent:0.0000
2025-12-23 16:44:52,278 - utils.logger2025-12-23-16.42.47 - INFO - Cur epoch 16 loss CE:0.1145 mse:0.0000 consistent:0.0000
2025-12-23 16:44:53,096 - utils.logger2025-12-23-16.42.47 - INFO - Cur epoch 16 loss CE:0.2208 mse:0.0000 consistent:0.0000
2025-12-23 16:44:53,906 - utils.logger2025-12-23-16.42.47 - INFO - Cur epoch 16 loss CE:0.1145 mse:0.0000 consistent:0.0000
2025-12-23 16:44:54,657 - utils.logger2025-12-23-16.42.47 - INFO - Cur epoch 16 loss CE:0.0920 mse:0.0000 consistent:0.0000
2025-12-23 16:44:54,769 - utils.logger2025-12-23-16.42.47 - INFO - saving the model at the end of epoch 16, iters 1712
2025-12-23 16:44:54,908 - utils.logger2025-12-23-16.42.47 - INFO - End of training epoch 16 / 40 	 Time Taken: 7 sec
2025-12-23 16:44:54,909 - utils.logger2025-12-23-16.42.47 - INFO - learning rate = 0.0002000
2025-12-23 16:44:55,182 - utils.logger2025-12-23-16.42.47 - INFO - Val result of epoch 16 / 40 acc 0.7395 uar 0.7126 f1 0.7214
2025-12-23 16:44:55,446 - utils.logger2025-12-23-16.42.47 - INFO - Tst result of epoch 16 / 40 acc 0.7299 uar 0.6221 f1 0.6446
2025-12-23 16:44:55,988 - utils.logger2025-12-23-16.42.47 - INFO - Cur epoch 17 loss CE:0.0554 mse:0.0000 consistent:0.0000
2025-12-23 16:44:56,742 - utils.logger2025-12-23-16.42.47 - INFO - Cur epoch 17 loss CE:0.2599 mse:0.0000 consistent:0.0000
2025-12-23 16:44:57,521 - utils.logger2025-12-23-16.42.47 - INFO - Cur epoch 17 loss CE:0.1453 mse:0.0000 consistent:0.0000
2025-12-23 16:44:58,186 - utils.logger2025-12-23-16.42.47 - INFO - Cur epoch 17 loss CE:0.1337 mse:0.0000 consistent:0.0000
2025-12-23 16:44:58,829 - utils.logger2025-12-23-16.42.47 - INFO - Cur epoch 17 loss CE:0.0206 mse:0.0000 consistent:0.0000
2025-12-23 16:44:59,457 - utils.logger2025-12-23-16.42.47 - INFO - Cur epoch 17 loss CE:0.1449 mse:0.0000 consistent:0.0000
2025-12-23 16:45:00,112 - utils.logger2025-12-23-16.42.47 - INFO - Cur epoch 17 loss CE:0.0895 mse:0.0000 consistent:0.0000
2025-12-23 16:45:00,760 - utils.logger2025-12-23-16.42.47 - INFO - Cur epoch 17 loss CE:0.1174 mse:0.0000 consistent:0.0000
2025-12-23 16:45:01,416 - utils.logger2025-12-23-16.42.47 - INFO - Cur epoch 17 loss CE:0.3997 mse:0.0000 consistent:0.0000
2025-12-23 16:45:02,070 - utils.logger2025-12-23-16.42.47 - INFO - Cur epoch 17 loss CE:0.2714 mse:0.0000 consistent:0.0000
2025-12-23 16:45:02,648 - utils.logger2025-12-23-16.42.47 - INFO - saving the model at the end of epoch 17, iters 1819
2025-12-23 16:45:02,812 - utils.logger2025-12-23-16.42.47 - INFO - End of training epoch 17 / 40 	 Time Taken: 7 sec
2025-12-23 16:45:02,812 - utils.logger2025-12-23-16.42.47 - INFO - learning rate = 0.0002000
2025-12-23 16:45:03,157 - utils.logger2025-12-23-16.42.47 - INFO - Val result of epoch 17 / 40 acc 0.6884 uar 0.6733 f1 0.6653
2025-12-23 16:45:03,501 - utils.logger2025-12-23-16.42.47 - INFO - Tst result of epoch 17 / 40 acc 0.7536 uar 0.7149 f1 0.7012
2025-12-23 16:45:03,592 - utils.logger2025-12-23-16.42.47 - INFO - Cur epoch 18 loss CE:0.0364 mse:0.0000 consistent:0.0000
2025-12-23 16:45:04,518 - utils.logger2025-12-23-16.42.47 - INFO - Cur epoch 18 loss CE:0.5222 mse:0.0000 consistent:0.0000
2025-12-23 16:45:05,424 - utils.logger2025-12-23-16.42.47 - INFO - Cur epoch 18 loss CE:0.0879 mse:0.0000 consistent:0.0000
2025-12-23 16:45:06,101 - utils.logger2025-12-23-16.42.47 - INFO - Cur epoch 18 loss CE:0.0952 mse:0.0000 consistent:0.0000
2025-12-23 16:45:06,800 - utils.logger2025-12-23-16.42.47 - INFO - Cur epoch 18 loss CE:0.1753 mse:0.0000 consistent:0.0000
2025-12-23 16:45:07,558 - utils.logger2025-12-23-16.42.47 - INFO - Cur epoch 18 loss CE:0.0407 mse:0.0000 consistent:0.0000
2025-12-23 16:45:08,390 - utils.logger2025-12-23-16.42.47 - INFO - Cur epoch 18 loss CE:0.2768 mse:0.0000 consistent:0.0000
2025-12-23 16:45:09,141 - utils.logger2025-12-23-16.42.47 - INFO - Cur epoch 18 loss CE:0.2244 mse:0.0000 consistent:0.0000
2025-12-23 16:45:09,912 - utils.logger2025-12-23-16.42.47 - INFO - Cur epoch 18 loss CE:0.3680 mse:0.0000 consistent:0.0000
2025-12-23 16:45:10,773 - utils.logger2025-12-23-16.42.47 - INFO - Cur epoch 18 loss CE:0.5559 mse:0.0000 consistent:0.0000
2025-12-23 16:45:11,538 - utils.logger2025-12-23-16.42.47 - INFO - Cur epoch 18 loss CE:0.4295 mse:0.0000 consistent:0.0000
2025-12-23 16:45:11,898 - utils.logger2025-12-23-16.42.47 - INFO - saving the model at the end of epoch 18, iters 1926
2025-12-23 16:45:11,999 - utils.logger2025-12-23-16.42.47 - INFO - End of training epoch 18 / 40 	 Time Taken: 8 sec
2025-12-23 16:45:11,999 - utils.logger2025-12-23-16.42.47 - INFO - learning rate = 0.0002000
2025-12-23 16:45:12,212 - utils.logger2025-12-23-16.42.47 - INFO - Val result of epoch 18 / 40 acc 0.6977 uar 0.6664 f1 0.6620
2025-12-23 16:45:12,423 - utils.logger2025-12-23-16.42.47 - INFO - Tst result of epoch 18 / 40 acc 0.7583 uar 0.6154 f1 0.6683
2025-12-23 16:45:12,682 - utils.logger2025-12-23-16.42.47 - INFO - Cur epoch 19 loss CE:0.2014 mse:0.0000 consistent:0.0000
2025-12-23 16:45:13,318 - utils.logger2025-12-23-16.42.47 - INFO - Cur epoch 19 loss CE:0.0693 mse:0.0000 consistent:0.0000
2025-12-23 16:45:13,915 - utils.logger2025-12-23-16.42.47 - INFO - Cur epoch 19 loss CE:0.0700 mse:0.0000 consistent:0.0000
2025-12-23 16:45:14,477 - utils.logger2025-12-23-16.42.47 - INFO - Cur epoch 19 loss CE:0.3248 mse:0.0000 consistent:0.0000
2025-12-23 16:45:15,069 - utils.logger2025-12-23-16.42.47 - INFO - Cur epoch 19 loss CE:0.1961 mse:0.0000 consistent:0.0000
2025-12-23 16:45:15,663 - utils.logger2025-12-23-16.42.47 - INFO - Cur epoch 19 loss CE:0.1695 mse:0.0000 consistent:0.0000
2025-12-23 16:45:16,304 - utils.logger2025-12-23-16.42.47 - INFO - Cur epoch 19 loss CE:0.2125 mse:0.0000 consistent:0.0000
2025-12-23 16:45:16,950 - utils.logger2025-12-23-16.42.47 - INFO - Cur epoch 19 loss CE:0.0970 mse:0.0000 consistent:0.0000
2025-12-23 16:45:17,588 - utils.logger2025-12-23-16.42.47 - INFO - Cur epoch 19 loss CE:0.0797 mse:0.0000 consistent:0.0000
2025-12-23 16:45:18,230 - utils.logger2025-12-23-16.42.47 - INFO - Cur epoch 19 loss CE:0.1706 mse:0.0000 consistent:0.0000
2025-12-23 16:45:18,876 - utils.logger2025-12-23-16.42.47 - INFO - Cur epoch 19 loss CE:0.2405 mse:0.0000 consistent:0.0000
2025-12-23 16:45:19,045 - utils.logger2025-12-23-16.42.47 - INFO - saving the model at the end of epoch 19, iters 2033
2025-12-23 16:45:19,147 - utils.logger2025-12-23-16.42.47 - INFO - End of training epoch 19 / 40 	 Time Taken: 6 sec
2025-12-23 16:45:19,148 - utils.logger2025-12-23-16.42.47 - INFO - learning rate = 0.0002000
2025-12-23 16:45:19,363 - utils.logger2025-12-23-16.42.47 - INFO - Val result of epoch 19 / 40 acc 0.5907 uar 0.5691 f1 0.5643
2025-12-23 16:45:19,571 - utils.logger2025-12-23-16.42.47 - INFO - Tst result of epoch 19 / 40 acc 0.7536 uar 0.6779 f1 0.6828
2025-12-23 16:45:20,070 - utils.logger2025-12-23-16.42.47 - INFO - Cur epoch 20 loss CE:0.1588 mse:0.0000 consistent:0.0000
2025-12-23 16:45:20,964 - utils.logger2025-12-23-16.42.47 - INFO - Cur epoch 20 loss CE:0.2157 mse:0.0000 consistent:0.0000
2025-12-23 16:45:21,854 - utils.logger2025-12-23-16.42.47 - INFO - Cur epoch 20 loss CE:0.2747 mse:0.0000 consistent:0.0000
2025-12-23 16:45:22,617 - utils.logger2025-12-23-16.42.47 - INFO - Cur epoch 20 loss CE:0.0745 mse:0.0000 consistent:0.0000
2025-12-23 16:45:23,277 - utils.logger2025-12-23-16.42.47 - INFO - Cur epoch 20 loss CE:0.0799 mse:0.0000 consistent:0.0000
2025-12-23 16:45:23,890 - utils.logger2025-12-23-16.42.47 - INFO - Cur epoch 20 loss CE:0.1094 mse:0.0000 consistent:0.0000
2025-12-23 16:45:24,511 - utils.logger2025-12-23-16.42.47 - INFO - Cur epoch 20 loss CE:0.4061 mse:0.0000 consistent:0.0000
2025-12-23 16:45:25,132 - utils.logger2025-12-23-16.42.47 - INFO - Cur epoch 20 loss CE:0.0191 mse:0.0000 consistent:0.0000
2025-12-23 16:45:25,756 - utils.logger2025-12-23-16.42.47 - INFO - Cur epoch 20 loss CE:0.3712 mse:0.0000 consistent:0.0000
2025-12-23 16:45:26,374 - utils.logger2025-12-23-16.42.47 - INFO - Cur epoch 20 loss CE:0.0781 mse:0.0000 consistent:0.0000
2025-12-23 16:45:26,960 - utils.logger2025-12-23-16.42.47 - INFO - Cur epoch 20 loss CE:0.0861 mse:0.0000 consistent:0.0000
2025-12-23 16:45:26,961 - utils.logger2025-12-23-16.42.47 - INFO - saving the model at the end of epoch 20, iters 2140
2025-12-23 16:45:27,069 - utils.logger2025-12-23-16.42.47 - INFO - End of training epoch 20 / 40 	 Time Taken: 7 sec
2025-12-23 16:45:27,069 - utils.logger2025-12-23-16.42.47 - INFO - learning rate = 0.0001905
2025-12-23 16:45:27,278 - utils.logger2025-12-23-16.42.47 - INFO - Val result of epoch 20 / 40 acc 0.6977 uar 0.6739 f1 0.6734
2025-12-23 16:45:27,482 - utils.logger2025-12-23-16.42.47 - INFO - Tst result of epoch 20 / 40 acc 0.7583 uar 0.6986 f1 0.7028
2025-12-23 16:45:28,130 - utils.logger2025-12-23-16.42.47 - INFO - Cur epoch 21 loss CE:0.0199 mse:0.0000 consistent:0.0000
2025-12-23 16:45:28,882 - utils.logger2025-12-23-16.42.47 - INFO - Cur epoch 21 loss CE:0.0586 mse:0.0000 consistent:0.0000
2025-12-23 16:45:29,644 - utils.logger2025-12-23-16.42.47 - INFO - Cur epoch 21 loss CE:0.1446 mse:0.0000 consistent:0.0000
2025-12-23 16:45:30,392 - utils.logger2025-12-23-16.42.47 - INFO - Cur epoch 21 loss CE:0.0754 mse:0.0000 consistent:0.0000
2025-12-23 16:45:31,144 - utils.logger2025-12-23-16.42.47 - INFO - Cur epoch 21 loss CE:0.2145 mse:0.0000 consistent:0.0000
2025-12-23 16:45:31,946 - utils.logger2025-12-23-16.42.47 - INFO - Cur epoch 21 loss CE:0.0406 mse:0.0000 consistent:0.0000
2025-12-23 16:45:32,723 - utils.logger2025-12-23-16.42.47 - INFO - Cur epoch 21 loss CE:0.0310 mse:0.0000 consistent:0.0000
2025-12-23 16:45:33,497 - utils.logger2025-12-23-16.42.47 - INFO - Cur epoch 21 loss CE:0.0092 mse:0.0000 consistent:0.0000
2025-12-23 16:45:34,263 - utils.logger2025-12-23-16.42.47 - INFO - Cur epoch 21 loss CE:0.1645 mse:0.0000 consistent:0.0000
2025-12-23 16:45:35,093 - utils.logger2025-12-23-16.42.47 - INFO - Cur epoch 21 loss CE:0.1302 mse:0.0000 consistent:0.0000
2025-12-23 16:45:35,694 - utils.logger2025-12-23-16.42.47 - INFO - saving the model at the end of epoch 21, iters 2247
2025-12-23 16:45:35,870 - utils.logger2025-12-23-16.42.47 - INFO - End of training epoch 21 / 40 	 Time Taken: 8 sec
2025-12-23 16:45:35,870 - utils.logger2025-12-23-16.42.47 - INFO - learning rate = 0.0001810
2025-12-23 16:45:36,221 - utils.logger2025-12-23-16.42.47 - INFO - Val result of epoch 21 / 40 acc 0.6791 uar 0.6869 f1 0.6537
2025-12-23 16:45:36,564 - utils.logger2025-12-23-16.42.47 - INFO - Tst result of epoch 21 / 40 acc 0.6967 uar 0.6174 f1 0.6077
2025-12-23 16:45:36,899 - utils.logger2025-12-23-16.42.47 - INFO - Cur epoch 22 loss CE:0.0545 mse:0.0000 consistent:0.0000
2025-12-23 16:45:37,826 - utils.logger2025-12-23-16.42.47 - INFO - Cur epoch 22 loss CE:0.0118 mse:0.0000 consistent:0.0000
2025-12-23 16:45:38,751 - utils.logger2025-12-23-16.42.47 - INFO - Cur epoch 22 loss CE:0.1836 mse:0.0000 consistent:0.0000
2025-12-23 16:45:39,680 - utils.logger2025-12-23-16.42.47 - INFO - Cur epoch 22 loss CE:0.2150 mse:0.0000 consistent:0.0000
2025-12-23 16:45:40,573 - utils.logger2025-12-23-16.42.47 - INFO - Cur epoch 22 loss CE:0.0624 mse:0.0000 consistent:0.0000
2025-12-23 16:45:41,230 - utils.logger2025-12-23-16.42.47 - INFO - Cur epoch 22 loss CE:0.0109 mse:0.0000 consistent:0.0000
2025-12-23 16:45:41,884 - utils.logger2025-12-23-16.42.47 - INFO - Cur epoch 22 loss CE:0.2051 mse:0.0000 consistent:0.0000
2025-12-23 16:45:42,728 - utils.logger2025-12-23-16.42.47 - INFO - Cur epoch 22 loss CE:0.1605 mse:0.0000 consistent:0.0000
2025-12-23 16:45:43,624 - utils.logger2025-12-23-16.42.47 - INFO - Cur epoch 22 loss CE:0.0622 mse:0.0000 consistent:0.0000
2025-12-23 16:45:44,525 - utils.logger2025-12-23-16.42.47 - INFO - Cur epoch 22 loss CE:0.2771 mse:0.0000 consistent:0.0000
2025-12-23 16:45:45,441 - utils.logger2025-12-23-16.42.47 - INFO - Cur epoch 22 loss CE:0.1374 mse:0.0000 consistent:0.0000
2025-12-23 16:45:45,762 - utils.logger2025-12-23-16.42.47 - INFO - saving the model at the end of epoch 22, iters 2354
2025-12-23 16:45:45,914 - utils.logger2025-12-23-16.42.47 - INFO - End of training epoch 22 / 40 	 Time Taken: 9 sec
2025-12-23 16:45:45,914 - utils.logger2025-12-23-16.42.47 - INFO - learning rate = 0.0001714
2025-12-23 16:45:46,238 - utils.logger2025-12-23-16.42.47 - INFO - Val result of epoch 22 / 40 acc 0.7488 uar 0.7240 f1 0.7240
2025-12-23 16:45:46,571 - utils.logger2025-12-23-16.42.47 - INFO - Tst result of epoch 22 / 40 acc 0.7346 uar 0.6247 f1 0.6473
2025-12-23 16:45:47,115 - utils.logger2025-12-23-16.42.47 - INFO - Cur epoch 23 loss CE:0.2114 mse:0.0000 consistent:0.0000
2025-12-23 16:45:47,978 - utils.logger2025-12-23-16.42.47 - INFO - Cur epoch 23 loss CE:0.0504 mse:0.0000 consistent:0.0000
2025-12-23 16:45:48,836 - utils.logger2025-12-23-16.42.47 - INFO - Cur epoch 23 loss CE:0.0333 mse:0.0000 consistent:0.0000
2025-12-23 16:45:49,730 - utils.logger2025-12-23-16.42.47 - INFO - Cur epoch 23 loss CE:0.5741 mse:0.0000 consistent:0.0000
2025-12-23 16:45:50,670 - utils.logger2025-12-23-16.42.47 - INFO - Cur epoch 23 loss CE:0.0625 mse:0.0000 consistent:0.0000
2025-12-23 16:45:51,576 - utils.logger2025-12-23-16.42.47 - INFO - Cur epoch 23 loss CE:0.1134 mse:0.0000 consistent:0.0000
2025-12-23 16:45:52,473 - utils.logger2025-12-23-16.42.47 - INFO - Cur epoch 23 loss CE:0.0313 mse:0.0000 consistent:0.0000
2025-12-23 16:45:53,361 - utils.logger2025-12-23-16.42.47 - INFO - Cur epoch 23 loss CE:0.1474 mse:0.0000 consistent:0.0000
2025-12-23 16:45:54,119 - utils.logger2025-12-23-16.42.47 - INFO - Cur epoch 23 loss CE:0.0377 mse:0.0000 consistent:0.0000
2025-12-23 16:45:54,805 - utils.logger2025-12-23-16.42.47 - INFO - Cur epoch 23 loss CE:0.0221 mse:0.0000 consistent:0.0000
2025-12-23 16:45:55,462 - utils.logger2025-12-23-16.42.47 - INFO - Cur epoch 23 loss CE:0.3381 mse:0.0000 consistent:0.0000
2025-12-23 16:45:55,500 - utils.logger2025-12-23-16.42.47 - INFO - saving the model at the end of epoch 23, iters 2461
2025-12-23 16:45:55,591 - utils.logger2025-12-23-16.42.47 - INFO - End of training epoch 23 / 40 	 Time Taken: 9 sec
2025-12-23 16:45:55,591 - utils.logger2025-12-23-16.42.47 - INFO - learning rate = 0.0001619
2025-12-23 16:45:55,802 - utils.logger2025-12-23-16.42.47 - INFO - Val result of epoch 23 / 40 acc 0.6419 uar 0.6367 f1 0.5921
2025-12-23 16:45:56,003 - utils.logger2025-12-23-16.42.47 - INFO - Tst result of epoch 23 / 40 acc 0.7346 uar 0.6034 f1 0.6261
2025-12-23 16:45:56,571 - utils.logger2025-12-23-16.42.47 - INFO - Cur epoch 24 loss CE:0.1975 mse:0.0000 consistent:0.0000
2025-12-23 16:45:57,328 - utils.logger2025-12-23-16.42.47 - INFO - Cur epoch 24 loss CE:0.0105 mse:0.0000 consistent:0.0000
2025-12-23 16:45:58,085 - utils.logger2025-12-23-16.42.47 - INFO - Cur epoch 24 loss CE:0.2838 mse:0.0000 consistent:0.0000
2025-12-23 16:45:58,833 - utils.logger2025-12-23-16.42.47 - INFO - Cur epoch 24 loss CE:0.0193 mse:0.0000 consistent:0.0000
2025-12-23 16:45:59,581 - utils.logger2025-12-23-16.42.47 - INFO - Cur epoch 24 loss CE:0.0338 mse:0.0000 consistent:0.0000
2025-12-23 16:46:00,326 - utils.logger2025-12-23-16.42.47 - INFO - Cur epoch 24 loss CE:0.1327 mse:0.0000 consistent:0.0000
2025-12-23 16:46:01,073 - utils.logger2025-12-23-16.42.47 - INFO - Cur epoch 24 loss CE:0.0242 mse:0.0000 consistent:0.0000
2025-12-23 16:46:01,870 - utils.logger2025-12-23-16.42.47 - INFO - Cur epoch 24 loss CE:0.1325 mse:0.0000 consistent:0.0000
2025-12-23 16:46:02,630 - utils.logger2025-12-23-16.42.47 - INFO - Cur epoch 24 loss CE:0.0317 mse:0.0000 consistent:0.0000
2025-12-23 16:46:03,403 - utils.logger2025-12-23-16.42.47 - INFO - Cur epoch 24 loss CE:0.0429 mse:0.0000 consistent:0.0000
2025-12-23 16:46:03,954 - utils.logger2025-12-23-16.42.47 - INFO - saving the model at the end of epoch 24, iters 2568
2025-12-23 16:46:04,096 - utils.logger2025-12-23-16.42.47 - INFO - End of training epoch 24 / 40 	 Time Taken: 8 sec
2025-12-23 16:46:04,096 - utils.logger2025-12-23-16.42.47 - INFO - learning rate = 0.0001524
2025-12-23 16:46:04,398 - utils.logger2025-12-23-16.42.47 - INFO - Val result of epoch 24 / 40 acc 0.6233 uar 0.6412 f1 0.5909
2025-12-23 16:46:04,669 - utils.logger2025-12-23-16.42.47 - INFO - Tst result of epoch 24 / 40 acc 0.7204 uar 0.6441 f1 0.6524
2025-12-23 16:46:04,822 - utils.logger2025-12-23-16.42.47 - INFO - Cur epoch 25 loss CE:0.0826 mse:0.0000 consistent:0.0000
2025-12-23 16:46:05,611 - utils.logger2025-12-23-16.42.47 - INFO - Cur epoch 25 loss CE:0.0055 mse:0.0000 consistent:0.0000
2025-12-23 16:46:06,379 - utils.logger2025-12-23-16.42.47 - INFO - Cur epoch 25 loss CE:0.0738 mse:0.0000 consistent:0.0000
2025-12-23 16:46:07,016 - utils.logger2025-12-23-16.42.47 - INFO - Cur epoch 25 loss CE:0.0894 mse:0.0000 consistent:0.0000
2025-12-23 16:46:07,657 - utils.logger2025-12-23-16.42.47 - INFO - Cur epoch 25 loss CE:0.0899 mse:0.0000 consistent:0.0000
2025-12-23 16:46:08,294 - utils.logger2025-12-23-16.42.47 - INFO - Cur epoch 25 loss CE:0.1906 mse:0.0000 consistent:0.0000
2025-12-23 16:46:08,948 - utils.logger2025-12-23-16.42.47 - INFO - Cur epoch 25 loss CE:0.0614 mse:0.0000 consistent:0.0000
2025-12-23 16:46:09,595 - utils.logger2025-12-23-16.42.47 - INFO - Cur epoch 25 loss CE:0.0649 mse:0.0000 consistent:0.0000
2025-12-23 16:46:10,253 - utils.logger2025-12-23-16.42.47 - INFO - Cur epoch 25 loss CE:0.2987 mse:0.0000 consistent:0.0000
2025-12-23 16:46:10,906 - utils.logger2025-12-23-16.42.47 - INFO - Cur epoch 25 loss CE:0.0573 mse:0.0000 consistent:0.0000
2025-12-23 16:46:11,622 - utils.logger2025-12-23-16.42.47 - INFO - Cur epoch 25 loss CE:0.4913 mse:0.0000 consistent:0.0000
2025-12-23 16:46:12,028 - utils.logger2025-12-23-16.42.47 - INFO - saving the model at the end of epoch 25, iters 2675
2025-12-23 16:46:12,187 - utils.logger2025-12-23-16.42.47 - INFO - End of training epoch 25 / 40 	 Time Taken: 7 sec
2025-12-23 16:46:12,188 - utils.logger2025-12-23-16.42.47 - INFO - learning rate = 0.0001429
2025-12-23 16:46:12,460 - utils.logger2025-12-23-16.42.47 - INFO - Val result of epoch 25 / 40 acc 0.6186 uar 0.6218 f1 0.5739
2025-12-23 16:46:12,724 - utils.logger2025-12-23-16.42.47 - INFO - Tst result of epoch 25 / 40 acc 0.7393 uar 0.6811 f1 0.6785
2025-12-23 16:46:13,096 - utils.logger2025-12-23-16.42.47 - INFO - Cur epoch 26 loss CE:0.0453 mse:0.0000 consistent:0.0000
2025-12-23 16:46:13,862 - utils.logger2025-12-23-16.42.47 - INFO - Cur epoch 26 loss CE:0.2191 mse:0.0000 consistent:0.0000
2025-12-23 16:46:14,558 - utils.logger2025-12-23-16.42.47 - INFO - Cur epoch 26 loss CE:0.0030 mse:0.0000 consistent:0.0000
2025-12-23 16:46:15,180 - utils.logger2025-12-23-16.42.47 - INFO - Cur epoch 26 loss CE:0.0202 mse:0.0000 consistent:0.0000
2025-12-23 16:46:15,794 - utils.logger2025-12-23-16.42.47 - INFO - Cur epoch 26 loss CE:0.0413 mse:0.0000 consistent:0.0000
2025-12-23 16:46:16,412 - utils.logger2025-12-23-16.42.47 - INFO - Cur epoch 26 loss CE:0.0075 mse:0.0000 consistent:0.0000
2025-12-23 16:46:17,061 - utils.logger2025-12-23-16.42.47 - INFO - Cur epoch 26 loss CE:0.4415 mse:0.0000 consistent:0.0000
2025-12-23 16:46:17,820 - utils.logger2025-12-23-16.42.47 - INFO - Cur epoch 26 loss CE:0.0126 mse:0.0000 consistent:0.0000
2025-12-23 16:46:18,592 - utils.logger2025-12-23-16.42.47 - INFO - Cur epoch 26 loss CE:0.0508 mse:0.0000 consistent:0.0000
2025-12-23 16:46:19,350 - utils.logger2025-12-23-16.42.47 - INFO - Cur epoch 26 loss CE:0.0057 mse:0.0000 consistent:0.0000
2025-12-23 16:46:20,115 - utils.logger2025-12-23-16.42.47 - INFO - Cur epoch 26 loss CE:0.0379 mse:0.0000 consistent:0.0000
2025-12-23 16:46:20,233 - utils.logger2025-12-23-16.42.47 - INFO - saving the model at the end of epoch 26, iters 2782
2025-12-23 16:46:20,333 - utils.logger2025-12-23-16.42.47 - INFO - End of training epoch 26 / 40 	 Time Taken: 7 sec
2025-12-23 16:46:20,333 - utils.logger2025-12-23-16.42.47 - INFO - learning rate = 0.0001333
2025-12-23 16:46:20,551 - utils.logger2025-12-23-16.42.47 - INFO - Val result of epoch 26 / 40 acc 0.6605 uar 0.6658 f1 0.6352
2025-12-23 16:46:20,763 - utils.logger2025-12-23-16.42.47 - INFO - Tst result of epoch 26 / 40 acc 0.7346 uar 0.6579 f1 0.6679
2025-12-23 16:46:21,267 - utils.logger2025-12-23-16.42.47 - INFO - Cur epoch 27 loss CE:0.0734 mse:0.0000 consistent:0.0000
2025-12-23 16:46:21,906 - utils.logger2025-12-23-16.42.47 - INFO - Cur epoch 27 loss CE:0.0300 mse:0.0000 consistent:0.0000
2025-12-23 16:46:22,544 - utils.logger2025-12-23-16.42.47 - INFO - Cur epoch 27 loss CE:0.1542 mse:0.0000 consistent:0.0000
2025-12-23 16:46:23,190 - utils.logger2025-12-23-16.42.47 - INFO - Cur epoch 27 loss CE:0.0413 mse:0.0000 consistent:0.0000
2025-12-23 16:46:23,824 - utils.logger2025-12-23-16.42.47 - INFO - Cur epoch 27 loss CE:0.0048 mse:0.0000 consistent:0.0000
2025-12-23 16:46:24,454 - utils.logger2025-12-23-16.42.47 - INFO - Cur epoch 27 loss CE:0.0058 mse:0.0000 consistent:0.0000
2025-12-23 16:46:25,093 - utils.logger2025-12-23-16.42.47 - INFO - Cur epoch 27 loss CE:0.0023 mse:0.0000 consistent:0.0000
2025-12-23 16:46:25,725 - utils.logger2025-12-23-16.42.47 - INFO - Cur epoch 27 loss CE:0.0226 mse:0.0000 consistent:0.0000
2025-12-23 16:46:26,326 - utils.logger2025-12-23-16.42.47 - INFO - Cur epoch 27 loss CE:0.0302 mse:0.0000 consistent:0.0000
2025-12-23 16:46:26,897 - utils.logger2025-12-23-16.42.47 - INFO - Cur epoch 27 loss CE:0.0509 mse:0.0000 consistent:0.0000
2025-12-23 16:46:27,391 - utils.logger2025-12-23-16.42.47 - INFO - saving the model at the end of epoch 27, iters 2889
2025-12-23 16:46:27,494 - utils.logger2025-12-23-16.42.47 - INFO - End of training epoch 27 / 40 	 Time Taken: 6 sec
2025-12-23 16:46:27,494 - utils.logger2025-12-23-16.42.47 - INFO - learning rate = 0.0001238
2025-12-23 16:46:27,705 - utils.logger2025-12-23-16.42.47 - INFO - Val result of epoch 27 / 40 acc 0.6651 uar 0.6594 f1 0.6349
2025-12-23 16:46:27,918 - utils.logger2025-12-23-16.42.47 - INFO - Tst result of epoch 27 / 40 acc 0.7346 uar 0.6426 f1 0.6611
2025-12-23 16:46:27,974 - utils.logger2025-12-23-16.42.47 - INFO - Cur epoch 28 loss CE:0.0369 mse:0.0000 consistent:0.0000
2025-12-23 16:46:28,541 - utils.logger2025-12-23-16.42.47 - INFO - Cur epoch 28 loss CE:0.0800 mse:0.0000 consistent:0.0000
2025-12-23 16:46:29,184 - utils.logger2025-12-23-16.42.47 - INFO - Cur epoch 28 loss CE:0.2733 mse:0.0000 consistent:0.0000
2025-12-23 16:46:29,940 - utils.logger2025-12-23-16.42.47 - INFO - Cur epoch 28 loss CE:0.0407 mse:0.0000 consistent:0.0000
2025-12-23 16:46:30,684 - utils.logger2025-12-23-16.42.47 - INFO - Cur epoch 28 loss CE:0.0056 mse:0.0000 consistent:0.0000
2025-12-23 16:46:31,430 - utils.logger2025-12-23-16.42.47 - INFO - Cur epoch 28 loss CE:0.5220 mse:0.0000 consistent:0.0000
2025-12-23 16:46:32,191 - utils.logger2025-12-23-16.42.47 - INFO - Cur epoch 28 loss CE:0.0585 mse:0.0000 consistent:0.0000
2025-12-23 16:46:32,956 - utils.logger2025-12-23-16.42.47 - INFO - Cur epoch 28 loss CE:0.0253 mse:0.0000 consistent:0.0000
2025-12-23 16:46:33,714 - utils.logger2025-12-23-16.42.47 - INFO - Cur epoch 28 loss CE:0.0017 mse:0.0000 consistent:0.0000
2025-12-23 16:46:34,476 - utils.logger2025-12-23-16.42.47 - INFO - Cur epoch 28 loss CE:0.0047 mse:0.0000 consistent:0.0000
2025-12-23 16:46:35,237 - utils.logger2025-12-23-16.42.47 - INFO - Cur epoch 28 loss CE:0.0662 mse:0.0000 consistent:0.0000
2025-12-23 16:46:35,628 - utils.logger2025-12-23-16.42.47 - INFO - saving the model at the end of epoch 28, iters 2996
2025-12-23 16:46:35,753 - utils.logger2025-12-23-16.42.47 - INFO - End of training epoch 28 / 40 	 Time Taken: 7 sec
2025-12-23 16:46:35,754 - utils.logger2025-12-23-16.42.47 - INFO - learning rate = 0.0001143
2025-12-23 16:46:36,025 - utils.logger2025-12-23-16.42.47 - INFO - Val result of epoch 28 / 40 acc 0.7116 uar 0.6903 f1 0.6820
2025-12-23 16:46:36,292 - utils.logger2025-12-23-16.42.47 - INFO - Tst result of epoch 28 / 40 acc 0.7630 uar 0.6747 f1 0.6982
2025-12-23 16:46:36,590 - utils.logger2025-12-23-16.42.47 - INFO - Cur epoch 29 loss CE:0.0163 mse:0.0000 consistent:0.0000
2025-12-23 16:46:37,343 - utils.logger2025-12-23-16.42.47 - INFO - Cur epoch 29 loss CE:0.0014 mse:0.0000 consistent:0.0000
2025-12-23 16:46:38,066 - utils.logger2025-12-23-16.42.47 - INFO - Cur epoch 29 loss CE:0.1550 mse:0.0000 consistent:0.0000
2025-12-23 16:46:38,697 - utils.logger2025-12-23-16.42.47 - INFO - Cur epoch 29 loss CE:0.0259 mse:0.0000 consistent:0.0000
2025-12-23 16:46:39,354 - utils.logger2025-12-23-16.42.47 - INFO - Cur epoch 29 loss CE:0.0294 mse:0.0000 consistent:0.0000
2025-12-23 16:46:39,999 - utils.logger2025-12-23-16.42.47 - INFO - Cur epoch 29 loss CE:0.2056 mse:0.0000 consistent:0.0000
2025-12-23 16:46:40,611 - utils.logger2025-12-23-16.42.47 - INFO - Cur epoch 29 loss CE:0.1784 mse:0.0000 consistent:0.0000
2025-12-23 16:46:41,207 - utils.logger2025-12-23-16.42.47 - INFO - Cur epoch 29 loss CE:0.0362 mse:0.0000 consistent:0.0000
2025-12-23 16:46:41,799 - utils.logger2025-12-23-16.42.47 - INFO - Cur epoch 29 loss CE:0.0027 mse:0.0000 consistent:0.0000
2025-12-23 16:46:42,352 - utils.logger2025-12-23-16.42.47 - INFO - Cur epoch 29 loss CE:0.0196 mse:0.0000 consistent:0.0000
2025-12-23 16:46:42,904 - utils.logger2025-12-23-16.42.47 - INFO - Cur epoch 29 loss CE:0.0685 mse:0.0000 consistent:0.0000
2025-12-23 16:46:43,048 - utils.logger2025-12-23-16.42.47 - INFO - saving the model at the end of epoch 29, iters 3103
2025-12-23 16:46:43,146 - utils.logger2025-12-23-16.42.47 - INFO - End of training epoch 29 / 40 	 Time Taken: 6 sec
2025-12-23 16:46:43,147 - utils.logger2025-12-23-16.42.47 - INFO - learning rate = 0.0001048
2025-12-23 16:46:43,352 - utils.logger2025-12-23-16.42.47 - INFO - Val result of epoch 29 / 40 acc 0.6512 uar 0.6347 f1 0.6004
2025-12-23 16:46:43,554 - utils.logger2025-12-23-16.42.47 - INFO - Tst result of epoch 29 / 40 acc 0.7299 uar 0.5794 f1 0.6141
2025-12-23 16:46:43,999 - utils.logger2025-12-23-16.42.47 - INFO - Cur epoch 30 loss CE:0.0091 mse:0.0000 consistent:0.0000
2025-12-23 16:46:44,642 - utils.logger2025-12-23-16.42.47 - INFO - Cur epoch 30 loss CE:0.0030 mse:0.0000 consistent:0.0000
2025-12-23 16:46:45,279 - utils.logger2025-12-23-16.42.47 - INFO - Cur epoch 30 loss CE:0.0941 mse:0.0000 consistent:0.0000
2025-12-23 16:46:45,911 - utils.logger2025-12-23-16.42.47 - INFO - Cur epoch 30 loss CE:0.0282 mse:0.0000 consistent:0.0000
2025-12-23 16:46:46,572 - utils.logger2025-12-23-16.42.47 - INFO - Cur epoch 30 loss CE:0.0173 mse:0.0000 consistent:0.0000
2025-12-23 16:46:47,260 - utils.logger2025-12-23-16.42.47 - INFO - Cur epoch 30 loss CE:0.0855 mse:0.0000 consistent:0.0000
2025-12-23 16:46:48,011 - utils.logger2025-12-23-16.42.47 - INFO - Cur epoch 30 loss CE:0.0047 mse:0.0000 consistent:0.0000
2025-12-23 16:46:48,758 - utils.logger2025-12-23-16.42.47 - INFO - Cur epoch 30 loss CE:0.0419 mse:0.0000 consistent:0.0000
2025-12-23 16:46:49,508 - utils.logger2025-12-23-16.42.47 - INFO - Cur epoch 30 loss CE:0.0475 mse:0.0000 consistent:0.0000
2025-12-23 16:46:50,256 - utils.logger2025-12-23-16.42.47 - INFO - Cur epoch 30 loss CE:0.0007 mse:0.0000 consistent:0.0000
2025-12-23 16:46:50,948 - utils.logger2025-12-23-16.42.47 - INFO - Cur epoch 30 loss CE:0.0020 mse:0.0000 consistent:0.0000
2025-12-23 16:46:50,948 - utils.logger2025-12-23-16.42.47 - INFO - saving the model at the end of epoch 30, iters 3210
2025-12-23 16:46:51,070 - utils.logger2025-12-23-16.42.47 - INFO - End of training epoch 30 / 40 	 Time Taken: 7 sec
2025-12-23 16:46:51,070 - utils.logger2025-12-23-16.42.47 - INFO - learning rate = 0.0000952
2025-12-23 16:46:51,333 - utils.logger2025-12-23-16.42.47 - INFO - Val result of epoch 30 / 40 acc 0.7116 uar 0.7012 f1 0.6888
2025-12-23 16:46:51,594 - utils.logger2025-12-23-16.42.47 - INFO - Tst result of epoch 30 / 40 acc 0.7725 uar 0.6643 f1 0.6975
2025-12-23 16:46:52,337 - utils.logger2025-12-23-16.42.47 - INFO - Cur epoch 31 loss CE:0.0060 mse:0.0000 consistent:0.0000
2025-12-23 16:46:53,095 - utils.logger2025-12-23-16.42.47 - INFO - Cur epoch 31 loss CE:0.0006 mse:0.0000 consistent:0.0000
2025-12-23 16:46:53,767 - utils.logger2025-12-23-16.42.47 - INFO - Cur epoch 31 loss CE:0.1733 mse:0.0000 consistent:0.0000
2025-12-23 16:46:54,401 - utils.logger2025-12-23-16.42.47 - INFO - Cur epoch 31 loss CE:0.0504 mse:0.0000 consistent:0.0000
2025-12-23 16:46:55,032 - utils.logger2025-12-23-16.42.47 - INFO - Cur epoch 31 loss CE:0.0018 mse:0.0000 consistent:0.0000
2025-12-23 16:46:55,670 - utils.logger2025-12-23-16.42.47 - INFO - Cur epoch 31 loss CE:0.1460 mse:0.0000 consistent:0.0000
2025-12-23 16:46:56,301 - utils.logger2025-12-23-16.42.47 - INFO - Cur epoch 31 loss CE:0.0209 mse:0.0000 consistent:0.0000
2025-12-23 16:46:56,926 - utils.logger2025-12-23-16.42.47 - INFO - Cur epoch 31 loss CE:0.0403 mse:0.0000 consistent:0.0000
2025-12-23 16:46:57,656 - utils.logger2025-12-23-16.42.47 - INFO - Cur epoch 31 loss CE:0.1254 mse:0.0000 consistent:0.0000
2025-12-23 16:46:58,577 - utils.logger2025-12-23-16.42.47 - INFO - Cur epoch 31 loss CE:0.1898 mse:0.0000 consistent:0.0000
2025-12-23 16:46:59,188 - utils.logger2025-12-23-16.42.47 - INFO - saving the model at the end of epoch 31, iters 3317
2025-12-23 16:46:59,370 - utils.logger2025-12-23-16.42.47 - INFO - End of training epoch 31 / 40 	 Time Taken: 7 sec
2025-12-23 16:46:59,371 - utils.logger2025-12-23-16.42.47 - INFO - learning rate = 0.0000857
2025-12-23 16:46:59,710 - utils.logger2025-12-23-16.42.47 - INFO - Val result of epoch 31 / 40 acc 0.6930 uar 0.6803 f1 0.6723
2025-12-23 16:46:59,987 - utils.logger2025-12-23-16.42.47 - INFO - Tst result of epoch 31 / 40 acc 0.7725 uar 0.6513 f1 0.6929
2025-12-23 16:47:00,217 - utils.logger2025-12-23-16.42.47 - INFO - Cur epoch 32 loss CE:0.0330 mse:0.0000 consistent:0.0000
2025-12-23 16:47:00,945 - utils.logger2025-12-23-16.42.47 - INFO - Cur epoch 32 loss CE:0.1796 mse:0.0000 consistent:0.0000
2025-12-23 16:47:01,654 - utils.logger2025-12-23-16.42.47 - INFO - Cur epoch 32 loss CE:0.1102 mse:0.0000 consistent:0.0000
2025-12-23 16:47:02,327 - utils.logger2025-12-23-16.42.47 - INFO - Cur epoch 32 loss CE:0.2778 mse:0.0000 consistent:0.0000
2025-12-23 16:47:02,919 - utils.logger2025-12-23-16.42.47 - INFO - Cur epoch 32 loss CE:0.0261 mse:0.0000 consistent:0.0000
2025-12-23 16:47:03,667 - utils.logger2025-12-23-16.42.47 - INFO - Cur epoch 32 loss CE:0.0218 mse:0.0000 consistent:0.0000
2025-12-23 16:47:04,432 - utils.logger2025-12-23-16.42.47 - INFO - Cur epoch 32 loss CE:0.0023 mse:0.0000 consistent:0.0000
2025-12-23 16:47:05,192 - utils.logger2025-12-23-16.42.47 - INFO - Cur epoch 32 loss CE:0.4745 mse:0.0000 consistent:0.0000
2025-12-23 16:47:05,905 - utils.logger2025-12-23-16.42.47 - INFO - Cur epoch 32 loss CE:0.0057 mse:0.0000 consistent:0.0000
2025-12-23 16:47:06,660 - utils.logger2025-12-23-16.42.47 - INFO - Cur epoch 32 loss CE:0.1141 mse:0.0000 consistent:0.0000
2025-12-23 16:47:07,422 - utils.logger2025-12-23-16.42.47 - INFO - Cur epoch 32 loss CE:0.1107 mse:0.0000 consistent:0.0000
2025-12-23 16:47:07,692 - utils.logger2025-12-23-16.42.47 - INFO - saving the model at the end of epoch 32, iters 3424
2025-12-23 16:47:07,820 - utils.logger2025-12-23-16.42.47 - INFO - End of training epoch 32 / 40 	 Time Taken: 7 sec
2025-12-23 16:47:07,820 - utils.logger2025-12-23-16.42.47 - INFO - learning rate = 0.0000762
2025-12-23 16:47:08,034 - utils.logger2025-12-23-16.42.47 - INFO - Val result of epoch 32 / 40 acc 0.6791 uar 0.6744 f1 0.6426
2025-12-23 16:47:08,246 - utils.logger2025-12-23-16.42.47 - INFO - Tst result of epoch 32 / 40 acc 0.7346 uar 0.6093 f1 0.6398
2025-12-23 16:47:08,630 - utils.logger2025-12-23-16.42.47 - INFO - Cur epoch 33 loss CE:0.0085 mse:0.0000 consistent:0.0000
2025-12-23 16:47:09,273 - utils.logger2025-12-23-16.42.47 - INFO - Cur epoch 33 loss CE:0.0021 mse:0.0000 consistent:0.0000
2025-12-23 16:47:09,924 - utils.logger2025-12-23-16.42.47 - INFO - Cur epoch 33 loss CE:0.0244 mse:0.0000 consistent:0.0000
2025-12-23 16:47:10,582 - utils.logger2025-12-23-16.42.47 - INFO - Cur epoch 33 loss CE:0.0754 mse:0.0000 consistent:0.0000
2025-12-23 16:47:11,231 - utils.logger2025-12-23-16.42.47 - INFO - Cur epoch 33 loss CE:0.0910 mse:0.0000 consistent:0.0000
2025-12-23 16:47:11,876 - utils.logger2025-12-23-16.42.47 - INFO - Cur epoch 33 loss CE:0.0018 mse:0.0000 consistent:0.0000
2025-12-23 16:47:12,526 - utils.logger2025-12-23-16.42.47 - INFO - Cur epoch 33 loss CE:0.5513 mse:0.0000 consistent:0.0000
2025-12-23 16:47:13,173 - utils.logger2025-12-23-16.42.47 - INFO - Cur epoch 33 loss CE:0.0009 mse:0.0000 consistent:0.0000
2025-12-23 16:47:13,822 - utils.logger2025-12-23-16.42.47 - INFO - Cur epoch 33 loss CE:0.0908 mse:0.0000 consistent:0.0000
2025-12-23 16:47:14,520 - utils.logger2025-12-23-16.42.47 - INFO - Cur epoch 33 loss CE:0.0357 mse:0.0000 consistent:0.0000
2025-12-23 16:47:15,280 - utils.logger2025-12-23-16.42.47 - INFO - Cur epoch 33 loss CE:0.0050 mse:0.0000 consistent:0.0000
2025-12-23 16:47:15,326 - utils.logger2025-12-23-16.42.47 - INFO - saving the model at the end of epoch 33, iters 3531
2025-12-23 16:47:15,465 - utils.logger2025-12-23-16.42.47 - INFO - End of training epoch 33 / 40 	 Time Taken: 7 sec
2025-12-23 16:47:15,465 - utils.logger2025-12-23-16.42.47 - INFO - learning rate = 0.0000667
2025-12-23 16:47:15,771 - utils.logger2025-12-23-16.42.47 - INFO - Val result of epoch 33 / 40 acc 0.7070 uar 0.7084 f1 0.6865
2025-12-23 16:47:16,038 - utils.logger2025-12-23-16.42.47 - INFO - Tst result of epoch 33 / 40 acc 0.7536 uar 0.6501 f1 0.6755
2025-12-23 16:47:16,710 - utils.logger2025-12-23-16.42.47 - INFO - Cur epoch 34 loss CE:0.0170 mse:0.0000 consistent:0.0000
2025-12-23 16:47:17,473 - utils.logger2025-12-23-16.42.47 - INFO - Cur epoch 34 loss CE:0.0028 mse:0.0000 consistent:0.0000
2025-12-23 16:47:18,239 - utils.logger2025-12-23-16.42.47 - INFO - Cur epoch 34 loss CE:0.0242 mse:0.0000 consistent:0.0000
2025-12-23 16:47:18,927 - utils.logger2025-12-23-16.42.47 - INFO - Cur epoch 34 loss CE:0.0171 mse:0.0000 consistent:0.0000
2025-12-23 16:47:19,568 - utils.logger2025-12-23-16.42.47 - INFO - Cur epoch 34 loss CE:0.0110 mse:0.0000 consistent:0.0000
2025-12-23 16:47:20,203 - utils.logger2025-12-23-16.42.47 - INFO - Cur epoch 34 loss CE:0.0816 mse:0.0000 consistent:0.0000
2025-12-23 16:47:20,849 - utils.logger2025-12-23-16.42.47 - INFO - Cur epoch 34 loss CE:0.0029 mse:0.0000 consistent:0.0000
2025-12-23 16:47:21,494 - utils.logger2025-12-23-16.42.47 - INFO - Cur epoch 34 loss CE:0.0027 mse:0.0000 consistent:0.0000
2025-12-23 16:47:22,145 - utils.logger2025-12-23-16.42.47 - INFO - Cur epoch 34 loss CE:0.0688 mse:0.0000 consistent:0.0000
2025-12-23 16:47:22,874 - utils.logger2025-12-23-16.42.47 - INFO - Cur epoch 34 loss CE:0.0016 mse:0.0000 consistent:0.0000
2025-12-23 16:47:23,449 - utils.logger2025-12-23-16.42.47 - INFO - saving the model at the end of epoch 34, iters 3638
2025-12-23 16:47:23,572 - utils.logger2025-12-23-16.42.47 - INFO - End of training epoch 34 / 40 	 Time Taken: 7 sec
2025-12-23 16:47:23,572 - utils.logger2025-12-23-16.42.47 - INFO - learning rate = 0.0000571
2025-12-23 16:47:23,848 - utils.logger2025-12-23-16.42.47 - INFO - Val result of epoch 34 / 40 acc 0.6558 uar 0.6586 f1 0.6205
2025-12-23 16:47:24,119 - utils.logger2025-12-23-16.42.47 - INFO - Tst result of epoch 34 / 40 acc 0.7109 uar 0.6272 f1 0.6379
2025-12-23 16:47:24,272 - utils.logger2025-12-23-16.42.47 - INFO - Cur epoch 35 loss CE:0.2436 mse:0.0000 consistent:0.0000
2025-12-23 16:47:25,038 - utils.logger2025-12-23-16.42.47 - INFO - Cur epoch 35 loss CE:0.0247 mse:0.0000 consistent:0.0000
2025-12-23 16:47:25,800 - utils.logger2025-12-23-16.42.47 - INFO - Cur epoch 35 loss CE:0.2038 mse:0.0000 consistent:0.0000
2025-12-23 16:47:26,568 - utils.logger2025-12-23-16.42.47 - INFO - Cur epoch 35 loss CE:0.0999 mse:0.0000 consistent:0.0000
2025-12-23 16:47:27,336 - utils.logger2025-12-23-16.42.47 - INFO - Cur epoch 35 loss CE:0.1517 mse:0.0000 consistent:0.0000
2025-12-23 16:47:28,091 - utils.logger2025-12-23-16.42.47 - INFO - Cur epoch 35 loss CE:0.0224 mse:0.0000 consistent:0.0000
2025-12-23 16:47:28,786 - utils.logger2025-12-23-16.42.47 - INFO - Cur epoch 35 loss CE:0.1249 mse:0.0000 consistent:0.0000
2025-12-23 16:47:29,411 - utils.logger2025-12-23-16.42.47 - INFO - Cur epoch 35 loss CE:0.0191 mse:0.0000 consistent:0.0000
2025-12-23 16:47:30,046 - utils.logger2025-12-23-16.42.47 - INFO - Cur epoch 35 loss CE:0.0005 mse:0.0000 consistent:0.0000
2025-12-23 16:47:30,679 - utils.logger2025-12-23-16.42.47 - INFO - Cur epoch 35 loss CE:0.0670 mse:0.0000 consistent:0.0000
2025-12-23 16:47:31,311 - utils.logger2025-12-23-16.42.47 - INFO - Cur epoch 35 loss CE:0.0983 mse:0.0000 consistent:0.0000
2025-12-23 16:47:31,643 - utils.logger2025-12-23-16.42.47 - INFO - saving the model at the end of epoch 35, iters 3745
2025-12-23 16:47:31,760 - utils.logger2025-12-23-16.42.47 - INFO - End of training epoch 35 / 40 	 Time Taken: 7 sec
2025-12-23 16:47:31,760 - utils.logger2025-12-23-16.42.47 - INFO - learning rate = 0.0000476
2025-12-23 16:47:32,027 - utils.logger2025-12-23-16.42.47 - INFO - Val result of epoch 35 / 40 acc 0.6651 uar 0.6686 f1 0.6356
2025-12-23 16:47:32,299 - utils.logger2025-12-23-16.42.47 - INFO - Tst result of epoch 35 / 40 acc 0.7488 uar 0.6492 f1 0.6727
2025-12-23 16:47:32,669 - utils.logger2025-12-23-16.42.47 - INFO - Cur epoch 36 loss CE:0.0571 mse:0.0000 consistent:0.0000
2025-12-23 16:47:33,429 - utils.logger2025-12-23-16.42.47 - INFO - Cur epoch 36 loss CE:0.0189 mse:0.0000 consistent:0.0000
2025-12-23 16:47:34,183 - utils.logger2025-12-23-16.42.47 - INFO - Cur epoch 36 loss CE:0.0142 mse:0.0000 consistent:0.0000
2025-12-23 16:47:34,920 - utils.logger2025-12-23-16.42.47 - INFO - Cur epoch 36 loss CE:0.0041 mse:0.0000 consistent:0.0000
2025-12-23 16:47:35,662 - utils.logger2025-12-23-16.42.47 - INFO - Cur epoch 36 loss CE:0.0123 mse:0.0000 consistent:0.0000
2025-12-23 16:47:36,410 - utils.logger2025-12-23-16.42.47 - INFO - Cur epoch 36 loss CE:0.2803 mse:0.0000 consistent:0.0000
2025-12-23 16:47:37,160 - utils.logger2025-12-23-16.42.47 - INFO - Cur epoch 36 loss CE:0.0509 mse:0.0000 consistent:0.0000
2025-12-23 16:47:37,908 - utils.logger2025-12-23-16.42.47 - INFO - Cur epoch 36 loss CE:0.0005 mse:0.0000 consistent:0.0000
2025-12-23 16:47:38,638 - utils.logger2025-12-23-16.42.47 - INFO - Cur epoch 36 loss CE:0.0841 mse:0.0000 consistent:0.0000
2025-12-23 16:47:39,292 - utils.logger2025-12-23-16.42.47 - INFO - Cur epoch 36 loss CE:0.0942 mse:0.0000 consistent:0.0000
2025-12-23 16:47:39,942 - utils.logger2025-12-23-16.42.47 - INFO - Cur epoch 36 loss CE:0.2368 mse:0.0000 consistent:0.0000
2025-12-23 16:47:40,042 - utils.logger2025-12-23-16.42.47 - INFO - saving the model at the end of epoch 36, iters 3852
2025-12-23 16:47:40,145 - utils.logger2025-12-23-16.42.47 - INFO - End of training epoch 36 / 40 	 Time Taken: 7 sec
2025-12-23 16:47:40,145 - utils.logger2025-12-23-16.42.47 - INFO - learning rate = 0.0000381
2025-12-23 16:47:40,356 - utils.logger2025-12-23-16.42.47 - INFO - Val result of epoch 36 / 40 acc 0.6698 uar 0.6479 f1 0.6322
2025-12-23 16:47:40,560 - utils.logger2025-12-23-16.42.47 - INFO - Tst result of epoch 36 / 40 acc 0.7536 uar 0.6304 f1 0.6687
2025-12-23 16:47:41,052 - utils.logger2025-12-23-16.42.47 - INFO - Cur epoch 37 loss CE:0.0175 mse:0.0000 consistent:0.0000
2025-12-23 16:47:41,688 - utils.logger2025-12-23-16.42.47 - INFO - Cur epoch 37 loss CE:0.0004 mse:0.0000 consistent:0.0000
2025-12-23 16:47:42,268 - utils.logger2025-12-23-16.42.47 - INFO - Cur epoch 37 loss CE:0.0912 mse:0.0000 consistent:0.0000
2025-12-23 16:47:42,833 - utils.logger2025-12-23-16.42.47 - INFO - Cur epoch 37 loss CE:0.0003 mse:0.0000 consistent:0.0000
2025-12-23 16:47:43,451 - utils.logger2025-12-23-16.42.47 - INFO - Cur epoch 37 loss CE:0.0285 mse:0.0000 consistent:0.0000
2025-12-23 16:47:44,088 - utils.logger2025-12-23-16.42.47 - INFO - Cur epoch 37 loss CE:0.0034 mse:0.0000 consistent:0.0000
2025-12-23 16:47:44,827 - utils.logger2025-12-23-16.42.47 - INFO - Cur epoch 37 loss CE:0.0755 mse:0.0000 consistent:0.0000
2025-12-23 16:47:45,573 - utils.logger2025-12-23-16.42.47 - INFO - Cur epoch 37 loss CE:0.0006 mse:0.0000 consistent:0.0000
2025-12-23 16:47:46,316 - utils.logger2025-12-23-16.42.47 - INFO - Cur epoch 37 loss CE:0.0986 mse:0.0000 consistent:0.0000
2025-12-23 16:47:47,021 - utils.logger2025-12-23-16.42.47 - INFO - Cur epoch 37 loss CE:0.0170 mse:0.0000 consistent:0.0000
2025-12-23 16:47:47,570 - utils.logger2025-12-23-16.42.47 - INFO - saving the model at the end of epoch 37, iters 3959
2025-12-23 16:47:47,674 - utils.logger2025-12-23-16.42.47 - INFO - End of training epoch 37 / 40 	 Time Taken: 7 sec
2025-12-23 16:47:47,674 - utils.logger2025-12-23-16.42.47 - INFO - learning rate = 0.0000286
2025-12-23 16:47:47,887 - utils.logger2025-12-23-16.42.47 - INFO - Val result of epoch 37 / 40 acc 0.6651 uar 0.6599 f1 0.6248
2025-12-23 16:47:48,093 - utils.logger2025-12-23-16.42.47 - INFO - Tst result of epoch 37 / 40 acc 0.7441 uar 0.6272 f1 0.6594
2025-12-23 16:47:48,157 - utils.logger2025-12-23-16.42.47 - INFO - Cur epoch 38 loss CE:0.0407 mse:0.0000 consistent:0.0000
2025-12-23 16:47:48,796 - utils.logger2025-12-23-16.42.47 - INFO - Cur epoch 38 loss CE:0.0021 mse:0.0000 consistent:0.0000
2025-12-23 16:47:49,426 - utils.logger2025-12-23-16.42.47 - INFO - Cur epoch 38 loss CE:0.0004 mse:0.0000 consistent:0.0000
2025-12-23 16:47:50,108 - utils.logger2025-12-23-16.42.47 - INFO - Cur epoch 38 loss CE:0.0006 mse:0.0000 consistent:0.0000
2025-12-23 16:47:50,754 - utils.logger2025-12-23-16.42.47 - INFO - Cur epoch 38 loss CE:0.0028 mse:0.0000 consistent:0.0000
2025-12-23 16:47:51,413 - utils.logger2025-12-23-16.42.47 - INFO - Cur epoch 38 loss CE:0.0167 mse:0.0000 consistent:0.0000
2025-12-23 16:47:52,063 - utils.logger2025-12-23-16.42.47 - INFO - Cur epoch 38 loss CE:0.1097 mse:0.0000 consistent:0.0000
2025-12-23 16:47:52,709 - utils.logger2025-12-23-16.42.47 - INFO - Cur epoch 38 loss CE:0.1571 mse:0.0000 consistent:0.0000
2025-12-23 16:47:53,365 - utils.logger2025-12-23-16.42.47 - INFO - Cur epoch 38 loss CE:0.0770 mse:0.0000 consistent:0.0000
2025-12-23 16:47:54,003 - utils.logger2025-12-23-16.42.47 - INFO - Cur epoch 38 loss CE:0.0310 mse:0.0000 consistent:0.0000
2025-12-23 16:47:54,654 - utils.logger2025-12-23-16.42.47 - INFO - Cur epoch 38 loss CE:0.0007 mse:0.0000 consistent:0.0000
2025-12-23 16:47:55,014 - utils.logger2025-12-23-16.42.47 - INFO - saving the model at the end of epoch 38, iters 4066
2025-12-23 16:47:55,115 - utils.logger2025-12-23-16.42.47 - INFO - End of training epoch 38 / 40 	 Time Taken: 7 sec
2025-12-23 16:47:55,115 - utils.logger2025-12-23-16.42.47 - INFO - learning rate = 0.0000190
2025-12-23 16:47:55,330 - utils.logger2025-12-23-16.42.47 - INFO - Val result of epoch 38 / 40 acc 0.6884 uar 0.6877 f1 0.6577
2025-12-23 16:47:55,545 - utils.logger2025-12-23-16.42.47 - INFO - Tst result of epoch 38 / 40 acc 0.7346 uar 0.6503 f1 0.6660
2025-12-23 16:47:55,847 - utils.logger2025-12-23-16.42.47 - INFO - Cur epoch 39 loss CE:0.0087 mse:0.0000 consistent:0.0000
2025-12-23 16:47:56,581 - utils.logger2025-12-23-16.42.47 - INFO - Cur epoch 39 loss CE:0.0016 mse:0.0000 consistent:0.0000
2025-12-23 16:47:57,326 - utils.logger2025-12-23-16.42.47 - INFO - Cur epoch 39 loss CE:0.0005 mse:0.0000 consistent:0.0000
2025-12-23 16:47:58,021 - utils.logger2025-12-23-16.42.47 - INFO - Cur epoch 39 loss CE:0.0012 mse:0.0000 consistent:0.0000
2025-12-23 16:47:58,684 - utils.logger2025-12-23-16.42.47 - INFO - Cur epoch 39 loss CE:0.0022 mse:0.0000 consistent:0.0000
2025-12-23 16:47:59,438 - utils.logger2025-12-23-16.42.47 - INFO - Cur epoch 39 loss CE:0.0010 mse:0.0000 consistent:0.0000
2025-12-23 16:48:00,116 - utils.logger2025-12-23-16.42.47 - INFO - Cur epoch 39 loss CE:0.0498 mse:0.0000 consistent:0.0000
2025-12-23 16:48:00,853 - utils.logger2025-12-23-16.42.47 - INFO - Cur epoch 39 loss CE:0.0020 mse:0.0000 consistent:0.0000
2025-12-23 16:48:01,524 - utils.logger2025-12-23-16.42.47 - INFO - Cur epoch 39 loss CE:0.0038 mse:0.0000 consistent:0.0000
2025-12-23 16:48:02,185 - utils.logger2025-12-23-16.42.47 - INFO - Cur epoch 39 loss CE:0.0004 mse:0.0000 consistent:0.0000
2025-12-23 16:48:02,821 - utils.logger2025-12-23-16.42.47 - INFO - Cur epoch 39 loss CE:0.0004 mse:0.0000 consistent:0.0000
2025-12-23 16:48:02,969 - utils.logger2025-12-23-16.42.47 - INFO - saving the model at the end of epoch 39, iters 4173
2025-12-23 16:48:03,067 - utils.logger2025-12-23-16.42.47 - INFO - End of training epoch 39 / 40 	 Time Taken: 7 sec
2025-12-23 16:48:03,068 - utils.logger2025-12-23-16.42.47 - INFO - learning rate = 0.0000095
2025-12-23 16:48:03,287 - utils.logger2025-12-23-16.42.47 - INFO - Val result of epoch 39 / 40 acc 0.6744 uar 0.6738 f1 0.6402
2025-12-23 16:48:03,525 - utils.logger2025-12-23-16.42.47 - INFO - Tst result of epoch 39 / 40 acc 0.7346 uar 0.6503 f1 0.6637
2025-12-23 16:48:04,004 - utils.logger2025-12-23-16.42.47 - INFO - Cur epoch 40 loss CE:0.1672 mse:0.0000 consistent:0.0000
2025-12-23 16:48:04,708 - utils.logger2025-12-23-16.42.47 - INFO - Cur epoch 40 loss CE:0.0003 mse:0.0000 consistent:0.0000
2025-12-23 16:48:05,433 - utils.logger2025-12-23-16.42.47 - INFO - Cur epoch 40 loss CE:0.0226 mse:0.0000 consistent:0.0000
2025-12-23 16:48:06,164 - utils.logger2025-12-23-16.42.47 - INFO - Cur epoch 40 loss CE:0.0008 mse:0.0000 consistent:0.0000
2025-12-23 16:48:06,886 - utils.logger2025-12-23-16.42.47 - INFO - Cur epoch 40 loss CE:0.0253 mse:0.0000 consistent:0.0000
2025-12-23 16:48:07,598 - utils.logger2025-12-23-16.42.47 - INFO - Cur epoch 40 loss CE:0.0010 mse:0.0000 consistent:0.0000
2025-12-23 16:48:08,308 - utils.logger2025-12-23-16.42.47 - INFO - Cur epoch 40 loss CE:0.0801 mse:0.0000 consistent:0.0000
2025-12-23 16:48:09,016 - utils.logger2025-12-23-16.42.47 - INFO - Cur epoch 40 loss CE:0.7064 mse:0.0000 consistent:0.0000
2025-12-23 16:48:09,721 - utils.logger2025-12-23-16.42.47 - INFO - Cur epoch 40 loss CE:0.0009 mse:0.0000 consistent:0.0000
2025-12-23 16:48:10,403 - utils.logger2025-12-23-16.42.47 - INFO - Cur epoch 40 loss CE:0.0011 mse:0.0000 consistent:0.0000
2025-12-23 16:48:10,938 - utils.logger2025-12-23-16.42.47 - INFO - Cur epoch 40 loss CE:0.0002 mse:0.0000 consistent:0.0000
2025-12-23 16:48:10,939 - utils.logger2025-12-23-16.42.47 - INFO - saving the model at the end of epoch 40, iters 4280
2025-12-23 16:48:11,034 - utils.logger2025-12-23-16.42.47 - INFO - End of training epoch 40 / 40 	 Time Taken: 7 sec
2025-12-23 16:48:11,034 - utils.logger2025-12-23-16.42.47 - INFO - learning rate = 0.0000000
2025-12-23 16:48:11,244 - utils.logger2025-12-23-16.42.47 - INFO - Val result of epoch 40 / 40 acc 0.6744 uar 0.6732 f1 0.6409
2025-12-23 16:48:11,452 - utils.logger2025-12-23-16.42.47 - INFO - Tst result of epoch 40 / 40 acc 0.7441 uar 0.6475 f1 0.6693
2025-12-23 16:48:11,453 - utils.logger2025-12-23-16.42.47 - INFO - Best eval epoch 8 found with f1 0.715958
2025-12-23 16:48:11,453 - utils.logger2025-12-23-16.42.47 - INFO - -------------------------------------------------------
2025-12-23 16:48:11,453 - utils.logger2025-12-23-16.42.47 - INFO - Starting Robustness Analysis (Simulating Missing Modalities)
2025-12-23 16:48:11,453 - utils.logger2025-12-23-16.42.47 - INFO - -------------------------------------------------------
2025-12-23 16:48:11,453 - utils.logger2025-12-23-16.42.47 - INFO - Loading best model found on val set: epoch-8
2025-12-23 16:48:11,707 - utils.logger2025-12-23-16.42.47 - INFO - Scenario        | Acc (WA)   | UAR (UA)   | F1        
2025-12-23 16:48:11,707 - utils.logger2025-12-23-16.42.47 - INFO - -------------------------------------------------------
2025-12-23 16:48:11,915 - utils.logger2025-12-23-16.42.47 - INFO - {a} (azz)       | 0.7867     | 0.6840     | 0.7224    
2025-12-23 16:48:12,128 - utils.logger2025-12-23-16.42.47 - INFO - {v} (zvz)       | 0.7820     | 0.6884     | 0.7121    
2025-12-23 16:48:12,328 - utils.logger2025-12-23-16.42.47 - INFO - {t} (zzl)       | 0.7725     | 0.6772     | 0.7038    
2025-12-23 16:48:12,530 - utils.logger2025-12-23-16.42.47 - INFO - {a,v} (avz)     | 0.7867     | 0.6917     | 0.7240    
2025-12-23 16:48:12,735 - utils.logger2025-12-23-16.42.47 - INFO - {a,t} (azl)     | 0.7820     | 0.6954     | 0.7201    
2025-12-23 16:48:12,942 - utils.logger2025-12-23-16.42.47 - INFO - {v,t} (zvl)     | 0.7867     | 0.7040     | 0.7206    
2025-12-23 16:48:13,150 - utils.logger2025-12-23-16.42.47 - INFO - {a,v,t} (All)   | 0.7725     | 0.6925     | 0.7160    
2025-12-23 16:48:13,151 - utils.logger2025-12-23-16.42.47 - INFO - -------------------------------------------------------
