2025-12-24 11:43:11,490 - utils.logger2025-12-24-11.43.11 - INFO - The number of training samples = 1750
2025-12-24 11:43:13,067 - utils.logger2025-12-24-11.43.11 - INFO - Cur epoch 1 loss TA:1.0359 TV:1.0358 VA:2.0718 CE:2.7579
2025-12-24 11:43:13,689 - utils.logger2025-12-24-11.43.11 - INFO - Cur epoch 1 loss TA:1.0358 TV:1.0359 VA:2.0717 CE:2.9659
2025-12-24 11:43:14,331 - utils.logger2025-12-24-11.43.11 - INFO - saving the model at the end of epoch 1, iters 28
2025-12-24 11:43:14,428 - utils.logger2025-12-24-11.43.11 - INFO - End of training epoch 1 / 40 	 Time Taken: 2 sec
2025-12-24 11:43:14,428 - utils.logger2025-12-24-11.43.11 - INFO - learning rate = 0.0002000
2025-12-24 11:43:14,788 - utils.logger2025-12-24-11.43.11 - INFO - Val result of epoch 1 / 40 acc 0.3973 MAE -0.0079 f1 0.5392
2025-12-24 11:43:15,085 - utils.logger2025-12-24-11.43.11 - INFO - Tst result of epoch 1 / 40 acc 0.3973 MAE -0.0079 f1 0.5392
2025-12-24 11:43:15,432 - utils.logger2025-12-24-11.43.11 - INFO - Cur epoch 2 loss TA:1.0358 TV:1.0357 VA:2.0708 CE:3.3108
2025-12-24 11:43:16,201 - utils.logger2025-12-24-11.43.11 - INFO - Cur epoch 2 loss TA:1.0355 TV:1.0355 VA:2.0514 CE:2.0466
2025-12-24 11:43:16,991 - utils.logger2025-12-24-11.43.11 - INFO - Cur epoch 2 loss TA:1.0356 TV:1.0357 VA:2.0701 CE:2.8092
2025-12-24 11:43:17,544 - utils.logger2025-12-24-11.43.11 - INFO - saving the model at the end of epoch 2, iters 56
2025-12-24 11:43:17,651 - utils.logger2025-12-24-11.43.11 - INFO - End of training epoch 2 / 40 	 Time Taken: 2 sec
2025-12-24 11:43:17,652 - utils.logger2025-12-24-11.43.11 - INFO - learning rate = 0.0002000
2025-12-24 11:43:18,079 - utils.logger2025-12-24-11.43.11 - INFO - Val result of epoch 2 / 40 acc 0.4375 MAE 0.2157 f1 0.5256
2025-12-24 11:43:18,630 - utils.logger2025-12-24-11.43.11 - INFO - Tst result of epoch 2 / 40 acc 0.4375 MAE 0.2157 f1 0.5256
2025-12-24 11:43:19,450 - utils.logger2025-12-24-11.43.11 - INFO - Cur epoch 3 loss TA:1.0356 TV:1.0358 VA:2.0698 CE:2.9925
2025-12-24 11:43:20,231 - utils.logger2025-12-24-11.43.11 - INFO - Cur epoch 3 loss TA:1.0352 TV:1.0357 VA:2.0709 CE:2.2490
2025-12-24 11:43:20,975 - utils.logger2025-12-24-11.43.11 - INFO - Cur epoch 3 loss TA:1.0343 TV:1.0353 VA:2.0637 CE:2.7126
2025-12-24 11:43:21,338 - utils.logger2025-12-24-11.43.11 - INFO - saving the model at the end of epoch 3, iters 84
2025-12-24 11:43:21,443 - utils.logger2025-12-24-11.43.11 - INFO - End of training epoch 3 / 40 	 Time Taken: 2 sec
2025-12-24 11:43:21,443 - utils.logger2025-12-24-11.43.11 - INFO - learning rate = 0.0002000
2025-12-24 11:43:21,798 - utils.logger2025-12-24-11.43.11 - INFO - Val result of epoch 3 / 40 acc 0.3973 MAE 0.1217 f1 0.5392
2025-12-24 11:43:22,272 - utils.logger2025-12-24-11.43.11 - INFO - Tst result of epoch 3 / 40 acc 0.3973 MAE 0.1217 f1 0.5392
2025-12-24 11:43:22,981 - utils.logger2025-12-24-11.43.11 - INFO - Cur epoch 4 loss TA:1.0293 TV:1.0327 VA:2.0498 CE:2.1618
2025-12-24 11:43:23,769 - utils.logger2025-12-24-11.43.11 - INFO - Cur epoch 4 loss TA:1.0139 TV:1.0206 VA:2.0257 CE:2.6152
2025-12-24 11:43:24,571 - utils.logger2025-12-24-11.43.11 - INFO - Cur epoch 4 loss TA:0.9835 TV:0.9922 VA:2.0050 CE:2.2847
2025-12-24 11:43:24,788 - utils.logger2025-12-24-11.43.11 - INFO - saving the model at the end of epoch 4, iters 112
2025-12-24 11:43:24,891 - utils.logger2025-12-24-11.43.11 - INFO - End of training epoch 4 / 40 	 Time Taken: 2 sec
2025-12-24 11:43:24,891 - utils.logger2025-12-24-11.43.11 - INFO - learning rate = 0.0002000
2025-12-24 11:43:25,263 - utils.logger2025-12-24-11.43.11 - INFO - Val result of epoch 4 / 40 acc 0.4018 MAE 0.2435 f1 0.5386
2025-12-24 11:43:25,600 - utils.logger2025-12-24-11.43.11 - INFO - Tst result of epoch 4 / 40 acc 0.4018 MAE 0.2435 f1 0.5386
2025-12-24 11:43:26,499 - utils.logger2025-12-24-11.43.11 - INFO - Cur epoch 5 loss TA:0.9794 TV:0.9783 VA:1.9375 CE:2.3666
2025-12-24 11:43:27,216 - utils.logger2025-12-24-11.43.11 - INFO - Cur epoch 5 loss TA:0.9696 TV:0.9664 VA:1.9548 CE:2.5903
2025-12-24 11:43:28,008 - utils.logger2025-12-24-11.43.11 - INFO - Cur epoch 5 loss TA:0.7217 TV:0.7230 VA:1.4066 CE:3.0612
2025-12-24 11:43:28,078 - utils.logger2025-12-24-11.43.11 - INFO - saving the model at the end of epoch 5, iters 140
2025-12-24 11:43:28,169 - utils.logger2025-12-24-11.43.11 - INFO - End of training epoch 5 / 40 	 Time Taken: 2 sec
2025-12-24 11:43:28,169 - utils.logger2025-12-24-11.43.11 - INFO - learning rate = 0.0002000
2025-12-24 11:43:28,540 - utils.logger2025-12-24-11.43.11 - INFO - Val result of epoch 5 / 40 acc 0.5580 MAE 0.3704 f1 0.5774
2025-12-24 11:43:28,942 - utils.logger2025-12-24-11.43.11 - INFO - Tst result of epoch 5 / 40 acc 0.5580 MAE 0.3704 f1 0.5774
2025-12-24 11:43:30,068 - utils.logger2025-12-24-11.43.11 - INFO - Cur epoch 6 loss TA:0.9560 TV:0.9570 VA:1.9645 CE:2.0303
2025-12-24 11:43:30,829 - utils.logger2025-12-24-11.43.11 - INFO - Cur epoch 6 loss TA:0.9576 TV:0.9691 VA:1.9496 CE:2.1357
2025-12-24 11:43:31,519 - utils.logger2025-12-24-11.43.11 - INFO - saving the model at the end of epoch 6, iters 168
2025-12-24 11:43:31,610 - utils.logger2025-12-24-11.43.11 - INFO - End of training epoch 6 / 40 	 Time Taken: 2 sec
2025-12-24 11:43:31,610 - utils.logger2025-12-24-11.43.11 - INFO - learning rate = 0.0002000
2025-12-24 11:43:32,030 - utils.logger2025-12-24-11.43.11 - INFO - Val result of epoch 6 / 40 acc 0.5179 MAE 0.4779 f1 0.5555
2025-12-24 11:43:32,476 - utils.logger2025-12-24-11.43.11 - INFO - Tst result of epoch 6 / 40 acc 0.5179 MAE 0.4779 f1 0.5555
2025-12-24 11:43:32,898 - utils.logger2025-12-24-11.43.11 - INFO - Cur epoch 7 loss TA:0.9423 TV:0.9492 VA:1.9046 CE:1.9951
2025-12-24 11:43:33,638 - utils.logger2025-12-24-11.43.11 - INFO - Cur epoch 7 loss TA:0.9619 TV:0.9571 VA:1.9662 CE:1.9974
2025-12-24 11:43:34,427 - utils.logger2025-12-24-11.43.11 - INFO - Cur epoch 7 loss TA:0.9420 TV:0.9464 VA:1.9242 CE:1.6064
2025-12-24 11:43:34,952 - utils.logger2025-12-24-11.43.11 - INFO - saving the model at the end of epoch 7, iters 196
2025-12-24 11:43:35,049 - utils.logger2025-12-24-11.43.11 - INFO - End of training epoch 7 / 40 	 Time Taken: 2 sec
2025-12-24 11:43:35,049 - utils.logger2025-12-24-11.43.11 - INFO - learning rate = 0.0002000
2025-12-24 11:43:35,415 - utils.logger2025-12-24-11.43.11 - INFO - Val result of epoch 7 / 40 acc 0.7455 MAE 0.5656 f1 0.7531
2025-12-24 11:43:35,778 - utils.logger2025-12-24-11.43.11 - INFO - Tst result of epoch 7 / 40 acc 0.7455 MAE 0.5656 f1 0.7531
2025-12-24 11:43:36,319 - utils.logger2025-12-24-11.43.11 - INFO - Cur epoch 8 loss TA:0.9410 TV:0.9349 VA:1.8773 CE:1.7227
2025-12-24 11:43:37,069 - utils.logger2025-12-24-11.43.11 - INFO - Cur epoch 8 loss TA:0.9307 TV:0.9327 VA:1.8732 CE:1.8278
2025-12-24 11:43:37,808 - utils.logger2025-12-24-11.43.11 - INFO - Cur epoch 8 loss TA:0.9444 TV:0.9620 VA:1.9335 CE:1.4364
2025-12-24 11:43:38,159 - utils.logger2025-12-24-11.43.11 - INFO - saving the model at the end of epoch 8, iters 224
2025-12-24 11:43:38,247 - utils.logger2025-12-24-11.43.11 - INFO - End of training epoch 8 / 40 	 Time Taken: 2 sec
2025-12-24 11:43:38,248 - utils.logger2025-12-24-11.43.11 - INFO - learning rate = 0.0002000
2025-12-24 11:43:38,855 - utils.logger2025-12-24-11.43.11 - INFO - Val result of epoch 8 / 40 acc 0.7232 MAE 0.5948 f1 0.7299
2025-12-24 11:43:39,390 - utils.logger2025-12-24-11.43.11 - INFO - Tst result of epoch 8 / 40 acc 0.7232 MAE 0.5948 f1 0.7299
2025-12-24 11:43:40,087 - utils.logger2025-12-24-11.43.11 - INFO - Cur epoch 9 loss TA:0.9472 TV:0.9459 VA:1.9147 CE:1.4245
2025-12-24 11:43:40,862 - utils.logger2025-12-24-11.43.11 - INFO - Cur epoch 9 loss TA:0.9274 TV:0.9361 VA:1.8657 CE:1.4537
2025-12-24 11:43:41,658 - utils.logger2025-12-24-11.43.11 - INFO - Cur epoch 9 loss TA:0.9347 TV:0.9487 VA:1.9084 CE:1.0422
2025-12-24 11:43:41,881 - utils.logger2025-12-24-11.43.11 - INFO - saving the model at the end of epoch 9, iters 252
2025-12-24 11:43:42,002 - utils.logger2025-12-24-11.43.11 - INFO - End of training epoch 9 / 40 	 Time Taken: 2 sec
2025-12-24 11:43:42,002 - utils.logger2025-12-24-11.43.11 - INFO - learning rate = 0.0002000
2025-12-24 11:43:42,433 - utils.logger2025-12-24-11.43.11 - INFO - Val result of epoch 9 / 40 acc 0.7634 MAE 0.6484 f1 0.7725
2025-12-24 11:43:42,981 - utils.logger2025-12-24-11.43.11 - INFO - Tst result of epoch 9 / 40 acc 0.7634 MAE 0.6484 f1 0.7725
2025-12-24 11:43:44,034 - utils.logger2025-12-24-11.43.11 - INFO - Cur epoch 10 loss TA:0.9236 TV:0.9330 VA:1.8703 CE:0.9443
2025-12-24 11:43:44,830 - utils.logger2025-12-24-11.43.11 - INFO - Cur epoch 10 loss TA:0.9235 TV:0.9189 VA:1.8319 CE:1.3571
2025-12-24 11:43:45,563 - utils.logger2025-12-24-11.43.11 - INFO - Cur epoch 10 loss TA:0.6692 TV:0.6549 VA:1.3159 CE:1.4761
2025-12-24 11:43:45,638 - utils.logger2025-12-24-11.43.11 - INFO - saving the model at the end of epoch 10, iters 280
2025-12-24 11:43:45,737 - utils.logger2025-12-24-11.43.11 - INFO - End of training epoch 10 / 40 	 Time Taken: 2 sec
2025-12-24 11:43:45,737 - utils.logger2025-12-24-11.43.11 - INFO - learning rate = 0.0002000
2025-12-24 11:43:46,332 - utils.logger2025-12-24-11.43.11 - INFO - Val result of epoch 10 / 40 acc 0.7455 MAE 0.6116 f1 0.7486
2025-12-24 11:43:46,739 - utils.logger2025-12-24-11.43.11 - INFO - Tst result of epoch 10 / 40 acc 0.7455 MAE 0.6116 f1 0.7486
2025-12-24 11:43:47,722 - utils.logger2025-12-24-11.43.11 - INFO - Cur epoch 11 loss TA:0.9344 TV:0.9292 VA:1.8922 CE:1.7542
2025-12-24 11:43:48,416 - utils.logger2025-12-24-11.43.11 - INFO - Cur epoch 11 loss TA:0.9674 TV:0.9571 VA:1.9148 CE:1.2691
2025-12-24 11:43:49,074 - utils.logger2025-12-24-11.43.11 - INFO - saving the model at the end of epoch 11, iters 308
2025-12-24 11:43:49,167 - utils.logger2025-12-24-11.43.11 - INFO - End of training epoch 11 / 40 	 Time Taken: 2 sec
2025-12-24 11:43:49,167 - utils.logger2025-12-24-11.43.11 - INFO - learning rate = 0.0002000
2025-12-24 11:43:49,721 - utils.logger2025-12-24-11.43.11 - INFO - Val result of epoch 11 / 40 acc 0.7812 MAE 0.6504 f1 0.7870
2025-12-24 11:43:50,192 - utils.logger2025-12-24-11.43.11 - INFO - Tst result of epoch 11 / 40 acc 0.7812 MAE 0.6504 f1 0.7870
2025-12-24 11:43:50,551 - utils.logger2025-12-24-11.43.11 - INFO - Cur epoch 12 loss TA:0.9146 TV:0.9059 VA:1.8380 CE:1.1700
2025-12-24 11:43:51,287 - utils.logger2025-12-24-11.43.11 - INFO - Cur epoch 12 loss TA:0.9318 TV:0.9213 VA:1.8930 CE:1.0695
2025-12-24 11:43:51,980 - utils.logger2025-12-24-11.43.11 - INFO - Cur epoch 12 loss TA:0.9273 TV:0.9200 VA:1.8206 CE:1.2610
2025-12-24 11:43:52,432 - utils.logger2025-12-24-11.43.11 - INFO - saving the model at the end of epoch 12, iters 336
2025-12-24 11:43:52,513 - utils.logger2025-12-24-11.43.11 - INFO - End of training epoch 12 / 40 	 Time Taken: 2 sec
2025-12-24 11:43:52,513 - utils.logger2025-12-24-11.43.11 - INFO - learning rate = 0.0002000
2025-12-24 11:43:52,865 - utils.logger2025-12-24-11.43.11 - INFO - Val result of epoch 12 / 40 acc 0.7634 MAE 0.6177 f1 0.7623
2025-12-24 11:43:53,199 - utils.logger2025-12-24-11.43.11 - INFO - Tst result of epoch 12 / 40 acc 0.7634 MAE 0.6177 f1 0.7623
2025-12-24 11:43:53,693 - utils.logger2025-12-24-11.43.11 - INFO - Cur epoch 13 loss TA:0.9033 TV:0.9023 VA:1.7889 CE:1.2965
2025-12-24 11:43:54,385 - utils.logger2025-12-24-11.43.11 - INFO - Cur epoch 13 loss TA:0.9222 TV:0.9114 VA:1.8129 CE:1.1578
2025-12-24 11:43:55,060 - utils.logger2025-12-24-11.43.11 - INFO - Cur epoch 13 loss TA:0.9322 TV:0.9110 VA:1.8300 CE:1.1541
2025-12-24 11:43:55,407 - utils.logger2025-12-24-11.43.11 - INFO - saving the model at the end of epoch 13, iters 364
2025-12-24 11:43:55,497 - utils.logger2025-12-24-11.43.11 - INFO - End of training epoch 13 / 40 	 Time Taken: 2 sec
2025-12-24 11:43:55,497 - utils.logger2025-12-24-11.43.11 - INFO - learning rate = 0.0002000
2025-12-24 11:43:55,849 - utils.logger2025-12-24-11.43.11 - INFO - Val result of epoch 13 / 40 acc 0.7902 MAE 0.6299 f1 0.8032
2025-12-24 11:43:56,174 - utils.logger2025-12-24-11.43.11 - INFO - Tst result of epoch 13 / 40 acc 0.7902 MAE 0.6299 f1 0.8032
2025-12-24 11:43:56,794 - utils.logger2025-12-24-11.43.11 - INFO - Cur epoch 14 loss TA:0.9024 TV:0.9015 VA:1.7978 CE:1.1432
2025-12-24 11:43:57,463 - utils.logger2025-12-24-11.43.11 - INFO - Cur epoch 14 loss TA:0.9148 TV:0.9334 VA:1.8673 CE:0.9315
2025-12-24 11:43:58,170 - utils.logger2025-12-24-11.43.11 - INFO - Cur epoch 14 loss TA:0.9261 TV:0.8971 VA:1.7919 CE:0.9727
2025-12-24 11:43:58,377 - utils.logger2025-12-24-11.43.11 - INFO - saving the model at the end of epoch 14, iters 392
2025-12-24 11:43:58,472 - utils.logger2025-12-24-11.43.11 - INFO - End of training epoch 14 / 40 	 Time Taken: 2 sec
2025-12-24 11:43:58,472 - utils.logger2025-12-24-11.43.11 - INFO - learning rate = 0.0002000
2025-12-24 11:43:59,025 - utils.logger2025-12-24-11.43.11 - INFO - Val result of epoch 14 / 40 acc 0.7411 MAE 0.6169 f1 0.7499
2025-12-24 11:43:59,451 - utils.logger2025-12-24-11.43.11 - INFO - Tst result of epoch 14 / 40 acc 0.7411 MAE 0.6169 f1 0.7499
2025-12-24 11:44:00,215 - utils.logger2025-12-24-11.43.11 - INFO - Cur epoch 15 loss TA:0.9037 TV:0.8824 VA:1.7893 CE:1.1986
2025-12-24 11:44:00,955 - utils.logger2025-12-24-11.43.11 - INFO - Cur epoch 15 loss TA:0.8931 TV:0.8846 VA:1.7617 CE:1.1955
2025-12-24 11:44:01,714 - utils.logger2025-12-24-11.43.11 - INFO - Cur epoch 15 loss TA:0.6356 TV:0.6104 VA:1.2659 CE:0.9829
2025-12-24 11:44:01,782 - utils.logger2025-12-24-11.43.11 - INFO - saving the model at the end of epoch 15, iters 420
2025-12-24 11:44:01,880 - utils.logger2025-12-24-11.43.11 - INFO - End of training epoch 15 / 40 	 Time Taken: 2 sec
2025-12-24 11:44:01,880 - utils.logger2025-12-24-11.43.11 - INFO - learning rate = 0.0002000
2025-12-24 11:44:02,419 - utils.logger2025-12-24-11.43.11 - INFO - Val result of epoch 15 / 40 acc 0.7768 MAE 0.6061 f1 0.7881
2025-12-24 11:44:02,834 - utils.logger2025-12-24-11.43.11 - INFO - Tst result of epoch 15 / 40 acc 0.7768 MAE 0.6061 f1 0.7881
2025-12-24 11:44:04,113 - utils.logger2025-12-24-11.43.11 - INFO - Cur epoch 16 loss TA:0.8898 TV:0.9027 VA:1.8253 CE:1.0054
2025-12-24 11:44:04,949 - utils.logger2025-12-24-11.43.11 - INFO - Cur epoch 16 loss TA:0.8947 TV:0.9186 VA:1.8029 CE:0.8828
2025-12-24 11:44:05,609 - utils.logger2025-12-24-11.43.11 - INFO - saving the model at the end of epoch 16, iters 448
2025-12-24 11:44:05,704 - utils.logger2025-12-24-11.43.11 - INFO - End of training epoch 16 / 40 	 Time Taken: 2 sec
2025-12-24 11:44:05,704 - utils.logger2025-12-24-11.43.11 - INFO - learning rate = 0.0002000
2025-12-24 11:44:06,203 - utils.logger2025-12-24-11.43.11 - INFO - Val result of epoch 16 / 40 acc 0.7500 MAE 0.6066 f1 0.7531
2025-12-24 11:44:06,717 - utils.logger2025-12-24-11.43.11 - INFO - Tst result of epoch 16 / 40 acc 0.7500 MAE 0.6066 f1 0.7531
2025-12-24 11:44:07,233 - utils.logger2025-12-24-11.43.11 - INFO - Cur epoch 17 loss TA:0.8568 TV:0.8823 VA:1.6665 CE:0.9884
2025-12-24 11:44:07,949 - utils.logger2025-12-24-11.43.11 - INFO - Cur epoch 17 loss TA:0.8821 TV:0.8986 VA:1.8523 CE:0.9520
2025-12-24 11:44:08,655 - utils.logger2025-12-24-11.43.11 - INFO - Cur epoch 17 loss TA:0.8841 TV:0.8993 VA:1.8053 CE:0.9130
2025-12-24 11:44:09,164 - utils.logger2025-12-24-11.43.11 - INFO - saving the model at the end of epoch 17, iters 476
2025-12-24 11:44:09,260 - utils.logger2025-12-24-11.43.11 - INFO - End of training epoch 17 / 40 	 Time Taken: 2 sec
2025-12-24 11:44:09,261 - utils.logger2025-12-24-11.43.11 - INFO - learning rate = 0.0002000
2025-12-24 11:44:09,836 - utils.logger2025-12-24-11.43.11 - INFO - Val result of epoch 17 / 40 acc 0.7589 MAE 0.6238 f1 0.7576
2025-12-24 11:44:10,375 - utils.logger2025-12-24-11.43.11 - INFO - Tst result of epoch 17 / 40 acc 0.7589 MAE 0.6238 f1 0.7576
2025-12-24 11:44:10,954 - utils.logger2025-12-24-11.43.11 - INFO - Cur epoch 18 loss TA:0.8716 TV:0.8802 VA:1.7350 CE:0.5484
2025-12-24 11:44:11,779 - utils.logger2025-12-24-11.43.11 - INFO - Cur epoch 18 loss TA:0.9140 TV:0.8807 VA:1.8143 CE:0.8546
2025-12-24 11:44:12,592 - utils.logger2025-12-24-11.43.11 - INFO - Cur epoch 18 loss TA:0.8988 TV:0.8776 VA:1.7710 CE:0.8122
2025-12-24 11:44:12,969 - utils.logger2025-12-24-11.43.11 - INFO - saving the model at the end of epoch 18, iters 504
2025-12-24 11:44:13,064 - utils.logger2025-12-24-11.43.11 - INFO - End of training epoch 18 / 40 	 Time Taken: 2 sec
2025-12-24 11:44:13,064 - utils.logger2025-12-24-11.43.11 - INFO - learning rate = 0.0002000
2025-12-24 11:44:13,564 - utils.logger2025-12-24-11.43.11 - INFO - Val result of epoch 18 / 40 acc 0.7545 MAE 0.6208 f1 0.7623
2025-12-24 11:44:14,097 - utils.logger2025-12-24-11.43.11 - INFO - Tst result of epoch 18 / 40 acc 0.7545 MAE 0.6208 f1 0.7623
2025-12-24 11:44:15,136 - utils.logger2025-12-24-11.43.11 - INFO - Cur epoch 19 loss TA:0.8630 TV:0.8805 VA:1.7283 CE:0.7575
2025-12-24 11:44:15,989 - utils.logger2025-12-24-11.43.11 - INFO - Cur epoch 19 loss TA:0.9007 TV:0.8834 VA:1.7658 CE:0.7673
2025-12-24 11:44:16,724 - utils.logger2025-12-24-11.43.11 - INFO - Cur epoch 19 loss TA:0.8769 TV:0.8883 VA:1.8066 CE:0.8543
2025-12-24 11:44:16,942 - utils.logger2025-12-24-11.43.11 - INFO - saving the model at the end of epoch 19, iters 532
2025-12-24 11:44:17,033 - utils.logger2025-12-24-11.43.11 - INFO - End of training epoch 19 / 40 	 Time Taken: 2 sec
2025-12-24 11:44:17,033 - utils.logger2025-12-24-11.43.11 - INFO - learning rate = 0.0002000
2025-12-24 11:44:17,515 - utils.logger2025-12-24-11.43.11 - INFO - Val result of epoch 19 / 40 acc 0.7812 MAE 0.6215 f1 0.7870
2025-12-24 11:44:18,114 - utils.logger2025-12-24-11.43.11 - INFO - Tst result of epoch 19 / 40 acc 0.7812 MAE 0.6215 f1 0.7870
2025-12-24 11:44:19,084 - utils.logger2025-12-24-11.43.11 - INFO - Cur epoch 20 loss TA:0.8860 TV:0.8695 VA:1.7213 CE:0.6237
2025-12-24 11:44:19,865 - utils.logger2025-12-24-11.43.11 - INFO - Cur epoch 20 loss TA:0.8806 TV:0.9013 VA:1.7831 CE:0.5350
2025-12-24 11:44:20,658 - utils.logger2025-12-24-11.43.11 - INFO - Cur epoch 20 loss TA:0.5822 TV:0.5635 VA:1.2057 CE:0.8109
2025-12-24 11:44:20,725 - utils.logger2025-12-24-11.43.11 - INFO - saving the model at the end of epoch 20, iters 560
2025-12-24 11:44:20,835 - utils.logger2025-12-24-11.43.11 - INFO - End of training epoch 20 / 40 	 Time Taken: 2 sec
2025-12-24 11:44:20,835 - utils.logger2025-12-24-11.43.11 - INFO - learning rate = 0.0002000
2025-12-24 11:44:21,322 - utils.logger2025-12-24-11.43.11 - INFO - Val result of epoch 20 / 40 acc 0.7723 MAE 0.5992 f1 0.7727
2025-12-24 11:44:21,814 - utils.logger2025-12-24-11.43.11 - INFO - Tst result of epoch 20 / 40 acc 0.7723 MAE 0.5992 f1 0.7727
2025-12-24 11:44:22,961 - utils.logger2025-12-24-11.43.11 - INFO - Cur epoch 21 loss TA:0.8911 TV:0.8780 VA:1.7296 CE:0.8651
2025-12-24 11:44:23,740 - utils.logger2025-12-24-11.43.11 - INFO - Cur epoch 21 loss TA:0.8689 TV:0.8642 VA:1.7370 CE:0.8743
2025-12-24 11:44:24,436 - utils.logger2025-12-24-11.43.11 - INFO - saving the model at the end of epoch 21, iters 588
2025-12-24 11:44:24,524 - utils.logger2025-12-24-11.43.11 - INFO - End of training epoch 21 / 40 	 Time Taken: 2 sec
2025-12-24 11:44:24,524 - utils.logger2025-12-24-11.43.11 - INFO - learning rate = 0.0002000
2025-12-24 11:44:25,013 - utils.logger2025-12-24-11.43.11 - INFO - Val result of epoch 21 / 40 acc 0.7545 MAE 0.6139 f1 0.7581
2025-12-24 11:44:25,387 - utils.logger2025-12-24-11.43.11 - INFO - Tst result of epoch 21 / 40 acc 0.7545 MAE 0.6139 f1 0.7581
2025-12-24 11:44:25,756 - utils.logger2025-12-24-11.43.11 - INFO - Cur epoch 22 loss TA:0.8400 TV:0.8297 VA:1.6426 CE:0.4164
2025-12-24 11:44:26,524 - utils.logger2025-12-24-11.43.11 - INFO - Cur epoch 22 loss TA:0.8618 TV:0.8707 VA:1.7125 CE:1.0266
2025-12-24 11:44:27,311 - utils.logger2025-12-24-11.43.11 - INFO - Cur epoch 22 loss TA:0.8553 TV:0.8608 VA:1.7040 CE:0.8409
2025-12-24 11:44:27,852 - utils.logger2025-12-24-11.43.11 - INFO - saving the model at the end of epoch 22, iters 616
2025-12-24 11:44:27,943 - utils.logger2025-12-24-11.43.11 - INFO - End of training epoch 22 / 40 	 Time Taken: 2 sec
2025-12-24 11:44:27,944 - utils.logger2025-12-24-11.43.11 - INFO - learning rate = 0.0002000
2025-12-24 11:44:28,506 - utils.logger2025-12-24-11.43.11 - INFO - Val result of epoch 22 / 40 acc 0.7634 MAE 0.6092 f1 0.7727
2025-12-24 11:44:29,122 - utils.logger2025-12-24-11.43.11 - INFO - Tst result of epoch 22 / 40 acc 0.7634 MAE 0.6092 f1 0.7727
2025-12-24 11:44:29,716 - utils.logger2025-12-24-11.43.11 - INFO - Cur epoch 23 loss TA:0.8642 TV:0.8388 VA:1.7007 CE:0.7735
2025-12-24 11:44:30,526 - utils.logger2025-12-24-11.43.11 - INFO - Cur epoch 23 loss TA:0.8389 TV:0.8718 VA:1.7420 CE:0.4553
2025-12-24 11:44:31,407 - utils.logger2025-12-24-11.43.11 - INFO - Cur epoch 23 loss TA:0.8332 TV:0.8588 VA:1.6540 CE:0.6905
2025-12-24 11:44:31,824 - utils.logger2025-12-24-11.43.11 - INFO - saving the model at the end of epoch 23, iters 644
2025-12-24 11:44:31,929 - utils.logger2025-12-24-11.43.11 - INFO - End of training epoch 23 / 40 	 Time Taken: 2 sec
2025-12-24 11:44:31,929 - utils.logger2025-12-24-11.43.11 - INFO - learning rate = 0.0002000
2025-12-24 11:44:32,472 - utils.logger2025-12-24-11.43.11 - INFO - Val result of epoch 23 / 40 acc 0.7500 MAE 0.5673 f1 0.7484
2025-12-24 11:44:32,945 - utils.logger2025-12-24-11.43.11 - INFO - Tst result of epoch 23 / 40 acc 0.7500 MAE 0.5673 f1 0.7484
2025-12-24 11:44:33,756 - utils.logger2025-12-24-11.43.11 - INFO - Cur epoch 24 loss TA:0.8356 TV:0.8399 VA:1.6982 CE:0.5262
2025-12-24 11:44:34,550 - utils.logger2025-12-24-11.43.11 - INFO - Cur epoch 24 loss TA:0.8388 TV:0.8431 VA:1.6640 CE:0.5633
2025-12-24 11:44:35,346 - utils.logger2025-12-24-11.43.11 - INFO - Cur epoch 24 loss TA:0.8168 TV:0.8201 VA:1.6271 CE:0.6298
2025-12-24 11:44:35,565 - utils.logger2025-12-24-11.43.11 - INFO - saving the model at the end of epoch 24, iters 672
2025-12-24 11:44:35,660 - utils.logger2025-12-24-11.43.11 - INFO - End of training epoch 24 / 40 	 Time Taken: 2 sec
2025-12-24 11:44:35,660 - utils.logger2025-12-24-11.43.11 - INFO - learning rate = 0.0002000
2025-12-24 11:44:36,251 - utils.logger2025-12-24-11.43.11 - INFO - Val result of epoch 24 / 40 acc 0.7232 MAE 0.6030 f1 0.7200
2025-12-24 11:44:36,765 - utils.logger2025-12-24-11.43.11 - INFO - Tst result of epoch 24 / 40 acc 0.7232 MAE 0.6030 f1 0.7200
2025-12-24 11:44:38,004 - utils.logger2025-12-24-11.43.11 - INFO - Cur epoch 25 loss TA:0.8235 TV:0.8282 VA:1.6690 CE:0.6059
2025-12-24 11:44:38,961 - utils.logger2025-12-24-11.43.11 - INFO - Cur epoch 25 loss TA:0.8620 TV:0.8393 VA:1.7008 CE:0.4908
2025-12-24 11:44:39,794 - utils.logger2025-12-24-11.43.11 - INFO - Cur epoch 25 loss TA:0.5133 TV:0.5547 VA:1.0506 CE:0.3432
2025-12-24 11:44:39,870 - utils.logger2025-12-24-11.43.11 - INFO - saving the model at the end of epoch 25, iters 700
2025-12-24 11:44:39,959 - utils.logger2025-12-24-11.43.11 - INFO - End of training epoch 25 / 40 	 Time Taken: 3 sec
2025-12-24 11:44:39,959 - utils.logger2025-12-24-11.43.11 - INFO - learning rate = 0.0002000
2025-12-24 11:44:40,601 - utils.logger2025-12-24-11.43.11 - INFO - Val result of epoch 25 / 40 acc 0.7545 MAE 0.5969 f1 0.7578
2025-12-24 11:44:41,128 - utils.logger2025-12-24-11.43.11 - INFO - Tst result of epoch 25 / 40 acc 0.7545 MAE 0.5969 f1 0.7578
2025-12-24 11:44:42,345 - utils.logger2025-12-24-11.43.11 - INFO - Cur epoch 26 loss TA:0.8226 TV:0.8087 VA:1.6184 CE:0.4714
2025-12-24 11:44:43,187 - utils.logger2025-12-24-11.43.11 - INFO - Cur epoch 26 loss TA:0.8437 TV:0.8475 VA:1.6681 CE:0.3902
2025-12-24 11:44:43,951 - utils.logger2025-12-24-11.43.11 - INFO - saving the model at the end of epoch 26, iters 728
2025-12-24 11:44:44,054 - utils.logger2025-12-24-11.43.11 - INFO - End of training epoch 26 / 40 	 Time Taken: 2 sec
2025-12-24 11:44:44,054 - utils.logger2025-12-24-11.43.11 - INFO - learning rate = 0.0002000
2025-12-24 11:44:44,456 - utils.logger2025-12-24-11.43.11 - INFO - Val result of epoch 26 / 40 acc 0.6741 MAE 0.5647 f1 0.6714
2025-12-24 11:44:44,824 - utils.logger2025-12-24-11.43.11 - INFO - Tst result of epoch 26 / 40 acc 0.6741 MAE 0.5647 f1 0.6714
2025-12-24 11:44:45,446 - utils.logger2025-12-24-11.43.11 - INFO - Cur epoch 27 loss TA:0.8152 TV:0.8494 VA:1.6714 CE:0.5573
2025-12-24 11:44:46,189 - utils.logger2025-12-24-11.43.11 - INFO - Cur epoch 27 loss TA:0.8334 TV:0.8148 VA:1.6072 CE:0.6664
2025-12-24 11:44:46,969 - utils.logger2025-12-24-11.43.11 - INFO - Cur epoch 27 loss TA:0.8289 TV:0.8460 VA:1.7110 CE:0.6024
2025-12-24 11:44:47,516 - utils.logger2025-12-24-11.43.11 - INFO - saving the model at the end of epoch 27, iters 756
2025-12-24 11:44:47,616 - utils.logger2025-12-24-11.43.11 - INFO - End of training epoch 27 / 40 	 Time Taken: 2 sec
2025-12-24 11:44:47,616 - utils.logger2025-12-24-11.43.11 - INFO - learning rate = 0.0002000
2025-12-24 11:44:48,127 - utils.logger2025-12-24-11.43.11 - INFO - Val result of epoch 27 / 40 acc 0.7455 MAE 0.5962 f1 0.7481
2025-12-24 11:44:48,646 - utils.logger2025-12-24-11.43.11 - INFO - Tst result of epoch 27 / 40 acc 0.7455 MAE 0.5962 f1 0.7481
2025-12-24 11:44:49,354 - utils.logger2025-12-24-11.43.11 - INFO - Cur epoch 28 loss TA:0.8459 TV:0.8391 VA:1.6873 CE:0.5957
2025-12-24 11:44:50,172 - utils.logger2025-12-24-11.43.11 - INFO - Cur epoch 28 loss TA:0.8223 TV:0.8326 VA:1.5959 CE:0.3930
2025-12-24 11:44:50,931 - utils.logger2025-12-24-11.43.11 - INFO - Cur epoch 28 loss TA:0.7941 TV:0.7957 VA:1.6037 CE:0.2894
2025-12-24 11:44:51,313 - utils.logger2025-12-24-11.43.11 - INFO - saving the model at the end of epoch 28, iters 784
2025-12-24 11:44:51,405 - utils.logger2025-12-24-11.43.11 - INFO - End of training epoch 28 / 40 	 Time Taken: 2 sec
2025-12-24 11:44:51,405 - utils.logger2025-12-24-11.43.11 - INFO - learning rate = 0.0002000
2025-12-24 11:44:51,941 - utils.logger2025-12-24-11.43.11 - INFO - Val result of epoch 28 / 40 acc 0.6875 MAE 0.5627 f1 0.6835
2025-12-24 11:44:52,382 - utils.logger2025-12-24-11.43.11 - INFO - Tst result of epoch 28 / 40 acc 0.6875 MAE 0.5627 f1 0.6835
2025-12-24 11:44:53,143 - utils.logger2025-12-24-11.43.11 - INFO - Cur epoch 29 loss TA:0.8094 TV:0.8610 VA:1.6649 CE:0.4615
2025-12-24 11:44:54,014 - utils.logger2025-12-24-11.43.11 - INFO - Cur epoch 29 loss TA:0.8479 TV:0.8497 VA:1.6509 CE:0.5544
2025-12-24 11:44:54,833 - utils.logger2025-12-24-11.43.11 - INFO - Cur epoch 29 loss TA:0.8252 TV:0.8256 VA:1.6358 CE:0.3926
2025-12-24 11:44:55,055 - utils.logger2025-12-24-11.43.11 - INFO - saving the model at the end of epoch 29, iters 812
2025-12-24 11:44:55,149 - utils.logger2025-12-24-11.43.11 - INFO - End of training epoch 29 / 40 	 Time Taken: 2 sec
2025-12-24 11:44:55,150 - utils.logger2025-12-24-11.43.11 - INFO - learning rate = 0.0002000
2025-12-24 11:44:55,710 - utils.logger2025-12-24-11.43.11 - INFO - Val result of epoch 29 / 40 acc 0.7009 MAE 0.5571 f1 0.7007
2025-12-24 11:44:56,287 - utils.logger2025-12-24-11.43.11 - INFO - Tst result of epoch 29 / 40 acc 0.7009 MAE 0.5571 f1 0.7007
2025-12-24 11:44:57,393 - utils.logger2025-12-24-11.43.11 - INFO - Cur epoch 30 loss TA:0.8098 TV:0.8129 VA:1.5606 CE:0.5515
2025-12-24 11:44:58,246 - utils.logger2025-12-24-11.43.11 - INFO - Cur epoch 30 loss TA:0.8119 TV:0.7957 VA:1.5844 CE:0.2748
2025-12-24 11:44:59,104 - utils.logger2025-12-24-11.43.11 - INFO - Cur epoch 30 loss TA:0.6421 TV:0.6154 VA:1.3093 CE:0.4065
2025-12-24 11:44:59,182 - utils.logger2025-12-24-11.43.11 - INFO - saving the model at the end of epoch 30, iters 840
2025-12-24 11:44:59,289 - utils.logger2025-12-24-11.43.11 - INFO - End of training epoch 30 / 40 	 Time Taken: 3 sec
2025-12-24 11:44:59,289 - utils.logger2025-12-24-11.43.11 - INFO - learning rate = 0.0001818
2025-12-24 11:44:59,949 - utils.logger2025-12-24-11.43.11 - INFO - Val result of epoch 30 / 40 acc 0.7054 MAE 0.5826 f1 0.7016
2025-12-24 11:45:00,415 - utils.logger2025-12-24-11.43.11 - INFO - Tst result of epoch 30 / 40 acc 0.7054 MAE 0.5826 f1 0.7016
2025-12-24 11:45:01,464 - utils.logger2025-12-24-11.43.11 - INFO - Cur epoch 31 loss TA:0.7897 TV:0.8204 VA:1.6095 CE:0.4805
2025-12-24 11:45:02,257 - utils.logger2025-12-24-11.43.11 - INFO - Cur epoch 31 loss TA:0.7787 TV:0.7682 VA:1.6494 CE:0.3650
2025-12-24 11:45:02,948 - utils.logger2025-12-24-11.43.11 - INFO - saving the model at the end of epoch 31, iters 868
2025-12-24 11:45:03,046 - utils.logger2025-12-24-11.43.11 - INFO - End of training epoch 31 / 40 	 Time Taken: 2 sec
2025-12-24 11:45:03,046 - utils.logger2025-12-24-11.43.11 - INFO - learning rate = 0.0001636
2025-12-24 11:45:03,398 - utils.logger2025-12-24-11.43.11 - INFO - Val result of epoch 31 / 40 acc 0.7500 MAE 0.5782 f1 0.7529
2025-12-24 11:45:03,742 - utils.logger2025-12-24-11.43.11 - INFO - Tst result of epoch 31 / 40 acc 0.7500 MAE 0.5782 f1 0.7529
2025-12-24 11:45:04,111 - utils.logger2025-12-24-11.43.11 - INFO - Cur epoch 32 loss TA:0.8094 TV:0.8073 VA:1.6024 CE:0.4563
2025-12-24 11:45:04,945 - utils.logger2025-12-24-11.43.11 - INFO - Cur epoch 32 loss TA:0.7880 TV:0.7929 VA:1.5222 CE:0.3777
2025-12-24 11:45:05,735 - utils.logger2025-12-24-11.43.11 - INFO - Cur epoch 32 loss TA:0.8169 TV:0.7814 VA:1.5506 CE:0.3870
2025-12-24 11:45:06,302 - utils.logger2025-12-24-11.43.11 - INFO - saving the model at the end of epoch 32, iters 896
2025-12-24 11:45:06,412 - utils.logger2025-12-24-11.43.11 - INFO - End of training epoch 32 / 40 	 Time Taken: 2 sec
2025-12-24 11:45:06,413 - utils.logger2025-12-24-11.43.11 - INFO - learning rate = 0.0001455
2025-12-24 11:45:06,965 - utils.logger2025-12-24-11.43.11 - INFO - Val result of epoch 32 / 40 acc 0.6607 MAE 0.5500 f1 0.6585
2025-12-24 11:45:07,552 - utils.logger2025-12-24-11.43.11 - INFO - Tst result of epoch 32 / 40 acc 0.6607 MAE 0.5500 f1 0.6585
2025-12-24 11:45:08,376 - utils.logger2025-12-24-11.43.11 - INFO - Cur epoch 33 loss TA:0.8107 TV:0.7793 VA:1.5769 CE:0.4433
2025-12-24 11:45:09,168 - utils.logger2025-12-24-11.43.11 - INFO - Cur epoch 33 loss TA:0.7792 TV:0.7760 VA:1.5562 CE:0.4072
2025-12-24 11:45:09,967 - utils.logger2025-12-24-11.43.11 - INFO - Cur epoch 33 loss TA:0.7757 TV:0.7722 VA:1.5346 CE:0.3677
2025-12-24 11:45:10,367 - utils.logger2025-12-24-11.43.11 - INFO - saving the model at the end of epoch 33, iters 924
2025-12-24 11:45:10,469 - utils.logger2025-12-24-11.43.11 - INFO - End of training epoch 33 / 40 	 Time Taken: 2 sec
2025-12-24 11:45:10,470 - utils.logger2025-12-24-11.43.11 - INFO - learning rate = 0.0001273
2025-12-24 11:45:10,837 - utils.logger2025-12-24-11.43.11 - INFO - Val result of epoch 33 / 40 acc 0.7411 MAE 0.5784 f1 0.7433
2025-12-24 11:45:11,368 - utils.logger2025-12-24-11.43.11 - INFO - Tst result of epoch 33 / 40 acc 0.7411 MAE 0.5784 f1 0.7433
2025-12-24 11:45:12,278 - utils.logger2025-12-24-11.43.11 - INFO - Cur epoch 34 loss TA:0.7970 TV:0.7927 VA:1.5558 CE:0.3361
2025-12-24 11:45:13,088 - utils.logger2025-12-24-11.43.11 - INFO - Cur epoch 34 loss TA:0.7696 TV:0.7814 VA:1.4864 CE:0.2586
2025-12-24 11:45:13,849 - utils.logger2025-12-24-11.43.11 - INFO - Cur epoch 34 loss TA:0.7720 TV:0.7766 VA:1.5479 CE:0.6060
2025-12-24 11:45:14,067 - utils.logger2025-12-24-11.43.11 - INFO - saving the model at the end of epoch 34, iters 952
2025-12-24 11:45:14,161 - utils.logger2025-12-24-11.43.11 - INFO - End of training epoch 34 / 40 	 Time Taken: 2 sec
2025-12-24 11:45:14,161 - utils.logger2025-12-24-11.43.11 - INFO - learning rate = 0.0001091
2025-12-24 11:45:14,771 - utils.logger2025-12-24-11.43.11 - INFO - Val result of epoch 34 / 40 acc 0.7009 MAE 0.5718 f1 0.7013
2025-12-24 11:45:15,491 - utils.logger2025-12-24-11.43.11 - INFO - Tst result of epoch 34 / 40 acc 0.7009 MAE 0.5718 f1 0.7013
2025-12-24 11:45:16,651 - utils.logger2025-12-24-11.43.11 - INFO - Cur epoch 35 loss TA:0.7641 TV:0.7975 VA:1.5399 CE:0.4949
2025-12-24 11:45:17,438 - utils.logger2025-12-24-11.43.11 - INFO - Cur epoch 35 loss TA:0.7793 TV:0.7819 VA:1.5625 CE:0.3394
2025-12-24 11:45:18,222 - utils.logger2025-12-24-11.43.11 - INFO - Cur epoch 35 loss TA:0.4316 TV:0.4600 VA:0.8797 CE:0.1244
2025-12-24 11:45:18,291 - utils.logger2025-12-24-11.43.11 - INFO - saving the model at the end of epoch 35, iters 980
2025-12-24 11:45:18,396 - utils.logger2025-12-24-11.43.11 - INFO - End of training epoch 35 / 40 	 Time Taken: 2 sec
2025-12-24 11:45:18,396 - utils.logger2025-12-24-11.43.11 - INFO - learning rate = 0.0000909
2025-12-24 11:45:18,860 - utils.logger2025-12-24-11.43.11 - INFO - Val result of epoch 35 / 40 acc 0.7054 MAE 0.5720 f1 0.7011
2025-12-24 11:45:19,498 - utils.logger2025-12-24-11.43.11 - INFO - Tst result of epoch 35 / 40 acc 0.7054 MAE 0.5720 f1 0.7011
2025-12-24 11:45:20,759 - utils.logger2025-12-24-11.43.11 - INFO - Cur epoch 36 loss TA:0.7589 TV:0.7810 VA:1.4730 CE:0.5010
2025-12-24 11:45:21,662 - utils.logger2025-12-24-11.43.11 - INFO - Cur epoch 36 loss TA:0.7664 TV:0.7667 VA:1.5078 CE:0.2696
2025-12-24 11:45:22,404 - utils.logger2025-12-24-11.43.11 - INFO - saving the model at the end of epoch 36, iters 1008
2025-12-24 11:45:22,506 - utils.logger2025-12-24-11.43.11 - INFO - End of training epoch 36 / 40 	 Time Taken: 3 sec
2025-12-24 11:45:22,507 - utils.logger2025-12-24-11.43.11 - INFO - learning rate = 0.0000727
2025-12-24 11:45:23,228 - utils.logger2025-12-24-11.43.11 - INFO - Val result of epoch 36 / 40 acc 0.7277 MAE 0.5781 f1 0.7198
2025-12-24 11:45:23,943 - utils.logger2025-12-24-11.43.11 - INFO - Tst result of epoch 36 / 40 acc 0.7277 MAE 0.5781 f1 0.7198
2025-12-24 11:45:24,725 - utils.logger2025-12-24-11.43.11 - INFO - Cur epoch 37 loss TA:0.7781 TV:0.7910 VA:1.5311 CE:0.2214
2025-12-24 11:45:25,566 - utils.logger2025-12-24-11.43.11 - INFO - Cur epoch 37 loss TA:0.7515 TV:0.7453 VA:1.4443 CE:0.4812
2025-12-24 11:45:26,386 - utils.logger2025-12-24-11.43.11 - INFO - Cur epoch 37 loss TA:0.7542 TV:0.7407 VA:1.4710 CE:0.4539
2025-12-24 11:45:26,998 - utils.logger2025-12-24-11.43.11 - INFO - saving the model at the end of epoch 37, iters 1036
2025-12-24 11:45:27,108 - utils.logger2025-12-24-11.43.11 - INFO - End of training epoch 37 / 40 	 Time Taken: 3 sec
2025-12-24 11:45:27,109 - utils.logger2025-12-24-11.43.11 - INFO - learning rate = 0.0000545
2025-12-24 11:45:27,702 - utils.logger2025-12-24-11.43.11 - INFO - Val result of epoch 37 / 40 acc 0.7054 MAE 0.5597 f1 0.7011
2025-12-24 11:45:28,235 - utils.logger2025-12-24-11.43.11 - INFO - Tst result of epoch 37 / 40 acc 0.7054 MAE 0.5597 f1 0.7011
2025-12-24 11:45:28,901 - utils.logger2025-12-24-11.43.11 - INFO - Cur epoch 38 loss TA:0.7607 TV:0.7736 VA:1.4925 CE:0.4936
2025-12-24 11:45:29,643 - utils.logger2025-12-24-11.43.11 - INFO - Cur epoch 38 loss TA:0.7651 TV:0.7535 VA:1.4566 CE:0.6031
2025-12-24 11:45:30,403 - utils.logger2025-12-24-11.43.11 - INFO - Cur epoch 38 loss TA:0.7569 TV:0.7547 VA:1.5124 CE:0.2014
2025-12-24 11:45:30,778 - utils.logger2025-12-24-11.43.11 - INFO - saving the model at the end of epoch 38, iters 1064
2025-12-24 11:45:30,878 - utils.logger2025-12-24-11.43.11 - INFO - End of training epoch 38 / 40 	 Time Taken: 2 sec
2025-12-24 11:45:30,878 - utils.logger2025-12-24-11.43.11 - INFO - learning rate = 0.0000364
2025-12-24 11:45:31,434 - utils.logger2025-12-24-11.43.11 - INFO - Val result of epoch 38 / 40 acc 0.7054 MAE 0.5575 f1 0.7011
2025-12-24 11:45:31,889 - utils.logger2025-12-24-11.43.11 - INFO - Tst result of epoch 38 / 40 acc 0.7054 MAE 0.5575 f1 0.7011
2025-12-24 11:45:32,608 - utils.logger2025-12-24-11.43.11 - INFO - Cur epoch 39 loss TA:0.7334 TV:0.7395 VA:1.4574 CE:0.3744
2025-12-24 11:45:33,379 - utils.logger2025-12-24-11.43.11 - INFO - Cur epoch 39 loss TA:0.7575 TV:0.7629 VA:1.5093 CE:0.1800
2025-12-24 11:45:34,179 - utils.logger2025-12-24-11.43.11 - INFO - Cur epoch 39 loss TA:0.7697 TV:0.7753 VA:1.5205 CE:0.4052
2025-12-24 11:45:34,422 - utils.logger2025-12-24-11.43.11 - INFO - saving the model at the end of epoch 39, iters 1092
2025-12-24 11:45:34,522 - utils.logger2025-12-24-11.43.11 - INFO - End of training epoch 39 / 40 	 Time Taken: 2 sec
2025-12-24 11:45:34,523 - utils.logger2025-12-24-11.43.11 - INFO - learning rate = 0.0000182
2025-12-24 11:45:35,029 - utils.logger2025-12-24-11.43.11 - INFO - Val result of epoch 39 / 40 acc 0.7054 MAE 0.5641 f1 0.7011
2025-12-24 11:45:35,399 - utils.logger2025-12-24-11.43.11 - INFO - Tst result of epoch 39 / 40 acc 0.7054 MAE 0.5641 f1 0.7011
2025-12-24 11:45:36,303 - utils.logger2025-12-24-11.43.11 - INFO - Cur epoch 40 loss TA:0.7811 TV:0.7834 VA:1.4960 CE:0.2906
2025-12-24 11:45:37,073 - utils.logger2025-12-24-11.43.11 - INFO - Cur epoch 40 loss TA:0.7485 TV:0.7551 VA:1.4569 CE:0.2118
2025-12-24 11:45:37,861 - utils.logger2025-12-24-11.43.11 - INFO - Cur epoch 40 loss TA:0.4374 TV:0.4393 VA:0.7760 CE:0.4642
2025-12-24 11:45:37,936 - utils.logger2025-12-24-11.43.11 - INFO - saving the model at the end of epoch 40, iters 1120
2025-12-24 11:45:38,030 - utils.logger2025-12-24-11.43.11 - INFO - End of training epoch 40 / 40 	 Time Taken: 2 sec
2025-12-24 11:45:38,031 - utils.logger2025-12-24-11.43.11 - INFO - learning rate = 0.0000000
2025-12-24 11:45:38,545 - utils.logger2025-12-24-11.43.11 - INFO - Val result of epoch 40 / 40 acc 0.6964 MAE 0.5631 f1 0.6922
2025-12-24 11:45:39,139 - utils.logger2025-12-24-11.43.11 - INFO - Tst result of epoch 40 / 40 acc 0.6964 MAE 0.5631 f1 0.6922
2025-12-24 11:45:39,139 - utils.logger2025-12-24-11.43.11 - INFO - Best eval epoch 13 found with f1 0.803244
