2025-12-29 15:26:09,306 - utils.logger2025-12-29-15.26.00 - INFO - The number of testing samples = 3252
2025-12-29 15:26:09,306 - utils.logger2025-12-29-15.26.00 - INFO - The number of training samples = 4508
2025-12-29 15:26:11,733 - utils.logger2025-12-29-15.26.00 - INFO - Cur epoch 1 loss CE:1.5700 mse:0.1570 consistent:0.0000
2025-12-29 15:26:12,917 - utils.logger2025-12-29-15.26.00 - INFO - Cur epoch 1 loss CE:1.6471 mse:0.1712 consistent:0.0000
2025-12-29 15:26:14,018 - utils.logger2025-12-29-15.26.00 - INFO - Cur epoch 1 loss CE:1.9593 mse:0.0969 consistent:0.0000
2025-12-29 15:26:15,333 - utils.logger2025-12-29-15.26.00 - INFO - Cur epoch 1 loss CE:1.2251 mse:0.0815 consistent:0.0000
2025-12-29 15:26:16,611 - utils.logger2025-12-29-15.26.00 - INFO - Cur epoch 1 loss CE:1.2714 mse:0.0733 consistent:0.0000
2025-12-29 15:26:17,397 - utils.logger2025-12-29-15.26.00 - INFO - saving the model at the end of epoch 1, iters 4512
2025-12-29 15:26:17,489 - utils.logger2025-12-29-15.26.00 - INFO - End of training epoch 1 / 40 	 Time Taken: 7 sec
2025-12-29 15:26:17,489 - utils.logger2025-12-29-15.26.00 - INFO - learning rate = 0.0002000
2025-12-29 15:26:18,719 - utils.logger2025-12-29-15.26.00 - INFO - Val result of epoch 1 / 40 acc 0.5374 uar 0.5023 f1 0.5030
2025-12-29 15:26:20,174 - utils.logger2025-12-29-15.26.00 - INFO - Tst result of epoch 1 / 40 acc 0.5898 uar 0.5256 f1 0.5469
2025-12-29 15:26:20,537 - utils.logger2025-12-29-15.26.00 - INFO - Cur epoch 2 loss CE:1.0821 mse:0.0508 consistent:0.0000
2025-12-29 15:26:21,639 - utils.logger2025-12-29-15.26.00 - INFO - Cur epoch 2 loss CE:0.9978 mse:0.0563 consistent:0.0000
2025-12-29 15:26:22,850 - utils.logger2025-12-29-15.26.00 - INFO - Cur epoch 2 loss CE:0.8273 mse:0.0301 consistent:0.0000
2025-12-29 15:26:24,030 - utils.logger2025-12-29-15.26.00 - INFO - Cur epoch 2 loss CE:1.2371 mse:0.0336 consistent:0.0000
2025-12-29 15:26:25,193 - utils.logger2025-12-29-15.26.00 - INFO - Cur epoch 2 loss CE:0.9088 mse:0.0351 consistent:0.0000
2025-12-29 15:26:26,348 - utils.logger2025-12-29-15.26.00 - INFO - Cur epoch 2 loss CE:1.5558 mse:0.0281 consistent:0.0000
2025-12-29 15:26:26,746 - utils.logger2025-12-29-15.26.00 - INFO - saving the model at the end of epoch 2, iters 9024
2025-12-29 15:26:26,878 - utils.logger2025-12-29-15.26.00 - INFO - End of training epoch 2 / 40 	 Time Taken: 6 sec
2025-12-29 15:26:26,878 - utils.logger2025-12-29-15.26.00 - INFO - learning rate = 0.0002000
2025-12-29 15:26:28,356 - utils.logger2025-12-29-15.26.00 - INFO - Val result of epoch 2 / 40 acc 0.6102 uar 0.6153 f1 0.5976
2025-12-29 15:26:29,800 - utils.logger2025-12-29-15.26.00 - INFO - Tst result of epoch 2 / 40 acc 0.5523 uar 0.5921 f1 0.5509
2025-12-29 15:26:30,574 - utils.logger2025-12-29-15.26.00 - INFO - Cur epoch 3 loss CE:0.8638 mse:0.0247 consistent:0.0000
2025-12-29 15:26:31,693 - utils.logger2025-12-29-15.26.00 - INFO - Cur epoch 3 loss CE:0.7941 mse:0.0239 consistent:0.0000
2025-12-29 15:26:32,693 - utils.logger2025-12-29-15.26.00 - INFO - Cur epoch 3 loss CE:0.5671 mse:0.0207 consistent:0.0000
2025-12-29 15:26:33,673 - utils.logger2025-12-29-15.26.00 - INFO - Cur epoch 3 loss CE:0.9334 mse:0.0232 consistent:0.0000
2025-12-29 15:26:34,635 - utils.logger2025-12-29-15.26.00 - INFO - Cur epoch 3 loss CE:0.7315 mse:0.0229 consistent:0.0000
2025-12-29 15:26:35,562 - utils.logger2025-12-29-15.26.00 - INFO - saving the model at the end of epoch 3, iters 13536
2025-12-29 15:26:35,663 - utils.logger2025-12-29-15.26.00 - INFO - End of training epoch 3 / 40 	 Time Taken: 5 sec
2025-12-29 15:26:35,663 - utils.logger2025-12-29-15.26.00 - INFO - learning rate = 0.0002000
2025-12-29 15:26:36,798 - utils.logger2025-12-29-15.26.00 - INFO - Val result of epoch 3 / 40 acc 0.6175 uar 0.6171 f1 0.6020
2025-12-29 15:26:38,151 - utils.logger2025-12-29-15.26.00 - INFO - Tst result of epoch 3 / 40 acc 0.5440 uar 0.5948 f1 0.5478
2025-12-29 15:26:38,224 - utils.logger2025-12-29-15.26.00 - INFO - Cur epoch 4 loss CE:0.8667 mse:0.0197 consistent:0.0000
2025-12-29 15:26:39,319 - utils.logger2025-12-29-15.26.00 - INFO - Cur epoch 4 loss CE:0.6689 mse:0.0315 consistent:0.0000
2025-12-29 15:26:40,436 - utils.logger2025-12-29-15.26.00 - INFO - Cur epoch 4 loss CE:0.5782 mse:0.0165 consistent:0.0000
2025-12-29 15:26:41,621 - utils.logger2025-12-29-15.26.00 - INFO - Cur epoch 4 loss CE:0.8417 mse:0.0154 consistent:0.0000
2025-12-29 15:26:42,733 - utils.logger2025-12-29-15.26.00 - INFO - Cur epoch 4 loss CE:0.7587 mse:0.0145 consistent:0.0000
2025-12-29 15:26:43,903 - utils.logger2025-12-29-15.26.00 - INFO - Cur epoch 4 loss CE:0.7516 mse:0.0142 consistent:0.0000
2025-12-29 15:26:44,585 - utils.logger2025-12-29-15.26.00 - INFO - saving the model at the end of epoch 4, iters 18048
2025-12-29 15:26:44,711 - utils.logger2025-12-29-15.26.00 - INFO - End of training epoch 4 / 40 	 Time Taken: 6 sec
2025-12-29 15:26:44,711 - utils.logger2025-12-29-15.26.00 - INFO - learning rate = 0.0002000
2025-12-29 15:26:46,244 - utils.logger2025-12-29-15.26.00 - INFO - Val result of epoch 4 / 40 acc 0.6306 uar 0.6199 f1 0.6233
2025-12-29 15:26:47,971 - utils.logger2025-12-29-15.26.00 - INFO - Tst result of epoch 4 / 40 acc 0.5999 uar 0.6199 f1 0.6047
2025-12-29 15:26:48,495 - utils.logger2025-12-29-15.26.00 - INFO - Cur epoch 5 loss CE:0.7226 mse:0.0145 consistent:0.0000
2025-12-29 15:26:49,718 - utils.logger2025-12-29-15.26.00 - INFO - Cur epoch 5 loss CE:0.6311 mse:0.0146 consistent:0.0000
2025-12-29 15:26:50,955 - utils.logger2025-12-29-15.26.00 - INFO - Cur epoch 5 loss CE:0.7146 mse:0.0120 consistent:0.0000
2025-12-29 15:26:52,153 - utils.logger2025-12-29-15.26.00 - INFO - Cur epoch 5 loss CE:0.6411 mse:0.0099 consistent:0.0000
2025-12-29 15:26:53,191 - utils.logger2025-12-29-15.26.00 - INFO - Cur epoch 5 loss CE:0.7331 mse:0.0122 consistent:0.0000
2025-12-29 15:26:54,356 - utils.logger2025-12-29-15.26.00 - INFO - Cur epoch 5 loss CE:1.2401 mse:0.0113 consistent:0.0000
2025-12-29 15:26:54,600 - utils.logger2025-12-29-15.26.00 - INFO - saving the model at the end of epoch 5, iters 22560
2025-12-29 15:26:54,697 - utils.logger2025-12-29-15.26.00 - INFO - End of training epoch 5 / 40 	 Time Taken: 6 sec
2025-12-29 15:26:54,697 - utils.logger2025-12-29-15.26.00 - INFO - learning rate = 0.0002000
2025-12-29 15:26:56,122 - utils.logger2025-12-29-15.26.00 - INFO - Val result of epoch 5 / 40 acc 0.6407 uar 0.6390 f1 0.6389
2025-12-29 15:26:57,832 - utils.logger2025-12-29-15.26.00 - INFO - Tst result of epoch 5 / 40 acc 0.6399 uar 0.6509 f1 0.6407
2025-12-29 15:26:58,907 - utils.logger2025-12-29-15.26.00 - INFO - Cur epoch 6 loss CE:0.7995 mse:0.0123 consistent:0.0000
2025-12-29 15:27:00,208 - utils.logger2025-12-29-15.26.00 - INFO - Cur epoch 6 loss CE:0.6678 mse:0.0122 consistent:0.0000
2025-12-29 15:27:01,487 - utils.logger2025-12-29-15.26.00 - INFO - Cur epoch 6 loss CE:1.2076 mse:0.0130 consistent:0.0000
2025-12-29 15:27:02,813 - utils.logger2025-12-29-15.26.00 - INFO - Cur epoch 6 loss CE:0.7376 mse:0.0105 consistent:0.0000
2025-12-29 15:27:04,110 - utils.logger2025-12-29-15.26.00 - INFO - Cur epoch 6 loss CE:0.5954 mse:0.0127 consistent:0.0000
2025-12-29 15:27:05,192 - utils.logger2025-12-29-15.26.00 - INFO - saving the model at the end of epoch 6, iters 27072
2025-12-29 15:27:05,285 - utils.logger2025-12-29-15.26.00 - INFO - End of training epoch 6 / 40 	 Time Taken: 7 sec
2025-12-29 15:27:05,285 - utils.logger2025-12-29-15.26.00 - INFO - learning rate = 0.0002000
2025-12-29 15:27:06,446 - utils.logger2025-12-29-15.26.00 - INFO - Val result of epoch 6 / 40 acc 0.6594 uar 0.6550 f1 0.6614
2025-12-29 15:27:07,764 - utils.logger2025-12-29-15.26.00 - INFO - Tst result of epoch 6 / 40 acc 0.6565 uar 0.6521 f1 0.6521
2025-12-29 15:27:07,911 - utils.logger2025-12-29-15.26.00 - INFO - Cur epoch 7 loss CE:0.9325 mse:0.0131 consistent:0.0000
2025-12-29 15:27:08,891 - utils.logger2025-12-29-15.26.00 - INFO - Cur epoch 7 loss CE:0.4969 mse:0.0111 consistent:0.0000
2025-12-29 15:27:09,887 - utils.logger2025-12-29-15.26.00 - INFO - Cur epoch 7 loss CE:0.5328 mse:0.0113 consistent:0.0000
2025-12-29 15:27:10,982 - utils.logger2025-12-29-15.26.00 - INFO - Cur epoch 7 loss CE:0.6628 mse:0.0131 consistent:0.0000
2025-12-29 15:27:12,171 - utils.logger2025-12-29-15.26.00 - INFO - Cur epoch 7 loss CE:0.5438 mse:0.0109 consistent:0.0000
2025-12-29 15:27:13,279 - utils.logger2025-12-29-15.26.00 - INFO - Cur epoch 7 loss CE:0.7002 mse:0.0119 consistent:0.0000
2025-12-29 15:27:13,838 - utils.logger2025-12-29-15.26.00 - INFO - saving the model at the end of epoch 7, iters 31584
2025-12-29 15:27:13,960 - utils.logger2025-12-29-15.26.00 - INFO - End of training epoch 7 / 40 	 Time Taken: 6 sec
2025-12-29 15:27:13,960 - utils.logger2025-12-29-15.26.00 - INFO - learning rate = 0.0002000
2025-12-29 15:27:15,509 - utils.logger2025-12-29-15.26.00 - INFO - Val result of epoch 7 / 40 acc 0.6726 uar 0.6799 f1 0.6748
2025-12-29 15:27:16,886 - utils.logger2025-12-29-15.26.00 - INFO - Tst result of epoch 7 / 40 acc 0.6273 uar 0.6574 f1 0.6321
2025-12-29 15:27:17,475 - utils.logger2025-12-29-15.26.00 - INFO - Cur epoch 8 loss CE:0.5105 mse:0.0101 consistent:0.0000
2025-12-29 15:27:18,652 - utils.logger2025-12-29-15.26.00 - INFO - Cur epoch 8 loss CE:0.6149 mse:0.0087 consistent:0.0000
2025-12-29 15:27:19,968 - utils.logger2025-12-29-15.26.00 - INFO - Cur epoch 8 loss CE:0.5532 mse:0.0112 consistent:0.0000
2025-12-29 15:27:21,272 - utils.logger2025-12-29-15.26.00 - INFO - Cur epoch 8 loss CE:0.4765 mse:0.0091 consistent:0.0000
2025-12-29 15:27:22,600 - utils.logger2025-12-29-15.26.00 - INFO - Cur epoch 8 loss CE:0.6405 mse:0.0095 consistent:0.0000
2025-12-29 15:27:23,675 - utils.logger2025-12-29-15.26.00 - INFO - Cur epoch 8 loss CE:0.5533 mse:0.0114 consistent:0.0000
2025-12-29 15:27:23,815 - utils.logger2025-12-29-15.26.00 - INFO - saving the model at the end of epoch 8, iters 36096
2025-12-29 15:27:23,906 - utils.logger2025-12-29-15.26.00 - INFO - End of training epoch 8 / 40 	 Time Taken: 7 sec
2025-12-29 15:27:23,906 - utils.logger2025-12-29-15.26.00 - INFO - learning rate = 0.0002000
2025-12-29 15:27:25,007 - utils.logger2025-12-29-15.26.00 - INFO - Val result of epoch 8 / 40 acc 0.6698 uar 0.6656 f1 0.6713
2025-12-29 15:27:26,311 - utils.logger2025-12-29-15.26.00 - INFO - Tst result of epoch 8 / 40 acc 0.6055 uar 0.6355 f1 0.6154
2025-12-29 15:27:27,384 - utils.logger2025-12-29-15.26.00 - INFO - Cur epoch 9 loss CE:0.5417 mse:0.0102 consistent:0.0000
2025-12-29 15:27:28,727 - utils.logger2025-12-29-15.26.00 - INFO - Cur epoch 9 loss CE:0.7697 mse:0.0108 consistent:0.0000
2025-12-29 15:27:30,056 - utils.logger2025-12-29-15.26.00 - INFO - Cur epoch 9 loss CE:0.8121 mse:0.0110 consistent:0.0000
2025-12-29 15:27:31,365 - utils.logger2025-12-29-15.26.00 - INFO - Cur epoch 9 loss CE:0.5820 mse:0.0110 consistent:0.0000
2025-12-29 15:27:32,596 - utils.logger2025-12-29-15.26.00 - INFO - Cur epoch 9 loss CE:1.0725 mse:0.0108 consistent:0.0000
2025-12-29 15:27:33,515 - utils.logger2025-12-29-15.26.00 - INFO - saving the model at the end of epoch 9, iters 40608
2025-12-29 15:27:33,631 - utils.logger2025-12-29-15.26.00 - INFO - End of training epoch 9 / 40 	 Time Taken: 7 sec
2025-12-29 15:27:33,632 - utils.logger2025-12-29-15.26.00 - INFO - learning rate = 0.0002000
2025-12-29 15:27:35,006 - utils.logger2025-12-29-15.26.00 - INFO - Val result of epoch 9 / 40 acc 0.6521 uar 0.6686 f1 0.6477
2025-12-29 15:27:36,319 - utils.logger2025-12-29-15.26.00 - INFO - Tst result of epoch 9 / 40 acc 0.5876 uar 0.6541 f1 0.5917
2025-12-29 15:27:36,539 - utils.logger2025-12-29-15.26.00 - INFO - Cur epoch 10 loss CE:0.6439 mse:0.0095 consistent:0.0000
2025-12-29 15:27:37,605 - utils.logger2025-12-29-15.26.00 - INFO - Cur epoch 10 loss CE:0.6282 mse:0.0117 consistent:0.0000
2025-12-29 15:27:38,883 - utils.logger2025-12-29-15.26.00 - INFO - Cur epoch 10 loss CE:0.4976 mse:0.0112 consistent:0.0000
2025-12-29 15:27:40,061 - utils.logger2025-12-29-15.26.00 - INFO - Cur epoch 10 loss CE:0.6303 mse:0.0119 consistent:0.0000
2025-12-29 15:27:41,226 - utils.logger2025-12-29-15.26.00 - INFO - Cur epoch 10 loss CE:0.4455 mse:0.0090 consistent:0.0000
2025-12-29 15:27:42,417 - utils.logger2025-12-29-15.26.00 - INFO - Cur epoch 10 loss CE:0.9130 mse:0.0127 consistent:0.0000
2025-12-29 15:27:42,952 - utils.logger2025-12-29-15.26.00 - INFO - saving the model at the end of epoch 10, iters 45120
2025-12-29 15:27:43,074 - utils.logger2025-12-29-15.26.00 - INFO - End of training epoch 10 / 40 	 Time Taken: 6 sec
2025-12-29 15:27:43,074 - utils.logger2025-12-29-15.26.00 - INFO - learning rate = 0.0002000
2025-12-29 15:27:44,576 - utils.logger2025-12-29-15.26.00 - INFO - Val result of epoch 10 / 40 acc 0.6809 uar 0.6704 f1 0.6793
2025-12-29 15:27:46,138 - utils.logger2025-12-29-15.26.00 - INFO - Tst result of epoch 10 / 40 acc 0.6245 uar 0.6366 f1 0.6235
2025-12-29 15:27:46,834 - utils.logger2025-12-29-15.26.00 - INFO - Cur epoch 11 loss CE:0.5283 mse:0.0102 consistent:0.0000
2025-12-29 15:27:48,024 - utils.logger2025-12-29-15.26.00 - INFO - Cur epoch 11 loss CE:0.7337 mse:0.0080 consistent:0.0000
2025-12-29 15:27:49,164 - utils.logger2025-12-29-15.26.00 - INFO - Cur epoch 11 loss CE:0.8868 mse:0.0095 consistent:0.0000
2025-12-29 15:27:50,343 - utils.logger2025-12-29-15.26.00 - INFO - Cur epoch 11 loss CE:0.6012 mse:0.0085 consistent:0.0000
2025-12-29 15:27:51,508 - utils.logger2025-12-29-15.26.00 - INFO - Cur epoch 11 loss CE:0.5879 mse:0.0107 consistent:0.0000
2025-12-29 15:27:52,758 - utils.logger2025-12-29-15.26.00 - INFO - Cur epoch 11 loss CE:0.4154 mse:0.0104 consistent:0.0000
2025-12-29 15:27:52,804 - utils.logger2025-12-29-15.26.00 - INFO - saving the model at the end of epoch 11, iters 49632
2025-12-29 15:27:52,922 - utils.logger2025-12-29-15.26.00 - INFO - End of training epoch 11 / 40 	 Time Taken: 6 sec
2025-12-29 15:27:52,922 - utils.logger2025-12-29-15.26.00 - INFO - learning rate = 0.0002000
2025-12-29 15:27:54,388 - utils.logger2025-12-29-15.26.00 - INFO - Val result of epoch 11 / 40 acc 0.6639 uar 0.6574 f1 0.6660
2025-12-29 15:27:55,976 - utils.logger2025-12-29-15.26.00 - INFO - Tst result of epoch 11 / 40 acc 0.6165 uar 0.6207 f1 0.6177
2025-12-29 15:27:56,933 - utils.logger2025-12-29-15.26.00 - INFO - Cur epoch 12 loss CE:0.4672 mse:0.0087 consistent:0.0000
2025-12-29 15:27:58,030 - utils.logger2025-12-29-15.26.00 - INFO - Cur epoch 12 loss CE:0.6488 mse:0.0105 consistent:0.0000
2025-12-29 15:27:59,198 - utils.logger2025-12-29-15.26.00 - INFO - Cur epoch 12 loss CE:0.6077 mse:0.0135 consistent:0.0000
2025-12-29 15:28:00,283 - utils.logger2025-12-29-15.26.00 - INFO - Cur epoch 12 loss CE:0.5540 mse:0.0104 consistent:0.0000
2025-12-29 15:28:01,465 - utils.logger2025-12-29-15.26.00 - INFO - Cur epoch 12 loss CE:0.6641 mse:0.0113 consistent:0.0000
2025-12-29 15:28:02,328 - utils.logger2025-12-29-15.26.00 - INFO - saving the model at the end of epoch 12, iters 54144
2025-12-29 15:28:02,441 - utils.logger2025-12-29-15.26.00 - INFO - End of training epoch 12 / 40 	 Time Taken: 6 sec
2025-12-29 15:28:02,442 - utils.logger2025-12-29-15.26.00 - INFO - learning rate = 0.0002000
2025-12-29 15:28:03,926 - utils.logger2025-12-29-15.26.00 - INFO - Val result of epoch 12 / 40 acc 0.6608 uar 0.6690 f1 0.6556
2025-12-29 15:28:05,624 - utils.logger2025-12-29-15.26.00 - INFO - Tst result of epoch 12 / 40 acc 0.5993 uar 0.6530 f1 0.6076
2025-12-29 15:28:05,994 - utils.logger2025-12-29-15.26.00 - INFO - Cur epoch 13 loss CE:0.5197 mse:0.0107 consistent:0.0000
2025-12-29 15:28:07,133 - utils.logger2025-12-29-15.26.00 - INFO - Cur epoch 13 loss CE:0.6001 mse:0.0103 consistent:0.0000
2025-12-29 15:28:08,343 - utils.logger2025-12-29-15.26.00 - INFO - Cur epoch 13 loss CE:0.6706 mse:0.0082 consistent:0.0000
2025-12-29 15:28:09,611 - utils.logger2025-12-29-15.26.00 - INFO - Cur epoch 13 loss CE:0.5402 mse:0.0097 consistent:0.0000
2025-12-29 15:28:10,889 - utils.logger2025-12-29-15.26.00 - INFO - Cur epoch 13 loss CE:0.4291 mse:0.0099 consistent:0.0000
2025-12-29 15:28:12,157 - utils.logger2025-12-29-15.26.00 - INFO - Cur epoch 13 loss CE:0.4073 mse:0.0096 consistent:0.0000
2025-12-29 15:28:12,561 - utils.logger2025-12-29-15.26.00 - INFO - saving the model at the end of epoch 13, iters 58656
2025-12-29 15:28:12,678 - utils.logger2025-12-29-15.26.00 - INFO - End of training epoch 13 / 40 	 Time Taken: 7 sec
2025-12-29 15:28:12,678 - utils.logger2025-12-29-15.26.00 - INFO - learning rate = 0.0002000
2025-12-29 15:28:13,802 - utils.logger2025-12-29-15.26.00 - INFO - Val result of epoch 13 / 40 acc 0.6757 uar 0.6685 f1 0.6774
2025-12-29 15:28:15,085 - utils.logger2025-12-29-15.26.00 - INFO - Tst result of epoch 13 / 40 acc 0.6350 uar 0.6458 f1 0.6363
2025-12-29 15:28:15,858 - utils.logger2025-12-29-15.26.00 - INFO - Cur epoch 14 loss CE:0.4838 mse:0.0106 consistent:0.0000
2025-12-29 15:28:16,984 - utils.logger2025-12-29-15.26.00 - INFO - Cur epoch 14 loss CE:0.3386 mse:0.0107 consistent:0.0000
2025-12-29 15:28:18,293 - utils.logger2025-12-29-15.26.00 - INFO - Cur epoch 14 loss CE:0.7462 mse:0.0116 consistent:0.0000
2025-12-29 15:28:19,575 - utils.logger2025-12-29-15.26.00 - INFO - Cur epoch 14 loss CE:0.8191 mse:0.0075 consistent:0.0000
2025-12-29 15:28:20,887 - utils.logger2025-12-29-15.26.00 - INFO - Cur epoch 14 loss CE:0.6954 mse:0.0105 consistent:0.0000
2025-12-29 15:28:22,093 - utils.logger2025-12-29-15.26.00 - INFO - saving the model at the end of epoch 14, iters 63168
2025-12-29 15:28:22,210 - utils.logger2025-12-29-15.26.00 - INFO - End of training epoch 14 / 40 	 Time Taken: 7 sec
2025-12-29 15:28:22,210 - utils.logger2025-12-29-15.26.00 - INFO - learning rate = 0.0002000
2025-12-29 15:28:23,592 - utils.logger2025-12-29-15.26.00 - INFO - Val result of epoch 14 / 40 acc 0.6753 uar 0.6834 f1 0.6671
2025-12-29 15:28:24,882 - utils.logger2025-12-29-15.26.00 - INFO - Tst result of epoch 14 / 40 acc 0.5993 uar 0.6439 f1 0.6055
2025-12-29 15:28:24,924 - utils.logger2025-12-29-15.26.00 - INFO - Cur epoch 15 loss CE:0.6125 mse:0.0077 consistent:0.0000
2025-12-29 15:28:25,966 - utils.logger2025-12-29-15.26.00 - INFO - Cur epoch 15 loss CE:0.4969 mse:0.0111 consistent:0.0000
2025-12-29 15:28:27,186 - utils.logger2025-12-29-15.26.00 - INFO - Cur epoch 15 loss CE:0.6775 mse:0.0110 consistent:0.0000
2025-12-29 15:28:28,350 - utils.logger2025-12-29-15.26.00 - INFO - Cur epoch 15 loss CE:0.5912 mse:0.0080 consistent:0.0000
2025-12-29 15:28:29,564 - utils.logger2025-12-29-15.26.00 - INFO - Cur epoch 15 loss CE:0.4374 mse:0.0100 consistent:0.0000
2025-12-29 15:28:30,698 - utils.logger2025-12-29-15.26.00 - INFO - Cur epoch 15 loss CE:0.4057 mse:0.0083 consistent:0.0000
2025-12-29 15:28:31,448 - utils.logger2025-12-29-15.26.00 - INFO - saving the model at the end of epoch 15, iters 67680
2025-12-29 15:28:31,560 - utils.logger2025-12-29-15.26.00 - INFO - End of training epoch 15 / 40 	 Time Taken: 6 sec
2025-12-29 15:28:31,561 - utils.logger2025-12-29-15.26.00 - INFO - learning rate = 0.0002000
2025-12-29 15:28:33,045 - utils.logger2025-12-29-15.26.00 - INFO - Val result of epoch 15 / 40 acc 0.6784 uar 0.6757 f1 0.6766
2025-12-29 15:28:34,705 - utils.logger2025-12-29-15.26.00 - INFO - Tst result of epoch 15 / 40 acc 0.6089 uar 0.6445 f1 0.6167
2025-12-29 15:28:35,224 - utils.logger2025-12-29-15.26.00 - INFO - Cur epoch 16 loss CE:0.6542 mse:0.0118 consistent:0.0000
2025-12-29 15:28:36,568 - utils.logger2025-12-29-15.26.00 - INFO - Cur epoch 16 loss CE:0.6176 mse:0.0079 consistent:0.0000
2025-12-29 15:28:37,689 - utils.logger2025-12-29-15.26.00 - INFO - Cur epoch 16 loss CE:0.4378 mse:0.0081 consistent:0.0000
2025-12-29 15:28:38,981 - utils.logger2025-12-29-15.26.00 - INFO - Cur epoch 16 loss CE:0.4279 mse:0.0097 consistent:0.0000
2025-12-29 15:28:40,331 - utils.logger2025-12-29-15.26.00 - INFO - Cur epoch 16 loss CE:0.3755 mse:0.0077 consistent:0.0000
2025-12-29 15:28:41,506 - utils.logger2025-12-29-15.26.00 - INFO - Cur epoch 16 loss CE:0.5913 mse:0.0108 consistent:0.0000
2025-12-29 15:28:41,781 - utils.logger2025-12-29-15.26.00 - INFO - saving the model at the end of epoch 16, iters 72192
2025-12-29 15:28:41,871 - utils.logger2025-12-29-15.26.00 - INFO - End of training epoch 16 / 40 	 Time Taken: 7 sec
2025-12-29 15:28:41,871 - utils.logger2025-12-29-15.26.00 - INFO - learning rate = 0.0002000
2025-12-29 15:28:42,986 - utils.logger2025-12-29-15.26.00 - INFO - Val result of epoch 16 / 40 acc 0.6719 uar 0.6724 f1 0.6700
2025-12-29 15:28:44,309 - utils.logger2025-12-29-15.26.00 - INFO - Tst result of epoch 16 / 40 acc 0.6264 uar 0.6580 f1 0.6343
2025-12-29 15:28:45,177 - utils.logger2025-12-29-15.26.00 - INFO - Cur epoch 17 loss CE:0.4207 mse:0.0096 consistent:0.0000
2025-12-29 15:28:46,343 - utils.logger2025-12-29-15.26.00 - INFO - Cur epoch 17 loss CE:0.4961 mse:0.0121 consistent:0.0000
2025-12-29 15:28:47,495 - utils.logger2025-12-29-15.26.00 - INFO - Cur epoch 17 loss CE:0.3666 mse:0.0084 consistent:0.0000
2025-12-29 15:28:48,496 - utils.logger2025-12-29-15.26.00 - INFO - Cur epoch 17 loss CE:0.4214 mse:0.0097 consistent:0.0000
2025-12-29 15:28:49,465 - utils.logger2025-12-29-15.26.00 - INFO - Cur epoch 17 loss CE:0.4832 mse:0.0084 consistent:0.0000
2025-12-29 15:28:50,371 - utils.logger2025-12-29-15.26.00 - INFO - saving the model at the end of epoch 17, iters 76704
2025-12-29 15:28:50,458 - utils.logger2025-12-29-15.26.00 - INFO - End of training epoch 17 / 40 	 Time Taken: 6 sec
2025-12-29 15:28:50,458 - utils.logger2025-12-29-15.26.00 - INFO - learning rate = 0.0002000
2025-12-29 15:28:51,553 - utils.logger2025-12-29-15.26.00 - INFO - Val result of epoch 17 / 40 acc 0.6649 uar 0.6646 f1 0.6676
2025-12-29 15:28:52,863 - utils.logger2025-12-29-15.26.00 - INFO - Tst result of epoch 17 / 40 acc 0.6338 uar 0.6567 f1 0.6431
2025-12-29 15:28:52,962 - utils.logger2025-12-29-15.26.00 - INFO - Cur epoch 18 loss CE:0.6011 mse:0.0090 consistent:0.0000
2025-12-29 15:28:53,839 - utils.logger2025-12-29-15.26.00 - INFO - Cur epoch 18 loss CE:0.2304 mse:0.0063 consistent:0.0000
2025-12-29 15:28:54,844 - utils.logger2025-12-29-15.26.00 - INFO - Cur epoch 18 loss CE:0.5266 mse:0.0095 consistent:0.0000
2025-12-29 15:28:56,094 - utils.logger2025-12-29-15.26.00 - INFO - Cur epoch 18 loss CE:0.5850 mse:0.0079 consistent:0.0000
2025-12-29 15:28:57,355 - utils.logger2025-12-29-15.26.00 - INFO - Cur epoch 18 loss CE:0.3980 mse:0.0081 consistent:0.0000
2025-12-29 15:28:58,566 - utils.logger2025-12-29-15.26.00 - INFO - Cur epoch 18 loss CE:0.9934 mse:0.0122 consistent:0.0000
2025-12-29 15:28:59,185 - utils.logger2025-12-29-15.26.00 - INFO - saving the model at the end of epoch 18, iters 81216
2025-12-29 15:28:59,290 - utils.logger2025-12-29-15.26.00 - INFO - End of training epoch 18 / 40 	 Time Taken: 6 sec
2025-12-29 15:28:59,290 - utils.logger2025-12-29-15.26.00 - INFO - learning rate = 0.0002000
2025-12-29 15:29:00,387 - utils.logger2025-12-29-15.26.00 - INFO - Val result of epoch 18 / 40 acc 0.6573 uar 0.6459 f1 0.6509
2025-12-29 15:29:01,693 - utils.logger2025-12-29-15.26.00 - INFO - Tst result of epoch 18 / 40 acc 0.5984 uar 0.6223 f1 0.5982
2025-12-29 15:29:02,221 - utils.logger2025-12-29-15.26.00 - INFO - Cur epoch 19 loss CE:0.3580 mse:0.0064 consistent:0.0000
2025-12-29 15:29:03,434 - utils.logger2025-12-29-15.26.00 - INFO - Cur epoch 19 loss CE:0.5249 mse:0.0074 consistent:0.0000
2025-12-29 15:29:04,612 - utils.logger2025-12-29-15.26.00 - INFO - Cur epoch 19 loss CE:0.4281 mse:0.0091 consistent:0.0000
2025-12-29 15:29:05,822 - utils.logger2025-12-29-15.26.00 - INFO - Cur epoch 19 loss CE:0.5029 mse:0.0090 consistent:0.0000
2025-12-29 15:29:06,867 - utils.logger2025-12-29-15.26.00 - INFO - Cur epoch 19 loss CE:0.5786 mse:0.0093 consistent:0.0000
2025-12-29 15:29:07,854 - utils.logger2025-12-29-15.26.00 - INFO - Cur epoch 19 loss CE:0.3991 mse:0.0074 consistent:0.0000
2025-12-29 15:29:08,028 - utils.logger2025-12-29-15.26.00 - INFO - saving the model at the end of epoch 19, iters 85728
2025-12-29 15:29:08,129 - utils.logger2025-12-29-15.26.00 - INFO - End of training epoch 19 / 40 	 Time Taken: 6 sec
2025-12-29 15:29:08,129 - utils.logger2025-12-29-15.26.00 - INFO - learning rate = 0.0002000
2025-12-29 15:29:09,309 - utils.logger2025-12-29-15.26.00 - INFO - Val result of epoch 19 / 40 acc 0.6358 uar 0.6468 f1 0.6327
2025-12-29 15:29:10,748 - utils.logger2025-12-29-15.26.00 - INFO - Tst result of epoch 19 / 40 acc 0.6199 uar 0.6561 f1 0.6250
2025-12-29 15:29:11,857 - utils.logger2025-12-29-15.26.00 - INFO - Cur epoch 20 loss CE:0.5477 mse:0.0094 consistent:0.0000
2025-12-29 15:29:12,984 - utils.logger2025-12-29-15.26.00 - INFO - Cur epoch 20 loss CE:0.6726 mse:0.0066 consistent:0.0000
2025-12-29 15:29:13,979 - utils.logger2025-12-29-15.26.00 - INFO - Cur epoch 20 loss CE:0.1698 mse:0.0078 consistent:0.0000
2025-12-29 15:29:15,013 - utils.logger2025-12-29-15.26.00 - INFO - Cur epoch 20 loss CE:0.3799 mse:0.0079 consistent:0.0000
2025-12-29 15:29:15,979 - utils.logger2025-12-29-15.26.00 - INFO - Cur epoch 20 loss CE:0.5251 mse:0.0085 consistent:0.0000
2025-12-29 15:29:16,757 - utils.logger2025-12-29-15.26.00 - INFO - saving the model at the end of epoch 20, iters 90240
2025-12-29 15:29:16,870 - utils.logger2025-12-29-15.26.00 - INFO - End of training epoch 20 / 40 	 Time Taken: 6 sec
2025-12-29 15:29:16,870 - utils.logger2025-12-29-15.26.00 - INFO - learning rate = 0.0001905
2025-12-29 15:29:18,287 - utils.logger2025-12-29-15.26.00 - INFO - Val result of epoch 20 / 40 acc 0.6435 uar 0.6615 f1 0.6387
2025-12-29 15:29:19,886 - utils.logger2025-12-29-15.26.00 - INFO - Tst result of epoch 20 / 40 acc 0.6067 uar 0.6699 f1 0.6137
2025-12-29 15:29:20,114 - utils.logger2025-12-29-15.26.00 - INFO - Cur epoch 21 loss CE:0.3716 mse:0.0095 consistent:0.0000
2025-12-29 15:29:21,339 - utils.logger2025-12-29-15.26.00 - INFO - Cur epoch 21 loss CE:0.3134 mse:0.0077 consistent:0.0000
2025-12-29 15:29:22,668 - utils.logger2025-12-29-15.26.00 - INFO - Cur epoch 21 loss CE:1.0391 mse:0.0077 consistent:0.0000
2025-12-29 15:29:23,967 - utils.logger2025-12-29-15.26.00 - INFO - Cur epoch 21 loss CE:0.5707 mse:0.0102 consistent:0.0000
2025-12-29 15:29:25,239 - utils.logger2025-12-29-15.26.00 - INFO - Cur epoch 21 loss CE:0.4104 mse:0.0079 consistent:0.0000
2025-12-29 15:29:26,479 - utils.logger2025-12-29-15.26.00 - INFO - Cur epoch 21 loss CE:0.2394 mse:0.0074 consistent:0.0000
2025-12-29 15:29:27,046 - utils.logger2025-12-29-15.26.00 - INFO - saving the model at the end of epoch 21, iters 94752
2025-12-29 15:29:27,165 - utils.logger2025-12-29-15.26.00 - INFO - End of training epoch 21 / 40 	 Time Taken: 7 sec
2025-12-29 15:29:27,165 - utils.logger2025-12-29-15.26.00 - INFO - learning rate = 0.0001810
2025-12-29 15:29:28,639 - utils.logger2025-12-29-15.26.00 - INFO - Val result of epoch 21 / 40 acc 0.6500 uar 0.6701 f1 0.6467
2025-12-29 15:29:30,290 - utils.logger2025-12-29-15.26.00 - INFO - Tst result of epoch 21 / 40 acc 0.6215 uar 0.6698 f1 0.6284
2025-12-29 15:29:30,971 - utils.logger2025-12-29-15.26.00 - INFO - Cur epoch 22 loss CE:0.5481 mse:0.0110 consistent:0.0000
2025-12-29 15:29:32,233 - utils.logger2025-12-29-15.26.00 - INFO - Cur epoch 22 loss CE:0.4978 mse:0.0098 consistent:0.0000
2025-12-29 15:29:33,405 - utils.logger2025-12-29-15.26.00 - INFO - Cur epoch 22 loss CE:0.3750 mse:0.0070 consistent:0.0000
2025-12-29 15:29:34,650 - utils.logger2025-12-29-15.26.00 - INFO - Cur epoch 22 loss CE:0.3817 mse:0.0087 consistent:0.0000
2025-12-29 15:29:35,897 - utils.logger2025-12-29-15.26.00 - INFO - Cur epoch 22 loss CE:0.3810 mse:0.0088 consistent:0.0000
2025-12-29 15:29:37,095 - utils.logger2025-12-29-15.26.00 - INFO - Cur epoch 22 loss CE:0.6153 mse:0.0070 consistent:0.0000
2025-12-29 15:29:37,191 - utils.logger2025-12-29-15.26.00 - INFO - saving the model at the end of epoch 22, iters 99264
2025-12-29 15:29:37,295 - utils.logger2025-12-29-15.26.00 - INFO - End of training epoch 22 / 40 	 Time Taken: 7 sec
2025-12-29 15:29:37,295 - utils.logger2025-12-29-15.26.00 - INFO - learning rate = 0.0001714
2025-12-29 15:29:38,410 - utils.logger2025-12-29-15.26.00 - INFO - Val result of epoch 22 / 40 acc 0.6542 uar 0.6486 f1 0.6562
2025-12-29 15:29:39,707 - utils.logger2025-12-29-15.26.00 - INFO - Tst result of epoch 22 / 40 acc 0.6190 uar 0.6452 f1 0.6294
2025-12-29 15:29:40,713 - utils.logger2025-12-29-15.26.00 - INFO - Cur epoch 23 loss CE:0.2814 mse:0.0080 consistent:0.0000
2025-12-29 15:29:41,809 - utils.logger2025-12-29-15.26.00 - INFO - Cur epoch 23 loss CE:0.4409 mse:0.0070 consistent:0.0000
2025-12-29 15:29:42,969 - utils.logger2025-12-29-15.26.00 - INFO - Cur epoch 23 loss CE:0.2692 mse:0.0075 consistent:0.0000
2025-12-29 15:29:44,092 - utils.logger2025-12-29-15.26.00 - INFO - Cur epoch 23 loss CE:0.2785 mse:0.0064 consistent:0.0000
2025-12-29 15:29:45,339 - utils.logger2025-12-29-15.26.00 - INFO - Cur epoch 23 loss CE:0.4804 mse:0.0100 consistent:0.0000
2025-12-29 15:29:46,286 - utils.logger2025-12-29-15.26.00 - INFO - saving the model at the end of epoch 23, iters 103776
2025-12-29 15:29:46,399 - utils.logger2025-12-29-15.26.00 - INFO - End of training epoch 23 / 40 	 Time Taken: 6 sec
2025-12-29 15:29:46,399 - utils.logger2025-12-29-15.26.00 - INFO - learning rate = 0.0001619
2025-12-29 15:29:47,819 - utils.logger2025-12-29-15.26.00 - INFO - Val result of epoch 23 / 40 acc 0.6667 uar 0.6515 f1 0.6639
2025-12-29 15:29:49,071 - utils.logger2025-12-29-15.26.00 - INFO - Tst result of epoch 23 / 40 acc 0.6282 uar 0.6373 f1 0.6342
2025-12-29 15:29:49,376 - utils.logger2025-12-29-15.26.00 - INFO - Cur epoch 24 loss CE:0.4931 mse:0.0102 consistent:0.0000
2025-12-29 15:29:50,500 - utils.logger2025-12-29-15.26.00 - INFO - Cur epoch 24 loss CE:0.6335 mse:0.0062 consistent:0.0000
2025-12-29 15:29:51,605 - utils.logger2025-12-29-15.26.00 - INFO - Cur epoch 24 loss CE:0.5744 mse:0.0089 consistent:0.0000
2025-12-29 15:29:52,681 - utils.logger2025-12-29-15.26.00 - INFO - Cur epoch 24 loss CE:0.4177 mse:0.0096 consistent:0.0000
2025-12-29 15:29:53,775 - utils.logger2025-12-29-15.26.00 - INFO - Cur epoch 24 loss CE:0.5300 mse:0.0073 consistent:0.0000
2025-12-29 15:29:55,028 - utils.logger2025-12-29-15.26.00 - INFO - Cur epoch 24 loss CE:0.3591 mse:0.0070 consistent:0.0000
2025-12-29 15:29:55,463 - utils.logger2025-12-29-15.26.00 - INFO - saving the model at the end of epoch 24, iters 108288
2025-12-29 15:29:55,578 - utils.logger2025-12-29-15.26.00 - INFO - End of training epoch 24 / 40 	 Time Taken: 6 sec
2025-12-29 15:29:55,578 - utils.logger2025-12-29-15.26.00 - INFO - learning rate = 0.0001524
2025-12-29 15:29:56,845 - utils.logger2025-12-29-15.26.00 - INFO - Val result of epoch 24 / 40 acc 0.6573 uar 0.6611 f1 0.6582
2025-12-29 15:29:58,082 - utils.logger2025-12-29-15.26.00 - INFO - Tst result of epoch 24 / 40 acc 0.6267 uar 0.6542 f1 0.6368
2025-12-29 15:29:58,651 - utils.logger2025-12-29-15.26.00 - INFO - Cur epoch 25 loss CE:0.2683 mse:0.0076 consistent:0.0000
2025-12-29 15:29:59,710 - utils.logger2025-12-29-15.26.00 - INFO - Cur epoch 25 loss CE:0.4720 mse:0.0083 consistent:0.0000
2025-12-29 15:30:00,900 - utils.logger2025-12-29-15.26.00 - INFO - Cur epoch 25 loss CE:0.3000 mse:0.0066 consistent:0.0000
2025-12-29 15:30:02,149 - utils.logger2025-12-29-15.26.00 - INFO - Cur epoch 25 loss CE:0.4722 mse:0.0095 consistent:0.0000
2025-12-29 15:30:03,226 - utils.logger2025-12-29-15.26.00 - INFO - Cur epoch 25 loss CE:0.3843 mse:0.0081 consistent:0.0000
2025-12-29 15:30:04,388 - utils.logger2025-12-29-15.26.00 - INFO - Cur epoch 25 loss CE:0.4904 mse:0.0077 consistent:0.0000
2025-12-29 15:30:04,388 - utils.logger2025-12-29-15.26.00 - INFO - saving the model at the end of epoch 25, iters 112800
2025-12-29 15:30:04,504 - utils.logger2025-12-29-15.26.00 - INFO - End of training epoch 25 / 40 	 Time Taken: 6 sec
2025-12-29 15:30:04,504 - utils.logger2025-12-29-15.26.00 - INFO - learning rate = 0.0001429
2025-12-29 15:30:05,953 - utils.logger2025-12-29-15.26.00 - INFO - Val result of epoch 25 / 40 acc 0.6532 uar 0.6571 f1 0.6506
2025-12-29 15:30:07,522 - utils.logger2025-12-29-15.26.00 - INFO - Tst result of epoch 25 / 40 acc 0.6498 uar 0.6766 f1 0.6536
2025-12-29 15:30:08,665 - utils.logger2025-12-29-15.26.00 - INFO - Cur epoch 26 loss CE:0.2233 mse:0.0090 consistent:0.0000
2025-12-29 15:30:09,633 - utils.logger2025-12-29-15.26.00 - INFO - Cur epoch 26 loss CE:0.5667 mse:0.0077 consistent:0.0000
2025-12-29 15:30:10,712 - utils.logger2025-12-29-15.26.00 - INFO - Cur epoch 26 loss CE:0.4418 mse:0.0066 consistent:0.0000
2025-12-29 15:30:11,766 - utils.logger2025-12-29-15.26.00 - INFO - Cur epoch 26 loss CE:0.2828 mse:0.0075 consistent:0.0000
2025-12-29 15:30:12,951 - utils.logger2025-12-29-15.26.00 - INFO - Cur epoch 26 loss CE:0.3913 mse:0.0060 consistent:0.0000
2025-12-29 15:30:13,729 - utils.logger2025-12-29-15.26.00 - INFO - saving the model at the end of epoch 26, iters 117312
2025-12-29 15:30:13,852 - utils.logger2025-12-29-15.26.00 - INFO - End of training epoch 26 / 40 	 Time Taken: 6 sec
2025-12-29 15:30:13,852 - utils.logger2025-12-29-15.26.00 - INFO - learning rate = 0.0001333
2025-12-29 15:30:15,310 - utils.logger2025-12-29-15.26.00 - INFO - Val result of epoch 26 / 40 acc 0.6684 uar 0.6728 f1 0.6696
2025-12-29 15:30:16,600 - utils.logger2025-12-29-15.26.00 - INFO - Tst result of epoch 26 / 40 acc 0.6368 uar 0.6753 f1 0.6468
2025-12-29 15:30:16,910 - utils.logger2025-12-29-15.26.00 - INFO - Cur epoch 27 loss CE:0.1757 mse:0.0074 consistent:0.0000
2025-12-29 15:30:17,850 - utils.logger2025-12-29-15.26.00 - INFO - Cur epoch 27 loss CE:0.6208 mse:0.0093 consistent:0.0000
2025-12-29 15:30:19,003 - utils.logger2025-12-29-15.26.00 - INFO - Cur epoch 27 loss CE:0.5581 mse:0.0073 consistent:0.0000
2025-12-29 15:30:20,176 - utils.logger2025-12-29-15.26.00 - INFO - Cur epoch 27 loss CE:0.2765 mse:0.0068 consistent:0.0000
2025-12-29 15:30:21,191 - utils.logger2025-12-29-15.26.00 - INFO - Cur epoch 27 loss CE:0.7497 mse:0.0085 consistent:0.0000
2025-12-29 15:30:22,226 - utils.logger2025-12-29-15.26.00 - INFO - Cur epoch 27 loss CE:0.3230 mse:0.0068 consistent:0.0000
2025-12-29 15:30:22,494 - utils.logger2025-12-29-15.26.00 - INFO - saving the model at the end of epoch 27, iters 121824
2025-12-29 15:30:22,585 - utils.logger2025-12-29-15.26.00 - INFO - End of training epoch 27 / 40 	 Time Taken: 5 sec
2025-12-29 15:30:22,585 - utils.logger2025-12-29-15.26.00 - INFO - learning rate = 0.0001238
2025-12-29 15:30:23,715 - utils.logger2025-12-29-15.26.00 - INFO - Val result of epoch 27 / 40 acc 0.6857 uar 0.6872 f1 0.6876
2025-12-29 15:30:25,009 - utils.logger2025-12-29-15.26.00 - INFO - Tst result of epoch 27 / 40 acc 0.6476 uar 0.6766 f1 0.6556
2025-12-29 15:30:25,592 - utils.logger2025-12-29-15.26.00 - INFO - Cur epoch 28 loss CE:0.1704 mse:0.0079 consistent:0.0000
2025-12-29 15:30:26,488 - utils.logger2025-12-29-15.26.00 - INFO - Cur epoch 28 loss CE:0.4525 mse:0.0084 consistent:0.0000
2025-12-29 15:30:27,392 - utils.logger2025-12-29-15.26.00 - INFO - Cur epoch 28 loss CE:0.4080 mse:0.0068 consistent:0.0000
2025-12-29 15:30:28,301 - utils.logger2025-12-29-15.26.00 - INFO - Cur epoch 28 loss CE:0.3482 mse:0.0052 consistent:0.0000
2025-12-29 15:30:29,223 - utils.logger2025-12-29-15.26.00 - INFO - Cur epoch 28 loss CE:0.7178 mse:0.0082 consistent:0.0000
2025-12-29 15:30:30,050 - utils.logger2025-12-29-15.26.00 - INFO - saving the model at the end of epoch 28, iters 126336
2025-12-29 15:30:30,162 - utils.logger2025-12-29-15.26.00 - INFO - End of training epoch 28 / 40 	 Time Taken: 5 sec
2025-12-29 15:30:30,162 - utils.logger2025-12-29-15.26.00 - INFO - learning rate = 0.0001143
2025-12-29 15:30:31,593 - utils.logger2025-12-29-15.26.00 - INFO - Val result of epoch 28 / 40 acc 0.6726 uar 0.6712 f1 0.6728
2025-12-29 15:30:33,219 - utils.logger2025-12-29-15.26.00 - INFO - Tst result of epoch 28 / 40 acc 0.6448 uar 0.6764 f1 0.6522
2025-12-29 15:30:33,320 - utils.logger2025-12-29-15.26.00 - INFO - Cur epoch 29 loss CE:0.6697 mse:0.0078 consistent:0.0000
2025-12-29 15:30:34,540 - utils.logger2025-12-29-15.26.00 - INFO - Cur epoch 29 loss CE:0.6205 mse:0.0070 consistent:0.0000
2025-12-29 15:30:35,762 - utils.logger2025-12-29-15.26.00 - INFO - Cur epoch 29 loss CE:0.2969 mse:0.0080 consistent:0.0000
2025-12-29 15:30:36,965 - utils.logger2025-12-29-15.26.00 - INFO - Cur epoch 29 loss CE:0.1829 mse:0.0071 consistent:0.0000
2025-12-29 15:30:38,230 - utils.logger2025-12-29-15.26.00 - INFO - Cur epoch 29 loss CE:0.1670 mse:0.0081 consistent:0.0000
2025-12-29 15:30:39,427 - utils.logger2025-12-29-15.26.00 - INFO - Cur epoch 29 loss CE:0.5891 mse:0.0088 consistent:0.0000
2025-12-29 15:30:40,141 - utils.logger2025-12-29-15.26.00 - INFO - saving the model at the end of epoch 29, iters 130848
2025-12-29 15:30:40,254 - utils.logger2025-12-29-15.26.00 - INFO - End of training epoch 29 / 40 	 Time Taken: 7 sec
2025-12-29 15:30:40,254 - utils.logger2025-12-29-15.26.00 - INFO - learning rate = 0.0001048
2025-12-29 15:30:41,702 - utils.logger2025-12-29-15.26.00 - INFO - Val result of epoch 29 / 40 acc 0.6559 uar 0.6570 f1 0.6579
2025-12-29 15:30:43,351 - utils.logger2025-12-29-15.26.00 - INFO - Tst result of epoch 29 / 40 acc 0.6310 uar 0.6638 f1 0.6415
2025-12-29 15:30:43,901 - utils.logger2025-12-29-15.26.00 - INFO - Cur epoch 30 loss CE:0.2983 mse:0.0060 consistent:0.0000
2025-12-29 15:30:45,088 - utils.logger2025-12-29-15.26.00 - INFO - Cur epoch 30 loss CE:0.1591 mse:0.0084 consistent:0.0000
2025-12-29 15:30:46,256 - utils.logger2025-12-29-15.26.00 - INFO - Cur epoch 30 loss CE:0.4237 mse:0.0095 consistent:0.0000
2025-12-29 15:30:47,526 - utils.logger2025-12-29-15.26.00 - INFO - Cur epoch 30 loss CE:0.4281 mse:0.0076 consistent:0.0000
2025-12-29 15:30:48,786 - utils.logger2025-12-29-15.26.00 - INFO - Cur epoch 30 loss CE:0.2212 mse:0.0061 consistent:0.0000
2025-12-29 15:30:49,867 - utils.logger2025-12-29-15.26.00 - INFO - Cur epoch 30 loss CE:0.2824 mse:0.0069 consistent:0.0000
2025-12-29 15:30:50,056 - utils.logger2025-12-29-15.26.00 - INFO - saving the model at the end of epoch 30, iters 135360
2025-12-29 15:30:50,144 - utils.logger2025-12-29-15.26.00 - INFO - End of training epoch 30 / 40 	 Time Taken: 6 sec
2025-12-29 15:30:50,144 - utils.logger2025-12-29-15.26.00 - INFO - learning rate = 0.0000952
2025-12-29 15:30:51,266 - utils.logger2025-12-29-15.26.00 - INFO - Val result of epoch 30 / 40 acc 0.6677 uar 0.6656 f1 0.6689
2025-12-29 15:30:52,580 - utils.logger2025-12-29-15.26.00 - INFO - Tst result of epoch 30 / 40 acc 0.6252 uar 0.6615 f1 0.6364
2025-12-29 15:30:53,275 - utils.logger2025-12-29-15.26.00 - INFO - Cur epoch 31 loss CE:0.1854 mse:0.0072 consistent:0.0000
2025-12-29 15:30:54,408 - utils.logger2025-12-29-15.26.00 - INFO - Cur epoch 31 loss CE:0.3220 mse:0.0061 consistent:0.0000
2025-12-29 15:30:55,517 - utils.logger2025-12-29-15.26.00 - INFO - Cur epoch 31 loss CE:0.3509 mse:0.0070 consistent:0.0000
2025-12-29 15:30:56,528 - utils.logger2025-12-29-15.26.00 - INFO - Cur epoch 31 loss CE:0.1285 mse:0.0063 consistent:0.0000
2025-12-29 15:30:57,635 - utils.logger2025-12-29-15.26.00 - INFO - Cur epoch 31 loss CE:0.3401 mse:0.0066 consistent:0.0000
2025-12-29 15:30:58,637 - utils.logger2025-12-29-15.26.00 - INFO - saving the model at the end of epoch 31, iters 139872
2025-12-29 15:30:58,751 - utils.logger2025-12-29-15.26.00 - INFO - End of training epoch 31 / 40 	 Time Taken: 6 sec
2025-12-29 15:30:58,752 - utils.logger2025-12-29-15.26.00 - INFO - learning rate = 0.0000857
2025-12-29 15:31:00,153 - utils.logger2025-12-29-15.26.00 - INFO - Val result of epoch 31 / 40 acc 0.6694 uar 0.6679 f1 0.6721
2025-12-29 15:31:01,779 - utils.logger2025-12-29-15.26.00 - INFO - Tst result of epoch 31 / 40 acc 0.6562 uar 0.6801 f1 0.6621
2025-12-29 15:31:01,983 - utils.logger2025-12-29-15.26.00 - INFO - Cur epoch 32 loss CE:0.0933 mse:0.0064 consistent:0.0000
2025-12-29 15:31:03,306 - utils.logger2025-12-29-15.26.00 - INFO - Cur epoch 32 loss CE:0.2119 mse:0.0077 consistent:0.0000
2025-12-29 15:31:04,643 - utils.logger2025-12-29-15.26.00 - INFO - Cur epoch 32 loss CE:0.5300 mse:0.0058 consistent:0.0000
2025-12-29 15:31:05,743 - utils.logger2025-12-29-15.26.00 - INFO - Cur epoch 32 loss CE:0.3814 mse:0.0079 consistent:0.0000
2025-12-29 15:31:06,691 - utils.logger2025-12-29-15.26.00 - INFO - Cur epoch 32 loss CE:0.2965 mse:0.0077 consistent:0.0000
2025-12-29 15:31:07,846 - utils.logger2025-12-29-15.26.00 - INFO - Cur epoch 32 loss CE:0.3355 mse:0.0083 consistent:0.0000
2025-12-29 15:31:08,422 - utils.logger2025-12-29-15.26.00 - INFO - saving the model at the end of epoch 32, iters 144384
2025-12-29 15:31:08,514 - utils.logger2025-12-29-15.26.00 - INFO - End of training epoch 32 / 40 	 Time Taken: 6 sec
2025-12-29 15:31:08,514 - utils.logger2025-12-29-15.26.00 - INFO - learning rate = 0.0000762
2025-12-29 15:31:09,712 - utils.logger2025-12-29-15.26.00 - INFO - Val result of epoch 32 / 40 acc 0.6750 uar 0.6818 f1 0.6744
2025-12-29 15:31:11,054 - utils.logger2025-12-29-15.26.00 - INFO - Tst result of epoch 32 / 40 acc 0.6421 uar 0.6909 f1 0.6508
2025-12-29 15:31:11,638 - utils.logger2025-12-29-15.26.00 - INFO - Cur epoch 33 loss CE:0.2275 mse:0.0089 consistent:0.0000
2025-12-29 15:31:12,772 - utils.logger2025-12-29-15.26.00 - INFO - Cur epoch 33 loss CE:0.2705 mse:0.0084 consistent:0.0000
2025-12-29 15:31:13,945 - utils.logger2025-12-29-15.26.00 - INFO - Cur epoch 33 loss CE:0.2654 mse:0.0068 consistent:0.0000
2025-12-29 15:31:15,120 - utils.logger2025-12-29-15.26.00 - INFO - Cur epoch 33 loss CE:0.1964 mse:0.0074 consistent:0.0000
2025-12-29 15:31:16,162 - utils.logger2025-12-29-15.26.00 - INFO - Cur epoch 33 loss CE:0.8014 mse:0.0074 consistent:0.0000
2025-12-29 15:31:17,418 - utils.logger2025-12-29-15.26.00 - INFO - Cur epoch 33 loss CE:0.3010 mse:0.0072 consistent:0.0000
2025-12-29 15:31:17,561 - utils.logger2025-12-29-15.26.00 - INFO - saving the model at the end of epoch 33, iters 148896
2025-12-29 15:31:17,679 - utils.logger2025-12-29-15.26.00 - INFO - End of training epoch 33 / 40 	 Time Taken: 6 sec
2025-12-29 15:31:17,679 - utils.logger2025-12-29-15.26.00 - INFO - learning rate = 0.0000667
2025-12-29 15:31:19,099 - utils.logger2025-12-29-15.26.00 - INFO - Val result of epoch 33 / 40 acc 0.6642 uar 0.6723 f1 0.6684
2025-12-29 15:31:20,725 - utils.logger2025-12-29-15.26.00 - INFO - Tst result of epoch 33 / 40 acc 0.6448 uar 0.6735 f1 0.6522
2025-12-29 15:31:21,893 - utils.logger2025-12-29-15.26.00 - INFO - Cur epoch 34 loss CE:0.2893 mse:0.0077 consistent:0.0000
2025-12-29 15:31:23,076 - utils.logger2025-12-29-15.26.00 - INFO - Cur epoch 34 loss CE:0.4088 mse:0.0075 consistent:0.0000
2025-12-29 15:31:24,267 - utils.logger2025-12-29-15.26.00 - INFO - Cur epoch 34 loss CE:0.1744 mse:0.0066 consistent:0.0000
2025-12-29 15:31:25,622 - utils.logger2025-12-29-15.26.00 - INFO - Cur epoch 34 loss CE:0.6406 mse:0.0083 consistent:0.0000
2025-12-29 15:31:26,900 - utils.logger2025-12-29-15.26.00 - INFO - Cur epoch 34 loss CE:0.5312 mse:0.0094 consistent:0.0000
2025-12-29 15:31:27,874 - utils.logger2025-12-29-15.26.00 - INFO - saving the model at the end of epoch 34, iters 153408
2025-12-29 15:31:27,986 - utils.logger2025-12-29-15.26.00 - INFO - End of training epoch 34 / 40 	 Time Taken: 7 sec
2025-12-29 15:31:27,986 - utils.logger2025-12-29-15.26.00 - INFO - learning rate = 0.0000571
2025-12-29 15:31:29,446 - utils.logger2025-12-29-15.26.00 - INFO - Val result of epoch 34 / 40 acc 0.6625 uar 0.6666 f1 0.6625
2025-12-29 15:31:30,796 - utils.logger2025-12-29-15.26.00 - INFO - Tst result of epoch 34 / 40 acc 0.6442 uar 0.6769 f1 0.6527
2025-12-29 15:31:31,031 - utils.logger2025-12-29-15.26.00 - INFO - Cur epoch 35 loss CE:0.2878 mse:0.0086 consistent:0.0000
2025-12-29 15:31:32,106 - utils.logger2025-12-29-15.26.00 - INFO - Cur epoch 35 loss CE:0.4371 mse:0.0071 consistent:0.0000
2025-12-29 15:31:33,327 - utils.logger2025-12-29-15.26.00 - INFO - Cur epoch 35 loss CE:0.4157 mse:0.0066 consistent:0.0000
2025-12-29 15:31:34,556 - utils.logger2025-12-29-15.26.00 - INFO - Cur epoch 35 loss CE:0.3450 mse:0.0072 consistent:0.0000
2025-12-29 15:31:35,776 - utils.logger2025-12-29-15.26.00 - INFO - Cur epoch 35 loss CE:0.3482 mse:0.0074 consistent:0.0000
2025-12-29 15:31:36,969 - utils.logger2025-12-29-15.26.00 - INFO - Cur epoch 35 loss CE:0.2509 mse:0.0083 consistent:0.0000
2025-12-29 15:31:37,450 - utils.logger2025-12-29-15.26.00 - INFO - saving the model at the end of epoch 35, iters 157920
2025-12-29 15:31:37,546 - utils.logger2025-12-29-15.26.00 - INFO - End of training epoch 35 / 40 	 Time Taken: 6 sec
2025-12-29 15:31:37,546 - utils.logger2025-12-29-15.26.00 - INFO - learning rate = 0.0000476
2025-12-29 15:31:38,669 - utils.logger2025-12-29-15.26.00 - INFO - Val result of epoch 35 / 40 acc 0.6577 uar 0.6687 f1 0.6571
2025-12-29 15:31:39,913 - utils.logger2025-12-29-15.26.00 - INFO - Tst result of epoch 35 / 40 acc 0.6325 uar 0.6752 f1 0.6414
2025-12-29 15:31:40,597 - utils.logger2025-12-29-15.26.00 - INFO - Cur epoch 36 loss CE:0.1634 mse:0.0047 consistent:0.0000
2025-12-29 15:31:41,813 - utils.logger2025-12-29-15.26.00 - INFO - Cur epoch 36 loss CE:0.2537 mse:0.0073 consistent:0.0000
2025-12-29 15:31:42,976 - utils.logger2025-12-29-15.26.00 - INFO - Cur epoch 36 loss CE:0.4762 mse:0.0071 consistent:0.0000
2025-12-29 15:31:44,115 - utils.logger2025-12-29-15.26.00 - INFO - Cur epoch 36 loss CE:0.2505 mse:0.0069 consistent:0.0000
2025-12-29 15:31:45,275 - utils.logger2025-12-29-15.26.00 - INFO - Cur epoch 36 loss CE:0.1808 mse:0.0072 consistent:0.0000
2025-12-29 15:31:46,503 - utils.logger2025-12-29-15.26.00 - INFO - Cur epoch 36 loss CE:0.2681 mse:0.0066 consistent:0.0000
2025-12-29 15:31:46,551 - utils.logger2025-12-29-15.26.00 - INFO - saving the model at the end of epoch 36, iters 162432
2025-12-29 15:31:46,656 - utils.logger2025-12-29-15.26.00 - INFO - End of training epoch 36 / 40 	 Time Taken: 6 sec
2025-12-29 15:31:46,656 - utils.logger2025-12-29-15.26.00 - INFO - learning rate = 0.0000381
2025-12-29 15:31:47,754 - utils.logger2025-12-29-15.26.00 - INFO - Val result of epoch 36 / 40 acc 0.6597 uar 0.6654 f1 0.6606
2025-12-29 15:31:49,019 - utils.logger2025-12-29-15.26.00 - INFO - Tst result of epoch 36 / 40 acc 0.6442 uar 0.6842 f1 0.6543
2025-12-29 15:31:50,108 - utils.logger2025-12-29-15.26.00 - INFO - Cur epoch 37 loss CE:0.5327 mse:0.0084 consistent:0.0000
2025-12-29 15:31:51,276 - utils.logger2025-12-29-15.26.00 - INFO - Cur epoch 37 loss CE:0.3214 mse:0.0064 consistent:0.0000
2025-12-29 15:31:52,196 - utils.logger2025-12-29-15.26.00 - INFO - Cur epoch 37 loss CE:0.3765 mse:0.0085 consistent:0.0000
2025-12-29 15:31:53,351 - utils.logger2025-12-29-15.26.00 - INFO - Cur epoch 37 loss CE:0.3391 mse:0.0087 consistent:0.0000
2025-12-29 15:31:54,540 - utils.logger2025-12-29-15.26.00 - INFO - Cur epoch 37 loss CE:0.1197 mse:0.0074 consistent:0.0000
2025-12-29 15:31:55,344 - utils.logger2025-12-29-15.26.00 - INFO - saving the model at the end of epoch 37, iters 166944
2025-12-29 15:31:55,445 - utils.logger2025-12-29-15.26.00 - INFO - End of training epoch 37 / 40 	 Time Taken: 6 sec
2025-12-29 15:31:55,445 - utils.logger2025-12-29-15.26.00 - INFO - learning rate = 0.0000286
2025-12-29 15:31:56,717 - utils.logger2025-12-29-15.26.00 - INFO - Val result of epoch 37 / 40 acc 0.6611 uar 0.6662 f1 0.6620
2025-12-29 15:31:58,161 - utils.logger2025-12-29-15.26.00 - INFO - Tst result of epoch 37 / 40 acc 0.6359 uar 0.6765 f1 0.6448
2025-12-29 15:31:58,427 - utils.logger2025-12-29-15.26.00 - INFO - Cur epoch 38 loss CE:0.1862 mse:0.0056 consistent:0.0000
2025-12-29 15:31:59,345 - utils.logger2025-12-29-15.26.00 - INFO - Cur epoch 38 loss CE:0.7808 mse:0.0080 consistent:0.0000
2025-12-29 15:32:00,282 - utils.logger2025-12-29-15.26.00 - INFO - Cur epoch 38 loss CE:0.2081 mse:0.0063 consistent:0.0000
2025-12-29 15:32:01,232 - utils.logger2025-12-29-15.26.00 - INFO - Cur epoch 38 loss CE:0.2612 mse:0.0085 consistent:0.0000
2025-12-29 15:32:02,332 - utils.logger2025-12-29-15.26.00 - INFO - Cur epoch 38 loss CE:0.3760 mse:0.0077 consistent:0.0000
2025-12-29 15:32:03,542 - utils.logger2025-12-29-15.26.00 - INFO - Cur epoch 38 loss CE:0.3996 mse:0.0078 consistent:0.0000
2025-12-29 15:32:03,904 - utils.logger2025-12-29-15.26.00 - INFO - saving the model at the end of epoch 38, iters 171456
2025-12-29 15:32:04,024 - utils.logger2025-12-29-15.26.00 - INFO - End of training epoch 38 / 40 	 Time Taken: 5 sec
2025-12-29 15:32:04,024 - utils.logger2025-12-29-15.26.00 - INFO - learning rate = 0.0000190
2025-12-29 15:32:05,406 - utils.logger2025-12-29-15.26.00 - INFO - Val result of epoch 38 / 40 acc 0.6667 uar 0.6729 f1 0.6683
2025-12-29 15:32:06,749 - utils.logger2025-12-29-15.26.00 - INFO - Tst result of epoch 38 / 40 acc 0.6347 uar 0.6750 f1 0.6463
2025-12-29 15:32:07,538 - utils.logger2025-12-29-15.26.00 - INFO - Cur epoch 39 loss CE:0.2182 mse:0.0070 consistent:0.0000
2025-12-29 15:32:08,668 - utils.logger2025-12-29-15.26.00 - INFO - Cur epoch 39 loss CE:0.2296 mse:0.0081 consistent:0.0000
2025-12-29 15:32:09,775 - utils.logger2025-12-29-15.26.00 - INFO - Cur epoch 39 loss CE:0.2355 mse:0.0071 consistent:0.0000
2025-12-29 15:32:10,887 - utils.logger2025-12-29-15.26.00 - INFO - Cur epoch 39 loss CE:0.3106 mse:0.0075 consistent:0.0000
2025-12-29 15:32:11,986 - utils.logger2025-12-29-15.26.00 - INFO - Cur epoch 39 loss CE:0.1799 mse:0.0078 consistent:0.0000
2025-12-29 15:32:13,038 - utils.logger2025-12-29-15.26.00 - INFO - saving the model at the end of epoch 39, iters 175968
2025-12-29 15:32:13,135 - utils.logger2025-12-29-15.26.00 - INFO - End of training epoch 39 / 40 	 Time Taken: 6 sec
2025-12-29 15:32:13,135 - utils.logger2025-12-29-15.26.00 - INFO - learning rate = 0.0000095
2025-12-29 15:32:14,232 - utils.logger2025-12-29-15.26.00 - INFO - Val result of epoch 39 / 40 acc 0.6698 uar 0.6781 f1 0.6704
2025-12-29 15:32:15,504 - utils.logger2025-12-29-15.26.00 - INFO - Tst result of epoch 39 / 40 acc 0.6368 uar 0.6792 f1 0.6474
2025-12-29 15:32:15,537 - utils.logger2025-12-29-15.26.00 - INFO - Cur epoch 40 loss CE:0.2329 mse:0.0078 consistent:0.0000
2025-12-29 15:32:16,421 - utils.logger2025-12-29-15.26.00 - INFO - Cur epoch 40 loss CE:0.3197 mse:0.0080 consistent:0.0000
2025-12-29 15:32:17,477 - utils.logger2025-12-29-15.26.00 - INFO - Cur epoch 40 loss CE:0.0753 mse:0.0056 consistent:0.0000
2025-12-29 15:32:18,623 - utils.logger2025-12-29-15.26.00 - INFO - Cur epoch 40 loss CE:0.3281 mse:0.0068 consistent:0.0000
2025-12-29 15:32:19,833 - utils.logger2025-12-29-15.26.00 - INFO - Cur epoch 40 loss CE:0.4698 mse:0.0071 consistent:0.0000
2025-12-29 15:32:21,046 - utils.logger2025-12-29-15.26.00 - INFO - Cur epoch 40 loss CE:0.3048 mse:0.0078 consistent:0.0000
2025-12-29 15:32:21,776 - utils.logger2025-12-29-15.26.00 - INFO - saving the model at the end of epoch 40, iters 180480
2025-12-29 15:32:21,901 - utils.logger2025-12-29-15.26.00 - INFO - End of training epoch 40 / 40 	 Time Taken: 6 sec
2025-12-29 15:32:21,902 - utils.logger2025-12-29-15.26.00 - INFO - learning rate = 0.0000000
2025-12-29 15:32:23,019 - utils.logger2025-12-29-15.26.00 - INFO - Val result of epoch 40 / 40 acc 0.6660 uar 0.6744 f1 0.6680
2025-12-29 15:32:24,242 - utils.logger2025-12-29-15.26.00 - INFO - Tst result of epoch 40 / 40 acc 0.6347 uar 0.6772 f1 0.6455
2025-12-29 15:32:24,242 - utils.logger2025-12-29-15.26.00 - INFO - Best eval epoch 32 found with uar 0.690904
2025-12-29 15:32:24,242 - utils.logger2025-12-29-15.26.00 - INFO - Loading best model found on val set: epoch-32
2025-12-29 15:32:26,662 - utils.logger2025-12-29-15.26.00 - INFO - Tst result acc 0.6421 uar 0.6909 f1 0.6507
