2025-12-24 11:35:36,041 - utils.logger2025-12-24-11.35.36 - INFO - The number of training samples = 1750
2025-12-24 11:35:37,653 - utils.logger2025-12-24-11.35.36 - INFO - Cur epoch 1 loss TA:1.0358 TV:1.0358 VA:2.0713 CE:4.5996
2025-12-24 11:35:38,403 - utils.logger2025-12-24-11.35.36 - INFO - Cur epoch 1 loss TA:1.0358 TV:1.0358 VA:2.0714 CE:2.8595
2025-12-24 11:35:39,064 - utils.logger2025-12-24-11.35.36 - INFO - saving the model at the end of epoch 1, iters 28
2025-12-24 11:35:39,154 - utils.logger2025-12-24-11.35.36 - INFO - End of training epoch 1 / 40 	 Time Taken: 2 sec
2025-12-24 11:35:39,154 - utils.logger2025-12-24-11.35.36 - INFO - learning rate = 0.0002000
2025-12-24 11:35:39,522 - utils.logger2025-12-24-11.35.36 - INFO - Val result of epoch 1 / 40 acc 0.4688 MAE 0.0096 f1 0.5535
2025-12-24 11:35:39,958 - utils.logger2025-12-24-11.35.36 - INFO - Tst result of epoch 1 / 40 acc 0.4688 MAE 0.0096 f1 0.5535
2025-12-24 11:35:40,326 - utils.logger2025-12-24-11.35.36 - INFO - Cur epoch 2 loss TA:1.0358 TV:1.0359 VA:2.0711 CE:2.7240
2025-12-24 11:35:41,076 - utils.logger2025-12-24-11.35.36 - INFO - Cur epoch 2 loss TA:1.0358 TV:1.0358 VA:2.0712 CE:2.8534
2025-12-24 11:35:41,837 - utils.logger2025-12-24-11.35.36 - INFO - Cur epoch 2 loss TA:1.0358 TV:1.0357 VA:2.0703 CE:2.7281
2025-12-24 11:35:42,373 - utils.logger2025-12-24-11.35.36 - INFO - saving the model at the end of epoch 2, iters 56
2025-12-24 11:35:42,474 - utils.logger2025-12-24-11.35.36 - INFO - End of training epoch 2 / 40 	 Time Taken: 2 sec
2025-12-24 11:35:42,474 - utils.logger2025-12-24-11.35.36 - INFO - learning rate = 0.0002000
2025-12-24 11:35:42,839 - utils.logger2025-12-24-11.35.36 - INFO - Val result of epoch 2 / 40 acc 0.4554 MAE 0.0315 f1 0.6004
2025-12-24 11:35:43,194 - utils.logger2025-12-24-11.35.36 - INFO - Tst result of epoch 2 / 40 acc 0.4554 MAE 0.0315 f1 0.6004
2025-12-24 11:35:43,764 - utils.logger2025-12-24-11.35.36 - INFO - Cur epoch 3 loss TA:1.0357 TV:1.0354 VA:2.0683 CE:2.2172
2025-12-24 11:35:44,674 - utils.logger2025-12-24-11.35.36 - INFO - Cur epoch 3 loss TA:1.0358 TV:1.0355 VA:2.0701 CE:2.7147
2025-12-24 11:35:45,587 - utils.logger2025-12-24-11.35.36 - INFO - Cur epoch 3 loss TA:1.0342 TV:1.0342 VA:2.0418 CE:2.4050
2025-12-24 11:35:46,018 - utils.logger2025-12-24-11.35.36 - INFO - saving the model at the end of epoch 3, iters 84
2025-12-24 11:35:46,125 - utils.logger2025-12-24-11.35.36 - INFO - End of training epoch 3 / 40 	 Time Taken: 2 sec
2025-12-24 11:35:46,126 - utils.logger2025-12-24-11.35.36 - INFO - learning rate = 0.0002000
2025-12-24 11:35:46,687 - utils.logger2025-12-24-11.35.36 - INFO - Val result of epoch 3 / 40 acc 0.5938 MAE 0.2143 f1 0.6498
2025-12-24 11:35:47,042 - utils.logger2025-12-24-11.35.36 - INFO - Tst result of epoch 3 / 40 acc 0.5938 MAE 0.2143 f1 0.6498
2025-12-24 11:35:47,735 - utils.logger2025-12-24-11.35.36 - INFO - Cur epoch 4 loss TA:1.0328 TV:1.0273 VA:2.0521 CE:2.6363
2025-12-24 11:35:48,513 - utils.logger2025-12-24-11.35.36 - INFO - Cur epoch 4 loss TA:1.0119 TV:1.0159 VA:2.0151 CE:2.3420
2025-12-24 11:35:49,285 - utils.logger2025-12-24-11.35.36 - INFO - Cur epoch 4 loss TA:1.0004 TV:0.9917 VA:1.9925 CE:2.5030
2025-12-24 11:35:49,508 - utils.logger2025-12-24-11.35.36 - INFO - saving the model at the end of epoch 4, iters 112
2025-12-24 11:35:49,600 - utils.logger2025-12-24-11.35.36 - INFO - End of training epoch 4 / 40 	 Time Taken: 2 sec
2025-12-24 11:35:49,600 - utils.logger2025-12-24-11.35.36 - INFO - learning rate = 0.0002000
2025-12-24 11:35:49,953 - utils.logger2025-12-24-11.35.36 - INFO - Val result of epoch 4 / 40 acc 0.6696 MAE 0.3060 f1 0.6784
2025-12-24 11:35:50,310 - utils.logger2025-12-24-11.35.36 - INFO - Tst result of epoch 4 / 40 acc 0.6696 MAE 0.3060 f1 0.6784
2025-12-24 11:35:51,148 - utils.logger2025-12-24-11.35.36 - INFO - Cur epoch 5 loss TA:0.9627 TV:0.9708 VA:1.9402 CE:2.4763
2025-12-24 11:35:51,886 - utils.logger2025-12-24-11.35.36 - INFO - Cur epoch 5 loss TA:0.9708 TV:0.9658 VA:1.9773 CE:2.4500
2025-12-24 11:35:52,662 - utils.logger2025-12-24-11.35.36 - INFO - Cur epoch 5 loss TA:0.6695 TV:0.6630 VA:1.3323 CE:2.8913
2025-12-24 11:35:52,728 - utils.logger2025-12-24-11.35.36 - INFO - saving the model at the end of epoch 5, iters 140
2025-12-24 11:35:52,831 - utils.logger2025-12-24-11.35.36 - INFO - End of training epoch 5 / 40 	 Time Taken: 2 sec
2025-12-24 11:35:52,831 - utils.logger2025-12-24-11.35.36 - INFO - learning rate = 0.0002000
2025-12-24 11:35:53,197 - utils.logger2025-12-24-11.35.36 - INFO - Val result of epoch 5 / 40 acc 0.6696 MAE 0.3419 f1 0.6748
2025-12-24 11:35:53,515 - utils.logger2025-12-24-11.35.36 - INFO - Tst result of epoch 5 / 40 acc 0.6696 MAE 0.3419 f1 0.6748
2025-12-24 11:35:54,469 - utils.logger2025-12-24-11.35.36 - INFO - Cur epoch 6 loss TA:0.9748 TV:0.9733 VA:1.9646 CE:2.1365
2025-12-24 11:35:55,238 - utils.logger2025-12-24-11.35.36 - INFO - Cur epoch 6 loss TA:0.9572 TV:0.9601 VA:1.9320 CE:2.4310
2025-12-24 11:35:55,942 - utils.logger2025-12-24-11.35.36 - INFO - saving the model at the end of epoch 6, iters 168
2025-12-24 11:35:56,052 - utils.logger2025-12-24-11.35.36 - INFO - End of training epoch 6 / 40 	 Time Taken: 2 sec
2025-12-24 11:35:56,052 - utils.logger2025-12-24-11.35.36 - INFO - learning rate = 0.0002000
2025-12-24 11:35:56,386 - utils.logger2025-12-24-11.35.36 - INFO - Val result of epoch 6 / 40 acc 0.7009 MAE 0.4246 f1 0.7036
2025-12-24 11:35:56,714 - utils.logger2025-12-24-11.35.36 - INFO - Tst result of epoch 6 / 40 acc 0.7009 MAE 0.4246 f1 0.7036
2025-12-24 11:35:57,090 - utils.logger2025-12-24-11.35.36 - INFO - Cur epoch 7 loss TA:0.9452 TV:0.9497 VA:1.9103 CE:2.6142
2025-12-24 11:35:57,859 - utils.logger2025-12-24-11.35.36 - INFO - Cur epoch 7 loss TA:0.9540 TV:0.9545 VA:1.9434 CE:1.9599
2025-12-24 11:35:58,618 - utils.logger2025-12-24-11.35.36 - INFO - Cur epoch 7 loss TA:0.9563 TV:0.9414 VA:1.9160 CE:1.8966
2025-12-24 11:35:59,142 - utils.logger2025-12-24-11.35.36 - INFO - saving the model at the end of epoch 7, iters 196
2025-12-24 11:35:59,213 - utils.logger2025-12-24-11.35.36 - INFO - End of training epoch 7 / 40 	 Time Taken: 2 sec
2025-12-24 11:35:59,213 - utils.logger2025-12-24-11.35.36 - INFO - learning rate = 0.0002000
2025-12-24 11:35:59,633 - utils.logger2025-12-24-11.35.36 - INFO - Val result of epoch 7 / 40 acc 0.6295 MAE 0.4060 f1 0.6303
2025-12-24 11:36:00,006 - utils.logger2025-12-24-11.35.36 - INFO - Tst result of epoch 7 / 40 acc 0.6295 MAE 0.4060 f1 0.6303
2025-12-24 11:36:00,522 - utils.logger2025-12-24-11.35.36 - INFO - Cur epoch 8 loss TA:0.9271 TV:0.9400 VA:1.8863 CE:1.5085
2025-12-24 11:36:01,312 - utils.logger2025-12-24-11.35.36 - INFO - Cur epoch 8 loss TA:0.9577 TV:0.9502 VA:1.8996 CE:1.8040
2025-12-24 11:36:02,036 - utils.logger2025-12-24-11.35.36 - INFO - Cur epoch 8 loss TA:0.9279 TV:0.9231 VA:1.8395 CE:2.3859
2025-12-24 11:36:02,385 - utils.logger2025-12-24-11.35.36 - INFO - saving the model at the end of epoch 8, iters 224
2025-12-24 11:36:02,490 - utils.logger2025-12-24-11.35.36 - INFO - End of training epoch 8 / 40 	 Time Taken: 2 sec
2025-12-24 11:36:02,491 - utils.logger2025-12-24-11.35.36 - INFO - learning rate = 0.0002000
2025-12-24 11:36:02,937 - utils.logger2025-12-24-11.35.36 - INFO - Val result of epoch 8 / 40 acc 0.7143 MAE 0.5082 f1 0.7197
2025-12-24 11:36:03,404 - utils.logger2025-12-24-11.35.36 - INFO - Tst result of epoch 8 / 40 acc 0.7143 MAE 0.5082 f1 0.7197
2025-12-24 11:36:04,171 - utils.logger2025-12-24-11.35.36 - INFO - Cur epoch 9 loss TA:0.9481 TV:0.9409 VA:1.8807 CE:1.7605
2025-12-24 11:36:04,901 - utils.logger2025-12-24-11.35.36 - INFO - Cur epoch 9 loss TA:0.9075 TV:0.9306 VA:1.8466 CE:0.9768
2025-12-24 11:36:05,650 - utils.logger2025-12-24-11.35.36 - INFO - Cur epoch 9 loss TA:0.9354 TV:0.9227 VA:1.8903 CE:1.6414
2025-12-24 11:36:05,881 - utils.logger2025-12-24-11.35.36 - INFO - saving the model at the end of epoch 9, iters 252
2025-12-24 11:36:05,990 - utils.logger2025-12-24-11.35.36 - INFO - End of training epoch 9 / 40 	 Time Taken: 2 sec
2025-12-24 11:36:05,990 - utils.logger2025-12-24-11.35.36 - INFO - learning rate = 0.0002000
2025-12-24 11:36:06,502 - utils.logger2025-12-24-11.35.36 - INFO - Val result of epoch 9 / 40 acc 0.7098 MAE 0.5181 f1 0.7197
2025-12-24 11:36:07,120 - utils.logger2025-12-24-11.35.36 - INFO - Tst result of epoch 9 / 40 acc 0.7098 MAE 0.5181 f1 0.7197
2025-12-24 11:36:08,126 - utils.logger2025-12-24-11.35.36 - INFO - Cur epoch 10 loss TA:0.9145 TV:0.9202 VA:1.8276 CE:1.1234
2025-12-24 11:36:08,923 - utils.logger2025-12-24-11.35.36 - INFO - Cur epoch 10 loss TA:0.9155 TV:0.9161 VA:1.8545 CE:1.3634
2025-12-24 11:36:09,710 - utils.logger2025-12-24-11.35.36 - INFO - Cur epoch 10 loss TA:0.6497 TV:0.6168 VA:1.2854 CE:1.8361
2025-12-24 11:36:09,762 - utils.logger2025-12-24-11.35.36 - INFO - saving the model at the end of epoch 10, iters 280
2025-12-24 11:36:09,855 - utils.logger2025-12-24-11.35.36 - INFO - End of training epoch 10 / 40 	 Time Taken: 2 sec
2025-12-24 11:36:09,855 - utils.logger2025-12-24-11.35.36 - INFO - learning rate = 0.0002000
2025-12-24 11:36:10,525 - utils.logger2025-12-24-11.35.36 - INFO - Val result of epoch 10 / 40 acc 0.7143 MAE 0.5651 f1 0.7223
2025-12-24 11:36:10,847 - utils.logger2025-12-24-11.35.36 - INFO - Tst result of epoch 10 / 40 acc 0.7143 MAE 0.5651 f1 0.7223
2025-12-24 11:36:11,834 - utils.logger2025-12-24-11.35.36 - INFO - Cur epoch 11 loss TA:0.9079 TV:0.9186 VA:1.8483 CE:1.0348
2025-12-24 11:36:12,625 - utils.logger2025-12-24-11.35.36 - INFO - Cur epoch 11 loss TA:0.9013 TV:0.9182 VA:1.8221 CE:1.0023
2025-12-24 11:36:13,367 - utils.logger2025-12-24-11.35.36 - INFO - saving the model at the end of epoch 11, iters 308
2025-12-24 11:36:13,467 - utils.logger2025-12-24-11.35.36 - INFO - End of training epoch 11 / 40 	 Time Taken: 2 sec
2025-12-24 11:36:13,467 - utils.logger2025-12-24-11.35.36 - INFO - learning rate = 0.0002000
2025-12-24 11:36:14,179 - utils.logger2025-12-24-11.35.36 - INFO - Val result of epoch 11 / 40 acc 0.6875 MAE 0.4878 f1 0.6993
2025-12-24 11:36:14,862 - utils.logger2025-12-24-11.35.36 - INFO - Tst result of epoch 11 / 40 acc 0.6875 MAE 0.4878 f1 0.6993
2025-12-24 11:36:15,598 - utils.logger2025-12-24-11.35.36 - INFO - Cur epoch 12 loss TA:0.9169 TV:0.9177 VA:1.8388 CE:1.0802
2025-12-24 11:36:16,447 - utils.logger2025-12-24-11.35.36 - INFO - Cur epoch 12 loss TA:0.9142 TV:0.9139 VA:1.8053 CE:1.0671
2025-12-24 11:36:17,273 - utils.logger2025-12-24-11.35.36 - INFO - Cur epoch 12 loss TA:0.9034 TV:0.9040 VA:1.8282 CE:0.7177
2025-12-24 11:36:17,779 - utils.logger2025-12-24-11.35.36 - INFO - saving the model at the end of epoch 12, iters 336
2025-12-24 11:36:17,875 - utils.logger2025-12-24-11.35.36 - INFO - End of training epoch 12 / 40 	 Time Taken: 3 sec
2025-12-24 11:36:17,875 - utils.logger2025-12-24-11.35.36 - INFO - learning rate = 0.0002000
2025-12-24 11:36:18,490 - utils.logger2025-12-24-11.35.36 - INFO - Val result of epoch 12 / 40 acc 0.7188 MAE 0.5195 f1 0.7210
2025-12-24 11:36:18,932 - utils.logger2025-12-24-11.35.36 - INFO - Tst result of epoch 12 / 40 acc 0.7188 MAE 0.5195 f1 0.7210
2025-12-24 11:36:19,490 - utils.logger2025-12-24-11.35.36 - INFO - Cur epoch 13 loss TA:0.9123 TV:0.9095 VA:1.7648 CE:1.0269
2025-12-24 11:36:20,326 - utils.logger2025-12-24-11.35.36 - INFO - Cur epoch 13 loss TA:0.9209 TV:0.9386 VA:1.9216 CE:0.8691
2025-12-24 11:36:21,134 - utils.logger2025-12-24-11.35.36 - INFO - Cur epoch 13 loss TA:0.9281 TV:0.9186 VA:1.9225 CE:0.8853
2025-12-24 11:36:21,536 - utils.logger2025-12-24-11.35.36 - INFO - saving the model at the end of epoch 13, iters 364
2025-12-24 11:36:21,633 - utils.logger2025-12-24-11.35.36 - INFO - End of training epoch 13 / 40 	 Time Taken: 2 sec
2025-12-24 11:36:21,633 - utils.logger2025-12-24-11.35.36 - INFO - learning rate = 0.0002000
2025-12-24 11:36:22,187 - utils.logger2025-12-24-11.35.36 - INFO - Val result of epoch 13 / 40 acc 0.7098 MAE 0.5104 f1 0.7096
2025-12-24 11:36:22,855 - utils.logger2025-12-24-11.35.36 - INFO - Tst result of epoch 13 / 40 acc 0.7098 MAE 0.5104 f1 0.7096
2025-12-24 11:36:23,765 - utils.logger2025-12-24-11.35.36 - INFO - Cur epoch 14 loss TA:0.9065 TV:0.8916 VA:1.7829 CE:0.9197
2025-12-24 11:36:24,501 - utils.logger2025-12-24-11.35.36 - INFO - Cur epoch 14 loss TA:0.9211 TV:0.9395 VA:1.9028 CE:0.7270
2025-12-24 11:36:25,233 - utils.logger2025-12-24-11.35.36 - INFO - Cur epoch 14 loss TA:0.9173 TV:0.9115 VA:1.8712 CE:0.7225
2025-12-24 11:36:25,452 - utils.logger2025-12-24-11.35.36 - INFO - saving the model at the end of epoch 14, iters 392
2025-12-24 11:36:25,559 - utils.logger2025-12-24-11.35.36 - INFO - End of training epoch 14 / 40 	 Time Taken: 2 sec
2025-12-24 11:36:25,559 - utils.logger2025-12-24-11.35.36 - INFO - learning rate = 0.0002000
2025-12-24 11:36:26,093 - utils.logger2025-12-24-11.35.36 - INFO - Val result of epoch 14 / 40 acc 0.6607 MAE 0.4766 f1 0.6719
2025-12-24 11:36:26,612 - utils.logger2025-12-24-11.35.36 - INFO - Tst result of epoch 14 / 40 acc 0.6607 MAE 0.4766 f1 0.6719
2025-12-24 11:36:27,581 - utils.logger2025-12-24-11.35.36 - INFO - Cur epoch 15 loss TA:0.8775 TV:0.8782 VA:1.7398 CE:0.4741
2025-12-24 11:36:28,333 - utils.logger2025-12-24-11.35.36 - INFO - Cur epoch 15 loss TA:0.8819 TV:0.8817 VA:1.7816 CE:0.6020
2025-12-24 11:36:29,130 - utils.logger2025-12-24-11.35.36 - INFO - Cur epoch 15 loss TA:0.6251 TV:0.5943 VA:1.2721 CE:0.7043
2025-12-24 11:36:29,198 - utils.logger2025-12-24-11.35.36 - INFO - saving the model at the end of epoch 15, iters 420
2025-12-24 11:36:29,300 - utils.logger2025-12-24-11.35.36 - INFO - End of training epoch 15 / 40 	 Time Taken: 2 sec
2025-12-24 11:36:29,300 - utils.logger2025-12-24-11.35.36 - INFO - learning rate = 0.0002000
2025-12-24 11:36:29,682 - utils.logger2025-12-24-11.35.36 - INFO - Val result of epoch 15 / 40 acc 0.7366 MAE 0.5283 f1 0.7435
2025-12-24 11:36:30,007 - utils.logger2025-12-24-11.35.36 - INFO - Tst result of epoch 15 / 40 acc 0.7366 MAE 0.5283 f1 0.7435
2025-12-24 11:36:31,184 - utils.logger2025-12-24-11.35.36 - INFO - Cur epoch 16 loss TA:0.8963 TV:0.9078 VA:1.7803 CE:1.0918
2025-12-24 11:36:31,927 - utils.logger2025-12-24-11.35.36 - INFO - Cur epoch 16 loss TA:0.9075 TV:0.8874 VA:1.7646 CE:0.5170
2025-12-24 11:36:32,621 - utils.logger2025-12-24-11.35.36 - INFO - saving the model at the end of epoch 16, iters 448
2025-12-24 11:36:32,724 - utils.logger2025-12-24-11.35.36 - INFO - End of training epoch 16 / 40 	 Time Taken: 2 sec
2025-12-24 11:36:32,724 - utils.logger2025-12-24-11.35.36 - INFO - learning rate = 0.0002000
2025-12-24 11:36:33,155 - utils.logger2025-12-24-11.35.36 - INFO - Val result of epoch 16 / 40 acc 0.7009 MAE 0.5192 f1 0.7056
2025-12-24 11:36:33,484 - utils.logger2025-12-24-11.35.36 - INFO - Tst result of epoch 16 / 40 acc 0.7009 MAE 0.5192 f1 0.7056
2025-12-24 11:36:33,923 - utils.logger2025-12-24-11.35.36 - INFO - Cur epoch 17 loss TA:0.8736 TV:0.8821 VA:1.7571 CE:0.7199
2025-12-24 11:36:34,695 - utils.logger2025-12-24-11.35.36 - INFO - Cur epoch 17 loss TA:0.8914 TV:0.8872 VA:1.7422 CE:0.5023
2025-12-24 11:36:35,500 - utils.logger2025-12-24-11.35.36 - INFO - Cur epoch 17 loss TA:0.8952 TV:0.9034 VA:1.7589 CE:0.5400
2025-12-24 11:36:36,050 - utils.logger2025-12-24-11.35.36 - INFO - saving the model at the end of epoch 17, iters 476
2025-12-24 11:36:36,158 - utils.logger2025-12-24-11.35.36 - INFO - End of training epoch 17 / 40 	 Time Taken: 2 sec
2025-12-24 11:36:36,159 - utils.logger2025-12-24-11.35.36 - INFO - learning rate = 0.0002000
2025-12-24 11:36:36,707 - utils.logger2025-12-24-11.35.36 - INFO - Val result of epoch 17 / 40 acc 0.7321 MAE 0.5327 f1 0.7389
2025-12-24 11:36:37,226 - utils.logger2025-12-24-11.35.36 - INFO - Tst result of epoch 17 / 40 acc 0.7321 MAE 0.5327 f1 0.7389
2025-12-24 11:36:37,962 - utils.logger2025-12-24-11.35.36 - INFO - Cur epoch 18 loss TA:0.8746 TV:0.8418 VA:1.7380 CE:0.5547
2025-12-24 11:36:38,750 - utils.logger2025-12-24-11.35.36 - INFO - Cur epoch 18 loss TA:0.9055 TV:0.9033 VA:1.7818 CE:0.7168
2025-12-24 11:36:39,510 - utils.logger2025-12-24-11.35.36 - INFO - Cur epoch 18 loss TA:0.9025 TV:0.8888 VA:1.7265 CE:0.5446
2025-12-24 11:36:39,885 - utils.logger2025-12-24-11.35.36 - INFO - saving the model at the end of epoch 18, iters 504
2025-12-24 11:36:39,977 - utils.logger2025-12-24-11.35.36 - INFO - End of training epoch 18 / 40 	 Time Taken: 2 sec
2025-12-24 11:36:39,977 - utils.logger2025-12-24-11.35.36 - INFO - learning rate = 0.0002000
2025-12-24 11:36:40,504 - utils.logger2025-12-24-11.35.36 - INFO - Val result of epoch 18 / 40 acc 0.6875 MAE 0.4679 f1 0.6902
2025-12-24 11:36:40,851 - utils.logger2025-12-24-11.35.36 - INFO - Tst result of epoch 18 / 40 acc 0.6875 MAE 0.4679 f1 0.6902
2025-12-24 11:36:41,524 - utils.logger2025-12-24-11.35.36 - INFO - Cur epoch 19 loss TA:0.8728 TV:0.8389 VA:1.7168 CE:0.4897
2025-12-24 11:36:42,306 - utils.logger2025-12-24-11.35.36 - INFO - Cur epoch 19 loss TA:0.8796 TV:0.8508 VA:1.6709 CE:0.5504
2025-12-24 11:36:43,106 - utils.logger2025-12-24-11.35.36 - INFO - Cur epoch 19 loss TA:0.8919 TV:0.8715 VA:1.7282 CE:0.5336
2025-12-24 11:36:43,334 - utils.logger2025-12-24-11.35.36 - INFO - saving the model at the end of epoch 19, iters 532
2025-12-24 11:36:43,443 - utils.logger2025-12-24-11.35.36 - INFO - End of training epoch 19 / 40 	 Time Taken: 2 sec
2025-12-24 11:36:43,444 - utils.logger2025-12-24-11.35.36 - INFO - learning rate = 0.0002000
2025-12-24 11:36:43,802 - utils.logger2025-12-24-11.35.36 - INFO - Val result of epoch 19 / 40 acc 0.7009 MAE 0.4750 f1 0.6993
2025-12-24 11:36:44,120 - utils.logger2025-12-24-11.35.36 - INFO - Tst result of epoch 19 / 40 acc 0.7009 MAE 0.4750 f1 0.6993
2025-12-24 11:36:44,996 - utils.logger2025-12-24-11.35.36 - INFO - Cur epoch 20 loss TA:0.8867 TV:0.9049 VA:1.7730 CE:0.4822
2025-12-24 11:36:45,811 - utils.logger2025-12-24-11.35.36 - INFO - Cur epoch 20 loss TA:0.8495 TV:0.8667 VA:1.6915 CE:0.4915
2025-12-24 11:36:46,614 - utils.logger2025-12-24-11.35.36 - INFO - Cur epoch 20 loss TA:0.6148 TV:0.6084 VA:1.2122 CE:0.5700
2025-12-24 11:36:46,684 - utils.logger2025-12-24-11.35.36 - INFO - saving the model at the end of epoch 20, iters 560
2025-12-24 11:36:46,779 - utils.logger2025-12-24-11.35.36 - INFO - End of training epoch 20 / 40 	 Time Taken: 2 sec
2025-12-24 11:36:46,779 - utils.logger2025-12-24-11.35.36 - INFO - learning rate = 0.0002000
2025-12-24 11:36:47,143 - utils.logger2025-12-24-11.35.36 - INFO - Val result of epoch 20 / 40 acc 0.7188 MAE 0.5219 f1 0.7231
2025-12-24 11:36:47,460 - utils.logger2025-12-24-11.35.36 - INFO - Tst result of epoch 20 / 40 acc 0.7188 MAE 0.5219 f1 0.7231
2025-12-24 11:36:48,481 - utils.logger2025-12-24-11.35.36 - INFO - Cur epoch 21 loss TA:0.8662 TV:0.8772 VA:1.7336 CE:0.3855
2025-12-24 11:36:49,211 - utils.logger2025-12-24-11.35.36 - INFO - Cur epoch 21 loss TA:0.8708 TV:0.8623 VA:1.7316 CE:0.6250
2025-12-24 11:36:49,839 - utils.logger2025-12-24-11.35.36 - INFO - saving the model at the end of epoch 21, iters 588
2025-12-24 11:36:49,932 - utils.logger2025-12-24-11.35.36 - INFO - End of training epoch 21 / 40 	 Time Taken: 2 sec
2025-12-24 11:36:49,932 - utils.logger2025-12-24-11.35.36 - INFO - learning rate = 0.0002000
2025-12-24 11:36:50,407 - utils.logger2025-12-24-11.35.36 - INFO - Val result of epoch 21 / 40 acc 0.7054 MAE 0.4666 f1 0.7074
2025-12-24 11:36:51,016 - utils.logger2025-12-24-11.35.36 - INFO - Tst result of epoch 21 / 40 acc 0.7054 MAE 0.4666 f1 0.7074
2025-12-24 11:36:51,504 - utils.logger2025-12-24-11.35.36 - INFO - Cur epoch 22 loss TA:0.8308 TV:0.8468 VA:1.7021 CE:0.4752
2025-12-24 11:36:52,272 - utils.logger2025-12-24-11.35.36 - INFO - Cur epoch 22 loss TA:0.8512 TV:0.8500 VA:1.6727 CE:0.7152
2025-12-24 11:36:53,064 - utils.logger2025-12-24-11.35.36 - INFO - Cur epoch 22 loss TA:0.8374 TV:0.8287 VA:1.5981 CE:0.4647
2025-12-24 11:36:53,605 - utils.logger2025-12-24-11.35.36 - INFO - saving the model at the end of epoch 22, iters 616
2025-12-24 11:36:53,699 - utils.logger2025-12-24-11.35.36 - INFO - End of training epoch 22 / 40 	 Time Taken: 2 sec
2025-12-24 11:36:53,699 - utils.logger2025-12-24-11.35.36 - INFO - learning rate = 0.0002000
2025-12-24 11:36:54,226 - utils.logger2025-12-24-11.35.36 - INFO - Val result of epoch 22 / 40 acc 0.7054 MAE 0.4648 f1 0.7125
2025-12-24 11:36:54,737 - utils.logger2025-12-24-11.35.36 - INFO - Tst result of epoch 22 / 40 acc 0.7054 MAE 0.4648 f1 0.7125
2025-12-24 11:36:55,436 - utils.logger2025-12-24-11.35.36 - INFO - Cur epoch 23 loss TA:0.8280 TV:0.8611 VA:1.6952 CE:0.5829
2025-12-24 11:36:56,221 - utils.logger2025-12-24-11.35.36 - INFO - Cur epoch 23 loss TA:0.8355 TV:0.8439 VA:1.6912 CE:0.3747
2025-12-24 11:36:57,024 - utils.logger2025-12-24-11.35.36 - INFO - Cur epoch 23 loss TA:0.8393 TV:0.8418 VA:1.6652 CE:0.3020
2025-12-24 11:36:57,413 - utils.logger2025-12-24-11.35.36 - INFO - saving the model at the end of epoch 23, iters 644
2025-12-24 11:36:57,515 - utils.logger2025-12-24-11.35.36 - INFO - End of training epoch 23 / 40 	 Time Taken: 2 sec
2025-12-24 11:36:57,515 - utils.logger2025-12-24-11.35.36 - INFO - learning rate = 0.0002000
2025-12-24 11:36:58,030 - utils.logger2025-12-24-11.35.36 - INFO - Val result of epoch 23 / 40 acc 0.6696 MAE 0.4569 f1 0.6808
2025-12-24 11:36:58,642 - utils.logger2025-12-24-11.35.36 - INFO - Tst result of epoch 23 / 40 acc 0.6696 MAE 0.4569 f1 0.6808
2025-12-24 11:36:59,555 - utils.logger2025-12-24-11.35.36 - INFO - Cur epoch 24 loss TA:0.8783 TV:0.8365 VA:1.6970 CE:0.3822
2025-12-24 11:37:00,349 - utils.logger2025-12-24-11.35.36 - INFO - Cur epoch 24 loss TA:0.8143 TV:0.8127 VA:1.5609 CE:0.3695
2025-12-24 11:37:01,103 - utils.logger2025-12-24-11.35.36 - INFO - Cur epoch 24 loss TA:0.8111 TV:0.8279 VA:1.6062 CE:0.2785
2025-12-24 11:37:01,320 - utils.logger2025-12-24-11.35.36 - INFO - saving the model at the end of epoch 24, iters 672
2025-12-24 11:37:01,422 - utils.logger2025-12-24-11.35.36 - INFO - End of training epoch 24 / 40 	 Time Taken: 2 sec
2025-12-24 11:37:01,422 - utils.logger2025-12-24-11.35.36 - INFO - learning rate = 0.0002000
2025-12-24 11:37:01,976 - utils.logger2025-12-24-11.35.36 - INFO - Val result of epoch 24 / 40 acc 0.7366 MAE 0.5142 f1 0.7373
2025-12-24 11:37:02,650 - utils.logger2025-12-24-11.35.36 - INFO - Tst result of epoch 24 / 40 acc 0.7366 MAE 0.5142 f1 0.7373
2025-12-24 11:37:03,858 - utils.logger2025-12-24-11.35.36 - INFO - Cur epoch 25 loss TA:0.8270 TV:0.8309 VA:1.6661 CE:0.3300
2025-12-24 11:37:04,637 - utils.logger2025-12-24-11.35.36 - INFO - Cur epoch 25 loss TA:0.8294 TV:0.8292 VA:1.6095 CE:0.3826
2025-12-24 11:37:05,491 - utils.logger2025-12-24-11.35.36 - INFO - Cur epoch 25 loss TA:0.5784 TV:0.5493 VA:1.1419 CE:0.5419
2025-12-24 11:37:05,565 - utils.logger2025-12-24-11.35.36 - INFO - saving the model at the end of epoch 25, iters 700
2025-12-24 11:37:05,668 - utils.logger2025-12-24-11.35.36 - INFO - End of training epoch 25 / 40 	 Time Taken: 3 sec
2025-12-24 11:37:05,668 - utils.logger2025-12-24-11.35.36 - INFO - learning rate = 0.0002000
2025-12-24 11:37:06,220 - utils.logger2025-12-24-11.35.36 - INFO - Val result of epoch 25 / 40 acc 0.6652 MAE 0.4616 f1 0.6708
2025-12-24 11:37:06,781 - utils.logger2025-12-24-11.35.36 - INFO - Tst result of epoch 25 / 40 acc 0.6652 MAE 0.4616 f1 0.6708
2025-12-24 11:37:07,943 - utils.logger2025-12-24-11.35.36 - INFO - Cur epoch 26 loss TA:0.8342 TV:0.8273 VA:1.6371 CE:0.2737
2025-12-24 11:37:08,765 - utils.logger2025-12-24-11.35.36 - INFO - Cur epoch 26 loss TA:0.8116 TV:0.8265 VA:1.6383 CE:0.5161
2025-12-24 11:37:09,455 - utils.logger2025-12-24-11.35.36 - INFO - saving the model at the end of epoch 26, iters 728
2025-12-24 11:37:09,549 - utils.logger2025-12-24-11.35.36 - INFO - End of training epoch 26 / 40 	 Time Taken: 2 sec
2025-12-24 11:37:09,549 - utils.logger2025-12-24-11.35.36 - INFO - learning rate = 0.0002000
2025-12-24 11:37:09,884 - utils.logger2025-12-24-11.35.36 - INFO - Val result of epoch 26 / 40 acc 0.6964 MAE 0.5100 f1 0.7044
2025-12-24 11:37:10,239 - utils.logger2025-12-24-11.35.36 - INFO - Tst result of epoch 26 / 40 acc 0.6964 MAE 0.5100 f1 0.7044
2025-12-24 11:37:10,607 - utils.logger2025-12-24-11.35.36 - INFO - Cur epoch 27 loss TA:0.8296 TV:0.8050 VA:1.6748 CE:0.3087
2025-12-24 11:37:11,432 - utils.logger2025-12-24-11.35.36 - INFO - Cur epoch 27 loss TA:0.8380 TV:0.8372 VA:1.6905 CE:0.2945
2025-12-24 11:37:12,197 - utils.logger2025-12-24-11.35.36 - INFO - Cur epoch 27 loss TA:0.8113 TV:0.8270 VA:1.6546 CE:0.3736
2025-12-24 11:37:12,792 - utils.logger2025-12-24-11.35.36 - INFO - saving the model at the end of epoch 27, iters 756
2025-12-24 11:37:12,899 - utils.logger2025-12-24-11.35.36 - INFO - End of training epoch 27 / 40 	 Time Taken: 2 sec
2025-12-24 11:37:12,899 - utils.logger2025-12-24-11.35.36 - INFO - learning rate = 0.0002000
2025-12-24 11:37:13,256 - utils.logger2025-12-24-11.35.36 - INFO - Val result of epoch 27 / 40 acc 0.6875 MAE 0.4559 f1 0.6861
2025-12-24 11:37:13,586 - utils.logger2025-12-24-11.35.36 - INFO - Tst result of epoch 27 / 40 acc 0.6875 MAE 0.4559 f1 0.6861
2025-12-24 11:37:14,094 - utils.logger2025-12-24-11.35.36 - INFO - Cur epoch 28 loss TA:0.8192 TV:0.8211 VA:1.6427 CE:0.3038
2025-12-24 11:37:14,796 - utils.logger2025-12-24-11.35.36 - INFO - Cur epoch 28 loss TA:0.8195 TV:0.7978 VA:1.6386 CE:0.3914
2025-12-24 11:37:15,539 - utils.logger2025-12-24-11.35.36 - INFO - Cur epoch 28 loss TA:0.8166 TV:0.8142 VA:1.6228 CE:0.2235
2025-12-24 11:37:15,925 - utils.logger2025-12-24-11.35.36 - INFO - saving the model at the end of epoch 28, iters 784
2025-12-24 11:37:16,038 - utils.logger2025-12-24-11.35.36 - INFO - End of training epoch 28 / 40 	 Time Taken: 2 sec
2025-12-24 11:37:16,038 - utils.logger2025-12-24-11.35.36 - INFO - learning rate = 0.0002000
2025-12-24 11:37:16,601 - utils.logger2025-12-24-11.35.36 - INFO - Val result of epoch 28 / 40 acc 0.7098 MAE 0.4754 f1 0.7123
2025-12-24 11:37:16,968 - utils.logger2025-12-24-11.35.36 - INFO - Tst result of epoch 28 / 40 acc 0.7098 MAE 0.4754 f1 0.7123
2025-12-24 11:37:17,903 - utils.logger2025-12-24-11.35.36 - INFO - Cur epoch 29 loss TA:0.8205 TV:0.7849 VA:1.6238 CE:0.3199
2025-12-24 11:37:18,720 - utils.logger2025-12-24-11.35.36 - INFO - Cur epoch 29 loss TA:0.8331 TV:0.8340 VA:1.5923 CE:0.3129
2025-12-24 11:37:19,526 - utils.logger2025-12-24-11.35.36 - INFO - Cur epoch 29 loss TA:0.7924 TV:0.8118 VA:1.5781 CE:0.2514
2025-12-24 11:37:19,753 - utils.logger2025-12-24-11.35.36 - INFO - saving the model at the end of epoch 29, iters 812
2025-12-24 11:37:19,866 - utils.logger2025-12-24-11.35.36 - INFO - End of training epoch 29 / 40 	 Time Taken: 2 sec
2025-12-24 11:37:19,866 - utils.logger2025-12-24-11.35.36 - INFO - learning rate = 0.0002000
2025-12-24 11:37:20,418 - utils.logger2025-12-24-11.35.36 - INFO - Val result of epoch 29 / 40 acc 0.7277 MAE 0.5166 f1 0.7281
2025-12-24 11:37:20,846 - utils.logger2025-12-24-11.35.36 - INFO - Tst result of epoch 29 / 40 acc 0.7277 MAE 0.5166 f1 0.7281
2025-12-24 11:37:21,689 - utils.logger2025-12-24-11.35.36 - INFO - Cur epoch 30 loss TA:0.8106 TV:0.7968 VA:1.6457 CE:0.3915
2025-12-24 11:37:22,492 - utils.logger2025-12-24-11.35.36 - INFO - Cur epoch 30 loss TA:0.7881 TV:0.7879 VA:1.5706 CE:0.2576
2025-12-24 11:37:23,282 - utils.logger2025-12-24-11.35.36 - INFO - Cur epoch 30 loss TA:0.5311 TV:0.5448 VA:1.1749 CE:0.2409
2025-12-24 11:37:23,354 - utils.logger2025-12-24-11.35.36 - INFO - saving the model at the end of epoch 30, iters 840
2025-12-24 11:37:23,451 - utils.logger2025-12-24-11.35.36 - INFO - End of training epoch 30 / 40 	 Time Taken: 2 sec
2025-12-24 11:37:23,451 - utils.logger2025-12-24-11.35.36 - INFO - learning rate = 0.0001818
2025-12-24 11:37:23,838 - utils.logger2025-12-24-11.35.36 - INFO - Val result of epoch 30 / 40 acc 0.7054 MAE 0.5159 f1 0.7108
2025-12-24 11:37:24,365 - utils.logger2025-12-24-11.35.36 - INFO - Tst result of epoch 30 / 40 acc 0.7054 MAE 0.5159 f1 0.7108
2025-12-24 11:37:25,503 - utils.logger2025-12-24-11.35.36 - INFO - Cur epoch 31 loss TA:0.8299 TV:0.8231 VA:1.6203 CE:0.2680
2025-12-24 11:37:26,264 - utils.logger2025-12-24-11.35.36 - INFO - Cur epoch 31 loss TA:0.8444 TV:0.8654 VA:1.7044 CE:0.2986
2025-12-24 11:37:26,954 - utils.logger2025-12-24-11.35.36 - INFO - saving the model at the end of epoch 31, iters 868
2025-12-24 11:37:27,055 - utils.logger2025-12-24-11.35.36 - INFO - End of training epoch 31 / 40 	 Time Taken: 2 sec
2025-12-24 11:37:27,055 - utils.logger2025-12-24-11.35.36 - INFO - learning rate = 0.0001636
2025-12-24 11:37:27,419 - utils.logger2025-12-24-11.35.36 - INFO - Val result of epoch 31 / 40 acc 0.7143 MAE 0.5068 f1 0.7165
2025-12-24 11:37:28,052 - utils.logger2025-12-24-11.35.36 - INFO - Tst result of epoch 31 / 40 acc 0.7143 MAE 0.5068 f1 0.7165
2025-12-24 11:37:28,438 - utils.logger2025-12-24-11.35.36 - INFO - Cur epoch 32 loss TA:0.8009 TV:0.8021 VA:1.5846 CE:0.2513
2025-12-24 11:37:29,137 - utils.logger2025-12-24-11.35.36 - INFO - Cur epoch 32 loss TA:0.7856 TV:0.7753 VA:1.5779 CE:0.3003
2025-12-24 11:37:29,831 - utils.logger2025-12-24-11.35.36 - INFO - Cur epoch 32 loss TA:0.7715 TV:0.7893 VA:1.5507 CE:0.2818
2025-12-24 11:37:30,317 - utils.logger2025-12-24-11.35.36 - INFO - saving the model at the end of epoch 32, iters 896
2025-12-24 11:37:30,413 - utils.logger2025-12-24-11.35.36 - INFO - End of training epoch 32 / 40 	 Time Taken: 2 sec
2025-12-24 11:37:30,414 - utils.logger2025-12-24-11.35.36 - INFO - learning rate = 0.0001455
2025-12-24 11:37:30,865 - utils.logger2025-12-24-11.35.36 - INFO - Val result of epoch 32 / 40 acc 0.7143 MAE 0.4983 f1 0.7156
2025-12-24 11:37:31,358 - utils.logger2025-12-24-11.35.36 - INFO - Tst result of epoch 32 / 40 acc 0.7143 MAE 0.4983 f1 0.7156
2025-12-24 11:37:31,895 - utils.logger2025-12-24-11.35.36 - INFO - Cur epoch 33 loss TA:0.7533 TV:0.7888 VA:1.5302 CE:0.2744
2025-12-24 11:37:32,726 - utils.logger2025-12-24-11.35.36 - INFO - Cur epoch 33 loss TA:0.7907 TV:0.7922 VA:1.6117 CE:0.2042
2025-12-24 11:37:33,529 - utils.logger2025-12-24-11.35.36 - INFO - Cur epoch 33 loss TA:0.7809 TV:0.7658 VA:1.5321 CE:0.2204
2025-12-24 11:37:33,918 - utils.logger2025-12-24-11.35.36 - INFO - saving the model at the end of epoch 33, iters 924
2025-12-24 11:37:34,007 - utils.logger2025-12-24-11.35.36 - INFO - End of training epoch 33 / 40 	 Time Taken: 2 sec
2025-12-24 11:37:34,007 - utils.logger2025-12-24-11.35.36 - INFO - learning rate = 0.0001273
2025-12-24 11:37:34,498 - utils.logger2025-12-24-11.35.36 - INFO - Val result of epoch 33 / 40 acc 0.7143 MAE 0.4978 f1 0.7123
2025-12-24 11:37:35,021 - utils.logger2025-12-24-11.35.36 - INFO - Tst result of epoch 33 / 40 acc 0.7143 MAE 0.4978 f1 0.7123
2025-12-24 11:37:35,880 - utils.logger2025-12-24-11.35.36 - INFO - Cur epoch 34 loss TA:0.7780 TV:0.7829 VA:1.5135 CE:0.2848
2025-12-24 11:37:36,677 - utils.logger2025-12-24-11.35.36 - INFO - Cur epoch 34 loss TA:0.7807 TV:0.7874 VA:1.5401 CE:0.2418
2025-12-24 11:37:37,451 - utils.logger2025-12-24-11.35.36 - INFO - Cur epoch 34 loss TA:0.8270 TV:0.8114 VA:1.6124 CE:0.2373
2025-12-24 11:37:37,675 - utils.logger2025-12-24-11.35.36 - INFO - saving the model at the end of epoch 34, iters 952
2025-12-24 11:37:37,769 - utils.logger2025-12-24-11.35.36 - INFO - End of training epoch 34 / 40 	 Time Taken: 2 sec
2025-12-24 11:37:37,769 - utils.logger2025-12-24-11.35.36 - INFO - learning rate = 0.0001091
2025-12-24 11:37:38,374 - utils.logger2025-12-24-11.35.36 - INFO - Val result of epoch 34 / 40 acc 0.7277 MAE 0.4907 f1 0.7289
2025-12-24 11:37:38,962 - utils.logger2025-12-24-11.35.36 - INFO - Tst result of epoch 34 / 40 acc 0.7277 MAE 0.4907 f1 0.7289
2025-12-24 11:37:39,872 - utils.logger2025-12-24-11.35.36 - INFO - Cur epoch 35 loss TA:0.7921 TV:0.7823 VA:1.5768 CE:0.2507
2025-12-24 11:37:40,770 - utils.logger2025-12-24-11.35.36 - INFO - Cur epoch 35 loss TA:0.7631 TV:0.7880 VA:1.5799 CE:0.2095
2025-12-24 11:37:41,661 - utils.logger2025-12-24-11.35.36 - INFO - Cur epoch 35 loss TA:0.4492 TV:0.5005 VA:0.9985 CE:0.2756
2025-12-24 11:37:41,731 - utils.logger2025-12-24-11.35.36 - INFO - saving the model at the end of epoch 35, iters 980
2025-12-24 11:37:41,847 - utils.logger2025-12-24-11.35.36 - INFO - End of training epoch 35 / 40 	 Time Taken: 2 sec
2025-12-24 11:37:41,847 - utils.logger2025-12-24-11.35.36 - INFO - learning rate = 0.0000909
2025-12-24 11:37:42,418 - utils.logger2025-12-24-11.35.36 - INFO - Val result of epoch 35 / 40 acc 0.7143 MAE 0.4917 f1 0.7198
2025-12-24 11:37:42,923 - utils.logger2025-12-24-11.35.36 - INFO - Tst result of epoch 35 / 40 acc 0.7143 MAE 0.4917 f1 0.7198
2025-12-24 11:37:44,001 - utils.logger2025-12-24-11.35.36 - INFO - Cur epoch 36 loss TA:0.7495 TV:0.7649 VA:1.4981 CE:0.1765
2025-12-24 11:37:44,696 - utils.logger2025-12-24-11.35.36 - INFO - Cur epoch 36 loss TA:0.7644 TV:0.7904 VA:1.5716 CE:0.2172
2025-12-24 11:37:45,353 - utils.logger2025-12-24-11.35.36 - INFO - saving the model at the end of epoch 36, iters 1008
2025-12-24 11:37:45,461 - utils.logger2025-12-24-11.35.36 - INFO - End of training epoch 36 / 40 	 Time Taken: 2 sec
2025-12-24 11:37:45,462 - utils.logger2025-12-24-11.35.36 - INFO - learning rate = 0.0000727
2025-12-24 11:37:46,074 - utils.logger2025-12-24-11.35.36 - INFO - Val result of epoch 36 / 40 acc 0.6920 MAE 0.4970 f1 0.6954
2025-12-24 11:37:46,501 - utils.logger2025-12-24-11.35.36 - INFO - Tst result of epoch 36 / 40 acc 0.6920 MAE 0.4970 f1 0.6954
2025-12-24 11:37:46,886 - utils.logger2025-12-24-11.35.36 - INFO - Cur epoch 37 loss TA:0.7908 TV:0.7973 VA:1.5467 CE:0.2203
2025-12-24 11:37:47,665 - utils.logger2025-12-24-11.35.36 - INFO - Cur epoch 37 loss TA:0.7378 TV:0.7470 VA:1.4673 CE:0.1568
2025-12-24 11:37:48,448 - utils.logger2025-12-24-11.35.36 - INFO - Cur epoch 37 loss TA:0.7586 TV:0.7648 VA:1.5172 CE:0.1959
2025-12-24 11:37:48,996 - utils.logger2025-12-24-11.35.36 - INFO - saving the model at the end of epoch 37, iters 1036
2025-12-24 11:37:49,099 - utils.logger2025-12-24-11.35.36 - INFO - End of training epoch 37 / 40 	 Time Taken: 2 sec
2025-12-24 11:37:49,099 - utils.logger2025-12-24-11.35.36 - INFO - learning rate = 0.0000545
2025-12-24 11:37:49,463 - utils.logger2025-12-24-11.35.36 - INFO - Val result of epoch 37 / 40 acc 0.7321 MAE 0.4995 f1 0.7316
2025-12-24 11:37:49,784 - utils.logger2025-12-24-11.35.36 - INFO - Tst result of epoch 37 / 40 acc 0.7321 MAE 0.4995 f1 0.7316
2025-12-24 11:37:50,333 - utils.logger2025-12-24-11.35.36 - INFO - Cur epoch 38 loss TA:0.7862 TV:0.7961 VA:1.5365 CE:0.2107
2025-12-24 11:37:51,149 - utils.logger2025-12-24-11.35.36 - INFO - Cur epoch 38 loss TA:0.7496 TV:0.7517 VA:1.4419 CE:0.2692
2025-12-24 11:37:51,956 - utils.logger2025-12-24-11.35.36 - INFO - Cur epoch 38 loss TA:0.7464 TV:0.7465 VA:1.4670 CE:0.1439
2025-12-24 11:37:52,340 - utils.logger2025-12-24-11.35.36 - INFO - saving the model at the end of epoch 38, iters 1064
2025-12-24 11:37:52,441 - utils.logger2025-12-24-11.35.36 - INFO - End of training epoch 38 / 40 	 Time Taken: 2 sec
2025-12-24 11:37:52,442 - utils.logger2025-12-24-11.35.36 - INFO - learning rate = 0.0000364
2025-12-24 11:37:52,880 - utils.logger2025-12-24-11.35.36 - INFO - Val result of epoch 38 / 40 acc 0.6920 MAE 0.4898 f1 0.6954
2025-12-24 11:37:53,205 - utils.logger2025-12-24-11.35.36 - INFO - Tst result of epoch 38 / 40 acc 0.6920 MAE 0.4898 f1 0.6954
2025-12-24 11:37:53,887 - utils.logger2025-12-24-11.35.36 - INFO - Cur epoch 39 loss TA:0.7376 TV:0.7385 VA:1.4663 CE:0.1476
2025-12-24 11:37:54,601 - utils.logger2025-12-24-11.35.36 - INFO - Cur epoch 39 loss TA:0.7470 TV:0.7649 VA:1.4730 CE:0.1742
2025-12-24 11:37:55,292 - utils.logger2025-12-24-11.35.36 - INFO - Cur epoch 39 loss TA:0.7515 TV:0.7506 VA:1.4838 CE:0.1406
2025-12-24 11:37:55,502 - utils.logger2025-12-24-11.35.36 - INFO - saving the model at the end of epoch 39, iters 1092
2025-12-24 11:37:55,596 - utils.logger2025-12-24-11.35.36 - INFO - End of training epoch 39 / 40 	 Time Taken: 2 sec
2025-12-24 11:37:55,596 - utils.logger2025-12-24-11.35.36 - INFO - learning rate = 0.0000182
2025-12-24 11:37:56,140 - utils.logger2025-12-24-11.35.36 - INFO - Val result of epoch 39 / 40 acc 0.7143 MAE 0.5008 f1 0.7147
2025-12-24 11:37:56,446 - utils.logger2025-12-24-11.35.36 - INFO - Tst result of epoch 39 / 40 acc 0.7143 MAE 0.5008 f1 0.7147
2025-12-24 11:37:57,209 - utils.logger2025-12-24-11.35.36 - INFO - Cur epoch 40 loss TA:0.7531 TV:0.7511 VA:1.5025 CE:0.3033
2025-12-24 11:37:57,978 - utils.logger2025-12-24-11.35.36 - INFO - Cur epoch 40 loss TA:0.7444 TV:0.7406 VA:1.4423 CE:0.2289
2025-12-24 11:37:58,751 - utils.logger2025-12-24-11.35.36 - INFO - Cur epoch 40 loss TA:0.4920 TV:0.5119 VA:0.9814 CE:0.1321
2025-12-24 11:37:58,823 - utils.logger2025-12-24-11.35.36 - INFO - saving the model at the end of epoch 40, iters 1120
2025-12-24 11:37:58,935 - utils.logger2025-12-24-11.35.36 - INFO - End of training epoch 40 / 40 	 Time Taken: 2 sec
2025-12-24 11:37:58,935 - utils.logger2025-12-24-11.35.36 - INFO - learning rate = 0.0000000
2025-12-24 11:37:59,311 - utils.logger2025-12-24-11.35.36 - INFO - Val result of epoch 40 / 40 acc 0.7098 MAE 0.4981 f1 0.7115
2025-12-24 11:37:59,630 - utils.logger2025-12-24-11.35.36 - INFO - Tst result of epoch 40 / 40 acc 0.7098 MAE 0.4981 f1 0.7115
2025-12-24 11:37:59,630 - utils.logger2025-12-24-11.35.36 - INFO - Best eval epoch 15 found with f1 0.743461
