2026-03-03 20:38:10,487 - utils.logger2026-03-03-20.38.03 - INFO - The number of training samples = 1750
2026-03-03 20:38:10,487 - utils.logger2026-03-03-20.38.03 - INFO - The number of testing samples = 1344
2026-03-03 20:38:13,482 - utils.logger2026-03-03-20.38.03 - INFO - Cur epoch 1 loss CE:5.8929 mse:5.9213 consistent:4.3572
2026-03-03 20:38:14,015 - utils.logger2026-03-03-20.38.03 - INFO - Cur epoch 1 loss CE:3.3718 mse:2.2600 consistent:4.4866
2026-03-03 20:38:14,690 - utils.logger2026-03-03-20.38.03 - INFO - saving the model at the end of epoch 1, iters 28
2026-03-03 20:38:14,838 - utils.logger2026-03-03-20.38.03 - INFO - End of training epoch 1 / 40 	 Time Taken: 3 sec
2026-03-03 20:38:14,838 - utils.logger2026-03-03-20.38.03 - INFO - learning rate = 0.0002000
2026-03-03 20:38:16,685 - utils.logger2026-03-03-20.38.03 - INFO - Val result of epoch 1 / 40 mae 1.4648 corr 0.1586 f1 0.5746
2026-03-03 20:38:18,522 - utils.logger2026-03-03-20.38.03 - INFO - Tst result of epoch 1 / 40 mae 1.3835 corr 0.0260 f1 0.5094
2026-03-03 20:38:19,721 - utils.logger2026-03-03-20.38.03 - INFO - Cur epoch 2 loss CE:2.7594 mse:1.9127 consistent:4.2067
2026-03-03 20:38:20,337 - utils.logger2026-03-03-20.38.03 - INFO - Cur epoch 2 loss CE:3.5391 mse:1.0936 consistent:3.8522
2026-03-03 20:38:20,946 - utils.logger2026-03-03-20.38.03 - INFO - Cur epoch 2 loss CE:2.9672 mse:1.1254 consistent:4.0015
2026-03-03 20:38:21,454 - utils.logger2026-03-03-20.38.03 - INFO - saving the model at the end of epoch 2, iters 56
2026-03-03 20:38:21,607 - utils.logger2026-03-03-20.38.03 - INFO - End of training epoch 2 / 40 	 Time Taken: 3 sec
2026-03-03 20:38:21,608 - utils.logger2026-03-03-20.38.03 - INFO - learning rate = 0.0002000
2026-03-03 20:38:23,498 - utils.logger2026-03-03-20.38.03 - INFO - Val result of epoch 2 / 40 mae 1.4495 corr 0.3027 f1 0.6253
2026-03-03 20:38:25,299 - utils.logger2026-03-03-20.38.03 - INFO - Tst result of epoch 2 / 40 mae 1.3620 corr 0.1717 f1 0.5899
2026-03-03 20:38:26,648 - utils.logger2026-03-03-20.38.03 - INFO - Cur epoch 3 loss CE:2.7199 mse:0.8571 consistent:3.4839
2026-03-03 20:38:27,310 - utils.logger2026-03-03-20.38.03 - INFO - Cur epoch 3 loss CE:2.7470 mse:0.7364 consistent:3.4406
2026-03-03 20:38:27,955 - utils.logger2026-03-03-20.38.03 - INFO - Cur epoch 3 loss CE:2.9398 mse:0.6707 consistent:3.2718
2026-03-03 20:38:28,367 - utils.logger2026-03-03-20.38.03 - INFO - saving the model at the end of epoch 3, iters 84
2026-03-03 20:38:28,493 - utils.logger2026-03-03-20.38.03 - INFO - End of training epoch 3 / 40 	 Time Taken: 3 sec
2026-03-03 20:38:28,494 - utils.logger2026-03-03-20.38.03 - INFO - learning rate = 0.0002000
2026-03-03 20:38:30,347 - utils.logger2026-03-03-20.38.03 - INFO - Val result of epoch 3 / 40 mae 1.4355 corr 0.2830 f1 0.5663
2026-03-03 20:38:32,201 - utils.logger2026-03-03-20.38.03 - INFO - Tst result of epoch 3 / 40 mae 1.3508 corr 0.1895 f1 0.5529
2026-03-03 20:38:33,638 - utils.logger2026-03-03-20.38.03 - INFO - Cur epoch 4 loss CE:2.6480 mse:0.6470 consistent:2.9564
2026-03-03 20:38:34,226 - utils.logger2026-03-03-20.38.03 - INFO - Cur epoch 4 loss CE:2.4482 mse:0.5623 consistent:2.8286
2026-03-03 20:38:34,873 - utils.logger2026-03-03-20.38.03 - INFO - Cur epoch 4 loss CE:2.1552 mse:0.5632 consistent:2.4311
2026-03-03 20:38:35,145 - utils.logger2026-03-03-20.38.03 - INFO - saving the model at the end of epoch 4, iters 112
2026-03-03 20:38:35,268 - utils.logger2026-03-03-20.38.03 - INFO - End of training epoch 4 / 40 	 Time Taken: 3 sec
2026-03-03 20:38:35,268 - utils.logger2026-03-03-20.38.03 - INFO - learning rate = 0.0002000
2026-03-03 20:38:37,132 - utils.logger2026-03-03-20.38.03 - INFO - Val result of epoch 4 / 40 mae 1.4770 corr 0.3248 f1 0.5711
2026-03-03 20:38:38,970 - utils.logger2026-03-03-20.38.03 - INFO - Tst result of epoch 4 / 40 mae 1.3817 corr 0.2361 f1 0.5540
2026-03-03 20:38:40,607 - utils.logger2026-03-03-20.38.03 - INFO - Cur epoch 5 loss CE:2.2881 mse:0.6631 consistent:2.6045
2026-03-03 20:38:41,294 - utils.logger2026-03-03-20.38.03 - INFO - Cur epoch 5 loss CE:1.8412 mse:0.5685 consistent:2.3847
2026-03-03 20:38:41,985 - utils.logger2026-03-03-20.38.03 - INFO - Cur epoch 5 loss CE:2.4959 mse:0.4785 consistent:1.7488
2026-03-03 20:38:42,134 - utils.logger2026-03-03-20.38.03 - INFO - saving the model at the end of epoch 5, iters 140
2026-03-03 20:38:42,276 - utils.logger2026-03-03-20.38.03 - INFO - End of training epoch 5 / 40 	 Time Taken: 3 sec
2026-03-03 20:38:42,276 - utils.logger2026-03-03-20.38.03 - INFO - learning rate = 0.0002000
2026-03-03 20:38:44,157 - utils.logger2026-03-03-20.38.03 - INFO - Val result of epoch 5 / 40 mae 1.3950 corr 0.3892 f1 0.6026
2026-03-03 20:38:46,005 - utils.logger2026-03-03-20.38.03 - INFO - Tst result of epoch 5 / 40 mae 1.3361 corr 0.2214 f1 0.5595
2026-03-03 20:38:47,696 - utils.logger2026-03-03-20.38.03 - INFO - Cur epoch 6 loss CE:2.1826 mse:0.5645 consistent:1.3724
2026-03-03 20:38:48,336 - utils.logger2026-03-03-20.38.03 - INFO - Cur epoch 6 loss CE:2.8984 mse:0.5261 consistent:1.2521
2026-03-03 20:38:48,996 - utils.logger2026-03-03-20.38.03 - INFO - saving the model at the end of epoch 6, iters 168
2026-03-03 20:38:49,140 - utils.logger2026-03-03-20.38.03 - INFO - End of training epoch 6 / 40 	 Time Taken: 3 sec
2026-03-03 20:38:49,140 - utils.logger2026-03-03-20.38.03 - INFO - learning rate = 0.0002000
2026-03-03 20:38:50,959 - utils.logger2026-03-03-20.38.03 - INFO - Val result of epoch 6 / 40 mae 1.3857 corr 0.4225 f1 0.6068
2026-03-03 20:38:52,817 - utils.logger2026-03-03-20.38.03 - INFO - Tst result of epoch 6 / 40 mae 1.3286 corr 0.2695 f1 0.5771
2026-03-03 20:38:53,979 - utils.logger2026-03-03-20.38.03 - INFO - Cur epoch 7 loss CE:2.1533 mse:0.5265 consistent:1.1861
2026-03-03 20:38:54,527 - utils.logger2026-03-03-20.38.03 - INFO - Cur epoch 7 loss CE:2.0315 mse:0.4149 consistent:1.0713
2026-03-03 20:38:55,075 - utils.logger2026-03-03-20.38.03 - INFO - Cur epoch 7 loss CE:2.2090 mse:0.5787 consistent:1.0366
2026-03-03 20:38:55,580 - utils.logger2026-03-03-20.38.03 - INFO - saving the model at the end of epoch 7, iters 196
2026-03-03 20:38:55,715 - utils.logger2026-03-03-20.38.03 - INFO - End of training epoch 7 / 40 	 Time Taken: 2 sec
2026-03-03 20:38:55,715 - utils.logger2026-03-03-20.38.03 - INFO - learning rate = 0.0002000
2026-03-03 20:38:57,540 - utils.logger2026-03-03-20.38.03 - INFO - Val result of epoch 7 / 40 mae 1.3293 corr 0.4538 f1 0.6709
2026-03-03 20:38:59,361 - utils.logger2026-03-03-20.38.03 - INFO - Tst result of epoch 7 / 40 mae 1.3011 corr 0.2728 f1 0.6090
2026-03-03 20:39:00,679 - utils.logger2026-03-03-20.38.03 - INFO - Cur epoch 8 loss CE:1.9008 mse:0.5532 consistent:0.9892
2026-03-03 20:39:01,288 - utils.logger2026-03-03-20.38.03 - INFO - Cur epoch 8 loss CE:2.0343 mse:0.4678 consistent:1.0500
2026-03-03 20:39:01,843 - utils.logger2026-03-03-20.38.03 - INFO - Cur epoch 8 loss CE:2.3507 mse:0.5253 consistent:0.9189
2026-03-03 20:39:02,201 - utils.logger2026-03-03-20.38.03 - INFO - saving the model at the end of epoch 8, iters 224
2026-03-03 20:39:02,322 - utils.logger2026-03-03-20.38.03 - INFO - End of training epoch 8 / 40 	 Time Taken: 2 sec
2026-03-03 20:39:02,323 - utils.logger2026-03-03-20.38.03 - INFO - learning rate = 0.0002000
2026-03-03 20:39:04,123 - utils.logger2026-03-03-20.38.03 - INFO - Val result of epoch 8 / 40 mae 1.3621 corr 0.4635 f1 0.6121
2026-03-03 20:39:05,869 - utils.logger2026-03-03-20.38.03 - INFO - Tst result of epoch 8 / 40 mae 1.3176 corr 0.3007 f1 0.5772
2026-03-03 20:39:07,307 - utils.logger2026-03-03-20.38.03 - INFO - Cur epoch 9 loss CE:2.2714 mse:0.5766 consistent:0.8750
2026-03-03 20:39:07,920 - utils.logger2026-03-03-20.38.03 - INFO - Cur epoch 9 loss CE:2.1943 mse:0.5016 consistent:0.8257
2026-03-03 20:39:08,481 - utils.logger2026-03-03-20.38.03 - INFO - Cur epoch 9 loss CE:2.8148 mse:0.6382 consistent:0.8932
2026-03-03 20:39:08,739 - utils.logger2026-03-03-20.38.03 - INFO - saving the model at the end of epoch 9, iters 252
2026-03-03 20:39:08,904 - utils.logger2026-03-03-20.38.03 - INFO - End of training epoch 9 / 40 	 Time Taken: 3 sec
2026-03-03 20:39:08,904 - utils.logger2026-03-03-20.38.03 - INFO - learning rate = 0.0002000
2026-03-03 20:39:10,735 - utils.logger2026-03-03-20.38.03 - INFO - Val result of epoch 9 / 40 mae 1.3311 corr 0.4416 f1 0.5942
2026-03-03 20:39:12,536 - utils.logger2026-03-03-20.38.03 - INFO - Tst result of epoch 9 / 40 mae 1.2897 corr 0.3157 f1 0.5812
2026-03-03 20:39:14,005 - utils.logger2026-03-03-20.38.03 - INFO - Cur epoch 10 loss CE:2.6503 mse:0.4859 consistent:0.8343
2026-03-03 20:39:14,558 - utils.logger2026-03-03-20.38.03 - INFO - Cur epoch 10 loss CE:2.2928 mse:0.5126 consistent:0.8407
2026-03-03 20:39:15,097 - utils.logger2026-03-03-20.38.03 - INFO - Cur epoch 10 loss CE:2.0733 mse:0.4945 consistent:0.8242
2026-03-03 20:39:15,246 - utils.logger2026-03-03-20.38.03 - INFO - saving the model at the end of epoch 10, iters 280
2026-03-03 20:39:15,382 - utils.logger2026-03-03-20.38.03 - INFO - End of training epoch 10 / 40 	 Time Taken: 2 sec
2026-03-03 20:39:15,382 - utils.logger2026-03-03-20.38.03 - INFO - learning rate = 0.0002000
2026-03-03 20:39:17,253 - utils.logger2026-03-03-20.38.03 - INFO - Val result of epoch 10 / 40 mae 1.3177 corr 0.4550 f1 0.6046
2026-03-03 20:39:19,133 - utils.logger2026-03-03-20.38.03 - INFO - Tst result of epoch 10 / 40 mae 1.2844 corr 0.3296 f1 0.5835
2026-03-03 20:39:20,758 - utils.logger2026-03-03-20.38.03 - INFO - Cur epoch 11 loss CE:2.1872 mse:0.4979 consistent:0.8398
2026-03-03 20:39:21,332 - utils.logger2026-03-03-20.38.03 - INFO - Cur epoch 11 loss CE:2.0752 mse:0.4796 consistent:0.8264
2026-03-03 20:39:21,949 - utils.logger2026-03-03-20.38.03 - INFO - saving the model at the end of epoch 11, iters 308
2026-03-03 20:39:22,079 - utils.logger2026-03-03-20.38.03 - INFO - End of training epoch 11 / 40 	 Time Taken: 2 sec
2026-03-03 20:39:22,080 - utils.logger2026-03-03-20.38.03 - INFO - learning rate = 0.0002000
2026-03-03 20:39:23,953 - utils.logger2026-03-03-20.38.03 - INFO - Val result of epoch 11 / 40 mae 1.3008 corr 0.4825 f1 0.6070
2026-03-03 20:39:25,791 - utils.logger2026-03-03-20.38.03 - INFO - Tst result of epoch 11 / 40 mae 1.2722 corr 0.3443 f1 0.5915
2026-03-03 20:39:27,009 - utils.logger2026-03-03-20.38.03 - INFO - Cur epoch 12 loss CE:1.7806 mse:0.4499 consistent:0.7599
2026-03-03 20:39:27,652 - utils.logger2026-03-03-20.38.03 - INFO - Cur epoch 12 loss CE:2.0929 mse:0.4408 consistent:0.8413
2026-03-03 20:39:28,221 - utils.logger2026-03-03-20.38.03 - INFO - Cur epoch 12 loss CE:1.7105 mse:0.4474 consistent:0.7656
2026-03-03 20:39:28,737 - utils.logger2026-03-03-20.38.03 - INFO - saving the model at the end of epoch 12, iters 336
2026-03-03 20:39:28,880 - utils.logger2026-03-03-20.38.03 - INFO - End of training epoch 12 / 40 	 Time Taken: 3 sec
2026-03-03 20:39:28,880 - utils.logger2026-03-03-20.38.03 - INFO - learning rate = 0.0002000
2026-03-03 20:39:30,762 - utils.logger2026-03-03-20.38.03 - INFO - Val result of epoch 12 / 40 mae 1.3361 corr 0.4771 f1 0.6002
2026-03-03 20:39:32,569 - utils.logger2026-03-03-20.38.03 - INFO - Tst result of epoch 12 / 40 mae 1.2894 corr 0.3615 f1 0.5852
2026-03-03 20:39:33,934 - utils.logger2026-03-03-20.38.03 - INFO - Cur epoch 13 loss CE:2.2365 mse:0.5173 consistent:0.8158
2026-03-03 20:39:34,575 - utils.logger2026-03-03-20.38.03 - INFO - Cur epoch 13 loss CE:1.5866 mse:0.3743 consistent:0.7753
2026-03-03 20:39:35,184 - utils.logger2026-03-03-20.38.03 - INFO - Cur epoch 13 loss CE:2.0146 mse:0.4801 consistent:0.8417
2026-03-03 20:39:35,598 - utils.logger2026-03-03-20.38.03 - INFO - saving the model at the end of epoch 13, iters 364
2026-03-03 20:39:35,729 - utils.logger2026-03-03-20.38.03 - INFO - End of training epoch 13 / 40 	 Time Taken: 3 sec
2026-03-03 20:39:35,730 - utils.logger2026-03-03-20.38.03 - INFO - learning rate = 0.0002000
2026-03-03 20:39:37,539 - utils.logger2026-03-03-20.38.03 - INFO - Val result of epoch 13 / 40 mae 1.3078 corr 0.4640 f1 0.6034
2026-03-03 20:39:39,325 - utils.logger2026-03-03-20.38.03 - INFO - Tst result of epoch 13 / 40 mae 1.2814 corr 0.3390 f1 0.5876
2026-03-03 20:39:40,745 - utils.logger2026-03-03-20.38.03 - INFO - Cur epoch 14 loss CE:2.0977 mse:0.4458 consistent:0.8338
2026-03-03 20:39:41,360 - utils.logger2026-03-03-20.38.03 - INFO - Cur epoch 14 loss CE:2.1728 mse:0.3838 consistent:0.7409
2026-03-03 20:39:41,973 - utils.logger2026-03-03-20.38.03 - INFO - Cur epoch 14 loss CE:1.9130 mse:0.3342 consistent:0.8133
2026-03-03 20:39:42,244 - utils.logger2026-03-03-20.38.03 - INFO - saving the model at the end of epoch 14, iters 392
2026-03-03 20:39:42,383 - utils.logger2026-03-03-20.38.03 - INFO - End of training epoch 14 / 40 	 Time Taken: 3 sec
2026-03-03 20:39:42,383 - utils.logger2026-03-03-20.38.03 - INFO - learning rate = 0.0002000
2026-03-03 20:39:44,247 - utils.logger2026-03-03-20.38.03 - INFO - Val result of epoch 14 / 40 mae 1.2931 corr 0.4904 f1 0.6040
2026-03-03 20:39:46,122 - utils.logger2026-03-03-20.38.03 - INFO - Tst result of epoch 14 / 40 mae 1.2575 corr 0.3846 f1 0.5797
2026-03-03 20:39:47,691 - utils.logger2026-03-03-20.38.03 - INFO - Cur epoch 15 loss CE:2.1461 mse:0.3778 consistent:0.7645
2026-03-03 20:39:48,317 - utils.logger2026-03-03-20.38.03 - INFO - Cur epoch 15 loss CE:2.0190 mse:0.3835 consistent:0.7176
2026-03-03 20:39:48,883 - utils.logger2026-03-03-20.38.03 - INFO - Cur epoch 15 loss CE:2.2246 mse:0.4252 consistent:0.8008
2026-03-03 20:39:49,023 - utils.logger2026-03-03-20.38.03 - INFO - saving the model at the end of epoch 15, iters 420
2026-03-03 20:39:49,151 - utils.logger2026-03-03-20.38.03 - INFO - End of training epoch 15 / 40 	 Time Taken: 3 sec
2026-03-03 20:39:49,152 - utils.logger2026-03-03-20.38.03 - INFO - learning rate = 0.0002000
2026-03-03 20:39:51,029 - utils.logger2026-03-03-20.38.03 - INFO - Val result of epoch 15 / 40 mae 1.2805 corr 0.4878 f1 0.6007
2026-03-03 20:39:52,834 - utils.logger2026-03-03-20.38.03 - INFO - Tst result of epoch 15 / 40 mae 1.2566 corr 0.3633 f1 0.5919
2026-03-03 20:39:54,445 - utils.logger2026-03-03-20.38.03 - INFO - Cur epoch 16 loss CE:1.9907 mse:0.3361 consistent:0.7700
2026-03-03 20:39:55,021 - utils.logger2026-03-03-20.38.03 - INFO - Cur epoch 16 loss CE:1.6827 mse:0.3618 consistent:0.7369
2026-03-03 20:39:55,648 - utils.logger2026-03-03-20.38.03 - INFO - saving the model at the end of epoch 16, iters 448
2026-03-03 20:39:55,773 - utils.logger2026-03-03-20.38.03 - INFO - End of training epoch 16 / 40 	 Time Taken: 2 sec
2026-03-03 20:39:55,773 - utils.logger2026-03-03-20.38.03 - INFO - learning rate = 0.0002000
2026-03-03 20:39:57,592 - utils.logger2026-03-03-20.38.03 - INFO - Val result of epoch 16 / 40 mae 1.3248 corr 0.4715 f1 0.6013
2026-03-03 20:39:59,419 - utils.logger2026-03-03-20.38.03 - INFO - Tst result of epoch 16 / 40 mae 1.2797 corr 0.3668 f1 0.5812
2026-03-03 20:40:00,590 - utils.logger2026-03-03-20.38.03 - INFO - Cur epoch 17 loss CE:1.8564 mse:0.3326 consistent:0.7253
2026-03-03 20:40:01,188 - utils.logger2026-03-03-20.38.03 - INFO - Cur epoch 17 loss CE:1.6359 mse:0.2744 consistent:0.6884
2026-03-03 20:40:01,737 - utils.logger2026-03-03-20.38.03 - INFO - Cur epoch 17 loss CE:1.8168 mse:0.3160 consistent:0.7682
2026-03-03 20:40:02,247 - utils.logger2026-03-03-20.38.03 - INFO - saving the model at the end of epoch 17, iters 476
2026-03-03 20:40:02,378 - utils.logger2026-03-03-20.38.03 - INFO - End of training epoch 17 / 40 	 Time Taken: 2 sec
2026-03-03 20:40:02,379 - utils.logger2026-03-03-20.38.03 - INFO - learning rate = 0.0002000
2026-03-03 20:40:04,219 - utils.logger2026-03-03-20.38.03 - INFO - Val result of epoch 17 / 40 mae 1.3844 corr 0.4913 f1 0.5878
2026-03-03 20:40:06,020 - utils.logger2026-03-03-20.38.03 - INFO - Tst result of epoch 17 / 40 mae 1.3099 corr 0.4047 f1 0.5875
2026-03-03 20:40:07,310 - utils.logger2026-03-03-20.38.03 - INFO - Cur epoch 18 loss CE:1.6172 mse:0.3213 consistent:0.6924
2026-03-03 20:40:07,860 - utils.logger2026-03-03-20.38.03 - INFO - Cur epoch 18 loss CE:1.9244 mse:0.2808 consistent:0.7013
2026-03-03 20:40:08,371 - utils.logger2026-03-03-20.38.03 - INFO - Cur epoch 18 loss CE:1.7534 mse:0.2582 consistent:0.6212
2026-03-03 20:40:08,709 - utils.logger2026-03-03-20.38.03 - INFO - saving the model at the end of epoch 18, iters 504
2026-03-03 20:40:08,845 - utils.logger2026-03-03-20.38.03 - INFO - End of training epoch 18 / 40 	 Time Taken: 2 sec
2026-03-03 20:40:08,845 - utils.logger2026-03-03-20.38.03 - INFO - learning rate = 0.0002000
2026-03-03 20:40:10,722 - utils.logger2026-03-03-20.38.03 - INFO - Val result of epoch 18 / 40 mae 1.2765 corr 0.4646 f1 0.5915
2026-03-03 20:40:12,549 - utils.logger2026-03-03-20.38.03 - INFO - Tst result of epoch 18 / 40 mae 1.2386 corr 0.3695 f1 0.5800
2026-03-03 20:40:13,954 - utils.logger2026-03-03-20.38.03 - INFO - Cur epoch 19 loss CE:1.9081 mse:0.3728 consistent:0.7661
2026-03-03 20:40:14,592 - utils.logger2026-03-03-20.38.03 - INFO - Cur epoch 19 loss CE:1.9188 mse:0.3005 consistent:0.7915
2026-03-03 20:40:15,229 - utils.logger2026-03-03-20.38.03 - INFO - Cur epoch 19 loss CE:1.6033 mse:0.2615 consistent:0.7257
2026-03-03 20:40:15,491 - utils.logger2026-03-03-20.38.03 - INFO - saving the model at the end of epoch 19, iters 532
2026-03-03 20:40:15,641 - utils.logger2026-03-03-20.38.03 - INFO - End of training epoch 19 / 40 	 Time Taken: 3 sec
2026-03-03 20:40:15,641 - utils.logger2026-03-03-20.38.03 - INFO - learning rate = 0.0002000
2026-03-03 20:40:17,496 - utils.logger2026-03-03-20.38.03 - INFO - Val result of epoch 19 / 40 mae 1.2528 corr 0.4598 f1 0.6333
2026-03-03 20:40:19,367 - utils.logger2026-03-03-20.38.03 - INFO - Tst result of epoch 19 / 40 mae 1.2327 corr 0.3518 f1 0.5776
2026-03-03 20:40:20,953 - utils.logger2026-03-03-20.38.03 - INFO - Cur epoch 20 loss CE:1.4735 mse:0.2247 consistent:0.6900
2026-03-03 20:40:21,568 - utils.logger2026-03-03-20.38.03 - INFO - Cur epoch 20 loss CE:1.4535 mse:0.2264 consistent:0.7123
2026-03-03 20:40:22,158 - utils.logger2026-03-03-20.38.03 - INFO - Cur epoch 20 loss CE:1.7129 mse:0.2668 consistent:0.7855
2026-03-03 20:40:22,306 - utils.logger2026-03-03-20.38.03 - INFO - saving the model at the end of epoch 20, iters 560
2026-03-03 20:40:22,432 - utils.logger2026-03-03-20.38.03 - INFO - End of training epoch 20 / 40 	 Time Taken: 3 sec
2026-03-03 20:40:22,432 - utils.logger2026-03-03-20.38.03 - INFO - learning rate = 0.0001905
2026-03-03 20:40:24,309 - utils.logger2026-03-03-20.38.03 - INFO - Val result of epoch 20 / 40 mae 1.2306 corr 0.4908 f1 0.6566
2026-03-03 20:40:26,179 - utils.logger2026-03-03-20.38.03 - INFO - Tst result of epoch 20 / 40 mae 1.2169 corr 0.3848 f1 0.5878
2026-03-03 20:40:27,874 - utils.logger2026-03-03-20.38.03 - INFO - Cur epoch 21 loss CE:1.8826 mse:0.2449 consistent:0.7239
2026-03-03 20:40:28,537 - utils.logger2026-03-03-20.38.03 - INFO - Cur epoch 21 loss CE:1.5602 mse:0.3003 consistent:0.7166
2026-03-03 20:40:29,174 - utils.logger2026-03-03-20.38.03 - INFO - saving the model at the end of epoch 21, iters 588
2026-03-03 20:40:29,298 - utils.logger2026-03-03-20.38.03 - INFO - End of training epoch 21 / 40 	 Time Taken: 3 sec
2026-03-03 20:40:29,299 - utils.logger2026-03-03-20.38.03 - INFO - learning rate = 0.0001810
2026-03-03 20:40:31,139 - utils.logger2026-03-03-20.38.03 - INFO - Val result of epoch 21 / 40 mae 1.2684 corr 0.4865 f1 0.6047
2026-03-03 20:40:32,996 - utils.logger2026-03-03-20.38.03 - INFO - Tst result of epoch 21 / 40 mae 1.2333 corr 0.4012 f1 0.5804
2026-03-03 20:40:34,210 - utils.logger2026-03-03-20.38.03 - INFO - Cur epoch 22 loss CE:2.2020 mse:0.2629 consistent:0.7442
2026-03-03 20:40:34,809 - utils.logger2026-03-03-20.38.03 - INFO - Cur epoch 22 loss CE:1.3033 mse:0.2213 consistent:0.6838
2026-03-03 20:40:35,414 - utils.logger2026-03-03-20.38.03 - INFO - Cur epoch 22 loss CE:1.1907 mse:0.2051 consistent:0.7666
2026-03-03 20:40:35,950 - utils.logger2026-03-03-20.38.03 - INFO - saving the model at the end of epoch 22, iters 616
2026-03-03 20:40:36,080 - utils.logger2026-03-03-20.38.03 - INFO - End of training epoch 22 / 40 	 Time Taken: 3 sec
2026-03-03 20:40:36,080 - utils.logger2026-03-03-20.38.03 - INFO - learning rate = 0.0001714
2026-03-03 20:40:37,943 - utils.logger2026-03-03-20.38.03 - INFO - Val result of epoch 22 / 40 mae 1.3569 corr 0.4852 f1 0.5895
2026-03-03 20:40:39,757 - utils.logger2026-03-03-20.38.03 - INFO - Tst result of epoch 22 / 40 mae 1.2802 corr 0.4202 f1 0.5899
2026-03-03 20:40:41,076 - utils.logger2026-03-03-20.38.03 - INFO - Cur epoch 23 loss CE:1.7819 mse:0.2582 consistent:0.7452
2026-03-03 20:40:41,576 - utils.logger2026-03-03-20.38.03 - INFO - Cur epoch 23 loss CE:1.5226 mse:0.2453 consistent:0.6700
2026-03-03 20:40:42,139 - utils.logger2026-03-03-20.38.03 - INFO - Cur epoch 23 loss CE:1.5752 mse:0.2277 consistent:0.7309
2026-03-03 20:40:42,510 - utils.logger2026-03-03-20.38.03 - INFO - saving the model at the end of epoch 23, iters 644
2026-03-03 20:40:42,632 - utils.logger2026-03-03-20.38.03 - INFO - End of training epoch 23 / 40 	 Time Taken: 2 sec
2026-03-03 20:40:42,632 - utils.logger2026-03-03-20.38.03 - INFO - learning rate = 0.0001619
2026-03-03 20:40:44,397 - utils.logger2026-03-03-20.38.03 - INFO - Val result of epoch 23 / 40 mae 1.2411 corr 0.4849 f1 0.6090
2026-03-03 20:40:46,140 - utils.logger2026-03-03-20.38.03 - INFO - Tst result of epoch 23 / 40 mae 1.2293 corr 0.3710 f1 0.5708
2026-03-03 20:40:47,575 - utils.logger2026-03-03-20.38.03 - INFO - Cur epoch 24 loss CE:1.3964 mse:0.2296 consistent:0.7481
2026-03-03 20:40:48,100 - utils.logger2026-03-03-20.38.03 - INFO - Cur epoch 24 loss CE:1.8976 mse:0.2090 consistent:0.7861
2026-03-03 20:40:48,634 - utils.logger2026-03-03-20.38.03 - INFO - Cur epoch 24 loss CE:1.5825 mse:0.2081 consistent:0.6538
2026-03-03 20:40:48,897 - utils.logger2026-03-03-20.38.03 - INFO - saving the model at the end of epoch 24, iters 672
2026-03-03 20:40:49,031 - utils.logger2026-03-03-20.38.03 - INFO - End of training epoch 24 / 40 	 Time Taken: 2 sec
2026-03-03 20:40:49,032 - utils.logger2026-03-03-20.38.03 - INFO - learning rate = 0.0001524
2026-03-03 20:40:50,825 - utils.logger2026-03-03-20.38.03 - INFO - Val result of epoch 24 / 40 mae 1.2547 corr 0.4911 f1 0.6060
2026-03-03 20:40:52,646 - utils.logger2026-03-03-20.38.03 - INFO - Tst result of epoch 24 / 40 mae 1.2418 corr 0.3748 f1 0.5695
2026-03-03 20:40:54,217 - utils.logger2026-03-03-20.38.03 - INFO - Cur epoch 25 loss CE:2.0727 mse:0.2415 consistent:0.6856
2026-03-03 20:40:54,720 - utils.logger2026-03-03-20.38.03 - INFO - Cur epoch 25 loss CE:1.3691 mse:0.2039 consistent:0.6864
2026-03-03 20:40:55,333 - utils.logger2026-03-03-20.38.03 - INFO - Cur epoch 25 loss CE:1.1969 mse:0.2171 consistent:0.6992
2026-03-03 20:40:55,485 - utils.logger2026-03-03-20.38.03 - INFO - saving the model at the end of epoch 25, iters 700
2026-03-03 20:40:55,608 - utils.logger2026-03-03-20.38.03 - INFO - End of training epoch 25 / 40 	 Time Taken: 2 sec
2026-03-03 20:40:55,609 - utils.logger2026-03-03-20.38.03 - INFO - learning rate = 0.0001429
2026-03-03 20:40:57,444 - utils.logger2026-03-03-20.38.03 - INFO - Val result of epoch 25 / 40 mae 1.2793 corr 0.4796 f1 0.6086
2026-03-03 20:40:59,309 - utils.logger2026-03-03-20.38.03 - INFO - Tst result of epoch 25 / 40 mae 1.2571 corr 0.3694 f1 0.5809
2026-03-03 20:41:00,941 - utils.logger2026-03-03-20.38.03 - INFO - Cur epoch 26 loss CE:1.5387 mse:0.2244 consistent:0.7016
2026-03-03 20:41:01,473 - utils.logger2026-03-03-20.38.03 - INFO - Cur epoch 26 loss CE:1.7854 mse:0.2359 consistent:0.6728
2026-03-03 20:41:02,050 - utils.logger2026-03-03-20.38.03 - INFO - saving the model at the end of epoch 26, iters 728
2026-03-03 20:41:02,179 - utils.logger2026-03-03-20.38.03 - INFO - End of training epoch 26 / 40 	 Time Taken: 2 sec
2026-03-03 20:41:02,179 - utils.logger2026-03-03-20.38.03 - INFO - learning rate = 0.0001333
2026-03-03 20:41:04,010 - utils.logger2026-03-03-20.38.03 - INFO - Val result of epoch 26 / 40 mae 1.2357 corr 0.4883 f1 0.6142
2026-03-03 20:41:05,826 - utils.logger2026-03-03-20.38.03 - INFO - Tst result of epoch 26 / 40 mae 1.2217 corr 0.3875 f1 0.5852
2026-03-03 20:41:06,994 - utils.logger2026-03-03-20.38.03 - INFO - Cur epoch 27 loss CE:1.0608 mse:0.1481 consistent:0.6344
2026-03-03 20:41:07,540 - utils.logger2026-03-03-20.38.03 - INFO - Cur epoch 27 loss CE:1.3507 mse:0.1873 consistent:0.7012
2026-03-03 20:41:08,154 - utils.logger2026-03-03-20.38.03 - INFO - Cur epoch 27 loss CE:1.4344 mse:0.1856 consistent:0.7129
2026-03-03 20:41:08,694 - utils.logger2026-03-03-20.38.03 - INFO - saving the model at the end of epoch 27, iters 756
2026-03-03 20:41:08,832 - utils.logger2026-03-03-20.38.03 - INFO - End of training epoch 27 / 40 	 Time Taken: 3 sec
2026-03-03 20:41:08,833 - utils.logger2026-03-03-20.38.03 - INFO - learning rate = 0.0001238
2026-03-03 20:41:10,629 - utils.logger2026-03-03-20.38.03 - INFO - Val result of epoch 27 / 40 mae 1.2865 corr 0.4983 f1 0.6032
2026-03-03 20:41:12,507 - utils.logger2026-03-03-20.38.03 - INFO - Tst result of epoch 27 / 40 mae 1.2468 corr 0.4094 f1 0.5940
2026-03-03 20:41:13,817 - utils.logger2026-03-03-20.38.03 - INFO - Cur epoch 28 loss CE:1.3324 mse:0.2068 consistent:0.6679
2026-03-03 20:41:14,344 - utils.logger2026-03-03-20.38.03 - INFO - Cur epoch 28 loss CE:1.3561 mse:0.2039 consistent:0.7040
2026-03-03 20:41:14,913 - utils.logger2026-03-03-20.38.03 - INFO - Cur epoch 28 loss CE:1.5651 mse:0.1817 consistent:0.6314
2026-03-03 20:41:15,307 - utils.logger2026-03-03-20.38.03 - INFO - saving the model at the end of epoch 28, iters 784
2026-03-03 20:41:15,434 - utils.logger2026-03-03-20.38.03 - INFO - End of training epoch 28 / 40 	 Time Taken: 2 sec
2026-03-03 20:41:15,434 - utils.logger2026-03-03-20.38.03 - INFO - learning rate = 0.0001143
2026-03-03 20:41:17,239 - utils.logger2026-03-03-20.38.03 - INFO - Val result of epoch 28 / 40 mae 1.2772 corr 0.4927 f1 0.6008
2026-03-03 20:41:19,064 - utils.logger2026-03-03-20.38.03 - INFO - Tst result of epoch 28 / 40 mae 1.2487 corr 0.3867 f1 0.5832
2026-03-03 20:41:20,534 - utils.logger2026-03-03-20.38.03 - INFO - Cur epoch 29 loss CE:1.4921 mse:0.2209 consistent:0.7209
2026-03-03 20:41:21,143 - utils.logger2026-03-03-20.38.03 - INFO - Cur epoch 29 loss CE:1.4811 mse:0.1744 consistent:0.7263
2026-03-03 20:41:21,725 - utils.logger2026-03-03-20.38.03 - INFO - Cur epoch 29 loss CE:1.7927 mse:0.2219 consistent:0.6411
2026-03-03 20:41:21,995 - utils.logger2026-03-03-20.38.03 - INFO - saving the model at the end of epoch 29, iters 812
2026-03-03 20:41:22,122 - utils.logger2026-03-03-20.38.03 - INFO - End of training epoch 29 / 40 	 Time Taken: 3 sec
2026-03-03 20:41:22,122 - utils.logger2026-03-03-20.38.03 - INFO - learning rate = 0.0001048
2026-03-03 20:41:24,054 - utils.logger2026-03-03-20.38.03 - INFO - Val result of epoch 29 / 40 mae 1.2446 corr 0.4820 f1 0.6200
2026-03-03 20:41:25,919 - utils.logger2026-03-03-20.38.03 - INFO - Tst result of epoch 29 / 40 mae 1.2238 corr 0.3790 f1 0.5802
2026-03-03 20:41:27,606 - utils.logger2026-03-03-20.38.03 - INFO - Cur epoch 30 loss CE:1.6641 mse:0.2135 consistent:0.7096
2026-03-03 20:41:28,244 - utils.logger2026-03-03-20.38.03 - INFO - Cur epoch 30 loss CE:1.3846 mse:0.1792 consistent:0.6787
2026-03-03 20:41:28,919 - utils.logger2026-03-03-20.38.03 - INFO - Cur epoch 30 loss CE:1.3980 mse:0.2155 consistent:0.7344
2026-03-03 20:41:29,085 - utils.logger2026-03-03-20.38.03 - INFO - saving the model at the end of epoch 30, iters 840
2026-03-03 20:41:29,252 - utils.logger2026-03-03-20.38.03 - INFO - End of training epoch 30 / 40 	 Time Taken: 3 sec
2026-03-03 20:41:29,253 - utils.logger2026-03-03-20.38.03 - INFO - learning rate = 0.0000952
2026-03-03 20:41:31,134 - utils.logger2026-03-03-20.38.03 - INFO - Val result of epoch 30 / 40 mae 1.2801 corr 0.4763 f1 0.6059
2026-03-03 20:41:33,009 - utils.logger2026-03-03-20.38.03 - INFO - Tst result of epoch 30 / 40 mae 1.2343 corr 0.3978 f1 0.5868
2026-03-03 20:41:34,663 - utils.logger2026-03-03-20.38.03 - INFO - Cur epoch 31 loss CE:1.5195 mse:0.1794 consistent:0.6640
2026-03-03 20:41:35,247 - utils.logger2026-03-03-20.38.03 - INFO - Cur epoch 31 loss CE:1.4363 mse:0.2087 consistent:0.6537
2026-03-03 20:41:35,810 - utils.logger2026-03-03-20.38.03 - INFO - saving the model at the end of epoch 31, iters 868
2026-03-03 20:41:35,938 - utils.logger2026-03-03-20.38.03 - INFO - End of training epoch 31 / 40 	 Time Taken: 2 sec
2026-03-03 20:41:35,938 - utils.logger2026-03-03-20.38.03 - INFO - learning rate = 0.0000857
2026-03-03 20:41:37,806 - utils.logger2026-03-03-20.38.03 - INFO - Val result of epoch 31 / 40 mae 1.2664 corr 0.4638 f1 0.6031
2026-03-03 20:41:39,674 - utils.logger2026-03-03-20.38.03 - INFO - Tst result of epoch 31 / 40 mae 1.2407 corr 0.3658 f1 0.5782
2026-03-03 20:41:40,896 - utils.logger2026-03-03-20.38.03 - INFO - Cur epoch 32 loss CE:1.4251 mse:0.1967 consistent:0.6628
2026-03-03 20:41:41,512 - utils.logger2026-03-03-20.38.03 - INFO - Cur epoch 32 loss CE:1.6949 mse:0.1802 consistent:0.6621
2026-03-03 20:41:42,082 - utils.logger2026-03-03-20.38.03 - INFO - Cur epoch 32 loss CE:1.3188 mse:0.2223 consistent:0.6802
2026-03-03 20:41:42,541 - utils.logger2026-03-03-20.38.03 - INFO - saving the model at the end of epoch 32, iters 896
2026-03-03 20:41:42,664 - utils.logger2026-03-03-20.38.03 - INFO - End of training epoch 32 / 40 	 Time Taken: 2 sec
2026-03-03 20:41:42,664 - utils.logger2026-03-03-20.38.03 - INFO - learning rate = 0.0000762
2026-03-03 20:41:44,525 - utils.logger2026-03-03-20.38.03 - INFO - Val result of epoch 32 / 40 mae 1.2633 corr 0.4958 f1 0.6362
2026-03-03 20:41:46,404 - utils.logger2026-03-03-20.38.03 - INFO - Tst result of epoch 32 / 40 mae 1.2302 corr 0.3970 f1 0.5911
2026-03-03 20:41:47,669 - utils.logger2026-03-03-20.38.03 - INFO - Cur epoch 33 loss CE:1.3991 mse:0.2098 consistent:0.6549
2026-03-03 20:41:48,236 - utils.logger2026-03-03-20.38.03 - INFO - Cur epoch 33 loss CE:0.8421 mse:0.1723 consistent:0.6855
2026-03-03 20:41:48,781 - utils.logger2026-03-03-20.38.03 - INFO - Cur epoch 33 loss CE:1.1270 mse:0.2028 consistent:0.6581
2026-03-03 20:41:49,153 - utils.logger2026-03-03-20.38.03 - INFO - saving the model at the end of epoch 33, iters 924
2026-03-03 20:41:49,297 - utils.logger2026-03-03-20.38.03 - INFO - End of training epoch 33 / 40 	 Time Taken: 2 sec
2026-03-03 20:41:49,297 - utils.logger2026-03-03-20.38.03 - INFO - learning rate = 0.0000667
2026-03-03 20:41:51,153 - utils.logger2026-03-03-20.38.03 - INFO - Val result of epoch 33 / 40 mae 1.2716 corr 0.4996 f1 0.6314
2026-03-03 20:41:53,028 - utils.logger2026-03-03-20.38.03 - INFO - Tst result of epoch 33 / 40 mae 1.2388 corr 0.3902 f1 0.5916
2026-03-03 20:41:54,445 - utils.logger2026-03-03-20.38.03 - INFO - Cur epoch 34 loss CE:1.4361 mse:0.1830 consistent:0.7063
2026-03-03 20:41:55,025 - utils.logger2026-03-03-20.38.03 - INFO - Cur epoch 34 loss CE:1.4693 mse:0.2046 consistent:0.6679
2026-03-03 20:41:55,552 - utils.logger2026-03-03-20.38.03 - INFO - Cur epoch 34 loss CE:1.3417 mse:0.1692 consistent:0.6394
2026-03-03 20:41:55,802 - utils.logger2026-03-03-20.38.03 - INFO - saving the model at the end of epoch 34, iters 952
2026-03-03 20:41:55,927 - utils.logger2026-03-03-20.38.03 - INFO - End of training epoch 34 / 40 	 Time Taken: 2 sec
2026-03-03 20:41:55,927 - utils.logger2026-03-03-20.38.03 - INFO - learning rate = 0.0000571
2026-03-03 20:41:57,795 - utils.logger2026-03-03-20.38.03 - INFO - Val result of epoch 34 / 40 mae 1.2398 corr 0.5057 f1 0.6547
2026-03-03 20:41:59,648 - utils.logger2026-03-03-20.38.03 - INFO - Tst result of epoch 34 / 40 mae 1.2288 corr 0.3733 f1 0.5935
2026-03-03 20:42:01,277 - utils.logger2026-03-03-20.38.03 - INFO - Cur epoch 35 loss CE:1.5333 mse:0.1847 consistent:0.6765
2026-03-03 20:42:01,799 - utils.logger2026-03-03-20.38.03 - INFO - Cur epoch 35 loss CE:1.4653 mse:0.1818 consistent:0.6763
2026-03-03 20:42:02,337 - utils.logger2026-03-03-20.38.03 - INFO - Cur epoch 35 loss CE:0.9186 mse:0.1468 consistent:0.6798
2026-03-03 20:42:02,499 - utils.logger2026-03-03-20.38.03 - INFO - saving the model at the end of epoch 35, iters 980
2026-03-03 20:42:02,632 - utils.logger2026-03-03-20.38.03 - INFO - End of training epoch 35 / 40 	 Time Taken: 2 sec
2026-03-03 20:42:02,632 - utils.logger2026-03-03-20.38.03 - INFO - learning rate = 0.0000476
2026-03-03 20:42:04,533 - utils.logger2026-03-03-20.38.03 - INFO - Val result of epoch 35 / 40 mae 1.2721 corr 0.4979 f1 0.6269
2026-03-03 20:42:06,402 - utils.logger2026-03-03-20.38.03 - INFO - Tst result of epoch 35 / 40 mae 1.2479 corr 0.3717 f1 0.5895
2026-03-03 20:42:08,156 - utils.logger2026-03-03-20.38.03 - INFO - Cur epoch 36 loss CE:1.0707 mse:0.1901 consistent:0.6232
2026-03-03 20:42:08,729 - utils.logger2026-03-03-20.38.03 - INFO - Cur epoch 36 loss CE:1.0964 mse:0.1786 consistent:0.6529
2026-03-03 20:42:09,335 - utils.logger2026-03-03-20.38.03 - INFO - saving the model at the end of epoch 36, iters 1008
2026-03-03 20:42:09,489 - utils.logger2026-03-03-20.38.03 - INFO - End of training epoch 36 / 40 	 Time Taken: 3 sec
2026-03-03 20:42:09,489 - utils.logger2026-03-03-20.38.03 - INFO - learning rate = 0.0000381
2026-03-03 20:42:11,391 - utils.logger2026-03-03-20.38.03 - INFO - Val result of epoch 36 / 40 mae 1.2358 corr 0.5033 f1 0.6549
2026-03-03 20:42:13,207 - utils.logger2026-03-03-20.38.03 - INFO - Tst result of epoch 36 / 40 mae 1.2278 corr 0.3687 f1 0.6026
2026-03-03 20:42:14,472 - utils.logger2026-03-03-20.38.03 - INFO - Cur epoch 37 loss CE:1.3695 mse:0.1806 consistent:0.6932
2026-03-03 20:42:15,026 - utils.logger2026-03-03-20.38.03 - INFO - Cur epoch 37 loss CE:1.4734 mse:0.1835 consistent:0.6351
2026-03-03 20:42:15,547 - utils.logger2026-03-03-20.38.03 - INFO - Cur epoch 37 loss CE:1.1425 mse:0.1517 consistent:0.6709
2026-03-03 20:42:16,018 - utils.logger2026-03-03-20.38.03 - INFO - saving the model at the end of epoch 37, iters 1036
2026-03-03 20:42:16,143 - utils.logger2026-03-03-20.38.03 - INFO - End of training epoch 37 / 40 	 Time Taken: 2 sec
2026-03-03 20:42:16,144 - utils.logger2026-03-03-20.38.03 - INFO - learning rate = 0.0000286
2026-03-03 20:42:17,993 - utils.logger2026-03-03-20.38.03 - INFO - Val result of epoch 37 / 40 mae 1.2526 corr 0.4983 f1 0.6508
2026-03-03 20:42:19,836 - utils.logger2026-03-03-20.38.03 - INFO - Tst result of epoch 37 / 40 mae 1.2305 corr 0.3767 f1 0.5943
2026-03-03 20:42:21,193 - utils.logger2026-03-03-20.38.03 - INFO - Cur epoch 38 loss CE:1.0616 mse:0.1670 consistent:0.6475
2026-03-03 20:42:21,758 - utils.logger2026-03-03-20.38.03 - INFO - Cur epoch 38 loss CE:1.3783 mse:0.2089 consistent:0.7015
2026-03-03 20:42:22,309 - utils.logger2026-03-03-20.38.03 - INFO - Cur epoch 38 loss CE:1.0846 mse:0.1871 consistent:0.6718
2026-03-03 20:42:22,707 - utils.logger2026-03-03-20.38.03 - INFO - saving the model at the end of epoch 38, iters 1064
2026-03-03 20:42:22,836 - utils.logger2026-03-03-20.38.03 - INFO - End of training epoch 38 / 40 	 Time Taken: 2 sec
2026-03-03 20:42:22,836 - utils.logger2026-03-03-20.38.03 - INFO - learning rate = 0.0000190
2026-03-03 20:42:24,717 - utils.logger2026-03-03-20.38.03 - INFO - Val result of epoch 38 / 40 mae 1.2501 corr 0.5006 f1 0.6453
2026-03-03 20:42:26,569 - utils.logger2026-03-03-20.38.03 - INFO - Tst result of epoch 38 / 40 mae 1.2326 corr 0.3743 f1 0.5925
2026-03-03 20:42:28,020 - utils.logger2026-03-03-20.38.03 - INFO - Cur epoch 39 loss CE:1.1236 mse:0.1945 consistent:0.6928
2026-03-03 20:42:28,547 - utils.logger2026-03-03-20.38.03 - INFO - Cur epoch 39 loss CE:1.6679 mse:0.1820 consistent:0.6354
2026-03-03 20:42:29,091 - utils.logger2026-03-03-20.38.03 - INFO - Cur epoch 39 loss CE:1.2405 mse:0.2084 consistent:0.6346
2026-03-03 20:42:29,347 - utils.logger2026-03-03-20.38.03 - INFO - saving the model at the end of epoch 39, iters 1092
2026-03-03 20:42:29,471 - utils.logger2026-03-03-20.38.03 - INFO - End of training epoch 39 / 40 	 Time Taken: 2 sec
2026-03-03 20:42:29,471 - utils.logger2026-03-03-20.38.03 - INFO - learning rate = 0.0000095
2026-03-03 20:42:31,363 - utils.logger2026-03-03-20.38.03 - INFO - Val result of epoch 39 / 40 mae 1.2518 corr 0.5021 f1 0.6440
2026-03-03 20:42:33,231 - utils.logger2026-03-03-20.38.03 - INFO - Tst result of epoch 39 / 40 mae 1.2346 corr 0.3723 f1 0.5930
2026-03-03 20:42:34,740 - utils.logger2026-03-03-20.38.03 - INFO - Cur epoch 40 loss CE:1.1078 mse:0.1976 consistent:0.6150
2026-03-03 20:42:35,263 - utils.logger2026-03-03-20.38.03 - INFO - Cur epoch 40 loss CE:1.5689 mse:0.1946 consistent:0.6969
2026-03-03 20:42:35,803 - utils.logger2026-03-03-20.38.03 - INFO - Cur epoch 40 loss CE:1.1644 mse:0.1615 consistent:0.6202
2026-03-03 20:42:35,950 - utils.logger2026-03-03-20.38.03 - INFO - saving the model at the end of epoch 40, iters 1120
2026-03-03 20:42:36,074 - utils.logger2026-03-03-20.38.03 - INFO - End of training epoch 40 / 40 	 Time Taken: 2 sec
2026-03-03 20:42:36,075 - utils.logger2026-03-03-20.38.03 - INFO - learning rate = 0.0000000
2026-03-03 20:42:37,933 - utils.logger2026-03-03-20.38.03 - INFO - Val result of epoch 40 / 40 mae 1.2448 corr 0.4999 f1 0.6495
2026-03-03 20:42:39,822 - utils.logger2026-03-03-20.38.03 - INFO - Tst result of epoch 40 / 40 mae 1.2341 corr 0.3651 f1 0.5952
2026-03-03 20:42:39,823 - utils.logger2026-03-03-20.38.03 - INFO - Best eval epoch 20 found with MAE 1.216905
2026-03-03 20:42:39,823 - utils.logger2026-03-03-20.38.03 - INFO - Loading best model found on val set: epoch-20
2026-03-03 20:42:43,625 - utils.logger2026-03-03-20.38.03 - INFO - Tst result mae 1.2169 corr 0.3848 f1 0.5878
