2025-12-23 17:18:16,584 - utils.logger2025-12-23-17.18.16 - INFO - The number of testing samples = 203
2025-12-23 17:18:16,584 - utils.logger2025-12-23-17.18.16 - INFO - The number of training samples = 3382
2025-12-23 17:18:18,678 - utils.logger2025-12-23-17.18.16 - INFO - Cur epoch 1 loss CE:1.3829 mse:0.0000 consistent:0.0000
2025-12-23 17:18:19,560 - utils.logger2025-12-23-17.18.16 - INFO - Cur epoch 1 loss CE:1.1304 mse:0.0000 consistent:0.0000
2025-12-23 17:18:20,349 - utils.logger2025-12-23-17.18.16 - INFO - Cur epoch 1 loss CE:1.2547 mse:0.0000 consistent:0.0000
2025-12-23 17:18:21,271 - utils.logger2025-12-23-17.18.16 - INFO - Cur epoch 1 loss CE:1.0435 mse:0.0000 consistent:0.0000
2025-12-23 17:18:22,236 - utils.logger2025-12-23-17.18.16 - INFO - Cur epoch 1 loss CE:0.9172 mse:0.0000 consistent:0.0000
2025-12-23 17:18:23,212 - utils.logger2025-12-23-17.18.16 - INFO - Cur epoch 1 loss CE:1.7815 mse:0.0000 consistent:0.0000
2025-12-23 17:18:24,006 - utils.logger2025-12-23-17.18.16 - INFO - Cur epoch 1 loss CE:0.9732 mse:0.0000 consistent:0.0000
2025-12-23 17:18:24,673 - utils.logger2025-12-23-17.18.16 - INFO - Cur epoch 1 loss CE:0.4953 mse:0.0000 consistent:0.0000
2025-12-23 17:18:25,345 - utils.logger2025-12-23-17.18.16 - INFO - Cur epoch 1 loss CE:0.3602 mse:0.0000 consistent:0.0000
2025-12-23 17:18:26,006 - utils.logger2025-12-23-17.18.16 - INFO - Cur epoch 1 loss CE:0.4063 mse:0.0000 consistent:0.0000
2025-12-23 17:18:26,420 - utils.logger2025-12-23-17.18.16 - INFO - saving the model at the end of epoch 1, iters 106
2025-12-23 17:18:26,525 - utils.logger2025-12-23-17.18.16 - INFO - End of training epoch 1 / 40 	 Time Taken: 9 sec
2025-12-23 17:18:26,525 - utils.logger2025-12-23-17.18.16 - INFO - learning rate = 0.0002000
2025-12-23 17:18:26,789 - utils.logger2025-12-23-17.18.16 - INFO - Val result of epoch 1 / 40 acc 0.6239 uar 0.6403 f1 0.5983
2025-12-23 17:18:27,011 - utils.logger2025-12-23-17.18.16 - INFO - Tst result of epoch 1 / 40 acc 0.5764 uar 0.6342 f1 0.5857
2025-12-23 17:18:27,259 - utils.logger2025-12-23-17.18.16 - INFO - Cur epoch 2 loss CE:0.6356 mse:0.0000 consistent:0.0000
2025-12-23 17:18:28,026 - utils.logger2025-12-23-17.18.16 - INFO - Cur epoch 2 loss CE:0.4935 mse:0.0000 consistent:0.0000
2025-12-23 17:18:28,695 - utils.logger2025-12-23-17.18.16 - INFO - Cur epoch 2 loss CE:0.9119 mse:0.0000 consistent:0.0000
2025-12-23 17:18:29,364 - utils.logger2025-12-23-17.18.16 - INFO - Cur epoch 2 loss CE:0.3141 mse:0.0000 consistent:0.0000
2025-12-23 17:18:30,028 - utils.logger2025-12-23-17.18.16 - INFO - Cur epoch 2 loss CE:7.3673 mse:0.0000 consistent:0.0000
2025-12-23 17:18:30,688 - utils.logger2025-12-23-17.18.16 - INFO - Cur epoch 2 loss CE:0.2064 mse:0.0000 consistent:0.0000
2025-12-23 17:18:31,420 - utils.logger2025-12-23-17.18.16 - INFO - Cur epoch 2 loss CE:0.2959 mse:0.0000 consistent:0.0000
2025-12-23 17:18:32,146 - utils.logger2025-12-23-17.18.16 - INFO - Cur epoch 2 loss CE:0.4681 mse:0.0000 consistent:0.0000
2025-12-23 17:18:32,916 - utils.logger2025-12-23-17.18.16 - INFO - Cur epoch 2 loss CE:0.3956 mse:0.0000 consistent:0.0000
2025-12-23 17:18:33,686 - utils.logger2025-12-23-17.18.16 - INFO - Cur epoch 2 loss CE:0.2337 mse:0.0000 consistent:0.0000
2025-12-23 17:18:34,453 - utils.logger2025-12-23-17.18.16 - INFO - Cur epoch 2 loss CE:0.4118 mse:0.0000 consistent:0.0000
2025-12-23 17:18:34,597 - utils.logger2025-12-23-17.18.16 - INFO - saving the model at the end of epoch 2, iters 212
2025-12-23 17:18:34,715 - utils.logger2025-12-23-17.18.16 - INFO - End of training epoch 2 / 40 	 Time Taken: 7 sec
2025-12-23 17:18:34,716 - utils.logger2025-12-23-17.18.16 - INFO - learning rate = 0.0002000
2025-12-23 17:18:35,026 - utils.logger2025-12-23-17.18.16 - INFO - Val result of epoch 2 / 40 acc 0.7564 uar 0.7423 f1 0.7412
2025-12-23 17:18:35,301 - utils.logger2025-12-23-17.18.16 - INFO - Tst result of epoch 2 / 40 acc 0.6256 uar 0.6418 f1 0.6141
2025-12-23 17:18:35,878 - utils.logger2025-12-23-17.18.16 - INFO - Cur epoch 3 loss CE:0.1989 mse:0.0000 consistent:0.0000
2025-12-23 17:18:36,600 - utils.logger2025-12-23-17.18.16 - INFO - Cur epoch 3 loss CE:0.1095 mse:0.0000 consistent:0.0000
2025-12-23 17:18:37,327 - utils.logger2025-12-23-17.18.16 - INFO - Cur epoch 3 loss CE:0.0472 mse:0.0000 consistent:0.0000
2025-12-23 17:18:38,166 - utils.logger2025-12-23-17.18.16 - INFO - Cur epoch 3 loss CE:0.0832 mse:0.0000 consistent:0.0000
2025-12-23 17:18:39,145 - utils.logger2025-12-23-17.18.16 - INFO - Cur epoch 3 loss CE:0.3348 mse:0.0000 consistent:0.0000
2025-12-23 17:18:40,123 - utils.logger2025-12-23-17.18.16 - INFO - Cur epoch 3 loss CE:0.2396 mse:0.0000 consistent:0.0000
2025-12-23 17:18:41,132 - utils.logger2025-12-23-17.18.16 - INFO - Cur epoch 3 loss CE:0.3874 mse:0.0000 consistent:0.0000
2025-12-23 17:18:42,183 - utils.logger2025-12-23-17.18.16 - INFO - Cur epoch 3 loss CE:0.1057 mse:0.0000 consistent:0.0000
2025-12-23 17:18:43,129 - utils.logger2025-12-23-17.18.16 - INFO - Cur epoch 3 loss CE:0.1253 mse:0.0000 consistent:0.0000
2025-12-23 17:18:44,097 - utils.logger2025-12-23-17.18.16 - INFO - Cur epoch 3 loss CE:0.2745 mse:0.0000 consistent:0.0000
2025-12-23 17:18:44,843 - utils.logger2025-12-23-17.18.16 - INFO - saving the model at the end of epoch 3, iters 318
2025-12-23 17:18:45,012 - utils.logger2025-12-23-17.18.16 - INFO - End of training epoch 3 / 40 	 Time Taken: 9 sec
2025-12-23 17:18:45,013 - utils.logger2025-12-23-17.18.16 - INFO - learning rate = 0.0002000
2025-12-23 17:18:45,416 - utils.logger2025-12-23-17.18.16 - INFO - Val result of epoch 3 / 40 acc 0.7350 uar 0.6907 f1 0.7092
2025-12-23 17:18:45,758 - utils.logger2025-12-23-17.18.16 - INFO - Tst result of epoch 3 / 40 acc 0.6749 uar 0.6578 f1 0.6630
2025-12-23 17:18:45,938 - utils.logger2025-12-23-17.18.16 - INFO - Cur epoch 4 loss CE:0.5709 mse:0.0000 consistent:0.0000
2025-12-23 17:18:46,821 - utils.logger2025-12-23-17.18.16 - INFO - Cur epoch 4 loss CE:0.0749 mse:0.0000 consistent:0.0000
2025-12-23 17:18:47,678 - utils.logger2025-12-23-17.18.16 - INFO - Cur epoch 4 loss CE:0.0094 mse:0.0000 consistent:0.0000
2025-12-23 17:18:48,674 - utils.logger2025-12-23-17.18.16 - INFO - Cur epoch 4 loss CE:0.0058 mse:0.0000 consistent:0.0000
2025-12-23 17:18:49,629 - utils.logger2025-12-23-17.18.16 - INFO - Cur epoch 4 loss CE:0.1296 mse:0.0000 consistent:0.0000
2025-12-23 17:18:50,546 - utils.logger2025-12-23-17.18.16 - INFO - Cur epoch 4 loss CE:0.1008 mse:0.0000 consistent:0.0000
2025-12-23 17:18:51,484 - utils.logger2025-12-23-17.18.16 - INFO - Cur epoch 4 loss CE:0.0831 mse:0.0000 consistent:0.0000
2025-12-23 17:18:52,365 - utils.logger2025-12-23-17.18.16 - INFO - Cur epoch 4 loss CE:0.0230 mse:0.0000 consistent:0.0000
2025-12-23 17:18:53,174 - utils.logger2025-12-23-17.18.16 - INFO - Cur epoch 4 loss CE:0.0661 mse:0.0000 consistent:0.0000
2025-12-23 17:18:53,940 - utils.logger2025-12-23-17.18.16 - INFO - Cur epoch 4 loss CE:0.2902 mse:0.0000 consistent:0.0000
2025-12-23 17:18:54,655 - utils.logger2025-12-23-17.18.16 - INFO - Cur epoch 4 loss CE:0.2576 mse:0.0000 consistent:0.0000
2025-12-23 17:18:54,923 - utils.logger2025-12-23-17.18.16 - INFO - saving the model at the end of epoch 4, iters 424
2025-12-23 17:18:55,070 - utils.logger2025-12-23-17.18.16 - INFO - End of training epoch 4 / 40 	 Time Taken: 9 sec
2025-12-23 17:18:55,070 - utils.logger2025-12-23-17.18.16 - INFO - learning rate = 0.0002000
2025-12-23 17:18:55,404 - utils.logger2025-12-23-17.18.16 - INFO - Val result of epoch 4 / 40 acc 0.6966 uar 0.6294 f1 0.6580
2025-12-23 17:18:55,677 - utils.logger2025-12-23-17.18.16 - INFO - Tst result of epoch 4 / 40 acc 0.6847 uar 0.6288 f1 0.6589
2025-12-23 17:18:56,230 - utils.logger2025-12-23-17.18.16 - INFO - Cur epoch 5 loss CE:0.2701 mse:0.0000 consistent:0.0000
2025-12-23 17:18:57,169 - utils.logger2025-12-23-17.18.16 - INFO - Cur epoch 5 loss CE:0.0684 mse:0.0000 consistent:0.0000
2025-12-23 17:18:58,145 - utils.logger2025-12-23-17.18.16 - INFO - Cur epoch 5 loss CE:0.6008 mse:0.0000 consistent:0.0000
2025-12-23 17:18:59,125 - utils.logger2025-12-23-17.18.16 - INFO - Cur epoch 5 loss CE:0.0165 mse:0.0000 consistent:0.0000
2025-12-23 17:19:00,061 - utils.logger2025-12-23-17.18.16 - INFO - Cur epoch 5 loss CE:0.0142 mse:0.0000 consistent:0.0000
2025-12-23 17:19:00,988 - utils.logger2025-12-23-17.18.16 - INFO - Cur epoch 5 loss CE:0.1131 mse:0.0000 consistent:0.0000
2025-12-23 17:19:01,883 - utils.logger2025-12-23-17.18.16 - INFO - Cur epoch 5 loss CE:0.1084 mse:0.0000 consistent:0.0000
2025-12-23 17:19:02,668 - utils.logger2025-12-23-17.18.16 - INFO - Cur epoch 5 loss CE:0.4004 mse:0.0000 consistent:0.0000
2025-12-23 17:19:03,536 - utils.logger2025-12-23-17.18.16 - INFO - Cur epoch 5 loss CE:0.1637 mse:0.0000 consistent:0.0000
2025-12-23 17:19:04,240 - utils.logger2025-12-23-17.18.16 - INFO - Cur epoch 5 loss CE:0.0109 mse:0.0000 consistent:0.0000
2025-12-23 17:19:04,901 - utils.logger2025-12-23-17.18.16 - INFO - Cur epoch 5 loss CE:0.0374 mse:0.0000 consistent:0.0000
2025-12-23 17:19:04,901 - utils.logger2025-12-23-17.18.16 - INFO - saving the model at the end of epoch 5, iters 530
2025-12-23 17:19:05,000 - utils.logger2025-12-23-17.18.16 - INFO - End of training epoch 5 / 40 	 Time Taken: 9 sec
2025-12-23 17:19:05,000 - utils.logger2025-12-23-17.18.16 - INFO - learning rate = 0.0002000
2025-12-23 17:19:05,251 - utils.logger2025-12-23-17.18.16 - INFO - Val result of epoch 5 / 40 acc 0.7094 uar 0.6495 f1 0.6842
2025-12-23 17:19:05,468 - utils.logger2025-12-23-17.18.16 - INFO - Tst result of epoch 5 / 40 acc 0.6798 uar 0.6365 f1 0.6594
2025-12-23 17:19:06,085 - utils.logger2025-12-23-17.18.16 - INFO - Cur epoch 6 loss CE:0.0744 mse:0.0000 consistent:0.0000
2025-12-23 17:19:06,689 - utils.logger2025-12-23-17.18.16 - INFO - Cur epoch 6 loss CE:0.1618 mse:0.0000 consistent:0.0000
2025-12-23 17:19:07,609 - utils.logger2025-12-23-17.18.16 - INFO - Cur epoch 6 loss CE:0.5878 mse:0.0000 consistent:0.0000
2025-12-23 17:19:08,559 - utils.logger2025-12-23-17.18.16 - INFO - Cur epoch 6 loss CE:0.0463 mse:0.0000 consistent:0.0000
2025-12-23 17:19:09,536 - utils.logger2025-12-23-17.18.16 - INFO - Cur epoch 6 loss CE:0.0579 mse:0.0000 consistent:0.0000
2025-12-23 17:19:10,330 - utils.logger2025-12-23-17.18.16 - INFO - Cur epoch 6 loss CE:0.1165 mse:0.0000 consistent:0.0000
2025-12-23 17:19:11,120 - utils.logger2025-12-23-17.18.16 - INFO - Cur epoch 6 loss CE:0.2265 mse:0.0000 consistent:0.0000
2025-12-23 17:19:11,911 - utils.logger2025-12-23-17.18.16 - INFO - Cur epoch 6 loss CE:0.5155 mse:0.0000 consistent:0.0000
2025-12-23 17:19:12,684 - utils.logger2025-12-23-17.18.16 - INFO - Cur epoch 6 loss CE:0.0529 mse:0.0000 consistent:0.0000
2025-12-23 17:19:13,426 - utils.logger2025-12-23-17.18.16 - INFO - Cur epoch 6 loss CE:0.0504 mse:0.0000 consistent:0.0000
2025-12-23 17:19:13,860 - utils.logger2025-12-23-17.18.16 - INFO - saving the model at the end of epoch 6, iters 636
2025-12-23 17:19:13,985 - utils.logger2025-12-23-17.18.16 - INFO - End of training epoch 6 / 40 	 Time Taken: 8 sec
2025-12-23 17:19:13,985 - utils.logger2025-12-23-17.18.16 - INFO - learning rate = 0.0002000
2025-12-23 17:19:14,314 - utils.logger2025-12-23-17.18.16 - INFO - Val result of epoch 6 / 40 acc 0.7521 uar 0.7197 f1 0.7215
2025-12-23 17:19:14,627 - utils.logger2025-12-23-17.18.16 - INFO - Tst result of epoch 6 / 40 acc 0.6158 uar 0.6200 f1 0.6008
2025-12-23 17:19:14,919 - utils.logger2025-12-23-17.18.16 - INFO - Cur epoch 7 loss CE:0.0279 mse:0.0000 consistent:0.0000
2025-12-23 17:19:15,647 - utils.logger2025-12-23-17.18.16 - INFO - Cur epoch 7 loss CE:0.0457 mse:0.0000 consistent:0.0000
2025-12-23 17:19:16,417 - utils.logger2025-12-23-17.18.16 - INFO - Cur epoch 7 loss CE:0.0158 mse:0.0000 consistent:0.0000
2025-12-23 17:19:17,320 - utils.logger2025-12-23-17.18.16 - INFO - Cur epoch 7 loss CE:0.0097 mse:0.0000 consistent:0.0000
2025-12-23 17:19:18,277 - utils.logger2025-12-23-17.18.16 - INFO - Cur epoch 7 loss CE:0.1924 mse:0.0000 consistent:0.0000
2025-12-23 17:19:19,262 - utils.logger2025-12-23-17.18.16 - INFO - Cur epoch 7 loss CE:0.9410 mse:0.0000 consistent:0.0000
2025-12-23 17:19:20,210 - utils.logger2025-12-23-17.18.16 - INFO - Cur epoch 7 loss CE:0.0131 mse:0.0000 consistent:0.0000
2025-12-23 17:19:21,171 - utils.logger2025-12-23-17.18.16 - INFO - Cur epoch 7 loss CE:0.0127 mse:0.0000 consistent:0.0000
2025-12-23 17:19:22,129 - utils.logger2025-12-23-17.18.16 - INFO - Cur epoch 7 loss CE:0.0634 mse:0.0000 consistent:0.0000
2025-12-23 17:19:23,083 - utils.logger2025-12-23-17.18.16 - INFO - Cur epoch 7 loss CE:0.0022 mse:0.0000 consistent:0.0000
2025-12-23 17:19:24,027 - utils.logger2025-12-23-17.18.16 - INFO - Cur epoch 7 loss CE:0.0090 mse:0.0000 consistent:0.0000
2025-12-23 17:19:24,190 - utils.logger2025-12-23-17.18.16 - INFO - saving the model at the end of epoch 7, iters 742
2025-12-23 17:19:24,352 - utils.logger2025-12-23-17.18.16 - INFO - End of training epoch 7 / 40 	 Time Taken: 9 sec
2025-12-23 17:19:24,352 - utils.logger2025-12-23-17.18.16 - INFO - learning rate = 0.0002000
2025-12-23 17:19:24,836 - utils.logger2025-12-23-17.18.16 - INFO - Val result of epoch 7 / 40 acc 0.7650 uar 0.7104 f1 0.7290
2025-12-23 17:19:25,211 - utils.logger2025-12-23-17.18.16 - INFO - Tst result of epoch 7 / 40 acc 0.6601 uar 0.6399 f1 0.6327
2025-12-23 17:19:25,991 - utils.logger2025-12-23-17.18.16 - INFO - Cur epoch 8 loss CE:0.0751 mse:0.0000 consistent:0.0000
2025-12-23 17:19:26,957 - utils.logger2025-12-23-17.18.16 - INFO - Cur epoch 8 loss CE:0.2444 mse:0.0000 consistent:0.0000
2025-12-23 17:19:27,969 - utils.logger2025-12-23-17.18.16 - INFO - Cur epoch 8 loss CE:0.0595 mse:0.0000 consistent:0.0000
2025-12-23 17:19:28,857 - utils.logger2025-12-23-17.18.16 - INFO - Cur epoch 8 loss CE:0.0129 mse:0.0000 consistent:0.0000
2025-12-23 17:19:29,786 - utils.logger2025-12-23-17.18.16 - INFO - Cur epoch 8 loss CE:0.0269 mse:0.0000 consistent:0.0000
2025-12-23 17:19:30,745 - utils.logger2025-12-23-17.18.16 - INFO - Cur epoch 8 loss CE:0.5861 mse:0.0000 consistent:0.0000
2025-12-23 17:19:31,755 - utils.logger2025-12-23-17.18.16 - INFO - Cur epoch 8 loss CE:0.0252 mse:0.0000 consistent:0.0000
2025-12-23 17:19:32,687 - utils.logger2025-12-23-17.18.16 - INFO - Cur epoch 8 loss CE:0.0093 mse:0.0000 consistent:0.0000
2025-12-23 17:19:33,610 - utils.logger2025-12-23-17.18.16 - INFO - Cur epoch 8 loss CE:0.0051 mse:0.0000 consistent:0.0000
2025-12-23 17:19:34,595 - utils.logger2025-12-23-17.18.16 - INFO - Cur epoch 8 loss CE:0.0156 mse:0.0000 consistent:0.0000
2025-12-23 17:19:35,361 - utils.logger2025-12-23-17.18.16 - INFO - saving the model at the end of epoch 8, iters 848
2025-12-23 17:19:35,530 - utils.logger2025-12-23-17.18.16 - INFO - End of training epoch 8 / 40 	 Time Taken: 10 sec
2025-12-23 17:19:35,530 - utils.logger2025-12-23-17.18.16 - INFO - learning rate = 0.0002000
2025-12-23 17:19:35,929 - utils.logger2025-12-23-17.18.16 - INFO - Val result of epoch 8 / 40 acc 0.7393 uar 0.6662 f1 0.6730
2025-12-23 17:19:36,308 - utils.logger2025-12-23-17.18.16 - INFO - Tst result of epoch 8 / 40 acc 0.6700 uar 0.6403 f1 0.6444
2025-12-23 17:19:36,513 - utils.logger2025-12-23-17.18.16 - INFO - Cur epoch 9 loss CE:0.3630 mse:0.0000 consistent:0.0000
2025-12-23 17:19:37,467 - utils.logger2025-12-23-17.18.16 - INFO - Cur epoch 9 loss CE:1.0890 mse:0.0000 consistent:0.0000
2025-12-23 17:19:38,419 - utils.logger2025-12-23-17.18.16 - INFO - Cur epoch 9 loss CE:0.1092 mse:0.0000 consistent:0.0000
2025-12-23 17:19:39,367 - utils.logger2025-12-23-17.18.16 - INFO - Cur epoch 9 loss CE:0.1016 mse:0.0000 consistent:0.0000
2025-12-23 17:19:40,376 - utils.logger2025-12-23-17.18.16 - INFO - Cur epoch 9 loss CE:0.2730 mse:0.0000 consistent:0.0000
2025-12-23 17:19:41,435 - utils.logger2025-12-23-17.18.16 - INFO - Cur epoch 9 loss CE:0.5404 mse:0.0000 consistent:0.0000
2025-12-23 17:19:42,462 - utils.logger2025-12-23-17.18.16 - INFO - Cur epoch 9 loss CE:0.0185 mse:0.0000 consistent:0.0000
2025-12-23 17:19:43,482 - utils.logger2025-12-23-17.18.16 - INFO - Cur epoch 9 loss CE:0.0080 mse:0.0000 consistent:0.0000
2025-12-23 17:19:44,514 - utils.logger2025-12-23-17.18.16 - INFO - Cur epoch 9 loss CE:0.1902 mse:0.0000 consistent:0.0000
2025-12-23 17:19:45,531 - utils.logger2025-12-23-17.18.16 - INFO - Cur epoch 9 loss CE:0.2439 mse:0.0000 consistent:0.0000
2025-12-23 17:19:46,498 - utils.logger2025-12-23-17.18.16 - INFO - Cur epoch 9 loss CE:0.0307 mse:0.0000 consistent:0.0000
2025-12-23 17:19:46,881 - utils.logger2025-12-23-17.18.16 - INFO - saving the model at the end of epoch 9, iters 954
2025-12-23 17:19:47,053 - utils.logger2025-12-23-17.18.16 - INFO - End of training epoch 9 / 40 	 Time Taken: 10 sec
2025-12-23 17:19:47,053 - utils.logger2025-12-23-17.18.16 - INFO - learning rate = 0.0002000
2025-12-23 17:19:47,468 - utils.logger2025-12-23-17.18.16 - INFO - Val result of epoch 9 / 40 acc 0.7692 uar 0.7297 f1 0.7562
2025-12-23 17:19:47,827 - utils.logger2025-12-23-17.18.16 - INFO - Tst result of epoch 9 / 40 acc 0.6256 uar 0.5594 f1 0.5664
2025-12-23 17:19:48,408 - utils.logger2025-12-23-17.18.16 - INFO - Cur epoch 10 loss CE:0.0361 mse:0.0000 consistent:0.0000
2025-12-23 17:19:49,353 - utils.logger2025-12-23-17.18.16 - INFO - Cur epoch 10 loss CE:0.1027 mse:0.0000 consistent:0.0000
2025-12-23 17:19:50,260 - utils.logger2025-12-23-17.18.16 - INFO - Cur epoch 10 loss CE:0.0042 mse:0.0000 consistent:0.0000
2025-12-23 17:19:51,155 - utils.logger2025-12-23-17.18.16 - INFO - Cur epoch 10 loss CE:0.0278 mse:0.0000 consistent:0.0000
2025-12-23 17:19:52,052 - utils.logger2025-12-23-17.18.16 - INFO - Cur epoch 10 loss CE:0.0120 mse:0.0000 consistent:0.0000
2025-12-23 17:19:52,977 - utils.logger2025-12-23-17.18.16 - INFO - Cur epoch 10 loss CE:0.0385 mse:0.0000 consistent:0.0000
2025-12-23 17:19:53,907 - utils.logger2025-12-23-17.18.16 - INFO - Cur epoch 10 loss CE:0.0187 mse:0.0000 consistent:0.0000
2025-12-23 17:19:54,708 - utils.logger2025-12-23-17.18.16 - INFO - Cur epoch 10 loss CE:0.5077 mse:0.0000 consistent:0.0000
2025-12-23 17:19:55,647 - utils.logger2025-12-23-17.18.16 - INFO - Cur epoch 10 loss CE:0.0124 mse:0.0000 consistent:0.0000
2025-12-23 17:19:56,532 - utils.logger2025-12-23-17.18.16 - INFO - Cur epoch 10 loss CE:0.0530 mse:0.0000 consistent:0.0000
2025-12-23 17:19:57,365 - utils.logger2025-12-23-17.18.16 - INFO - Cur epoch 10 loss CE:0.2266 mse:0.0000 consistent:0.0000
2025-12-23 17:19:57,365 - utils.logger2025-12-23-17.18.16 - INFO - saving the model at the end of epoch 10, iters 1060
2025-12-23 17:19:57,533 - utils.logger2025-12-23-17.18.16 - INFO - End of training epoch 10 / 40 	 Time Taken: 9 sec
2025-12-23 17:19:57,533 - utils.logger2025-12-23-17.18.16 - INFO - learning rate = 0.0002000
2025-12-23 17:19:57,912 - utils.logger2025-12-23-17.18.16 - INFO - Val result of epoch 10 / 40 acc 0.7521 uar 0.7320 f1 0.7401
2025-12-23 17:19:58,183 - utils.logger2025-12-23-17.18.16 - INFO - Tst result of epoch 10 / 40 acc 0.6355 uar 0.6252 f1 0.6171
2025-12-23 17:19:58,967 - utils.logger2025-12-23-17.18.16 - INFO - Cur epoch 11 loss CE:0.2776 mse:0.0000 consistent:0.0000
2025-12-23 17:19:59,882 - utils.logger2025-12-23-17.18.16 - INFO - Cur epoch 11 loss CE:0.2172 mse:0.0000 consistent:0.0000
2025-12-23 17:20:00,875 - utils.logger2025-12-23-17.18.16 - INFO - Cur epoch 11 loss CE:0.0020 mse:0.0000 consistent:0.0000
2025-12-23 17:20:01,850 - utils.logger2025-12-23-17.18.16 - INFO - Cur epoch 11 loss CE:0.1236 mse:0.0000 consistent:0.0000
2025-12-23 17:20:02,791 - utils.logger2025-12-23-17.18.16 - INFO - Cur epoch 11 loss CE:0.3568 mse:0.0000 consistent:0.0000
2025-12-23 17:20:03,669 - utils.logger2025-12-23-17.18.16 - INFO - Cur epoch 11 loss CE:0.0856 mse:0.0000 consistent:0.0000
2025-12-23 17:20:04,598 - utils.logger2025-12-23-17.18.16 - INFO - Cur epoch 11 loss CE:0.1128 mse:0.0000 consistent:0.0000
2025-12-23 17:20:05,528 - utils.logger2025-12-23-17.18.16 - INFO - Cur epoch 11 loss CE:0.1170 mse:0.0000 consistent:0.0000
2025-12-23 17:20:06,565 - utils.logger2025-12-23-17.18.16 - INFO - Cur epoch 11 loss CE:0.1017 mse:0.0000 consistent:0.0000
2025-12-23 17:20:07,499 - utils.logger2025-12-23-17.18.16 - INFO - Cur epoch 11 loss CE:0.1709 mse:0.0000 consistent:0.0000
2025-12-23 17:20:08,196 - utils.logger2025-12-23-17.18.16 - INFO - saving the model at the end of epoch 11, iters 1166
2025-12-23 17:20:08,359 - utils.logger2025-12-23-17.18.16 - INFO - End of training epoch 11 / 40 	 Time Taken: 10 sec
2025-12-23 17:20:08,359 - utils.logger2025-12-23-17.18.16 - INFO - learning rate = 0.0002000
2025-12-23 17:20:08,756 - utils.logger2025-12-23-17.18.16 - INFO - Val result of epoch 11 / 40 acc 0.7265 uar 0.6686 f1 0.6895
2025-12-23 17:20:09,108 - utils.logger2025-12-23-17.18.16 - INFO - Tst result of epoch 11 / 40 acc 0.6552 uar 0.6015 f1 0.6130
2025-12-23 17:20:09,472 - utils.logger2025-12-23-17.18.16 - INFO - Cur epoch 12 loss CE:0.0491 mse:0.0000 consistent:0.0000
2025-12-23 17:20:10,434 - utils.logger2025-12-23-17.18.16 - INFO - Cur epoch 12 loss CE:0.0263 mse:0.0000 consistent:0.0000
2025-12-23 17:20:11,404 - utils.logger2025-12-23-17.18.16 - INFO - Cur epoch 12 loss CE:0.3804 mse:0.0000 consistent:0.0000
2025-12-23 17:20:12,380 - utils.logger2025-12-23-17.18.16 - INFO - Cur epoch 12 loss CE:0.0020 mse:0.0000 consistent:0.0000
2025-12-23 17:20:13,369 - utils.logger2025-12-23-17.18.16 - INFO - Cur epoch 12 loss CE:0.0106 mse:0.0000 consistent:0.0000
2025-12-23 17:20:14,331 - utils.logger2025-12-23-17.18.16 - INFO - Cur epoch 12 loss CE:0.2884 mse:0.0000 consistent:0.0000
2025-12-23 17:20:15,358 - utils.logger2025-12-23-17.18.16 - INFO - Cur epoch 12 loss CE:0.0311 mse:0.0000 consistent:0.0000
2025-12-23 17:20:16,386 - utils.logger2025-12-23-17.18.16 - INFO - Cur epoch 12 loss CE:0.0015 mse:0.0000 consistent:0.0000
2025-12-23 17:20:17,343 - utils.logger2025-12-23-17.18.16 - INFO - Cur epoch 12 loss CE:0.1143 mse:0.0000 consistent:0.0000
2025-12-23 17:20:18,271 - utils.logger2025-12-23-17.18.16 - INFO - Cur epoch 12 loss CE:0.0155 mse:0.0000 consistent:0.0000
2025-12-23 17:20:19,053 - utils.logger2025-12-23-17.18.16 - INFO - Cur epoch 12 loss CE:0.0130 mse:0.0000 consistent:0.0000
2025-12-23 17:20:19,194 - utils.logger2025-12-23-17.18.16 - INFO - saving the model at the end of epoch 12, iters 1272
2025-12-23 17:20:19,321 - utils.logger2025-12-23-17.18.16 - INFO - End of training epoch 12 / 40 	 Time Taken: 10 sec
2025-12-23 17:20:19,321 - utils.logger2025-12-23-17.18.16 - INFO - learning rate = 0.0002000
2025-12-23 17:20:19,639 - utils.logger2025-12-23-17.18.16 - INFO - Val result of epoch 12 / 40 acc 0.7350 uar 0.6906 f1 0.7081
2025-12-23 17:20:19,958 - utils.logger2025-12-23-17.18.16 - INFO - Tst result of epoch 12 / 40 acc 0.6453 uar 0.5800 f1 0.5944
2025-12-23 17:20:20,580 - utils.logger2025-12-23-17.18.16 - INFO - Cur epoch 13 loss CE:0.0023 mse:0.0000 consistent:0.0000
2025-12-23 17:20:21,347 - utils.logger2025-12-23-17.18.16 - INFO - Cur epoch 13 loss CE:0.0110 mse:0.0000 consistent:0.0000
2025-12-23 17:20:22,271 - utils.logger2025-12-23-17.18.16 - INFO - Cur epoch 13 loss CE:0.2184 mse:0.0000 consistent:0.0000
2025-12-23 17:20:23,290 - utils.logger2025-12-23-17.18.16 - INFO - Cur epoch 13 loss CE:0.0011 mse:0.0000 consistent:0.0000
2025-12-23 17:20:24,242 - utils.logger2025-12-23-17.18.16 - INFO - Cur epoch 13 loss CE:0.1587 mse:0.0000 consistent:0.0000
2025-12-23 17:20:25,216 - utils.logger2025-12-23-17.18.16 - INFO - Cur epoch 13 loss CE:0.0020 mse:0.0000 consistent:0.0000
2025-12-23 17:20:26,002 - utils.logger2025-12-23-17.18.16 - INFO - Cur epoch 13 loss CE:0.0306 mse:0.0000 consistent:0.0000
2025-12-23 17:20:26,932 - utils.logger2025-12-23-17.18.16 - INFO - Cur epoch 13 loss CE:0.9385 mse:0.0000 consistent:0.0000
2025-12-23 17:20:27,864 - utils.logger2025-12-23-17.18.16 - INFO - Cur epoch 13 loss CE:0.4167 mse:0.0000 consistent:0.0000
2025-12-23 17:20:28,828 - utils.logger2025-12-23-17.18.16 - INFO - Cur epoch 13 loss CE:0.1395 mse:0.0000 consistent:0.0000
2025-12-23 17:20:29,526 - utils.logger2025-12-23-17.18.16 - INFO - saving the model at the end of epoch 13, iters 1378
2025-12-23 17:20:29,677 - utils.logger2025-12-23-17.18.16 - INFO - End of training epoch 13 / 40 	 Time Taken: 9 sec
2025-12-23 17:20:29,677 - utils.logger2025-12-23-17.18.16 - INFO - learning rate = 0.0002000
2025-12-23 17:20:30,066 - utils.logger2025-12-23-17.18.16 - INFO - Val result of epoch 13 / 40 acc 0.7607 uar 0.7434 f1 0.7442
2025-12-23 17:20:30,403 - utils.logger2025-12-23-17.18.16 - INFO - Tst result of epoch 13 / 40 acc 0.6355 uar 0.6037 f1 0.5906
2025-12-23 17:20:30,582 - utils.logger2025-12-23-17.18.16 - INFO - Cur epoch 14 loss CE:0.3590 mse:0.0000 consistent:0.0000
2025-12-23 17:20:31,436 - utils.logger2025-12-23-17.18.16 - INFO - Cur epoch 14 loss CE:0.0083 mse:0.0000 consistent:0.0000
2025-12-23 17:20:32,330 - utils.logger2025-12-23-17.18.16 - INFO - Cur epoch 14 loss CE:0.0160 mse:0.0000 consistent:0.0000
2025-12-23 17:20:33,209 - utils.logger2025-12-23-17.18.16 - INFO - Cur epoch 14 loss CE:0.0903 mse:0.0000 consistent:0.0000
2025-12-23 17:20:34,123 - utils.logger2025-12-23-17.18.16 - INFO - Cur epoch 14 loss CE:0.0039 mse:0.0000 consistent:0.0000
2025-12-23 17:20:35,028 - utils.logger2025-12-23-17.18.16 - INFO - Cur epoch 14 loss CE:0.0380 mse:0.0000 consistent:0.0000
2025-12-23 17:20:35,983 - utils.logger2025-12-23-17.18.16 - INFO - Cur epoch 14 loss CE:0.0365 mse:0.0000 consistent:0.0000
2025-12-23 17:20:36,951 - utils.logger2025-12-23-17.18.16 - INFO - Cur epoch 14 loss CE:0.0042 mse:0.0000 consistent:0.0000
2025-12-23 17:20:38,048 - utils.logger2025-12-23-17.18.16 - INFO - Cur epoch 14 loss CE:0.2677 mse:0.0000 consistent:0.0000
2025-12-23 17:20:39,102 - utils.logger2025-12-23-17.18.16 - INFO - Cur epoch 14 loss CE:0.6004 mse:0.0000 consistent:0.0000
2025-12-23 17:20:40,013 - utils.logger2025-12-23-17.18.16 - INFO - Cur epoch 14 loss CE:0.0795 mse:0.0000 consistent:0.0000
2025-12-23 17:20:40,373 - utils.logger2025-12-23-17.18.16 - INFO - saving the model at the end of epoch 14, iters 1484
2025-12-23 17:20:40,531 - utils.logger2025-12-23-17.18.16 - INFO - End of training epoch 14 / 40 	 Time Taken: 10 sec
2025-12-23 17:20:40,531 - utils.logger2025-12-23-17.18.16 - INFO - learning rate = 0.0002000
2025-12-23 17:20:40,887 - utils.logger2025-12-23-17.18.16 - INFO - Val result of epoch 14 / 40 acc 0.7692 uar 0.7304 f1 0.7454
2025-12-23 17:20:41,261 - utils.logger2025-12-23-17.18.16 - INFO - Tst result of epoch 14 / 40 acc 0.6355 uar 0.6302 f1 0.6122
2025-12-23 17:20:41,839 - utils.logger2025-12-23-17.18.16 - INFO - Cur epoch 15 loss CE:0.1727 mse:0.0000 consistent:0.0000
2025-12-23 17:20:42,675 - utils.logger2025-12-23-17.18.16 - INFO - Cur epoch 15 loss CE:1.3284 mse:0.0000 consistent:0.0000
2025-12-23 17:20:43,545 - utils.logger2025-12-23-17.18.16 - INFO - Cur epoch 15 loss CE:0.0080 mse:0.0000 consistent:0.0000
2025-12-23 17:20:44,457 - utils.logger2025-12-23-17.18.16 - INFO - Cur epoch 15 loss CE:0.0263 mse:0.0000 consistent:0.0000
2025-12-23 17:20:45,268 - utils.logger2025-12-23-17.18.16 - INFO - Cur epoch 15 loss CE:0.0003 mse:0.0000 consistent:0.0000
2025-12-23 17:20:46,055 - utils.logger2025-12-23-17.18.16 - INFO - Cur epoch 15 loss CE:0.0029 mse:0.0000 consistent:0.0000
2025-12-23 17:20:47,014 - utils.logger2025-12-23-17.18.16 - INFO - Cur epoch 15 loss CE:0.1569 mse:0.0000 consistent:0.0000
2025-12-23 17:20:47,866 - utils.logger2025-12-23-17.18.16 - INFO - Cur epoch 15 loss CE:0.0014 mse:0.0000 consistent:0.0000
2025-12-23 17:20:48,854 - utils.logger2025-12-23-17.18.16 - INFO - Cur epoch 15 loss CE:0.0002 mse:0.0000 consistent:0.0000
2025-12-23 17:20:49,829 - utils.logger2025-12-23-17.18.16 - INFO - Cur epoch 15 loss CE:0.0046 mse:0.0000 consistent:0.0000
2025-12-23 17:20:50,750 - utils.logger2025-12-23-17.18.16 - INFO - Cur epoch 15 loss CE:0.0029 mse:0.0000 consistent:0.0000
2025-12-23 17:20:50,751 - utils.logger2025-12-23-17.18.16 - INFO - saving the model at the end of epoch 15, iters 1590
2025-12-23 17:20:50,916 - utils.logger2025-12-23-17.18.16 - INFO - End of training epoch 15 / 40 	 Time Taken: 9 sec
2025-12-23 17:20:50,917 - utils.logger2025-12-23-17.18.16 - INFO - learning rate = 0.0002000
2025-12-23 17:20:51,328 - utils.logger2025-12-23-17.18.16 - INFO - Val result of epoch 15 / 40 acc 0.7479 uar 0.6954 f1 0.7128
2025-12-23 17:20:51,702 - utils.logger2025-12-23-17.18.16 - INFO - Tst result of epoch 15 / 40 acc 0.6798 uar 0.6708 f1 0.6658
2025-12-23 17:20:52,737 - utils.logger2025-12-23-17.18.16 - INFO - Cur epoch 16 loss CE:0.6484 mse:0.0000 consistent:0.0000
2025-12-23 17:20:53,665 - utils.logger2025-12-23-17.18.16 - INFO - Cur epoch 16 loss CE:0.0032 mse:0.0000 consistent:0.0000
2025-12-23 17:20:54,573 - utils.logger2025-12-23-17.18.16 - INFO - Cur epoch 16 loss CE:0.0033 mse:0.0000 consistent:0.0000
2025-12-23 17:20:55,448 - utils.logger2025-12-23-17.18.16 - INFO - Cur epoch 16 loss CE:0.2038 mse:0.0000 consistent:0.0000
2025-12-23 17:20:56,367 - utils.logger2025-12-23-17.18.16 - INFO - Cur epoch 16 loss CE:0.2917 mse:0.0000 consistent:0.0000
2025-12-23 17:20:57,307 - utils.logger2025-12-23-17.18.16 - INFO - Cur epoch 16 loss CE:0.2558 mse:0.0000 consistent:0.0000
2025-12-23 17:20:58,174 - utils.logger2025-12-23-17.18.16 - INFO - Cur epoch 16 loss CE:0.0044 mse:0.0000 consistent:0.0000
2025-12-23 17:20:59,100 - utils.logger2025-12-23-17.18.16 - INFO - Cur epoch 16 loss CE:0.0501 mse:0.0000 consistent:0.0000
2025-12-23 17:21:00,033 - utils.logger2025-12-23-17.18.16 - INFO - Cur epoch 16 loss CE:0.3261 mse:0.0000 consistent:0.0000
2025-12-23 17:21:00,885 - utils.logger2025-12-23-17.18.16 - INFO - Cur epoch 16 loss CE:0.0016 mse:0.0000 consistent:0.0000
2025-12-23 17:21:01,314 - utils.logger2025-12-23-17.18.16 - INFO - saving the model at the end of epoch 16, iters 1696
2025-12-23 17:21:01,444 - utils.logger2025-12-23-17.18.16 - INFO - End of training epoch 16 / 40 	 Time Taken: 9 sec
2025-12-23 17:21:01,445 - utils.logger2025-12-23-17.18.16 - INFO - learning rate = 0.0002000
2025-12-23 17:21:01,791 - utils.logger2025-12-23-17.18.16 - INFO - Val result of epoch 16 / 40 acc 0.7350 uar 0.6512 f1 0.6801
2025-12-23 17:21:02,102 - utils.logger2025-12-23-17.18.16 - INFO - Tst result of epoch 16 / 40 acc 0.6453 uar 0.5969 f1 0.6031
2025-12-23 17:21:02,423 - utils.logger2025-12-23-17.18.16 - INFO - Cur epoch 17 loss CE:0.0197 mse:0.0000 consistent:0.0000
2025-12-23 17:21:03,166 - utils.logger2025-12-23-17.18.16 - INFO - Cur epoch 17 loss CE:0.0105 mse:0.0000 consistent:0.0000
2025-12-23 17:21:03,953 - utils.logger2025-12-23-17.18.16 - INFO - Cur epoch 17 loss CE:0.0040 mse:0.0000 consistent:0.0000
2025-12-23 17:21:04,724 - utils.logger2025-12-23-17.18.16 - INFO - Cur epoch 17 loss CE:0.0207 mse:0.0000 consistent:0.0000
2025-12-23 17:21:05,616 - utils.logger2025-12-23-17.18.16 - INFO - Cur epoch 17 loss CE:0.0417 mse:0.0000 consistent:0.0000
2025-12-23 17:21:06,546 - utils.logger2025-12-23-17.18.16 - INFO - Cur epoch 17 loss CE:0.0378 mse:0.0000 consistent:0.0000
2025-12-23 17:21:07,465 - utils.logger2025-12-23-17.18.16 - INFO - Cur epoch 17 loss CE:0.1200 mse:0.0000 consistent:0.0000
2025-12-23 17:21:08,352 - utils.logger2025-12-23-17.18.16 - INFO - Cur epoch 17 loss CE:0.0093 mse:0.0000 consistent:0.0000
2025-12-23 17:21:09,285 - utils.logger2025-12-23-17.18.16 - INFO - Cur epoch 17 loss CE:0.0115 mse:0.0000 consistent:0.0000
2025-12-23 17:21:10,164 - utils.logger2025-12-23-17.18.16 - INFO - Cur epoch 17 loss CE:0.1240 mse:0.0000 consistent:0.0000
2025-12-23 17:21:11,088 - utils.logger2025-12-23-17.18.16 - INFO - Cur epoch 17 loss CE:0.7437 mse:0.0000 consistent:0.0000
2025-12-23 17:21:11,258 - utils.logger2025-12-23-17.18.16 - INFO - saving the model at the end of epoch 17, iters 1802
2025-12-23 17:21:11,415 - utils.logger2025-12-23-17.18.16 - INFO - End of training epoch 17 / 40 	 Time Taken: 9 sec
2025-12-23 17:21:11,415 - utils.logger2025-12-23-17.18.16 - INFO - learning rate = 0.0002000
2025-12-23 17:21:11,803 - utils.logger2025-12-23-17.18.16 - INFO - Val result of epoch 17 / 40 acc 0.7479 uar 0.6989 f1 0.7168
2025-12-23 17:21:12,147 - utils.logger2025-12-23-17.18.16 - INFO - Tst result of epoch 17 / 40 acc 0.6305 uar 0.6288 f1 0.6103
2025-12-23 17:21:12,906 - utils.logger2025-12-23-17.18.16 - INFO - Cur epoch 18 loss CE:0.0125 mse:0.0000 consistent:0.0000
2025-12-23 17:21:13,876 - utils.logger2025-12-23-17.18.16 - INFO - Cur epoch 18 loss CE:0.0014 mse:0.0000 consistent:0.0000
2025-12-23 17:21:14,805 - utils.logger2025-12-23-17.18.16 - INFO - Cur epoch 18 loss CE:0.0004 mse:0.0000 consistent:0.0000
2025-12-23 17:21:15,718 - utils.logger2025-12-23-17.18.16 - INFO - Cur epoch 18 loss CE:0.1025 mse:0.0000 consistent:0.0000
2025-12-23 17:21:16,677 - utils.logger2025-12-23-17.18.16 - INFO - Cur epoch 18 loss CE:0.0047 mse:0.0000 consistent:0.0000
2025-12-23 17:21:17,638 - utils.logger2025-12-23-17.18.16 - INFO - Cur epoch 18 loss CE:0.0159 mse:0.0000 consistent:0.0000
2025-12-23 17:21:18,628 - utils.logger2025-12-23-17.18.16 - INFO - Cur epoch 18 loss CE:0.0046 mse:0.0000 consistent:0.0000
2025-12-23 17:21:19,598 - utils.logger2025-12-23-17.18.16 - INFO - Cur epoch 18 loss CE:0.0054 mse:0.0000 consistent:0.0000
2025-12-23 17:21:20,496 - utils.logger2025-12-23-17.18.16 - INFO - Cur epoch 18 loss CE:0.0016 mse:0.0000 consistent:0.0000
2025-12-23 17:21:21,359 - utils.logger2025-12-23-17.18.16 - INFO - Cur epoch 18 loss CE:0.0143 mse:0.0000 consistent:0.0000
2025-12-23 17:21:22,033 - utils.logger2025-12-23-17.18.16 - INFO - saving the model at the end of epoch 18, iters 1908
2025-12-23 17:21:22,174 - utils.logger2025-12-23-17.18.16 - INFO - End of training epoch 18 / 40 	 Time Taken: 10 sec
2025-12-23 17:21:22,174 - utils.logger2025-12-23-17.18.16 - INFO - learning rate = 0.0002000
2025-12-23 17:21:22,482 - utils.logger2025-12-23-17.18.16 - INFO - Val result of epoch 18 / 40 acc 0.7650 uar 0.6929 f1 0.7196
2025-12-23 17:21:22,752 - utils.logger2025-12-23-17.18.16 - INFO - Tst result of epoch 18 / 40 acc 0.6502 uar 0.6235 f1 0.6301
2025-12-23 17:21:22,929 - utils.logger2025-12-23-17.18.16 - INFO - Cur epoch 19 loss CE:0.0017 mse:0.0000 consistent:0.0000
2025-12-23 17:21:23,796 - utils.logger2025-12-23-17.18.16 - INFO - Cur epoch 19 loss CE:0.0197 mse:0.0000 consistent:0.0000
2025-12-23 17:21:24,710 - utils.logger2025-12-23-17.18.16 - INFO - Cur epoch 19 loss CE:0.1392 mse:0.0000 consistent:0.0000
2025-12-23 17:21:25,648 - utils.logger2025-12-23-17.18.16 - INFO - Cur epoch 19 loss CE:0.0130 mse:0.0000 consistent:0.0000
2025-12-23 17:21:26,614 - utils.logger2025-12-23-17.18.16 - INFO - Cur epoch 19 loss CE:0.0920 mse:0.0000 consistent:0.0000
2025-12-23 17:21:27,508 - utils.logger2025-12-23-17.18.16 - INFO - Cur epoch 19 loss CE:0.2485 mse:0.0000 consistent:0.0000
2025-12-23 17:21:28,484 - utils.logger2025-12-23-17.18.16 - INFO - Cur epoch 19 loss CE:0.0141 mse:0.0000 consistent:0.0000
2025-12-23 17:21:29,438 - utils.logger2025-12-23-17.18.16 - INFO - Cur epoch 19 loss CE:0.3928 mse:0.0000 consistent:0.0000
2025-12-23 17:21:30,412 - utils.logger2025-12-23-17.18.16 - INFO - Cur epoch 19 loss CE:0.0113 mse:0.0000 consistent:0.0000
2025-12-23 17:21:31,193 - utils.logger2025-12-23-17.18.16 - INFO - Cur epoch 19 loss CE:0.0094 mse:0.0000 consistent:0.0000
2025-12-23 17:21:31,942 - utils.logger2025-12-23-17.18.16 - INFO - Cur epoch 19 loss CE:0.0305 mse:0.0000 consistent:0.0000
2025-12-23 17:21:32,226 - utils.logger2025-12-23-17.18.16 - INFO - saving the model at the end of epoch 19, iters 2014
2025-12-23 17:21:32,357 - utils.logger2025-12-23-17.18.16 - INFO - End of training epoch 19 / 40 	 Time Taken: 9 sec
2025-12-23 17:21:32,357 - utils.logger2025-12-23-17.18.16 - INFO - learning rate = 0.0002000
2025-12-23 17:21:32,693 - utils.logger2025-12-23-17.18.16 - INFO - Val result of epoch 19 / 40 acc 0.7607 uar 0.7417 f1 0.7493
2025-12-23 17:21:32,977 - utils.logger2025-12-23-17.18.16 - INFO - Tst result of epoch 19 / 40 acc 0.6207 uar 0.6382 f1 0.6120
2025-12-23 17:21:33,443 - utils.logger2025-12-23-17.18.16 - INFO - Cur epoch 20 loss CE:0.0089 mse:0.0000 consistent:0.0000
2025-12-23 17:21:34,216 - utils.logger2025-12-23-17.18.16 - INFO - Cur epoch 20 loss CE:0.4202 mse:0.0000 consistent:0.0000
2025-12-23 17:21:34,996 - utils.logger2025-12-23-17.18.16 - INFO - Cur epoch 20 loss CE:0.3176 mse:0.0000 consistent:0.0000
2025-12-23 17:21:35,696 - utils.logger2025-12-23-17.18.16 - INFO - Cur epoch 20 loss CE:0.0207 mse:0.0000 consistent:0.0000
2025-12-23 17:21:36,457 - utils.logger2025-12-23-17.18.16 - INFO - Cur epoch 20 loss CE:0.0085 mse:0.0000 consistent:0.0000
2025-12-23 17:21:37,339 - utils.logger2025-12-23-17.18.16 - INFO - Cur epoch 20 loss CE:0.0983 mse:0.0000 consistent:0.0000
2025-12-23 17:21:38,280 - utils.logger2025-12-23-17.18.16 - INFO - Cur epoch 20 loss CE:0.0397 mse:0.0000 consistent:0.0000
2025-12-23 17:21:39,211 - utils.logger2025-12-23-17.18.16 - INFO - Cur epoch 20 loss CE:0.2682 mse:0.0000 consistent:0.0000
2025-12-23 17:21:40,219 - utils.logger2025-12-23-17.18.16 - INFO - Cur epoch 20 loss CE:0.0036 mse:0.0000 consistent:0.0000
2025-12-23 17:21:41,143 - utils.logger2025-12-23-17.18.16 - INFO - Cur epoch 20 loss CE:0.0079 mse:0.0000 consistent:0.0000
2025-12-23 17:21:42,089 - utils.logger2025-12-23-17.18.16 - INFO - Cur epoch 20 loss CE:0.0209 mse:0.0000 consistent:0.0000
2025-12-23 17:21:42,089 - utils.logger2025-12-23-17.18.16 - INFO - saving the model at the end of epoch 20, iters 2120
2025-12-23 17:21:42,261 - utils.logger2025-12-23-17.18.16 - INFO - End of training epoch 20 / 40 	 Time Taken: 9 sec
2025-12-23 17:21:42,262 - utils.logger2025-12-23-17.18.16 - INFO - learning rate = 0.0001905
2025-12-23 17:21:42,703 - utils.logger2025-12-23-17.18.16 - INFO - Val result of epoch 20 / 40 acc 0.7479 uar 0.7048 f1 0.7053
2025-12-23 17:21:43,038 - utils.logger2025-12-23-17.18.16 - INFO - Tst result of epoch 20 / 40 acc 0.6207 uar 0.6248 f1 0.6074
2025-12-23 17:21:43,953 - utils.logger2025-12-23-17.18.16 - INFO - Cur epoch 21 loss CE:0.3072 mse:0.0000 consistent:0.0000
2025-12-23 17:21:44,836 - utils.logger2025-12-23-17.18.16 - INFO - Cur epoch 21 loss CE:0.0230 mse:0.0000 consistent:0.0000
2025-12-23 17:21:45,788 - utils.logger2025-12-23-17.18.16 - INFO - Cur epoch 21 loss CE:0.0162 mse:0.0000 consistent:0.0000
2025-12-23 17:21:46,815 - utils.logger2025-12-23-17.18.16 - INFO - Cur epoch 21 loss CE:0.0005 mse:0.0000 consistent:0.0000
2025-12-23 17:21:47,817 - utils.logger2025-12-23-17.18.16 - INFO - Cur epoch 21 loss CE:0.0502 mse:0.0000 consistent:0.0000
2025-12-23 17:21:48,775 - utils.logger2025-12-23-17.18.16 - INFO - Cur epoch 21 loss CE:0.0044 mse:0.0000 consistent:0.0000
2025-12-23 17:21:49,723 - utils.logger2025-12-23-17.18.16 - INFO - Cur epoch 21 loss CE:0.0225 mse:0.0000 consistent:0.0000
2025-12-23 17:21:50,634 - utils.logger2025-12-23-17.18.16 - INFO - Cur epoch 21 loss CE:0.0281 mse:0.0000 consistent:0.0000
2025-12-23 17:21:51,575 - utils.logger2025-12-23-17.18.16 - INFO - Cur epoch 21 loss CE:0.1112 mse:0.0000 consistent:0.0000
2025-12-23 17:21:52,512 - utils.logger2025-12-23-17.18.16 - INFO - Cur epoch 21 loss CE:0.0002 mse:0.0000 consistent:0.0000
2025-12-23 17:21:53,095 - utils.logger2025-12-23-17.18.16 - INFO - saving the model at the end of epoch 21, iters 2226
2025-12-23 17:21:53,266 - utils.logger2025-12-23-17.18.16 - INFO - End of training epoch 21 / 40 	 Time Taken: 10 sec
2025-12-23 17:21:53,266 - utils.logger2025-12-23-17.18.16 - INFO - learning rate = 0.0001810
2025-12-23 17:21:53,667 - utils.logger2025-12-23-17.18.16 - INFO - Val result of epoch 21 / 40 acc 0.7479 uar 0.6886 f1 0.7107
2025-12-23 17:21:54,024 - utils.logger2025-12-23-17.18.16 - INFO - Tst result of epoch 21 / 40 acc 0.6355 uar 0.5850 f1 0.5846
2025-12-23 17:21:54,410 - utils.logger2025-12-23-17.18.16 - INFO - Cur epoch 22 loss CE:0.0388 mse:0.0000 consistent:0.0000
2025-12-23 17:21:55,315 - utils.logger2025-12-23-17.18.16 - INFO - Cur epoch 22 loss CE:0.0030 mse:0.0000 consistent:0.0000
2025-12-23 17:21:56,123 - utils.logger2025-12-23-17.18.16 - INFO - Cur epoch 22 loss CE:0.0013 mse:0.0000 consistent:0.0000
2025-12-23 17:21:56,865 - utils.logger2025-12-23-17.18.16 - INFO - Cur epoch 22 loss CE:0.0031 mse:0.0000 consistent:0.0000
2025-12-23 17:21:57,648 - utils.logger2025-12-23-17.18.16 - INFO - Cur epoch 22 loss CE:0.1231 mse:0.0000 consistent:0.0000
2025-12-23 17:21:58,424 - utils.logger2025-12-23-17.18.16 - INFO - Cur epoch 22 loss CE:0.0132 mse:0.0000 consistent:0.0000
2025-12-23 17:21:59,249 - utils.logger2025-12-23-17.18.16 - INFO - Cur epoch 22 loss CE:0.0081 mse:0.0000 consistent:0.0000
2025-12-23 17:22:00,086 - utils.logger2025-12-23-17.18.16 - INFO - Cur epoch 22 loss CE:0.0713 mse:0.0000 consistent:0.0000
2025-12-23 17:22:00,888 - utils.logger2025-12-23-17.18.16 - INFO - Cur epoch 22 loss CE:0.0407 mse:0.0000 consistent:0.0000
2025-12-23 17:22:01,792 - utils.logger2025-12-23-17.18.16 - INFO - Cur epoch 22 loss CE:0.0029 mse:0.0000 consistent:0.0000
2025-12-23 17:22:02,744 - utils.logger2025-12-23-17.18.16 - INFO - Cur epoch 22 loss CE:0.1687 mse:0.0000 consistent:0.0000
2025-12-23 17:22:02,921 - utils.logger2025-12-23-17.18.16 - INFO - saving the model at the end of epoch 22, iters 2332
2025-12-23 17:22:03,083 - utils.logger2025-12-23-17.18.16 - INFO - End of training epoch 22 / 40 	 Time Taken: 9 sec
2025-12-23 17:22:03,084 - utils.logger2025-12-23-17.18.16 - INFO - learning rate = 0.0001714
2025-12-23 17:22:03,490 - utils.logger2025-12-23-17.18.16 - INFO - Val result of epoch 22 / 40 acc 0.7735 uar 0.7333 f1 0.7482
2025-12-23 17:22:03,847 - utils.logger2025-12-23-17.18.16 - INFO - Tst result of epoch 22 / 40 acc 0.6158 uar 0.5933 f1 0.5819
2025-12-23 17:22:04,716 - utils.logger2025-12-23-17.18.16 - INFO - Cur epoch 23 loss CE:0.0048 mse:0.0000 consistent:0.0000
2025-12-23 17:22:05,686 - utils.logger2025-12-23-17.18.16 - INFO - Cur epoch 23 loss CE:0.0311 mse:0.0000 consistent:0.0000
2025-12-23 17:22:06,646 - utils.logger2025-12-23-17.18.16 - INFO - Cur epoch 23 loss CE:0.1402 mse:0.0000 consistent:0.0000
2025-12-23 17:22:07,582 - utils.logger2025-12-23-17.18.16 - INFO - Cur epoch 23 loss CE:0.1487 mse:0.0000 consistent:0.0000
2025-12-23 17:22:08,416 - utils.logger2025-12-23-17.18.16 - INFO - Cur epoch 23 loss CE:0.0019 mse:0.0000 consistent:0.0000
2025-12-23 17:22:09,260 - utils.logger2025-12-23-17.18.16 - INFO - Cur epoch 23 loss CE:0.0020 mse:0.0000 consistent:0.0000
2025-12-23 17:22:10,079 - utils.logger2025-12-23-17.18.16 - INFO - Cur epoch 23 loss CE:0.0221 mse:0.0000 consistent:0.0000
2025-12-23 17:22:10,885 - utils.logger2025-12-23-17.18.16 - INFO - Cur epoch 23 loss CE:0.0800 mse:0.0000 consistent:0.0000
2025-12-23 17:22:11,691 - utils.logger2025-12-23-17.18.16 - INFO - Cur epoch 23 loss CE:0.3457 mse:0.0000 consistent:0.0000
2025-12-23 17:22:12,494 - utils.logger2025-12-23-17.18.16 - INFO - Cur epoch 23 loss CE:0.0381 mse:0.0000 consistent:0.0000
2025-12-23 17:22:13,108 - utils.logger2025-12-23-17.18.16 - INFO - saving the model at the end of epoch 23, iters 2438
2025-12-23 17:22:13,241 - utils.logger2025-12-23-17.18.16 - INFO - End of training epoch 23 / 40 	 Time Taken: 9 sec
2025-12-23 17:22:13,241 - utils.logger2025-12-23-17.18.16 - INFO - learning rate = 0.0001619
2025-12-23 17:22:13,555 - utils.logger2025-12-23-17.18.16 - INFO - Val result of epoch 23 / 40 acc 0.7607 uar 0.7567 f1 0.7510
2025-12-23 17:22:13,840 - utils.logger2025-12-23-17.18.16 - INFO - Tst result of epoch 23 / 40 acc 0.5961 uar 0.6051 f1 0.5801
2025-12-23 17:22:13,995 - utils.logger2025-12-23-17.18.16 - INFO - Cur epoch 24 loss CE:0.0367 mse:0.0000 consistent:0.0000
2025-12-23 17:22:14,800 - utils.logger2025-12-23-17.18.16 - INFO - Cur epoch 24 loss CE:0.0278 mse:0.0000 consistent:0.0000
2025-12-23 17:22:15,694 - utils.logger2025-12-23-17.18.16 - INFO - Cur epoch 24 loss CE:0.0919 mse:0.0000 consistent:0.0000
2025-12-23 17:22:16,653 - utils.logger2025-12-23-17.18.16 - INFO - Cur epoch 24 loss CE:0.0070 mse:0.0000 consistent:0.0000
2025-12-23 17:22:17,587 - utils.logger2025-12-23-17.18.16 - INFO - Cur epoch 24 loss CE:0.0251 mse:0.0000 consistent:0.0000
2025-12-23 17:22:18,522 - utils.logger2025-12-23-17.18.16 - INFO - Cur epoch 24 loss CE:0.0028 mse:0.0000 consistent:0.0000
2025-12-23 17:22:19,506 - utils.logger2025-12-23-17.18.16 - INFO - Cur epoch 24 loss CE:0.0892 mse:0.0000 consistent:0.0000
2025-12-23 17:22:20,473 - utils.logger2025-12-23-17.18.16 - INFO - Cur epoch 24 loss CE:0.0113 mse:0.0000 consistent:0.0000
2025-12-23 17:22:21,401 - utils.logger2025-12-23-17.18.16 - INFO - Cur epoch 24 loss CE:0.1400 mse:0.0000 consistent:0.0000
2025-12-23 17:22:22,336 - utils.logger2025-12-23-17.18.16 - INFO - Cur epoch 24 loss CE:0.0018 mse:0.0000 consistent:0.0000
2025-12-23 17:22:23,265 - utils.logger2025-12-23-17.18.16 - INFO - Cur epoch 24 loss CE:0.0010 mse:0.0000 consistent:0.0000
2025-12-23 17:22:23,671 - utils.logger2025-12-23-17.18.16 - INFO - saving the model at the end of epoch 24, iters 2544
2025-12-23 17:22:23,821 - utils.logger2025-12-23-17.18.16 - INFO - End of training epoch 24 / 40 	 Time Taken: 9 sec
2025-12-23 17:22:23,821 - utils.logger2025-12-23-17.18.16 - INFO - learning rate = 0.0001524
2025-12-23 17:22:24,171 - utils.logger2025-12-23-17.18.16 - INFO - Val result of epoch 24 / 40 acc 0.7778 uar 0.7232 f1 0.7466
2025-12-23 17:22:24,520 - utils.logger2025-12-23-17.18.16 - INFO - Tst result of epoch 24 / 40 acc 0.6207 uar 0.5722 f1 0.5729
2025-12-23 17:22:24,979 - utils.logger2025-12-23-17.18.16 - INFO - Cur epoch 25 loss CE:0.0001 mse:0.0000 consistent:0.0000
2025-12-23 17:22:25,763 - utils.logger2025-12-23-17.18.16 - INFO - Cur epoch 25 loss CE:0.0003 mse:0.0000 consistent:0.0000
2025-12-23 17:22:26,597 - utils.logger2025-12-23-17.18.16 - INFO - Cur epoch 25 loss CE:0.0017 mse:0.0000 consistent:0.0000
2025-12-23 17:22:27,354 - utils.logger2025-12-23-17.18.16 - INFO - Cur epoch 25 loss CE:0.0001 mse:0.0000 consistent:0.0000
2025-12-23 17:22:28,169 - utils.logger2025-12-23-17.18.16 - INFO - Cur epoch 25 loss CE:0.0046 mse:0.0000 consistent:0.0000
2025-12-23 17:22:28,998 - utils.logger2025-12-23-17.18.16 - INFO - Cur epoch 25 loss CE:0.0013 mse:0.0000 consistent:0.0000
2025-12-23 17:22:29,761 - utils.logger2025-12-23-17.18.16 - INFO - Cur epoch 25 loss CE:0.2445 mse:0.0000 consistent:0.0000
2025-12-23 17:22:30,739 - utils.logger2025-12-23-17.18.16 - INFO - Cur epoch 25 loss CE:0.0031 mse:0.0000 consistent:0.0000
2025-12-23 17:22:31,700 - utils.logger2025-12-23-17.18.16 - INFO - Cur epoch 25 loss CE:0.0008 mse:0.0000 consistent:0.0000
2025-12-23 17:22:32,660 - utils.logger2025-12-23-17.18.16 - INFO - Cur epoch 25 loss CE:0.1154 mse:0.0000 consistent:0.0000
2025-12-23 17:22:33,722 - utils.logger2025-12-23-17.18.16 - INFO - Cur epoch 25 loss CE:0.0014 mse:0.0000 consistent:0.0000
2025-12-23 17:22:33,722 - utils.logger2025-12-23-17.18.16 - INFO - saving the model at the end of epoch 25, iters 2650
2025-12-23 17:22:33,897 - utils.logger2025-12-23-17.18.16 - INFO - End of training epoch 25 / 40 	 Time Taken: 9 sec
2025-12-23 17:22:33,897 - utils.logger2025-12-23-17.18.16 - INFO - learning rate = 0.0001429
2025-12-23 17:22:34,314 - utils.logger2025-12-23-17.18.16 - INFO - Val result of epoch 25 / 40 acc 0.7650 uar 0.7051 f1 0.7247
2025-12-23 17:22:34,689 - utils.logger2025-12-23-17.18.16 - INFO - Tst result of epoch 25 / 40 acc 0.6158 uar 0.5872 f1 0.5886
2025-12-23 17:22:35,678 - utils.logger2025-12-23-17.18.16 - INFO - Cur epoch 26 loss CE:0.3241 mse:0.0000 consistent:0.0000
2025-12-23 17:22:36,644 - utils.logger2025-12-23-17.18.16 - INFO - Cur epoch 26 loss CE:0.0073 mse:0.0000 consistent:0.0000
2025-12-23 17:22:37,574 - utils.logger2025-12-23-17.18.16 - INFO - Cur epoch 26 loss CE:0.0007 mse:0.0000 consistent:0.0000
2025-12-23 17:22:38,495 - utils.logger2025-12-23-17.18.16 - INFO - Cur epoch 26 loss CE:0.3641 mse:0.0000 consistent:0.0000
2025-12-23 17:22:39,448 - utils.logger2025-12-23-17.18.16 - INFO - Cur epoch 26 loss CE:0.0017 mse:0.0000 consistent:0.0000
2025-12-23 17:22:40,453 - utils.logger2025-12-23-17.18.16 - INFO - Cur epoch 26 loss CE:0.0063 mse:0.0000 consistent:0.0000
2025-12-23 17:22:41,400 - utils.logger2025-12-23-17.18.16 - INFO - Cur epoch 26 loss CE:0.2776 mse:0.0000 consistent:0.0000
2025-12-23 17:22:42,315 - utils.logger2025-12-23-17.18.16 - INFO - Cur epoch 26 loss CE:0.0026 mse:0.0000 consistent:0.0000
2025-12-23 17:22:43,207 - utils.logger2025-12-23-17.18.16 - INFO - Cur epoch 26 loss CE:0.0004 mse:0.0000 consistent:0.0000
2025-12-23 17:22:43,985 - utils.logger2025-12-23-17.18.16 - INFO - Cur epoch 26 loss CE:0.0033 mse:0.0000 consistent:0.0000
2025-12-23 17:22:44,450 - utils.logger2025-12-23-17.18.16 - INFO - saving the model at the end of epoch 26, iters 2756
2025-12-23 17:22:44,579 - utils.logger2025-12-23-17.18.16 - INFO - End of training epoch 26 / 40 	 Time Taken: 9 sec
2025-12-23 17:22:44,579 - utils.logger2025-12-23-17.18.16 - INFO - learning rate = 0.0001333
2025-12-23 17:22:44,896 - utils.logger2025-12-23-17.18.16 - INFO - Val result of epoch 26 / 40 acc 0.7479 uar 0.6733 f1 0.6890
2025-12-23 17:22:45,171 - utils.logger2025-12-23-17.18.16 - INFO - Tst result of epoch 26 / 40 acc 0.6355 uar 0.6025 f1 0.6179
2025-12-23 17:22:45,486 - utils.logger2025-12-23-17.18.16 - INFO - Cur epoch 27 loss CE:0.2377 mse:0.0000 consistent:0.0000
2025-12-23 17:22:46,265 - utils.logger2025-12-23-17.18.16 - INFO - Cur epoch 27 loss CE:0.0323 mse:0.0000 consistent:0.0000
2025-12-23 17:22:47,158 - utils.logger2025-12-23-17.18.16 - INFO - Cur epoch 27 loss CE:0.0053 mse:0.0000 consistent:0.0000
2025-12-23 17:22:48,090 - utils.logger2025-12-23-17.18.16 - INFO - Cur epoch 27 loss CE:0.0032 mse:0.0000 consistent:0.0000
2025-12-23 17:22:49,035 - utils.logger2025-12-23-17.18.16 - INFO - Cur epoch 27 loss CE:0.0011 mse:0.0000 consistent:0.0000
2025-12-23 17:22:49,949 - utils.logger2025-12-23-17.18.16 - INFO - Cur epoch 27 loss CE:0.1839 mse:0.0000 consistent:0.0000
2025-12-23 17:22:50,888 - utils.logger2025-12-23-17.18.16 - INFO - Cur epoch 27 loss CE:0.0008 mse:0.0000 consistent:0.0000
2025-12-23 17:22:51,800 - utils.logger2025-12-23-17.18.16 - INFO - Cur epoch 27 loss CE:0.2014 mse:0.0000 consistent:0.0000
2025-12-23 17:22:52,735 - utils.logger2025-12-23-17.18.16 - INFO - Cur epoch 27 loss CE:0.0054 mse:0.0000 consistent:0.0000
2025-12-23 17:22:53,731 - utils.logger2025-12-23-17.18.16 - INFO - Cur epoch 27 loss CE:0.0010 mse:0.0000 consistent:0.0000
2025-12-23 17:22:54,696 - utils.logger2025-12-23-17.18.16 - INFO - Cur epoch 27 loss CE:0.1247 mse:0.0000 consistent:0.0000
2025-12-23 17:22:54,872 - utils.logger2025-12-23-17.18.16 - INFO - saving the model at the end of epoch 27, iters 2862
2025-12-23 17:22:55,046 - utils.logger2025-12-23-17.18.16 - INFO - End of training epoch 27 / 40 	 Time Taken: 9 sec
2025-12-23 17:22:55,046 - utils.logger2025-12-23-17.18.16 - INFO - learning rate = 0.0001238
2025-12-23 17:22:55,441 - utils.logger2025-12-23-17.18.16 - INFO - Val result of epoch 27 / 40 acc 0.7436 uar 0.6527 f1 0.6715
2025-12-23 17:22:55,787 - utils.logger2025-12-23-17.18.16 - INFO - Tst result of epoch 27 / 40 acc 0.6453 uar 0.5848 f1 0.6171
2025-12-23 17:22:56,583 - utils.logger2025-12-23-17.18.16 - INFO - Cur epoch 28 loss CE:0.0005 mse:0.0000 consistent:0.0000
2025-12-23 17:22:57,574 - utils.logger2025-12-23-17.18.16 - INFO - Cur epoch 28 loss CE:0.0005 mse:0.0000 consistent:0.0000
2025-12-23 17:22:58,579 - utils.logger2025-12-23-17.18.16 - INFO - Cur epoch 28 loss CE:0.0096 mse:0.0000 consistent:0.0000
2025-12-23 17:22:59,556 - utils.logger2025-12-23-17.18.16 - INFO - Cur epoch 28 loss CE:0.0028 mse:0.0000 consistent:0.0000
2025-12-23 17:23:00,415 - utils.logger2025-12-23-17.18.16 - INFO - Cur epoch 28 loss CE:0.0128 mse:0.0000 consistent:0.0000
2025-12-23 17:23:01,269 - utils.logger2025-12-23-17.18.16 - INFO - Cur epoch 28 loss CE:0.3765 mse:0.0000 consistent:0.0000
2025-12-23 17:23:02,180 - utils.logger2025-12-23-17.18.16 - INFO - Cur epoch 28 loss CE:0.0009 mse:0.0000 consistent:0.0000
2025-12-23 17:23:03,083 - utils.logger2025-12-23-17.18.16 - INFO - Cur epoch 28 loss CE:0.0019 mse:0.0000 consistent:0.0000
2025-12-23 17:23:04,086 - utils.logger2025-12-23-17.18.16 - INFO - Cur epoch 28 loss CE:0.0010 mse:0.0000 consistent:0.0000
2025-12-23 17:23:04,985 - utils.logger2025-12-23-17.18.16 - INFO - Cur epoch 28 loss CE:0.0001 mse:0.0000 consistent:0.0000
2025-12-23 17:23:05,715 - utils.logger2025-12-23-17.18.16 - INFO - saving the model at the end of epoch 28, iters 2968
2025-12-23 17:23:05,905 - utils.logger2025-12-23-17.18.16 - INFO - End of training epoch 28 / 40 	 Time Taken: 10 sec
2025-12-23 17:23:05,905 - utils.logger2025-12-23-17.18.16 - INFO - learning rate = 0.0001143
2025-12-23 17:23:06,291 - utils.logger2025-12-23-17.18.16 - INFO - Val result of epoch 28 / 40 acc 0.7650 uar 0.6955 f1 0.7229
2025-12-23 17:23:06,642 - utils.logger2025-12-23-17.18.16 - INFO - Tst result of epoch 28 / 40 acc 0.6404 uar 0.5807 f1 0.5998
2025-12-23 17:23:06,813 - utils.logger2025-12-23-17.18.16 - INFO - Cur epoch 29 loss CE:0.0123 mse:0.0000 consistent:0.0000
2025-12-23 17:23:07,707 - utils.logger2025-12-23-17.18.16 - INFO - Cur epoch 29 loss CE:0.1230 mse:0.0000 consistent:0.0000
2025-12-23 17:23:08,605 - utils.logger2025-12-23-17.18.16 - INFO - Cur epoch 29 loss CE:0.0011 mse:0.0000 consistent:0.0000
2025-12-23 17:23:09,509 - utils.logger2025-12-23-17.18.16 - INFO - Cur epoch 29 loss CE:0.0010 mse:0.0000 consistent:0.0000
2025-12-23 17:23:10,431 - utils.logger2025-12-23-17.18.16 - INFO - Cur epoch 29 loss CE:0.0004 mse:0.0000 consistent:0.0000
2025-12-23 17:23:11,367 - utils.logger2025-12-23-17.18.16 - INFO - Cur epoch 29 loss CE:0.0025 mse:0.0000 consistent:0.0000
2025-12-23 17:23:12,141 - utils.logger2025-12-23-17.18.16 - INFO - Cur epoch 29 loss CE:0.0014 mse:0.0000 consistent:0.0000
2025-12-23 17:23:12,826 - utils.logger2025-12-23-17.18.16 - INFO - Cur epoch 29 loss CE:0.0188 mse:0.0000 consistent:0.0000
2025-12-23 17:23:13,508 - utils.logger2025-12-23-17.18.16 - INFO - Cur epoch 29 loss CE:0.0388 mse:0.0000 consistent:0.0000
2025-12-23 17:23:14,174 - utils.logger2025-12-23-17.18.16 - INFO - Cur epoch 29 loss CE:0.1408 mse:0.0000 consistent:0.0000
2025-12-23 17:23:14,846 - utils.logger2025-12-23-17.18.16 - INFO - Cur epoch 29 loss CE:0.0010 mse:0.0000 consistent:0.0000
2025-12-23 17:23:15,109 - utils.logger2025-12-23-17.18.16 - INFO - saving the model at the end of epoch 29, iters 3074
2025-12-23 17:23:15,212 - utils.logger2025-12-23-17.18.16 - INFO - End of training epoch 29 / 40 	 Time Taken: 8 sec
2025-12-23 17:23:15,212 - utils.logger2025-12-23-17.18.16 - INFO - learning rate = 0.0001048
2025-12-23 17:23:15,457 - utils.logger2025-12-23-17.18.16 - INFO - Val result of epoch 29 / 40 acc 0.7479 uar 0.6908 f1 0.6969
2025-12-23 17:23:15,670 - utils.logger2025-12-23-17.18.16 - INFO - Tst result of epoch 29 / 40 acc 0.6453 uar 0.6601 f1 0.6330
2025-12-23 17:23:16,123 - utils.logger2025-12-23-17.18.16 - INFO - Cur epoch 30 loss CE:0.0016 mse:0.0000 consistent:0.0000
2025-12-23 17:23:16,938 - utils.logger2025-12-23-17.18.16 - INFO - Cur epoch 30 loss CE:0.0007 mse:0.0000 consistent:0.0000
2025-12-23 17:23:17,716 - utils.logger2025-12-23-17.18.16 - INFO - Cur epoch 30 loss CE:0.0194 mse:0.0000 consistent:0.0000
2025-12-23 17:23:18,492 - utils.logger2025-12-23-17.18.16 - INFO - Cur epoch 30 loss CE:0.0006 mse:0.0000 consistent:0.0000
2025-12-23 17:23:19,317 - utils.logger2025-12-23-17.18.16 - INFO - Cur epoch 30 loss CE:0.0014 mse:0.0000 consistent:0.0000
2025-12-23 17:23:20,232 - utils.logger2025-12-23-17.18.16 - INFO - Cur epoch 30 loss CE:0.0175 mse:0.0000 consistent:0.0000
2025-12-23 17:23:21,132 - utils.logger2025-12-23-17.18.16 - INFO - Cur epoch 30 loss CE:0.0010 mse:0.0000 consistent:0.0000
2025-12-23 17:23:22,060 - utils.logger2025-12-23-17.18.16 - INFO - Cur epoch 30 loss CE:0.1083 mse:0.0000 consistent:0.0000
2025-12-23 17:23:22,986 - utils.logger2025-12-23-17.18.16 - INFO - Cur epoch 30 loss CE:0.0035 mse:0.0000 consistent:0.0000
2025-12-23 17:23:23,922 - utils.logger2025-12-23-17.18.16 - INFO - Cur epoch 30 loss CE:0.0004 mse:0.0000 consistent:0.0000
2025-12-23 17:23:24,818 - utils.logger2025-12-23-17.18.16 - INFO - Cur epoch 30 loss CE:0.0143 mse:0.0000 consistent:0.0000
2025-12-23 17:23:24,819 - utils.logger2025-12-23-17.18.16 - INFO - saving the model at the end of epoch 30, iters 3180
2025-12-23 17:23:24,989 - utils.logger2025-12-23-17.18.16 - INFO - End of training epoch 30 / 40 	 Time Taken: 9 sec
2025-12-23 17:23:24,990 - utils.logger2025-12-23-17.18.16 - INFO - learning rate = 0.0000952
2025-12-23 17:23:25,386 - utils.logger2025-12-23-17.18.16 - INFO - Val result of epoch 30 / 40 acc 0.7521 uar 0.7037 f1 0.7136
2025-12-23 17:23:25,700 - utils.logger2025-12-23-17.18.16 - INFO - Tst result of epoch 30 / 40 acc 0.6256 uar 0.6366 f1 0.6162
2025-12-23 17:23:26,653 - utils.logger2025-12-23-17.18.16 - INFO - Cur epoch 31 loss CE:0.0015 mse:0.0000 consistent:0.0000
2025-12-23 17:23:27,628 - utils.logger2025-12-23-17.18.16 - INFO - Cur epoch 31 loss CE:0.0007 mse:0.0000 consistent:0.0000
2025-12-23 17:23:28,614 - utils.logger2025-12-23-17.18.16 - INFO - Cur epoch 31 loss CE:0.0007 mse:0.0000 consistent:0.0000
2025-12-23 17:23:29,604 - utils.logger2025-12-23-17.18.16 - INFO - Cur epoch 31 loss CE:0.0473 mse:0.0000 consistent:0.0000
2025-12-23 17:23:30,348 - utils.logger2025-12-23-17.18.16 - INFO - Cur epoch 31 loss CE:0.0003 mse:0.0000 consistent:0.0000
2025-12-23 17:23:31,148 - utils.logger2025-12-23-17.18.16 - INFO - Cur epoch 31 loss CE:0.0005 mse:0.0000 consistent:0.0000
2025-12-23 17:23:32,112 - utils.logger2025-12-23-17.18.16 - INFO - Cur epoch 31 loss CE:0.0007 mse:0.0000 consistent:0.0000
2025-12-23 17:23:33,067 - utils.logger2025-12-23-17.18.16 - INFO - Cur epoch 31 loss CE:0.0011 mse:0.0000 consistent:0.0000
2025-12-23 17:23:33,982 - utils.logger2025-12-23-17.18.16 - INFO - Cur epoch 31 loss CE:0.0007 mse:0.0000 consistent:0.0000
2025-12-23 17:23:34,847 - utils.logger2025-12-23-17.18.16 - INFO - Cur epoch 31 loss CE:0.0003 mse:0.0000 consistent:0.0000
2025-12-23 17:23:35,307 - utils.logger2025-12-23-17.18.16 - INFO - saving the model at the end of epoch 31, iters 3286
2025-12-23 17:23:35,438 - utils.logger2025-12-23-17.18.16 - INFO - End of training epoch 31 / 40 	 Time Taken: 9 sec
2025-12-23 17:23:35,438 - utils.logger2025-12-23-17.18.16 - INFO - learning rate = 0.0000857
2025-12-23 17:23:35,765 - utils.logger2025-12-23-17.18.16 - INFO - Val result of epoch 31 / 40 acc 0.7564 uar 0.6671 f1 0.6851
2025-12-23 17:23:36,033 - utils.logger2025-12-23-17.18.16 - INFO - Tst result of epoch 31 / 40 acc 0.6946 uar 0.6387 f1 0.6769
2025-12-23 17:23:36,387 - utils.logger2025-12-23-17.18.16 - INFO - Cur epoch 32 loss CE:0.0050 mse:0.0000 consistent:0.0000
2025-12-23 17:23:37,305 - utils.logger2025-12-23-17.18.16 - INFO - Cur epoch 32 loss CE:0.0001 mse:0.0000 consistent:0.0000
2025-12-23 17:23:38,213 - utils.logger2025-12-23-17.18.16 - INFO - Cur epoch 32 loss CE:0.0023 mse:0.0000 consistent:0.0000
2025-12-23 17:23:39,119 - utils.logger2025-12-23-17.18.16 - INFO - Cur epoch 32 loss CE:0.0004 mse:0.0000 consistent:0.0000
2025-12-23 17:23:40,037 - utils.logger2025-12-23-17.18.16 - INFO - Cur epoch 32 loss CE:0.0004 mse:0.0000 consistent:0.0000
2025-12-23 17:23:40,995 - utils.logger2025-12-23-17.18.16 - INFO - Cur epoch 32 loss CE:0.0001 mse:0.0000 consistent:0.0000
2025-12-23 17:23:41,919 - utils.logger2025-12-23-17.18.16 - INFO - Cur epoch 32 loss CE:0.0030 mse:0.0000 consistent:0.0000
2025-12-23 17:23:42,820 - utils.logger2025-12-23-17.18.16 - INFO - Cur epoch 32 loss CE:0.0005 mse:0.0000 consistent:0.0000
2025-12-23 17:23:43,755 - utils.logger2025-12-23-17.18.16 - INFO - Cur epoch 32 loss CE:0.0007 mse:0.0000 consistent:0.0000
2025-12-23 17:23:44,613 - utils.logger2025-12-23-17.18.16 - INFO - Cur epoch 32 loss CE:0.3618 mse:0.0000 consistent:0.0000
2025-12-23 17:23:45,502 - utils.logger2025-12-23-17.18.16 - INFO - Cur epoch 32 loss CE:0.0010 mse:0.0000 consistent:0.0000
2025-12-23 17:23:45,660 - utils.logger2025-12-23-17.18.16 - INFO - saving the model at the end of epoch 32, iters 3392
2025-12-23 17:23:45,816 - utils.logger2025-12-23-17.18.16 - INFO - End of training epoch 32 / 40 	 Time Taken: 9 sec
2025-12-23 17:23:45,817 - utils.logger2025-12-23-17.18.16 - INFO - learning rate = 0.0000762
2025-12-23 17:23:46,224 - utils.logger2025-12-23-17.18.16 - INFO - Val result of epoch 32 / 40 acc 0.7436 uar 0.6790 f1 0.6944
2025-12-23 17:23:46,575 - utils.logger2025-12-23-17.18.16 - INFO - Tst result of epoch 32 / 40 acc 0.6847 uar 0.6643 f1 0.6708
2025-12-23 17:23:47,351 - utils.logger2025-12-23-17.18.16 - INFO - Cur epoch 33 loss CE:0.0002 mse:0.0000 consistent:0.0000
2025-12-23 17:23:48,278 - utils.logger2025-12-23-17.18.16 - INFO - Cur epoch 33 loss CE:0.0014 mse:0.0000 consistent:0.0000
2025-12-23 17:23:49,256 - utils.logger2025-12-23-17.18.16 - INFO - Cur epoch 33 loss CE:0.0003 mse:0.0000 consistent:0.0000
2025-12-23 17:23:50,223 - utils.logger2025-12-23-17.18.16 - INFO - Cur epoch 33 loss CE:0.0004 mse:0.0000 consistent:0.0000
2025-12-23 17:23:51,154 - utils.logger2025-12-23-17.18.16 - INFO - Cur epoch 33 loss CE:0.0001 mse:0.0000 consistent:0.0000
2025-12-23 17:23:52,105 - utils.logger2025-12-23-17.18.16 - INFO - Cur epoch 33 loss CE:0.0007 mse:0.0000 consistent:0.0000
2025-12-23 17:23:53,057 - utils.logger2025-12-23-17.18.16 - INFO - Cur epoch 33 loss CE:0.0002 mse:0.0000 consistent:0.0000
2025-12-23 17:23:54,023 - utils.logger2025-12-23-17.18.16 - INFO - Cur epoch 33 loss CE:0.0010 mse:0.0000 consistent:0.0000
2025-12-23 17:23:54,975 - utils.logger2025-12-23-17.18.16 - INFO - Cur epoch 33 loss CE:0.0011 mse:0.0000 consistent:0.0000
2025-12-23 17:23:55,944 - utils.logger2025-12-23-17.18.16 - INFO - Cur epoch 33 loss CE:0.0001 mse:0.0000 consistent:0.0000
2025-12-23 17:23:56,731 - utils.logger2025-12-23-17.18.16 - INFO - saving the model at the end of epoch 33, iters 3498
2025-12-23 17:23:56,892 - utils.logger2025-12-23-17.18.16 - INFO - End of training epoch 33 / 40 	 Time Taken: 10 sec
2025-12-23 17:23:56,892 - utils.logger2025-12-23-17.18.16 - INFO - learning rate = 0.0000667
2025-12-23 17:23:57,300 - utils.logger2025-12-23-17.18.16 - INFO - Val result of epoch 33 / 40 acc 0.7436 uar 0.6764 f1 0.6961
2025-12-23 17:23:57,655 - utils.logger2025-12-23-17.18.16 - INFO - Tst result of epoch 33 / 40 acc 0.6995 uar 0.6692 f1 0.6864
2025-12-23 17:23:57,834 - utils.logger2025-12-23-17.18.16 - INFO - Cur epoch 34 loss CE:0.0495 mse:0.0000 consistent:0.0000
2025-12-23 17:23:58,782 - utils.logger2025-12-23-17.18.16 - INFO - Cur epoch 34 loss CE:0.0001 mse:0.0000 consistent:0.0000
2025-12-23 17:23:59,727 - utils.logger2025-12-23-17.18.16 - INFO - Cur epoch 34 loss CE:0.0001 mse:0.0000 consistent:0.0000
2025-12-23 17:24:00,638 - utils.logger2025-12-23-17.18.16 - INFO - Cur epoch 34 loss CE:0.0001 mse:0.0000 consistent:0.0000
2025-12-23 17:24:01,498 - utils.logger2025-12-23-17.18.16 - INFO - Cur epoch 34 loss CE:0.0059 mse:0.0000 consistent:0.0000
2025-12-23 17:24:02,452 - utils.logger2025-12-23-17.18.16 - INFO - Cur epoch 34 loss CE:0.1637 mse:0.0000 consistent:0.0000
2025-12-23 17:24:03,371 - utils.logger2025-12-23-17.18.16 - INFO - Cur epoch 34 loss CE:0.0003 mse:0.0000 consistent:0.0000
2025-12-23 17:24:04,335 - utils.logger2025-12-23-17.18.16 - INFO - Cur epoch 34 loss CE:0.0002 mse:0.0000 consistent:0.0000
2025-12-23 17:24:05,283 - utils.logger2025-12-23-17.18.16 - INFO - Cur epoch 34 loss CE:0.0002 mse:0.0000 consistent:0.0000
2025-12-23 17:24:06,221 - utils.logger2025-12-23-17.18.16 - INFO - Cur epoch 34 loss CE:0.0001 mse:0.0000 consistent:0.0000
2025-12-23 17:24:07,170 - utils.logger2025-12-23-17.18.16 - INFO - Cur epoch 34 loss CE:0.0002 mse:0.0000 consistent:0.0000
2025-12-23 17:24:07,520 - utils.logger2025-12-23-17.18.16 - INFO - saving the model at the end of epoch 34, iters 3604
2025-12-23 17:24:07,681 - utils.logger2025-12-23-17.18.16 - INFO - End of training epoch 34 / 40 	 Time Taken: 10 sec
2025-12-23 17:24:07,682 - utils.logger2025-12-23-17.18.16 - INFO - learning rate = 0.0000571
2025-12-23 17:24:08,088 - utils.logger2025-12-23-17.18.16 - INFO - Val result of epoch 34 / 40 acc 0.7393 uar 0.6831 f1 0.7002
2025-12-23 17:24:08,485 - utils.logger2025-12-23-17.18.16 - INFO - Tst result of epoch 34 / 40 acc 0.6798 uar 0.6550 f1 0.6618
2025-12-23 17:24:09,068 - utils.logger2025-12-23-17.18.16 - INFO - Cur epoch 35 loss CE:0.0002 mse:0.0000 consistent:0.0000
2025-12-23 17:24:10,031 - utils.logger2025-12-23-17.18.16 - INFO - Cur epoch 35 loss CE:0.0001 mse:0.0000 consistent:0.0000
2025-12-23 17:24:11,049 - utils.logger2025-12-23-17.18.16 - INFO - Cur epoch 35 loss CE:0.0001 mse:0.0000 consistent:0.0000
2025-12-23 17:24:12,020 - utils.logger2025-12-23-17.18.16 - INFO - Cur epoch 35 loss CE:0.0001 mse:0.0000 consistent:0.0000
2025-12-23 17:24:12,987 - utils.logger2025-12-23-17.18.16 - INFO - Cur epoch 35 loss CE:0.0004 mse:0.0000 consistent:0.0000
2025-12-23 17:24:13,922 - utils.logger2025-12-23-17.18.16 - INFO - Cur epoch 35 loss CE:0.0010 mse:0.0000 consistent:0.0000
2025-12-23 17:24:14,802 - utils.logger2025-12-23-17.18.16 - INFO - Cur epoch 35 loss CE:0.0043 mse:0.0000 consistent:0.0000
2025-12-23 17:24:15,779 - utils.logger2025-12-23-17.18.16 - INFO - Cur epoch 35 loss CE:0.0001 mse:0.0000 consistent:0.0000
2025-12-23 17:24:16,685 - utils.logger2025-12-23-17.18.16 - INFO - Cur epoch 35 loss CE:0.0015 mse:0.0000 consistent:0.0000
2025-12-23 17:24:17,588 - utils.logger2025-12-23-17.18.16 - INFO - Cur epoch 35 loss CE:0.0020 mse:0.0000 consistent:0.0000
2025-12-23 17:24:18,447 - utils.logger2025-12-23-17.18.16 - INFO - Cur epoch 35 loss CE:0.0004 mse:0.0000 consistent:0.0000
2025-12-23 17:24:18,448 - utils.logger2025-12-23-17.18.16 - INFO - saving the model at the end of epoch 35, iters 3710
2025-12-23 17:24:18,613 - utils.logger2025-12-23-17.18.16 - INFO - End of training epoch 35 / 40 	 Time Taken: 10 sec
2025-12-23 17:24:18,613 - utils.logger2025-12-23-17.18.16 - INFO - learning rate = 0.0000476
2025-12-23 17:24:19,012 - utils.logger2025-12-23-17.18.16 - INFO - Val result of epoch 35 / 40 acc 0.7479 uar 0.6908 f1 0.7047
2025-12-23 17:24:19,369 - utils.logger2025-12-23-17.18.16 - INFO - Tst result of epoch 35 / 40 acc 0.6847 uar 0.6614 f1 0.6676
2025-12-23 17:24:20,229 - utils.logger2025-12-23-17.18.16 - INFO - Cur epoch 36 loss CE:0.0016 mse:0.0000 consistent:0.0000
2025-12-23 17:24:21,123 - utils.logger2025-12-23-17.18.16 - INFO - Cur epoch 36 loss CE:0.0002 mse:0.0000 consistent:0.0000
2025-12-23 17:24:22,012 - utils.logger2025-12-23-17.18.16 - INFO - Cur epoch 36 loss CE:0.0003 mse:0.0000 consistent:0.0000
2025-12-23 17:24:22,925 - utils.logger2025-12-23-17.18.16 - INFO - Cur epoch 36 loss CE:0.0498 mse:0.0000 consistent:0.0000
2025-12-23 17:24:23,831 - utils.logger2025-12-23-17.18.16 - INFO - Cur epoch 36 loss CE:0.0013 mse:0.0000 consistent:0.0000
2025-12-23 17:24:24,746 - utils.logger2025-12-23-17.18.16 - INFO - Cur epoch 36 loss CE:0.0005 mse:0.0000 consistent:0.0000
2025-12-23 17:24:25,665 - utils.logger2025-12-23-17.18.16 - INFO - Cur epoch 36 loss CE:0.0122 mse:0.0000 consistent:0.0000
2025-12-23 17:24:26,509 - utils.logger2025-12-23-17.18.16 - INFO - Cur epoch 36 loss CE:0.0002 mse:0.0000 consistent:0.0000
2025-12-23 17:24:27,225 - utils.logger2025-12-23-17.18.16 - INFO - Cur epoch 36 loss CE:0.0005 mse:0.0000 consistent:0.0000
2025-12-23 17:24:28,088 - utils.logger2025-12-23-17.18.16 - INFO - Cur epoch 36 loss CE:0.0004 mse:0.0000 consistent:0.0000
2025-12-23 17:24:28,594 - utils.logger2025-12-23-17.18.16 - INFO - saving the model at the end of epoch 36, iters 3816
2025-12-23 17:24:28,766 - utils.logger2025-12-23-17.18.16 - INFO - End of training epoch 36 / 40 	 Time Taken: 9 sec
2025-12-23 17:24:28,766 - utils.logger2025-12-23-17.18.16 - INFO - learning rate = 0.0000381
2025-12-23 17:24:29,168 - utils.logger2025-12-23-17.18.16 - INFO - Val result of epoch 36 / 40 acc 0.7479 uar 0.6769 f1 0.6995
2025-12-23 17:24:29,520 - utils.logger2025-12-23-17.18.16 - INFO - Tst result of epoch 36 / 40 acc 0.6798 uar 0.6506 f1 0.6638
2025-12-23 17:24:29,888 - utils.logger2025-12-23-17.18.16 - INFO - Cur epoch 37 loss CE:0.0002 mse:0.0000 consistent:0.0000
2025-12-23 17:24:30,820 - utils.logger2025-12-23-17.18.16 - INFO - Cur epoch 37 loss CE:0.0001 mse:0.0000 consistent:0.0000
2025-12-23 17:24:31,798 - utils.logger2025-12-23-17.18.16 - INFO - Cur epoch 37 loss CE:0.0001 mse:0.0000 consistent:0.0000
2025-12-23 17:24:32,756 - utils.logger2025-12-23-17.18.16 - INFO - Cur epoch 37 loss CE:0.0002 mse:0.0000 consistent:0.0000
2025-12-23 17:24:33,722 - utils.logger2025-12-23-17.18.16 - INFO - Cur epoch 37 loss CE:0.0000 mse:0.0000 consistent:0.0000
2025-12-23 17:24:34,700 - utils.logger2025-12-23-17.18.16 - INFO - Cur epoch 37 loss CE:0.0004 mse:0.0000 consistent:0.0000
2025-12-23 17:24:35,689 - utils.logger2025-12-23-17.18.16 - INFO - Cur epoch 37 loss CE:0.0004 mse:0.0000 consistent:0.0000
2025-12-23 17:24:36,605 - utils.logger2025-12-23-17.18.16 - INFO - Cur epoch 37 loss CE:0.0001 mse:0.0000 consistent:0.0000
2025-12-23 17:24:37,571 - utils.logger2025-12-23-17.18.16 - INFO - Cur epoch 37 loss CE:0.0001 mse:0.0000 consistent:0.0000
2025-12-23 17:24:38,261 - utils.logger2025-12-23-17.18.16 - INFO - Cur epoch 37 loss CE:0.0010 mse:0.0000 consistent:0.0000
2025-12-23 17:24:39,029 - utils.logger2025-12-23-17.18.16 - INFO - Cur epoch 37 loss CE:0.0003 mse:0.0000 consistent:0.0000
2025-12-23 17:24:39,177 - utils.logger2025-12-23-17.18.16 - INFO - saving the model at the end of epoch 37, iters 3922
2025-12-23 17:24:39,309 - utils.logger2025-12-23-17.18.16 - INFO - End of training epoch 37 / 40 	 Time Taken: 9 sec
2025-12-23 17:24:39,309 - utils.logger2025-12-23-17.18.16 - INFO - learning rate = 0.0000286
2025-12-23 17:24:39,620 - utils.logger2025-12-23-17.18.16 - INFO - Val result of epoch 37 / 40 acc 0.7479 uar 0.6954 f1 0.7121
2025-12-23 17:24:39,906 - utils.logger2025-12-23-17.18.16 - INFO - Tst result of epoch 37 / 40 acc 0.6749 uar 0.6493 f1 0.6534
2025-12-23 17:24:40,550 - utils.logger2025-12-23-17.18.16 - INFO - Cur epoch 38 loss CE:0.0006 mse:0.0000 consistent:0.0000
2025-12-23 17:24:41,517 - utils.logger2025-12-23-17.18.16 - INFO - Cur epoch 38 loss CE:0.0003 mse:0.0000 consistent:0.0000
2025-12-23 17:24:42,440 - utils.logger2025-12-23-17.18.16 - INFO - Cur epoch 38 loss CE:0.0001 mse:0.0000 consistent:0.0000
2025-12-23 17:24:43,386 - utils.logger2025-12-23-17.18.16 - INFO - Cur epoch 38 loss CE:0.0004 mse:0.0000 consistent:0.0000
2025-12-23 17:24:44,391 - utils.logger2025-12-23-17.18.16 - INFO - Cur epoch 38 loss CE:0.0021 mse:0.0000 consistent:0.0000
2025-12-23 17:24:45,335 - utils.logger2025-12-23-17.18.16 - INFO - Cur epoch 38 loss CE:0.0005 mse:0.0000 consistent:0.0000
2025-12-23 17:24:46,303 - utils.logger2025-12-23-17.18.16 - INFO - Cur epoch 38 loss CE:0.0009 mse:0.0000 consistent:0.0000
2025-12-23 17:24:47,253 - utils.logger2025-12-23-17.18.16 - INFO - Cur epoch 38 loss CE:0.0005 mse:0.0000 consistent:0.0000
2025-12-23 17:24:48,179 - utils.logger2025-12-23-17.18.16 - INFO - Cur epoch 38 loss CE:0.0002 mse:0.0000 consistent:0.0000
2025-12-23 17:24:49,174 - utils.logger2025-12-23-17.18.16 - INFO - Cur epoch 38 loss CE:0.0100 mse:0.0000 consistent:0.0000
2025-12-23 17:24:49,892 - utils.logger2025-12-23-17.18.16 - INFO - saving the model at the end of epoch 38, iters 4028
2025-12-23 17:24:50,020 - utils.logger2025-12-23-17.18.16 - INFO - End of training epoch 38 / 40 	 Time Taken: 10 sec
2025-12-23 17:24:50,021 - utils.logger2025-12-23-17.18.16 - INFO - learning rate = 0.0000190
2025-12-23 17:24:50,406 - utils.logger2025-12-23-17.18.16 - INFO - Val result of epoch 38 / 40 acc 0.7521 uar 0.6984 f1 0.7168
2025-12-23 17:24:50,754 - utils.logger2025-12-23-17.18.16 - INFO - Tst result of epoch 38 / 40 acc 0.6798 uar 0.6536 f1 0.6583
2025-12-23 17:24:50,943 - utils.logger2025-12-23-17.18.16 - INFO - Cur epoch 39 loss CE:0.0001 mse:0.0000 consistent:0.0000
2025-12-23 17:24:51,882 - utils.logger2025-12-23-17.18.16 - INFO - Cur epoch 39 loss CE:0.0002 mse:0.0000 consistent:0.0000
2025-12-23 17:24:52,820 - utils.logger2025-12-23-17.18.16 - INFO - Cur epoch 39 loss CE:0.0000 mse:0.0000 consistent:0.0000
2025-12-23 17:24:53,750 - utils.logger2025-12-23-17.18.16 - INFO - Cur epoch 39 loss CE:0.0057 mse:0.0000 consistent:0.0000
2025-12-23 17:24:54,600 - utils.logger2025-12-23-17.18.16 - INFO - Cur epoch 39 loss CE:0.0002 mse:0.0000 consistent:0.0000
2025-12-23 17:24:55,501 - utils.logger2025-12-23-17.18.16 - INFO - Cur epoch 39 loss CE:0.0001 mse:0.0000 consistent:0.0000
2025-12-23 17:24:56,346 - utils.logger2025-12-23-17.18.16 - INFO - Cur epoch 39 loss CE:0.0001 mse:0.0000 consistent:0.0000
2025-12-23 17:24:57,283 - utils.logger2025-12-23-17.18.16 - INFO - Cur epoch 39 loss CE:0.0001 mse:0.0000 consistent:0.0000
2025-12-23 17:24:58,212 - utils.logger2025-12-23-17.18.16 - INFO - Cur epoch 39 loss CE:0.0001 mse:0.0000 consistent:0.0000
2025-12-23 17:24:59,258 - utils.logger2025-12-23-17.18.16 - INFO - Cur epoch 39 loss CE:0.0001 mse:0.0000 consistent:0.0000
2025-12-23 17:25:00,174 - utils.logger2025-12-23-17.18.16 - INFO - Cur epoch 39 loss CE:0.0000 mse:0.0000 consistent:0.0000
2025-12-23 17:25:00,527 - utils.logger2025-12-23-17.18.16 - INFO - saving the model at the end of epoch 39, iters 4134
2025-12-23 17:25:00,682 - utils.logger2025-12-23-17.18.16 - INFO - End of training epoch 39 / 40 	 Time Taken: 9 sec
2025-12-23 17:25:00,682 - utils.logger2025-12-23-17.18.16 - INFO - learning rate = 0.0000095
2025-12-23 17:25:01,060 - utils.logger2025-12-23-17.18.16 - INFO - Val result of epoch 39 / 40 acc 0.7521 uar 0.6790 f1 0.6957
2025-12-23 17:25:01,396 - utils.logger2025-12-23-17.18.16 - INFO - Tst result of epoch 39 / 40 acc 0.6798 uar 0.6534 f1 0.6623
2025-12-23 17:25:01,946 - utils.logger2025-12-23-17.18.16 - INFO - Cur epoch 40 loss CE:0.0001 mse:0.0000 consistent:0.0000
2025-12-23 17:25:02,827 - utils.logger2025-12-23-17.18.16 - INFO - Cur epoch 40 loss CE:0.0001 mse:0.0000 consistent:0.0000
2025-12-23 17:25:03,815 - utils.logger2025-12-23-17.18.16 - INFO - Cur epoch 40 loss CE:0.0001 mse:0.0000 consistent:0.0000
2025-12-23 17:25:04,766 - utils.logger2025-12-23-17.18.16 - INFO - Cur epoch 40 loss CE:0.0000 mse:0.0000 consistent:0.0000
2025-12-23 17:25:05,674 - utils.logger2025-12-23-17.18.16 - INFO - Cur epoch 40 loss CE:0.0006 mse:0.0000 consistent:0.0000
2025-12-23 17:25:06,692 - utils.logger2025-12-23-17.18.16 - INFO - Cur epoch 40 loss CE:0.0001 mse:0.0000 consistent:0.0000
2025-12-23 17:25:07,617 - utils.logger2025-12-23-17.18.16 - INFO - Cur epoch 40 loss CE:0.0001 mse:0.0000 consistent:0.0000
2025-12-23 17:25:08,534 - utils.logger2025-12-23-17.18.16 - INFO - Cur epoch 40 loss CE:0.0004 mse:0.0000 consistent:0.0000
2025-12-23 17:25:09,522 - utils.logger2025-12-23-17.18.16 - INFO - Cur epoch 40 loss CE:0.0001 mse:0.0000 consistent:0.0000
2025-12-23 17:25:10,488 - utils.logger2025-12-23-17.18.16 - INFO - Cur epoch 40 loss CE:0.0001 mse:0.0000 consistent:0.0000
2025-12-23 17:25:11,436 - utils.logger2025-12-23-17.18.16 - INFO - Cur epoch 40 loss CE:0.0051 mse:0.0000 consistent:0.0000
2025-12-23 17:25:11,437 - utils.logger2025-12-23-17.18.16 - INFO - saving the model at the end of epoch 40, iters 4240
2025-12-23 17:25:11,613 - utils.logger2025-12-23-17.18.16 - INFO - End of training epoch 40 / 40 	 Time Taken: 10 sec
2025-12-23 17:25:11,613 - utils.logger2025-12-23-17.18.16 - INFO - learning rate = 0.0000000
2025-12-23 17:25:12,025 - utils.logger2025-12-23-17.18.16 - INFO - Val result of epoch 40 / 40 acc 0.7607 uar 0.7073 f1 0.7283
2025-12-23 17:25:12,302 - utils.logger2025-12-23-17.18.16 - INFO - Tst result of epoch 40 / 40 acc 0.6798 uar 0.6556 f1 0.6608
2025-12-23 17:25:12,303 - utils.logger2025-12-23-17.18.16 - INFO - Best eval epoch 33 found with f1 0.686383
2025-12-23 17:25:12,303 - utils.logger2025-12-23-17.18.16 - INFO - -------------------------------------------------------
2025-12-23 17:25:12,303 - utils.logger2025-12-23-17.18.16 - INFO - Starting Robustness Analysis (Simulating Missing Modalities)
2025-12-23 17:25:12,303 - utils.logger2025-12-23-17.18.16 - INFO - -------------------------------------------------------
2025-12-23 17:25:12,303 - utils.logger2025-12-23-17.18.16 - INFO - Loading best model found on val set: epoch-33
2025-12-23 17:25:12,600 - utils.logger2025-12-23-17.18.16 - INFO - Scenario        | Acc (WA)   | UAR (UA)   | F1        
2025-12-23 17:25:12,600 - utils.logger2025-12-23-17.18.16 - INFO - -------------------------------------------------------
2025-12-23 17:25:12,870 - utils.logger2025-12-23-17.18.16 - INFO - {a} (azz)       | 0.6847     | 0.6478     | 0.6661    
2025-12-23 17:25:13,145 - utils.logger2025-12-23-17.18.16 - INFO - {v} (zvz)       | 0.6847     | 0.6549     | 0.6688    
2025-12-23 17:25:13,418 - utils.logger2025-12-23-17.18.16 - INFO - {t} (zzl)       | 0.6897     | 0.6571     | 0.6750    
2025-12-23 17:25:13,696 - utils.logger2025-12-23-17.18.16 - INFO - {a,v} (avz)     | 0.6897     | 0.6578     | 0.6732    
2025-12-23 17:25:13,966 - utils.logger2025-12-23-17.18.16 - INFO - {a,t} (azl)     | 0.6946     | 0.6599     | 0.6800    
2025-12-23 17:25:14,235 - utils.logger2025-12-23-17.18.16 - INFO - {v,t} (zvl)     | 0.6946     | 0.6649     | 0.6838    
2025-12-23 17:25:14,507 - utils.logger2025-12-23-17.18.16 - INFO - {a,v,t} (All)   | 0.6995     | 0.6692     | 0.6864    
2025-12-23 17:25:14,507 - utils.logger2025-12-23-17.18.16 - INFO - -------------------------------------------------------
