2025-12-27 11:57:18,024 - utils.logger2025-12-27-11.57.08 - INFO - The number of training samples = 4380
2025-12-27 11:57:18,024 - utils.logger2025-12-27-11.57.08 - INFO - The number of testing samples = 3132
2025-12-27 11:57:23,412 - utils.logger2025-12-27-11.57.08 - INFO - Cur epoch 1 loss CE:0.6900 mse:0.0316 consistent:0.0000
2025-12-27 11:57:25,298 - utils.logger2025-12-27-11.57.08 - INFO - saving the model at the end of epoch 1, iters 137
2025-12-27 11:57:25,395 - utils.logger2025-12-27-11.57.08 - INFO - End of training epoch 1 / 40 	 Time Taken: 7 sec
2025-12-27 11:57:25,395 - utils.logger2025-12-27-11.57.08 - INFO - learning rate = 0.0002000
2025-12-27 11:57:26,849 - utils.logger2025-12-27-11.57.08 - INFO - Val result of epoch 1 / 40 acc 0.5710 uar 0.5688 f1 0.5754
2025-12-27 11:57:27,998 - utils.logger2025-12-27-11.57.08 - INFO - Tst result of epoch 1 / 40 acc 0.5923 uar 0.5868 f1 0.5863
2025-12-27 11:57:30,809 - utils.logger2025-12-27-11.57.08 - INFO - Cur epoch 2 loss CE:0.7537 mse:0.0178 consistent:0.0000
2025-12-27 11:57:34,391 - utils.logger2025-12-27-11.57.08 - INFO - saving the model at the end of epoch 2, iters 274
2025-12-27 11:57:34,487 - utils.logger2025-12-27-11.57.08 - INFO - End of training epoch 2 / 40 	 Time Taken: 6 sec
2025-12-27 11:57:34,488 - utils.logger2025-12-27-11.57.08 - INFO - learning rate = 0.0002000
2025-12-27 11:57:35,896 - utils.logger2025-12-27-11.57.08 - INFO - Val result of epoch 2 / 40 acc 0.5972 uar 0.5862 f1 0.5984
2025-12-27 11:57:37,064 - utils.logger2025-12-27-11.57.08 - INFO - Tst result of epoch 2 / 40 acc 0.6114 uar 0.6060 f1 0.6119
2025-12-27 11:57:38,205 - utils.logger2025-12-27-11.57.08 - INFO - Cur epoch 3 loss CE:0.3687 mse:0.0157 consistent:0.0000
2025-12-27 11:57:43,068 - utils.logger2025-12-27-11.57.08 - INFO - Cur epoch 3 loss CE:0.5243 mse:0.0129 consistent:0.0000
2025-12-27 11:57:43,618 - utils.logger2025-12-27-11.57.08 - INFO - saving the model at the end of epoch 3, iters 411
2025-12-27 11:57:43,714 - utils.logger2025-12-27-11.57.08 - INFO - End of training epoch 3 / 40 	 Time Taken: 6 sec
2025-12-27 11:57:43,714 - utils.logger2025-12-27-11.57.08 - INFO - learning rate = 0.0002000
2025-12-27 11:57:45,138 - utils.logger2025-12-27-11.57.08 - INFO - Val result of epoch 3 / 40 acc 0.5943 uar 0.5824 f1 0.5911
2025-12-27 11:57:46,299 - utils.logger2025-12-27-11.57.08 - INFO - Tst result of epoch 3 / 40 acc 0.5891 uar 0.5846 f1 0.5867
2025-12-27 11:57:50,424 - utils.logger2025-12-27-11.57.08 - INFO - Cur epoch 4 loss CE:0.4543 mse:0.0111 consistent:0.0000
2025-12-27 11:57:52,814 - utils.logger2025-12-27-11.57.08 - INFO - saving the model at the end of epoch 4, iters 548
2025-12-27 11:57:52,910 - utils.logger2025-12-27-11.57.08 - INFO - End of training epoch 4 / 40 	 Time Taken: 6 sec
2025-12-27 11:57:52,910 - utils.logger2025-12-27-11.57.08 - INFO - learning rate = 0.0002000
2025-12-27 11:57:54,308 - utils.logger2025-12-27-11.57.08 - INFO - Val result of epoch 4 / 40 acc 0.5919 uar 0.5803 f1 0.5918
2025-12-27 11:57:55,451 - utils.logger2025-12-27-11.57.08 - INFO - Tst result of epoch 4 / 40 acc 0.5827 uar 0.5776 f1 0.5795
2025-12-27 11:57:57,818 - utils.logger2025-12-27-11.57.08 - INFO - Cur epoch 5 loss CE:1.2464 mse:0.0139 consistent:0.0000
2025-12-27 11:58:01,865 - utils.logger2025-12-27-11.57.08 - INFO - saving the model at the end of epoch 5, iters 685
2025-12-27 11:58:01,959 - utils.logger2025-12-27-11.57.08 - INFO - End of training epoch 5 / 40 	 Time Taken: 6 sec
2025-12-27 11:58:01,959 - utils.logger2025-12-27-11.57.08 - INFO - learning rate = 0.0002000
2025-12-27 11:58:03,364 - utils.logger2025-12-27-11.57.08 - INFO - Val result of epoch 5 / 40 acc 0.6015 uar 0.5922 f1 0.6022
2025-12-27 11:58:04,519 - utils.logger2025-12-27-11.57.08 - INFO - Tst result of epoch 5 / 40 acc 0.5996 uar 0.5934 f1 0.5973
2025-12-27 11:58:05,162 - utils.logger2025-12-27-11.57.08 - INFO - Cur epoch 6 loss CE:0.5953 mse:0.0137 consistent:0.0000
2025-12-27 11:58:10,114 - utils.logger2025-12-27-11.57.08 - INFO - Cur epoch 6 loss CE:0.4070 mse:0.0103 consistent:0.0000
2025-12-27 11:58:11,231 - utils.logger2025-12-27-11.57.08 - INFO - saving the model at the end of epoch 6, iters 822
2025-12-27 11:58:11,346 - utils.logger2025-12-27-11.57.08 - INFO - End of training epoch 6 / 40 	 Time Taken: 6 sec
2025-12-27 11:58:11,347 - utils.logger2025-12-27-11.57.08 - INFO - learning rate = 0.0002000
2025-12-27 11:58:13,187 - utils.logger2025-12-27-11.57.08 - INFO - Val result of epoch 6 / 40 acc 0.5919 uar 0.5731 f1 0.5845
2025-12-27 11:58:14,349 - utils.logger2025-12-27-11.57.08 - INFO - Tst result of epoch 6 / 40 acc 0.5693 uar 0.5653 f1 0.5701
2025-12-27 11:58:17,879 - utils.logger2025-12-27-11.57.08 - INFO - Cur epoch 7 loss CE:0.7282 mse:0.0127 consistent:0.0000
2025-12-27 11:58:20,792 - utils.logger2025-12-27-11.57.08 - INFO - saving the model at the end of epoch 7, iters 959
2025-12-27 11:58:20,887 - utils.logger2025-12-27-11.57.08 - INFO - End of training epoch 7 / 40 	 Time Taken: 6 sec
2025-12-27 11:58:20,887 - utils.logger2025-12-27-11.57.08 - INFO - learning rate = 0.0002000
2025-12-27 11:58:22,261 - utils.logger2025-12-27-11.57.08 - INFO - Val result of epoch 7 / 40 acc 0.5861 uar 0.5867 f1 0.5884
2025-12-27 11:58:23,422 - utils.logger2025-12-27-11.57.08 - INFO - Tst result of epoch 7 / 40 acc 0.6057 uar 0.6140 f1 0.6024
2025-12-27 11:58:25,316 - utils.logger2025-12-27-11.57.08 - INFO - Cur epoch 8 loss CE:0.5873 mse:0.0096 consistent:0.0000
2025-12-27 11:58:30,039 - utils.logger2025-12-27-11.57.08 - INFO - saving the model at the end of epoch 8, iters 1096
2025-12-27 11:58:30,135 - utils.logger2025-12-27-11.57.08 - INFO - End of training epoch 8 / 40 	 Time Taken: 6 sec
2025-12-27 11:58:30,135 - utils.logger2025-12-27-11.57.08 - INFO - learning rate = 0.0002000
2025-12-27 11:58:31,532 - utils.logger2025-12-27-11.57.08 - INFO - Val result of epoch 8 / 40 acc 0.5922 uar 0.5779 f1 0.5885
2025-12-27 11:58:32,681 - utils.logger2025-12-27-11.57.08 - INFO - Tst result of epoch 8 / 40 acc 0.5795 uar 0.5775 f1 0.5792
2025-12-27 11:58:32,851 - utils.logger2025-12-27-11.57.08 - INFO - Cur epoch 9 loss CE:0.3261 mse:0.0128 consistent:0.0000
2025-12-27 11:58:37,638 - utils.logger2025-12-27-11.57.08 - INFO - Cur epoch 9 loss CE:0.2856 mse:0.0117 consistent:0.0000
2025-12-27 11:58:39,245 - utils.logger2025-12-27-11.57.08 - INFO - saving the model at the end of epoch 9, iters 1233
2025-12-27 11:58:39,337 - utils.logger2025-12-27-11.57.08 - INFO - End of training epoch 9 / 40 	 Time Taken: 6 sec
2025-12-27 11:58:39,338 - utils.logger2025-12-27-11.57.08 - INFO - learning rate = 0.0002000
2025-12-27 11:58:40,748 - utils.logger2025-12-27-11.57.08 - INFO - Val result of epoch 9 / 40 acc 0.5890 uar 0.5793 f1 0.5884
2025-12-27 11:58:41,885 - utils.logger2025-12-27-11.57.08 - INFO - Tst result of epoch 9 / 40 acc 0.5805 uar 0.5681 f1 0.5764
2025-12-27 11:58:44,977 - utils.logger2025-12-27-11.57.08 - INFO - Cur epoch 10 loss CE:0.5421 mse:0.0107 consistent:0.0000
2025-12-27 11:58:48,389 - utils.logger2025-12-27-11.57.08 - INFO - saving the model at the end of epoch 10, iters 1370
2025-12-27 11:58:48,484 - utils.logger2025-12-27-11.57.08 - INFO - End of training epoch 10 / 40 	 Time Taken: 6 sec
2025-12-27 11:58:48,485 - utils.logger2025-12-27-11.57.08 - INFO - learning rate = 0.0002000
2025-12-27 11:58:49,892 - utils.logger2025-12-27-11.57.08 - INFO - Val result of epoch 10 / 40 acc 0.5975 uar 0.5880 f1 0.5944
2025-12-27 11:58:51,045 - utils.logger2025-12-27-11.57.08 - INFO - Tst result of epoch 10 / 40 acc 0.5862 uar 0.5897 f1 0.5878
2025-12-27 11:58:52,344 - utils.logger2025-12-27-11.57.08 - INFO - Cur epoch 11 loss CE:0.5236 mse:0.0117 consistent:0.0000
2025-12-27 11:58:57,187 - utils.logger2025-12-27-11.57.08 - INFO - Cur epoch 11 loss CE:0.5788 mse:0.0114 consistent:0.0000
2025-12-27 11:58:57,525 - utils.logger2025-12-27-11.57.08 - INFO - saving the model at the end of epoch 11, iters 1507
2025-12-27 11:58:57,643 - utils.logger2025-12-27-11.57.08 - INFO - End of training epoch 11 / 40 	 Time Taken: 6 sec
2025-12-27 11:58:57,643 - utils.logger2025-12-27-11.57.08 - INFO - learning rate = 0.0002000
2025-12-27 11:58:59,226 - utils.logger2025-12-27-11.57.08 - INFO - Val result of epoch 11 / 40 acc 0.5972 uar 0.5892 f1 0.5966
2025-12-27 11:59:00,365 - utils.logger2025-12-27-11.57.08 - INFO - Tst result of epoch 11 / 40 acc 0.5900 uar 0.5906 f1 0.5897
2025-12-27 11:59:04,854 - utils.logger2025-12-27-11.57.08 - INFO - Cur epoch 12 loss CE:0.4930 mse:0.0087 consistent:0.0000
2025-12-27 11:59:07,070 - utils.logger2025-12-27-11.57.08 - INFO - saving the model at the end of epoch 12, iters 1644
2025-12-27 11:59:07,164 - utils.logger2025-12-27-11.57.08 - INFO - End of training epoch 12 / 40 	 Time Taken: 6 sec
2025-12-27 11:59:07,164 - utils.logger2025-12-27-11.57.08 - INFO - learning rate = 0.0002000
2025-12-27 11:59:08,587 - utils.logger2025-12-27-11.57.08 - INFO - Val result of epoch 12 / 40 acc 0.5994 uar 0.5904 f1 0.5983
2025-12-27 11:59:09,722 - utils.logger2025-12-27-11.57.08 - INFO - Tst result of epoch 12 / 40 acc 0.5814 uar 0.5873 f1 0.5842
2025-12-27 11:59:12,284 - utils.logger2025-12-27-11.57.08 - INFO - Cur epoch 13 loss CE:0.5031 mse:0.0097 consistent:0.0000
2025-12-27 11:59:16,227 - utils.logger2025-12-27-11.57.08 - INFO - saving the model at the end of epoch 13, iters 1781
2025-12-27 11:59:16,322 - utils.logger2025-12-27-11.57.08 - INFO - End of training epoch 13 / 40 	 Time Taken: 6 sec
2025-12-27 11:59:16,322 - utils.logger2025-12-27-11.57.08 - INFO - learning rate = 0.0002000
2025-12-27 11:59:17,771 - utils.logger2025-12-27-11.57.08 - INFO - Val result of epoch 13 / 40 acc 0.5957 uar 0.5815 f1 0.5932
2025-12-27 11:59:18,941 - utils.logger2025-12-27-11.57.08 - INFO - Tst result of epoch 13 / 40 acc 0.5926 uar 0.5837 f1 0.5925
2025-12-27 11:59:19,751 - utils.logger2025-12-27-11.57.08 - INFO - Cur epoch 14 loss CE:0.4390 mse:0.0112 consistent:0.0000
2025-12-27 11:59:24,566 - utils.logger2025-12-27-11.57.08 - INFO - Cur epoch 14 loss CE:0.5721 mse:0.0114 consistent:0.0000
2025-12-27 11:59:25,416 - utils.logger2025-12-27-11.57.08 - INFO - saving the model at the end of epoch 14, iters 1918
2025-12-27 11:59:25,512 - utils.logger2025-12-27-11.57.08 - INFO - End of training epoch 14 / 40 	 Time Taken: 6 sec
2025-12-27 11:59:25,512 - utils.logger2025-12-27-11.57.08 - INFO - learning rate = 0.0002000
2025-12-27 11:59:26,936 - utils.logger2025-12-27-11.57.08 - INFO - Val result of epoch 14 / 40 acc 0.5904 uar 0.5799 f1 0.5895
2025-12-27 11:59:28,089 - utils.logger2025-12-27-11.57.08 - INFO - Tst result of epoch 14 / 40 acc 0.6019 uar 0.5906 f1 0.5969
2025-12-27 11:59:32,070 - utils.logger2025-12-27-11.57.08 - INFO - Cur epoch 15 loss CE:0.3645 mse:0.0089 consistent:0.0000
2025-12-27 11:59:34,778 - utils.logger2025-12-27-11.57.08 - INFO - saving the model at the end of epoch 15, iters 2055
2025-12-27 11:59:34,876 - utils.logger2025-12-27-11.57.08 - INFO - End of training epoch 15 / 40 	 Time Taken: 6 sec
2025-12-27 11:59:34,876 - utils.logger2025-12-27-11.57.08 - INFO - learning rate = 0.0002000
2025-12-27 11:59:36,294 - utils.logger2025-12-27-11.57.08 - INFO - Val result of epoch 15 / 40 acc 0.5914 uar 0.5865 f1 0.5901
2025-12-27 11:59:37,465 - utils.logger2025-12-27-11.57.08 - INFO - Tst result of epoch 15 / 40 acc 0.5830 uar 0.5856 f1 0.5814
2025-12-27 11:59:39,477 - utils.logger2025-12-27-11.57.08 - INFO - Cur epoch 16 loss CE:0.2860 mse:0.0093 consistent:0.0000
2025-12-27 11:59:43,981 - utils.logger2025-12-27-11.57.08 - INFO - saving the model at the end of epoch 16, iters 2192
2025-12-27 11:59:44,077 - utils.logger2025-12-27-11.57.08 - INFO - End of training epoch 16 / 40 	 Time Taken: 6 sec
2025-12-27 11:59:44,077 - utils.logger2025-12-27-11.57.08 - INFO - learning rate = 0.0002000
2025-12-27 11:59:45,471 - utils.logger2025-12-27-11.57.08 - INFO - Val result of epoch 16 / 40 acc 0.5747 uar 0.5532 f1 0.5665
2025-12-27 11:59:46,604 - utils.logger2025-12-27-11.57.08 - INFO - Tst result of epoch 16 / 40 acc 0.5626 uar 0.5628 f1 0.5676
2025-12-27 11:59:46,952 - utils.logger2025-12-27-11.57.08 - INFO - Cur epoch 17 loss CE:0.4612 mse:0.0094 consistent:0.0000
2025-12-27 11:59:51,816 - utils.logger2025-12-27-11.57.08 - INFO - Cur epoch 17 loss CE:0.5678 mse:0.0086 consistent:0.0000
2025-12-27 11:59:53,241 - utils.logger2025-12-27-11.57.08 - INFO - saving the model at the end of epoch 17, iters 2329
2025-12-27 11:59:53,338 - utils.logger2025-12-27-11.57.08 - INFO - End of training epoch 17 / 40 	 Time Taken: 6 sec
2025-12-27 11:59:53,338 - utils.logger2025-12-27-11.57.08 - INFO - learning rate = 0.0002000
2025-12-27 11:59:54,755 - utils.logger2025-12-27-11.57.08 - INFO - Val result of epoch 17 / 40 acc 0.5909 uar 0.5858 f1 0.5895
2025-12-27 11:59:55,909 - utils.logger2025-12-27-11.57.08 - INFO - Tst result of epoch 17 / 40 acc 0.5967 uar 0.5937 f1 0.5952
2025-12-27 11:59:59,186 - utils.logger2025-12-27-11.57.08 - INFO - Cur epoch 18 loss CE:0.6844 mse:0.0105 consistent:0.0000
2025-12-27 12:00:02,549 - utils.logger2025-12-27-11.57.08 - INFO - saving the model at the end of epoch 18, iters 2466
2025-12-27 12:00:02,643 - utils.logger2025-12-27-11.57.08 - INFO - End of training epoch 18 / 40 	 Time Taken: 6 sec
2025-12-27 12:00:02,643 - utils.logger2025-12-27-11.57.08 - INFO - learning rate = 0.0002000
2025-12-27 12:00:04,047 - utils.logger2025-12-27-11.57.08 - INFO - Val result of epoch 18 / 40 acc 0.5673 uar 0.5599 f1 0.5682
2025-12-27 12:00:05,221 - utils.logger2025-12-27-11.57.08 - INFO - Tst result of epoch 18 / 40 acc 0.5852 uar 0.5853 f1 0.5880
2025-12-27 12:00:06,666 - utils.logger2025-12-27-11.57.08 - INFO - Cur epoch 19 loss CE:0.5281 mse:0.0092 consistent:0.0000
2025-12-27 12:00:10,628 - utils.logger2025-12-27-11.57.08 - INFO - Cur epoch 19 loss CE:0.8428 mse:0.0109 consistent:0.0000
2025-12-27 12:00:10,739 - utils.logger2025-12-27-11.57.08 - INFO - saving the model at the end of epoch 19, iters 2603
2025-12-27 12:00:10,830 - utils.logger2025-12-27-11.57.08 - INFO - End of training epoch 19 / 40 	 Time Taken: 5 sec
2025-12-27 12:00:10,830 - utils.logger2025-12-27-11.57.08 - INFO - learning rate = 0.0002000
2025-12-27 12:00:12,281 - utils.logger2025-12-27-11.57.08 - INFO - Val result of epoch 19 / 40 acc 0.5994 uar 0.5936 f1 0.5995
2025-12-27 12:00:13,473 - utils.logger2025-12-27-11.57.08 - INFO - Tst result of epoch 19 / 40 acc 0.5990 uar 0.6023 f1 0.6005
2025-12-27 12:00:17,507 - utils.logger2025-12-27-11.57.08 - INFO - Cur epoch 20 loss CE:0.3217 mse:0.0080 consistent:0.0000
2025-12-27 12:00:19,481 - utils.logger2025-12-27-11.57.08 - INFO - saving the model at the end of epoch 20, iters 2740
2025-12-27 12:00:19,576 - utils.logger2025-12-27-11.57.08 - INFO - End of training epoch 20 / 40 	 Time Taken: 6 sec
2025-12-27 12:00:19,577 - utils.logger2025-12-27-11.57.08 - INFO - learning rate = 0.0001905
2025-12-27 12:00:21,032 - utils.logger2025-12-27-11.57.08 - INFO - Val result of epoch 20 / 40 acc 0.5832 uar 0.5668 f1 0.5749
2025-12-27 12:00:22,210 - utils.logger2025-12-27-11.57.08 - INFO - Tst result of epoch 20 / 40 acc 0.5667 uar 0.5664 f1 0.5658
2025-12-27 12:00:25,038 - utils.logger2025-12-27-11.57.08 - INFO - Cur epoch 21 loss CE:0.3951 mse:0.0091 consistent:0.0000
2025-12-27 12:00:28,782 - utils.logger2025-12-27-11.57.08 - INFO - saving the model at the end of epoch 21, iters 2877
2025-12-27 12:00:28,878 - utils.logger2025-12-27-11.57.08 - INFO - End of training epoch 21 / 40 	 Time Taken: 6 sec
2025-12-27 12:00:28,878 - utils.logger2025-12-27-11.57.08 - INFO - learning rate = 0.0001810
2025-12-27 12:00:30,306 - utils.logger2025-12-27-11.57.08 - INFO - Val result of epoch 21 / 40 acc 0.5930 uar 0.5804 f1 0.5914
2025-12-27 12:00:31,480 - utils.logger2025-12-27-11.57.08 - INFO - Tst result of epoch 21 / 40 acc 0.5904 uar 0.5806 f1 0.5881
2025-12-27 12:00:32,561 - utils.logger2025-12-27-11.57.08 - INFO - Cur epoch 22 loss CE:0.3170 mse:0.0077 consistent:0.0000
2025-12-27 12:00:36,889 - utils.logger2025-12-27-11.57.08 - INFO - Cur epoch 22 loss CE:0.3065 mse:0.0062 consistent:0.0000
2025-12-27 12:00:37,517 - utils.logger2025-12-27-11.57.08 - INFO - saving the model at the end of epoch 22, iters 3014
2025-12-27 12:00:37,636 - utils.logger2025-12-27-11.57.08 - INFO - End of training epoch 22 / 40 	 Time Taken: 6 sec
2025-12-27 12:00:37,637 - utils.logger2025-12-27-11.57.08 - INFO - learning rate = 0.0001714
2025-12-27 12:00:39,354 - utils.logger2025-12-27-11.57.08 - INFO - Val result of epoch 22 / 40 acc 0.6036 uar 0.5991 f1 0.6039
2025-12-27 12:00:40,740 - utils.logger2025-12-27-11.57.08 - INFO - Tst result of epoch 22 / 40 acc 0.5897 uar 0.5888 f1 0.5894
2025-12-27 12:00:45,090 - utils.logger2025-12-27-11.57.08 - INFO - Cur epoch 23 loss CE:0.2909 mse:0.0085 consistent:0.0000
2025-12-27 12:00:47,635 - utils.logger2025-12-27-11.57.08 - INFO - saving the model at the end of epoch 23, iters 3151
2025-12-27 12:00:47,751 - utils.logger2025-12-27-11.57.08 - INFO - End of training epoch 23 / 40 	 Time Taken: 7 sec
2025-12-27 12:00:47,751 - utils.logger2025-12-27-11.57.08 - INFO - learning rate = 0.0001619
2025-12-27 12:00:49,423 - utils.logger2025-12-27-11.57.08 - INFO - Val result of epoch 23 / 40 acc 0.5686 uar 0.5560 f1 0.5660
2025-12-27 12:00:50,580 - utils.logger2025-12-27-11.57.08 - INFO - Tst result of epoch 23 / 40 acc 0.5543 uar 0.5557 f1 0.5571
2025-12-27 12:00:52,828 - utils.logger2025-12-27-11.57.08 - INFO - Cur epoch 24 loss CE:0.1685 mse:0.0051 consistent:0.0000
2025-12-27 12:00:57,130 - utils.logger2025-12-27-11.57.08 - INFO - saving the model at the end of epoch 24, iters 3288
2025-12-27 12:00:57,224 - utils.logger2025-12-27-11.57.08 - INFO - End of training epoch 24 / 40 	 Time Taken: 6 sec
2025-12-27 12:00:57,224 - utils.logger2025-12-27-11.57.08 - INFO - learning rate = 0.0001524
2025-12-27 12:00:58,605 - utils.logger2025-12-27-11.57.08 - INFO - Val result of epoch 24 / 40 acc 0.5996 uar 0.5908 f1 0.5964
2025-12-27 12:00:59,720 - utils.logger2025-12-27-11.57.08 - INFO - Tst result of epoch 24 / 40 acc 0.5980 uar 0.6037 f1 0.6036
2025-12-27 12:01:00,134 - utils.logger2025-12-27-11.57.08 - INFO - Cur epoch 25 loss CE:0.2299 mse:0.0092 consistent:0.0000
2025-12-27 12:01:04,922 - utils.logger2025-12-27-11.57.08 - INFO - Cur epoch 25 loss CE:0.4265 mse:0.0075 consistent:0.0000
2025-12-27 12:01:06,107 - utils.logger2025-12-27-11.57.08 - INFO - saving the model at the end of epoch 25, iters 3425
2025-12-27 12:01:06,204 - utils.logger2025-12-27-11.57.08 - INFO - End of training epoch 25 / 40 	 Time Taken: 6 sec
2025-12-27 12:01:06,204 - utils.logger2025-12-27-11.57.08 - INFO - learning rate = 0.0001429
2025-12-27 12:01:07,652 - utils.logger2025-12-27-11.57.08 - INFO - Val result of epoch 25 / 40 acc 0.5869 uar 0.5762 f1 0.5844
2025-12-27 12:01:08,822 - utils.logger2025-12-27-11.57.08 - INFO - Tst result of epoch 25 / 40 acc 0.5648 uar 0.5762 f1 0.5712
2025-12-27 12:01:11,308 - utils.logger2025-12-27-11.57.08 - INFO - Cur epoch 26 loss CE:0.2850 mse:0.0080 consistent:0.0000
2025-12-27 12:01:13,428 - utils.logger2025-12-27-11.57.08 - INFO - saving the model at the end of epoch 26, iters 3562
2025-12-27 12:01:13,518 - utils.logger2025-12-27-11.57.08 - INFO - End of training epoch 26 / 40 	 Time Taken: 4 sec
2025-12-27 12:01:13,518 - utils.logger2025-12-27-11.57.08 - INFO - learning rate = 0.0001333
2025-12-27 12:01:14,870 - utils.logger2025-12-27-11.57.08 - INFO - Val result of epoch 26 / 40 acc 0.6031 uar 0.6007 f1 0.6057
2025-12-27 12:01:15,990 - utils.logger2025-12-27-11.57.08 - INFO - Tst result of epoch 26 / 40 acc 0.6137 uar 0.6134 f1 0.6116
2025-12-27 12:01:17,268 - utils.logger2025-12-27-11.57.08 - INFO - Cur epoch 27 loss CE:0.5532 mse:0.0076 consistent:0.0000
2025-12-27 12:01:21,999 - utils.logger2025-12-27-11.57.08 - INFO - saving the model at the end of epoch 27, iters 3699
2025-12-27 12:01:22,098 - utils.logger2025-12-27-11.57.08 - INFO - End of training epoch 27 / 40 	 Time Taken: 6 sec
2025-12-27 12:01:22,098 - utils.logger2025-12-27-11.57.08 - INFO - learning rate = 0.0001238
2025-12-27 12:01:23,498 - utils.logger2025-12-27-11.57.08 - INFO - Val result of epoch 27 / 40 acc 0.6002 uar 0.5961 f1 0.6016
2025-12-27 12:01:24,686 - utils.logger2025-12-27-11.57.08 - INFO - Tst result of epoch 27 / 40 acc 0.6070 uar 0.6090 f1 0.6077
2025-12-27 12:01:24,729 - utils.logger2025-12-27-11.57.08 - INFO - Cur epoch 28 loss CE:0.2819 mse:0.0078 consistent:0.0000
2025-12-27 12:01:29,310 - utils.logger2025-12-27-11.57.08 - INFO - Cur epoch 28 loss CE:0.1871 mse:0.0069 consistent:0.0000
2025-12-27 12:01:31,076 - utils.logger2025-12-27-11.57.08 - INFO - saving the model at the end of epoch 28, iters 3836
2025-12-27 12:01:31,171 - utils.logger2025-12-27-11.57.08 - INFO - End of training epoch 28 / 40 	 Time Taken: 6 sec
2025-12-27 12:01:31,171 - utils.logger2025-12-27-11.57.08 - INFO - learning rate = 0.0001143
2025-12-27 12:01:32,573 - utils.logger2025-12-27-11.57.08 - INFO - Val result of epoch 28 / 40 acc 0.5917 uar 0.5813 f1 0.5904
2025-12-27 12:01:33,728 - utils.logger2025-12-27-11.57.08 - INFO - Tst result of epoch 28 / 40 acc 0.5827 uar 0.5812 f1 0.5847
2025-12-27 12:01:36,629 - utils.logger2025-12-27-11.57.08 - INFO - Cur epoch 29 loss CE:0.3050 mse:0.0075 consistent:0.0000
2025-12-27 12:01:39,963 - utils.logger2025-12-27-11.57.08 - INFO - saving the model at the end of epoch 29, iters 3973
2025-12-27 12:01:40,061 - utils.logger2025-12-27-11.57.08 - INFO - End of training epoch 29 / 40 	 Time Taken: 6 sec
2025-12-27 12:01:40,061 - utils.logger2025-12-27-11.57.08 - INFO - learning rate = 0.0001048
2025-12-27 12:01:41,463 - utils.logger2025-12-27-11.57.08 - INFO - Val result of epoch 29 / 40 acc 0.6052 uar 0.6074 f1 0.6079
2025-12-27 12:01:42,582 - utils.logger2025-12-27-11.57.08 - INFO - Tst result of epoch 29 / 40 acc 0.6194 uar 0.6114 f1 0.6118
2025-12-27 12:01:43,793 - utils.logger2025-12-27-11.57.08 - INFO - Cur epoch 30 loss CE:0.0554 mse:0.0060 consistent:0.0000
2025-12-27 12:01:48,677 - utils.logger2025-12-27-11.57.08 - INFO - Cur epoch 30 loss CE:0.2920 mse:0.0060 consistent:0.0000
2025-12-27 12:01:49,154 - utils.logger2025-12-27-11.57.08 - INFO - saving the model at the end of epoch 30, iters 4110
2025-12-27 12:01:49,272 - utils.logger2025-12-27-11.57.08 - INFO - End of training epoch 30 / 40 	 Time Taken: 6 sec
2025-12-27 12:01:49,272 - utils.logger2025-12-27-11.57.08 - INFO - learning rate = 0.0000952
2025-12-27 12:01:50,745 - utils.logger2025-12-27-11.57.08 - INFO - Val result of epoch 30 / 40 acc 0.6097 uar 0.6079 f1 0.6120
2025-12-27 12:01:51,884 - utils.logger2025-12-27-11.57.08 - INFO - Tst result of epoch 30 / 40 acc 0.5990 uar 0.6046 f1 0.5987
2025-12-27 12:01:55,707 - utils.logger2025-12-27-11.57.08 - INFO - Cur epoch 31 loss CE:0.2021 mse:0.0073 consistent:0.0000
2025-12-27 12:01:58,039 - utils.logger2025-12-27-11.57.08 - INFO - saving the model at the end of epoch 31, iters 4247
2025-12-27 12:01:58,133 - utils.logger2025-12-27-11.57.08 - INFO - End of training epoch 31 / 40 	 Time Taken: 6 sec
2025-12-27 12:01:58,133 - utils.logger2025-12-27-11.57.08 - INFO - learning rate = 0.0000857
2025-12-27 12:01:59,561 - utils.logger2025-12-27-11.57.08 - INFO - Val result of epoch 31 / 40 acc 0.6007 uar 0.5961 f1 0.6028
2025-12-27 12:02:00,713 - utils.logger2025-12-27-11.57.08 - INFO - Tst result of epoch 31 / 40 acc 0.6034 uar 0.5990 f1 0.6017
2025-12-27 12:02:03,130 - utils.logger2025-12-27-11.57.08 - INFO - Cur epoch 32 loss CE:0.4585 mse:0.0079 consistent:0.0000
2025-12-27 12:02:07,224 - utils.logger2025-12-27-11.57.08 - INFO - saving the model at the end of epoch 32, iters 4384
2025-12-27 12:02:07,325 - utils.logger2025-12-27-11.57.08 - INFO - End of training epoch 32 / 40 	 Time Taken: 6 sec
2025-12-27 12:02:07,325 - utils.logger2025-12-27-11.57.08 - INFO - learning rate = 0.0000762
2025-12-27 12:02:08,744 - utils.logger2025-12-27-11.57.08 - INFO - Val result of epoch 32 / 40 acc 0.5978 uar 0.5930 f1 0.5980
2025-12-27 12:02:09,924 - utils.logger2025-12-27-11.57.08 - INFO - Tst result of epoch 32 / 40 acc 0.6015 uar 0.5979 f1 0.6003
2025-12-27 12:02:10,596 - utils.logger2025-12-27-11.57.08 - INFO - Cur epoch 33 loss CE:0.3124 mse:0.0070 consistent:0.0000
2025-12-27 12:02:15,378 - utils.logger2025-12-27-11.57.08 - INFO - Cur epoch 33 loss CE:0.1031 mse:0.0071 consistent:0.0000
2025-12-27 12:02:16,347 - utils.logger2025-12-27-11.57.08 - INFO - saving the model at the end of epoch 33, iters 4521
2025-12-27 12:02:16,444 - utils.logger2025-12-27-11.57.08 - INFO - End of training epoch 33 / 40 	 Time Taken: 6 sec
2025-12-27 12:02:16,444 - utils.logger2025-12-27-11.57.08 - INFO - learning rate = 0.0000667
2025-12-27 12:02:17,834 - utils.logger2025-12-27-11.57.08 - INFO - Val result of epoch 33 / 40 acc 0.5938 uar 0.5823 f1 0.5907
2025-12-27 12:02:18,968 - utils.logger2025-12-27-11.57.08 - INFO - Tst result of epoch 33 / 40 acc 0.5897 uar 0.5938 f1 0.5947
2025-12-27 12:02:22,594 - utils.logger2025-12-27-11.57.08 - INFO - Cur epoch 34 loss CE:0.4250 mse:0.0087 consistent:0.0000
2025-12-27 12:02:25,408 - utils.logger2025-12-27-11.57.08 - INFO - saving the model at the end of epoch 34, iters 4658
2025-12-27 12:02:25,502 - utils.logger2025-12-27-11.57.08 - INFO - End of training epoch 34 / 40 	 Time Taken: 6 sec
2025-12-27 12:02:25,502 - utils.logger2025-12-27-11.57.08 - INFO - learning rate = 0.0000571
2025-12-27 12:02:26,922 - utils.logger2025-12-27-11.57.08 - INFO - Val result of epoch 34 / 40 acc 0.5919 uar 0.5854 f1 0.5923
2025-12-27 12:02:28,073 - utils.logger2025-12-27-11.57.08 - INFO - Tst result of epoch 34 / 40 acc 0.6003 uar 0.6006 f1 0.6007
2025-12-27 12:02:29,996 - utils.logger2025-12-27-11.57.08 - INFO - Cur epoch 35 loss CE:0.3632 mse:0.0078 consistent:0.0000
2025-12-27 12:02:34,698 - utils.logger2025-12-27-11.57.08 - INFO - saving the model at the end of epoch 35, iters 4795
2025-12-27 12:02:34,794 - utils.logger2025-12-27-11.57.08 - INFO - End of training epoch 35 / 40 	 Time Taken: 6 sec
2025-12-27 12:02:34,794 - utils.logger2025-12-27-11.57.08 - INFO - learning rate = 0.0000476
2025-12-27 12:02:36,223 - utils.logger2025-12-27-11.57.08 - INFO - Val result of epoch 35 / 40 acc 0.5994 uar 0.5922 f1 0.6001
2025-12-27 12:02:37,372 - utils.logger2025-12-27-11.57.08 - INFO - Tst result of epoch 35 / 40 acc 0.5955 uar 0.5925 f1 0.5965
2025-12-27 12:02:37,603 - utils.logger2025-12-27-11.57.08 - INFO - Cur epoch 36 loss CE:0.3081 mse:0.0070 consistent:0.0000
2025-12-27 12:02:42,294 - utils.logger2025-12-27-11.57.08 - INFO - Cur epoch 36 loss CE:0.2854 mse:0.0075 consistent:0.0000
2025-12-27 12:02:43,577 - utils.logger2025-12-27-11.57.08 - INFO - saving the model at the end of epoch 36, iters 4932
2025-12-27 12:02:43,667 - utils.logger2025-12-27-11.57.08 - INFO - End of training epoch 36 / 40 	 Time Taken: 6 sec
2025-12-27 12:02:43,667 - utils.logger2025-12-27-11.57.08 - INFO - learning rate = 0.0000381
2025-12-27 12:02:45,107 - utils.logger2025-12-27-11.57.08 - INFO - Val result of epoch 36 / 40 acc 0.6017 uar 0.5964 f1 0.6022
2025-12-27 12:02:46,279 - utils.logger2025-12-27-11.57.08 - INFO - Tst result of epoch 36 / 40 acc 0.5948 uar 0.5953 f1 0.5955
2025-12-27 12:02:48,549 - utils.logger2025-12-27-11.57.08 - INFO - Cur epoch 37 loss CE:0.1357 mse:0.0069 consistent:0.0000
2025-12-27 12:02:50,899 - utils.logger2025-12-27-11.57.08 - INFO - saving the model at the end of epoch 37, iters 5069
2025-12-27 12:02:50,989 - utils.logger2025-12-27-11.57.08 - INFO - End of training epoch 37 / 40 	 Time Taken: 4 sec
2025-12-27 12:02:50,989 - utils.logger2025-12-27-11.57.08 - INFO - learning rate = 0.0000286
2025-12-27 12:02:52,384 - utils.logger2025-12-27-11.57.08 - INFO - Val result of epoch 37 / 40 acc 0.6033 uar 0.5989 f1 0.6039
2025-12-27 12:02:53,516 - utils.logger2025-12-27-11.57.08 - INFO - Tst result of epoch 37 / 40 acc 0.5977 uar 0.5994 f1 0.5978
2025-12-27 12:02:54,843 - utils.logger2025-12-27-11.57.08 - INFO - Cur epoch 38 loss CE:0.1228 mse:0.0059 consistent:0.0000
2025-12-27 12:02:59,623 - utils.logger2025-12-27-11.57.08 - INFO - Cur epoch 38 loss CE:0.0941 mse:0.0058 consistent:0.0000
2025-12-27 12:02:59,915 - utils.logger2025-12-27-11.57.08 - INFO - saving the model at the end of epoch 38, iters 5206
2025-12-27 12:03:00,009 - utils.logger2025-12-27-11.57.08 - INFO - End of training epoch 38 / 40 	 Time Taken: 6 sec
2025-12-27 12:03:00,009 - utils.logger2025-12-27-11.57.08 - INFO - learning rate = 0.0000190
2025-12-27 12:03:01,417 - utils.logger2025-12-27-11.57.08 - INFO - Val result of epoch 38 / 40 acc 0.5967 uar 0.5895 f1 0.5963
2025-12-27 12:03:02,576 - utils.logger2025-12-27-11.57.08 - INFO - Tst result of epoch 38 / 40 acc 0.5926 uar 0.5950 f1 0.5941
2025-12-27 12:03:06,962 - utils.logger2025-12-27-11.57.08 - INFO - Cur epoch 39 loss CE:0.1380 mse:0.0086 consistent:0.0000
2025-12-27 12:03:09,024 - utils.logger2025-12-27-11.57.08 - INFO - saving the model at the end of epoch 39, iters 5343
2025-12-27 12:03:09,119 - utils.logger2025-12-27-11.57.08 - INFO - End of training epoch 39 / 40 	 Time Taken: 6 sec
2025-12-27 12:03:09,119 - utils.logger2025-12-27-11.57.08 - INFO - learning rate = 0.0000095
2025-12-27 12:03:10,556 - utils.logger2025-12-27-11.57.08 - INFO - Val result of epoch 39 / 40 acc 0.5978 uar 0.5906 f1 0.5974
2025-12-27 12:03:11,720 - utils.logger2025-12-27-11.57.08 - INFO - Tst result of epoch 39 / 40 acc 0.5961 uar 0.5979 f1 0.5977
2025-12-27 12:03:13,660 - utils.logger2025-12-27-11.57.08 - INFO - Cur epoch 40 loss CE:0.3416 mse:0.0084 consistent:0.0000
2025-12-27 12:03:17,495 - utils.logger2025-12-27-11.57.08 - INFO - saving the model at the end of epoch 40, iters 5480
2025-12-27 12:03:17,591 - utils.logger2025-12-27-11.57.08 - INFO - End of training epoch 40 / 40 	 Time Taken: 5 sec
2025-12-27 12:03:17,591 - utils.logger2025-12-27-11.57.08 - INFO - learning rate = 0.0000000
2025-12-27 12:03:18,989 - utils.logger2025-12-27-11.57.08 - INFO - Val result of epoch 40 / 40 acc 0.5964 uar 0.5885 f1 0.5958
2025-12-27 12:03:20,118 - utils.logger2025-12-27-11.57.08 - INFO - Tst result of epoch 40 / 40 acc 0.5916 uar 0.5927 f1 0.5932
2025-12-27 12:03:20,119 - utils.logger2025-12-27-11.57.08 - INFO - Best eval epoch 7 found with uar 0.614020
2025-12-27 12:03:20,119 - utils.logger2025-12-27-11.57.08 - INFO - Loading best model found on val set: epoch-7
2025-12-27 12:03:22,724 - utils.logger2025-12-27-11.57.08 - INFO - Tst result acc 0.6057 uar 0.6140 f1 0.6024
