2025-12-23 10:19:43,572 - utils.logger2025-12-23-10.19.43 - INFO - The number of training samples = 3393
2025-12-23 10:19:45,280 - utils.logger2025-12-23-10.19.43 - INFO - Cur epoch 1 loss TA:1.0262 TV:1.0181 VA:2.0444 CE:1.4571
2025-12-23 10:19:45,703 - utils.logger2025-12-23-10.19.43 - INFO - Cur epoch 1 loss TA:0.9838 TV:0.9689 VA:1.9172 CE:1.4253
2025-12-23 10:19:46,144 - utils.logger2025-12-23-10.19.43 - INFO - Cur epoch 1 loss TA:0.9654 TV:0.9618 VA:1.8112 CE:1.3663
2025-12-23 10:19:46,625 - utils.logger2025-12-23-10.19.43 - INFO - Cur epoch 1 loss TA:0.9336 TV:0.9262 VA:1.7411 CE:1.3750
2025-12-23 10:19:47,143 - utils.logger2025-12-23-10.19.43 - INFO - Cur epoch 1 loss TA:0.9174 TV:0.9193 VA:1.7018 CE:1.2995
2025-12-23 10:19:47,427 - utils.logger2025-12-23-10.19.43 - INFO - saving the model at the end of epoch 1, iters 54
2025-12-23 10:19:47,538 - utils.logger2025-12-23-10.19.43 - INFO - End of training epoch 1 / 40 	 Time Taken: 3 sec
2025-12-23 10:19:47,538 - utils.logger2025-12-23-10.19.43 - INFO - learning rate = 0.0005000
2025-12-23 10:19:47,942 - utils.logger2025-12-23-10.19.43 - INFO - Val result of epoch 1 / 40 acc 0.5256 uar 0.4081 f1 0.3233
2025-12-23 10:19:47,942 - utils.logger2025-12-23-10.19.43 - INFO - 
[[ 0  5 23  0]
 [ 0 59  5  0]
 [ 0 22 54  0]
 [ 0  9 38  0]]
2025-12-23 10:19:48,560 - utils.logger2025-12-23-10.19.43 - INFO - Tst result of epoch 1 / 40 acc 0.6588 uar 0.3552 f1 0.3382
2025-12-23 10:19:48,561 - utils.logger2025-12-23-10.19.43 - INFO - 
[[  0   0  26   0]
 [  0  12  16   0]
 [  0   1 127   0]
 [  0   1  28   0]]
2025-12-23 10:19:49,181 - utils.logger2025-12-23-10.19.43 - INFO - Cur epoch 2 loss TA:0.9078 TV:0.9128 VA:1.6841 CE:1.0988
2025-12-23 10:19:49,555 - utils.logger2025-12-23-10.19.43 - INFO - Cur epoch 2 loss TA:0.8907 TV:0.8791 VA:1.6436 CE:1.2182
2025-12-23 10:19:50,026 - utils.logger2025-12-23-10.19.43 - INFO - Cur epoch 2 loss TA:0.9123 TV:0.9052 VA:1.6088 CE:1.0771
2025-12-23 10:19:50,532 - utils.logger2025-12-23-10.19.43 - INFO - Cur epoch 2 loss TA:0.8770 TV:0.8839 VA:1.5846 CE:1.1833
2025-12-23 10:19:51,047 - utils.logger2025-12-23-10.19.43 - INFO - Cur epoch 2 loss TA:0.9062 TV:0.9040 VA:1.5895 CE:0.9055
2025-12-23 10:19:51,511 - utils.logger2025-12-23-10.19.43 - INFO - saving the model at the end of epoch 2, iters 108
2025-12-23 10:19:51,633 - utils.logger2025-12-23-10.19.43 - INFO - End of training epoch 2 / 40 	 Time Taken: 3 sec
2025-12-23 10:19:51,633 - utils.logger2025-12-23-10.19.43 - INFO - learning rate = 0.0005000
2025-12-23 10:19:52,061 - utils.logger2025-12-23-10.19.43 - INFO - Val result of epoch 2 / 40 acc 0.6000 uar 0.4741 f1 0.4196
2025-12-23 10:19:52,062 - utils.logger2025-12-23-10.19.43 - INFO - 
[[ 0  2 26  0]
 [ 0 61  3  0]
 [ 0 14 62  0]
 [ 0  3 38  6]]
2025-12-23 10:19:52,408 - utils.logger2025-12-23-10.19.43 - INFO - Tst result of epoch 2 / 40 acc 0.6919 uar 0.4428 f1 0.4666
2025-12-23 10:19:52,409 - utils.logger2025-12-23-10.19.43 - INFO - 
[[  0   0  26   0]
 [  0  14  14   0]
 [  0   2 123   3]
 [  0   0  20   9]]
2025-12-23 10:19:52,742 - utils.logger2025-12-23-10.19.43 - INFO - Cur epoch 3 loss TA:0.8602 TV:0.8689 VA:1.5204 CE:0.8981
2025-12-23 10:19:53,290 - utils.logger2025-12-23-10.19.43 - INFO - Cur epoch 3 loss TA:0.8491 TV:0.8602 VA:1.4506 CE:1.0339
2025-12-23 10:19:53,723 - utils.logger2025-12-23-10.19.43 - INFO - Cur epoch 3 loss TA:0.8420 TV:0.8364 VA:1.4732 CE:0.9519
2025-12-23 10:19:54,162 - utils.logger2025-12-23-10.19.43 - INFO - Cur epoch 3 loss TA:0.8569 TV:0.8601 VA:1.4579 CE:0.9849
2025-12-23 10:19:54,543 - utils.logger2025-12-23-10.19.43 - INFO - Cur epoch 3 loss TA:0.8618 TV:0.8647 VA:1.4552 CE:0.9829
2025-12-23 10:19:54,942 - utils.logger2025-12-23-10.19.43 - INFO - Cur epoch 3 loss TA:0.8731 TV:0.8731 VA:1.3909 CE:0.9421
2025-12-23 10:19:55,071 - utils.logger2025-12-23-10.19.43 - INFO - saving the model at the end of epoch 3, iters 162
2025-12-23 10:19:55,173 - utils.logger2025-12-23-10.19.43 - INFO - End of training epoch 3 / 40 	 Time Taken: 2 sec
2025-12-23 10:19:55,173 - utils.logger2025-12-23-10.19.43 - INFO - learning rate = 0.0005000
2025-12-23 10:19:55,516 - utils.logger2025-12-23-10.19.43 - INFO - Val result of epoch 3 / 40 acc 0.6791 uar 0.5526 f1 0.5284
2025-12-23 10:19:55,517 - utils.logger2025-12-23-10.19.43 - INFO - 
[[ 0  1 23  4]
 [ 0 58  6  0]
 [ 0  4 70  2]
 [ 2  0 27 18]]
2025-12-23 10:19:55,880 - utils.logger2025-12-23-10.19.43 - INFO - Tst result of epoch 3 / 40 acc 0.7204 uar 0.5412 f1 0.5286
2025-12-23 10:19:55,880 - utils.logger2025-12-23-10.19.43 - INFO - 
[[  0   0  21   5]
 [  0  14  14   0]
 [  0   2 116  10]
 [  0   0   7  22]]
2025-12-23 10:19:56,808 - utils.logger2025-12-23-10.19.43 - INFO - Cur epoch 4 loss TA:0.7825 TV:0.8304 VA:1.4315 CE:0.8248
2025-12-23 10:19:57,281 - utils.logger2025-12-23-10.19.43 - INFO - Cur epoch 4 loss TA:0.7848 TV:0.8010 VA:1.3746 CE:0.7645
2025-12-23 10:19:57,782 - utils.logger2025-12-23-10.19.43 - INFO - Cur epoch 4 loss TA:0.8149 TV:0.8349 VA:1.3721 CE:0.8305
2025-12-23 10:19:58,392 - utils.logger2025-12-23-10.19.43 - INFO - Cur epoch 4 loss TA:0.8648 TV:0.8387 VA:1.4071 CE:0.6672
2025-12-23 10:19:58,886 - utils.logger2025-12-23-10.19.43 - INFO - Cur epoch 4 loss TA:0.7956 TV:0.8367 VA:1.4492 CE:0.7109
2025-12-23 10:19:59,223 - utils.logger2025-12-23-10.19.43 - INFO - saving the model at the end of epoch 4, iters 216
2025-12-23 10:19:59,353 - utils.logger2025-12-23-10.19.43 - INFO - End of training epoch 4 / 40 	 Time Taken: 3 sec
2025-12-23 10:19:59,353 - utils.logger2025-12-23-10.19.43 - INFO - learning rate = 0.0005000
2025-12-23 10:19:59,962 - utils.logger2025-12-23-10.19.43 - INFO - Val result of epoch 4 / 40 acc 0.7488 uar 0.7127 f1 0.7179
2025-12-23 10:19:59,963 - utils.logger2025-12-23-10.19.43 - INFO - 
[[15  3  9  1]
 [ 1 61  2  0]
 [ 2 14 55  5]
 [ 7  0 10 30]]
2025-12-23 10:20:00,475 - utils.logger2025-12-23-10.19.43 - INFO - Tst result of epoch 4 / 40 acc 0.6777 uar 0.6521 f1 0.6078
2025-12-23 10:20:00,476 - utils.logger2025-12-23-10.19.43 - INFO - 
[[ 6  1 14  5]
 [ 0 22  6  0]
 [ 2  7 89 30]
 [ 0  0  3 26]]
2025-12-23 10:20:00,924 - utils.logger2025-12-23-10.19.43 - INFO - Cur epoch 5 loss TA:0.7763 TV:0.7784 VA:1.3170 CE:0.7401
2025-12-23 10:20:01,376 - utils.logger2025-12-23-10.19.43 - INFO - Cur epoch 5 loss TA:0.8063 TV:0.8077 VA:1.3300 CE:0.7323
2025-12-23 10:20:01,851 - utils.logger2025-12-23-10.19.43 - INFO - Cur epoch 5 loss TA:0.8006 TV:0.7865 VA:1.3456 CE:0.5869
2025-12-23 10:20:02,421 - utils.logger2025-12-23-10.19.43 - INFO - Cur epoch 5 loss TA:0.7593 TV:0.7687 VA:1.2557 CE:0.8559
2025-12-23 10:20:03,221 - utils.logger2025-12-23-10.19.43 - INFO - Cur epoch 5 loss TA:0.8093 TV:0.8479 VA:1.3089 CE:0.8113
2025-12-23 10:20:03,725 - utils.logger2025-12-23-10.19.43 - INFO - Cur epoch 5 loss TA:-6.0877 TV:-6.1765 VA:-12.7869 CE:0.0859
2025-12-23 10:20:03,804 - utils.logger2025-12-23-10.19.43 - INFO - saving the model at the end of epoch 5, iters 270
2025-12-23 10:20:03,902 - utils.logger2025-12-23-10.19.43 - INFO - End of training epoch 5 / 40 	 Time Taken: 3 sec
2025-12-23 10:20:03,902 - utils.logger2025-12-23-10.19.43 - INFO - learning rate = 0.0005000
2025-12-23 10:20:04,819 - utils.logger2025-12-23-10.19.43 - INFO - Val result of epoch 5 / 40 acc 0.7721 uar 0.7275 f1 0.7392
2025-12-23 10:20:04,819 - utils.logger2025-12-23-10.19.43 - INFO - 
[[16  1 11  0]
 [ 1 59  4  0]
 [ 2  8 64  2]
 [ 7  1 12 27]]
2025-12-23 10:20:05,324 - utils.logger2025-12-23-10.19.43 - INFO - Tst result of epoch 5 / 40 acc 0.7299 uar 0.6184 f1 0.6286
2025-12-23 10:20:05,324 - utils.logger2025-12-23-10.19.43 - INFO - 
[[  6   0  18   2]
 [  1  16  11   0]
 [  2   2 108  16]
 [  0   0   5  24]]
2025-12-23 10:20:06,045 - utils.logger2025-12-23-10.19.43 - INFO - Cur epoch 6 loss TA:0.7848 TV:0.7749 VA:1.2696 CE:0.4652
2025-12-23 10:20:06,515 - utils.logger2025-12-23-10.19.43 - INFO - Cur epoch 6 loss TA:0.7516 TV:0.7677 VA:1.2380 CE:0.6668
2025-12-23 10:20:06,959 - utils.logger2025-12-23-10.19.43 - INFO - Cur epoch 6 loss TA:0.7632 TV:0.7623 VA:1.2959 CE:0.6048
2025-12-23 10:20:07,454 - utils.logger2025-12-23-10.19.43 - INFO - Cur epoch 6 loss TA:0.7869 TV:0.8179 VA:1.2949 CE:0.5763
2025-12-23 10:20:07,918 - utils.logger2025-12-23-10.19.43 - INFO - Cur epoch 6 loss TA:0.7615 TV:0.7907 VA:1.2436 CE:0.5663
2025-12-23 10:20:08,169 - utils.logger2025-12-23-10.19.43 - INFO - saving the model at the end of epoch 6, iters 324
2025-12-23 10:20:08,292 - utils.logger2025-12-23-10.19.43 - INFO - End of training epoch 6 / 40 	 Time Taken: 2 sec
2025-12-23 10:20:08,293 - utils.logger2025-12-23-10.19.43 - INFO - learning rate = 0.0005000
2025-12-23 10:20:09,171 - utils.logger2025-12-23-10.19.43 - INFO - Val result of epoch 6 / 40 acc 0.6651 uar 0.6779 f1 0.6321
2025-12-23 10:20:09,172 - utils.logger2025-12-23-10.19.43 - INFO - 
[[24  1  3  0]
 [ 2 61  1  0]
 [13 21 41  1]
 [21  1  8 17]]
2025-12-23 10:20:09,523 - utils.logger2025-12-23-10.19.43 - INFO - Tst result of epoch 6 / 40 acc 0.6967 uar 0.6819 f1 0.6475
2025-12-23 10:20:09,523 - utils.logger2025-12-23-10.19.43 - INFO - 
[[16  1  7  2]
 [ 4 18  6  0]
 [ 9  9 91 19]
 [ 1  0  6 22]]
2025-12-23 10:20:10,064 - utils.logger2025-12-23-10.19.43 - INFO - Cur epoch 7 loss TA:0.7675 TV:0.7809 VA:1.2861 CE:0.4566
2025-12-23 10:20:10,547 - utils.logger2025-12-23-10.19.43 - INFO - Cur epoch 7 loss TA:0.7306 TV:0.7333 VA:1.2463 CE:0.6271
2025-12-23 10:20:11,083 - utils.logger2025-12-23-10.19.43 - INFO - Cur epoch 7 loss TA:0.7274 TV:0.7424 VA:1.2528 CE:0.6687
2025-12-23 10:20:11,491 - utils.logger2025-12-23-10.19.43 - INFO - Cur epoch 7 loss TA:0.7219 TV:0.7184 VA:1.1768 CE:0.5487
2025-12-23 10:20:11,943 - utils.logger2025-12-23-10.19.43 - INFO - Cur epoch 7 loss TA:0.7324 TV:0.7346 VA:1.2603 CE:0.5306
2025-12-23 10:20:12,346 - utils.logger2025-12-23-10.19.43 - INFO - saving the model at the end of epoch 7, iters 378
2025-12-23 10:20:12,453 - utils.logger2025-12-23-10.19.43 - INFO - End of training epoch 7 / 40 	 Time Taken: 2 sec
2025-12-23 10:20:12,453 - utils.logger2025-12-23-10.19.43 - INFO - learning rate = 0.0005000
2025-12-23 10:20:13,254 - utils.logger2025-12-23-10.19.43 - INFO - Val result of epoch 7 / 40 acc 0.7256 uar 0.6821 f1 0.6862
2025-12-23 10:20:13,254 - utils.logger2025-12-23-10.19.43 - INFO - 
[[15  2 11  0]
 [ 1 61  2  0]
 [ 4 13 57  2]
 [ 9  0 15 23]]
2025-12-23 10:20:13,854 - utils.logger2025-12-23-10.19.43 - INFO - Tst result of epoch 7 / 40 acc 0.7678 uar 0.6785 f1 0.6900
2025-12-23 10:20:13,855 - utils.logger2025-12-23-10.19.43 - INFO - 
[[  9   1  14   2]
 [  0  21   7   0]
 [  4   6 110   8]
 [  0   0   7  22]]
2025-12-23 10:20:14,420 - utils.logger2025-12-23-10.19.43 - INFO - Cur epoch 8 loss TA:0.7207 TV:0.7107 VA:1.2812 CE:0.6887
2025-12-23 10:20:14,821 - utils.logger2025-12-23-10.19.43 - INFO - Cur epoch 8 loss TA:0.6964 TV:0.7052 VA:1.2123 CE:0.3445
2025-12-23 10:20:15,280 - utils.logger2025-12-23-10.19.43 - INFO - Cur epoch 8 loss TA:0.6939 TV:0.6952 VA:1.2377 CE:0.4112
2025-12-23 10:20:15,756 - utils.logger2025-12-23-10.19.43 - INFO - Cur epoch 8 loss TA:0.7279 TV:0.7231 VA:1.2385 CE:0.5226
2025-12-23 10:20:16,134 - utils.logger2025-12-23-10.19.43 - INFO - Cur epoch 8 loss TA:0.7163 TV:0.7047 VA:1.2140 CE:0.5753
2025-12-23 10:20:16,527 - utils.logger2025-12-23-10.19.43 - INFO - Cur epoch 8 loss TA:0.6917 TV:0.7121 VA:1.2637 CE:0.6169
2025-12-23 10:20:16,666 - utils.logger2025-12-23-10.19.43 - INFO - saving the model at the end of epoch 8, iters 432
2025-12-23 10:20:16,774 - utils.logger2025-12-23-10.19.43 - INFO - End of training epoch 8 / 40 	 Time Taken: 2 sec
2025-12-23 10:20:16,774 - utils.logger2025-12-23-10.19.43 - INFO - learning rate = 0.0005000
2025-12-23 10:20:17,401 - utils.logger2025-12-23-10.19.43 - INFO - Val result of epoch 8 / 40 acc 0.6837 uar 0.6453 f1 0.6234
2025-12-23 10:20:17,402 - utils.logger2025-12-23-10.19.43 - INFO - 
[[17  2  9  0]
 [ 0 64  0  0]
 [ 5 18 53  0]
 [15  2 17 13]]
2025-12-23 10:20:17,836 - utils.logger2025-12-23-10.19.43 - INFO - Tst result of epoch 8 / 40 acc 0.7773 uar 0.6781 f1 0.7075
2025-12-23 10:20:17,837 - utils.logger2025-12-23-10.19.43 - INFO - 
[[ 12   1  12   1]
 [  0  19   9   0]
 [  1   8 113   6]
 [  1   0   8  20]]
2025-12-23 10:20:18,662 - utils.logger2025-12-23-10.19.43 - INFO - Cur epoch 9 loss TA:0.7358 TV:0.7263 VA:1.2305 CE:0.3479
2025-12-23 10:20:19,294 - utils.logger2025-12-23-10.19.43 - INFO - Cur epoch 9 loss TA:0.7019 TV:0.6631 VA:1.2546 CE:0.4757
2025-12-23 10:20:19,935 - utils.logger2025-12-23-10.19.43 - INFO - Cur epoch 9 loss TA:0.6839 TV:0.6858 VA:1.1678 CE:0.3786
2025-12-23 10:20:20,621 - utils.logger2025-12-23-10.19.43 - INFO - Cur epoch 9 loss TA:0.6762 TV:0.6842 VA:1.2094 CE:0.4905
2025-12-23 10:20:21,156 - utils.logger2025-12-23-10.19.43 - INFO - Cur epoch 9 loss TA:0.7172 TV:0.6982 VA:1.2151 CE:0.5335
2025-12-23 10:20:21,521 - utils.logger2025-12-23-10.19.43 - INFO - saving the model at the end of epoch 9, iters 486
2025-12-23 10:20:21,624 - utils.logger2025-12-23-10.19.43 - INFO - End of training epoch 9 / 40 	 Time Taken: 3 sec
2025-12-23 10:20:21,624 - utils.logger2025-12-23-10.19.43 - INFO - learning rate = 0.0005000
2025-12-23 10:20:22,409 - utils.logger2025-12-23-10.19.43 - INFO - Val result of epoch 9 / 40 acc 0.7023 uar 0.6883 f1 0.6682
2025-12-23 10:20:22,410 - utils.logger2025-12-23-10.19.43 - INFO - 
[[20  2  6  0]
 [ 1 62  1  0]
 [ 8 18 49  1]
 [15  1 11 20]]
2025-12-23 10:20:23,060 - utils.logger2025-12-23-10.19.43 - INFO - Tst result of epoch 9 / 40 acc 0.7014 uar 0.6743 f1 0.6600
2025-12-23 10:20:23,061 - utils.logger2025-12-23-10.19.43 - INFO - 
[[13  1 10  2]
 [ 0 18 10  0]
 [ 4  6 93 25]
 [ 0  0  5 24]]
2025-12-23 10:20:23,509 - utils.logger2025-12-23-10.19.43 - INFO - Cur epoch 10 loss TA:0.6801 TV:0.7001 VA:1.1725 CE:0.4839
2025-12-23 10:20:23,896 - utils.logger2025-12-23-10.19.43 - INFO - Cur epoch 10 loss TA:0.7121 TV:0.7195 VA:1.2149 CE:0.3826
2025-12-23 10:20:24,249 - utils.logger2025-12-23-10.19.43 - INFO - Cur epoch 10 loss TA:0.6538 TV:0.6704 VA:1.1521 CE:0.2887
2025-12-23 10:20:24,615 - utils.logger2025-12-23-10.19.43 - INFO - Cur epoch 10 loss TA:0.6380 TV:0.6682 VA:1.1947 CE:0.6396
2025-12-23 10:20:25,134 - utils.logger2025-12-23-10.19.43 - INFO - Cur epoch 10 loss TA:0.6967 TV:0.6829 VA:1.2361 CE:0.5182
2025-12-23 10:20:25,550 - utils.logger2025-12-23-10.19.43 - INFO - Cur epoch 10 loss TA:-6.3584 TV:-6.3580 VA:-12.8231 CE:0.0411
2025-12-23 10:20:25,606 - utils.logger2025-12-23-10.19.43 - INFO - saving the model at the end of epoch 10, iters 540
2025-12-23 10:20:25,713 - utils.logger2025-12-23-10.19.43 - INFO - End of training epoch 10 / 40 	 Time Taken: 2 sec
2025-12-23 10:20:25,714 - utils.logger2025-12-23-10.19.43 - INFO - learning rate = 0.0005000
2025-12-23 10:20:26,360 - utils.logger2025-12-23-10.19.43 - INFO - Val result of epoch 10 / 40 acc 0.6698 uar 0.6418 f1 0.6181
2025-12-23 10:20:26,361 - utils.logger2025-12-23-10.19.43 - INFO - 
[[18  3  7  0]
 [ 1 62  1  0]
 [ 5 21 50  0]
 [17  2 14 14]]
2025-12-23 10:20:26,694 - utils.logger2025-12-23-10.19.43 - INFO - Tst result of epoch 10 / 40 acc 0.7915 uar 0.7422 f1 0.7467
2025-12-23 10:20:26,695 - utils.logger2025-12-23-10.19.43 - INFO - 
[[ 16   1   9   0]
 [  0  22   6   0]
 [  7   8 108   5]
 [  1   0   7  21]]
2025-12-23 10:20:27,407 - utils.logger2025-12-23-10.19.43 - INFO - Cur epoch 11 loss TA:0.6682 TV:0.6715 VA:1.1817 CE:0.3399
2025-12-23 10:20:27,810 - utils.logger2025-12-23-10.19.43 - INFO - Cur epoch 11 loss TA:0.6262 TV:0.6527 VA:1.1377 CE:0.2836
2025-12-23 10:20:28,199 - utils.logger2025-12-23-10.19.43 - INFO - Cur epoch 11 loss TA:0.6658 TV:0.6636 VA:1.1793 CE:0.5717
2025-12-23 10:20:28,651 - utils.logger2025-12-23-10.19.43 - INFO - Cur epoch 11 loss TA:0.6298 TV:0.6477 VA:1.1519 CE:0.5994
2025-12-23 10:20:29,149 - utils.logger2025-12-23-10.19.43 - INFO - Cur epoch 11 loss TA:0.7393 TV:0.7352 VA:1.2151 CE:0.2510
2025-12-23 10:20:29,406 - utils.logger2025-12-23-10.19.43 - INFO - saving the model at the end of epoch 11, iters 594
2025-12-23 10:20:29,512 - utils.logger2025-12-23-10.19.43 - INFO - End of training epoch 11 / 40 	 Time Taken: 2 sec
2025-12-23 10:20:29,512 - utils.logger2025-12-23-10.19.43 - INFO - learning rate = 0.0005000
2025-12-23 10:20:30,283 - utils.logger2025-12-23-10.19.43 - INFO - Val result of epoch 11 / 40 acc 0.6605 uar 0.6719 f1 0.6254
2025-12-23 10:20:30,283 - utils.logger2025-12-23-10.19.43 - INFO - 
[[24  1  3  0]
 [ 2 60  1  1]
 [15 19 42  0]
 [21  2  8 16]]
2025-12-23 10:20:31,192 - utils.logger2025-12-23-10.19.43 - INFO - Tst result of epoch 11 / 40 acc 0.7251 uar 0.6976 f1 0.6792
2025-12-23 10:20:31,193 - utils.logger2025-12-23-10.19.43 - INFO - 
[[19  0  7  0]
 [ 0 21  7  0]
 [19  8 97  4]
 [ 7  0  6 16]]
2025-12-23 10:20:32,312 - utils.logger2025-12-23-10.19.43 - INFO - Cur epoch 12 loss TA:0.6757 TV:0.6769 VA:1.2894 CE:0.3088
2025-12-23 10:20:32,845 - utils.logger2025-12-23-10.19.43 - INFO - Cur epoch 12 loss TA:0.6477 TV:0.6667 VA:1.1449 CE:0.3475
2025-12-23 10:20:33,411 - utils.logger2025-12-23-10.19.43 - INFO - Cur epoch 12 loss TA:0.6716 TV:0.6786 VA:1.1778 CE:0.2849
2025-12-23 10:20:33,959 - utils.logger2025-12-23-10.19.43 - INFO - Cur epoch 12 loss TA:0.6440 TV:0.6847 VA:1.1983 CE:0.2996
2025-12-23 10:20:34,511 - utils.logger2025-12-23-10.19.43 - INFO - Cur epoch 12 loss TA:0.6315 TV:0.6588 VA:1.1469 CE:0.4570
2025-12-23 10:20:34,975 - utils.logger2025-12-23-10.19.43 - INFO - saving the model at the end of epoch 12, iters 648
2025-12-23 10:20:35,097 - utils.logger2025-12-23-10.19.43 - INFO - End of training epoch 12 / 40 	 Time Taken: 3 sec
2025-12-23 10:20:35,097 - utils.logger2025-12-23-10.19.43 - INFO - learning rate = 0.0005000
2025-12-23 10:20:35,573 - utils.logger2025-12-23-10.19.43 - INFO - Val result of epoch 12 / 40 acc 0.7070 uar 0.6713 f1 0.6498
2025-12-23 10:20:35,573 - utils.logger2025-12-23-10.19.43 - INFO - 
[[19  1  8  0]
 [ 2 58  3  1]
 [ 7  8 61  0]
 [18  0 15 14]]
2025-12-23 10:20:35,996 - utils.logger2025-12-23-10.19.43 - INFO - Tst result of epoch 12 / 40 acc 0.7678 uar 0.6659 f1 0.6951
2025-12-23 10:20:35,996 - utils.logger2025-12-23-10.19.43 - INFO - 
[[ 18   0   8   0]
 [  1  16  11   0]
 [ 10   4 113   1]
 [  4   0  10  15]]
2025-12-23 10:20:36,673 - utils.logger2025-12-23-10.19.43 - INFO - Cur epoch 13 loss TA:0.6439 TV:0.6307 VA:1.1566 CE:0.2678
2025-12-23 10:20:37,419 - utils.logger2025-12-23-10.19.43 - INFO - Cur epoch 13 loss TA:0.6323 TV:0.6578 VA:1.1600 CE:0.2524
2025-12-23 10:20:37,916 - utils.logger2025-12-23-10.19.43 - INFO - Cur epoch 13 loss TA:0.6835 TV:0.7044 VA:1.2464 CE:0.2774
2025-12-23 10:20:38,391 - utils.logger2025-12-23-10.19.43 - INFO - Cur epoch 13 loss TA:0.6741 TV:0.7001 VA:1.1375 CE:0.4433
2025-12-23 10:20:38,838 - utils.logger2025-12-23-10.19.43 - INFO - Cur epoch 13 loss TA:0.6642 TV:0.7078 VA:1.2235 CE:0.3745
2025-12-23 10:20:39,277 - utils.logger2025-12-23-10.19.43 - INFO - Cur epoch 13 loss TA:0.6894 TV:0.7075 VA:1.1328 CE:0.4827
2025-12-23 10:20:39,417 - utils.logger2025-12-23-10.19.43 - INFO - saving the model at the end of epoch 13, iters 702
2025-12-23 10:20:39,530 - utils.logger2025-12-23-10.19.43 - INFO - End of training epoch 13 / 40 	 Time Taken: 3 sec
2025-12-23 10:20:39,530 - utils.logger2025-12-23-10.19.43 - INFO - learning rate = 0.0005000
2025-12-23 10:20:39,896 - utils.logger2025-12-23-10.19.43 - INFO - Val result of epoch 13 / 40 acc 0.7256 uar 0.7031 f1 0.6793
2025-12-23 10:20:39,897 - utils.logger2025-12-23-10.19.43 - INFO - 
[[21  1  6  0]
 [ 2 60  1  1]
 [ 7 10 58  1]
 [17  0 13 17]]
2025-12-23 10:20:40,251 - utils.logger2025-12-23-10.19.43 - INFO - Tst result of epoch 13 / 40 acc 0.8057 uar 0.6773 f1 0.7365
2025-12-23 10:20:40,251 - utils.logger2025-12-23-10.19.43 - INFO - 
[[ 14   0  12   0]
 [  0  15  13   0]
 [  2   3 121   2]
 [  1   0   8  20]]
2025-12-23 10:20:40,848 - utils.logger2025-12-23-10.19.43 - INFO - Cur epoch 14 loss TA:0.6628 TV:0.6750 VA:1.1465 CE:0.3207
2025-12-23 10:20:41,472 - utils.logger2025-12-23-10.19.43 - INFO - Cur epoch 14 loss TA:0.6552 TV:0.6678 VA:1.1458 CE:0.2569
2025-12-23 10:20:42,040 - utils.logger2025-12-23-10.19.43 - INFO - Cur epoch 14 loss TA:0.6421 TV:0.6488 VA:1.1227 CE:0.2368
2025-12-23 10:20:42,489 - utils.logger2025-12-23-10.19.43 - INFO - Cur epoch 14 loss TA:0.6679 TV:0.6721 VA:1.0932 CE:0.2535
2025-12-23 10:20:42,966 - utils.logger2025-12-23-10.19.43 - INFO - Cur epoch 14 loss TA:0.6371 TV:0.6660 VA:1.1540 CE:0.2426
2025-12-23 10:20:43,294 - utils.logger2025-12-23-10.19.43 - INFO - saving the model at the end of epoch 14, iters 756
2025-12-23 10:20:43,408 - utils.logger2025-12-23-10.19.43 - INFO - End of training epoch 14 / 40 	 Time Taken: 3 sec
2025-12-23 10:20:43,409 - utils.logger2025-12-23-10.19.43 - INFO - learning rate = 0.0005000
2025-12-23 10:20:43,768 - utils.logger2025-12-23-10.19.43 - INFO - Val result of epoch 14 / 40 acc 0.6419 uar 0.6381 f1 0.6028
2025-12-23 10:20:43,768 - utils.logger2025-12-23-10.19.43 - INFO - 
[[20  3  5  0]
 [ 1 63  0  0]
 [12 25 39  0]
 [18  4  9 16]]
2025-12-23 10:20:44,122 - utils.logger2025-12-23-10.19.43 - INFO - Tst result of epoch 14 / 40 acc 0.7820 uar 0.7546 f1 0.7395
2025-12-23 10:20:44,123 - utils.logger2025-12-23-10.19.43 - INFO - 
[[ 18   1   7   0]
 [  0  25   3   0]
 [  7  12 104   5]
 [  2   0   9  18]]
2025-12-23 10:20:44,561 - utils.logger2025-12-23-10.19.43 - INFO - Cur epoch 15 loss TA:0.6268 TV:0.6548 VA:1.1127 CE:0.1509
2025-12-23 10:20:45,027 - utils.logger2025-12-23-10.19.43 - INFO - Cur epoch 15 loss TA:0.6223 TV:0.6402 VA:1.1715 CE:0.2628
2025-12-23 10:20:45,517 - utils.logger2025-12-23-10.19.43 - INFO - Cur epoch 15 loss TA:0.6144 TV:0.6196 VA:1.1383 CE:0.2782
2025-12-23 10:20:46,296 - utils.logger2025-12-23-10.19.43 - INFO - Cur epoch 15 loss TA:0.6235 TV:0.6363 VA:1.0897 CE:0.3115
2025-12-23 10:20:46,803 - utils.logger2025-12-23-10.19.43 - INFO - Cur epoch 15 loss TA:0.6006 TV:0.6287 VA:1.1461 CE:0.2176
2025-12-23 10:20:47,189 - utils.logger2025-12-23-10.19.43 - INFO - Cur epoch 15 loss TA:-6.3941 TV:-6.0904 VA:-12.4506 CE:0.7025
2025-12-23 10:20:47,242 - utils.logger2025-12-23-10.19.43 - INFO - saving the model at the end of epoch 15, iters 810
2025-12-23 10:20:47,345 - utils.logger2025-12-23-10.19.43 - INFO - End of training epoch 15 / 40 	 Time Taken: 3 sec
2025-12-23 10:20:47,345 - utils.logger2025-12-23-10.19.43 - INFO - learning rate = 0.0005000
2025-12-23 10:20:47,869 - utils.logger2025-12-23-10.19.43 - INFO - Val result of epoch 15 / 40 acc 0.6419 uar 0.6149 f1 0.5993
2025-12-23 10:20:47,870 - utils.logger2025-12-23-10.19.43 - INFO - 
[[16  5  7  0]
 [ 1 62  1  0]
 [ 5 27 44  0]
 [14  5 12 16]]
2025-12-23 10:20:48,564 - utils.logger2025-12-23-10.19.43 - INFO - Tst result of epoch 15 / 40 acc 0.7915 uar 0.6905 f1 0.7133
2025-12-23 10:20:48,565 - utils.logger2025-12-23-10.19.43 - INFO - 
[[ 10   1  15   0]
 [  0  25   3   0]
 [  2  10 115   1]
 [  2   0  10  17]]
2025-12-23 10:20:49,292 - utils.logger2025-12-23-10.19.43 - INFO - Cur epoch 16 loss TA:0.6337 TV:0.6604 VA:1.1210 CE:0.2383
2025-12-23 10:20:49,730 - utils.logger2025-12-23-10.19.43 - INFO - Cur epoch 16 loss TA:0.6320 TV:0.6189 VA:1.1673 CE:0.2398
2025-12-23 10:20:50,213 - utils.logger2025-12-23-10.19.43 - INFO - Cur epoch 16 loss TA:0.6435 TV:0.6533 VA:1.1367 CE:0.2248
2025-12-23 10:20:50,718 - utils.logger2025-12-23-10.19.43 - INFO - Cur epoch 16 loss TA:0.6074 TV:0.6149 VA:1.0980 CE:0.3005
2025-12-23 10:20:51,379 - utils.logger2025-12-23-10.19.43 - INFO - Cur epoch 16 loss TA:0.5982 TV:0.6318 VA:1.1205 CE:0.1125
2025-12-23 10:20:51,735 - utils.logger2025-12-23-10.19.43 - INFO - saving the model at the end of epoch 16, iters 864
2025-12-23 10:20:51,864 - utils.logger2025-12-23-10.19.43 - INFO - End of training epoch 16 / 40 	 Time Taken: 3 sec
2025-12-23 10:20:51,865 - utils.logger2025-12-23-10.19.43 - INFO - learning rate = 0.0005000
2025-12-23 10:20:52,621 - utils.logger2025-12-23-10.19.43 - INFO - Val result of epoch 16 / 40 acc 0.6837 uar 0.6675 f1 0.6502
2025-12-23 10:20:52,621 - utils.logger2025-12-23-10.19.43 - INFO - 
[[19  1  8  0]
 [ 1 62  1  0]
 [ 8 20 47  1]
 [13  0 15 19]]
2025-12-23 10:20:53,347 - utils.logger2025-12-23-10.19.43 - INFO - Tst result of epoch 16 / 40 acc 0.7962 uar 0.7249 f1 0.7406
2025-12-23 10:20:53,348 - utils.logger2025-12-23-10.19.43 - INFO - 
[[ 17   1   8   0]
 [  0  21   7   0]
 [  6   7 112   3]
 [  3   0   8  18]]
2025-12-23 10:20:53,976 - utils.logger2025-12-23-10.19.43 - INFO - Cur epoch 17 loss TA:0.6174 TV:0.6212 VA:1.1105 CE:0.2162
2025-12-23 10:20:54,426 - utils.logger2025-12-23-10.19.43 - INFO - Cur epoch 17 loss TA:0.6029 TV:0.6317 VA:1.1007 CE:0.1615
2025-12-23 10:20:54,825 - utils.logger2025-12-23-10.19.43 - INFO - Cur epoch 17 loss TA:0.6104 TV:0.6443 VA:1.1533 CE:0.2909
2025-12-23 10:20:55,206 - utils.logger2025-12-23-10.19.43 - INFO - Cur epoch 17 loss TA:0.6107 TV:0.6417 VA:1.1551 CE:0.2892
2025-12-23 10:20:55,612 - utils.logger2025-12-23-10.19.43 - INFO - Cur epoch 17 loss TA:0.6373 TV:0.6619 VA:1.1301 CE:0.1758
2025-12-23 10:20:56,025 - utils.logger2025-12-23-10.19.43 - INFO - saving the model at the end of epoch 17, iters 918
2025-12-23 10:20:56,140 - utils.logger2025-12-23-10.19.43 - INFO - End of training epoch 17 / 40 	 Time Taken: 2 sec
2025-12-23 10:20:56,140 - utils.logger2025-12-23-10.19.43 - INFO - learning rate = 0.0005000
2025-12-23 10:20:56,692 - utils.logger2025-12-23-10.19.43 - INFO - Val result of epoch 17 / 40 acc 0.7070 uar 0.6704 f1 0.6569
2025-12-23 10:20:56,692 - utils.logger2025-12-23-10.19.43 - INFO - 
[[18  0 10  0]
 [ 2 59  2  1]
 [ 6 11 59  0]
 [14  1 16 16]]
2025-12-23 10:20:57,053 - utils.logger2025-12-23-10.19.43 - INFO - Tst result of epoch 17 / 40 acc 0.7725 uar 0.5996 f1 0.6684
2025-12-23 10:20:57,053 - utils.logger2025-12-23-10.19.43 - INFO - 
[[ 10   0  16   0]
 [  0  15  13   0]
 [  0   4 123   1]
 [  2   0  12  15]]
2025-12-23 10:20:57,938 - utils.logger2025-12-23-10.19.43 - INFO - Cur epoch 18 loss TA:0.5976 TV:0.6201 VA:1.1646 CE:0.2012
2025-12-23 10:20:58,627 - utils.logger2025-12-23-10.19.43 - INFO - Cur epoch 18 loss TA:0.5847 TV:0.5895 VA:1.1133 CE:0.0711
2025-12-23 10:20:59,090 - utils.logger2025-12-23-10.19.43 - INFO - Cur epoch 18 loss TA:0.6210 TV:0.6487 VA:1.1444 CE:0.2444
2025-12-23 10:20:59,576 - utils.logger2025-12-23-10.19.43 - INFO - Cur epoch 18 loss TA:0.6404 TV:0.6479 VA:1.1102 CE:0.1401
2025-12-23 10:21:00,108 - utils.logger2025-12-23-10.19.43 - INFO - Cur epoch 18 loss TA:0.6191 TV:0.6339 VA:1.0922 CE:0.2887
2025-12-23 10:21:00,660 - utils.logger2025-12-23-10.19.43 - INFO - Cur epoch 18 loss TA:0.6161 TV:0.6315 VA:1.1447 CE:0.3413
2025-12-23 10:21:00,820 - utils.logger2025-12-23-10.19.43 - INFO - saving the model at the end of epoch 18, iters 972
2025-12-23 10:21:00,939 - utils.logger2025-12-23-10.19.43 - INFO - End of training epoch 18 / 40 	 Time Taken: 3 sec
2025-12-23 10:21:00,939 - utils.logger2025-12-23-10.19.43 - INFO - learning rate = 0.0005000
2025-12-23 10:21:01,718 - utils.logger2025-12-23-10.19.43 - INFO - Val result of epoch 18 / 40 acc 0.7442 uar 0.7226 f1 0.7199
2025-12-23 10:21:01,718 - utils.logger2025-12-23-10.19.43 - INFO - 
[[16  3  7  2]
 [ 2 60  1  1]
 [ 4 18 50  4]
 [ 6  3  4 34]]
2025-12-23 10:21:02,158 - utils.logger2025-12-23-10.19.43 - INFO - Tst result of epoch 18 / 40 acc 0.7441 uar 0.6534 f1 0.6527
2025-12-23 10:21:02,158 - utils.logger2025-12-23-10.19.43 - INFO - 
[[  7   1  14   4]
 [  0  21   7   0]
 [  2   6 107  13]
 [  0   0   7  22]]
2025-12-23 10:21:03,507 - utils.logger2025-12-23-10.19.43 - INFO - Cur epoch 19 loss TA:0.5699 TV:0.5835 VA:1.1246 CE:0.1006
2025-12-23 10:21:04,031 - utils.logger2025-12-23-10.19.43 - INFO - Cur epoch 19 loss TA:0.6175 TV:0.6398 VA:1.1099 CE:0.2514
2025-12-23 10:21:04,505 - utils.logger2025-12-23-10.19.43 - INFO - Cur epoch 19 loss TA:0.6082 TV:0.6244 VA:1.1398 CE:0.0925
2025-12-23 10:21:05,047 - utils.logger2025-12-23-10.19.43 - INFO - Cur epoch 19 loss TA:0.6423 TV:0.6649 VA:1.1131 CE:0.1131
2025-12-23 10:21:05,570 - utils.logger2025-12-23-10.19.43 - INFO - Cur epoch 19 loss TA:0.6268 TV:0.6253 VA:1.0663 CE:0.1330
2025-12-23 10:21:05,958 - utils.logger2025-12-23-10.19.43 - INFO - saving the model at the end of epoch 19, iters 1026
2025-12-23 10:21:06,059 - utils.logger2025-12-23-10.19.43 - INFO - End of training epoch 19 / 40 	 Time Taken: 3 sec
2025-12-23 10:21:06,059 - utils.logger2025-12-23-10.19.43 - INFO - learning rate = 0.0005000
2025-12-23 10:21:06,632 - utils.logger2025-12-23-10.19.43 - INFO - Val result of epoch 19 / 40 acc 0.6326 uar 0.6182 f1 0.5896
2025-12-23 10:21:06,633 - utils.logger2025-12-23-10.19.43 - INFO - 
[[18  5  5  0]
 [ 0 63  1  0]
 [ 9 27 40  0]
 [17  5 10 15]]
2025-12-23 10:21:07,003 - utils.logger2025-12-23-10.19.43 - INFO - Tst result of epoch 19 / 40 acc 0.7725 uar 0.6734 f1 0.6942
2025-12-23 10:21:07,003 - utils.logger2025-12-23-10.19.43 - INFO - 
[[ 15   1  10   0]
 [  0  22   6   0]
 [  4   9 113   2]
 [  4   0  12  13]]
2025-12-23 10:21:07,451 - utils.logger2025-12-23-10.19.43 - INFO - Cur epoch 20 loss TA:0.5923 TV:0.6109 VA:1.0884 CE:0.0537
2025-12-23 10:21:07,976 - utils.logger2025-12-23-10.19.43 - INFO - Cur epoch 20 loss TA:0.6114 TV:0.6097 VA:1.1446 CE:0.1709
2025-12-23 10:21:08,507 - utils.logger2025-12-23-10.19.43 - INFO - Cur epoch 20 loss TA:0.5960 TV:0.6308 VA:1.1384 CE:0.1880
2025-12-23 10:21:08,957 - utils.logger2025-12-23-10.19.43 - INFO - Cur epoch 20 loss TA:0.6446 TV:0.6696 VA:1.1791 CE:0.1940
2025-12-23 10:21:09,430 - utils.logger2025-12-23-10.19.43 - INFO - Cur epoch 20 loss TA:0.6273 TV:0.6381 VA:1.1117 CE:0.1750
2025-12-23 10:21:10,013 - utils.logger2025-12-23-10.19.43 - INFO - Cur epoch 20 loss TA:-6.4040 TV:-6.4282 VA:-12.7982 CE:0.0013
2025-12-23 10:21:10,067 - utils.logger2025-12-23-10.19.43 - INFO - saving the model at the end of epoch 20, iters 1080
2025-12-23 10:21:10,190 - utils.logger2025-12-23-10.19.43 - INFO - End of training epoch 20 / 40 	 Time Taken: 3 sec
2025-12-23 10:21:10,190 - utils.logger2025-12-23-10.19.43 - INFO - learning rate = 0.0005000
2025-12-23 10:21:10,804 - utils.logger2025-12-23-10.19.43 - INFO - Val result of epoch 20 / 40 acc 0.6047 uar 0.5983 f1 0.5482
2025-12-23 10:21:10,804 - utils.logger2025-12-23-10.19.43 - INFO - 
[[20  2  6  0]
 [ 2 61  1  0]
 [15 21 39  1]
 [22  5 10 10]]
2025-12-23 10:21:11,163 - utils.logger2025-12-23-10.19.43 - INFO - Tst result of epoch 20 / 40 acc 0.7678 uar 0.6794 f1 0.6932
2025-12-23 10:21:11,163 - utils.logger2025-12-23-10.19.43 - INFO - 
[[ 16   1   9   0]
 [  0  23   5   0]
 [  4  11 111   2]
 [  3   0  14  12]]
2025-12-23 10:21:11,963 - utils.logger2025-12-23-10.19.43 - INFO - Cur epoch 21 loss TA:0.6252 TV:0.6419 VA:1.0748 CE:0.2396
2025-12-23 10:21:12,445 - utils.logger2025-12-23-10.19.43 - INFO - Cur epoch 21 loss TA:0.6272 TV:0.6363 VA:1.0590 CE:0.0334
2025-12-23 10:21:13,028 - utils.logger2025-12-23-10.19.43 - INFO - Cur epoch 21 loss TA:0.5810 TV:0.5857 VA:1.1034 CE:0.1965
2025-12-23 10:21:13,451 - utils.logger2025-12-23-10.19.43 - INFO - Cur epoch 21 loss TA:0.6049 TV:0.6344 VA:1.1095 CE:0.1895
2025-12-23 10:21:13,870 - utils.logger2025-12-23-10.19.43 - INFO - Cur epoch 21 loss TA:0.5829 TV:0.6000 VA:1.0849 CE:0.1279
2025-12-23 10:21:14,090 - utils.logger2025-12-23-10.19.43 - INFO - saving the model at the end of epoch 21, iters 1134
2025-12-23 10:21:14,208 - utils.logger2025-12-23-10.19.43 - INFO - End of training epoch 21 / 40 	 Time Taken: 3 sec
2025-12-23 10:21:14,208 - utils.logger2025-12-23-10.19.43 - INFO - learning rate = 0.0005000
2025-12-23 10:21:14,547 - utils.logger2025-12-23-10.19.43 - INFO - Val result of epoch 21 / 40 acc 0.7302 uar 0.7278 f1 0.7008
2025-12-23 10:21:14,547 - utils.logger2025-12-23-10.19.43 - INFO - 
[[23  1  4  0]
 [ 2 60  1  1]
 [13 10 52  1]
 [14  2  9 22]]
2025-12-23 10:21:14,879 - utils.logger2025-12-23-10.19.43 - INFO - Tst result of epoch 21 / 40 acc 0.7488 uar 0.6395 f1 0.6668
2025-12-23 10:21:14,879 - utils.logger2025-12-23-10.19.43 - INFO - 
[[ 13   1  11   1]
 [  1  15  12   0]
 [  5   4 111   8]
 [  2   0   8  19]]
2025-12-23 10:21:15,508 - utils.logger2025-12-23-10.19.43 - INFO - Cur epoch 22 loss TA:0.6153 TV:0.6332 VA:1.1181 CE:0.0548
2025-12-23 10:21:16,023 - utils.logger2025-12-23-10.19.43 - INFO - Cur epoch 22 loss TA:0.5606 TV:0.5679 VA:1.0118 CE:0.1317
2025-12-23 10:21:16,562 - utils.logger2025-12-23-10.19.43 - INFO - Cur epoch 22 loss TA:0.6273 TV:0.6248 VA:1.0919 CE:0.1045
2025-12-23 10:21:17,102 - utils.logger2025-12-23-10.19.43 - INFO - Cur epoch 22 loss TA:0.5638 TV:0.5854 VA:1.0487 CE:0.1702
2025-12-23 10:21:17,500 - utils.logger2025-12-23-10.19.43 - INFO - Cur epoch 22 loss TA:0.5898 TV:0.6045 VA:1.0914 CE:0.1894
2025-12-23 10:21:18,035 - utils.logger2025-12-23-10.19.43 - INFO - saving the model at the end of epoch 22, iters 1188
2025-12-23 10:21:18,132 - utils.logger2025-12-23-10.19.43 - INFO - End of training epoch 22 / 40 	 Time Taken: 3 sec
2025-12-23 10:21:18,132 - utils.logger2025-12-23-10.19.43 - INFO - learning rate = 0.0005000
2025-12-23 10:21:18,500 - utils.logger2025-12-23-10.19.43 - INFO - Val result of epoch 22 / 40 acc 0.6233 uar 0.6384 f1 0.5956
2025-12-23 10:21:18,500 - utils.logger2025-12-23-10.19.43 - INFO - 
[[22  3  3  0]
 [ 2 60  1  1]
 [15 26 34  1]
 [17  7  5 18]]
2025-12-23 10:21:18,853 - utils.logger2025-12-23-10.19.43 - INFO - Tst result of epoch 22 / 40 acc 0.7299 uar 0.7480 f1 0.6958
2025-12-23 10:21:18,853 - utils.logger2025-12-23-10.19.43 - INFO - 
[[19  2  5  0]
 [ 0 27  1  0]
 [11 23 91  3]
 [ 4  0  8 17]]
2025-12-23 10:21:19,213 - utils.logger2025-12-23-10.19.43 - INFO - Cur epoch 23 loss TA:0.5674 TV:0.5945 VA:1.0795 CE:0.1539
2025-12-23 10:21:19,701 - utils.logger2025-12-23-10.19.43 - INFO - Cur epoch 23 loss TA:0.5841 TV:0.5942 VA:1.0732 CE:0.1518
2025-12-23 10:21:20,125 - utils.logger2025-12-23-10.19.43 - INFO - Cur epoch 23 loss TA:0.5651 TV:0.5666 VA:1.0788 CE:0.1227
2025-12-23 10:21:20,524 - utils.logger2025-12-23-10.19.43 - INFO - Cur epoch 23 loss TA:0.5411 TV:0.5721 VA:1.0836 CE:0.1190
2025-12-23 10:21:20,915 - utils.logger2025-12-23-10.19.43 - INFO - Cur epoch 23 loss TA:0.5953 TV:0.5995 VA:1.1084 CE:0.0727
2025-12-23 10:21:21,366 - utils.logger2025-12-23-10.19.43 - INFO - Cur epoch 23 loss TA:0.6012 TV:0.5999 VA:1.0721 CE:0.0853
2025-12-23 10:21:21,505 - utils.logger2025-12-23-10.19.43 - INFO - saving the model at the end of epoch 23, iters 1242
2025-12-23 10:21:21,614 - utils.logger2025-12-23-10.19.43 - INFO - End of training epoch 23 / 40 	 Time Taken: 2 sec
2025-12-23 10:21:21,614 - utils.logger2025-12-23-10.19.43 - INFO - learning rate = 0.0005000
2025-12-23 10:21:22,472 - utils.logger2025-12-23-10.19.43 - INFO - Val result of epoch 23 / 40 acc 0.6791 uar 0.6536 f1 0.6470
2025-12-23 10:21:22,472 - utils.logger2025-12-23-10.19.43 - INFO - 
[[16  3  8  1]
 [ 2 59  2  1]
 [ 6 20 48  2]
 [11  3 10 23]]
2025-12-23 10:21:23,440 - utils.logger2025-12-23-10.19.43 - INFO - Tst result of epoch 23 / 40 acc 0.7630 uar 0.6229 f1 0.6624
2025-12-23 10:21:23,440 - utils.logger2025-12-23-10.19.43 - INFO - 
[[  9   1  15   1]
 [  0  20   8   0]
 [  1   8 117   2]
 [  2   0  12  15]]
2025-12-23 10:21:24,132 - utils.logger2025-12-23-10.19.43 - INFO - Cur epoch 24 loss TA:0.5743 TV:0.5691 VA:1.0278 CE:0.2031
2025-12-23 10:21:24,649 - utils.logger2025-12-23-10.19.43 - INFO - Cur epoch 24 loss TA:0.6082 TV:0.6155 VA:1.0883 CE:0.0675
2025-12-23 10:21:25,106 - utils.logger2025-12-23-10.19.43 - INFO - Cur epoch 24 loss TA:0.5999 TV:0.6242 VA:1.1119 CE:0.0929
2025-12-23 10:21:25,563 - utils.logger2025-12-23-10.19.43 - INFO - Cur epoch 24 loss TA:0.6008 TV:0.6222 VA:1.0368 CE:0.1040
2025-12-23 10:21:26,007 - utils.logger2025-12-23-10.19.43 - INFO - Cur epoch 24 loss TA:0.6011 TV:0.6017 VA:1.0486 CE:0.2182
2025-12-23 10:21:26,362 - utils.logger2025-12-23-10.19.43 - INFO - saving the model at the end of epoch 24, iters 1296
2025-12-23 10:21:26,475 - utils.logger2025-12-23-10.19.43 - INFO - End of training epoch 24 / 40 	 Time Taken: 3 sec
2025-12-23 10:21:26,475 - utils.logger2025-12-23-10.19.43 - INFO - learning rate = 0.0005000
2025-12-23 10:21:27,220 - utils.logger2025-12-23-10.19.43 - INFO - Val result of epoch 24 / 40 acc 0.7302 uar 0.7251 f1 0.7122
2025-12-23 10:21:27,220 - utils.logger2025-12-23-10.19.43 - INFO - 
[[20  2  6  0]
 [ 1 60  2  1]
 [ 8 17 48  3]
 [ 9  3  6 29]]
2025-12-23 10:21:28,148 - utils.logger2025-12-23-10.19.43 - INFO - Tst result of epoch 24 / 40 acc 0.7867 uar 0.7053 f1 0.7230
2025-12-23 10:21:28,149 - utils.logger2025-12-23-10.19.43 - INFO - 
[[ 15   2   8   1]
 [  0  20   8   0]
 [  6   6 112   4]
 [  2   0   8  19]]
2025-12-23 10:21:28,820 - utils.logger2025-12-23-10.19.43 - INFO - Cur epoch 25 loss TA:0.5910 TV:0.6166 VA:1.1059 CE:0.0894
2025-12-23 10:21:29,269 - utils.logger2025-12-23-10.19.43 - INFO - Cur epoch 25 loss TA:0.5727 TV:0.5881 VA:1.0440 CE:0.1379
2025-12-23 10:21:29,718 - utils.logger2025-12-23-10.19.43 - INFO - Cur epoch 25 loss TA:0.5923 TV:0.5912 VA:1.0170 CE:0.1631
2025-12-23 10:21:30,234 - utils.logger2025-12-23-10.19.43 - INFO - Cur epoch 25 loss TA:0.5817 TV:0.5816 VA:1.0428 CE:0.3176
2025-12-23 10:21:30,747 - utils.logger2025-12-23-10.19.43 - INFO - Cur epoch 25 loss TA:0.5806 TV:0.6033 VA:1.0512 CE:0.0796
2025-12-23 10:21:31,239 - utils.logger2025-12-23-10.19.43 - INFO - Cur epoch 25 loss TA:-6.0161 TV:-5.8891 VA:-12.6318 CE:0.0002
2025-12-23 10:21:31,292 - utils.logger2025-12-23-10.19.43 - INFO - saving the model at the end of epoch 25, iters 1350
2025-12-23 10:21:31,399 - utils.logger2025-12-23-10.19.43 - INFO - End of training epoch 25 / 40 	 Time Taken: 3 sec
2025-12-23 10:21:31,399 - utils.logger2025-12-23-10.19.43 - INFO - learning rate = 0.0005000
2025-12-23 10:21:31,942 - utils.logger2025-12-23-10.19.43 - INFO - Val result of epoch 25 / 40 acc 0.6837 uar 0.6574 f1 0.6339
2025-12-23 10:21:31,943 - utils.logger2025-12-23-10.19.43 - INFO - 
[[19  1  8  0]
 [ 1 62  1  0]
 [ 6 18 52  0]
 [14  3 16 14]]
2025-12-23 10:21:32,492 - utils.logger2025-12-23-10.19.43 - INFO - Tst result of epoch 25 / 40 acc 0.7678 uar 0.6219 f1 0.6683
2025-12-23 10:21:32,492 - utils.logger2025-12-23-10.19.43 - INFO - 
[[ 13   2  11   0]
 [  0  19   9   0]
 [  2   5 119   2]
 [  2   0  16  11]]
2025-12-23 10:21:33,395 - utils.logger2025-12-23-10.19.43 - INFO - Cur epoch 26 loss TA:0.5982 TV:0.6094 VA:1.1109 CE:0.0432
2025-12-23 10:21:33,893 - utils.logger2025-12-23-10.19.43 - INFO - Cur epoch 26 loss TA:0.5898 TV:0.5996 VA:1.0773 CE:0.0897
2025-12-23 10:21:34,288 - utils.logger2025-12-23-10.19.43 - INFO - Cur epoch 26 loss TA:0.5585 TV:0.5934 VA:1.0860 CE:0.0259
2025-12-23 10:21:34,755 - utils.logger2025-12-23-10.19.43 - INFO - Cur epoch 26 loss TA:0.5790 TV:0.5901 VA:1.0593 CE:0.0834
2025-12-23 10:21:35,278 - utils.logger2025-12-23-10.19.43 - INFO - Cur epoch 26 loss TA:0.6025 TV:0.6247 VA:1.0480 CE:0.0839
2025-12-23 10:21:35,538 - utils.logger2025-12-23-10.19.43 - INFO - saving the model at the end of epoch 26, iters 1404
2025-12-23 10:21:35,656 - utils.logger2025-12-23-10.19.43 - INFO - End of training epoch 26 / 40 	 Time Taken: 3 sec
2025-12-23 10:21:35,656 - utils.logger2025-12-23-10.19.43 - INFO - learning rate = 0.0005000
2025-12-23 10:21:36,150 - utils.logger2025-12-23-10.19.43 - INFO - Val result of epoch 26 / 40 acc 0.7070 uar 0.6740 f1 0.6660
2025-12-23 10:21:36,150 - utils.logger2025-12-23-10.19.43 - INFO - 
[[18  1  9  0]
 [ 3 55  5  1]
 [ 8  8 60  0]
 [13  2 13 19]]
2025-12-23 10:21:36,507 - utils.logger2025-12-23-10.19.43 - INFO - Tst result of epoch 26 / 40 acc 0.7820 uar 0.6472 f1 0.6993
2025-12-23 10:21:36,508 - utils.logger2025-12-23-10.19.43 - INFO - 
[[ 14   0  11   1]
 [  0  14  14   0]
 [  3   3 119   3]
 [  2   0   9  18]]
2025-12-23 10:21:37,098 - utils.logger2025-12-23-10.19.43 - INFO - Cur epoch 27 loss TA:0.6195 TV:0.6406 VA:1.0731 CE:0.0659
2025-12-23 10:21:37,592 - utils.logger2025-12-23-10.19.43 - INFO - Cur epoch 27 loss TA:0.5598 TV:0.5552 VA:1.0292 CE:0.0884
2025-12-23 10:21:38,274 - utils.logger2025-12-23-10.19.43 - INFO - Cur epoch 27 loss TA:0.5655 TV:0.5754 VA:1.0405 CE:0.0693
2025-12-23 10:21:39,018 - utils.logger2025-12-23-10.19.43 - INFO - Cur epoch 27 loss TA:0.5875 TV:0.5938 VA:1.0843 CE:0.1023
2025-12-23 10:21:39,429 - utils.logger2025-12-23-10.19.43 - INFO - Cur epoch 27 loss TA:0.5657 TV:0.5647 VA:1.0574 CE:0.0710
2025-12-23 10:21:39,857 - utils.logger2025-12-23-10.19.43 - INFO - saving the model at the end of epoch 27, iters 1458
2025-12-23 10:21:39,985 - utils.logger2025-12-23-10.19.43 - INFO - End of training epoch 27 / 40 	 Time Taken: 3 sec
2025-12-23 10:21:39,985 - utils.logger2025-12-23-10.19.43 - INFO - learning rate = 0.0005000
2025-12-23 10:21:40,738 - utils.logger2025-12-23-10.19.43 - INFO - Val result of epoch 27 / 40 acc 0.6698 uar 0.6522 f1 0.6165
2025-12-23 10:21:40,738 - utils.logger2025-12-23-10.19.43 - INFO - 
[[21  0  7  0]
 [ 2 58  3  1]
 [13 10 53  0]
 [18  2 15 12]]
2025-12-23 10:21:41,304 - utils.logger2025-12-23-10.19.43 - INFO - Tst result of epoch 27 / 40 acc 0.7536 uar 0.6041 f1 0.6425
2025-12-23 10:21:41,305 - utils.logger2025-12-23-10.19.43 - INFO - 
[[ 16   1   9   0]
 [  2  14  12   0]
 [  6   3 118   1]
 [  5   0  13  11]]
2025-12-23 10:21:41,670 - utils.logger2025-12-23-10.19.43 - INFO - Cur epoch 28 loss TA:0.5581 TV:0.5810 VA:1.0674 CE:0.2209
2025-12-23 10:21:42,171 - utils.logger2025-12-23-10.19.43 - INFO - Cur epoch 28 loss TA:0.5697 TV:0.5806 VA:1.0185 CE:0.0874
2025-12-23 10:21:42,695 - utils.logger2025-12-23-10.19.43 - INFO - Cur epoch 28 loss TA:0.5793 TV:0.5860 VA:1.0746 CE:0.1623
2025-12-23 10:21:43,248 - utils.logger2025-12-23-10.19.43 - INFO - Cur epoch 28 loss TA:0.5484 TV:0.5724 VA:1.0515 CE:0.1288
2025-12-23 10:21:43,941 - utils.logger2025-12-23-10.19.43 - INFO - Cur epoch 28 loss TA:0.5747 TV:0.5776 VA:1.0867 CE:0.0325
2025-12-23 10:21:44,473 - utils.logger2025-12-23-10.19.43 - INFO - Cur epoch 28 loss TA:0.6087 TV:0.6173 VA:1.1169 CE:0.0358
2025-12-23 10:21:44,680 - utils.logger2025-12-23-10.19.43 - INFO - saving the model at the end of epoch 28, iters 1512
2025-12-23 10:21:44,778 - utils.logger2025-12-23-10.19.43 - INFO - End of training epoch 28 / 40 	 Time Taken: 3 sec
2025-12-23 10:21:44,779 - utils.logger2025-12-23-10.19.43 - INFO - learning rate = 0.0005000
2025-12-23 10:21:45,473 - utils.logger2025-12-23-10.19.43 - INFO - Val result of epoch 28 / 40 acc 0.7116 uar 0.7065 f1 0.6753
2025-12-23 10:21:45,473 - utils.logger2025-12-23-10.19.43 - INFO - 
[[23  1  4  0]
 [ 2 60  1  1]
 [10 14 52  0]
 [16  2 11 18]]
2025-12-23 10:21:45,824 - utils.logger2025-12-23-10.19.43 - INFO - Tst result of epoch 28 / 40 acc 0.7678 uar 0.6639 f1 0.6990
2025-12-23 10:21:45,824 - utils.logger2025-12-23-10.19.43 - INFO - 
[[ 15   0  11   0]
 [  0  19   9   0]
 [  5   8 113   2]
 [  2   0  12  15]]
2025-12-23 10:21:46,533 - utils.logger2025-12-23-10.19.43 - INFO - Cur epoch 29 loss TA:0.5786 TV:0.6005 VA:1.0719 CE:0.1388
2025-12-23 10:21:47,043 - utils.logger2025-12-23-10.19.43 - INFO - Cur epoch 29 loss TA:0.5855 TV:0.5891 VA:1.0488 CE:0.0200
2025-12-23 10:21:47,502 - utils.logger2025-12-23-10.19.43 - INFO - Cur epoch 29 loss TA:0.5834 TV:0.6066 VA:1.0687 CE:0.1359
2025-12-23 10:21:47,964 - utils.logger2025-12-23-10.19.43 - INFO - Cur epoch 29 loss TA:0.5842 TV:0.6007 VA:1.0763 CE:0.1625
2025-12-23 10:21:48,454 - utils.logger2025-12-23-10.19.43 - INFO - Cur epoch 29 loss TA:0.5503 TV:0.5549 VA:1.0286 CE:0.1177
2025-12-23 10:21:49,050 - utils.logger2025-12-23-10.19.43 - INFO - saving the model at the end of epoch 29, iters 1566
2025-12-23 10:21:49,154 - utils.logger2025-12-23-10.19.43 - INFO - End of training epoch 29 / 40 	 Time Taken: 3 sec
2025-12-23 10:21:49,154 - utils.logger2025-12-23-10.19.43 - INFO - learning rate = 0.0005000
2025-12-23 10:21:49,855 - utils.logger2025-12-23-10.19.43 - INFO - Val result of epoch 29 / 40 acc 0.6465 uar 0.6544 f1 0.6084
2025-12-23 10:21:49,855 - utils.logger2025-12-23-10.19.43 - INFO - 
[[23  1  4  0]
 [ 2 60  1  1]
 [16 18 41  1]
 [20  3  9 15]]
2025-12-23 10:21:50,218 - utils.logger2025-12-23-10.19.43 - INFO - Tst result of epoch 29 / 40 acc 0.7393 uar 0.6667 f1 0.6701
2025-12-23 10:21:50,219 - utils.logger2025-12-23-10.19.43 - INFO - 
[[ 15   1  10   0]
 [  0  23   5   0]
 [ 10  11 105   2]
 [  2   1  13  13]]
2025-12-23 10:21:50,870 - utils.logger2025-12-23-10.19.43 - INFO - Cur epoch 30 loss TA:0.5901 TV:0.6325 VA:1.1118 CE:0.1101
2025-12-23 10:21:51,349 - utils.logger2025-12-23-10.19.43 - INFO - Cur epoch 30 loss TA:0.5753 TV:0.5781 VA:1.0483 CE:0.0467
2025-12-23 10:21:51,894 - utils.logger2025-12-23-10.19.43 - INFO - Cur epoch 30 loss TA:0.5814 TV:0.5864 VA:1.0565 CE:0.0247
2025-12-23 10:21:52,446 - utils.logger2025-12-23-10.19.43 - INFO - Cur epoch 30 loss TA:0.5535 TV:0.5760 VA:1.0555 CE:0.0446
2025-12-23 10:21:52,977 - utils.logger2025-12-23-10.19.43 - INFO - Cur epoch 30 loss TA:0.5631 TV:0.5588 VA:1.0495 CE:0.0542
2025-12-23 10:21:53,516 - utils.logger2025-12-23-10.19.43 - INFO - Cur epoch 30 loss TA:-6.4241 TV:-6.4013 VA:-12.8569 CE:0.0002
2025-12-23 10:21:53,573 - utils.logger2025-12-23-10.19.43 - INFO - saving the model at the end of epoch 30, iters 1620
2025-12-23 10:21:53,689 - utils.logger2025-12-23-10.19.43 - INFO - End of training epoch 30 / 40 	 Time Taken: 3 sec
2025-12-23 10:21:53,689 - utils.logger2025-12-23-10.19.43 - INFO - learning rate = 0.0004545
2025-12-23 10:21:54,405 - utils.logger2025-12-23-10.19.43 - INFO - Val result of epoch 30 / 40 acc 0.6186 uar 0.6506 f1 0.5897
2025-12-23 10:21:54,405 - utils.logger2025-12-23-10.19.43 - INFO - 
[[25  1  2  0]
 [ 2 61  1  0]
 [21 24 30  1]
 [19  4  7 17]]
2025-12-23 10:21:54,913 - utils.logger2025-12-23-10.19.43 - INFO - Tst result of epoch 30 / 40 acc 0.7488 uar 0.7133 f1 0.6945
2025-12-23 10:21:54,914 - utils.logger2025-12-23-10.19.43 - INFO - 
[[ 17   1   8   0]
 [  0  25   3   0]
 [ 10  14 101   3]
 [  4   0  10  15]]
2025-12-23 10:21:56,283 - utils.logger2025-12-23-10.19.43 - INFO - Cur epoch 31 loss TA:0.5428 TV:0.5759 VA:1.0625 CE:0.0064
2025-12-23 10:21:56,701 - utils.logger2025-12-23-10.19.43 - INFO - Cur epoch 31 loss TA:0.5648 TV:0.5701 VA:1.0240 CE:0.0457
2025-12-23 10:21:57,153 - utils.logger2025-12-23-10.19.43 - INFO - Cur epoch 31 loss TA:0.5550 TV:0.5625 VA:1.0430 CE:0.0601
2025-12-23 10:21:57,603 - utils.logger2025-12-23-10.19.43 - INFO - Cur epoch 31 loss TA:0.5984 TV:0.5801 VA:1.0888 CE:0.0378
2025-12-23 10:21:58,089 - utils.logger2025-12-23-10.19.43 - INFO - Cur epoch 31 loss TA:0.5813 TV:0.5856 VA:1.0659 CE:0.1297
2025-12-23 10:21:58,353 - utils.logger2025-12-23-10.19.43 - INFO - saving the model at the end of epoch 31, iters 1674
2025-12-23 10:21:58,475 - utils.logger2025-12-23-10.19.43 - INFO - End of training epoch 31 / 40 	 Time Taken: 3 sec
2025-12-23 10:21:58,475 - utils.logger2025-12-23-10.19.43 - INFO - learning rate = 0.0004091
2025-12-23 10:21:59,122 - utils.logger2025-12-23-10.19.43 - INFO - Val result of epoch 31 / 40 acc 0.6651 uar 0.6727 f1 0.6398
2025-12-23 10:21:59,122 - utils.logger2025-12-23-10.19.43 - INFO - 
[[22  4  2  0]
 [ 1 61  1  1]
 [13 23 40  0]
 [14  4  9 20]]
2025-12-23 10:21:59,782 - utils.logger2025-12-23-10.19.43 - INFO - Tst result of epoch 31 / 40 acc 0.7393 uar 0.7017 f1 0.6862
2025-12-23 10:21:59,782 - utils.logger2025-12-23-10.19.43 - INFO - 
[[ 16   2   8   0]
 [  0  25   3   0]
 [  4  20 100   4]
 [  3   0  11  15]]
2025-12-23 10:22:00,347 - utils.logger2025-12-23-10.19.43 - INFO - Cur epoch 32 loss TA:0.5527 TV:0.5581 VA:1.0319 CE:0.0382
2025-12-23 10:22:00,747 - utils.logger2025-12-23-10.19.43 - INFO - Cur epoch 32 loss TA:0.5300 TV:0.5472 VA:1.0260 CE:0.3156
2025-12-23 10:22:01,158 - utils.logger2025-12-23-10.19.43 - INFO - Cur epoch 32 loss TA:0.5489 TV:0.5655 VA:1.0395 CE:0.0247
2025-12-23 10:22:01,614 - utils.logger2025-12-23-10.19.43 - INFO - Cur epoch 32 loss TA:0.5381 TV:0.5460 VA:1.0171 CE:0.0090
2025-12-23 10:22:02,078 - utils.logger2025-12-23-10.19.43 - INFO - Cur epoch 32 loss TA:0.5531 TV:0.5571 VA:1.0224 CE:0.0076
2025-12-23 10:22:02,521 - utils.logger2025-12-23-10.19.43 - INFO - saving the model at the end of epoch 32, iters 1728
2025-12-23 10:22:02,648 - utils.logger2025-12-23-10.19.43 - INFO - End of training epoch 32 / 40 	 Time Taken: 2 sec
2025-12-23 10:22:02,648 - utils.logger2025-12-23-10.19.43 - INFO - learning rate = 0.0003636
2025-12-23 10:22:03,301 - utils.logger2025-12-23-10.19.43 - INFO - Val result of epoch 32 / 40 acc 0.6605 uar 0.6703 f1 0.6297
2025-12-23 10:22:03,302 - utils.logger2025-12-23-10.19.43 - INFO - 
[[23  2  3  0]
 [ 2 60  1  1]
 [15 19 41  1]
 [18  3  8 18]]
2025-12-23 10:22:03,649 - utils.logger2025-12-23-10.19.43 - INFO - Tst result of epoch 32 / 40 acc 0.7204 uar 0.6663 f1 0.6609
2025-12-23 10:22:03,650 - utils.logger2025-12-23-10.19.43 - INFO - 
[[ 16   1   9   0]
 [  0  22   6   0]
 [ 14  10 100   4]
 [  3   0  12  14]]
2025-12-23 10:22:04,018 - utils.logger2025-12-23-10.19.43 - INFO - Cur epoch 33 loss TA:0.5517 TV:0.5696 VA:0.9910 CE:0.0126
2025-12-23 10:22:04,508 - utils.logger2025-12-23-10.19.43 - INFO - Cur epoch 33 loss TA:0.5313 TV:0.5563 VA:1.0273 CE:0.0490
2025-12-23 10:22:04,944 - utils.logger2025-12-23-10.19.43 - INFO - Cur epoch 33 loss TA:0.5527 TV:0.5628 VA:1.0278 CE:0.0579
2025-12-23 10:22:05,313 - utils.logger2025-12-23-10.19.43 - INFO - Cur epoch 33 loss TA:0.5468 TV:0.5714 VA:1.0457 CE:0.1777
2025-12-23 10:22:05,750 - utils.logger2025-12-23-10.19.43 - INFO - Cur epoch 33 loss TA:0.5338 TV:0.5471 VA:1.0366 CE:0.0251
2025-12-23 10:22:06,226 - utils.logger2025-12-23-10.19.43 - INFO - Cur epoch 33 loss TA:0.5676 TV:0.5679 VA:1.0396 CE:0.0163
2025-12-23 10:22:06,380 - utils.logger2025-12-23-10.19.43 - INFO - saving the model at the end of epoch 33, iters 1782
2025-12-23 10:22:06,496 - utils.logger2025-12-23-10.19.43 - INFO - End of training epoch 33 / 40 	 Time Taken: 2 sec
2025-12-23 10:22:06,497 - utils.logger2025-12-23-10.19.43 - INFO - learning rate = 0.0003182
2025-12-23 10:22:07,188 - utils.logger2025-12-23-10.19.43 - INFO - Val result of epoch 33 / 40 acc 0.7070 uar 0.6910 f1 0.6714
2025-12-23 10:22:07,188 - utils.logger2025-12-23-10.19.43 - INFO - 
[[20  0  8  0]
 [ 2 61  1  0]
 [ 8 15 51  2]
 [15  2 10 20]]
2025-12-23 10:22:07,547 - utils.logger2025-12-23-10.19.43 - INFO - Tst result of epoch 33 / 40 acc 0.7773 uar 0.6165 f1 0.6783
2025-12-23 10:22:07,548 - utils.logger2025-12-23-10.19.43 - INFO - 
[[ 11   1  14   0]
 [  0  17  11   0]
 [  1   3 122   2]
 [  2   0  13  14]]
2025-12-23 10:22:08,175 - utils.logger2025-12-23-10.19.43 - INFO - Cur epoch 34 loss TA:0.5535 TV:0.5656 VA:1.0276 CE:0.0859
2025-12-23 10:22:08,697 - utils.logger2025-12-23-10.19.43 - INFO - Cur epoch 34 loss TA:0.5309 TV:0.5305 VA:1.0044 CE:0.0078
2025-12-23 10:22:09,321 - utils.logger2025-12-23-10.19.43 - INFO - Cur epoch 34 loss TA:0.5345 TV:0.5510 VA:1.0372 CE:0.0163
2025-12-23 10:22:09,967 - utils.logger2025-12-23-10.19.43 - INFO - Cur epoch 34 loss TA:0.5840 TV:0.5807 VA:1.0390 CE:0.0181
2025-12-23 10:22:10,364 - utils.logger2025-12-23-10.19.43 - INFO - Cur epoch 34 loss TA:0.5388 TV:0.5570 VA:1.0116 CE:0.0088
2025-12-23 10:22:10,701 - utils.logger2025-12-23-10.19.43 - INFO - saving the model at the end of epoch 34, iters 1836
2025-12-23 10:22:10,820 - utils.logger2025-12-23-10.19.43 - INFO - End of training epoch 34 / 40 	 Time Taken: 3 sec
2025-12-23 10:22:10,821 - utils.logger2025-12-23-10.19.43 - INFO - learning rate = 0.0002727
2025-12-23 10:22:11,398 - utils.logger2025-12-23-10.19.43 - INFO - Val result of epoch 34 / 40 acc 0.7116 uar 0.7058 f1 0.6879
2025-12-23 10:22:11,398 - utils.logger2025-12-23-10.19.43 - INFO - 
[[20  2  5  1]
 [ 2 60  1  1]
 [ 8 17 47  4]
 [11  2  8 26]]
2025-12-23 10:22:11,889 - utils.logger2025-12-23-10.19.43 - INFO - Tst result of epoch 34 / 40 acc 0.7867 uar 0.6558 f1 0.7108
2025-12-23 10:22:11,890 - utils.logger2025-12-23-10.19.43 - INFO - 
[[ 13   1  12   0]
 [  0  17  11   0]
 [  1   6 119   2]
 [  1   0  11  17]]
2025-12-23 10:22:12,353 - utils.logger2025-12-23-10.19.43 - INFO - Cur epoch 35 loss TA:0.5274 TV:0.5515 VA:1.0258 CE:0.0027
2025-12-23 10:22:12,768 - utils.logger2025-12-23-10.19.43 - INFO - Cur epoch 35 loss TA:0.5677 TV:0.5885 VA:1.0049 CE:0.0226
2025-12-23 10:22:13,169 - utils.logger2025-12-23-10.19.43 - INFO - Cur epoch 35 loss TA:0.5433 TV:0.5560 VA:1.0122 CE:0.0212
2025-12-23 10:22:13,580 - utils.logger2025-12-23-10.19.43 - INFO - Cur epoch 35 loss TA:0.5424 TV:0.5484 VA:1.0392 CE:0.0442
2025-12-23 10:22:13,978 - utils.logger2025-12-23-10.19.43 - INFO - Cur epoch 35 loss TA:0.5284 TV:0.5383 VA:1.0026 CE:0.0525
2025-12-23 10:22:14,435 - utils.logger2025-12-23-10.19.43 - INFO - Cur epoch 35 loss TA:-6.4153 TV:-6.4139 VA:-12.8232 CE:0.0000
2025-12-23 10:22:14,477 - utils.logger2025-12-23-10.19.43 - INFO - saving the model at the end of epoch 35, iters 1890
2025-12-23 10:22:14,571 - utils.logger2025-12-23-10.19.43 - INFO - End of training epoch 35 / 40 	 Time Taken: 2 sec
2025-12-23 10:22:14,571 - utils.logger2025-12-23-10.19.43 - INFO - learning rate = 0.0002273
2025-12-23 10:22:14,927 - utils.logger2025-12-23-10.19.43 - INFO - Val result of epoch 35 / 40 acc 0.6651 uar 0.6470 f1 0.6224
2025-12-23 10:22:14,927 - utils.logger2025-12-23-10.19.43 - INFO - 
[[19  2  7  0]
 [ 2 60  1  1]
 [11 17 48  0]
 [16  2 13 16]]
2025-12-23 10:22:15,284 - utils.logger2025-12-23-10.19.43 - INFO - Tst result of epoch 35 / 40 acc 0.7630 uar 0.6206 f1 0.6657
2025-12-23 10:22:15,285 - utils.logger2025-12-23-10.19.43 - INFO - 
[[ 14   0  12   0]
 [  0  18  10   0]
 [  4   5 118   1]
 [  4   0  14  11]]
2025-12-23 10:22:16,066 - utils.logger2025-12-23-10.19.43 - INFO - Cur epoch 36 loss TA:0.5133 TV:0.5208 VA:1.0074 CE:0.0195
2025-12-23 10:22:16,568 - utils.logger2025-12-23-10.19.43 - INFO - Cur epoch 36 loss TA:0.5176 TV:0.5269 VA:0.9731 CE:0.0219
2025-12-23 10:22:17,087 - utils.logger2025-12-23-10.19.43 - INFO - Cur epoch 36 loss TA:0.5052 TV:0.5096 VA:0.9870 CE:0.0637
2025-12-23 10:22:17,617 - utils.logger2025-12-23-10.19.43 - INFO - Cur epoch 36 loss TA:0.5455 TV:0.5614 VA:1.0050 CE:0.0097
2025-12-23 10:22:18,328 - utils.logger2025-12-23-10.19.43 - INFO - Cur epoch 36 loss TA:0.5213 TV:0.5458 VA:1.0095 CE:0.0202
2025-12-23 10:22:18,692 - utils.logger2025-12-23-10.19.43 - INFO - saving the model at the end of epoch 36, iters 1944
2025-12-23 10:22:18,858 - utils.logger2025-12-23-10.19.43 - INFO - End of training epoch 36 / 40 	 Time Taken: 3 sec
2025-12-23 10:22:18,858 - utils.logger2025-12-23-10.19.43 - INFO - learning rate = 0.0001818
2025-12-23 10:22:19,633 - utils.logger2025-12-23-10.19.43 - INFO - Val result of epoch 36 / 40 acc 0.5767 uar 0.5893 f1 0.5268
2025-12-23 10:22:19,633 - utils.logger2025-12-23-10.19.43 - INFO - 
[[22  2  4  0]
 [ 2 60  1  1]
 [20 24 32  0]
 [25  3  9 10]]
2025-12-23 10:22:20,220 - utils.logger2025-12-23-10.19.43 - INFO - Tst result of epoch 36 / 40 acc 0.7109 uar 0.6503 f1 0.6332
2025-12-23 10:22:20,221 - utils.logger2025-12-23-10.19.43 - INFO - 
[[ 17   1   8   0]
 [  0  23   5   0]
 [ 14  13 100   1]
 [  5   1  13  10]]
2025-12-23 10:22:20,826 - utils.logger2025-12-23-10.19.43 - INFO - Cur epoch 37 loss TA:0.5486 TV:0.5528 VA:1.0085 CE:0.0028
2025-12-23 10:22:21,330 - utils.logger2025-12-23-10.19.43 - INFO - Cur epoch 37 loss TA:0.5311 TV:0.5448 VA:0.9890 CE:0.0415
2025-12-23 10:22:21,876 - utils.logger2025-12-23-10.19.43 - INFO - Cur epoch 37 loss TA:0.5474 TV:0.5543 VA:0.9765 CE:0.1501
2025-12-23 10:22:22,379 - utils.logger2025-12-23-10.19.43 - INFO - Cur epoch 37 loss TA:0.5472 TV:0.5524 VA:1.0006 CE:0.0193
2025-12-23 10:22:22,875 - utils.logger2025-12-23-10.19.43 - INFO - Cur epoch 37 loss TA:0.5522 TV:0.5558 VA:0.9911 CE:0.0114
2025-12-23 10:22:23,344 - utils.logger2025-12-23-10.19.43 - INFO - saving the model at the end of epoch 37, iters 1998
2025-12-23 10:22:23,448 - utils.logger2025-12-23-10.19.43 - INFO - End of training epoch 37 / 40 	 Time Taken: 3 sec
2025-12-23 10:22:23,448 - utils.logger2025-12-23-10.19.43 - INFO - learning rate = 0.0001364
2025-12-23 10:22:24,226 - utils.logger2025-12-23-10.19.43 - INFO - Val result of epoch 37 / 40 acc 0.6233 uar 0.6323 f1 0.5871
2025-12-23 10:22:24,227 - utils.logger2025-12-23-10.19.43 - INFO - 
[[22  3  3  0]
 [ 2 60  1  1]
 [16 23 37  0]
 [19  4  9 15]]
2025-12-23 10:22:25,182 - utils.logger2025-12-23-10.19.43 - INFO - Tst result of epoch 37 / 40 acc 0.7488 uar 0.6557 f1 0.6740
2025-12-23 10:22:25,182 - utils.logger2025-12-23-10.19.43 - INFO - 
[[ 14   1  11   0]
 [  0  21   7   0]
 [  9   9 109   1]
 [  4   0  11  14]]
2025-12-23 10:22:26,263 - utils.logger2025-12-23-10.19.43 - INFO - Cur epoch 38 loss TA:0.5655 TV:0.5764 VA:0.9773 CE:0.0112
2025-12-23 10:22:26,801 - utils.logger2025-12-23-10.19.43 - INFO - Cur epoch 38 loss TA:0.5254 TV:0.5415 VA:1.0082 CE:0.0076
2025-12-23 10:22:27,299 - utils.logger2025-12-23-10.19.43 - INFO - Cur epoch 38 loss TA:0.5457 TV:0.5465 VA:0.9863 CE:0.0019
2025-12-23 10:22:27,775 - utils.logger2025-12-23-10.19.43 - INFO - Cur epoch 38 loss TA:0.5386 TV:0.5445 VA:1.0260 CE:0.0015
2025-12-23 10:22:28,295 - utils.logger2025-12-23-10.19.43 - INFO - Cur epoch 38 loss TA:0.5242 TV:0.5315 VA:0.9896 CE:0.0146
2025-12-23 10:22:28,778 - utils.logger2025-12-23-10.19.43 - INFO - Cur epoch 38 loss TA:0.5324 TV:0.5420 VA:0.9983 CE:0.0056
2025-12-23 10:22:28,937 - utils.logger2025-12-23-10.19.43 - INFO - saving the model at the end of epoch 38, iters 2052
2025-12-23 10:22:29,055 - utils.logger2025-12-23-10.19.43 - INFO - End of training epoch 38 / 40 	 Time Taken: 3 sec
2025-12-23 10:22:29,056 - utils.logger2025-12-23-10.19.43 - INFO - learning rate = 0.0000909
2025-12-23 10:22:29,713 - utils.logger2025-12-23-10.19.43 - INFO - Val result of epoch 38 / 40 acc 0.6465 uar 0.6451 f1 0.6098
2025-12-23 10:22:29,713 - utils.logger2025-12-23-10.19.43 - INFO - 
[[21  3  4  0]
 [ 2 60  1  1]
 [12 22 42  0]
 [18  4  9 16]]
2025-12-23 10:22:30,173 - utils.logger2025-12-23-10.19.43 - INFO - Tst result of epoch 38 / 40 acc 0.7583 uar 0.6393 f1 0.6716
2025-12-23 10:22:30,174 - utils.logger2025-12-23-10.19.43 - INFO - 
[[ 14   1  11   0]
 [  0  20   8   0]
 [  6   7 114   1]
 [  3   0  14  12]]
2025-12-23 10:22:31,106 - utils.logger2025-12-23-10.19.43 - INFO - Cur epoch 39 loss TA:0.5267 TV:0.5321 VA:1.0055 CE:0.0035
2025-12-23 10:22:31,593 - utils.logger2025-12-23-10.19.43 - INFO - Cur epoch 39 loss TA:0.4947 TV:0.5022 VA:0.9729 CE:0.0026
2025-12-23 10:22:32,050 - utils.logger2025-12-23-10.19.43 - INFO - Cur epoch 39 loss TA:0.5025 TV:0.5074 VA:0.9477 CE:0.0044
2025-12-23 10:22:32,515 - utils.logger2025-12-23-10.19.43 - INFO - Cur epoch 39 loss TA:0.5376 TV:0.5504 VA:0.9914 CE:0.0039
2025-12-23 10:22:33,035 - utils.logger2025-12-23-10.19.43 - INFO - Cur epoch 39 loss TA:0.5200 TV:0.5332 VA:0.9829 CE:0.0028
2025-12-23 10:22:33,414 - utils.logger2025-12-23-10.19.43 - INFO - saving the model at the end of epoch 39, iters 2106
2025-12-23 10:22:33,536 - utils.logger2025-12-23-10.19.43 - INFO - End of training epoch 39 / 40 	 Time Taken: 3 sec
2025-12-23 10:22:33,537 - utils.logger2025-12-23-10.19.43 - INFO - learning rate = 0.0000455
2025-12-23 10:22:33,912 - utils.logger2025-12-23-10.19.43 - INFO - Val result of epoch 39 / 40 acc 0.6419 uar 0.6225 f1 0.5887
2025-12-23 10:22:33,912 - utils.logger2025-12-23-10.19.43 - INFO - 
[[19  2  7  0]
 [ 2 60  1  1]
 [ 9 20 47  0]
 [17  4 14 12]]
2025-12-23 10:22:34,279 - utils.logger2025-12-23-10.19.43 - INFO - Tst result of epoch 39 / 40 acc 0.7630 uar 0.6276 f1 0.6680
2025-12-23 10:22:34,279 - utils.logger2025-12-23-10.19.43 - INFO - 
[[ 14   1  11   0]
 [  0  19   9   0]
 [  3   7 117   1]
 [  3   0  15  11]]
2025-12-23 10:22:34,687 - utils.logger2025-12-23-10.19.43 - INFO - Cur epoch 40 loss TA:0.5001 TV:0.5131 VA:0.9739 CE:0.0031
2025-12-23 10:22:35,170 - utils.logger2025-12-23-10.19.43 - INFO - Cur epoch 40 loss TA:0.5289 TV:0.5349 VA:0.9908 CE:0.0295
2025-12-23 10:22:35,676 - utils.logger2025-12-23-10.19.43 - INFO - Cur epoch 40 loss TA:0.5247 TV:0.5495 VA:1.0108 CE:0.0016
2025-12-23 10:22:36,245 - utils.logger2025-12-23-10.19.43 - INFO - Cur epoch 40 loss TA:0.5109 TV:0.5254 VA:0.9813 CE:0.0050
2025-12-23 10:22:36,728 - utils.logger2025-12-23-10.19.43 - INFO - Cur epoch 40 loss TA:0.5060 TV:0.5146 VA:0.9697 CE:0.0226
2025-12-23 10:22:37,210 - utils.logger2025-12-23-10.19.43 - INFO - Cur epoch 40 loss TA:-6.4288 TV:-6.4307 VA:-12.8698 CE:0.0000
2025-12-23 10:22:37,268 - utils.logger2025-12-23-10.19.43 - INFO - saving the model at the end of epoch 40, iters 2160
2025-12-23 10:22:37,383 - utils.logger2025-12-23-10.19.43 - INFO - End of training epoch 40 / 40 	 Time Taken: 3 sec
2025-12-23 10:22:37,383 - utils.logger2025-12-23-10.19.43 - INFO - learning rate = 0.0000000
2025-12-23 10:22:37,733 - utils.logger2025-12-23-10.19.43 - INFO - Val result of epoch 40 / 40 acc 0.6605 uar 0.6611 f1 0.6305
2025-12-23 10:22:37,733 - utils.logger2025-12-23-10.19.43 - INFO - 
[[21  2  5  0]
 [ 2 60  1  1]
 [13 20 42  1]
 [15  4  9 19]]
2025-12-23 10:22:38,091 - utils.logger2025-12-23-10.19.43 - INFO - Tst result of epoch 40 / 40 acc 0.7630 uar 0.6476 f1 0.6827
2025-12-23 10:22:38,091 - utils.logger2025-12-23-10.19.43 - INFO - 
[[ 14   1  11   0]
 [  0  19   9   0]
 [  6   7 114   1]
 [  3   0  12  14]]
2025-12-23 10:22:38,092 - utils.logger2025-12-23-10.19.43 - INFO - Best eval epoch 10 found with f1 0.746652
