2026-03-03 19:31:50,959 - utils.logger2026-03-03-19.31.50 - INFO - The number of training samples = 1750
2026-03-03 19:31:53,696 - utils.logger2026-03-03-19.31.50 - INFO - Cur epoch 1 loss TA:1.0366 TV:1.0347 VA:2.0685 CE:2.7391
2026-03-03 19:31:54,202 - utils.logger2026-03-03-19.31.50 - INFO - Cur epoch 1 loss TA:1.0320 TV:1.0368 VA:2.0752 CE:2.8445
2026-03-03 19:31:54,641 - utils.logger2026-03-03-19.31.50 - INFO - saving the model at the end of epoch 1, iters 28
2026-03-03 19:31:54,710 - utils.logger2026-03-03-19.31.50 - INFO - End of training epoch 1 / 40 	 Time Taken: 3 sec
2026-03-03 19:31:54,711 - utils.logger2026-03-03-19.31.50 - INFO - learning rate = 0.0002000
2026-03-03 19:31:55,160 - utils.logger2026-03-03-19.31.50 - INFO - Val result of epoch 1 / 40 acc 0.5491 MAE 0.2743 f1 0.6147
2026-03-03 19:31:55,619 - utils.logger2026-03-03-19.31.50 - INFO - Tst result of epoch 1 / 40 acc 0.5491 MAE 0.2743 f1 0.6147
2026-03-03 19:31:56,041 - utils.logger2026-03-03-19.31.50 - INFO - Cur epoch 2 loss TA:1.0286 TV:1.0302 VA:2.0686 CE:2.4754
2026-03-03 19:31:56,565 - utils.logger2026-03-03-19.31.50 - INFO - Cur epoch 2 loss TA:1.0297 TV:1.0269 VA:2.0595 CE:1.9163
2026-03-03 19:31:57,110 - utils.logger2026-03-03-19.31.50 - INFO - Cur epoch 2 loss TA:1.0247 TV:1.0181 VA:2.0560 CE:2.5963
2026-03-03 19:31:57,478 - utils.logger2026-03-03-19.31.50 - INFO - saving the model at the end of epoch 2, iters 56
2026-03-03 19:31:57,558 - utils.logger2026-03-03-19.31.50 - INFO - End of training epoch 2 / 40 	 Time Taken: 1 sec
2026-03-03 19:31:57,558 - utils.logger2026-03-03-19.31.50 - INFO - learning rate = 0.0002000
2026-03-03 19:31:58,003 - utils.logger2026-03-03-19.31.50 - INFO - Val result of epoch 2 / 40 acc 0.6473 MAE 0.3625 f1 0.6781
2026-03-03 19:31:58,424 - utils.logger2026-03-03-19.31.50 - INFO - Tst result of epoch 2 / 40 acc 0.6473 MAE 0.3625 f1 0.6781
2026-03-03 19:31:58,981 - utils.logger2026-03-03-19.31.50 - INFO - Cur epoch 3 loss TA:1.0000 TV:1.0026 VA:2.0275 CE:1.9767
2026-03-03 19:31:59,553 - utils.logger2026-03-03-19.31.50 - INFO - Cur epoch 3 loss TA:1.0002 TV:0.9934 VA:2.0222 CE:2.7384
2026-03-03 19:32:00,140 - utils.logger2026-03-03-19.31.50 - INFO - Cur epoch 3 loss TA:0.9822 TV:0.9806 VA:1.9874 CE:2.3035
2026-03-03 19:32:00,445 - utils.logger2026-03-03-19.31.50 - INFO - saving the model at the end of epoch 3, iters 84
2026-03-03 19:32:00,542 - utils.logger2026-03-03-19.31.50 - INFO - End of training epoch 3 / 40 	 Time Taken: 2 sec
2026-03-03 19:32:00,543 - utils.logger2026-03-03-19.31.50 - INFO - learning rate = 0.0002000
2026-03-03 19:32:01,067 - utils.logger2026-03-03-19.31.50 - INFO - Val result of epoch 3 / 40 acc 0.6920 MAE 0.4647 f1 0.7033
2026-03-03 19:32:01,549 - utils.logger2026-03-03-19.31.50 - INFO - Tst result of epoch 3 / 40 acc 0.6920 MAE 0.4647 f1 0.7033
2026-03-03 19:32:02,339 - utils.logger2026-03-03-19.31.50 - INFO - Cur epoch 4 loss TA:0.9732 TV:0.9680 VA:1.9390 CE:1.9483
2026-03-03 19:32:02,967 - utils.logger2026-03-03-19.31.50 - INFO - Cur epoch 4 loss TA:0.9449 TV:0.9426 VA:1.9007 CE:1.8211
2026-03-03 19:32:03,591 - utils.logger2026-03-03-19.31.50 - INFO - Cur epoch 4 loss TA:0.9394 TV:0.9252 VA:1.8783 CE:1.9036
2026-03-03 19:32:03,752 - utils.logger2026-03-03-19.31.50 - INFO - saving the model at the end of epoch 4, iters 112
2026-03-03 19:32:03,835 - utils.logger2026-03-03-19.31.50 - INFO - End of training epoch 4 / 40 	 Time Taken: 2 sec
2026-03-03 19:32:03,836 - utils.logger2026-03-03-19.31.50 - INFO - learning rate = 0.0002000
2026-03-03 19:32:04,341 - utils.logger2026-03-03-19.31.50 - INFO - Val result of epoch 4 / 40 acc 0.6920 MAE 0.5017 f1 0.7025
2026-03-03 19:32:04,844 - utils.logger2026-03-03-19.31.50 - INFO - Tst result of epoch 4 / 40 acc 0.6920 MAE 0.5017 f1 0.7025
2026-03-03 19:32:05,765 - utils.logger2026-03-03-19.31.50 - INFO - Cur epoch 5 loss TA:0.9240 TV:0.9160 VA:1.8418 CE:1.9574
2026-03-03 19:32:06,353 - utils.logger2026-03-03-19.31.50 - INFO - Cur epoch 5 loss TA:0.9091 TV:0.8921 VA:1.8303 CE:1.9035
2026-03-03 19:32:06,936 - utils.logger2026-03-03-19.31.50 - INFO - Cur epoch 5 loss TA:0.6302 TV:0.6192 VA:1.2627 CE:2.1283
2026-03-03 19:32:07,003 - utils.logger2026-03-03-19.31.50 - INFO - saving the model at the end of epoch 5, iters 140
2026-03-03 19:32:07,080 - utils.logger2026-03-03-19.31.50 - INFO - End of training epoch 5 / 40 	 Time Taken: 2 sec
2026-03-03 19:32:07,081 - utils.logger2026-03-03-19.31.50 - INFO - learning rate = 0.0002000
2026-03-03 19:32:07,560 - utils.logger2026-03-03-19.31.50 - INFO - Val result of epoch 5 / 40 acc 0.7232 MAE 0.5610 f1 0.7452
2026-03-03 19:32:08,067 - utils.logger2026-03-03-19.31.50 - INFO - Tst result of epoch 5 / 40 acc 0.7232 MAE 0.5610 f1 0.7452
2026-03-03 19:32:09,002 - utils.logger2026-03-03-19.31.50 - INFO - Cur epoch 6 loss TA:0.8784 TV:0.8804 VA:1.7790 CE:1.2924
2026-03-03 19:32:09,567 - utils.logger2026-03-03-19.31.50 - INFO - Cur epoch 6 loss TA:0.8658 TV:0.8801 VA:1.7359 CE:1.5141
2026-03-03 19:32:10,073 - utils.logger2026-03-03-19.31.50 - INFO - saving the model at the end of epoch 6, iters 168
2026-03-03 19:32:10,150 - utils.logger2026-03-03-19.31.50 - INFO - End of training epoch 6 / 40 	 Time Taken: 2 sec
2026-03-03 19:32:10,151 - utils.logger2026-03-03-19.31.50 - INFO - learning rate = 0.0002000
2026-03-03 19:32:10,661 - utils.logger2026-03-03-19.31.50 - INFO - Val result of epoch 6 / 40 acc 0.7679 MAE 0.6033 f1 0.7814
2026-03-03 19:32:11,145 - utils.logger2026-03-03-19.31.50 - INFO - Tst result of epoch 6 / 40 acc 0.7679 MAE 0.6033 f1 0.7814
2026-03-03 19:32:11,648 - utils.logger2026-03-03-19.31.50 - INFO - Cur epoch 7 loss TA:0.8604 TV:0.8562 VA:1.7020 CE:1.3209
2026-03-03 19:32:12,274 - utils.logger2026-03-03-19.31.50 - INFO - Cur epoch 7 loss TA:0.8390 TV:0.8422 VA:1.7194 CE:0.9173
2026-03-03 19:32:12,877 - utils.logger2026-03-03-19.31.50 - INFO - Cur epoch 7 loss TA:0.8189 TV:0.8226 VA:1.6645 CE:1.2967
2026-03-03 19:32:13,302 - utils.logger2026-03-03-19.31.50 - INFO - saving the model at the end of epoch 7, iters 196
2026-03-03 19:32:13,398 - utils.logger2026-03-03-19.31.50 - INFO - End of training epoch 7 / 40 	 Time Taken: 2 sec
2026-03-03 19:32:13,399 - utils.logger2026-03-03-19.31.50 - INFO - learning rate = 0.0002000
2026-03-03 19:32:13,862 - utils.logger2026-03-03-19.31.50 - INFO - Val result of epoch 7 / 40 acc 0.7768 MAE 0.6164 f1 0.7914
2026-03-03 19:32:14,334 - utils.logger2026-03-03-19.31.50 - INFO - Tst result of epoch 7 / 40 acc 0.7768 MAE 0.6164 f1 0.7914
2026-03-03 19:32:14,952 - utils.logger2026-03-03-19.31.50 - INFO - Cur epoch 8 loss TA:0.8160 TV:0.8056 VA:1.6749 CE:1.5411
2026-03-03 19:32:15,580 - utils.logger2026-03-03-19.31.50 - INFO - Cur epoch 8 loss TA:0.8030 TV:0.8376 VA:1.6481 CE:1.6320
2026-03-03 19:32:16,204 - utils.logger2026-03-03-19.31.50 - INFO - Cur epoch 8 loss TA:0.8223 TV:0.8254 VA:1.6417 CE:1.3480
2026-03-03 19:32:16,541 - utils.logger2026-03-03-19.31.50 - INFO - saving the model at the end of epoch 8, iters 224
2026-03-03 19:32:16,623 - utils.logger2026-03-03-19.31.50 - INFO - End of training epoch 8 / 40 	 Time Taken: 2 sec
2026-03-03 19:32:16,624 - utils.logger2026-03-03-19.31.50 - INFO - learning rate = 0.0002000
2026-03-03 19:32:17,137 - utils.logger2026-03-03-19.31.50 - INFO - Val result of epoch 8 / 40 acc 0.7857 MAE 0.6367 f1 0.8002
2026-03-03 19:32:17,638 - utils.logger2026-03-03-19.31.50 - INFO - Tst result of epoch 8 / 40 acc 0.7857 MAE 0.6367 f1 0.8002
2026-03-03 19:32:18,382 - utils.logger2026-03-03-19.31.50 - INFO - Cur epoch 9 loss TA:0.7465 TV:0.7832 VA:1.6131 CE:1.1422
2026-03-03 19:32:19,013 - utils.logger2026-03-03-19.31.50 - INFO - Cur epoch 9 loss TA:0.7955 TV:0.7978 VA:1.5782 CE:0.9456
2026-03-03 19:32:19,601 - utils.logger2026-03-03-19.31.50 - INFO - Cur epoch 9 loss TA:0.7655 TV:0.7830 VA:1.5347 CE:1.2941
2026-03-03 19:32:19,795 - utils.logger2026-03-03-19.31.50 - INFO - saving the model at the end of epoch 9, iters 252
2026-03-03 19:32:19,866 - utils.logger2026-03-03-19.31.50 - INFO - End of training epoch 9 / 40 	 Time Taken: 2 sec
2026-03-03 19:32:19,866 - utils.logger2026-03-03-19.31.50 - INFO - learning rate = 0.0002000
2026-03-03 19:32:20,362 - utils.logger2026-03-03-19.31.50 - INFO - Val result of epoch 9 / 40 acc 0.7455 MAE 0.6343 f1 0.7634
2026-03-03 19:32:20,846 - utils.logger2026-03-03-19.31.50 - INFO - Tst result of epoch 9 / 40 acc 0.7455 MAE 0.6343 f1 0.7634
2026-03-03 19:32:21,807 - utils.logger2026-03-03-19.31.50 - INFO - Cur epoch 10 loss TA:0.7496 TV:0.7992 VA:1.4927 CE:0.8685
2026-03-03 19:32:22,431 - utils.logger2026-03-03-19.31.50 - INFO - Cur epoch 10 loss TA:0.7185 TV:0.7357 VA:1.4881 CE:0.9736
2026-03-03 19:32:23,018 - utils.logger2026-03-03-19.31.50 - INFO - Cur epoch 10 loss TA:0.4238 TV:0.4325 VA:0.9348 CE:0.9575
2026-03-03 19:32:23,089 - utils.logger2026-03-03-19.31.50 - INFO - saving the model at the end of epoch 10, iters 280
2026-03-03 19:32:23,172 - utils.logger2026-03-03-19.31.50 - INFO - End of training epoch 10 / 40 	 Time Taken: 2 sec
2026-03-03 19:32:23,172 - utils.logger2026-03-03-19.31.50 - INFO - learning rate = 0.0002000
2026-03-03 19:32:23,668 - utils.logger2026-03-03-19.31.50 - INFO - Val result of epoch 10 / 40 acc 0.7812 MAE 0.6476 f1 0.7954
2026-03-03 19:32:24,136 - utils.logger2026-03-03-19.31.50 - INFO - Tst result of epoch 10 / 40 acc 0.7812 MAE 0.6476 f1 0.7954
2026-03-03 19:32:25,173 - utils.logger2026-03-03-19.31.50 - INFO - Cur epoch 11 loss TA:0.6823 TV:0.6973 VA:1.3805 CE:0.7477
2026-03-03 19:32:25,758 - utils.logger2026-03-03-19.31.50 - INFO - Cur epoch 11 loss TA:0.7189 TV:0.7227 VA:1.4524 CE:0.7799
2026-03-03 19:32:26,310 - utils.logger2026-03-03-19.31.50 - INFO - saving the model at the end of epoch 11, iters 308
2026-03-03 19:32:26,414 - utils.logger2026-03-03-19.31.50 - INFO - End of training epoch 11 / 40 	 Time Taken: 2 sec
2026-03-03 19:32:26,414 - utils.logger2026-03-03-19.31.50 - INFO - learning rate = 0.0002000
2026-03-03 19:32:26,866 - utils.logger2026-03-03-19.31.50 - INFO - Val result of epoch 11 / 40 acc 0.7723 MAE 0.6468 f1 0.7869
2026-03-03 19:32:27,348 - utils.logger2026-03-03-19.31.50 - INFO - Tst result of epoch 11 / 40 acc 0.7723 MAE 0.6468 f1 0.7869
2026-03-03 19:32:27,874 - utils.logger2026-03-03-19.31.50 - INFO - Cur epoch 12 loss TA:0.7004 TV:0.7038 VA:1.3935 CE:0.6811
2026-03-03 19:32:28,517 - utils.logger2026-03-03-19.31.50 - INFO - Cur epoch 12 loss TA:0.6556 TV:0.6610 VA:1.3559 CE:0.6868
2026-03-03 19:32:29,084 - utils.logger2026-03-03-19.31.50 - INFO - Cur epoch 12 loss TA:0.7059 TV:0.7179 VA:1.4315 CE:0.7616
2026-03-03 19:32:29,523 - utils.logger2026-03-03-19.31.50 - INFO - saving the model at the end of epoch 12, iters 336
2026-03-03 19:32:29,613 - utils.logger2026-03-03-19.31.50 - INFO - End of training epoch 12 / 40 	 Time Taken: 2 sec
2026-03-03 19:32:29,614 - utils.logger2026-03-03-19.31.50 - INFO - learning rate = 0.0002000
2026-03-03 19:32:30,120 - utils.logger2026-03-03-19.31.50 - INFO - Val result of epoch 12 / 40 acc 0.7679 MAE 0.6403 f1 0.7814
2026-03-03 19:32:30,600 - utils.logger2026-03-03-19.31.50 - INFO - Tst result of epoch 12 / 40 acc 0.7679 MAE 0.6403 f1 0.7814
2026-03-03 19:32:31,177 - utils.logger2026-03-03-19.31.50 - INFO - Cur epoch 13 loss TA:0.6486 TV:0.6605 VA:1.4030 CE:0.5236
2026-03-03 19:32:31,813 - utils.logger2026-03-03-19.31.50 - INFO - Cur epoch 13 loss TA:0.6244 TV:0.6638 VA:1.3493 CE:0.7528
2026-03-03 19:32:32,476 - utils.logger2026-03-03-19.31.50 - INFO - Cur epoch 13 loss TA:0.6462 TV:0.6871 VA:1.3644 CE:0.5460
2026-03-03 19:32:32,745 - utils.logger2026-03-03-19.31.50 - INFO - saving the model at the end of epoch 13, iters 364
2026-03-03 19:32:32,829 - utils.logger2026-03-03-19.31.50 - INFO - End of training epoch 13 / 40 	 Time Taken: 2 sec
2026-03-03 19:32:32,829 - utils.logger2026-03-03-19.31.50 - INFO - learning rate = 0.0002000
2026-03-03 19:32:33,272 - utils.logger2026-03-03-19.31.50 - INFO - Val result of epoch 13 / 40 acc 0.7902 MAE 0.6596 f1 0.8048
2026-03-03 19:32:33,713 - utils.logger2026-03-03-19.31.50 - INFO - Tst result of epoch 13 / 40 acc 0.7902 MAE 0.6596 f1 0.8048
2026-03-03 19:32:34,333 - utils.logger2026-03-03-19.31.50 - INFO - Cur epoch 14 loss TA:0.6720 TV:0.6708 VA:1.3998 CE:0.6823
2026-03-03 19:32:34,848 - utils.logger2026-03-03-19.31.50 - INFO - Cur epoch 14 loss TA:0.6044 TV:0.6467 VA:1.2889 CE:0.6435
2026-03-03 19:32:35,376 - utils.logger2026-03-03-19.31.50 - INFO - Cur epoch 14 loss TA:0.6345 TV:0.6631 VA:1.3393 CE:0.7724
2026-03-03 19:32:35,522 - utils.logger2026-03-03-19.31.50 - INFO - saving the model at the end of epoch 14, iters 392
2026-03-03 19:32:35,596 - utils.logger2026-03-03-19.31.50 - INFO - End of training epoch 14 / 40 	 Time Taken: 1 sec
2026-03-03 19:32:35,597 - utils.logger2026-03-03-19.31.50 - INFO - learning rate = 0.0002000
2026-03-03 19:32:36,038 - utils.logger2026-03-03-19.31.50 - INFO - Val result of epoch 14 / 40 acc 0.7812 MAE 0.6627 f1 0.8001
2026-03-03 19:32:36,523 - utils.logger2026-03-03-19.31.50 - INFO - Tst result of epoch 14 / 40 acc 0.7812 MAE 0.6627 f1 0.8001
2026-03-03 19:32:37,230 - utils.logger2026-03-03-19.31.50 - INFO - Cur epoch 15 loss TA:0.6137 TV:0.6071 VA:1.2603 CE:0.4494
2026-03-03 19:32:37,734 - utils.logger2026-03-03-19.31.50 - INFO - Cur epoch 15 loss TA:0.6052 TV:0.6173 VA:1.2934 CE:0.5276
2026-03-03 19:32:38,215 - utils.logger2026-03-03-19.31.50 - INFO - Cur epoch 15 loss TA:0.3824 TV:0.3898 VA:0.6952 CE:0.7734
2026-03-03 19:32:38,268 - utils.logger2026-03-03-19.31.50 - INFO - saving the model at the end of epoch 15, iters 420
2026-03-03 19:32:38,342 - utils.logger2026-03-03-19.31.50 - INFO - End of training epoch 15 / 40 	 Time Taken: 1 sec
2026-03-03 19:32:38,343 - utils.logger2026-03-03-19.31.50 - INFO - learning rate = 0.0002000
2026-03-03 19:32:38,831 - utils.logger2026-03-03-19.31.50 - INFO - Val result of epoch 15 / 40 acc 0.7946 MAE 0.6516 f1 0.8050
2026-03-03 19:32:39,284 - utils.logger2026-03-03-19.31.50 - INFO - Tst result of epoch 15 / 40 acc 0.7946 MAE 0.6516 f1 0.8050
2026-03-03 19:32:40,135 - utils.logger2026-03-03-19.31.50 - INFO - Cur epoch 16 loss TA:0.5678 TV:0.6212 VA:1.1906 CE:0.4352
2026-03-03 19:32:40,642 - utils.logger2026-03-03-19.31.50 - INFO - Cur epoch 16 loss TA:0.6043 TV:0.6106 VA:1.2021 CE:0.4037
2026-03-03 19:32:41,105 - utils.logger2026-03-03-19.31.50 - INFO - saving the model at the end of epoch 16, iters 448
2026-03-03 19:32:41,183 - utils.logger2026-03-03-19.31.50 - INFO - End of training epoch 16 / 40 	 Time Taken: 1 sec
2026-03-03 19:32:41,183 - utils.logger2026-03-03-19.31.50 - INFO - learning rate = 0.0002000
2026-03-03 19:32:41,627 - utils.logger2026-03-03-19.31.50 - INFO - Val result of epoch 16 / 40 acc 0.7812 MAE 0.6495 f1 0.7967
2026-03-03 19:32:42,025 - utils.logger2026-03-03-19.31.50 - INFO - Tst result of epoch 16 / 40 acc 0.7812 MAE 0.6495 f1 0.7967
2026-03-03 19:32:42,436 - utils.logger2026-03-03-19.31.50 - INFO - Cur epoch 17 loss TA:0.5931 TV:0.6084 VA:1.1893 CE:0.4129
2026-03-03 19:32:42,963 - utils.logger2026-03-03-19.31.50 - INFO - Cur epoch 17 loss TA:0.5821 TV:0.6279 VA:1.2125 CE:0.4650
2026-03-03 19:32:43,541 - utils.logger2026-03-03-19.31.50 - INFO - Cur epoch 17 loss TA:0.6188 TV:0.6382 VA:1.2500 CE:0.4899
2026-03-03 19:32:43,913 - utils.logger2026-03-03-19.31.50 - INFO - saving the model at the end of epoch 17, iters 476
2026-03-03 19:32:44,011 - utils.logger2026-03-03-19.31.50 - INFO - End of training epoch 17 / 40 	 Time Taken: 1 sec
2026-03-03 19:32:44,012 - utils.logger2026-03-03-19.31.50 - INFO - learning rate = 0.0002000
2026-03-03 19:32:44,428 - utils.logger2026-03-03-19.31.50 - INFO - Val result of epoch 17 / 40 acc 0.7857 MAE 0.6521 f1 0.8000
2026-03-03 19:32:44,896 - utils.logger2026-03-03-19.31.50 - INFO - Tst result of epoch 17 / 40 acc 0.7857 MAE 0.6521 f1 0.8000
2026-03-03 19:32:45,409 - utils.logger2026-03-03-19.31.50 - INFO - Cur epoch 18 loss TA:0.5860 TV:0.6072 VA:1.2531 CE:0.4927
2026-03-03 19:32:45,927 - utils.logger2026-03-03-19.31.50 - INFO - Cur epoch 18 loss TA:0.5978 TV:0.6182 VA:1.2171 CE:0.5281
2026-03-03 19:32:46,484 - utils.logger2026-03-03-19.31.50 - INFO - Cur epoch 18 loss TA:0.5821 TV:0.6051 VA:1.1817 CE:0.3106
2026-03-03 19:32:46,729 - utils.logger2026-03-03-19.31.50 - INFO - saving the model at the end of epoch 18, iters 504
2026-03-03 19:32:46,806 - utils.logger2026-03-03-19.31.50 - INFO - End of training epoch 18 / 40 	 Time Taken: 1 sec
2026-03-03 19:32:46,806 - utils.logger2026-03-03-19.31.50 - INFO - learning rate = 0.0002000
2026-03-03 19:32:47,228 - utils.logger2026-03-03-19.31.50 - INFO - Val result of epoch 18 / 40 acc 0.8036 MAE 0.6575 f1 0.8146
2026-03-03 19:32:47,627 - utils.logger2026-03-03-19.31.50 - INFO - Tst result of epoch 18 / 40 acc 0.8036 MAE 0.6575 f1 0.8146
2026-03-03 19:32:48,248 - utils.logger2026-03-03-19.31.50 - INFO - Cur epoch 19 loss TA:0.5613 TV:0.5753 VA:1.1356 CE:0.3693
2026-03-03 19:32:48,821 - utils.logger2026-03-03-19.31.50 - INFO - Cur epoch 19 loss TA:0.6098 TV:0.6217 VA:1.2267 CE:0.4145
2026-03-03 19:32:49,393 - utils.logger2026-03-03-19.31.50 - INFO - Cur epoch 19 loss TA:0.5837 TV:0.6025 VA:1.1761 CE:0.3012
2026-03-03 19:32:49,541 - utils.logger2026-03-03-19.31.50 - INFO - saving the model at the end of epoch 19, iters 532
2026-03-03 19:32:49,616 - utils.logger2026-03-03-19.31.50 - INFO - End of training epoch 19 / 40 	 Time Taken: 1 sec
2026-03-03 19:32:49,616 - utils.logger2026-03-03-19.31.50 - INFO - learning rate = 0.0002000
2026-03-03 19:32:50,073 - utils.logger2026-03-03-19.31.50 - INFO - Val result of epoch 19 / 40 acc 0.8170 MAE 0.6723 f1 0.8329
2026-03-03 19:32:50,547 - utils.logger2026-03-03-19.31.50 - INFO - Tst result of epoch 19 / 40 acc 0.8170 MAE 0.6723 f1 0.8329
2026-03-03 19:32:51,306 - utils.logger2026-03-03-19.31.50 - INFO - Cur epoch 20 loss TA:0.5651 TV:0.5602 VA:1.1787 CE:0.4186
2026-03-03 19:32:51,821 - utils.logger2026-03-03-19.31.50 - INFO - Cur epoch 20 loss TA:0.5580 TV:0.5774 VA:1.1648 CE:0.3285
2026-03-03 19:32:52,309 - utils.logger2026-03-03-19.31.50 - INFO - Cur epoch 20 loss TA:0.3715 TV:0.3789 VA:0.7621 CE:0.4414
2026-03-03 19:32:52,368 - utils.logger2026-03-03-19.31.50 - INFO - saving the model at the end of epoch 20, iters 560
2026-03-03 19:32:52,444 - utils.logger2026-03-03-19.31.50 - INFO - End of training epoch 20 / 40 	 Time Taken: 1 sec
2026-03-03 19:32:52,444 - utils.logger2026-03-03-19.31.50 - INFO - learning rate = 0.0002000
2026-03-03 19:32:52,919 - utils.logger2026-03-03-19.31.50 - INFO - Val result of epoch 20 / 40 acc 0.8080 MAE 0.6555 f1 0.8285
2026-03-03 19:32:53,354 - utils.logger2026-03-03-19.31.50 - INFO - Tst result of epoch 20 / 40 acc 0.8080 MAE 0.6555 f1 0.8285
2026-03-03 19:32:54,253 - utils.logger2026-03-03-19.31.50 - INFO - Cur epoch 21 loss TA:0.5691 TV:0.5753 VA:1.1318 CE:0.2825
2026-03-03 19:32:54,780 - utils.logger2026-03-03-19.31.50 - INFO - Cur epoch 21 loss TA:0.5606 TV:0.5671 VA:1.0881 CE:0.2632
2026-03-03 19:32:55,243 - utils.logger2026-03-03-19.31.50 - INFO - saving the model at the end of epoch 21, iters 588
2026-03-03 19:32:55,317 - utils.logger2026-03-03-19.31.50 - INFO - End of training epoch 21 / 40 	 Time Taken: 1 sec
2026-03-03 19:32:55,318 - utils.logger2026-03-03-19.31.50 - INFO - learning rate = 0.0002000
2026-03-03 19:32:55,743 - utils.logger2026-03-03-19.31.50 - INFO - Val result of epoch 21 / 40 acc 0.8036 MAE 0.6658 f1 0.8187
2026-03-03 19:32:56,201 - utils.logger2026-03-03-19.31.50 - INFO - Tst result of epoch 21 / 40 acc 0.8036 MAE 0.6658 f1 0.8187
2026-03-03 19:32:56,633 - utils.logger2026-03-03-19.31.50 - INFO - Cur epoch 22 loss TA:0.5590 TV:0.5595 VA:1.1165 CE:0.3094
2026-03-03 19:32:57,194 - utils.logger2026-03-03-19.31.50 - INFO - Cur epoch 22 loss TA:0.5714 TV:0.5890 VA:1.1241 CE:0.3522
2026-03-03 19:32:57,782 - utils.logger2026-03-03-19.31.50 - INFO - Cur epoch 22 loss TA:0.5635 TV:0.5775 VA:1.0936 CE:0.3651
2026-03-03 19:32:58,223 - utils.logger2026-03-03-19.31.50 - INFO - saving the model at the end of epoch 22, iters 616
2026-03-03 19:32:58,299 - utils.logger2026-03-03-19.31.50 - INFO - End of training epoch 22 / 40 	 Time Taken: 2 sec
2026-03-03 19:32:58,300 - utils.logger2026-03-03-19.31.50 - INFO - learning rate = 0.0002000
2026-03-03 19:32:58,745 - utils.logger2026-03-03-19.31.50 - INFO - Val result of epoch 22 / 40 acc 0.8036 MAE 0.6744 f1 0.8190
2026-03-03 19:32:59,288 - utils.logger2026-03-03-19.31.50 - INFO - Tst result of epoch 22 / 40 acc 0.8036 MAE 0.6744 f1 0.8190
2026-03-03 19:32:59,873 - utils.logger2026-03-03-19.31.50 - INFO - Cur epoch 23 loss TA:0.5445 TV:0.5573 VA:1.0976 CE:0.2593
2026-03-03 19:33:00,459 - utils.logger2026-03-03-19.31.50 - INFO - Cur epoch 23 loss TA:0.5749 TV:0.5882 VA:1.1655 CE:0.3428
2026-03-03 19:33:01,146 - utils.logger2026-03-03-19.31.50 - INFO - Cur epoch 23 loss TA:0.5636 TV:0.5669 VA:1.1044 CE:0.2225
2026-03-03 19:33:01,475 - utils.logger2026-03-03-19.31.50 - INFO - saving the model at the end of epoch 23, iters 644
2026-03-03 19:33:01,554 - utils.logger2026-03-03-19.31.50 - INFO - End of training epoch 23 / 40 	 Time Taken: 2 sec
2026-03-03 19:33:01,554 - utils.logger2026-03-03-19.31.50 - INFO - learning rate = 0.0002000
2026-03-03 19:33:02,054 - utils.logger2026-03-03-19.31.50 - INFO - Val result of epoch 23 / 40 acc 0.8125 MAE 0.6651 f1 0.8281
2026-03-03 19:33:02,533 - utils.logger2026-03-03-19.31.50 - INFO - Tst result of epoch 23 / 40 acc 0.8125 MAE 0.6651 f1 0.8281
2026-03-03 19:33:03,230 - utils.logger2026-03-03-19.31.50 - INFO - Cur epoch 24 loss TA:0.5192 TV:0.5277 VA:1.0595 CE:0.2682
2026-03-03 19:33:03,840 - utils.logger2026-03-03-19.31.50 - INFO - Cur epoch 24 loss TA:0.5500 TV:0.5501 VA:1.0850 CE:0.2586
2026-03-03 19:33:04,437 - utils.logger2026-03-03-19.31.50 - INFO - Cur epoch 24 loss TA:0.5340 TV:0.5435 VA:1.0977 CE:0.3937
2026-03-03 19:33:04,593 - utils.logger2026-03-03-19.31.50 - INFO - saving the model at the end of epoch 24, iters 672
2026-03-03 19:33:04,675 - utils.logger2026-03-03-19.31.50 - INFO - End of training epoch 24 / 40 	 Time Taken: 2 sec
2026-03-03 19:33:04,675 - utils.logger2026-03-03-19.31.50 - INFO - learning rate = 0.0002000
2026-03-03 19:33:05,125 - utils.logger2026-03-03-19.31.50 - INFO - Val result of epoch 24 / 40 acc 0.8214 MAE 0.6754 f1 0.8327
2026-03-03 19:33:05,578 - utils.logger2026-03-03-19.31.50 - INFO - Tst result of epoch 24 / 40 acc 0.8214 MAE 0.6754 f1 0.8327
2026-03-03 19:33:06,457 - utils.logger2026-03-03-19.31.50 - INFO - Cur epoch 25 loss TA:0.5402 TV:0.5547 VA:1.0981 CE:0.2632
2026-03-03 19:33:07,034 - utils.logger2026-03-03-19.31.50 - INFO - Cur epoch 25 loss TA:0.5434 TV:0.5578 VA:1.1373 CE:0.3384
2026-03-03 19:33:07,611 - utils.logger2026-03-03-19.31.50 - INFO - Cur epoch 25 loss TA:0.2223 TV:0.2423 VA:0.5065 CE:0.3052
2026-03-03 19:33:07,692 - utils.logger2026-03-03-19.31.50 - INFO - saving the model at the end of epoch 25, iters 700
2026-03-03 19:33:07,801 - utils.logger2026-03-03-19.31.50 - INFO - End of training epoch 25 / 40 	 Time Taken: 2 sec
2026-03-03 19:33:07,802 - utils.logger2026-03-03-19.31.50 - INFO - learning rate = 0.0002000
2026-03-03 19:33:08,263 - utils.logger2026-03-03-19.31.50 - INFO - Val result of epoch 25 / 40 acc 0.7946 MAE 0.6724 f1 0.8093
2026-03-03 19:33:08,763 - utils.logger2026-03-03-19.31.50 - INFO - Tst result of epoch 25 / 40 acc 0.7946 MAE 0.6724 f1 0.8093
2026-03-03 19:33:09,715 - utils.logger2026-03-03-19.31.50 - INFO - Cur epoch 26 loss TA:0.5258 TV:0.5464 VA:1.0586 CE:0.2701
2026-03-03 19:33:10,302 - utils.logger2026-03-03-19.31.50 - INFO - Cur epoch 26 loss TA:0.5546 TV:0.5390 VA:1.0805 CE:0.2442
2026-03-03 19:33:10,821 - utils.logger2026-03-03-19.31.50 - INFO - saving the model at the end of epoch 26, iters 728
2026-03-03 19:33:10,923 - utils.logger2026-03-03-19.31.50 - INFO - End of training epoch 26 / 40 	 Time Taken: 2 sec
2026-03-03 19:33:10,924 - utils.logger2026-03-03-19.31.50 - INFO - learning rate = 0.0002000
2026-03-03 19:33:11,466 - utils.logger2026-03-03-19.31.50 - INFO - Val result of epoch 26 / 40 acc 0.7857 MAE 0.6600 f1 0.8003
2026-03-03 19:33:11,980 - utils.logger2026-03-03-19.31.50 - INFO - Tst result of epoch 26 / 40 acc 0.7857 MAE 0.6600 f1 0.8003
2026-03-03 19:33:12,469 - utils.logger2026-03-03-19.31.50 - INFO - Cur epoch 27 loss TA:0.5178 TV:0.5307 VA:1.0814 CE:0.2936
2026-03-03 19:33:13,100 - utils.logger2026-03-03-19.31.50 - INFO - Cur epoch 27 loss TA:0.5490 TV:0.5572 VA:1.1224 CE:0.3136
2026-03-03 19:33:13,700 - utils.logger2026-03-03-19.31.50 - INFO - Cur epoch 27 loss TA:0.5177 TV:0.5217 VA:1.0657 CE:0.2344
2026-03-03 19:33:14,149 - utils.logger2026-03-03-19.31.50 - INFO - saving the model at the end of epoch 27, iters 756
2026-03-03 19:33:14,231 - utils.logger2026-03-03-19.31.50 - INFO - End of training epoch 27 / 40 	 Time Taken: 2 sec
2026-03-03 19:33:14,231 - utils.logger2026-03-03-19.31.50 - INFO - learning rate = 0.0002000
2026-03-03 19:33:14,744 - utils.logger2026-03-03-19.31.50 - INFO - Val result of epoch 27 / 40 acc 0.8214 MAE 0.6817 f1 0.8326
2026-03-03 19:33:15,266 - utils.logger2026-03-03-19.31.50 - INFO - Tst result of epoch 27 / 40 acc 0.8214 MAE 0.6817 f1 0.8326
2026-03-03 19:33:15,890 - utils.logger2026-03-03-19.31.50 - INFO - Cur epoch 28 loss TA:0.5240 TV:0.5247 VA:1.0557 CE:0.2467
2026-03-03 19:33:16,577 - utils.logger2026-03-03-19.31.50 - INFO - Cur epoch 28 loss TA:0.5159 TV:0.5331 VA:1.0668 CE:0.2241
2026-03-03 19:33:17,240 - utils.logger2026-03-03-19.31.50 - INFO - Cur epoch 28 loss TA:0.5180 TV:0.5296 VA:1.0765 CE:0.2368
2026-03-03 19:33:17,575 - utils.logger2026-03-03-19.31.50 - INFO - saving the model at the end of epoch 28, iters 784
2026-03-03 19:33:17,660 - utils.logger2026-03-03-19.31.50 - INFO - End of training epoch 28 / 40 	 Time Taken: 2 sec
2026-03-03 19:33:17,660 - utils.logger2026-03-03-19.31.50 - INFO - learning rate = 0.0002000
2026-03-03 19:33:18,142 - utils.logger2026-03-03-19.31.50 - INFO - Val result of epoch 28 / 40 acc 0.8036 MAE 0.6645 f1 0.8190
2026-03-03 19:33:18,651 - utils.logger2026-03-03-19.31.50 - INFO - Tst result of epoch 28 / 40 acc 0.8036 MAE 0.6645 f1 0.8190
2026-03-03 19:33:19,391 - utils.logger2026-03-03-19.31.50 - INFO - Cur epoch 29 loss TA:0.5114 TV:0.5173 VA:1.0416 CE:0.2108
2026-03-03 19:33:19,986 - utils.logger2026-03-03-19.31.50 - INFO - Cur epoch 29 loss TA:0.5293 TV:0.5309 VA:1.0622 CE:0.2436
2026-03-03 19:33:20,572 - utils.logger2026-03-03-19.31.50 - INFO - Cur epoch 29 loss TA:0.5157 TV:0.5211 VA:1.0398 CE:0.2212
2026-03-03 19:33:20,767 - utils.logger2026-03-03-19.31.50 - INFO - saving the model at the end of epoch 29, iters 812
2026-03-03 19:33:20,852 - utils.logger2026-03-03-19.31.50 - INFO - End of training epoch 29 / 40 	 Time Taken: 2 sec
2026-03-03 19:33:20,853 - utils.logger2026-03-03-19.31.50 - INFO - learning rate = 0.0002000
2026-03-03 19:33:21,377 - utils.logger2026-03-03-19.31.50 - INFO - Val result of epoch 29 / 40 acc 0.7723 MAE 0.6535 f1 0.7860
2026-03-03 19:33:21,844 - utils.logger2026-03-03-19.31.50 - INFO - Tst result of epoch 29 / 40 acc 0.7723 MAE 0.6535 f1 0.7860
2026-03-03 19:33:22,720 - utils.logger2026-03-03-19.31.50 - INFO - Cur epoch 30 loss TA:0.5180 TV:0.5210 VA:1.0717 CE:0.2129
2026-03-03 19:33:23,354 - utils.logger2026-03-03-19.31.50 - INFO - Cur epoch 30 loss TA:0.4922 TV:0.5015 VA:0.9695 CE:0.2253
2026-03-03 19:33:23,943 - utils.logger2026-03-03-19.31.50 - INFO - Cur epoch 30 loss TA:0.2074 TV:0.2102 VA:0.4238 CE:0.3110
2026-03-03 19:33:24,014 - utils.logger2026-03-03-19.31.50 - INFO - saving the model at the end of epoch 30, iters 840
2026-03-03 19:33:24,099 - utils.logger2026-03-03-19.31.50 - INFO - End of training epoch 30 / 40 	 Time Taken: 2 sec
2026-03-03 19:33:24,100 - utils.logger2026-03-03-19.31.50 - INFO - learning rate = 0.0001818
2026-03-03 19:33:24,536 - utils.logger2026-03-03-19.31.50 - INFO - Val result of epoch 30 / 40 acc 0.7902 MAE 0.6645 f1 0.8095
2026-03-03 19:33:25,045 - utils.logger2026-03-03-19.31.50 - INFO - Tst result of epoch 30 / 40 acc 0.7902 MAE 0.6645 f1 0.8095
2026-03-03 19:33:26,019 - utils.logger2026-03-03-19.31.50 - INFO - Cur epoch 31 loss TA:0.5075 TV:0.5123 VA:1.0129 CE:0.1777
2026-03-03 19:33:26,666 - utils.logger2026-03-03-19.31.50 - INFO - Cur epoch 31 loss TA:0.4976 TV:0.5093 VA:1.0090 CE:0.2476
2026-03-03 19:33:27,229 - utils.logger2026-03-03-19.31.50 - INFO - saving the model at the end of epoch 31, iters 868
2026-03-03 19:33:27,328 - utils.logger2026-03-03-19.31.50 - INFO - End of training epoch 31 / 40 	 Time Taken: 2 sec
2026-03-03 19:33:27,328 - utils.logger2026-03-03-19.31.50 - INFO - learning rate = 0.0001636
2026-03-03 19:33:27,852 - utils.logger2026-03-03-19.31.50 - INFO - Val result of epoch 31 / 40 acc 0.7902 MAE 0.6699 f1 0.8093
2026-03-03 19:33:28,378 - utils.logger2026-03-03-19.31.50 - INFO - Tst result of epoch 31 / 40 acc 0.7902 MAE 0.6699 f1 0.8093
2026-03-03 19:33:28,855 - utils.logger2026-03-03-19.31.50 - INFO - Cur epoch 32 loss TA:0.5048 TV:0.5106 VA:1.0117 CE:0.2834
2026-03-03 19:33:29,471 - utils.logger2026-03-03-19.31.50 - INFO - Cur epoch 32 loss TA:0.4962 TV:0.5128 VA:0.9971 CE:0.2598
2026-03-03 19:33:30,139 - utils.logger2026-03-03-19.31.50 - INFO - Cur epoch 32 loss TA:0.4873 TV:0.4908 VA:0.9806 CE:0.1782
2026-03-03 19:33:30,597 - utils.logger2026-03-03-19.31.50 - INFO - saving the model at the end of epoch 32, iters 896
2026-03-03 19:33:30,681 - utils.logger2026-03-03-19.31.50 - INFO - End of training epoch 32 / 40 	 Time Taken: 2 sec
2026-03-03 19:33:30,681 - utils.logger2026-03-03-19.31.50 - INFO - learning rate = 0.0001455
2026-03-03 19:33:31,129 - utils.logger2026-03-03-19.31.50 - INFO - Val result of epoch 32 / 40 acc 0.7946 MAE 0.6682 f1 0.8142
2026-03-03 19:33:31,628 - utils.logger2026-03-03-19.31.50 - INFO - Tst result of epoch 32 / 40 acc 0.7946 MAE 0.6682 f1 0.8142
2026-03-03 19:33:32,137 - utils.logger2026-03-03-19.31.50 - INFO - Cur epoch 33 loss TA:0.4947 TV:0.4925 VA:0.9746 CE:0.2904
2026-03-03 19:33:32,688 - utils.logger2026-03-03-19.31.50 - INFO - Cur epoch 33 loss TA:0.4953 TV:0.4933 VA:1.0204 CE:0.2214
2026-03-03 19:33:33,218 - utils.logger2026-03-03-19.31.50 - INFO - Cur epoch 33 loss TA:0.5081 TV:0.5184 VA:1.0146 CE:0.2630
2026-03-03 19:33:33,458 - utils.logger2026-03-03-19.31.50 - INFO - saving the model at the end of epoch 33, iters 924
2026-03-03 19:33:33,533 - utils.logger2026-03-03-19.31.50 - INFO - End of training epoch 33 / 40 	 Time Taken: 1 sec
2026-03-03 19:33:33,533 - utils.logger2026-03-03-19.31.50 - INFO - learning rate = 0.0001273
2026-03-03 19:33:34,024 - utils.logger2026-03-03-19.31.50 - INFO - Val result of epoch 33 / 40 acc 0.7857 MAE 0.6701 f1 0.8048
2026-03-03 19:33:34,425 - utils.logger2026-03-03-19.31.50 - INFO - Tst result of epoch 33 / 40 acc 0.7857 MAE 0.6701 f1 0.8048
2026-03-03 19:33:35,077 - utils.logger2026-03-03-19.31.50 - INFO - Cur epoch 34 loss TA:0.5052 TV:0.5066 VA:1.0355 CE:0.1537
2026-03-03 19:33:35,692 - utils.logger2026-03-03-19.31.50 - INFO - Cur epoch 34 loss TA:0.4865 TV:0.4977 VA:0.9810 CE:0.1772
2026-03-03 19:33:36,276 - utils.logger2026-03-03-19.31.50 - INFO - Cur epoch 34 loss TA:0.5061 TV:0.4997 VA:1.0041 CE:0.1836
2026-03-03 19:33:36,431 - utils.logger2026-03-03-19.31.50 - INFO - saving the model at the end of epoch 34, iters 952
2026-03-03 19:33:36,507 - utils.logger2026-03-03-19.31.50 - INFO - End of training epoch 34 / 40 	 Time Taken: 2 sec
2026-03-03 19:33:36,507 - utils.logger2026-03-03-19.31.50 - INFO - learning rate = 0.0001091
2026-03-03 19:33:36,924 - utils.logger2026-03-03-19.31.50 - INFO - Val result of epoch 34 / 40 acc 0.7991 MAE 0.6716 f1 0.8186
2026-03-03 19:33:37,367 - utils.logger2026-03-03-19.31.50 - INFO - Tst result of epoch 34 / 40 acc 0.7991 MAE 0.6716 f1 0.8186
2026-03-03 19:33:38,134 - utils.logger2026-03-03-19.31.50 - INFO - Cur epoch 35 loss TA:0.5074 TV:0.5073 VA:0.9928 CE:0.1897
2026-03-03 19:33:38,708 - utils.logger2026-03-03-19.31.50 - INFO - Cur epoch 35 loss TA:0.5054 TV:0.5017 VA:1.0058 CE:0.2092
2026-03-03 19:33:39,246 - utils.logger2026-03-03-19.31.50 - INFO - Cur epoch 35 loss TA:0.1704 TV:0.1825 VA:0.4094 CE:0.2292
2026-03-03 19:33:39,322 - utils.logger2026-03-03-19.31.50 - INFO - saving the model at the end of epoch 35, iters 980
2026-03-03 19:33:39,397 - utils.logger2026-03-03-19.31.50 - INFO - End of training epoch 35 / 40 	 Time Taken: 2 sec
2026-03-03 19:33:39,397 - utils.logger2026-03-03-19.31.50 - INFO - learning rate = 0.0000909
2026-03-03 19:33:39,825 - utils.logger2026-03-03-19.31.50 - INFO - Val result of epoch 35 / 40 acc 0.7902 MAE 0.6736 f1 0.8093
2026-03-03 19:33:40,257 - utils.logger2026-03-03-19.31.50 - INFO - Tst result of epoch 35 / 40 acc 0.7902 MAE 0.6736 f1 0.8093
2026-03-03 19:33:41,147 - utils.logger2026-03-03-19.31.50 - INFO - Cur epoch 36 loss TA:0.4990 TV:0.5131 VA:0.9909 CE:0.2172
2026-03-03 19:33:41,704 - utils.logger2026-03-03-19.31.50 - INFO - Cur epoch 36 loss TA:0.5041 TV:0.5081 VA:1.0006 CE:0.2008
2026-03-03 19:33:42,179 - utils.logger2026-03-03-19.31.50 - INFO - saving the model at the end of epoch 36, iters 1008
2026-03-03 19:33:42,255 - utils.logger2026-03-03-19.31.50 - INFO - End of training epoch 36 / 40 	 Time Taken: 1 sec
2026-03-03 19:33:42,255 - utils.logger2026-03-03-19.31.50 - INFO - learning rate = 0.0000727
2026-03-03 19:33:42,701 - utils.logger2026-03-03-19.31.50 - INFO - Val result of epoch 36 / 40 acc 0.7946 MAE 0.6762 f1 0.8094
2026-03-03 19:33:43,126 - utils.logger2026-03-03-19.31.50 - INFO - Tst result of epoch 36 / 40 acc 0.7946 MAE 0.6762 f1 0.8094
2026-03-03 19:33:43,542 - utils.logger2026-03-03-19.31.50 - INFO - Cur epoch 37 loss TA:0.4909 TV:0.4955 VA:0.9855 CE:0.2500
2026-03-03 19:33:44,061 - utils.logger2026-03-03-19.31.50 - INFO - Cur epoch 37 loss TA:0.4934 TV:0.5032 VA:1.0090 CE:0.1647
2026-03-03 19:33:44,593 - utils.logger2026-03-03-19.31.50 - INFO - Cur epoch 37 loss TA:0.4781 TV:0.4880 VA:0.9603 CE:0.1457
2026-03-03 19:33:44,970 - utils.logger2026-03-03-19.31.50 - INFO - saving the model at the end of epoch 37, iters 1036
2026-03-03 19:33:45,048 - utils.logger2026-03-03-19.31.50 - INFO - End of training epoch 37 / 40 	 Time Taken: 1 sec
2026-03-03 19:33:45,048 - utils.logger2026-03-03-19.31.50 - INFO - learning rate = 0.0000545
2026-03-03 19:33:45,552 - utils.logger2026-03-03-19.31.50 - INFO - Val result of epoch 37 / 40 acc 0.7946 MAE 0.6755 f1 0.8094
2026-03-03 19:33:46,016 - utils.logger2026-03-03-19.31.50 - INFO - Tst result of epoch 37 / 40 acc 0.7946 MAE 0.6755 f1 0.8094
2026-03-03 19:33:46,539 - utils.logger2026-03-03-19.31.50 - INFO - Cur epoch 38 loss TA:0.4733 TV:0.4657 VA:0.9212 CE:0.2212
2026-03-03 19:33:47,107 - utils.logger2026-03-03-19.31.50 - INFO - Cur epoch 38 loss TA:0.4749 TV:0.4771 VA:0.9680 CE:0.1788
2026-03-03 19:33:47,652 - utils.logger2026-03-03-19.31.50 - INFO - Cur epoch 38 loss TA:0.4866 TV:0.4941 VA:0.9910 CE:0.1960
2026-03-03 19:33:47,905 - utils.logger2026-03-03-19.31.50 - INFO - saving the model at the end of epoch 38, iters 1064
2026-03-03 19:33:47,981 - utils.logger2026-03-03-19.31.50 - INFO - End of training epoch 38 / 40 	 Time Taken: 1 sec
2026-03-03 19:33:47,981 - utils.logger2026-03-03-19.31.50 - INFO - learning rate = 0.0000364
2026-03-03 19:33:48,432 - utils.logger2026-03-03-19.31.50 - INFO - Val result of epoch 38 / 40 acc 0.7946 MAE 0.6734 f1 0.8096
2026-03-03 19:33:48,891 - utils.logger2026-03-03-19.31.50 - INFO - Tst result of epoch 38 / 40 acc 0.7946 MAE 0.6734 f1 0.8096
2026-03-03 19:33:49,514 - utils.logger2026-03-03-19.31.50 - INFO - Cur epoch 39 loss TA:0.4943 TV:0.4870 VA:0.9858 CE:0.1359
2026-03-03 19:33:50,034 - utils.logger2026-03-03-19.31.50 - INFO - Cur epoch 39 loss TA:0.4951 TV:0.4984 VA:0.9869 CE:0.1977
2026-03-03 19:33:50,550 - utils.logger2026-03-03-19.31.50 - INFO - Cur epoch 39 loss TA:0.4900 TV:0.4951 VA:0.9806 CE:0.1661
2026-03-03 19:33:50,707 - utils.logger2026-03-03-19.31.50 - INFO - saving the model at the end of epoch 39, iters 1092
2026-03-03 19:33:50,781 - utils.logger2026-03-03-19.31.50 - INFO - End of training epoch 39 / 40 	 Time Taken: 1 sec
2026-03-03 19:33:50,782 - utils.logger2026-03-03-19.31.50 - INFO - learning rate = 0.0000182
2026-03-03 19:33:51,211 - utils.logger2026-03-03-19.31.50 - INFO - Val result of epoch 39 / 40 acc 0.7902 MAE 0.6697 f1 0.8049
2026-03-03 19:33:51,638 - utils.logger2026-03-03-19.31.50 - INFO - Tst result of epoch 39 / 40 acc 0.7902 MAE 0.6697 f1 0.8049
2026-03-03 19:33:52,439 - utils.logger2026-03-03-19.31.50 - INFO - Cur epoch 40 loss TA:0.4776 TV:0.4810 VA:0.9676 CE:0.1521
2026-03-03 19:33:52,983 - utils.logger2026-03-03-19.31.50 - INFO - Cur epoch 40 loss TA:0.4977 TV:0.4962 VA:0.9943 CE:0.1797
2026-03-03 19:33:53,505 - utils.logger2026-03-03-19.31.50 - INFO - Cur epoch 40 loss TA:0.2124 TV:0.2201 VA:0.4479 CE:0.1501
2026-03-03 19:33:53,557 - utils.logger2026-03-03-19.31.50 - INFO - saving the model at the end of epoch 40, iters 1120
2026-03-03 19:33:53,634 - utils.logger2026-03-03-19.31.50 - INFO - End of training epoch 40 / 40 	 Time Taken: 1 sec
2026-03-03 19:33:53,634 - utils.logger2026-03-03-19.31.50 - INFO - learning rate = 0.0000000
2026-03-03 19:33:54,127 - utils.logger2026-03-03-19.31.50 - INFO - Val result of epoch 40 / 40 acc 0.7946 MAE 0.6687 f1 0.8096
2026-03-03 19:33:54,546 - utils.logger2026-03-03-19.31.50 - INFO - Tst result of epoch 40 / 40 acc 0.7946 MAE 0.6687 f1 0.8096
2026-03-03 19:33:54,546 - utils.logger2026-03-03-19.31.50 - INFO - Best eval epoch 19 found with f1 0.832885
