2025-11-30 10:36:52,357 - utils.logger2025-11-30-10.36.52 - INFO - The number of training samples = 1750
2025-11-30 10:36:53,769 - utils.logger2025-11-30-10.36.52 - INFO - Cur epoch 1 loss TA:1.0359 TV:1.0347 VA:2.0693 CE:3.1217
2025-11-30 10:36:54,211 - utils.logger2025-11-30-10.36.52 - INFO - Cur epoch 1 loss TA:1.0353 TV:1.0340 VA:2.0699 CE:2.1340
2025-11-30 10:36:54,588 - utils.logger2025-11-30-10.36.52 - INFO - saving the model at the end of epoch 1, iters 28
2025-11-30 10:36:54,651 - utils.logger2025-11-30-10.36.52 - INFO - End of training epoch 1 / 40 	 Time Taken: 2 sec
2025-11-30 10:36:54,652 - utils.logger2025-11-30-10.36.52 - INFO - learning rate = 0.0002000
2025-11-30 10:36:54,950 - utils.logger2025-11-30-10.36.52 - INFO - Val result of epoch 1 / 40 acc 0.5625 MAE 0.2380 f1 0.5978
2025-11-30 10:36:55,252 - utils.logger2025-11-30-10.36.52 - INFO - Tst result of epoch 1 / 40 acc 0.5625 MAE 0.2380 f1 0.5978
2025-11-30 10:36:55,527 - utils.logger2025-11-30-10.36.52 - INFO - Cur epoch 2 loss TA:1.0287 TV:1.0243 VA:2.0612 CE:2.2876
2025-11-30 10:36:55,984 - utils.logger2025-11-30-10.36.52 - INFO - Cur epoch 2 loss TA:1.0173 TV:1.0089 VA:2.0470 CE:2.3300
2025-11-30 10:36:56,436 - utils.logger2025-11-30-10.36.52 - INFO - Cur epoch 2 loss TA:1.0111 TV:1.0071 VA:2.0356 CE:2.3837
2025-11-30 10:36:56,734 - utils.logger2025-11-30-10.36.52 - INFO - saving the model at the end of epoch 2, iters 56
2025-11-30 10:36:56,802 - utils.logger2025-11-30-10.36.52 - INFO - End of training epoch 2 / 40 	 Time Taken: 1 sec
2025-11-30 10:36:56,802 - utils.logger2025-11-30-10.36.52 - INFO - learning rate = 0.0002000
2025-11-30 10:36:57,119 - utils.logger2025-11-30-10.36.52 - INFO - Val result of epoch 2 / 40 acc 0.6562 MAE 0.4053 f1 0.6791
2025-11-30 10:36:57,467 - utils.logger2025-11-30-10.36.52 - INFO - Tst result of epoch 2 / 40 acc 0.6562 MAE 0.4053 f1 0.6791
2025-11-30 10:36:57,816 - utils.logger2025-11-30-10.36.52 - INFO - Cur epoch 3 loss TA:0.9958 TV:0.9660 VA:1.9936 CE:2.6004
2025-11-30 10:36:58,264 - utils.logger2025-11-30-10.36.52 - INFO - Cur epoch 3 loss TA:0.9743 TV:0.9580 VA:1.9685 CE:2.3471
2025-11-30 10:36:58,702 - utils.logger2025-11-30-10.36.52 - INFO - Cur epoch 3 loss TA:0.9635 TV:0.9546 VA:1.9524 CE:1.7727
2025-11-30 10:36:58,923 - utils.logger2025-11-30-10.36.52 - INFO - saving the model at the end of epoch 3, iters 84
2025-11-30 10:36:58,987 - utils.logger2025-11-30-10.36.52 - INFO - End of training epoch 3 / 40 	 Time Taken: 1 sec
2025-11-30 10:36:58,988 - utils.logger2025-11-30-10.36.52 - INFO - learning rate = 0.0002000
2025-11-30 10:36:59,316 - utils.logger2025-11-30-10.36.52 - INFO - Val result of epoch 3 / 40 acc 0.7054 MAE 0.4912 f1 0.7256
2025-11-30 10:36:59,611 - utils.logger2025-11-30-10.36.52 - INFO - Tst result of epoch 3 / 40 acc 0.7054 MAE 0.4912 f1 0.7256
2025-11-30 10:37:00,044 - utils.logger2025-11-30-10.36.52 - INFO - Cur epoch 4 loss TA:0.9509 TV:0.9231 VA:1.8825 CE:2.1961
2025-11-30 10:37:00,470 - utils.logger2025-11-30-10.36.52 - INFO - Cur epoch 4 loss TA:0.9370 TV:0.9289 VA:1.8997 CE:2.2294
2025-11-30 10:37:00,901 - utils.logger2025-11-30-10.36.52 - INFO - Cur epoch 4 loss TA:0.9335 TV:0.9262 VA:1.8662 CE:1.7307
2025-11-30 10:37:01,032 - utils.logger2025-11-30-10.36.52 - INFO - saving the model at the end of epoch 4, iters 112
2025-11-30 10:37:01,096 - utils.logger2025-11-30-10.36.52 - INFO - End of training epoch 4 / 40 	 Time Taken: 1 sec
2025-11-30 10:37:01,096 - utils.logger2025-11-30-10.36.52 - INFO - learning rate = 0.0002000
2025-11-30 10:37:01,395 - utils.logger2025-11-30-10.36.52 - INFO - Val result of epoch 4 / 40 acc 0.7277 MAE 0.5352 f1 0.7413
2025-11-30 10:37:01,685 - utils.logger2025-11-30-10.36.52 - INFO - Tst result of epoch 4 / 40 acc 0.7277 MAE 0.5352 f1 0.7413
2025-11-30 10:37:02,201 - utils.logger2025-11-30-10.36.52 - INFO - Cur epoch 5 loss TA:0.8918 TV:0.8982 VA:1.8167 CE:1.8101
2025-11-30 10:37:02,642 - utils.logger2025-11-30-10.36.52 - INFO - Cur epoch 5 loss TA:0.9011 TV:0.8900 VA:1.8178 CE:1.9416
2025-11-30 10:37:03,089 - utils.logger2025-11-30-10.36.52 - INFO - Cur epoch 5 loss TA:0.6136 TV:0.6093 VA:1.2377 CE:2.4574
2025-11-30 10:37:03,139 - utils.logger2025-11-30-10.36.52 - INFO - saving the model at the end of epoch 5, iters 140
2025-11-30 10:37:03,213 - utils.logger2025-11-30-10.36.52 - INFO - End of training epoch 5 / 40 	 Time Taken: 1 sec
2025-11-30 10:37:03,213 - utils.logger2025-11-30-10.36.52 - INFO - learning rate = 0.0002000
2025-11-30 10:37:03,534 - utils.logger2025-11-30-10.36.52 - INFO - Val result of epoch 5 / 40 acc 0.7366 MAE 0.5764 f1 0.7537
2025-11-30 10:37:03,821 - utils.logger2025-11-30-10.36.52 - INFO - Tst result of epoch 5 / 40 acc 0.7366 MAE 0.5764 f1 0.7537
2025-11-30 10:37:04,440 - utils.logger2025-11-30-10.36.52 - INFO - Cur epoch 6 loss TA:0.8651 TV:0.8751 VA:1.7523 CE:1.2328
2025-11-30 10:37:04,876 - utils.logger2025-11-30-10.36.52 - INFO - Cur epoch 6 loss TA:0.8465 TV:0.8523 VA:1.7082 CE:2.0749
2025-11-30 10:37:05,255 - utils.logger2025-11-30-10.36.52 - INFO - saving the model at the end of epoch 6, iters 168
2025-11-30 10:37:05,317 - utils.logger2025-11-30-10.36.52 - INFO - End of training epoch 6 / 40 	 Time Taken: 1 sec
2025-11-30 10:37:05,317 - utils.logger2025-11-30-10.36.52 - INFO - learning rate = 0.0002000
2025-11-30 10:37:05,649 - utils.logger2025-11-30-10.36.52 - INFO - Val result of epoch 6 / 40 acc 0.7411 MAE 0.6004 f1 0.7573
2025-11-30 10:37:05,970 - utils.logger2025-11-30-10.36.52 - INFO - Tst result of epoch 6 / 40 acc 0.7411 MAE 0.6004 f1 0.7573
2025-11-30 10:37:06,230 - utils.logger2025-11-30-10.36.52 - INFO - Cur epoch 7 loss TA:0.8365 TV:0.8555 VA:1.7316 CE:1.1137
2025-11-30 10:37:06,673 - utils.logger2025-11-30-10.36.52 - INFO - Cur epoch 7 loss TA:0.8347 TV:0.8429 VA:1.7090 CE:1.3053
2025-11-30 10:37:07,107 - utils.logger2025-11-30-10.36.52 - INFO - Cur epoch 7 loss TA:0.8453 TV:0.8471 VA:1.7194 CE:1.4950
2025-11-30 10:37:07,409 - utils.logger2025-11-30-10.36.52 - INFO - saving the model at the end of epoch 7, iters 196
2025-11-30 10:37:07,469 - utils.logger2025-11-30-10.36.52 - INFO - End of training epoch 7 / 40 	 Time Taken: 1 sec
2025-11-30 10:37:07,469 - utils.logger2025-11-30-10.36.52 - INFO - learning rate = 0.0002000
2025-11-30 10:37:07,770 - utils.logger2025-11-30-10.36.52 - INFO - Val result of epoch 7 / 40 acc 0.7634 MAE 0.6215 f1 0.7769
2025-11-30 10:37:08,079 - utils.logger2025-11-30-10.36.52 - INFO - Tst result of epoch 7 / 40 acc 0.7634 MAE 0.6215 f1 0.7769
2025-11-30 10:37:08,441 - utils.logger2025-11-30-10.36.52 - INFO - Cur epoch 8 loss TA:0.8086 TV:0.7832 VA:1.6282 CE:1.1197
2025-11-30 10:37:08,877 - utils.logger2025-11-30-10.36.52 - INFO - Cur epoch 8 loss TA:0.7854 TV:0.8121 VA:1.6494 CE:1.6533
2025-11-30 10:37:09,306 - utils.logger2025-11-30-10.36.52 - INFO - Cur epoch 8 loss TA:0.8219 TV:0.8171 VA:1.6643 CE:1.3286
2025-11-30 10:37:09,519 - utils.logger2025-11-30-10.36.52 - INFO - saving the model at the end of epoch 8, iters 224
2025-11-30 10:37:09,588 - utils.logger2025-11-30-10.36.52 - INFO - End of training epoch 8 / 40 	 Time Taken: 1 sec
2025-11-30 10:37:09,588 - utils.logger2025-11-30-10.36.52 - INFO - learning rate = 0.0002000
2025-11-30 10:37:09,935 - utils.logger2025-11-30-10.36.52 - INFO - Val result of epoch 8 / 40 acc 0.7723 MAE 0.6298 f1 0.7872
2025-11-30 10:37:10,241 - utils.logger2025-11-30-10.36.52 - INFO - Tst result of epoch 8 / 40 acc 0.7723 MAE 0.6298 f1 0.7872
2025-11-30 10:37:10,690 - utils.logger2025-11-30-10.36.52 - INFO - Cur epoch 9 loss TA:0.7439 TV:0.7575 VA:1.5251 CE:0.7484
2025-11-30 10:37:11,141 - utils.logger2025-11-30-10.36.52 - INFO - Cur epoch 9 loss TA:0.7748 TV:0.7767 VA:1.6279 CE:0.9783
2025-11-30 10:37:11,572 - utils.logger2025-11-30-10.36.52 - INFO - Cur epoch 9 loss TA:0.7526 TV:0.7670 VA:1.5989 CE:0.7954
2025-11-30 10:37:11,699 - utils.logger2025-11-30-10.36.52 - INFO - saving the model at the end of epoch 9, iters 252
2025-11-30 10:37:11,758 - utils.logger2025-11-30-10.36.52 - INFO - End of training epoch 9 / 40 	 Time Taken: 1 sec
2025-11-30 10:37:11,759 - utils.logger2025-11-30-10.36.52 - INFO - learning rate = 0.0002000
2025-11-30 10:37:12,130 - utils.logger2025-11-30-10.36.52 - INFO - Val result of epoch 9 / 40 acc 0.7545 MAE 0.6377 f1 0.7694
2025-11-30 10:37:12,460 - utils.logger2025-11-30-10.36.52 - INFO - Tst result of epoch 9 / 40 acc 0.7545 MAE 0.6377 f1 0.7694
2025-11-30 10:37:13,019 - utils.logger2025-11-30-10.36.52 - INFO - Cur epoch 10 loss TA:0.7223 TV:0.7289 VA:1.5245 CE:1.0596
2025-11-30 10:37:13,488 - utils.logger2025-11-30-10.36.52 - INFO - Cur epoch 10 loss TA:0.7377 TV:0.7632 VA:1.5515 CE:0.7893
2025-11-30 10:37:13,939 - utils.logger2025-11-30-10.36.52 - INFO - Cur epoch 10 loss TA:0.4260 TV:0.4514 VA:0.9633 CE:1.1301
2025-11-30 10:37:13,991 - utils.logger2025-11-30-10.36.52 - INFO - saving the model at the end of epoch 10, iters 280
2025-11-30 10:37:14,056 - utils.logger2025-11-30-10.36.52 - INFO - End of training epoch 10 / 40 	 Time Taken: 1 sec
2025-11-30 10:37:14,056 - utils.logger2025-11-30-10.36.52 - INFO - learning rate = 0.0002000
2025-11-30 10:37:14,361 - utils.logger2025-11-30-10.36.52 - INFO - Val result of epoch 10 / 40 acc 0.7634 MAE 0.6354 f1 0.7768
2025-11-30 10:37:14,646 - utils.logger2025-11-30-10.36.52 - INFO - Tst result of epoch 10 / 40 acc 0.7634 MAE 0.6354 f1 0.7768
2025-11-30 10:37:15,256 - utils.logger2025-11-30-10.36.52 - INFO - Cur epoch 11 loss TA:0.7083 TV:0.7017 VA:1.4426 CE:0.9258
2025-11-30 10:37:15,688 - utils.logger2025-11-30-10.36.52 - INFO - Cur epoch 11 loss TA:0.7018 TV:0.7150 VA:1.4283 CE:0.6971
2025-11-30 10:37:16,061 - utils.logger2025-11-30-10.36.52 - INFO - saving the model at the end of epoch 11, iters 308
2025-11-30 10:37:16,123 - utils.logger2025-11-30-10.36.52 - INFO - End of training epoch 11 / 40 	 Time Taken: 1 sec
2025-11-30 10:37:16,123 - utils.logger2025-11-30-10.36.52 - INFO - learning rate = 0.0002000
2025-11-30 10:37:16,406 - utils.logger2025-11-30-10.36.52 - INFO - Val result of epoch 11 / 40 acc 0.7679 MAE 0.6426 f1 0.7778
2025-11-30 10:37:16,719 - utils.logger2025-11-30-10.36.52 - INFO - Tst result of epoch 11 / 40 acc 0.7679 MAE 0.6426 f1 0.7778
2025-11-30 10:37:16,987 - utils.logger2025-11-30-10.36.52 - INFO - Cur epoch 12 loss TA:0.7020 TV:0.6830 VA:1.3879 CE:0.7958
2025-11-30 10:37:17,413 - utils.logger2025-11-30-10.36.52 - INFO - Cur epoch 12 loss TA:0.6994 TV:0.6882 VA:1.4361 CE:0.8246
2025-11-30 10:37:17,844 - utils.logger2025-11-30-10.36.52 - INFO - Cur epoch 12 loss TA:0.6663 TV:0.6816 VA:1.4128 CE:0.5799
2025-11-30 10:37:18,140 - utils.logger2025-11-30-10.36.52 - INFO - saving the model at the end of epoch 12, iters 336
2025-11-30 10:37:18,200 - utils.logger2025-11-30-10.36.52 - INFO - End of training epoch 12 / 40 	 Time Taken: 1 sec
2025-11-30 10:37:18,201 - utils.logger2025-11-30-10.36.52 - INFO - learning rate = 0.0002000
2025-11-30 10:37:18,516 - utils.logger2025-11-30-10.36.52 - INFO - Val result of epoch 12 / 40 acc 0.7545 MAE 0.6291 f1 0.7687
2025-11-30 10:37:18,811 - utils.logger2025-11-30-10.36.52 - INFO - Tst result of epoch 12 / 40 acc 0.7545 MAE 0.6291 f1 0.7687
2025-11-30 10:37:19,173 - utils.logger2025-11-30-10.36.52 - INFO - Cur epoch 13 loss TA:0.6786 TV:0.6870 VA:1.4141 CE:0.6315
2025-11-30 10:37:19,613 - utils.logger2025-11-30-10.36.52 - INFO - Cur epoch 13 loss TA:0.6326 TV:0.6527 VA:1.3695 CE:0.6520
2025-11-30 10:37:20,049 - utils.logger2025-11-30-10.36.52 - INFO - Cur epoch 13 loss TA:0.6518 TV:0.6523 VA:1.3177 CE:0.7049
2025-11-30 10:37:20,262 - utils.logger2025-11-30-10.36.52 - INFO - saving the model at the end of epoch 13, iters 364
2025-11-30 10:37:20,329 - utils.logger2025-11-30-10.36.52 - INFO - End of training epoch 13 / 40 	 Time Taken: 1 sec
2025-11-30 10:37:20,329 - utils.logger2025-11-30-10.36.52 - INFO - learning rate = 0.0002000
2025-11-30 10:37:20,612 - utils.logger2025-11-30-10.36.52 - INFO - Val result of epoch 13 / 40 acc 0.7679 MAE 0.6508 f1 0.7770
2025-11-30 10:37:20,916 - utils.logger2025-11-30-10.36.52 - INFO - Tst result of epoch 13 / 40 acc 0.7679 MAE 0.6508 f1 0.7770
2025-11-30 10:37:21,365 - utils.logger2025-11-30-10.36.52 - INFO - Cur epoch 14 loss TA:0.6378 TV:0.6499 VA:1.3376 CE:0.9786
2025-11-30 10:37:21,801 - utils.logger2025-11-30-10.36.52 - INFO - Cur epoch 14 loss TA:0.6726 TV:0.6735 VA:1.3693 CE:0.4313
2025-11-30 10:37:22,238 - utils.logger2025-11-30-10.36.52 - INFO - Cur epoch 14 loss TA:0.6285 TV:0.6405 VA:1.3350 CE:0.5949
2025-11-30 10:37:22,372 - utils.logger2025-11-30-10.36.52 - INFO - saving the model at the end of epoch 14, iters 392
2025-11-30 10:37:22,435 - utils.logger2025-11-30-10.36.52 - INFO - End of training epoch 14 / 40 	 Time Taken: 1 sec
2025-11-30 10:37:22,435 - utils.logger2025-11-30-10.36.52 - INFO - learning rate = 0.0002000
2025-11-30 10:37:22,719 - utils.logger2025-11-30-10.36.52 - INFO - Val result of epoch 14 / 40 acc 0.7589 MAE 0.6493 f1 0.7721
2025-11-30 10:37:23,020 - utils.logger2025-11-30-10.36.52 - INFO - Tst result of epoch 14 / 40 acc 0.7589 MAE 0.6493 f1 0.7721
2025-11-30 10:37:23,544 - utils.logger2025-11-30-10.36.52 - INFO - Cur epoch 15 loss TA:0.6195 TV:0.6362 VA:1.2373 CE:0.4111
2025-11-30 10:37:23,978 - utils.logger2025-11-30-10.36.52 - INFO - Cur epoch 15 loss TA:0.6346 TV:0.6514 VA:1.3118 CE:0.3932
2025-11-30 10:37:24,424 - utils.logger2025-11-30-10.36.52 - INFO - Cur epoch 15 loss TA:0.3663 TV:0.3739 VA:0.8088 CE:0.6389
2025-11-30 10:37:24,484 - utils.logger2025-11-30-10.36.52 - INFO - saving the model at the end of epoch 15, iters 420
2025-11-30 10:37:24,547 - utils.logger2025-11-30-10.36.52 - INFO - End of training epoch 15 / 40 	 Time Taken: 1 sec
2025-11-30 10:37:24,548 - utils.logger2025-11-30-10.36.52 - INFO - learning rate = 0.0002000
2025-11-30 10:37:24,906 - utils.logger2025-11-30-10.36.52 - INFO - Val result of epoch 15 / 40 acc 0.7723 MAE 0.6384 f1 0.7814
2025-11-30 10:37:25,212 - utils.logger2025-11-30-10.36.52 - INFO - Tst result of epoch 15 / 40 acc 0.7723 MAE 0.6384 f1 0.7814
2025-11-30 10:37:25,844 - utils.logger2025-11-30-10.36.52 - INFO - Cur epoch 16 loss TA:0.6101 TV:0.6373 VA:1.2183 CE:0.4678
2025-11-30 10:37:26,279 - utils.logger2025-11-30-10.36.52 - INFO - Cur epoch 16 loss TA:0.5919 TV:0.6067 VA:1.2173 CE:0.3814
2025-11-30 10:37:26,662 - utils.logger2025-11-30-10.36.52 - INFO - saving the model at the end of epoch 16, iters 448
2025-11-30 10:37:26,723 - utils.logger2025-11-30-10.36.52 - INFO - End of training epoch 16 / 40 	 Time Taken: 1 sec
2025-11-30 10:37:26,723 - utils.logger2025-11-30-10.36.52 - INFO - learning rate = 0.0002000
2025-11-30 10:37:27,012 - utils.logger2025-11-30-10.36.52 - INFO - Val result of epoch 16 / 40 acc 0.7545 MAE 0.6391 f1 0.7742
2025-11-30 10:37:27,313 - utils.logger2025-11-30-10.36.52 - INFO - Tst result of epoch 16 / 40 acc 0.7545 MAE 0.6391 f1 0.7742
2025-11-30 10:37:27,594 - utils.logger2025-11-30-10.36.52 - INFO - Cur epoch 17 loss TA:0.5759 TV:0.5904 VA:1.2011 CE:0.3599
2025-11-30 10:37:28,012 - utils.logger2025-11-30-10.36.52 - INFO - Cur epoch 17 loss TA:0.5985 TV:0.6198 VA:1.1765 CE:0.3649
2025-11-30 10:37:28,448 - utils.logger2025-11-30-10.36.52 - INFO - Cur epoch 17 loss TA:0.6305 TV:0.6086 VA:1.2482 CE:0.3673
2025-11-30 10:37:28,754 - utils.logger2025-11-30-10.36.52 - INFO - saving the model at the end of epoch 17, iters 476
2025-11-30 10:37:28,817 - utils.logger2025-11-30-10.36.52 - INFO - End of training epoch 17 / 40 	 Time Taken: 1 sec
2025-11-30 10:37:28,817 - utils.logger2025-11-30-10.36.52 - INFO - learning rate = 0.0002000
2025-11-30 10:37:29,222 - utils.logger2025-11-30-10.36.52 - INFO - Val result of epoch 17 / 40 acc 0.7545 MAE 0.6443 f1 0.7734
2025-11-30 10:37:29,549 - utils.logger2025-11-30-10.36.52 - INFO - Tst result of epoch 17 / 40 acc 0.7545 MAE 0.6443 f1 0.7734
2025-11-30 10:37:29,982 - utils.logger2025-11-30-10.36.52 - INFO - Cur epoch 18 loss TA:0.5873 TV:0.6003 VA:1.1983 CE:0.2854
2025-11-30 10:37:30,437 - utils.logger2025-11-30-10.36.52 - INFO - Cur epoch 18 loss TA:0.5986 TV:0.6263 VA:1.2289 CE:0.3527
2025-11-30 10:37:30,888 - utils.logger2025-11-30-10.36.52 - INFO - Cur epoch 18 loss TA:0.5676 TV:0.5824 VA:1.1864 CE:0.3778
2025-11-30 10:37:31,102 - utils.logger2025-11-30-10.36.52 - INFO - saving the model at the end of epoch 18, iters 504
2025-11-30 10:37:31,169 - utils.logger2025-11-30-10.36.52 - INFO - End of training epoch 18 / 40 	 Time Taken: 1 sec
2025-11-30 10:37:31,170 - utils.logger2025-11-30-10.36.52 - INFO - learning rate = 0.0002000
2025-11-30 10:37:31,465 - utils.logger2025-11-30-10.36.52 - INFO - Val result of epoch 18 / 40 acc 0.7812 MAE 0.6518 f1 0.7908
2025-11-30 10:37:31,754 - utils.logger2025-11-30-10.36.52 - INFO - Tst result of epoch 18 / 40 acc 0.7812 MAE 0.6518 f1 0.7908
2025-11-30 10:37:32,196 - utils.logger2025-11-30-10.36.52 - INFO - Cur epoch 19 loss TA:0.5974 TV:0.5935 VA:1.1770 CE:0.3378
2025-11-30 10:37:32,636 - utils.logger2025-11-30-10.36.52 - INFO - Cur epoch 19 loss TA:0.5695 TV:0.5906 VA:1.2277 CE:0.3806
2025-11-30 10:37:33,068 - utils.logger2025-11-30-10.36.52 - INFO - Cur epoch 19 loss TA:0.5527 TV:0.5675 VA:1.1495 CE:0.4050
2025-11-30 10:37:33,196 - utils.logger2025-11-30-10.36.52 - INFO - saving the model at the end of epoch 19, iters 532
2025-11-30 10:37:33,265 - utils.logger2025-11-30-10.36.52 - INFO - End of training epoch 19 / 40 	 Time Taken: 1 sec
2025-11-30 10:37:33,266 - utils.logger2025-11-30-10.36.52 - INFO - learning rate = 0.0002000
2025-11-30 10:37:33,623 - utils.logger2025-11-30-10.36.52 - INFO - Val result of epoch 19 / 40 acc 0.7679 MAE 0.6455 f1 0.7819
2025-11-30 10:37:33,941 - utils.logger2025-11-30-10.36.52 - INFO - Tst result of epoch 19 / 40 acc 0.7679 MAE 0.6455 f1 0.7819
2025-11-30 10:37:34,451 - utils.logger2025-11-30-10.36.52 - INFO - Cur epoch 20 loss TA:0.5628 TV:0.5919 VA:1.1545 CE:0.3550
2025-11-30 10:37:34,887 - utils.logger2025-11-30-10.36.52 - INFO - Cur epoch 20 loss TA:0.5674 TV:0.5714 VA:1.1838 CE:0.3020
2025-11-30 10:37:35,334 - utils.logger2025-11-30-10.36.52 - INFO - Cur epoch 20 loss TA:0.2585 TV:0.2713 VA:0.6024 CE:0.2357
2025-11-30 10:37:35,380 - utils.logger2025-11-30-10.36.52 - INFO - saving the model at the end of epoch 20, iters 560
2025-11-30 10:37:35,453 - utils.logger2025-11-30-10.36.52 - INFO - End of training epoch 20 / 40 	 Time Taken: 1 sec
2025-11-30 10:37:35,453 - utils.logger2025-11-30-10.36.52 - INFO - learning rate = 0.0002000
2025-11-30 10:37:35,776 - utils.logger2025-11-30-10.36.52 - INFO - Val result of epoch 20 / 40 acc 0.7723 MAE 0.6409 f1 0.7816
2025-11-30 10:37:36,053 - utils.logger2025-11-30-10.36.52 - INFO - Tst result of epoch 20 / 40 acc 0.7723 MAE 0.6409 f1 0.7816
2025-11-30 10:37:36,677 - utils.logger2025-11-30-10.36.52 - INFO - Cur epoch 21 loss TA:0.5707 TV:0.5979 VA:1.1886 CE:0.3038
2025-11-30 10:37:37,118 - utils.logger2025-11-30-10.36.52 - INFO - Cur epoch 21 loss TA:0.6283 TV:0.6320 VA:1.2096 CE:0.3982
2025-11-30 10:37:37,496 - utils.logger2025-11-30-10.36.52 - INFO - saving the model at the end of epoch 21, iters 588
2025-11-30 10:37:37,563 - utils.logger2025-11-30-10.36.52 - INFO - End of training epoch 21 / 40 	 Time Taken: 1 sec
2025-11-30 10:37:37,563 - utils.logger2025-11-30-10.36.52 - INFO - learning rate = 0.0002000
2025-11-30 10:37:37,850 - utils.logger2025-11-30-10.36.52 - INFO - Val result of epoch 21 / 40 acc 0.7679 MAE 0.6390 f1 0.7769
2025-11-30 10:37:38,131 - utils.logger2025-11-30-10.36.52 - INFO - Tst result of epoch 21 / 40 acc 0.7679 MAE 0.6390 f1 0.7769
2025-11-30 10:37:38,396 - utils.logger2025-11-30-10.36.52 - INFO - Cur epoch 22 loss TA:0.5499 TV:0.5564 VA:1.1140 CE:0.3227
2025-11-30 10:37:38,826 - utils.logger2025-11-30-10.36.52 - INFO - Cur epoch 22 loss TA:0.5419 TV:0.5572 VA:1.1123 CE:0.3411
2025-11-30 10:37:39,262 - utils.logger2025-11-30-10.36.52 - INFO - Cur epoch 22 loss TA:0.5500 TV:0.5720 VA:1.1576 CE:0.3987
2025-11-30 10:37:39,555 - utils.logger2025-11-30-10.36.52 - INFO - saving the model at the end of epoch 22, iters 616
2025-11-30 10:37:39,616 - utils.logger2025-11-30-10.36.52 - INFO - End of training epoch 22 / 40 	 Time Taken: 1 sec
2025-11-30 10:37:39,616 - utils.logger2025-11-30-10.36.52 - INFO - learning rate = 0.0002000
2025-11-30 10:37:39,923 - utils.logger2025-11-30-10.36.52 - INFO - Val result of epoch 22 / 40 acc 0.7768 MAE 0.6376 f1 0.7862
2025-11-30 10:37:40,235 - utils.logger2025-11-30-10.36.52 - INFO - Tst result of epoch 22 / 40 acc 0.7768 MAE 0.6376 f1 0.7862
2025-11-30 10:37:40,590 - utils.logger2025-11-30-10.36.52 - INFO - Cur epoch 23 loss TA:0.5867 TV:0.5771 VA:1.1698 CE:0.2631
2025-11-30 10:37:41,046 - utils.logger2025-11-30-10.36.52 - INFO - Cur epoch 23 loss TA:0.5436 TV:0.5585 VA:1.1016 CE:0.3329
2025-11-30 10:37:41,497 - utils.logger2025-11-30-10.36.52 - INFO - Cur epoch 23 loss TA:0.5760 TV:0.5813 VA:1.1400 CE:0.3062
2025-11-30 10:37:41,717 - utils.logger2025-11-30-10.36.52 - INFO - saving the model at the end of epoch 23, iters 644
2025-11-30 10:37:41,777 - utils.logger2025-11-30-10.36.52 - INFO - End of training epoch 23 / 40 	 Time Taken: 1 sec
2025-11-30 10:37:41,778 - utils.logger2025-11-30-10.36.52 - INFO - learning rate = 0.0002000
2025-11-30 10:37:42,075 - utils.logger2025-11-30-10.36.52 - INFO - Val result of epoch 23 / 40 acc 0.7634 MAE 0.6507 f1 0.7779
2025-11-30 10:37:42,362 - utils.logger2025-11-30-10.36.52 - INFO - Tst result of epoch 23 / 40 acc 0.7634 MAE 0.6507 f1 0.7779
2025-11-30 10:37:42,797 - utils.logger2025-11-30-10.36.52 - INFO - Cur epoch 24 loss TA:0.5304 TV:0.5346 VA:1.0439 CE:0.2970
2025-11-30 10:37:43,239 - utils.logger2025-11-30-10.36.52 - INFO - Cur epoch 24 loss TA:0.5439 TV:0.5444 VA:1.1255 CE:0.2521
2025-11-30 10:37:43,669 - utils.logger2025-11-30-10.36.52 - INFO - Cur epoch 24 loss TA:0.5433 TV:0.5505 VA:1.1240 CE:0.2416
2025-11-30 10:37:43,803 - utils.logger2025-11-30-10.36.52 - INFO - saving the model at the end of epoch 24, iters 672
2025-11-30 10:37:43,865 - utils.logger2025-11-30-10.36.52 - INFO - End of training epoch 24 / 40 	 Time Taken: 1 sec
2025-11-30 10:37:43,865 - utils.logger2025-11-30-10.36.52 - INFO - learning rate = 0.0002000
2025-11-30 10:37:44,165 - utils.logger2025-11-30-10.36.52 - INFO - Val result of epoch 24 / 40 acc 0.7634 MAE 0.6363 f1 0.7776
2025-11-30 10:37:44,448 - utils.logger2025-11-30-10.36.52 - INFO - Tst result of epoch 24 / 40 acc 0.7634 MAE 0.6363 f1 0.7776
2025-11-30 10:37:44,975 - utils.logger2025-11-30-10.36.52 - INFO - Cur epoch 25 loss TA:0.5538 TV:0.5694 VA:1.1402 CE:0.2615
2025-11-30 10:37:45,423 - utils.logger2025-11-30-10.36.52 - INFO - Cur epoch 25 loss TA:0.5304 TV:0.5518 VA:1.0819 CE:0.2688
2025-11-30 10:37:45,881 - utils.logger2025-11-30-10.36.52 - INFO - Cur epoch 25 loss TA:0.2430 TV:0.2511 VA:0.4721 CE:0.2731
2025-11-30 10:37:45,932 - utils.logger2025-11-30-10.36.52 - INFO - saving the model at the end of epoch 25, iters 700
2025-11-30 10:37:45,996 - utils.logger2025-11-30-10.36.52 - INFO - End of training epoch 25 / 40 	 Time Taken: 1 sec
2025-11-30 10:37:45,997 - utils.logger2025-11-30-10.36.52 - INFO - learning rate = 0.0002000
2025-11-30 10:37:46,313 - utils.logger2025-11-30-10.36.52 - INFO - Val result of epoch 25 / 40 acc 0.7679 MAE 0.6319 f1 0.7770
2025-11-30 10:37:46,653 - utils.logger2025-11-30-10.36.52 - INFO - Tst result of epoch 25 / 40 acc 0.7679 MAE 0.6319 f1 0.7770
2025-11-30 10:37:47,284 - utils.logger2025-11-30-10.36.52 - INFO - Cur epoch 26 loss TA:0.5522 TV:0.5572 VA:1.0911 CE:0.2813
2025-11-30 10:37:47,740 - utils.logger2025-11-30-10.36.52 - INFO - Cur epoch 26 loss TA:0.5573 TV:0.5627 VA:1.1178 CE:0.2453
2025-11-30 10:37:48,117 - utils.logger2025-11-30-10.36.52 - INFO - saving the model at the end of epoch 26, iters 728
2025-11-30 10:37:48,186 - utils.logger2025-11-30-10.36.52 - INFO - End of training epoch 26 / 40 	 Time Taken: 1 sec
2025-11-30 10:37:48,187 - utils.logger2025-11-30-10.36.52 - INFO - learning rate = 0.0002000
2025-11-30 10:37:48,523 - utils.logger2025-11-30-10.36.52 - INFO - Val result of epoch 26 / 40 acc 0.7723 MAE 0.6416 f1 0.7862
2025-11-30 10:37:48,868 - utils.logger2025-11-30-10.36.52 - INFO - Tst result of epoch 26 / 40 acc 0.7723 MAE 0.6416 f1 0.7862
2025-11-30 10:37:49,198 - utils.logger2025-11-30-10.36.52 - INFO - Cur epoch 27 loss TA:0.5315 TV:0.5327 VA:1.0548 CE:0.1995
2025-11-30 10:37:49,636 - utils.logger2025-11-30-10.36.52 - INFO - Cur epoch 27 loss TA:0.5518 TV:0.5443 VA:1.0832 CE:0.2683
2025-11-30 10:37:50,082 - utils.logger2025-11-30-10.36.52 - INFO - Cur epoch 27 loss TA:0.5317 TV:0.5486 VA:1.0913 CE:0.2130
2025-11-30 10:37:50,383 - utils.logger2025-11-30-10.36.52 - INFO - saving the model at the end of epoch 27, iters 756
2025-11-30 10:37:50,454 - utils.logger2025-11-30-10.36.52 - INFO - End of training epoch 27 / 40 	 Time Taken: 1 sec
2025-11-30 10:37:50,454 - utils.logger2025-11-30-10.36.52 - INFO - learning rate = 0.0002000
2025-11-30 10:37:50,773 - utils.logger2025-11-30-10.36.52 - INFO - Val result of epoch 27 / 40 acc 0.7634 MAE 0.6249 f1 0.7772
2025-11-30 10:37:51,082 - utils.logger2025-11-30-10.36.52 - INFO - Tst result of epoch 27 / 40 acc 0.7634 MAE 0.6249 f1 0.7772
2025-11-30 10:37:51,430 - utils.logger2025-11-30-10.36.52 - INFO - Cur epoch 28 loss TA:0.5347 TV:0.5401 VA:1.0544 CE:0.3297
2025-11-30 10:37:51,875 - utils.logger2025-11-30-10.36.52 - INFO - Cur epoch 28 loss TA:0.5232 TV:0.5120 VA:1.0095 CE:0.2500
2025-11-30 10:37:52,302 - utils.logger2025-11-30-10.36.52 - INFO - Cur epoch 28 loss TA:0.5385 TV:0.5564 VA:1.0649 CE:0.2318
2025-11-30 10:37:52,530 - utils.logger2025-11-30-10.36.52 - INFO - saving the model at the end of epoch 28, iters 784
2025-11-30 10:37:52,596 - utils.logger2025-11-30-10.36.52 - INFO - End of training epoch 28 / 40 	 Time Taken: 1 sec
2025-11-30 10:37:52,596 - utils.logger2025-11-30-10.36.52 - INFO - learning rate = 0.0002000
2025-11-30 10:37:52,974 - utils.logger2025-11-30-10.36.52 - INFO - Val result of epoch 28 / 40 acc 0.7723 MAE 0.6423 f1 0.7861
2025-11-30 10:37:53,268 - utils.logger2025-11-30-10.36.52 - INFO - Tst result of epoch 28 / 40 acc 0.7723 MAE 0.6423 f1 0.7861
2025-11-30 10:37:53,713 - utils.logger2025-11-30-10.36.52 - INFO - Cur epoch 29 loss TA:0.5280 TV:0.5274 VA:1.0517 CE:0.1771
2025-11-30 10:37:54,154 - utils.logger2025-11-30-10.36.52 - INFO - Cur epoch 29 loss TA:0.5506 TV:0.5459 VA:1.0923 CE:0.2382
2025-11-30 10:37:54,588 - utils.logger2025-11-30-10.36.52 - INFO - Cur epoch 29 loss TA:0.5170 TV:0.5280 VA:1.0348 CE:0.3390
2025-11-30 10:37:54,718 - utils.logger2025-11-30-10.36.52 - INFO - saving the model at the end of epoch 29, iters 812
2025-11-30 10:37:54,784 - utils.logger2025-11-30-10.36.52 - INFO - End of training epoch 29 / 40 	 Time Taken: 1 sec
2025-11-30 10:37:54,784 - utils.logger2025-11-30-10.36.52 - INFO - learning rate = 0.0002000
2025-11-30 10:37:55,140 - utils.logger2025-11-30-10.36.52 - INFO - Val result of epoch 29 / 40 acc 0.7723 MAE 0.6551 f1 0.7863
2025-11-30 10:37:55,458 - utils.logger2025-11-30-10.36.52 - INFO - Tst result of epoch 29 / 40 acc 0.7723 MAE 0.6551 f1 0.7863
2025-11-30 10:37:55,961 - utils.logger2025-11-30-10.36.52 - INFO - Cur epoch 30 loss TA:0.5150 TV:0.5193 VA:1.0736 CE:0.2262
2025-11-30 10:37:56,390 - utils.logger2025-11-30-10.36.52 - INFO - Cur epoch 30 loss TA:0.5294 TV:0.5330 VA:1.0572 CE:0.2836
2025-11-30 10:37:56,850 - utils.logger2025-11-30-10.36.52 - INFO - Cur epoch 30 loss TA:0.2244 TV:0.2191 VA:0.3874 CE:0.3101
2025-11-30 10:37:56,894 - utils.logger2025-11-30-10.36.52 - INFO - saving the model at the end of epoch 30, iters 840
2025-11-30 10:37:56,959 - utils.logger2025-11-30-10.36.52 - INFO - End of training epoch 30 / 40 	 Time Taken: 1 sec
2025-11-30 10:37:56,959 - utils.logger2025-11-30-10.36.52 - INFO - learning rate = 0.0001818
2025-11-30 10:37:57,256 - utils.logger2025-11-30-10.36.52 - INFO - Val result of epoch 30 / 40 acc 0.7723 MAE 0.6607 f1 0.7861
2025-11-30 10:37:57,550 - utils.logger2025-11-30-10.36.52 - INFO - Tst result of epoch 30 / 40 acc 0.7723 MAE 0.6607 f1 0.7861
2025-11-30 10:37:58,168 - utils.logger2025-11-30-10.36.52 - INFO - Cur epoch 31 loss TA:0.4933 TV:0.5039 VA:1.0035 CE:0.2991
2025-11-30 10:37:58,621 - utils.logger2025-11-30-10.36.52 - INFO - Cur epoch 31 loss TA:0.5181 TV:0.5197 VA:1.0203 CE:0.2322
2025-11-30 10:37:59,014 - utils.logger2025-11-30-10.36.52 - INFO - saving the model at the end of epoch 31, iters 868
2025-11-30 10:37:59,084 - utils.logger2025-11-30-10.36.52 - INFO - End of training epoch 31 / 40 	 Time Taken: 1 sec
2025-11-30 10:37:59,084 - utils.logger2025-11-30-10.36.52 - INFO - learning rate = 0.0001636
2025-11-30 10:37:59,430 - utils.logger2025-11-30-10.36.52 - INFO - Val result of epoch 31 / 40 acc 0.7768 MAE 0.6580 f1 0.7860
2025-11-30 10:37:59,706 - utils.logger2025-11-30-10.36.52 - INFO - Tst result of epoch 31 / 40 acc 0.7768 MAE 0.6580 f1 0.7860
2025-11-30 10:37:59,958 - utils.logger2025-11-30-10.36.52 - INFO - Cur epoch 32 loss TA:0.5054 TV:0.5147 VA:1.0274 CE:0.3050
2025-11-30 10:38:00,376 - utils.logger2025-11-30-10.36.52 - INFO - Cur epoch 32 loss TA:0.5219 TV:0.5271 VA:1.0413 CE:0.1772
2025-11-30 10:38:00,809 - utils.logger2025-11-30-10.36.52 - INFO - Cur epoch 32 loss TA:0.5063 TV:0.5185 VA:1.0044 CE:0.2092
2025-11-30 10:38:01,111 - utils.logger2025-11-30-10.36.52 - INFO - saving the model at the end of epoch 32, iters 896
2025-11-30 10:38:01,171 - utils.logger2025-11-30-10.36.52 - INFO - End of training epoch 32 / 40 	 Time Taken: 1 sec
2025-11-30 10:38:01,172 - utils.logger2025-11-30-10.36.52 - INFO - learning rate = 0.0001455
2025-11-30 10:38:01,479 - utils.logger2025-11-30-10.36.52 - INFO - Val result of epoch 32 / 40 acc 0.7545 MAE 0.6450 f1 0.7676
2025-11-30 10:38:01,779 - utils.logger2025-11-30-10.36.52 - INFO - Tst result of epoch 32 / 40 acc 0.7545 MAE 0.6450 f1 0.7676
2025-11-30 10:38:02,171 - utils.logger2025-11-30-10.36.52 - INFO - Cur epoch 33 loss TA:0.5296 TV:0.5259 VA:1.0437 CE:0.1857
2025-11-30 10:38:02,606 - utils.logger2025-11-30-10.36.52 - INFO - Cur epoch 33 loss TA:0.4982 TV:0.4925 VA:1.0164 CE:0.2125
2025-11-30 10:38:03,034 - utils.logger2025-11-30-10.36.52 - INFO - Cur epoch 33 loss TA:0.5003 TV:0.5170 VA:0.9899 CE:0.2033
2025-11-30 10:38:03,243 - utils.logger2025-11-30-10.36.52 - INFO - saving the model at the end of epoch 33, iters 924
2025-11-30 10:38:03,310 - utils.logger2025-11-30-10.36.52 - INFO - End of training epoch 33 / 40 	 Time Taken: 1 sec
2025-11-30 10:38:03,310 - utils.logger2025-11-30-10.36.52 - INFO - learning rate = 0.0001273
2025-11-30 10:38:03,610 - utils.logger2025-11-30-10.36.52 - INFO - Val result of epoch 33 / 40 acc 0.7723 MAE 0.6455 f1 0.7862
2025-11-30 10:38:03,895 - utils.logger2025-11-30-10.36.52 - INFO - Tst result of epoch 33 / 40 acc 0.7723 MAE 0.6455 f1 0.7862
2025-11-30 10:38:04,341 - utils.logger2025-11-30-10.36.52 - INFO - Cur epoch 34 loss TA:0.4862 TV:0.4890 VA:0.9939 CE:0.2077
2025-11-30 10:38:04,769 - utils.logger2025-11-30-10.36.52 - INFO - Cur epoch 34 loss TA:0.4967 TV:0.4971 VA:0.9910 CE:0.1664
2025-11-30 10:38:05,199 - utils.logger2025-11-30-10.36.52 - INFO - Cur epoch 34 loss TA:0.4959 TV:0.5037 VA:0.9840 CE:0.1326
2025-11-30 10:38:05,328 - utils.logger2025-11-30-10.36.52 - INFO - saving the model at the end of epoch 34, iters 952
2025-11-30 10:38:05,402 - utils.logger2025-11-30-10.36.52 - INFO - End of training epoch 34 / 40 	 Time Taken: 1 sec
2025-11-30 10:38:05,402 - utils.logger2025-11-30-10.36.52 - INFO - learning rate = 0.0001091
2025-11-30 10:38:05,739 - utils.logger2025-11-30-10.36.52 - INFO - Val result of epoch 34 / 40 acc 0.7723 MAE 0.6529 f1 0.7861
2025-11-30 10:38:06,033 - utils.logger2025-11-30-10.36.52 - INFO - Tst result of epoch 34 / 40 acc 0.7723 MAE 0.6529 f1 0.7861
2025-11-30 10:38:06,570 - utils.logger2025-11-30-10.36.52 - INFO - Cur epoch 35 loss TA:0.4720 TV:0.4781 VA:0.9615 CE:0.1841
2025-11-30 10:38:07,008 - utils.logger2025-11-30-10.36.52 - INFO - Cur epoch 35 loss TA:0.5155 TV:0.5212 VA:1.0223 CE:0.2215
2025-11-30 10:38:07,461 - utils.logger2025-11-30-10.36.52 - INFO - Cur epoch 35 loss TA:0.2560 TV:0.2872 VA:0.4706 CE:0.1863
2025-11-30 10:38:07,511 - utils.logger2025-11-30-10.36.52 - INFO - saving the model at the end of epoch 35, iters 980
2025-11-30 10:38:07,580 - utils.logger2025-11-30-10.36.52 - INFO - End of training epoch 35 / 40 	 Time Taken: 1 sec
2025-11-30 10:38:07,580 - utils.logger2025-11-30-10.36.52 - INFO - learning rate = 0.0000909
2025-11-30 10:38:07,905 - utils.logger2025-11-30-10.36.52 - INFO - Val result of epoch 35 / 40 acc 0.7723 MAE 0.6522 f1 0.7861
2025-11-30 10:38:08,219 - utils.logger2025-11-30-10.36.52 - INFO - Tst result of epoch 35 / 40 acc 0.7723 MAE 0.6522 f1 0.7861
2025-11-30 10:38:08,828 - utils.logger2025-11-30-10.36.52 - INFO - Cur epoch 36 loss TA:0.4865 TV:0.4987 VA:0.9801 CE:0.2193
2025-11-30 10:38:09,258 - utils.logger2025-11-30-10.36.52 - INFO - Cur epoch 36 loss TA:0.4865 TV:0.4863 VA:0.9760 CE:0.1615
2025-11-30 10:38:09,639 - utils.logger2025-11-30-10.36.52 - INFO - saving the model at the end of epoch 36, iters 1008
2025-11-30 10:38:09,702 - utils.logger2025-11-30-10.36.52 - INFO - End of training epoch 36 / 40 	 Time Taken: 1 sec
2025-11-30 10:38:09,702 - utils.logger2025-11-30-10.36.52 - INFO - learning rate = 0.0000727
2025-11-30 10:38:10,047 - utils.logger2025-11-30-10.36.52 - INFO - Val result of epoch 36 / 40 acc 0.7768 MAE 0.6423 f1 0.7909
2025-11-30 10:38:10,556 - utils.logger2025-11-30-10.36.52 - INFO - Tst result of epoch 36 / 40 acc 0.7768 MAE 0.6423 f1 0.7909
2025-11-30 10:38:10,995 - utils.logger2025-11-30-10.36.52 - INFO - Cur epoch 37 loss TA:0.5004 TV:0.5003 VA:1.0053 CE:0.1485
2025-11-30 10:38:11,555 - utils.logger2025-11-30-10.36.52 - INFO - Cur epoch 37 loss TA:0.4864 TV:0.4905 VA:0.9717 CE:0.1711
2025-11-30 10:38:12,109 - utils.logger2025-11-30-10.36.52 - INFO - Cur epoch 37 loss TA:0.5006 TV:0.5084 VA:1.0056 CE:0.2038
2025-11-30 10:38:12,505 - utils.logger2025-11-30-10.36.52 - INFO - saving the model at the end of epoch 37, iters 1036
2025-11-30 10:38:12,626 - utils.logger2025-11-30-10.36.52 - INFO - End of training epoch 37 / 40 	 Time Taken: 2 sec
2025-11-30 10:38:12,626 - utils.logger2025-11-30-10.36.52 - INFO - learning rate = 0.0000545
2025-11-30 10:38:13,142 - utils.logger2025-11-30-10.36.52 - INFO - Val result of epoch 37 / 40 acc 0.7857 MAE 0.6466 f1 0.7954
2025-11-30 10:38:13,615 - utils.logger2025-11-30-10.36.52 - INFO - Tst result of epoch 37 / 40 acc 0.7857 MAE 0.6466 f1 0.7954
2025-11-30 10:38:14,118 - utils.logger2025-11-30-10.36.52 - INFO - Cur epoch 38 loss TA:0.4659 TV:0.4639 VA:0.9380 CE:0.2310
2025-11-30 10:38:14,660 - utils.logger2025-11-30-10.36.52 - INFO - Cur epoch 38 loss TA:0.4805 TV:0.4874 VA:0.9593 CE:0.1251
2025-11-30 10:38:15,200 - utils.logger2025-11-30-10.36.52 - INFO - Cur epoch 38 loss TA:0.4840 TV:0.4978 VA:0.9530 CE:0.1539
2025-11-30 10:38:15,477 - utils.logger2025-11-30-10.36.52 - INFO - saving the model at the end of epoch 38, iters 1064
2025-11-30 10:38:15,576 - utils.logger2025-11-30-10.36.52 - INFO - End of training epoch 38 / 40 	 Time Taken: 1 sec
2025-11-30 10:38:15,576 - utils.logger2025-11-30-10.36.52 - INFO - learning rate = 0.0000364
2025-11-30 10:38:16,012 - utils.logger2025-11-30-10.36.52 - INFO - Val result of epoch 38 / 40 acc 0.7812 MAE 0.6472 f1 0.7908
2025-11-30 10:38:16,478 - utils.logger2025-11-30-10.36.52 - INFO - Tst result of epoch 38 / 40 acc 0.7812 MAE 0.6472 f1 0.7908
2025-11-30 10:38:17,102 - utils.logger2025-11-30-10.36.52 - INFO - Cur epoch 39 loss TA:0.4805 TV:0.4835 VA:0.9633 CE:0.1755
2025-11-30 10:38:17,644 - utils.logger2025-11-30-10.36.52 - INFO - Cur epoch 39 loss TA:0.4903 TV:0.4909 VA:0.9514 CE:0.1745
2025-11-30 10:38:18,172 - utils.logger2025-11-30-10.36.52 - INFO - Cur epoch 39 loss TA:0.4816 TV:0.4923 VA:0.9783 CE:0.1959
2025-11-30 10:38:18,349 - utils.logger2025-11-30-10.36.52 - INFO - saving the model at the end of epoch 39, iters 1092
2025-11-30 10:38:18,440 - utils.logger2025-11-30-10.36.52 - INFO - End of training epoch 39 / 40 	 Time Taken: 1 sec
2025-11-30 10:38:18,440 - utils.logger2025-11-30-10.36.52 - INFO - learning rate = 0.0000182
2025-11-30 10:38:18,907 - utils.logger2025-11-30-10.36.52 - INFO - Val result of epoch 39 / 40 acc 0.7812 MAE 0.6490 f1 0.7907
2025-11-30 10:38:19,373 - utils.logger2025-11-30-10.36.52 - INFO - Tst result of epoch 39 / 40 acc 0.7812 MAE 0.6490 f1 0.7907
2025-11-30 10:38:20,058 - utils.logger2025-11-30-10.36.52 - INFO - Cur epoch 40 loss TA:0.5050 TV:0.5141 VA:1.0240 CE:0.2045
2025-11-30 10:38:20,597 - utils.logger2025-11-30-10.36.52 - INFO - Cur epoch 40 loss TA:0.4957 TV:0.5123 VA:0.9801 CE:0.1789
2025-11-30 10:38:21,122 - utils.logger2025-11-30-10.36.52 - INFO - Cur epoch 40 loss TA:0.2052 TV:0.2101 VA:0.3816 CE:0.1111
2025-11-30 10:38:21,197 - utils.logger2025-11-30-10.36.52 - INFO - saving the model at the end of epoch 40, iters 1120
2025-11-30 10:38:21,300 - utils.logger2025-11-30-10.36.52 - INFO - End of training epoch 40 / 40 	 Time Taken: 1 sec
2025-11-30 10:38:21,301 - utils.logger2025-11-30-10.36.52 - INFO - learning rate = 0.0000000
2025-11-30 10:38:21,776 - utils.logger2025-11-30-10.36.52 - INFO - Val result of epoch 40 / 40 acc 0.7768 MAE 0.6509 f1 0.7861
2025-11-30 10:38:22,187 - utils.logger2025-11-30-10.36.52 - INFO - Tst result of epoch 40 / 40 acc 0.7768 MAE 0.6509 f1 0.7861
2025-11-30 10:38:22,188 - utils.logger2025-11-30-10.36.52 - INFO - Best eval epoch 37 found with f1 0.795402
