2025-12-18 18:20:10,599 - utils.logger2025-12-18-18.20.10 - INFO - The number of training samples = 1750
2025-12-18 18:20:12,073 - utils.logger2025-12-18-18.20.10 - INFO - Cur epoch 1 loss TA:1.0365 TV:1.0362 VA:2.0723 CE:3.0330
2025-12-18 18:20:12,586 - utils.logger2025-12-18-18.20.10 - INFO - Cur epoch 1 loss TA:1.0352 TV:1.0326 VA:2.0712 CE:2.4461
2025-12-18 18:20:13,103 - utils.logger2025-12-18-18.20.10 - INFO - saving the model at the end of epoch 1, iters 28
2025-12-18 18:20:13,168 - utils.logger2025-12-18-18.20.10 - INFO - End of training epoch 1 / 40 	 Time Taken: 2 sec
2025-12-18 18:20:13,169 - utils.logger2025-12-18-18.20.10 - INFO - learning rate = 0.0002000
2025-12-18 18:20:13,469 - utils.logger2025-12-18-18.20.10 - INFO - Val result of epoch 1 / 40 acc 0.5982 MAE 0.2636 f1 0.6167
2025-12-18 18:20:13,774 - utils.logger2025-12-18-18.20.10 - INFO - Tst result of epoch 1 / 40 acc 0.5982 MAE 0.2636 f1 0.6167
2025-12-18 18:20:14,099 - utils.logger2025-12-18-18.20.10 - INFO - Cur epoch 2 loss TA:1.0299 TV:1.0304 VA:2.0584 CE:2.9439
2025-12-18 18:20:14,678 - utils.logger2025-12-18-18.20.10 - INFO - Cur epoch 2 loss TA:1.0263 TV:1.0185 VA:2.0588 CE:2.1019
2025-12-18 18:20:15,179 - utils.logger2025-12-18-18.20.10 - INFO - Cur epoch 2 loss TA:1.0122 TV:1.0042 VA:2.0413 CE:2.6443
2025-12-18 18:20:15,585 - utils.logger2025-12-18-18.20.10 - INFO - saving the model at the end of epoch 2, iters 56
2025-12-18 18:20:15,669 - utils.logger2025-12-18-18.20.10 - INFO - End of training epoch 2 / 40 	 Time Taken: 1 sec
2025-12-18 18:20:15,669 - utils.logger2025-12-18-18.20.10 - INFO - learning rate = 0.0002000
2025-12-18 18:20:15,960 - utils.logger2025-12-18-18.20.10 - INFO - Val result of epoch 2 / 40 acc 0.6027 MAE 0.3269 f1 0.6184
2025-12-18 18:20:16,240 - utils.logger2025-12-18-18.20.10 - INFO - Tst result of epoch 2 / 40 acc 0.6027 MAE 0.3269 f1 0.6184
2025-12-18 18:20:16,792 - utils.logger2025-12-18-18.20.10 - INFO - Cur epoch 3 loss TA:0.9895 TV:0.9775 VA:2.0165 CE:2.3725
2025-12-18 18:20:17,369 - utils.logger2025-12-18-18.20.10 - INFO - Cur epoch 3 loss TA:0.9711 TV:0.9532 VA:1.9719 CE:2.4034
2025-12-18 18:20:17,951 - utils.logger2025-12-18-18.20.10 - INFO - Cur epoch 3 loss TA:0.9749 TV:0.9514 VA:1.9822 CE:2.6033
2025-12-18 18:20:18,259 - utils.logger2025-12-18-18.20.10 - INFO - saving the model at the end of epoch 3, iters 84
2025-12-18 18:20:18,325 - utils.logger2025-12-18-18.20.10 - INFO - End of training epoch 3 / 40 	 Time Taken: 2 sec
2025-12-18 18:20:18,325 - utils.logger2025-12-18-18.20.10 - INFO - learning rate = 0.0002000
2025-12-18 18:20:18,617 - utils.logger2025-12-18-18.20.10 - INFO - Val result of epoch 3 / 40 acc 0.6161 MAE 0.4102 f1 0.6264
2025-12-18 18:20:18,912 - utils.logger2025-12-18-18.20.10 - INFO - Tst result of epoch 3 / 40 acc 0.6161 MAE 0.4102 f1 0.6264
2025-12-18 18:20:19,507 - utils.logger2025-12-18-18.20.10 - INFO - Cur epoch 4 loss TA:0.9421 TV:0.9196 VA:1.8800 CE:1.7957
2025-12-18 18:20:20,148 - utils.logger2025-12-18-18.20.10 - INFO - Cur epoch 4 loss TA:0.9280 TV:0.9151 VA:1.8668 CE:2.2746
2025-12-18 18:20:20,750 - utils.logger2025-12-18-18.20.10 - INFO - Cur epoch 4 loss TA:0.9260 TV:0.9084 VA:1.8747 CE:2.0674
2025-12-18 18:20:20,939 - utils.logger2025-12-18-18.20.10 - INFO - saving the model at the end of epoch 4, iters 112
2025-12-18 18:20:21,033 - utils.logger2025-12-18-18.20.10 - INFO - End of training epoch 4 / 40 	 Time Taken: 2 sec
2025-12-18 18:20:21,033 - utils.logger2025-12-18-18.20.10 - INFO - learning rate = 0.0002000
2025-12-18 18:20:21,328 - utils.logger2025-12-18-18.20.10 - INFO - Val result of epoch 4 / 40 acc 0.6518 MAE 0.4640 f1 0.6712
2025-12-18 18:20:21,860 - utils.logger2025-12-18-18.20.10 - INFO - Tst result of epoch 4 / 40 acc 0.6518 MAE 0.4640 f1 0.6712
2025-12-18 18:20:22,584 - utils.logger2025-12-18-18.20.10 - INFO - Cur epoch 5 loss TA:0.9167 TV:0.9038 VA:1.8372 CE:2.1170
2025-12-18 18:20:23,163 - utils.logger2025-12-18-18.20.10 - INFO - Cur epoch 5 loss TA:0.8917 TV:0.9055 VA:1.8097 CE:2.0387
2025-12-18 18:20:23,791 - utils.logger2025-12-18-18.20.10 - INFO - Cur epoch 5 loss TA:0.6212 TV:0.6191 VA:1.2698 CE:1.4326
2025-12-18 18:20:23,849 - utils.logger2025-12-18-18.20.10 - INFO - saving the model at the end of epoch 5, iters 140
2025-12-18 18:20:23,932 - utils.logger2025-12-18-18.20.10 - INFO - End of training epoch 5 / 40 	 Time Taken: 2 sec
2025-12-18 18:20:23,932 - utils.logger2025-12-18-18.20.10 - INFO - learning rate = 0.0002000
2025-12-18 18:20:24,225 - utils.logger2025-12-18-18.20.10 - INFO - Val result of epoch 5 / 40 acc 0.6830 MAE 0.5023 f1 0.6993
2025-12-18 18:20:24,677 - utils.logger2025-12-18-18.20.10 - INFO - Tst result of epoch 5 / 40 acc 0.6830 MAE 0.5023 f1 0.6993
2025-12-18 18:20:25,488 - utils.logger2025-12-18-18.20.10 - INFO - Cur epoch 6 loss TA:0.8785 TV:0.8938 VA:1.7683 CE:1.9234
2025-12-18 18:20:26,068 - utils.logger2025-12-18-18.20.10 - INFO - Cur epoch 6 loss TA:0.8712 TV:0.8706 VA:1.7411 CE:1.5556
2025-12-18 18:20:26,577 - utils.logger2025-12-18-18.20.10 - INFO - saving the model at the end of epoch 6, iters 168
2025-12-18 18:20:26,655 - utils.logger2025-12-18-18.20.10 - INFO - End of training epoch 6 / 40 	 Time Taken: 1 sec
2025-12-18 18:20:26,655 - utils.logger2025-12-18-18.20.10 - INFO - learning rate = 0.0002000
2025-12-18 18:20:26,989 - utils.logger2025-12-18-18.20.10 - INFO - Val result of epoch 6 / 40 acc 0.7634 MAE 0.5572 f1 0.7770
2025-12-18 18:20:27,273 - utils.logger2025-12-18-18.20.10 - INFO - Tst result of epoch 6 / 40 acc 0.7634 MAE 0.5572 f1 0.7770
2025-12-18 18:20:27,607 - utils.logger2025-12-18-18.20.10 - INFO - Cur epoch 7 loss TA:0.8532 TV:0.8606 VA:1.7306 CE:1.7681
2025-12-18 18:20:28,242 - utils.logger2025-12-18-18.20.10 - INFO - Cur epoch 7 loss TA:0.8397 TV:0.8363 VA:1.7173 CE:1.1773
2025-12-18 18:20:28,787 - utils.logger2025-12-18-18.20.10 - INFO - Cur epoch 7 loss TA:0.8459 TV:0.8352 VA:1.7289 CE:1.2748
2025-12-18 18:20:29,174 - utils.logger2025-12-18-18.20.10 - INFO - saving the model at the end of epoch 7, iters 196
2025-12-18 18:20:29,258 - utils.logger2025-12-18-18.20.10 - INFO - End of training epoch 7 / 40 	 Time Taken: 1 sec
2025-12-18 18:20:29,258 - utils.logger2025-12-18-18.20.10 - INFO - learning rate = 0.0002000
2025-12-18 18:20:29,811 - utils.logger2025-12-18-18.20.10 - INFO - Val result of epoch 7 / 40 acc 0.7679 MAE 0.5742 f1 0.7815
2025-12-18 18:20:30,259 - utils.logger2025-12-18-18.20.10 - INFO - Tst result of epoch 7 / 40 acc 0.7679 MAE 0.5742 f1 0.7815
2025-12-18 18:20:30,698 - utils.logger2025-12-18-18.20.10 - INFO - Cur epoch 8 loss TA:0.8083 TV:0.7988 VA:1.6260 CE:1.0744
2025-12-18 18:20:31,306 - utils.logger2025-12-18-18.20.10 - INFO - Cur epoch 8 loss TA:0.8023 TV:0.8081 VA:1.6327 CE:1.3340
2025-12-18 18:20:31,864 - utils.logger2025-12-18-18.20.10 - INFO - Cur epoch 8 loss TA:0.7929 TV:0.8140 VA:1.6519 CE:1.7422
2025-12-18 18:20:32,160 - utils.logger2025-12-18-18.20.10 - INFO - saving the model at the end of epoch 8, iters 224
2025-12-18 18:20:32,240 - utils.logger2025-12-18-18.20.10 - INFO - End of training epoch 8 / 40 	 Time Taken: 1 sec
2025-12-18 18:20:32,241 - utils.logger2025-12-18-18.20.10 - INFO - learning rate = 0.0002000
2025-12-18 18:20:32,559 - utils.logger2025-12-18-18.20.10 - INFO - Val result of epoch 8 / 40 acc 0.7768 MAE 0.5977 f1 0.7910
2025-12-18 18:20:32,836 - utils.logger2025-12-18-18.20.10 - INFO - Tst result of epoch 8 / 40 acc 0.7768 MAE 0.5977 f1 0.7910
2025-12-18 18:20:33,437 - utils.logger2025-12-18-18.20.10 - INFO - Cur epoch 9 loss TA:0.7719 TV:0.7719 VA:1.5882 CE:1.1943
2025-12-18 18:20:34,009 - utils.logger2025-12-18-18.20.10 - INFO - Cur epoch 9 loss TA:0.7504 TV:0.7651 VA:1.5547 CE:1.0888
2025-12-18 18:20:34,564 - utils.logger2025-12-18-18.20.10 - INFO - Cur epoch 9 loss TA:0.7380 TV:0.7611 VA:1.5568 CE:0.8135
2025-12-18 18:20:34,752 - utils.logger2025-12-18-18.20.10 - INFO - saving the model at the end of epoch 9, iters 252
2025-12-18 18:20:34,843 - utils.logger2025-12-18-18.20.10 - INFO - End of training epoch 9 / 40 	 Time Taken: 2 sec
2025-12-18 18:20:34,843 - utils.logger2025-12-18-18.20.10 - INFO - learning rate = 0.0002000
2025-12-18 18:20:35,196 - utils.logger2025-12-18-18.20.10 - INFO - Val result of epoch 9 / 40 acc 0.7946 MAE 0.6034 f1 0.8098
2025-12-18 18:20:35,495 - utils.logger2025-12-18-18.20.10 - INFO - Tst result of epoch 9 / 40 acc 0.7946 MAE 0.6034 f1 0.8098
2025-12-18 18:20:36,168 - utils.logger2025-12-18-18.20.10 - INFO - Cur epoch 10 loss TA:0.7365 TV:0.7486 VA:1.5254 CE:1.0299
2025-12-18 18:20:36,703 - utils.logger2025-12-18-18.20.10 - INFO - Cur epoch 10 loss TA:0.7659 TV:0.7633 VA:1.5342 CE:1.2020
2025-12-18 18:20:37,206 - utils.logger2025-12-18-18.20.10 - INFO - Cur epoch 10 loss TA:0.4674 TV:0.5045 VA:1.0148 CE:1.0061
2025-12-18 18:20:37,247 - utils.logger2025-12-18-18.20.10 - INFO - saving the model at the end of epoch 10, iters 280
2025-12-18 18:20:37,331 - utils.logger2025-12-18-18.20.10 - INFO - End of training epoch 10 / 40 	 Time Taken: 1 sec
2025-12-18 18:20:37,331 - utils.logger2025-12-18-18.20.10 - INFO - learning rate = 0.0002000
2025-12-18 18:20:37,854 - utils.logger2025-12-18-18.20.10 - INFO - Val result of epoch 10 / 40 acc 0.7679 MAE 0.6137 f1 0.7815
2025-12-18 18:20:38,342 - utils.logger2025-12-18-18.20.10 - INFO - Tst result of epoch 10 / 40 acc 0.7679 MAE 0.6137 f1 0.7815
2025-12-18 18:20:39,310 - utils.logger2025-12-18-18.20.10 - INFO - Cur epoch 11 loss TA:0.7160 TV:0.7384 VA:1.5173 CE:1.0428
2025-12-18 18:20:39,899 - utils.logger2025-12-18-18.20.10 - INFO - Cur epoch 11 loss TA:0.6887 TV:0.7113 VA:1.4232 CE:1.1601
2025-12-18 18:20:40,399 - utils.logger2025-12-18-18.20.10 - INFO - saving the model at the end of epoch 11, iters 308
2025-12-18 18:20:40,475 - utils.logger2025-12-18-18.20.10 - INFO - End of training epoch 11 / 40 	 Time Taken: 2 sec
2025-12-18 18:20:40,476 - utils.logger2025-12-18-18.20.10 - INFO - learning rate = 0.0002000
2025-12-18 18:20:40,793 - utils.logger2025-12-18-18.20.10 - INFO - Val result of epoch 11 / 40 acc 0.7679 MAE 0.6316 f1 0.7816
2025-12-18 18:20:41,117 - utils.logger2025-12-18-18.20.10 - INFO - Tst result of epoch 11 / 40 acc 0.7679 MAE 0.6316 f1 0.7816
2025-12-18 18:20:41,448 - utils.logger2025-12-18-18.20.10 - INFO - Cur epoch 12 loss TA:0.6856 TV:0.7091 VA:1.4392 CE:1.0378
2025-12-18 18:20:42,101 - utils.logger2025-12-18-18.20.10 - INFO - Cur epoch 12 loss TA:0.6710 TV:0.6795 VA:1.4091 CE:0.7811
2025-12-18 18:20:42,729 - utils.logger2025-12-18-18.20.10 - INFO - Cur epoch 12 loss TA:0.6745 TV:0.6966 VA:1.4417 CE:0.7240
2025-12-18 18:20:43,160 - utils.logger2025-12-18-18.20.10 - INFO - saving the model at the end of epoch 12, iters 336
2025-12-18 18:20:43,248 - utils.logger2025-12-18-18.20.10 - INFO - End of training epoch 12 / 40 	 Time Taken: 2 sec
2025-12-18 18:20:43,248 - utils.logger2025-12-18-18.20.10 - INFO - learning rate = 0.0002000
2025-12-18 18:20:43,760 - utils.logger2025-12-18-18.20.10 - INFO - Val result of epoch 12 / 40 acc 0.7857 MAE 0.6262 f1 0.8001
2025-12-18 18:20:44,250 - utils.logger2025-12-18-18.20.10 - INFO - Tst result of epoch 12 / 40 acc 0.7857 MAE 0.6262 f1 0.8001
2025-12-18 18:20:44,674 - utils.logger2025-12-18-18.20.10 - INFO - Cur epoch 13 loss TA:0.6622 TV:0.6590 VA:1.3298 CE:0.7397
2025-12-18 18:20:45,196 - utils.logger2025-12-18-18.20.10 - INFO - Cur epoch 13 loss TA:0.6521 TV:0.6843 VA:1.3451 CE:0.9415
2025-12-18 18:20:45,717 - utils.logger2025-12-18-18.20.10 - INFO - Cur epoch 13 loss TA:0.6737 TV:0.6955 VA:1.3952 CE:0.4559
2025-12-18 18:20:46,018 - utils.logger2025-12-18-18.20.10 - INFO - saving the model at the end of epoch 13, iters 364
2025-12-18 18:20:46,114 - utils.logger2025-12-18-18.20.10 - INFO - End of training epoch 13 / 40 	 Time Taken: 1 sec
2025-12-18 18:20:46,114 - utils.logger2025-12-18-18.20.10 - INFO - learning rate = 0.0002000
2025-12-18 18:20:46,585 - utils.logger2025-12-18-18.20.10 - INFO - Val result of epoch 13 / 40 acc 0.7812 MAE 0.6254 f1 0.7954
2025-12-18 18:20:47,103 - utils.logger2025-12-18-18.20.10 - INFO - Tst result of epoch 13 / 40 acc 0.7812 MAE 0.6254 f1 0.7954
2025-12-18 18:20:47,852 - utils.logger2025-12-18-18.20.10 - INFO - Cur epoch 14 loss TA:0.6115 TV:0.6595 VA:1.3075 CE:0.6340
2025-12-18 18:20:48,316 - utils.logger2025-12-18-18.20.10 - INFO - Cur epoch 14 loss TA:0.6193 TV:0.6289 VA:1.2863 CE:0.6806
2025-12-18 18:20:48,882 - utils.logger2025-12-18-18.20.10 - INFO - Cur epoch 14 loss TA:0.6454 TV:0.6645 VA:1.3125 CE:0.5875
2025-12-18 18:20:49,063 - utils.logger2025-12-18-18.20.10 - INFO - saving the model at the end of epoch 14, iters 392
2025-12-18 18:20:49,152 - utils.logger2025-12-18-18.20.10 - INFO - End of training epoch 14 / 40 	 Time Taken: 2 sec
2025-12-18 18:20:49,152 - utils.logger2025-12-18-18.20.10 - INFO - learning rate = 0.0002000
2025-12-18 18:20:49,653 - utils.logger2025-12-18-18.20.10 - INFO - Val result of epoch 14 / 40 acc 0.7857 MAE 0.6235 f1 0.7963
2025-12-18 18:20:50,088 - utils.logger2025-12-18-18.20.10 - INFO - Tst result of epoch 14 / 40 acc 0.7857 MAE 0.6235 f1 0.7963
2025-12-18 18:20:50,774 - utils.logger2025-12-18-18.20.10 - INFO - Cur epoch 15 loss TA:0.5800 TV:0.5889 VA:1.1891 CE:0.5040
2025-12-18 18:20:51,257 - utils.logger2025-12-18-18.20.10 - INFO - Cur epoch 15 loss TA:0.6414 TV:0.6231 VA:1.2957 CE:0.4545
2025-12-18 18:20:51,784 - utils.logger2025-12-18-18.20.10 - INFO - Cur epoch 15 loss TA:0.2961 TV:0.3289 VA:0.7185 CE:0.6624
2025-12-18 18:20:51,848 - utils.logger2025-12-18-18.20.10 - INFO - saving the model at the end of epoch 15, iters 420
2025-12-18 18:20:51,922 - utils.logger2025-12-18-18.20.10 - INFO - End of training epoch 15 / 40 	 Time Taken: 1 sec
2025-12-18 18:20:51,922 - utils.logger2025-12-18-18.20.10 - INFO - learning rate = 0.0002000
2025-12-18 18:20:52,445 - utils.logger2025-12-18-18.20.10 - INFO - Val result of epoch 15 / 40 acc 0.7768 MAE 0.6310 f1 0.7907
2025-12-18 18:20:52,860 - utils.logger2025-12-18-18.20.10 - INFO - Tst result of epoch 15 / 40 acc 0.7768 MAE 0.6310 f1 0.7907
2025-12-18 18:20:53,661 - utils.logger2025-12-18-18.20.10 - INFO - Cur epoch 16 loss TA:0.5917 TV:0.6073 VA:1.1899 CE:0.3413
2025-12-18 18:20:54,236 - utils.logger2025-12-18-18.20.10 - INFO - Cur epoch 16 loss TA:0.6234 TV:0.6375 VA:1.2582 CE:0.4703
2025-12-18 18:20:54,722 - utils.logger2025-12-18-18.20.10 - INFO - saving the model at the end of epoch 16, iters 448
2025-12-18 18:20:54,810 - utils.logger2025-12-18-18.20.10 - INFO - End of training epoch 16 / 40 	 Time Taken: 1 sec
2025-12-18 18:20:54,810 - utils.logger2025-12-18-18.20.10 - INFO - learning rate = 0.0002000
2025-12-18 18:20:55,260 - utils.logger2025-12-18-18.20.10 - INFO - Val result of epoch 16 / 40 acc 0.7857 MAE 0.6324 f1 0.7954
2025-12-18 18:20:55,554 - utils.logger2025-12-18-18.20.10 - INFO - Tst result of epoch 16 / 40 acc 0.7857 MAE 0.6324 f1 0.7954
2025-12-18 18:20:55,840 - utils.logger2025-12-18-18.20.10 - INFO - Cur epoch 17 loss TA:0.6363 TV:0.6566 VA:1.2819 CE:0.3631
2025-12-18 18:20:56,304 - utils.logger2025-12-18-18.20.10 - INFO - Cur epoch 17 loss TA:0.6067 TV:0.6174 VA:1.2463 CE:0.3983
2025-12-18 18:20:56,785 - utils.logger2025-12-18-18.20.10 - INFO - Cur epoch 17 loss TA:0.5980 TV:0.5915 VA:1.2357 CE:0.5115
2025-12-18 18:20:57,139 - utils.logger2025-12-18-18.20.10 - INFO - saving the model at the end of epoch 17, iters 476
2025-12-18 18:20:57,212 - utils.logger2025-12-18-18.20.10 - INFO - End of training epoch 17 / 40 	 Time Taken: 1 sec
2025-12-18 18:20:57,212 - utils.logger2025-12-18-18.20.10 - INFO - learning rate = 0.0002000
2025-12-18 18:20:57,527 - utils.logger2025-12-18-18.20.10 - INFO - Val result of epoch 17 / 40 acc 0.7857 MAE 0.6335 f1 0.7954
2025-12-18 18:20:57,957 - utils.logger2025-12-18-18.20.10 - INFO - Tst result of epoch 17 / 40 acc 0.7857 MAE 0.6335 f1 0.7954
2025-12-18 18:20:58,358 - utils.logger2025-12-18-18.20.10 - INFO - Cur epoch 18 loss TA:0.5905 TV:0.6105 VA:1.2310 CE:0.4534
2025-12-18 18:20:58,812 - utils.logger2025-12-18-18.20.10 - INFO - Cur epoch 18 loss TA:0.5600 TV:0.5877 VA:1.1385 CE:0.4606
2025-12-18 18:20:59,267 - utils.logger2025-12-18-18.20.10 - INFO - Cur epoch 18 loss TA:0.5766 TV:0.5892 VA:1.2000 CE:0.4367
2025-12-18 18:20:59,505 - utils.logger2025-12-18-18.20.10 - INFO - saving the model at the end of epoch 18, iters 504
2025-12-18 18:20:59,577 - utils.logger2025-12-18-18.20.10 - INFO - End of training epoch 18 / 40 	 Time Taken: 1 sec
2025-12-18 18:20:59,577 - utils.logger2025-12-18-18.20.10 - INFO - learning rate = 0.0002000
2025-12-18 18:21:00,062 - utils.logger2025-12-18-18.20.10 - INFO - Val result of epoch 18 / 40 acc 0.7768 MAE 0.6378 f1 0.7866
2025-12-18 18:21:00,521 - utils.logger2025-12-18-18.20.10 - INFO - Tst result of epoch 18 / 40 acc 0.7768 MAE 0.6378 f1 0.7866
2025-12-18 18:21:01,025 - utils.logger2025-12-18-18.20.10 - INFO - Cur epoch 19 loss TA:0.5750 TV:0.5909 VA:1.1342 CE:0.4278
2025-12-18 18:21:01,502 - utils.logger2025-12-18-18.20.10 - INFO - Cur epoch 19 loss TA:0.5556 TV:0.5800 VA:1.1766 CE:0.3431
2025-12-18 18:21:01,964 - utils.logger2025-12-18-18.20.10 - INFO - Cur epoch 19 loss TA:0.5958 TV:0.6141 VA:1.2476 CE:0.3927
2025-12-18 18:21:02,132 - utils.logger2025-12-18-18.20.10 - INFO - saving the model at the end of epoch 19, iters 532
2025-12-18 18:21:02,222 - utils.logger2025-12-18-18.20.10 - INFO - End of training epoch 19 / 40 	 Time Taken: 1 sec
2025-12-18 18:21:02,222 - utils.logger2025-12-18-18.20.10 - INFO - learning rate = 0.0002000
2025-12-18 18:21:02,508 - utils.logger2025-12-18-18.20.10 - INFO - Val result of epoch 19 / 40 acc 0.7634 MAE 0.6246 f1 0.7733
2025-12-18 18:21:02,787 - utils.logger2025-12-18-18.20.10 - INFO - Tst result of epoch 19 / 40 acc 0.7634 MAE 0.6246 f1 0.7733
2025-12-18 18:21:03,428 - utils.logger2025-12-18-18.20.10 - INFO - Cur epoch 20 loss TA:0.5506 TV:0.5810 VA:1.1413 CE:0.3037
2025-12-18 18:21:03,948 - utils.logger2025-12-18-18.20.10 - INFO - Cur epoch 20 loss TA:0.5696 TV:0.5733 VA:1.1736 CE:0.4968
2025-12-18 18:21:04,407 - utils.logger2025-12-18-18.20.10 - INFO - Cur epoch 20 loss TA:0.2296 TV:0.2832 VA:0.5433 CE:0.4682
2025-12-18 18:21:04,447 - utils.logger2025-12-18-18.20.10 - INFO - saving the model at the end of epoch 20, iters 560
2025-12-18 18:21:04,525 - utils.logger2025-12-18-18.20.10 - INFO - End of training epoch 20 / 40 	 Time Taken: 1 sec
2025-12-18 18:21:04,525 - utils.logger2025-12-18-18.20.10 - INFO - learning rate = 0.0002000
2025-12-18 18:21:04,857 - utils.logger2025-12-18-18.20.10 - INFO - Val result of epoch 20 / 40 acc 0.7857 MAE 0.6239 f1 0.7954
2025-12-18 18:21:05,363 - utils.logger2025-12-18-18.20.10 - INFO - Tst result of epoch 20 / 40 acc 0.7857 MAE 0.6239 f1 0.7954
2025-12-18 18:21:06,169 - utils.logger2025-12-18-18.20.10 - INFO - Cur epoch 21 loss TA:0.5712 TV:0.5734 VA:1.1090 CE:0.3119
2025-12-18 18:21:06,777 - utils.logger2025-12-18-18.20.10 - INFO - Cur epoch 21 loss TA:0.5510 TV:0.5429 VA:1.1370 CE:0.2805
2025-12-18 18:21:07,340 - utils.logger2025-12-18-18.20.10 - INFO - saving the model at the end of epoch 21, iters 588
2025-12-18 18:21:07,425 - utils.logger2025-12-18-18.20.10 - INFO - End of training epoch 21 / 40 	 Time Taken: 2 sec
2025-12-18 18:21:07,425 - utils.logger2025-12-18-18.20.10 - INFO - learning rate = 0.0002000
2025-12-18 18:21:07,727 - utils.logger2025-12-18-18.20.10 - INFO - Val result of epoch 21 / 40 acc 0.7768 MAE 0.6265 f1 0.7861
2025-12-18 18:21:08,004 - utils.logger2025-12-18-18.20.10 - INFO - Tst result of epoch 21 / 40 acc 0.7768 MAE 0.6265 f1 0.7861
2025-12-18 18:21:08,346 - utils.logger2025-12-18-18.20.10 - INFO - Cur epoch 22 loss TA:0.5583 TV:0.5593 VA:1.0944 CE:0.2783
2025-12-18 18:21:08,964 - utils.logger2025-12-18-18.20.10 - INFO - Cur epoch 22 loss TA:0.5728 TV:0.5623 VA:1.1417 CE:0.2931
2025-12-18 18:21:09,421 - utils.logger2025-12-18-18.20.10 - INFO - Cur epoch 22 loss TA:0.5611 TV:0.5892 VA:1.1555 CE:0.5240
2025-12-18 18:21:09,735 - utils.logger2025-12-18-18.20.10 - INFO - saving the model at the end of epoch 22, iters 616
2025-12-18 18:21:09,803 - utils.logger2025-12-18-18.20.10 - INFO - End of training epoch 22 / 40 	 Time Taken: 1 sec
2025-12-18 18:21:09,804 - utils.logger2025-12-18-18.20.10 - INFO - learning rate = 0.0002000
2025-12-18 18:21:10,178 - utils.logger2025-12-18-18.20.10 - INFO - Val result of epoch 22 / 40 acc 0.7857 MAE 0.6232 f1 0.8007
2025-12-18 18:21:10,657 - utils.logger2025-12-18-18.20.10 - INFO - Tst result of epoch 22 / 40 acc 0.7857 MAE 0.6232 f1 0.8007
2025-12-18 18:21:11,036 - utils.logger2025-12-18-18.20.10 - INFO - Cur epoch 23 loss TA:0.5447 TV:0.5474 VA:1.1302 CE:0.3341
2025-12-18 18:21:11,492 - utils.logger2025-12-18-18.20.10 - INFO - Cur epoch 23 loss TA:0.5440 TV:0.5631 VA:1.0867 CE:0.3143
2025-12-18 18:21:12,012 - utils.logger2025-12-18-18.20.10 - INFO - Cur epoch 23 loss TA:0.5444 TV:0.5439 VA:1.1116 CE:0.2242
2025-12-18 18:21:12,319 - utils.logger2025-12-18-18.20.10 - INFO - saving the model at the end of epoch 23, iters 644
2025-12-18 18:21:12,407 - utils.logger2025-12-18-18.20.10 - INFO - End of training epoch 23 / 40 	 Time Taken: 1 sec
2025-12-18 18:21:12,408 - utils.logger2025-12-18-18.20.10 - INFO - learning rate = 0.0002000
2025-12-18 18:21:12,733 - utils.logger2025-12-18-18.20.10 - INFO - Val result of epoch 23 / 40 acc 0.7946 MAE 0.6218 f1 0.8047
2025-12-18 18:21:13,035 - utils.logger2025-12-18-18.20.10 - INFO - Tst result of epoch 23 / 40 acc 0.7946 MAE 0.6218 f1 0.8047
2025-12-18 18:21:13,547 - utils.logger2025-12-18-18.20.10 - INFO - Cur epoch 24 loss TA:0.5863 TV:0.5724 VA:1.1798 CE:0.3706
2025-12-18 18:21:14,109 - utils.logger2025-12-18-18.20.10 - INFO - Cur epoch 24 loss TA:0.5418 TV:0.5543 VA:1.1292 CE:0.3248
2025-12-18 18:21:14,702 - utils.logger2025-12-18-18.20.10 - INFO - Cur epoch 24 loss TA:0.5616 TV:0.5699 VA:1.1332 CE:0.2995
2025-12-18 18:21:14,873 - utils.logger2025-12-18-18.20.10 - INFO - saving the model at the end of epoch 24, iters 672
2025-12-18 18:21:14,956 - utils.logger2025-12-18-18.20.10 - INFO - End of training epoch 24 / 40 	 Time Taken: 1 sec
2025-12-18 18:21:14,956 - utils.logger2025-12-18-18.20.10 - INFO - learning rate = 0.0002000
2025-12-18 18:21:15,337 - utils.logger2025-12-18-18.20.10 - INFO - Val result of epoch 24 / 40 acc 0.7946 MAE 0.6244 f1 0.8099
2025-12-18 18:21:15,654 - utils.logger2025-12-18-18.20.10 - INFO - Tst result of epoch 24 / 40 acc 0.7946 MAE 0.6244 f1 0.8099
2025-12-18 18:21:16,240 - utils.logger2025-12-18-18.20.10 - INFO - Cur epoch 25 loss TA:0.5589 TV:0.5589 VA:1.1365 CE:0.3722
2025-12-18 18:21:16,820 - utils.logger2025-12-18-18.20.10 - INFO - Cur epoch 25 loss TA:0.5044 TV:0.5180 VA:1.0441 CE:0.3816
2025-12-18 18:21:17,376 - utils.logger2025-12-18-18.20.10 - INFO - Cur epoch 25 loss TA:0.2317 TV:0.2304 VA:0.4682 CE:0.2141
2025-12-18 18:21:17,440 - utils.logger2025-12-18-18.20.10 - INFO - saving the model at the end of epoch 25, iters 700
2025-12-18 18:21:17,522 - utils.logger2025-12-18-18.20.10 - INFO - End of training epoch 25 / 40 	 Time Taken: 1 sec
2025-12-18 18:21:17,522 - utils.logger2025-12-18-18.20.10 - INFO - learning rate = 0.0002000
2025-12-18 18:21:17,956 - utils.logger2025-12-18-18.20.10 - INFO - Val result of epoch 25 / 40 acc 0.7768 MAE 0.6375 f1 0.7862
2025-12-18 18:21:18,259 - utils.logger2025-12-18-18.20.10 - INFO - Tst result of epoch 25 / 40 acc 0.7768 MAE 0.6375 f1 0.7862
2025-12-18 18:21:19,113 - utils.logger2025-12-18-18.20.10 - INFO - Cur epoch 26 loss TA:0.5461 TV:0.5638 VA:1.0620 CE:0.2320
2025-12-18 18:21:19,687 - utils.logger2025-12-18-18.20.10 - INFO - Cur epoch 26 loss TA:0.5557 TV:0.5520 VA:1.1482 CE:0.2621
2025-12-18 18:21:20,209 - utils.logger2025-12-18-18.20.10 - INFO - saving the model at the end of epoch 26, iters 728
2025-12-18 18:21:20,283 - utils.logger2025-12-18-18.20.10 - INFO - End of training epoch 26 / 40 	 Time Taken: 2 sec
2025-12-18 18:21:20,284 - utils.logger2025-12-18-18.20.10 - INFO - learning rate = 0.0002000
2025-12-18 18:21:20,607 - utils.logger2025-12-18-18.20.10 - INFO - Val result of epoch 26 / 40 acc 0.7679 MAE 0.6307 f1 0.7784
2025-12-18 18:21:20,920 - utils.logger2025-12-18-18.20.10 - INFO - Tst result of epoch 26 / 40 acc 0.7679 MAE 0.6307 f1 0.7784
2025-12-18 18:21:21,234 - utils.logger2025-12-18-18.20.10 - INFO - Cur epoch 27 loss TA:0.5592 TV:0.5651 VA:1.0618 CE:0.2885
2025-12-18 18:21:21,839 - utils.logger2025-12-18-18.20.10 - INFO - Cur epoch 27 loss TA:0.5349 TV:0.5330 VA:1.0409 CE:0.3000
2025-12-18 18:21:22,419 - utils.logger2025-12-18-18.20.10 - INFO - Cur epoch 27 loss TA:0.5462 TV:0.5536 VA:1.0475 CE:0.3858
2025-12-18 18:21:22,847 - utils.logger2025-12-18-18.20.10 - INFO - saving the model at the end of epoch 27, iters 756
2025-12-18 18:21:22,932 - utils.logger2025-12-18-18.20.10 - INFO - End of training epoch 27 / 40 	 Time Taken: 2 sec
2025-12-18 18:21:22,932 - utils.logger2025-12-18-18.20.10 - INFO - learning rate = 0.0002000
2025-12-18 18:21:23,255 - utils.logger2025-12-18-18.20.10 - INFO - Val result of epoch 27 / 40 acc 0.7902 MAE 0.6406 f1 0.8006
2025-12-18 18:21:23,539 - utils.logger2025-12-18-18.20.10 - INFO - Tst result of epoch 27 / 40 acc 0.7902 MAE 0.6406 f1 0.8006
2025-12-18 18:21:24,000 - utils.logger2025-12-18-18.20.10 - INFO - Cur epoch 28 loss TA:0.5170 TV:0.5178 VA:1.0313 CE:0.2358
2025-12-18 18:21:24,630 - utils.logger2025-12-18-18.20.10 - INFO - Cur epoch 28 loss TA:0.5249 TV:0.5359 VA:1.0866 CE:0.2448
2025-12-18 18:21:25,226 - utils.logger2025-12-18-18.20.10 - INFO - Cur epoch 28 loss TA:0.5624 TV:0.5782 VA:1.1194 CE:0.2291
2025-12-18 18:21:25,498 - utils.logger2025-12-18-18.20.10 - INFO - saving the model at the end of epoch 28, iters 784
2025-12-18 18:21:25,565 - utils.logger2025-12-18-18.20.10 - INFO - End of training epoch 28 / 40 	 Time Taken: 2 sec
2025-12-18 18:21:25,565 - utils.logger2025-12-18-18.20.10 - INFO - learning rate = 0.0002000
2025-12-18 18:21:25,875 - utils.logger2025-12-18-18.20.10 - INFO - Val result of epoch 28 / 40 acc 0.7768 MAE 0.6313 f1 0.7907
2025-12-18 18:21:26,155 - utils.logger2025-12-18-18.20.10 - INFO - Tst result of epoch 28 / 40 acc 0.7768 MAE 0.6313 f1 0.7907
2025-12-18 18:21:26,735 - utils.logger2025-12-18-18.20.10 - INFO - Cur epoch 29 loss TA:0.5081 TV:0.5198 VA:1.0183 CE:0.3288
2025-12-18 18:21:27,330 - utils.logger2025-12-18-18.20.10 - INFO - Cur epoch 29 loss TA:0.5308 TV:0.5320 VA:1.0909 CE:0.2934
2025-12-18 18:21:27,906 - utils.logger2025-12-18-18.20.10 - INFO - Cur epoch 29 loss TA:0.5221 TV:0.5285 VA:1.0538 CE:0.2831
2025-12-18 18:21:28,078 - utils.logger2025-12-18-18.20.10 - INFO - saving the model at the end of epoch 29, iters 812
2025-12-18 18:21:28,156 - utils.logger2025-12-18-18.20.10 - INFO - End of training epoch 29 / 40 	 Time Taken: 2 sec
2025-12-18 18:21:28,156 - utils.logger2025-12-18-18.20.10 - INFO - learning rate = 0.0002000
2025-12-18 18:21:28,454 - utils.logger2025-12-18-18.20.10 - INFO - Val result of epoch 29 / 40 acc 0.7902 MAE 0.6380 f1 0.8047
2025-12-18 18:21:28,741 - utils.logger2025-12-18-18.20.10 - INFO - Tst result of epoch 29 / 40 acc 0.7902 MAE 0.6380 f1 0.8047
2025-12-18 18:21:29,425 - utils.logger2025-12-18-18.20.10 - INFO - Cur epoch 30 loss TA:0.5325 TV:0.5214 VA:1.0605 CE:0.1638
2025-12-18 18:21:30,007 - utils.logger2025-12-18-18.20.10 - INFO - Cur epoch 30 loss TA:0.5098 TV:0.5221 VA:1.0008 CE:0.2494
2025-12-18 18:21:30,579 - utils.logger2025-12-18-18.20.10 - INFO - Cur epoch 30 loss TA:0.2536 TV:0.2695 VA:0.5020 CE:0.2204
2025-12-18 18:21:30,623 - utils.logger2025-12-18-18.20.10 - INFO - saving the model at the end of epoch 30, iters 840
2025-12-18 18:21:30,710 - utils.logger2025-12-18-18.20.10 - INFO - End of training epoch 30 / 40 	 Time Taken: 1 sec
2025-12-18 18:21:30,710 - utils.logger2025-12-18-18.20.10 - INFO - learning rate = 0.0001818
2025-12-18 18:21:31,237 - utils.logger2025-12-18-18.20.10 - INFO - Val result of epoch 30 / 40 acc 0.7991 MAE 0.6449 f1 0.8093
2025-12-18 18:21:31,547 - utils.logger2025-12-18-18.20.10 - INFO - Tst result of epoch 30 / 40 acc 0.7991 MAE 0.6449 f1 0.8093
2025-12-18 18:21:32,418 - utils.logger2025-12-18-18.20.10 - INFO - Cur epoch 31 loss TA:0.4949 TV:0.4925 VA:1.0126 CE:0.2308
2025-12-18 18:21:32,956 - utils.logger2025-12-18-18.20.10 - INFO - Cur epoch 31 loss TA:0.4976 TV:0.4949 VA:1.0075 CE:0.2467
2025-12-18 18:21:33,464 - utils.logger2025-12-18-18.20.10 - INFO - saving the model at the end of epoch 31, iters 868
2025-12-18 18:21:33,553 - utils.logger2025-12-18-18.20.10 - INFO - End of training epoch 31 / 40 	 Time Taken: 2 sec
2025-12-18 18:21:33,553 - utils.logger2025-12-18-18.20.10 - INFO - learning rate = 0.0001636
2025-12-18 18:21:33,877 - utils.logger2025-12-18-18.20.10 - INFO - Val result of epoch 31 / 40 acc 0.7902 MAE 0.6448 f1 0.8000
2025-12-18 18:21:34,200 - utils.logger2025-12-18-18.20.10 - INFO - Tst result of epoch 31 / 40 acc 0.7902 MAE 0.6448 f1 0.8000
2025-12-18 18:21:34,508 - utils.logger2025-12-18-18.20.10 - INFO - Cur epoch 32 loss TA:0.4978 TV:0.5119 VA:1.0032 CE:0.1600
2025-12-18 18:21:35,084 - utils.logger2025-12-18-18.20.10 - INFO - Cur epoch 32 loss TA:0.4906 TV:0.4937 VA:1.0086 CE:0.2952
2025-12-18 18:21:35,663 - utils.logger2025-12-18-18.20.10 - INFO - Cur epoch 32 loss TA:0.5445 TV:0.5578 VA:1.0878 CE:0.2482
2025-12-18 18:21:36,105 - utils.logger2025-12-18-18.20.10 - INFO - saving the model at the end of epoch 32, iters 896
2025-12-18 18:21:36,194 - utils.logger2025-12-18-18.20.10 - INFO - End of training epoch 32 / 40 	 Time Taken: 1 sec
2025-12-18 18:21:36,194 - utils.logger2025-12-18-18.20.10 - INFO - learning rate = 0.0001455
2025-12-18 18:21:36,751 - utils.logger2025-12-18-18.20.10 - INFO - Val result of epoch 32 / 40 acc 0.8036 MAE 0.6543 f1 0.8141
2025-12-18 18:21:37,084 - utils.logger2025-12-18-18.20.10 - INFO - Tst result of epoch 32 / 40 acc 0.8036 MAE 0.6543 f1 0.8141
2025-12-18 18:21:37,563 - utils.logger2025-12-18-18.20.10 - INFO - Cur epoch 33 loss TA:0.4950 TV:0.4991 VA:1.0018 CE:0.3182
2025-12-18 18:21:38,171 - utils.logger2025-12-18-18.20.10 - INFO - Cur epoch 33 loss TA:0.5089 TV:0.5164 VA:0.9961 CE:0.1777
2025-12-18 18:21:38,720 - utils.logger2025-12-18-18.20.10 - INFO - Cur epoch 33 loss TA:0.5233 TV:0.5147 VA:1.0087 CE:0.2354
2025-12-18 18:21:38,986 - utils.logger2025-12-18-18.20.10 - INFO - saving the model at the end of epoch 33, iters 924
2025-12-18 18:21:39,069 - utils.logger2025-12-18-18.20.10 - INFO - End of training epoch 33 / 40 	 Time Taken: 1 sec
2025-12-18 18:21:39,069 - utils.logger2025-12-18-18.20.10 - INFO - learning rate = 0.0001273
2025-12-18 18:21:39,553 - utils.logger2025-12-18-18.20.10 - INFO - Val result of epoch 33 / 40 acc 0.8036 MAE 0.6595 f1 0.8140
2025-12-18 18:21:40,076 - utils.logger2025-12-18-18.20.10 - INFO - Tst result of epoch 33 / 40 acc 0.8036 MAE 0.6595 f1 0.8140
2025-12-18 18:21:40,781 - utils.logger2025-12-18-18.20.10 - INFO - Cur epoch 34 loss TA:0.5234 TV:0.5275 VA:1.0279 CE:0.1431
2025-12-18 18:21:41,361 - utils.logger2025-12-18-18.20.10 - INFO - Cur epoch 34 loss TA:0.5074 TV:0.5131 VA:1.0017 CE:0.2365
2025-12-18 18:21:41,949 - utils.logger2025-12-18-18.20.10 - INFO - Cur epoch 34 loss TA:0.4993 TV:0.4967 VA:0.9517 CE:0.2031
2025-12-18 18:21:42,102 - utils.logger2025-12-18-18.20.10 - INFO - saving the model at the end of epoch 34, iters 952
2025-12-18 18:21:42,186 - utils.logger2025-12-18-18.20.10 - INFO - End of training epoch 34 / 40 	 Time Taken: 2 sec
2025-12-18 18:21:42,187 - utils.logger2025-12-18-18.20.10 - INFO - learning rate = 0.0001091
2025-12-18 18:21:42,502 - utils.logger2025-12-18-18.20.10 - INFO - Val result of epoch 34 / 40 acc 0.7768 MAE 0.6499 f1 0.7909
2025-12-18 18:21:42,782 - utils.logger2025-12-18-18.20.10 - INFO - Tst result of epoch 34 / 40 acc 0.7768 MAE 0.6499 f1 0.7909
2025-12-18 18:21:43,450 - utils.logger2025-12-18-18.20.10 - INFO - Cur epoch 35 loss TA:0.4976 TV:0.5075 VA:1.0044 CE:0.1763
2025-12-18 18:21:43,950 - utils.logger2025-12-18-18.20.10 - INFO - Cur epoch 35 loss TA:0.4887 TV:0.5006 VA:0.9876 CE:0.2034
2025-12-18 18:21:44,426 - utils.logger2025-12-18-18.20.10 - INFO - Cur epoch 35 loss TA:0.1861 TV:0.1858 VA:0.3455 CE:0.2269
2025-12-18 18:21:44,489 - utils.logger2025-12-18-18.20.10 - INFO - saving the model at the end of epoch 35, iters 980
2025-12-18 18:21:44,576 - utils.logger2025-12-18-18.20.10 - INFO - End of training epoch 35 / 40 	 Time Taken: 1 sec
2025-12-18 18:21:44,577 - utils.logger2025-12-18-18.20.10 - INFO - learning rate = 0.0000909
2025-12-18 18:21:44,967 - utils.logger2025-12-18-18.20.10 - INFO - Val result of epoch 35 / 40 acc 0.7857 MAE 0.6568 f1 0.7953
2025-12-18 18:21:45,244 - utils.logger2025-12-18-18.20.10 - INFO - Tst result of epoch 35 / 40 acc 0.7857 MAE 0.6568 f1 0.7953
2025-12-18 18:21:46,062 - utils.logger2025-12-18-18.20.10 - INFO - Cur epoch 36 loss TA:0.4695 TV:0.4847 VA:0.9711 CE:0.1632
2025-12-18 18:21:46,613 - utils.logger2025-12-18-18.20.10 - INFO - Cur epoch 36 loss TA:0.4936 TV:0.5036 VA:0.9830 CE:0.2264
2025-12-18 18:21:47,120 - utils.logger2025-12-18-18.20.10 - INFO - saving the model at the end of epoch 36, iters 1008
2025-12-18 18:21:47,207 - utils.logger2025-12-18-18.20.10 - INFO - End of training epoch 36 / 40 	 Time Taken: 1 sec
2025-12-18 18:21:47,207 - utils.logger2025-12-18-18.20.10 - INFO - learning rate = 0.0000727
2025-12-18 18:21:47,744 - utils.logger2025-12-18-18.20.10 - INFO - Val result of epoch 36 / 40 acc 0.7857 MAE 0.6446 f1 0.7962
2025-12-18 18:21:48,079 - utils.logger2025-12-18-18.20.10 - INFO - Tst result of epoch 36 / 40 acc 0.7857 MAE 0.6446 f1 0.7962
2025-12-18 18:21:48,362 - utils.logger2025-12-18-18.20.10 - INFO - Cur epoch 37 loss TA:0.4980 TV:0.5044 VA:1.0035 CE:0.2360
2025-12-18 18:21:48,834 - utils.logger2025-12-18-18.20.10 - INFO - Cur epoch 37 loss TA:0.4771 TV:0.4802 VA:0.9470 CE:0.2357
2025-12-18 18:21:49,350 - utils.logger2025-12-18-18.20.10 - INFO - Cur epoch 37 loss TA:0.5054 TV:0.4931 VA:1.0035 CE:0.2529
2025-12-18 18:21:49,724 - utils.logger2025-12-18-18.20.10 - INFO - saving the model at the end of epoch 37, iters 1036
2025-12-18 18:21:49,793 - utils.logger2025-12-18-18.20.10 - INFO - End of training epoch 37 / 40 	 Time Taken: 1 sec
2025-12-18 18:21:49,793 - utils.logger2025-12-18-18.20.10 - INFO - learning rate = 0.0000545
2025-12-18 18:21:50,361 - utils.logger2025-12-18-18.20.10 - INFO - Val result of epoch 37 / 40 acc 0.7902 MAE 0.6465 f1 0.8000
2025-12-18 18:21:50,709 - utils.logger2025-12-18-18.20.10 - INFO - Tst result of epoch 37 / 40 acc 0.7902 MAE 0.6465 f1 0.8000
2025-12-18 18:21:51,437 - utils.logger2025-12-18-18.20.10 - INFO - Cur epoch 38 loss TA:0.4740 TV:0.4851 VA:0.9788 CE:0.1754
2025-12-18 18:21:52,024 - utils.logger2025-12-18-18.20.10 - INFO - Cur epoch 38 loss TA:0.4740 TV:0.4949 VA:0.9424 CE:0.1965
2025-12-18 18:21:52,562 - utils.logger2025-12-18-18.20.10 - INFO - Cur epoch 38 loss TA:0.4802 TV:0.4870 VA:0.9772 CE:0.1651
2025-12-18 18:21:52,858 - utils.logger2025-12-18-18.20.10 - INFO - saving the model at the end of epoch 38, iters 1064
2025-12-18 18:21:52,936 - utils.logger2025-12-18-18.20.10 - INFO - End of training epoch 38 / 40 	 Time Taken: 2 sec
2025-12-18 18:21:52,937 - utils.logger2025-12-18-18.20.10 - INFO - learning rate = 0.0000364
2025-12-18 18:21:53,220 - utils.logger2025-12-18-18.20.10 - INFO - Val result of epoch 38 / 40 acc 0.7991 MAE 0.6544 f1 0.8093
2025-12-18 18:21:53,507 - utils.logger2025-12-18-18.20.10 - INFO - Tst result of epoch 38 / 40 acc 0.7991 MAE 0.6544 f1 0.8093
2025-12-18 18:21:54,067 - utils.logger2025-12-18-18.20.10 - INFO - Cur epoch 39 loss TA:0.5166 TV:0.5111 VA:0.9950 CE:0.1338
2025-12-18 18:21:54,623 - utils.logger2025-12-18-18.20.10 - INFO - Cur epoch 39 loss TA:0.5005 TV:0.5010 VA:1.0165 CE:0.1408
2025-12-18 18:21:55,188 - utils.logger2025-12-18-18.20.10 - INFO - Cur epoch 39 loss TA:0.5124 TV:0.5301 VA:1.0464 CE:0.1622
2025-12-18 18:21:55,359 - utils.logger2025-12-18-18.20.10 - INFO - saving the model at the end of epoch 39, iters 1092
2025-12-18 18:21:55,436 - utils.logger2025-12-18-18.20.10 - INFO - End of training epoch 39 / 40 	 Time Taken: 1 sec
2025-12-18 18:21:55,436 - utils.logger2025-12-18-18.20.10 - INFO - learning rate = 0.0000182
2025-12-18 18:21:55,917 - utils.logger2025-12-18-18.20.10 - INFO - Val result of epoch 39 / 40 acc 0.8036 MAE 0.6579 f1 0.8140
2025-12-18 18:21:56,383 - utils.logger2025-12-18-18.20.10 - INFO - Tst result of epoch 39 / 40 acc 0.8036 MAE 0.6579 f1 0.8140
2025-12-18 18:21:57,034 - utils.logger2025-12-18-18.20.10 - INFO - Cur epoch 40 loss TA:0.4841 TV:0.4917 VA:0.9750 CE:0.1960
2025-12-18 18:21:57,472 - utils.logger2025-12-18-18.20.10 - INFO - Cur epoch 40 loss TA:0.4883 TV:0.4973 VA:0.9942 CE:0.1136
2025-12-18 18:21:57,907 - utils.logger2025-12-18-18.20.10 - INFO - Cur epoch 40 loss TA:0.2068 TV:0.2079 VA:0.4387 CE:0.1166
2025-12-18 18:21:57,971 - utils.logger2025-12-18-18.20.10 - INFO - saving the model at the end of epoch 40, iters 1120
2025-12-18 18:21:58,040 - utils.logger2025-12-18-18.20.10 - INFO - End of training epoch 40 / 40 	 Time Taken: 1 sec
2025-12-18 18:21:58,040 - utils.logger2025-12-18-18.20.10 - INFO - learning rate = 0.0000000
2025-12-18 18:21:58,342 - utils.logger2025-12-18-18.20.10 - INFO - Val result of epoch 40 / 40 acc 0.7991 MAE 0.6566 f1 0.8094
2025-12-18 18:21:58,612 - utils.logger2025-12-18-18.20.10 - INFO - Tst result of epoch 40 / 40 acc 0.7991 MAE 0.6566 f1 0.8094
2025-12-18 18:21:58,612 - utils.logger2025-12-18-18.20.10 - INFO - Best eval epoch 32 found with f1 0.814074
