2025-12-27 12:16:13,646 - utils.logger2025-12-27-12.16.04 - INFO - The number of training samples = 4500
2025-12-27 12:16:13,646 - utils.logger2025-12-27-12.16.04 - INFO - The number of testing samples = 3168
2025-12-27 12:16:18,963 - utils.logger2025-12-27-12.16.04 - INFO - Cur epoch 1 loss CE:1.1887 mse:0.0197 consistent:0.0000
2025-12-27 12:16:21,028 - utils.logger2025-12-27-12.16.04 - INFO - saving the model at the end of epoch 1, iters 141
2025-12-27 12:16:21,128 - utils.logger2025-12-27-12.16.04 - INFO - End of training epoch 1 / 40 	 Time Taken: 7 sec
2025-12-27 12:16:21,128 - utils.logger2025-12-27-12.16.04 - INFO - learning rate = 0.0002000
2025-12-27 12:16:22,340 - utils.logger2025-12-27-12.16.04 - INFO - Val result of epoch 1 / 40 acc 0.5484 uar 0.5544 f1 0.5538
2025-12-27 12:16:23,557 - utils.logger2025-12-27-12.16.04 - INFO - Tst result of epoch 1 / 40 acc 0.5931 uar 0.5826 f1 0.5500
2025-12-27 12:16:26,264 - utils.logger2025-12-27-12.16.04 - INFO - Cur epoch 2 loss CE:0.9327 mse:0.0174 consistent:0.0000
2025-12-27 12:16:30,285 - utils.logger2025-12-27-12.16.04 - INFO - saving the model at the end of epoch 2, iters 282
2025-12-27 12:16:30,398 - utils.logger2025-12-27-12.16.04 - INFO - End of training epoch 2 / 40 	 Time Taken: 6 sec
2025-12-27 12:16:30,398 - utils.logger2025-12-27-12.16.04 - INFO - learning rate = 0.0002000
2025-12-27 12:16:31,564 - utils.logger2025-12-27-12.16.04 - INFO - Val result of epoch 2 / 40 acc 0.5533 uar 0.5028 f1 0.5265
2025-12-27 12:16:32,775 - utils.logger2025-12-27-12.16.04 - INFO - Tst result of epoch 2 / 40 acc 0.5707 uar 0.5709 f1 0.5477
2025-12-27 12:16:33,594 - utils.logger2025-12-27-12.16.04 - INFO - Cur epoch 3 loss CE:1.0976 mse:0.0138 consistent:0.0000
2025-12-27 12:16:38,582 - utils.logger2025-12-27-12.16.04 - INFO - Cur epoch 3 loss CE:0.9621 mse:0.0134 consistent:0.0000
2025-12-27 12:16:39,749 - utils.logger2025-12-27-12.16.04 - INFO - saving the model at the end of epoch 3, iters 423
2025-12-27 12:16:39,890 - utils.logger2025-12-27-12.16.04 - INFO - End of training epoch 3 / 40 	 Time Taken: 7 sec
2025-12-27 12:16:39,890 - utils.logger2025-12-27-12.16.04 - INFO - learning rate = 0.0002000
2025-12-27 12:16:41,166 - utils.logger2025-12-27-12.16.04 - INFO - Val result of epoch 3 / 40 acc 0.5620 uar 0.5447 f1 0.5563
2025-12-27 12:16:42,341 - utils.logger2025-12-27-12.16.04 - INFO - Tst result of epoch 3 / 40 acc 0.5890 uar 0.6080 f1 0.5648
2025-12-27 12:16:45,992 - utils.logger2025-12-27-12.16.04 - INFO - Cur epoch 4 loss CE:0.6949 mse:0.0102 consistent:0.0000
2025-12-27 12:16:49,147 - utils.logger2025-12-27-12.16.04 - INFO - saving the model at the end of epoch 4, iters 564
2025-12-27 12:16:49,280 - utils.logger2025-12-27-12.16.04 - INFO - End of training epoch 4 / 40 	 Time Taken: 6 sec
2025-12-27 12:16:49,281 - utils.logger2025-12-27-12.16.04 - INFO - learning rate = 0.0002000
2025-12-27 12:16:50,772 - utils.logger2025-12-27-12.16.04 - INFO - Val result of epoch 4 / 40 acc 0.5666 uar 0.5655 f1 0.5764
2025-12-27 12:16:52,196 - utils.logger2025-12-27-12.16.04 - INFO - Tst result of epoch 4 / 40 acc 0.6307 uar 0.6105 f1 0.5932
2025-12-27 12:16:53,845 - utils.logger2025-12-27-12.16.04 - INFO - Cur epoch 5 loss CE:0.8742 mse:0.0113 consistent:0.0000
2025-12-27 12:16:58,729 - utils.logger2025-12-27-12.16.04 - INFO - Cur epoch 5 loss CE:0.9210 mse:0.0103 consistent:0.0000
2025-12-27 12:16:58,972 - utils.logger2025-12-27-12.16.04 - INFO - saving the model at the end of epoch 5, iters 705
2025-12-27 12:16:59,072 - utils.logger2025-12-27-12.16.04 - INFO - End of training epoch 5 / 40 	 Time Taken: 6 sec
2025-12-27 12:16:59,072 - utils.logger2025-12-27-12.16.04 - INFO - learning rate = 0.0002000
2025-12-27 12:17:00,246 - utils.logger2025-12-27-12.16.04 - INFO - Val result of epoch 5 / 40 acc 0.5683 uar 0.5675 f1 0.5697
2025-12-27 12:17:01,473 - utils.logger2025-12-27-12.16.04 - INFO - Tst result of epoch 5 / 40 acc 0.6414 uar 0.6244 f1 0.6058
2025-12-27 12:17:05,941 - utils.logger2025-12-27-12.16.04 - INFO - Cur epoch 6 loss CE:0.6500 mse:0.0096 consistent:0.0000
2025-12-27 12:17:08,180 - utils.logger2025-12-27-12.16.04 - INFO - saving the model at the end of epoch 6, iters 846
2025-12-27 12:17:08,279 - utils.logger2025-12-27-12.16.04 - INFO - End of training epoch 6 / 40 	 Time Taken: 6 sec
2025-12-27 12:17:08,279 - utils.logger2025-12-27-12.16.04 - INFO - learning rate = 0.0002000
2025-12-27 12:17:09,484 - utils.logger2025-12-27-12.16.04 - INFO - Val result of epoch 6 / 40 acc 0.5716 uar 0.5760 f1 0.5818
2025-12-27 12:17:10,676 - utils.logger2025-12-27-12.16.04 - INFO - Tst result of epoch 6 / 40 acc 0.6544 uar 0.6378 f1 0.6249
2025-12-27 12:17:13,127 - utils.logger2025-12-27-12.16.04 - INFO - Cur epoch 7 loss CE:0.9445 mse:0.0126 consistent:0.0000
2025-12-27 12:17:17,393 - utils.logger2025-12-27-12.16.04 - INFO - saving the model at the end of epoch 7, iters 987
2025-12-27 12:17:17,497 - utils.logger2025-12-27-12.16.04 - INFO - End of training epoch 7 / 40 	 Time Taken: 6 sec
2025-12-27 12:17:17,497 - utils.logger2025-12-27-12.16.04 - INFO - learning rate = 0.0002000
2025-12-27 12:17:18,694 - utils.logger2025-12-27-12.16.04 - INFO - Val result of epoch 7 / 40 acc 0.5868 uar 0.5954 f1 0.5944
2025-12-27 12:17:19,920 - utils.logger2025-12-27-12.16.04 - INFO - Tst result of epoch 7 / 40 acc 0.6477 uar 0.6417 f1 0.6173
2025-12-27 12:17:20,448 - utils.logger2025-12-27-12.16.04 - INFO - Cur epoch 8 loss CE:0.6312 mse:0.0081 consistent:0.0000
2025-12-27 12:17:25,286 - utils.logger2025-12-27-12.16.04 - INFO - Cur epoch 8 loss CE:0.8573 mse:0.0105 consistent:0.0000
2025-12-27 12:17:26,548 - utils.logger2025-12-27-12.16.04 - INFO - saving the model at the end of epoch 8, iters 1128
2025-12-27 12:17:26,642 - utils.logger2025-12-27-12.16.04 - INFO - End of training epoch 8 / 40 	 Time Taken: 6 sec
2025-12-27 12:17:26,642 - utils.logger2025-12-27-12.16.04 - INFO - learning rate = 0.0002000
2025-12-27 12:17:27,830 - utils.logger2025-12-27-12.16.04 - INFO - Val result of epoch 8 / 40 acc 0.5533 uar 0.5340 f1 0.5539
2025-12-27 12:17:29,014 - utils.logger2025-12-27-12.16.04 - INFO - Tst result of epoch 8 / 40 acc 0.6345 uar 0.6126 f1 0.6023
2025-12-27 12:17:32,360 - utils.logger2025-12-27-12.16.04 - INFO - Cur epoch 9 loss CE:0.6742 mse:0.0118 consistent:0.0000
2025-12-27 12:17:35,769 - utils.logger2025-12-27-12.16.04 - INFO - saving the model at the end of epoch 9, iters 1269
2025-12-27 12:17:35,871 - utils.logger2025-12-27-12.16.04 - INFO - End of training epoch 9 / 40 	 Time Taken: 6 sec
2025-12-27 12:17:35,871 - utils.logger2025-12-27-12.16.04 - INFO - learning rate = 0.0002000
2025-12-27 12:17:37,037 - utils.logger2025-12-27-12.16.04 - INFO - Val result of epoch 9 / 40 acc 0.5742 uar 0.5332 f1 0.5589
2025-12-27 12:17:38,238 - utils.logger2025-12-27-12.16.04 - INFO - Tst result of epoch 9 / 40 acc 0.5827 uar 0.5718 f1 0.5621
2025-12-27 12:17:39,651 - utils.logger2025-12-27-12.16.04 - INFO - Cur epoch 10 loss CE:0.5862 mse:0.0138 consistent:0.0000
2025-12-27 12:17:44,656 - utils.logger2025-12-27-12.16.04 - INFO - Cur epoch 10 loss CE:0.7314 mse:0.0085 consistent:0.0000
2025-12-27 12:17:45,170 - utils.logger2025-12-27-12.16.04 - INFO - saving the model at the end of epoch 10, iters 1410
2025-12-27 12:17:45,291 - utils.logger2025-12-27-12.16.04 - INFO - End of training epoch 10 / 40 	 Time Taken: 7 sec
2025-12-27 12:17:45,292 - utils.logger2025-12-27-12.16.04 - INFO - learning rate = 0.0002000
2025-12-27 12:17:46,521 - utils.logger2025-12-27-12.16.04 - INFO - Val result of epoch 10 / 40 acc 0.5633 uar 0.5683 f1 0.5746
2025-12-27 12:17:47,727 - utils.logger2025-12-27-12.16.04 - INFO - Tst result of epoch 10 / 40 acc 0.6420 uar 0.6270 f1 0.6103
2025-12-27 12:17:52,032 - utils.logger2025-12-27-12.16.04 - INFO - Cur epoch 11 loss CE:0.7446 mse:0.0111 consistent:0.0000
2025-12-27 12:17:54,528 - utils.logger2025-12-27-12.16.04 - INFO - saving the model at the end of epoch 11, iters 1551
2025-12-27 12:17:54,631 - utils.logger2025-12-27-12.16.04 - INFO - End of training epoch 11 / 40 	 Time Taken: 6 sec
2025-12-27 12:17:54,631 - utils.logger2025-12-27-12.16.04 - INFO - learning rate = 0.0002000
2025-12-27 12:17:55,818 - utils.logger2025-12-27-12.16.04 - INFO - Val result of epoch 11 / 40 acc 0.5686 uar 0.5740 f1 0.5786
2025-12-27 12:17:56,989 - utils.logger2025-12-27-12.16.04 - INFO - Tst result of epoch 11 / 40 acc 0.6610 uar 0.6439 f1 0.6259
2025-12-27 12:17:58,611 - utils.logger2025-12-27-12.16.04 - INFO - Cur epoch 12 loss CE:0.7905 mse:0.0098 consistent:0.0000
2025-12-27 12:18:01,757 - utils.logger2025-12-27-12.16.04 - INFO - saving the model at the end of epoch 12, iters 1692
2025-12-27 12:18:01,855 - utils.logger2025-12-27-12.16.04 - INFO - End of training epoch 12 / 40 	 Time Taken: 4 sec
2025-12-27 12:18:01,855 - utils.logger2025-12-27-12.16.04 - INFO - learning rate = 0.0002000
2025-12-27 12:18:03,013 - utils.logger2025-12-27-12.16.04 - INFO - Val result of epoch 12 / 40 acc 0.5547 uar 0.5615 f1 0.5676
2025-12-27 12:18:04,226 - utils.logger2025-12-27-12.16.04 - INFO - Tst result of epoch 12 / 40 acc 0.6411 uar 0.6129 f1 0.6061
2025-12-27 12:18:04,562 - utils.logger2025-12-27-12.16.04 - INFO - Cur epoch 13 loss CE:0.6461 mse:0.0086 consistent:0.0000
2025-12-27 12:18:09,231 - utils.logger2025-12-27-12.16.04 - INFO - Cur epoch 13 loss CE:0.7151 mse:0.0094 consistent:0.0000
2025-12-27 12:18:10,862 - utils.logger2025-12-27-12.16.04 - INFO - saving the model at the end of epoch 13, iters 1833
2025-12-27 12:18:10,958 - utils.logger2025-12-27-12.16.04 - INFO - End of training epoch 13 / 40 	 Time Taken: 6 sec
2025-12-27 12:18:10,958 - utils.logger2025-12-27-12.16.04 - INFO - learning rate = 0.0002000
2025-12-27 12:18:12,139 - utils.logger2025-12-27-12.16.04 - INFO - Val result of epoch 13 / 40 acc 0.5580 uar 0.5414 f1 0.5630
2025-12-27 12:18:13,363 - utils.logger2025-12-27-12.16.04 - INFO - Tst result of epoch 13 / 40 acc 0.6051 uar 0.5885 f1 0.5808
2025-12-27 12:18:15,684 - utils.logger2025-12-27-12.16.04 - INFO - Cur epoch 14 loss CE:0.3640 mse:0.0082 consistent:0.0000
2025-12-27 12:18:18,283 - utils.logger2025-12-27-12.16.04 - INFO - saving the model at the end of epoch 14, iters 1974
2025-12-27 12:18:18,374 - utils.logger2025-12-27-12.16.04 - INFO - End of training epoch 14 / 40 	 Time Taken: 5 sec
2025-12-27 12:18:18,374 - utils.logger2025-12-27-12.16.04 - INFO - learning rate = 0.0002000
2025-12-27 12:18:19,506 - utils.logger2025-12-27-12.16.04 - INFO - Val result of epoch 14 / 40 acc 0.5732 uar 0.5471 f1 0.5708
2025-12-27 12:18:20,705 - utils.logger2025-12-27-12.16.04 - INFO - Tst result of epoch 14 / 40 acc 0.6446 uar 0.6221 f1 0.6137
2025-12-27 12:18:21,844 - utils.logger2025-12-27-12.16.04 - INFO - Cur epoch 15 loss CE:0.3688 mse:0.0085 consistent:0.0000
2025-12-27 12:18:26,791 - utils.logger2025-12-27-12.16.04 - INFO - Cur epoch 15 loss CE:0.4310 mse:0.0093 consistent:0.0000
2025-12-27 12:18:27,524 - utils.logger2025-12-27-12.16.04 - INFO - saving the model at the end of epoch 15, iters 2115
2025-12-27 12:18:27,624 - utils.logger2025-12-27-12.16.04 - INFO - End of training epoch 15 / 40 	 Time Taken: 6 sec
2025-12-27 12:18:27,624 - utils.logger2025-12-27-12.16.04 - INFO - learning rate = 0.0002000
2025-12-27 12:18:28,782 - utils.logger2025-12-27-12.16.04 - INFO - Val result of epoch 15 / 40 acc 0.5643 uar 0.5754 f1 0.5694
2025-12-27 12:18:29,973 - utils.logger2025-12-27-12.16.04 - INFO - Tst result of epoch 15 / 40 acc 0.6503 uar 0.6340 f1 0.6172
2025-12-27 12:18:33,781 - utils.logger2025-12-27-12.16.04 - INFO - Cur epoch 16 loss CE:0.6107 mse:0.0084 consistent:0.0000
2025-12-27 12:18:36,367 - utils.logger2025-12-27-12.16.04 - INFO - saving the model at the end of epoch 16, iters 2256
2025-12-27 12:18:36,470 - utils.logger2025-12-27-12.16.04 - INFO - End of training epoch 16 / 40 	 Time Taken: 6 sec
2025-12-27 12:18:36,470 - utils.logger2025-12-27-12.16.04 - INFO - learning rate = 0.0002000
2025-12-27 12:18:37,618 - utils.logger2025-12-27-12.16.04 - INFO - Val result of epoch 16 / 40 acc 0.5696 uar 0.5680 f1 0.5763
2025-12-27 12:18:38,820 - utils.logger2025-12-27-12.16.04 - INFO - Tst result of epoch 16 / 40 acc 0.6575 uar 0.6356 f1 0.6260
2025-12-27 12:18:40,812 - utils.logger2025-12-27-12.16.04 - INFO - Cur epoch 17 loss CE:0.3924 mse:0.0079 consistent:0.0000
2025-12-27 12:18:45,593 - utils.logger2025-12-27-12.16.04 - INFO - saving the model at the end of epoch 17, iters 2397
2025-12-27 12:18:45,692 - utils.logger2025-12-27-12.16.04 - INFO - End of training epoch 17 / 40 	 Time Taken: 6 sec
2025-12-27 12:18:45,693 - utils.logger2025-12-27-12.16.04 - INFO - learning rate = 0.0002000
2025-12-27 12:18:46,870 - utils.logger2025-12-27-12.16.04 - INFO - Val result of epoch 17 / 40 acc 0.5689 uar 0.5491 f1 0.5695
2025-12-27 12:18:48,071 - utils.logger2025-12-27-12.16.04 - INFO - Tst result of epoch 17 / 40 acc 0.6228 uar 0.6171 f1 0.6010
2025-12-27 12:18:48,203 - utils.logger2025-12-27-12.16.04 - INFO - Cur epoch 18 loss CE:0.5947 mse:0.0076 consistent:0.0000
2025-12-27 12:18:53,312 - utils.logger2025-12-27-12.16.04 - INFO - Cur epoch 18 loss CE:0.4718 mse:0.0082 consistent:0.0000
2025-12-27 12:18:55,273 - utils.logger2025-12-27-12.16.04 - INFO - saving the model at the end of epoch 18, iters 2538
2025-12-27 12:18:55,406 - utils.logger2025-12-27-12.16.04 - INFO - End of training epoch 18 / 40 	 Time Taken: 7 sec
2025-12-27 12:18:55,406 - utils.logger2025-12-27-12.16.04 - INFO - learning rate = 0.0002000
2025-12-27 12:18:56,899 - utils.logger2025-12-27-12.16.04 - INFO - Val result of epoch 18 / 40 acc 0.5596 uar 0.5574 f1 0.5667
2025-12-27 12:18:58,434 - utils.logger2025-12-27-12.16.04 - INFO - Tst result of epoch 18 / 40 acc 0.6275 uar 0.6226 f1 0.6055
2025-12-27 12:19:01,467 - utils.logger2025-12-27-12.16.04 - INFO - Cur epoch 19 loss CE:0.6659 mse:0.0101 consistent:0.0000
2025-12-27 12:19:05,333 - utils.logger2025-12-27-12.16.04 - INFO - saving the model at the end of epoch 19, iters 2679
2025-12-27 12:19:05,433 - utils.logger2025-12-27-12.16.04 - INFO - End of training epoch 19 / 40 	 Time Taken: 6 sec
2025-12-27 12:19:05,433 - utils.logger2025-12-27-12.16.04 - INFO - learning rate = 0.0002000
2025-12-27 12:19:06,564 - utils.logger2025-12-27-12.16.04 - INFO - Val result of epoch 19 / 40 acc 0.5653 uar 0.5720 f1 0.5714
2025-12-27 12:19:07,724 - utils.logger2025-12-27-12.16.04 - INFO - Tst result of epoch 19 / 40 acc 0.6449 uar 0.6084 f1 0.6095
2025-12-27 12:19:08,634 - utils.logger2025-12-27-12.16.04 - INFO - Cur epoch 20 loss CE:0.6221 mse:0.0082 consistent:0.0000
2025-12-27 12:19:13,443 - utils.logger2025-12-27-12.16.04 - INFO - Cur epoch 20 loss CE:0.6013 mse:0.0076 consistent:0.0000
2025-12-27 12:19:14,409 - utils.logger2025-12-27-12.16.04 - INFO - saving the model at the end of epoch 20, iters 2820
2025-12-27 12:19:14,507 - utils.logger2025-12-27-12.16.04 - INFO - End of training epoch 20 / 40 	 Time Taken: 6 sec
2025-12-27 12:19:14,507 - utils.logger2025-12-27-12.16.04 - INFO - learning rate = 0.0001905
2025-12-27 12:19:15,656 - utils.logger2025-12-27-12.16.04 - INFO - Val result of epoch 20 / 40 acc 0.5673 uar 0.5491 f1 0.5653
2025-12-27 12:19:16,842 - utils.logger2025-12-27-12.16.04 - INFO - Tst result of epoch 20 / 40 acc 0.6386 uar 0.6102 f1 0.6011
2025-12-27 12:19:20,496 - utils.logger2025-12-27-12.16.04 - INFO - Cur epoch 21 loss CE:0.4570 mse:0.0074 consistent:0.0000
2025-12-27 12:19:23,455 - utils.logger2025-12-27-12.16.04 - INFO - saving the model at the end of epoch 21, iters 2961
2025-12-27 12:19:23,555 - utils.logger2025-12-27-12.16.04 - INFO - End of training epoch 21 / 40 	 Time Taken: 6 sec
2025-12-27 12:19:23,555 - utils.logger2025-12-27-12.16.04 - INFO - learning rate = 0.0001810
2025-12-27 12:19:24,689 - utils.logger2025-12-27-12.16.04 - INFO - Val result of epoch 21 / 40 acc 0.5623 uar 0.5751 f1 0.5746
2025-12-27 12:19:25,860 - utils.logger2025-12-27-12.16.04 - INFO - Tst result of epoch 21 / 40 acc 0.6493 uar 0.6306 f1 0.6187
2025-12-27 12:19:27,693 - utils.logger2025-12-27-12.16.04 - INFO - Cur epoch 22 loss CE:0.3700 mse:0.0101 consistent:0.0000
2025-12-27 12:19:32,604 - utils.logger2025-12-27-12.16.04 - INFO - Cur epoch 22 loss CE:0.5482 mse:0.0074 consistent:0.0000
2025-12-27 12:19:32,699 - utils.logger2025-12-27-12.16.04 - INFO - saving the model at the end of epoch 22, iters 3102
2025-12-27 12:19:32,800 - utils.logger2025-12-27-12.16.04 - INFO - End of training epoch 22 / 40 	 Time Taken: 6 sec
2025-12-27 12:19:32,800 - utils.logger2025-12-27-12.16.04 - INFO - learning rate = 0.0001714
2025-12-27 12:19:33,967 - utils.logger2025-12-27-12.16.04 - INFO - Val result of epoch 22 / 40 acc 0.5822 uar 0.5772 f1 0.5870
2025-12-27 12:19:35,171 - utils.logger2025-12-27-12.16.04 - INFO - Tst result of epoch 22 / 40 acc 0.6326 uar 0.6044 f1 0.5988
2025-12-27 12:19:39,733 - utils.logger2025-12-27-12.16.04 - INFO - Cur epoch 23 loss CE:0.5129 mse:0.0078 consistent:0.0000
2025-12-27 12:19:41,697 - utils.logger2025-12-27-12.16.04 - INFO - saving the model at the end of epoch 23, iters 3243
2025-12-27 12:19:41,795 - utils.logger2025-12-27-12.16.04 - INFO - End of training epoch 23 / 40 	 Time Taken: 6 sec
2025-12-27 12:19:41,795 - utils.logger2025-12-27-12.16.04 - INFO - learning rate = 0.0001619
2025-12-27 12:19:42,932 - utils.logger2025-12-27-12.16.04 - INFO - Val result of epoch 23 / 40 acc 0.5755 uar 0.5776 f1 0.5847
2025-12-27 12:19:44,099 - utils.logger2025-12-27-12.16.04 - INFO - Tst result of epoch 23 / 40 acc 0.6455 uar 0.6141 f1 0.6122
2025-12-27 12:19:46,751 - utils.logger2025-12-27-12.16.04 - INFO - Cur epoch 24 loss CE:0.2579 mse:0.0072 consistent:0.0000
2025-12-27 12:19:50,659 - utils.logger2025-12-27-12.16.04 - INFO - saving the model at the end of epoch 24, iters 3384
2025-12-27 12:19:50,758 - utils.logger2025-12-27-12.16.04 - INFO - End of training epoch 24 / 40 	 Time Taken: 6 sec
2025-12-27 12:19:50,758 - utils.logger2025-12-27-12.16.04 - INFO - learning rate = 0.0001524
2025-12-27 12:19:51,884 - utils.logger2025-12-27-12.16.04 - INFO - Val result of epoch 24 / 40 acc 0.5596 uar 0.5505 f1 0.5577
2025-12-27 12:19:53,053 - utils.logger2025-12-27-12.16.04 - INFO - Tst result of epoch 24 / 40 acc 0.6455 uar 0.6095 f1 0.6037
2025-12-27 12:19:53,750 - utils.logger2025-12-27-12.16.04 - INFO - Cur epoch 25 loss CE:0.5236 mse:0.0068 consistent:0.0000
2025-12-27 12:19:58,597 - utils.logger2025-12-27-12.16.04 - INFO - Cur epoch 25 loss CE:0.2607 mse:0.0084 consistent:0.0000
2025-12-27 12:19:59,834 - utils.logger2025-12-27-12.16.04 - INFO - saving the model at the end of epoch 25, iters 3525
2025-12-27 12:19:59,935 - utils.logger2025-12-27-12.16.04 - INFO - End of training epoch 25 / 40 	 Time Taken: 6 sec
2025-12-27 12:19:59,936 - utils.logger2025-12-27-12.16.04 - INFO - learning rate = 0.0001429
2025-12-27 12:20:01,079 - utils.logger2025-12-27-12.16.04 - INFO - Val result of epoch 25 / 40 acc 0.5818 uar 0.5788 f1 0.5886
2025-12-27 12:20:02,256 - utils.logger2025-12-27-12.16.04 - INFO - Tst result of epoch 25 / 40 acc 0.6499 uar 0.6292 f1 0.6202
2025-12-27 12:20:05,592 - utils.logger2025-12-27-12.16.04 - INFO - Cur epoch 26 loss CE:0.2740 mse:0.0080 consistent:0.0000
2025-12-27 12:20:08,800 - utils.logger2025-12-27-12.16.04 - INFO - saving the model at the end of epoch 26, iters 3666
2025-12-27 12:20:08,902 - utils.logger2025-12-27-12.16.04 - INFO - End of training epoch 26 / 40 	 Time Taken: 6 sec
2025-12-27 12:20:08,902 - utils.logger2025-12-27-12.16.04 - INFO - learning rate = 0.0001333
2025-12-27 12:20:10,045 - utils.logger2025-12-27-12.16.04 - INFO - Val result of epoch 26 / 40 acc 0.5812 uar 0.5807 f1 0.5898
2025-12-27 12:20:11,232 - utils.logger2025-12-27-12.16.04 - INFO - Tst result of epoch 26 / 40 acc 0.6294 uar 0.6170 f1 0.6057
2025-12-27 12:20:12,772 - utils.logger2025-12-27-12.16.04 - INFO - Cur epoch 27 loss CE:0.5101 mse:0.0086 consistent:0.0000
2025-12-27 12:20:17,590 - utils.logger2025-12-27-12.16.04 - INFO - Cur epoch 27 loss CE:0.5298 mse:0.0078 consistent:0.0000
2025-12-27 12:20:17,931 - utils.logger2025-12-27-12.16.04 - INFO - saving the model at the end of epoch 27, iters 3807
2025-12-27 12:20:18,034 - utils.logger2025-12-27-12.16.04 - INFO - End of training epoch 27 / 40 	 Time Taken: 6 sec
2025-12-27 12:20:18,034 - utils.logger2025-12-27-12.16.04 - INFO - learning rate = 0.0001238
2025-12-27 12:20:19,196 - utils.logger2025-12-27-12.16.04 - INFO - Val result of epoch 27 / 40 acc 0.5739 uar 0.5607 f1 0.5791
2025-12-27 12:20:20,364 - utils.logger2025-12-27-12.16.04 - INFO - Tst result of epoch 27 / 40 acc 0.6247 uar 0.6113 f1 0.5986
2025-12-27 12:20:24,879 - utils.logger2025-12-27-12.16.04 - INFO - Cur epoch 28 loss CE:0.6199 mse:0.0063 consistent:0.0000
2025-12-27 12:20:27,269 - utils.logger2025-12-27-12.16.04 - INFO - saving the model at the end of epoch 28, iters 3948
2025-12-27 12:20:27,362 - utils.logger2025-12-27-12.16.04 - INFO - End of training epoch 28 / 40 	 Time Taken: 6 sec
2025-12-27 12:20:27,362 - utils.logger2025-12-27-12.16.04 - INFO - learning rate = 0.0001143
2025-12-27 12:20:28,619 - utils.logger2025-12-27-12.16.04 - INFO - Val result of epoch 28 / 40 acc 0.5636 uar 0.5484 f1 0.5661
2025-12-27 12:20:30,071 - utils.logger2025-12-27-12.16.04 - INFO - Tst result of epoch 28 / 40 acc 0.6430 uar 0.6291 f1 0.6169
2025-12-27 12:20:32,453 - utils.logger2025-12-27-12.16.04 - INFO - Cur epoch 29 loss CE:0.2748 mse:0.0076 consistent:0.0000
2025-12-27 12:20:36,792 - utils.logger2025-12-27-12.16.04 - INFO - saving the model at the end of epoch 29, iters 4089
2025-12-27 12:20:36,891 - utils.logger2025-12-27-12.16.04 - INFO - End of training epoch 29 / 40 	 Time Taken: 6 sec
2025-12-27 12:20:36,891 - utils.logger2025-12-27-12.16.04 - INFO - learning rate = 0.0001048
2025-12-27 12:20:38,044 - utils.logger2025-12-27-12.16.04 - INFO - Val result of epoch 29 / 40 acc 0.5530 uar 0.5488 f1 0.5605
2025-12-27 12:20:39,244 - utils.logger2025-12-27-12.16.04 - INFO - Tst result of epoch 29 / 40 acc 0.6499 uar 0.6361 f1 0.6237
2025-12-27 12:20:39,709 - utils.logger2025-12-27-12.16.04 - INFO - Cur epoch 30 loss CE:0.3164 mse:0.0073 consistent:0.0000
2025-12-27 12:20:44,460 - utils.logger2025-12-27-12.16.04 - INFO - Cur epoch 30 loss CE:0.2805 mse:0.0090 consistent:0.0000
2025-12-27 12:20:45,914 - utils.logger2025-12-27-12.16.04 - INFO - saving the model at the end of epoch 30, iters 4230
2025-12-27 12:20:46,014 - utils.logger2025-12-27-12.16.04 - INFO - End of training epoch 30 / 40 	 Time Taken: 6 sec
2025-12-27 12:20:46,014 - utils.logger2025-12-27-12.16.04 - INFO - learning rate = 0.0000952
2025-12-27 12:20:47,153 - utils.logger2025-12-27-12.16.04 - INFO - Val result of epoch 30 / 40 acc 0.5656 uar 0.5594 f1 0.5729
2025-12-27 12:20:48,318 - utils.logger2025-12-27-12.16.04 - INFO - Tst result of epoch 30 / 40 acc 0.6487 uar 0.6428 f1 0.6240
2025-12-27 12:20:51,599 - utils.logger2025-12-27-12.16.04 - INFO - Cur epoch 31 loss CE:0.1945 mse:0.0067 consistent:0.0000
2025-12-27 12:20:55,086 - utils.logger2025-12-27-12.16.04 - INFO - saving the model at the end of epoch 31, iters 4371
2025-12-27 12:20:55,189 - utils.logger2025-12-27-12.16.04 - INFO - End of training epoch 31 / 40 	 Time Taken: 6 sec
2025-12-27 12:20:55,190 - utils.logger2025-12-27-12.16.04 - INFO - learning rate = 0.0000857
2025-12-27 12:20:56,351 - utils.logger2025-12-27-12.16.04 - INFO - Val result of epoch 31 / 40 acc 0.5639 uar 0.5711 f1 0.5751
2025-12-27 12:20:57,543 - utils.logger2025-12-27-12.16.04 - INFO - Tst result of epoch 31 / 40 acc 0.6635 uar 0.6410 f1 0.6330
2025-12-27 12:20:58,806 - utils.logger2025-12-27-12.16.04 - INFO - Cur epoch 32 loss CE:0.2873 mse:0.0069 consistent:0.0000
2025-12-27 12:21:03,303 - utils.logger2025-12-27-12.16.04 - INFO - Cur epoch 32 loss CE:0.1132 mse:0.0072 consistent:0.0000
2025-12-27 12:21:03,843 - utils.logger2025-12-27-12.16.04 - INFO - saving the model at the end of epoch 32, iters 4512
2025-12-27 12:21:03,938 - utils.logger2025-12-27-12.16.04 - INFO - End of training epoch 32 / 40 	 Time Taken: 6 sec
2025-12-27 12:21:03,938 - utils.logger2025-12-27-12.16.04 - INFO - learning rate = 0.0000762
2025-12-27 12:21:05,063 - utils.logger2025-12-27-12.16.04 - INFO - Val result of epoch 32 / 40 acc 0.5507 uar 0.5591 f1 0.5622
2025-12-27 12:21:06,251 - utils.logger2025-12-27-12.16.04 - INFO - Tst result of epoch 32 / 40 acc 0.6777 uar 0.6451 f1 0.6424
2025-12-27 12:21:09,706 - utils.logger2025-12-27-12.16.04 - INFO - Cur epoch 33 loss CE:0.4817 mse:0.0063 consistent:0.0000
2025-12-27 12:21:12,356 - utils.logger2025-12-27-12.16.04 - INFO - saving the model at the end of epoch 33, iters 4653
2025-12-27 12:21:12,456 - utils.logger2025-12-27-12.16.04 - INFO - End of training epoch 33 / 40 	 Time Taken: 6 sec
2025-12-27 12:21:12,456 - utils.logger2025-12-27-12.16.04 - INFO - learning rate = 0.0000667
2025-12-27 12:21:13,608 - utils.logger2025-12-27-12.16.04 - INFO - Val result of epoch 33 / 40 acc 0.5586 uar 0.5523 f1 0.5643
2025-12-27 12:21:14,778 - utils.logger2025-12-27-12.16.04 - INFO - Tst result of epoch 33 / 40 acc 0.6588 uar 0.6057 f1 0.6075
2025-12-27 12:21:17,003 - utils.logger2025-12-27-12.16.04 - INFO - Cur epoch 34 loss CE:0.3195 mse:0.0063 consistent:0.0000
2025-12-27 12:21:21,622 - utils.logger2025-12-27-12.16.04 - INFO - saving the model at the end of epoch 34, iters 4794
2025-12-27 12:21:21,748 - utils.logger2025-12-27-12.16.04 - INFO - End of training epoch 34 / 40 	 Time Taken: 6 sec
2025-12-27 12:21:21,748 - utils.logger2025-12-27-12.16.04 - INFO - learning rate = 0.0000571
2025-12-27 12:21:23,206 - utils.logger2025-12-27-12.16.04 - INFO - Val result of epoch 34 / 40 acc 0.5547 uar 0.5590 f1 0.5651
2025-12-27 12:21:24,714 - utils.logger2025-12-27-12.16.04 - INFO - Tst result of epoch 34 / 40 acc 0.6742 uar 0.6311 f1 0.6295
2025-12-27 12:21:25,021 - utils.logger2025-12-27-12.16.04 - INFO - Cur epoch 35 loss CE:0.2251 mse:0.0063 consistent:0.0000
2025-12-27 12:21:30,012 - utils.logger2025-12-27-12.16.04 - INFO - Cur epoch 35 loss CE:0.3369 mse:0.0075 consistent:0.0000
2025-12-27 12:21:31,686 - utils.logger2025-12-27-12.16.04 - INFO - saving the model at the end of epoch 35, iters 4935
2025-12-27 12:21:31,790 - utils.logger2025-12-27-12.16.04 - INFO - End of training epoch 35 / 40 	 Time Taken: 7 sec
2025-12-27 12:21:31,790 - utils.logger2025-12-27-12.16.04 - INFO - learning rate = 0.0000476
2025-12-27 12:21:32,949 - utils.logger2025-12-27-12.16.04 - INFO - Val result of epoch 35 / 40 acc 0.5636 uar 0.5581 f1 0.5716
2025-12-27 12:21:34,126 - utils.logger2025-12-27-12.16.04 - INFO - Tst result of epoch 35 / 40 acc 0.6597 uar 0.6359 f1 0.6280
2025-12-27 12:21:37,133 - utils.logger2025-12-27-12.16.04 - INFO - Cur epoch 36 loss CE:0.2816 mse:0.0058 consistent:0.0000
2025-12-27 12:21:40,762 - utils.logger2025-12-27-12.16.04 - INFO - saving the model at the end of epoch 36, iters 5076
2025-12-27 12:21:40,867 - utils.logger2025-12-27-12.16.04 - INFO - End of training epoch 36 / 40 	 Time Taken: 6 sec
2025-12-27 12:21:40,868 - utils.logger2025-12-27-12.16.04 - INFO - learning rate = 0.0000381
2025-12-27 12:21:42,029 - utils.logger2025-12-27-12.16.04 - INFO - Val result of epoch 36 / 40 acc 0.5580 uar 0.5617 f1 0.5690
2025-12-27 12:21:43,222 - utils.logger2025-12-27-12.16.04 - INFO - Tst result of epoch 36 / 40 acc 0.6686 uar 0.6441 f1 0.6353
2025-12-27 12:21:44,278 - utils.logger2025-12-27-12.16.04 - INFO - Cur epoch 37 loss CE:0.1257 mse:0.0047 consistent:0.0000
2025-12-27 12:21:48,987 - utils.logger2025-12-27-12.16.04 - INFO - Cur epoch 37 loss CE:0.3296 mse:0.0084 consistent:0.0000
2025-12-27 12:21:49,820 - utils.logger2025-12-27-12.16.04 - INFO - saving the model at the end of epoch 37, iters 5217
2025-12-27 12:21:49,921 - utils.logger2025-12-27-12.16.04 - INFO - End of training epoch 37 / 40 	 Time Taken: 6 sec
2025-12-27 12:21:49,921 - utils.logger2025-12-27-12.16.04 - INFO - learning rate = 0.0000286
2025-12-27 12:21:51,093 - utils.logger2025-12-27-12.16.04 - INFO - Val result of epoch 37 / 40 acc 0.5550 uar 0.5554 f1 0.5656
2025-12-27 12:21:52,313 - utils.logger2025-12-27-12.16.04 - INFO - Tst result of epoch 37 / 40 acc 0.6544 uar 0.6292 f1 0.6214
2025-12-27 12:21:56,176 - utils.logger2025-12-27-12.16.04 - INFO - Cur epoch 38 loss CE:0.3837 mse:0.0052 consistent:0.0000
2025-12-27 12:21:59,013 - utils.logger2025-12-27-12.16.04 - INFO - saving the model at the end of epoch 38, iters 5358
2025-12-27 12:21:59,109 - utils.logger2025-12-27-12.16.04 - INFO - End of training epoch 38 / 40 	 Time Taken: 6 sec
2025-12-27 12:21:59,109 - utils.logger2025-12-27-12.16.04 - INFO - learning rate = 0.0000190
2025-12-27 12:22:00,241 - utils.logger2025-12-27-12.16.04 - INFO - Val result of epoch 38 / 40 acc 0.5656 uar 0.5680 f1 0.5755
2025-12-27 12:22:01,405 - utils.logger2025-12-27-12.16.04 - INFO - Tst result of epoch 38 / 40 acc 0.6591 uar 0.6337 f1 0.6256
2025-12-27 12:22:03,359 - utils.logger2025-12-27-12.16.04 - INFO - Cur epoch 39 loss CE:0.1355 mse:0.0061 consistent:0.0000
2025-12-27 12:22:08,288 - utils.logger2025-12-27-12.16.04 - INFO - saving the model at the end of epoch 39, iters 5499
2025-12-27 12:22:08,389 - utils.logger2025-12-27-12.16.04 - INFO - End of training epoch 39 / 40 	 Time Taken: 6 sec
2025-12-27 12:22:08,389 - utils.logger2025-12-27-12.16.04 - INFO - learning rate = 0.0000095
2025-12-27 12:22:09,583 - utils.logger2025-12-27-12.16.04 - INFO - Val result of epoch 39 / 40 acc 0.5606 uar 0.5630 f1 0.5692
2025-12-27 12:22:10,821 - utils.logger2025-12-27-12.16.04 - INFO - Tst result of epoch 39 / 40 acc 0.6622 uar 0.6233 f1 0.6225
2025-12-27 12:22:10,868 - utils.logger2025-12-27-12.16.04 - INFO - Cur epoch 40 loss CE:0.3079 mse:0.0065 consistent:0.0000
2025-12-27 12:22:15,600 - utils.logger2025-12-27-12.16.04 - INFO - Cur epoch 40 loss CE:0.3757 mse:0.0078 consistent:0.0000
2025-12-27 12:22:17,587 - utils.logger2025-12-27-12.16.04 - INFO - saving the model at the end of epoch 40, iters 5640
2025-12-27 12:22:17,703 - utils.logger2025-12-27-12.16.04 - INFO - End of training epoch 40 / 40 	 Time Taken: 6 sec
2025-12-27 12:22:17,703 - utils.logger2025-12-27-12.16.04 - INFO - learning rate = 0.0000000
2025-12-27 12:22:18,840 - utils.logger2025-12-27-12.16.04 - INFO - Val result of epoch 40 / 40 acc 0.5636 uar 0.5651 f1 0.5734
2025-12-27 12:22:20,008 - utils.logger2025-12-27-12.16.04 - INFO - Tst result of epoch 40 / 40 acc 0.6597 uar 0.6299 f1 0.6252
2025-12-27 12:22:20,008 - utils.logger2025-12-27-12.16.04 - INFO - Best eval epoch 32 found with uar 0.645120
2025-12-27 12:22:20,008 - utils.logger2025-12-27-12.16.04 - INFO - Loading best model found on val set: epoch-32
2025-12-27 12:22:22,404 - utils.logger2025-12-27-12.16.04 - INFO - Tst result acc 0.6777 uar 0.6451 f1 0.6424
