2025-12-18 18:12:34,727 - utils.logger2025-12-18-18.12.34 - INFO - The number of training samples = 1750
2025-12-18 18:12:35,945 - utils.logger2025-12-18-18.12.34 - INFO - Cur epoch 1 loss TA:1.0344 TV:1.0352 VA:2.0714 CE:4.0312
2025-12-18 18:12:36,373 - utils.logger2025-12-18-18.12.34 - INFO - Cur epoch 1 loss TA:1.0326 TV:1.0326 VA:2.0695 CE:2.7525
2025-12-18 18:12:36,856 - utils.logger2025-12-18-18.12.34 - INFO - saving the model at the end of epoch 1, iters 28
2025-12-18 18:12:36,924 - utils.logger2025-12-18-18.12.34 - INFO - End of training epoch 1 / 40 	 Time Taken: 1 sec
2025-12-18 18:12:36,925 - utils.logger2025-12-18-18.12.34 - INFO - learning rate = 0.0002000
2025-12-18 18:12:37,351 - utils.logger2025-12-18-18.12.34 - INFO - Val result of epoch 1 / 40 acc 0.5982 MAE 0.2841 f1 0.6782
2025-12-18 18:12:37,615 - utils.logger2025-12-18-18.12.34 - INFO - Tst result of epoch 1 / 40 acc 0.5982 MAE 0.2841 f1 0.6782
2025-12-18 18:12:37,921 - utils.logger2025-12-18-18.12.34 - INFO - Cur epoch 2 loss TA:1.0229 TV:1.0246 VA:2.0647 CE:2.6453
2025-12-18 18:12:38,451 - utils.logger2025-12-18-18.12.34 - INFO - Cur epoch 2 loss TA:1.0134 TV:1.0145 VA:2.0475 CE:2.4889
2025-12-18 18:12:39,011 - utils.logger2025-12-18-18.12.34 - INFO - Cur epoch 2 loss TA:1.0035 TV:0.9992 VA:2.0325 CE:2.8587
2025-12-18 18:12:39,438 - utils.logger2025-12-18-18.12.34 - INFO - saving the model at the end of epoch 2, iters 56
2025-12-18 18:12:39,542 - utils.logger2025-12-18-18.12.34 - INFO - End of training epoch 2 / 40 	 Time Taken: 1 sec
2025-12-18 18:12:39,542 - utils.logger2025-12-18-18.12.34 - INFO - learning rate = 0.0002000
2025-12-18 18:12:39,879 - utils.logger2025-12-18-18.12.34 - INFO - Val result of epoch 2 / 40 acc 0.6607 MAE 0.3789 f1 0.6838
2025-12-18 18:12:40,190 - utils.logger2025-12-18-18.12.34 - INFO - Tst result of epoch 2 / 40 acc 0.6607 MAE 0.3789 f1 0.6838
2025-12-18 18:12:40,598 - utils.logger2025-12-18-18.12.34 - INFO - Cur epoch 3 loss TA:0.9647 TV:0.9705 VA:1.9745 CE:2.1468
2025-12-18 18:12:41,153 - utils.logger2025-12-18-18.12.34 - INFO - Cur epoch 3 loss TA:0.9720 TV:0.9674 VA:1.9673 CE:2.1371
2025-12-18 18:12:41,693 - utils.logger2025-12-18-18.12.34 - INFO - Cur epoch 3 loss TA:0.9614 TV:0.9464 VA:1.9294 CE:2.2453
2025-12-18 18:12:41,986 - utils.logger2025-12-18-18.12.34 - INFO - saving the model at the end of epoch 3, iters 84
2025-12-18 18:12:42,063 - utils.logger2025-12-18-18.12.34 - INFO - End of training epoch 3 / 40 	 Time Taken: 1 sec
2025-12-18 18:12:42,064 - utils.logger2025-12-18-18.12.34 - INFO - learning rate = 0.0002000
2025-12-18 18:12:42,375 - utils.logger2025-12-18-18.12.34 - INFO - Val result of epoch 3 / 40 acc 0.6741 MAE 0.4462 f1 0.7015
2025-12-18 18:12:42,668 - utils.logger2025-12-18-18.12.34 - INFO - Tst result of epoch 3 / 40 acc 0.6741 MAE 0.4462 f1 0.7015
2025-12-18 18:12:43,266 - utils.logger2025-12-18-18.12.34 - INFO - Cur epoch 4 loss TA:0.9209 TV:0.9214 VA:1.8706 CE:2.1096
2025-12-18 18:12:43,810 - utils.logger2025-12-18-18.12.34 - INFO - Cur epoch 4 loss TA:0.9273 TV:0.9134 VA:1.8700 CE:1.8284
2025-12-18 18:12:44,363 - utils.logger2025-12-18-18.12.34 - INFO - Cur epoch 4 loss TA:0.9386 TV:0.9102 VA:1.8580 CE:2.5445
2025-12-18 18:12:44,546 - utils.logger2025-12-18-18.12.34 - INFO - saving the model at the end of epoch 4, iters 112
2025-12-18 18:12:44,621 - utils.logger2025-12-18-18.12.34 - INFO - End of training epoch 4 / 40 	 Time Taken: 1 sec
2025-12-18 18:12:44,621 - utils.logger2025-12-18-18.12.34 - INFO - learning rate = 0.0002000
2025-12-18 18:12:45,167 - utils.logger2025-12-18-18.12.34 - INFO - Val result of epoch 4 / 40 acc 0.7098 MAE 0.5112 f1 0.7266
2025-12-18 18:12:45,453 - utils.logger2025-12-18-18.12.34 - INFO - Tst result of epoch 4 / 40 acc 0.7098 MAE 0.5112 f1 0.7266
2025-12-18 18:12:46,129 - utils.logger2025-12-18-18.12.34 - INFO - Cur epoch 5 loss TA:0.9108 TV:0.8985 VA:1.8447 CE:2.0937
2025-12-18 18:12:46,711 - utils.logger2025-12-18-18.12.34 - INFO - Cur epoch 5 loss TA:0.8875 TV:0.8683 VA:1.7667 CE:1.7951
2025-12-18 18:12:47,267 - utils.logger2025-12-18-18.12.34 - INFO - Cur epoch 5 loss TA:0.5799 TV:0.5746 VA:1.1783 CE:2.0849
2025-12-18 18:12:47,334 - utils.logger2025-12-18-18.12.34 - INFO - saving the model at the end of epoch 5, iters 140
2025-12-18 18:12:47,424 - utils.logger2025-12-18-18.12.34 - INFO - End of training epoch 5 / 40 	 Time Taken: 1 sec
2025-12-18 18:12:47,424 - utils.logger2025-12-18-18.12.34 - INFO - learning rate = 0.0002000
2025-12-18 18:12:47,908 - utils.logger2025-12-18-18.12.34 - INFO - Val result of epoch 5 / 40 acc 0.7321 MAE 0.5659 f1 0.7541
2025-12-18 18:12:48,489 - utils.logger2025-12-18-18.12.34 - INFO - Tst result of epoch 5 / 40 acc 0.7321 MAE 0.5659 f1 0.7541
2025-12-18 18:12:49,313 - utils.logger2025-12-18-18.12.34 - INFO - Cur epoch 6 loss TA:0.8626 TV:0.8613 VA:1.7194 CE:1.7488
2025-12-18 18:12:49,907 - utils.logger2025-12-18-18.12.34 - INFO - Cur epoch 6 loss TA:0.8713 TV:0.8513 VA:1.7244 CE:1.5050
2025-12-18 18:12:50,458 - utils.logger2025-12-18-18.12.34 - INFO - saving the model at the end of epoch 6, iters 168
2025-12-18 18:12:50,535 - utils.logger2025-12-18-18.12.34 - INFO - End of training epoch 6 / 40 	 Time Taken: 2 sec
2025-12-18 18:12:50,536 - utils.logger2025-12-18-18.12.34 - INFO - learning rate = 0.0002000
2025-12-18 18:12:50,869 - utils.logger2025-12-18-18.12.34 - INFO - Val result of epoch 6 / 40 acc 0.7009 MAE 0.6026 f1 0.7253
2025-12-18 18:12:51,126 - utils.logger2025-12-18-18.12.34 - INFO - Tst result of epoch 6 / 40 acc 0.7009 MAE 0.6026 f1 0.7253
2025-12-18 18:12:51,435 - utils.logger2025-12-18-18.12.34 - INFO - Cur epoch 7 loss TA:0.8200 TV:0.8258 VA:1.6350 CE:1.4407
2025-12-18 18:12:52,049 - utils.logger2025-12-18-18.12.34 - INFO - Cur epoch 7 loss TA:0.8193 TV:0.8307 VA:1.7011 CE:1.4364
2025-12-18 18:12:52,638 - utils.logger2025-12-18-18.12.34 - INFO - Cur epoch 7 loss TA:0.8217 TV:0.8257 VA:1.6374 CE:1.5848
2025-12-18 18:12:53,046 - utils.logger2025-12-18-18.12.34 - INFO - saving the model at the end of epoch 7, iters 196
2025-12-18 18:12:53,124 - utils.logger2025-12-18-18.12.34 - INFO - End of training epoch 7 / 40 	 Time Taken: 1 sec
2025-12-18 18:12:53,124 - utils.logger2025-12-18-18.12.34 - INFO - learning rate = 0.0002000
2025-12-18 18:12:53,396 - utils.logger2025-12-18-18.12.34 - INFO - Val result of epoch 7 / 40 acc 0.7411 MAE 0.6130 f1 0.7609
2025-12-18 18:12:53,682 - utils.logger2025-12-18-18.12.34 - INFO - Tst result of epoch 7 / 40 acc 0.7411 MAE 0.6130 f1 0.7609
2025-12-18 18:12:54,124 - utils.logger2025-12-18-18.12.34 - INFO - Cur epoch 8 loss TA:0.7758 TV:0.7611 VA:1.5585 CE:0.9565
2025-12-18 18:12:54,716 - utils.logger2025-12-18-18.12.34 - INFO - Cur epoch 8 loss TA:0.7871 TV:0.7894 VA:1.6181 CE:1.0418
2025-12-18 18:12:55,315 - utils.logger2025-12-18-18.12.34 - INFO - Cur epoch 8 loss TA:0.7951 TV:0.8056 VA:1.6150 CE:1.3560
2025-12-18 18:12:55,623 - utils.logger2025-12-18-18.12.34 - INFO - saving the model at the end of epoch 8, iters 224
2025-12-18 18:12:55,699 - utils.logger2025-12-18-18.12.34 - INFO - End of training epoch 8 / 40 	 Time Taken: 2 sec
2025-12-18 18:12:55,700 - utils.logger2025-12-18-18.12.34 - INFO - learning rate = 0.0002000
2025-12-18 18:12:55,998 - utils.logger2025-12-18-18.12.34 - INFO - Val result of epoch 8 / 40 acc 0.7411 MAE 0.6276 f1 0.7600
2025-12-18 18:12:56,366 - utils.logger2025-12-18-18.12.34 - INFO - Tst result of epoch 8 / 40 acc 0.7411 MAE 0.6276 f1 0.7600
2025-12-18 18:12:57,064 - utils.logger2025-12-18-18.12.34 - INFO - Cur epoch 9 loss TA:0.7423 TV:0.7481 VA:1.5135 CE:1.4305
2025-12-18 18:12:57,699 - utils.logger2025-12-18-18.12.34 - INFO - Cur epoch 9 loss TA:0.7712 TV:0.7706 VA:1.5563 CE:1.1539
2025-12-18 18:12:58,306 - utils.logger2025-12-18-18.12.34 - INFO - Cur epoch 9 loss TA:0.7479 TV:0.7618 VA:1.5527 CE:0.8948
2025-12-18 18:12:58,485 - utils.logger2025-12-18-18.12.34 - INFO - saving the model at the end of epoch 9, iters 252
2025-12-18 18:12:58,564 - utils.logger2025-12-18-18.12.34 - INFO - End of training epoch 9 / 40 	 Time Taken: 2 sec
2025-12-18 18:12:58,564 - utils.logger2025-12-18-18.12.34 - INFO - learning rate = 0.0002000
2025-12-18 18:12:59,064 - utils.logger2025-12-18-18.12.34 - INFO - Val result of epoch 9 / 40 acc 0.7589 MAE 0.6395 f1 0.7781
2025-12-18 18:12:59,456 - utils.logger2025-12-18-18.12.34 - INFO - Tst result of epoch 9 / 40 acc 0.7589 MAE 0.6395 f1 0.7781
2025-12-18 18:13:00,300 - utils.logger2025-12-18-18.12.34 - INFO - Cur epoch 10 loss TA:0.7325 TV:0.7217 VA:1.4490 CE:0.9838
2025-12-18 18:13:00,917 - utils.logger2025-12-18-18.12.34 - INFO - Cur epoch 10 loss TA:0.7311 TV:0.7496 VA:1.4601 CE:0.9547
2025-12-18 18:13:01,529 - utils.logger2025-12-18-18.12.34 - INFO - Cur epoch 10 loss TA:0.4290 TV:0.4257 VA:0.8616 CE:0.9533
2025-12-18 18:13:01,600 - utils.logger2025-12-18-18.12.34 - INFO - saving the model at the end of epoch 10, iters 280
2025-12-18 18:13:01,682 - utils.logger2025-12-18-18.12.34 - INFO - End of training epoch 10 / 40 	 Time Taken: 2 sec
2025-12-18 18:13:01,683 - utils.logger2025-12-18-18.12.34 - INFO - learning rate = 0.0002000
2025-12-18 18:13:01,991 - utils.logger2025-12-18-18.12.34 - INFO - Val result of epoch 10 / 40 acc 0.7679 MAE 0.6441 f1 0.7868
2025-12-18 18:13:02,303 - utils.logger2025-12-18-18.12.34 - INFO - Tst result of epoch 10 / 40 acc 0.7679 MAE 0.6441 f1 0.7868
2025-12-18 18:13:03,125 - utils.logger2025-12-18-18.12.34 - INFO - Cur epoch 11 loss TA:0.7002 TV:0.6668 VA:1.3804 CE:1.0389
2025-12-18 18:13:03,695 - utils.logger2025-12-18-18.12.34 - INFO - Cur epoch 11 loss TA:0.7140 TV:0.7154 VA:1.4719 CE:0.8957
2025-12-18 18:13:04,241 - utils.logger2025-12-18-18.12.34 - INFO - saving the model at the end of epoch 11, iters 308
2025-12-18 18:13:04,342 - utils.logger2025-12-18-18.12.34 - INFO - End of training epoch 11 / 40 	 Time Taken: 2 sec
2025-12-18 18:13:04,343 - utils.logger2025-12-18-18.12.34 - INFO - learning rate = 0.0002000
2025-12-18 18:13:04,938 - utils.logger2025-12-18-18.12.34 - INFO - Val result of epoch 11 / 40 acc 0.7679 MAE 0.6380 f1 0.7846
2025-12-18 18:13:05,341 - utils.logger2025-12-18-18.12.34 - INFO - Tst result of epoch 11 / 40 acc 0.7679 MAE 0.6380 f1 0.7846
2025-12-18 18:13:05,728 - utils.logger2025-12-18-18.12.34 - INFO - Cur epoch 12 loss TA:0.6922 TV:0.7169 VA:1.3981 CE:0.6533
2025-12-18 18:13:06,373 - utils.logger2025-12-18-18.12.34 - INFO - Cur epoch 12 loss TA:0.6842 TV:0.6648 VA:1.4132 CE:0.6278
2025-12-18 18:13:07,039 - utils.logger2025-12-18-18.12.34 - INFO - Cur epoch 12 loss TA:0.7209 TV:0.7358 VA:1.4001 CE:0.8657
2025-12-18 18:13:07,509 - utils.logger2025-12-18-18.12.34 - INFO - saving the model at the end of epoch 12, iters 336
2025-12-18 18:13:07,583 - utils.logger2025-12-18-18.12.34 - INFO - End of training epoch 12 / 40 	 Time Taken: 2 sec
2025-12-18 18:13:07,583 - utils.logger2025-12-18-18.12.34 - INFO - learning rate = 0.0002000
2025-12-18 18:13:08,157 - utils.logger2025-12-18-18.12.34 - INFO - Val result of epoch 12 / 40 acc 0.7589 MAE 0.6454 f1 0.7774
2025-12-18 18:13:08,461 - utils.logger2025-12-18-18.12.34 - INFO - Tst result of epoch 12 / 40 acc 0.7589 MAE 0.6454 f1 0.7774
2025-12-18 18:13:08,928 - utils.logger2025-12-18-18.12.34 - INFO - Cur epoch 13 loss TA:0.6608 TV:0.6478 VA:1.3205 CE:0.6430
2025-12-18 18:13:09,520 - utils.logger2025-12-18-18.12.34 - INFO - Cur epoch 13 loss TA:0.6600 TV:0.6677 VA:1.3109 CE:0.5785
2025-12-18 18:13:10,108 - utils.logger2025-12-18-18.12.34 - INFO - Cur epoch 13 loss TA:0.6752 TV:0.6983 VA:1.4146 CE:0.7206
2025-12-18 18:13:10,417 - utils.logger2025-12-18-18.12.34 - INFO - saving the model at the end of epoch 13, iters 364
2025-12-18 18:13:10,492 - utils.logger2025-12-18-18.12.34 - INFO - End of training epoch 13 / 40 	 Time Taken: 2 sec
2025-12-18 18:13:10,493 - utils.logger2025-12-18-18.12.34 - INFO - learning rate = 0.0002000
2025-12-18 18:13:10,795 - utils.logger2025-12-18-18.12.34 - INFO - Val result of epoch 13 / 40 acc 0.7589 MAE 0.6472 f1 0.7746
2025-12-18 18:13:11,056 - utils.logger2025-12-18-18.12.34 - INFO - Tst result of epoch 13 / 40 acc 0.7589 MAE 0.6472 f1 0.7746
2025-12-18 18:13:11,645 - utils.logger2025-12-18-18.12.34 - INFO - Cur epoch 14 loss TA:0.6593 TV:0.6764 VA:1.3088 CE:0.8012
2025-12-18 18:13:12,227 - utils.logger2025-12-18-18.12.34 - INFO - Cur epoch 14 loss TA:0.6411 TV:0.6400 VA:1.2964 CE:0.4937
2025-12-18 18:13:12,767 - utils.logger2025-12-18-18.12.34 - INFO - Cur epoch 14 loss TA:0.6240 TV:0.6400 VA:1.2868 CE:0.7810
2025-12-18 18:13:12,941 - utils.logger2025-12-18-18.12.34 - INFO - saving the model at the end of epoch 14, iters 392
2025-12-18 18:13:13,009 - utils.logger2025-12-18-18.12.34 - INFO - End of training epoch 14 / 40 	 Time Taken: 1 sec
2025-12-18 18:13:13,010 - utils.logger2025-12-18-18.12.34 - INFO - learning rate = 0.0002000
2025-12-18 18:13:13,449 - utils.logger2025-12-18-18.12.34 - INFO - Val result of epoch 14 / 40 acc 0.7545 MAE 0.6449 f1 0.7672
2025-12-18 18:13:13,795 - utils.logger2025-12-18-18.12.34 - INFO - Tst result of epoch 14 / 40 acc 0.7545 MAE 0.6449 f1 0.7672
2025-12-18 18:13:14,689 - utils.logger2025-12-18-18.12.34 - INFO - Cur epoch 15 loss TA:0.6161 TV:0.6127 VA:1.2541 CE:0.5681
2025-12-18 18:13:15,255 - utils.logger2025-12-18-18.12.34 - INFO - Cur epoch 15 loss TA:0.6131 TV:0.6244 VA:1.2498 CE:0.7672
2025-12-18 18:13:15,808 - utils.logger2025-12-18-18.12.34 - INFO - Cur epoch 15 loss TA:0.3279 TV:0.3387 VA:0.6732 CE:0.8274
2025-12-18 18:13:15,870 - utils.logger2025-12-18-18.12.34 - INFO - saving the model at the end of epoch 15, iters 420
2025-12-18 18:13:15,947 - utils.logger2025-12-18-18.12.34 - INFO - End of training epoch 15 / 40 	 Time Taken: 2 sec
2025-12-18 18:13:15,947 - utils.logger2025-12-18-18.12.34 - INFO - learning rate = 0.0002000
2025-12-18 18:13:16,260 - utils.logger2025-12-18-18.12.34 - INFO - Val result of epoch 15 / 40 acc 0.7723 MAE 0.6495 f1 0.7862
2025-12-18 18:13:16,545 - utils.logger2025-12-18-18.12.34 - INFO - Tst result of epoch 15 / 40 acc 0.7723 MAE 0.6495 f1 0.7862
2025-12-18 18:13:17,289 - utils.logger2025-12-18-18.12.34 - INFO - Cur epoch 16 loss TA:0.6019 TV:0.6030 VA:1.2529 CE:0.3422
2025-12-18 18:13:17,820 - utils.logger2025-12-18-18.12.34 - INFO - Cur epoch 16 loss TA:0.5988 TV:0.6141 VA:1.2509 CE:0.5111
2025-12-18 18:13:18,313 - utils.logger2025-12-18-18.12.34 - INFO - saving the model at the end of epoch 16, iters 448
2025-12-18 18:13:18,404 - utils.logger2025-12-18-18.12.34 - INFO - End of training epoch 16 / 40 	 Time Taken: 1 sec
2025-12-18 18:13:18,405 - utils.logger2025-12-18-18.12.34 - INFO - learning rate = 0.0002000
2025-12-18 18:13:18,927 - utils.logger2025-12-18-18.12.34 - INFO - Val result of epoch 16 / 40 acc 0.7500 MAE 0.6406 f1 0.7691
2025-12-18 18:13:19,217 - utils.logger2025-12-18-18.12.34 - INFO - Tst result of epoch 16 / 40 acc 0.7500 MAE 0.6406 f1 0.7691
2025-12-18 18:13:19,703 - utils.logger2025-12-18-18.12.34 - INFO - Cur epoch 17 loss TA:0.5769 TV:0.6138 VA:1.2047 CE:0.6242
2025-12-18 18:13:20,255 - utils.logger2025-12-18-18.12.34 - INFO - Cur epoch 17 loss TA:0.6109 TV:0.6205 VA:1.2182 CE:0.4575
2025-12-18 18:13:20,789 - utils.logger2025-12-18-18.12.34 - INFO - Cur epoch 17 loss TA:0.6040 TV:0.6081 VA:1.2290 CE:0.3111
2025-12-18 18:13:21,164 - utils.logger2025-12-18-18.12.34 - INFO - saving the model at the end of epoch 17, iters 476
2025-12-18 18:13:21,235 - utils.logger2025-12-18-18.12.34 - INFO - End of training epoch 17 / 40 	 Time Taken: 2 sec
2025-12-18 18:13:21,235 - utils.logger2025-12-18-18.12.34 - INFO - learning rate = 0.0002000
2025-12-18 18:13:21,788 - utils.logger2025-12-18-18.12.34 - INFO - Val result of epoch 17 / 40 acc 0.7455 MAE 0.6537 f1 0.7725
2025-12-18 18:13:22,261 - utils.logger2025-12-18-18.12.34 - INFO - Tst result of epoch 17 / 40 acc 0.7455 MAE 0.6537 f1 0.7725
2025-12-18 18:13:22,734 - utils.logger2025-12-18-18.12.34 - INFO - Cur epoch 18 loss TA:0.5998 TV:0.6134 VA:1.2245 CE:0.5979
2025-12-18 18:13:23,316 - utils.logger2025-12-18-18.12.34 - INFO - Cur epoch 18 loss TA:0.5984 TV:0.5923 VA:1.2513 CE:0.3739
2025-12-18 18:13:23,847 - utils.logger2025-12-18-18.12.34 - INFO - Cur epoch 18 loss TA:0.5783 TV:0.5875 VA:1.1860 CE:0.5574
2025-12-18 18:13:24,089 - utils.logger2025-12-18-18.12.34 - INFO - saving the model at the end of epoch 18, iters 504
2025-12-18 18:13:24,164 - utils.logger2025-12-18-18.12.34 - INFO - End of training epoch 18 / 40 	 Time Taken: 1 sec
2025-12-18 18:13:24,164 - utils.logger2025-12-18-18.12.34 - INFO - learning rate = 0.0002000
2025-12-18 18:13:24,438 - utils.logger2025-12-18-18.12.34 - INFO - Val result of epoch 18 / 40 acc 0.7723 MAE 0.6511 f1 0.7856
2025-12-18 18:13:24,707 - utils.logger2025-12-18-18.12.34 - INFO - Tst result of epoch 18 / 40 acc 0.7723 MAE 0.6511 f1 0.7856
2025-12-18 18:13:25,235 - utils.logger2025-12-18-18.12.34 - INFO - Cur epoch 19 loss TA:0.5681 TV:0.5817 VA:1.1528 CE:0.3540
2025-12-18 18:13:25,792 - utils.logger2025-12-18-18.12.34 - INFO - Cur epoch 19 loss TA:0.5983 TV:0.6091 VA:1.2011 CE:0.4299
2025-12-18 18:13:26,335 - utils.logger2025-12-18-18.12.34 - INFO - Cur epoch 19 loss TA:0.5525 TV:0.5730 VA:1.1899 CE:0.2976
2025-12-18 18:13:26,494 - utils.logger2025-12-18-18.12.34 - INFO - saving the model at the end of epoch 19, iters 532
2025-12-18 18:13:26,574 - utils.logger2025-12-18-18.12.34 - INFO - End of training epoch 19 / 40 	 Time Taken: 1 sec
2025-12-18 18:13:26,574 - utils.logger2025-12-18-18.12.34 - INFO - learning rate = 0.0002000
2025-12-18 18:13:27,061 - utils.logger2025-12-18-18.12.34 - INFO - Val result of epoch 19 / 40 acc 0.7812 MAE 0.6446 f1 0.7926
2025-12-18 18:13:27,359 - utils.logger2025-12-18-18.12.34 - INFO - Tst result of epoch 19 / 40 acc 0.7812 MAE 0.6446 f1 0.7926
2025-12-18 18:13:28,191 - utils.logger2025-12-18-18.12.34 - INFO - Cur epoch 20 loss TA:0.5817 TV:0.6057 VA:1.1868 CE:0.3663
2025-12-18 18:13:28,788 - utils.logger2025-12-18-18.12.34 - INFO - Cur epoch 20 loss TA:0.5627 TV:0.5695 VA:1.1288 CE:0.3593
2025-12-18 18:13:29,337 - utils.logger2025-12-18-18.12.34 - INFO - Cur epoch 20 loss TA:0.3695 TV:0.4008 VA:0.7195 CE:0.3638
2025-12-18 18:13:29,399 - utils.logger2025-12-18-18.12.34 - INFO - saving the model at the end of epoch 20, iters 560
2025-12-18 18:13:29,472 - utils.logger2025-12-18-18.12.34 - INFO - End of training epoch 20 / 40 	 Time Taken: 2 sec
2025-12-18 18:13:29,472 - utils.logger2025-12-18-18.12.34 - INFO - learning rate = 0.0002000
2025-12-18 18:13:29,959 - utils.logger2025-12-18-18.12.34 - INFO - Val result of epoch 20 / 40 acc 0.7723 MAE 0.6492 f1 0.7883
2025-12-18 18:13:30,375 - utils.logger2025-12-18-18.12.34 - INFO - Tst result of epoch 20 / 40 acc 0.7723 MAE 0.6492 f1 0.7883
2025-12-18 18:13:31,283 - utils.logger2025-12-18-18.12.34 - INFO - Cur epoch 21 loss TA:0.5598 TV:0.5554 VA:1.1432 CE:0.3568
2025-12-18 18:13:31,791 - utils.logger2025-12-18-18.12.34 - INFO - Cur epoch 21 loss TA:0.5587 TV:0.5663 VA:1.1392 CE:0.3417
2025-12-18 18:13:32,291 - utils.logger2025-12-18-18.12.34 - INFO - saving the model at the end of epoch 21, iters 588
2025-12-18 18:13:32,375 - utils.logger2025-12-18-18.12.34 - INFO - End of training epoch 21 / 40 	 Time Taken: 1 sec
2025-12-18 18:13:32,375 - utils.logger2025-12-18-18.12.34 - INFO - learning rate = 0.0002000
2025-12-18 18:13:32,689 - utils.logger2025-12-18-18.12.34 - INFO - Val result of epoch 21 / 40 acc 0.7545 MAE 0.6285 f1 0.7679
2025-12-18 18:13:32,958 - utils.logger2025-12-18-18.12.34 - INFO - Tst result of epoch 21 / 40 acc 0.7545 MAE 0.6285 f1 0.7679
2025-12-18 18:13:33,266 - utils.logger2025-12-18-18.12.34 - INFO - Cur epoch 22 loss TA:0.5565 TV:0.5663 VA:1.1347 CE:0.3719
2025-12-18 18:13:33,868 - utils.logger2025-12-18-18.12.34 - INFO - Cur epoch 22 loss TA:0.5691 TV:0.5733 VA:1.1197 CE:0.3009
2025-12-18 18:13:34,421 - utils.logger2025-12-18-18.12.34 - INFO - Cur epoch 22 loss TA:0.5638 TV:0.5671 VA:1.1131 CE:0.2559
2025-12-18 18:13:34,824 - utils.logger2025-12-18-18.12.34 - INFO - saving the model at the end of epoch 22, iters 616
2025-12-18 18:13:34,902 - utils.logger2025-12-18-18.12.34 - INFO - End of training epoch 22 / 40 	 Time Taken: 1 sec
2025-12-18 18:13:34,902 - utils.logger2025-12-18-18.12.34 - INFO - learning rate = 0.0002000
2025-12-18 18:13:35,291 - utils.logger2025-12-18-18.12.34 - INFO - Val result of epoch 22 / 40 acc 0.7679 MAE 0.6493 f1 0.7874
2025-12-18 18:13:35,595 - utils.logger2025-12-18-18.12.34 - INFO - Tst result of epoch 22 / 40 acc 0.7679 MAE 0.6493 f1 0.7874
2025-12-18 18:13:36,037 - utils.logger2025-12-18-18.12.34 - INFO - Cur epoch 23 loss TA:0.5530 TV:0.5537 VA:1.1148 CE:0.3615
2025-12-18 18:13:36,503 - utils.logger2025-12-18-18.12.34 - INFO - Cur epoch 23 loss TA:0.5468 TV:0.5460 VA:1.1116 CE:0.2753
2025-12-18 18:13:36,951 - utils.logger2025-12-18-18.12.34 - INFO - Cur epoch 23 loss TA:0.5228 TV:0.5296 VA:1.0876 CE:0.3013
2025-12-18 18:13:37,201 - utils.logger2025-12-18-18.12.34 - INFO - saving the model at the end of epoch 23, iters 644
2025-12-18 18:13:37,272 - utils.logger2025-12-18-18.12.34 - INFO - End of training epoch 23 / 40 	 Time Taken: 1 sec
2025-12-18 18:13:37,273 - utils.logger2025-12-18-18.12.34 - INFO - learning rate = 0.0002000
2025-12-18 18:13:37,555 - utils.logger2025-12-18-18.12.34 - INFO - Val result of epoch 23 / 40 acc 0.7857 MAE 0.6549 f1 0.8033
2025-12-18 18:13:37,858 - utils.logger2025-12-18-18.12.34 - INFO - Tst result of epoch 23 / 40 acc 0.7857 MAE 0.6549 f1 0.8033
2025-12-18 18:13:38,432 - utils.logger2025-12-18-18.12.34 - INFO - Cur epoch 24 loss TA:0.5304 TV:0.5427 VA:1.0846 CE:0.1597
2025-12-18 18:13:39,018 - utils.logger2025-12-18-18.12.34 - INFO - Cur epoch 24 loss TA:0.5392 TV:0.5566 VA:1.0908 CE:0.2406
2025-12-18 18:13:39,570 - utils.logger2025-12-18-18.12.34 - INFO - Cur epoch 24 loss TA:0.5253 TV:0.5301 VA:1.0551 CE:0.2284
2025-12-18 18:13:39,748 - utils.logger2025-12-18-18.12.34 - INFO - saving the model at the end of epoch 24, iters 672
2025-12-18 18:13:39,822 - utils.logger2025-12-18-18.12.34 - INFO - End of training epoch 24 / 40 	 Time Taken: 1 sec
2025-12-18 18:13:39,822 - utils.logger2025-12-18-18.12.34 - INFO - learning rate = 0.0002000
2025-12-18 18:13:40,137 - utils.logger2025-12-18-18.12.34 - INFO - Val result of epoch 24 / 40 acc 0.7857 MAE 0.6566 f1 0.8079
2025-12-18 18:13:40,404 - utils.logger2025-12-18-18.12.34 - INFO - Tst result of epoch 24 / 40 acc 0.7857 MAE 0.6566 f1 0.8079
2025-12-18 18:13:41,043 - utils.logger2025-12-18-18.12.34 - INFO - Cur epoch 25 loss TA:0.5238 TV:0.5327 VA:1.0792 CE:0.2434
2025-12-18 18:13:41,584 - utils.logger2025-12-18-18.12.34 - INFO - Cur epoch 25 loss TA:0.5254 TV:0.5470 VA:1.0641 CE:0.2412
2025-12-18 18:13:42,139 - utils.logger2025-12-18-18.12.34 - INFO - Cur epoch 25 loss TA:0.2884 TV:0.3277 VA:0.6081 CE:0.2256
2025-12-18 18:13:42,203 - utils.logger2025-12-18-18.12.34 - INFO - saving the model at the end of epoch 25, iters 700
2025-12-18 18:13:42,277 - utils.logger2025-12-18-18.12.34 - INFO - End of training epoch 25 / 40 	 Time Taken: 1 sec
2025-12-18 18:13:42,277 - utils.logger2025-12-18-18.12.34 - INFO - learning rate = 0.0002000
2025-12-18 18:13:42,567 - utils.logger2025-12-18-18.12.34 - INFO - Val result of epoch 25 / 40 acc 0.7902 MAE 0.6474 f1 0.8079
2025-12-18 18:13:42,872 - utils.logger2025-12-18-18.12.34 - INFO - Tst result of epoch 25 / 40 acc 0.7902 MAE 0.6474 f1 0.8079
2025-12-18 18:13:43,646 - utils.logger2025-12-18-18.12.34 - INFO - Cur epoch 26 loss TA:0.5610 TV:0.5575 VA:1.0876 CE:0.2359
2025-12-18 18:13:44,179 - utils.logger2025-12-18-18.12.34 - INFO - Cur epoch 26 loss TA:0.5231 TV:0.5477 VA:1.0627 CE:0.3495
2025-12-18 18:13:44,649 - utils.logger2025-12-18-18.12.34 - INFO - saving the model at the end of epoch 26, iters 728
2025-12-18 18:13:44,716 - utils.logger2025-12-18-18.12.34 - INFO - End of training epoch 26 / 40 	 Time Taken: 1 sec
2025-12-18 18:13:44,716 - utils.logger2025-12-18-18.12.34 - INFO - learning rate = 0.0002000
2025-12-18 18:13:44,995 - utils.logger2025-12-18-18.12.34 - INFO - Val result of epoch 26 / 40 acc 0.7902 MAE 0.6584 f1 0.8052
2025-12-18 18:13:45,287 - utils.logger2025-12-18-18.12.34 - INFO - Tst result of epoch 26 / 40 acc 0.7902 MAE 0.6584 f1 0.8052
2025-12-18 18:13:45,596 - utils.logger2025-12-18-18.12.34 - INFO - Cur epoch 27 loss TA:0.5286 TV:0.5478 VA:1.0762 CE:0.2815
2025-12-18 18:13:46,091 - utils.logger2025-12-18-18.12.34 - INFO - Cur epoch 27 loss TA:0.5336 TV:0.5308 VA:1.0690 CE:0.2860
2025-12-18 18:13:46,576 - utils.logger2025-12-18-18.12.34 - INFO - Cur epoch 27 loss TA:0.5355 TV:0.5463 VA:1.0547 CE:0.2543
2025-12-18 18:13:46,910 - utils.logger2025-12-18-18.12.34 - INFO - saving the model at the end of epoch 27, iters 756
2025-12-18 18:13:46,982 - utils.logger2025-12-18-18.12.34 - INFO - End of training epoch 27 / 40 	 Time Taken: 1 sec
2025-12-18 18:13:46,982 - utils.logger2025-12-18-18.12.34 - INFO - learning rate = 0.0002000
2025-12-18 18:13:47,439 - utils.logger2025-12-18-18.12.34 - INFO - Val result of epoch 27 / 40 acc 0.7723 MAE 0.6426 f1 0.7846
2025-12-18 18:13:47,716 - utils.logger2025-12-18-18.12.34 - INFO - Tst result of epoch 27 / 40 acc 0.7723 MAE 0.6426 f1 0.7846
2025-12-18 18:13:48,142 - utils.logger2025-12-18-18.12.34 - INFO - Cur epoch 28 loss TA:0.5338 TV:0.5347 VA:1.0699 CE:0.2955
2025-12-18 18:13:48,754 - utils.logger2025-12-18-18.12.34 - INFO - Cur epoch 28 loss TA:0.5067 TV:0.5118 VA:1.0085 CE:0.1844
2025-12-18 18:13:49,304 - utils.logger2025-12-18-18.12.34 - INFO - Cur epoch 28 loss TA:0.5258 TV:0.5436 VA:1.0774 CE:0.2038
2025-12-18 18:13:49,596 - utils.logger2025-12-18-18.12.34 - INFO - saving the model at the end of epoch 28, iters 784
2025-12-18 18:13:49,674 - utils.logger2025-12-18-18.12.34 - INFO - End of training epoch 28 / 40 	 Time Taken: 1 sec
2025-12-18 18:13:49,674 - utils.logger2025-12-18-18.12.34 - INFO - learning rate = 0.0002000
2025-12-18 18:13:50,166 - utils.logger2025-12-18-18.12.34 - INFO - Val result of epoch 28 / 40 acc 0.7946 MAE 0.6619 f1 0.8137
2025-12-18 18:13:50,479 - utils.logger2025-12-18-18.12.34 - INFO - Tst result of epoch 28 / 40 acc 0.7946 MAE 0.6619 f1 0.8137
2025-12-18 18:13:51,105 - utils.logger2025-12-18-18.12.34 - INFO - Cur epoch 29 loss TA:0.5259 TV:0.5381 VA:1.0448 CE:0.2747
2025-12-18 18:13:51,675 - utils.logger2025-12-18-18.12.34 - INFO - Cur epoch 29 loss TA:0.5345 TV:0.5435 VA:1.0660 CE:0.2310
2025-12-18 18:13:52,206 - utils.logger2025-12-18-18.12.34 - INFO - Cur epoch 29 loss TA:0.5253 TV:0.5224 VA:1.0628 CE:0.2446
2025-12-18 18:13:52,355 - utils.logger2025-12-18-18.12.34 - INFO - saving the model at the end of epoch 29, iters 812
2025-12-18 18:13:52,421 - utils.logger2025-12-18-18.12.34 - INFO - End of training epoch 29 / 40 	 Time Taken: 1 sec
2025-12-18 18:13:52,421 - utils.logger2025-12-18-18.12.34 - INFO - learning rate = 0.0002000
2025-12-18 18:13:52,696 - utils.logger2025-12-18-18.12.34 - INFO - Val result of epoch 29 / 40 acc 0.7812 MAE 0.6377 f1 0.7996
2025-12-18 18:13:52,996 - utils.logger2025-12-18-18.12.34 - INFO - Tst result of epoch 29 / 40 acc 0.7812 MAE 0.6377 f1 0.7996
2025-12-18 18:13:53,715 - utils.logger2025-12-18-18.12.34 - INFO - Cur epoch 30 loss TA:0.5207 TV:0.5259 VA:1.0168 CE:0.2811
2025-12-18 18:13:54,283 - utils.logger2025-12-18-18.12.34 - INFO - Cur epoch 30 loss TA:0.5280 TV:0.5355 VA:1.0394 CE:0.2652
2025-12-18 18:13:54,787 - utils.logger2025-12-18-18.12.34 - INFO - Cur epoch 30 loss TA:0.2502 TV:0.2586 VA:0.4834 CE:0.2596
2025-12-18 18:13:54,848 - utils.logger2025-12-18-18.12.34 - INFO - saving the model at the end of epoch 30, iters 840
2025-12-18 18:13:54,907 - utils.logger2025-12-18-18.12.34 - INFO - End of training epoch 30 / 40 	 Time Taken: 1 sec
2025-12-18 18:13:54,907 - utils.logger2025-12-18-18.12.34 - INFO - learning rate = 0.0001818
2025-12-18 18:13:55,441 - utils.logger2025-12-18-18.12.34 - INFO - Val result of epoch 30 / 40 acc 0.7679 MAE 0.6462 f1 0.7883
2025-12-18 18:13:55,711 - utils.logger2025-12-18-18.12.34 - INFO - Tst result of epoch 30 / 40 acc 0.7679 MAE 0.6462 f1 0.7883
2025-12-18 18:13:56,649 - utils.logger2025-12-18-18.12.34 - INFO - Cur epoch 31 loss TA:0.5235 TV:0.5126 VA:1.0513 CE:0.1502
2025-12-18 18:13:57,290 - utils.logger2025-12-18-18.12.34 - INFO - Cur epoch 31 loss TA:0.5214 TV:0.5368 VA:1.0559 CE:0.2530
2025-12-18 18:13:57,891 - utils.logger2025-12-18-18.12.34 - INFO - saving the model at the end of epoch 31, iters 868
2025-12-18 18:13:57,981 - utils.logger2025-12-18-18.12.34 - INFO - End of training epoch 31 / 40 	 Time Taken: 2 sec
2025-12-18 18:13:57,981 - utils.logger2025-12-18-18.12.34 - INFO - learning rate = 0.0001636
2025-12-18 18:13:58,258 - utils.logger2025-12-18-18.12.34 - INFO - Val result of epoch 31 / 40 acc 0.7902 MAE 0.6525 f1 0.8183
2025-12-18 18:13:58,538 - utils.logger2025-12-18-18.12.34 - INFO - Tst result of epoch 31 / 40 acc 0.7902 MAE 0.6525 f1 0.8183
2025-12-18 18:13:58,812 - utils.logger2025-12-18-18.12.34 - INFO - Cur epoch 32 loss TA:0.4880 TV:0.4954 VA:0.9838 CE:0.2133
2025-12-18 18:13:59,282 - utils.logger2025-12-18-18.12.34 - INFO - Cur epoch 32 loss TA:0.5025 TV:0.5072 VA:0.9957 CE:0.2334
2025-12-18 18:13:59,763 - utils.logger2025-12-18-18.12.34 - INFO - Cur epoch 32 loss TA:0.5138 TV:0.5219 VA:1.0261 CE:0.2653
2025-12-18 18:14:00,132 - utils.logger2025-12-18-18.12.34 - INFO - saving the model at the end of epoch 32, iters 896
2025-12-18 18:14:00,213 - utils.logger2025-12-18-18.12.34 - INFO - End of training epoch 32 / 40 	 Time Taken: 1 sec
2025-12-18 18:14:00,213 - utils.logger2025-12-18-18.12.34 - INFO - learning rate = 0.0001455
2025-12-18 18:14:00,733 - utils.logger2025-12-18-18.12.34 - INFO - Val result of epoch 32 / 40 acc 0.7634 MAE 0.6575 f1 0.7880
2025-12-18 18:14:01,078 - utils.logger2025-12-18-18.12.34 - INFO - Tst result of epoch 32 / 40 acc 0.7634 MAE 0.6575 f1 0.7880
2025-12-18 18:14:01,549 - utils.logger2025-12-18-18.12.34 - INFO - Cur epoch 33 loss TA:0.5271 TV:0.5269 VA:1.0516 CE:0.2076
2025-12-18 18:14:02,193 - utils.logger2025-12-18-18.12.34 - INFO - Cur epoch 33 loss TA:0.5026 TV:0.5011 VA:1.0211 CE:0.2067
2025-12-18 18:14:02,794 - utils.logger2025-12-18-18.12.34 - INFO - Cur epoch 33 loss TA:0.5181 TV:0.5210 VA:1.0005 CE:0.2028
2025-12-18 18:14:03,055 - utils.logger2025-12-18-18.12.34 - INFO - saving the model at the end of epoch 33, iters 924
2025-12-18 18:14:03,128 - utils.logger2025-12-18-18.12.34 - INFO - End of training epoch 33 / 40 	 Time Taken: 2 sec
2025-12-18 18:14:03,128 - utils.logger2025-12-18-18.12.34 - INFO - learning rate = 0.0001273
2025-12-18 18:14:03,645 - utils.logger2025-12-18-18.12.34 - INFO - Val result of epoch 33 / 40 acc 0.7723 MAE 0.6459 f1 0.7979
2025-12-18 18:14:04,170 - utils.logger2025-12-18-18.12.34 - INFO - Tst result of epoch 33 / 40 acc 0.7723 MAE 0.6459 f1 0.7979
2025-12-18 18:14:04,767 - utils.logger2025-12-18-18.12.34 - INFO - Cur epoch 34 loss TA:0.5195 TV:0.5348 VA:1.0364 CE:0.2087
2025-12-18 18:14:05,342 - utils.logger2025-12-18-18.12.34 - INFO - Cur epoch 34 loss TA:0.5000 TV:0.5009 VA:0.9876 CE:0.2013
2025-12-18 18:14:05,906 - utils.logger2025-12-18-18.12.34 - INFO - Cur epoch 34 loss TA:0.5044 TV:0.5064 VA:1.0204 CE:0.2196
2025-12-18 18:14:06,075 - utils.logger2025-12-18-18.12.34 - INFO - saving the model at the end of epoch 34, iters 952
2025-12-18 18:14:06,149 - utils.logger2025-12-18-18.12.34 - INFO - End of training epoch 34 / 40 	 Time Taken: 1 sec
2025-12-18 18:14:06,149 - utils.logger2025-12-18-18.12.34 - INFO - learning rate = 0.0001091
2025-12-18 18:14:06,431 - utils.logger2025-12-18-18.12.34 - INFO - Val result of epoch 34 / 40 acc 0.7768 MAE 0.6545 f1 0.7941
2025-12-18 18:14:06,745 - utils.logger2025-12-18-18.12.34 - INFO - Tst result of epoch 34 / 40 acc 0.7768 MAE 0.6545 f1 0.7941
2025-12-18 18:14:07,462 - utils.logger2025-12-18-18.12.34 - INFO - Cur epoch 35 loss TA:0.4950 TV:0.5029 VA:0.9930 CE:0.2663
2025-12-18 18:14:08,035 - utils.logger2025-12-18-18.12.34 - INFO - Cur epoch 35 loss TA:0.4945 TV:0.5064 VA:0.9984 CE:0.2013
2025-12-18 18:14:08,625 - utils.logger2025-12-18-18.12.34 - INFO - Cur epoch 35 loss TA:0.2540 TV:0.2610 VA:0.4799 CE:0.1938
2025-12-18 18:14:08,683 - utils.logger2025-12-18-18.12.34 - INFO - saving the model at the end of epoch 35, iters 980
2025-12-18 18:14:08,756 - utils.logger2025-12-18-18.12.34 - INFO - End of training epoch 35 / 40 	 Time Taken: 2 sec
2025-12-18 18:14:08,756 - utils.logger2025-12-18-18.12.34 - INFO - learning rate = 0.0000909
2025-12-18 18:14:09,056 - utils.logger2025-12-18-18.12.34 - INFO - Val result of epoch 35 / 40 acc 0.7723 MAE 0.6476 f1 0.7887
2025-12-18 18:14:09,343 - utils.logger2025-12-18-18.12.34 - INFO - Tst result of epoch 35 / 40 acc 0.7723 MAE 0.6476 f1 0.7887
2025-12-18 18:14:10,164 - utils.logger2025-12-18-18.12.34 - INFO - Cur epoch 36 loss TA:0.5029 TV:0.5063 VA:0.9727 CE:0.2113
2025-12-18 18:14:10,720 - utils.logger2025-12-18-18.12.34 - INFO - Cur epoch 36 loss TA:0.4917 TV:0.4914 VA:0.9673 CE:0.2882
2025-12-18 18:14:11,258 - utils.logger2025-12-18-18.12.34 - INFO - saving the model at the end of epoch 36, iters 1008
2025-12-18 18:14:11,344 - utils.logger2025-12-18-18.12.34 - INFO - End of training epoch 36 / 40 	 Time Taken: 1 sec
2025-12-18 18:14:11,344 - utils.logger2025-12-18-18.12.34 - INFO - learning rate = 0.0000727
2025-12-18 18:14:11,672 - utils.logger2025-12-18-18.12.34 - INFO - Val result of epoch 36 / 40 acc 0.7589 MAE 0.6449 f1 0.7780
2025-12-18 18:14:11,988 - utils.logger2025-12-18-18.12.34 - INFO - Tst result of epoch 36 / 40 acc 0.7589 MAE 0.6449 f1 0.7780
2025-12-18 18:14:12,317 - utils.logger2025-12-18-18.12.34 - INFO - Cur epoch 37 loss TA:0.4999 TV:0.5057 VA:1.0078 CE:0.1929
2025-12-18 18:14:12,918 - utils.logger2025-12-18-18.12.34 - INFO - Cur epoch 37 loss TA:0.4793 TV:0.4827 VA:0.9698 CE:0.1792
2025-12-18 18:14:13,505 - utils.logger2025-12-18-18.12.34 - INFO - Cur epoch 37 loss TA:0.5002 TV:0.5093 VA:0.9969 CE:0.1818
2025-12-18 18:14:13,928 - utils.logger2025-12-18-18.12.34 - INFO - saving the model at the end of epoch 37, iters 1036
2025-12-18 18:14:14,012 - utils.logger2025-12-18-18.12.34 - INFO - End of training epoch 37 / 40 	 Time Taken: 2 sec
2025-12-18 18:14:14,012 - utils.logger2025-12-18-18.12.34 - INFO - learning rate = 0.0000545
2025-12-18 18:14:14,372 - utils.logger2025-12-18-18.12.34 - INFO - Val result of epoch 37 / 40 acc 0.7411 MAE 0.6494 f1 0.7637
2025-12-18 18:14:14,704 - utils.logger2025-12-18-18.12.34 - INFO - Tst result of epoch 37 / 40 acc 0.7411 MAE 0.6494 f1 0.7637
2025-12-18 18:14:15,138 - utils.logger2025-12-18-18.12.34 - INFO - Cur epoch 38 loss TA:0.4861 TV:0.4891 VA:0.9733 CE:0.1548
2025-12-18 18:14:15,735 - utils.logger2025-12-18-18.12.34 - INFO - Cur epoch 38 loss TA:0.4906 TV:0.4923 VA:0.9700 CE:0.2191
2025-12-18 18:14:16,279 - utils.logger2025-12-18-18.12.34 - INFO - Cur epoch 38 loss TA:0.4839 TV:0.4812 VA:0.9963 CE:0.1830
2025-12-18 18:14:16,589 - utils.logger2025-12-18-18.12.34 - INFO - saving the model at the end of epoch 38, iters 1064
2025-12-18 18:14:16,672 - utils.logger2025-12-18-18.12.34 - INFO - End of training epoch 38 / 40 	 Time Taken: 1 sec
2025-12-18 18:14:16,672 - utils.logger2025-12-18-18.12.34 - INFO - learning rate = 0.0000364
2025-12-18 18:14:17,071 - utils.logger2025-12-18-18.12.34 - INFO - Val result of epoch 38 / 40 acc 0.7723 MAE 0.6541 f1 0.7891
2025-12-18 18:14:17,384 - utils.logger2025-12-18-18.12.34 - INFO - Tst result of epoch 38 / 40 acc 0.7723 MAE 0.6541 f1 0.7891
2025-12-18 18:14:17,983 - utils.logger2025-12-18-18.12.34 - INFO - Cur epoch 39 loss TA:0.4885 TV:0.4968 VA:0.9988 CE:0.2197
2025-12-18 18:14:18,604 - utils.logger2025-12-18-18.12.34 - INFO - Cur epoch 39 loss TA:0.4965 TV:0.5080 VA:1.0096 CE:0.2059
2025-12-18 18:14:19,206 - utils.logger2025-12-18-18.12.34 - INFO - Cur epoch 39 loss TA:0.5081 TV:0.5100 VA:0.9912 CE:0.2210
2025-12-18 18:14:19,379 - utils.logger2025-12-18-18.12.34 - INFO - saving the model at the end of epoch 39, iters 1092
2025-12-18 18:14:19,479 - utils.logger2025-12-18-18.12.34 - INFO - End of training epoch 39 / 40 	 Time Taken: 2 sec
2025-12-18 18:14:19,479 - utils.logger2025-12-18-18.12.34 - INFO - learning rate = 0.0000182
2025-12-18 18:14:19,996 - utils.logger2025-12-18-18.12.34 - INFO - Val result of epoch 39 / 40 acc 0.7634 MAE 0.6550 f1 0.7887
2025-12-18 18:14:20,521 - utils.logger2025-12-18-18.12.34 - INFO - Tst result of epoch 39 / 40 acc 0.7634 MAE 0.6550 f1 0.7887
2025-12-18 18:14:21,313 - utils.logger2025-12-18-18.12.34 - INFO - Cur epoch 40 loss TA:0.4891 TV:0.4883 VA:0.9777 CE:0.1127
2025-12-18 18:14:21,877 - utils.logger2025-12-18-18.12.34 - INFO - Cur epoch 40 loss TA:0.5048 TV:0.5017 VA:1.0020 CE:0.1787
2025-12-18 18:14:22,523 - utils.logger2025-12-18-18.12.34 - INFO - Cur epoch 40 loss TA:0.2222 TV:0.2254 VA:0.4699 CE:0.1580
2025-12-18 18:14:22,600 - utils.logger2025-12-18-18.12.34 - INFO - saving the model at the end of epoch 40, iters 1120
2025-12-18 18:14:22,686 - utils.logger2025-12-18-18.12.34 - INFO - End of training epoch 40 / 40 	 Time Taken: 2 sec
2025-12-18 18:14:22,686 - utils.logger2025-12-18-18.12.34 - INFO - learning rate = 0.0000000
2025-12-18 18:14:23,119 - utils.logger2025-12-18-18.12.34 - INFO - Val result of epoch 40 / 40 acc 0.7634 MAE 0.6569 f1 0.7880
2025-12-18 18:14:23,474 - utils.logger2025-12-18-18.12.34 - INFO - Tst result of epoch 40 / 40 acc 0.7634 MAE 0.6569 f1 0.7880
2025-12-18 18:14:23,474 - utils.logger2025-12-18-18.12.34 - INFO - Best eval epoch 31 found with f1 0.818277
