2026-03-03 19:23:06,281 - utils.logger2026-03-03-19.23.06 - INFO - The number of training samples = 1750
2026-03-03 19:23:09,173 - utils.logger2026-03-03-19.23.06 - INFO - Cur epoch 1 loss TA:1.0328 TV:1.0327 VA:2.0634 CE:3.1523
2026-03-03 19:23:09,731 - utils.logger2026-03-03-19.23.06 - INFO - Cur epoch 1 loss TA:1.0360 TV:1.0346 VA:2.0693 CE:2.4435
2026-03-03 19:23:10,198 - utils.logger2026-03-03-19.23.06 - INFO - saving the model at the end of epoch 1, iters 28
2026-03-03 19:23:10,272 - utils.logger2026-03-03-19.23.06 - INFO - End of training epoch 1 / 40 	 Time Taken: 3 sec
2026-03-03 19:23:10,272 - utils.logger2026-03-03-19.23.06 - INFO - learning rate = 0.0002000
2026-03-03 19:23:10,731 - utils.logger2026-03-03-19.23.06 - INFO - Val result of epoch 1 / 40 acc 0.6027 MAE 0.2237 f1 0.6205
2026-03-03 19:23:11,190 - utils.logger2026-03-03-19.23.06 - INFO - Tst result of epoch 1 / 40 acc 0.6027 MAE 0.2237 f1 0.6205
2026-03-03 19:23:11,621 - utils.logger2026-03-03-19.23.06 - INFO - Cur epoch 2 loss TA:1.0262 TV:1.0241 VA:2.0562 CE:2.8823
2026-03-03 19:23:12,211 - utils.logger2026-03-03-19.23.06 - INFO - Cur epoch 2 loss TA:1.0188 TV:1.0169 VA:2.0463 CE:2.4367
2026-03-03 19:23:12,803 - utils.logger2026-03-03-19.23.06 - INFO - Cur epoch 2 loss TA:1.0125 TV:1.0009 VA:2.0297 CE:2.5374
2026-03-03 19:23:13,261 - utils.logger2026-03-03-19.23.06 - INFO - saving the model at the end of epoch 2, iters 56
2026-03-03 19:23:13,337 - utils.logger2026-03-03-19.23.06 - INFO - End of training epoch 2 / 40 	 Time Taken: 2 sec
2026-03-03 19:23:13,337 - utils.logger2026-03-03-19.23.06 - INFO - learning rate = 0.0002000
2026-03-03 19:23:13,835 - utils.logger2026-03-03-19.23.06 - INFO - Val result of epoch 2 / 40 acc 0.6429 MAE 0.3616 f1 0.6526
2026-03-03 19:23:14,356 - utils.logger2026-03-03-19.23.06 - INFO - Tst result of epoch 2 / 40 acc 0.6429 MAE 0.3616 f1 0.6526
2026-03-03 19:23:15,060 - utils.logger2026-03-03-19.23.06 - INFO - Cur epoch 3 loss TA:0.9953 TV:0.9820 VA:2.0065 CE:2.2900
2026-03-03 19:23:15,726 - utils.logger2026-03-03-19.23.06 - INFO - Cur epoch 3 loss TA:0.9876 TV:0.9672 VA:1.9826 CE:2.4611
2026-03-03 19:23:16,428 - utils.logger2026-03-03-19.23.06 - INFO - Cur epoch 3 loss TA:0.9596 TV:0.9441 VA:1.9177 CE:2.0313
2026-03-03 19:23:16,779 - utils.logger2026-03-03-19.23.06 - INFO - saving the model at the end of epoch 3, iters 84
2026-03-03 19:23:16,884 - utils.logger2026-03-03-19.23.06 - INFO - End of training epoch 3 / 40 	 Time Taken: 2 sec
2026-03-03 19:23:16,884 - utils.logger2026-03-03-19.23.06 - INFO - learning rate = 0.0002000
2026-03-03 19:23:17,376 - utils.logger2026-03-03-19.23.06 - INFO - Val result of epoch 3 / 40 acc 0.6830 MAE 0.4650 f1 0.6933
2026-03-03 19:23:17,833 - utils.logger2026-03-03-19.23.06 - INFO - Tst result of epoch 3 / 40 acc 0.6830 MAE 0.4650 f1 0.6933
2026-03-03 19:23:18,683 - utils.logger2026-03-03-19.23.06 - INFO - Cur epoch 4 loss TA:0.9414 TV:0.9290 VA:1.8752 CE:2.6226
2026-03-03 19:23:19,393 - utils.logger2026-03-03-19.23.06 - INFO - Cur epoch 4 loss TA:0.9164 TV:0.9144 VA:1.8453 CE:2.0557
2026-03-03 19:23:20,073 - utils.logger2026-03-03-19.23.06 - INFO - Cur epoch 4 loss TA:0.9254 TV:0.9065 VA:1.8597 CE:2.1062
2026-03-03 19:23:20,273 - utils.logger2026-03-03-19.23.06 - INFO - saving the model at the end of epoch 4, iters 112
2026-03-03 19:23:20,381 - utils.logger2026-03-03-19.23.06 - INFO - End of training epoch 4 / 40 	 Time Taken: 2 sec
2026-03-03 19:23:20,381 - utils.logger2026-03-03-19.23.06 - INFO - learning rate = 0.0002000
2026-03-03 19:23:20,862 - utils.logger2026-03-03-19.23.06 - INFO - Val result of epoch 4 / 40 acc 0.6607 MAE 0.5469 f1 0.7053
2026-03-03 19:23:21,357 - utils.logger2026-03-03-19.23.06 - INFO - Tst result of epoch 4 / 40 acc 0.6607 MAE 0.5469 f1 0.7053
2026-03-03 19:23:22,268 - utils.logger2026-03-03-19.23.06 - INFO - Cur epoch 5 loss TA:0.8963 TV:0.9015 VA:1.7780 CE:1.3333
2026-03-03 19:23:22,939 - utils.logger2026-03-03-19.23.06 - INFO - Cur epoch 5 loss TA:0.8866 TV:0.8896 VA:1.7898 CE:1.7105
2026-03-03 19:23:23,734 - utils.logger2026-03-03-19.23.06 - INFO - Cur epoch 5 loss TA:0.6206 TV:0.6074 VA:1.2514 CE:1.8758
2026-03-03 19:23:23,795 - utils.logger2026-03-03-19.23.06 - INFO - saving the model at the end of epoch 5, iters 140
2026-03-03 19:23:23,875 - utils.logger2026-03-03-19.23.06 - INFO - End of training epoch 5 / 40 	 Time Taken: 2 sec
2026-03-03 19:23:23,875 - utils.logger2026-03-03-19.23.06 - INFO - learning rate = 0.0002000
2026-03-03 19:23:24,384 - utils.logger2026-03-03-19.23.06 - INFO - Val result of epoch 5 / 40 acc 0.7455 MAE 0.5692 f1 0.7652
2026-03-03 19:23:24,872 - utils.logger2026-03-03-19.23.06 - INFO - Tst result of epoch 5 / 40 acc 0.7455 MAE 0.5692 f1 0.7652
2026-03-03 19:23:25,910 - utils.logger2026-03-03-19.23.06 - INFO - Cur epoch 6 loss TA:0.8776 TV:0.8701 VA:1.7452 CE:1.5431
2026-03-03 19:23:26,554 - utils.logger2026-03-03-19.23.06 - INFO - Cur epoch 6 loss TA:0.8612 TV:0.8712 VA:1.7238 CE:1.7652
2026-03-03 19:23:27,124 - utils.logger2026-03-03-19.23.06 - INFO - saving the model at the end of epoch 6, iters 168
2026-03-03 19:23:27,211 - utils.logger2026-03-03-19.23.06 - INFO - End of training epoch 6 / 40 	 Time Taken: 2 sec
2026-03-03 19:23:27,211 - utils.logger2026-03-03-19.23.06 - INFO - learning rate = 0.0002000
2026-03-03 19:23:27,720 - utils.logger2026-03-03-19.23.06 - INFO - Val result of epoch 6 / 40 acc 0.7411 MAE 0.6044 f1 0.7677
2026-03-03 19:23:28,223 - utils.logger2026-03-03-19.23.06 - INFO - Tst result of epoch 6 / 40 acc 0.7411 MAE 0.6044 f1 0.7677
2026-03-03 19:23:28,685 - utils.logger2026-03-03-19.23.06 - INFO - Cur epoch 7 loss TA:0.8366 TV:0.8250 VA:1.6492 CE:1.0716
2026-03-03 19:23:29,370 - utils.logger2026-03-03-19.23.06 - INFO - Cur epoch 7 loss TA:0.8387 TV:0.8544 VA:1.6768 CE:1.4319
2026-03-03 19:23:30,079 - utils.logger2026-03-03-19.23.06 - INFO - Cur epoch 7 loss TA:0.8234 TV:0.8202 VA:1.6842 CE:1.6337
2026-03-03 19:23:30,544 - utils.logger2026-03-03-19.23.06 - INFO - saving the model at the end of epoch 7, iters 196
2026-03-03 19:23:30,647 - utils.logger2026-03-03-19.23.06 - INFO - End of training epoch 7 / 40 	 Time Taken: 2 sec
2026-03-03 19:23:30,648 - utils.logger2026-03-03-19.23.06 - INFO - learning rate = 0.0002000
2026-03-03 19:23:31,137 - utils.logger2026-03-03-19.23.06 - INFO - Val result of epoch 7 / 40 acc 0.7545 MAE 0.6001 f1 0.7788
2026-03-03 19:23:31,645 - utils.logger2026-03-03-19.23.06 - INFO - Tst result of epoch 7 / 40 acc 0.7545 MAE 0.6001 f1 0.7788
2026-03-03 19:23:32,293 - utils.logger2026-03-03-19.23.06 - INFO - Cur epoch 8 loss TA:0.7881 TV:0.7841 VA:1.5858 CE:1.2146
2026-03-03 19:23:32,981 - utils.logger2026-03-03-19.23.06 - INFO - Cur epoch 8 loss TA:0.7627 TV:0.7614 VA:1.6178 CE:1.2694
2026-03-03 19:23:33,628 - utils.logger2026-03-03-19.23.06 - INFO - Cur epoch 8 loss TA:0.8063 TV:0.8008 VA:1.6470 CE:1.3547
2026-03-03 19:23:33,977 - utils.logger2026-03-03-19.23.06 - INFO - saving the model at the end of epoch 8, iters 224
2026-03-03 19:23:34,065 - utils.logger2026-03-03-19.23.06 - INFO - End of training epoch 8 / 40 	 Time Taken: 2 sec
2026-03-03 19:23:34,066 - utils.logger2026-03-03-19.23.06 - INFO - learning rate = 0.0002000
2026-03-03 19:23:34,531 - utils.logger2026-03-03-19.23.06 - INFO - Val result of epoch 8 / 40 acc 0.7589 MAE 0.6307 f1 0.7917
2026-03-03 19:23:35,080 - utils.logger2026-03-03-19.23.06 - INFO - Tst result of epoch 8 / 40 acc 0.7589 MAE 0.6307 f1 0.7917
2026-03-03 19:23:35,852 - utils.logger2026-03-03-19.23.06 - INFO - Cur epoch 9 loss TA:0.7445 TV:0.7358 VA:1.5229 CE:1.2385
2026-03-03 19:23:36,501 - utils.logger2026-03-03-19.23.06 - INFO - Cur epoch 9 loss TA:0.7653 TV:0.7581 VA:1.5744 CE:1.1958
2026-03-03 19:23:37,157 - utils.logger2026-03-03-19.23.06 - INFO - Cur epoch 9 loss TA:0.7451 TV:0.7656 VA:1.5312 CE:1.0106
2026-03-03 19:23:37,346 - utils.logger2026-03-03-19.23.06 - INFO - saving the model at the end of epoch 9, iters 252
2026-03-03 19:23:37,436 - utils.logger2026-03-03-19.23.06 - INFO - End of training epoch 9 / 40 	 Time Taken: 2 sec
2026-03-03 19:23:37,436 - utils.logger2026-03-03-19.23.06 - INFO - learning rate = 0.0002000
2026-03-03 19:23:37,975 - utils.logger2026-03-03-19.23.06 - INFO - Val result of epoch 9 / 40 acc 0.7634 MAE 0.6272 f1 0.7965
2026-03-03 19:23:38,430 - utils.logger2026-03-03-19.23.06 - INFO - Tst result of epoch 9 / 40 acc 0.7634 MAE 0.6272 f1 0.7965
2026-03-03 19:23:39,317 - utils.logger2026-03-03-19.23.06 - INFO - Cur epoch 10 loss TA:0.6765 TV:0.7107 VA:1.4562 CE:1.0359
2026-03-03 19:23:40,009 - utils.logger2026-03-03-19.23.06 - INFO - Cur epoch 10 loss TA:0.7546 TV:0.7329 VA:1.4731 CE:1.1521
2026-03-03 19:23:40,614 - utils.logger2026-03-03-19.23.06 - INFO - Cur epoch 10 loss TA:0.4494 TV:0.4489 VA:0.9300 CE:1.6279
2026-03-03 19:23:40,666 - utils.logger2026-03-03-19.23.06 - INFO - saving the model at the end of epoch 10, iters 280
2026-03-03 19:23:40,746 - utils.logger2026-03-03-19.23.06 - INFO - End of training epoch 10 / 40 	 Time Taken: 2 sec
2026-03-03 19:23:40,746 - utils.logger2026-03-03-19.23.06 - INFO - learning rate = 0.0002000
2026-03-03 19:23:41,251 - utils.logger2026-03-03-19.23.06 - INFO - Val result of epoch 10 / 40 acc 0.7857 MAE 0.6410 f1 0.8033
2026-03-03 19:23:41,767 - utils.logger2026-03-03-19.23.06 - INFO - Tst result of epoch 10 / 40 acc 0.7857 MAE 0.6410 f1 0.8033
2026-03-03 19:23:42,777 - utils.logger2026-03-03-19.23.06 - INFO - Cur epoch 11 loss TA:0.7025 TV:0.7109 VA:1.4491 CE:0.9302
2026-03-03 19:23:43,448 - utils.logger2026-03-03-19.23.06 - INFO - Cur epoch 11 loss TA:0.6898 TV:0.6990 VA:1.4301 CE:0.8934
2026-03-03 19:23:43,986 - utils.logger2026-03-03-19.23.06 - INFO - saving the model at the end of epoch 11, iters 308
2026-03-03 19:23:44,060 - utils.logger2026-03-03-19.23.06 - INFO - End of training epoch 11 / 40 	 Time Taken: 2 sec
2026-03-03 19:23:44,060 - utils.logger2026-03-03-19.23.06 - INFO - learning rate = 0.0002000
2026-03-03 19:23:44,535 - utils.logger2026-03-03-19.23.06 - INFO - Val result of epoch 11 / 40 acc 0.7857 MAE 0.6463 f1 0.8122
2026-03-03 19:23:45,022 - utils.logger2026-03-03-19.23.06 - INFO - Tst result of epoch 11 / 40 acc 0.7857 MAE 0.6463 f1 0.8122
2026-03-03 19:23:45,492 - utils.logger2026-03-03-19.23.06 - INFO - Cur epoch 12 loss TA:0.6778 TV:0.6837 VA:1.4107 CE:0.7149
2026-03-03 19:23:46,081 - utils.logger2026-03-03-19.23.06 - INFO - Cur epoch 12 loss TA:0.7156 TV:0.7166 VA:1.4098 CE:0.7645
2026-03-03 19:23:46,691 - utils.logger2026-03-03-19.23.06 - INFO - Cur epoch 12 loss TA:0.6741 TV:0.6900 VA:1.4105 CE:0.8062
2026-03-03 19:23:47,059 - utils.logger2026-03-03-19.23.06 - INFO - saving the model at the end of epoch 12, iters 336
2026-03-03 19:23:47,137 - utils.logger2026-03-03-19.23.06 - INFO - End of training epoch 12 / 40 	 Time Taken: 2 sec
2026-03-03 19:23:47,137 - utils.logger2026-03-03-19.23.06 - INFO - learning rate = 0.0002000
2026-03-03 19:23:47,657 - utils.logger2026-03-03-19.23.06 - INFO - Val result of epoch 12 / 40 acc 0.7857 MAE 0.6547 f1 0.8092
2026-03-03 19:23:48,121 - utils.logger2026-03-03-19.23.06 - INFO - Tst result of epoch 12 / 40 acc 0.7857 MAE 0.6547 f1 0.8092
2026-03-03 19:23:48,635 - utils.logger2026-03-03-19.23.06 - INFO - Cur epoch 13 loss TA:0.6514 TV:0.6767 VA:1.3602 CE:0.7649
2026-03-03 19:23:49,223 - utils.logger2026-03-03-19.23.06 - INFO - Cur epoch 13 loss TA:0.6559 TV:0.6557 VA:1.3290 CE:0.7585
2026-03-03 19:23:49,800 - utils.logger2026-03-03-19.23.06 - INFO - Cur epoch 13 loss TA:0.6432 TV:0.6463 VA:1.3173 CE:0.6157
2026-03-03 19:23:50,082 - utils.logger2026-03-03-19.23.06 - INFO - saving the model at the end of epoch 13, iters 364
2026-03-03 19:23:50,158 - utils.logger2026-03-03-19.23.06 - INFO - End of training epoch 13 / 40 	 Time Taken: 2 sec
2026-03-03 19:23:50,158 - utils.logger2026-03-03-19.23.06 - INFO - learning rate = 0.0002000
2026-03-03 19:23:50,622 - utils.logger2026-03-03-19.23.06 - INFO - Val result of epoch 13 / 40 acc 0.7768 MAE 0.6544 f1 0.8112
2026-03-03 19:23:51,039 - utils.logger2026-03-03-19.23.06 - INFO - Tst result of epoch 13 / 40 acc 0.7768 MAE 0.6544 f1 0.8112
2026-03-03 19:23:51,760 - utils.logger2026-03-03-19.23.06 - INFO - Cur epoch 14 loss TA:0.6349 TV:0.6462 VA:1.2562 CE:0.3415
2026-03-03 19:23:52,289 - utils.logger2026-03-03-19.23.06 - INFO - Cur epoch 14 loss TA:0.6365 TV:0.6423 VA:1.2871 CE:0.4961
2026-03-03 19:23:52,850 - utils.logger2026-03-03-19.23.06 - INFO - Cur epoch 14 loss TA:0.6320 TV:0.6663 VA:1.3687 CE:0.7016
2026-03-03 19:23:53,003 - utils.logger2026-03-03-19.23.06 - INFO - saving the model at the end of epoch 14, iters 392
2026-03-03 19:23:53,083 - utils.logger2026-03-03-19.23.06 - INFO - End of training epoch 14 / 40 	 Time Taken: 2 sec
2026-03-03 19:23:53,083 - utils.logger2026-03-03-19.23.06 - INFO - learning rate = 0.0002000
2026-03-03 19:23:53,549 - utils.logger2026-03-03-19.23.06 - INFO - Val result of epoch 14 / 40 acc 0.7545 MAE 0.6445 f1 0.7827
2026-03-03 19:23:54,017 - utils.logger2026-03-03-19.23.06 - INFO - Tst result of epoch 14 / 40 acc 0.7545 MAE 0.6445 f1 0.7827
2026-03-03 19:23:54,758 - utils.logger2026-03-03-19.23.06 - INFO - Cur epoch 15 loss TA:0.6326 TV:0.6305 VA:1.2977 CE:0.4474
2026-03-03 19:23:55,352 - utils.logger2026-03-03-19.23.06 - INFO - Cur epoch 15 loss TA:0.6264 TV:0.6215 VA:1.2769 CE:0.5196
2026-03-03 19:23:55,935 - utils.logger2026-03-03-19.23.06 - INFO - Cur epoch 15 loss TA:0.3437 TV:0.3441 VA:0.7750 CE:0.6657
2026-03-03 19:23:55,997 - utils.logger2026-03-03-19.23.06 - INFO - saving the model at the end of epoch 15, iters 420
2026-03-03 19:23:56,077 - utils.logger2026-03-03-19.23.06 - INFO - End of training epoch 15 / 40 	 Time Taken: 2 sec
2026-03-03 19:23:56,078 - utils.logger2026-03-03-19.23.06 - INFO - learning rate = 0.0002000
2026-03-03 19:23:56,524 - utils.logger2026-03-03-19.23.06 - INFO - Val result of epoch 15 / 40 acc 0.7768 MAE 0.6525 f1 0.8026
2026-03-03 19:23:56,964 - utils.logger2026-03-03-19.23.06 - INFO - Tst result of epoch 15 / 40 acc 0.7768 MAE 0.6525 f1 0.8026
2026-03-03 19:23:57,863 - utils.logger2026-03-03-19.23.06 - INFO - Cur epoch 16 loss TA:0.6138 TV:0.6141 VA:1.2301 CE:0.5269
2026-03-03 19:23:58,398 - utils.logger2026-03-03-19.23.06 - INFO - Cur epoch 16 loss TA:0.6229 TV:0.6282 VA:1.2415 CE:0.6630
2026-03-03 19:23:58,883 - utils.logger2026-03-03-19.23.06 - INFO - saving the model at the end of epoch 16, iters 448
2026-03-03 19:23:58,955 - utils.logger2026-03-03-19.23.06 - INFO - End of training epoch 16 / 40 	 Time Taken: 1 sec
2026-03-03 19:23:58,955 - utils.logger2026-03-03-19.23.06 - INFO - learning rate = 0.0002000
2026-03-03 19:23:59,436 - utils.logger2026-03-03-19.23.06 - INFO - Val result of epoch 16 / 40 acc 0.7902 MAE 0.6611 f1 0.8117
2026-03-03 19:23:59,901 - utils.logger2026-03-03-19.23.06 - INFO - Tst result of epoch 16 / 40 acc 0.7902 MAE 0.6611 f1 0.8117
2026-03-03 19:24:00,323 - utils.logger2026-03-03-19.23.06 - INFO - Cur epoch 17 loss TA:0.5914 TV:0.5785 VA:1.1394 CE:0.2981
2026-03-03 19:24:00,877 - utils.logger2026-03-03-19.23.06 - INFO - Cur epoch 17 loss TA:0.5901 TV:0.6070 VA:1.2075 CE:0.5272
2026-03-03 19:24:01,440 - utils.logger2026-03-03-19.23.06 - INFO - Cur epoch 17 loss TA:0.5926 TV:0.6437 VA:1.2910 CE:0.3760
2026-03-03 19:24:01,800 - utils.logger2026-03-03-19.23.06 - INFO - saving the model at the end of epoch 17, iters 476
2026-03-03 19:24:01,875 - utils.logger2026-03-03-19.23.06 - INFO - End of training epoch 17 / 40 	 Time Taken: 1 sec
2026-03-03 19:24:01,875 - utils.logger2026-03-03-19.23.06 - INFO - learning rate = 0.0002000
2026-03-03 19:24:02,310 - utils.logger2026-03-03-19.23.06 - INFO - Val result of epoch 17 / 40 acc 0.7991 MAE 0.6667 f1 0.8225
2026-03-03 19:24:02,721 - utils.logger2026-03-03-19.23.06 - INFO - Tst result of epoch 17 / 40 acc 0.7991 MAE 0.6667 f1 0.8225
2026-03-03 19:24:03,224 - utils.logger2026-03-03-19.23.06 - INFO - Cur epoch 18 loss TA:0.5611 TV:0.5631 VA:1.1480 CE:0.3748
2026-03-03 19:24:03,831 - utils.logger2026-03-03-19.23.06 - INFO - Cur epoch 18 loss TA:0.6200 TV:0.6553 VA:1.3091 CE:0.4835
2026-03-03 19:24:04,425 - utils.logger2026-03-03-19.23.06 - INFO - Cur epoch 18 loss TA:0.5779 TV:0.5993 VA:1.1743 CE:0.4239
2026-03-03 19:24:04,691 - utils.logger2026-03-03-19.23.06 - INFO - saving the model at the end of epoch 18, iters 504
2026-03-03 19:24:04,771 - utils.logger2026-03-03-19.23.06 - INFO - End of training epoch 18 / 40 	 Time Taken: 2 sec
2026-03-03 19:24:04,771 - utils.logger2026-03-03-19.23.06 - INFO - learning rate = 0.0002000
2026-03-03 19:24:05,219 - utils.logger2026-03-03-19.23.06 - INFO - Val result of epoch 18 / 40 acc 0.8080 MAE 0.6716 f1 0.8321
2026-03-03 19:24:05,647 - utils.logger2026-03-03-19.23.06 - INFO - Tst result of epoch 18 / 40 acc 0.8080 MAE 0.6716 f1 0.8321
2026-03-03 19:24:06,305 - utils.logger2026-03-03-19.23.06 - INFO - Cur epoch 19 loss TA:0.5822 TV:0.5808 VA:1.2288 CE:0.3843
2026-03-03 19:24:06,822 - utils.logger2026-03-03-19.23.06 - INFO - Cur epoch 19 loss TA:0.5742 TV:0.5991 VA:1.1493 CE:0.7467
2026-03-03 19:24:07,332 - utils.logger2026-03-03-19.23.06 - INFO - Cur epoch 19 loss TA:0.5392 TV:0.5559 VA:1.1172 CE:0.3366
2026-03-03 19:24:07,492 - utils.logger2026-03-03-19.23.06 - INFO - saving the model at the end of epoch 19, iters 532
2026-03-03 19:24:07,568 - utils.logger2026-03-03-19.23.06 - INFO - End of training epoch 19 / 40 	 Time Taken: 1 sec
2026-03-03 19:24:07,568 - utils.logger2026-03-03-19.23.06 - INFO - learning rate = 0.0002000
2026-03-03 19:24:08,000 - utils.logger2026-03-03-19.23.06 - INFO - Val result of epoch 19 / 40 acc 0.7857 MAE 0.6628 f1 0.8160
2026-03-03 19:24:08,412 - utils.logger2026-03-03-19.23.06 - INFO - Tst result of epoch 19 / 40 acc 0.7857 MAE 0.6628 f1 0.8160
2026-03-03 19:24:09,142 - utils.logger2026-03-03-19.23.06 - INFO - Cur epoch 20 loss TA:0.5771 TV:0.5968 VA:1.1367 CE:0.3692
2026-03-03 19:24:09,750 - utils.logger2026-03-03-19.23.06 - INFO - Cur epoch 20 loss TA:0.5674 TV:0.5607 VA:1.1539 CE:0.3465
2026-03-03 19:24:10,392 - utils.logger2026-03-03-19.23.06 - INFO - Cur epoch 20 loss TA:0.2714 TV:0.3120 VA:0.4987 CE:0.3522
2026-03-03 19:24:10,458 - utils.logger2026-03-03-19.23.06 - INFO - saving the model at the end of epoch 20, iters 560
2026-03-03 19:24:10,541 - utils.logger2026-03-03-19.23.06 - INFO - End of training epoch 20 / 40 	 Time Taken: 2 sec
2026-03-03 19:24:10,541 - utils.logger2026-03-03-19.23.06 - INFO - learning rate = 0.0002000
2026-03-03 19:24:11,072 - utils.logger2026-03-03-19.23.06 - INFO - Val result of epoch 20 / 40 acc 0.7589 MAE 0.6620 f1 0.7916
2026-03-03 19:24:11,568 - utils.logger2026-03-03-19.23.06 - INFO - Tst result of epoch 20 / 40 acc 0.7589 MAE 0.6620 f1 0.7916
2026-03-03 19:24:12,538 - utils.logger2026-03-03-19.23.06 - INFO - Cur epoch 21 loss TA:0.5420 TV:0.5414 VA:1.0474 CE:0.3230
2026-03-03 19:24:13,185 - utils.logger2026-03-03-19.23.06 - INFO - Cur epoch 21 loss TA:0.5880 TV:0.6164 VA:1.2040 CE:0.2972
2026-03-03 19:24:13,761 - utils.logger2026-03-03-19.23.06 - INFO - saving the model at the end of epoch 21, iters 588
2026-03-03 19:24:13,850 - utils.logger2026-03-03-19.23.06 - INFO - End of training epoch 21 / 40 	 Time Taken: 2 sec
2026-03-03 19:24:13,850 - utils.logger2026-03-03-19.23.06 - INFO - learning rate = 0.0002000
2026-03-03 19:24:14,332 - utils.logger2026-03-03-19.23.06 - INFO - Val result of epoch 21 / 40 acc 0.7812 MAE 0.6572 f1 0.7991
2026-03-03 19:24:14,841 - utils.logger2026-03-03-19.23.06 - INFO - Tst result of epoch 21 / 40 acc 0.7812 MAE 0.6572 f1 0.7991
2026-03-03 19:24:15,363 - utils.logger2026-03-03-19.23.06 - INFO - Cur epoch 22 loss TA:0.5595 TV:0.5712 VA:1.0858 CE:0.3483
2026-03-03 19:24:15,985 - utils.logger2026-03-03-19.23.06 - INFO - Cur epoch 22 loss TA:0.5563 TV:0.5611 VA:1.1740 CE:0.3057
2026-03-03 19:24:16,658 - utils.logger2026-03-03-19.23.06 - INFO - Cur epoch 22 loss TA:0.5366 TV:0.5517 VA:1.1033 CE:0.3932
2026-03-03 19:24:17,124 - utils.logger2026-03-03-19.23.06 - INFO - saving the model at the end of epoch 22, iters 616
2026-03-03 19:24:17,217 - utils.logger2026-03-03-19.23.06 - INFO - End of training epoch 22 / 40 	 Time Taken: 2 sec
2026-03-03 19:24:17,217 - utils.logger2026-03-03-19.23.06 - INFO - learning rate = 0.0002000
2026-03-03 19:24:17,667 - utils.logger2026-03-03-19.23.06 - INFO - Val result of epoch 22 / 40 acc 0.7812 MAE 0.6666 f1 0.8017
2026-03-03 19:24:18,132 - utils.logger2026-03-03-19.23.06 - INFO - Tst result of epoch 22 / 40 acc 0.7812 MAE 0.6666 f1 0.8017
2026-03-03 19:24:18,773 - utils.logger2026-03-03-19.23.06 - INFO - Cur epoch 23 loss TA:0.5514 TV:0.5747 VA:1.1566 CE:0.3329
2026-03-03 19:24:19,366 - utils.logger2026-03-03-19.23.06 - INFO - Cur epoch 23 loss TA:0.5253 TV:0.5320 VA:1.0526 CE:0.3186
2026-03-03 19:24:19,947 - utils.logger2026-03-03-19.23.06 - INFO - Cur epoch 23 loss TA:0.5466 TV:0.5792 VA:1.1667 CE:0.3747
2026-03-03 19:24:20,244 - utils.logger2026-03-03-19.23.06 - INFO - saving the model at the end of epoch 23, iters 644
2026-03-03 19:24:20,324 - utils.logger2026-03-03-19.23.06 - INFO - End of training epoch 23 / 40 	 Time Taken: 2 sec
2026-03-03 19:24:20,324 - utils.logger2026-03-03-19.23.06 - INFO - learning rate = 0.0002000
2026-03-03 19:24:20,788 - utils.logger2026-03-03-19.23.06 - INFO - Val result of epoch 23 / 40 acc 0.7679 MAE 0.6619 f1 0.7933
2026-03-03 19:24:21,238 - utils.logger2026-03-03-19.23.06 - INFO - Tst result of epoch 23 / 40 acc 0.7679 MAE 0.6619 f1 0.7933
2026-03-03 19:24:22,002 - utils.logger2026-03-03-19.23.06 - INFO - Cur epoch 24 loss TA:0.5425 TV:0.5375 VA:1.0740 CE:0.3636
2026-03-03 19:24:22,599 - utils.logger2026-03-03-19.23.06 - INFO - Cur epoch 24 loss TA:0.5471 TV:0.5463 VA:1.1119 CE:0.5412
2026-03-03 19:24:23,213 - utils.logger2026-03-03-19.23.06 - INFO - Cur epoch 24 loss TA:0.5622 TV:0.5612 VA:1.0510 CE:0.3229
2026-03-03 19:24:23,384 - utils.logger2026-03-03-19.23.06 - INFO - saving the model at the end of epoch 24, iters 672
2026-03-03 19:24:23,463 - utils.logger2026-03-03-19.23.06 - INFO - End of training epoch 24 / 40 	 Time Taken: 2 sec
2026-03-03 19:24:23,464 - utils.logger2026-03-03-19.23.06 - INFO - learning rate = 0.0002000
2026-03-03 19:24:23,921 - utils.logger2026-03-03-19.23.06 - INFO - Val result of epoch 24 / 40 acc 0.7902 MAE 0.6665 f1 0.8162
2026-03-03 19:24:24,368 - utils.logger2026-03-03-19.23.06 - INFO - Tst result of epoch 24 / 40 acc 0.7902 MAE 0.6665 f1 0.8162
2026-03-03 19:24:25,256 - utils.logger2026-03-03-19.23.06 - INFO - Cur epoch 25 loss TA:0.5184 TV:0.5293 VA:1.0871 CE:0.2544
2026-03-03 19:24:25,887 - utils.logger2026-03-03-19.23.06 - INFO - Cur epoch 25 loss TA:0.5212 TV:0.5423 VA:1.1078 CE:0.2325
2026-03-03 19:24:26,552 - utils.logger2026-03-03-19.23.06 - INFO - Cur epoch 25 loss TA:0.2893 TV:0.3067 VA:0.5771 CE:0.3689
2026-03-03 19:24:26,616 - utils.logger2026-03-03-19.23.06 - INFO - saving the model at the end of epoch 25, iters 700
2026-03-03 19:24:26,699 - utils.logger2026-03-03-19.23.06 - INFO - End of training epoch 25 / 40 	 Time Taken: 2 sec
2026-03-03 19:24:26,699 - utils.logger2026-03-03-19.23.06 - INFO - learning rate = 0.0002000
2026-03-03 19:24:27,167 - utils.logger2026-03-03-19.23.06 - INFO - Val result of epoch 25 / 40 acc 0.7679 MAE 0.6690 f1 0.7857
2026-03-03 19:24:27,660 - utils.logger2026-03-03-19.23.06 - INFO - Tst result of epoch 25 / 40 acc 0.7679 MAE 0.6690 f1 0.7857
2026-03-03 19:24:28,680 - utils.logger2026-03-03-19.23.06 - INFO - Cur epoch 26 loss TA:0.5269 TV:0.5251 VA:1.0975 CE:0.3087
2026-03-03 19:24:29,363 - utils.logger2026-03-03-19.23.06 - INFO - Cur epoch 26 loss TA:0.5137 TV:0.5161 VA:1.0346 CE:0.3121
2026-03-03 19:24:29,962 - utils.logger2026-03-03-19.23.06 - INFO - saving the model at the end of epoch 26, iters 728
2026-03-03 19:24:30,067 - utils.logger2026-03-03-19.23.06 - INFO - End of training epoch 26 / 40 	 Time Taken: 2 sec
2026-03-03 19:24:30,068 - utils.logger2026-03-03-19.23.06 - INFO - learning rate = 0.0002000
2026-03-03 19:24:30,570 - utils.logger2026-03-03-19.23.06 - INFO - Val result of epoch 26 / 40 acc 0.7768 MAE 0.6669 f1 0.8015
2026-03-03 19:24:31,047 - utils.logger2026-03-03-19.23.06 - INFO - Tst result of epoch 26 / 40 acc 0.7768 MAE 0.6669 f1 0.8015
2026-03-03 19:24:31,574 - utils.logger2026-03-03-19.23.06 - INFO - Cur epoch 27 loss TA:0.5201 TV:0.5244 VA:1.0728 CE:0.2749
2026-03-03 19:24:32,236 - utils.logger2026-03-03-19.23.06 - INFO - Cur epoch 27 loss TA:0.5362 TV:0.5503 VA:1.0824 CE:0.1913
2026-03-03 19:24:32,891 - utils.logger2026-03-03-19.23.06 - INFO - Cur epoch 27 loss TA:0.5463 TV:0.5521 VA:1.0961 CE:0.2298
2026-03-03 19:24:33,358 - utils.logger2026-03-03-19.23.06 - INFO - saving the model at the end of epoch 27, iters 756
2026-03-03 19:24:33,457 - utils.logger2026-03-03-19.23.06 - INFO - End of training epoch 27 / 40 	 Time Taken: 2 sec
2026-03-03 19:24:33,457 - utils.logger2026-03-03-19.23.06 - INFO - learning rate = 0.0002000
2026-03-03 19:24:33,964 - utils.logger2026-03-03-19.23.06 - INFO - Val result of epoch 27 / 40 acc 0.7946 MAE 0.6681 f1 0.8183
2026-03-03 19:24:34,475 - utils.logger2026-03-03-19.23.06 - INFO - Tst result of epoch 27 / 40 acc 0.7946 MAE 0.6681 f1 0.8183
2026-03-03 19:24:35,093 - utils.logger2026-03-03-19.23.06 - INFO - Cur epoch 28 loss TA:0.5159 TV:0.5172 VA:1.0410 CE:0.2526
2026-03-03 19:24:35,752 - utils.logger2026-03-03-19.23.06 - INFO - Cur epoch 28 loss TA:0.5067 TV:0.5043 VA:1.0309 CE:0.3256
2026-03-03 19:24:36,366 - utils.logger2026-03-03-19.23.06 - INFO - Cur epoch 28 loss TA:0.5182 TV:0.5281 VA:1.0073 CE:0.2668
2026-03-03 19:24:36,664 - utils.logger2026-03-03-19.23.06 - INFO - saving the model at the end of epoch 28, iters 784
2026-03-03 19:24:36,747 - utils.logger2026-03-03-19.23.06 - INFO - End of training epoch 28 / 40 	 Time Taken: 2 sec
2026-03-03 19:24:36,748 - utils.logger2026-03-03-19.23.06 - INFO - learning rate = 0.0002000
2026-03-03 19:24:37,233 - utils.logger2026-03-03-19.23.06 - INFO - Val result of epoch 28 / 40 acc 0.7946 MAE 0.6590 f1 0.8097
2026-03-03 19:24:37,735 - utils.logger2026-03-03-19.23.06 - INFO - Tst result of epoch 28 / 40 acc 0.7946 MAE 0.6590 f1 0.8097
2026-03-03 19:24:38,563 - utils.logger2026-03-03-19.23.06 - INFO - Cur epoch 29 loss TA:0.5321 TV:0.5341 VA:1.0764 CE:0.3519
2026-03-03 19:24:39,209 - utils.logger2026-03-03-19.23.06 - INFO - Cur epoch 29 loss TA:0.5018 TV:0.5091 VA:0.9935 CE:0.1866
2026-03-03 19:24:39,901 - utils.logger2026-03-03-19.23.06 - INFO - Cur epoch 29 loss TA:0.4998 TV:0.5033 VA:0.9846 CE:0.2840
2026-03-03 19:24:40,109 - utils.logger2026-03-03-19.23.06 - INFO - saving the model at the end of epoch 29, iters 812
2026-03-03 19:24:40,201 - utils.logger2026-03-03-19.23.06 - INFO - End of training epoch 29 / 40 	 Time Taken: 2 sec
2026-03-03 19:24:40,201 - utils.logger2026-03-03-19.23.06 - INFO - learning rate = 0.0002000
2026-03-03 19:24:40,673 - utils.logger2026-03-03-19.23.06 - INFO - Val result of epoch 29 / 40 acc 0.7545 MAE 0.6671 f1 0.7783
2026-03-03 19:24:41,151 - utils.logger2026-03-03-19.23.06 - INFO - Tst result of epoch 29 / 40 acc 0.7545 MAE 0.6671 f1 0.7783
2026-03-03 19:24:42,021 - utils.logger2026-03-03-19.23.06 - INFO - Cur epoch 30 loss TA:0.4967 TV:0.4925 VA:1.0005 CE:0.1769
2026-03-03 19:24:42,668 - utils.logger2026-03-03-19.23.06 - INFO - Cur epoch 30 loss TA:0.5157 TV:0.5276 VA:1.0415 CE:0.2311
2026-03-03 19:24:43,318 - utils.logger2026-03-03-19.23.06 - INFO - Cur epoch 30 loss TA:0.2269 TV:0.2322 VA:0.5144 CE:0.4130
2026-03-03 19:24:43,378 - utils.logger2026-03-03-19.23.06 - INFO - saving the model at the end of epoch 30, iters 840
2026-03-03 19:24:43,453 - utils.logger2026-03-03-19.23.06 - INFO - End of training epoch 30 / 40 	 Time Taken: 2 sec
2026-03-03 19:24:43,453 - utils.logger2026-03-03-19.23.06 - INFO - learning rate = 0.0001818
2026-03-03 19:24:43,928 - utils.logger2026-03-03-19.23.06 - INFO - Val result of epoch 30 / 40 acc 0.7723 MAE 0.6742 f1 0.7967
2026-03-03 19:24:44,350 - utils.logger2026-03-03-19.23.06 - INFO - Tst result of epoch 30 / 40 acc 0.7723 MAE 0.6742 f1 0.7967
2026-03-03 19:24:45,218 - utils.logger2026-03-03-19.23.06 - INFO - Cur epoch 31 loss TA:0.5040 TV:0.5030 VA:1.0166 CE:0.2888
2026-03-03 19:24:45,737 - utils.logger2026-03-03-19.23.06 - INFO - Cur epoch 31 loss TA:0.5028 TV:0.5119 VA:1.0339 CE:0.3001
2026-03-03 19:24:46,178 - utils.logger2026-03-03-19.23.06 - INFO - saving the model at the end of epoch 31, iters 868
2026-03-03 19:24:46,251 - utils.logger2026-03-03-19.23.06 - INFO - End of training epoch 31 / 40 	 Time Taken: 1 sec
2026-03-03 19:24:46,251 - utils.logger2026-03-03-19.23.06 - INFO - learning rate = 0.0001636
2026-03-03 19:24:46,714 - utils.logger2026-03-03-19.23.06 - INFO - Val result of epoch 31 / 40 acc 0.7768 MAE 0.6602 f1 0.7973
2026-03-03 19:24:47,108 - utils.logger2026-03-03-19.23.06 - INFO - Tst result of epoch 31 / 40 acc 0.7768 MAE 0.6602 f1 0.7973
2026-03-03 19:24:47,545 - utils.logger2026-03-03-19.23.06 - INFO - Cur epoch 32 loss TA:0.5091 TV:0.5172 VA:1.0018 CE:0.2145
2026-03-03 19:24:48,112 - utils.logger2026-03-03-19.23.06 - INFO - Cur epoch 32 loss TA:0.5032 TV:0.5033 VA:1.0248 CE:0.2532
2026-03-03 19:24:48,744 - utils.logger2026-03-03-19.23.06 - INFO - Cur epoch 32 loss TA:0.5145 TV:0.5284 VA:1.0417 CE:0.2567
2026-03-03 19:24:49,121 - utils.logger2026-03-03-19.23.06 - INFO - saving the model at the end of epoch 32, iters 896
2026-03-03 19:24:49,193 - utils.logger2026-03-03-19.23.06 - INFO - End of training epoch 32 / 40 	 Time Taken: 2 sec
2026-03-03 19:24:49,193 - utils.logger2026-03-03-19.23.06 - INFO - learning rate = 0.0001455
2026-03-03 19:24:49,612 - utils.logger2026-03-03-19.23.06 - INFO - Val result of epoch 32 / 40 acc 0.7768 MAE 0.6677 f1 0.7976
2026-03-03 19:24:50,033 - utils.logger2026-03-03-19.23.06 - INFO - Tst result of epoch 32 / 40 acc 0.7768 MAE 0.6677 f1 0.7976
2026-03-03 19:24:50,562 - utils.logger2026-03-03-19.23.06 - INFO - Cur epoch 33 loss TA:0.4896 TV:0.4960 VA:0.9666 CE:0.2343
2026-03-03 19:24:51,118 - utils.logger2026-03-03-19.23.06 - INFO - Cur epoch 33 loss TA:0.5014 TV:0.5085 VA:0.9962 CE:0.3339
2026-03-03 19:24:51,679 - utils.logger2026-03-03-19.23.06 - INFO - Cur epoch 33 loss TA:0.5124 TV:0.5130 VA:1.0342 CE:0.2458
2026-03-03 19:24:51,970 - utils.logger2026-03-03-19.23.06 - INFO - saving the model at the end of epoch 33, iters 924
2026-03-03 19:24:52,044 - utils.logger2026-03-03-19.23.06 - INFO - End of training epoch 33 / 40 	 Time Taken: 2 sec
2026-03-03 19:24:52,044 - utils.logger2026-03-03-19.23.06 - INFO - learning rate = 0.0001273
2026-03-03 19:24:52,507 - utils.logger2026-03-03-19.23.06 - INFO - Val result of epoch 33 / 40 acc 0.7679 MAE 0.6714 f1 0.7920
2026-03-03 19:24:52,937 - utils.logger2026-03-03-19.23.06 - INFO - Tst result of epoch 33 / 40 acc 0.7679 MAE 0.6714 f1 0.7920
2026-03-03 19:24:53,610 - utils.logger2026-03-03-19.23.06 - INFO - Cur epoch 34 loss TA:0.4895 TV:0.4888 VA:0.9818 CE:0.2748
2026-03-03 19:24:54,116 - utils.logger2026-03-03-19.23.06 - INFO - Cur epoch 34 loss TA:0.5075 TV:0.5138 VA:0.9962 CE:0.2128
2026-03-03 19:24:54,631 - utils.logger2026-03-03-19.23.06 - INFO - Cur epoch 34 loss TA:0.5023 TV:0.4914 VA:1.0246 CE:0.3328
2026-03-03 19:24:54,771 - utils.logger2026-03-03-19.23.06 - INFO - saving the model at the end of epoch 34, iters 952
2026-03-03 19:24:54,846 - utils.logger2026-03-03-19.23.06 - INFO - End of training epoch 34 / 40 	 Time Taken: 1 sec
2026-03-03 19:24:54,846 - utils.logger2026-03-03-19.23.06 - INFO - learning rate = 0.0001091
2026-03-03 19:24:55,304 - utils.logger2026-03-03-19.23.06 - INFO - Val result of epoch 34 / 40 acc 0.7857 MAE 0.6670 f1 0.8076
2026-03-03 19:24:55,710 - utils.logger2026-03-03-19.23.06 - INFO - Tst result of epoch 34 / 40 acc 0.7857 MAE 0.6670 f1 0.8076
2026-03-03 19:24:56,421 - utils.logger2026-03-03-19.23.06 - INFO - Cur epoch 35 loss TA:0.4685 TV:0.4759 VA:0.9448 CE:0.2024
2026-03-03 19:24:57,050 - utils.logger2026-03-03-19.23.06 - INFO - Cur epoch 35 loss TA:0.5045 TV:0.5024 VA:0.9980 CE:0.2413
2026-03-03 19:24:57,628 - utils.logger2026-03-03-19.23.06 - INFO - Cur epoch 35 loss TA:0.2426 TV:0.2596 VA:0.4828 CE:0.3600
2026-03-03 19:24:57,671 - utils.logger2026-03-03-19.23.06 - INFO - saving the model at the end of epoch 35, iters 980
2026-03-03 19:24:57,746 - utils.logger2026-03-03-19.23.06 - INFO - End of training epoch 35 / 40 	 Time Taken: 2 sec
2026-03-03 19:24:57,746 - utils.logger2026-03-03-19.23.06 - INFO - learning rate = 0.0000909
2026-03-03 19:24:58,197 - utils.logger2026-03-03-19.23.06 - INFO - Val result of epoch 35 / 40 acc 0.7723 MAE 0.6630 f1 0.7922
2026-03-03 19:24:58,608 - utils.logger2026-03-03-19.23.06 - INFO - Tst result of epoch 35 / 40 acc 0.7723 MAE 0.6630 f1 0.7922
2026-03-03 19:24:59,450 - utils.logger2026-03-03-19.23.06 - INFO - Cur epoch 36 loss TA:0.4792 TV:0.4755 VA:0.9778 CE:0.2301
2026-03-03 19:24:59,981 - utils.logger2026-03-03-19.23.06 - INFO - Cur epoch 36 loss TA:0.4837 TV:0.4827 VA:0.9882 CE:0.2298
2026-03-03 19:25:00,436 - utils.logger2026-03-03-19.23.06 - INFO - saving the model at the end of epoch 36, iters 1008
2026-03-03 19:25:00,510 - utils.logger2026-03-03-19.23.06 - INFO - End of training epoch 36 / 40 	 Time Taken: 1 sec
2026-03-03 19:25:00,510 - utils.logger2026-03-03-19.23.06 - INFO - learning rate = 0.0000727
2026-03-03 19:25:00,917 - utils.logger2026-03-03-19.23.06 - INFO - Val result of epoch 36 / 40 acc 0.7768 MAE 0.6705 f1 0.7976
2026-03-03 19:25:01,332 - utils.logger2026-03-03-19.23.06 - INFO - Tst result of epoch 36 / 40 acc 0.7768 MAE 0.6705 f1 0.7976
2026-03-03 19:25:01,740 - utils.logger2026-03-03-19.23.06 - INFO - Cur epoch 37 loss TA:0.4881 TV:0.5041 VA:0.9999 CE:0.2351
2026-03-03 19:25:02,244 - utils.logger2026-03-03-19.23.06 - INFO - Cur epoch 37 loss TA:0.4776 TV:0.4797 VA:0.9702 CE:0.2102
2026-03-03 19:25:02,772 - utils.logger2026-03-03-19.23.06 - INFO - Cur epoch 37 loss TA:0.4785 TV:0.4864 VA:0.9900 CE:0.1254
2026-03-03 19:25:03,103 - utils.logger2026-03-03-19.23.06 - INFO - saving the model at the end of epoch 37, iters 1036
2026-03-03 19:25:03,176 - utils.logger2026-03-03-19.23.06 - INFO - End of training epoch 37 / 40 	 Time Taken: 1 sec
2026-03-03 19:25:03,176 - utils.logger2026-03-03-19.23.06 - INFO - learning rate = 0.0000545
2026-03-03 19:25:03,623 - utils.logger2026-03-03-19.23.06 - INFO - Val result of epoch 37 / 40 acc 0.7857 MAE 0.6749 f1 0.8076
2026-03-03 19:25:04,037 - utils.logger2026-03-03-19.23.06 - INFO - Tst result of epoch 37 / 40 acc 0.7857 MAE 0.6749 f1 0.8076
2026-03-03 19:25:04,612 - utils.logger2026-03-03-19.23.06 - INFO - Cur epoch 38 loss TA:0.4795 TV:0.4891 VA:0.9967 CE:0.1990
2026-03-03 19:25:05,158 - utils.logger2026-03-03-19.23.06 - INFO - Cur epoch 38 loss TA:0.4731 TV:0.4762 VA:0.9578 CE:0.1433
2026-03-03 19:25:05,682 - utils.logger2026-03-03-19.23.06 - INFO - Cur epoch 38 loss TA:0.4976 TV:0.4913 VA:1.0430 CE:0.2028
2026-03-03 19:25:05,925 - utils.logger2026-03-03-19.23.06 - INFO - saving the model at the end of epoch 38, iters 1064
2026-03-03 19:25:06,003 - utils.logger2026-03-03-19.23.06 - INFO - End of training epoch 38 / 40 	 Time Taken: 1 sec
2026-03-03 19:25:06,003 - utils.logger2026-03-03-19.23.06 - INFO - learning rate = 0.0000364
2026-03-03 19:25:06,435 - utils.logger2026-03-03-19.23.06 - INFO - Val result of epoch 38 / 40 acc 0.7857 MAE 0.6719 f1 0.8087
2026-03-03 19:25:06,923 - utils.logger2026-03-03-19.23.06 - INFO - Tst result of epoch 38 / 40 acc 0.7857 MAE 0.6719 f1 0.8087
2026-03-03 19:25:07,599 - utils.logger2026-03-03-19.23.06 - INFO - Cur epoch 39 loss TA:0.4757 TV:0.4771 VA:0.9647 CE:0.1202
2026-03-03 19:25:08,300 - utils.logger2026-03-03-19.23.06 - INFO - Cur epoch 39 loss TA:0.5177 TV:0.5275 VA:1.0229 CE:0.1498
2026-03-03 19:25:09,045 - utils.logger2026-03-03-19.23.06 - INFO - Cur epoch 39 loss TA:0.4909 TV:0.5015 VA:0.9796 CE:0.1458
2026-03-03 19:25:09,260 - utils.logger2026-03-03-19.23.06 - INFO - saving the model at the end of epoch 39, iters 1092
2026-03-03 19:25:09,350 - utils.logger2026-03-03-19.23.06 - INFO - End of training epoch 39 / 40 	 Time Taken: 2 sec
2026-03-03 19:25:09,351 - utils.logger2026-03-03-19.23.06 - INFO - learning rate = 0.0000182
2026-03-03 19:25:09,833 - utils.logger2026-03-03-19.23.06 - INFO - Val result of epoch 39 / 40 acc 0.7857 MAE 0.6712 f1 0.8079
2026-03-03 19:25:10,333 - utils.logger2026-03-03-19.23.06 - INFO - Tst result of epoch 39 / 40 acc 0.7857 MAE 0.6712 f1 0.8079
2026-03-03 19:25:11,227 - utils.logger2026-03-03-19.23.06 - INFO - Cur epoch 40 loss TA:0.4974 TV:0.5063 VA:0.9941 CE:0.2047
2026-03-03 19:25:11,937 - utils.logger2026-03-03-19.23.06 - INFO - Cur epoch 40 loss TA:0.4765 TV:0.4807 VA:0.9594 CE:0.1339
2026-03-03 19:25:12,605 - utils.logger2026-03-03-19.23.06 - INFO - Cur epoch 40 loss TA:0.1884 TV:0.1869 VA:0.3723 CE:0.2244
2026-03-03 19:25:12,669 - utils.logger2026-03-03-19.23.06 - INFO - saving the model at the end of epoch 40, iters 1120
2026-03-03 19:25:12,764 - utils.logger2026-03-03-19.23.06 - INFO - End of training epoch 40 / 40 	 Time Taken: 2 sec
2026-03-03 19:25:12,764 - utils.logger2026-03-03-19.23.06 - INFO - learning rate = 0.0000000
2026-03-03 19:25:13,251 - utils.logger2026-03-03-19.23.06 - INFO - Val result of epoch 40 / 40 acc 0.7812 MAE 0.6694 f1 0.8029
2026-03-03 19:25:13,743 - utils.logger2026-03-03-19.23.06 - INFO - Tst result of epoch 40 / 40 acc 0.7812 MAE 0.6694 f1 0.8029
2026-03-03 19:25:13,743 - utils.logger2026-03-03-19.23.06 - INFO - Best eval epoch 18 found with f1 0.832082
