2025-12-29 17:28:08,855 - utils.logger2025-12-29-17.27.59 - INFO - The number of testing samples = 3540
2025-12-29 17:28:08,855 - utils.logger2025-12-29-17.27.59 - INFO - The number of training samples = 4290
2025-12-29 17:28:10,960 - utils.logger2025-12-29-17.27.59 - INFO - Cur epoch 1 loss CE:1.3842 mse:0.1563 consistent:0.0000
2025-12-29 17:28:12,189 - utils.logger2025-12-29-17.27.59 - INFO - Cur epoch 1 loss CE:1.2689 mse:0.0772 consistent:0.0000
2025-12-29 17:28:13,398 - utils.logger2025-12-29-17.27.59 - INFO - Cur epoch 1 loss CE:1.3497 mse:0.0491 consistent:0.0000
2025-12-29 17:28:14,625 - utils.logger2025-12-29-17.27.59 - INFO - Cur epoch 1 loss CE:1.0887 mse:0.0574 consistent:0.0000
2025-12-29 17:28:15,860 - utils.logger2025-12-29-17.27.59 - INFO - Cur epoch 1 loss CE:1.1078 mse:0.0388 consistent:0.0000
2025-12-29 17:28:16,380 - utils.logger2025-12-29-17.27.59 - INFO - saving the model at the end of epoch 1, iters 4320
2025-12-29 17:28:16,477 - utils.logger2025-12-29-17.27.59 - INFO - End of training epoch 1 / 40 	 Time Taken: 7 sec
2025-12-29 17:28:16,478 - utils.logger2025-12-29-17.27.59 - INFO - learning rate = 0.0002000
2025-12-29 17:28:18,065 - utils.logger2025-12-29-17.27.59 - INFO - Val result of epoch 1 / 40 acc 0.5750 uar 0.5637 f1 0.5487
2025-12-29 17:28:19,458 - utils.logger2025-12-29-17.27.59 - INFO - Tst result of epoch 1 / 40 acc 0.5822 uar 0.5839 f1 0.5715
2025-12-29 17:28:20,013 - utils.logger2025-12-29-17.27.59 - INFO - Cur epoch 2 loss CE:0.9091 mse:0.0324 consistent:0.0000
2025-12-29 17:28:21,187 - utils.logger2025-12-29-17.27.59 - INFO - Cur epoch 2 loss CE:1.1146 mse:0.0374 consistent:0.0000
2025-12-29 17:28:22,390 - utils.logger2025-12-29-17.27.59 - INFO - Cur epoch 2 loss CE:1.0173 mse:0.0319 consistent:0.0000
2025-12-29 17:28:23,588 - utils.logger2025-12-29-17.27.59 - INFO - Cur epoch 2 loss CE:1.1651 mse:0.0321 consistent:0.0000
2025-12-29 17:28:24,810 - utils.logger2025-12-29-17.27.59 - INFO - Cur epoch 2 loss CE:0.9225 mse:0.0258 consistent:0.0000
2025-12-29 17:28:25,772 - utils.logger2025-12-29-17.27.59 - INFO - saving the model at the end of epoch 2, iters 8640
2025-12-29 17:28:25,867 - utils.logger2025-12-29-17.27.59 - INFO - End of training epoch 2 / 40 	 Time Taken: 6 sec
2025-12-29 17:28:25,867 - utils.logger2025-12-29-17.27.59 - INFO - learning rate = 0.0002000
2025-12-29 17:28:27,456 - utils.logger2025-12-29-17.27.59 - INFO - Val result of epoch 2 / 40 acc 0.5471 uar 0.5870 f1 0.5402
2025-12-29 17:28:28,828 - utils.logger2025-12-29-17.27.59 - INFO - Tst result of epoch 2 / 40 acc 0.5862 uar 0.6271 f1 0.5847
2025-12-29 17:28:29,056 - utils.logger2025-12-29-17.27.59 - INFO - Cur epoch 3 loss CE:1.1262 mse:0.0251 consistent:0.0000
2025-12-29 17:28:30,247 - utils.logger2025-12-29-17.27.59 - INFO - Cur epoch 3 loss CE:0.8543 mse:0.0256 consistent:0.0000
2025-12-29 17:28:31,454 - utils.logger2025-12-29-17.27.59 - INFO - Cur epoch 3 loss CE:0.8688 mse:0.0238 consistent:0.0000
2025-12-29 17:28:32,668 - utils.logger2025-12-29-17.27.59 - INFO - Cur epoch 3 loss CE:0.8355 mse:0.0334 consistent:0.0000
2025-12-29 17:28:33,889 - utils.logger2025-12-29-17.27.59 - INFO - Cur epoch 3 loss CE:1.0007 mse:0.0213 consistent:0.0000
2025-12-29 17:28:35,119 - utils.logger2025-12-29-17.27.59 - INFO - Cur epoch 3 loss CE:0.7181 mse:0.0211 consistent:0.0000
2025-12-29 17:28:35,357 - utils.logger2025-12-29-17.27.59 - INFO - saving the model at the end of epoch 3, iters 12960
2025-12-29 17:28:35,459 - utils.logger2025-12-29-17.27.59 - INFO - End of training epoch 3 / 40 	 Time Taken: 6 sec
2025-12-29 17:28:35,459 - utils.logger2025-12-29-17.27.59 - INFO - learning rate = 0.0002000
2025-12-29 17:28:37,053 - utils.logger2025-12-29-17.27.59 - INFO - Val result of epoch 3 / 40 acc 0.5998 uar 0.6069 f1 0.5847
2025-12-29 17:28:38,449 - utils.logger2025-12-29-17.27.59 - INFO - Tst result of epoch 3 / 40 acc 0.6130 uar 0.6300 f1 0.6094
2025-12-29 17:28:39,318 - utils.logger2025-12-29-17.27.59 - INFO - Cur epoch 4 loss CE:1.0266 mse:0.0192 consistent:0.0000
2025-12-29 17:28:40,532 - utils.logger2025-12-29-17.27.59 - INFO - Cur epoch 4 loss CE:0.6850 mse:0.0229 consistent:0.0000
2025-12-29 17:28:41,742 - utils.logger2025-12-29-17.27.59 - INFO - Cur epoch 4 loss CE:0.9588 mse:0.0187 consistent:0.0000
2025-12-29 17:28:43,015 - utils.logger2025-12-29-17.27.59 - INFO - Cur epoch 4 loss CE:0.8541 mse:0.0185 consistent:0.0000
2025-12-29 17:28:44,320 - utils.logger2025-12-29-17.27.59 - INFO - Cur epoch 4 loss CE:0.8495 mse:0.0165 consistent:0.0000
2025-12-29 17:28:45,023 - utils.logger2025-12-29-17.27.59 - INFO - saving the model at the end of epoch 4, iters 17280
2025-12-29 17:28:45,143 - utils.logger2025-12-29-17.27.59 - INFO - End of training epoch 4 / 40 	 Time Taken: 6 sec
2025-12-29 17:28:45,143 - utils.logger2025-12-29-17.27.59 - INFO - learning rate = 0.0002000
2025-12-29 17:28:47,127 - utils.logger2025-12-29-17.27.59 - INFO - Val result of epoch 4 / 40 acc 0.5901 uar 0.5719 f1 0.5761
2025-12-29 17:28:48,703 - utils.logger2025-12-29-17.27.59 - INFO - Tst result of epoch 4 / 40 acc 0.6449 uar 0.6009 f1 0.6176
2025-12-29 17:28:49,025 - utils.logger2025-12-29-17.27.59 - INFO - Cur epoch 5 loss CE:0.7812 mse:0.0132 consistent:0.0000
2025-12-29 17:28:49,899 - utils.logger2025-12-29-17.27.59 - INFO - Cur epoch 5 loss CE:1.0988 mse:0.0150 consistent:0.0000
2025-12-29 17:28:50,821 - utils.logger2025-12-29-17.27.59 - INFO - Cur epoch 5 loss CE:0.7534 mse:0.0163 consistent:0.0000
2025-12-29 17:28:51,769 - utils.logger2025-12-29-17.27.59 - INFO - Cur epoch 5 loss CE:0.7559 mse:0.0176 consistent:0.0000
2025-12-29 17:28:52,817 - utils.logger2025-12-29-17.27.59 - INFO - Cur epoch 5 loss CE:0.6702 mse:0.0151 consistent:0.0000
2025-12-29 17:28:53,981 - utils.logger2025-12-29-17.27.59 - INFO - Cur epoch 5 loss CE:0.1131 mse:0.0109 consistent:0.0000
2025-12-29 17:28:53,981 - utils.logger2025-12-29-17.27.59 - INFO - saving the model at the end of epoch 5, iters 21600
2025-12-29 17:28:54,076 - utils.logger2025-12-29-17.27.59 - INFO - End of training epoch 5 / 40 	 Time Taken: 5 sec
2025-12-29 17:28:54,076 - utils.logger2025-12-29-17.27.59 - INFO - learning rate = 0.0002000
2025-12-29 17:28:55,585 - utils.logger2025-12-29-17.27.59 - INFO - Val result of epoch 5 / 40 acc 0.6019 uar 0.5741 f1 0.5731
2025-12-29 17:28:56,921 - utils.logger2025-12-29-17.27.59 - INFO - Tst result of epoch 5 / 40 acc 0.6331 uar 0.5888 f1 0.6068
2025-12-29 17:28:58,073 - utils.logger2025-12-29-17.27.59 - INFO - Cur epoch 6 loss CE:0.8913 mse:0.0171 consistent:0.0000
2025-12-29 17:28:59,249 - utils.logger2025-12-29-17.27.59 - INFO - Cur epoch 6 loss CE:0.7116 mse:0.0196 consistent:0.0000
2025-12-29 17:29:00,455 - utils.logger2025-12-29-17.27.59 - INFO - Cur epoch 6 loss CE:0.7451 mse:0.0160 consistent:0.0000
2025-12-29 17:29:01,660 - utils.logger2025-12-29-17.27.59 - INFO - Cur epoch 6 loss CE:0.5894 mse:0.0168 consistent:0.0000
2025-12-29 17:29:02,878 - utils.logger2025-12-29-17.27.59 - INFO - Cur epoch 6 loss CE:1.0179 mse:0.0144 consistent:0.0000
2025-12-29 17:29:03,355 - utils.logger2025-12-29-17.27.59 - INFO - saving the model at the end of epoch 6, iters 25920
2025-12-29 17:29:03,453 - utils.logger2025-12-29-17.27.59 - INFO - End of training epoch 6 / 40 	 Time Taken: 6 sec
2025-12-29 17:29:03,453 - utils.logger2025-12-29-17.27.59 - INFO - learning rate = 0.0002000
2025-12-29 17:29:05,007 - utils.logger2025-12-29-17.27.59 - INFO - Val result of epoch 6 / 40 acc 0.6231 uar 0.6257 f1 0.6218
2025-12-29 17:29:06,419 - utils.logger2025-12-29-17.27.59 - INFO - Tst result of epoch 6 / 40 acc 0.6508 uar 0.6229 f1 0.6378
2025-12-29 17:29:07,080 - utils.logger2025-12-29-17.27.59 - INFO - Cur epoch 7 loss CE:0.7039 mse:0.0150 consistent:0.0000
2025-12-29 17:29:08,214 - utils.logger2025-12-29-17.27.59 - INFO - Cur epoch 7 loss CE:0.8405 mse:0.0126 consistent:0.0000
2025-12-29 17:29:09,370 - utils.logger2025-12-29-17.27.59 - INFO - Cur epoch 7 loss CE:0.6783 mse:0.0142 consistent:0.0000
2025-12-29 17:29:10,567 - utils.logger2025-12-29-17.27.59 - INFO - Cur epoch 7 loss CE:0.6889 mse:0.0129 consistent:0.0000
2025-12-29 17:29:11,769 - utils.logger2025-12-29-17.27.59 - INFO - Cur epoch 7 loss CE:1.1867 mse:0.0168 consistent:0.0000
2025-12-29 17:29:12,719 - utils.logger2025-12-29-17.27.59 - INFO - saving the model at the end of epoch 7, iters 30240
2025-12-29 17:29:12,816 - utils.logger2025-12-29-17.27.59 - INFO - End of training epoch 7 / 40 	 Time Taken: 6 sec
2025-12-29 17:29:12,816 - utils.logger2025-12-29-17.27.59 - INFO - learning rate = 0.0002000
2025-12-29 17:29:14,319 - utils.logger2025-12-29-17.27.59 - INFO - Val result of epoch 7 / 40 acc 0.6086 uar 0.6188 f1 0.6021
2025-12-29 17:29:15,624 - utils.logger2025-12-29-17.27.59 - INFO - Tst result of epoch 7 / 40 acc 0.6528 uar 0.6322 f1 0.6421
2025-12-29 17:29:15,847 - utils.logger2025-12-29-17.27.59 - INFO - Cur epoch 8 loss CE:0.4477 mse:0.0122 consistent:0.0000
2025-12-29 17:29:17,011 - utils.logger2025-12-29-17.27.59 - INFO - Cur epoch 8 loss CE:0.5336 mse:0.0134 consistent:0.0000
2025-12-29 17:29:18,205 - utils.logger2025-12-29-17.27.59 - INFO - Cur epoch 8 loss CE:0.8817 mse:0.0152 consistent:0.0000
2025-12-29 17:29:19,395 - utils.logger2025-12-29-17.27.59 - INFO - Cur epoch 8 loss CE:0.5545 mse:0.0156 consistent:0.0000
2025-12-29 17:29:20,589 - utils.logger2025-12-29-17.27.59 - INFO - Cur epoch 8 loss CE:0.5603 mse:0.0145 consistent:0.0000
2025-12-29 17:29:21,777 - utils.logger2025-12-29-17.27.59 - INFO - Cur epoch 8 loss CE:0.9614 mse:0.0137 consistent:0.0000
2025-12-29 17:29:22,006 - utils.logger2025-12-29-17.27.59 - INFO - saving the model at the end of epoch 8, iters 34560
2025-12-29 17:29:22,101 - utils.logger2025-12-29-17.27.59 - INFO - End of training epoch 8 / 40 	 Time Taken: 6 sec
2025-12-29 17:29:22,101 - utils.logger2025-12-29-17.27.59 - INFO - learning rate = 0.0002000
2025-12-29 17:29:23,617 - utils.logger2025-12-29-17.27.59 - INFO - Val result of epoch 8 / 40 acc 0.6357 uar 0.6325 f1 0.6192
2025-12-29 17:29:25,020 - utils.logger2025-12-29-17.27.59 - INFO - Tst result of epoch 8 / 40 acc 0.6475 uar 0.6609 f1 0.6428
2025-12-29 17:29:25,909 - utils.logger2025-12-29-17.27.59 - INFO - Cur epoch 9 loss CE:0.7909 mse:0.0148 consistent:0.0000
2025-12-29 17:29:27,068 - utils.logger2025-12-29-17.27.59 - INFO - Cur epoch 9 loss CE:0.6105 mse:0.0135 consistent:0.0000
2025-12-29 17:29:28,269 - utils.logger2025-12-29-17.27.59 - INFO - Cur epoch 9 loss CE:0.6181 mse:0.0133 consistent:0.0000
2025-12-29 17:29:29,484 - utils.logger2025-12-29-17.27.59 - INFO - Cur epoch 9 loss CE:0.4506 mse:0.0122 consistent:0.0000
2025-12-29 17:29:30,776 - utils.logger2025-12-29-17.27.59 - INFO - Cur epoch 9 loss CE:0.7894 mse:0.0146 consistent:0.0000
2025-12-29 17:29:31,489 - utils.logger2025-12-29-17.27.59 - INFO - saving the model at the end of epoch 9, iters 38880
2025-12-29 17:29:31,608 - utils.logger2025-12-29-17.27.59 - INFO - End of training epoch 9 / 40 	 Time Taken: 6 sec
2025-12-29 17:29:31,608 - utils.logger2025-12-29-17.27.59 - INFO - learning rate = 0.0002000
2025-12-29 17:29:33,566 - utils.logger2025-12-29-17.27.59 - INFO - Val result of epoch 9 / 40 acc 0.6280 uar 0.6341 f1 0.6239
2025-12-29 17:29:35,195 - utils.logger2025-12-29-17.27.59 - INFO - Tst result of epoch 9 / 40 acc 0.6653 uar 0.6495 f1 0.6575
2025-12-29 17:29:35,630 - utils.logger2025-12-29-17.27.59 - INFO - Cur epoch 10 loss CE:0.4119 mse:0.0099 consistent:0.0000
2025-12-29 17:29:36,815 - utils.logger2025-12-29-17.27.59 - INFO - Cur epoch 10 loss CE:0.6349 mse:0.0129 consistent:0.0000
2025-12-29 17:29:38,019 - utils.logger2025-12-29-17.27.59 - INFO - Cur epoch 10 loss CE:0.5774 mse:0.0146 consistent:0.0000
2025-12-29 17:29:39,345 - utils.logger2025-12-29-17.27.59 - INFO - Cur epoch 10 loss CE:0.3739 mse:0.0098 consistent:0.0000
2025-12-29 17:29:40,630 - utils.logger2025-12-29-17.27.59 - INFO - Cur epoch 10 loss CE:0.5431 mse:0.0145 consistent:0.0000
2025-12-29 17:29:41,844 - utils.logger2025-12-29-17.27.59 - INFO - Cur epoch 10 loss CE:2.0061 mse:0.0053 consistent:0.0000
2025-12-29 17:29:41,844 - utils.logger2025-12-29-17.27.59 - INFO - saving the model at the end of epoch 10, iters 43200
2025-12-29 17:29:41,936 - utils.logger2025-12-29-17.27.59 - INFO - End of training epoch 10 / 40 	 Time Taken: 6 sec
2025-12-29 17:29:41,937 - utils.logger2025-12-29-17.27.59 - INFO - learning rate = 0.0002000
2025-12-29 17:29:43,450 - utils.logger2025-12-29-17.27.59 - INFO - Val result of epoch 10 / 40 acc 0.6024 uar 0.6256 f1 0.6029
2025-12-29 17:29:44,792 - utils.logger2025-12-29-17.27.59 - INFO - Tst result of epoch 10 / 40 acc 0.6528 uar 0.6426 f1 0.6493
2025-12-29 17:29:45,908 - utils.logger2025-12-29-17.27.59 - INFO - Cur epoch 11 loss CE:0.7754 mse:0.0132 consistent:0.0000
2025-12-29 17:29:47,105 - utils.logger2025-12-29-17.27.59 - INFO - Cur epoch 11 loss CE:0.5393 mse:0.0111 consistent:0.0000
2025-12-29 17:29:48,291 - utils.logger2025-12-29-17.27.59 - INFO - Cur epoch 11 loss CE:0.4700 mse:0.0093 consistent:0.0000
2025-12-29 17:29:49,460 - utils.logger2025-12-29-17.27.59 - INFO - Cur epoch 11 loss CE:0.4054 mse:0.0102 consistent:0.0000
2025-12-29 17:29:50,644 - utils.logger2025-12-29-17.27.59 - INFO - Cur epoch 11 loss CE:0.8522 mse:0.0136 consistent:0.0000
2025-12-29 17:29:51,122 - utils.logger2025-12-29-17.27.59 - INFO - saving the model at the end of epoch 11, iters 47520
2025-12-29 17:29:51,219 - utils.logger2025-12-29-17.27.59 - INFO - End of training epoch 11 / 40 	 Time Taken: 6 sec
2025-12-29 17:29:51,219 - utils.logger2025-12-29-17.27.59 - INFO - learning rate = 0.0002000
2025-12-29 17:29:52,689 - utils.logger2025-12-29-17.27.59 - INFO - Val result of epoch 11 / 40 acc 0.6472 uar 0.6204 f1 0.6252
2025-12-29 17:29:54,011 - utils.logger2025-12-29-17.27.59 - INFO - Tst result of epoch 11 / 40 acc 0.6494 uar 0.6399 f1 0.6435
2025-12-29 17:29:54,505 - utils.logger2025-12-29-17.27.59 - INFO - Cur epoch 12 loss CE:0.5590 mse:0.0116 consistent:0.0000
2025-12-29 17:29:55,416 - utils.logger2025-12-29-17.27.59 - INFO - Cur epoch 12 loss CE:0.6217 mse:0.0130 consistent:0.0000
2025-12-29 17:29:56,333 - utils.logger2025-12-29-17.27.59 - INFO - Cur epoch 12 loss CE:0.5165 mse:0.0129 consistent:0.0000
2025-12-29 17:29:57,267 - utils.logger2025-12-29-17.27.59 - INFO - Cur epoch 12 loss CE:0.6774 mse:0.0113 consistent:0.0000
2025-12-29 17:29:58,236 - utils.logger2025-12-29-17.27.59 - INFO - Cur epoch 12 loss CE:0.6841 mse:0.0182 consistent:0.0000
2025-12-29 17:29:58,982 - utils.logger2025-12-29-17.27.59 - INFO - saving the model at the end of epoch 12, iters 51840
2025-12-29 17:29:59,073 - utils.logger2025-12-29-17.27.59 - INFO - End of training epoch 12 / 40 	 Time Taken: 5 sec
2025-12-29 17:29:59,073 - utils.logger2025-12-29-17.27.59 - INFO - learning rate = 0.0002000
2025-12-29 17:30:00,572 - utils.logger2025-12-29-17.27.59 - INFO - Val result of epoch 12 / 40 acc 0.6408 uar 0.6108 f1 0.6145
2025-12-29 17:30:01,883 - utils.logger2025-12-29-17.27.59 - INFO - Tst result of epoch 12 / 40 acc 0.6398 uar 0.6346 f1 0.6317
2025-12-29 17:30:02,090 - utils.logger2025-12-29-17.27.59 - INFO - Cur epoch 13 loss CE:0.6545 mse:0.0160 consistent:0.0000
2025-12-29 17:30:03,260 - utils.logger2025-12-29-17.27.59 - INFO - Cur epoch 13 loss CE:0.7513 mse:0.0170 consistent:0.0000
2025-12-29 17:30:04,482 - utils.logger2025-12-29-17.27.59 - INFO - Cur epoch 13 loss CE:0.5783 mse:0.0100 consistent:0.0000
2025-12-29 17:30:05,717 - utils.logger2025-12-29-17.27.59 - INFO - Cur epoch 13 loss CE:0.5221 mse:0.0138 consistent:0.0000
2025-12-29 17:30:06,944 - utils.logger2025-12-29-17.27.59 - INFO - Cur epoch 13 loss CE:0.5137 mse:0.0109 consistent:0.0000
2025-12-29 17:30:08,150 - utils.logger2025-12-29-17.27.59 - INFO - Cur epoch 13 loss CE:0.5629 mse:0.0158 consistent:0.0000
2025-12-29 17:30:08,384 - utils.logger2025-12-29-17.27.59 - INFO - saving the model at the end of epoch 13, iters 56160
2025-12-29 17:30:08,486 - utils.logger2025-12-29-17.27.59 - INFO - End of training epoch 13 / 40 	 Time Taken: 6 sec
2025-12-29 17:30:08,487 - utils.logger2025-12-29-17.27.59 - INFO - learning rate = 0.0002000
2025-12-29 17:30:10,040 - utils.logger2025-12-29-17.27.59 - INFO - Val result of epoch 13 / 40 acc 0.6093 uar 0.6194 f1 0.6036
2025-12-29 17:30:11,421 - utils.logger2025-12-29-17.27.59 - INFO - Tst result of epoch 13 / 40 acc 0.6469 uar 0.6148 f1 0.6310
2025-12-29 17:30:12,328 - utils.logger2025-12-29-17.27.59 - INFO - Cur epoch 14 loss CE:0.8451 mse:0.0134 consistent:0.0000
2025-12-29 17:30:13,499 - utils.logger2025-12-29-17.27.59 - INFO - Cur epoch 14 loss CE:0.4838 mse:0.0135 consistent:0.0000
2025-12-29 17:30:14,691 - utils.logger2025-12-29-17.27.59 - INFO - Cur epoch 14 loss CE:0.8531 mse:0.0115 consistent:0.0000
2025-12-29 17:30:15,896 - utils.logger2025-12-29-17.27.59 - INFO - Cur epoch 14 loss CE:0.8108 mse:0.0144 consistent:0.0000
2025-12-29 17:30:17,116 - utils.logger2025-12-29-17.27.59 - INFO - Cur epoch 14 loss CE:0.9026 mse:0.0127 consistent:0.0000
2025-12-29 17:30:17,846 - utils.logger2025-12-29-17.27.59 - INFO - saving the model at the end of epoch 14, iters 60480
2025-12-29 17:30:17,963 - utils.logger2025-12-29-17.27.59 - INFO - End of training epoch 14 / 40 	 Time Taken: 6 sec
2025-12-29 17:30:17,963 - utils.logger2025-12-29-17.27.59 - INFO - learning rate = 0.0002000
2025-12-29 17:30:19,876 - utils.logger2025-12-29-17.27.59 - INFO - Val result of epoch 14 / 40 acc 0.6380 uar 0.6159 f1 0.6232
2025-12-29 17:30:21,226 - utils.logger2025-12-29-17.27.59 - INFO - Tst result of epoch 14 / 40 acc 0.6613 uar 0.6257 f1 0.6477
2025-12-29 17:30:21,676 - utils.logger2025-12-29-17.27.59 - INFO - Cur epoch 15 loss CE:0.6676 mse:0.0141 consistent:0.0000
2025-12-29 17:30:22,872 - utils.logger2025-12-29-17.27.59 - INFO - Cur epoch 15 loss CE:0.5504 mse:0.0135 consistent:0.0000
2025-12-29 17:30:24,084 - utils.logger2025-12-29-17.27.59 - INFO - Cur epoch 15 loss CE:0.3762 mse:0.0121 consistent:0.0000
2025-12-29 17:30:25,302 - utils.logger2025-12-29-17.27.59 - INFO - Cur epoch 15 loss CE:0.5162 mse:0.0105 consistent:0.0000
2025-12-29 17:30:26,526 - utils.logger2025-12-29-17.27.59 - INFO - Cur epoch 15 loss CE:0.6422 mse:0.0125 consistent:0.0000
2025-12-29 17:30:27,757 - utils.logger2025-12-29-17.27.59 - INFO - Cur epoch 15 loss CE:0.4343 mse:0.0058 consistent:0.0000
2025-12-29 17:30:27,758 - utils.logger2025-12-29-17.27.59 - INFO - saving the model at the end of epoch 15, iters 64800
2025-12-29 17:30:27,875 - utils.logger2025-12-29-17.27.59 - INFO - End of training epoch 15 / 40 	 Time Taken: 6 sec
2025-12-29 17:30:27,876 - utils.logger2025-12-29-17.27.59 - INFO - learning rate = 0.0002000
2025-12-29 17:30:29,814 - utils.logger2025-12-29-17.27.59 - INFO - Val result of epoch 15 / 40 acc 0.6152 uar 0.6310 f1 0.6107
2025-12-29 17:30:31,175 - utils.logger2025-12-29-17.27.59 - INFO - Tst result of epoch 15 / 40 acc 0.6415 uar 0.6499 f1 0.6409
2025-12-29 17:30:32,303 - utils.logger2025-12-29-17.27.59 - INFO - Cur epoch 16 loss CE:0.4263 mse:0.0091 consistent:0.0000
2025-12-29 17:30:33,468 - utils.logger2025-12-29-17.27.59 - INFO - Cur epoch 16 loss CE:0.6189 mse:0.0117 consistent:0.0000
2025-12-29 17:30:34,653 - utils.logger2025-12-29-17.27.59 - INFO - Cur epoch 16 loss CE:0.4484 mse:0.0124 consistent:0.0000
2025-12-29 17:30:35,842 - utils.logger2025-12-29-17.27.59 - INFO - Cur epoch 16 loss CE:0.6114 mse:0.0154 consistent:0.0000
2025-12-29 17:30:37,056 - utils.logger2025-12-29-17.27.59 - INFO - Cur epoch 16 loss CE:0.6820 mse:0.0138 consistent:0.0000
2025-12-29 17:30:37,488 - utils.logger2025-12-29-17.27.59 - INFO - saving the model at the end of epoch 16, iters 69120
2025-12-29 17:30:37,585 - utils.logger2025-12-29-17.27.59 - INFO - End of training epoch 16 / 40 	 Time Taken: 6 sec
2025-12-29 17:30:37,585 - utils.logger2025-12-29-17.27.59 - INFO - learning rate = 0.0002000
2025-12-29 17:30:39,073 - utils.logger2025-12-29-17.27.59 - INFO - Val result of epoch 16 / 40 acc 0.6101 uar 0.6176 f1 0.6049
2025-12-29 17:30:40,408 - utils.logger2025-12-29-17.27.59 - INFO - Tst result of epoch 16 / 40 acc 0.6616 uar 0.6420 f1 0.6542
2025-12-29 17:30:41,049 - utils.logger2025-12-29-17.27.59 - INFO - Cur epoch 17 loss CE:0.7390 mse:0.0135 consistent:0.0000
2025-12-29 17:30:42,223 - utils.logger2025-12-29-17.27.59 - INFO - Cur epoch 17 loss CE:0.3072 mse:0.0102 consistent:0.0000
2025-12-29 17:30:43,430 - utils.logger2025-12-29-17.27.59 - INFO - Cur epoch 17 loss CE:0.3301 mse:0.0084 consistent:0.0000
2025-12-29 17:30:44,617 - utils.logger2025-12-29-17.27.59 - INFO - Cur epoch 17 loss CE:0.4257 mse:0.0141 consistent:0.0000
2025-12-29 17:30:45,804 - utils.logger2025-12-29-17.27.59 - INFO - Cur epoch 17 loss CE:0.5236 mse:0.0119 consistent:0.0000
2025-12-29 17:30:46,736 - utils.logger2025-12-29-17.27.59 - INFO - saving the model at the end of epoch 17, iters 73440
2025-12-29 17:30:46,828 - utils.logger2025-12-29-17.27.59 - INFO - End of training epoch 17 / 40 	 Time Taken: 6 sec
2025-12-29 17:30:46,828 - utils.logger2025-12-29-17.27.59 - INFO - learning rate = 0.0002000
2025-12-29 17:30:48,262 - utils.logger2025-12-29-17.27.59 - INFO - Val result of epoch 17 / 40 acc 0.6198 uar 0.6095 f1 0.6088
2025-12-29 17:30:49,570 - utils.logger2025-12-29-17.27.59 - INFO - Tst result of epoch 17 / 40 acc 0.6647 uar 0.6405 f1 0.6552
2025-12-29 17:30:49,786 - utils.logger2025-12-29-17.27.59 - INFO - Cur epoch 18 loss CE:0.2418 mse:0.0103 consistent:0.0000
2025-12-29 17:30:50,949 - utils.logger2025-12-29-17.27.59 - INFO - Cur epoch 18 loss CE:0.6435 mse:0.0105 consistent:0.0000
2025-12-29 17:30:52,156 - utils.logger2025-12-29-17.27.59 - INFO - Cur epoch 18 loss CE:0.5960 mse:0.0132 consistent:0.0000
2025-12-29 17:30:53,337 - utils.logger2025-12-29-17.27.59 - INFO - Cur epoch 18 loss CE:0.5200 mse:0.0078 consistent:0.0000
2025-12-29 17:30:54,467 - utils.logger2025-12-29-17.27.59 - INFO - Cur epoch 18 loss CE:0.2743 mse:0.0105 consistent:0.0000
2025-12-29 17:30:55,613 - utils.logger2025-12-29-17.27.59 - INFO - Cur epoch 18 loss CE:0.4823 mse:0.0098 consistent:0.0000
2025-12-29 17:30:55,845 - utils.logger2025-12-29-17.27.59 - INFO - saving the model at the end of epoch 18, iters 77760
2025-12-29 17:30:55,941 - utils.logger2025-12-29-17.27.59 - INFO - End of training epoch 18 / 40 	 Time Taken: 6 sec
2025-12-29 17:30:55,941 - utils.logger2025-12-29-17.27.59 - INFO - learning rate = 0.0002000
2025-12-29 17:30:57,441 - utils.logger2025-12-29-17.27.59 - INFO - Val result of epoch 18 / 40 acc 0.6142 uar 0.6150 f1 0.6050
2025-12-29 17:30:58,740 - utils.logger2025-12-29-17.27.59 - INFO - Tst result of epoch 18 / 40 acc 0.6641 uar 0.6399 f1 0.6560
2025-12-29 17:30:59,620 - utils.logger2025-12-29-17.27.59 - INFO - Cur epoch 19 loss CE:0.7444 mse:0.0088 consistent:0.0000
2025-12-29 17:31:00,692 - utils.logger2025-12-29-17.27.59 - INFO - Cur epoch 19 loss CE:0.4370 mse:0.0093 consistent:0.0000
2025-12-29 17:31:01,884 - utils.logger2025-12-29-17.27.59 - INFO - Cur epoch 19 loss CE:0.5670 mse:0.0115 consistent:0.0000
2025-12-29 17:31:02,995 - utils.logger2025-12-29-17.27.59 - INFO - Cur epoch 19 loss CE:0.5974 mse:0.0101 consistent:0.0000
2025-12-29 17:31:04,176 - utils.logger2025-12-29-17.27.59 - INFO - Cur epoch 19 loss CE:0.4443 mse:0.0106 consistent:0.0000
2025-12-29 17:31:04,879 - utils.logger2025-12-29-17.27.59 - INFO - saving the model at the end of epoch 19, iters 82080
2025-12-29 17:31:04,974 - utils.logger2025-12-29-17.27.59 - INFO - End of training epoch 19 / 40 	 Time Taken: 6 sec
2025-12-29 17:31:04,975 - utils.logger2025-12-29-17.27.59 - INFO - learning rate = 0.0002000
2025-12-29 17:31:06,511 - utils.logger2025-12-29-17.27.59 - INFO - Val result of epoch 19 / 40 acc 0.6339 uar 0.5966 f1 0.6098
2025-12-29 17:31:07,849 - utils.logger2025-12-29-17.27.59 - INFO - Tst result of epoch 19 / 40 acc 0.6579 uar 0.6348 f1 0.6472
2025-12-29 17:31:08,289 - utils.logger2025-12-29-17.27.59 - INFO - Cur epoch 20 loss CE:0.7105 mse:0.0132 consistent:0.0000
2025-12-29 17:31:09,474 - utils.logger2025-12-29-17.27.59 - INFO - Cur epoch 20 loss CE:0.5303 mse:0.0145 consistent:0.0000
2025-12-29 17:31:10,663 - utils.logger2025-12-29-17.27.59 - INFO - Cur epoch 20 loss CE:0.4012 mse:0.0109 consistent:0.0000
2025-12-29 17:31:11,861 - utils.logger2025-12-29-17.27.59 - INFO - Cur epoch 20 loss CE:0.1801 mse:0.0114 consistent:0.0000
2025-12-29 17:31:13,045 - utils.logger2025-12-29-17.27.59 - INFO - Cur epoch 20 loss CE:0.4261 mse:0.0101 consistent:0.0000
2025-12-29 17:31:14,240 - utils.logger2025-12-29-17.27.59 - INFO - Cur epoch 20 loss CE:0.1900 mse:0.0116 consistent:0.0000
2025-12-29 17:31:14,240 - utils.logger2025-12-29-17.27.59 - INFO - saving the model at the end of epoch 20, iters 86400
2025-12-29 17:31:14,333 - utils.logger2025-12-29-17.27.59 - INFO - End of training epoch 20 / 40 	 Time Taken: 6 sec
2025-12-29 17:31:14,333 - utils.logger2025-12-29-17.27.59 - INFO - learning rate = 0.0001905
2025-12-29 17:31:15,849 - utils.logger2025-12-29-17.27.59 - INFO - Val result of epoch 20 / 40 acc 0.6339 uar 0.6303 f1 0.6175
2025-12-29 17:31:17,164 - utils.logger2025-12-29-17.27.59 - INFO - Tst result of epoch 20 / 40 acc 0.6475 uar 0.6555 f1 0.6460
2025-12-29 17:31:18,312 - utils.logger2025-12-29-17.27.59 - INFO - Cur epoch 21 loss CE:0.3840 mse:0.0071 consistent:0.0000
2025-12-29 17:31:19,515 - utils.logger2025-12-29-17.27.59 - INFO - Cur epoch 21 loss CE:0.3710 mse:0.0082 consistent:0.0000
2025-12-29 17:31:20,674 - utils.logger2025-12-29-17.27.59 - INFO - Cur epoch 21 loss CE:0.3936 mse:0.0095 consistent:0.0000
2025-12-29 17:31:21,672 - utils.logger2025-12-29-17.27.59 - INFO - Cur epoch 21 loss CE:0.5524 mse:0.0094 consistent:0.0000
2025-12-29 17:31:22,780 - utils.logger2025-12-29-17.27.59 - INFO - Cur epoch 21 loss CE:0.4912 mse:0.0091 consistent:0.0000
2025-12-29 17:31:23,238 - utils.logger2025-12-29-17.27.59 - INFO - saving the model at the end of epoch 21, iters 90720
2025-12-29 17:31:23,334 - utils.logger2025-12-29-17.27.59 - INFO - End of training epoch 21 / 40 	 Time Taken: 6 sec
2025-12-29 17:31:23,334 - utils.logger2025-12-29-17.27.59 - INFO - learning rate = 0.0001810
2025-12-29 17:31:24,838 - utils.logger2025-12-29-17.27.59 - INFO - Val result of epoch 21 / 40 acc 0.6367 uar 0.6273 f1 0.6152
2025-12-29 17:31:26,158 - utils.logger2025-12-29-17.27.59 - INFO - Tst result of epoch 21 / 40 acc 0.6314 uar 0.6435 f1 0.6283
2025-12-29 17:31:26,769 - utils.logger2025-12-29-17.27.59 - INFO - Cur epoch 22 loss CE:0.2594 mse:0.0093 consistent:0.0000
2025-12-29 17:31:27,964 - utils.logger2025-12-29-17.27.59 - INFO - Cur epoch 22 loss CE:0.3867 mse:0.0087 consistent:0.0000
2025-12-29 17:31:29,143 - utils.logger2025-12-29-17.27.59 - INFO - Cur epoch 22 loss CE:1.0740 mse:0.0110 consistent:0.0000
2025-12-29 17:31:30,325 - utils.logger2025-12-29-17.27.59 - INFO - Cur epoch 22 loss CE:0.4323 mse:0.0115 consistent:0.0000
2025-12-29 17:31:31,500 - utils.logger2025-12-29-17.27.59 - INFO - Cur epoch 22 loss CE:0.5605 mse:0.0084 consistent:0.0000
2025-12-29 17:31:32,448 - utils.logger2025-12-29-17.27.59 - INFO - saving the model at the end of epoch 22, iters 95040
2025-12-29 17:31:32,546 - utils.logger2025-12-29-17.27.59 - INFO - End of training epoch 22 / 40 	 Time Taken: 6 sec
2025-12-29 17:31:32,546 - utils.logger2025-12-29-17.27.59 - INFO - learning rate = 0.0001714
2025-12-29 17:31:34,058 - utils.logger2025-12-29-17.27.59 - INFO - Val result of epoch 22 / 40 acc 0.6490 uar 0.6323 f1 0.6232
2025-12-29 17:31:35,696 - utils.logger2025-12-29-17.27.59 - INFO - Tst result of epoch 22 / 40 acc 0.6483 uar 0.6695 f1 0.6476
2025-12-29 17:31:35,954 - utils.logger2025-12-29-17.27.59 - INFO - Cur epoch 23 loss CE:0.5278 mse:0.0091 consistent:0.0000
2025-12-29 17:31:37,203 - utils.logger2025-12-29-17.27.59 - INFO - Cur epoch 23 loss CE:0.5341 mse:0.0099 consistent:0.0000
2025-12-29 17:31:38,505 - utils.logger2025-12-29-17.27.59 - INFO - Cur epoch 23 loss CE:0.4542 mse:0.0131 consistent:0.0000
2025-12-29 17:31:39,793 - utils.logger2025-12-29-17.27.59 - INFO - Cur epoch 23 loss CE:0.4003 mse:0.0099 consistent:0.0000
2025-12-29 17:31:41,135 - utils.logger2025-12-29-17.27.59 - INFO - Cur epoch 23 loss CE:0.4455 mse:0.0106 consistent:0.0000
2025-12-29 17:31:42,381 - utils.logger2025-12-29-17.27.59 - INFO - Cur epoch 23 loss CE:0.5170 mse:0.0086 consistent:0.0000
2025-12-29 17:31:42,614 - utils.logger2025-12-29-17.27.59 - INFO - saving the model at the end of epoch 23, iters 99360
2025-12-29 17:31:42,708 - utils.logger2025-12-29-17.27.59 - INFO - End of training epoch 23 / 40 	 Time Taken: 7 sec
2025-12-29 17:31:42,708 - utils.logger2025-12-29-17.27.59 - INFO - learning rate = 0.0001619
2025-12-29 17:31:44,232 - utils.logger2025-12-29-17.27.59 - INFO - Val result of epoch 23 / 40 acc 0.6352 uar 0.6203 f1 0.6202
2025-12-29 17:31:45,548 - utils.logger2025-12-29-17.27.59 - INFO - Tst result of epoch 23 / 40 acc 0.6537 uar 0.6186 f1 0.6345
2025-12-29 17:31:46,239 - utils.logger2025-12-29-17.27.59 - INFO - Cur epoch 24 loss CE:0.3669 mse:0.0101 consistent:0.0000
2025-12-29 17:31:47,379 - utils.logger2025-12-29-17.27.59 - INFO - Cur epoch 24 loss CE:0.4935 mse:0.0129 consistent:0.0000
2025-12-29 17:31:48,544 - utils.logger2025-12-29-17.27.59 - INFO - Cur epoch 24 loss CE:0.4206 mse:0.0115 consistent:0.0000
2025-12-29 17:31:49,717 - utils.logger2025-12-29-17.27.59 - INFO - Cur epoch 24 loss CE:0.1970 mse:0.0088 consistent:0.0000
2025-12-29 17:31:50,905 - utils.logger2025-12-29-17.27.59 - INFO - Cur epoch 24 loss CE:0.5538 mse:0.0126 consistent:0.0000
2025-12-29 17:31:51,614 - utils.logger2025-12-29-17.27.59 - INFO - saving the model at the end of epoch 24, iters 103680
2025-12-29 17:31:51,707 - utils.logger2025-12-29-17.27.59 - INFO - End of training epoch 24 / 40 	 Time Taken: 6 sec
2025-12-29 17:31:51,707 - utils.logger2025-12-29-17.27.59 - INFO - learning rate = 0.0001524
2025-12-29 17:31:53,197 - utils.logger2025-12-29-17.27.59 - INFO - Val result of epoch 24 / 40 acc 0.6590 uar 0.6228 f1 0.6308
2025-12-29 17:31:54,492 - utils.logger2025-12-29-17.27.59 - INFO - Tst result of epoch 24 / 40 acc 0.6458 uar 0.6389 f1 0.6390
2025-12-29 17:31:54,922 - utils.logger2025-12-29-17.27.59 - INFO - Cur epoch 25 loss CE:0.4568 mse:0.0076 consistent:0.0000
2025-12-29 17:31:56,107 - utils.logger2025-12-29-17.27.59 - INFO - Cur epoch 25 loss CE:0.3462 mse:0.0096 consistent:0.0000
2025-12-29 17:31:57,314 - utils.logger2025-12-29-17.27.59 - INFO - Cur epoch 25 loss CE:0.3756 mse:0.0085 consistent:0.0000
2025-12-29 17:31:58,521 - utils.logger2025-12-29-17.27.59 - INFO - Cur epoch 25 loss CE:0.3822 mse:0.0084 consistent:0.0000
2025-12-29 17:31:59,596 - utils.logger2025-12-29-17.27.59 - INFO - Cur epoch 25 loss CE:0.2283 mse:0.0077 consistent:0.0000
2025-12-29 17:32:00,803 - utils.logger2025-12-29-17.27.59 - INFO - Cur epoch 25 loss CE:0.0996 mse:0.0096 consistent:0.0000
2025-12-29 17:32:00,804 - utils.logger2025-12-29-17.27.59 - INFO - saving the model at the end of epoch 25, iters 108000
2025-12-29 17:32:00,899 - utils.logger2025-12-29-17.27.59 - INFO - End of training epoch 25 / 40 	 Time Taken: 6 sec
2025-12-29 17:32:00,899 - utils.logger2025-12-29-17.27.59 - INFO - learning rate = 0.0001429
2025-12-29 17:32:02,405 - utils.logger2025-12-29-17.27.59 - INFO - Val result of epoch 25 / 40 acc 0.6449 uar 0.6342 f1 0.6274
2025-12-29 17:32:03,714 - utils.logger2025-12-29-17.27.59 - INFO - Tst result of epoch 25 / 40 acc 0.6638 uar 0.6596 f1 0.6577
2025-12-29 17:32:04,841 - utils.logger2025-12-29-17.27.59 - INFO - Cur epoch 26 loss CE:0.2388 mse:0.0086 consistent:0.0000
2025-12-29 17:32:06,029 - utils.logger2025-12-29-17.27.59 - INFO - Cur epoch 26 loss CE:0.6036 mse:0.0100 consistent:0.0000
2025-12-29 17:32:07,252 - utils.logger2025-12-29-17.27.59 - INFO - Cur epoch 26 loss CE:0.4339 mse:0.0094 consistent:0.0000
2025-12-29 17:32:08,448 - utils.logger2025-12-29-17.27.59 - INFO - Cur epoch 26 loss CE:0.1812 mse:0.0071 consistent:0.0000
2025-12-29 17:32:09,643 - utils.logger2025-12-29-17.27.59 - INFO - Cur epoch 26 loss CE:0.3054 mse:0.0081 consistent:0.0000
2025-12-29 17:32:10,116 - utils.logger2025-12-29-17.27.59 - INFO - saving the model at the end of epoch 26, iters 112320
2025-12-29 17:32:10,213 - utils.logger2025-12-29-17.27.59 - INFO - End of training epoch 26 / 40 	 Time Taken: 6 sec
2025-12-29 17:32:10,213 - utils.logger2025-12-29-17.27.59 - INFO - learning rate = 0.0001333
2025-12-29 17:32:11,659 - utils.logger2025-12-29-17.27.59 - INFO - Val result of epoch 26 / 40 acc 0.6441 uar 0.6378 f1 0.6281
2025-12-29 17:32:12,972 - utils.logger2025-12-29-17.27.59 - INFO - Tst result of epoch 26 / 40 acc 0.6511 uar 0.6533 f1 0.6468
2025-12-29 17:32:13,621 - utils.logger2025-12-29-17.27.59 - INFO - Cur epoch 27 loss CE:0.4515 mse:0.0123 consistent:0.0000
2025-12-29 17:32:14,791 - utils.logger2025-12-29-17.27.59 - INFO - Cur epoch 27 loss CE:0.4256 mse:0.0116 consistent:0.0000
2025-12-29 17:32:15,978 - utils.logger2025-12-29-17.27.59 - INFO - Cur epoch 27 loss CE:0.4502 mse:0.0082 consistent:0.0000
2025-12-29 17:32:17,168 - utils.logger2025-12-29-17.27.59 - INFO - Cur epoch 27 loss CE:0.3373 mse:0.0064 consistent:0.0000
2025-12-29 17:32:18,326 - utils.logger2025-12-29-17.27.59 - INFO - Cur epoch 27 loss CE:0.3102 mse:0.0094 consistent:0.0000
2025-12-29 17:32:19,266 - utils.logger2025-12-29-17.27.59 - INFO - saving the model at the end of epoch 27, iters 116640
2025-12-29 17:32:19,366 - utils.logger2025-12-29-17.27.59 - INFO - End of training epoch 27 / 40 	 Time Taken: 6 sec
2025-12-29 17:32:19,366 - utils.logger2025-12-29-17.27.59 - INFO - learning rate = 0.0001238
2025-12-29 17:32:20,848 - utils.logger2025-12-29-17.27.59 - INFO - Val result of epoch 27 / 40 acc 0.6214 uar 0.6284 f1 0.6101
2025-12-29 17:32:22,163 - utils.logger2025-12-29-17.27.59 - INFO - Tst result of epoch 27 / 40 acc 0.6556 uar 0.6546 f1 0.6494
2025-12-29 17:32:22,379 - utils.logger2025-12-29-17.27.59 - INFO - Cur epoch 28 loss CE:0.4768 mse:0.0095 consistent:0.0000
2025-12-29 17:32:23,519 - utils.logger2025-12-29-17.27.59 - INFO - Cur epoch 28 loss CE:0.1406 mse:0.0092 consistent:0.0000
2025-12-29 17:32:24,508 - utils.logger2025-12-29-17.27.59 - INFO - Cur epoch 28 loss CE:0.3624 mse:0.0101 consistent:0.0000
2025-12-29 17:32:25,655 - utils.logger2025-12-29-17.27.59 - INFO - Cur epoch 28 loss CE:0.2664 mse:0.0069 consistent:0.0000
2025-12-29 17:32:26,902 - utils.logger2025-12-29-17.27.59 - INFO - Cur epoch 28 loss CE:0.4292 mse:0.0095 consistent:0.0000
2025-12-29 17:32:28,075 - utils.logger2025-12-29-17.27.59 - INFO - Cur epoch 28 loss CE:0.4133 mse:0.0084 consistent:0.0000
2025-12-29 17:32:28,306 - utils.logger2025-12-29-17.27.59 - INFO - saving the model at the end of epoch 28, iters 120960
2025-12-29 17:32:28,405 - utils.logger2025-12-29-17.27.59 - INFO - End of training epoch 28 / 40 	 Time Taken: 6 sec
2025-12-29 17:32:28,405 - utils.logger2025-12-29-17.27.59 - INFO - learning rate = 0.0001143
2025-12-29 17:32:29,895 - utils.logger2025-12-29-17.27.59 - INFO - Val result of epoch 28 / 40 acc 0.6301 uar 0.6187 f1 0.6177
2025-12-29 17:32:31,225 - utils.logger2025-12-29-17.27.59 - INFO - Tst result of epoch 28 / 40 acc 0.6653 uar 0.6461 f1 0.6576
2025-12-29 17:32:32,047 - utils.logger2025-12-29-17.27.59 - INFO - Cur epoch 29 loss CE:0.5290 mse:0.0111 consistent:0.0000
2025-12-29 17:32:33,162 - utils.logger2025-12-29-17.27.59 - INFO - Cur epoch 29 loss CE:0.4769 mse:0.0110 consistent:0.0000
2025-12-29 17:32:34,346 - utils.logger2025-12-29-17.27.59 - INFO - Cur epoch 29 loss CE:0.1723 mse:0.0091 consistent:0.0000
2025-12-29 17:32:35,552 - utils.logger2025-12-29-17.27.59 - INFO - Cur epoch 29 loss CE:0.3379 mse:0.0096 consistent:0.0000
2025-12-29 17:32:36,742 - utils.logger2025-12-29-17.27.59 - INFO - Cur epoch 29 loss CE:0.2757 mse:0.0068 consistent:0.0000
2025-12-29 17:32:37,443 - utils.logger2025-12-29-17.27.59 - INFO - saving the model at the end of epoch 29, iters 125280
2025-12-29 17:32:37,541 - utils.logger2025-12-29-17.27.59 - INFO - End of training epoch 29 / 40 	 Time Taken: 6 sec
2025-12-29 17:32:37,541 - utils.logger2025-12-29-17.27.59 - INFO - learning rate = 0.0001048
2025-12-29 17:32:39,084 - utils.logger2025-12-29-17.27.59 - INFO - Val result of epoch 29 / 40 acc 0.6244 uar 0.6214 f1 0.6158
2025-12-29 17:32:40,448 - utils.logger2025-12-29-17.27.59 - INFO - Tst result of epoch 29 / 40 acc 0.6703 uar 0.6563 f1 0.6623
2025-12-29 17:32:40,874 - utils.logger2025-12-29-17.27.59 - INFO - Cur epoch 30 loss CE:0.2382 mse:0.0074 consistent:0.0000
2025-12-29 17:32:42,032 - utils.logger2025-12-29-17.27.59 - INFO - Cur epoch 30 loss CE:0.2601 mse:0.0070 consistent:0.0000
2025-12-29 17:32:43,184 - utils.logger2025-12-29-17.27.59 - INFO - Cur epoch 30 loss CE:0.5348 mse:0.0102 consistent:0.0000
2025-12-29 17:32:44,369 - utils.logger2025-12-29-17.27.59 - INFO - Cur epoch 30 loss CE:0.2892 mse:0.0086 consistent:0.0000
2025-12-29 17:32:45,562 - utils.logger2025-12-29-17.27.59 - INFO - Cur epoch 30 loss CE:0.3933 mse:0.0084 consistent:0.0000
2025-12-29 17:32:46,741 - utils.logger2025-12-29-17.27.59 - INFO - Cur epoch 30 loss CE:0.0051 mse:0.0040 consistent:0.0000
2025-12-29 17:32:46,742 - utils.logger2025-12-29-17.27.59 - INFO - saving the model at the end of epoch 30, iters 129600
2025-12-29 17:32:46,835 - utils.logger2025-12-29-17.27.59 - INFO - End of training epoch 30 / 40 	 Time Taken: 6 sec
2025-12-29 17:32:46,835 - utils.logger2025-12-29-17.27.59 - INFO - learning rate = 0.0000952
2025-12-29 17:32:48,305 - utils.logger2025-12-29-17.27.59 - INFO - Val result of epoch 30 / 40 acc 0.6180 uar 0.6048 f1 0.6042
2025-12-29 17:32:49,628 - utils.logger2025-12-29-17.27.59 - INFO - Tst result of epoch 30 / 40 acc 0.6658 uar 0.6434 f1 0.6502
2025-12-29 17:32:50,669 - utils.logger2025-12-29-17.27.59 - INFO - Cur epoch 31 loss CE:0.2672 mse:0.0084 consistent:0.0000
2025-12-29 17:32:51,860 - utils.logger2025-12-29-17.27.59 - INFO - Cur epoch 31 loss CE:0.3801 mse:0.0082 consistent:0.0000
2025-12-29 17:32:53,040 - utils.logger2025-12-29-17.27.59 - INFO - Cur epoch 31 loss CE:0.3334 mse:0.0107 consistent:0.0000
2025-12-29 17:32:54,235 - utils.logger2025-12-29-17.27.59 - INFO - Cur epoch 31 loss CE:0.1527 mse:0.0067 consistent:0.0000
2025-12-29 17:32:55,483 - utils.logger2025-12-29-17.27.59 - INFO - Cur epoch 31 loss CE:0.3655 mse:0.0130 consistent:0.0000
2025-12-29 17:32:55,955 - utils.logger2025-12-29-17.27.59 - INFO - saving the model at the end of epoch 31, iters 133920
2025-12-29 17:32:56,065 - utils.logger2025-12-29-17.27.59 - INFO - End of training epoch 31 / 40 	 Time Taken: 6 sec
2025-12-29 17:32:56,065 - utils.logger2025-12-29-17.27.59 - INFO - learning rate = 0.0000857
2025-12-29 17:32:57,896 - utils.logger2025-12-29-17.27.59 - INFO - Val result of epoch 31 / 40 acc 0.6365 uar 0.6190 f1 0.6191
2025-12-29 17:32:59,198 - utils.logger2025-12-29-17.27.59 - INFO - Tst result of epoch 31 / 40 acc 0.6621 uar 0.6536 f1 0.6547
2025-12-29 17:32:59,846 - utils.logger2025-12-29-17.27.59 - INFO - Cur epoch 32 loss CE:0.1456 mse:0.0068 consistent:0.0000
2025-12-29 17:33:01,018 - utils.logger2025-12-29-17.27.59 - INFO - Cur epoch 32 loss CE:0.2970 mse:0.0084 consistent:0.0000
2025-12-29 17:33:02,203 - utils.logger2025-12-29-17.27.59 - INFO - Cur epoch 32 loss CE:0.3203 mse:0.0072 consistent:0.0000
2025-12-29 17:33:03,381 - utils.logger2025-12-29-17.27.59 - INFO - Cur epoch 32 loss CE:0.5546 mse:0.0094 consistent:0.0000
2025-12-29 17:33:04,582 - utils.logger2025-12-29-17.27.59 - INFO - Cur epoch 32 loss CE:0.4711 mse:0.0116 consistent:0.0000
2025-12-29 17:33:05,534 - utils.logger2025-12-29-17.27.59 - INFO - saving the model at the end of epoch 32, iters 138240
2025-12-29 17:33:05,625 - utils.logger2025-12-29-17.27.59 - INFO - End of training epoch 32 / 40 	 Time Taken: 6 sec
2025-12-29 17:33:05,625 - utils.logger2025-12-29-17.27.59 - INFO - learning rate = 0.0000762
2025-12-29 17:33:07,173 - utils.logger2025-12-29-17.27.59 - INFO - Val result of epoch 32 / 40 acc 0.6216 uar 0.6189 f1 0.6087
2025-12-29 17:33:08,586 - utils.logger2025-12-29-17.27.59 - INFO - Tst result of epoch 32 / 40 acc 0.6616 uar 0.6594 f1 0.6567
2025-12-29 17:33:08,799 - utils.logger2025-12-29-17.27.59 - INFO - Cur epoch 33 loss CE:0.2340 mse:0.0069 consistent:0.0000
2025-12-29 17:33:09,943 - utils.logger2025-12-29-17.27.59 - INFO - Cur epoch 33 loss CE:0.1568 mse:0.0083 consistent:0.0000
2025-12-29 17:33:11,104 - utils.logger2025-12-29-17.27.59 - INFO - Cur epoch 33 loss CE:0.2506 mse:0.0070 consistent:0.0000
2025-12-29 17:33:12,286 - utils.logger2025-12-29-17.27.59 - INFO - Cur epoch 33 loss CE:0.3369 mse:0.0091 consistent:0.0000
2025-12-29 17:33:13,462 - utils.logger2025-12-29-17.27.59 - INFO - Cur epoch 33 loss CE:0.2883 mse:0.0090 consistent:0.0000
2025-12-29 17:33:14,652 - utils.logger2025-12-29-17.27.59 - INFO - Cur epoch 33 loss CE:0.0987 mse:0.0084 consistent:0.0000
2025-12-29 17:33:14,883 - utils.logger2025-12-29-17.27.59 - INFO - saving the model at the end of epoch 33, iters 142560
2025-12-29 17:33:14,980 - utils.logger2025-12-29-17.27.59 - INFO - End of training epoch 33 / 40 	 Time Taken: 6 sec
2025-12-29 17:33:14,980 - utils.logger2025-12-29-17.27.59 - INFO - learning rate = 0.0000667
2025-12-29 17:33:16,440 - utils.logger2025-12-29-17.27.59 - INFO - Val result of epoch 33 / 40 acc 0.6482 uar 0.6346 f1 0.6315
2025-12-29 17:33:17,739 - utils.logger2025-12-29-17.27.59 - INFO - Tst result of epoch 33 / 40 acc 0.6579 uar 0.6469 f1 0.6514
2025-12-29 17:33:18,654 - utils.logger2025-12-29-17.27.59 - INFO - Cur epoch 34 loss CE:0.4478 mse:0.0102 consistent:0.0000
2025-12-29 17:33:19,844 - utils.logger2025-12-29-17.27.59 - INFO - Cur epoch 34 loss CE:0.1869 mse:0.0101 consistent:0.0000
2025-12-29 17:33:21,015 - utils.logger2025-12-29-17.27.59 - INFO - Cur epoch 34 loss CE:0.3105 mse:0.0094 consistent:0.0000
2025-12-29 17:33:22,206 - utils.logger2025-12-29-17.27.59 - INFO - Cur epoch 34 loss CE:0.4182 mse:0.0072 consistent:0.0000
2025-12-29 17:33:23,414 - utils.logger2025-12-29-17.27.59 - INFO - Cur epoch 34 loss CE:0.1845 mse:0.0079 consistent:0.0000
2025-12-29 17:33:24,120 - utils.logger2025-12-29-17.27.59 - INFO - saving the model at the end of epoch 34, iters 146880
2025-12-29 17:33:24,217 - utils.logger2025-12-29-17.27.59 - INFO - End of training epoch 34 / 40 	 Time Taken: 6 sec
2025-12-29 17:33:24,217 - utils.logger2025-12-29-17.27.59 - INFO - learning rate = 0.0000571
2025-12-29 17:33:25,729 - utils.logger2025-12-29-17.27.59 - INFO - Val result of epoch 34 / 40 acc 0.6214 uar 0.6257 f1 0.6091
2025-12-29 17:33:27,055 - utils.logger2025-12-29-17.27.59 - INFO - Tst result of epoch 34 / 40 acc 0.6571 uar 0.6586 f1 0.6552
2025-12-29 17:33:27,481 - utils.logger2025-12-29-17.27.59 - INFO - Cur epoch 35 loss CE:0.1801 mse:0.0076 consistent:0.0000
2025-12-29 17:33:28,647 - utils.logger2025-12-29-17.27.59 - INFO - Cur epoch 35 loss CE:0.3694 mse:0.0088 consistent:0.0000
2025-12-29 17:33:29,775 - utils.logger2025-12-29-17.27.59 - INFO - Cur epoch 35 loss CE:0.1848 mse:0.0066 consistent:0.0000
2025-12-29 17:33:30,966 - utils.logger2025-12-29-17.27.59 - INFO - Cur epoch 35 loss CE:0.3554 mse:0.0111 consistent:0.0000
2025-12-29 17:33:32,164 - utils.logger2025-12-29-17.27.59 - INFO - Cur epoch 35 loss CE:0.4252 mse:0.0090 consistent:0.0000
2025-12-29 17:33:33,352 - utils.logger2025-12-29-17.27.59 - INFO - Cur epoch 35 loss CE:0.0000 mse:0.0060 consistent:0.0000
2025-12-29 17:33:33,352 - utils.logger2025-12-29-17.27.59 - INFO - saving the model at the end of epoch 35, iters 151200
2025-12-29 17:33:33,449 - utils.logger2025-12-29-17.27.59 - INFO - End of training epoch 35 / 40 	 Time Taken: 6 sec
2025-12-29 17:33:33,449 - utils.logger2025-12-29-17.27.59 - INFO - learning rate = 0.0000476
2025-12-29 17:33:34,936 - utils.logger2025-12-29-17.27.59 - INFO - Val result of epoch 35 / 40 acc 0.6347 uar 0.6241 f1 0.6157
2025-12-29 17:33:36,231 - utils.logger2025-12-29-17.27.59 - INFO - Tst result of epoch 35 / 40 acc 0.6525 uar 0.6559 f1 0.6482
2025-12-29 17:33:37,350 - utils.logger2025-12-29-17.27.59 - INFO - Cur epoch 36 loss CE:0.3787 mse:0.0077 consistent:0.0000
2025-12-29 17:33:38,522 - utils.logger2025-12-29-17.27.59 - INFO - Cur epoch 36 loss CE:0.3382 mse:0.0076 consistent:0.0000
2025-12-29 17:33:39,730 - utils.logger2025-12-29-17.27.59 - INFO - Cur epoch 36 loss CE:0.3227 mse:0.0067 consistent:0.0000
2025-12-29 17:33:40,926 - utils.logger2025-12-29-17.27.59 - INFO - Cur epoch 36 loss CE:0.3102 mse:0.0096 consistent:0.0000
2025-12-29 17:33:42,125 - utils.logger2025-12-29-17.27.59 - INFO - Cur epoch 36 loss CE:0.4013 mse:0.0069 consistent:0.0000
2025-12-29 17:33:42,597 - utils.logger2025-12-29-17.27.59 - INFO - saving the model at the end of epoch 36, iters 155520
2025-12-29 17:33:42,691 - utils.logger2025-12-29-17.27.59 - INFO - End of training epoch 36 / 40 	 Time Taken: 6 sec
2025-12-29 17:33:42,691 - utils.logger2025-12-29-17.27.59 - INFO - learning rate = 0.0000381
2025-12-29 17:33:44,161 - utils.logger2025-12-29-17.27.59 - INFO - Val result of epoch 36 / 40 acc 0.6406 uar 0.6276 f1 0.6211
2025-12-29 17:33:45,455 - utils.logger2025-12-29-17.27.59 - INFO - Tst result of epoch 36 / 40 acc 0.6444 uar 0.6524 f1 0.6413
2025-12-29 17:33:46,097 - utils.logger2025-12-29-17.27.59 - INFO - Cur epoch 37 loss CE:0.4551 mse:0.0093 consistent:0.0000
2025-12-29 17:33:47,277 - utils.logger2025-12-29-17.27.59 - INFO - Cur epoch 37 loss CE:0.4237 mse:0.0075 consistent:0.0000
2025-12-29 17:33:48,467 - utils.logger2025-12-29-17.27.59 - INFO - Cur epoch 37 loss CE:0.3851 mse:0.0105 consistent:0.0000
2025-12-29 17:33:49,643 - utils.logger2025-12-29-17.27.59 - INFO - Cur epoch 37 loss CE:0.2925 mse:0.0089 consistent:0.0000
2025-12-29 17:33:50,829 - utils.logger2025-12-29-17.27.59 - INFO - Cur epoch 37 loss CE:0.1221 mse:0.0063 consistent:0.0000
2025-12-29 17:33:51,773 - utils.logger2025-12-29-17.27.59 - INFO - saving the model at the end of epoch 37, iters 159840
2025-12-29 17:33:51,873 - utils.logger2025-12-29-17.27.59 - INFO - End of training epoch 37 / 40 	 Time Taken: 6 sec
2025-12-29 17:33:51,873 - utils.logger2025-12-29-17.27.59 - INFO - learning rate = 0.0000286
2025-12-29 17:33:53,352 - utils.logger2025-12-29-17.27.59 - INFO - Val result of epoch 37 / 40 acc 0.6318 uar 0.6234 f1 0.6139
2025-12-29 17:33:54,672 - utils.logger2025-12-29-17.27.59 - INFO - Tst result of epoch 37 / 40 acc 0.6554 uar 0.6579 f1 0.6505
2025-12-29 17:33:54,888 - utils.logger2025-12-29-17.27.59 - INFO - Cur epoch 38 loss CE:0.4432 mse:0.0085 consistent:0.0000
2025-12-29 17:33:56,047 - utils.logger2025-12-29-17.27.59 - INFO - Cur epoch 38 loss CE:0.2764 mse:0.0124 consistent:0.0000
2025-12-29 17:33:57,231 - utils.logger2025-12-29-17.27.59 - INFO - Cur epoch 38 loss CE:0.1742 mse:0.0069 consistent:0.0000
2025-12-29 17:33:58,437 - utils.logger2025-12-29-17.27.59 - INFO - Cur epoch 38 loss CE:0.4901 mse:0.0075 consistent:0.0000
2025-12-29 17:33:59,628 - utils.logger2025-12-29-17.27.59 - INFO - Cur epoch 38 loss CE:0.2512 mse:0.0084 consistent:0.0000
2025-12-29 17:34:00,890 - utils.logger2025-12-29-17.27.59 - INFO - Cur epoch 38 loss CE:0.2781 mse:0.0109 consistent:0.0000
2025-12-29 17:34:01,133 - utils.logger2025-12-29-17.27.59 - INFO - saving the model at the end of epoch 38, iters 164160
2025-12-29 17:34:01,247 - utils.logger2025-12-29-17.27.59 - INFO - End of training epoch 38 / 40 	 Time Taken: 6 sec
2025-12-29 17:34:01,247 - utils.logger2025-12-29-17.27.59 - INFO - learning rate = 0.0000190
2025-12-29 17:34:02,901 - utils.logger2025-12-29-17.27.59 - INFO - Val result of epoch 38 / 40 acc 0.6416 uar 0.6223 f1 0.6219
2025-12-29 17:34:04,199 - utils.logger2025-12-29-17.27.59 - INFO - Tst result of epoch 38 / 40 acc 0.6633 uar 0.6536 f1 0.6563
2025-12-29 17:34:04,865 - utils.logger2025-12-29-17.27.59 - INFO - Cur epoch 39 loss CE:0.4311 mse:0.0099 consistent:0.0000
2025-12-29 17:34:05,759 - utils.logger2025-12-29-17.27.59 - INFO - Cur epoch 39 loss CE:0.1718 mse:0.0091 consistent:0.0000
2025-12-29 17:34:06,686 - utils.logger2025-12-29-17.27.59 - INFO - Cur epoch 39 loss CE:0.8197 mse:0.0112 consistent:0.0000
2025-12-29 17:34:07,606 - utils.logger2025-12-29-17.27.59 - INFO - Cur epoch 39 loss CE:0.2800 mse:0.0063 consistent:0.0000
2025-12-29 17:34:08,540 - utils.logger2025-12-29-17.27.59 - INFO - Cur epoch 39 loss CE:0.3240 mse:0.0082 consistent:0.0000
2025-12-29 17:34:09,095 - utils.logger2025-12-29-17.27.59 - INFO - saving the model at the end of epoch 39, iters 168480
2025-12-29 17:34:09,191 - utils.logger2025-12-29-17.27.59 - INFO - End of training epoch 39 / 40 	 Time Taken: 4 sec
2025-12-29 17:34:09,191 - utils.logger2025-12-29-17.27.59 - INFO - learning rate = 0.0000095
2025-12-29 17:34:10,731 - utils.logger2025-12-29-17.27.59 - INFO - Val result of epoch 39 / 40 acc 0.6388 uar 0.6284 f1 0.6209
2025-12-29 17:34:12,076 - utils.logger2025-12-29-17.27.59 - INFO - Tst result of epoch 39 / 40 acc 0.6525 uar 0.6542 f1 0.6490
2025-12-29 17:34:12,488 - utils.logger2025-12-29-17.27.59 - INFO - Cur epoch 40 loss CE:0.2669 mse:0.0075 consistent:0.0000
2025-12-29 17:34:13,634 - utils.logger2025-12-29-17.27.59 - INFO - Cur epoch 40 loss CE:0.1801 mse:0.0092 consistent:0.0000
2025-12-29 17:34:14,825 - utils.logger2025-12-29-17.27.59 - INFO - Cur epoch 40 loss CE:0.1378 mse:0.0094 consistent:0.0000
2025-12-29 17:34:16,026 - utils.logger2025-12-29-17.27.59 - INFO - Cur epoch 40 loss CE:0.1520 mse:0.0079 consistent:0.0000
2025-12-29 17:34:17,222 - utils.logger2025-12-29-17.27.59 - INFO - Cur epoch 40 loss CE:0.1725 mse:0.0096 consistent:0.0000
2025-12-29 17:34:18,428 - utils.logger2025-12-29-17.27.59 - INFO - Cur epoch 40 loss CE:0.0007 mse:0.0041 consistent:0.0000
2025-12-29 17:34:18,429 - utils.logger2025-12-29-17.27.59 - INFO - saving the model at the end of epoch 40, iters 172800
2025-12-29 17:34:18,521 - utils.logger2025-12-29-17.27.59 - INFO - End of training epoch 40 / 40 	 Time Taken: 6 sec
2025-12-29 17:34:18,522 - utils.logger2025-12-29-17.27.59 - INFO - learning rate = 0.0000000
2025-12-29 17:34:20,034 - utils.logger2025-12-29-17.27.59 - INFO - Val result of epoch 40 / 40 acc 0.6357 uar 0.6242 f1 0.6194
2025-12-29 17:34:21,378 - utils.logger2025-12-29-17.27.59 - INFO - Tst result of epoch 40 / 40 acc 0.6534 uar 0.6512 f1 0.6485
2025-12-29 17:34:21,379 - utils.logger2025-12-29-17.27.59 - INFO - Best eval epoch 22 found with uar 0.669470
2025-12-29 17:34:21,379 - utils.logger2025-12-29-17.27.59 - INFO - Loading best model found on val set: epoch-22
2025-12-29 17:34:24,351 - utils.logger2025-12-29-17.27.59 - INFO - Tst result acc 0.6483 uar 0.6695 f1 0.6476
