2025-11-30 10:26:12,672 - utils.logger2025-11-30-10.26.12 - INFO - The number of training samples = 1750
2025-11-30 10:26:14,147 - utils.logger2025-11-30-10.26.12 - INFO - Cur epoch 1 loss TA:1.0349 TV:1.0355 VA:2.0722 CE:3.8377
2025-11-30 10:26:14,590 - utils.logger2025-11-30-10.26.12 - INFO - Cur epoch 1 loss TA:1.0348 TV:1.0320 VA:2.0626 CE:3.4138
2025-11-30 10:26:14,997 - utils.logger2025-11-30-10.26.12 - INFO - saving the model at the end of epoch 1, iters 28
2025-11-30 10:26:15,064 - utils.logger2025-11-30-10.26.12 - INFO - End of training epoch 1 / 40 	 Time Taken: 2 sec
2025-11-30 10:26:15,064 - utils.logger2025-11-30-10.26.12 - INFO - learning rate = 0.0002000
2025-11-30 10:26:15,395 - utils.logger2025-11-30-10.26.12 - INFO - Val result of epoch 1 / 40 acc 0.5670 MAE 0.3889 f1 0.6542
2025-11-30 10:26:15,717 - utils.logger2025-11-30-10.26.12 - INFO - Tst result of epoch 1 / 40 acc 0.5670 MAE 0.3889 f1 0.6542
2025-11-30 10:26:15,976 - utils.logger2025-11-30-10.26.12 - INFO - Cur epoch 2 loss TA:1.0261 TV:1.0229 VA:2.0517 CE:3.1136
2025-11-30 10:26:16,426 - utils.logger2025-11-30-10.26.12 - INFO - Cur epoch 2 loss TA:1.0248 TV:1.0192 VA:2.0558 CE:2.4674
2025-11-30 10:26:16,864 - utils.logger2025-11-30-10.26.12 - INFO - Cur epoch 2 loss TA:1.0178 TV:0.9972 VA:2.0461 CE:2.3355
2025-11-30 10:26:17,169 - utils.logger2025-11-30-10.26.12 - INFO - saving the model at the end of epoch 2, iters 56
2025-11-30 10:26:17,241 - utils.logger2025-11-30-10.26.12 - INFO - End of training epoch 2 / 40 	 Time Taken: 1 sec
2025-11-30 10:26:17,242 - utils.logger2025-11-30-10.26.12 - INFO - learning rate = 0.0002000
2025-11-30 10:26:17,572 - utils.logger2025-11-30-10.26.12 - INFO - Val result of epoch 2 / 40 acc 0.6964 MAE 0.5457 f1 0.7053
2025-11-30 10:26:17,858 - utils.logger2025-11-30-10.26.12 - INFO - Tst result of epoch 2 / 40 acc 0.6964 MAE 0.5457 f1 0.7053
2025-11-30 10:26:18,185 - utils.logger2025-11-30-10.26.12 - INFO - Cur epoch 3 loss TA:1.0103 TV:0.9830 VA:2.0371 CE:3.1307
2025-11-30 10:26:18,589 - utils.logger2025-11-30-10.26.12 - INFO - Cur epoch 3 loss TA:0.9835 TV:0.9564 VA:1.9906 CE:2.5687
2025-11-30 10:26:18,987 - utils.logger2025-11-30-10.26.12 - INFO - Cur epoch 3 loss TA:0.9775 TV:0.9708 VA:1.9944 CE:2.4822
2025-11-30 10:26:19,185 - utils.logger2025-11-30-10.26.12 - INFO - saving the model at the end of epoch 3, iters 84
2025-11-30 10:26:19,252 - utils.logger2025-11-30-10.26.12 - INFO - End of training epoch 3 / 40 	 Time Taken: 1 sec
2025-11-30 10:26:19,252 - utils.logger2025-11-30-10.26.12 - INFO - learning rate = 0.0002000
2025-11-30 10:26:19,551 - utils.logger2025-11-30-10.26.12 - INFO - Val result of epoch 3 / 40 acc 0.7455 MAE 0.5657 f1 0.7462
2025-11-30 10:26:19,839 - utils.logger2025-11-30-10.26.12 - INFO - Tst result of epoch 3 / 40 acc 0.7455 MAE 0.5657 f1 0.7462
2025-11-30 10:26:20,304 - utils.logger2025-11-30-10.26.12 - INFO - Cur epoch 4 loss TA:0.9518 TV:0.9394 VA:1.9272 CE:2.1251
2025-11-30 10:26:20,754 - utils.logger2025-11-30-10.26.12 - INFO - Cur epoch 4 loss TA:0.9159 TV:0.9057 VA:1.8467 CE:2.7343
2025-11-30 10:26:21,209 - utils.logger2025-11-30-10.26.12 - INFO - Cur epoch 4 loss TA:0.9353 TV:0.9280 VA:1.9115 CE:2.2811
2025-11-30 10:26:21,342 - utils.logger2025-11-30-10.26.12 - INFO - saving the model at the end of epoch 4, iters 112
2025-11-30 10:26:21,412 - utils.logger2025-11-30-10.26.12 - INFO - End of training epoch 4 / 40 	 Time Taken: 1 sec
2025-11-30 10:26:21,413 - utils.logger2025-11-30-10.26.12 - INFO - learning rate = 0.0002000
2025-11-30 10:26:21,729 - utils.logger2025-11-30-10.26.12 - INFO - Val result of epoch 4 / 40 acc 0.7812 MAE 0.6239 f1 0.7826
2025-11-30 10:26:22,061 - utils.logger2025-11-30-10.26.12 - INFO - Tst result of epoch 4 / 40 acc 0.7812 MAE 0.6239 f1 0.7826
2025-11-30 10:26:22,599 - utils.logger2025-11-30-10.26.12 - INFO - Cur epoch 5 loss TA:0.9172 TV:0.8963 VA:1.8556 CE:1.5521
2025-11-30 10:26:23,046 - utils.logger2025-11-30-10.26.12 - INFO - Cur epoch 5 loss TA:0.8929 TV:0.8866 VA:1.7994 CE:1.5915
2025-11-30 10:26:23,504 - utils.logger2025-11-30-10.26.12 - INFO - Cur epoch 5 loss TA:0.6335 TV:0.6186 VA:1.2465 CE:1.7157
2025-11-30 10:26:23,561 - utils.logger2025-11-30-10.26.12 - INFO - saving the model at the end of epoch 5, iters 140
2025-11-30 10:26:23,631 - utils.logger2025-11-30-10.26.12 - INFO - End of training epoch 5 / 40 	 Time Taken: 1 sec
2025-11-30 10:26:23,631 - utils.logger2025-11-30-10.26.12 - INFO - learning rate = 0.0002000
2025-11-30 10:26:23,968 - utils.logger2025-11-30-10.26.12 - INFO - Val result of epoch 5 / 40 acc 0.7857 MAE 0.6496 f1 0.7870
2025-11-30 10:26:24,275 - utils.logger2025-11-30-10.26.12 - INFO - Tst result of epoch 5 / 40 acc 0.7857 MAE 0.6496 f1 0.7870
2025-11-30 10:26:24,900 - utils.logger2025-11-30-10.26.12 - INFO - Cur epoch 6 loss TA:0.8861 TV:0.8579 VA:1.7361 CE:1.6092
2025-11-30 10:26:25,353 - utils.logger2025-11-30-10.26.12 - INFO - Cur epoch 6 loss TA:0.8668 TV:0.8688 VA:1.7485 CE:1.8389
2025-11-30 10:26:25,751 - utils.logger2025-11-30-10.26.12 - INFO - saving the model at the end of epoch 6, iters 168
2025-11-30 10:26:25,823 - utils.logger2025-11-30-10.26.12 - INFO - End of training epoch 6 / 40 	 Time Taken: 1 sec
2025-11-30 10:26:25,823 - utils.logger2025-11-30-10.26.12 - INFO - learning rate = 0.0002000
2025-11-30 10:26:26,134 - utils.logger2025-11-30-10.26.12 - INFO - Val result of epoch 6 / 40 acc 0.7857 MAE 0.6586 f1 0.7876
2025-11-30 10:26:26,475 - utils.logger2025-11-30-10.26.12 - INFO - Tst result of epoch 6 / 40 acc 0.7857 MAE 0.6586 f1 0.7876
2025-11-30 10:26:26,803 - utils.logger2025-11-30-10.26.12 - INFO - Cur epoch 7 loss TA:0.8291 TV:0.8500 VA:1.7152 CE:1.2776
2025-11-30 10:26:27,239 - utils.logger2025-11-30-10.26.12 - INFO - Cur epoch 7 loss TA:0.8437 TV:0.7989 VA:1.7256 CE:1.2854
2025-11-30 10:26:27,671 - utils.logger2025-11-30-10.26.12 - INFO - Cur epoch 7 loss TA:0.8174 TV:0.8332 VA:1.6862 CE:1.0986
2025-11-30 10:26:27,982 - utils.logger2025-11-30-10.26.12 - INFO - saving the model at the end of epoch 7, iters 196
2025-11-30 10:26:28,051 - utils.logger2025-11-30-10.26.12 - INFO - End of training epoch 7 / 40 	 Time Taken: 1 sec
2025-11-30 10:26:28,051 - utils.logger2025-11-30-10.26.12 - INFO - learning rate = 0.0002000
2025-11-30 10:26:28,365 - utils.logger2025-11-30-10.26.12 - INFO - Val result of epoch 7 / 40 acc 0.7946 MAE 0.6692 f1 0.8011
2025-11-30 10:26:28,661 - utils.logger2025-11-30-10.26.12 - INFO - Tst result of epoch 7 / 40 acc 0.7946 MAE 0.6692 f1 0.8011
2025-11-30 10:26:29,013 - utils.logger2025-11-30-10.26.12 - INFO - Cur epoch 8 loss TA:0.7752 TV:0.7949 VA:1.5885 CE:1.3891
2025-11-30 10:26:29,449 - utils.logger2025-11-30-10.26.12 - INFO - Cur epoch 8 loss TA:0.7822 TV:0.8105 VA:1.6179 CE:1.1850
2025-11-30 10:26:29,884 - utils.logger2025-11-30-10.26.12 - INFO - Cur epoch 8 loss TA:0.8226 TV:0.8137 VA:1.6568 CE:1.2968
2025-11-30 10:26:30,100 - utils.logger2025-11-30-10.26.12 - INFO - saving the model at the end of epoch 8, iters 224
2025-11-30 10:26:30,167 - utils.logger2025-11-30-10.26.12 - INFO - End of training epoch 8 / 40 	 Time Taken: 1 sec
2025-11-30 10:26:30,168 - utils.logger2025-11-30-10.26.12 - INFO - learning rate = 0.0002000
2025-11-30 10:26:30,481 - utils.logger2025-11-30-10.26.12 - INFO - Val result of epoch 8 / 40 acc 0.8036 MAE 0.6863 f1 0.8061
2025-11-30 10:26:30,813 - utils.logger2025-11-30-10.26.12 - INFO - Tst result of epoch 8 / 40 acc 0.8036 MAE 0.6863 f1 0.8061
2025-11-30 10:26:31,245 - utils.logger2025-11-30-10.26.12 - INFO - Cur epoch 9 loss TA:0.7580 TV:0.7756 VA:1.5274 CE:1.0232
2025-11-30 10:26:31,681 - utils.logger2025-11-30-10.26.12 - INFO - Cur epoch 9 loss TA:0.7811 TV:0.7909 VA:1.5967 CE:1.2723
2025-11-30 10:26:32,122 - utils.logger2025-11-30-10.26.12 - INFO - Cur epoch 9 loss TA:0.7654 TV:0.7713 VA:1.6165 CE:0.8913
2025-11-30 10:26:32,292 - utils.logger2025-11-30-10.26.12 - INFO - saving the model at the end of epoch 9, iters 252
2025-11-30 10:26:32,393 - utils.logger2025-11-30-10.26.12 - INFO - End of training epoch 9 / 40 	 Time Taken: 1 sec
2025-11-30 10:26:32,393 - utils.logger2025-11-30-10.26.12 - INFO - learning rate = 0.0002000
2025-11-30 10:26:32,925 - utils.logger2025-11-30-10.26.12 - INFO - Val result of epoch 9 / 40 acc 0.7991 MAE 0.6904 f1 0.8123
2025-11-30 10:26:33,382 - utils.logger2025-11-30-10.26.12 - INFO - Tst result of epoch 9 / 40 acc 0.7991 MAE 0.6904 f1 0.8123
2025-11-30 10:26:34,070 - utils.logger2025-11-30-10.26.12 - INFO - Cur epoch 10 loss TA:0.7221 TV:0.7403 VA:1.5319 CE:1.2122
2025-11-30 10:26:34,586 - utils.logger2025-11-30-10.26.12 - INFO - Cur epoch 10 loss TA:0.7066 TV:0.7351 VA:1.5089 CE:1.1532
2025-11-30 10:26:35,101 - utils.logger2025-11-30-10.26.12 - INFO - Cur epoch 10 loss TA:0.4570 TV:0.4388 VA:0.9599 CE:0.6797
2025-11-30 10:26:35,179 - utils.logger2025-11-30-10.26.12 - INFO - saving the model at the end of epoch 10, iters 280
2025-11-30 10:26:35,268 - utils.logger2025-11-30-10.26.12 - INFO - End of training epoch 10 / 40 	 Time Taken: 1 sec
2025-11-30 10:26:35,268 - utils.logger2025-11-30-10.26.12 - INFO - learning rate = 0.0002000
2025-11-30 10:26:35,757 - utils.logger2025-11-30-10.26.12 - INFO - Val result of epoch 10 / 40 acc 0.8080 MAE 0.6901 f1 0.8101
2025-11-30 10:26:36,229 - utils.logger2025-11-30-10.26.12 - INFO - Tst result of epoch 10 / 40 acc 0.8080 MAE 0.6901 f1 0.8101
2025-11-30 10:26:37,020 - utils.logger2025-11-30-10.26.12 - INFO - Cur epoch 11 loss TA:0.7280 TV:0.7242 VA:1.4843 CE:1.0461
2025-11-30 10:26:37,558 - utils.logger2025-11-30-10.26.12 - INFO - Cur epoch 11 loss TA:0.7013 TV:0.7337 VA:1.5054 CE:0.9365
2025-11-30 10:26:38,069 - utils.logger2025-11-30-10.26.12 - INFO - saving the model at the end of epoch 11, iters 308
2025-11-30 10:26:38,177 - utils.logger2025-11-30-10.26.12 - INFO - End of training epoch 11 / 40 	 Time Taken: 1 sec
2025-11-30 10:26:38,178 - utils.logger2025-11-30-10.26.12 - INFO - learning rate = 0.0002000
2025-11-30 10:26:38,700 - utils.logger2025-11-30-10.26.12 - INFO - Val result of epoch 11 / 40 acc 0.7902 MAE 0.6913 f1 0.7917
2025-11-30 10:26:39,194 - utils.logger2025-11-30-10.26.12 - INFO - Tst result of epoch 11 / 40 acc 0.7902 MAE 0.6913 f1 0.7917
2025-11-30 10:26:39,565 - utils.logger2025-11-30-10.26.12 - INFO - Cur epoch 12 loss TA:0.7132 TV:0.6987 VA:1.4091 CE:0.6541
2025-11-30 10:26:40,102 - utils.logger2025-11-30-10.26.12 - INFO - Cur epoch 12 loss TA:0.6646 TV:0.6696 VA:1.3709 CE:0.7382
2025-11-30 10:26:40,643 - utils.logger2025-11-30-10.26.12 - INFO - Cur epoch 12 loss TA:0.6965 TV:0.6972 VA:1.4217 CE:0.8563
2025-11-30 10:26:41,024 - utils.logger2025-11-30-10.26.12 - INFO - saving the model at the end of epoch 12, iters 336
2025-11-30 10:26:41,110 - utils.logger2025-11-30-10.26.12 - INFO - End of training epoch 12 / 40 	 Time Taken: 1 sec
2025-11-30 10:26:41,110 - utils.logger2025-11-30-10.26.12 - INFO - learning rate = 0.0002000
2025-11-30 10:26:41,542 - utils.logger2025-11-30-10.26.12 - INFO - Val result of epoch 12 / 40 acc 0.8259 MAE 0.6886 f1 0.8287
2025-11-30 10:26:42,001 - utils.logger2025-11-30-10.26.12 - INFO - Tst result of epoch 12 / 40 acc 0.8259 MAE 0.6886 f1 0.8287
2025-11-30 10:26:42,597 - utils.logger2025-11-30-10.26.12 - INFO - Cur epoch 13 loss TA:0.6777 TV:0.7065 VA:1.3788 CE:0.4865
2025-11-30 10:26:43,152 - utils.logger2025-11-30-10.26.12 - INFO - Cur epoch 13 loss TA:0.6842 TV:0.6907 VA:1.4568 CE:0.7732
2025-11-30 10:26:43,702 - utils.logger2025-11-30-10.26.12 - INFO - Cur epoch 13 loss TA:0.6582 TV:0.6668 VA:1.3385 CE:0.6651
2025-11-30 10:26:43,994 - utils.logger2025-11-30-10.26.12 - INFO - saving the model at the end of epoch 13, iters 364
2025-11-30 10:26:44,092 - utils.logger2025-11-30-10.26.12 - INFO - End of training epoch 13 / 40 	 Time Taken: 2 sec
2025-11-30 10:26:44,092 - utils.logger2025-11-30-10.26.12 - INFO - learning rate = 0.0002000
2025-11-30 10:26:44,599 - utils.logger2025-11-30-10.26.12 - INFO - Val result of epoch 13 / 40 acc 0.7812 MAE 0.6924 f1 0.7888
2025-11-30 10:26:45,125 - utils.logger2025-11-30-10.26.12 - INFO - Tst result of epoch 13 / 40 acc 0.7812 MAE 0.6924 f1 0.7888
2025-11-30 10:26:45,784 - utils.logger2025-11-30-10.26.12 - INFO - Cur epoch 14 loss TA:0.6443 TV:0.6906 VA:1.3365 CE:0.5958
2025-11-30 10:26:46,336 - utils.logger2025-11-30-10.26.12 - INFO - Cur epoch 14 loss TA:0.6636 TV:0.6720 VA:1.3162 CE:0.5221
2025-11-30 10:26:46,889 - utils.logger2025-11-30-10.26.12 - INFO - Cur epoch 14 loss TA:0.6514 TV:0.6748 VA:1.3709 CE:0.7740
2025-11-30 10:26:47,082 - utils.logger2025-11-30-10.26.12 - INFO - saving the model at the end of epoch 14, iters 392
2025-11-30 10:26:47,180 - utils.logger2025-11-30-10.26.12 - INFO - End of training epoch 14 / 40 	 Time Taken: 2 sec
2025-11-30 10:26:47,180 - utils.logger2025-11-30-10.26.12 - INFO - learning rate = 0.0002000
2025-11-30 10:26:47,724 - utils.logger2025-11-30-10.26.12 - INFO - Val result of epoch 14 / 40 acc 0.8259 MAE 0.6941 f1 0.8291
2025-11-30 10:26:48,208 - utils.logger2025-11-30-10.26.12 - INFO - Tst result of epoch 14 / 40 acc 0.8259 MAE 0.6941 f1 0.8291
2025-11-30 10:26:48,948 - utils.logger2025-11-30-10.26.12 - INFO - Cur epoch 15 loss TA:0.6746 TV:0.6442 VA:1.3614 CE:0.5282
2025-11-30 10:26:49,496 - utils.logger2025-11-30-10.26.12 - INFO - Cur epoch 15 loss TA:0.6366 TV:0.6429 VA:1.2479 CE:0.6867
2025-11-30 10:26:50,072 - utils.logger2025-11-30-10.26.12 - INFO - Cur epoch 15 loss TA:0.3488 TV:0.3557 VA:0.7473 CE:0.6149
2025-11-30 10:26:50,143 - utils.logger2025-11-30-10.26.12 - INFO - saving the model at the end of epoch 15, iters 420
2025-11-30 10:26:50,251 - utils.logger2025-11-30-10.26.12 - INFO - End of training epoch 15 / 40 	 Time Taken: 2 sec
2025-11-30 10:26:50,252 - utils.logger2025-11-30-10.26.12 - INFO - learning rate = 0.0002000
2025-11-30 10:26:50,684 - utils.logger2025-11-30-10.26.12 - INFO - Val result of epoch 15 / 40 acc 0.8080 MAE 0.6983 f1 0.8105
2025-11-30 10:26:51,239 - utils.logger2025-11-30-10.26.12 - INFO - Tst result of epoch 15 / 40 acc 0.8080 MAE 0.6983 f1 0.8105
2025-11-30 10:26:52,138 - utils.logger2025-11-30-10.26.12 - INFO - Cur epoch 16 loss TA:0.6023 TV:0.6086 VA:1.2435 CE:0.3839
2025-11-30 10:26:52,720 - utils.logger2025-11-30-10.26.12 - INFO - Cur epoch 16 loss TA:0.6481 TV:0.6448 VA:1.3150 CE:0.4962
2025-11-30 10:26:53,254 - utils.logger2025-11-30-10.26.12 - INFO - saving the model at the end of epoch 16, iters 448
2025-11-30 10:26:53,344 - utils.logger2025-11-30-10.26.12 - INFO - End of training epoch 16 / 40 	 Time Taken: 2 sec
2025-11-30 10:26:53,345 - utils.logger2025-11-30-10.26.12 - INFO - learning rate = 0.0002000
2025-11-30 10:26:53,914 - utils.logger2025-11-30-10.26.12 - INFO - Val result of epoch 16 / 40 acc 0.8214 MAE 0.6974 f1 0.8244
2025-11-30 10:26:54,413 - utils.logger2025-11-30-10.26.12 - INFO - Tst result of epoch 16 / 40 acc 0.8214 MAE 0.6974 f1 0.8244
2025-11-30 10:26:54,777 - utils.logger2025-11-30-10.26.12 - INFO - Cur epoch 17 loss TA:0.6408 TV:0.6357 VA:1.2402 CE:0.4795
2025-11-30 10:26:55,339 - utils.logger2025-11-30-10.26.12 - INFO - Cur epoch 17 loss TA:0.6407 TV:0.6530 VA:1.2878 CE:0.4323
2025-11-30 10:26:55,874 - utils.logger2025-11-30-10.26.12 - INFO - Cur epoch 17 loss TA:0.6299 TV:0.6218 VA:1.2451 CE:0.2546
2025-11-30 10:26:56,254 - utils.logger2025-11-30-10.26.12 - INFO - saving the model at the end of epoch 17, iters 476
2025-11-30 10:26:56,342 - utils.logger2025-11-30-10.26.12 - INFO - End of training epoch 17 / 40 	 Time Taken: 1 sec
2025-11-30 10:26:56,342 - utils.logger2025-11-30-10.26.12 - INFO - learning rate = 0.0002000
2025-11-30 10:26:56,808 - utils.logger2025-11-30-10.26.12 - INFO - Val result of epoch 17 / 40 acc 0.7946 MAE 0.6960 f1 0.8009
2025-11-30 10:26:57,213 - utils.logger2025-11-30-10.26.12 - INFO - Tst result of epoch 17 / 40 acc 0.7946 MAE 0.6960 f1 0.8009
2025-11-30 10:26:57,721 - utils.logger2025-11-30-10.26.12 - INFO - Cur epoch 18 loss TA:0.6038 TV:0.6279 VA:1.2145 CE:0.4045
2025-11-30 10:26:58,268 - utils.logger2025-11-30-10.26.12 - INFO - Cur epoch 18 loss TA:0.6082 TV:0.6169 VA:1.2155 CE:0.2424
2025-11-30 10:26:58,805 - utils.logger2025-11-30-10.26.12 - INFO - Cur epoch 18 loss TA:0.6054 TV:0.5919 VA:1.1886 CE:0.5386
2025-11-30 10:26:59,084 - utils.logger2025-11-30-10.26.12 - INFO - saving the model at the end of epoch 18, iters 504
2025-11-30 10:26:59,182 - utils.logger2025-11-30-10.26.12 - INFO - End of training epoch 18 / 40 	 Time Taken: 1 sec
2025-11-30 10:26:59,183 - utils.logger2025-11-30-10.26.12 - INFO - learning rate = 0.0002000
2025-11-30 10:26:59,698 - utils.logger2025-11-30-10.26.12 - INFO - Val result of epoch 18 / 40 acc 0.8170 MAE 0.6958 f1 0.8199
2025-11-30 10:27:00,097 - utils.logger2025-11-30-10.26.12 - INFO - Tst result of epoch 18 / 40 acc 0.8170 MAE 0.6958 f1 0.8199
2025-11-30 10:27:00,685 - utils.logger2025-11-30-10.26.12 - INFO - Cur epoch 19 loss TA:0.6280 TV:0.6288 VA:1.2638 CE:0.3175
2025-11-30 10:27:01,217 - utils.logger2025-11-30-10.26.12 - INFO - Cur epoch 19 loss TA:0.6002 TV:0.6064 VA:1.2101 CE:0.5626
2025-11-30 10:27:01,728 - utils.logger2025-11-30-10.26.12 - INFO - Cur epoch 19 loss TA:0.6033 TV:0.6217 VA:1.1868 CE:0.4151
2025-11-30 10:27:01,889 - utils.logger2025-11-30-10.26.12 - INFO - saving the model at the end of epoch 19, iters 532
2025-11-30 10:27:01,979 - utils.logger2025-11-30-10.26.12 - INFO - End of training epoch 19 / 40 	 Time Taken: 1 sec
2025-11-30 10:27:01,980 - utils.logger2025-11-30-10.26.12 - INFO - learning rate = 0.0002000
2025-11-30 10:27:02,392 - utils.logger2025-11-30-10.26.12 - INFO - Val result of epoch 19 / 40 acc 0.7902 MAE 0.6909 f1 0.7916
2025-11-30 10:27:02,793 - utils.logger2025-11-30-10.26.12 - INFO - Tst result of epoch 19 / 40 acc 0.7902 MAE 0.6909 f1 0.7916
2025-11-30 10:27:03,418 - utils.logger2025-11-30-10.26.12 - INFO - Cur epoch 20 loss TA:0.5810 TV:0.5785 VA:1.1497 CE:0.4565
2025-11-30 10:27:03,934 - utils.logger2025-11-30-10.26.12 - INFO - Cur epoch 20 loss TA:0.5695 TV:0.5757 VA:1.1495 CE:0.2834
2025-11-30 10:27:04,447 - utils.logger2025-11-30-10.26.12 - INFO - Cur epoch 20 loss TA:0.3084 TV:0.3351 VA:0.6745 CE:0.2443
2025-11-30 10:27:04,522 - utils.logger2025-11-30-10.26.12 - INFO - saving the model at the end of epoch 20, iters 560
2025-11-30 10:27:04,608 - utils.logger2025-11-30-10.26.12 - INFO - End of training epoch 20 / 40 	 Time Taken: 1 sec
2025-11-30 10:27:04,608 - utils.logger2025-11-30-10.26.12 - INFO - learning rate = 0.0002000
2025-11-30 10:27:05,021 - utils.logger2025-11-30-10.26.12 - INFO - Val result of epoch 20 / 40 acc 0.7768 MAE 0.7026 f1 0.7827
2025-11-30 10:27:05,422 - utils.logger2025-11-30-10.26.12 - INFO - Tst result of epoch 20 / 40 acc 0.7768 MAE 0.7026 f1 0.7827
2025-11-30 10:27:06,197 - utils.logger2025-11-30-10.26.12 - INFO - Cur epoch 21 loss TA:0.5906 TV:0.6081 VA:1.1900 CE:0.3807
2025-11-30 10:27:06,728 - utils.logger2025-11-30-10.26.12 - INFO - Cur epoch 21 loss TA:0.5742 TV:0.6042 VA:1.1828 CE:0.3980
2025-11-30 10:27:07,200 - utils.logger2025-11-30-10.26.12 - INFO - saving the model at the end of epoch 21, iters 588
2025-11-30 10:27:07,290 - utils.logger2025-11-30-10.26.12 - INFO - End of training epoch 21 / 40 	 Time Taken: 1 sec
2025-11-30 10:27:07,290 - utils.logger2025-11-30-10.26.12 - INFO - learning rate = 0.0002000
2025-11-30 10:27:07,699 - utils.logger2025-11-30-10.26.12 - INFO - Val result of epoch 21 / 40 acc 0.7946 MAE 0.7034 f1 0.7962
2025-11-30 10:27:08,105 - utils.logger2025-11-30-10.26.12 - INFO - Tst result of epoch 21 / 40 acc 0.7946 MAE 0.7034 f1 0.7962
2025-11-30 10:27:08,490 - utils.logger2025-11-30-10.26.12 - INFO - Cur epoch 22 loss TA:0.5609 TV:0.5787 VA:1.1589 CE:0.2854
2025-11-30 10:27:09,012 - utils.logger2025-11-30-10.26.12 - INFO - Cur epoch 22 loss TA:0.5612 TV:0.5693 VA:1.1305 CE:0.2583
2025-11-30 10:27:09,538 - utils.logger2025-11-30-10.26.12 - INFO - Cur epoch 22 loss TA:0.5749 TV:0.5974 VA:1.1525 CE:0.3786
2025-11-30 10:27:09,905 - utils.logger2025-11-30-10.26.12 - INFO - saving the model at the end of epoch 22, iters 616
2025-11-30 10:27:09,988 - utils.logger2025-11-30-10.26.12 - INFO - End of training epoch 22 / 40 	 Time Taken: 1 sec
2025-11-30 10:27:09,988 - utils.logger2025-11-30-10.26.12 - INFO - learning rate = 0.0002000
2025-11-30 10:27:10,403 - utils.logger2025-11-30-10.26.12 - INFO - Val result of epoch 22 / 40 acc 0.8036 MAE 0.7046 f1 0.8055
2025-11-30 10:27:10,799 - utils.logger2025-11-30-10.26.12 - INFO - Tst result of epoch 22 / 40 acc 0.8036 MAE 0.7046 f1 0.8055
2025-11-30 10:27:11,251 - utils.logger2025-11-30-10.26.12 - INFO - Cur epoch 23 loss TA:0.5941 TV:0.5934 VA:1.1491 CE:0.3144
2025-11-30 10:27:11,798 - utils.logger2025-11-30-10.26.12 - INFO - Cur epoch 23 loss TA:0.5742 TV:0.5904 VA:1.1227 CE:0.4230
2025-11-30 10:27:12,334 - utils.logger2025-11-30-10.26.12 - INFO - Cur epoch 23 loss TA:0.5762 TV:0.5896 VA:1.1616 CE:0.2819
2025-11-30 10:27:12,607 - utils.logger2025-11-30-10.26.12 - INFO - saving the model at the end of epoch 23, iters 644
2025-11-30 10:27:12,688 - utils.logger2025-11-30-10.26.12 - INFO - End of training epoch 23 / 40 	 Time Taken: 1 sec
2025-11-30 10:27:12,688 - utils.logger2025-11-30-10.26.12 - INFO - learning rate = 0.0002000
2025-11-30 10:27:13,098 - utils.logger2025-11-30-10.26.12 - INFO - Val result of epoch 23 / 40 acc 0.7768 MAE 0.6973 f1 0.7929
2025-11-30 10:27:13,507 - utils.logger2025-11-30-10.26.12 - INFO - Tst result of epoch 23 / 40 acc 0.7768 MAE 0.6973 f1 0.7929
2025-11-30 10:27:14,100 - utils.logger2025-11-30-10.26.12 - INFO - Cur epoch 24 loss TA:0.5422 TV:0.5643 VA:1.1095 CE:0.3137
2025-11-30 10:27:14,646 - utils.logger2025-11-30-10.26.12 - INFO - Cur epoch 24 loss TA:0.5452 TV:0.5501 VA:1.1131 CE:0.3347
2025-11-30 10:27:15,211 - utils.logger2025-11-30-10.26.12 - INFO - Cur epoch 24 loss TA:0.5699 TV:0.5821 VA:1.1956 CE:0.3980
2025-11-30 10:27:15,384 - utils.logger2025-11-30-10.26.12 - INFO - saving the model at the end of epoch 24, iters 672
2025-11-30 10:27:15,466 - utils.logger2025-11-30-10.26.12 - INFO - End of training epoch 24 / 40 	 Time Taken: 1 sec
2025-11-30 10:27:15,467 - utils.logger2025-11-30-10.26.12 - INFO - learning rate = 0.0002000
2025-11-30 10:27:15,904 - utils.logger2025-11-30-10.26.12 - INFO - Val result of epoch 24 / 40 acc 0.7991 MAE 0.7010 f1 0.8009
2025-11-30 10:27:16,339 - utils.logger2025-11-30-10.26.12 - INFO - Tst result of epoch 24 / 40 acc 0.7991 MAE 0.7010 f1 0.8009
2025-11-30 10:27:17,015 - utils.logger2025-11-30-10.26.12 - INFO - Cur epoch 25 loss TA:0.5459 TV:0.5426 VA:1.0754 CE:0.2711
2025-11-30 10:27:17,551 - utils.logger2025-11-30-10.26.12 - INFO - Cur epoch 25 loss TA:0.5499 TV:0.5553 VA:1.1142 CE:0.2819
2025-11-30 10:27:18,086 - utils.logger2025-11-30-10.26.12 - INFO - Cur epoch 25 loss TA:0.2261 TV:0.2413 VA:0.5051 CE:0.2924
2025-11-30 10:27:18,165 - utils.logger2025-11-30-10.26.12 - INFO - saving the model at the end of epoch 25, iters 700
2025-11-30 10:27:18,270 - utils.logger2025-11-30-10.26.12 - INFO - End of training epoch 25 / 40 	 Time Taken: 1 sec
2025-11-30 10:27:18,270 - utils.logger2025-11-30-10.26.12 - INFO - learning rate = 0.0002000
2025-11-30 10:27:18,836 - utils.logger2025-11-30-10.26.12 - INFO - Val result of epoch 25 / 40 acc 0.7812 MAE 0.6862 f1 0.7870
2025-11-30 10:27:19,443 - utils.logger2025-11-30-10.26.12 - INFO - Tst result of epoch 25 / 40 acc 0.7812 MAE 0.6862 f1 0.7870
2025-11-30 10:27:20,337 - utils.logger2025-11-30-10.26.12 - INFO - Cur epoch 26 loss TA:0.5260 TV:0.5304 VA:1.1063 CE:0.2525
2025-11-30 10:27:20,929 - utils.logger2025-11-30-10.26.12 - INFO - Cur epoch 26 loss TA:0.5672 TV:0.5623 VA:1.1186 CE:0.2446
2025-11-30 10:27:21,448 - utils.logger2025-11-30-10.26.12 - INFO - saving the model at the end of epoch 26, iters 728
2025-11-30 10:27:21,539 - utils.logger2025-11-30-10.26.12 - INFO - End of training epoch 26 / 40 	 Time Taken: 2 sec
2025-11-30 10:27:21,539 - utils.logger2025-11-30-10.26.12 - INFO - learning rate = 0.0002000
2025-11-30 10:27:22,104 - utils.logger2025-11-30-10.26.12 - INFO - Val result of epoch 26 / 40 acc 0.7991 MAE 0.6973 f1 0.8021
2025-11-30 10:27:22,583 - utils.logger2025-11-30-10.26.12 - INFO - Tst result of epoch 26 / 40 acc 0.7991 MAE 0.6973 f1 0.8021
2025-11-30 10:27:22,970 - utils.logger2025-11-30-10.26.12 - INFO - Cur epoch 27 loss TA:0.5348 TV:0.5316 VA:1.0503 CE:0.3025
2025-11-30 10:27:23,516 - utils.logger2025-11-30-10.26.12 - INFO - Cur epoch 27 loss TA:0.5618 TV:0.5694 VA:1.1279 CE:0.2001
2025-11-30 10:27:24,091 - utils.logger2025-11-30-10.26.12 - INFO - Cur epoch 27 loss TA:0.5418 TV:0.5548 VA:1.0740 CE:0.3012
2025-11-30 10:27:24,490 - utils.logger2025-11-30-10.26.12 - INFO - saving the model at the end of epoch 27, iters 756
2025-11-30 10:27:24,582 - utils.logger2025-11-30-10.26.12 - INFO - End of training epoch 27 / 40 	 Time Taken: 1 sec
2025-11-30 10:27:24,582 - utils.logger2025-11-30-10.26.12 - INFO - learning rate = 0.0002000
2025-11-30 10:27:25,126 - utils.logger2025-11-30-10.26.12 - INFO - Val result of epoch 27 / 40 acc 0.8080 MAE 0.6962 f1 0.8108
2025-11-30 10:27:25,601 - utils.logger2025-11-30-10.26.12 - INFO - Tst result of epoch 27 / 40 acc 0.8080 MAE 0.6962 f1 0.8108
2025-11-30 10:27:26,169 - utils.logger2025-11-30-10.26.12 - INFO - Cur epoch 28 loss TA:0.5079 TV:0.5261 VA:1.0302 CE:0.3806
2025-11-30 10:27:26,705 - utils.logger2025-11-30-10.26.12 - INFO - Cur epoch 28 loss TA:0.5492 TV:0.5535 VA:1.0726 CE:0.2858
2025-11-30 10:27:27,230 - utils.logger2025-11-30-10.26.12 - INFO - Cur epoch 28 loss TA:0.5399 TV:0.5427 VA:1.1091 CE:0.2851
2025-11-30 10:27:27,498 - utils.logger2025-11-30-10.26.12 - INFO - saving the model at the end of epoch 28, iters 784
2025-11-30 10:27:27,593 - utils.logger2025-11-30-10.26.12 - INFO - End of training epoch 28 / 40 	 Time Taken: 1 sec
2025-11-30 10:27:27,593 - utils.logger2025-11-30-10.26.12 - INFO - learning rate = 0.0002000
2025-11-30 10:27:28,032 - utils.logger2025-11-30-10.26.12 - INFO - Val result of epoch 28 / 40 acc 0.8080 MAE 0.6957 f1 0.8108
2025-11-30 10:27:28,492 - utils.logger2025-11-30-10.26.12 - INFO - Tst result of epoch 28 / 40 acc 0.8080 MAE 0.6957 f1 0.8108
2025-11-30 10:27:29,059 - utils.logger2025-11-30-10.26.12 - INFO - Cur epoch 29 loss TA:0.5574 TV:0.5424 VA:1.0898 CE:0.3782
2025-11-30 10:27:29,580 - utils.logger2025-11-30-10.26.12 - INFO - Cur epoch 29 loss TA:0.5307 TV:0.5417 VA:1.0506 CE:0.3289
2025-11-30 10:27:30,108 - utils.logger2025-11-30-10.26.12 - INFO - Cur epoch 29 loss TA:0.5287 TV:0.5253 VA:1.0594 CE:0.2367
2025-11-30 10:27:30,281 - utils.logger2025-11-30-10.26.12 - INFO - saving the model at the end of epoch 29, iters 812
2025-11-30 10:27:30,380 - utils.logger2025-11-30-10.26.12 - INFO - End of training epoch 29 / 40 	 Time Taken: 1 sec
2025-11-30 10:27:30,380 - utils.logger2025-11-30-10.26.12 - INFO - learning rate = 0.0002000
2025-11-30 10:27:30,943 - utils.logger2025-11-30-10.26.12 - INFO - Val result of epoch 29 / 40 acc 0.7991 MAE 0.6987 f1 0.8055
2025-11-30 10:27:31,413 - utils.logger2025-11-30-10.26.12 - INFO - Tst result of epoch 29 / 40 acc 0.7991 MAE 0.6987 f1 0.8055
2025-11-30 10:27:32,126 - utils.logger2025-11-30-10.26.12 - INFO - Cur epoch 30 loss TA:0.5628 TV:0.5521 VA:1.0968 CE:0.2596
2025-11-30 10:27:32,679 - utils.logger2025-11-30-10.26.12 - INFO - Cur epoch 30 loss TA:0.5364 TV:0.5388 VA:1.0930 CE:0.2554
2025-11-30 10:27:33,225 - utils.logger2025-11-30-10.26.12 - INFO - Cur epoch 30 loss TA:0.2594 TV:0.2581 VA:0.4926 CE:0.1818
2025-11-30 10:27:33,300 - utils.logger2025-11-30-10.26.12 - INFO - saving the model at the end of epoch 30, iters 840
2025-11-30 10:27:33,385 - utils.logger2025-11-30-10.26.12 - INFO - End of training epoch 30 / 40 	 Time Taken: 1 sec
2025-11-30 10:27:33,385 - utils.logger2025-11-30-10.26.12 - INFO - learning rate = 0.0001818
2025-11-30 10:27:33,831 - utils.logger2025-11-30-10.26.12 - INFO - Val result of epoch 30 / 40 acc 0.7902 MAE 0.6902 f1 0.8010
2025-11-30 10:27:34,254 - utils.logger2025-11-30-10.26.12 - INFO - Tst result of epoch 30 / 40 acc 0.7902 MAE 0.6902 f1 0.8010
2025-11-30 10:27:35,063 - utils.logger2025-11-30-10.26.12 - INFO - Cur epoch 31 loss TA:0.5514 TV:0.5555 VA:1.1211 CE:0.2184
2025-11-30 10:27:35,609 - utils.logger2025-11-30-10.26.12 - INFO - Cur epoch 31 loss TA:0.5163 TV:0.5291 VA:1.0274 CE:0.1462
2025-11-30 10:27:36,102 - utils.logger2025-11-30-10.26.12 - INFO - saving the model at the end of epoch 31, iters 868
2025-11-30 10:27:36,195 - utils.logger2025-11-30-10.26.12 - INFO - End of training epoch 31 / 40 	 Time Taken: 1 sec
2025-11-30 10:27:36,195 - utils.logger2025-11-30-10.26.12 - INFO - learning rate = 0.0001636
2025-11-30 10:27:36,675 - utils.logger2025-11-30-10.26.12 - INFO - Val result of epoch 31 / 40 acc 0.7946 MAE 0.6884 f1 0.8010
2025-11-30 10:27:37,147 - utils.logger2025-11-30-10.26.12 - INFO - Tst result of epoch 31 / 40 acc 0.7946 MAE 0.6884 f1 0.8010
2025-11-30 10:27:37,492 - utils.logger2025-11-30-10.26.12 - INFO - Cur epoch 32 loss TA:0.5288 TV:0.5534 VA:1.0587 CE:0.1697
2025-11-30 10:27:38,038 - utils.logger2025-11-30-10.26.12 - INFO - Cur epoch 32 loss TA:0.5220 TV:0.5221 VA:1.0561 CE:0.2425
2025-11-30 10:27:38,566 - utils.logger2025-11-30-10.26.12 - INFO - Cur epoch 32 loss TA:0.5082 TV:0.5275 VA:1.0307 CE:0.1676
2025-11-30 10:27:38,932 - utils.logger2025-11-30-10.26.12 - INFO - saving the model at the end of epoch 32, iters 896
2025-11-30 10:27:39,015 - utils.logger2025-11-30-10.26.12 - INFO - End of training epoch 32 / 40 	 Time Taken: 1 sec
2025-11-30 10:27:39,015 - utils.logger2025-11-30-10.26.12 - INFO - learning rate = 0.0001455
2025-11-30 10:27:39,437 - utils.logger2025-11-30-10.26.12 - INFO - Val result of epoch 32 / 40 acc 0.7857 MAE 0.6924 f1 0.7916
2025-11-30 10:27:39,849 - utils.logger2025-11-30-10.26.12 - INFO - Tst result of epoch 32 / 40 acc 0.7857 MAE 0.6924 f1 0.7916
2025-11-30 10:27:40,312 - utils.logger2025-11-30-10.26.12 - INFO - Cur epoch 33 loss TA:0.5262 TV:0.5200 VA:1.0348 CE:0.1768
2025-11-30 10:27:40,840 - utils.logger2025-11-30-10.26.12 - INFO - Cur epoch 33 loss TA:0.5135 TV:0.5221 VA:1.0445 CE:0.2835
2025-11-30 10:27:41,362 - utils.logger2025-11-30-10.26.12 - INFO - Cur epoch 33 loss TA:0.5303 TV:0.5397 VA:1.0493 CE:0.1625
2025-11-30 10:27:41,650 - utils.logger2025-11-30-10.26.12 - INFO - saving the model at the end of epoch 33, iters 924
2025-11-30 10:27:41,735 - utils.logger2025-11-30-10.26.12 - INFO - End of training epoch 33 / 40 	 Time Taken: 1 sec
2025-11-30 10:27:41,735 - utils.logger2025-11-30-10.26.12 - INFO - learning rate = 0.0001273
2025-11-30 10:27:42,216 - utils.logger2025-11-30-10.26.12 - INFO - Val result of epoch 33 / 40 acc 0.7857 MAE 0.6890 f1 0.7870
2025-11-30 10:27:42,744 - utils.logger2025-11-30-10.26.12 - INFO - Tst result of epoch 33 / 40 acc 0.7857 MAE 0.6890 f1 0.7870
2025-11-30 10:27:43,513 - utils.logger2025-11-30-10.26.12 - INFO - Cur epoch 34 loss TA:0.5130 TV:0.5171 VA:1.0135 CE:0.1470
2025-11-30 10:27:44,070 - utils.logger2025-11-30-10.26.12 - INFO - Cur epoch 34 loss TA:0.5017 TV:0.5103 VA:1.0170 CE:0.2308
2025-11-30 10:27:44,657 - utils.logger2025-11-30-10.26.12 - INFO - Cur epoch 34 loss TA:0.5214 TV:0.5226 VA:1.0015 CE:0.3340
2025-11-30 10:27:44,838 - utils.logger2025-11-30-10.26.12 - INFO - saving the model at the end of epoch 34, iters 952
2025-11-30 10:27:44,927 - utils.logger2025-11-30-10.26.12 - INFO - End of training epoch 34 / 40 	 Time Taken: 2 sec
2025-11-30 10:27:44,927 - utils.logger2025-11-30-10.26.12 - INFO - learning rate = 0.0001091
2025-11-30 10:27:45,445 - utils.logger2025-11-30-10.26.12 - INFO - Val result of epoch 34 / 40 acc 0.8036 MAE 0.6906 f1 0.8055
2025-11-30 10:27:45,855 - utils.logger2025-11-30-10.26.12 - INFO - Tst result of epoch 34 / 40 acc 0.8036 MAE 0.6906 f1 0.8055
2025-11-30 10:27:46,544 - utils.logger2025-11-30-10.26.12 - INFO - Cur epoch 35 loss TA:0.5084 TV:0.5151 VA:1.0398 CE:0.2383
2025-11-30 10:27:47,070 - utils.logger2025-11-30-10.26.12 - INFO - Cur epoch 35 loss TA:0.5269 TV:0.5316 VA:1.0639 CE:0.1395
2025-11-30 10:27:47,612 - utils.logger2025-11-30-10.26.12 - INFO - Cur epoch 35 loss TA:0.2078 TV:0.2128 VA:0.4421 CE:0.1150
2025-11-30 10:27:47,685 - utils.logger2025-11-30-10.26.12 - INFO - saving the model at the end of epoch 35, iters 980
2025-11-30 10:27:47,779 - utils.logger2025-11-30-10.26.12 - INFO - End of training epoch 35 / 40 	 Time Taken: 1 sec
2025-11-30 10:27:47,779 - utils.logger2025-11-30-10.26.12 - INFO - learning rate = 0.0000909
2025-11-30 10:27:48,222 - utils.logger2025-11-30-10.26.12 - INFO - Val result of epoch 35 / 40 acc 0.7902 MAE 0.6927 f1 0.7962
2025-11-30 10:27:48,702 - utils.logger2025-11-30-10.26.12 - INFO - Tst result of epoch 35 / 40 acc 0.7902 MAE 0.6927 f1 0.7962
2025-11-30 10:27:49,502 - utils.logger2025-11-30-10.26.12 - INFO - Cur epoch 36 loss TA:0.5119 TV:0.5113 VA:1.0388 CE:0.1473
2025-11-30 10:27:50,064 - utils.logger2025-11-30-10.26.12 - INFO - Cur epoch 36 loss TA:0.5074 TV:0.5055 VA:1.0116 CE:0.1882
2025-11-30 10:27:50,551 - utils.logger2025-11-30-10.26.12 - INFO - saving the model at the end of epoch 36, iters 1008
2025-11-30 10:27:50,632 - utils.logger2025-11-30-10.26.12 - INFO - End of training epoch 36 / 40 	 Time Taken: 1 sec
2025-11-30 10:27:50,633 - utils.logger2025-11-30-10.26.12 - INFO - learning rate = 0.0000727
2025-11-30 10:27:51,102 - utils.logger2025-11-30-10.26.12 - INFO - Val result of epoch 36 / 40 acc 0.7812 MAE 0.6965 f1 0.7871
2025-11-30 10:27:51,703 - utils.logger2025-11-30-10.26.12 - INFO - Tst result of epoch 36 / 40 acc 0.7812 MAE 0.6965 f1 0.7871
2025-11-30 10:27:52,060 - utils.logger2025-11-30-10.26.12 - INFO - Cur epoch 37 loss TA:0.4937 TV:0.4915 VA:0.9882 CE:0.1220
2025-11-30 10:27:52,588 - utils.logger2025-11-30-10.26.12 - INFO - Cur epoch 37 loss TA:0.5109 TV:0.5236 VA:1.0327 CE:0.2053
2025-11-30 10:27:53,116 - utils.logger2025-11-30-10.26.12 - INFO - Cur epoch 37 loss TA:0.5267 TV:0.5220 VA:1.0289 CE:0.1672
2025-11-30 10:27:53,502 - utils.logger2025-11-30-10.26.12 - INFO - saving the model at the end of epoch 37, iters 1036
2025-11-30 10:27:53,583 - utils.logger2025-11-30-10.26.12 - INFO - End of training epoch 37 / 40 	 Time Taken: 1 sec
2025-11-30 10:27:53,584 - utils.logger2025-11-30-10.26.12 - INFO - learning rate = 0.0000545
2025-11-30 10:27:54,017 - utils.logger2025-11-30-10.26.12 - INFO - Val result of epoch 37 / 40 acc 0.7902 MAE 0.6988 f1 0.7963
2025-11-30 10:27:54,444 - utils.logger2025-11-30-10.26.12 - INFO - Tst result of epoch 37 / 40 acc 0.7902 MAE 0.6988 f1 0.7963
2025-11-30 10:27:54,964 - utils.logger2025-11-30-10.26.12 - INFO - Cur epoch 38 loss TA:0.5015 TV:0.5118 VA:0.9960 CE:0.1565
2025-11-30 10:27:55,524 - utils.logger2025-11-30-10.26.12 - INFO - Cur epoch 38 loss TA:0.4996 TV:0.5114 VA:0.9755 CE:0.1528
2025-11-30 10:27:56,055 - utils.logger2025-11-30-10.26.12 - INFO - Cur epoch 38 loss TA:0.5083 TV:0.5140 VA:0.9917 CE:0.1795
2025-11-30 10:27:56,322 - utils.logger2025-11-30-10.26.12 - INFO - saving the model at the end of epoch 38, iters 1064
2025-11-30 10:27:56,407 - utils.logger2025-11-30-10.26.12 - INFO - End of training epoch 38 / 40 	 Time Taken: 1 sec
2025-11-30 10:27:56,407 - utils.logger2025-11-30-10.26.12 - INFO - learning rate = 0.0000364
2025-11-30 10:27:56,840 - utils.logger2025-11-30-10.26.12 - INFO - Val result of epoch 38 / 40 acc 0.7857 MAE 0.6954 f1 0.7916
2025-11-30 10:27:57,398 - utils.logger2025-11-30-10.26.12 - INFO - Tst result of epoch 38 / 40 acc 0.7857 MAE 0.6954 f1 0.7916
2025-11-30 10:27:58,043 - utils.logger2025-11-30-10.26.12 - INFO - Cur epoch 39 loss TA:0.5097 TV:0.5141 VA:1.0285 CE:0.1233
2025-11-30 10:27:58,579 - utils.logger2025-11-30-10.26.12 - INFO - Cur epoch 39 loss TA:0.4884 TV:0.4950 VA:0.9919 CE:0.1592
2025-11-30 10:27:59,124 - utils.logger2025-11-30-10.26.12 - INFO - Cur epoch 39 loss TA:0.4858 TV:0.4875 VA:0.9950 CE:0.2129
2025-11-30 10:27:59,314 - utils.logger2025-11-30-10.26.12 - INFO - saving the model at the end of epoch 39, iters 1092
2025-11-30 10:27:59,405 - utils.logger2025-11-30-10.26.12 - INFO - End of training epoch 39 / 40 	 Time Taken: 2 sec
2025-11-30 10:27:59,405 - utils.logger2025-11-30-10.26.12 - INFO - learning rate = 0.0000182
2025-11-30 10:27:59,886 - utils.logger2025-11-30-10.26.12 - INFO - Val result of epoch 39 / 40 acc 0.7857 MAE 0.6927 f1 0.7917
2025-11-30 10:28:00,296 - utils.logger2025-11-30-10.26.12 - INFO - Tst result of epoch 39 / 40 acc 0.7857 MAE 0.6927 f1 0.7917
2025-11-30 10:28:00,964 - utils.logger2025-11-30-10.26.12 - INFO - Cur epoch 40 loss TA:0.5062 TV:0.5160 VA:1.0197 CE:0.1893
2025-11-30 10:28:01,495 - utils.logger2025-11-30-10.26.12 - INFO - Cur epoch 40 loss TA:0.5213 TV:0.5169 VA:1.0547 CE:0.1580
2025-11-30 10:28:02,027 - utils.logger2025-11-30-10.26.12 - INFO - Cur epoch 40 loss TA:0.2353 TV:0.2418 VA:0.5009 CE:0.1337
2025-11-30 10:28:02,103 - utils.logger2025-11-30-10.26.12 - INFO - saving the model at the end of epoch 40, iters 1120
2025-11-30 10:28:02,189 - utils.logger2025-11-30-10.26.12 - INFO - End of training epoch 40 / 40 	 Time Taken: 1 sec
2025-11-30 10:28:02,189 - utils.logger2025-11-30-10.26.12 - INFO - learning rate = 0.0000000
2025-11-30 10:28:02,637 - utils.logger2025-11-30-10.26.12 - INFO - Val result of epoch 40 / 40 acc 0.7768 MAE 0.6914 f1 0.7824
2025-11-30 10:28:03,062 - utils.logger2025-11-30-10.26.12 - INFO - Tst result of epoch 40 / 40 acc 0.7768 MAE 0.6914 f1 0.7824
2025-11-30 10:28:03,062 - utils.logger2025-11-30-10.26.12 - INFO - Best eval epoch 14 found with f1 0.829091
