2025-12-18 18:08:47,331 - utils.logger2025-12-18-18.08.47 - INFO - The number of training samples = 1750
2025-12-18 18:08:48,748 - utils.logger2025-12-18-18.08.47 - INFO - Cur epoch 1 loss TA:1.0362 TV:1.0342 VA:2.0673 CE:2.3869
2025-12-18 18:08:49,292 - utils.logger2025-12-18-18.08.47 - INFO - Cur epoch 1 loss TA:1.0324 TV:1.0311 VA:2.0624 CE:3.0574
2025-12-18 18:08:49,816 - utils.logger2025-12-18-18.08.47 - INFO - saving the model at the end of epoch 1, iters 28
2025-12-18 18:08:49,892 - utils.logger2025-12-18-18.08.47 - INFO - End of training epoch 1 / 40 	 Time Taken: 2 sec
2025-12-18 18:08:49,892 - utils.logger2025-12-18-18.08.47 - INFO - learning rate = 0.0002000
2025-12-18 18:08:50,216 - utils.logger2025-12-18-18.08.47 - INFO - Val result of epoch 1 / 40 acc 0.6205 MAE 0.3560 f1 0.6439
2025-12-18 18:08:50,515 - utils.logger2025-12-18-18.08.47 - INFO - Tst result of epoch 1 / 40 acc 0.6205 MAE 0.3560 f1 0.6439
2025-12-18 18:08:50,815 - utils.logger2025-12-18-18.08.47 - INFO - Cur epoch 2 loss TA:1.0305 TV:1.0245 VA:2.0638 CE:2.2420
2025-12-18 18:08:51,398 - utils.logger2025-12-18-18.08.47 - INFO - Cur epoch 2 loss TA:1.0256 TV:1.0133 VA:2.0497 CE:2.3586
2025-12-18 18:08:51,974 - utils.logger2025-12-18-18.08.47 - INFO - Cur epoch 2 loss TA:1.0095 TV:0.9983 VA:2.0185 CE:2.2677
2025-12-18 18:08:52,387 - utils.logger2025-12-18-18.08.47 - INFO - saving the model at the end of epoch 2, iters 56
2025-12-18 18:08:52,495 - utils.logger2025-12-18-18.08.47 - INFO - End of training epoch 2 / 40 	 Time Taken: 1 sec
2025-12-18 18:08:52,495 - utils.logger2025-12-18-18.08.47 - INFO - learning rate = 0.0002000
2025-12-18 18:08:52,872 - utils.logger2025-12-18-18.08.47 - INFO - Val result of epoch 2 / 40 acc 0.6741 MAE 0.5272 f1 0.6951
2025-12-18 18:08:53,168 - utils.logger2025-12-18-18.08.47 - INFO - Tst result of epoch 2 / 40 acc 0.6741 MAE 0.5272 f1 0.6951
2025-12-18 18:08:53,611 - utils.logger2025-12-18-18.08.47 - INFO - Cur epoch 3 loss TA:1.0033 TV:0.9848 VA:2.0079 CE:2.1656
2025-12-18 18:08:54,196 - utils.logger2025-12-18-18.08.47 - INFO - Cur epoch 3 loss TA:0.9791 TV:0.9597 VA:1.9473 CE:2.3569
2025-12-18 18:08:54,763 - utils.logger2025-12-18-18.08.47 - INFO - Cur epoch 3 loss TA:0.9818 TV:0.9624 VA:1.9642 CE:1.7847
2025-12-18 18:08:55,074 - utils.logger2025-12-18-18.08.47 - INFO - saving the model at the end of epoch 3, iters 84
2025-12-18 18:08:55,156 - utils.logger2025-12-18-18.08.47 - INFO - End of training epoch 3 / 40 	 Time Taken: 1 sec
2025-12-18 18:08:55,156 - utils.logger2025-12-18-18.08.47 - INFO - learning rate = 0.0002000
2025-12-18 18:08:55,424 - utils.logger2025-12-18-18.08.47 - INFO - Val result of epoch 3 / 40 acc 0.7455 MAE 0.5827 f1 0.7546
2025-12-18 18:08:55,707 - utils.logger2025-12-18-18.08.47 - INFO - Tst result of epoch 3 / 40 acc 0.7455 MAE 0.5827 f1 0.7546
2025-12-18 18:08:56,238 - utils.logger2025-12-18-18.08.47 - INFO - Cur epoch 4 loss TA:0.9539 TV:0.9345 VA:1.9131 CE:2.0809
2025-12-18 18:08:56,797 - utils.logger2025-12-18-18.08.47 - INFO - Cur epoch 4 loss TA:0.9400 TV:0.9250 VA:1.8601 CE:1.9629
2025-12-18 18:08:57,392 - utils.logger2025-12-18-18.08.47 - INFO - Cur epoch 4 loss TA:0.9393 TV:0.9322 VA:1.8799 CE:2.1863
2025-12-18 18:08:57,577 - utils.logger2025-12-18-18.08.47 - INFO - saving the model at the end of epoch 4, iters 112
2025-12-18 18:08:57,671 - utils.logger2025-12-18-18.08.47 - INFO - End of training epoch 4 / 40 	 Time Taken: 1 sec
2025-12-18 18:08:57,671 - utils.logger2025-12-18-18.08.47 - INFO - learning rate = 0.0002000
2025-12-18 18:08:57,996 - utils.logger2025-12-18-18.08.47 - INFO - Val result of epoch 4 / 40 acc 0.7143 MAE 0.6174 f1 0.7359
2025-12-18 18:08:58,282 - utils.logger2025-12-18-18.08.47 - INFO - Tst result of epoch 4 / 40 acc 0.7143 MAE 0.6174 f1 0.7359
2025-12-18 18:08:58,949 - utils.logger2025-12-18-18.08.47 - INFO - Cur epoch 5 loss TA:0.9079 TV:0.9046 VA:1.8025 CE:1.9821
2025-12-18 18:08:59,519 - utils.logger2025-12-18-18.08.47 - INFO - Cur epoch 5 loss TA:0.9002 TV:0.8996 VA:1.8109 CE:1.5821
2025-12-18 18:09:00,081 - utils.logger2025-12-18-18.08.47 - INFO - Cur epoch 5 loss TA:0.6361 TV:0.6278 VA:1.2002 CE:3.0212
2025-12-18 18:09:00,143 - utils.logger2025-12-18-18.08.47 - INFO - saving the model at the end of epoch 5, iters 140
2025-12-18 18:09:00,235 - utils.logger2025-12-18-18.08.47 - INFO - End of training epoch 5 / 40 	 Time Taken: 1 sec
2025-12-18 18:09:00,235 - utils.logger2025-12-18-18.08.47 - INFO - learning rate = 0.0002000
2025-12-18 18:09:00,666 - utils.logger2025-12-18-18.08.47 - INFO - Val result of epoch 5 / 40 acc 0.7455 MAE 0.6477 f1 0.7565
2025-12-18 18:09:01,116 - utils.logger2025-12-18-18.08.47 - INFO - Tst result of epoch 5 / 40 acc 0.7455 MAE 0.6477 f1 0.7565
2025-12-18 18:09:01,967 - utils.logger2025-12-18-18.08.47 - INFO - Cur epoch 6 loss TA:0.8992 TV:0.8654 VA:1.7505 CE:1.8209
2025-12-18 18:09:02,585 - utils.logger2025-12-18-18.08.47 - INFO - Cur epoch 6 loss TA:0.8839 TV:0.8631 VA:1.7534 CE:1.4238
2025-12-18 18:09:03,154 - utils.logger2025-12-18-18.08.47 - INFO - saving the model at the end of epoch 6, iters 168
2025-12-18 18:09:03,243 - utils.logger2025-12-18-18.08.47 - INFO - End of training epoch 6 / 40 	 Time Taken: 2 sec
2025-12-18 18:09:03,243 - utils.logger2025-12-18-18.08.47 - INFO - learning rate = 0.0002000
2025-12-18 18:09:03,711 - utils.logger2025-12-18-18.08.47 - INFO - Val result of epoch 6 / 40 acc 0.7812 MAE 0.6666 f1 0.7918
2025-12-18 18:09:04,279 - utils.logger2025-12-18-18.08.47 - INFO - Tst result of epoch 6 / 40 acc 0.7812 MAE 0.6666 f1 0.7918
2025-12-18 18:09:04,631 - utils.logger2025-12-18-18.08.47 - INFO - Cur epoch 7 loss TA:0.8623 TV:0.8525 VA:1.7015 CE:1.7765
2025-12-18 18:09:05,213 - utils.logger2025-12-18-18.08.47 - INFO - Cur epoch 7 loss TA:0.8597 TV:0.8519 VA:1.6691 CE:1.3353
2025-12-18 18:09:05,806 - utils.logger2025-12-18-18.08.47 - INFO - Cur epoch 7 loss TA:0.8312 TV:0.8403 VA:1.7061 CE:0.9712
2025-12-18 18:09:06,240 - utils.logger2025-12-18-18.08.47 - INFO - saving the model at the end of epoch 7, iters 196
2025-12-18 18:09:06,335 - utils.logger2025-12-18-18.08.47 - INFO - End of training epoch 7 / 40 	 Time Taken: 2 sec
2025-12-18 18:09:06,335 - utils.logger2025-12-18-18.08.47 - INFO - learning rate = 0.0002000
2025-12-18 18:09:06,750 - utils.logger2025-12-18-18.08.47 - INFO - Val result of epoch 7 / 40 acc 0.7857 MAE 0.6909 f1 0.7969
2025-12-18 18:09:07,061 - utils.logger2025-12-18-18.08.47 - INFO - Tst result of epoch 7 / 40 acc 0.7857 MAE 0.6909 f1 0.7969
2025-12-18 18:09:07,487 - utils.logger2025-12-18-18.08.47 - INFO - Cur epoch 8 loss TA:0.8049 TV:0.8043 VA:1.6032 CE:1.7288
2025-12-18 18:09:08,061 - utils.logger2025-12-18-18.08.47 - INFO - Cur epoch 8 loss TA:0.7845 TV:0.7889 VA:1.5648 CE:0.7946
2025-12-18 18:09:08,544 - utils.logger2025-12-18-18.08.47 - INFO - Cur epoch 8 loss TA:0.8105 TV:0.7928 VA:1.6290 CE:0.9922
2025-12-18 18:09:08,801 - utils.logger2025-12-18-18.08.47 - INFO - saving the model at the end of epoch 8, iters 224
2025-12-18 18:09:08,877 - utils.logger2025-12-18-18.08.47 - INFO - End of training epoch 8 / 40 	 Time Taken: 1 sec
2025-12-18 18:09:08,877 - utils.logger2025-12-18-18.08.47 - INFO - learning rate = 0.0002000
2025-12-18 18:09:09,194 - utils.logger2025-12-18-18.08.47 - INFO - Val result of epoch 8 / 40 acc 0.7812 MAE 0.6930 f1 0.7917
2025-12-18 18:09:09,522 - utils.logger2025-12-18-18.08.47 - INFO - Tst result of epoch 8 / 40 acc 0.7812 MAE 0.6930 f1 0.7917
2025-12-18 18:09:10,109 - utils.logger2025-12-18-18.08.47 - INFO - Cur epoch 9 loss TA:0.7570 TV:0.7700 VA:1.4947 CE:1.3456
2025-12-18 18:09:10,621 - utils.logger2025-12-18-18.08.47 - INFO - Cur epoch 9 loss TA:0.7531 TV:0.7292 VA:1.5701 CE:1.3373
2025-12-18 18:09:11,146 - utils.logger2025-12-18-18.08.47 - INFO - Cur epoch 9 loss TA:0.7549 TV:0.7313 VA:1.5014 CE:1.3173
2025-12-18 18:09:11,310 - utils.logger2025-12-18-18.08.47 - INFO - saving the model at the end of epoch 9, iters 252
2025-12-18 18:09:11,389 - utils.logger2025-12-18-18.08.47 - INFO - End of training epoch 9 / 40 	 Time Taken: 1 sec
2025-12-18 18:09:11,389 - utils.logger2025-12-18-18.08.47 - INFO - learning rate = 0.0002000
2025-12-18 18:09:11,857 - utils.logger2025-12-18-18.08.47 - INFO - Val result of epoch 9 / 40 acc 0.7902 MAE 0.6864 f1 0.7965
2025-12-18 18:09:12,355 - utils.logger2025-12-18-18.08.47 - INFO - Tst result of epoch 9 / 40 acc 0.7902 MAE 0.6864 f1 0.7965
2025-12-18 18:09:13,169 - utils.logger2025-12-18-18.08.47 - INFO - Cur epoch 10 loss TA:0.7219 TV:0.7720 VA:1.4800 CE:0.9568
2025-12-18 18:09:13,718 - utils.logger2025-12-18-18.08.47 - INFO - Cur epoch 10 loss TA:0.7446 TV:0.7099 VA:1.4594 CE:1.3787
2025-12-18 18:09:14,243 - utils.logger2025-12-18-18.08.47 - INFO - Cur epoch 10 loss TA:0.5020 TV:0.4928 VA:0.9954 CE:1.5650
2025-12-18 18:09:14,307 - utils.logger2025-12-18-18.08.47 - INFO - saving the model at the end of epoch 10, iters 280
2025-12-18 18:09:14,386 - utils.logger2025-12-18-18.08.47 - INFO - End of training epoch 10 / 40 	 Time Taken: 2 sec
2025-12-18 18:09:14,386 - utils.logger2025-12-18-18.08.47 - INFO - learning rate = 0.0002000
2025-12-18 18:09:14,828 - utils.logger2025-12-18-18.08.47 - INFO - Val result of epoch 10 / 40 acc 0.7902 MAE 0.6915 f1 0.7963
2025-12-18 18:09:15,460 - utils.logger2025-12-18-18.08.47 - INFO - Tst result of epoch 10 / 40 acc 0.7902 MAE 0.6915 f1 0.7963
2025-12-18 18:09:16,404 - utils.logger2025-12-18-18.08.47 - INFO - Cur epoch 11 loss TA:0.7175 TV:0.7128 VA:1.4394 CE:0.8952
2025-12-18 18:09:16,957 - utils.logger2025-12-18-18.08.47 - INFO - Cur epoch 11 loss TA:0.7179 TV:0.7224 VA:1.4407 CE:0.8908
2025-12-18 18:09:17,463 - utils.logger2025-12-18-18.08.47 - INFO - saving the model at the end of epoch 11, iters 308
2025-12-18 18:09:17,554 - utils.logger2025-12-18-18.08.47 - INFO - End of training epoch 11 / 40 	 Time Taken: 2 sec
2025-12-18 18:09:17,555 - utils.logger2025-12-18-18.08.47 - INFO - learning rate = 0.0002000
2025-12-18 18:09:18,083 - utils.logger2025-12-18-18.08.47 - INFO - Val result of epoch 11 / 40 acc 0.7946 MAE 0.6966 f1 0.8055
2025-12-18 18:09:18,517 - utils.logger2025-12-18-18.08.47 - INFO - Tst result of epoch 11 / 40 acc 0.7946 MAE 0.6966 f1 0.8055
2025-12-18 18:09:18,904 - utils.logger2025-12-18-18.08.47 - INFO - Cur epoch 12 loss TA:0.6979 TV:0.6840 VA:1.4083 CE:0.6274
2025-12-18 18:09:19,482 - utils.logger2025-12-18-18.08.47 - INFO - Cur epoch 12 loss TA:0.6905 TV:0.7061 VA:1.3798 CE:0.8448
2025-12-18 18:09:20,091 - utils.logger2025-12-18-18.08.47 - INFO - Cur epoch 12 loss TA:0.6818 TV:0.6618 VA:1.3709 CE:0.9096
2025-12-18 18:09:20,489 - utils.logger2025-12-18-18.08.47 - INFO - saving the model at the end of epoch 12, iters 336
2025-12-18 18:09:20,571 - utils.logger2025-12-18-18.08.47 - INFO - End of training epoch 12 / 40 	 Time Taken: 2 sec
2025-12-18 18:09:20,571 - utils.logger2025-12-18-18.08.47 - INFO - learning rate = 0.0002000
2025-12-18 18:09:20,899 - utils.logger2025-12-18-18.08.47 - INFO - Val result of epoch 12 / 40 acc 0.7902 MAE 0.7092 f1 0.7962
2025-12-18 18:09:21,181 - utils.logger2025-12-18-18.08.47 - INFO - Tst result of epoch 12 / 40 acc 0.7902 MAE 0.7092 f1 0.7962
2025-12-18 18:09:21,600 - utils.logger2025-12-18-18.08.47 - INFO - Cur epoch 13 loss TA:0.6569 TV:0.6645 VA:1.2519 CE:0.8788
2025-12-18 18:09:22,167 - utils.logger2025-12-18-18.08.47 - INFO - Cur epoch 13 loss TA:0.6449 TV:0.6383 VA:1.3216 CE:1.0106
2025-12-18 18:09:22,711 - utils.logger2025-12-18-18.08.47 - INFO - Cur epoch 13 loss TA:0.6238 TV:0.6290 VA:1.2696 CE:0.9726
2025-12-18 18:09:22,994 - utils.logger2025-12-18-18.08.47 - INFO - saving the model at the end of epoch 13, iters 364
2025-12-18 18:09:23,080 - utils.logger2025-12-18-18.08.47 - INFO - End of training epoch 13 / 40 	 Time Taken: 1 sec
2025-12-18 18:09:23,080 - utils.logger2025-12-18-18.08.47 - INFO - learning rate = 0.0002000
2025-12-18 18:09:23,386 - utils.logger2025-12-18-18.08.47 - INFO - Val result of epoch 13 / 40 acc 0.7857 MAE 0.7058 f1 0.7916
2025-12-18 18:09:23,690 - utils.logger2025-12-18-18.08.47 - INFO - Tst result of epoch 13 / 40 acc 0.7857 MAE 0.7058 f1 0.7916
2025-12-18 18:09:24,214 - utils.logger2025-12-18-18.08.47 - INFO - Cur epoch 14 loss TA:0.6492 TV:0.6625 VA:1.3507 CE:0.6352
2025-12-18 18:09:24,760 - utils.logger2025-12-18-18.08.47 - INFO - Cur epoch 14 loss TA:0.6129 TV:0.6307 VA:1.2314 CE:0.5936
2025-12-18 18:09:25,337 - utils.logger2025-12-18-18.08.47 - INFO - Cur epoch 14 loss TA:0.6484 TV:0.6352 VA:1.2641 CE:0.5815
2025-12-18 18:09:25,515 - utils.logger2025-12-18-18.08.47 - INFO - saving the model at the end of epoch 14, iters 392
2025-12-18 18:09:25,598 - utils.logger2025-12-18-18.08.47 - INFO - End of training epoch 14 / 40 	 Time Taken: 1 sec
2025-12-18 18:09:25,598 - utils.logger2025-12-18-18.08.47 - INFO - learning rate = 0.0002000
2025-12-18 18:09:26,179 - utils.logger2025-12-18-18.08.47 - INFO - Val result of epoch 14 / 40 acc 0.7902 MAE 0.7052 f1 0.7962
2025-12-18 18:09:26,632 - utils.logger2025-12-18-18.08.47 - INFO - Tst result of epoch 14 / 40 acc 0.7902 MAE 0.7052 f1 0.7962
2025-12-18 18:09:27,451 - utils.logger2025-12-18-18.08.47 - INFO - Cur epoch 15 loss TA:0.6340 TV:0.6598 VA:1.2919 CE:0.5593
2025-12-18 18:09:28,022 - utils.logger2025-12-18-18.08.47 - INFO - Cur epoch 15 loss TA:0.6199 TV:0.6323 VA:1.2701 CE:0.8496
2025-12-18 18:09:28,583 - utils.logger2025-12-18-18.08.47 - INFO - Cur epoch 15 loss TA:0.3379 TV:0.3631 VA:0.7358 CE:0.4134
2025-12-18 18:09:28,649 - utils.logger2025-12-18-18.08.47 - INFO - saving the model at the end of epoch 15, iters 420
2025-12-18 18:09:28,729 - utils.logger2025-12-18-18.08.47 - INFO - End of training epoch 15 / 40 	 Time Taken: 2 sec
2025-12-18 18:09:28,730 - utils.logger2025-12-18-18.08.47 - INFO - learning rate = 0.0002000
2025-12-18 18:09:29,181 - utils.logger2025-12-18-18.08.47 - INFO - Val result of epoch 15 / 40 acc 0.7946 MAE 0.7002 f1 0.8016
2025-12-18 18:09:29,653 - utils.logger2025-12-18-18.08.47 - INFO - Tst result of epoch 15 / 40 acc 0.7946 MAE 0.7002 f1 0.8016
2025-12-18 18:09:30,550 - utils.logger2025-12-18-18.08.47 - INFO - Cur epoch 16 loss TA:0.6116 TV:0.6241 VA:1.2716 CE:0.5282
2025-12-18 18:09:31,123 - utils.logger2025-12-18-18.08.47 - INFO - Cur epoch 16 loss TA:0.6111 TV:0.6232 VA:1.2109 CE:0.6506
2025-12-18 18:09:31,594 - utils.logger2025-12-18-18.08.47 - INFO - saving the model at the end of epoch 16, iters 448
2025-12-18 18:09:31,666 - utils.logger2025-12-18-18.08.47 - INFO - End of training epoch 16 / 40 	 Time Taken: 2 sec
2025-12-18 18:09:31,666 - utils.logger2025-12-18-18.08.47 - INFO - learning rate = 0.0002000
2025-12-18 18:09:32,139 - utils.logger2025-12-18-18.08.47 - INFO - Val result of epoch 16 / 40 acc 0.7857 MAE 0.7099 f1 0.7916
2025-12-18 18:09:32,448 - utils.logger2025-12-18-18.08.47 - INFO - Tst result of epoch 16 / 40 acc 0.7857 MAE 0.7099 f1 0.7916
2025-12-18 18:09:32,753 - utils.logger2025-12-18-18.08.47 - INFO - Cur epoch 17 loss TA:0.5836 TV:0.5827 VA:1.1386 CE:0.3326
2025-12-18 18:09:33,323 - utils.logger2025-12-18-18.08.47 - INFO - Cur epoch 17 loss TA:0.6262 TV:0.6039 VA:1.2205 CE:0.4580
2025-12-18 18:09:33,871 - utils.logger2025-12-18-18.08.47 - INFO - Cur epoch 17 loss TA:0.5996 TV:0.6081 VA:1.1843 CE:0.5286
2025-12-18 18:09:34,285 - utils.logger2025-12-18-18.08.47 - INFO - saving the model at the end of epoch 17, iters 476
2025-12-18 18:09:34,383 - utils.logger2025-12-18-18.08.47 - INFO - End of training epoch 17 / 40 	 Time Taken: 1 sec
2025-12-18 18:09:34,383 - utils.logger2025-12-18-18.08.47 - INFO - learning rate = 0.0002000
2025-12-18 18:09:34,886 - utils.logger2025-12-18-18.08.47 - INFO - Val result of epoch 17 / 40 acc 0.7723 MAE 0.6987 f1 0.7827
2025-12-18 18:09:35,273 - utils.logger2025-12-18-18.08.47 - INFO - Tst result of epoch 17 / 40 acc 0.7723 MAE 0.6987 f1 0.7827
2025-12-18 18:09:35,731 - utils.logger2025-12-18-18.08.47 - INFO - Cur epoch 18 loss TA:0.5995 TV:0.6191 VA:1.2091 CE:0.6308
2025-12-18 18:09:36,358 - utils.logger2025-12-18-18.08.47 - INFO - Cur epoch 18 loss TA:0.5925 TV:0.6041 VA:1.1948 CE:0.3762
2025-12-18 18:09:36,913 - utils.logger2025-12-18-18.08.47 - INFO - Cur epoch 18 loss TA:0.6036 TV:0.6175 VA:1.2096 CE:0.4277
2025-12-18 18:09:37,197 - utils.logger2025-12-18-18.08.47 - INFO - saving the model at the end of epoch 18, iters 504
2025-12-18 18:09:37,277 - utils.logger2025-12-18-18.08.47 - INFO - End of training epoch 18 / 40 	 Time Taken: 2 sec
2025-12-18 18:09:37,277 - utils.logger2025-12-18-18.08.47 - INFO - learning rate = 0.0002000
2025-12-18 18:09:37,736 - utils.logger2025-12-18-18.08.47 - INFO - Val result of epoch 18 / 40 acc 0.7991 MAE 0.7089 f1 0.8055
2025-12-18 18:09:38,280 - utils.logger2025-12-18-18.08.47 - INFO - Tst result of epoch 18 / 40 acc 0.7991 MAE 0.7089 f1 0.8055
2025-12-18 18:09:38,935 - utils.logger2025-12-18-18.08.47 - INFO - Cur epoch 19 loss TA:0.5915 TV:0.5955 VA:1.1677 CE:0.4452
2025-12-18 18:09:39,503 - utils.logger2025-12-18-18.08.47 - INFO - Cur epoch 19 loss TA:0.5529 TV:0.5672 VA:1.1604 CE:0.5508
2025-12-18 18:09:40,080 - utils.logger2025-12-18-18.08.47 - INFO - Cur epoch 19 loss TA:0.5864 TV:0.5918 VA:1.2171 CE:0.3079
2025-12-18 18:09:40,257 - utils.logger2025-12-18-18.08.47 - INFO - saving the model at the end of epoch 19, iters 532
2025-12-18 18:09:40,342 - utils.logger2025-12-18-18.08.47 - INFO - End of training epoch 19 / 40 	 Time Taken: 2 sec
2025-12-18 18:09:40,342 - utils.logger2025-12-18-18.08.47 - INFO - learning rate = 0.0002000
2025-12-18 18:09:40,768 - utils.logger2025-12-18-18.08.47 - INFO - Val result of epoch 19 / 40 acc 0.7902 MAE 0.6917 f1 0.7963
2025-12-18 18:09:41,301 - utils.logger2025-12-18-18.08.47 - INFO - Tst result of epoch 19 / 40 acc 0.7902 MAE 0.6917 f1 0.7963
2025-12-18 18:09:41,959 - utils.logger2025-12-18-18.08.47 - INFO - Cur epoch 20 loss TA:0.5654 TV:0.5827 VA:1.1496 CE:0.3191
2025-12-18 18:09:42,426 - utils.logger2025-12-18-18.08.47 - INFO - Cur epoch 20 loss TA:0.5851 TV:0.6132 VA:1.2158 CE:0.4567
2025-12-18 18:09:42,901 - utils.logger2025-12-18-18.08.47 - INFO - Cur epoch 20 loss TA:0.2457 TV:0.2395 VA:0.5262 CE:0.3807
2025-12-18 18:09:42,964 - utils.logger2025-12-18-18.08.47 - INFO - saving the model at the end of epoch 20, iters 560
2025-12-18 18:09:43,035 - utils.logger2025-12-18-18.08.47 - INFO - End of training epoch 20 / 40 	 Time Taken: 1 sec
2025-12-18 18:09:43,035 - utils.logger2025-12-18-18.08.47 - INFO - learning rate = 0.0002000
2025-12-18 18:09:43,351 - utils.logger2025-12-18-18.08.47 - INFO - Val result of epoch 20 / 40 acc 0.7991 MAE 0.6949 f1 0.8075
2025-12-18 18:09:43,666 - utils.logger2025-12-18-18.08.47 - INFO - Tst result of epoch 20 / 40 acc 0.7991 MAE 0.6949 f1 0.8075
2025-12-18 18:09:44,461 - utils.logger2025-12-18-18.08.47 - INFO - Cur epoch 21 loss TA:0.5600 TV:0.5648 VA:1.1318 CE:0.3312
2025-12-18 18:09:45,032 - utils.logger2025-12-18-18.08.47 - INFO - Cur epoch 21 loss TA:0.5535 TV:0.5605 VA:1.1010 CE:0.4964
2025-12-18 18:09:45,530 - utils.logger2025-12-18-18.08.47 - INFO - saving the model at the end of epoch 21, iters 588
2025-12-18 18:09:45,613 - utils.logger2025-12-18-18.08.47 - INFO - End of training epoch 21 / 40 	 Time Taken: 1 sec
2025-12-18 18:09:45,613 - utils.logger2025-12-18-18.08.47 - INFO - learning rate = 0.0002000
2025-12-18 18:09:46,151 - utils.logger2025-12-18-18.08.47 - INFO - Val result of epoch 21 / 40 acc 0.7812 MAE 0.7043 f1 0.7870
2025-12-18 18:09:46,595 - utils.logger2025-12-18-18.08.47 - INFO - Tst result of epoch 21 / 40 acc 0.7812 MAE 0.7043 f1 0.7870
2025-12-18 18:09:47,069 - utils.logger2025-12-18-18.08.47 - INFO - Cur epoch 22 loss TA:0.5566 TV:0.5807 VA:1.1189 CE:0.4323
2025-12-18 18:09:47,748 - utils.logger2025-12-18-18.08.47 - INFO - Cur epoch 22 loss TA:0.5284 TV:0.5386 VA:1.0948 CE:0.2942
2025-12-18 18:09:48,416 - utils.logger2025-12-18-18.08.47 - INFO - Cur epoch 22 loss TA:0.5119 TV:0.5243 VA:1.0688 CE:0.2936
2025-12-18 18:09:48,844 - utils.logger2025-12-18-18.08.47 - INFO - saving the model at the end of epoch 22, iters 616
2025-12-18 18:09:48,917 - utils.logger2025-12-18-18.08.47 - INFO - End of training epoch 22 / 40 	 Time Taken: 2 sec
2025-12-18 18:09:48,917 - utils.logger2025-12-18-18.08.47 - INFO - learning rate = 0.0002000
2025-12-18 18:09:49,379 - utils.logger2025-12-18-18.08.47 - INFO - Val result of epoch 22 / 40 acc 0.7812 MAE 0.7096 f1 0.7870
2025-12-18 18:09:49,813 - utils.logger2025-12-18-18.08.47 - INFO - Tst result of epoch 22 / 40 acc 0.7812 MAE 0.7096 f1 0.7870
2025-12-18 18:09:50,274 - utils.logger2025-12-18-18.08.47 - INFO - Cur epoch 23 loss TA:0.5622 TV:0.5481 VA:1.1080 CE:0.3204
2025-12-18 18:09:50,876 - utils.logger2025-12-18-18.08.47 - INFO - Cur epoch 23 loss TA:0.5814 TV:0.5888 VA:1.1742 CE:0.2990
2025-12-18 18:09:51,428 - utils.logger2025-12-18-18.08.47 - INFO - Cur epoch 23 loss TA:0.5561 TV:0.5613 VA:1.0632 CE:0.4623
2025-12-18 18:09:51,715 - utils.logger2025-12-18-18.08.47 - INFO - saving the model at the end of epoch 23, iters 644
2025-12-18 18:09:51,800 - utils.logger2025-12-18-18.08.47 - INFO - End of training epoch 23 / 40 	 Time Taken: 1 sec
2025-12-18 18:09:51,800 - utils.logger2025-12-18-18.08.47 - INFO - learning rate = 0.0002000
2025-12-18 18:09:52,104 - utils.logger2025-12-18-18.08.47 - INFO - Val result of epoch 23 / 40 acc 0.8036 MAE 0.7135 f1 0.8106
2025-12-18 18:09:52,424 - utils.logger2025-12-18-18.08.47 - INFO - Tst result of epoch 23 / 40 acc 0.8036 MAE 0.7135 f1 0.8106
2025-12-18 18:09:52,930 - utils.logger2025-12-18-18.08.47 - INFO - Cur epoch 24 loss TA:0.5369 TV:0.5395 VA:1.0554 CE:0.2787
2025-12-18 18:09:53,490 - utils.logger2025-12-18-18.08.47 - INFO - Cur epoch 24 loss TA:0.5861 TV:0.5824 VA:1.1507 CE:0.4668
2025-12-18 18:09:54,095 - utils.logger2025-12-18-18.08.47 - INFO - Cur epoch 24 loss TA:0.5419 TV:0.5349 VA:1.0580 CE:0.3504
2025-12-18 18:09:54,276 - utils.logger2025-12-18-18.08.47 - INFO - saving the model at the end of epoch 24, iters 672
2025-12-18 18:09:54,369 - utils.logger2025-12-18-18.08.47 - INFO - End of training epoch 24 / 40 	 Time Taken: 1 sec
2025-12-18 18:09:54,370 - utils.logger2025-12-18-18.08.47 - INFO - learning rate = 0.0002000
2025-12-18 18:09:54,685 - utils.logger2025-12-18-18.08.47 - INFO - Val result of epoch 24 / 40 acc 0.7812 MAE 0.7053 f1 0.7870
2025-12-18 18:09:54,985 - utils.logger2025-12-18-18.08.47 - INFO - Tst result of epoch 24 / 40 acc 0.7812 MAE 0.7053 f1 0.7870
2025-12-18 18:09:55,673 - utils.logger2025-12-18-18.08.47 - INFO - Cur epoch 25 loss TA:0.5762 TV:0.5702 VA:1.0803 CE:0.3559
2025-12-18 18:09:56,253 - utils.logger2025-12-18-18.08.47 - INFO - Cur epoch 25 loss TA:0.5047 TV:0.5170 VA:1.0205 CE:0.3054
2025-12-18 18:09:56,824 - utils.logger2025-12-18-18.08.47 - INFO - Cur epoch 25 loss TA:0.2585 TV:0.2679 VA:0.5298 CE:0.2634
2025-12-18 18:09:56,887 - utils.logger2025-12-18-18.08.47 - INFO - saving the model at the end of epoch 25, iters 700
2025-12-18 18:09:56,968 - utils.logger2025-12-18-18.08.47 - INFO - End of training epoch 25 / 40 	 Time Taken: 1 sec
2025-12-18 18:09:56,969 - utils.logger2025-12-18-18.08.47 - INFO - learning rate = 0.0002000
2025-12-18 18:09:57,265 - utils.logger2025-12-18-18.08.47 - INFO - Val result of epoch 25 / 40 acc 0.8036 MAE 0.7190 f1 0.8110
2025-12-18 18:09:57,544 - utils.logger2025-12-18-18.08.47 - INFO - Tst result of epoch 25 / 40 acc 0.8036 MAE 0.7190 f1 0.8110
2025-12-18 18:09:58,336 - utils.logger2025-12-18-18.08.47 - INFO - Cur epoch 26 loss TA:0.5157 TV:0.5239 VA:1.0602 CE:0.3554
2025-12-18 18:09:58,907 - utils.logger2025-12-18-18.08.47 - INFO - Cur epoch 26 loss TA:0.5185 TV:0.5310 VA:1.0317 CE:0.3978
2025-12-18 18:09:59,408 - utils.logger2025-12-18-18.08.47 - INFO - saving the model at the end of epoch 26, iters 728
2025-12-18 18:09:59,495 - utils.logger2025-12-18-18.08.47 - INFO - End of training epoch 26 / 40 	 Time Taken: 1 sec
2025-12-18 18:09:59,495 - utils.logger2025-12-18-18.08.47 - INFO - learning rate = 0.0002000
2025-12-18 18:10:00,045 - utils.logger2025-12-18-18.08.47 - INFO - Val result of epoch 26 / 40 acc 0.7902 MAE 0.7055 f1 0.7962
2025-12-18 18:10:00,593 - utils.logger2025-12-18-18.08.47 - INFO - Tst result of epoch 26 / 40 acc 0.7902 MAE 0.7055 f1 0.7962
2025-12-18 18:10:00,941 - utils.logger2025-12-18-18.08.47 - INFO - Cur epoch 27 loss TA:0.5076 TV:0.5192 VA:1.0341 CE:0.3045
2025-12-18 18:10:01,544 - utils.logger2025-12-18-18.08.47 - INFO - Cur epoch 27 loss TA:0.5640 TV:0.5739 VA:1.1073 CE:0.2437
2025-12-18 18:10:02,150 - utils.logger2025-12-18-18.08.47 - INFO - Cur epoch 27 loss TA:0.5251 TV:0.5296 VA:1.0259 CE:0.2829
2025-12-18 18:10:02,579 - utils.logger2025-12-18-18.08.47 - INFO - saving the model at the end of epoch 27, iters 756
2025-12-18 18:10:02,668 - utils.logger2025-12-18-18.08.47 - INFO - End of training epoch 27 / 40 	 Time Taken: 2 sec
2025-12-18 18:10:02,669 - utils.logger2025-12-18-18.08.47 - INFO - learning rate = 0.0002000
2025-12-18 18:10:03,153 - utils.logger2025-12-18-18.08.47 - INFO - Val result of epoch 27 / 40 acc 0.7946 MAE 0.7069 f1 0.8009
2025-12-18 18:10:03,454 - utils.logger2025-12-18-18.08.47 - INFO - Tst result of epoch 27 / 40 acc 0.7946 MAE 0.7069 f1 0.8009
2025-12-18 18:10:03,894 - utils.logger2025-12-18-18.08.47 - INFO - Cur epoch 28 loss TA:0.5094 TV:0.5176 VA:1.0352 CE:0.2331
2025-12-18 18:10:04,500 - utils.logger2025-12-18-18.08.47 - INFO - Cur epoch 28 loss TA:0.5175 TV:0.5344 VA:1.0508 CE:0.2549
2025-12-18 18:10:05,063 - utils.logger2025-12-18-18.08.47 - INFO - Cur epoch 28 loss TA:0.5420 TV:0.5451 VA:1.0554 CE:0.2660
2025-12-18 18:10:05,369 - utils.logger2025-12-18-18.08.47 - INFO - saving the model at the end of epoch 28, iters 784
2025-12-18 18:10:05,448 - utils.logger2025-12-18-18.08.47 - INFO - End of training epoch 28 / 40 	 Time Taken: 1 sec
2025-12-18 18:10:05,448 - utils.logger2025-12-18-18.08.47 - INFO - learning rate = 0.0002000
2025-12-18 18:10:05,747 - utils.logger2025-12-18-18.08.47 - INFO - Val result of epoch 28 / 40 acc 0.7902 MAE 0.7059 f1 0.7962
2025-12-18 18:10:06,054 - utils.logger2025-12-18-18.08.47 - INFO - Tst result of epoch 28 / 40 acc 0.7902 MAE 0.7059 f1 0.7962
2025-12-18 18:10:06,737 - utils.logger2025-12-18-18.08.47 - INFO - Cur epoch 29 loss TA:0.5322 TV:0.5228 VA:1.0641 CE:0.3591
2025-12-18 18:10:07,324 - utils.logger2025-12-18-18.08.47 - INFO - Cur epoch 29 loss TA:0.5158 TV:0.5157 VA:1.0234 CE:0.3146
2025-12-18 18:10:07,914 - utils.logger2025-12-18-18.08.47 - INFO - Cur epoch 29 loss TA:0.5093 TV:0.5175 VA:1.0466 CE:0.2619
2025-12-18 18:10:08,092 - utils.logger2025-12-18-18.08.47 - INFO - saving the model at the end of epoch 29, iters 812
2025-12-18 18:10:08,186 - utils.logger2025-12-18-18.08.47 - INFO - End of training epoch 29 / 40 	 Time Taken: 2 sec
2025-12-18 18:10:08,186 - utils.logger2025-12-18-18.08.47 - INFO - learning rate = 0.0002000
2025-12-18 18:10:08,630 - utils.logger2025-12-18-18.08.47 - INFO - Val result of epoch 29 / 40 acc 0.7857 MAE 0.7123 f1 0.7916
2025-12-18 18:10:08,940 - utils.logger2025-12-18-18.08.47 - INFO - Tst result of epoch 29 / 40 acc 0.7857 MAE 0.7123 f1 0.7916
2025-12-18 18:10:09,645 - utils.logger2025-12-18-18.08.47 - INFO - Cur epoch 30 loss TA:0.5139 TV:0.5133 VA:1.0305 CE:0.2271
2025-12-18 18:10:10,202 - utils.logger2025-12-18-18.08.47 - INFO - Cur epoch 30 loss TA:0.5002 TV:0.5031 VA:1.0231 CE:0.2857
2025-12-18 18:10:10,747 - utils.logger2025-12-18-18.08.47 - INFO - Cur epoch 30 loss TA:0.2834 TV:0.2788 VA:0.5321 CE:0.1868
2025-12-18 18:10:10,806 - utils.logger2025-12-18-18.08.47 - INFO - saving the model at the end of epoch 30, iters 840
2025-12-18 18:10:10,887 - utils.logger2025-12-18-18.08.47 - INFO - End of training epoch 30 / 40 	 Time Taken: 1 sec
2025-12-18 18:10:10,888 - utils.logger2025-12-18-18.08.47 - INFO - learning rate = 0.0001818
2025-12-18 18:10:11,367 - utils.logger2025-12-18-18.08.47 - INFO - Val result of epoch 30 / 40 acc 0.7768 MAE 0.6961 f1 0.7824
2025-12-18 18:10:11,687 - utils.logger2025-12-18-18.08.47 - INFO - Tst result of epoch 30 / 40 acc 0.7768 MAE 0.6961 f1 0.7824
2025-12-18 18:10:12,508 - utils.logger2025-12-18-18.08.47 - INFO - Cur epoch 31 loss TA:0.4974 TV:0.5112 VA:1.0390 CE:0.3890
2025-12-18 18:10:13,077 - utils.logger2025-12-18-18.08.47 - INFO - Cur epoch 31 loss TA:0.5135 TV:0.5273 VA:1.0321 CE:0.2662
2025-12-18 18:10:13,583 - utils.logger2025-12-18-18.08.47 - INFO - saving the model at the end of epoch 31, iters 868
2025-12-18 18:10:13,672 - utils.logger2025-12-18-18.08.47 - INFO - End of training epoch 31 / 40 	 Time Taken: 1 sec
2025-12-18 18:10:13,673 - utils.logger2025-12-18-18.08.47 - INFO - learning rate = 0.0001636
2025-12-18 18:10:13,998 - utils.logger2025-12-18-18.08.47 - INFO - Val result of epoch 31 / 40 acc 0.7723 MAE 0.6964 f1 0.7780
2025-12-18 18:10:14,315 - utils.logger2025-12-18-18.08.47 - INFO - Tst result of epoch 31 / 40 acc 0.7723 MAE 0.6964 f1 0.7780
2025-12-18 18:10:14,645 - utils.logger2025-12-18-18.08.47 - INFO - Cur epoch 32 loss TA:0.4925 TV:0.5008 VA:1.0096 CE:0.2510
2025-12-18 18:10:15,219 - utils.logger2025-12-18-18.08.47 - INFO - Cur epoch 32 loss TA:0.5097 TV:0.5053 VA:0.9937 CE:0.2432
2025-12-18 18:10:15,767 - utils.logger2025-12-18-18.08.47 - INFO - Cur epoch 32 loss TA:0.5059 TV:0.5138 VA:1.0446 CE:0.2115
2025-12-18 18:10:16,149 - utils.logger2025-12-18-18.08.47 - INFO - saving the model at the end of epoch 32, iters 896
2025-12-18 18:10:16,227 - utils.logger2025-12-18-18.08.47 - INFO - End of training epoch 32 / 40 	 Time Taken: 1 sec
2025-12-18 18:10:16,227 - utils.logger2025-12-18-18.08.47 - INFO - learning rate = 0.0001455
2025-12-18 18:10:16,749 - utils.logger2025-12-18-18.08.47 - INFO - Val result of epoch 32 / 40 acc 0.7679 MAE 0.6918 f1 0.7731
2025-12-18 18:10:17,263 - utils.logger2025-12-18-18.08.47 - INFO - Tst result of epoch 32 / 40 acc 0.7679 MAE 0.6918 f1 0.7731
2025-12-18 18:10:17,702 - utils.logger2025-12-18-18.08.47 - INFO - Cur epoch 33 loss TA:0.5230 TV:0.5291 VA:1.0439 CE:0.1517
2025-12-18 18:10:18,187 - utils.logger2025-12-18-18.08.47 - INFO - Cur epoch 33 loss TA:0.5302 TV:0.5329 VA:1.0367 CE:0.1409
2025-12-18 18:10:18,651 - utils.logger2025-12-18-18.08.47 - INFO - Cur epoch 33 loss TA:0.5066 TV:0.5158 VA:1.0366 CE:0.2421
2025-12-18 18:10:18,919 - utils.logger2025-12-18-18.08.47 - INFO - saving the model at the end of epoch 33, iters 924
2025-12-18 18:10:19,005 - utils.logger2025-12-18-18.08.47 - INFO - End of training epoch 33 / 40 	 Time Taken: 1 sec
2025-12-18 18:10:19,005 - utils.logger2025-12-18-18.08.47 - INFO - learning rate = 0.0001273
2025-12-18 18:10:19,336 - utils.logger2025-12-18-18.08.47 - INFO - Val result of epoch 33 / 40 acc 0.7946 MAE 0.7037 f1 0.8009
2025-12-18 18:10:19,650 - utils.logger2025-12-18-18.08.47 - INFO - Tst result of epoch 33 / 40 acc 0.7946 MAE 0.7037 f1 0.8009
2025-12-18 18:10:20,230 - utils.logger2025-12-18-18.08.47 - INFO - Cur epoch 34 loss TA:0.5187 TV:0.5284 VA:1.0383 CE:0.2393
2025-12-18 18:10:20,831 - utils.logger2025-12-18-18.08.47 - INFO - Cur epoch 34 loss TA:0.4990 TV:0.5049 VA:1.0129 CE:0.3039
2025-12-18 18:10:21,311 - utils.logger2025-12-18-18.08.47 - INFO - Cur epoch 34 loss TA:0.5059 TV:0.5187 VA:0.9878 CE:0.1571
2025-12-18 18:10:21,472 - utils.logger2025-12-18-18.08.47 - INFO - saving the model at the end of epoch 34, iters 952
2025-12-18 18:10:21,556 - utils.logger2025-12-18-18.08.47 - INFO - End of training epoch 34 / 40 	 Time Taken: 1 sec
2025-12-18 18:10:21,557 - utils.logger2025-12-18-18.08.47 - INFO - learning rate = 0.0001091
2025-12-18 18:10:22,045 - utils.logger2025-12-18-18.08.47 - INFO - Val result of epoch 34 / 40 acc 0.7857 MAE 0.7019 f1 0.7916
2025-12-18 18:10:22,338 - utils.logger2025-12-18-18.08.47 - INFO - Tst result of epoch 34 / 40 acc 0.7857 MAE 0.7019 f1 0.7916
2025-12-18 18:10:23,399 - utils.logger2025-12-18-18.08.47 - INFO - Cur epoch 35 loss TA:0.4939 TV:0.4995 VA:0.9952 CE:0.2345
2025-12-18 18:10:24,090 - utils.logger2025-12-18-18.08.47 - INFO - Cur epoch 35 loss TA:0.4944 TV:0.4963 VA:0.9792 CE:0.2319
2025-12-18 18:10:24,753 - utils.logger2025-12-18-18.08.47 - INFO - Cur epoch 35 loss TA:0.2365 TV:0.2235 VA:0.4382 CE:0.1748
2025-12-18 18:10:24,822 - utils.logger2025-12-18-18.08.47 - INFO - saving the model at the end of epoch 35, iters 980
2025-12-18 18:10:24,908 - utils.logger2025-12-18-18.08.47 - INFO - End of training epoch 35 / 40 	 Time Taken: 2 sec
2025-12-18 18:10:24,908 - utils.logger2025-12-18-18.08.47 - INFO - learning rate = 0.0000909
2025-12-18 18:10:25,503 - utils.logger2025-12-18-18.08.47 - INFO - Val result of epoch 35 / 40 acc 0.8036 MAE 0.7044 f1 0.8102
2025-12-18 18:10:25,818 - utils.logger2025-12-18-18.08.47 - INFO - Tst result of epoch 35 / 40 acc 0.8036 MAE 0.7044 f1 0.8102
2025-12-18 18:10:26,663 - utils.logger2025-12-18-18.08.47 - INFO - Cur epoch 36 loss TA:0.4714 TV:0.4825 VA:0.9486 CE:0.1520
2025-12-18 18:10:27,220 - utils.logger2025-12-18-18.08.47 - INFO - Cur epoch 36 loss TA:0.5022 TV:0.5037 VA:1.0036 CE:0.2497
2025-12-18 18:10:27,728 - utils.logger2025-12-18-18.08.47 - INFO - saving the model at the end of epoch 36, iters 1008
2025-12-18 18:10:27,805 - utils.logger2025-12-18-18.08.47 - INFO - End of training epoch 36 / 40 	 Time Taken: 1 sec
2025-12-18 18:10:27,805 - utils.logger2025-12-18-18.08.47 - INFO - learning rate = 0.0000727
2025-12-18 18:10:28,151 - utils.logger2025-12-18-18.08.47 - INFO - Val result of epoch 36 / 40 acc 0.7991 MAE 0.7044 f1 0.8055
2025-12-18 18:10:28,505 - utils.logger2025-12-18-18.08.47 - INFO - Tst result of epoch 36 / 40 acc 0.7991 MAE 0.7044 f1 0.8055
2025-12-18 18:10:28,844 - utils.logger2025-12-18-18.08.47 - INFO - Cur epoch 37 loss TA:0.5106 TV:0.5204 VA:1.0424 CE:0.1602
2025-12-18 18:10:29,436 - utils.logger2025-12-18-18.08.47 - INFO - Cur epoch 37 loss TA:0.5142 TV:0.5156 VA:1.0237 CE:0.1646
2025-12-18 18:10:30,009 - utils.logger2025-12-18-18.08.47 - INFO - Cur epoch 37 loss TA:0.4976 TV:0.5085 VA:1.0243 CE:0.2118
2025-12-18 18:10:30,431 - utils.logger2025-12-18-18.08.47 - INFO - saving the model at the end of epoch 37, iters 1036
2025-12-18 18:10:30,521 - utils.logger2025-12-18-18.08.47 - INFO - End of training epoch 37 / 40 	 Time Taken: 2 sec
2025-12-18 18:10:30,521 - utils.logger2025-12-18-18.08.47 - INFO - learning rate = 0.0000545
2025-12-18 18:10:30,837 - utils.logger2025-12-18-18.08.47 - INFO - Val result of epoch 37 / 40 acc 0.8080 MAE 0.7032 f1 0.8150
2025-12-18 18:10:31,160 - utils.logger2025-12-18-18.08.47 - INFO - Tst result of epoch 37 / 40 acc 0.8080 MAE 0.7032 f1 0.8150
2025-12-18 18:10:31,594 - utils.logger2025-12-18-18.08.47 - INFO - Cur epoch 38 loss TA:0.4981 TV:0.4988 VA:0.9881 CE:0.2450
2025-12-18 18:10:32,161 - utils.logger2025-12-18-18.08.47 - INFO - Cur epoch 38 loss TA:0.4842 TV:0.4909 VA:0.9678 CE:0.2359
2025-12-18 18:10:32,689 - utils.logger2025-12-18-18.08.47 - INFO - Cur epoch 38 loss TA:0.5030 TV:0.5038 VA:1.0049 CE:0.1560
2025-12-18 18:10:32,976 - utils.logger2025-12-18-18.08.47 - INFO - saving the model at the end of epoch 38, iters 1064
2025-12-18 18:10:33,053 - utils.logger2025-12-18-18.08.47 - INFO - End of training epoch 38 / 40 	 Time Taken: 1 sec
2025-12-18 18:10:33,053 - utils.logger2025-12-18-18.08.47 - INFO - learning rate = 0.0000364
2025-12-18 18:10:33,355 - utils.logger2025-12-18-18.08.47 - INFO - Val result of epoch 38 / 40 acc 0.8125 MAE 0.7057 f1 0.8196
2025-12-18 18:10:33,663 - utils.logger2025-12-18-18.08.47 - INFO - Tst result of epoch 38 / 40 acc 0.8125 MAE 0.7057 f1 0.8196
2025-12-18 18:10:34,212 - utils.logger2025-12-18-18.08.47 - INFO - Cur epoch 39 loss TA:0.5114 TV:0.5130 VA:1.0233 CE:0.2184
2025-12-18 18:10:34,749 - utils.logger2025-12-18-18.08.47 - INFO - Cur epoch 39 loss TA:0.4931 TV:0.5028 VA:0.9890 CE:0.1494
2025-12-18 18:10:35,310 - utils.logger2025-12-18-18.08.47 - INFO - Cur epoch 39 loss TA:0.4832 TV:0.4853 VA:0.9813 CE:0.1740
2025-12-18 18:10:35,491 - utils.logger2025-12-18-18.08.47 - INFO - saving the model at the end of epoch 39, iters 1092
2025-12-18 18:10:35,572 - utils.logger2025-12-18-18.08.47 - INFO - End of training epoch 39 / 40 	 Time Taken: 1 sec
2025-12-18 18:10:35,572 - utils.logger2025-12-18-18.08.47 - INFO - learning rate = 0.0000182
2025-12-18 18:10:35,861 - utils.logger2025-12-18-18.08.47 - INFO - Val result of epoch 39 / 40 acc 0.8080 MAE 0.7055 f1 0.8150
2025-12-18 18:10:36,145 - utils.logger2025-12-18-18.08.47 - INFO - Tst result of epoch 39 / 40 acc 0.8080 MAE 0.7055 f1 0.8150
2025-12-18 18:10:36,773 - utils.logger2025-12-18-18.08.47 - INFO - Cur epoch 40 loss TA:0.4943 TV:0.4968 VA:0.9706 CE:0.1874
2025-12-18 18:10:37,231 - utils.logger2025-12-18-18.08.47 - INFO - Cur epoch 40 loss TA:0.4957 TV:0.4885 VA:0.9945 CE:0.1432
2025-12-18 18:10:37,677 - utils.logger2025-12-18-18.08.47 - INFO - Cur epoch 40 loss TA:0.2196 TV:0.2220 VA:0.4546 CE:0.0995
2025-12-18 18:10:37,741 - utils.logger2025-12-18-18.08.47 - INFO - saving the model at the end of epoch 40, iters 1120
2025-12-18 18:10:37,819 - utils.logger2025-12-18-18.08.47 - INFO - End of training epoch 40 / 40 	 Time Taken: 1 sec
2025-12-18 18:10:37,819 - utils.logger2025-12-18-18.08.47 - INFO - learning rate = 0.0000000
2025-12-18 18:10:38,144 - utils.logger2025-12-18-18.08.47 - INFO - Val result of epoch 40 / 40 acc 0.7902 MAE 0.7043 f1 0.7963
2025-12-18 18:10:38,421 - utils.logger2025-12-18-18.08.47 - INFO - Tst result of epoch 40 / 40 acc 0.7902 MAE 0.7043 f1 0.7963
2025-12-18 18:10:38,422 - utils.logger2025-12-18-18.08.47 - INFO - Best eval epoch 38 found with f1 0.819572
