2025-12-18 18:18:13,292 - utils.logger2025-12-18-18.18.13 - INFO - The number of training samples = 1750
2025-12-18 18:18:14,809 - utils.logger2025-12-18-18.18.13 - INFO - Cur epoch 1 loss TA:1.0333 TV:1.0358 VA:2.0703 CE:3.1786
2025-12-18 18:18:15,391 - utils.logger2025-12-18-18.18.13 - INFO - Cur epoch 1 loss TA:1.0341 TV:1.0337 VA:2.0726 CE:2.4971
2025-12-18 18:18:15,972 - utils.logger2025-12-18-18.18.13 - INFO - saving the model at the end of epoch 1, iters 28
2025-12-18 18:18:16,053 - utils.logger2025-12-18-18.18.13 - INFO - End of training epoch 1 / 40 	 Time Taken: 2 sec
2025-12-18 18:18:16,053 - utils.logger2025-12-18-18.18.13 - INFO - learning rate = 0.0002000
2025-12-18 18:18:16,396 - utils.logger2025-12-18-18.18.13 - INFO - Val result of epoch 1 / 40 acc 0.6071 MAE 0.3138 f1 0.6963
2025-12-18 18:18:16,792 - utils.logger2025-12-18-18.18.13 - INFO - Tst result of epoch 1 / 40 acc 0.6071 MAE 0.3138 f1 0.6963
2025-12-18 18:18:17,112 - utils.logger2025-12-18-18.18.13 - INFO - Cur epoch 2 loss TA:1.0244 TV:1.0257 VA:2.0518 CE:2.8144
2025-12-18 18:18:17,735 - utils.logger2025-12-18-18.18.13 - INFO - Cur epoch 2 loss TA:1.0212 TV:1.0274 VA:2.0652 CE:2.9545
2025-12-18 18:18:18,312 - utils.logger2025-12-18-18.18.13 - INFO - Cur epoch 2 loss TA:1.0111 TV:1.0160 VA:2.0482 CE:2.9705
2025-12-18 18:18:18,748 - utils.logger2025-12-18-18.18.13 - INFO - saving the model at the end of epoch 2, iters 56
2025-12-18 18:18:18,833 - utils.logger2025-12-18-18.18.13 - INFO - End of training epoch 2 / 40 	 Time Taken: 2 sec
2025-12-18 18:18:18,833 - utils.logger2025-12-18-18.18.13 - INFO - learning rate = 0.0002000
2025-12-18 18:18:19,165 - utils.logger2025-12-18-18.18.13 - INFO - Val result of epoch 2 / 40 acc 0.7143 MAE 0.4345 f1 0.7123
2025-12-18 18:18:19,451 - utils.logger2025-12-18-18.18.13 - INFO - Tst result of epoch 2 / 40 acc 0.7143 MAE 0.4345 f1 0.7123
2025-12-18 18:18:19,912 - utils.logger2025-12-18-18.18.13 - INFO - Cur epoch 3 loss TA:0.9828 TV:0.9916 VA:2.0190 CE:3.1556
2025-12-18 18:18:20,529 - utils.logger2025-12-18-18.18.13 - INFO - Cur epoch 3 loss TA:0.9757 TV:0.9783 VA:2.0025 CE:2.6840
2025-12-18 18:18:21,104 - utils.logger2025-12-18-18.18.13 - INFO - Cur epoch 3 loss TA:0.9592 TV:0.9538 VA:1.9368 CE:1.7028
2025-12-18 18:18:21,427 - utils.logger2025-12-18-18.18.13 - INFO - saving the model at the end of epoch 3, iters 84
2025-12-18 18:18:21,511 - utils.logger2025-12-18-18.18.13 - INFO - End of training epoch 3 / 40 	 Time Taken: 2 sec
2025-12-18 18:18:21,511 - utils.logger2025-12-18-18.18.13 - INFO - learning rate = 0.0002000
2025-12-18 18:18:22,092 - utils.logger2025-12-18-18.18.13 - INFO - Val result of epoch 3 / 40 acc 0.7545 MAE 0.4813 f1 0.7550
2025-12-18 18:18:22,390 - utils.logger2025-12-18-18.18.13 - INFO - Tst result of epoch 3 / 40 acc 0.7545 MAE 0.4813 f1 0.7550
2025-12-18 18:18:23,038 - utils.logger2025-12-18-18.18.13 - INFO - Cur epoch 4 loss TA:0.9358 TV:0.9250 VA:1.9163 CE:2.3593
2025-12-18 18:18:23,521 - utils.logger2025-12-18-18.18.13 - INFO - Cur epoch 4 loss TA:0.9295 TV:0.9313 VA:1.8768 CE:2.3266
2025-12-18 18:18:24,040 - utils.logger2025-12-18-18.18.13 - INFO - Cur epoch 4 loss TA:0.9183 TV:0.9328 VA:1.8817 CE:2.1960
2025-12-18 18:18:24,199 - utils.logger2025-12-18-18.18.13 - INFO - saving the model at the end of epoch 4, iters 112
2025-12-18 18:18:24,272 - utils.logger2025-12-18-18.18.13 - INFO - End of training epoch 4 / 40 	 Time Taken: 1 sec
2025-12-18 18:18:24,272 - utils.logger2025-12-18-18.18.13 - INFO - learning rate = 0.0002000
2025-12-18 18:18:24,857 - utils.logger2025-12-18-18.18.13 - INFO - Val result of epoch 4 / 40 acc 0.7679 MAE 0.5635 f1 0.7714
2025-12-18 18:18:25,180 - utils.logger2025-12-18-18.18.13 - INFO - Tst result of epoch 4 / 40 acc 0.7679 MAE 0.5635 f1 0.7714
2025-12-18 18:18:25,899 - utils.logger2025-12-18-18.18.13 - INFO - Cur epoch 5 loss TA:0.9031 TV:0.8953 VA:1.7950 CE:1.8950
2025-12-18 18:18:26,510 - utils.logger2025-12-18-18.18.13 - INFO - Cur epoch 5 loss TA:0.8946 TV:0.8898 VA:1.8041 CE:1.8065
2025-12-18 18:18:27,127 - utils.logger2025-12-18-18.18.13 - INFO - Cur epoch 5 loss TA:0.6004 TV:0.6121 VA:1.2393 CE:1.7827
2025-12-18 18:18:27,175 - utils.logger2025-12-18-18.18.13 - INFO - saving the model at the end of epoch 5, iters 140
2025-12-18 18:18:27,262 - utils.logger2025-12-18-18.18.13 - INFO - End of training epoch 5 / 40 	 Time Taken: 2 sec
2025-12-18 18:18:27,262 - utils.logger2025-12-18-18.18.13 - INFO - learning rate = 0.0002000
2025-12-18 18:18:27,692 - utils.logger2025-12-18-18.18.13 - INFO - Val result of epoch 5 / 40 acc 0.8036 MAE 0.6142 f1 0.8127
2025-12-18 18:18:28,109 - utils.logger2025-12-18-18.18.13 - INFO - Tst result of epoch 5 / 40 acc 0.8036 MAE 0.6142 f1 0.8127
2025-12-18 18:18:28,979 - utils.logger2025-12-18-18.18.13 - INFO - Cur epoch 6 loss TA:0.8591 TV:0.8680 VA:1.7689 CE:1.9931
2025-12-18 18:18:29,532 - utils.logger2025-12-18-18.18.13 - INFO - Cur epoch 6 loss TA:0.8530 TV:0.8550 VA:1.7386 CE:1.6216
2025-12-18 18:18:30,021 - utils.logger2025-12-18-18.18.13 - INFO - saving the model at the end of epoch 6, iters 168
2025-12-18 18:18:30,107 - utils.logger2025-12-18-18.18.13 - INFO - End of training epoch 6 / 40 	 Time Taken: 1 sec
2025-12-18 18:18:30,107 - utils.logger2025-12-18-18.18.13 - INFO - learning rate = 0.0002000
2025-12-18 18:18:30,728 - utils.logger2025-12-18-18.18.13 - INFO - Val result of epoch 6 / 40 acc 0.7768 MAE 0.6212 f1 0.7846
2025-12-18 18:18:31,270 - utils.logger2025-12-18-18.18.13 - INFO - Tst result of epoch 6 / 40 acc 0.7768 MAE 0.6212 f1 0.7846
2025-12-18 18:18:31,684 - utils.logger2025-12-18-18.18.13 - INFO - Cur epoch 7 loss TA:0.8267 TV:0.8282 VA:1.6865 CE:1.5899
2025-12-18 18:18:32,285 - utils.logger2025-12-18-18.18.13 - INFO - Cur epoch 7 loss TA:0.8160 TV:0.8520 VA:1.6890 CE:1.2998
2025-12-18 18:18:32,887 - utils.logger2025-12-18-18.18.13 - INFO - Cur epoch 7 loss TA:0.8379 TV:0.8309 VA:1.7118 CE:1.3337
2025-12-18 18:18:33,319 - utils.logger2025-12-18-18.18.13 - INFO - saving the model at the end of epoch 7, iters 196
2025-12-18 18:18:33,394 - utils.logger2025-12-18-18.18.13 - INFO - End of training epoch 7 / 40 	 Time Taken: 2 sec
2025-12-18 18:18:33,395 - utils.logger2025-12-18-18.18.13 - INFO - learning rate = 0.0002000
2025-12-18 18:18:33,749 - utils.logger2025-12-18-18.18.13 - INFO - Val result of epoch 7 / 40 acc 0.7946 MAE 0.6369 f1 0.8070
2025-12-18 18:18:34,068 - utils.logger2025-12-18-18.18.13 - INFO - Tst result of epoch 7 / 40 acc 0.7946 MAE 0.6369 f1 0.8070
2025-12-18 18:18:34,508 - utils.logger2025-12-18-18.18.13 - INFO - Cur epoch 8 loss TA:0.8140 TV:0.8036 VA:1.6612 CE:1.3350
2025-12-18 18:18:35,010 - utils.logger2025-12-18-18.18.13 - INFO - Cur epoch 8 loss TA:0.7911 TV:0.8145 VA:1.6306 CE:1.3652
2025-12-18 18:18:35,530 - utils.logger2025-12-18-18.18.13 - INFO - Cur epoch 8 loss TA:0.7810 TV:0.7843 VA:1.6427 CE:1.2467
2025-12-18 18:18:35,819 - utils.logger2025-12-18-18.18.13 - INFO - saving the model at the end of epoch 8, iters 224
2025-12-18 18:18:35,905 - utils.logger2025-12-18-18.18.13 - INFO - End of training epoch 8 / 40 	 Time Taken: 1 sec
2025-12-18 18:18:35,905 - utils.logger2025-12-18-18.18.13 - INFO - learning rate = 0.0002000
2025-12-18 18:18:36,208 - utils.logger2025-12-18-18.18.13 - INFO - Val result of epoch 8 / 40 acc 0.7946 MAE 0.6540 f1 0.8076
2025-12-18 18:18:36,565 - utils.logger2025-12-18-18.18.13 - INFO - Tst result of epoch 8 / 40 acc 0.7946 MAE 0.6540 f1 0.8076
2025-12-18 18:18:37,113 - utils.logger2025-12-18-18.18.13 - INFO - Cur epoch 9 loss TA:0.7713 TV:0.7623 VA:1.5459 CE:1.3072
2025-12-18 18:18:37,630 - utils.logger2025-12-18-18.18.13 - INFO - Cur epoch 9 loss TA:0.7435 TV:0.7521 VA:1.5321 CE:1.1254
2025-12-18 18:18:38,193 - utils.logger2025-12-18-18.18.13 - INFO - Cur epoch 9 loss TA:0.7465 TV:0.7369 VA:1.5229 CE:1.1247
2025-12-18 18:18:38,364 - utils.logger2025-12-18-18.18.13 - INFO - saving the model at the end of epoch 9, iters 252
2025-12-18 18:18:38,455 - utils.logger2025-12-18-18.18.13 - INFO - End of training epoch 9 / 40 	 Time Taken: 1 sec
2025-12-18 18:18:38,455 - utils.logger2025-12-18-18.18.13 - INFO - learning rate = 0.0002000
2025-12-18 18:18:38,763 - utils.logger2025-12-18-18.18.13 - INFO - Val result of epoch 9 / 40 acc 0.7902 MAE 0.6443 f1 0.8070
2025-12-18 18:18:39,109 - utils.logger2025-12-18-18.18.13 - INFO - Tst result of epoch 9 / 40 acc 0.7902 MAE 0.6443 f1 0.8070
2025-12-18 18:18:39,833 - utils.logger2025-12-18-18.18.13 - INFO - Cur epoch 10 loss TA:0.6790 TV:0.6828 VA:1.4239 CE:0.9795
2025-12-18 18:18:40,431 - utils.logger2025-12-18-18.18.13 - INFO - Cur epoch 10 loss TA:0.7375 TV:0.7550 VA:1.5486 CE:1.2527
2025-12-18 18:18:41,040 - utils.logger2025-12-18-18.18.13 - INFO - Cur epoch 10 loss TA:0.4656 TV:0.4809 VA:0.9744 CE:1.1648
2025-12-18 18:18:41,107 - utils.logger2025-12-18-18.18.13 - INFO - saving the model at the end of epoch 10, iters 280
2025-12-18 18:18:41,203 - utils.logger2025-12-18-18.18.13 - INFO - End of training epoch 10 / 40 	 Time Taken: 2 sec
2025-12-18 18:18:41,203 - utils.logger2025-12-18-18.18.13 - INFO - learning rate = 0.0002000
2025-12-18 18:18:41,857 - utils.logger2025-12-18-18.18.13 - INFO - Val result of epoch 10 / 40 acc 0.7812 MAE 0.6570 f1 0.7976
2025-12-18 18:18:42,143 - utils.logger2025-12-18-18.18.13 - INFO - Tst result of epoch 10 / 40 acc 0.7812 MAE 0.6570 f1 0.7976
2025-12-18 18:18:43,008 - utils.logger2025-12-18-18.18.13 - INFO - Cur epoch 11 loss TA:0.6882 TV:0.7175 VA:1.4520 CE:0.8947
2025-12-18 18:18:43,541 - utils.logger2025-12-18-18.18.13 - INFO - Cur epoch 11 loss TA:0.6979 TV:0.7264 VA:1.4599 CE:0.9322
2025-12-18 18:18:44,021 - utils.logger2025-12-18-18.18.13 - INFO - saving the model at the end of epoch 11, iters 308
2025-12-18 18:18:44,097 - utils.logger2025-12-18-18.18.13 - INFO - End of training epoch 11 / 40 	 Time Taken: 1 sec
2025-12-18 18:18:44,097 - utils.logger2025-12-18-18.18.13 - INFO - learning rate = 0.0002000
2025-12-18 18:18:44,469 - utils.logger2025-12-18-18.18.13 - INFO - Val result of epoch 11 / 40 acc 0.7679 MAE 0.6551 f1 0.7837
2025-12-18 18:18:44,769 - utils.logger2025-12-18-18.18.13 - INFO - Tst result of epoch 11 / 40 acc 0.7679 MAE 0.6551 f1 0.7837
2025-12-18 18:18:45,083 - utils.logger2025-12-18-18.18.13 - INFO - Cur epoch 12 loss TA:0.6556 TV:0.6809 VA:1.3271 CE:0.9618
2025-12-18 18:18:45,630 - utils.logger2025-12-18-18.18.13 - INFO - Cur epoch 12 loss TA:0.6427 TV:0.6793 VA:1.3228 CE:0.8969
2025-12-18 18:18:46,141 - utils.logger2025-12-18-18.18.13 - INFO - Cur epoch 12 loss TA:0.6717 TV:0.6636 VA:1.3697 CE:0.6480
2025-12-18 18:18:46,502 - utils.logger2025-12-18-18.18.13 - INFO - saving the model at the end of epoch 12, iters 336
2025-12-18 18:18:46,575 - utils.logger2025-12-18-18.18.13 - INFO - End of training epoch 12 / 40 	 Time Taken: 1 sec
2025-12-18 18:18:46,575 - utils.logger2025-12-18-18.18.13 - INFO - learning rate = 0.0002000
2025-12-18 18:18:46,956 - utils.logger2025-12-18-18.18.13 - INFO - Val result of epoch 12 / 40 acc 0.7857 MAE 0.6626 f1 0.8023
2025-12-18 18:18:47,419 - utils.logger2025-12-18-18.18.13 - INFO - Tst result of epoch 12 / 40 acc 0.7857 MAE 0.6626 f1 0.8023
2025-12-18 18:18:47,908 - utils.logger2025-12-18-18.18.13 - INFO - Cur epoch 13 loss TA:0.6765 TV:0.6993 VA:1.3744 CE:0.6247
2025-12-18 18:18:48,458 - utils.logger2025-12-18-18.18.13 - INFO - Cur epoch 13 loss TA:0.6600 TV:0.6874 VA:1.3804 CE:0.7574
2025-12-18 18:18:48,992 - utils.logger2025-12-18-18.18.13 - INFO - Cur epoch 13 loss TA:0.6343 TV:0.6526 VA:1.3476 CE:0.8019
2025-12-18 18:18:49,254 - utils.logger2025-12-18-18.18.13 - INFO - saving the model at the end of epoch 13, iters 364
2025-12-18 18:18:49,325 - utils.logger2025-12-18-18.18.13 - INFO - End of training epoch 13 / 40 	 Time Taken: 1 sec
2025-12-18 18:18:49,326 - utils.logger2025-12-18-18.18.13 - INFO - learning rate = 0.0002000
2025-12-18 18:18:49,678 - utils.logger2025-12-18-18.18.13 - INFO - Val result of epoch 13 / 40 acc 0.7946 MAE 0.6626 f1 0.8127
2025-12-18 18:18:50,036 - utils.logger2025-12-18-18.18.13 - INFO - Tst result of epoch 13 / 40 acc 0.7946 MAE 0.6626 f1 0.8127
2025-12-18 18:18:50,588 - utils.logger2025-12-18-18.18.13 - INFO - Cur epoch 14 loss TA:0.6073 TV:0.6151 VA:1.2754 CE:0.7151
2025-12-18 18:18:51,104 - utils.logger2025-12-18-18.18.13 - INFO - Cur epoch 14 loss TA:0.6324 TV:0.6537 VA:1.3056 CE:0.5650
2025-12-18 18:18:51,679 - utils.logger2025-12-18-18.18.13 - INFO - Cur epoch 14 loss TA:0.6582 TV:0.6921 VA:1.3825 CE:0.6656
2025-12-18 18:18:51,864 - utils.logger2025-12-18-18.18.13 - INFO - saving the model at the end of epoch 14, iters 392
2025-12-18 18:18:51,945 - utils.logger2025-12-18-18.18.13 - INFO - End of training epoch 14 / 40 	 Time Taken: 1 sec
2025-12-18 18:18:51,946 - utils.logger2025-12-18-18.18.13 - INFO - learning rate = 0.0002000
2025-12-18 18:18:52,251 - utils.logger2025-12-18-18.18.13 - INFO - Val result of epoch 14 / 40 acc 0.7723 MAE 0.6712 f1 0.7885
2025-12-18 18:18:52,548 - utils.logger2025-12-18-18.18.13 - INFO - Tst result of epoch 14 / 40 acc 0.7723 MAE 0.6712 f1 0.7885
2025-12-18 18:18:53,257 - utils.logger2025-12-18-18.18.13 - INFO - Cur epoch 15 loss TA:0.6440 TV:0.6272 VA:1.3251 CE:0.5900
2025-12-18 18:18:53,840 - utils.logger2025-12-18-18.18.13 - INFO - Cur epoch 15 loss TA:0.6332 TV:0.6560 VA:1.3472 CE:0.5689
2025-12-18 18:18:54,510 - utils.logger2025-12-18-18.18.13 - INFO - Cur epoch 15 loss TA:0.3138 TV:0.3475 VA:0.6662 CE:0.6091
2025-12-18 18:18:54,582 - utils.logger2025-12-18-18.18.13 - INFO - saving the model at the end of epoch 15, iters 420
2025-12-18 18:18:54,669 - utils.logger2025-12-18-18.18.13 - INFO - End of training epoch 15 / 40 	 Time Taken: 2 sec
2025-12-18 18:18:54,669 - utils.logger2025-12-18-18.18.13 - INFO - learning rate = 0.0002000
2025-12-18 18:18:55,158 - utils.logger2025-12-18-18.18.13 - INFO - Val result of epoch 15 / 40 acc 0.7634 MAE 0.6675 f1 0.7835
2025-12-18 18:18:55,463 - utils.logger2025-12-18-18.18.13 - INFO - Tst result of epoch 15 / 40 acc 0.7634 MAE 0.6675 f1 0.7835
2025-12-18 18:18:56,230 - utils.logger2025-12-18-18.18.13 - INFO - Cur epoch 16 loss TA:0.5934 TV:0.6078 VA:1.2056 CE:0.6053
2025-12-18 18:18:56,833 - utils.logger2025-12-18-18.18.13 - INFO - Cur epoch 16 loss TA:0.6197 TV:0.6600 VA:1.2706 CE:0.3487
2025-12-18 18:18:57,390 - utils.logger2025-12-18-18.18.13 - INFO - saving the model at the end of epoch 16, iters 448
2025-12-18 18:18:57,475 - utils.logger2025-12-18-18.18.13 - INFO - End of training epoch 16 / 40 	 Time Taken: 2 sec
2025-12-18 18:18:57,476 - utils.logger2025-12-18-18.18.13 - INFO - learning rate = 0.0002000
2025-12-18 18:18:58,055 - utils.logger2025-12-18-18.18.13 - INFO - Val result of epoch 16 / 40 acc 0.7768 MAE 0.6690 f1 0.7932
2025-12-18 18:18:58,489 - utils.logger2025-12-18-18.18.13 - INFO - Tst result of epoch 16 / 40 acc 0.7768 MAE 0.6690 f1 0.7932
2025-12-18 18:18:59,064 - utils.logger2025-12-18-18.18.13 - INFO - Cur epoch 17 loss TA:0.6117 TV:0.6127 VA:1.1864 CE:0.5696
2025-12-18 18:18:59,611 - utils.logger2025-12-18-18.18.13 - INFO - Cur epoch 17 loss TA:0.5823 TV:0.5928 VA:1.1721 CE:0.6376
2025-12-18 18:19:00,163 - utils.logger2025-12-18-18.18.13 - INFO - Cur epoch 17 loss TA:0.6175 TV:0.6336 VA:1.2709 CE:0.5943
2025-12-18 18:19:00,574 - utils.logger2025-12-18-18.18.13 - INFO - saving the model at the end of epoch 17, iters 476
2025-12-18 18:19:00,666 - utils.logger2025-12-18-18.18.13 - INFO - End of training epoch 17 / 40 	 Time Taken: 2 sec
2025-12-18 18:19:00,666 - utils.logger2025-12-18-18.18.13 - INFO - learning rate = 0.0002000
2025-12-18 18:19:01,169 - utils.logger2025-12-18-18.18.13 - INFO - Val result of epoch 17 / 40 acc 0.7812 MAE 0.6722 f1 0.7897
2025-12-18 18:19:01,493 - utils.logger2025-12-18-18.18.13 - INFO - Tst result of epoch 17 / 40 acc 0.7812 MAE 0.6722 f1 0.7897
2025-12-18 18:19:01,924 - utils.logger2025-12-18-18.18.13 - INFO - Cur epoch 18 loss TA:0.5798 TV:0.5793 VA:1.1769 CE:0.3254
2025-12-18 18:19:02,406 - utils.logger2025-12-18-18.18.13 - INFO - Cur epoch 18 loss TA:0.5912 TV:0.6091 VA:1.2376 CE:0.4251
2025-12-18 18:19:02,909 - utils.logger2025-12-18-18.18.13 - INFO - Cur epoch 18 loss TA:0.6022 TV:0.6080 VA:1.2325 CE:0.4238
2025-12-18 18:19:03,190 - utils.logger2025-12-18-18.18.13 - INFO - saving the model at the end of epoch 18, iters 504
2025-12-18 18:19:03,266 - utils.logger2025-12-18-18.18.13 - INFO - End of training epoch 18 / 40 	 Time Taken: 1 sec
2025-12-18 18:19:03,266 - utils.logger2025-12-18-18.18.13 - INFO - learning rate = 0.0002000
2025-12-18 18:19:03,557 - utils.logger2025-12-18-18.18.13 - INFO - Val result of epoch 18 / 40 acc 0.7902 MAE 0.6626 f1 0.8076
2025-12-18 18:19:03,884 - utils.logger2025-12-18-18.18.13 - INFO - Tst result of epoch 18 / 40 acc 0.7902 MAE 0.6626 f1 0.8076
2025-12-18 18:19:04,496 - utils.logger2025-12-18-18.18.13 - INFO - Cur epoch 19 loss TA:0.5553 TV:0.5722 VA:1.1800 CE:0.4044
2025-12-18 18:19:04,966 - utils.logger2025-12-18-18.18.13 - INFO - Cur epoch 19 loss TA:0.5757 TV:0.5863 VA:1.2175 CE:0.3628
2025-12-18 18:19:05,433 - utils.logger2025-12-18-18.18.13 - INFO - Cur epoch 19 loss TA:0.5931 TV:0.6132 VA:1.1948 CE:0.4260
2025-12-18 18:19:05,589 - utils.logger2025-12-18-18.18.13 - INFO - saving the model at the end of epoch 19, iters 532
2025-12-18 18:19:05,667 - utils.logger2025-12-18-18.18.13 - INFO - End of training epoch 19 / 40 	 Time Taken: 1 sec
2025-12-18 18:19:05,667 - utils.logger2025-12-18-18.18.13 - INFO - learning rate = 0.0002000
2025-12-18 18:19:06,141 - utils.logger2025-12-18-18.18.13 - INFO - Val result of epoch 19 / 40 acc 0.7634 MAE 0.6641 f1 0.7797
2025-12-18 18:19:06,621 - utils.logger2025-12-18-18.18.13 - INFO - Tst result of epoch 19 / 40 acc 0.7634 MAE 0.6641 f1 0.7797
2025-12-18 18:19:07,434 - utils.logger2025-12-18-18.18.13 - INFO - Cur epoch 20 loss TA:0.5884 TV:0.5856 VA:1.1647 CE:0.4209
2025-12-18 18:19:08,008 - utils.logger2025-12-18-18.18.13 - INFO - Cur epoch 20 loss TA:0.5732 TV:0.6026 VA:1.1443 CE:0.3363
2025-12-18 18:19:08,607 - utils.logger2025-12-18-18.18.13 - INFO - Cur epoch 20 loss TA:0.3201 TV:0.2913 VA:0.5412 CE:0.2649
2025-12-18 18:19:08,674 - utils.logger2025-12-18-18.18.13 - INFO - saving the model at the end of epoch 20, iters 560
2025-12-18 18:19:08,762 - utils.logger2025-12-18-18.18.13 - INFO - End of training epoch 20 / 40 	 Time Taken: 2 sec
2025-12-18 18:19:08,762 - utils.logger2025-12-18-18.18.13 - INFO - learning rate = 0.0002000
2025-12-18 18:19:09,107 - utils.logger2025-12-18-18.18.13 - INFO - Val result of epoch 20 / 40 acc 0.7812 MAE 0.6715 f1 0.7897
2025-12-18 18:19:09,568 - utils.logger2025-12-18-18.18.13 - INFO - Tst result of epoch 20 / 40 acc 0.7812 MAE 0.6715 f1 0.7897
2025-12-18 18:19:10,345 - utils.logger2025-12-18-18.18.13 - INFO - Cur epoch 21 loss TA:0.5504 TV:0.5536 VA:1.1098 CE:0.4120
2025-12-18 18:19:10,822 - utils.logger2025-12-18-18.18.13 - INFO - Cur epoch 21 loss TA:0.5577 TV:0.5782 VA:1.1523 CE:0.3607
2025-12-18 18:19:11,278 - utils.logger2025-12-18-18.18.13 - INFO - saving the model at the end of epoch 21, iters 588
2025-12-18 18:19:11,366 - utils.logger2025-12-18-18.18.13 - INFO - End of training epoch 21 / 40 	 Time Taken: 1 sec
2025-12-18 18:19:11,366 - utils.logger2025-12-18-18.18.13 - INFO - learning rate = 0.0002000
2025-12-18 18:19:11,677 - utils.logger2025-12-18-18.18.13 - INFO - Val result of epoch 21 / 40 acc 0.7679 MAE 0.6757 f1 0.7797
2025-12-18 18:19:11,981 - utils.logger2025-12-18-18.18.13 - INFO - Tst result of epoch 21 / 40 acc 0.7679 MAE 0.6757 f1 0.7797
2025-12-18 18:19:12,291 - utils.logger2025-12-18-18.18.13 - INFO - Cur epoch 22 loss TA:0.5643 TV:0.5678 VA:1.1386 CE:0.3617
2025-12-18 18:19:12,833 - utils.logger2025-12-18-18.18.13 - INFO - Cur epoch 22 loss TA:0.5404 TV:0.5483 VA:1.0774 CE:0.3424
2025-12-18 18:19:13,400 - utils.logger2025-12-18-18.18.13 - INFO - Cur epoch 22 loss TA:0.5363 TV:0.5461 VA:1.0830 CE:0.2509
2025-12-18 18:19:13,814 - utils.logger2025-12-18-18.18.13 - INFO - saving the model at the end of epoch 22, iters 616
2025-12-18 18:19:13,897 - utils.logger2025-12-18-18.18.13 - INFO - End of training epoch 22 / 40 	 Time Taken: 1 sec
2025-12-18 18:19:13,898 - utils.logger2025-12-18-18.18.13 - INFO - learning rate = 0.0002000
2025-12-18 18:19:14,496 - utils.logger2025-12-18-18.18.13 - INFO - Val result of epoch 22 / 40 acc 0.7679 MAE 0.6760 f1 0.7797
2025-12-18 18:19:14,808 - utils.logger2025-12-18-18.18.13 - INFO - Tst result of epoch 22 / 40 acc 0.7679 MAE 0.6760 f1 0.7797
2025-12-18 18:19:15,272 - utils.logger2025-12-18-18.18.13 - INFO - Cur epoch 23 loss TA:0.5757 TV:0.5923 VA:1.1432 CE:0.3677
2025-12-18 18:19:15,850 - utils.logger2025-12-18-18.18.13 - INFO - Cur epoch 23 loss TA:0.5482 TV:0.5609 VA:1.1468 CE:0.2737
2025-12-18 18:19:16,396 - utils.logger2025-12-18-18.18.13 - INFO - Cur epoch 23 loss TA:0.5338 TV:0.5521 VA:1.1341 CE:0.2831
2025-12-18 18:19:16,692 - utils.logger2025-12-18-18.18.13 - INFO - saving the model at the end of epoch 23, iters 644
2025-12-18 18:19:16,774 - utils.logger2025-12-18-18.18.13 - INFO - End of training epoch 23 / 40 	 Time Taken: 1 sec
2025-12-18 18:19:16,774 - utils.logger2025-12-18-18.18.13 - INFO - learning rate = 0.0002000
2025-12-18 18:19:17,228 - utils.logger2025-12-18-18.18.13 - INFO - Val result of epoch 23 / 40 acc 0.7589 MAE 0.6778 f1 0.7743
2025-12-18 18:19:17,609 - utils.logger2025-12-18-18.18.13 - INFO - Tst result of epoch 23 / 40 acc 0.7589 MAE 0.6778 f1 0.7743
2025-12-18 18:19:18,170 - utils.logger2025-12-18-18.18.13 - INFO - Cur epoch 24 loss TA:0.5286 TV:0.5462 VA:1.0849 CE:0.2859
2025-12-18 18:19:18,728 - utils.logger2025-12-18-18.18.13 - INFO - Cur epoch 24 loss TA:0.5623 TV:0.5822 VA:1.1082 CE:0.2580
2025-12-18 18:19:19,274 - utils.logger2025-12-18-18.18.13 - INFO - Cur epoch 24 loss TA:0.5479 TV:0.5591 VA:1.0966 CE:0.3758
2025-12-18 18:19:19,448 - utils.logger2025-12-18-18.18.13 - INFO - saving the model at the end of epoch 24, iters 672
2025-12-18 18:19:19,521 - utils.logger2025-12-18-18.18.13 - INFO - End of training epoch 24 / 40 	 Time Taken: 1 sec
2025-12-18 18:19:19,522 - utils.logger2025-12-18-18.18.13 - INFO - learning rate = 0.0002000
2025-12-18 18:19:20,046 - utils.logger2025-12-18-18.18.13 - INFO - Val result of epoch 24 / 40 acc 0.7589 MAE 0.6687 f1 0.7746
2025-12-18 18:19:20,594 - utils.logger2025-12-18-18.18.13 - INFO - Tst result of epoch 24 / 40 acc 0.7589 MAE 0.6687 f1 0.7746
2025-12-18 18:19:21,392 - utils.logger2025-12-18-18.18.13 - INFO - Cur epoch 25 loss TA:0.5380 TV:0.5513 VA:1.1036 CE:0.2165
2025-12-18 18:19:21,948 - utils.logger2025-12-18-18.18.13 - INFO - Cur epoch 25 loss TA:0.5358 TV:0.5398 VA:1.0714 CE:0.3787
2025-12-18 18:19:22,551 - utils.logger2025-12-18-18.18.13 - INFO - Cur epoch 25 loss TA:0.2626 TV:0.2979 VA:0.5506 CE:0.1871
2025-12-18 18:19:22,618 - utils.logger2025-12-18-18.18.13 - INFO - saving the model at the end of epoch 25, iters 700
2025-12-18 18:19:22,707 - utils.logger2025-12-18-18.18.13 - INFO - End of training epoch 25 / 40 	 Time Taken: 2 sec
2025-12-18 18:19:22,707 - utils.logger2025-12-18-18.18.13 - INFO - learning rate = 0.0002000
2025-12-18 18:19:23,015 - utils.logger2025-12-18-18.18.13 - INFO - Val result of epoch 25 / 40 acc 0.7634 MAE 0.6577 f1 0.7835
2025-12-18 18:19:23,309 - utils.logger2025-12-18-18.18.13 - INFO - Tst result of epoch 25 / 40 acc 0.7634 MAE 0.6577 f1 0.7835
2025-12-18 18:19:24,291 - utils.logger2025-12-18-18.18.13 - INFO - Cur epoch 26 loss TA:0.5304 TV:0.5370 VA:1.0738 CE:0.2945
2025-12-18 18:19:24,902 - utils.logger2025-12-18-18.18.13 - INFO - Cur epoch 26 loss TA:0.5032 TV:0.5309 VA:1.0592 CE:0.2660
2025-12-18 18:19:25,441 - utils.logger2025-12-18-18.18.13 - INFO - saving the model at the end of epoch 26, iters 728
2025-12-18 18:19:25,530 - utils.logger2025-12-18-18.18.13 - INFO - End of training epoch 26 / 40 	 Time Taken: 2 sec
2025-12-18 18:19:25,530 - utils.logger2025-12-18-18.18.13 - INFO - learning rate = 0.0002000
2025-12-18 18:19:26,027 - utils.logger2025-12-18-18.18.13 - INFO - Val result of epoch 26 / 40 acc 0.7634 MAE 0.6651 f1 0.7787
2025-12-18 18:19:26,492 - utils.logger2025-12-18-18.18.13 - INFO - Tst result of epoch 26 / 40 acc 0.7634 MAE 0.6651 f1 0.7787
2025-12-18 18:19:26,901 - utils.logger2025-12-18-18.18.13 - INFO - Cur epoch 27 loss TA:0.5210 TV:0.5265 VA:1.0839 CE:0.2470
2025-12-18 18:19:27,521 - utils.logger2025-12-18-18.18.13 - INFO - Cur epoch 27 loss TA:0.5440 TV:0.5477 VA:1.0754 CE:0.2145
2025-12-18 18:19:28,077 - utils.logger2025-12-18-18.18.13 - INFO - Cur epoch 27 loss TA:0.5281 TV:0.5353 VA:1.0942 CE:0.2279
2025-12-18 18:19:28,494 - utils.logger2025-12-18-18.18.13 - INFO - saving the model at the end of epoch 27, iters 756
2025-12-18 18:19:28,569 - utils.logger2025-12-18-18.18.13 - INFO - End of training epoch 27 / 40 	 Time Taken: 2 sec
2025-12-18 18:19:28,569 - utils.logger2025-12-18-18.18.13 - INFO - learning rate = 0.0002000
2025-12-18 18:19:28,891 - utils.logger2025-12-18-18.18.13 - INFO - Val result of epoch 27 / 40 acc 0.7768 MAE 0.6611 f1 0.7881
2025-12-18 18:19:29,201 - utils.logger2025-12-18-18.18.13 - INFO - Tst result of epoch 27 / 40 acc 0.7768 MAE 0.6611 f1 0.7881
2025-12-18 18:19:29,781 - utils.logger2025-12-18-18.18.13 - INFO - Cur epoch 28 loss TA:0.5236 TV:0.5308 VA:1.0615 CE:0.2842
2025-12-18 18:19:30,358 - utils.logger2025-12-18-18.18.13 - INFO - Cur epoch 28 loss TA:0.5042 TV:0.5145 VA:1.0316 CE:0.2742
2025-12-18 18:19:30,926 - utils.logger2025-12-18-18.18.13 - INFO - Cur epoch 28 loss TA:0.5014 TV:0.5134 VA:1.0336 CE:0.2005
2025-12-18 18:19:31,207 - utils.logger2025-12-18-18.18.13 - INFO - saving the model at the end of epoch 28, iters 784
2025-12-18 18:19:31,280 - utils.logger2025-12-18-18.18.13 - INFO - End of training epoch 28 / 40 	 Time Taken: 2 sec
2025-12-18 18:19:31,280 - utils.logger2025-12-18-18.18.13 - INFO - learning rate = 0.0002000
2025-12-18 18:19:31,799 - utils.logger2025-12-18-18.18.13 - INFO - Val result of epoch 28 / 40 acc 0.7768 MAE 0.6621 f1 0.7930
2025-12-18 18:19:32,193 - utils.logger2025-12-18-18.18.13 - INFO - Tst result of epoch 28 / 40 acc 0.7768 MAE 0.6621 f1 0.7930
2025-12-18 18:19:32,757 - utils.logger2025-12-18-18.18.13 - INFO - Cur epoch 29 loss TA:0.4983 TV:0.5142 VA:1.0135 CE:0.1858
2025-12-18 18:19:33,226 - utils.logger2025-12-18-18.18.13 - INFO - Cur epoch 29 loss TA:0.5053 TV:0.5049 VA:1.0089 CE:0.2506
2025-12-18 18:19:33,736 - utils.logger2025-12-18-18.18.13 - INFO - Cur epoch 29 loss TA:0.5112 TV:0.5126 VA:1.0115 CE:0.1633
2025-12-18 18:19:33,910 - utils.logger2025-12-18-18.18.13 - INFO - saving the model at the end of epoch 29, iters 812
2025-12-18 18:19:33,992 - utils.logger2025-12-18-18.18.13 - INFO - End of training epoch 29 / 40 	 Time Taken: 1 sec
2025-12-18 18:19:33,993 - utils.logger2025-12-18-18.18.13 - INFO - learning rate = 0.0002000
2025-12-18 18:19:34,508 - utils.logger2025-12-18-18.18.13 - INFO - Val result of epoch 29 / 40 acc 0.7679 MAE 0.6603 f1 0.7749
2025-12-18 18:19:34,973 - utils.logger2025-12-18-18.18.13 - INFO - Tst result of epoch 29 / 40 acc 0.7679 MAE 0.6603 f1 0.7749
2025-12-18 18:19:35,659 - utils.logger2025-12-18-18.18.13 - INFO - Cur epoch 30 loss TA:0.4837 TV:0.4863 VA:0.9786 CE:0.2573
2025-12-18 18:19:36,195 - utils.logger2025-12-18-18.18.13 - INFO - Cur epoch 30 loss TA:0.5015 TV:0.5128 VA:1.0290 CE:0.2187
2025-12-18 18:19:36,758 - utils.logger2025-12-18-18.18.13 - INFO - Cur epoch 30 loss TA:0.2477 TV:0.2646 VA:0.5548 CE:0.2973
2025-12-18 18:19:36,821 - utils.logger2025-12-18-18.18.13 - INFO - saving the model at the end of epoch 30, iters 840
2025-12-18 18:19:36,899 - utils.logger2025-12-18-18.18.13 - INFO - End of training epoch 30 / 40 	 Time Taken: 1 sec
2025-12-18 18:19:36,899 - utils.logger2025-12-18-18.18.13 - INFO - learning rate = 0.0001818
2025-12-18 18:19:37,421 - utils.logger2025-12-18-18.18.13 - INFO - Val result of epoch 30 / 40 acc 0.7500 MAE 0.6602 f1 0.7649
2025-12-18 18:19:37,886 - utils.logger2025-12-18-18.18.13 - INFO - Tst result of epoch 30 / 40 acc 0.7500 MAE 0.6602 f1 0.7649
2025-12-18 18:19:38,744 - utils.logger2025-12-18-18.18.13 - INFO - Cur epoch 31 loss TA:0.5056 TV:0.5052 VA:1.0356 CE:0.2616
2025-12-18 18:19:39,371 - utils.logger2025-12-18-18.18.13 - INFO - Cur epoch 31 loss TA:0.5145 TV:0.5229 VA:1.0405 CE:0.1853
2025-12-18 18:19:39,925 - utils.logger2025-12-18-18.18.13 - INFO - saving the model at the end of epoch 31, iters 868
2025-12-18 18:19:40,011 - utils.logger2025-12-18-18.18.13 - INFO - End of training epoch 31 / 40 	 Time Taken: 2 sec
2025-12-18 18:19:40,011 - utils.logger2025-12-18-18.18.13 - INFO - learning rate = 0.0001636
2025-12-18 18:19:40,547 - utils.logger2025-12-18-18.18.13 - INFO - Val result of epoch 31 / 40 acc 0.7679 MAE 0.6610 f1 0.7838
2025-12-18 18:19:41,030 - utils.logger2025-12-18-18.18.13 - INFO - Tst result of epoch 31 / 40 acc 0.7679 MAE 0.6610 f1 0.7838
2025-12-18 18:19:41,590 - utils.logger2025-12-18-18.18.13 - INFO - Cur epoch 32 loss TA:0.5177 TV:0.5188 VA:1.0284 CE:0.2319
2025-12-18 18:19:42,154 - utils.logger2025-12-18-18.18.13 - INFO - Cur epoch 32 loss TA:0.4994 TV:0.5094 VA:1.0199 CE:0.3610
2025-12-18 18:19:42,660 - utils.logger2025-12-18-18.18.13 - INFO - Cur epoch 32 loss TA:0.4853 TV:0.4859 VA:0.9735 CE:0.2486
2025-12-18 18:19:43,056 - utils.logger2025-12-18-18.18.13 - INFO - saving the model at the end of epoch 32, iters 896
2025-12-18 18:19:43,129 - utils.logger2025-12-18-18.18.13 - INFO - End of training epoch 32 / 40 	 Time Taken: 2 sec
2025-12-18 18:19:43,129 - utils.logger2025-12-18-18.18.13 - INFO - learning rate = 0.0001455
2025-12-18 18:19:43,590 - utils.logger2025-12-18-18.18.13 - INFO - Val result of epoch 32 / 40 acc 0.7768 MAE 0.6741 f1 0.7939
2025-12-18 18:19:43,872 - utils.logger2025-12-18-18.18.13 - INFO - Tst result of epoch 32 / 40 acc 0.7768 MAE 0.6741 f1 0.7939
2025-12-18 18:19:44,339 - utils.logger2025-12-18-18.18.13 - INFO - Cur epoch 33 loss TA:0.4872 TV:0.4958 VA:0.9869 CE:0.2191
2025-12-18 18:19:44,966 - utils.logger2025-12-18-18.18.13 - INFO - Cur epoch 33 loss TA:0.4945 TV:0.4923 VA:0.9884 CE:0.1761
2025-12-18 18:19:45,555 - utils.logger2025-12-18-18.18.13 - INFO - Cur epoch 33 loss TA:0.5052 TV:0.5203 VA:1.0312 CE:0.3057
2025-12-18 18:19:45,862 - utils.logger2025-12-18-18.18.13 - INFO - saving the model at the end of epoch 33, iters 924
2025-12-18 18:19:45,951 - utils.logger2025-12-18-18.18.13 - INFO - End of training epoch 33 / 40 	 Time Taken: 2 sec
2025-12-18 18:19:45,951 - utils.logger2025-12-18-18.18.13 - INFO - learning rate = 0.0001273
2025-12-18 18:19:46,355 - utils.logger2025-12-18-18.18.13 - INFO - Val result of epoch 33 / 40 acc 0.7545 MAE 0.6733 f1 0.7744
2025-12-18 18:19:46,635 - utils.logger2025-12-18-18.18.13 - INFO - Tst result of epoch 33 / 40 acc 0.7545 MAE 0.6733 f1 0.7744
2025-12-18 18:19:47,436 - utils.logger2025-12-18-18.18.13 - INFO - Cur epoch 34 loss TA:0.5144 TV:0.5069 VA:0.9973 CE:0.2214
2025-12-18 18:19:48,037 - utils.logger2025-12-18-18.18.13 - INFO - Cur epoch 34 loss TA:0.5176 TV:0.5221 VA:1.0130 CE:0.2272
2025-12-18 18:19:48,592 - utils.logger2025-12-18-18.18.13 - INFO - Cur epoch 34 loss TA:0.5024 TV:0.5017 VA:1.0072 CE:0.2308
2025-12-18 18:19:48,752 - utils.logger2025-12-18-18.18.13 - INFO - saving the model at the end of epoch 34, iters 952
2025-12-18 18:19:48,845 - utils.logger2025-12-18-18.18.13 - INFO - End of training epoch 34 / 40 	 Time Taken: 2 sec
2025-12-18 18:19:48,845 - utils.logger2025-12-18-18.18.13 - INFO - learning rate = 0.0001091
2025-12-18 18:19:49,367 - utils.logger2025-12-18-18.18.13 - INFO - Val result of epoch 34 / 40 acc 0.7589 MAE 0.6741 f1 0.7744
2025-12-18 18:19:49,808 - utils.logger2025-12-18-18.18.13 - INFO - Tst result of epoch 34 / 40 acc 0.7589 MAE 0.6741 f1 0.7744
2025-12-18 18:19:50,550 - utils.logger2025-12-18-18.18.13 - INFO - Cur epoch 35 loss TA:0.4939 TV:0.5114 VA:0.9918 CE:0.1821
2025-12-18 18:19:51,096 - utils.logger2025-12-18-18.18.13 - INFO - Cur epoch 35 loss TA:0.4890 TV:0.4936 VA:0.9878 CE:0.1905
2025-12-18 18:19:51,706 - utils.logger2025-12-18-18.18.13 - INFO - Cur epoch 35 loss TA:0.2570 TV:0.2953 VA:0.5594 CE:0.1855
2025-12-18 18:19:51,770 - utils.logger2025-12-18-18.18.13 - INFO - saving the model at the end of epoch 35, iters 980
2025-12-18 18:19:51,861 - utils.logger2025-12-18-18.18.13 - INFO - End of training epoch 35 / 40 	 Time Taken: 2 sec
2025-12-18 18:19:51,861 - utils.logger2025-12-18-18.18.13 - INFO - learning rate = 0.0000909
2025-12-18 18:19:52,263 - utils.logger2025-12-18-18.18.13 - INFO - Val result of epoch 35 / 40 acc 0.7589 MAE 0.6746 f1 0.7752
2025-12-18 18:19:52,537 - utils.logger2025-12-18-18.18.13 - INFO - Tst result of epoch 35 / 40 acc 0.7589 MAE 0.6746 f1 0.7752
2025-12-18 18:19:53,294 - utils.logger2025-12-18-18.18.13 - INFO - Cur epoch 36 loss TA:0.5080 TV:0.5064 VA:1.0057 CE:0.1297
2025-12-18 18:19:53,840 - utils.logger2025-12-18-18.18.13 - INFO - Cur epoch 36 loss TA:0.4851 TV:0.4898 VA:0.9935 CE:0.2300
2025-12-18 18:19:54,374 - utils.logger2025-12-18-18.18.13 - INFO - saving the model at the end of epoch 36, iters 1008
2025-12-18 18:19:54,462 - utils.logger2025-12-18-18.18.13 - INFO - End of training epoch 36 / 40 	 Time Taken: 1 sec
2025-12-18 18:19:54,463 - utils.logger2025-12-18-18.18.13 - INFO - learning rate = 0.0000727
2025-12-18 18:19:54,970 - utils.logger2025-12-18-18.18.13 - INFO - Val result of epoch 36 / 40 acc 0.7723 MAE 0.6805 f1 0.7843
2025-12-18 18:19:55,377 - utils.logger2025-12-18-18.18.13 - INFO - Tst result of epoch 36 / 40 acc 0.7723 MAE 0.6805 f1 0.7843
2025-12-18 18:19:55,779 - utils.logger2025-12-18-18.18.13 - INFO - Cur epoch 37 loss TA:0.4918 TV:0.4907 VA:1.0075 CE:0.1250
2025-12-18 18:19:56,331 - utils.logger2025-12-18-18.18.13 - INFO - Cur epoch 37 loss TA:0.4637 TV:0.4658 VA:0.9531 CE:0.2089
2025-12-18 18:19:56,872 - utils.logger2025-12-18-18.18.13 - INFO - Cur epoch 37 loss TA:0.4997 TV:0.4967 VA:1.0108 CE:0.2054
2025-12-18 18:19:57,261 - utils.logger2025-12-18-18.18.13 - INFO - saving the model at the end of epoch 37, iters 1036
2025-12-18 18:19:57,343 - utils.logger2025-12-18-18.18.13 - INFO - End of training epoch 37 / 40 	 Time Taken: 1 sec
2025-12-18 18:19:57,343 - utils.logger2025-12-18-18.18.13 - INFO - learning rate = 0.0000545
2025-12-18 18:19:57,782 - utils.logger2025-12-18-18.18.13 - INFO - Val result of epoch 37 / 40 acc 0.7500 MAE 0.6809 f1 0.7653
2025-12-18 18:19:58,078 - utils.logger2025-12-18-18.18.13 - INFO - Tst result of epoch 37 / 40 acc 0.7500 MAE 0.6809 f1 0.7653
2025-12-18 18:19:58,670 - utils.logger2025-12-18-18.18.13 - INFO - Cur epoch 38 loss TA:0.4845 TV:0.4893 VA:0.9796 CE:0.1757
2025-12-18 18:19:59,210 - utils.logger2025-12-18-18.18.13 - INFO - Cur epoch 38 loss TA:0.4855 TV:0.4883 VA:0.9759 CE:0.1408
2025-12-18 18:19:59,713 - utils.logger2025-12-18-18.18.13 - INFO - Cur epoch 38 loss TA:0.4706 TV:0.4749 VA:0.9565 CE:0.1403
2025-12-18 18:19:59,970 - utils.logger2025-12-18-18.18.13 - INFO - saving the model at the end of epoch 38, iters 1064
2025-12-18 18:20:00,045 - utils.logger2025-12-18-18.18.13 - INFO - End of training epoch 38 / 40 	 Time Taken: 1 sec
2025-12-18 18:20:00,045 - utils.logger2025-12-18-18.18.13 - INFO - learning rate = 0.0000364
2025-12-18 18:20:00,478 - utils.logger2025-12-18-18.18.13 - INFO - Val result of epoch 38 / 40 acc 0.7679 MAE 0.6794 f1 0.7846
2025-12-18 18:20:00,788 - utils.logger2025-12-18-18.18.13 - INFO - Tst result of epoch 38 / 40 acc 0.7679 MAE 0.6794 f1 0.7846
2025-12-18 18:20:01,330 - utils.logger2025-12-18-18.18.13 - INFO - Cur epoch 39 loss TA:0.4832 TV:0.4819 VA:0.9604 CE:0.2300
2025-12-18 18:20:01,872 - utils.logger2025-12-18-18.18.13 - INFO - Cur epoch 39 loss TA:0.4706 TV:0.4763 VA:0.9444 CE:0.1906
2025-12-18 18:20:02,452 - utils.logger2025-12-18-18.18.13 - INFO - Cur epoch 39 loss TA:0.4629 TV:0.4749 VA:0.9465 CE:0.1791
2025-12-18 18:20:02,606 - utils.logger2025-12-18-18.18.13 - INFO - saving the model at the end of epoch 39, iters 1092
2025-12-18 18:20:02,691 - utils.logger2025-12-18-18.18.13 - INFO - End of training epoch 39 / 40 	 Time Taken: 1 sec
2025-12-18 18:20:02,692 - utils.logger2025-12-18-18.18.13 - INFO - learning rate = 0.0000182
2025-12-18 18:20:03,131 - utils.logger2025-12-18-18.18.13 - INFO - Val result of epoch 39 / 40 acc 0.7768 MAE 0.6790 f1 0.7932
2025-12-18 18:20:03,479 - utils.logger2025-12-18-18.18.13 - INFO - Tst result of epoch 39 / 40 acc 0.7768 MAE 0.6790 f1 0.7932
2025-12-18 18:20:04,176 - utils.logger2025-12-18-18.18.13 - INFO - Cur epoch 40 loss TA:0.4879 TV:0.4929 VA:1.0082 CE:0.1494
2025-12-18 18:20:04,707 - utils.logger2025-12-18-18.18.13 - INFO - Cur epoch 40 loss TA:0.4780 TV:0.4762 VA:0.9641 CE:0.1828
2025-12-18 18:20:05,197 - utils.logger2025-12-18-18.18.13 - INFO - Cur epoch 40 loss TA:0.1573 TV:0.1775 VA:0.3391 CE:0.1611
2025-12-18 18:20:05,259 - utils.logger2025-12-18-18.18.13 - INFO - saving the model at the end of epoch 40, iters 1120
2025-12-18 18:20:05,348 - utils.logger2025-12-18-18.18.13 - INFO - End of training epoch 40 / 40 	 Time Taken: 1 sec
2025-12-18 18:20:05,348 - utils.logger2025-12-18-18.18.13 - INFO - learning rate = 0.0000000
2025-12-18 18:20:05,740 - utils.logger2025-12-18-18.18.13 - INFO - Val result of epoch 40 / 40 acc 0.7589 MAE 0.6778 f1 0.7749
2025-12-18 18:20:06,312 - utils.logger2025-12-18-18.18.13 - INFO - Tst result of epoch 40 / 40 acc 0.7589 MAE 0.6778 f1 0.7749
2025-12-18 18:20:06,312 - utils.logger2025-12-18-18.18.13 - INFO - Best eval epoch 5 found with f1 0.812661
