2025-12-23 10:16:56,648 - utils.logger2025-12-23-10.16.56 - INFO - The number of training samples = 3393
2025-12-23 10:16:58,187 - utils.logger2025-12-23-10.16.56 - INFO - Cur epoch 1 loss TA:1.0188 TV:1.0161 VA:1.9879 CE:1.4035
2025-12-23 10:16:58,583 - utils.logger2025-12-23-10.16.56 - INFO - Cur epoch 1 loss TA:0.9899 TV:0.9915 VA:1.8435 CE:1.4150
2025-12-23 10:16:59,059 - utils.logger2025-12-23-10.16.56 - INFO - Cur epoch 1 loss TA:0.9761 TV:0.9686 VA:1.7843 CE:1.4765
2025-12-23 10:16:59,461 - utils.logger2025-12-23-10.16.56 - INFO - Cur epoch 1 loss TA:0.9552 TV:0.9613 VA:1.7264 CE:1.1827
2025-12-23 10:16:59,897 - utils.logger2025-12-23-10.16.56 - INFO - Cur epoch 1 loss TA:0.9230 TV:0.9281 VA:1.6858 CE:1.2830
2025-12-23 10:17:00,143 - utils.logger2025-12-23-10.16.56 - INFO - saving the model at the end of epoch 1, iters 54
2025-12-23 10:17:00,254 - utils.logger2025-12-23-10.16.56 - INFO - End of training epoch 1 / 40 	 Time Taken: 3 sec
2025-12-23 10:17:00,254 - utils.logger2025-12-23-10.16.56 - INFO - learning rate = 0.0005000
2025-12-23 10:17:00,755 - utils.logger2025-12-23-10.16.56 - INFO - Val result of epoch 1 / 40 acc 0.6114 uar 0.3426 f1 0.2973
2025-12-23 10:17:00,755 - utils.logger2025-12-23-10.16.56 - INFO - 
[[  0   4  22   0]
 [  0  13  15   0]
 [  0  12 116   0]
 [  0   3  26   0]]
2025-12-23 10:17:01,100 - utils.logger2025-12-23-10.16.56 - INFO - Tst result of epoch 1 / 40 acc 0.5581 uar 0.4324 f1 0.3460
2025-12-23 10:17:01,100 - utils.logger2025-12-23-10.16.56 - INFO - 
[[ 0  4 24  0]
 [ 0 61  3  0]
 [ 0 17 59  0]
 [ 0  6 41  0]]
2025-12-23 10:17:01,581 - utils.logger2025-12-23-10.16.56 - INFO - Cur epoch 2 loss TA:0.8934 TV:0.8927 VA:1.5930 CE:1.1297
2025-12-23 10:17:02,026 - utils.logger2025-12-23-10.16.56 - INFO - Cur epoch 2 loss TA:0.9022 TV:0.9034 VA:1.5928 CE:1.0253
2025-12-23 10:17:02,424 - utils.logger2025-12-23-10.16.56 - INFO - Cur epoch 2 loss TA:0.9181 TV:0.9161 VA:1.6531 CE:1.1118
2025-12-23 10:17:02,856 - utils.logger2025-12-23-10.16.56 - INFO - Cur epoch 2 loss TA:0.9042 TV:0.9071 VA:1.4989 CE:0.9814
2025-12-23 10:17:03,327 - utils.logger2025-12-23-10.16.56 - INFO - Cur epoch 2 loss TA:0.8814 TV:0.8816 VA:1.4362 CE:1.1135
2025-12-23 10:17:03,737 - utils.logger2025-12-23-10.16.56 - INFO - saving the model at the end of epoch 2, iters 108
2025-12-23 10:17:03,844 - utils.logger2025-12-23-10.16.56 - INFO - End of training epoch 2 / 40 	 Time Taken: 2 sec
2025-12-23 10:17:03,845 - utils.logger2025-12-23-10.16.56 - INFO - learning rate = 0.0005000
2025-12-23 10:17:04,182 - utils.logger2025-12-23-10.16.56 - INFO - Val result of epoch 2 / 40 acc 0.6588 uar 0.3952 f1 0.4042
2025-12-23 10:17:04,182 - utils.logger2025-12-23-10.16.56 - INFO - 
[[  0   1  24   1]
 [  0  12  16   0]
 [  0   4 121   3]
 [  0   0  23   6]]
2025-12-23 10:17:04,480 - utils.logger2025-12-23-10.16.56 - INFO - Tst result of epoch 2 / 40 acc 0.6279 uar 0.4919 f1 0.4336
2025-12-23 10:17:04,480 - utils.logger2025-12-23-10.16.56 - INFO - 
[[ 0  1 27  0]
 [ 0 61  3  0]
 [ 0  7 69  0]
 [ 0  3 39  5]]
2025-12-23 10:17:04,829 - utils.logger2025-12-23-10.16.56 - INFO - Cur epoch 3 loss TA:0.8720 TV:0.8738 VA:1.4745 CE:0.9157
2025-12-23 10:17:05,281 - utils.logger2025-12-23-10.16.56 - INFO - Cur epoch 3 loss TA:0.8640 TV:0.8792 VA:1.4245 CE:0.9953
2025-12-23 10:17:05,736 - utils.logger2025-12-23-10.16.56 - INFO - Cur epoch 3 loss TA:0.8646 TV:0.8584 VA:1.3976 CE:0.7985
2025-12-23 10:17:06,231 - utils.logger2025-12-23-10.16.56 - INFO - Cur epoch 3 loss TA:0.8389 TV:0.8477 VA:1.3992 CE:0.9947
2025-12-23 10:17:06,730 - utils.logger2025-12-23-10.16.56 - INFO - Cur epoch 3 loss TA:0.8543 TV:0.8622 VA:1.4244 CE:0.9035
2025-12-23 10:17:07,249 - utils.logger2025-12-23-10.16.56 - INFO - Cur epoch 3 loss TA:0.8402 TV:0.8220 VA:1.4637 CE:0.9473
2025-12-23 10:17:07,387 - utils.logger2025-12-23-10.16.56 - INFO - saving the model at the end of epoch 3, iters 162
2025-12-23 10:17:07,487 - utils.logger2025-12-23-10.16.56 - INFO - End of training epoch 3 / 40 	 Time Taken: 3 sec
2025-12-23 10:17:07,487 - utils.logger2025-12-23-10.16.56 - INFO - learning rate = 0.0005000
2025-12-23 10:17:07,924 - utils.logger2025-12-23-10.16.56 - INFO - Val result of epoch 3 / 40 acc 0.6730 uar 0.4472 f1 0.4514
2025-12-23 10:17:07,925 - utils.logger2025-12-23-10.16.56 - INFO - 
[[  1   0  20   5]
 [  0   7  21   0]
 [  0   1 117  10]
 [  0   0  12  17]]
2025-12-23 10:17:08,235 - utils.logger2025-12-23-10.16.56 - INFO - Tst result of epoch 3 / 40 acc 0.6419 uar 0.5565 f1 0.5706
2025-12-23 10:17:08,236 - utils.logger2025-12-23-10.16.56 - INFO - 
[[ 9  0 18  1]
 [ 1 51 12  0]
 [ 0  3 68  5]
 [ 2  0 35 10]]
2025-12-23 10:17:08,846 - utils.logger2025-12-23-10.16.56 - INFO - Cur epoch 4 loss TA:0.8018 TV:0.8137 VA:1.4240 CE:0.9629
2025-12-23 10:17:09,296 - utils.logger2025-12-23-10.16.56 - INFO - Cur epoch 4 loss TA:0.8076 TV:0.8093 VA:1.3812 CE:0.7845
2025-12-23 10:17:09,755 - utils.logger2025-12-23-10.16.56 - INFO - Cur epoch 4 loss TA:0.8614 TV:0.8540 VA:1.4347 CE:0.9660
2025-12-23 10:17:10,215 - utils.logger2025-12-23-10.16.56 - INFO - Cur epoch 4 loss TA:0.8231 TV:0.8469 VA:1.3819 CE:0.8582
2025-12-23 10:17:10,727 - utils.logger2025-12-23-10.16.56 - INFO - Cur epoch 4 loss TA:0.8565 TV:0.8519 VA:1.3686 CE:0.7690
2025-12-23 10:17:11,070 - utils.logger2025-12-23-10.16.56 - INFO - saving the model at the end of epoch 4, iters 216
2025-12-23 10:17:11,174 - utils.logger2025-12-23-10.16.56 - INFO - End of training epoch 4 / 40 	 Time Taken: 2 sec
2025-12-23 10:17:11,174 - utils.logger2025-12-23-10.16.56 - INFO - learning rate = 0.0005000
2025-12-23 10:17:11,627 - utils.logger2025-12-23-10.16.56 - INFO - Val result of epoch 4 / 40 acc 0.6967 uar 0.5558 f1 0.5685
2025-12-23 10:17:11,628 - utils.logger2025-12-23-10.16.56 - INFO - 
[[  5   0  16   5]
 [  0  12  16   0]
 [  0   2 108  18]
 [  0   0   7  22]]
2025-12-23 10:17:11,927 - utils.logger2025-12-23-10.16.56 - INFO - Tst result of epoch 4 / 40 acc 0.7535 uar 0.6976 f1 0.7104
2025-12-23 10:17:11,927 - utils.logger2025-12-23-10.16.56 - INFO - 
[[14  0 14  0]
 [ 0 60  4  0]
 [ 1  4 64  7]
 [ 8  0 15 24]]
2025-12-23 10:17:12,336 - utils.logger2025-12-23-10.16.56 - INFO - Cur epoch 5 loss TA:0.7647 TV:0.7834 VA:1.2800 CE:0.7047
2025-12-23 10:17:12,731 - utils.logger2025-12-23-10.16.56 - INFO - Cur epoch 5 loss TA:0.7962 TV:0.8030 VA:1.3816 CE:0.7108
2025-12-23 10:17:13,167 - utils.logger2025-12-23-10.16.56 - INFO - Cur epoch 5 loss TA:0.8127 TV:0.8386 VA:1.3402 CE:0.8192
2025-12-23 10:17:13,669 - utils.logger2025-12-23-10.16.56 - INFO - Cur epoch 5 loss TA:0.7665 TV:0.8068 VA:1.3638 CE:0.8063
2025-12-23 10:17:14,104 - utils.logger2025-12-23-10.16.56 - INFO - Cur epoch 5 loss TA:0.7703 TV:0.7637 VA:1.3663 CE:0.7515
2025-12-23 10:17:14,530 - utils.logger2025-12-23-10.16.56 - INFO - Cur epoch 5 loss TA:-6.3700 TV:-6.4058 VA:-12.8387 CE:0.0036
2025-12-23 10:17:14,580 - utils.logger2025-12-23-10.16.56 - INFO - saving the model at the end of epoch 5, iters 270
2025-12-23 10:17:14,676 - utils.logger2025-12-23-10.16.56 - INFO - End of training epoch 5 / 40 	 Time Taken: 2 sec
2025-12-23 10:17:14,677 - utils.logger2025-12-23-10.16.56 - INFO - learning rate = 0.0005000
2025-12-23 10:17:15,221 - utils.logger2025-12-23-10.16.56 - INFO - Val result of epoch 5 / 40 acc 0.6493 uar 0.6051 f1 0.5710
2025-12-23 10:17:15,222 - utils.logger2025-12-23-10.16.56 - INFO - 
[[ 5  1 13  7]
 [ 0 19  9  0]
 [ 3  4 88 33]
 [ 0  0  4 25]]
2025-12-23 10:17:15,526 - utils.logger2025-12-23-10.16.56 - INFO - Tst result of epoch 5 / 40 acc 0.7535 uar 0.7373 f1 0.7289
2025-12-23 10:17:15,526 - utils.logger2025-12-23-10.16.56 - INFO - 
[[16  1  7  4]
 [ 1 60  2  1]
 [ 3  8 48 17]
 [ 5  1  3 38]]
2025-12-23 10:17:16,287 - utils.logger2025-12-23-10.16.56 - INFO - Cur epoch 6 loss TA:0.7567 TV:0.7769 VA:1.2867 CE:0.5617
2025-12-23 10:17:16,743 - utils.logger2025-12-23-10.16.56 - INFO - Cur epoch 6 loss TA:0.7669 TV:0.7828 VA:1.3103 CE:0.5395
2025-12-23 10:17:17,213 - utils.logger2025-12-23-10.16.56 - INFO - Cur epoch 6 loss TA:0.7805 TV:0.7638 VA:1.3014 CE:0.8699
2025-12-23 10:17:17,660 - utils.logger2025-12-23-10.16.56 - INFO - Cur epoch 6 loss TA:0.7679 TV:0.7814 VA:1.2633 CE:0.5425
2025-12-23 10:17:18,114 - utils.logger2025-12-23-10.16.56 - INFO - Cur epoch 6 loss TA:0.7786 TV:0.7851 VA:1.3009 CE:0.9141
2025-12-23 10:17:18,351 - utils.logger2025-12-23-10.16.56 - INFO - saving the model at the end of epoch 6, iters 324
2025-12-23 10:17:18,449 - utils.logger2025-12-23-10.16.56 - INFO - End of training epoch 6 / 40 	 Time Taken: 2 sec
2025-12-23 10:17:18,449 - utils.logger2025-12-23-10.16.56 - INFO - learning rate = 0.0005000
2025-12-23 10:17:19,172 - utils.logger2025-12-23-10.16.56 - INFO - Val result of epoch 6 / 40 acc 0.7346 uar 0.6935 f1 0.6733
2025-12-23 10:17:19,172 - utils.logger2025-12-23-10.16.56 - INFO - 
[[11  2 11  2]
 [ 1 21  6  0]
 [ 4 10 99 15]
 [ 0  0  5 24]]
2025-12-23 10:17:19,496 - utils.logger2025-12-23-10.16.56 - INFO - Tst result of epoch 6 / 40 acc 0.7535 uar 0.7338 f1 0.7319
2025-12-23 10:17:19,496 - utils.logger2025-12-23-10.16.56 - INFO - 
[[16  2  9  1]
 [ 1 61  1  1]
 [ 4 18 49  5]
 [ 5  2  4 36]]
2025-12-23 10:17:20,043 - utils.logger2025-12-23-10.16.56 - INFO - Cur epoch 7 loss TA:0.6987 TV:0.6932 VA:1.2561 CE:0.5589
2025-12-23 10:17:20,442 - utils.logger2025-12-23-10.16.56 - INFO - Cur epoch 7 loss TA:0.7487 TV:0.7561 VA:1.3028 CE:0.5889
2025-12-23 10:17:20,812 - utils.logger2025-12-23-10.16.56 - INFO - Cur epoch 7 loss TA:0.7244 TV:0.7333 VA:1.2567 CE:0.6179
2025-12-23 10:17:21,181 - utils.logger2025-12-23-10.16.56 - INFO - Cur epoch 7 loss TA:0.7586 TV:0.7475 VA:1.2566 CE:0.4013
2025-12-23 10:17:21,543 - utils.logger2025-12-23-10.16.56 - INFO - Cur epoch 7 loss TA:0.7413 TV:0.7391 VA:1.2702 CE:0.4452
2025-12-23 10:17:21,872 - utils.logger2025-12-23-10.16.56 - INFO - saving the model at the end of epoch 7, iters 378
2025-12-23 10:17:21,971 - utils.logger2025-12-23-10.16.56 - INFO - End of training epoch 7 / 40 	 Time Taken: 2 sec
2025-12-23 10:17:21,972 - utils.logger2025-12-23-10.16.56 - INFO - learning rate = 0.0005000
2025-12-23 10:17:22,742 - utils.logger2025-12-23-10.16.56 - INFO - Val result of epoch 7 / 40 acc 0.7488 uar 0.6418 f1 0.6734
2025-12-23 10:17:22,743 - utils.logger2025-12-23-10.16.56 - INFO - 
[[ 15   1  10   0]
 [  1  16  11   0]
 [  9   6 111   2]
 [  2   0  11  16]]
2025-12-23 10:17:23,128 - utils.logger2025-12-23-10.16.56 - INFO - Tst result of epoch 7 / 40 acc 0.6744 uar 0.6535 f1 0.6166
2025-12-23 10:17:23,129 - utils.logger2025-12-23-10.16.56 - INFO - 
[[21  1  6  0]
 [ 2 58  4  0]
 [14  7 55  0]
 [20  0 16 11]]
2025-12-23 10:17:23,480 - utils.logger2025-12-23-10.16.56 - INFO - Cur epoch 8 loss TA:0.7093 TV:0.7362 VA:1.2872 CE:0.6139
2025-12-23 10:17:23,953 - utils.logger2025-12-23-10.16.56 - INFO - Cur epoch 8 loss TA:0.7179 TV:0.7200 VA:1.2260 CE:0.5180
2025-12-23 10:17:24,319 - utils.logger2025-12-23-10.16.56 - INFO - Cur epoch 8 loss TA:0.7025 TV:0.7172 VA:1.2053 CE:0.4420
2025-12-23 10:17:24,695 - utils.logger2025-12-23-10.16.56 - INFO - Cur epoch 8 loss TA:0.7292 TV:0.7365 VA:1.2367 CE:0.6437
2025-12-23 10:17:25,044 - utils.logger2025-12-23-10.16.56 - INFO - Cur epoch 8 loss TA:0.6725 TV:0.6971 VA:1.1803 CE:0.4638
2025-12-23 10:17:25,470 - utils.logger2025-12-23-10.16.56 - INFO - Cur epoch 8 loss TA:0.7447 TV:0.7407 VA:1.2301 CE:0.4568
2025-12-23 10:17:25,605 - utils.logger2025-12-23-10.16.56 - INFO - saving the model at the end of epoch 8, iters 432
2025-12-23 10:17:25,694 - utils.logger2025-12-23-10.16.56 - INFO - End of training epoch 8 / 40 	 Time Taken: 2 sec
2025-12-23 10:17:25,694 - utils.logger2025-12-23-10.16.56 - INFO - learning rate = 0.0005000
2025-12-23 10:17:26,043 - utils.logger2025-12-23-10.16.56 - INFO - Val result of epoch 8 / 40 acc 0.7867 uar 0.6837 f1 0.7195
2025-12-23 10:17:26,044 - utils.logger2025-12-23-10.16.56 - INFO - 
[[ 14   1  11   0]
 [  1  18   9   0]
 [  5   4 115   4]
 [  1   0   9  19]]
2025-12-23 10:17:26,357 - utils.logger2025-12-23-10.16.56 - INFO - Tst result of epoch 8 / 40 acc 0.7023 uar 0.6625 f1 0.6563
2025-12-23 10:17:26,358 - utils.logger2025-12-23-10.16.56 - INFO - 
[[16  3  9  0]
 [ 2 60  1  1]
 [ 3 15 56  2]
 [13  0 15 19]]
2025-12-23 10:17:27,254 - utils.logger2025-12-23-10.16.56 - INFO - Cur epoch 9 loss TA:0.7040 TV:0.7199 VA:1.2172 CE:0.3269
2025-12-23 10:17:27,771 - utils.logger2025-12-23-10.16.56 - INFO - Cur epoch 9 loss TA:0.6975 TV:0.7257 VA:1.2910 CE:0.4807
2025-12-23 10:17:28,206 - utils.logger2025-12-23-10.16.56 - INFO - Cur epoch 9 loss TA:0.7259 TV:0.7401 VA:1.2109 CE:0.5270
2025-12-23 10:17:28,677 - utils.logger2025-12-23-10.16.56 - INFO - Cur epoch 9 loss TA:0.7485 TV:0.7444 VA:1.2257 CE:0.5242
2025-12-23 10:17:29,198 - utils.logger2025-12-23-10.16.56 - INFO - Cur epoch 9 loss TA:0.7098 TV:0.7263 VA:1.2154 CE:0.3384
2025-12-23 10:17:29,557 - utils.logger2025-12-23-10.16.56 - INFO - saving the model at the end of epoch 9, iters 486
2025-12-23 10:17:29,675 - utils.logger2025-12-23-10.16.56 - INFO - End of training epoch 9 / 40 	 Time Taken: 3 sec
2025-12-23 10:17:29,675 - utils.logger2025-12-23-10.16.56 - INFO - learning rate = 0.0005000
2025-12-23 10:17:30,103 - utils.logger2025-12-23-10.16.56 - INFO - Val result of epoch 9 / 40 acc 0.7820 uar 0.6754 f1 0.7101
2025-12-23 10:17:30,104 - utils.logger2025-12-23-10.16.56 - INFO - 
[[ 14   1  11   0]
 [  1  19   8   0]
 [  4   7 115   2]
 [  2   0  10  17]]
2025-12-23 10:17:30,442 - utils.logger2025-12-23-10.16.56 - INFO - Tst result of epoch 9 / 40 acc 0.6884 uar 0.6502 f1 0.6345
2025-12-23 10:17:30,442 - utils.logger2025-12-23-10.16.56 - INFO - 
[[17  3  8  0]
 [ 2 60  2  0]
 [ 5 15 56  0]
 [15  2 15 15]]
2025-12-23 10:17:30,867 - utils.logger2025-12-23-10.16.56 - INFO - Cur epoch 10 loss TA:0.6711 TV:0.6868 VA:1.1890 CE:0.2795
2025-12-23 10:17:31,295 - utils.logger2025-12-23-10.16.56 - INFO - Cur epoch 10 loss TA:0.6960 TV:0.7181 VA:1.2019 CE:0.3072
2025-12-23 10:17:31,783 - utils.logger2025-12-23-10.16.56 - INFO - Cur epoch 10 loss TA:0.6931 TV:0.6896 VA:1.1499 CE:0.4760
2025-12-23 10:17:32,217 - utils.logger2025-12-23-10.16.56 - INFO - Cur epoch 10 loss TA:0.7244 TV:0.7339 VA:1.1873 CE:0.4211
2025-12-23 10:17:32,618 - utils.logger2025-12-23-10.16.56 - INFO - Cur epoch 10 loss TA:0.6901 TV:0.7048 VA:1.1883 CE:0.5661
2025-12-23 10:17:33,064 - utils.logger2025-12-23-10.16.56 - INFO - Cur epoch 10 loss TA:-6.3133 TV:-6.3054 VA:-12.7330 CE:0.0028
2025-12-23 10:17:33,118 - utils.logger2025-12-23-10.16.56 - INFO - saving the model at the end of epoch 10, iters 540
2025-12-23 10:17:33,234 - utils.logger2025-12-23-10.16.56 - INFO - End of training epoch 10 / 40 	 Time Taken: 2 sec
2025-12-23 10:17:33,234 - utils.logger2025-12-23-10.16.56 - INFO - learning rate = 0.0005000
2025-12-23 10:17:33,812 - utils.logger2025-12-23-10.16.56 - INFO - Val result of epoch 10 / 40 acc 0.7583 uar 0.6700 f1 0.6914
2025-12-23 10:17:33,813 - utils.logger2025-12-23-10.16.56 - INFO - 
[[ 12   1  13   0]
 [  0  18  10   0]
 [  4   6 109   9]
 [  1   0   7  21]]
2025-12-23 10:17:34,115 - utils.logger2025-12-23-10.16.56 - INFO - Tst result of epoch 10 / 40 acc 0.7581 uar 0.7293 f1 0.7328
2025-12-23 10:17:34,115 - utils.logger2025-12-23-10.16.56 - INFO - 
[[17  2  8  1]
 [ 2 59  2  1]
 [ 4 13 57  2]
 [ 6  1 10 30]]
2025-12-23 10:17:34,915 - utils.logger2025-12-23-10.16.56 - INFO - Cur epoch 11 loss TA:0.6820 TV:0.6955 VA:1.1570 CE:0.3585
2025-12-23 10:17:35,413 - utils.logger2025-12-23-10.16.56 - INFO - Cur epoch 11 loss TA:0.6385 TV:0.6659 VA:1.1576 CE:0.3918
2025-12-23 10:17:35,872 - utils.logger2025-12-23-10.16.56 - INFO - Cur epoch 11 loss TA:0.6788 TV:0.6734 VA:1.1574 CE:0.3378
2025-12-23 10:17:36,400 - utils.logger2025-12-23-10.16.56 - INFO - Cur epoch 11 loss TA:0.7171 TV:0.7218 VA:1.2276 CE:0.4347
2025-12-23 10:17:36,768 - utils.logger2025-12-23-10.16.56 - INFO - Cur epoch 11 loss TA:0.6940 TV:0.6915 VA:1.1736 CE:0.3180
2025-12-23 10:17:36,986 - utils.logger2025-12-23-10.16.56 - INFO - saving the model at the end of epoch 11, iters 594
2025-12-23 10:17:37,077 - utils.logger2025-12-23-10.16.56 - INFO - End of training epoch 11 / 40 	 Time Taken: 2 sec
2025-12-23 10:17:37,078 - utils.logger2025-12-23-10.16.56 - INFO - learning rate = 0.0005000
2025-12-23 10:17:37,720 - utils.logger2025-12-23-10.16.56 - INFO - Val result of epoch 11 / 40 acc 0.7299 uar 0.6368 f1 0.6532
2025-12-23 10:17:37,720 - utils.logger2025-12-23-10.16.56 - INFO - 
[[ 12   0  12   2]
 [  1  13  14   0]
 [  4   3 106  15]
 [  0   0   6  23]]
2025-12-23 10:17:38,328 - utils.logger2025-12-23-10.16.56 - INFO - Tst result of epoch 11 / 40 acc 0.7767 uar 0.7451 f1 0.7469
2025-12-23 10:17:38,328 - utils.logger2025-12-23-10.16.56 - INFO - 
[[16  0  9  3]
 [ 2 56  5  1]
 [ 5  5 60  6]
 [ 6  0  6 35]]
2025-12-23 10:17:38,884 - utils.logger2025-12-23-10.16.56 - INFO - Cur epoch 12 loss TA:0.6689 TV:0.6780 VA:1.1817 CE:0.4559
2025-12-23 10:17:39,355 - utils.logger2025-12-23-10.16.56 - INFO - Cur epoch 12 loss TA:0.6661 TV:0.6754 VA:1.1718 CE:0.2724
2025-12-23 10:17:39,823 - utils.logger2025-12-23-10.16.56 - INFO - Cur epoch 12 loss TA:0.6363 TV:0.6517 VA:1.1740 CE:0.3133
2025-12-23 10:17:40,396 - utils.logger2025-12-23-10.16.56 - INFO - Cur epoch 12 loss TA:0.6670 TV:0.6924 VA:1.1393 CE:0.2070
2025-12-23 10:17:40,911 - utils.logger2025-12-23-10.16.56 - INFO - Cur epoch 12 loss TA:0.6226 TV:0.6647 VA:1.1535 CE:0.3214
2025-12-23 10:17:41,387 - utils.logger2025-12-23-10.16.56 - INFO - saving the model at the end of epoch 12, iters 648
2025-12-23 10:17:41,489 - utils.logger2025-12-23-10.16.56 - INFO - End of training epoch 12 / 40 	 Time Taken: 3 sec
2025-12-23 10:17:41,489 - utils.logger2025-12-23-10.16.56 - INFO - learning rate = 0.0005000
2025-12-23 10:17:42,532 - utils.logger2025-12-23-10.16.56 - INFO - Val result of epoch 12 / 40 acc 0.7678 uar 0.7132 f1 0.7176
2025-12-23 10:17:42,533 - utils.logger2025-12-23-10.16.56 - INFO - 
[[ 18   1   7   0]
 [  0  18  10   0]
 [  9   5 106   8]
 [  2   0   7  20]]
2025-12-23 10:17:43,552 - utils.logger2025-12-23-10.16.56 - INFO - Tst result of epoch 12 / 40 acc 0.6558 uar 0.6437 f1 0.6176
2025-12-23 10:17:43,553 - utils.logger2025-12-23-10.16.56 - INFO - 
[[19  4  5  0]
 [ 1 62  1  0]
 [14 19 43  0]
 [14  3 13 17]]
2025-12-23 10:17:44,424 - utils.logger2025-12-23-10.16.56 - INFO - Cur epoch 13 loss TA:0.6608 TV:0.6927 VA:1.2133 CE:0.3694
2025-12-23 10:17:44,849 - utils.logger2025-12-23-10.16.56 - INFO - Cur epoch 13 loss TA:0.6424 TV:0.6436 VA:1.1206 CE:0.3973
2025-12-23 10:17:45,274 - utils.logger2025-12-23-10.16.56 - INFO - Cur epoch 13 loss TA:0.6317 TV:0.6403 VA:1.1329 CE:0.1713
2025-12-23 10:17:45,728 - utils.logger2025-12-23-10.16.56 - INFO - Cur epoch 13 loss TA:0.6501 TV:0.6509 VA:1.1693 CE:0.3677
2025-12-23 10:17:46,166 - utils.logger2025-12-23-10.16.56 - INFO - Cur epoch 13 loss TA:0.6898 TV:0.6804 VA:1.1914 CE:0.4086
2025-12-23 10:17:46,583 - utils.logger2025-12-23-10.16.56 - INFO - Cur epoch 13 loss TA:0.6891 TV:0.6945 VA:1.1457 CE:0.3366
2025-12-23 10:17:46,714 - utils.logger2025-12-23-10.16.56 - INFO - saving the model at the end of epoch 13, iters 702
2025-12-23 10:17:46,837 - utils.logger2025-12-23-10.16.56 - INFO - End of training epoch 13 / 40 	 Time Taken: 3 sec
2025-12-23 10:17:46,837 - utils.logger2025-12-23-10.16.56 - INFO - learning rate = 0.0005000
2025-12-23 10:17:47,281 - utils.logger2025-12-23-10.16.56 - INFO - Val result of epoch 13 / 40 acc 0.7867 uar 0.6787 f1 0.7219
2025-12-23 10:17:47,282 - utils.logger2025-12-23-10.16.56 - INFO - 
[[ 16   0  10   0]
 [  0  17  11   0]
 [  7   3 116   2]
 [  2   0  10  17]]
2025-12-23 10:17:47,603 - utils.logger2025-12-23-10.16.56 - INFO - Tst result of epoch 13 / 40 acc 0.7442 uar 0.7090 f1 0.6979
2025-12-23 10:17:47,604 - utils.logger2025-12-23-10.16.56 - INFO - 
[[19  0  9  0]
 [ 2 60  1  1]
 [ 7  7 62  0]
 [14  0 14 19]]
2025-12-23 10:17:48,552 - utils.logger2025-12-23-10.16.56 - INFO - Cur epoch 14 loss TA:0.6321 TV:0.6624 VA:1.1747 CE:0.2140
2025-12-23 10:17:49,117 - utils.logger2025-12-23-10.16.56 - INFO - Cur epoch 14 loss TA:0.6516 TV:0.6734 VA:1.1300 CE:0.3785
2025-12-23 10:17:49,529 - utils.logger2025-12-23-10.16.56 - INFO - Cur epoch 14 loss TA:0.6633 TV:0.6623 VA:1.1141 CE:0.2866
2025-12-23 10:17:50,007 - utils.logger2025-12-23-10.16.56 - INFO - Cur epoch 14 loss TA:0.6713 TV:0.6908 VA:1.1633 CE:0.3019
2025-12-23 10:17:50,440 - utils.logger2025-12-23-10.16.56 - INFO - Cur epoch 14 loss TA:0.6638 TV:0.6620 VA:1.1609 CE:0.2204
2025-12-23 10:17:50,722 - utils.logger2025-12-23-10.16.56 - INFO - saving the model at the end of epoch 14, iters 756
2025-12-23 10:17:50,812 - utils.logger2025-12-23-10.16.56 - INFO - End of training epoch 14 / 40 	 Time Taken: 3 sec
2025-12-23 10:17:50,812 - utils.logger2025-12-23-10.16.56 - INFO - learning rate = 0.0005000
2025-12-23 10:17:51,109 - utils.logger2025-12-23-10.16.56 - INFO - Val result of epoch 14 / 40 acc 0.7583 uar 0.6596 f1 0.6825
2025-12-23 10:17:51,109 - utils.logger2025-12-23-10.16.56 - INFO - 
[[ 14   1  10   1]
 [  0  21   7   0]
 [  7   6 111   4]
 [  2   0  13  14]]
2025-12-23 10:17:51,468 - utils.logger2025-12-23-10.16.56 - INFO - Tst result of epoch 14 / 40 acc 0.6558 uar 0.6282 f1 0.6165
2025-12-23 10:17:51,469 - utils.logger2025-12-23-10.16.56 - INFO - 
[[16  4  8  0]
 [ 2 61  1  0]
 [ 5 25 46  0]
 [14  5 10 18]]
2025-12-23 10:17:51,913 - utils.logger2025-12-23-10.16.56 - INFO - Cur epoch 15 loss TA:0.6465 TV:0.6578 VA:1.1229 CE:0.1992
2025-12-23 10:17:52,338 - utils.logger2025-12-23-10.16.56 - INFO - Cur epoch 15 loss TA:0.6062 TV:0.6303 VA:1.1202 CE:0.1852
2025-12-23 10:17:52,878 - utils.logger2025-12-23-10.16.56 - INFO - Cur epoch 15 loss TA:0.6378 TV:0.6590 VA:1.1704 CE:0.2026
2025-12-23 10:17:53,362 - utils.logger2025-12-23-10.16.56 - INFO - Cur epoch 15 loss TA:0.6569 TV:0.6697 VA:1.1421 CE:0.1175
2025-12-23 10:17:53,693 - utils.logger2025-12-23-10.16.56 - INFO - Cur epoch 15 loss TA:0.6520 TV:0.6794 VA:1.1679 CE:0.2006
2025-12-23 10:17:54,286 - utils.logger2025-12-23-10.16.56 - INFO - Cur epoch 15 loss TA:-6.4127 TV:-6.3948 VA:-12.8425 CE:0.1047
2025-12-23 10:17:54,356 - utils.logger2025-12-23-10.16.56 - INFO - saving the model at the end of epoch 15, iters 810
2025-12-23 10:17:54,480 - utils.logger2025-12-23-10.16.56 - INFO - End of training epoch 15 / 40 	 Time Taken: 3 sec
2025-12-23 10:17:54,480 - utils.logger2025-12-23-10.16.56 - INFO - learning rate = 0.0005000
2025-12-23 10:17:55,171 - utils.logger2025-12-23-10.16.56 - INFO - Val result of epoch 15 / 40 acc 0.7820 uar 0.6891 f1 0.7172
2025-12-23 10:17:55,171 - utils.logger2025-12-23-10.16.56 - INFO - 
[[ 14   1  11   0]
 [  0  20   8   0]
 [  5   5 113   5]
 [  2   0   9  18]]
2025-12-23 10:17:55,501 - utils.logger2025-12-23-10.16.56 - INFO - Tst result of epoch 15 / 40 acc 0.6837 uar 0.6642 f1 0.6473
2025-12-23 10:17:55,501 - utils.logger2025-12-23-10.16.56 - INFO - 
[[19  2  7  0]
 [ 2 60  1  1]
 [ 7 19 50  0]
 [12  5 12 18]]
2025-12-23 10:17:56,300 - utils.logger2025-12-23-10.16.56 - INFO - Cur epoch 16 loss TA:0.6185 TV:0.6196 VA:1.1676 CE:0.3492
2025-12-23 10:17:56,699 - utils.logger2025-12-23-10.16.56 - INFO - Cur epoch 16 loss TA:0.6485 TV:0.6735 VA:1.0967 CE:0.1436
2025-12-23 10:17:57,069 - utils.logger2025-12-23-10.16.56 - INFO - Cur epoch 16 loss TA:0.6103 TV:0.6156 VA:1.1160 CE:0.2393
2025-12-23 10:17:57,453 - utils.logger2025-12-23-10.16.56 - INFO - Cur epoch 16 loss TA:0.6454 TV:0.6470 VA:1.0905 CE:0.2022
2025-12-23 10:17:57,863 - utils.logger2025-12-23-10.16.56 - INFO - Cur epoch 16 loss TA:0.6277 TV:0.6396 VA:1.1254 CE:0.2879
2025-12-23 10:17:58,075 - utils.logger2025-12-23-10.16.56 - INFO - saving the model at the end of epoch 16, iters 864
2025-12-23 10:17:58,324 - utils.logger2025-12-23-10.16.56 - INFO - End of training epoch 16 / 40 	 Time Taken: 2 sec
2025-12-23 10:17:58,324 - utils.logger2025-12-23-10.16.56 - INFO - learning rate = 0.0005000
2025-12-23 10:17:58,695 - utils.logger2025-12-23-10.16.56 - INFO - Val result of epoch 16 / 40 acc 0.7773 uar 0.6895 f1 0.7163
2025-12-23 10:17:58,695 - utils.logger2025-12-23-10.16.56 - INFO - 
[[ 17   1   8   0]
 [  0  18  10   0]
 [  9   4 112   3]
 [  2   0  10  17]]
2025-12-23 10:17:59,006 - utils.logger2025-12-23-10.16.56 - INFO - Tst result of epoch 16 / 40 acc 0.6884 uar 0.6566 f1 0.6272
2025-12-23 10:17:59,006 - utils.logger2025-12-23-10.16.56 - INFO - 
[[19  2  7  0]
 [ 1 62  1  0]
 [ 5 16 55  0]
 [16  5 14 12]]
2025-12-23 10:17:59,654 - utils.logger2025-12-23-10.16.56 - INFO - Cur epoch 17 loss TA:0.5959 TV:0.6080 VA:1.0799 CE:0.0774
2025-12-23 10:18:00,124 - utils.logger2025-12-23-10.16.56 - INFO - Cur epoch 17 loss TA:0.5957 TV:0.6262 VA:1.1144 CE:0.2289
2025-12-23 10:18:00,570 - utils.logger2025-12-23-10.16.56 - INFO - Cur epoch 17 loss TA:0.6062 TV:0.6079 VA:1.1250 CE:0.1654
2025-12-23 10:18:00,981 - utils.logger2025-12-23-10.16.56 - INFO - Cur epoch 17 loss TA:0.6239 TV:0.6394 VA:1.1003 CE:0.1790
2025-12-23 10:18:01,401 - utils.logger2025-12-23-10.16.56 - INFO - Cur epoch 17 loss TA:0.5997 TV:0.6030 VA:1.0965 CE:0.2445
2025-12-23 10:18:01,766 - utils.logger2025-12-23-10.16.56 - INFO - saving the model at the end of epoch 17, iters 918
2025-12-23 10:18:01,886 - utils.logger2025-12-23-10.16.56 - INFO - End of training epoch 17 / 40 	 Time Taken: 2 sec
2025-12-23 10:18:01,887 - utils.logger2025-12-23-10.16.56 - INFO - learning rate = 0.0005000
2025-12-23 10:18:02,216 - utils.logger2025-12-23-10.16.56 - INFO - Val result of epoch 17 / 40 acc 0.7488 uar 0.5557 f1 0.6227
2025-12-23 10:18:02,216 - utils.logger2025-12-23-10.16.56 - INFO - 
[[ 11   0  15   0]
 [  0   9  19   0]
 [  3   0 123   2]
 [  2   0  12  15]]
2025-12-23 10:18:02,524 - utils.logger2025-12-23-10.16.56 - INFO - Tst result of epoch 17 / 40 acc 0.7070 uar 0.6715 f1 0.6555
2025-12-23 10:18:02,524 - utils.logger2025-12-23-10.16.56 - INFO - 
[[19  0  9  0]
 [ 2 55  6  1]
 [ 7  5 63  1]
 [17  0 15 15]]
2025-12-23 10:18:03,341 - utils.logger2025-12-23-10.16.56 - INFO - Cur epoch 18 loss TA:0.5705 TV:0.5819 VA:1.0620 CE:0.2980
2025-12-23 10:18:03,987 - utils.logger2025-12-23-10.16.56 - INFO - Cur epoch 18 loss TA:0.5714 TV:0.5845 VA:1.0787 CE:0.1927
2025-12-23 10:18:04,405 - utils.logger2025-12-23-10.16.56 - INFO - Cur epoch 18 loss TA:0.5972 TV:0.6289 VA:1.0891 CE:0.0880
2025-12-23 10:18:04,860 - utils.logger2025-12-23-10.16.56 - INFO - Cur epoch 18 loss TA:0.6343 TV:0.6299 VA:1.1471 CE:0.2679
2025-12-23 10:18:05,343 - utils.logger2025-12-23-10.16.56 - INFO - Cur epoch 18 loss TA:0.5781 TV:0.5969 VA:1.0985 CE:0.0658
2025-12-23 10:18:05,818 - utils.logger2025-12-23-10.16.56 - INFO - Cur epoch 18 loss TA:0.5928 TV:0.5966 VA:1.0999 CE:0.1706
2025-12-23 10:18:05,973 - utils.logger2025-12-23-10.16.56 - INFO - saving the model at the end of epoch 18, iters 972
2025-12-23 10:18:06,092 - utils.logger2025-12-23-10.16.56 - INFO - End of training epoch 18 / 40 	 Time Taken: 3 sec
2025-12-23 10:18:06,092 - utils.logger2025-12-23-10.16.56 - INFO - learning rate = 0.0005000
2025-12-23 10:18:06,550 - utils.logger2025-12-23-10.16.56 - INFO - Val result of epoch 18 / 40 acc 0.7962 uar 0.6950 f1 0.7345
2025-12-23 10:18:06,550 - utils.logger2025-12-23-10.16.56 - INFO - 
[[ 15   0  11   0]
 [  0  17  11   0]
 [  5   3 116   4]
 [  2   0   7  20]]
2025-12-23 10:18:06,859 - utils.logger2025-12-23-10.16.56 - INFO - Tst result of epoch 18 / 40 acc 0.6977 uar 0.6786 f1 0.6643
2025-12-23 10:18:06,859 - utils.logger2025-12-23-10.16.56 - INFO - 
[[18  2  8  0]
 [ 2 60  1  1]
 [12 13 49  2]
 [16  0  8 23]]
2025-12-23 10:18:07,411 - utils.logger2025-12-23-10.16.56 - INFO - Cur epoch 19 loss TA:0.6013 TV:0.6195 VA:1.0762 CE:0.0616
2025-12-23 10:18:07,797 - utils.logger2025-12-23-10.16.56 - INFO - Cur epoch 19 loss TA:0.5791 TV:0.5907 VA:1.0882 CE:0.0509
2025-12-23 10:18:08,411 - utils.logger2025-12-23-10.16.56 - INFO - Cur epoch 19 loss TA:0.5984 TV:0.5997 VA:1.0480 CE:0.2696
2025-12-23 10:18:08,878 - utils.logger2025-12-23-10.16.56 - INFO - Cur epoch 19 loss TA:0.5989 TV:0.6238 VA:1.0893 CE:0.1627
2025-12-23 10:18:09,373 - utils.logger2025-12-23-10.16.56 - INFO - Cur epoch 19 loss TA:0.5957 TV:0.6147 VA:1.0535 CE:0.1552
2025-12-23 10:18:09,754 - utils.logger2025-12-23-10.16.56 - INFO - saving the model at the end of epoch 19, iters 1026
2025-12-23 10:18:09,867 - utils.logger2025-12-23-10.16.56 - INFO - End of training epoch 19 / 40 	 Time Taken: 3 sec
2025-12-23 10:18:09,868 - utils.logger2025-12-23-10.16.56 - INFO - learning rate = 0.0005000
2025-12-23 10:18:10,349 - utils.logger2025-12-23-10.16.56 - INFO - Val result of epoch 19 / 40 acc 0.7678 uar 0.6932 f1 0.7069
2025-12-23 10:18:10,350 - utils.logger2025-12-23-10.16.56 - INFO - 
[[ 18   1   7   0]
 [  1  18   9   0]
 [ 10   7 109   2]
 [  3   0   9  17]]
2025-12-23 10:18:10,842 - utils.logger2025-12-23-10.16.56 - INFO - Tst result of epoch 19 / 40 acc 0.7023 uar 0.6849 f1 0.6716
2025-12-23 10:18:10,843 - utils.logger2025-12-23-10.16.56 - INFO - 
[[19  1  8  0]
 [ 2 59  3  0]
 [11 13 51  1]
 [14  1 10 22]]
2025-12-23 10:18:11,309 - utils.logger2025-12-23-10.16.56 - INFO - Cur epoch 20 loss TA:0.5962 TV:0.6153 VA:1.0651 CE:0.1988
2025-12-23 10:18:11,727 - utils.logger2025-12-23-10.16.56 - INFO - Cur epoch 20 loss TA:0.5652 TV:0.5868 VA:1.0630 CE:0.1210
2025-12-23 10:18:12,106 - utils.logger2025-12-23-10.16.56 - INFO - Cur epoch 20 loss TA:0.6042 TV:0.6425 VA:1.1057 CE:0.2592
2025-12-23 10:18:12,533 - utils.logger2025-12-23-10.16.56 - INFO - Cur epoch 20 loss TA:0.5930 TV:0.5998 VA:1.0463 CE:0.2786
2025-12-23 10:18:12,974 - utils.logger2025-12-23-10.16.56 - INFO - Cur epoch 20 loss TA:0.5941 TV:0.5875 VA:1.1473 CE:0.1879
2025-12-23 10:18:13,625 - utils.logger2025-12-23-10.16.56 - INFO - Cur epoch 20 loss TA:-6.4247 TV:-6.4304 VA:-12.8481 CE:0.5789
2025-12-23 10:18:13,675 - utils.logger2025-12-23-10.16.56 - INFO - saving the model at the end of epoch 20, iters 1080
2025-12-23 10:18:13,787 - utils.logger2025-12-23-10.16.56 - INFO - End of training epoch 20 / 40 	 Time Taken: 2 sec
2025-12-23 10:18:13,788 - utils.logger2025-12-23-10.16.56 - INFO - learning rate = 0.0005000
2025-12-23 10:18:14,514 - utils.logger2025-12-23-10.16.56 - INFO - Val result of epoch 20 / 40 acc 0.7156 uar 0.6673 f1 0.6504
2025-12-23 10:18:14,515 - utils.logger2025-12-23-10.16.56 - INFO - 
[[19  1  6  0]
 [ 0 22  6  0]
 [18  9 99  2]
 [ 5  0 13 11]]
2025-12-23 10:18:14,926 - utils.logger2025-12-23-10.16.56 - INFO - Tst result of epoch 20 / 40 acc 0.6558 uar 0.6451 f1 0.6203
2025-12-23 10:18:14,926 - utils.logger2025-12-23-10.16.56 - INFO - 
[[19  3  6  0]
 [ 2 61  1  0]
 [12 20 43  1]
 [15  3 11 18]]
2025-12-23 10:18:15,637 - utils.logger2025-12-23-10.16.56 - INFO - Cur epoch 21 loss TA:0.5798 TV:0.5968 VA:1.0541 CE:0.1424
2025-12-23 10:18:16,122 - utils.logger2025-12-23-10.16.56 - INFO - Cur epoch 21 loss TA:0.5626 TV:0.5668 VA:1.0513 CE:0.1309
2025-12-23 10:18:16,578 - utils.logger2025-12-23-10.16.56 - INFO - Cur epoch 21 loss TA:0.5956 TV:0.5859 VA:1.0713 CE:0.2358
2025-12-23 10:18:17,011 - utils.logger2025-12-23-10.16.56 - INFO - Cur epoch 21 loss TA:0.6047 TV:0.5892 VA:1.0691 CE:0.1877
2025-12-23 10:18:17,469 - utils.logger2025-12-23-10.16.56 - INFO - Cur epoch 21 loss TA:0.5750 TV:0.6000 VA:1.1048 CE:0.1427
2025-12-23 10:18:17,685 - utils.logger2025-12-23-10.16.56 - INFO - saving the model at the end of epoch 21, iters 1134
2025-12-23 10:18:17,795 - utils.logger2025-12-23-10.16.56 - INFO - End of training epoch 21 / 40 	 Time Taken: 2 sec
2025-12-23 10:18:17,796 - utils.logger2025-12-23-10.16.56 - INFO - learning rate = 0.0005000
2025-12-23 10:18:18,118 - utils.logger2025-12-23-10.16.56 - INFO - Val result of epoch 21 / 40 acc 0.7678 uar 0.6915 f1 0.7040
2025-12-23 10:18:18,118 - utils.logger2025-12-23-10.16.56 - INFO - 
[[ 15   2   9   0]
 [  0  22   6   0]
 [  8   7 109   4]
 [  2   0  11  16]]
2025-12-23 10:18:18,731 - utils.logger2025-12-23-10.16.56 - INFO - Tst result of epoch 21 / 40 acc 0.6977 uar 0.6634 f1 0.6516
2025-12-23 10:18:18,732 - utils.logger2025-12-23-10.16.56 - INFO - 
[[17  3  8  0]
 [ 2 61  1  0]
 [ 6 16 54  0]
 [14  3 12 18]]
2025-12-23 10:18:19,871 - utils.logger2025-12-23-10.16.56 - INFO - Cur epoch 22 loss TA:0.5394 TV:0.5532 VA:1.0239 CE:0.1758
2025-12-23 10:18:20,545 - utils.logger2025-12-23-10.16.56 - INFO - Cur epoch 22 loss TA:0.6246 TV:0.6462 VA:1.0950 CE:0.1599
2025-12-23 10:18:20,973 - utils.logger2025-12-23-10.16.56 - INFO - Cur epoch 22 loss TA:0.6093 TV:0.5960 VA:1.1236 CE:0.1939
2025-12-23 10:18:21,404 - utils.logger2025-12-23-10.16.56 - INFO - Cur epoch 22 loss TA:0.5628 TV:0.5824 VA:1.0959 CE:0.1148
2025-12-23 10:18:21,824 - utils.logger2025-12-23-10.16.56 - INFO - Cur epoch 22 loss TA:0.5598 TV:0.5822 VA:1.0759 CE:0.2403
2025-12-23 10:18:22,308 - utils.logger2025-12-23-10.16.56 - INFO - saving the model at the end of epoch 22, iters 1188
2025-12-23 10:18:22,425 - utils.logger2025-12-23-10.16.56 - INFO - End of training epoch 22 / 40 	 Time Taken: 3 sec
2025-12-23 10:18:22,426 - utils.logger2025-12-23-10.16.56 - INFO - learning rate = 0.0005000
2025-12-23 10:18:23,175 - utils.logger2025-12-23-10.16.56 - INFO - Val result of epoch 22 / 40 acc 0.7204 uar 0.6183 f1 0.6224
2025-12-23 10:18:23,176 - utils.logger2025-12-23-10.16.56 - INFO - 
[[ 15   1  10   0]
 [  1  21   6   0]
 [ 11   9 107   1]
 [  6   0  14   9]]
2025-12-23 10:18:23,533 - utils.logger2025-12-23-10.16.56 - INFO - Tst result of epoch 22 / 40 acc 0.6419 uar 0.6261 f1 0.5846
2025-12-23 10:18:23,533 - utils.logger2025-12-23-10.16.56 - INFO - 
[[20  3  5  0]
 [ 3 60  1  0]
 [14 15 47  0]
 [20  4 12 11]]
2025-12-23 10:18:23,847 - utils.logger2025-12-23-10.16.56 - INFO - Cur epoch 23 loss TA:0.6008 TV:0.6041 VA:1.0665 CE:0.0408
2025-12-23 10:18:24,278 - utils.logger2025-12-23-10.16.56 - INFO - Cur epoch 23 loss TA:0.5389 TV:0.5475 VA:1.0422 CE:0.1238
2025-12-23 10:18:24,706 - utils.logger2025-12-23-10.16.56 - INFO - Cur epoch 23 loss TA:0.5758 TV:0.5792 VA:1.1044 CE:0.0730
2025-12-23 10:18:25,139 - utils.logger2025-12-23-10.16.56 - INFO - Cur epoch 23 loss TA:0.5657 TV:0.5925 VA:1.0494 CE:0.1150
2025-12-23 10:18:25,622 - utils.logger2025-12-23-10.16.56 - INFO - Cur epoch 23 loss TA:0.5523 TV:0.5683 VA:1.0334 CE:0.0640
2025-12-23 10:18:26,080 - utils.logger2025-12-23-10.16.56 - INFO - Cur epoch 23 loss TA:0.5706 TV:0.5580 VA:1.0766 CE:0.1488
2025-12-23 10:18:26,206 - utils.logger2025-12-23-10.16.56 - INFO - saving the model at the end of epoch 23, iters 1242
2025-12-23 10:18:26,305 - utils.logger2025-12-23-10.16.56 - INFO - End of training epoch 23 / 40 	 Time Taken: 2 sec
2025-12-23 10:18:26,305 - utils.logger2025-12-23-10.16.56 - INFO - learning rate = 0.0005000
2025-12-23 10:18:26,865 - utils.logger2025-12-23-10.16.56 - INFO - Val result of epoch 23 / 40 acc 0.7156 uar 0.7212 f1 0.6787
2025-12-23 10:18:26,866 - utils.logger2025-12-23-10.16.56 - INFO - 
[[18  1  7  0]
 [ 0 27  1  0]
 [20 15 91  2]
 [ 3  0 11 15]]
2025-12-23 10:18:27,175 - utils.logger2025-12-23-10.16.56 - INFO - Tst result of epoch 23 / 40 acc 0.6605 uar 0.6742 f1 0.6390
2025-12-23 10:18:27,175 - utils.logger2025-12-23-10.16.56 - INFO - 
[[22  4  2  0]
 [ 3 59  1  1]
 [16 20 38  2]
 [18  1  5 23]]
2025-12-23 10:18:27,831 - utils.logger2025-12-23-10.16.56 - INFO - Cur epoch 24 loss TA:0.5666 TV:0.5696 VA:1.0128 CE:0.1443
2025-12-23 10:18:28,310 - utils.logger2025-12-23-10.16.56 - INFO - Cur epoch 24 loss TA:0.5553 TV:0.6070 VA:1.0658 CE:0.0836
2025-12-23 10:18:28,802 - utils.logger2025-12-23-10.16.56 - INFO - Cur epoch 24 loss TA:0.5537 TV:0.5790 VA:1.0336 CE:0.1619
2025-12-23 10:18:29,438 - utils.logger2025-12-23-10.16.56 - INFO - Cur epoch 24 loss TA:0.5561 TV:0.5776 VA:1.0658 CE:0.0398
2025-12-23 10:18:29,810 - utils.logger2025-12-23-10.16.56 - INFO - Cur epoch 24 loss TA:0.5737 TV:0.5688 VA:1.0602 CE:0.1302
2025-12-23 10:18:30,062 - utils.logger2025-12-23-10.16.56 - INFO - saving the model at the end of epoch 24, iters 1296
2025-12-23 10:18:30,154 - utils.logger2025-12-23-10.16.56 - INFO - End of training epoch 24 / 40 	 Time Taken: 2 sec
2025-12-23 10:18:30,154 - utils.logger2025-12-23-10.16.56 - INFO - learning rate = 0.0005000
2025-12-23 10:18:30,891 - utils.logger2025-12-23-10.16.56 - INFO - Val result of epoch 24 / 40 acc 0.7536 uar 0.6865 f1 0.6859
2025-12-23 10:18:30,892 - utils.logger2025-12-23-10.16.56 - INFO - 
[[ 15   1  10   0]
 [  0  25   3   0]
 [  7  14 106   1]
 [  3   0  13  13]]
2025-12-23 10:18:31,222 - utils.logger2025-12-23-10.16.56 - INFO - Tst result of epoch 24 / 40 acc 0.6326 uar 0.6230 f1 0.5995
2025-12-23 10:18:31,222 - utils.logger2025-12-23-10.16.56 - INFO - 
[[18  3  7  0]
 [ 2 61  1  0]
 [11 26 39  0]
 [15  7  7 18]]
2025-12-23 10:18:31,642 - utils.logger2025-12-23-10.16.56 - INFO - Cur epoch 25 loss TA:0.5877 TV:0.6207 VA:1.0956 CE:0.0984
2025-12-23 10:18:32,112 - utils.logger2025-12-23-10.16.56 - INFO - Cur epoch 25 loss TA:0.5887 TV:0.6043 VA:1.0878 CE:0.2911
2025-12-23 10:18:32,619 - utils.logger2025-12-23-10.16.56 - INFO - Cur epoch 25 loss TA:0.6048 TV:0.6155 VA:1.0321 CE:0.0335
2025-12-23 10:18:33,156 - utils.logger2025-12-23-10.16.56 - INFO - Cur epoch 25 loss TA:0.5615 TV:0.5643 VA:1.0134 CE:0.0861
2025-12-23 10:18:33,677 - utils.logger2025-12-23-10.16.56 - INFO - Cur epoch 25 loss TA:0.5509 TV:0.5462 VA:1.0141 CE:0.1275
2025-12-23 10:18:34,309 - utils.logger2025-12-23-10.16.56 - INFO - Cur epoch 25 loss TA:-6.3957 TV:-6.4032 VA:-12.8340 CE:0.0000
2025-12-23 10:18:34,350 - utils.logger2025-12-23-10.16.56 - INFO - saving the model at the end of epoch 25, iters 1350
2025-12-23 10:18:34,449 - utils.logger2025-12-23-10.16.56 - INFO - End of training epoch 25 / 40 	 Time Taken: 3 sec
2025-12-23 10:18:34,450 - utils.logger2025-12-23-10.16.56 - INFO - learning rate = 0.0005000
2025-12-23 10:18:35,262 - utils.logger2025-12-23-10.16.56 - INFO - Val result of epoch 25 / 40 acc 0.7441 uar 0.6477 f1 0.6516
2025-12-23 10:18:35,263 - utils.logger2025-12-23-10.16.56 - INFO - 
[[ 14   2  10   0]
 [  0  23   5   0]
 [  6  11 109   2]
 [  5   1  12  11]]
2025-12-23 10:18:35,596 - utils.logger2025-12-23-10.16.56 - INFO - Tst result of epoch 25 / 40 acc 0.6000 uar 0.5869 f1 0.5575
2025-12-23 10:18:35,597 - utils.logger2025-12-23-10.16.56 - INFO - 
[[17  6  5  0]
 [ 1 62  1  0]
 [10 30 36  0]
 [15  5 13 14]]
2025-12-23 10:18:36,397 - utils.logger2025-12-23-10.16.56 - INFO - Cur epoch 26 loss TA:0.5768 TV:0.5885 VA:1.0408 CE:0.0420
2025-12-23 10:18:36,860 - utils.logger2025-12-23-10.16.56 - INFO - Cur epoch 26 loss TA:0.5614 TV:0.5823 VA:1.0271 CE:0.0958
2025-12-23 10:18:37,300 - utils.logger2025-12-23-10.16.56 - INFO - Cur epoch 26 loss TA:0.5877 TV:0.5929 VA:1.0214 CE:0.1378
2025-12-23 10:18:37,691 - utils.logger2025-12-23-10.16.56 - INFO - Cur epoch 26 loss TA:0.5537 TV:0.5522 VA:1.0422 CE:0.1425
2025-12-23 10:18:38,102 - utils.logger2025-12-23-10.16.56 - INFO - Cur epoch 26 loss TA:0.5950 TV:0.5904 VA:1.0685 CE:0.1032
2025-12-23 10:18:38,315 - utils.logger2025-12-23-10.16.56 - INFO - saving the model at the end of epoch 26, iters 1404
2025-12-23 10:18:38,432 - utils.logger2025-12-23-10.16.56 - INFO - End of training epoch 26 / 40 	 Time Taken: 2 sec
2025-12-23 10:18:38,433 - utils.logger2025-12-23-10.16.56 - INFO - learning rate = 0.0005000
2025-12-23 10:18:39,156 - utils.logger2025-12-23-10.16.56 - INFO - Val result of epoch 26 / 40 acc 0.7678 uar 0.6699 f1 0.6986
2025-12-23 10:18:39,156 - utils.logger2025-12-23-10.16.56 - INFO - 
[[ 15   2   9   0]
 [  0  17  11   0]
 [  7   6 112   3]
 [  2   0   9  18]]
2025-12-23 10:18:40,052 - utils.logger2025-12-23-10.16.56 - INFO - Tst result of epoch 26 / 40 acc 0.6651 uar 0.6578 f1 0.6362
2025-12-23 10:18:40,053 - utils.logger2025-12-23-10.16.56 - INFO - 
[[19  3  6  0]
 [ 2 61  1  0]
 [11 22 42  1]
 [15  2  9 21]]
2025-12-23 10:18:41,199 - utils.logger2025-12-23-10.16.56 - INFO - Cur epoch 27 loss TA:0.5503 TV:0.5609 VA:1.0443 CE:0.0782
2025-12-23 10:18:41,642 - utils.logger2025-12-23-10.16.56 - INFO - Cur epoch 27 loss TA:0.5675 TV:0.5596 VA:1.0184 CE:0.0990
2025-12-23 10:18:42,010 - utils.logger2025-12-23-10.16.56 - INFO - Cur epoch 27 loss TA:0.5687 TV:0.6093 VA:1.0854 CE:0.2606
2025-12-23 10:18:42,430 - utils.logger2025-12-23-10.16.56 - INFO - Cur epoch 27 loss TA:0.5706 TV:0.5868 VA:1.0855 CE:0.1818
2025-12-23 10:18:42,867 - utils.logger2025-12-23-10.16.56 - INFO - Cur epoch 27 loss TA:0.5661 TV:0.5825 VA:1.0762 CE:0.0598
2025-12-23 10:18:43,259 - utils.logger2025-12-23-10.16.56 - INFO - saving the model at the end of epoch 27, iters 1458
2025-12-23 10:18:43,366 - utils.logger2025-12-23-10.16.56 - INFO - End of training epoch 27 / 40 	 Time Taken: 3 sec
2025-12-23 10:18:43,367 - utils.logger2025-12-23-10.16.56 - INFO - learning rate = 0.0005000
2025-12-23 10:18:43,767 - utils.logger2025-12-23-10.16.56 - INFO - Val result of epoch 27 / 40 acc 0.7867 uar 0.6548 f1 0.7082
2025-12-23 10:18:43,767 - utils.logger2025-12-23-10.16.56 - INFO - 
[[ 12   0  13   1]
 [  0  17  11   0]
 [  2   3 119   4]
 [  1   0  10  18]]
2025-12-23 10:18:44,201 - utils.logger2025-12-23-10.16.56 - INFO - Tst result of epoch 27 / 40 acc 0.6930 uar 0.6911 f1 0.6742
2025-12-23 10:18:44,201 - utils.logger2025-12-23-10.16.56 - INFO - 
[[19  3  6  0]
 [ 2 60  1  1]
 [10 22 42  2]
 [11  2  6 28]]
2025-12-23 10:18:44,562 - utils.logger2025-12-23-10.16.56 - INFO - Cur epoch 28 loss TA:0.5404 TV:0.5515 VA:1.0128 CE:0.0823
2025-12-23 10:18:44,977 - utils.logger2025-12-23-10.16.56 - INFO - Cur epoch 28 loss TA:0.5353 TV:0.5302 VA:1.0260 CE:0.1225
2025-12-23 10:18:45,770 - utils.logger2025-12-23-10.16.56 - INFO - Cur epoch 28 loss TA:0.5887 TV:0.5819 VA:1.0657 CE:0.1040
2025-12-23 10:18:46,165 - utils.logger2025-12-23-10.16.56 - INFO - Cur epoch 28 loss TA:0.5424 TV:0.5478 VA:1.0674 CE:0.0256
2025-12-23 10:18:46,586 - utils.logger2025-12-23-10.16.56 - INFO - Cur epoch 28 loss TA:0.5582 TV:0.5770 VA:1.0823 CE:0.0915
2025-12-23 10:18:47,086 - utils.logger2025-12-23-10.16.56 - INFO - Cur epoch 28 loss TA:0.5761 TV:0.5908 VA:1.0532 CE:0.1363
2025-12-23 10:18:47,231 - utils.logger2025-12-23-10.16.56 - INFO - saving the model at the end of epoch 28, iters 1512
2025-12-23 10:18:47,341 - utils.logger2025-12-23-10.16.56 - INFO - End of training epoch 28 / 40 	 Time Taken: 3 sec
2025-12-23 10:18:47,341 - utils.logger2025-12-23-10.16.56 - INFO - learning rate = 0.0005000
2025-12-23 10:18:47,642 - utils.logger2025-12-23-10.16.56 - INFO - Val result of epoch 28 / 40 acc 0.7441 uar 0.6417 f1 0.6496
2025-12-23 10:18:47,643 - utils.logger2025-12-23-10.16.56 - INFO - 
[[ 15   2   9   0]
 [  0  22   6   0]
 [  7   9 110   2]
 [  4   1  14  10]]
2025-12-23 10:18:48,060 - utils.logger2025-12-23-10.16.56 - INFO - Tst result of epoch 28 / 40 acc 0.6186 uar 0.6036 f1 0.5701
2025-12-23 10:18:48,060 - utils.logger2025-12-23-10.16.56 - INFO - 
[[18  6  4  0]
 [ 1 62  1  0]
 [10 26 40  0]
 [18  4 12 13]]
2025-12-23 10:18:48,638 - utils.logger2025-12-23-10.16.56 - INFO - Cur epoch 29 loss TA:0.5409 TV:0.5633 VA:1.0453 CE:0.0727
2025-12-23 10:18:49,115 - utils.logger2025-12-23-10.16.56 - INFO - Cur epoch 29 loss TA:0.5452 TV:0.5516 VA:1.0228 CE:0.0369
2025-12-23 10:18:49,603 - utils.logger2025-12-23-10.16.56 - INFO - Cur epoch 29 loss TA:0.5460 TV:0.5665 VA:1.0401 CE:0.0532
2025-12-23 10:18:50,196 - utils.logger2025-12-23-10.16.56 - INFO - Cur epoch 29 loss TA:0.5443 TV:0.5760 VA:1.0417 CE:0.1343
2025-12-23 10:18:50,830 - utils.logger2025-12-23-10.16.56 - INFO - Cur epoch 29 loss TA:0.5513 TV:0.5703 VA:1.0278 CE:0.1030
2025-12-23 10:18:51,083 - utils.logger2025-12-23-10.16.56 - INFO - saving the model at the end of epoch 29, iters 1566
2025-12-23 10:18:51,186 - utils.logger2025-12-23-10.16.56 - INFO - End of training epoch 29 / 40 	 Time Taken: 3 sec
2025-12-23 10:18:51,186 - utils.logger2025-12-23-10.16.56 - INFO - learning rate = 0.0005000
2025-12-23 10:18:51,726 - utils.logger2025-12-23-10.16.56 - INFO - Val result of epoch 29 / 40 acc 0.7299 uar 0.6430 f1 0.6541
2025-12-23 10:18:51,727 - utils.logger2025-12-23-10.16.56 - INFO - 
[[ 17   0   9   0]
 [  1  17  10   0]
 [  8  10 106   4]
 [  5   0  10  14]]
2025-12-23 10:18:52,128 - utils.logger2025-12-23-10.16.56 - INFO - Tst result of epoch 29 / 40 acc 0.6465 uar 0.6503 f1 0.6225
2025-12-23 10:18:52,129 - utils.logger2025-12-23-10.16.56 - INFO - 
[[20  2  6  0]
 [ 2 61  1  0]
 [12 26 37  1]
 [14  5  7 21]]
2025-12-23 10:18:52,554 - utils.logger2025-12-23-10.16.56 - INFO - Cur epoch 30 loss TA:0.5220 TV:0.5365 VA:1.0001 CE:0.1483
2025-12-23 10:18:52,999 - utils.logger2025-12-23-10.16.56 - INFO - Cur epoch 30 loss TA:0.5815 TV:0.5863 VA:1.0226 CE:0.1291
2025-12-23 10:18:53,406 - utils.logger2025-12-23-10.16.56 - INFO - Cur epoch 30 loss TA:0.5175 TV:0.5244 VA:0.9897 CE:0.0143
2025-12-23 10:18:53,838 - utils.logger2025-12-23-10.16.56 - INFO - Cur epoch 30 loss TA:0.5294 TV:0.5329 VA:0.9919 CE:0.1092
2025-12-23 10:18:54,305 - utils.logger2025-12-23-10.16.56 - INFO - Cur epoch 30 loss TA:0.5862 TV:0.5795 VA:1.0188 CE:0.1547
2025-12-23 10:18:54,701 - utils.logger2025-12-23-10.16.56 - INFO - Cur epoch 30 loss TA:-6.3334 TV:-6.3376 VA:-12.8257 CE:0.0000
2025-12-23 10:18:54,775 - utils.logger2025-12-23-10.16.56 - INFO - saving the model at the end of epoch 30, iters 1620
2025-12-23 10:18:54,999 - utils.logger2025-12-23-10.16.56 - INFO - End of training epoch 30 / 40 	 Time Taken: 2 sec
2025-12-23 10:18:54,999 - utils.logger2025-12-23-10.16.56 - INFO - learning rate = 0.0004545
2025-12-23 10:18:55,769 - utils.logger2025-12-23-10.16.56 - INFO - Val result of epoch 30 / 40 acc 0.7630 uar 0.6596 f1 0.6890
2025-12-23 10:18:55,769 - utils.logger2025-12-23-10.16.56 - INFO - 
[[ 13   2  11   0]
 [  0  18  10   0]
 [  4   8 112   4]
 [  2   0   9  18]]
2025-12-23 10:18:56,070 - utils.logger2025-12-23-10.16.56 - INFO - Tst result of epoch 30 / 40 acc 0.6605 uar 0.6474 f1 0.6290
2025-12-23 10:18:56,071 - utils.logger2025-12-23-10.16.56 - INFO - 
[[18  1  9  0]
 [ 1 62  1  0]
 [10 24 42  0]
 [15  2 10 20]]
2025-12-23 10:18:57,062 - utils.logger2025-12-23-10.16.56 - INFO - Cur epoch 31 loss TA:0.5402 TV:0.5511 VA:1.0211 CE:0.0847
2025-12-23 10:18:57,560 - utils.logger2025-12-23-10.16.56 - INFO - Cur epoch 31 loss TA:0.5124 TV:0.5366 VA:1.0150 CE:0.0229
2025-12-23 10:18:58,043 - utils.logger2025-12-23-10.16.56 - INFO - Cur epoch 31 loss TA:0.5629 TV:0.5600 VA:1.0327 CE:0.0106
2025-12-23 10:18:58,529 - utils.logger2025-12-23-10.16.56 - INFO - Cur epoch 31 loss TA:0.5366 TV:0.5485 VA:1.0298 CE:0.0374
2025-12-23 10:18:58,935 - utils.logger2025-12-23-10.16.56 - INFO - Cur epoch 31 loss TA:0.5308 TV:0.5396 VA:0.9834 CE:0.0771
2025-12-23 10:18:59,139 - utils.logger2025-12-23-10.16.56 - INFO - saving the model at the end of epoch 31, iters 1674
2025-12-23 10:18:59,255 - utils.logger2025-12-23-10.16.56 - INFO - End of training epoch 31 / 40 	 Time Taken: 3 sec
2025-12-23 10:18:59,255 - utils.logger2025-12-23-10.16.56 - INFO - learning rate = 0.0004091
2025-12-23 10:19:00,056 - utils.logger2025-12-23-10.16.56 - INFO - Val result of epoch 31 / 40 acc 0.7393 uar 0.5732 f1 0.6271
2025-12-23 10:19:00,057 - utils.logger2025-12-23-10.16.56 - INFO - 
[[ 10   0  16   0]
 [  0  17  11   0]
 [  3   5 118   2]
 [  2   0  16  11]]
2025-12-23 10:19:00,366 - utils.logger2025-12-23-10.16.56 - INFO - Tst result of epoch 31 / 40 acc 0.6093 uar 0.5822 f1 0.5637
2025-12-23 10:19:00,366 - utils.logger2025-12-23-10.16.56 - INFO - 
[[15  5  8  0]
 [ 1 62  1  0]
 [ 6 30 40  0]
 [13  3 17 14]]
2025-12-23 10:19:01,299 - utils.logger2025-12-23-10.16.56 - INFO - Cur epoch 32 loss TA:0.5668 TV:0.5931 VA:1.0466 CE:0.0455
2025-12-23 10:19:01,772 - utils.logger2025-12-23-10.16.56 - INFO - Cur epoch 32 loss TA:0.5762 TV:0.5883 VA:0.9892 CE:0.0375
2025-12-23 10:19:02,189 - utils.logger2025-12-23-10.16.56 - INFO - Cur epoch 32 loss TA:0.5214 TV:0.5215 VA:0.9754 CE:0.0731
2025-12-23 10:19:02,627 - utils.logger2025-12-23-10.16.56 - INFO - Cur epoch 32 loss TA:0.5797 TV:0.5921 VA:1.0078 CE:0.0358
2025-12-23 10:19:03,011 - utils.logger2025-12-23-10.16.56 - INFO - Cur epoch 32 loss TA:0.5282 TV:0.5340 VA:1.0014 CE:0.0434
2025-12-23 10:19:03,396 - utils.logger2025-12-23-10.16.56 - INFO - saving the model at the end of epoch 32, iters 1728
2025-12-23 10:19:03,507 - utils.logger2025-12-23-10.16.56 - INFO - End of training epoch 32 / 40 	 Time Taken: 3 sec
2025-12-23 10:19:03,507 - utils.logger2025-12-23-10.16.56 - INFO - learning rate = 0.0003636
2025-12-23 10:19:03,807 - utils.logger2025-12-23-10.16.56 - INFO - Val result of epoch 32 / 40 acc 0.7393 uar 0.6904 f1 0.6771
2025-12-23 10:19:03,808 - utils.logger2025-12-23-10.16.56 - INFO - 
[[ 19   0   7   0]
 [  1  22   5   0]
 [ 16   8 102   2]
 [  6   1   9  13]]
2025-12-23 10:19:04,093 - utils.logger2025-12-23-10.16.56 - INFO - Tst result of epoch 32 / 40 acc 0.6279 uar 0.6581 f1 0.5960
2025-12-23 10:19:04,093 - utils.logger2025-12-23-10.16.56 - INFO - 
[[26  0  2  0]
 [ 3 60  1  0]
 [24 17 34  1]
 [21  1 10 15]]
2025-12-23 10:19:04,428 - utils.logger2025-12-23-10.16.56 - INFO - Cur epoch 33 loss TA:0.5620 TV:0.5775 VA:1.0210 CE:0.0189
2025-12-23 10:19:04,868 - utils.logger2025-12-23-10.16.56 - INFO - Cur epoch 33 loss TA:0.5163 TV:0.5463 VA:1.0207 CE:0.0350
2025-12-23 10:19:05,279 - utils.logger2025-12-23-10.16.56 - INFO - Cur epoch 33 loss TA:0.5389 TV:0.5537 VA:1.0030 CE:0.0057
2025-12-23 10:19:06,016 - utils.logger2025-12-23-10.16.56 - INFO - Cur epoch 33 loss TA:0.5270 TV:0.5371 VA:1.0115 CE:0.0439
2025-12-23 10:19:06,889 - utils.logger2025-12-23-10.16.56 - INFO - Cur epoch 33 loss TA:0.5435 TV:0.5500 VA:1.0092 CE:0.0461
2025-12-23 10:19:07,363 - utils.logger2025-12-23-10.16.56 - INFO - Cur epoch 33 loss TA:0.5369 TV:0.5571 VA:0.9952 CE:0.0696
2025-12-23 10:19:07,539 - utils.logger2025-12-23-10.16.56 - INFO - saving the model at the end of epoch 33, iters 1782
2025-12-23 10:19:07,661 - utils.logger2025-12-23-10.16.56 - INFO - End of training epoch 33 / 40 	 Time Taken: 3 sec
2025-12-23 10:19:07,661 - utils.logger2025-12-23-10.16.56 - INFO - learning rate = 0.0003182
2025-12-23 10:19:08,076 - utils.logger2025-12-23-10.16.56 - INFO - Val result of epoch 33 / 40 acc 0.7678 uar 0.6369 f1 0.6838
2025-12-23 10:19:08,076 - utils.logger2025-12-23-10.16.56 - INFO - 
[[ 15   0  11   0]
 [  0  18  10   0]
 [  4   5 117   2]
 [  2   0  15  12]]
2025-12-23 10:19:08,578 - utils.logger2025-12-23-10.16.56 - INFO - Tst result of epoch 33 / 40 acc 0.6651 uar 0.6454 f1 0.6304
2025-12-23 10:19:08,579 - utils.logger2025-12-23-10.16.56 - INFO - 
[[18  0 10  0]
 [ 2 60  2  0]
 [ 9 19 47  1]
 [12  2 15 18]]
2025-12-23 10:19:09,333 - utils.logger2025-12-23-10.16.56 - INFO - Cur epoch 34 loss TA:0.4923 TV:0.5159 VA:0.9843 CE:0.0086
2025-12-23 10:19:09,858 - utils.logger2025-12-23-10.16.56 - INFO - Cur epoch 34 loss TA:0.5482 TV:0.5512 VA:0.9980 CE:0.0056
2025-12-23 10:19:10,378 - utils.logger2025-12-23-10.16.56 - INFO - Cur epoch 34 loss TA:0.5414 TV:0.5582 VA:0.9825 CE:0.1647
2025-12-23 10:19:10,883 - utils.logger2025-12-23-10.16.56 - INFO - Cur epoch 34 loss TA:0.5286 TV:0.5373 VA:0.9868 CE:0.0376
2025-12-23 10:19:11,404 - utils.logger2025-12-23-10.16.56 - INFO - Cur epoch 34 loss TA:0.5232 TV:0.5547 VA:0.9728 CE:0.0302
2025-12-23 10:19:11,827 - utils.logger2025-12-23-10.16.56 - INFO - saving the model at the end of epoch 34, iters 1836
2025-12-23 10:19:11,924 - utils.logger2025-12-23-10.16.56 - INFO - End of training epoch 34 / 40 	 Time Taken: 3 sec
2025-12-23 10:19:11,924 - utils.logger2025-12-23-10.16.56 - INFO - learning rate = 0.0002727
2025-12-23 10:19:12,365 - utils.logger2025-12-23-10.16.56 - INFO - Val result of epoch 34 / 40 acc 0.7678 uar 0.6359 f1 0.6846
2025-12-23 10:19:12,365 - utils.logger2025-12-23-10.16.56 - INFO - 
[[ 14   0  12   0]
 [  0  18  10   0]
 [  4   5 117   2]
 [  2   0  14  13]]
2025-12-23 10:19:12,766 - utils.logger2025-12-23-10.16.56 - INFO - Tst result of epoch 34 / 40 acc 0.6372 uar 0.6299 f1 0.6047
2025-12-23 10:19:12,766 - utils.logger2025-12-23-10.16.56 - INFO - 
[[19  1  8  0]
 [ 2 61  1  0]
 [11 25 40  0]
 [13  4 13 17]]
2025-12-23 10:19:13,238 - utils.logger2025-12-23-10.16.56 - INFO - Cur epoch 35 loss TA:0.5056 TV:0.5169 VA:0.9702 CE:0.0233
2025-12-23 10:19:13,703 - utils.logger2025-12-23-10.16.56 - INFO - Cur epoch 35 loss TA:0.5263 TV:0.5425 VA:0.9738 CE:0.0975
2025-12-23 10:19:14,216 - utils.logger2025-12-23-10.16.56 - INFO - Cur epoch 35 loss TA:0.5435 TV:0.5434 VA:1.0052 CE:0.0335
2025-12-23 10:19:14,737 - utils.logger2025-12-23-10.16.56 - INFO - Cur epoch 35 loss TA:0.5262 TV:0.5304 VA:0.9695 CE:0.0098
2025-12-23 10:19:15,249 - utils.logger2025-12-23-10.16.56 - INFO - Cur epoch 35 loss TA:0.5214 TV:0.5313 VA:0.9987 CE:0.0183
2025-12-23 10:19:15,674 - utils.logger2025-12-23-10.16.56 - INFO - Cur epoch 35 loss TA:-6.3681 TV:-6.4298 VA:-12.7319 CE:0.0000
2025-12-23 10:19:15,788 - utils.logger2025-12-23-10.16.56 - INFO - saving the model at the end of epoch 35, iters 1890
2025-12-23 10:19:15,966 - utils.logger2025-12-23-10.16.56 - INFO - End of training epoch 35 / 40 	 Time Taken: 3 sec
2025-12-23 10:19:15,966 - utils.logger2025-12-23-10.16.56 - INFO - learning rate = 0.0002273
2025-12-23 10:19:16,767 - utils.logger2025-12-23-10.16.56 - INFO - Val result of epoch 35 / 40 acc 0.7867 uar 0.6491 f1 0.7069
2025-12-23 10:19:16,768 - utils.logger2025-12-23-10.16.56 - INFO - 
[[ 13   0  13   0]
 [  0  17  11   0]
 [  2   4 120   2]
 [  2   0  11  16]]
2025-12-23 10:19:17,070 - utils.logger2025-12-23-10.16.56 - INFO - Tst result of epoch 35 / 40 acc 0.6698 uar 0.6534 f1 0.6407
2025-12-23 10:19:17,071 - utils.logger2025-12-23-10.16.56 - INFO - 
[[18  2  8  0]
 [ 1 61  2  0]
 [ 9 22 45  0]
 [11  2 14 20]]
2025-12-23 10:19:17,714 - utils.logger2025-12-23-10.16.56 - INFO - Cur epoch 36 loss TA:0.5327 TV:0.5373 VA:0.9478 CE:0.0850
2025-12-23 10:19:18,127 - utils.logger2025-12-23-10.16.56 - INFO - Cur epoch 36 loss TA:0.5291 TV:0.5344 VA:1.0020 CE:0.0585
2025-12-23 10:19:18,605 - utils.logger2025-12-23-10.16.56 - INFO - Cur epoch 36 loss TA:0.5136 TV:0.5299 VA:0.9897 CE:0.0035
2025-12-23 10:19:19,078 - utils.logger2025-12-23-10.16.56 - INFO - Cur epoch 36 loss TA:0.5586 TV:0.5757 VA:0.9672 CE:0.0047
2025-12-23 10:19:19,567 - utils.logger2025-12-23-10.16.56 - INFO - Cur epoch 36 loss TA:0.4962 TV:0.5132 VA:0.9592 CE:0.0016
2025-12-23 10:19:19,829 - utils.logger2025-12-23-10.16.56 - INFO - saving the model at the end of epoch 36, iters 1944
2025-12-23 10:19:19,956 - utils.logger2025-12-23-10.16.56 - INFO - End of training epoch 36 / 40 	 Time Taken: 2 sec
2025-12-23 10:19:19,956 - utils.logger2025-12-23-10.16.56 - INFO - learning rate = 0.0001818
2025-12-23 10:19:20,751 - utils.logger2025-12-23-10.16.56 - INFO - Val result of epoch 36 / 40 acc 0.7630 uar 0.6695 f1 0.6883
2025-12-23 10:19:20,751 - utils.logger2025-12-23-10.16.56 - INFO - 
[[ 15   1  10   0]
 [  0  22   6   0]
 [  7   8 111   2]
 [  3   0  13  13]]
2025-12-23 10:19:21,250 - utils.logger2025-12-23-10.16.56 - INFO - Tst result of epoch 36 / 40 acc 0.6465 uar 0.6299 f1 0.6123
2025-12-23 10:19:21,250 - utils.logger2025-12-23-10.16.56 - INFO - 
[[17  3  8  0]
 [ 1 62  1  0]
 [12 22 41  1]
 [12  2 14 19]]
2025-12-23 10:19:22,019 - utils.logger2025-12-23-10.16.56 - INFO - Cur epoch 37 loss TA:0.4905 TV:0.4981 VA:0.9592 CE:0.0220
2025-12-23 10:19:22,384 - utils.logger2025-12-23-10.16.56 - INFO - Cur epoch 37 loss TA:0.5189 TV:0.5272 VA:0.9581 CE:0.0242
2025-12-23 10:19:22,766 - utils.logger2025-12-23-10.16.56 - INFO - Cur epoch 37 loss TA:0.5163 TV:0.5230 VA:0.9697 CE:0.0196
2025-12-23 10:19:23,139 - utils.logger2025-12-23-10.16.56 - INFO - Cur epoch 37 loss TA:0.5276 TV:0.5221 VA:0.9389 CE:0.0045
2025-12-23 10:19:23,498 - utils.logger2025-12-23-10.16.56 - INFO - Cur epoch 37 loss TA:0.5426 TV:0.5615 VA:1.0094 CE:0.0108
2025-12-23 10:19:23,828 - utils.logger2025-12-23-10.16.56 - INFO - saving the model at the end of epoch 37, iters 1998
2025-12-23 10:19:23,948 - utils.logger2025-12-23-10.16.56 - INFO - End of training epoch 37 / 40 	 Time Taken: 2 sec
2025-12-23 10:19:23,948 - utils.logger2025-12-23-10.16.56 - INFO - learning rate = 0.0001364
2025-12-23 10:19:24,537 - utils.logger2025-12-23-10.16.56 - INFO - Val result of epoch 37 / 40 acc 0.7725 uar 0.6668 f1 0.6978
2025-12-23 10:19:24,537 - utils.logger2025-12-23-10.16.56 - INFO - 
[[ 16   1   9   0]
 [  0  19   9   0]
 [  5   7 114   2]
 [  3   0  12  14]]
2025-12-23 10:19:25,131 - utils.logger2025-12-23-10.16.56 - INFO - Tst result of epoch 37 / 40 acc 0.6651 uar 0.6612 f1 0.6438
2025-12-23 10:19:25,131 - utils.logger2025-12-23-10.16.56 - INFO - 
[[19  1  8  0]
 [ 2 60  2  0]
 [12 22 41  1]
 [11  2 11 23]]
2025-12-23 10:19:25,762 - utils.logger2025-12-23-10.16.56 - INFO - Cur epoch 38 loss TA:0.5118 TV:0.5100 VA:0.9750 CE:0.0104
2025-12-23 10:19:26,214 - utils.logger2025-12-23-10.16.56 - INFO - Cur epoch 38 loss TA:0.4947 TV:0.5032 VA:0.9320 CE:0.0013
2025-12-23 10:19:26,651 - utils.logger2025-12-23-10.16.56 - INFO - Cur epoch 38 loss TA:0.5093 TV:0.5346 VA:0.9744 CE:0.0085
2025-12-23 10:19:27,157 - utils.logger2025-12-23-10.16.56 - INFO - Cur epoch 38 loss TA:0.5404 TV:0.5549 VA:0.9979 CE:0.0139
2025-12-23 10:19:27,532 - utils.logger2025-12-23-10.16.56 - INFO - Cur epoch 38 loss TA:0.4964 TV:0.5167 VA:0.9611 CE:0.0013
2025-12-23 10:19:27,942 - utils.logger2025-12-23-10.16.56 - INFO - Cur epoch 38 loss TA:0.5151 TV:0.5252 VA:0.9461 CE:0.0029
2025-12-23 10:19:28,099 - utils.logger2025-12-23-10.16.56 - INFO - saving the model at the end of epoch 38, iters 2052
2025-12-23 10:19:28,197 - utils.logger2025-12-23-10.16.56 - INFO - End of training epoch 38 / 40 	 Time Taken: 3 sec
2025-12-23 10:19:28,198 - utils.logger2025-12-23-10.16.56 - INFO - learning rate = 0.0000909
2025-12-23 10:19:28,552 - utils.logger2025-12-23-10.16.56 - INFO - Val result of epoch 38 / 40 acc 0.7583 uar 0.6812 f1 0.6887
2025-12-23 10:19:28,553 - utils.logger2025-12-23-10.16.56 - INFO - 
[[ 15   1  10   0]
 [  0  23   5   0]
 [  9   9 108   2]
 [  3   1  11  14]]
2025-12-23 10:19:28,868 - utils.logger2025-12-23-10.16.56 - INFO - Tst result of epoch 38 / 40 acc 0.6512 uar 0.6485 f1 0.6255
2025-12-23 10:19:28,868 - utils.logger2025-12-23-10.16.56 - INFO - 
[[19  1  8  0]
 [ 1 62  1  0]
 [12 25 38  1]
 [12  5  9 21]]
2025-12-23 10:19:29,966 - utils.logger2025-12-23-10.16.56 - INFO - Cur epoch 39 loss TA:0.4772 TV:0.4932 VA:0.9213 CE:0.0011
2025-12-23 10:19:30,413 - utils.logger2025-12-23-10.16.56 - INFO - Cur epoch 39 loss TA:0.5176 TV:0.5342 VA:1.0007 CE:0.0435
2025-12-23 10:19:30,845 - utils.logger2025-12-23-10.16.56 - INFO - Cur epoch 39 loss TA:0.4944 TV:0.5014 VA:0.9451 CE:0.1460
2025-12-23 10:19:31,335 - utils.logger2025-12-23-10.16.56 - INFO - Cur epoch 39 loss TA:0.5412 TV:0.5497 VA:0.9596 CE:0.0229
2025-12-23 10:19:31,817 - utils.logger2025-12-23-10.16.56 - INFO - Cur epoch 39 loss TA:0.5305 TV:0.5478 VA:0.9714 CE:0.0455
2025-12-23 10:19:32,341 - utils.logger2025-12-23-10.16.56 - INFO - saving the model at the end of epoch 39, iters 2106
2025-12-23 10:19:32,444 - utils.logger2025-12-23-10.16.56 - INFO - End of training epoch 39 / 40 	 Time Taken: 3 sec
2025-12-23 10:19:32,444 - utils.logger2025-12-23-10.16.56 - INFO - learning rate = 0.0000455
2025-12-23 10:19:33,666 - utils.logger2025-12-23-10.16.56 - INFO - Val result of epoch 39 / 40 acc 0.7678 uar 0.6582 f1 0.6869
2025-12-23 10:19:33,667 - utils.logger2025-12-23-10.16.56 - INFO - 
[[ 16   1   9   0]
 [  0  19   9   0]
 [  6   6 114   2]
 [  3   1  12  13]]
2025-12-23 10:19:34,410 - utils.logger2025-12-23-10.16.56 - INFO - Tst result of epoch 39 / 40 acc 0.6698 uar 0.6637 f1 0.6438
2025-12-23 10:19:34,411 - utils.logger2025-12-23-10.16.56 - INFO - 
[[19  1  8  0]
 [ 1 62  1  0]
 [11 23 41  1]
 [13  2 10 22]]
2025-12-23 10:19:34,857 - utils.logger2025-12-23-10.16.56 - INFO - Cur epoch 40 loss TA:0.4989 TV:0.5093 VA:0.9522 CE:0.0057
2025-12-23 10:19:35,364 - utils.logger2025-12-23-10.16.56 - INFO - Cur epoch 40 loss TA:0.5401 TV:0.5465 VA:0.9608 CE:0.0053
2025-12-23 10:19:35,879 - utils.logger2025-12-23-10.16.56 - INFO - Cur epoch 40 loss TA:0.5023 TV:0.5113 VA:0.9528 CE:0.0139
2025-12-23 10:19:36,358 - utils.logger2025-12-23-10.16.56 - INFO - Cur epoch 40 loss TA:0.4939 TV:0.4971 VA:0.9127 CE:0.0027
2025-12-23 10:19:36,795 - utils.logger2025-12-23-10.16.56 - INFO - Cur epoch 40 loss TA:0.5039 TV:0.5109 VA:0.9634 CE:0.0022
2025-12-23 10:19:37,232 - utils.logger2025-12-23-10.16.56 - INFO - Cur epoch 40 loss TA:-6.4175 TV:-6.4156 VA:-12.8616 CE:0.0002
2025-12-23 10:19:37,283 - utils.logger2025-12-23-10.16.56 - INFO - saving the model at the end of epoch 40, iters 2160
2025-12-23 10:19:37,405 - utils.logger2025-12-23-10.16.56 - INFO - End of training epoch 40 / 40 	 Time Taken: 2 sec
2025-12-23 10:19:37,405 - utils.logger2025-12-23-10.16.56 - INFO - learning rate = 0.0000000
2025-12-23 10:19:37,854 - utils.logger2025-12-23-10.16.56 - INFO - Val result of epoch 40 / 40 acc 0.7630 uar 0.6563 f1 0.6852
2025-12-23 10:19:37,854 - utils.logger2025-12-23-10.16.56 - INFO - 
[[ 16   1   9   0]
 [  0  19   9   0]
 [  7   6 113   2]
 [  3   0  13  13]]
2025-12-23 10:19:38,474 - utils.logger2025-12-23-10.16.56 - INFO - Tst result of epoch 40 / 40 acc 0.6651 uar 0.6598 f1 0.6396
2025-12-23 10:19:38,475 - utils.logger2025-12-23-10.16.56 - INFO - 
[[19  1  8  0]
 [ 2 61  1  0]
 [12 22 41  1]
 [13  2 10 22]]
2025-12-23 10:19:38,475 - utils.logger2025-12-23-10.16.56 - INFO - Best eval epoch 11 found with f1 0.746876
