2026-03-03 20:33:33,412 - utils.logger2026-03-03-20.33.26 - INFO - The number of training samples = 1750
2026-03-03 20:33:33,412 - utils.logger2026-03-03-20.33.26 - INFO - The number of testing samples = 1344
2026-03-03 20:33:35,953 - utils.logger2026-03-03-20.33.26 - INFO - Cur epoch 1 loss CE:2.7968 mse:3.2538 consistent:4.3923
2026-03-03 20:33:36,561 - utils.logger2026-03-03-20.33.26 - INFO - Cur epoch 1 loss CE:2.9585 mse:1.6426 consistent:4.0332
2026-03-03 20:33:37,209 - utils.logger2026-03-03-20.33.26 - INFO - saving the model at the end of epoch 1, iters 28
2026-03-03 20:33:37,341 - utils.logger2026-03-03-20.33.26 - INFO - End of training epoch 1 / 40 	 Time Taken: 3 sec
2026-03-03 20:33:37,342 - utils.logger2026-03-03-20.33.26 - INFO - learning rate = 0.0002000
2026-03-03 20:33:39,200 - utils.logger2026-03-03-20.33.26 - INFO - Val result of epoch 1 / 40 mae 1.3538 corr 0.1872 f1 0.5962
2026-03-03 20:33:40,932 - utils.logger2026-03-03-20.33.26 - INFO - Tst result of epoch 1 / 40 mae 1.5178 corr 0.1716 f1 0.5483
2026-03-03 20:33:42,085 - utils.logger2026-03-03-20.33.26 - INFO - Cur epoch 2 loss CE:2.1276 mse:0.8258 consistent:4.0897
2026-03-03 20:33:42,656 - utils.logger2026-03-03-20.33.26 - INFO - Cur epoch 2 loss CE:1.9897 mse:0.4938 consistent:3.4245
2026-03-03 20:33:43,266 - utils.logger2026-03-03-20.33.26 - INFO - Cur epoch 2 loss CE:2.2037 mse:0.4672 consistent:3.1574
2026-03-03 20:33:43,819 - utils.logger2026-03-03-20.33.26 - INFO - saving the model at the end of epoch 2, iters 56
2026-03-03 20:33:43,949 - utils.logger2026-03-03-20.33.26 - INFO - End of training epoch 2 / 40 	 Time Taken: 3 sec
2026-03-03 20:33:43,949 - utils.logger2026-03-03-20.33.26 - INFO - learning rate = 0.0002000
2026-03-03 20:33:45,847 - utils.logger2026-03-03-20.33.26 - INFO - Val result of epoch 2 / 40 mae 1.3644 corr 0.3426 f1 0.5383
2026-03-03 20:33:47,607 - utils.logger2026-03-03-20.33.26 - INFO - Tst result of epoch 2 / 40 mae 1.4579 corr 0.3439 f1 0.6103
2026-03-03 20:33:48,917 - utils.logger2026-03-03-20.33.26 - INFO - Cur epoch 3 loss CE:1.8459 mse:0.6043 consistent:3.3825
2026-03-03 20:33:49,600 - utils.logger2026-03-03-20.33.26 - INFO - Cur epoch 3 loss CE:1.6754 mse:0.4190 consistent:3.0931
2026-03-03 20:33:50,246 - utils.logger2026-03-03-20.33.26 - INFO - Cur epoch 3 loss CE:2.0700 mse:0.4132 consistent:2.9847
2026-03-03 20:33:50,636 - utils.logger2026-03-03-20.33.26 - INFO - saving the model at the end of epoch 3, iters 84
2026-03-03 20:33:50,771 - utils.logger2026-03-03-20.33.26 - INFO - End of training epoch 3 / 40 	 Time Taken: 3 sec
2026-03-03 20:33:50,772 - utils.logger2026-03-03-20.33.26 - INFO - learning rate = 0.0002000
2026-03-03 20:33:52,643 - utils.logger2026-03-03-20.33.26 - INFO - Val result of epoch 3 / 40 mae 1.2883 corr 0.4205 f1 0.5911
2026-03-03 20:33:54,415 - utils.logger2026-03-03-20.33.26 - INFO - Tst result of epoch 3 / 40 mae 1.3945 corr 0.4429 f1 0.6675
2026-03-03 20:33:55,827 - utils.logger2026-03-03-20.33.26 - INFO - Cur epoch 4 loss CE:1.8534 mse:0.3285 consistent:2.5426
2026-03-03 20:33:56,425 - utils.logger2026-03-03-20.33.26 - INFO - Cur epoch 4 loss CE:1.7983 mse:0.3316 consistent:2.4562
2026-03-03 20:33:57,045 - utils.logger2026-03-03-20.33.26 - INFO - Cur epoch 4 loss CE:1.7290 mse:0.2928 consistent:2.2505
2026-03-03 20:33:57,314 - utils.logger2026-03-03-20.33.26 - INFO - saving the model at the end of epoch 4, iters 112
2026-03-03 20:33:57,445 - utils.logger2026-03-03-20.33.26 - INFO - End of training epoch 4 / 40 	 Time Taken: 3 sec
2026-03-03 20:33:57,446 - utils.logger2026-03-03-20.33.26 - INFO - learning rate = 0.0002000
2026-03-03 20:33:59,339 - utils.logger2026-03-03-20.33.26 - INFO - Val result of epoch 4 / 40 mae 1.2367 corr 0.3991 f1 0.5876
2026-03-03 20:34:01,054 - utils.logger2026-03-03-20.33.26 - INFO - Tst result of epoch 4 / 40 mae 1.3506 corr 0.4437 f1 0.6512
2026-03-03 20:34:02,520 - utils.logger2026-03-03-20.33.26 - INFO - Cur epoch 5 loss CE:1.4772 mse:0.2690 consistent:2.0671
2026-03-03 20:34:03,070 - utils.logger2026-03-03-20.33.26 - INFO - Cur epoch 5 loss CE:1.4982 mse:0.2755 consistent:1.8797
2026-03-03 20:34:03,599 - utils.logger2026-03-03-20.33.26 - INFO - Cur epoch 5 loss CE:2.1519 mse:0.3004 consistent:1.6402
2026-03-03 20:34:03,741 - utils.logger2026-03-03-20.33.26 - INFO - saving the model at the end of epoch 5, iters 140
2026-03-03 20:34:03,869 - utils.logger2026-03-03-20.33.26 - INFO - End of training epoch 5 / 40 	 Time Taken: 2 sec
2026-03-03 20:34:03,869 - utils.logger2026-03-03-20.33.26 - INFO - learning rate = 0.0002000
2026-03-03 20:34:05,692 - utils.logger2026-03-03-20.33.26 - INFO - Val result of epoch 5 / 40 mae 1.2339 corr 0.3874 f1 0.6378
2026-03-03 20:34:07,461 - utils.logger2026-03-03-20.33.26 - INFO - Tst result of epoch 5 / 40 mae 1.3905 corr 0.4365 f1 0.6326
2026-03-03 20:34:09,032 - utils.logger2026-03-03-20.33.26 - INFO - Cur epoch 6 loss CE:1.5506 mse:0.2684 consistent:1.2075
2026-03-03 20:34:09,559 - utils.logger2026-03-03-20.33.26 - INFO - Cur epoch 6 loss CE:1.2943 mse:0.2212 consistent:0.9568
2026-03-03 20:34:10,207 - utils.logger2026-03-03-20.33.26 - INFO - saving the model at the end of epoch 6, iters 168
2026-03-03 20:34:10,331 - utils.logger2026-03-03-20.33.26 - INFO - End of training epoch 6 / 40 	 Time Taken: 2 sec
2026-03-03 20:34:10,331 - utils.logger2026-03-03-20.33.26 - INFO - learning rate = 0.0002000
2026-03-03 20:34:12,086 - utils.logger2026-03-03-20.33.26 - INFO - Val result of epoch 6 / 40 mae 1.2278 corr 0.4041 f1 0.6025
2026-03-03 20:34:13,852 - utils.logger2026-03-03-20.33.26 - INFO - Tst result of epoch 6 / 40 mae 1.3598 corr 0.4414 f1 0.6335
2026-03-03 20:34:15,056 - utils.logger2026-03-03-20.33.26 - INFO - Cur epoch 7 loss CE:1.5766 mse:0.2059 consistent:1.0010
2026-03-03 20:34:15,622 - utils.logger2026-03-03-20.33.26 - INFO - Cur epoch 7 loss CE:1.1648 mse:0.2032 consistent:0.9801
2026-03-03 20:34:16,229 - utils.logger2026-03-03-20.33.26 - INFO - Cur epoch 7 loss CE:1.3288 mse:0.2324 consistent:0.8315
2026-03-03 20:34:16,719 - utils.logger2026-03-03-20.33.26 - INFO - saving the model at the end of epoch 7, iters 196
2026-03-03 20:34:16,848 - utils.logger2026-03-03-20.33.26 - INFO - End of training epoch 7 / 40 	 Time Taken: 2 sec
2026-03-03 20:34:16,849 - utils.logger2026-03-03-20.33.26 - INFO - learning rate = 0.0002000
2026-03-03 20:34:18,622 - utils.logger2026-03-03-20.33.26 - INFO - Val result of epoch 7 / 40 mae 1.2273 corr 0.4208 f1 0.5848
2026-03-03 20:34:20,377 - utils.logger2026-03-03-20.33.26 - INFO - Tst result of epoch 7 / 40 mae 1.3525 corr 0.4368 f1 0.6554
2026-03-03 20:34:21,668 - utils.logger2026-03-03-20.33.26 - INFO - Cur epoch 8 loss CE:1.2491 mse:0.2007 consistent:0.7984
2026-03-03 20:34:22,231 - utils.logger2026-03-03-20.33.26 - INFO - Cur epoch 8 loss CE:1.6505 mse:0.2335 consistent:0.8323
2026-03-03 20:34:22,763 - utils.logger2026-03-03-20.33.26 - INFO - Cur epoch 8 loss CE:1.3796 mse:0.2077 consistent:0.8174
2026-03-03 20:34:23,117 - utils.logger2026-03-03-20.33.26 - INFO - saving the model at the end of epoch 8, iters 224
2026-03-03 20:34:23,239 - utils.logger2026-03-03-20.33.26 - INFO - End of training epoch 8 / 40 	 Time Taken: 2 sec
2026-03-03 20:34:23,239 - utils.logger2026-03-03-20.33.26 - INFO - learning rate = 0.0002000
2026-03-03 20:34:24,988 - utils.logger2026-03-03-20.33.26 - INFO - Val result of epoch 8 / 40 mae 1.2107 corr 0.4209 f1 0.6973
2026-03-03 20:34:26,733 - utils.logger2026-03-03-20.33.26 - INFO - Tst result of epoch 8 / 40 mae 1.3441 corr 0.4470 f1 0.6615
2026-03-03 20:34:28,173 - utils.logger2026-03-03-20.33.26 - INFO - Cur epoch 9 loss CE:1.5796 mse:0.2288 consistent:0.8620
2026-03-03 20:34:28,772 - utils.logger2026-03-03-20.33.26 - INFO - Cur epoch 9 loss CE:1.7437 mse:0.2511 consistent:0.8072
2026-03-03 20:34:29,389 - utils.logger2026-03-03-20.33.26 - INFO - Cur epoch 9 loss CE:1.3128 mse:0.1887 consistent:0.7034
2026-03-03 20:34:29,656 - utils.logger2026-03-03-20.33.26 - INFO - saving the model at the end of epoch 9, iters 252
2026-03-03 20:34:29,786 - utils.logger2026-03-03-20.33.26 - INFO - End of training epoch 9 / 40 	 Time Taken: 3 sec
2026-03-03 20:34:29,786 - utils.logger2026-03-03-20.33.26 - INFO - learning rate = 0.0002000
2026-03-03 20:34:31,668 - utils.logger2026-03-03-20.33.26 - INFO - Val result of epoch 9 / 40 mae 1.2228 corr 0.4238 f1 0.5964
2026-03-03 20:34:33,501 - utils.logger2026-03-03-20.33.26 - INFO - Tst result of epoch 9 / 40 mae 1.3376 corr 0.4494 f1 0.6654
2026-03-03 20:34:35,050 - utils.logger2026-03-03-20.33.26 - INFO - Cur epoch 10 loss CE:1.6021 mse:0.2117 consistent:0.7415
2026-03-03 20:34:35,623 - utils.logger2026-03-03-20.33.26 - INFO - Cur epoch 10 loss CE:1.7864 mse:0.2453 consistent:0.7948
2026-03-03 20:34:36,183 - utils.logger2026-03-03-20.33.26 - INFO - Cur epoch 10 loss CE:1.5464 mse:0.2201 consistent:0.7698
2026-03-03 20:34:36,334 - utils.logger2026-03-03-20.33.26 - INFO - saving the model at the end of epoch 10, iters 280
2026-03-03 20:34:36,457 - utils.logger2026-03-03-20.33.26 - INFO - End of training epoch 10 / 40 	 Time Taken: 2 sec
2026-03-03 20:34:36,458 - utils.logger2026-03-03-20.33.26 - INFO - learning rate = 0.0002000
2026-03-03 20:34:38,326 - utils.logger2026-03-03-20.33.26 - INFO - Val result of epoch 10 / 40 mae 1.2254 corr 0.4048 f1 0.5881
2026-03-03 20:34:40,141 - utils.logger2026-03-03-20.33.26 - INFO - Tst result of epoch 10 / 40 mae 1.3513 corr 0.4416 f1 0.6575
2026-03-03 20:34:41,789 - utils.logger2026-03-03-20.33.26 - INFO - Cur epoch 11 loss CE:1.1829 mse:0.1926 consistent:0.7256
2026-03-03 20:34:42,374 - utils.logger2026-03-03-20.33.26 - INFO - Cur epoch 11 loss CE:1.4439 mse:0.2399 consistent:0.8014
2026-03-03 20:34:43,004 - utils.logger2026-03-03-20.33.26 - INFO - saving the model at the end of epoch 11, iters 308
2026-03-03 20:34:43,139 - utils.logger2026-03-03-20.33.26 - INFO - End of training epoch 11 / 40 	 Time Taken: 2 sec
2026-03-03 20:34:43,139 - utils.logger2026-03-03-20.33.26 - INFO - learning rate = 0.0002000
2026-03-03 20:34:44,963 - utils.logger2026-03-03-20.33.26 - INFO - Val result of epoch 11 / 40 mae 1.2350 corr 0.4049 f1 0.5924
2026-03-03 20:34:46,710 - utils.logger2026-03-03-20.33.26 - INFO - Tst result of epoch 11 / 40 mae 1.3453 corr 0.4438 f1 0.6593
2026-03-03 20:34:47,910 - utils.logger2026-03-03-20.33.26 - INFO - Cur epoch 12 loss CE:1.3413 mse:0.1922 consistent:0.6970
2026-03-03 20:34:48,533 - utils.logger2026-03-03-20.33.26 - INFO - Cur epoch 12 loss CE:1.4519 mse:0.2394 consistent:0.7815
2026-03-03 20:34:49,134 - utils.logger2026-03-03-20.33.26 - INFO - Cur epoch 12 loss CE:1.6473 mse:0.2137 consistent:0.7864
2026-03-03 20:34:49,643 - utils.logger2026-03-03-20.33.26 - INFO - saving the model at the end of epoch 12, iters 336
2026-03-03 20:34:49,771 - utils.logger2026-03-03-20.33.26 - INFO - End of training epoch 12 / 40 	 Time Taken: 3 sec
2026-03-03 20:34:49,771 - utils.logger2026-03-03-20.33.26 - INFO - learning rate = 0.0002000
2026-03-03 20:34:51,604 - utils.logger2026-03-03-20.33.26 - INFO - Val result of epoch 12 / 40 mae 1.2156 corr 0.4045 f1 0.6075
2026-03-03 20:34:53,394 - utils.logger2026-03-03-20.33.26 - INFO - Tst result of epoch 12 / 40 mae 1.3438 corr 0.4457 f1 0.6472
2026-03-03 20:34:54,724 - utils.logger2026-03-03-20.33.26 - INFO - Cur epoch 13 loss CE:1.2022 mse:0.1812 consistent:0.6983
2026-03-03 20:34:55,363 - utils.logger2026-03-03-20.33.26 - INFO - Cur epoch 13 loss CE:1.5344 mse:0.2233 consistent:0.7221
2026-03-03 20:34:55,979 - utils.logger2026-03-03-20.33.26 - INFO - Cur epoch 13 loss CE:1.3585 mse:0.2021 consistent:0.7067
2026-03-03 20:34:56,351 - utils.logger2026-03-03-20.33.26 - INFO - saving the model at the end of epoch 13, iters 364
2026-03-03 20:34:56,509 - utils.logger2026-03-03-20.33.26 - INFO - End of training epoch 13 / 40 	 Time Taken: 3 sec
2026-03-03 20:34:56,509 - utils.logger2026-03-03-20.33.26 - INFO - learning rate = 0.0002000
2026-03-03 20:34:58,335 - utils.logger2026-03-03-20.33.26 - INFO - Val result of epoch 13 / 40 mae 1.2399 corr 0.4066 f1 0.5951
2026-03-03 20:35:00,127 - utils.logger2026-03-03-20.33.26 - INFO - Tst result of epoch 13 / 40 mae 1.3441 corr 0.4295 f1 0.6520
2026-03-03 20:35:01,539 - utils.logger2026-03-03-20.33.26 - INFO - Cur epoch 14 loss CE:1.0194 mse:0.1985 consistent:0.6924
2026-03-03 20:35:02,083 - utils.logger2026-03-03-20.33.26 - INFO - Cur epoch 14 loss CE:1.9733 mse:0.2200 consistent:0.7229
2026-03-03 20:35:02,613 - utils.logger2026-03-03-20.33.26 - INFO - Cur epoch 14 loss CE:1.3082 mse:0.1891 consistent:0.6784
2026-03-03 20:35:02,852 - utils.logger2026-03-03-20.33.26 - INFO - saving the model at the end of epoch 14, iters 392
2026-03-03 20:35:02,981 - utils.logger2026-03-03-20.33.26 - INFO - End of training epoch 14 / 40 	 Time Taken: 2 sec
2026-03-03 20:35:02,982 - utils.logger2026-03-03-20.33.26 - INFO - learning rate = 0.0002000
2026-03-03 20:35:04,761 - utils.logger2026-03-03-20.33.26 - INFO - Val result of epoch 14 / 40 mae 1.2410 corr 0.3962 f1 0.5948
2026-03-03 20:35:06,496 - utils.logger2026-03-03-20.33.26 - INFO - Tst result of epoch 14 / 40 mae 1.3504 corr 0.4388 f1 0.6522
2026-03-03 20:35:08,003 - utils.logger2026-03-03-20.33.26 - INFO - Cur epoch 15 loss CE:1.3907 mse:0.2013 consistent:0.6946
2026-03-03 20:35:08,564 - utils.logger2026-03-03-20.33.26 - INFO - Cur epoch 15 loss CE:1.4253 mse:0.2037 consistent:0.6978
2026-03-03 20:35:09,128 - utils.logger2026-03-03-20.33.26 - INFO - Cur epoch 15 loss CE:1.3823 mse:0.1587 consistent:0.6928
2026-03-03 20:35:09,285 - utils.logger2026-03-03-20.33.26 - INFO - saving the model at the end of epoch 15, iters 420
2026-03-03 20:35:09,416 - utils.logger2026-03-03-20.33.26 - INFO - End of training epoch 15 / 40 	 Time Taken: 2 sec
2026-03-03 20:35:09,416 - utils.logger2026-03-03-20.33.26 - INFO - learning rate = 0.0002000
2026-03-03 20:35:11,194 - utils.logger2026-03-03-20.33.26 - INFO - Val result of epoch 15 / 40 mae 1.2232 corr 0.4022 f1 0.5969
2026-03-03 20:35:12,939 - utils.logger2026-03-03-20.33.26 - INFO - Tst result of epoch 15 / 40 mae 1.3528 corr 0.4364 f1 0.6433
2026-03-03 20:35:14,530 - utils.logger2026-03-03-20.33.26 - INFO - Cur epoch 16 loss CE:1.4171 mse:0.2149 consistent:0.6943
2026-03-03 20:35:15,052 - utils.logger2026-03-03-20.33.26 - INFO - Cur epoch 16 loss CE:0.8991 mse:0.1583 consistent:0.6747
2026-03-03 20:35:15,627 - utils.logger2026-03-03-20.33.26 - INFO - saving the model at the end of epoch 16, iters 448
2026-03-03 20:35:15,781 - utils.logger2026-03-03-20.33.26 - INFO - End of training epoch 16 / 40 	 Time Taken: 2 sec
2026-03-03 20:35:15,782 - utils.logger2026-03-03-20.33.26 - INFO - learning rate = 0.0002000
2026-03-03 20:35:17,566 - utils.logger2026-03-03-20.33.26 - INFO - Val result of epoch 16 / 40 mae 1.2120 corr 0.3854 f1 0.6161
2026-03-03 20:35:19,296 - utils.logger2026-03-03-20.33.26 - INFO - Tst result of epoch 16 / 40 mae 1.3446 corr 0.4341 f1 0.6501
2026-03-03 20:35:20,452 - utils.logger2026-03-03-20.33.26 - INFO - Cur epoch 17 loss CE:1.4964 mse:0.2237 consistent:0.7289
2026-03-03 20:35:21,023 - utils.logger2026-03-03-20.33.26 - INFO - Cur epoch 17 loss CE:1.2365 mse:0.1955 consistent:0.6974
2026-03-03 20:35:21,526 - utils.logger2026-03-03-20.33.26 - INFO - Cur epoch 17 loss CE:1.3276 mse:0.2178 consistent:0.6947
2026-03-03 20:35:21,953 - utils.logger2026-03-03-20.33.26 - INFO - saving the model at the end of epoch 17, iters 476
2026-03-03 20:35:22,084 - utils.logger2026-03-03-20.33.26 - INFO - End of training epoch 17 / 40 	 Time Taken: 2 sec
2026-03-03 20:35:22,084 - utils.logger2026-03-03-20.33.26 - INFO - learning rate = 0.0002000
2026-03-03 20:35:23,906 - utils.logger2026-03-03-20.33.26 - INFO - Val result of epoch 17 / 40 mae 1.2281 corr 0.3939 f1 0.5886
2026-03-03 20:35:25,631 - utils.logger2026-03-03-20.33.26 - INFO - Tst result of epoch 17 / 40 mae 1.3344 corr 0.4454 f1 0.6625
2026-03-03 20:35:26,893 - utils.logger2026-03-03-20.33.26 - INFO - Cur epoch 18 loss CE:0.9230 mse:0.1515 consistent:0.6277
2026-03-03 20:35:27,413 - utils.logger2026-03-03-20.33.26 - INFO - Cur epoch 18 loss CE:0.8428 mse:0.1500 consistent:0.7174
2026-03-03 20:35:27,954 - utils.logger2026-03-03-20.33.26 - INFO - Cur epoch 18 loss CE:1.3391 mse:0.2034 consistent:0.6877
2026-03-03 20:35:28,325 - utils.logger2026-03-03-20.33.26 - INFO - saving the model at the end of epoch 18, iters 504
2026-03-03 20:35:28,452 - utils.logger2026-03-03-20.33.26 - INFO - End of training epoch 18 / 40 	 Time Taken: 2 sec
2026-03-03 20:35:28,452 - utils.logger2026-03-03-20.33.26 - INFO - learning rate = 0.0002000
2026-03-03 20:35:30,211 - utils.logger2026-03-03-20.33.26 - INFO - Val result of epoch 18 / 40 mae 1.2270 corr 0.4088 f1 0.6058
2026-03-03 20:35:31,964 - utils.logger2026-03-03-20.33.26 - INFO - Tst result of epoch 18 / 40 mae 1.3356 corr 0.4397 f1 0.6688
2026-03-03 20:35:33,441 - utils.logger2026-03-03-20.33.26 - INFO - Cur epoch 19 loss CE:1.3660 mse:0.2079 consistent:0.6688
2026-03-03 20:35:34,060 - utils.logger2026-03-03-20.33.26 - INFO - Cur epoch 19 loss CE:1.3474 mse:0.2150 consistent:0.7244
2026-03-03 20:35:34,665 - utils.logger2026-03-03-20.33.26 - INFO - Cur epoch 19 loss CE:1.5605 mse:0.2032 consistent:0.6727
2026-03-03 20:35:34,926 - utils.logger2026-03-03-20.33.26 - INFO - saving the model at the end of epoch 19, iters 532
2026-03-03 20:35:35,058 - utils.logger2026-03-03-20.33.26 - INFO - End of training epoch 19 / 40 	 Time Taken: 3 sec
2026-03-03 20:35:35,059 - utils.logger2026-03-03-20.33.26 - INFO - learning rate = 0.0002000
2026-03-03 20:35:36,900 - utils.logger2026-03-03-20.33.26 - INFO - Val result of epoch 19 / 40 mae 1.2202 corr 0.3897 f1 0.6055
2026-03-03 20:35:38,688 - utils.logger2026-03-03-20.33.26 - INFO - Tst result of epoch 19 / 40 mae 1.3366 corr 0.4413 f1 0.6389
2026-03-03 20:35:40,234 - utils.logger2026-03-03-20.33.26 - INFO - Cur epoch 20 loss CE:1.4640 mse:0.1826 consistent:0.6489
2026-03-03 20:35:40,861 - utils.logger2026-03-03-20.33.26 - INFO - Cur epoch 20 loss CE:1.1910 mse:0.2201 consistent:0.6816
2026-03-03 20:35:41,475 - utils.logger2026-03-03-20.33.26 - INFO - Cur epoch 20 loss CE:1.1180 mse:0.1905 consistent:0.7371
2026-03-03 20:35:41,627 - utils.logger2026-03-03-20.33.26 - INFO - saving the model at the end of epoch 20, iters 560
2026-03-03 20:35:41,763 - utils.logger2026-03-03-20.33.26 - INFO - End of training epoch 20 / 40 	 Time Taken: 3 sec
2026-03-03 20:35:41,763 - utils.logger2026-03-03-20.33.26 - INFO - learning rate = 0.0001905
2026-03-03 20:35:43,543 - utils.logger2026-03-03-20.33.26 - INFO - Val result of epoch 20 / 40 mae 1.2474 corr 0.3959 f1 0.6035
2026-03-03 20:35:45,310 - utils.logger2026-03-03-20.33.26 - INFO - Tst result of epoch 20 / 40 mae 1.3434 corr 0.4411 f1 0.6666
2026-03-03 20:35:46,950 - utils.logger2026-03-03-20.33.26 - INFO - Cur epoch 21 loss CE:1.7909 mse:0.2577 consistent:0.6772
2026-03-03 20:35:47,555 - utils.logger2026-03-03-20.33.26 - INFO - Cur epoch 21 loss CE:1.2466 mse:0.1620 consistent:0.5828
2026-03-03 20:35:48,204 - utils.logger2026-03-03-20.33.26 - INFO - saving the model at the end of epoch 21, iters 588
2026-03-03 20:35:48,335 - utils.logger2026-03-03-20.33.26 - INFO - End of training epoch 21 / 40 	 Time Taken: 3 sec
2026-03-03 20:35:48,335 - utils.logger2026-03-03-20.33.26 - INFO - learning rate = 0.0001810
2026-03-03 20:35:50,094 - utils.logger2026-03-03-20.33.26 - INFO - Val result of epoch 21 / 40 mae 1.2508 corr 0.3790 f1 0.5966
2026-03-03 20:35:51,886 - utils.logger2026-03-03-20.33.26 - INFO - Tst result of epoch 21 / 40 mae 1.3532 corr 0.4301 f1 0.6445
2026-03-03 20:35:53,105 - utils.logger2026-03-03-20.33.26 - INFO - Cur epoch 22 loss CE:1.0308 mse:0.1922 consistent:0.7123
2026-03-03 20:35:53,724 - utils.logger2026-03-03-20.33.26 - INFO - Cur epoch 22 loss CE:1.9083 mse:0.2603 consistent:0.7265
2026-03-03 20:35:54,340 - utils.logger2026-03-03-20.33.26 - INFO - Cur epoch 22 loss CE:1.1217 mse:0.1739 consistent:0.6061
2026-03-03 20:35:54,882 - utils.logger2026-03-03-20.33.26 - INFO - saving the model at the end of epoch 22, iters 616
2026-03-03 20:35:55,006 - utils.logger2026-03-03-20.33.26 - INFO - End of training epoch 22 / 40 	 Time Taken: 3 sec
2026-03-03 20:35:55,006 - utils.logger2026-03-03-20.33.26 - INFO - learning rate = 0.0001714
2026-03-03 20:35:56,828 - utils.logger2026-03-03-20.33.26 - INFO - Val result of epoch 22 / 40 mae 1.2371 corr 0.3782 f1 0.6132
2026-03-03 20:35:58,555 - utils.logger2026-03-03-20.33.26 - INFO - Tst result of epoch 22 / 40 mae 1.3415 corr 0.4326 f1 0.6564
2026-03-03 20:35:59,813 - utils.logger2026-03-03-20.33.26 - INFO - Cur epoch 23 loss CE:1.4138 mse:0.2294 consistent:0.7110
2026-03-03 20:36:00,411 - utils.logger2026-03-03-20.33.26 - INFO - Cur epoch 23 loss CE:0.9808 mse:0.1888 consistent:0.6592
2026-03-03 20:36:00,984 - utils.logger2026-03-03-20.33.26 - INFO - Cur epoch 23 loss CE:1.7745 mse:0.2459 consistent:0.6266
2026-03-03 20:36:01,333 - utils.logger2026-03-03-20.33.26 - INFO - saving the model at the end of epoch 23, iters 644
2026-03-03 20:36:01,459 - utils.logger2026-03-03-20.33.26 - INFO - End of training epoch 23 / 40 	 Time Taken: 2 sec
2026-03-03 20:36:01,459 - utils.logger2026-03-03-20.33.26 - INFO - learning rate = 0.0001619
2026-03-03 20:36:03,221 - utils.logger2026-03-03-20.33.26 - INFO - Val result of epoch 23 / 40 mae 1.2467 corr 0.3797 f1 0.5915
2026-03-03 20:36:05,022 - utils.logger2026-03-03-20.33.26 - INFO - Tst result of epoch 23 / 40 mae 1.3386 corr 0.4325 f1 0.6615
2026-03-03 20:36:06,372 - utils.logger2026-03-03-20.33.26 - INFO - Cur epoch 24 loss CE:1.6748 mse:0.2342 consistent:0.6638
2026-03-03 20:36:06,935 - utils.logger2026-03-03-20.33.26 - INFO - Cur epoch 24 loss CE:0.9341 mse:0.1725 consistent:0.6465
2026-03-03 20:36:07,537 - utils.logger2026-03-03-20.33.26 - INFO - Cur epoch 24 loss CE:1.2645 mse:0.2157 consistent:0.6187
2026-03-03 20:36:07,839 - utils.logger2026-03-03-20.33.26 - INFO - saving the model at the end of epoch 24, iters 672
2026-03-03 20:36:07,958 - utils.logger2026-03-03-20.33.26 - INFO - End of training epoch 24 / 40 	 Time Taken: 2 sec
2026-03-03 20:36:07,958 - utils.logger2026-03-03-20.33.26 - INFO - learning rate = 0.0001524
2026-03-03 20:36:09,699 - utils.logger2026-03-03-20.33.26 - INFO - Val result of epoch 24 / 40 mae 1.2351 corr 0.3828 f1 0.5970
2026-03-03 20:36:11,450 - utils.logger2026-03-03-20.33.26 - INFO - Tst result of epoch 24 / 40 mae 1.3385 corr 0.4322 f1 0.6632
2026-03-03 20:36:12,969 - utils.logger2026-03-03-20.33.26 - INFO - Cur epoch 25 loss CE:1.0038 mse:0.1910 consistent:0.6108
2026-03-03 20:36:13,517 - utils.logger2026-03-03-20.33.26 - INFO - Cur epoch 25 loss CE:1.1477 mse:0.1939 consistent:0.6657
2026-03-03 20:36:14,031 - utils.logger2026-03-03-20.33.26 - INFO - Cur epoch 25 loss CE:0.8479 mse:0.1814 consistent:0.6423
2026-03-03 20:36:14,184 - utils.logger2026-03-03-20.33.26 - INFO - saving the model at the end of epoch 25, iters 700
2026-03-03 20:36:14,308 - utils.logger2026-03-03-20.33.26 - INFO - End of training epoch 25 / 40 	 Time Taken: 2 sec
2026-03-03 20:36:14,309 - utils.logger2026-03-03-20.33.26 - INFO - learning rate = 0.0001429
2026-03-03 20:36:16,122 - utils.logger2026-03-03-20.33.26 - INFO - Val result of epoch 25 / 40 mae 1.2290 corr 0.3638 f1 0.5970
2026-03-03 20:36:17,899 - utils.logger2026-03-03-20.33.26 - INFO - Tst result of epoch 25 / 40 mae 1.3469 corr 0.4190 f1 0.6571
2026-03-03 20:36:19,597 - utils.logger2026-03-03-20.33.26 - INFO - Cur epoch 26 loss CE:1.3237 mse:0.1837 consistent:0.5965
2026-03-03 20:36:20,121 - utils.logger2026-03-03-20.33.26 - INFO - Cur epoch 26 loss CE:1.6202 mse:0.2179 consistent:0.5851
2026-03-03 20:36:20,704 - utils.logger2026-03-03-20.33.26 - INFO - saving the model at the end of epoch 26, iters 728
2026-03-03 20:36:20,835 - utils.logger2026-03-03-20.33.26 - INFO - End of training epoch 26 / 40 	 Time Taken: 2 sec
2026-03-03 20:36:20,835 - utils.logger2026-03-03-20.33.26 - INFO - learning rate = 0.0001333
2026-03-03 20:36:22,569 - utils.logger2026-03-03-20.33.26 - INFO - Val result of epoch 26 / 40 mae 1.2451 corr 0.3665 f1 0.5911
2026-03-03 20:36:24,260 - utils.logger2026-03-03-20.33.26 - INFO - Tst result of epoch 26 / 40 mae 1.3374 corr 0.4302 f1 0.6626
2026-03-03 20:36:25,477 - utils.logger2026-03-03-20.33.26 - INFO - Cur epoch 27 loss CE:0.9773 mse:0.1725 consistent:0.5888
2026-03-03 20:36:26,053 - utils.logger2026-03-03-20.33.26 - INFO - Cur epoch 27 loss CE:1.0021 mse:0.1771 consistent:0.6181
2026-03-03 20:36:26,587 - utils.logger2026-03-03-20.33.26 - INFO - Cur epoch 27 loss CE:1.1286 mse:0.1926 consistent:0.6190
2026-03-03 20:36:27,095 - utils.logger2026-03-03-20.33.26 - INFO - saving the model at the end of epoch 27, iters 756
2026-03-03 20:36:27,220 - utils.logger2026-03-03-20.33.26 - INFO - End of training epoch 27 / 40 	 Time Taken: 2 sec
2026-03-03 20:36:27,221 - utils.logger2026-03-03-20.33.26 - INFO - learning rate = 0.0001238
2026-03-03 20:36:29,053 - utils.logger2026-03-03-20.33.26 - INFO - Val result of epoch 27 / 40 mae 1.2469 corr 0.3518 f1 0.5923
2026-03-03 20:36:30,809 - utils.logger2026-03-03-20.33.26 - INFO - Tst result of epoch 27 / 40 mae 1.3448 corr 0.4259 f1 0.6542
2026-03-03 20:36:32,125 - utils.logger2026-03-03-20.33.26 - INFO - Cur epoch 28 loss CE:1.0282 mse:0.2046 consistent:0.6809
2026-03-03 20:36:32,694 - utils.logger2026-03-03-20.33.26 - INFO - Cur epoch 28 loss CE:1.3659 mse:0.2027 consistent:0.6675
2026-03-03 20:36:33,260 - utils.logger2026-03-03-20.33.26 - INFO - Cur epoch 28 loss CE:1.3993 mse:0.2009 consistent:0.6121
2026-03-03 20:36:33,645 - utils.logger2026-03-03-20.33.26 - INFO - saving the model at the end of epoch 28, iters 784
2026-03-03 20:36:33,772 - utils.logger2026-03-03-20.33.26 - INFO - End of training epoch 28 / 40 	 Time Taken: 2 sec
2026-03-03 20:36:33,772 - utils.logger2026-03-03-20.33.26 - INFO - learning rate = 0.0001143
2026-03-03 20:36:35,522 - utils.logger2026-03-03-20.33.26 - INFO - Val result of epoch 28 / 40 mae 1.2693 corr 0.3551 f1 0.5900
2026-03-03 20:36:37,300 - utils.logger2026-03-03-20.33.26 - INFO - Tst result of epoch 28 / 40 mae 1.3438 corr 0.4282 f1 0.6626
2026-03-03 20:36:38,697 - utils.logger2026-03-03-20.33.26 - INFO - Cur epoch 29 loss CE:0.9120 mse:0.1541 consistent:0.5950
2026-03-03 20:36:39,284 - utils.logger2026-03-03-20.33.26 - INFO - Cur epoch 29 loss CE:1.4697 mse:0.2244 consistent:0.6475
2026-03-03 20:36:39,854 - utils.logger2026-03-03-20.33.26 - INFO - Cur epoch 29 loss CE:1.4348 mse:0.2071 consistent:0.5981
2026-03-03 20:36:40,109 - utils.logger2026-03-03-20.33.26 - INFO - saving the model at the end of epoch 29, iters 812
2026-03-03 20:36:40,247 - utils.logger2026-03-03-20.33.26 - INFO - End of training epoch 29 / 40 	 Time Taken: 2 sec
2026-03-03 20:36:40,248 - utils.logger2026-03-03-20.33.26 - INFO - learning rate = 0.0001048
2026-03-03 20:36:42,029 - utils.logger2026-03-03-20.33.26 - INFO - Val result of epoch 29 / 40 mae 1.2462 corr 0.3514 f1 0.5972
2026-03-03 20:36:43,786 - utils.logger2026-03-03-20.33.26 - INFO - Tst result of epoch 29 / 40 mae 1.3418 corr 0.4252 f1 0.6550
2026-03-03 20:36:45,337 - utils.logger2026-03-03-20.33.26 - INFO - Cur epoch 30 loss CE:1.3584 mse:0.2019 consistent:0.6295
2026-03-03 20:36:45,961 - utils.logger2026-03-03-20.33.26 - INFO - Cur epoch 30 loss CE:1.3838 mse:0.1939 consistent:0.6094
2026-03-03 20:36:46,572 - utils.logger2026-03-03-20.33.26 - INFO - Cur epoch 30 loss CE:0.6576 mse:0.1677 consistent:0.6965
2026-03-03 20:36:46,724 - utils.logger2026-03-03-20.33.26 - INFO - saving the model at the end of epoch 30, iters 840
2026-03-03 20:36:46,860 - utils.logger2026-03-03-20.33.26 - INFO - End of training epoch 30 / 40 	 Time Taken: 3 sec
2026-03-03 20:36:46,860 - utils.logger2026-03-03-20.33.26 - INFO - learning rate = 0.0000952
2026-03-03 20:36:48,688 - utils.logger2026-03-03-20.33.26 - INFO - Val result of epoch 30 / 40 mae 1.2434 corr 0.3672 f1 0.5927
2026-03-03 20:36:50,514 - utils.logger2026-03-03-20.33.26 - INFO - Tst result of epoch 30 / 40 mae 1.3330 corr 0.4288 f1 0.6672
2026-03-03 20:36:52,144 - utils.logger2026-03-03-20.33.26 - INFO - Cur epoch 31 loss CE:1.1549 mse:0.1897 consistent:0.6493
2026-03-03 20:36:52,775 - utils.logger2026-03-03-20.33.26 - INFO - Cur epoch 31 loss CE:1.2052 mse:0.2143 consistent:0.6094
2026-03-03 20:36:53,414 - utils.logger2026-03-03-20.33.26 - INFO - saving the model at the end of epoch 31, iters 868
2026-03-03 20:36:53,540 - utils.logger2026-03-03-20.33.26 - INFO - End of training epoch 31 / 40 	 Time Taken: 3 sec
2026-03-03 20:36:53,540 - utils.logger2026-03-03-20.33.26 - INFO - learning rate = 0.0000857
2026-03-03 20:36:55,343 - utils.logger2026-03-03-20.33.26 - INFO - Val result of epoch 31 / 40 mae 1.2486 corr 0.3683 f1 0.5962
2026-03-03 20:36:57,062 - utils.logger2026-03-03-20.33.26 - INFO - Tst result of epoch 31 / 40 mae 1.3400 corr 0.4288 f1 0.6609
2026-03-03 20:36:58,230 - utils.logger2026-03-03-20.33.26 - INFO - Cur epoch 32 loss CE:1.1411 mse:0.1981 consistent:0.6452
2026-03-03 20:36:58,824 - utils.logger2026-03-03-20.33.26 - INFO - Cur epoch 32 loss CE:1.3707 mse:0.2111 consistent:0.6512
2026-03-03 20:36:59,382 - utils.logger2026-03-03-20.33.26 - INFO - Cur epoch 32 loss CE:1.4865 mse:0.2054 consistent:0.6303
2026-03-03 20:36:59,839 - utils.logger2026-03-03-20.33.26 - INFO - saving the model at the end of epoch 32, iters 896
2026-03-03 20:36:59,959 - utils.logger2026-03-03-20.33.26 - INFO - End of training epoch 32 / 40 	 Time Taken: 2 sec
2026-03-03 20:36:59,959 - utils.logger2026-03-03-20.33.26 - INFO - learning rate = 0.0000762
2026-03-03 20:37:01,707 - utils.logger2026-03-03-20.33.26 - INFO - Val result of epoch 32 / 40 mae 1.2375 corr 0.3433 f1 0.6009
2026-03-03 20:37:03,451 - utils.logger2026-03-03-20.33.26 - INFO - Tst result of epoch 32 / 40 mae 1.3502 corr 0.4171 f1 0.6583
2026-03-03 20:37:04,712 - utils.logger2026-03-03-20.33.26 - INFO - Cur epoch 33 loss CE:1.0590 mse:0.2058 consistent:0.6976
2026-03-03 20:37:05,282 - utils.logger2026-03-03-20.33.26 - INFO - Cur epoch 33 loss CE:0.8511 mse:0.1652 consistent:0.6566
2026-03-03 20:37:05,809 - utils.logger2026-03-03-20.33.26 - INFO - Cur epoch 33 loss CE:0.7835 mse:0.1747 consistent:0.5889
2026-03-03 20:37:06,188 - utils.logger2026-03-03-20.33.26 - INFO - saving the model at the end of epoch 33, iters 924
2026-03-03 20:37:06,310 - utils.logger2026-03-03-20.33.26 - INFO - End of training epoch 33 / 40 	 Time Taken: 2 sec
2026-03-03 20:37:06,311 - utils.logger2026-03-03-20.33.26 - INFO - learning rate = 0.0000667
2026-03-03 20:37:08,118 - utils.logger2026-03-03-20.33.26 - INFO - Val result of epoch 33 / 40 mae 1.2409 corr 0.3476 f1 0.5997
2026-03-03 20:37:09,852 - utils.logger2026-03-03-20.33.26 - INFO - Tst result of epoch 33 / 40 mae 1.3443 corr 0.4187 f1 0.6680
2026-03-03 20:37:11,211 - utils.logger2026-03-03-20.33.26 - INFO - Cur epoch 34 loss CE:0.8457 mse:0.1722 consistent:0.6011
2026-03-03 20:37:11,782 - utils.logger2026-03-03-20.33.26 - INFO - Cur epoch 34 loss CE:1.4865 mse:0.2383 consistent:0.6342
2026-03-03 20:37:12,311 - utils.logger2026-03-03-20.33.26 - INFO - Cur epoch 34 loss CE:1.0608 mse:0.1937 consistent:0.6468
2026-03-03 20:37:12,547 - utils.logger2026-03-03-20.33.26 - INFO - saving the model at the end of epoch 34, iters 952
2026-03-03 20:37:12,674 - utils.logger2026-03-03-20.33.26 - INFO - End of training epoch 34 / 40 	 Time Taken: 2 sec
2026-03-03 20:37:12,674 - utils.logger2026-03-03-20.33.26 - INFO - learning rate = 0.0000571
2026-03-03 20:37:14,455 - utils.logger2026-03-03-20.33.26 - INFO - Val result of epoch 34 / 40 mae 1.2417 corr 0.3480 f1 0.5982
2026-03-03 20:37:16,213 - utils.logger2026-03-03-20.33.26 - INFO - Tst result of epoch 34 / 40 mae 1.3405 corr 0.4236 f1 0.6656
2026-03-03 20:37:17,668 - utils.logger2026-03-03-20.33.26 - INFO - Cur epoch 35 loss CE:1.1032 mse:0.1749 consistent:0.5845
2026-03-03 20:37:18,177 - utils.logger2026-03-03-20.33.26 - INFO - Cur epoch 35 loss CE:0.8623 mse:0.1811 consistent:0.5807
2026-03-03 20:37:18,719 - utils.logger2026-03-03-20.33.26 - INFO - Cur epoch 35 loss CE:1.1346 mse:0.1795 consistent:0.6226
2026-03-03 20:37:18,871 - utils.logger2026-03-03-20.33.26 - INFO - saving the model at the end of epoch 35, iters 980
2026-03-03 20:37:18,996 - utils.logger2026-03-03-20.33.26 - INFO - End of training epoch 35 / 40 	 Time Taken: 2 sec
2026-03-03 20:37:18,996 - utils.logger2026-03-03-20.33.26 - INFO - learning rate = 0.0000476
2026-03-03 20:37:20,809 - utils.logger2026-03-03-20.33.26 - INFO - Val result of epoch 35 / 40 mae 1.2520 corr 0.3473 f1 0.5940
2026-03-03 20:37:22,567 - utils.logger2026-03-03-20.33.26 - INFO - Tst result of epoch 35 / 40 mae 1.3411 corr 0.4215 f1 0.6629
2026-03-03 20:37:24,276 - utils.logger2026-03-03-20.33.26 - INFO - Cur epoch 36 loss CE:1.1812 mse:0.2004 consistent:0.6453
2026-03-03 20:37:24,798 - utils.logger2026-03-03-20.33.26 - INFO - Cur epoch 36 loss CE:1.0214 mse:0.2004 consistent:0.6353
2026-03-03 20:37:25,416 - utils.logger2026-03-03-20.33.26 - INFO - saving the model at the end of epoch 36, iters 1008
2026-03-03 20:37:25,551 - utils.logger2026-03-03-20.33.26 - INFO - End of training epoch 36 / 40 	 Time Taken: 2 sec
2026-03-03 20:37:25,552 - utils.logger2026-03-03-20.33.26 - INFO - learning rate = 0.0000381
2026-03-03 20:37:27,323 - utils.logger2026-03-03-20.33.26 - INFO - Val result of epoch 36 / 40 mae 1.2485 corr 0.3393 f1 0.5953
2026-03-03 20:37:29,103 - utils.logger2026-03-03-20.33.26 - INFO - Tst result of epoch 36 / 40 mae 1.3448 corr 0.4166 f1 0.6601
2026-03-03 20:37:30,275 - utils.logger2026-03-03-20.33.26 - INFO - Cur epoch 37 loss CE:1.0698 mse:0.2127 consistent:0.6549
2026-03-03 20:37:30,864 - utils.logger2026-03-03-20.33.26 - INFO - Cur epoch 37 loss CE:1.4773 mse:0.2461 consistent:0.6747
2026-03-03 20:37:31,448 - utils.logger2026-03-03-20.33.26 - INFO - Cur epoch 37 loss CE:0.8305 mse:0.1693 consistent:0.5705
2026-03-03 20:37:31,941 - utils.logger2026-03-03-20.33.26 - INFO - saving the model at the end of epoch 37, iters 1036
2026-03-03 20:37:32,067 - utils.logger2026-03-03-20.33.26 - INFO - End of training epoch 37 / 40 	 Time Taken: 2 sec
2026-03-03 20:37:32,068 - utils.logger2026-03-03-20.33.26 - INFO - learning rate = 0.0000286
2026-03-03 20:37:33,839 - utils.logger2026-03-03-20.33.26 - INFO - Val result of epoch 37 / 40 mae 1.2485 corr 0.3400 f1 0.5943
2026-03-03 20:37:35,662 - utils.logger2026-03-03-20.33.26 - INFO - Tst result of epoch 37 / 40 mae 1.3432 corr 0.4191 f1 0.6610
2026-03-03 20:37:37,037 - utils.logger2026-03-03-20.33.26 - INFO - Cur epoch 38 loss CE:1.0151 mse:0.1706 consistent:0.5860
2026-03-03 20:37:37,632 - utils.logger2026-03-03-20.33.26 - INFO - Cur epoch 38 loss CE:1.3383 mse:0.2040 consistent:0.5474
2026-03-03 20:37:38,180 - utils.logger2026-03-03-20.33.26 - INFO - Cur epoch 38 loss CE:1.3716 mse:0.2314 consistent:0.6006
2026-03-03 20:37:38,583 - utils.logger2026-03-03-20.33.26 - INFO - saving the model at the end of epoch 38, iters 1064
2026-03-03 20:37:38,729 - utils.logger2026-03-03-20.33.26 - INFO - End of training epoch 38 / 40 	 Time Taken: 3 sec
2026-03-03 20:37:38,729 - utils.logger2026-03-03-20.33.26 - INFO - learning rate = 0.0000190
2026-03-03 20:37:40,548 - utils.logger2026-03-03-20.33.26 - INFO - Val result of epoch 38 / 40 mae 1.2496 corr 0.3431 f1 0.5939
2026-03-03 20:37:42,307 - utils.logger2026-03-03-20.33.26 - INFO - Tst result of epoch 38 / 40 mae 1.3417 corr 0.4201 f1 0.6596
2026-03-03 20:37:43,729 - utils.logger2026-03-03-20.33.26 - INFO - Cur epoch 39 loss CE:1.2174 mse:0.2437 consistent:0.6468
2026-03-03 20:37:44,322 - utils.logger2026-03-03-20.33.26 - INFO - Cur epoch 39 loss CE:0.9077 mse:0.1756 consistent:0.6014
2026-03-03 20:37:44,917 - utils.logger2026-03-03-20.33.26 - INFO - Cur epoch 39 loss CE:1.3306 mse:0.2168 consistent:0.6045
2026-03-03 20:37:45,183 - utils.logger2026-03-03-20.33.26 - INFO - saving the model at the end of epoch 39, iters 1092
2026-03-03 20:37:45,345 - utils.logger2026-03-03-20.33.26 - INFO - End of training epoch 39 / 40 	 Time Taken: 3 sec
2026-03-03 20:37:45,345 - utils.logger2026-03-03-20.33.26 - INFO - learning rate = 0.0000095
2026-03-03 20:37:47,156 - utils.logger2026-03-03-20.33.26 - INFO - Val result of epoch 39 / 40 mae 1.2527 corr 0.3407 f1 0.5932
2026-03-03 20:37:48,888 - utils.logger2026-03-03-20.33.26 - INFO - Tst result of epoch 39 / 40 mae 1.3442 corr 0.4181 f1 0.6583
2026-03-03 20:37:50,482 - utils.logger2026-03-03-20.33.26 - INFO - Cur epoch 40 loss CE:1.0860 mse:0.1867 consistent:0.5784
2026-03-03 20:37:51,110 - utils.logger2026-03-03-20.33.26 - INFO - Cur epoch 40 loss CE:1.1444 mse:0.2313 consistent:0.6432
2026-03-03 20:37:51,729 - utils.logger2026-03-03-20.33.26 - INFO - Cur epoch 40 loss CE:1.0785 mse:0.1868 consistent:0.5757
2026-03-03 20:37:51,892 - utils.logger2026-03-03-20.33.26 - INFO - saving the model at the end of epoch 40, iters 1120
2026-03-03 20:37:52,033 - utils.logger2026-03-03-20.33.26 - INFO - End of training epoch 40 / 40 	 Time Taken: 3 sec
2026-03-03 20:37:52,033 - utils.logger2026-03-03-20.33.26 - INFO - learning rate = 0.0000000
2026-03-03 20:37:53,807 - utils.logger2026-03-03-20.33.26 - INFO - Val result of epoch 40 / 40 mae 1.2519 corr 0.3402 f1 0.5949
2026-03-03 20:37:55,541 - utils.logger2026-03-03-20.33.26 - INFO - Tst result of epoch 40 / 40 mae 1.3430 corr 0.4184 f1 0.6602
2026-03-03 20:37:55,542 - utils.logger2026-03-03-20.33.26 - INFO - Best eval epoch 30 found with MAE 1.333022
2026-03-03 20:37:55,542 - utils.logger2026-03-03-20.33.26 - INFO - Loading best model found on val set: epoch-30
2026-03-03 20:37:59,136 - utils.logger2026-03-03-20.33.26 - INFO - Tst result mae 1.3330 corr 0.4288 f1 0.6672
