2025-12-29 15:39:04,887 - utils.logger2025-12-29-15.38.55 - INFO - The number of testing samples = 3774
2025-12-29 15:39:04,887 - utils.logger2025-12-29-15.38.55 - INFO - The number of training samples = 4380
2025-12-29 15:39:06,988 - utils.logger2025-12-29-15.38.55 - INFO - Cur epoch 1 loss CE:1.3718 mse:0.1723 consistent:0.0000
2025-12-29 15:39:08,209 - utils.logger2025-12-29-15.38.55 - INFO - Cur epoch 1 loss CE:1.2690 mse:0.0975 consistent:0.0000
2025-12-29 15:39:09,274 - utils.logger2025-12-29-15.38.55 - INFO - Cur epoch 1 loss CE:0.9647 mse:0.0724 consistent:0.0000
2025-12-29 15:39:10,220 - utils.logger2025-12-29-15.38.55 - INFO - Cur epoch 1 loss CE:0.9443 mse:0.0603 consistent:0.0000
2025-12-29 15:39:11,208 - utils.logger2025-12-29-15.38.55 - INFO - Cur epoch 1 loss CE:0.9211 mse:0.0422 consistent:0.0000
2025-12-29 15:39:11,708 - utils.logger2025-12-29-15.38.55 - INFO - saving the model at the end of epoch 1, iters 4384
2025-12-29 15:39:11,795 - utils.logger2025-12-29-15.38.55 - INFO - End of training epoch 1 / 40 	 Time Taken: 6 sec
2025-12-29 15:39:11,795 - utils.logger2025-12-29-15.38.55 - INFO - learning rate = 0.0002000
2025-12-29 15:39:13,011 - utils.logger2025-12-29-15.38.55 - INFO - Val result of epoch 1 / 40 acc 0.4585 uar 0.4629 f1 0.4320
2025-12-29 15:39:14,488 - utils.logger2025-12-29-15.38.55 - INFO - Tst result of epoch 1 / 40 acc 0.5159 uar 0.4840 f1 0.4804
2025-12-29 15:39:14,931 - utils.logger2025-12-29-15.38.55 - INFO - Cur epoch 2 loss CE:0.8888 mse:0.0483 consistent:0.0000
2025-12-29 15:39:15,862 - utils.logger2025-12-29-15.38.55 - INFO - Cur epoch 2 loss CE:1.3033 mse:0.0364 consistent:0.0000
2025-12-29 15:39:16,961 - utils.logger2025-12-29-15.38.55 - INFO - Cur epoch 2 loss CE:0.8194 mse:0.0277 consistent:0.0000
2025-12-29 15:39:18,169 - utils.logger2025-12-29-15.38.55 - INFO - Cur epoch 2 loss CE:0.6152 mse:0.0287 consistent:0.0000
2025-12-29 15:39:19,363 - utils.logger2025-12-29-15.38.55 - INFO - Cur epoch 2 loss CE:1.4102 mse:0.0329 consistent:0.0000
2025-12-29 15:39:20,512 - utils.logger2025-12-29-15.38.55 - INFO - saving the model at the end of epoch 2, iters 8768
2025-12-29 15:39:20,609 - utils.logger2025-12-29-15.38.55 - INFO - End of training epoch 2 / 40 	 Time Taken: 6 sec
2025-12-29 15:39:20,610 - utils.logger2025-12-29-15.38.55 - INFO - learning rate = 0.0002000
2025-12-29 15:39:21,799 - utils.logger2025-12-29-15.38.55 - INFO - Val result of epoch 2 / 40 acc 0.5833 uar 0.5740 f1 0.5782
2025-12-29 15:39:23,310 - utils.logger2025-12-29-15.38.55 - INFO - Tst result of epoch 2 / 40 acc 0.5766 uar 0.5753 f1 0.5799
2025-12-29 15:39:23,354 - utils.logger2025-12-29-15.38.55 - INFO - Cur epoch 3 loss CE:0.6659 mse:0.0201 consistent:0.0000
2025-12-29 15:39:24,492 - utils.logger2025-12-29-15.38.55 - INFO - Cur epoch 3 loss CE:0.8547 mse:0.0262 consistent:0.0000
2025-12-29 15:39:25,653 - utils.logger2025-12-29-15.38.55 - INFO - Cur epoch 3 loss CE:0.8369 mse:0.0241 consistent:0.0000
2025-12-29 15:39:26,853 - utils.logger2025-12-29-15.38.55 - INFO - Cur epoch 3 loss CE:0.9601 mse:0.0162 consistent:0.0000
2025-12-29 15:39:27,814 - utils.logger2025-12-29-15.38.55 - INFO - Cur epoch 3 loss CE:0.7382 mse:0.0146 consistent:0.0000
2025-12-29 15:39:28,799 - utils.logger2025-12-29-15.38.55 - INFO - Cur epoch 3 loss CE:0.7075 mse:0.0217 consistent:0.0000
2025-12-29 15:39:29,315 - utils.logger2025-12-29-15.38.55 - INFO - saving the model at the end of epoch 3, iters 13152
2025-12-29 15:39:29,414 - utils.logger2025-12-29-15.38.55 - INFO - End of training epoch 3 / 40 	 Time Taken: 6 sec
2025-12-29 15:39:29,414 - utils.logger2025-12-29-15.38.55 - INFO - learning rate = 0.0002000
2025-12-29 15:39:30,669 - utils.logger2025-12-29-15.38.55 - INFO - Val result of epoch 3 / 40 acc 0.6015 uar 0.5893 f1 0.5914
2025-12-29 15:39:32,207 - utils.logger2025-12-29-15.38.55 - INFO - Tst result of epoch 3 / 40 acc 0.5843 uar 0.5819 f1 0.5864
2025-12-29 15:39:32,852 - utils.logger2025-12-29-15.38.55 - INFO - Cur epoch 4 loss CE:0.8161 mse:0.0164 consistent:0.0000
2025-12-29 15:39:33,965 - utils.logger2025-12-29-15.38.55 - INFO - Cur epoch 4 loss CE:0.8576 mse:0.0192 consistent:0.0000
2025-12-29 15:39:35,107 - utils.logger2025-12-29-15.38.55 - INFO - Cur epoch 4 loss CE:0.6506 mse:0.0118 consistent:0.0000
2025-12-29 15:39:36,214 - utils.logger2025-12-29-15.38.55 - INFO - Cur epoch 4 loss CE:0.6041 mse:0.0194 consistent:0.0000
2025-12-29 15:39:37,419 - utils.logger2025-12-29-15.38.55 - INFO - Cur epoch 4 loss CE:1.1650 mse:0.0174 consistent:0.0000
2025-12-29 15:39:38,612 - utils.logger2025-12-29-15.38.55 - INFO - saving the model at the end of epoch 4, iters 17536
2025-12-29 15:39:38,728 - utils.logger2025-12-29-15.38.55 - INFO - End of training epoch 4 / 40 	 Time Taken: 6 sec
2025-12-29 15:39:38,728 - utils.logger2025-12-29-15.38.55 - INFO - learning rate = 0.0002000
2025-12-29 15:39:40,399 - utils.logger2025-12-29-15.38.55 - INFO - Val result of epoch 4 / 40 acc 0.6025 uar 0.5706 f1 0.5768
2025-12-29 15:39:42,353 - utils.logger2025-12-29-15.38.55 - INFO - Tst result of epoch 4 / 40 acc 0.5731 uar 0.5770 f1 0.5705
2025-12-29 15:39:42,450 - utils.logger2025-12-29-15.38.55 - INFO - Cur epoch 5 loss CE:0.7463 mse:0.0137 consistent:0.0000
2025-12-29 15:39:43,701 - utils.logger2025-12-29-15.38.55 - INFO - Cur epoch 5 loss CE:0.8284 mse:0.0169 consistent:0.0000
2025-12-29 15:39:44,889 - utils.logger2025-12-29-15.38.55 - INFO - Cur epoch 5 loss CE:0.7294 mse:0.0123 consistent:0.0000
2025-12-29 15:39:46,088 - utils.logger2025-12-29-15.38.55 - INFO - Cur epoch 5 loss CE:0.7524 mse:0.0139 consistent:0.0000
2025-12-29 15:39:47,330 - utils.logger2025-12-29-15.38.55 - INFO - Cur epoch 5 loss CE:0.5950 mse:0.0142 consistent:0.0000
2025-12-29 15:39:48,490 - utils.logger2025-12-29-15.38.55 - INFO - Cur epoch 5 loss CE:0.7470 mse:0.0186 consistent:0.0000
2025-12-29 15:39:48,977 - utils.logger2025-12-29-15.38.55 - INFO - saving the model at the end of epoch 5, iters 21920
2025-12-29 15:39:49,095 - utils.logger2025-12-29-15.38.55 - INFO - End of training epoch 5 / 40 	 Time Taken: 6 sec
2025-12-29 15:39:49,096 - utils.logger2025-12-29-15.38.55 - INFO - learning rate = 0.0002000
2025-12-29 15:39:50,513 - utils.logger2025-12-29-15.38.55 - INFO - Val result of epoch 5 / 40 acc 0.5990 uar 0.5927 f1 0.5977
2025-12-29 15:39:52,084 - utils.logger2025-12-29-15.38.55 - INFO - Tst result of epoch 5 / 40 acc 0.5840 uar 0.5754 f1 0.5861
2025-12-29 15:39:52,632 - utils.logger2025-12-29-15.38.55 - INFO - Cur epoch 6 loss CE:0.5252 mse:0.0140 consistent:0.0000
2025-12-29 15:39:53,780 - utils.logger2025-12-29-15.38.55 - INFO - Cur epoch 6 loss CE:0.6347 mse:0.0134 consistent:0.0000
2025-12-29 15:39:54,876 - utils.logger2025-12-29-15.38.55 - INFO - Cur epoch 6 loss CE:0.7492 mse:0.0153 consistent:0.0000
2025-12-29 15:39:56,125 - utils.logger2025-12-29-15.38.55 - INFO - Cur epoch 6 loss CE:0.6547 mse:0.0143 consistent:0.0000
2025-12-29 15:39:57,356 - utils.logger2025-12-29-15.38.55 - INFO - Cur epoch 6 loss CE:0.4341 mse:0.0119 consistent:0.0000
2025-12-29 15:39:58,443 - utils.logger2025-12-29-15.38.55 - INFO - saving the model at the end of epoch 6, iters 26304
2025-12-29 15:39:58,556 - utils.logger2025-12-29-15.38.55 - INFO - End of training epoch 6 / 40 	 Time Taken: 6 sec
2025-12-29 15:39:58,557 - utils.logger2025-12-29-15.38.55 - INFO - learning rate = 0.0002000
2025-12-29 15:39:59,999 - utils.logger2025-12-29-15.38.55 - INFO - Val result of epoch 6 / 40 acc 0.5722 uar 0.5859 f1 0.5719
2025-12-29 15:40:01,529 - utils.logger2025-12-29-15.38.55 - INFO - Tst result of epoch 6 / 40 acc 0.5806 uar 0.5753 f1 0.5785
2025-12-29 15:40:01,642 - utils.logger2025-12-29-15.38.55 - INFO - Cur epoch 7 loss CE:0.7400 mse:0.0195 consistent:0.0000
2025-12-29 15:40:02,581 - utils.logger2025-12-29-15.38.55 - INFO - Cur epoch 7 loss CE:0.9818 mse:0.0136 consistent:0.0000
2025-12-29 15:40:03,563 - utils.logger2025-12-29-15.38.55 - INFO - Cur epoch 7 loss CE:0.7235 mse:0.0134 consistent:0.0000
2025-12-29 15:40:04,568 - utils.logger2025-12-29-15.38.55 - INFO - Cur epoch 7 loss CE:1.2581 mse:0.0132 consistent:0.0000
2025-12-29 15:40:05,532 - utils.logger2025-12-29-15.38.55 - INFO - Cur epoch 7 loss CE:0.4801 mse:0.0155 consistent:0.0000
2025-12-29 15:40:06,553 - utils.logger2025-12-29-15.38.55 - INFO - Cur epoch 7 loss CE:0.4552 mse:0.0121 consistent:0.0000
2025-12-29 15:40:06,918 - utils.logger2025-12-29-15.38.55 - INFO - saving the model at the end of epoch 7, iters 30688
2025-12-29 15:40:07,010 - utils.logger2025-12-29-15.38.55 - INFO - End of training epoch 7 / 40 	 Time Taken: 5 sec
2025-12-29 15:40:07,010 - utils.logger2025-12-29-15.38.55 - INFO - learning rate = 0.0002000
2025-12-29 15:40:08,275 - utils.logger2025-12-29-15.38.55 - INFO - Val result of epoch 7 / 40 acc 0.6204 uar 0.6061 f1 0.6114
2025-12-29 15:40:09,810 - utils.logger2025-12-29-15.38.55 - INFO - Tst result of epoch 7 / 40 acc 0.5869 uar 0.5882 f1 0.5920
2025-12-29 15:40:10,458 - utils.logger2025-12-29-15.38.55 - INFO - Cur epoch 8 loss CE:0.6994 mse:0.0124 consistent:0.0000
2025-12-29 15:40:11,482 - utils.logger2025-12-29-15.38.55 - INFO - Cur epoch 8 loss CE:0.4828 mse:0.0122 consistent:0.0000
2025-12-29 15:40:12,501 - utils.logger2025-12-29-15.38.55 - INFO - Cur epoch 8 loss CE:0.4617 mse:0.0113 consistent:0.0000
2025-12-29 15:40:13,503 - utils.logger2025-12-29-15.38.55 - INFO - Cur epoch 8 loss CE:0.9517 mse:0.0129 consistent:0.0000
2025-12-29 15:40:14,505 - utils.logger2025-12-29-15.38.55 - INFO - Cur epoch 8 loss CE:0.2155 mse:0.0115 consistent:0.0000
2025-12-29 15:40:15,349 - utils.logger2025-12-29-15.38.55 - INFO - saving the model at the end of epoch 8, iters 35072
2025-12-29 15:40:15,436 - utils.logger2025-12-29-15.38.55 - INFO - End of training epoch 8 / 40 	 Time Taken: 5 sec
2025-12-29 15:40:15,436 - utils.logger2025-12-29-15.38.55 - INFO - learning rate = 0.0002000
2025-12-29 15:40:16,664 - utils.logger2025-12-29-15.38.55 - INFO - Val result of epoch 8 / 40 acc 0.5233 uar 0.5343 f1 0.5314
2025-12-29 15:40:18,139 - utils.logger2025-12-29-15.38.55 - INFO - Tst result of epoch 8 / 40 acc 0.5715 uar 0.5527 f1 0.5621
2025-12-29 15:40:18,281 - utils.logger2025-12-29-15.38.55 - INFO - Cur epoch 9 loss CE:0.4501 mse:0.0110 consistent:0.0000
2025-12-29 15:40:19,243 - utils.logger2025-12-29-15.38.55 - INFO - Cur epoch 9 loss CE:0.5264 mse:0.0132 consistent:0.0000
2025-12-29 15:40:20,196 - utils.logger2025-12-29-15.38.55 - INFO - Cur epoch 9 loss CE:0.9005 mse:0.0170 consistent:0.0000
2025-12-29 15:40:21,248 - utils.logger2025-12-29-15.38.55 - INFO - Cur epoch 9 loss CE:0.4890 mse:0.0133 consistent:0.0000
2025-12-29 15:40:22,428 - utils.logger2025-12-29-15.38.55 - INFO - Cur epoch 9 loss CE:0.6556 mse:0.0104 consistent:0.0000
2025-12-29 15:40:23,404 - utils.logger2025-12-29-15.38.55 - INFO - Cur epoch 9 loss CE:0.2532 mse:0.0124 consistent:0.0000
2025-12-29 15:40:23,703 - utils.logger2025-12-29-15.38.55 - INFO - saving the model at the end of epoch 9, iters 39456
2025-12-29 15:40:23,791 - utils.logger2025-12-29-15.38.55 - INFO - End of training epoch 9 / 40 	 Time Taken: 5 sec
2025-12-29 15:40:23,791 - utils.logger2025-12-29-15.38.55 - INFO - learning rate = 0.0002000
2025-12-29 15:40:24,935 - utils.logger2025-12-29-15.38.55 - INFO - Val result of epoch 9 / 40 acc 0.5712 uar 0.5704 f1 0.5757
2025-12-29 15:40:26,355 - utils.logger2025-12-29-15.38.55 - INFO - Tst result of epoch 9 / 40 acc 0.5898 uar 0.5731 f1 0.5851
2025-12-29 15:40:26,960 - utils.logger2025-12-29-15.38.55 - INFO - Cur epoch 10 loss CE:0.3527 mse:0.0106 consistent:0.0000
2025-12-29 15:40:27,902 - utils.logger2025-12-29-15.38.55 - INFO - Cur epoch 10 loss CE:0.6733 mse:0.0112 consistent:0.0000
2025-12-29 15:40:28,855 - utils.logger2025-12-29-15.38.55 - INFO - Cur epoch 10 loss CE:0.4141 mse:0.0140 consistent:0.0000
2025-12-29 15:40:29,893 - utils.logger2025-12-29-15.38.55 - INFO - Cur epoch 10 loss CE:0.3911 mse:0.0103 consistent:0.0000
2025-12-29 15:40:31,007 - utils.logger2025-12-29-15.38.55 - INFO - Cur epoch 10 loss CE:0.4879 mse:0.0128 consistent:0.0000
2025-12-29 15:40:31,977 - utils.logger2025-12-29-15.38.55 - INFO - saving the model at the end of epoch 10, iters 43840
2025-12-29 15:40:32,076 - utils.logger2025-12-29-15.38.55 - INFO - End of training epoch 10 / 40 	 Time Taken: 5 sec
2025-12-29 15:40:32,076 - utils.logger2025-12-29-15.38.55 - INFO - learning rate = 0.0002000
2025-12-29 15:40:33,292 - utils.logger2025-12-29-15.38.55 - INFO - Val result of epoch 10 / 40 acc 0.5929 uar 0.5861 f1 0.5912
2025-12-29 15:40:34,765 - utils.logger2025-12-29-15.38.55 - INFO - Tst result of epoch 10 / 40 acc 0.5996 uar 0.5850 f1 0.5992
2025-12-29 15:40:34,963 - utils.logger2025-12-29-15.38.55 - INFO - Cur epoch 11 loss CE:0.4514 mse:0.0101 consistent:0.0000
2025-12-29 15:40:35,993 - utils.logger2025-12-29-15.38.55 - INFO - Cur epoch 11 loss CE:0.3787 mse:0.0125 consistent:0.0000
2025-12-29 15:40:37,188 - utils.logger2025-12-29-15.38.55 - INFO - Cur epoch 11 loss CE:0.3935 mse:0.0122 consistent:0.0000
2025-12-29 15:40:38,388 - utils.logger2025-12-29-15.38.55 - INFO - Cur epoch 11 loss CE:0.5275 mse:0.0121 consistent:0.0000
2025-12-29 15:40:39,384 - utils.logger2025-12-29-15.38.55 - INFO - Cur epoch 11 loss CE:0.5962 mse:0.0082 consistent:0.0000
2025-12-29 15:40:40,496 - utils.logger2025-12-29-15.38.55 - INFO - Cur epoch 11 loss CE:0.5748 mse:0.0108 consistent:0.0000
2025-12-29 15:40:40,831 - utils.logger2025-12-29-15.38.55 - INFO - saving the model at the end of epoch 11, iters 48224
2025-12-29 15:40:40,922 - utils.logger2025-12-29-15.38.55 - INFO - End of training epoch 11 / 40 	 Time Taken: 6 sec
2025-12-29 15:40:40,922 - utils.logger2025-12-29-15.38.55 - INFO - learning rate = 0.0002000
2025-12-29 15:40:42,131 - utils.logger2025-12-29-15.38.55 - INFO - Val result of epoch 11 / 40 acc 0.5785 uar 0.5908 f1 0.5805
2025-12-29 15:40:43,600 - utils.logger2025-12-29-15.38.55 - INFO - Tst result of epoch 11 / 40 acc 0.5739 uar 0.5705 f1 0.5765
2025-12-29 15:40:44,222 - utils.logger2025-12-29-15.38.55 - INFO - Cur epoch 12 loss CE:0.6296 mse:0.0121 consistent:0.0000
2025-12-29 15:40:45,241 - utils.logger2025-12-29-15.38.55 - INFO - Cur epoch 12 loss CE:0.3868 mse:0.0102 consistent:0.0000
2025-12-29 15:40:46,322 - utils.logger2025-12-29-15.38.55 - INFO - Cur epoch 12 loss CE:0.3529 mse:0.0092 consistent:0.0000
2025-12-29 15:40:47,317 - utils.logger2025-12-29-15.38.55 - INFO - Cur epoch 12 loss CE:0.6375 mse:0.0111 consistent:0.0000
2025-12-29 15:40:48,248 - utils.logger2025-12-29-15.38.55 - INFO - Cur epoch 12 loss CE:0.5933 mse:0.0095 consistent:0.0000
2025-12-29 15:40:48,944 - utils.logger2025-12-29-15.38.55 - INFO - saving the model at the end of epoch 12, iters 52608
2025-12-29 15:40:49,036 - utils.logger2025-12-29-15.38.55 - INFO - End of training epoch 12 / 40 	 Time Taken: 5 sec
2025-12-29 15:40:49,036 - utils.logger2025-12-29-15.38.55 - INFO - learning rate = 0.0002000
2025-12-29 15:40:50,292 - utils.logger2025-12-29-15.38.55 - INFO - Val result of epoch 12 / 40 acc 0.6108 uar 0.6047 f1 0.6111
2025-12-29 15:40:51,703 - utils.logger2025-12-29-15.38.55 - INFO - Tst result of epoch 12 / 40 acc 0.6028 uar 0.5951 f1 0.6019
2025-12-29 15:40:51,905 - utils.logger2025-12-29-15.38.55 - INFO - Cur epoch 13 loss CE:0.3759 mse:0.0109 consistent:0.0000
2025-12-29 15:40:52,840 - utils.logger2025-12-29-15.38.55 - INFO - Cur epoch 13 loss CE:0.5341 mse:0.0120 consistent:0.0000
2025-12-29 15:40:53,783 - utils.logger2025-12-29-15.38.55 - INFO - Cur epoch 13 loss CE:0.4023 mse:0.0154 consistent:0.0000
2025-12-29 15:40:54,730 - utils.logger2025-12-29-15.38.55 - INFO - Cur epoch 13 loss CE:0.5827 mse:0.0103 consistent:0.0000
2025-12-29 15:40:55,798 - utils.logger2025-12-29-15.38.55 - INFO - Cur epoch 13 loss CE:0.4312 mse:0.0099 consistent:0.0000
2025-12-29 15:40:56,944 - utils.logger2025-12-29-15.38.55 - INFO - Cur epoch 13 loss CE:0.7365 mse:0.0131 consistent:0.0000
2025-12-29 15:40:57,200 - utils.logger2025-12-29-15.38.55 - INFO - saving the model at the end of epoch 13, iters 56992
2025-12-29 15:40:57,288 - utils.logger2025-12-29-15.38.55 - INFO - End of training epoch 13 / 40 	 Time Taken: 5 sec
2025-12-29 15:40:57,288 - utils.logger2025-12-29-15.38.55 - INFO - learning rate = 0.0002000
2025-12-29 15:40:58,495 - utils.logger2025-12-29-15.38.55 - INFO - Val result of epoch 13 / 40 acc 0.5939 uar 0.5921 f1 0.5970
2025-12-29 15:40:59,957 - utils.logger2025-12-29-15.38.55 - INFO - Tst result of epoch 13 / 40 acc 0.5745 uar 0.5669 f1 0.5753
2025-12-29 15:41:00,764 - utils.logger2025-12-29-15.38.55 - INFO - Cur epoch 14 loss CE:0.5254 mse:0.0110 consistent:0.0000
2025-12-29 15:41:01,827 - utils.logger2025-12-29-15.38.55 - INFO - Cur epoch 14 loss CE:0.5533 mse:0.0114 consistent:0.0000
2025-12-29 15:41:03,005 - utils.logger2025-12-29-15.38.55 - INFO - Cur epoch 14 loss CE:0.5158 mse:0.0120 consistent:0.0000
2025-12-29 15:41:04,157 - utils.logger2025-12-29-15.38.55 - INFO - Cur epoch 14 loss CE:0.5455 mse:0.0096 consistent:0.0000
2025-12-29 15:41:05,272 - utils.logger2025-12-29-15.38.55 - INFO - Cur epoch 14 loss CE:0.4217 mse:0.0068 consistent:0.0000
2025-12-29 15:41:06,028 - utils.logger2025-12-29-15.38.55 - INFO - saving the model at the end of epoch 14, iters 61376
2025-12-29 15:41:06,117 - utils.logger2025-12-29-15.38.55 - INFO - End of training epoch 14 / 40 	 Time Taken: 6 sec
2025-12-29 15:41:06,117 - utils.logger2025-12-29-15.38.55 - INFO - learning rate = 0.0002000
2025-12-29 15:41:07,347 - utils.logger2025-12-29-15.38.55 - INFO - Val result of epoch 14 / 40 acc 0.6236 uar 0.6157 f1 0.6172
2025-12-29 15:41:08,812 - utils.logger2025-12-29-15.38.55 - INFO - Tst result of epoch 14 / 40 acc 0.5919 uar 0.5933 f1 0.5956
2025-12-29 15:41:09,091 - utils.logger2025-12-29-15.38.55 - INFO - Cur epoch 15 loss CE:0.4216 mse:0.0107 consistent:0.0000
2025-12-29 15:41:10,185 - utils.logger2025-12-29-15.38.55 - INFO - Cur epoch 15 loss CE:0.5362 mse:0.0093 consistent:0.0000
2025-12-29 15:41:11,384 - utils.logger2025-12-29-15.38.55 - INFO - Cur epoch 15 loss CE:0.4305 mse:0.0120 consistent:0.0000
2025-12-29 15:41:12,601 - utils.logger2025-12-29-15.38.55 - INFO - Cur epoch 15 loss CE:0.6609 mse:0.0107 consistent:0.0000
2025-12-29 15:41:13,817 - utils.logger2025-12-29-15.38.55 - INFO - Cur epoch 15 loss CE:0.3623 mse:0.0074 consistent:0.0000
2025-12-29 15:41:15,035 - utils.logger2025-12-29-15.38.55 - INFO - Cur epoch 15 loss CE:0.5091 mse:0.0114 consistent:0.0000
2025-12-29 15:41:15,280 - utils.logger2025-12-29-15.38.55 - INFO - saving the model at the end of epoch 15, iters 65760
2025-12-29 15:41:15,374 - utils.logger2025-12-29-15.38.55 - INFO - End of training epoch 15 / 40 	 Time Taken: 6 sec
2025-12-29 15:41:15,374 - utils.logger2025-12-29-15.38.55 - INFO - learning rate = 0.0002000
2025-12-29 15:41:16,589 - utils.logger2025-12-29-15.38.55 - INFO - Val result of epoch 15 / 40 acc 0.5884 uar 0.5837 f1 0.5866
2025-12-29 15:41:18,068 - utils.logger2025-12-29-15.38.55 - INFO - Tst result of epoch 15 / 40 acc 0.5806 uar 0.5700 f1 0.5764
2025-12-29 15:41:18,800 - utils.logger2025-12-29-15.38.55 - INFO - Cur epoch 16 loss CE:0.7034 mse:0.0111 consistent:0.0000
2025-12-29 15:41:19,732 - utils.logger2025-12-29-15.38.55 - INFO - Cur epoch 16 loss CE:0.3650 mse:0.0106 consistent:0.0000
2025-12-29 15:41:20,663 - utils.logger2025-12-29-15.38.55 - INFO - Cur epoch 16 loss CE:0.6090 mse:0.0120 consistent:0.0000
2025-12-29 15:41:21,759 - utils.logger2025-12-29-15.38.55 - INFO - Cur epoch 16 loss CE:0.5779 mse:0.0105 consistent:0.0000
2025-12-29 15:41:22,939 - utils.logger2025-12-29-15.38.55 - INFO - Cur epoch 16 loss CE:0.3562 mse:0.0122 consistent:0.0000
2025-12-29 15:41:23,743 - utils.logger2025-12-29-15.38.55 - INFO - saving the model at the end of epoch 16, iters 70144
2025-12-29 15:41:23,836 - utils.logger2025-12-29-15.38.55 - INFO - End of training epoch 16 / 40 	 Time Taken: 5 sec
2025-12-29 15:41:23,836 - utils.logger2025-12-29-15.38.55 - INFO - learning rate = 0.0002000
2025-12-29 15:41:25,002 - utils.logger2025-12-29-15.38.55 - INFO - Val result of epoch 16 / 40 acc 0.6025 uar 0.5945 f1 0.5954
2025-12-29 15:41:26,459 - utils.logger2025-12-29-15.38.55 - INFO - Tst result of epoch 16 / 40 acc 0.5946 uar 0.5905 f1 0.5948
2025-12-29 15:41:26,724 - utils.logger2025-12-29-15.38.55 - INFO - Cur epoch 17 loss CE:0.2218 mse:0.0110 consistent:0.0000
2025-12-29 15:41:27,635 - utils.logger2025-12-29-15.38.55 - INFO - Cur epoch 17 loss CE:0.2966 mse:0.0101 consistent:0.0000
2025-12-29 15:41:28,665 - utils.logger2025-12-29-15.38.55 - INFO - Cur epoch 17 loss CE:0.3640 mse:0.0099 consistent:0.0000
2025-12-29 15:41:29,851 - utils.logger2025-12-29-15.38.55 - INFO - Cur epoch 17 loss CE:0.5859 mse:0.0131 consistent:0.0000
2025-12-29 15:41:31,039 - utils.logger2025-12-29-15.38.55 - INFO - Cur epoch 17 loss CE:0.4618 mse:0.0126 consistent:0.0000
2025-12-29 15:41:32,222 - utils.logger2025-12-29-15.38.55 - INFO - Cur epoch 17 loss CE:0.6445 mse:0.0090 consistent:0.0000
2025-12-29 15:41:32,411 - utils.logger2025-12-29-15.38.55 - INFO - saving the model at the end of epoch 17, iters 74528
2025-12-29 15:41:32,510 - utils.logger2025-12-29-15.38.55 - INFO - End of training epoch 17 / 40 	 Time Taken: 6 sec
2025-12-29 15:41:32,510 - utils.logger2025-12-29-15.38.55 - INFO - learning rate = 0.0002000
2025-12-29 15:41:33,692 - utils.logger2025-12-29-15.38.55 - INFO - Val result of epoch 17 / 40 acc 0.6185 uar 0.6011 f1 0.6126
2025-12-29 15:41:35,130 - utils.logger2025-12-29-15.38.55 - INFO - Tst result of epoch 17 / 40 acc 0.6137 uar 0.6074 f1 0.6153
2025-12-29 15:41:35,912 - utils.logger2025-12-29-15.38.55 - INFO - Cur epoch 18 loss CE:0.5005 mse:0.0108 consistent:0.0000
2025-12-29 15:41:37,001 - utils.logger2025-12-29-15.38.55 - INFO - Cur epoch 18 loss CE:0.4817 mse:0.0084 consistent:0.0000
2025-12-29 15:41:38,034 - utils.logger2025-12-29-15.38.55 - INFO - Cur epoch 18 loss CE:0.4666 mse:0.0089 consistent:0.0000
2025-12-29 15:41:39,208 - utils.logger2025-12-29-15.38.55 - INFO - Cur epoch 18 loss CE:0.4480 mse:0.0114 consistent:0.0000
2025-12-29 15:41:40,433 - utils.logger2025-12-29-15.38.55 - INFO - Cur epoch 18 loss CE:0.5767 mse:0.0113 consistent:0.0000
2025-12-29 15:41:41,199 - utils.logger2025-12-29-15.38.55 - INFO - saving the model at the end of epoch 18, iters 78912
2025-12-29 15:41:41,290 - utils.logger2025-12-29-15.38.55 - INFO - End of training epoch 18 / 40 	 Time Taken: 6 sec
2025-12-29 15:41:41,291 - utils.logger2025-12-29-15.38.55 - INFO - learning rate = 0.0002000
2025-12-29 15:41:42,481 - utils.logger2025-12-29-15.38.55 - INFO - Val result of epoch 18 / 40 acc 0.6248 uar 0.6178 f1 0.6239
2025-12-29 15:41:43,995 - utils.logger2025-12-29-15.38.55 - INFO - Tst result of epoch 18 / 40 acc 0.6089 uar 0.6068 f1 0.6110
2025-12-29 15:41:44,538 - utils.logger2025-12-29-15.38.55 - INFO - Cur epoch 19 loss CE:0.7166 mse:0.0092 consistent:0.0000
2025-12-29 15:41:45,982 - utils.logger2025-12-29-15.38.55 - INFO - Cur epoch 19 loss CE:0.6809 mse:0.0078 consistent:0.0000
2025-12-29 15:41:47,280 - utils.logger2025-12-29-15.38.55 - INFO - Cur epoch 19 loss CE:0.3604 mse:0.0112 consistent:0.0000
2025-12-29 15:41:48,397 - utils.logger2025-12-29-15.38.55 - INFO - Cur epoch 19 loss CE:0.5568 mse:0.0112 consistent:0.0000
2025-12-29 15:41:49,497 - utils.logger2025-12-29-15.38.55 - INFO - Cur epoch 19 loss CE:0.6531 mse:0.0123 consistent:0.0000
2025-12-29 15:41:50,398 - utils.logger2025-12-29-15.38.55 - INFO - Cur epoch 19 loss CE:0.5928 mse:0.0102 consistent:0.0000
2025-12-29 15:41:50,506 - utils.logger2025-12-29-15.38.55 - INFO - saving the model at the end of epoch 19, iters 83296
2025-12-29 15:41:50,594 - utils.logger2025-12-29-15.38.55 - INFO - End of training epoch 19 / 40 	 Time Taken: 6 sec
2025-12-29 15:41:50,594 - utils.logger2025-12-29-15.38.55 - INFO - learning rate = 0.0002000
2025-12-29 15:41:51,772 - utils.logger2025-12-29-15.38.55 - INFO - Val result of epoch 19 / 40 acc 0.5971 uar 0.6001 f1 0.5999
2025-12-29 15:41:53,219 - utils.logger2025-12-29-15.38.55 - INFO - Tst result of epoch 19 / 40 acc 0.5856 uar 0.5694 f1 0.5810
2025-12-29 15:41:53,981 - utils.logger2025-12-29-15.38.55 - INFO - Cur epoch 20 loss CE:0.5823 mse:0.0118 consistent:0.0000
2025-12-29 15:41:54,874 - utils.logger2025-12-29-15.38.55 - INFO - Cur epoch 20 loss CE:0.8101 mse:0.0103 consistent:0.0000
2025-12-29 15:41:55,774 - utils.logger2025-12-29-15.38.55 - INFO - Cur epoch 20 loss CE:0.2847 mse:0.0087 consistent:0.0000
2025-12-29 15:41:56,725 - utils.logger2025-12-29-15.38.55 - INFO - Cur epoch 20 loss CE:0.6030 mse:0.0108 consistent:0.0000
2025-12-29 15:41:57,767 - utils.logger2025-12-29-15.38.55 - INFO - Cur epoch 20 loss CE:0.7815 mse:0.0099 consistent:0.0000
2025-12-29 15:41:58,486 - utils.logger2025-12-29-15.38.55 - INFO - saving the model at the end of epoch 20, iters 87680
2025-12-29 15:41:58,585 - utils.logger2025-12-29-15.38.55 - INFO - End of training epoch 20 / 40 	 Time Taken: 5 sec
2025-12-29 15:41:58,585 - utils.logger2025-12-29-15.38.55 - INFO - learning rate = 0.0001905
2025-12-29 15:41:59,749 - utils.logger2025-12-29-15.38.55 - INFO - Val result of epoch 20 / 40 acc 0.5936 uar 0.5772 f1 0.5812
2025-12-29 15:42:01,175 - utils.logger2025-12-29-15.38.55 - INFO - Tst result of epoch 20 / 40 acc 0.5925 uar 0.5862 f1 0.5887
2025-12-29 15:42:01,666 - utils.logger2025-12-29-15.38.55 - INFO - Cur epoch 21 loss CE:0.6655 mse:0.0100 consistent:0.0000
2025-12-29 15:42:02,928 - utils.logger2025-12-29-15.38.55 - INFO - Cur epoch 21 loss CE:0.7094 mse:0.0106 consistent:0.0000
2025-12-29 15:42:04,032 - utils.logger2025-12-29-15.38.55 - INFO - Cur epoch 21 loss CE:0.5089 mse:0.0104 consistent:0.0000
2025-12-29 15:42:05,216 - utils.logger2025-12-29-15.38.55 - INFO - Cur epoch 21 loss CE:0.3398 mse:0.0093 consistent:0.0000
2025-12-29 15:42:06,312 - utils.logger2025-12-29-15.38.55 - INFO - Cur epoch 21 loss CE:0.3080 mse:0.0127 consistent:0.0000
2025-12-29 15:42:07,501 - utils.logger2025-12-29-15.38.55 - INFO - Cur epoch 21 loss CE:0.2059 mse:0.0104 consistent:0.0000
2025-12-29 15:42:07,598 - utils.logger2025-12-29-15.38.55 - INFO - saving the model at the end of epoch 21, iters 92064
2025-12-29 15:42:07,697 - utils.logger2025-12-29-15.38.55 - INFO - End of training epoch 21 / 40 	 Time Taken: 6 sec
2025-12-29 15:42:07,697 - utils.logger2025-12-29-15.38.55 - INFO - learning rate = 0.0001810
2025-12-29 15:42:08,931 - utils.logger2025-12-29-15.38.55 - INFO - Val result of epoch 21 / 40 acc 0.6089 uar 0.5998 f1 0.6057
2025-12-29 15:42:10,441 - utils.logger2025-12-29-15.38.55 - INFO - Tst result of epoch 21 / 40 acc 0.6100 uar 0.6078 f1 0.6128
2025-12-29 15:42:11,411 - utils.logger2025-12-29-15.38.55 - INFO - Cur epoch 22 loss CE:0.5078 mse:0.0106 consistent:0.0000
2025-12-29 15:42:12,638 - utils.logger2025-12-29-15.38.55 - INFO - Cur epoch 22 loss CE:0.2814 mse:0.0102 consistent:0.0000
2025-12-29 15:42:13,851 - utils.logger2025-12-29-15.38.55 - INFO - Cur epoch 22 loss CE:0.7158 mse:0.0097 consistent:0.0000
2025-12-29 15:42:15,026 - utils.logger2025-12-29-15.38.55 - INFO - Cur epoch 22 loss CE:0.2589 mse:0.0089 consistent:0.0000
2025-12-29 15:42:16,245 - utils.logger2025-12-29-15.38.55 - INFO - Cur epoch 22 loss CE:0.3228 mse:0.0103 consistent:0.0000
2025-12-29 15:42:16,936 - utils.logger2025-12-29-15.38.55 - INFO - saving the model at the end of epoch 22, iters 96448
2025-12-29 15:42:17,035 - utils.logger2025-12-29-15.38.55 - INFO - End of training epoch 22 / 40 	 Time Taken: 6 sec
2025-12-29 15:42:17,035 - utils.logger2025-12-29-15.38.55 - INFO - learning rate = 0.0001714
2025-12-29 15:42:18,233 - utils.logger2025-12-29-15.38.55 - INFO - Val result of epoch 22 / 40 acc 0.6044 uar 0.6070 f1 0.6063
2025-12-29 15:42:20,047 - utils.logger2025-12-29-15.38.55 - INFO - Tst result of epoch 22 / 40 acc 0.5949 uar 0.5847 f1 0.5937
2025-12-29 15:42:20,617 - utils.logger2025-12-29-15.38.55 - INFO - Cur epoch 23 loss CE:0.7922 mse:0.0102 consistent:0.0000
2025-12-29 15:42:21,829 - utils.logger2025-12-29-15.38.55 - INFO - Cur epoch 23 loss CE:0.3791 mse:0.0129 consistent:0.0000
2025-12-29 15:42:23,025 - utils.logger2025-12-29-15.38.55 - INFO - Cur epoch 23 loss CE:0.5854 mse:0.0082 consistent:0.0000
2025-12-29 15:42:24,249 - utils.logger2025-12-29-15.38.55 - INFO - Cur epoch 23 loss CE:0.3100 mse:0.0067 consistent:0.0000
2025-12-29 15:42:25,433 - utils.logger2025-12-29-15.38.55 - INFO - Cur epoch 23 loss CE:0.2518 mse:0.0083 consistent:0.0000
2025-12-29 15:42:26,652 - utils.logger2025-12-29-15.38.55 - INFO - Cur epoch 23 loss CE:0.1746 mse:0.0086 consistent:0.0000
2025-12-29 15:42:26,702 - utils.logger2025-12-29-15.38.55 - INFO - saving the model at the end of epoch 23, iters 100832
2025-12-29 15:42:26,799 - utils.logger2025-12-29-15.38.55 - INFO - End of training epoch 23 / 40 	 Time Taken: 6 sec
2025-12-29 15:42:26,799 - utils.logger2025-12-29-15.38.55 - INFO - learning rate = 0.0001619
2025-12-29 15:42:28,060 - utils.logger2025-12-29-15.38.55 - INFO - Val result of epoch 23 / 40 acc 0.6057 uar 0.5943 f1 0.5987
2025-12-29 15:42:29,631 - utils.logger2025-12-29-15.38.55 - INFO - Tst result of epoch 23 / 40 acc 0.5943 uar 0.5924 f1 0.5924
2025-12-29 15:42:30,915 - utils.logger2025-12-29-15.38.55 - INFO - Cur epoch 24 loss CE:0.3057 mse:0.0085 consistent:0.0000
2025-12-29 15:42:32,277 - utils.logger2025-12-29-15.38.55 - INFO - Cur epoch 24 loss CE:0.5178 mse:0.0103 consistent:0.0000
2025-12-29 15:42:33,617 - utils.logger2025-12-29-15.38.55 - INFO - Cur epoch 24 loss CE:0.4229 mse:0.0083 consistent:0.0000
2025-12-29 15:42:34,876 - utils.logger2025-12-29-15.38.55 - INFO - Cur epoch 24 loss CE:0.3850 mse:0.0093 consistent:0.0000
2025-12-29 15:42:36,045 - utils.logger2025-12-29-15.38.55 - INFO - Cur epoch 24 loss CE:0.5496 mse:0.0072 consistent:0.0000
2025-12-29 15:42:36,632 - utils.logger2025-12-29-15.38.55 - INFO - saving the model at the end of epoch 24, iters 105216
2025-12-29 15:42:36,722 - utils.logger2025-12-29-15.38.55 - INFO - End of training epoch 24 / 40 	 Time Taken: 7 sec
2025-12-29 15:42:36,723 - utils.logger2025-12-29-15.38.55 - INFO - learning rate = 0.0001524
2025-12-29 15:42:37,979 - utils.logger2025-12-29-15.38.55 - INFO - Val result of epoch 24 / 40 acc 0.5913 uar 0.5925 f1 0.5947
2025-12-29 15:42:39,772 - utils.logger2025-12-29-15.38.55 - INFO - Tst result of epoch 24 / 40 acc 0.5935 uar 0.5844 f1 0.5929
2025-12-29 15:42:40,290 - utils.logger2025-12-29-15.38.55 - INFO - Cur epoch 25 loss CE:0.5050 mse:0.0102 consistent:0.0000
2025-12-29 15:42:41,364 - utils.logger2025-12-29-15.38.55 - INFO - Cur epoch 25 loss CE:0.5518 mse:0.0119 consistent:0.0000
2025-12-29 15:42:42,552 - utils.logger2025-12-29-15.38.55 - INFO - Cur epoch 25 loss CE:0.2390 mse:0.0079 consistent:0.0000
2025-12-29 15:42:43,769 - utils.logger2025-12-29-15.38.55 - INFO - Cur epoch 25 loss CE:0.6468 mse:0.0084 consistent:0.0000
2025-12-29 15:42:45,073 - utils.logger2025-12-29-15.38.55 - INFO - Cur epoch 25 loss CE:0.1498 mse:0.0086 consistent:0.0000
2025-12-29 15:42:46,401 - utils.logger2025-12-29-15.38.55 - INFO - Cur epoch 25 loss CE:0.5275 mse:0.0076 consistent:0.0000
2025-12-29 15:42:46,401 - utils.logger2025-12-29-15.38.55 - INFO - saving the model at the end of epoch 25, iters 109600
2025-12-29 15:42:46,514 - utils.logger2025-12-29-15.38.55 - INFO - End of training epoch 25 / 40 	 Time Taken: 6 sec
2025-12-29 15:42:46,515 - utils.logger2025-12-29-15.38.55 - INFO - learning rate = 0.0001429
2025-12-29 15:42:47,903 - utils.logger2025-12-29-15.38.55 - INFO - Val result of epoch 25 / 40 acc 0.5916 uar 0.5947 f1 0.5905
2025-12-29 15:42:49,337 - utils.logger2025-12-29-15.38.55 - INFO - Tst result of epoch 25 / 40 acc 0.5911 uar 0.5854 f1 0.5919
2025-12-29 15:42:50,480 - utils.logger2025-12-29-15.38.55 - INFO - Cur epoch 26 loss CE:0.2073 mse:0.0104 consistent:0.0000
2025-12-29 15:42:51,728 - utils.logger2025-12-29-15.38.55 - INFO - Cur epoch 26 loss CE:0.3973 mse:0.0090 consistent:0.0000
2025-12-29 15:42:52,992 - utils.logger2025-12-29-15.38.55 - INFO - Cur epoch 26 loss CE:0.5161 mse:0.0094 consistent:0.0000
2025-12-29 15:42:54,451 - utils.logger2025-12-29-15.38.55 - INFO - Cur epoch 26 loss CE:0.2329 mse:0.0095 consistent:0.0000
2025-12-29 15:42:55,816 - utils.logger2025-12-29-15.38.55 - INFO - Cur epoch 26 loss CE:0.3742 mse:0.0081 consistent:0.0000
2025-12-29 15:42:56,464 - utils.logger2025-12-29-15.38.55 - INFO - saving the model at the end of epoch 26, iters 113984
2025-12-29 15:42:56,583 - utils.logger2025-12-29-15.38.55 - INFO - End of training epoch 26 / 40 	 Time Taken: 7 sec
2025-12-29 15:42:56,583 - utils.logger2025-12-29-15.38.55 - INFO - learning rate = 0.0001333
2025-12-29 15:42:57,874 - utils.logger2025-12-29-15.38.55 - INFO - Val result of epoch 26 / 40 acc 0.5479 uar 0.5553 f1 0.5537
2025-12-29 15:42:59,356 - utils.logger2025-12-29-15.38.55 - INFO - Tst result of epoch 26 / 40 acc 0.5686 uar 0.5468 f1 0.5530
2025-12-29 15:42:59,936 - utils.logger2025-12-29-15.38.55 - INFO - Cur epoch 27 loss CE:0.7118 mse:0.0071 consistent:0.0000
2025-12-29 15:43:01,146 - utils.logger2025-12-29-15.38.55 - INFO - Cur epoch 27 loss CE:0.2051 mse:0.0063 consistent:0.0000
2025-12-29 15:43:02,356 - utils.logger2025-12-29-15.38.55 - INFO - Cur epoch 27 loss CE:0.4131 mse:0.0080 consistent:0.0000
2025-12-29 15:43:03,576 - utils.logger2025-12-29-15.38.55 - INFO - Cur epoch 27 loss CE:0.3580 mse:0.0082 consistent:0.0000
2025-12-29 15:43:04,634 - utils.logger2025-12-29-15.38.55 - INFO - Cur epoch 27 loss CE:0.3616 mse:0.0071 consistent:0.0000
2025-12-29 15:43:05,574 - utils.logger2025-12-29-15.38.55 - INFO - saving the model at the end of epoch 27, iters 118368
2025-12-29 15:43:05,669 - utils.logger2025-12-29-15.38.55 - INFO - End of training epoch 27 / 40 	 Time Taken: 6 sec
2025-12-29 15:43:05,669 - utils.logger2025-12-29-15.38.55 - INFO - learning rate = 0.0001238
2025-12-29 15:43:06,902 - utils.logger2025-12-29-15.38.55 - INFO - Val result of epoch 27 / 40 acc 0.5974 uar 0.5971 f1 0.6001
2025-12-29 15:43:08,414 - utils.logger2025-12-29-15.38.55 - INFO - Tst result of epoch 27 / 40 acc 0.6049 uar 0.5947 f1 0.6071
2025-12-29 15:43:08,449 - utils.logger2025-12-29-15.38.55 - INFO - Cur epoch 28 loss CE:0.1959 mse:0.0078 consistent:0.0000
2025-12-29 15:43:09,433 - utils.logger2025-12-29-15.38.55 - INFO - Cur epoch 28 loss CE:0.4870 mse:0.0085 consistent:0.0000
2025-12-29 15:43:10,400 - utils.logger2025-12-29-15.38.55 - INFO - Cur epoch 28 loss CE:0.4054 mse:0.0082 consistent:0.0000
2025-12-29 15:43:11,360 - utils.logger2025-12-29-15.38.55 - INFO - Cur epoch 28 loss CE:0.1853 mse:0.0075 consistent:0.0000
2025-12-29 15:43:12,526 - utils.logger2025-12-29-15.38.55 - INFO - Cur epoch 28 loss CE:0.3939 mse:0.0073 consistent:0.0000
2025-12-29 15:43:13,828 - utils.logger2025-12-29-15.38.55 - INFO - Cur epoch 28 loss CE:0.4697 mse:0.0083 consistent:0.0000
2025-12-29 15:43:14,400 - utils.logger2025-12-29-15.38.55 - INFO - saving the model at the end of epoch 28, iters 122752
2025-12-29 15:43:14,516 - utils.logger2025-12-29-15.38.55 - INFO - End of training epoch 28 / 40 	 Time Taken: 6 sec
2025-12-29 15:43:14,517 - utils.logger2025-12-29-15.38.55 - INFO - learning rate = 0.0001143
2025-12-29 15:43:16,084 - utils.logger2025-12-29-15.38.55 - INFO - Val result of epoch 28 / 40 acc 0.5967 uar 0.5948 f1 0.5943
2025-12-29 15:43:18,009 - utils.logger2025-12-29-15.38.55 - INFO - Tst result of epoch 28 / 40 acc 0.5832 uar 0.5763 f1 0.5847
2025-12-29 15:43:18,660 - utils.logger2025-12-29-15.38.55 - INFO - Cur epoch 29 loss CE:0.4247 mse:0.0097 consistent:0.0000
2025-12-29 15:43:19,832 - utils.logger2025-12-29-15.38.55 - INFO - Cur epoch 29 loss CE:0.2086 mse:0.0068 consistent:0.0000
2025-12-29 15:43:21,001 - utils.logger2025-12-29-15.38.55 - INFO - Cur epoch 29 loss CE:0.2667 mse:0.0076 consistent:0.0000
2025-12-29 15:43:22,030 - utils.logger2025-12-29-15.38.55 - INFO - Cur epoch 29 loss CE:0.2818 mse:0.0082 consistent:0.0000
2025-12-29 15:43:23,010 - utils.logger2025-12-29-15.38.55 - INFO - Cur epoch 29 loss CE:0.4128 mse:0.0099 consistent:0.0000
2025-12-29 15:43:23,915 - utils.logger2025-12-29-15.38.55 - INFO - saving the model at the end of epoch 29, iters 127136
2025-12-29 15:43:24,012 - utils.logger2025-12-29-15.38.55 - INFO - End of training epoch 29 / 40 	 Time Taken: 6 sec
2025-12-29 15:43:24,013 - utils.logger2025-12-29-15.38.55 - INFO - learning rate = 0.0001048
2025-12-29 15:43:25,207 - utils.logger2025-12-29-15.38.55 - INFO - Val result of epoch 29 / 40 acc 0.5852 uar 0.5880 f1 0.5869
2025-12-29 15:43:26,700 - utils.logger2025-12-29-15.38.55 - INFO - Tst result of epoch 29 / 40 acc 0.5750 uar 0.5618 f1 0.5715
2025-12-29 15:43:26,779 - utils.logger2025-12-29-15.38.55 - INFO - Cur epoch 30 loss CE:0.2261 mse:0.0104 consistent:0.0000
2025-12-29 15:43:27,870 - utils.logger2025-12-29-15.38.55 - INFO - Cur epoch 30 loss CE:0.2868 mse:0.0108 consistent:0.0000
2025-12-29 15:43:28,863 - utils.logger2025-12-29-15.38.55 - INFO - Cur epoch 30 loss CE:0.2667 mse:0.0070 consistent:0.0000
2025-12-29 15:43:30,008 - utils.logger2025-12-29-15.38.55 - INFO - Cur epoch 30 loss CE:0.2997 mse:0.0090 consistent:0.0000
2025-12-29 15:43:30,942 - utils.logger2025-12-29-15.38.55 - INFO - Cur epoch 30 loss CE:0.1536 mse:0.0070 consistent:0.0000
2025-12-29 15:43:31,888 - utils.logger2025-12-29-15.38.55 - INFO - Cur epoch 30 loss CE:0.2521 mse:0.0098 consistent:0.0000
2025-12-29 15:43:32,270 - utils.logger2025-12-29-15.38.55 - INFO - saving the model at the end of epoch 30, iters 131520
2025-12-29 15:43:32,363 - utils.logger2025-12-29-15.38.55 - INFO - End of training epoch 30 / 40 	 Time Taken: 5 sec
2025-12-29 15:43:32,363 - utils.logger2025-12-29-15.38.55 - INFO - learning rate = 0.0000952
2025-12-29 15:43:33,589 - utils.logger2025-12-29-15.38.55 - INFO - Val result of epoch 30 / 40 acc 0.6143 uar 0.6116 f1 0.6106
2025-12-29 15:43:35,083 - utils.logger2025-12-29-15.38.55 - INFO - Tst result of epoch 30 / 40 acc 0.5795 uar 0.5715 f1 0.5767
2025-12-29 15:43:35,714 - utils.logger2025-12-29-15.38.55 - INFO - Cur epoch 31 loss CE:0.3096 mse:0.0083 consistent:0.0000
2025-12-29 15:43:36,868 - utils.logger2025-12-29-15.38.55 - INFO - Cur epoch 31 loss CE:0.3639 mse:0.0084 consistent:0.0000
2025-12-29 15:43:38,001 - utils.logger2025-12-29-15.38.55 - INFO - Cur epoch 31 loss CE:0.4611 mse:0.0111 consistent:0.0000
2025-12-29 15:43:39,137 - utils.logger2025-12-29-15.38.55 - INFO - Cur epoch 31 loss CE:0.2808 mse:0.0102 consistent:0.0000
2025-12-29 15:43:40,295 - utils.logger2025-12-29-15.38.55 - INFO - Cur epoch 31 loss CE:0.0957 mse:0.0056 consistent:0.0000
2025-12-29 15:43:41,339 - utils.logger2025-12-29-15.38.55 - INFO - saving the model at the end of epoch 31, iters 135904
2025-12-29 15:43:41,454 - utils.logger2025-12-29-15.38.55 - INFO - End of training epoch 31 / 40 	 Time Taken: 6 sec
2025-12-29 15:43:41,454 - utils.logger2025-12-29-15.38.55 - INFO - learning rate = 0.0000857
2025-12-29 15:43:42,778 - utils.logger2025-12-29-15.38.55 - INFO - Val result of epoch 31 / 40 acc 0.6153 uar 0.6074 f1 0.6115
2025-12-29 15:43:44,231 - utils.logger2025-12-29-15.38.55 - INFO - Tst result of epoch 31 / 40 acc 0.5885 uar 0.5772 f1 0.5847
2025-12-29 15:43:44,356 - utils.logger2025-12-29-15.38.55 - INFO - Cur epoch 32 loss CE:0.2129 mse:0.0077 consistent:0.0000
2025-12-29 15:43:45,509 - utils.logger2025-12-29-15.38.55 - INFO - Cur epoch 32 loss CE:0.4284 mse:0.0115 consistent:0.0000
2025-12-29 15:43:46,676 - utils.logger2025-12-29-15.38.55 - INFO - Cur epoch 32 loss CE:0.5109 mse:0.0104 consistent:0.0000
2025-12-29 15:43:47,965 - utils.logger2025-12-29-15.38.55 - INFO - Cur epoch 32 loss CE:0.3078 mse:0.0086 consistent:0.0000
2025-12-29 15:43:49,214 - utils.logger2025-12-29-15.38.55 - INFO - Cur epoch 32 loss CE:0.2465 mse:0.0074 consistent:0.0000
2025-12-29 15:43:50,425 - utils.logger2025-12-29-15.38.55 - INFO - Cur epoch 32 loss CE:0.2823 mse:0.0076 consistent:0.0000
2025-12-29 15:43:50,869 - utils.logger2025-12-29-15.38.55 - INFO - saving the model at the end of epoch 32, iters 140288
2025-12-29 15:43:50,961 - utils.logger2025-12-29-15.38.55 - INFO - End of training epoch 32 / 40 	 Time Taken: 6 sec
2025-12-29 15:43:50,961 - utils.logger2025-12-29-15.38.55 - INFO - learning rate = 0.0000762
2025-12-29 15:43:52,189 - utils.logger2025-12-29-15.38.55 - INFO - Val result of epoch 32 / 40 acc 0.6098 uar 0.6091 f1 0.6078
2025-12-29 15:43:53,635 - utils.logger2025-12-29-15.38.55 - INFO - Tst result of epoch 32 / 40 acc 0.6007 uar 0.5957 f1 0.6003
2025-12-29 15:43:54,372 - utils.logger2025-12-29-15.38.55 - INFO - Cur epoch 33 loss CE:0.0778 mse:0.0070 consistent:0.0000
2025-12-29 15:43:55,602 - utils.logger2025-12-29-15.38.55 - INFO - Cur epoch 33 loss CE:0.3323 mse:0.0076 consistent:0.0000
2025-12-29 15:43:56,830 - utils.logger2025-12-29-15.38.55 - INFO - Cur epoch 33 loss CE:0.3209 mse:0.0072 consistent:0.0000
2025-12-29 15:43:58,174 - utils.logger2025-12-29-15.38.55 - INFO - Cur epoch 33 loss CE:0.1295 mse:0.0089 consistent:0.0000
2025-12-29 15:43:59,490 - utils.logger2025-12-29-15.38.55 - INFO - Cur epoch 33 loss CE:0.2443 mse:0.0064 consistent:0.0000
2025-12-29 15:44:00,624 - utils.logger2025-12-29-15.38.55 - INFO - saving the model at the end of epoch 33, iters 144672
2025-12-29 15:44:00,722 - utils.logger2025-12-29-15.38.55 - INFO - End of training epoch 33 / 40 	 Time Taken: 7 sec
2025-12-29 15:44:00,722 - utils.logger2025-12-29-15.38.55 - INFO - learning rate = 0.0000667
2025-12-29 15:44:01,916 - utils.logger2025-12-29-15.38.55 - INFO - Val result of epoch 33 / 40 acc 0.5827 uar 0.5858 f1 0.5881
2025-12-29 15:44:03,422 - utils.logger2025-12-29-15.38.55 - INFO - Tst result of epoch 33 / 40 acc 0.5843 uar 0.5700 f1 0.5794
2025-12-29 15:44:03,554 - utils.logger2025-12-29-15.38.55 - INFO - Cur epoch 34 loss CE:0.1876 mse:0.0083 consistent:0.0000
2025-12-29 15:44:04,442 - utils.logger2025-12-29-15.38.55 - INFO - Cur epoch 34 loss CE:0.4511 mse:0.0089 consistent:0.0000
2025-12-29 15:44:05,421 - utils.logger2025-12-29-15.38.55 - INFO - Cur epoch 34 loss CE:0.3311 mse:0.0072 consistent:0.0000
2025-12-29 15:44:06,483 - utils.logger2025-12-29-15.38.55 - INFO - Cur epoch 34 loss CE:0.3404 mse:0.0096 consistent:0.0000
2025-12-29 15:44:07,618 - utils.logger2025-12-29-15.38.55 - INFO - Cur epoch 34 loss CE:0.2483 mse:0.0081 consistent:0.0000
2025-12-29 15:44:08,627 - utils.logger2025-12-29-15.38.55 - INFO - Cur epoch 34 loss CE:0.1966 mse:0.0079 consistent:0.0000
2025-12-29 15:44:08,949 - utils.logger2025-12-29-15.38.55 - INFO - saving the model at the end of epoch 34, iters 149056
2025-12-29 15:44:09,045 - utils.logger2025-12-29-15.38.55 - INFO - End of training epoch 34 / 40 	 Time Taken: 5 sec
2025-12-29 15:44:09,046 - utils.logger2025-12-29-15.38.55 - INFO - learning rate = 0.0000571
2025-12-29 15:44:10,260 - utils.logger2025-12-29-15.38.55 - INFO - Val result of epoch 34 / 40 acc 0.6031 uar 0.6047 f1 0.6031
2025-12-29 15:44:11,708 - utils.logger2025-12-29-15.38.55 - INFO - Tst result of epoch 34 / 40 acc 0.5930 uar 0.5854 f1 0.5920
2025-12-29 15:44:12,333 - utils.logger2025-12-29-15.38.55 - INFO - Cur epoch 35 loss CE:0.5404 mse:0.0077 consistent:0.0000
2025-12-29 15:44:13,261 - utils.logger2025-12-29-15.38.55 - INFO - Cur epoch 35 loss CE:0.1880 mse:0.0070 consistent:0.0000
2025-12-29 15:44:14,395 - utils.logger2025-12-29-15.38.55 - INFO - Cur epoch 35 loss CE:0.3154 mse:0.0083 consistent:0.0000
2025-12-29 15:44:15,607 - utils.logger2025-12-29-15.38.55 - INFO - Cur epoch 35 loss CE:0.2843 mse:0.0085 consistent:0.0000
2025-12-29 15:44:16,824 - utils.logger2025-12-29-15.38.55 - INFO - Cur epoch 35 loss CE:0.4980 mse:0.0107 consistent:0.0000
2025-12-29 15:44:17,801 - utils.logger2025-12-29-15.38.55 - INFO - saving the model at the end of epoch 35, iters 153440
2025-12-29 15:44:17,895 - utils.logger2025-12-29-15.38.55 - INFO - End of training epoch 35 / 40 	 Time Taken: 6 sec
2025-12-29 15:44:17,895 - utils.logger2025-12-29-15.38.55 - INFO - learning rate = 0.0000476
2025-12-29 15:44:19,136 - utils.logger2025-12-29-15.38.55 - INFO - Val result of epoch 35 / 40 acc 0.6076 uar 0.6061 f1 0.6040
2025-12-29 15:44:20,637 - utils.logger2025-12-29-15.38.55 - INFO - Tst result of epoch 35 / 40 acc 0.5898 uar 0.5871 f1 0.5907
2025-12-29 15:44:20,850 - utils.logger2025-12-29-15.38.55 - INFO - Cur epoch 36 loss CE:0.3208 mse:0.0079 consistent:0.0000
2025-12-29 15:44:21,936 - utils.logger2025-12-29-15.38.55 - INFO - Cur epoch 36 loss CE:0.2064 mse:0.0052 consistent:0.0000
2025-12-29 15:44:23,180 - utils.logger2025-12-29-15.38.55 - INFO - Cur epoch 36 loss CE:0.2956 mse:0.0079 consistent:0.0000
2025-12-29 15:44:24,386 - utils.logger2025-12-29-15.38.55 - INFO - Cur epoch 36 loss CE:0.2057 mse:0.0068 consistent:0.0000
2025-12-29 15:44:25,542 - utils.logger2025-12-29-15.38.55 - INFO - Cur epoch 36 loss CE:0.4615 mse:0.0075 consistent:0.0000
2025-12-29 15:44:26,746 - utils.logger2025-12-29-15.38.55 - INFO - Cur epoch 36 loss CE:0.2495 mse:0.0058 consistent:0.0000
2025-12-29 15:44:27,086 - utils.logger2025-12-29-15.38.55 - INFO - saving the model at the end of epoch 36, iters 157824
2025-12-29 15:44:27,181 - utils.logger2025-12-29-15.38.55 - INFO - End of training epoch 36 / 40 	 Time Taken: 6 sec
2025-12-29 15:44:27,182 - utils.logger2025-12-29-15.38.55 - INFO - learning rate = 0.0000381
2025-12-29 15:44:28,381 - utils.logger2025-12-29-15.38.55 - INFO - Val result of epoch 36 / 40 acc 0.6216 uar 0.6156 f1 0.6173
2025-12-29 15:44:29,899 - utils.logger2025-12-29-15.38.55 - INFO - Tst result of epoch 36 / 40 acc 0.5962 uar 0.5928 f1 0.5976
2025-12-29 15:44:30,815 - utils.logger2025-12-29-15.38.55 - INFO - Cur epoch 37 loss CE:0.3292 mse:0.0066 consistent:0.0000
2025-12-29 15:44:32,100 - utils.logger2025-12-29-15.38.55 - INFO - Cur epoch 37 loss CE:0.3205 mse:0.0087 consistent:0.0000
2025-12-29 15:44:33,344 - utils.logger2025-12-29-15.38.55 - INFO - Cur epoch 37 loss CE:0.2298 mse:0.0064 consistent:0.0000
2025-12-29 15:44:34,542 - utils.logger2025-12-29-15.38.55 - INFO - Cur epoch 37 loss CE:0.3011 mse:0.0056 consistent:0.0000
2025-12-29 15:44:35,779 - utils.logger2025-12-29-15.38.55 - INFO - Cur epoch 37 loss CE:0.3154 mse:0.0065 consistent:0.0000
2025-12-29 15:44:36,703 - utils.logger2025-12-29-15.38.55 - INFO - saving the model at the end of epoch 37, iters 162208
2025-12-29 15:44:36,817 - utils.logger2025-12-29-15.38.55 - INFO - End of training epoch 37 / 40 	 Time Taken: 6 sec
2025-12-29 15:44:36,817 - utils.logger2025-12-29-15.38.55 - INFO - learning rate = 0.0000286
2025-12-29 15:44:38,350 - utils.logger2025-12-29-15.38.55 - INFO - Val result of epoch 37 / 40 acc 0.6057 uar 0.6076 f1 0.6041
2025-12-29 15:44:40,136 - utils.logger2025-12-29-15.38.55 - INFO - Tst result of epoch 37 / 40 acc 0.5874 uar 0.5816 f1 0.5853
2025-12-29 15:44:40,360 - utils.logger2025-12-29-15.38.55 - INFO - Cur epoch 38 loss CE:0.3346 mse:0.0079 consistent:0.0000
2025-12-29 15:44:41,496 - utils.logger2025-12-29-15.38.55 - INFO - Cur epoch 38 loss CE:0.3359 mse:0.0094 consistent:0.0000
2025-12-29 15:44:42,621 - utils.logger2025-12-29-15.38.55 - INFO - Cur epoch 38 loss CE:0.1893 mse:0.0093 consistent:0.0000
2025-12-29 15:44:43,832 - utils.logger2025-12-29-15.38.55 - INFO - Cur epoch 38 loss CE:0.1934 mse:0.0071 consistent:0.0000
2025-12-29 15:44:45,036 - utils.logger2025-12-29-15.38.55 - INFO - Cur epoch 38 loss CE:0.4116 mse:0.0084 consistent:0.0000
2025-12-29 15:44:46,244 - utils.logger2025-12-29-15.38.55 - INFO - Cur epoch 38 loss CE:0.1092 mse:0.0054 consistent:0.0000
2025-12-29 15:44:46,534 - utils.logger2025-12-29-15.38.55 - INFO - saving the model at the end of epoch 38, iters 166592
2025-12-29 15:44:46,625 - utils.logger2025-12-29-15.38.55 - INFO - End of training epoch 38 / 40 	 Time Taken: 6 sec
2025-12-29 15:44:46,625 - utils.logger2025-12-29-15.38.55 - INFO - learning rate = 0.0000190
2025-12-29 15:44:47,826 - utils.logger2025-12-29-15.38.55 - INFO - Val result of epoch 38 / 40 acc 0.6082 uar 0.6051 f1 0.6060
2025-12-29 15:44:49,300 - utils.logger2025-12-29-15.38.55 - INFO - Tst result of epoch 38 / 40 acc 0.5954 uar 0.5896 f1 0.5961
2025-12-29 15:44:50,155 - utils.logger2025-12-29-15.38.55 - INFO - Cur epoch 39 loss CE:0.2396 mse:0.0070 consistent:0.0000
2025-12-29 15:44:51,335 - utils.logger2025-12-29-15.38.55 - INFO - Cur epoch 39 loss CE:0.2524 mse:0.0087 consistent:0.0000
2025-12-29 15:44:52,549 - utils.logger2025-12-29-15.38.55 - INFO - Cur epoch 39 loss CE:0.2766 mse:0.0097 consistent:0.0000
2025-12-29 15:44:53,768 - utils.logger2025-12-29-15.38.55 - INFO - Cur epoch 39 loss CE:0.1497 mse:0.0069 consistent:0.0000
2025-12-29 15:44:55,025 - utils.logger2025-12-29-15.38.55 - INFO - Cur epoch 39 loss CE:0.3638 mse:0.0071 consistent:0.0000
2025-12-29 15:44:55,918 - utils.logger2025-12-29-15.38.55 - INFO - saving the model at the end of epoch 39, iters 170976
2025-12-29 15:44:56,011 - utils.logger2025-12-29-15.38.55 - INFO - End of training epoch 39 / 40 	 Time Taken: 6 sec
2025-12-29 15:44:56,011 - utils.logger2025-12-29-15.38.55 - INFO - learning rate = 0.0000095
2025-12-29 15:44:57,207 - utils.logger2025-12-29-15.38.55 - INFO - Val result of epoch 39 / 40 acc 0.6089 uar 0.6096 f1 0.6065
2025-12-29 15:44:58,638 - utils.logger2025-12-29-15.38.55 - INFO - Tst result of epoch 39 / 40 acc 0.5909 uar 0.5866 f1 0.5907
2025-12-29 15:44:58,959 - utils.logger2025-12-29-15.38.55 - INFO - Cur epoch 40 loss CE:0.1166 mse:0.0084 consistent:0.0000
2025-12-29 15:45:00,297 - utils.logger2025-12-29-15.38.55 - INFO - Cur epoch 40 loss CE:0.1209 mse:0.0074 consistent:0.0000
2025-12-29 15:45:01,714 - utils.logger2025-12-29-15.38.55 - INFO - Cur epoch 40 loss CE:0.3353 mse:0.0056 consistent:0.0000
2025-12-29 15:45:02,990 - utils.logger2025-12-29-15.38.55 - INFO - Cur epoch 40 loss CE:0.1123 mse:0.0084 consistent:0.0000
2025-12-29 15:45:04,202 - utils.logger2025-12-29-15.38.55 - INFO - Cur epoch 40 loss CE:0.0876 mse:0.0052 consistent:0.0000
2025-12-29 15:45:05,420 - utils.logger2025-12-29-15.38.55 - INFO - Cur epoch 40 loss CE:0.3820 mse:0.0069 consistent:0.0000
2025-12-29 15:45:05,669 - utils.logger2025-12-29-15.38.55 - INFO - saving the model at the end of epoch 40, iters 175360
2025-12-29 15:45:05,770 - utils.logger2025-12-29-15.38.55 - INFO - End of training epoch 40 / 40 	 Time Taken: 7 sec
2025-12-29 15:45:05,770 - utils.logger2025-12-29-15.38.55 - INFO - learning rate = 0.0000000
2025-12-29 15:45:07,158 - utils.logger2025-12-29-15.38.55 - INFO - Val result of epoch 40 / 40 acc 0.6079 uar 0.6061 f1 0.6057
2025-12-29 15:45:09,116 - utils.logger2025-12-29-15.38.55 - INFO - Tst result of epoch 40 / 40 acc 0.5890 uar 0.5823 f1 0.5875
2025-12-29 15:45:09,117 - utils.logger2025-12-29-15.38.55 - INFO - Best eval epoch 21 found with uar 0.607834
2025-12-29 15:45:09,117 - utils.logger2025-12-29-15.38.55 - INFO - Loading best model found on val set: epoch-21
2025-12-29 15:45:12,464 - utils.logger2025-12-29-15.38.55 - INFO - Tst result acc 0.6100 uar 0.6078 f1 0.6128
