2025-12-18 18:16:20,951 - utils.logger2025-12-18-18.16.20 - INFO - The number of training samples = 1750
2025-12-18 18:16:22,186 - utils.logger2025-12-18-18.16.20 - INFO - Cur epoch 1 loss TA:1.0353 TV:1.0364 VA:2.0730 CE:3.8898
2025-12-18 18:16:22,636 - utils.logger2025-12-18-18.16.20 - INFO - Cur epoch 1 loss TA:1.0333 TV:1.0333 VA:2.0736 CE:2.2762
2025-12-18 18:16:23,125 - utils.logger2025-12-18-18.16.20 - INFO - saving the model at the end of epoch 1, iters 28
2025-12-18 18:16:23,192 - utils.logger2025-12-18-18.16.20 - INFO - End of training epoch 1 / 40 	 Time Taken: 2 sec
2025-12-18 18:16:23,192 - utils.logger2025-12-18-18.16.20 - INFO - learning rate = 0.0002000
2025-12-18 18:16:23,490 - utils.logger2025-12-18-18.16.20 - INFO - Val result of epoch 1 / 40 acc 0.5179 MAE 0.3568 f1 0.5691
2025-12-18 18:16:23,742 - utils.logger2025-12-18-18.16.20 - INFO - Tst result of epoch 1 / 40 acc 0.5179 MAE 0.3568 f1 0.5691
2025-12-18 18:16:24,125 - utils.logger2025-12-18-18.16.20 - INFO - Cur epoch 2 loss TA:1.0310 TV:1.0318 VA:2.0654 CE:2.8590
2025-12-18 18:16:24,706 - utils.logger2025-12-18-18.16.20 - INFO - Cur epoch 2 loss TA:1.0281 TV:1.0265 VA:2.0614 CE:2.2807
2025-12-18 18:16:25,266 - utils.logger2025-12-18-18.16.20 - INFO - Cur epoch 2 loss TA:1.0215 TV:1.0194 VA:2.0587 CE:2.6290
2025-12-18 18:16:25,670 - utils.logger2025-12-18-18.16.20 - INFO - saving the model at the end of epoch 2, iters 56
2025-12-18 18:16:25,754 - utils.logger2025-12-18-18.16.20 - INFO - End of training epoch 2 / 40 	 Time Taken: 2 sec
2025-12-18 18:16:25,754 - utils.logger2025-12-18-18.16.20 - INFO - learning rate = 0.0002000
2025-12-18 18:16:26,195 - utils.logger2025-12-18-18.16.20 - INFO - Val result of epoch 2 / 40 acc 0.5982 MAE 0.3511 f1 0.6105
2025-12-18 18:16:26,482 - utils.logger2025-12-18-18.16.20 - INFO - Tst result of epoch 2 / 40 acc 0.5982 MAE 0.3511 f1 0.6105
2025-12-18 18:16:26,927 - utils.logger2025-12-18-18.16.20 - INFO - Cur epoch 3 loss TA:0.9985 TV:0.9922 VA:2.0166 CE:3.1227
2025-12-18 18:16:27,512 - utils.logger2025-12-18-18.16.20 - INFO - Cur epoch 3 loss TA:0.9981 TV:0.9883 VA:2.0244 CE:2.5995
2025-12-18 18:16:28,110 - utils.logger2025-12-18-18.16.20 - INFO - Cur epoch 3 loss TA:0.9853 TV:0.9765 VA:2.0142 CE:1.9963
2025-12-18 18:16:28,419 - utils.logger2025-12-18-18.16.20 - INFO - saving the model at the end of epoch 3, iters 84
2025-12-18 18:16:28,507 - utils.logger2025-12-18-18.16.20 - INFO - End of training epoch 3 / 40 	 Time Taken: 2 sec
2025-12-18 18:16:28,507 - utils.logger2025-12-18-18.16.20 - INFO - learning rate = 0.0002000
2025-12-18 18:16:28,832 - utils.logger2025-12-18-18.16.20 - INFO - Val result of epoch 3 / 40 acc 0.5982 MAE 0.4082 f1 0.6107
2025-12-18 18:16:29,102 - utils.logger2025-12-18-18.16.20 - INFO - Tst result of epoch 3 / 40 acc 0.5982 MAE 0.4082 f1 0.6107
2025-12-18 18:16:29,674 - utils.logger2025-12-18-18.16.20 - INFO - Cur epoch 4 loss TA:0.9624 TV:0.9483 VA:1.9583 CE:1.6278
2025-12-18 18:16:30,199 - utils.logger2025-12-18-18.16.20 - INFO - Cur epoch 4 loss TA:0.9532 TV:0.9340 VA:1.9206 CE:2.3082
2025-12-18 18:16:30,727 - utils.logger2025-12-18-18.16.20 - INFO - Cur epoch 4 loss TA:0.9262 TV:0.9219 VA:1.8765 CE:2.0769
2025-12-18 18:16:30,899 - utils.logger2025-12-18-18.16.20 - INFO - saving the model at the end of epoch 4, iters 112
2025-12-18 18:16:30,981 - utils.logger2025-12-18-18.16.20 - INFO - End of training epoch 4 / 40 	 Time Taken: 1 sec
2025-12-18 18:16:30,981 - utils.logger2025-12-18-18.16.20 - INFO - learning rate = 0.0002000
2025-12-18 18:16:31,476 - utils.logger2025-12-18-18.16.20 - INFO - Val result of epoch 4 / 40 acc 0.6518 MAE 0.4718 f1 0.6706
2025-12-18 18:16:31,785 - utils.logger2025-12-18-18.16.20 - INFO - Tst result of epoch 4 / 40 acc 0.6518 MAE 0.4718 f1 0.6706
2025-12-18 18:16:32,394 - utils.logger2025-12-18-18.16.20 - INFO - Cur epoch 5 loss TA:0.9077 TV:0.9034 VA:1.8371 CE:2.4081
2025-12-18 18:16:32,944 - utils.logger2025-12-18-18.16.20 - INFO - Cur epoch 5 loss TA:0.9018 TV:0.9058 VA:1.7943 CE:1.7937
2025-12-18 18:16:33,477 - utils.logger2025-12-18-18.16.20 - INFO - Cur epoch 5 loss TA:0.6448 TV:0.6199 VA:1.2971 CE:1.6629
2025-12-18 18:16:33,539 - utils.logger2025-12-18-18.16.20 - INFO - saving the model at the end of epoch 5, iters 140
2025-12-18 18:16:33,628 - utils.logger2025-12-18-18.16.20 - INFO - End of training epoch 5 / 40 	 Time Taken: 1 sec
2025-12-18 18:16:33,629 - utils.logger2025-12-18-18.16.20 - INFO - learning rate = 0.0002000
2025-12-18 18:16:34,280 - utils.logger2025-12-18-18.16.20 - INFO - Val result of epoch 5 / 40 acc 0.6875 MAE 0.5097 f1 0.7054
2025-12-18 18:16:34,678 - utils.logger2025-12-18-18.16.20 - INFO - Tst result of epoch 5 / 40 acc 0.6875 MAE 0.5097 f1 0.7054
2025-12-18 18:16:35,490 - utils.logger2025-12-18-18.16.20 - INFO - Cur epoch 6 loss TA:0.8752 TV:0.8650 VA:1.7651 CE:1.6537
2025-12-18 18:16:36,063 - utils.logger2025-12-18-18.16.20 - INFO - Cur epoch 6 loss TA:0.9075 TV:0.8883 VA:1.7838 CE:1.9159
2025-12-18 18:16:36,576 - utils.logger2025-12-18-18.16.20 - INFO - saving the model at the end of epoch 6, iters 168
2025-12-18 18:16:36,654 - utils.logger2025-12-18-18.16.20 - INFO - End of training epoch 6 / 40 	 Time Taken: 1 sec
2025-12-18 18:16:36,655 - utils.logger2025-12-18-18.16.20 - INFO - learning rate = 0.0002000
2025-12-18 18:16:36,970 - utils.logger2025-12-18-18.16.20 - INFO - Val result of epoch 6 / 40 acc 0.6384 MAE 0.5443 f1 0.6646
2025-12-18 18:16:37,264 - utils.logger2025-12-18-18.16.20 - INFO - Tst result of epoch 6 / 40 acc 0.6384 MAE 0.5443 f1 0.6646
2025-12-18 18:16:37,582 - utils.logger2025-12-18-18.16.20 - INFO - Cur epoch 7 loss TA:0.8397 TV:0.8313 VA:1.7144 CE:1.8769
2025-12-18 18:16:38,207 - utils.logger2025-12-18-18.16.20 - INFO - Cur epoch 7 loss TA:0.8327 TV:0.8365 VA:1.7137 CE:1.4788
2025-12-18 18:16:38,750 - utils.logger2025-12-18-18.16.20 - INFO - Cur epoch 7 loss TA:0.8273 TV:0.8248 VA:1.6997 CE:1.5897
2025-12-18 18:16:39,152 - utils.logger2025-12-18-18.16.20 - INFO - saving the model at the end of epoch 7, iters 196
2025-12-18 18:16:39,243 - utils.logger2025-12-18-18.16.20 - INFO - End of training epoch 7 / 40 	 Time Taken: 1 sec
2025-12-18 18:16:39,243 - utils.logger2025-12-18-18.16.20 - INFO - learning rate = 0.0002000
2025-12-18 18:16:39,742 - utils.logger2025-12-18-18.16.20 - INFO - Val result of epoch 7 / 40 acc 0.6562 MAE 0.5548 f1 0.6813
2025-12-18 18:16:40,027 - utils.logger2025-12-18-18.16.20 - INFO - Tst result of epoch 7 / 40 acc 0.6562 MAE 0.5548 f1 0.6813
2025-12-18 18:16:40,519 - utils.logger2025-12-18-18.16.20 - INFO - Cur epoch 8 loss TA:0.7861 TV:0.7828 VA:1.6211 CE:1.5815
2025-12-18 18:16:41,100 - utils.logger2025-12-18-18.16.20 - INFO - Cur epoch 8 loss TA:0.8158 TV:0.8093 VA:1.6404 CE:1.4118
2025-12-18 18:16:41,656 - utils.logger2025-12-18-18.16.20 - INFO - Cur epoch 8 loss TA:0.7818 TV:0.7735 VA:1.6130 CE:1.9211
2025-12-18 18:16:41,948 - utils.logger2025-12-18-18.16.20 - INFO - saving the model at the end of epoch 8, iters 224
2025-12-18 18:16:42,016 - utils.logger2025-12-18-18.16.20 - INFO - End of training epoch 8 / 40 	 Time Taken: 1 sec
2025-12-18 18:16:42,016 - utils.logger2025-12-18-18.16.20 - INFO - learning rate = 0.0002000
2025-12-18 18:16:42,331 - utils.logger2025-12-18-18.16.20 - INFO - Val result of epoch 8 / 40 acc 0.7634 MAE 0.5903 f1 0.7798
2025-12-18 18:16:42,610 - utils.logger2025-12-18-18.16.20 - INFO - Tst result of epoch 8 / 40 acc 0.7634 MAE 0.5903 f1 0.7798
2025-12-18 18:16:43,202 - utils.logger2025-12-18-18.16.20 - INFO - Cur epoch 9 loss TA:0.7544 TV:0.7772 VA:1.5659 CE:1.4501
2025-12-18 18:16:43,821 - utils.logger2025-12-18-18.16.20 - INFO - Cur epoch 9 loss TA:0.7629 TV:0.7566 VA:1.5486 CE:1.1695
2025-12-18 18:16:44,385 - utils.logger2025-12-18-18.16.20 - INFO - Cur epoch 9 loss TA:0.7714 TV:0.7591 VA:1.5785 CE:1.0748
2025-12-18 18:16:44,558 - utils.logger2025-12-18-18.16.20 - INFO - saving the model at the end of epoch 9, iters 252
2025-12-18 18:16:44,640 - utils.logger2025-12-18-18.16.20 - INFO - End of training epoch 9 / 40 	 Time Taken: 2 sec
2025-12-18 18:16:44,640 - utils.logger2025-12-18-18.16.20 - INFO - learning rate = 0.0002000
2025-12-18 18:16:45,117 - utils.logger2025-12-18-18.16.20 - INFO - Val result of epoch 9 / 40 acc 0.7321 MAE 0.5908 f1 0.7513
2025-12-18 18:16:45,425 - utils.logger2025-12-18-18.16.20 - INFO - Tst result of epoch 9 / 40 acc 0.7321 MAE 0.5908 f1 0.7513
2025-12-18 18:16:46,207 - utils.logger2025-12-18-18.16.20 - INFO - Cur epoch 10 loss TA:0.7212 TV:0.7240 VA:1.4875 CE:0.9515
2025-12-18 18:16:46,761 - utils.logger2025-12-18-18.16.20 - INFO - Cur epoch 10 loss TA:0.7381 TV:0.7647 VA:1.5334 CE:0.7449
2025-12-18 18:16:47,328 - utils.logger2025-12-18-18.16.20 - INFO - Cur epoch 10 loss TA:0.3995 TV:0.4416 VA:0.9200 CE:0.7359
2025-12-18 18:16:47,381 - utils.logger2025-12-18-18.16.20 - INFO - saving the model at the end of epoch 10, iters 280
2025-12-18 18:16:47,458 - utils.logger2025-12-18-18.16.20 - INFO - End of training epoch 10 / 40 	 Time Taken: 2 sec
2025-12-18 18:16:47,459 - utils.logger2025-12-18-18.16.20 - INFO - learning rate = 0.0002000
2025-12-18 18:16:47,969 - utils.logger2025-12-18-18.16.20 - INFO - Val result of epoch 10 / 40 acc 0.7366 MAE 0.6056 f1 0.7560
2025-12-18 18:16:48,261 - utils.logger2025-12-18-18.16.20 - INFO - Tst result of epoch 10 / 40 acc 0.7366 MAE 0.6056 f1 0.7560
2025-12-18 18:16:49,095 - utils.logger2025-12-18-18.16.20 - INFO - Cur epoch 11 loss TA:0.6969 TV:0.7006 VA:1.4384 CE:0.9498
2025-12-18 18:16:49,620 - utils.logger2025-12-18-18.16.20 - INFO - Cur epoch 11 loss TA:0.6808 TV:0.6838 VA:1.4154 CE:0.6317
2025-12-18 18:16:50,080 - utils.logger2025-12-18-18.16.20 - INFO - saving the model at the end of epoch 11, iters 308
2025-12-18 18:16:50,151 - utils.logger2025-12-18-18.16.20 - INFO - End of training epoch 11 / 40 	 Time Taken: 1 sec
2025-12-18 18:16:50,151 - utils.logger2025-12-18-18.16.20 - INFO - learning rate = 0.0002000
2025-12-18 18:16:50,749 - utils.logger2025-12-18-18.16.20 - INFO - Val result of epoch 11 / 40 acc 0.7098 MAE 0.6024 f1 0.7330
2025-12-18 18:16:51,336 - utils.logger2025-12-18-18.16.20 - INFO - Tst result of epoch 11 / 40 acc 0.7098 MAE 0.6024 f1 0.7330
2025-12-18 18:16:51,688 - utils.logger2025-12-18-18.16.20 - INFO - Cur epoch 12 loss TA:0.6923 TV:0.6904 VA:1.4125 CE:0.7455
2025-12-18 18:16:52,292 - utils.logger2025-12-18-18.16.20 - INFO - Cur epoch 12 loss TA:0.6631 TV:0.6753 VA:1.3773 CE:0.7221
2025-12-18 18:16:52,929 - utils.logger2025-12-18-18.16.20 - INFO - Cur epoch 12 loss TA:0.6687 TV:0.6716 VA:1.3948 CE:0.8977
2025-12-18 18:16:53,360 - utils.logger2025-12-18-18.16.20 - INFO - saving the model at the end of epoch 12, iters 336
2025-12-18 18:16:53,447 - utils.logger2025-12-18-18.16.20 - INFO - End of training epoch 12 / 40 	 Time Taken: 2 sec
2025-12-18 18:16:53,447 - utils.logger2025-12-18-18.16.20 - INFO - learning rate = 0.0002000
2025-12-18 18:16:53,880 - utils.logger2025-12-18-18.16.20 - INFO - Val result of epoch 12 / 40 acc 0.7054 MAE 0.6142 f1 0.7278
2025-12-18 18:16:54,160 - utils.logger2025-12-18-18.16.20 - INFO - Tst result of epoch 12 / 40 acc 0.7054 MAE 0.6142 f1 0.7278
2025-12-18 18:16:54,606 - utils.logger2025-12-18-18.16.20 - INFO - Cur epoch 13 loss TA:0.6895 TV:0.6822 VA:1.3875 CE:0.7057
2025-12-18 18:16:55,223 - utils.logger2025-12-18-18.16.20 - INFO - Cur epoch 13 loss TA:0.6302 TV:0.6747 VA:1.3427 CE:0.8163
2025-12-18 18:16:55,778 - utils.logger2025-12-18-18.16.20 - INFO - Cur epoch 13 loss TA:0.6635 TV:0.6638 VA:1.3497 CE:0.8739
2025-12-18 18:16:56,074 - utils.logger2025-12-18-18.16.20 - INFO - saving the model at the end of epoch 13, iters 364
2025-12-18 18:16:56,158 - utils.logger2025-12-18-18.16.20 - INFO - End of training epoch 13 / 40 	 Time Taken: 1 sec
2025-12-18 18:16:56,158 - utils.logger2025-12-18-18.16.20 - INFO - learning rate = 0.0002000
2025-12-18 18:16:56,532 - utils.logger2025-12-18-18.16.20 - INFO - Val result of epoch 13 / 40 acc 0.6696 MAE 0.5981 f1 0.6991
2025-12-18 18:16:56,881 - utils.logger2025-12-18-18.16.20 - INFO - Tst result of epoch 13 / 40 acc 0.6696 MAE 0.5981 f1 0.6991
2025-12-18 18:16:57,427 - utils.logger2025-12-18-18.16.20 - INFO - Cur epoch 14 loss TA:0.6406 TV:0.6553 VA:1.3370 CE:0.6528
2025-12-18 18:16:58,007 - utils.logger2025-12-18-18.16.20 - INFO - Cur epoch 14 loss TA:0.6026 TV:0.6075 VA:1.2374 CE:0.6193
2025-12-18 18:16:58,528 - utils.logger2025-12-18-18.16.20 - INFO - Cur epoch 14 loss TA:0.6692 TV:0.6660 VA:1.3391 CE:0.4808
2025-12-18 18:16:58,705 - utils.logger2025-12-18-18.16.20 - INFO - saving the model at the end of epoch 14, iters 392
2025-12-18 18:16:58,785 - utils.logger2025-12-18-18.16.20 - INFO - End of training epoch 14 / 40 	 Time Taken: 1 sec
2025-12-18 18:16:58,786 - utils.logger2025-12-18-18.16.20 - INFO - learning rate = 0.0002000
2025-12-18 18:16:59,350 - utils.logger2025-12-18-18.16.20 - INFO - Val result of epoch 14 / 40 acc 0.7143 MAE 0.5940 f1 0.7326
2025-12-18 18:16:59,694 - utils.logger2025-12-18-18.16.20 - INFO - Tst result of epoch 14 / 40 acc 0.7143 MAE 0.5940 f1 0.7326
2025-12-18 18:17:00,368 - utils.logger2025-12-18-18.16.20 - INFO - Cur epoch 15 loss TA:0.6209 TV:0.6257 VA:1.2258 CE:0.4862
2025-12-18 18:17:00,970 - utils.logger2025-12-18-18.16.20 - INFO - Cur epoch 15 loss TA:0.6423 TV:0.6494 VA:1.2513 CE:0.4338
2025-12-18 18:17:01,536 - utils.logger2025-12-18-18.16.20 - INFO - Cur epoch 15 loss TA:0.3450 TV:0.3125 VA:0.6314 CE:0.8494
2025-12-18 18:17:01,593 - utils.logger2025-12-18-18.16.20 - INFO - saving the model at the end of epoch 15, iters 420
2025-12-18 18:17:01,676 - utils.logger2025-12-18-18.16.20 - INFO - End of training epoch 15 / 40 	 Time Taken: 1 sec
2025-12-18 18:17:01,676 - utils.logger2025-12-18-18.16.20 - INFO - learning rate = 0.0002000
2025-12-18 18:17:01,963 - utils.logger2025-12-18-18.16.20 - INFO - Val result of epoch 15 / 40 acc 0.6875 MAE 0.5989 f1 0.7093
2025-12-18 18:17:02,264 - utils.logger2025-12-18-18.16.20 - INFO - Tst result of epoch 15 / 40 acc 0.6875 MAE 0.5989 f1 0.7093
2025-12-18 18:17:03,084 - utils.logger2025-12-18-18.16.20 - INFO - Cur epoch 16 loss TA:0.6059 TV:0.6220 VA:1.2602 CE:0.3730
2025-12-18 18:17:03,674 - utils.logger2025-12-18-18.16.20 - INFO - Cur epoch 16 loss TA:0.5880 TV:0.5988 VA:1.2087 CE:0.4251
2025-12-18 18:17:04,187 - utils.logger2025-12-18-18.16.20 - INFO - saving the model at the end of epoch 16, iters 448
2025-12-18 18:17:04,266 - utils.logger2025-12-18-18.16.20 - INFO - End of training epoch 16 / 40 	 Time Taken: 2 sec
2025-12-18 18:17:04,267 - utils.logger2025-12-18-18.16.20 - INFO - learning rate = 0.0002000
2025-12-18 18:17:04,543 - utils.logger2025-12-18-18.16.20 - INFO - Val result of epoch 16 / 40 acc 0.6920 MAE 0.6064 f1 0.7091
2025-12-18 18:17:04,841 - utils.logger2025-12-18-18.16.20 - INFO - Tst result of epoch 16 / 40 acc 0.6920 MAE 0.6064 f1 0.7091
2025-12-18 18:17:05,148 - utils.logger2025-12-18-18.16.20 - INFO - Cur epoch 17 loss TA:0.6133 TV:0.6112 VA:1.2058 CE:0.3472
2025-12-18 18:17:05,743 - utils.logger2025-12-18-18.16.20 - INFO - Cur epoch 17 loss TA:0.5843 TV:0.6033 VA:1.1947 CE:0.4274
2025-12-18 18:17:06,275 - utils.logger2025-12-18-18.16.20 - INFO - Cur epoch 17 loss TA:0.5685 TV:0.5742 VA:1.1569 CE:0.4770
2025-12-18 18:17:06,659 - utils.logger2025-12-18-18.16.20 - INFO - saving the model at the end of epoch 17, iters 476
2025-12-18 18:17:06,747 - utils.logger2025-12-18-18.16.20 - INFO - End of training epoch 17 / 40 	 Time Taken: 1 sec
2025-12-18 18:17:06,747 - utils.logger2025-12-18-18.16.20 - INFO - learning rate = 0.0002000
2025-12-18 18:17:07,047 - utils.logger2025-12-18-18.16.20 - INFO - Val result of epoch 17 / 40 acc 0.7188 MAE 0.6142 f1 0.7326
2025-12-18 18:17:07,354 - utils.logger2025-12-18-18.16.20 - INFO - Tst result of epoch 17 / 40 acc 0.7188 MAE 0.6142 f1 0.7326
2025-12-18 18:17:07,823 - utils.logger2025-12-18-18.16.20 - INFO - Cur epoch 18 loss TA:0.5800 TV:0.5853 VA:1.1838 CE:0.3234
2025-12-18 18:17:08,449 - utils.logger2025-12-18-18.16.20 - INFO - Cur epoch 18 loss TA:0.6012 TV:0.5872 VA:1.1950 CE:0.4518
2025-12-18 18:17:09,057 - utils.logger2025-12-18-18.16.20 - INFO - Cur epoch 18 loss TA:0.5756 TV:0.5915 VA:1.0935 CE:0.4524
2025-12-18 18:17:09,358 - utils.logger2025-12-18-18.16.20 - INFO - saving the model at the end of epoch 18, iters 504
2025-12-18 18:17:09,438 - utils.logger2025-12-18-18.16.20 - INFO - End of training epoch 18 / 40 	 Time Taken: 2 sec
2025-12-18 18:17:09,438 - utils.logger2025-12-18-18.16.20 - INFO - learning rate = 0.0002000
2025-12-18 18:17:09,723 - utils.logger2025-12-18-18.16.20 - INFO - Val result of epoch 18 / 40 acc 0.7009 MAE 0.6017 f1 0.7245
2025-12-18 18:17:09,971 - utils.logger2025-12-18-18.16.20 - INFO - Tst result of epoch 18 / 40 acc 0.7009 MAE 0.6017 f1 0.7245
2025-12-18 18:17:10,529 - utils.logger2025-12-18-18.16.20 - INFO - Cur epoch 19 loss TA:0.5419 TV:0.5689 VA:1.1222 CE:0.4953
2025-12-18 18:17:11,120 - utils.logger2025-12-18-18.16.20 - INFO - Cur epoch 19 loss TA:0.5457 TV:0.5510 VA:1.1062 CE:0.5677
2025-12-18 18:17:11,662 - utils.logger2025-12-18-18.16.20 - INFO - Cur epoch 19 loss TA:0.5839 TV:0.5831 VA:1.1589 CE:0.3304
2025-12-18 18:17:11,801 - utils.logger2025-12-18-18.16.20 - INFO - saving the model at the end of epoch 19, iters 532
2025-12-18 18:17:11,871 - utils.logger2025-12-18-18.16.20 - INFO - End of training epoch 19 / 40 	 Time Taken: 1 sec
2025-12-18 18:17:11,871 - utils.logger2025-12-18-18.16.20 - INFO - learning rate = 0.0002000
2025-12-18 18:17:12,149 - utils.logger2025-12-18-18.16.20 - INFO - Val result of epoch 19 / 40 acc 0.6830 MAE 0.5942 f1 0.7058
2025-12-18 18:17:12,657 - utils.logger2025-12-18-18.16.20 - INFO - Tst result of epoch 19 / 40 acc 0.6830 MAE 0.5942 f1 0.7058
2025-12-18 18:17:13,354 - utils.logger2025-12-18-18.16.20 - INFO - Cur epoch 20 loss TA:0.5524 TV:0.5636 VA:1.1323 CE:0.2411
2025-12-18 18:17:13,933 - utils.logger2025-12-18-18.16.20 - INFO - Cur epoch 20 loss TA:0.5626 TV:0.5652 VA:1.1360 CE:0.3507
2025-12-18 18:17:14,491 - utils.logger2025-12-18-18.16.20 - INFO - Cur epoch 20 loss TA:0.4051 TV:0.3651 VA:0.7933 CE:0.5503
2025-12-18 18:17:14,553 - utils.logger2025-12-18-18.16.20 - INFO - saving the model at the end of epoch 20, iters 560
2025-12-18 18:17:14,628 - utils.logger2025-12-18-18.16.20 - INFO - End of training epoch 20 / 40 	 Time Taken: 1 sec
2025-12-18 18:17:14,628 - utils.logger2025-12-18-18.16.20 - INFO - learning rate = 0.0002000
2025-12-18 18:17:15,089 - utils.logger2025-12-18-18.16.20 - INFO - Val result of epoch 20 / 40 acc 0.7098 MAE 0.5873 f1 0.7280
2025-12-18 18:17:15,468 - utils.logger2025-12-18-18.16.20 - INFO - Tst result of epoch 20 / 40 acc 0.7098 MAE 0.5873 f1 0.7280
2025-12-18 18:17:16,301 - utils.logger2025-12-18-18.16.20 - INFO - Cur epoch 21 loss TA:0.5291 TV:0.5369 VA:1.0681 CE:0.3395
2025-12-18 18:17:16,878 - utils.logger2025-12-18-18.16.20 - INFO - Cur epoch 21 loss TA:0.5427 TV:0.5585 VA:1.0931 CE:0.2858
2025-12-18 18:17:17,401 - utils.logger2025-12-18-18.16.20 - INFO - saving the model at the end of epoch 21, iters 588
2025-12-18 18:17:17,482 - utils.logger2025-12-18-18.16.20 - INFO - End of training epoch 21 / 40 	 Time Taken: 2 sec
2025-12-18 18:17:17,482 - utils.logger2025-12-18-18.16.20 - INFO - learning rate = 0.0002000
2025-12-18 18:17:18,039 - utils.logger2025-12-18-18.16.20 - INFO - Val result of epoch 21 / 40 acc 0.6830 MAE 0.5831 f1 0.7116
2025-12-18 18:17:18,459 - utils.logger2025-12-18-18.16.20 - INFO - Tst result of epoch 21 / 40 acc 0.6830 MAE 0.5831 f1 0.7116
2025-12-18 18:17:18,905 - utils.logger2025-12-18-18.16.20 - INFO - Cur epoch 22 loss TA:0.5570 TV:0.5750 VA:1.1066 CE:0.4302
2025-12-18 18:17:19,472 - utils.logger2025-12-18-18.16.20 - INFO - Cur epoch 22 loss TA:0.5451 TV:0.5545 VA:1.1077 CE:0.2684
2025-12-18 18:17:20,040 - utils.logger2025-12-18-18.16.20 - INFO - Cur epoch 22 loss TA:0.5335 TV:0.5280 VA:1.0588 CE:0.3448
2025-12-18 18:17:20,455 - utils.logger2025-12-18-18.16.20 - INFO - saving the model at the end of epoch 22, iters 616
2025-12-18 18:17:20,546 - utils.logger2025-12-18-18.16.20 - INFO - End of training epoch 22 / 40 	 Time Taken: 2 sec
2025-12-18 18:17:20,546 - utils.logger2025-12-18-18.16.20 - INFO - learning rate = 0.0002000
2025-12-18 18:17:21,036 - utils.logger2025-12-18-18.16.20 - INFO - Val result of epoch 22 / 40 acc 0.7321 MAE 0.6102 f1 0.7514
2025-12-18 18:17:21,318 - utils.logger2025-12-18-18.16.20 - INFO - Tst result of epoch 22 / 40 acc 0.7321 MAE 0.6102 f1 0.7514
2025-12-18 18:17:21,752 - utils.logger2025-12-18-18.16.20 - INFO - Cur epoch 23 loss TA:0.5327 TV:0.5297 VA:1.0881 CE:0.3236
2025-12-18 18:17:22,313 - utils.logger2025-12-18-18.16.20 - INFO - Cur epoch 23 loss TA:0.5388 TV:0.5425 VA:1.0851 CE:0.5567
2025-12-18 18:17:22,858 - utils.logger2025-12-18-18.16.20 - INFO - Cur epoch 23 loss TA:0.5370 TV:0.5567 VA:1.1167 CE:0.3258
2025-12-18 18:17:23,133 - utils.logger2025-12-18-18.16.20 - INFO - saving the model at the end of epoch 23, iters 644
2025-12-18 18:17:23,205 - utils.logger2025-12-18-18.16.20 - INFO - End of training epoch 23 / 40 	 Time Taken: 1 sec
2025-12-18 18:17:23,205 - utils.logger2025-12-18-18.16.20 - INFO - learning rate = 0.0002000
2025-12-18 18:17:23,533 - utils.logger2025-12-18-18.16.20 - INFO - Val result of epoch 23 / 40 acc 0.7098 MAE 0.5973 f1 0.7326
2025-12-18 18:17:23,869 - utils.logger2025-12-18-18.16.20 - INFO - Tst result of epoch 23 / 40 acc 0.7098 MAE 0.5973 f1 0.7326
2025-12-18 18:17:24,380 - utils.logger2025-12-18-18.16.20 - INFO - Cur epoch 24 loss TA:0.5413 TV:0.5561 VA:1.0756 CE:0.2257
2025-12-18 18:17:24,860 - utils.logger2025-12-18-18.16.20 - INFO - Cur epoch 24 loss TA:0.5506 TV:0.5422 VA:1.1129 CE:0.2435
2025-12-18 18:17:25,298 - utils.logger2025-12-18-18.16.20 - INFO - Cur epoch 24 loss TA:0.5249 TV:0.5246 VA:1.0477 CE:0.4214
2025-12-18 18:17:25,444 - utils.logger2025-12-18-18.16.20 - INFO - saving the model at the end of epoch 24, iters 672
2025-12-18 18:17:25,507 - utils.logger2025-12-18-18.16.20 - INFO - End of training epoch 24 / 40 	 Time Taken: 1 sec
2025-12-18 18:17:25,507 - utils.logger2025-12-18-18.16.20 - INFO - learning rate = 0.0002000
2025-12-18 18:17:25,789 - utils.logger2025-12-18-18.16.20 - INFO - Val result of epoch 24 / 40 acc 0.7098 MAE 0.6069 f1 0.7325
2025-12-18 18:17:26,085 - utils.logger2025-12-18-18.16.20 - INFO - Tst result of epoch 24 / 40 acc 0.7098 MAE 0.6069 f1 0.7325
2025-12-18 18:17:26,795 - utils.logger2025-12-18-18.16.20 - INFO - Cur epoch 25 loss TA:0.5315 TV:0.5315 VA:1.0789 CE:0.2406
2025-12-18 18:17:27,340 - utils.logger2025-12-18-18.16.20 - INFO - Cur epoch 25 loss TA:0.5145 TV:0.5302 VA:1.0619 CE:0.3636
2025-12-18 18:17:27,899 - utils.logger2025-12-18-18.16.20 - INFO - Cur epoch 25 loss TA:0.3005 TV:0.3013 VA:0.6477 CE:0.1905
2025-12-18 18:17:27,961 - utils.logger2025-12-18-18.16.20 - INFO - saving the model at the end of epoch 25, iters 700
2025-12-18 18:17:28,034 - utils.logger2025-12-18-18.16.20 - INFO - End of training epoch 25 / 40 	 Time Taken: 1 sec
2025-12-18 18:17:28,034 - utils.logger2025-12-18-18.16.20 - INFO - learning rate = 0.0002000
2025-12-18 18:17:28,351 - utils.logger2025-12-18-18.16.20 - INFO - Val result of epoch 25 / 40 acc 0.7321 MAE 0.6170 f1 0.7513
2025-12-18 18:17:28,662 - utils.logger2025-12-18-18.16.20 - INFO - Tst result of epoch 25 / 40 acc 0.7321 MAE 0.6170 f1 0.7513
2025-12-18 18:17:29,436 - utils.logger2025-12-18-18.16.20 - INFO - Cur epoch 26 loss TA:0.5131 TV:0.5320 VA:1.0946 CE:0.2578
2025-12-18 18:17:29,976 - utils.logger2025-12-18-18.16.20 - INFO - Cur epoch 26 loss TA:0.5496 TV:0.5547 VA:1.0780 CE:0.2158
2025-12-18 18:17:30,469 - utils.logger2025-12-18-18.16.20 - INFO - saving the model at the end of epoch 26, iters 728
2025-12-18 18:17:30,541 - utils.logger2025-12-18-18.16.20 - INFO - End of training epoch 26 / 40 	 Time Taken: 1 sec
2025-12-18 18:17:30,542 - utils.logger2025-12-18-18.16.20 - INFO - learning rate = 0.0002000
2025-12-18 18:17:30,891 - utils.logger2025-12-18-18.16.20 - INFO - Val result of epoch 26 / 40 acc 0.6964 MAE 0.5858 f1 0.7232
2025-12-18 18:17:31,200 - utils.logger2025-12-18-18.16.20 - INFO - Tst result of epoch 26 / 40 acc 0.6964 MAE 0.5858 f1 0.7232
2025-12-18 18:17:31,536 - utils.logger2025-12-18-18.16.20 - INFO - Cur epoch 27 loss TA:0.5010 TV:0.5082 VA:1.0361 CE:0.3395
2025-12-18 18:17:32,100 - utils.logger2025-12-18-18.16.20 - INFO - Cur epoch 27 loss TA:0.5256 TV:0.5270 VA:1.0242 CE:0.2573
2025-12-18 18:17:32,647 - utils.logger2025-12-18-18.16.20 - INFO - Cur epoch 27 loss TA:0.5454 TV:0.5545 VA:1.0882 CE:0.2895
2025-12-18 18:17:33,047 - utils.logger2025-12-18-18.16.20 - INFO - saving the model at the end of epoch 27, iters 756
2025-12-18 18:17:33,127 - utils.logger2025-12-18-18.16.20 - INFO - End of training epoch 27 / 40 	 Time Taken: 1 sec
2025-12-18 18:17:33,127 - utils.logger2025-12-18-18.16.20 - INFO - learning rate = 0.0002000
2025-12-18 18:17:33,415 - utils.logger2025-12-18-18.16.20 - INFO - Val result of epoch 27 / 40 acc 0.7098 MAE 0.5978 f1 0.7325
2025-12-18 18:17:33,720 - utils.logger2025-12-18-18.16.20 - INFO - Tst result of epoch 27 / 40 acc 0.7098 MAE 0.5978 f1 0.7325
2025-12-18 18:17:34,160 - utils.logger2025-12-18-18.16.20 - INFO - Cur epoch 28 loss TA:0.5209 TV:0.5280 VA:1.0457 CE:0.3409
2025-12-18 18:17:34,667 - utils.logger2025-12-18-18.16.20 - INFO - Cur epoch 28 loss TA:0.5057 TV:0.5149 VA:1.0042 CE:0.2687
2025-12-18 18:17:35,153 - utils.logger2025-12-18-18.16.20 - INFO - Cur epoch 28 loss TA:0.4995 TV:0.5086 VA:1.0116 CE:0.2115
2025-12-18 18:17:35,428 - utils.logger2025-12-18-18.16.20 - INFO - saving the model at the end of epoch 28, iters 784
2025-12-18 18:17:35,519 - utils.logger2025-12-18-18.16.20 - INFO - End of training epoch 28 / 40 	 Time Taken: 1 sec
2025-12-18 18:17:35,519 - utils.logger2025-12-18-18.16.20 - INFO - learning rate = 0.0002000
2025-12-18 18:17:36,091 - utils.logger2025-12-18-18.16.20 - INFO - Val result of epoch 28 / 40 acc 0.7054 MAE 0.5920 f1 0.7280
2025-12-18 18:17:36,549 - utils.logger2025-12-18-18.16.20 - INFO - Tst result of epoch 28 / 40 acc 0.7054 MAE 0.5920 f1 0.7280
2025-12-18 18:17:37,181 - utils.logger2025-12-18-18.16.20 - INFO - Cur epoch 29 loss TA:0.5067 TV:0.5088 VA:1.0210 CE:0.2540
2025-12-18 18:17:37,771 - utils.logger2025-12-18-18.16.20 - INFO - Cur epoch 29 loss TA:0.4966 TV:0.5021 VA:1.0197 CE:0.2633
2025-12-18 18:17:38,373 - utils.logger2025-12-18-18.16.20 - INFO - Cur epoch 29 loss TA:0.5277 TV:0.5424 VA:1.0482 CE:0.2489
2025-12-18 18:17:38,563 - utils.logger2025-12-18-18.16.20 - INFO - saving the model at the end of epoch 29, iters 812
2025-12-18 18:17:38,654 - utils.logger2025-12-18-18.16.20 - INFO - End of training epoch 29 / 40 	 Time Taken: 2 sec
2025-12-18 18:17:38,654 - utils.logger2025-12-18-18.16.20 - INFO - learning rate = 0.0002000
2025-12-18 18:17:39,020 - utils.logger2025-12-18-18.16.20 - INFO - Val result of epoch 29 / 40 acc 0.7143 MAE 0.6010 f1 0.7372
2025-12-18 18:17:39,415 - utils.logger2025-12-18-18.16.20 - INFO - Tst result of epoch 29 / 40 acc 0.7143 MAE 0.6010 f1 0.7372
2025-12-18 18:17:40,040 - utils.logger2025-12-18-18.16.20 - INFO - Cur epoch 30 loss TA:0.5027 TV:0.5024 VA:0.9901 CE:0.1882
2025-12-18 18:17:40,597 - utils.logger2025-12-18-18.16.20 - INFO - Cur epoch 30 loss TA:0.5091 TV:0.5115 VA:1.0323 CE:0.3456
2025-12-18 18:17:41,161 - utils.logger2025-12-18-18.16.20 - INFO - Cur epoch 30 loss TA:0.2342 TV:0.2304 VA:0.4759 CE:0.3175
2025-12-18 18:17:41,220 - utils.logger2025-12-18-18.16.20 - INFO - saving the model at the end of epoch 30, iters 840
2025-12-18 18:17:41,295 - utils.logger2025-12-18-18.16.20 - INFO - End of training epoch 30 / 40 	 Time Taken: 1 sec
2025-12-18 18:17:41,295 - utils.logger2025-12-18-18.16.20 - INFO - learning rate = 0.0001818
2025-12-18 18:17:41,613 - utils.logger2025-12-18-18.16.20 - INFO - Val result of epoch 30 / 40 acc 0.7188 MAE 0.5872 f1 0.7420
2025-12-18 18:17:41,890 - utils.logger2025-12-18-18.16.20 - INFO - Tst result of epoch 30 / 40 acc 0.7188 MAE 0.5872 f1 0.7420
2025-12-18 18:17:42,668 - utils.logger2025-12-18-18.16.20 - INFO - Cur epoch 31 loss TA:0.5222 TV:0.5209 VA:1.0176 CE:0.3237
2025-12-18 18:17:43,226 - utils.logger2025-12-18-18.16.20 - INFO - Cur epoch 31 loss TA:0.5000 TV:0.5085 VA:1.0214 CE:0.2457
2025-12-18 18:17:43,757 - utils.logger2025-12-18-18.16.20 - INFO - saving the model at the end of epoch 31, iters 868
2025-12-18 18:17:43,850 - utils.logger2025-12-18-18.16.20 - INFO - End of training epoch 31 / 40 	 Time Taken: 1 sec
2025-12-18 18:17:43,850 - utils.logger2025-12-18-18.16.20 - INFO - learning rate = 0.0001636
2025-12-18 18:17:44,417 - utils.logger2025-12-18-18.16.20 - INFO - Val result of epoch 31 / 40 acc 0.6964 MAE 0.5963 f1 0.7184
2025-12-18 18:17:44,777 - utils.logger2025-12-18-18.16.20 - INFO - Tst result of epoch 31 / 40 acc 0.6964 MAE 0.5963 f1 0.7184
2025-12-18 18:17:45,151 - utils.logger2025-12-18-18.16.20 - INFO - Cur epoch 32 loss TA:0.5078 TV:0.5178 VA:1.0208 CE:0.2027
2025-12-18 18:17:45,712 - utils.logger2025-12-18-18.16.20 - INFO - Cur epoch 32 loss TA:0.4905 TV:0.4889 VA:0.9783 CE:0.2619
2025-12-18 18:17:46,262 - utils.logger2025-12-18-18.16.20 - INFO - Cur epoch 32 loss TA:0.4967 TV:0.5071 VA:1.0230 CE:0.1847
2025-12-18 18:17:46,635 - utils.logger2025-12-18-18.16.20 - INFO - saving the model at the end of epoch 32, iters 896
2025-12-18 18:17:46,712 - utils.logger2025-12-18-18.16.20 - INFO - End of training epoch 32 / 40 	 Time Taken: 1 sec
2025-12-18 18:17:46,712 - utils.logger2025-12-18-18.16.20 - INFO - learning rate = 0.0001455
2025-12-18 18:17:47,265 - utils.logger2025-12-18-18.16.20 - INFO - Val result of epoch 32 / 40 acc 0.7232 MAE 0.6055 f1 0.7426
2025-12-18 18:17:47,701 - utils.logger2025-12-18-18.16.20 - INFO - Tst result of epoch 32 / 40 acc 0.7232 MAE 0.6055 f1 0.7426
2025-12-18 18:17:48,188 - utils.logger2025-12-18-18.16.20 - INFO - Cur epoch 33 loss TA:0.4932 TV:0.5040 VA:0.9933 CE:0.2529
2025-12-18 18:17:48,763 - utils.logger2025-12-18-18.16.20 - INFO - Cur epoch 33 loss TA:0.4879 TV:0.4919 VA:0.9856 CE:0.1716
2025-12-18 18:17:49,342 - utils.logger2025-12-18-18.16.20 - INFO - Cur epoch 33 loss TA:0.4784 TV:0.4897 VA:0.9661 CE:0.3250
2025-12-18 18:17:49,653 - utils.logger2025-12-18-18.16.20 - INFO - saving the model at the end of epoch 33, iters 924
2025-12-18 18:17:49,739 - utils.logger2025-12-18-18.16.20 - INFO - End of training epoch 33 / 40 	 Time Taken: 2 sec
2025-12-18 18:17:49,739 - utils.logger2025-12-18-18.16.20 - INFO - learning rate = 0.0001273
2025-12-18 18:17:50,173 - utils.logger2025-12-18-18.16.20 - INFO - Val result of epoch 33 / 40 acc 0.7054 MAE 0.5951 f1 0.7232
2025-12-18 18:17:50,667 - utils.logger2025-12-18-18.16.20 - INFO - Tst result of epoch 33 / 40 acc 0.7054 MAE 0.5951 f1 0.7232
2025-12-18 18:17:51,299 - utils.logger2025-12-18-18.16.20 - INFO - Cur epoch 34 loss TA:0.5170 TV:0.5155 VA:1.0458 CE:0.2460
2025-12-18 18:17:51,792 - utils.logger2025-12-18-18.16.20 - INFO - Cur epoch 34 loss TA:0.4868 TV:0.4875 VA:0.9813 CE:0.2549
2025-12-18 18:17:52,295 - utils.logger2025-12-18-18.16.20 - INFO - Cur epoch 34 loss TA:0.4833 TV:0.4915 VA:0.9627 CE:0.2368
2025-12-18 18:17:52,468 - utils.logger2025-12-18-18.16.20 - INFO - saving the model at the end of epoch 34, iters 952
2025-12-18 18:17:52,536 - utils.logger2025-12-18-18.16.20 - INFO - End of training epoch 34 / 40 	 Time Taken: 1 sec
2025-12-18 18:17:52,536 - utils.logger2025-12-18-18.16.20 - INFO - learning rate = 0.0001091
2025-12-18 18:17:53,078 - utils.logger2025-12-18-18.16.20 - INFO - Val result of epoch 34 / 40 acc 0.7098 MAE 0.5955 f1 0.7326
2025-12-18 18:17:53,492 - utils.logger2025-12-18-18.16.20 - INFO - Tst result of epoch 34 / 40 acc 0.7098 MAE 0.5955 f1 0.7326
2025-12-18 18:17:54,138 - utils.logger2025-12-18-18.16.20 - INFO - Cur epoch 35 loss TA:0.4857 TV:0.4859 VA:0.9916 CE:0.2383
2025-12-18 18:17:54,693 - utils.logger2025-12-18-18.16.20 - INFO - Cur epoch 35 loss TA:0.4779 TV:0.4786 VA:0.9760 CE:0.2210
2025-12-18 18:17:55,175 - utils.logger2025-12-18-18.16.20 - INFO - Cur epoch 35 loss TA:0.1686 TV:0.1723 VA:0.3484 CE:0.1781
2025-12-18 18:17:55,237 - utils.logger2025-12-18-18.16.20 - INFO - saving the model at the end of epoch 35, iters 980
2025-12-18 18:17:55,306 - utils.logger2025-12-18-18.16.20 - INFO - End of training epoch 35 / 40 	 Time Taken: 1 sec
2025-12-18 18:17:55,306 - utils.logger2025-12-18-18.16.20 - INFO - learning rate = 0.0000909
2025-12-18 18:17:55,613 - utils.logger2025-12-18-18.16.20 - INFO - Val result of epoch 35 / 40 acc 0.7143 MAE 0.6126 f1 0.7325
2025-12-18 18:17:55,914 - utils.logger2025-12-18-18.16.20 - INFO - Tst result of epoch 35 / 40 acc 0.7143 MAE 0.6126 f1 0.7325
2025-12-18 18:17:56,780 - utils.logger2025-12-18-18.16.20 - INFO - Cur epoch 36 loss TA:0.4997 TV:0.4929 VA:1.0057 CE:0.2042
2025-12-18 18:17:57,349 - utils.logger2025-12-18-18.16.20 - INFO - Cur epoch 36 loss TA:0.4715 TV:0.4759 VA:0.9554 CE:0.1753
2025-12-18 18:17:57,831 - utils.logger2025-12-18-18.16.20 - INFO - saving the model at the end of epoch 36, iters 1008
2025-12-18 18:17:57,905 - utils.logger2025-12-18-18.16.20 - INFO - End of training epoch 36 / 40 	 Time Taken: 1 sec
2025-12-18 18:17:57,905 - utils.logger2025-12-18-18.16.20 - INFO - learning rate = 0.0000727
2025-12-18 18:17:58,202 - utils.logger2025-12-18-18.16.20 - INFO - Val result of epoch 36 / 40 acc 0.7143 MAE 0.6054 f1 0.7325
2025-12-18 18:17:58,499 - utils.logger2025-12-18-18.16.20 - INFO - Tst result of epoch 36 / 40 acc 0.7143 MAE 0.6054 f1 0.7325
2025-12-18 18:17:58,841 - utils.logger2025-12-18-18.16.20 - INFO - Cur epoch 37 loss TA:0.4610 TV:0.4642 VA:0.9292 CE:0.1803
2025-12-18 18:17:59,480 - utils.logger2025-12-18-18.16.20 - INFO - Cur epoch 37 loss TA:0.4899 TV:0.4944 VA:0.9610 CE:0.2459
2025-12-18 18:18:00,033 - utils.logger2025-12-18-18.16.20 - INFO - Cur epoch 37 loss TA:0.4880 TV:0.4983 VA:0.9993 CE:0.1953
2025-12-18 18:18:00,425 - utils.logger2025-12-18-18.16.20 - INFO - saving the model at the end of epoch 37, iters 1036
2025-12-18 18:18:00,505 - utils.logger2025-12-18-18.16.20 - INFO - End of training epoch 37 / 40 	 Time Taken: 2 sec
2025-12-18 18:18:00,505 - utils.logger2025-12-18-18.16.20 - INFO - learning rate = 0.0000545
2025-12-18 18:18:00,829 - utils.logger2025-12-18-18.16.20 - INFO - Val result of epoch 37 / 40 acc 0.7009 MAE 0.6045 f1 0.7233
2025-12-18 18:18:01,143 - utils.logger2025-12-18-18.16.20 - INFO - Tst result of epoch 37 / 40 acc 0.7009 MAE 0.6045 f1 0.7233
2025-12-18 18:18:01,585 - utils.logger2025-12-18-18.16.20 - INFO - Cur epoch 38 loss TA:0.4623 TV:0.4678 VA:0.9342 CE:0.1714
2025-12-18 18:18:02,056 - utils.logger2025-12-18-18.16.20 - INFO - Cur epoch 38 loss TA:0.4796 TV:0.4831 VA:0.9761 CE:0.1952
2025-12-18 18:18:02,582 - utils.logger2025-12-18-18.16.20 - INFO - Cur epoch 38 loss TA:0.4763 TV:0.4897 VA:0.9467 CE:0.1559
2025-12-18 18:18:02,868 - utils.logger2025-12-18-18.16.20 - INFO - saving the model at the end of epoch 38, iters 1064
2025-12-18 18:18:02,952 - utils.logger2025-12-18-18.16.20 - INFO - End of training epoch 38 / 40 	 Time Taken: 1 sec
2025-12-18 18:18:02,952 - utils.logger2025-12-18-18.16.20 - INFO - learning rate = 0.0000364
2025-12-18 18:18:03,283 - utils.logger2025-12-18-18.16.20 - INFO - Val result of epoch 38 / 40 acc 0.7143 MAE 0.6072 f1 0.7372
2025-12-18 18:18:03,610 - utils.logger2025-12-18-18.16.20 - INFO - Tst result of epoch 38 / 40 acc 0.7143 MAE 0.6072 f1 0.7372
2025-12-18 18:18:04,162 - utils.logger2025-12-18-18.16.20 - INFO - Cur epoch 39 loss TA:0.4527 TV:0.4554 VA:0.9099 CE:0.2077
2025-12-18 18:18:04,708 - utils.logger2025-12-18-18.16.20 - INFO - Cur epoch 39 loss TA:0.4939 TV:0.4973 VA:0.9862 CE:0.1852
2025-12-18 18:18:05,295 - utils.logger2025-12-18-18.16.20 - INFO - Cur epoch 39 loss TA:0.5029 TV:0.4983 VA:0.9908 CE:0.1458
2025-12-18 18:18:05,505 - utils.logger2025-12-18-18.16.20 - INFO - saving the model at the end of epoch 39, iters 1092
2025-12-18 18:18:05,599 - utils.logger2025-12-18-18.16.20 - INFO - End of training epoch 39 / 40 	 Time Taken: 1 sec
2025-12-18 18:18:05,599 - utils.logger2025-12-18-18.16.20 - INFO - learning rate = 0.0000182
2025-12-18 18:18:06,135 - utils.logger2025-12-18-18.16.20 - INFO - Val result of epoch 39 / 40 acc 0.7098 MAE 0.6068 f1 0.7326
2025-12-18 18:18:06,428 - utils.logger2025-12-18-18.16.20 - INFO - Tst result of epoch 39 / 40 acc 0.7098 MAE 0.6068 f1 0.7326
2025-12-18 18:18:07,025 - utils.logger2025-12-18-18.16.20 - INFO - Cur epoch 40 loss TA:0.4911 TV:0.4938 VA:0.9793 CE:0.1734
2025-12-18 18:18:07,503 - utils.logger2025-12-18-18.16.20 - INFO - Cur epoch 40 loss TA:0.4783 TV:0.4847 VA:0.9647 CE:0.1721
2025-12-18 18:18:07,995 - utils.logger2025-12-18-18.16.20 - INFO - Cur epoch 40 loss TA:0.2440 TV:0.2523 VA:0.4946 CE:0.1986
2025-12-18 18:18:08,056 - utils.logger2025-12-18-18.16.20 - INFO - saving the model at the end of epoch 40, iters 1120
2025-12-18 18:18:08,135 - utils.logger2025-12-18-18.16.20 - INFO - End of training epoch 40 / 40 	 Time Taken: 1 sec
2025-12-18 18:18:08,136 - utils.logger2025-12-18-18.16.20 - INFO - learning rate = 0.0000000
2025-12-18 18:18:08,555 - utils.logger2025-12-18-18.16.20 - INFO - Val result of epoch 40 / 40 acc 0.7098 MAE 0.6071 f1 0.7326
2025-12-18 18:18:08,964 - utils.logger2025-12-18-18.16.20 - INFO - Tst result of epoch 40 / 40 acc 0.7098 MAE 0.6071 f1 0.7326
2025-12-18 18:18:08,964 - utils.logger2025-12-18-18.16.20 - INFO - Best eval epoch 8 found with f1 0.779816
