2026-03-03 19:27:30,820 - utils.logger2026-03-03-19.27.30 - INFO - The number of training samples = 1750
2026-03-03 19:27:33,557 - utils.logger2026-03-03-19.27.30 - INFO - Cur epoch 1 loss TA:1.0345 TV:1.0375 VA:2.0727 CE:3.9346
2026-03-03 19:27:34,217 - utils.logger2026-03-03-19.27.30 - INFO - Cur epoch 1 loss TA:1.0347 TV:1.0342 VA:2.0716 CE:3.2433
2026-03-03 19:27:34,765 - utils.logger2026-03-03-19.27.30 - INFO - saving the model at the end of epoch 1, iters 28
2026-03-03 19:27:34,852 - utils.logger2026-03-03-19.27.30 - INFO - End of training epoch 1 / 40 	 Time Taken: 3 sec
2026-03-03 19:27:34,852 - utils.logger2026-03-03-19.27.30 - INFO - learning rate = 0.0002000
2026-03-03 19:27:35,382 - utils.logger2026-03-03-19.27.30 - INFO - Val result of epoch 1 / 40 acc 0.5536 MAE 0.0421 f1 0.5818
2026-03-03 19:27:35,843 - utils.logger2026-03-03-19.27.30 - INFO - Tst result of epoch 1 / 40 acc 0.5536 MAE 0.0421 f1 0.5818
2026-03-03 19:27:36,328 - utils.logger2026-03-03-19.27.30 - INFO - Cur epoch 2 loss TA:1.0300 TV:1.0293 VA:2.0581 CE:3.1716
2026-03-03 19:27:36,979 - utils.logger2026-03-03-19.27.30 - INFO - Cur epoch 2 loss TA:1.0262 TV:1.0258 VA:2.0617 CE:2.5070
2026-03-03 19:27:37,651 - utils.logger2026-03-03-19.27.30 - INFO - Cur epoch 2 loss TA:1.0199 TV:1.0174 VA:2.0589 CE:1.6686
2026-03-03 19:27:38,088 - utils.logger2026-03-03-19.27.30 - INFO - saving the model at the end of epoch 2, iters 56
2026-03-03 19:27:38,175 - utils.logger2026-03-03-19.27.30 - INFO - End of training epoch 2 / 40 	 Time Taken: 2 sec
2026-03-03 19:27:38,176 - utils.logger2026-03-03-19.27.30 - INFO - learning rate = 0.0002000
2026-03-03 19:27:38,627 - utils.logger2026-03-03-19.27.30 - INFO - Val result of epoch 2 / 40 acc 0.6339 MAE 0.2505 f1 0.6424
2026-03-03 19:27:39,042 - utils.logger2026-03-03-19.27.30 - INFO - Tst result of epoch 2 / 40 acc 0.6339 MAE 0.2505 f1 0.6424
2026-03-03 19:27:39,629 - utils.logger2026-03-03-19.27.30 - INFO - Cur epoch 3 loss TA:0.9992 TV:0.9894 VA:2.0296 CE:3.2400
2026-03-03 19:27:40,153 - utils.logger2026-03-03-19.27.30 - INFO - Cur epoch 3 loss TA:0.9854 TV:0.9697 VA:2.0080 CE:1.7622
2026-03-03 19:27:40,720 - utils.logger2026-03-03-19.27.30 - INFO - Cur epoch 3 loss TA:0.9644 TV:0.9577 VA:1.9850 CE:1.6898
2026-03-03 19:27:41,015 - utils.logger2026-03-03-19.27.30 - INFO - saving the model at the end of epoch 3, iters 84
2026-03-03 19:27:41,097 - utils.logger2026-03-03-19.27.30 - INFO - End of training epoch 3 / 40 	 Time Taken: 2 sec
2026-03-03 19:27:41,097 - utils.logger2026-03-03-19.27.30 - INFO - learning rate = 0.0002000
2026-03-03 19:27:41,532 - utils.logger2026-03-03-19.27.30 - INFO - Val result of epoch 3 / 40 acc 0.6161 MAE 0.3966 f1 0.6322
2026-03-03 19:27:41,992 - utils.logger2026-03-03-19.27.30 - INFO - Tst result of epoch 3 / 40 acc 0.6161 MAE 0.3966 f1 0.6322
2026-03-03 19:27:42,620 - utils.logger2026-03-03-19.27.30 - INFO - Cur epoch 4 loss TA:0.9371 TV:0.9225 VA:1.8971 CE:1.6926
2026-03-03 19:27:43,188 - utils.logger2026-03-03-19.27.30 - INFO - Cur epoch 4 loss TA:0.9245 TV:0.9258 VA:1.8644 CE:1.8979
2026-03-03 19:27:43,711 - utils.logger2026-03-03-19.27.30 - INFO - Cur epoch 4 loss TA:0.9268 TV:0.9268 VA:1.8860 CE:1.9613
2026-03-03 19:27:43,855 - utils.logger2026-03-03-19.27.30 - INFO - saving the model at the end of epoch 4, iters 112
2026-03-03 19:27:43,930 - utils.logger2026-03-03-19.27.30 - INFO - End of training epoch 4 / 40 	 Time Taken: 1 sec
2026-03-03 19:27:43,930 - utils.logger2026-03-03-19.27.30 - INFO - learning rate = 0.0002000
2026-03-03 19:27:44,368 - utils.logger2026-03-03-19.27.30 - INFO - Val result of epoch 4 / 40 acc 0.6786 MAE 0.4468 f1 0.6861
2026-03-03 19:27:44,834 - utils.logger2026-03-03-19.27.30 - INFO - Tst result of epoch 4 / 40 acc 0.6786 MAE 0.4468 f1 0.6861
2026-03-03 19:27:45,597 - utils.logger2026-03-03-19.27.30 - INFO - Cur epoch 5 loss TA:0.8960 TV:0.8848 VA:1.8196 CE:2.2623
2026-03-03 19:27:46,130 - utils.logger2026-03-03-19.27.30 - INFO - Cur epoch 5 loss TA:0.9048 TV:0.8954 VA:1.8083 CE:1.6744
2026-03-03 19:27:46,643 - utils.logger2026-03-03-19.27.30 - INFO - Cur epoch 5 loss TA:0.6235 TV:0.6218 VA:1.2310 CE:1.5967
2026-03-03 19:27:46,712 - utils.logger2026-03-03-19.27.30 - INFO - saving the model at the end of epoch 5, iters 140
2026-03-03 19:27:46,786 - utils.logger2026-03-03-19.27.30 - INFO - End of training epoch 5 / 40 	 Time Taken: 1 sec
2026-03-03 19:27:46,786 - utils.logger2026-03-03-19.27.30 - INFO - learning rate = 0.0002000
2026-03-03 19:27:47,223 - utils.logger2026-03-03-19.27.30 - INFO - Val result of epoch 5 / 40 acc 0.6964 MAE 0.4782 f1 0.7043
2026-03-03 19:27:47,636 - utils.logger2026-03-03-19.27.30 - INFO - Tst result of epoch 5 / 40 acc 0.6964 MAE 0.4782 f1 0.7043
2026-03-03 19:27:48,525 - utils.logger2026-03-03-19.27.30 - INFO - Cur epoch 6 loss TA:0.8622 TV:0.8656 VA:1.7696 CE:2.2471
2026-03-03 19:27:49,095 - utils.logger2026-03-03-19.27.30 - INFO - Cur epoch 6 loss TA:0.8513 TV:0.8570 VA:1.7520 CE:1.9494
2026-03-03 19:27:49,552 - utils.logger2026-03-03-19.27.30 - INFO - saving the model at the end of epoch 6, iters 168
2026-03-03 19:27:49,628 - utils.logger2026-03-03-19.27.30 - INFO - End of training epoch 6 / 40 	 Time Taken: 1 sec
2026-03-03 19:27:49,629 - utils.logger2026-03-03-19.27.30 - INFO - learning rate = 0.0002000
2026-03-03 19:27:50,032 - utils.logger2026-03-03-19.27.30 - INFO - Val result of epoch 6 / 40 acc 0.6741 MAE 0.4986 f1 0.6998
2026-03-03 19:27:50,512 - utils.logger2026-03-03-19.27.30 - INFO - Tst result of epoch 6 / 40 acc 0.6741 MAE 0.4986 f1 0.6998
2026-03-03 19:27:50,952 - utils.logger2026-03-03-19.27.30 - INFO - Cur epoch 7 loss TA:0.8263 TV:0.8231 VA:1.7146 CE:1.3519
2026-03-03 19:27:51,563 - utils.logger2026-03-03-19.27.30 - INFO - Cur epoch 7 loss TA:0.8160 TV:0.8363 VA:1.6613 CE:1.2498
2026-03-03 19:27:52,138 - utils.logger2026-03-03-19.27.30 - INFO - Cur epoch 7 loss TA:0.8228 TV:0.8522 VA:1.6869 CE:1.4310
2026-03-03 19:27:52,490 - utils.logger2026-03-03-19.27.30 - INFO - saving the model at the end of epoch 7, iters 196
2026-03-03 19:27:52,564 - utils.logger2026-03-03-19.27.30 - INFO - End of training epoch 7 / 40 	 Time Taken: 2 sec
2026-03-03 19:27:52,564 - utils.logger2026-03-03-19.27.30 - INFO - learning rate = 0.0002000
2026-03-03 19:27:53,020 - utils.logger2026-03-03-19.27.30 - INFO - Val result of epoch 7 / 40 acc 0.7679 MAE 0.5461 f1 0.7754
2026-03-03 19:27:53,432 - utils.logger2026-03-03-19.27.30 - INFO - Tst result of epoch 7 / 40 acc 0.7679 MAE 0.5461 f1 0.7754
2026-03-03 19:27:53,928 - utils.logger2026-03-03-19.27.30 - INFO - Cur epoch 8 loss TA:0.8136 TV:0.8092 VA:1.6688 CE:1.6306
2026-03-03 19:27:54,497 - utils.logger2026-03-03-19.27.30 - INFO - Cur epoch 8 loss TA:0.7793 TV:0.8091 VA:1.6161 CE:1.7919
2026-03-03 19:27:55,112 - utils.logger2026-03-03-19.27.30 - INFO - Cur epoch 8 loss TA:0.8042 TV:0.8082 VA:1.6482 CE:1.1706
2026-03-03 19:27:55,374 - utils.logger2026-03-03-19.27.30 - INFO - saving the model at the end of epoch 8, iters 224
2026-03-03 19:27:55,464 - utils.logger2026-03-03-19.27.30 - INFO - End of training epoch 8 / 40 	 Time Taken: 2 sec
2026-03-03 19:27:55,464 - utils.logger2026-03-03-19.27.30 - INFO - learning rate = 0.0002000
2026-03-03 19:27:55,947 - utils.logger2026-03-03-19.27.30 - INFO - Val result of epoch 8 / 40 acc 0.7054 MAE 0.5586 f1 0.7269
2026-03-03 19:27:56,437 - utils.logger2026-03-03-19.27.30 - INFO - Tst result of epoch 8 / 40 acc 0.7054 MAE 0.5586 f1 0.7269
2026-03-03 19:27:57,155 - utils.logger2026-03-03-19.27.30 - INFO - Cur epoch 9 loss TA:0.7718 TV:0.7983 VA:1.5529 CE:1.3851
2026-03-03 19:27:57,714 - utils.logger2026-03-03-19.27.30 - INFO - Cur epoch 9 loss TA:0.7296 TV:0.7729 VA:1.5574 CE:1.1510
2026-03-03 19:27:58,282 - utils.logger2026-03-03-19.27.30 - INFO - Cur epoch 9 loss TA:0.7554 TV:0.7925 VA:1.6069 CE:1.2124
2026-03-03 19:27:58,434 - utils.logger2026-03-03-19.27.30 - INFO - saving the model at the end of epoch 9, iters 252
2026-03-03 19:27:58,517 - utils.logger2026-03-03-19.27.30 - INFO - End of training epoch 9 / 40 	 Time Taken: 2 sec
2026-03-03 19:27:58,517 - utils.logger2026-03-03-19.27.30 - INFO - learning rate = 0.0002000
2026-03-03 19:27:58,966 - utils.logger2026-03-03-19.27.30 - INFO - Val result of epoch 9 / 40 acc 0.7500 MAE 0.5878 f1 0.7607
2026-03-03 19:27:59,416 - utils.logger2026-03-03-19.27.30 - INFO - Tst result of epoch 9 / 40 acc 0.7500 MAE 0.5878 f1 0.7607
2026-03-03 19:28:00,174 - utils.logger2026-03-03-19.27.30 - INFO - Cur epoch 10 loss TA:0.7005 TV:0.7048 VA:1.4687 CE:0.9467
2026-03-03 19:28:00,763 - utils.logger2026-03-03-19.27.30 - INFO - Cur epoch 10 loss TA:0.7502 TV:0.7625 VA:1.4830 CE:1.2973
2026-03-03 19:28:01,295 - utils.logger2026-03-03-19.27.30 - INFO - Cur epoch 10 loss TA:0.4388 TV:0.4846 VA:0.9508 CE:0.7993
2026-03-03 19:28:01,349 - utils.logger2026-03-03-19.27.30 - INFO - saving the model at the end of epoch 10, iters 280
2026-03-03 19:28:01,426 - utils.logger2026-03-03-19.27.30 - INFO - End of training epoch 10 / 40 	 Time Taken: 2 sec
2026-03-03 19:28:01,427 - utils.logger2026-03-03-19.27.30 - INFO - learning rate = 0.0002000
2026-03-03 19:28:01,843 - utils.logger2026-03-03-19.27.30 - INFO - Val result of epoch 10 / 40 acc 0.7634 MAE 0.5908 f1 0.7712
2026-03-03 19:28:02,316 - utils.logger2026-03-03-19.27.30 - INFO - Tst result of epoch 10 / 40 acc 0.7634 MAE 0.5908 f1 0.7712
2026-03-03 19:28:03,170 - utils.logger2026-03-03-19.27.30 - INFO - Cur epoch 11 loss TA:0.7076 TV:0.7337 VA:1.4655 CE:0.9211
2026-03-03 19:28:03,703 - utils.logger2026-03-03-19.27.30 - INFO - Cur epoch 11 loss TA:0.7140 TV:0.7349 VA:1.4955 CE:0.8876
2026-03-03 19:28:04,173 - utils.logger2026-03-03-19.27.30 - INFO - saving the model at the end of epoch 11, iters 308
2026-03-03 19:28:04,247 - utils.logger2026-03-03-19.27.30 - INFO - End of training epoch 11 / 40 	 Time Taken: 1 sec
2026-03-03 19:28:04,248 - utils.logger2026-03-03-19.27.30 - INFO - learning rate = 0.0002000
2026-03-03 19:28:04,733 - utils.logger2026-03-03-19.27.30 - INFO - Val result of epoch 11 / 40 acc 0.7455 MAE 0.5933 f1 0.7608
2026-03-03 19:28:05,240 - utils.logger2026-03-03-19.27.30 - INFO - Tst result of epoch 11 / 40 acc 0.7455 MAE 0.5933 f1 0.7608
2026-03-03 19:28:05,767 - utils.logger2026-03-03-19.27.30 - INFO - Cur epoch 12 loss TA:0.6712 TV:0.6907 VA:1.4690 CE:0.6307
2026-03-03 19:28:06,384 - utils.logger2026-03-03-19.27.30 - INFO - Cur epoch 12 loss TA:0.6836 TV:0.6976 VA:1.4143 CE:0.7742
2026-03-03 19:28:07,071 - utils.logger2026-03-03-19.27.30 - INFO - Cur epoch 12 loss TA:0.7170 TV:0.7231 VA:1.4229 CE:0.8810
2026-03-03 19:28:07,576 - utils.logger2026-03-03-19.27.30 - INFO - saving the model at the end of epoch 12, iters 336
2026-03-03 19:28:07,662 - utils.logger2026-03-03-19.27.30 - INFO - End of training epoch 12 / 40 	 Time Taken: 2 sec
2026-03-03 19:28:07,662 - utils.logger2026-03-03-19.27.30 - INFO - learning rate = 0.0002000
2026-03-03 19:28:08,136 - utils.logger2026-03-03-19.27.30 - INFO - Val result of epoch 12 / 40 acc 0.7679 MAE 0.6051 f1 0.7798
2026-03-03 19:28:08,662 - utils.logger2026-03-03-19.27.30 - INFO - Tst result of epoch 12 / 40 acc 0.7679 MAE 0.6051 f1 0.7798
2026-03-03 19:28:09,320 - utils.logger2026-03-03-19.27.30 - INFO - Cur epoch 13 loss TA:0.6767 TV:0.6984 VA:1.4041 CE:0.6765
2026-03-03 19:28:09,990 - utils.logger2026-03-03-19.27.30 - INFO - Cur epoch 13 loss TA:0.6926 TV:0.6847 VA:1.4024 CE:0.7529
2026-03-03 19:28:10,634 - utils.logger2026-03-03-19.27.30 - INFO - Cur epoch 13 loss TA:0.6848 TV:0.6707 VA:1.4147 CE:0.7279
2026-03-03 19:28:10,959 - utils.logger2026-03-03-19.27.30 - INFO - saving the model at the end of epoch 13, iters 364
2026-03-03 19:28:11,049 - utils.logger2026-03-03-19.27.30 - INFO - End of training epoch 13 / 40 	 Time Taken: 2 sec
2026-03-03 19:28:11,050 - utils.logger2026-03-03-19.27.30 - INFO - learning rate = 0.0002000
2026-03-03 19:28:11,543 - utils.logger2026-03-03-19.27.30 - INFO - Val result of epoch 13 / 40 acc 0.7321 MAE 0.5914 f1 0.7515
2026-03-03 19:28:12,034 - utils.logger2026-03-03-19.27.30 - INFO - Tst result of epoch 13 / 40 acc 0.7321 MAE 0.5914 f1 0.7515
2026-03-03 19:28:12,788 - utils.logger2026-03-03-19.27.30 - INFO - Cur epoch 14 loss TA:0.6770 TV:0.6879 VA:1.3447 CE:0.8006
2026-03-03 19:28:13,487 - utils.logger2026-03-03-19.27.30 - INFO - Cur epoch 14 loss TA:0.6136 TV:0.6112 VA:1.2462 CE:0.7888
2026-03-03 19:28:14,116 - utils.logger2026-03-03-19.27.30 - INFO - Cur epoch 14 loss TA:0.6460 TV:0.6395 VA:1.3441 CE:0.6054
2026-03-03 19:28:14,318 - utils.logger2026-03-03-19.27.30 - INFO - saving the model at the end of epoch 14, iters 392
2026-03-03 19:28:14,412 - utils.logger2026-03-03-19.27.30 - INFO - End of training epoch 14 / 40 	 Time Taken: 2 sec
2026-03-03 19:28:14,412 - utils.logger2026-03-03-19.27.30 - INFO - learning rate = 0.0002000
2026-03-03 19:28:14,861 - utils.logger2026-03-03-19.27.30 - INFO - Val result of epoch 14 / 40 acc 0.7545 MAE 0.5983 f1 0.7702
2026-03-03 19:28:15,367 - utils.logger2026-03-03-19.27.30 - INFO - Tst result of epoch 14 / 40 acc 0.7545 MAE 0.5983 f1 0.7702
2026-03-03 19:28:16,223 - utils.logger2026-03-03-19.27.30 - INFO - Cur epoch 15 loss TA:0.6573 TV:0.6572 VA:1.3401 CE:0.7334
2026-03-03 19:28:16,828 - utils.logger2026-03-03-19.27.30 - INFO - Cur epoch 15 loss TA:0.6142 TV:0.6456 VA:1.3150 CE:0.5285
2026-03-03 19:28:17,428 - utils.logger2026-03-03-19.27.30 - INFO - Cur epoch 15 loss TA:0.3230 TV:0.3029 VA:0.6163 CE:0.7492
2026-03-03 19:28:17,478 - utils.logger2026-03-03-19.27.30 - INFO - saving the model at the end of epoch 15, iters 420
2026-03-03 19:28:17,560 - utils.logger2026-03-03-19.27.30 - INFO - End of training epoch 15 / 40 	 Time Taken: 2 sec
2026-03-03 19:28:17,560 - utils.logger2026-03-03-19.27.30 - INFO - learning rate = 0.0002000
2026-03-03 19:28:18,041 - utils.logger2026-03-03-19.27.30 - INFO - Val result of epoch 15 / 40 acc 0.7589 MAE 0.6136 f1 0.7704
2026-03-03 19:28:18,542 - utils.logger2026-03-03-19.27.30 - INFO - Tst result of epoch 15 / 40 acc 0.7589 MAE 0.6136 f1 0.7704
2026-03-03 19:28:19,577 - utils.logger2026-03-03-19.27.30 - INFO - Cur epoch 16 loss TA:0.6165 TV:0.6333 VA:1.3051 CE:0.5854
2026-03-03 19:28:20,224 - utils.logger2026-03-03-19.27.30 - INFO - Cur epoch 16 loss TA:0.6384 TV:0.6355 VA:1.2882 CE:0.4457
2026-03-03 19:28:20,818 - utils.logger2026-03-03-19.27.30 - INFO - saving the model at the end of epoch 16, iters 448
2026-03-03 19:28:20,896 - utils.logger2026-03-03-19.27.30 - INFO - End of training epoch 16 / 40 	 Time Taken: 2 sec
2026-03-03 19:28:20,897 - utils.logger2026-03-03-19.27.30 - INFO - learning rate = 0.0002000
2026-03-03 19:28:21,347 - utils.logger2026-03-03-19.27.30 - INFO - Val result of epoch 16 / 40 acc 0.7679 MAE 0.6075 f1 0.7798
2026-03-03 19:28:21,833 - utils.logger2026-03-03-19.27.30 - INFO - Tst result of epoch 16 / 40 acc 0.7679 MAE 0.6075 f1 0.7798
2026-03-03 19:28:22,322 - utils.logger2026-03-03-19.27.30 - INFO - Cur epoch 17 loss TA:0.5887 TV:0.6111 VA:1.1814 CE:0.5601
2026-03-03 19:28:23,019 - utils.logger2026-03-03-19.27.30 - INFO - Cur epoch 17 loss TA:0.6106 TV:0.6353 VA:1.2872 CE:0.3907
2026-03-03 19:28:23,667 - utils.logger2026-03-03-19.27.30 - INFO - Cur epoch 17 loss TA:0.5765 TV:0.6033 VA:1.2361 CE:0.5787
2026-03-03 19:28:24,132 - utils.logger2026-03-03-19.27.30 - INFO - saving the model at the end of epoch 17, iters 476
2026-03-03 19:28:24,214 - utils.logger2026-03-03-19.27.30 - INFO - End of training epoch 17 / 40 	 Time Taken: 2 sec
2026-03-03 19:28:24,215 - utils.logger2026-03-03-19.27.30 - INFO - learning rate = 0.0002000
2026-03-03 19:28:24,707 - utils.logger2026-03-03-19.27.30 - INFO - Val result of epoch 17 / 40 acc 0.7589 MAE 0.6053 f1 0.7750
2026-03-03 19:28:25,143 - utils.logger2026-03-03-19.27.30 - INFO - Tst result of epoch 17 / 40 acc 0.7589 MAE 0.6053 f1 0.7750
2026-03-03 19:28:25,823 - utils.logger2026-03-03-19.27.30 - INFO - Cur epoch 18 loss TA:0.5880 TV:0.6003 VA:1.2153 CE:0.4039
2026-03-03 19:28:26,475 - utils.logger2026-03-03-19.27.30 - INFO - Cur epoch 18 loss TA:0.5728 TV:0.5944 VA:1.1850 CE:0.3902
2026-03-03 19:28:27,120 - utils.logger2026-03-03-19.27.30 - INFO - Cur epoch 18 loss TA:0.5851 TV:0.5999 VA:1.2175 CE:0.3825
2026-03-03 19:28:27,382 - utils.logger2026-03-03-19.27.30 - INFO - saving the model at the end of epoch 18, iters 504
2026-03-03 19:28:27,455 - utils.logger2026-03-03-19.27.30 - INFO - End of training epoch 18 / 40 	 Time Taken: 2 sec
2026-03-03 19:28:27,455 - utils.logger2026-03-03-19.27.30 - INFO - learning rate = 0.0002000
2026-03-03 19:28:28,004 - utils.logger2026-03-03-19.27.30 - INFO - Val result of epoch 18 / 40 acc 0.7411 MAE 0.6054 f1 0.7607
2026-03-03 19:28:28,458 - utils.logger2026-03-03-19.27.30 - INFO - Tst result of epoch 18 / 40 acc 0.7411 MAE 0.6054 f1 0.7607
2026-03-03 19:28:29,279 - utils.logger2026-03-03-19.27.30 - INFO - Cur epoch 19 loss TA:0.6163 TV:0.6318 VA:1.2624 CE:0.4295
2026-03-03 19:28:30,038 - utils.logger2026-03-03-19.27.30 - INFO - Cur epoch 19 loss TA:0.6142 TV:0.6251 VA:1.2160 CE:0.3303
2026-03-03 19:28:30,809 - utils.logger2026-03-03-19.27.30 - INFO - Cur epoch 19 loss TA:0.5750 TV:0.5940 VA:1.1732 CE:0.5905
2026-03-03 19:28:31,014 - utils.logger2026-03-03-19.27.30 - INFO - saving the model at the end of epoch 19, iters 532
2026-03-03 19:28:31,102 - utils.logger2026-03-03-19.27.30 - INFO - End of training epoch 19 / 40 	 Time Taken: 2 sec
2026-03-03 19:28:31,102 - utils.logger2026-03-03-19.27.30 - INFO - learning rate = 0.0002000
2026-03-03 19:28:31,602 - utils.logger2026-03-03-19.27.30 - INFO - Val result of epoch 19 / 40 acc 0.7500 MAE 0.5996 f1 0.7700
2026-03-03 19:28:32,058 - utils.logger2026-03-03-19.27.30 - INFO - Tst result of epoch 19 / 40 acc 0.7500 MAE 0.5996 f1 0.7700
2026-03-03 19:28:32,907 - utils.logger2026-03-03-19.27.30 - INFO - Cur epoch 20 loss TA:0.5822 TV:0.5735 VA:1.1522 CE:0.4468
2026-03-03 19:28:33,515 - utils.logger2026-03-03-19.27.30 - INFO - Cur epoch 20 loss TA:0.5708 TV:0.6020 VA:1.1973 CE:0.4693
2026-03-03 19:28:34,127 - utils.logger2026-03-03-19.27.30 - INFO - Cur epoch 20 loss TA:0.3190 TV:0.3573 VA:0.6996 CE:0.3085
2026-03-03 19:28:34,176 - utils.logger2026-03-03-19.27.30 - INFO - saving the model at the end of epoch 20, iters 560
2026-03-03 19:28:34,254 - utils.logger2026-03-03-19.27.30 - INFO - End of training epoch 20 / 40 	 Time Taken: 2 sec
2026-03-03 19:28:34,254 - utils.logger2026-03-03-19.27.30 - INFO - learning rate = 0.0002000
2026-03-03 19:28:34,759 - utils.logger2026-03-03-19.27.30 - INFO - Val result of epoch 20 / 40 acc 0.7634 MAE 0.6034 f1 0.7747
2026-03-03 19:28:35,276 - utils.logger2026-03-03-19.27.30 - INFO - Tst result of epoch 20 / 40 acc 0.7634 MAE 0.6034 f1 0.7747
2026-03-03 19:28:36,280 - utils.logger2026-03-03-19.27.30 - INFO - Cur epoch 21 loss TA:0.5715 TV:0.5780 VA:1.1858 CE:0.2844
2026-03-03 19:28:36,884 - utils.logger2026-03-03-19.27.30 - INFO - Cur epoch 21 loss TA:0.5476 TV:0.5730 VA:1.1651 CE:0.4588
2026-03-03 19:28:37,441 - utils.logger2026-03-03-19.27.30 - INFO - saving the model at the end of epoch 21, iters 588
2026-03-03 19:28:37,521 - utils.logger2026-03-03-19.27.30 - INFO - End of training epoch 21 / 40 	 Time Taken: 2 sec
2026-03-03 19:28:37,522 - utils.logger2026-03-03-19.27.30 - INFO - learning rate = 0.0002000
2026-03-03 19:28:38,029 - utils.logger2026-03-03-19.27.30 - INFO - Val result of epoch 21 / 40 acc 0.7143 MAE 0.5845 f1 0.7338
2026-03-03 19:28:38,529 - utils.logger2026-03-03-19.27.30 - INFO - Tst result of epoch 21 / 40 acc 0.7143 MAE 0.5845 f1 0.7338
2026-03-03 19:28:39,032 - utils.logger2026-03-03-19.27.30 - INFO - Cur epoch 22 loss TA:0.5656 TV:0.5643 VA:1.1212 CE:0.5490
2026-03-03 19:28:39,622 - utils.logger2026-03-03-19.27.30 - INFO - Cur epoch 22 loss TA:0.5408 TV:0.5613 VA:1.1513 CE:0.3338
2026-03-03 19:28:40,213 - utils.logger2026-03-03-19.27.30 - INFO - Cur epoch 22 loss TA:0.5402 TV:0.5350 VA:1.0959 CE:0.2544
2026-03-03 19:28:40,589 - utils.logger2026-03-03-19.27.30 - INFO - saving the model at the end of epoch 22, iters 616
2026-03-03 19:28:40,662 - utils.logger2026-03-03-19.27.30 - INFO - End of training epoch 22 / 40 	 Time Taken: 2 sec
2026-03-03 19:28:40,663 - utils.logger2026-03-03-19.27.30 - INFO - learning rate = 0.0002000
2026-03-03 19:28:41,126 - utils.logger2026-03-03-19.27.30 - INFO - Val result of epoch 22 / 40 acc 0.7232 MAE 0.5965 f1 0.7422
2026-03-03 19:28:41,572 - utils.logger2026-03-03-19.27.30 - INFO - Tst result of epoch 22 / 40 acc 0.7232 MAE 0.5965 f1 0.7422
2026-03-03 19:28:42,121 - utils.logger2026-03-03-19.27.30 - INFO - Cur epoch 23 loss TA:0.5681 TV:0.5835 VA:1.1478 CE:0.2872
2026-03-03 19:28:42,693 - utils.logger2026-03-03-19.27.30 - INFO - Cur epoch 23 loss TA:0.5390 TV:0.5470 VA:1.0695 CE:0.3394
2026-03-03 19:28:43,250 - utils.logger2026-03-03-19.27.30 - INFO - Cur epoch 23 loss TA:0.5538 TV:0.5549 VA:1.1423 CE:0.4285
2026-03-03 19:28:43,507 - utils.logger2026-03-03-19.27.30 - INFO - saving the model at the end of epoch 23, iters 644
2026-03-03 19:28:43,582 - utils.logger2026-03-03-19.27.30 - INFO - End of training epoch 23 / 40 	 Time Taken: 2 sec
2026-03-03 19:28:43,583 - utils.logger2026-03-03-19.27.30 - INFO - learning rate = 0.0002000
2026-03-03 19:28:44,048 - utils.logger2026-03-03-19.27.30 - INFO - Val result of epoch 23 / 40 acc 0.7500 MAE 0.6007 f1 0.7607
2026-03-03 19:28:44,544 - utils.logger2026-03-03-19.27.30 - INFO - Tst result of epoch 23 / 40 acc 0.7500 MAE 0.6007 f1 0.7607
2026-03-03 19:28:45,213 - utils.logger2026-03-03-19.27.30 - INFO - Cur epoch 24 loss TA:0.5307 TV:0.5377 VA:1.0908 CE:0.3288
2026-03-03 19:28:45,753 - utils.logger2026-03-03-19.27.30 - INFO - Cur epoch 24 loss TA:0.5612 TV:0.5542 VA:1.1186 CE:0.2641
2026-03-03 19:28:46,279 - utils.logger2026-03-03-19.27.30 - INFO - Cur epoch 24 loss TA:0.5473 TV:0.5689 VA:1.1125 CE:0.3214
2026-03-03 19:28:46,439 - utils.logger2026-03-03-19.27.30 - INFO - saving the model at the end of epoch 24, iters 672
2026-03-03 19:28:46,512 - utils.logger2026-03-03-19.27.30 - INFO - End of training epoch 24 / 40 	 Time Taken: 1 sec
2026-03-03 19:28:46,512 - utils.logger2026-03-03-19.27.30 - INFO - learning rate = 0.0002000
2026-03-03 19:28:46,966 - utils.logger2026-03-03-19.27.30 - INFO - Val result of epoch 24 / 40 acc 0.7500 MAE 0.6127 f1 0.7607
2026-03-03 19:28:47,413 - utils.logger2026-03-03-19.27.30 - INFO - Tst result of epoch 24 / 40 acc 0.7500 MAE 0.6127 f1 0.7607
2026-03-03 19:28:48,204 - utils.logger2026-03-03-19.27.30 - INFO - Cur epoch 25 loss TA:0.5389 TV:0.5366 VA:1.0746 CE:0.3274
2026-03-03 19:28:48,746 - utils.logger2026-03-03-19.27.30 - INFO - Cur epoch 25 loss TA:0.5089 TV:0.5258 VA:1.0513 CE:0.2605
2026-03-03 19:28:49,246 - utils.logger2026-03-03-19.27.30 - INFO - Cur epoch 25 loss TA:0.2758 TV:0.2791 VA:0.5502 CE:0.2673
2026-03-03 19:28:49,301 - utils.logger2026-03-03-19.27.30 - INFO - saving the model at the end of epoch 25, iters 700
2026-03-03 19:28:49,376 - utils.logger2026-03-03-19.27.30 - INFO - End of training epoch 25 / 40 	 Time Taken: 1 sec
2026-03-03 19:28:49,376 - utils.logger2026-03-03-19.27.30 - INFO - learning rate = 0.0002000
2026-03-03 19:28:49,815 - utils.logger2026-03-03-19.27.30 - INFO - Val result of epoch 25 / 40 acc 0.7455 MAE 0.6030 f1 0.7654
2026-03-03 19:28:50,243 - utils.logger2026-03-03-19.27.30 - INFO - Tst result of epoch 25 / 40 acc 0.7455 MAE 0.6030 f1 0.7654
2026-03-03 19:28:51,162 - utils.logger2026-03-03-19.27.30 - INFO - Cur epoch 26 loss TA:0.5439 TV:0.5560 VA:1.0701 CE:0.2546
2026-03-03 19:28:51,736 - utils.logger2026-03-03-19.27.30 - INFO - Cur epoch 26 loss TA:0.5340 TV:0.5275 VA:1.0350 CE:0.2159
2026-03-03 19:28:52,239 - utils.logger2026-03-03-19.27.30 - INFO - saving the model at the end of epoch 26, iters 728
2026-03-03 19:28:52,316 - utils.logger2026-03-03-19.27.30 - INFO - End of training epoch 26 / 40 	 Time Taken: 2 sec
2026-03-03 19:28:52,316 - utils.logger2026-03-03-19.27.30 - INFO - learning rate = 0.0002000
2026-03-03 19:28:52,741 - utils.logger2026-03-03-19.27.30 - INFO - Val result of epoch 26 / 40 acc 0.7411 MAE 0.5986 f1 0.7467
2026-03-03 19:28:53,222 - utils.logger2026-03-03-19.27.30 - INFO - Tst result of epoch 26 / 40 acc 0.7411 MAE 0.5986 f1 0.7467
2026-03-03 19:28:53,648 - utils.logger2026-03-03-19.27.30 - INFO - Cur epoch 27 loss TA:0.5301 TV:0.5414 VA:1.0872 CE:0.2945
2026-03-03 19:28:54,184 - utils.logger2026-03-03-19.27.30 - INFO - Cur epoch 27 loss TA:0.5267 TV:0.5338 VA:1.0891 CE:0.2396
2026-03-03 19:28:54,725 - utils.logger2026-03-03-19.27.30 - INFO - Cur epoch 27 loss TA:0.5270 TV:0.5291 VA:1.0633 CE:0.3359
2026-03-03 19:28:55,092 - utils.logger2026-03-03-19.27.30 - INFO - saving the model at the end of epoch 27, iters 756
2026-03-03 19:28:55,185 - utils.logger2026-03-03-19.27.30 - INFO - End of training epoch 27 / 40 	 Time Taken: 1 sec
2026-03-03 19:28:55,185 - utils.logger2026-03-03-19.27.30 - INFO - learning rate = 0.0002000
2026-03-03 19:28:55,628 - utils.logger2026-03-03-19.27.30 - INFO - Val result of epoch 27 / 40 acc 0.7411 MAE 0.5982 f1 0.7513
2026-03-03 19:28:56,059 - utils.logger2026-03-03-19.27.30 - INFO - Tst result of epoch 27 / 40 acc 0.7411 MAE 0.5982 f1 0.7513
2026-03-03 19:28:56,618 - utils.logger2026-03-03-19.27.30 - INFO - Cur epoch 28 loss TA:0.5119 TV:0.5111 VA:1.0186 CE:0.1799
2026-03-03 19:28:57,185 - utils.logger2026-03-03-19.27.30 - INFO - Cur epoch 28 loss TA:0.5297 TV:0.5351 VA:1.0382 CE:0.3607
2026-03-03 19:28:57,799 - utils.logger2026-03-03-19.27.30 - INFO - Cur epoch 28 loss TA:0.5158 TV:0.5209 VA:1.0586 CE:0.2339
2026-03-03 19:28:58,125 - utils.logger2026-03-03-19.27.30 - INFO - saving the model at the end of epoch 28, iters 784
2026-03-03 19:28:58,199 - utils.logger2026-03-03-19.27.30 - INFO - End of training epoch 28 / 40 	 Time Taken: 2 sec
2026-03-03 19:28:58,199 - utils.logger2026-03-03-19.27.30 - INFO - learning rate = 0.0002000
2026-03-03 19:28:58,639 - utils.logger2026-03-03-19.27.30 - INFO - Val result of epoch 28 / 40 acc 0.7455 MAE 0.6037 f1 0.7607
2026-03-03 19:28:59,118 - utils.logger2026-03-03-19.27.30 - INFO - Tst result of epoch 28 / 40 acc 0.7455 MAE 0.6037 f1 0.7607
2026-03-03 19:28:59,774 - utils.logger2026-03-03-19.27.30 - INFO - Cur epoch 29 loss TA:0.5027 TV:0.5016 VA:1.0142 CE:0.2813
2026-03-03 19:29:00,305 - utils.logger2026-03-03-19.27.30 - INFO - Cur epoch 29 loss TA:0.5258 TV:0.5268 VA:1.0435 CE:0.2373
2026-03-03 19:29:00,813 - utils.logger2026-03-03-19.27.30 - INFO - Cur epoch 29 loss TA:0.5259 TV:0.5354 VA:1.0609 CE:0.3223
2026-03-03 19:29:00,966 - utils.logger2026-03-03-19.27.30 - INFO - saving the model at the end of epoch 29, iters 812
2026-03-03 19:29:01,041 - utils.logger2026-03-03-19.27.30 - INFO - End of training epoch 29 / 40 	 Time Taken: 1 sec
2026-03-03 19:29:01,041 - utils.logger2026-03-03-19.27.30 - INFO - learning rate = 0.0002000
2026-03-03 19:29:01,527 - utils.logger2026-03-03-19.27.30 - INFO - Val result of epoch 29 / 40 acc 0.7277 MAE 0.5958 f1 0.7422
2026-03-03 19:29:01,925 - utils.logger2026-03-03-19.27.30 - INFO - Tst result of epoch 29 / 40 acc 0.7277 MAE 0.5958 f1 0.7422
2026-03-03 19:29:02,704 - utils.logger2026-03-03-19.27.30 - INFO - Cur epoch 30 loss TA:0.4914 TV:0.4907 VA:1.0000 CE:0.2027
2026-03-03 19:29:03,267 - utils.logger2026-03-03-19.27.30 - INFO - Cur epoch 30 loss TA:0.5408 TV:0.5380 VA:1.0727 CE:0.2330
2026-03-03 19:29:03,787 - utils.logger2026-03-03-19.27.30 - INFO - Cur epoch 30 loss TA:0.2725 TV:0.2263 VA:0.5820 CE:0.1435
2026-03-03 19:29:03,837 - utils.logger2026-03-03-19.27.30 - INFO - saving the model at the end of epoch 30, iters 840
2026-03-03 19:29:03,912 - utils.logger2026-03-03-19.27.30 - INFO - End of training epoch 30 / 40 	 Time Taken: 1 sec
2026-03-03 19:29:03,912 - utils.logger2026-03-03-19.27.30 - INFO - learning rate = 0.0001818
2026-03-03 19:29:04,369 - utils.logger2026-03-03-19.27.30 - INFO - Val result of epoch 30 / 40 acc 0.7455 MAE 0.6106 f1 0.7607
2026-03-03 19:29:04,842 - utils.logger2026-03-03-19.27.30 - INFO - Tst result of epoch 30 / 40 acc 0.7455 MAE 0.6106 f1 0.7607
2026-03-03 19:29:05,770 - utils.logger2026-03-03-19.27.30 - INFO - Cur epoch 31 loss TA:0.5115 TV:0.5193 VA:1.0377 CE:0.2384
2026-03-03 19:29:06,387 - utils.logger2026-03-03-19.27.30 - INFO - Cur epoch 31 loss TA:0.5093 TV:0.5109 VA:1.0217 CE:0.3126
2026-03-03 19:29:06,904 - utils.logger2026-03-03-19.27.30 - INFO - saving the model at the end of epoch 31, iters 868
2026-03-03 19:29:07,012 - utils.logger2026-03-03-19.27.30 - INFO - End of training epoch 31 / 40 	 Time Taken: 2 sec
2026-03-03 19:29:07,012 - utils.logger2026-03-03-19.27.30 - INFO - learning rate = 0.0001636
2026-03-03 19:29:07,513 - utils.logger2026-03-03-19.27.30 - INFO - Val result of epoch 31 / 40 acc 0.7232 MAE 0.6035 f1 0.7423
2026-03-03 19:29:08,009 - utils.logger2026-03-03-19.27.30 - INFO - Tst result of epoch 31 / 40 acc 0.7232 MAE 0.6035 f1 0.7423
2026-03-03 19:29:08,485 - utils.logger2026-03-03-19.27.30 - INFO - Cur epoch 32 loss TA:0.5228 TV:0.5311 VA:1.0577 CE:0.2567
2026-03-03 19:29:09,129 - utils.logger2026-03-03-19.27.30 - INFO - Cur epoch 32 loss TA:0.4935 TV:0.5087 VA:1.0090 CE:0.2861
2026-03-03 19:29:09,750 - utils.logger2026-03-03-19.27.30 - INFO - Cur epoch 32 loss TA:0.5432 TV:0.5428 VA:1.0824 CE:0.2375
2026-03-03 19:29:10,206 - utils.logger2026-03-03-19.27.30 - INFO - saving the model at the end of epoch 32, iters 896
2026-03-03 19:29:10,296 - utils.logger2026-03-03-19.27.30 - INFO - End of training epoch 32 / 40 	 Time Taken: 2 sec
2026-03-03 19:29:10,296 - utils.logger2026-03-03-19.27.30 - INFO - learning rate = 0.0001455
2026-03-03 19:29:10,768 - utils.logger2026-03-03-19.27.30 - INFO - Val result of epoch 32 / 40 acc 0.7277 MAE 0.6013 f1 0.7468
2026-03-03 19:29:11,194 - utils.logger2026-03-03-19.27.30 - INFO - Tst result of epoch 32 / 40 acc 0.7277 MAE 0.6013 f1 0.7468
2026-03-03 19:29:11,781 - utils.logger2026-03-03-19.27.30 - INFO - Cur epoch 33 loss TA:0.5255 TV:0.5347 VA:1.0379 CE:0.2001
2026-03-03 19:29:12,387 - utils.logger2026-03-03-19.27.30 - INFO - Cur epoch 33 loss TA:0.5011 TV:0.5038 VA:1.0101 CE:0.2484
2026-03-03 19:29:13,012 - utils.logger2026-03-03-19.27.30 - INFO - Cur epoch 33 loss TA:0.5049 TV:0.5047 VA:1.0063 CE:0.1819
2026-03-03 19:29:13,342 - utils.logger2026-03-03-19.27.30 - INFO - saving the model at the end of epoch 33, iters 924
2026-03-03 19:29:13,417 - utils.logger2026-03-03-19.27.30 - INFO - End of training epoch 33 / 40 	 Time Taken: 2 sec
2026-03-03 19:29:13,417 - utils.logger2026-03-03-19.27.30 - INFO - learning rate = 0.0001273
2026-03-03 19:29:13,889 - utils.logger2026-03-03-19.27.30 - INFO - Val result of epoch 33 / 40 acc 0.7411 MAE 0.6244 f1 0.7607
2026-03-03 19:29:14,357 - utils.logger2026-03-03-19.27.30 - INFO - Tst result of epoch 33 / 40 acc 0.7411 MAE 0.6244 f1 0.7607
2026-03-03 19:29:15,119 - utils.logger2026-03-03-19.27.30 - INFO - Cur epoch 34 loss TA:0.4969 TV:0.4973 VA:1.0129 CE:0.2465
2026-03-03 19:29:15,759 - utils.logger2026-03-03-19.27.30 - INFO - Cur epoch 34 loss TA:0.5113 TV:0.5125 VA:1.0464 CE:0.1888
2026-03-03 19:29:16,397 - utils.logger2026-03-03-19.27.30 - INFO - Cur epoch 34 loss TA:0.4841 TV:0.4856 VA:0.9831 CE:0.2106
2026-03-03 19:29:16,598 - utils.logger2026-03-03-19.27.30 - INFO - saving the model at the end of epoch 34, iters 952
2026-03-03 19:29:16,686 - utils.logger2026-03-03-19.27.30 - INFO - End of training epoch 34 / 40 	 Time Taken: 2 sec
2026-03-03 19:29:16,687 - utils.logger2026-03-03-19.27.30 - INFO - learning rate = 0.0001091
2026-03-03 19:29:17,153 - utils.logger2026-03-03-19.27.30 - INFO - Val result of epoch 34 / 40 acc 0.7232 MAE 0.6003 f1 0.7426
2026-03-03 19:29:17,632 - utils.logger2026-03-03-19.27.30 - INFO - Tst result of epoch 34 / 40 acc 0.7232 MAE 0.6003 f1 0.7426
2026-03-03 19:29:18,582 - utils.logger2026-03-03-19.27.30 - INFO - Cur epoch 35 loss TA:0.4840 TV:0.4876 VA:0.9801 CE:0.1978
2026-03-03 19:29:19,234 - utils.logger2026-03-03-19.27.30 - INFO - Cur epoch 35 loss TA:0.4977 TV:0.4869 VA:0.9871 CE:0.2352
2026-03-03 19:29:19,910 - utils.logger2026-03-03-19.27.30 - INFO - Cur epoch 35 loss TA:0.1740 TV:0.1845 VA:0.3792 CE:0.3935
2026-03-03 19:29:19,978 - utils.logger2026-03-03-19.27.30 - INFO - saving the model at the end of epoch 35, iters 980
2026-03-03 19:29:20,070 - utils.logger2026-03-03-19.27.30 - INFO - End of training epoch 35 / 40 	 Time Taken: 2 sec
2026-03-03 19:29:20,071 - utils.logger2026-03-03-19.27.30 - INFO - learning rate = 0.0000909
2026-03-03 19:29:20,553 - utils.logger2026-03-03-19.27.30 - INFO - Val result of epoch 35 / 40 acc 0.7143 MAE 0.5981 f1 0.7338
2026-03-03 19:29:21,036 - utils.logger2026-03-03-19.27.30 - INFO - Tst result of epoch 35 / 40 acc 0.7143 MAE 0.5981 f1 0.7338
2026-03-03 19:29:22,034 - utils.logger2026-03-03-19.27.30 - INFO - Cur epoch 36 loss TA:0.4801 TV:0.4869 VA:0.9785 CE:0.2218
2026-03-03 19:29:22,652 - utils.logger2026-03-03-19.27.30 - INFO - Cur epoch 36 loss TA:0.4982 TV:0.5019 VA:0.9988 CE:0.2649
2026-03-03 19:29:23,174 - utils.logger2026-03-03-19.27.30 - INFO - saving the model at the end of epoch 36, iters 1008
2026-03-03 19:29:23,253 - utils.logger2026-03-03-19.27.30 - INFO - End of training epoch 36 / 40 	 Time Taken: 2 sec
2026-03-03 19:29:23,253 - utils.logger2026-03-03-19.27.30 - INFO - learning rate = 0.0000727
2026-03-03 19:29:23,747 - utils.logger2026-03-03-19.27.30 - INFO - Val result of epoch 36 / 40 acc 0.7277 MAE 0.6094 f1 0.7466
2026-03-03 19:29:24,240 - utils.logger2026-03-03-19.27.30 - INFO - Tst result of epoch 36 / 40 acc 0.7277 MAE 0.6094 f1 0.7466
2026-03-03 19:29:24,762 - utils.logger2026-03-03-19.27.30 - INFO - Cur epoch 37 loss TA:0.4845 TV:0.4916 VA:0.9805 CE:0.2085
2026-03-03 19:29:25,408 - utils.logger2026-03-03-19.27.30 - INFO - Cur epoch 37 loss TA:0.5106 TV:0.4973 VA:0.9963 CE:0.1885
2026-03-03 19:29:26,080 - utils.logger2026-03-03-19.27.30 - INFO - Cur epoch 37 loss TA:0.5023 TV:0.5216 VA:0.9889 CE:0.2044
2026-03-03 19:29:26,573 - utils.logger2026-03-03-19.27.30 - INFO - saving the model at the end of epoch 37, iters 1036
2026-03-03 19:29:26,664 - utils.logger2026-03-03-19.27.30 - INFO - End of training epoch 37 / 40 	 Time Taken: 2 sec
2026-03-03 19:29:26,664 - utils.logger2026-03-03-19.27.30 - INFO - learning rate = 0.0000545
2026-03-03 19:29:27,159 - utils.logger2026-03-03-19.27.30 - INFO - Val result of epoch 37 / 40 acc 0.7545 MAE 0.6123 f1 0.7702
2026-03-03 19:29:27,667 - utils.logger2026-03-03-19.27.30 - INFO - Tst result of epoch 37 / 40 acc 0.7545 MAE 0.6123 f1 0.7702
2026-03-03 19:29:28,292 - utils.logger2026-03-03-19.27.30 - INFO - Cur epoch 38 loss TA:0.5084 TV:0.4963 VA:0.9885 CE:0.1549
2026-03-03 19:29:28,948 - utils.logger2026-03-03-19.27.30 - INFO - Cur epoch 38 loss TA:0.4970 TV:0.4953 VA:1.0223 CE:0.1717
2026-03-03 19:29:29,638 - utils.logger2026-03-03-19.27.30 - INFO - Cur epoch 38 loss TA:0.4703 TV:0.4837 VA:0.9647 CE:0.1772
2026-03-03 19:29:30,000 - utils.logger2026-03-03-19.27.30 - INFO - saving the model at the end of epoch 38, iters 1064
2026-03-03 19:29:30,088 - utils.logger2026-03-03-19.27.30 - INFO - End of training epoch 38 / 40 	 Time Taken: 2 sec
2026-03-03 19:29:30,089 - utils.logger2026-03-03-19.27.30 - INFO - learning rate = 0.0000364
2026-03-03 19:29:30,574 - utils.logger2026-03-03-19.27.30 - INFO - Val result of epoch 38 / 40 acc 0.7500 MAE 0.6075 f1 0.7654
2026-03-03 19:29:31,075 - utils.logger2026-03-03-19.27.30 - INFO - Tst result of epoch 38 / 40 acc 0.7500 MAE 0.6075 f1 0.7654
2026-03-03 19:29:31,812 - utils.logger2026-03-03-19.27.30 - INFO - Cur epoch 39 loss TA:0.4783 TV:0.4875 VA:0.9626 CE:0.1828
2026-03-03 19:29:32,413 - utils.logger2026-03-03-19.27.30 - INFO - Cur epoch 39 loss TA:0.4832 TV:0.4875 VA:0.9793 CE:0.1260
2026-03-03 19:29:33,112 - utils.logger2026-03-03-19.27.30 - INFO - Cur epoch 39 loss TA:0.4973 TV:0.5072 VA:0.9814 CE:0.1435
2026-03-03 19:29:33,288 - utils.logger2026-03-03-19.27.30 - INFO - saving the model at the end of epoch 39, iters 1092
2026-03-03 19:29:33,383 - utils.logger2026-03-03-19.27.30 - INFO - End of training epoch 39 / 40 	 Time Taken: 2 sec
2026-03-03 19:29:33,384 - utils.logger2026-03-03-19.27.30 - INFO - learning rate = 0.0000182
2026-03-03 19:29:33,855 - utils.logger2026-03-03-19.27.30 - INFO - Val result of epoch 39 / 40 acc 0.7500 MAE 0.6060 f1 0.7654
2026-03-03 19:29:34,344 - utils.logger2026-03-03-19.27.30 - INFO - Tst result of epoch 39 / 40 acc 0.7500 MAE 0.6060 f1 0.7654
2026-03-03 19:29:35,237 - utils.logger2026-03-03-19.27.30 - INFO - Cur epoch 40 loss TA:0.4936 TV:0.4976 VA:0.9727 CE:0.2027
2026-03-03 19:29:35,815 - utils.logger2026-03-03-19.27.30 - INFO - Cur epoch 40 loss TA:0.4867 TV:0.4891 VA:0.9925 CE:0.1894
2026-03-03 19:29:36,340 - utils.logger2026-03-03-19.27.30 - INFO - Cur epoch 40 loss TA:0.2801 TV:0.2797 VA:0.5735 CE:0.1741
2026-03-03 19:29:36,410 - utils.logger2026-03-03-19.27.30 - INFO - saving the model at the end of epoch 40, iters 1120
2026-03-03 19:29:36,497 - utils.logger2026-03-03-19.27.30 - INFO - End of training epoch 40 / 40 	 Time Taken: 2 sec
2026-03-03 19:29:36,497 - utils.logger2026-03-03-19.27.30 - INFO - learning rate = 0.0000000
2026-03-03 19:29:36,940 - utils.logger2026-03-03-19.27.30 - INFO - Val result of epoch 40 / 40 acc 0.7411 MAE 0.6093 f1 0.7560
2026-03-03 19:29:37,477 - utils.logger2026-03-03-19.27.30 - INFO - Tst result of epoch 40 / 40 acc 0.7411 MAE 0.6093 f1 0.7560
2026-03-03 19:29:37,477 - utils.logger2026-03-03-19.27.30 - INFO - Best eval epoch 12 found with f1 0.779816
