2025-11-30 10:33:41,296 - utils.logger2025-11-30-10.33.41 - INFO - The number of training samples = 1750
2025-11-30 10:33:42,588 - utils.logger2025-11-30-10.33.41 - INFO - Cur epoch 1 loss TA:1.0320 TV:1.0323 VA:2.0647 CE:2.8433
2025-11-30 10:33:42,989 - utils.logger2025-11-30-10.33.41 - INFO - Cur epoch 1 loss TA:1.0338 TV:1.0334 VA:2.0690 CE:2.6504
2025-11-30 10:33:43,342 - utils.logger2025-11-30-10.33.41 - INFO - saving the model at the end of epoch 1, iters 28
2025-11-30 10:33:43,400 - utils.logger2025-11-30-10.33.41 - INFO - End of training epoch 1 / 40 	 Time Taken: 1 sec
2025-11-30 10:33:43,400 - utils.logger2025-11-30-10.33.41 - INFO - learning rate = 0.0002000
2025-11-30 10:33:43,691 - utils.logger2025-11-30-10.33.41 - INFO - Val result of epoch 1 / 40 acc 0.5759 MAE 0.0939 f1 0.6097
2025-11-30 10:33:43,974 - utils.logger2025-11-30-10.33.41 - INFO - Tst result of epoch 1 / 40 acc 0.5759 MAE 0.0939 f1 0.6097
2025-11-30 10:33:44,220 - utils.logger2025-11-30-10.33.41 - INFO - Cur epoch 2 loss TA:1.0263 TV:1.0243 VA:2.0531 CE:2.4323
2025-11-30 10:33:44,689 - utils.logger2025-11-30-10.33.41 - INFO - Cur epoch 2 loss TA:1.0131 TV:1.0118 VA:2.0452 CE:3.0185
2025-11-30 10:33:45,144 - utils.logger2025-11-30-10.33.41 - INFO - Cur epoch 2 loss TA:1.0092 TV:1.0053 VA:2.0436 CE:2.8275
2025-11-30 10:33:45,449 - utils.logger2025-11-30-10.33.41 - INFO - saving the model at the end of epoch 2, iters 56
2025-11-30 10:33:45,513 - utils.logger2025-11-30-10.33.41 - INFO - End of training epoch 2 / 40 	 Time Taken: 1 sec
2025-11-30 10:33:45,513 - utils.logger2025-11-30-10.33.41 - INFO - learning rate = 0.0002000
2025-11-30 10:33:45,838 - utils.logger2025-11-30-10.33.41 - INFO - Val result of epoch 2 / 40 acc 0.6473 MAE 0.3009 f1 0.6629
2025-11-30 10:33:46,162 - utils.logger2025-11-30-10.33.41 - INFO - Tst result of epoch 2 / 40 acc 0.6473 MAE 0.3009 f1 0.6629
2025-11-30 10:33:46,514 - utils.logger2025-11-30-10.33.41 - INFO - Cur epoch 3 loss TA:0.9983 TV:0.9858 VA:2.0038 CE:2.5079
2025-11-30 10:33:46,973 - utils.logger2025-11-30-10.33.41 - INFO - Cur epoch 3 loss TA:0.9828 TV:0.9671 VA:1.9976 CE:2.2331
2025-11-30 10:33:47,409 - utils.logger2025-11-30-10.33.41 - INFO - Cur epoch 3 loss TA:0.9623 TV:0.9560 VA:1.9289 CE:2.0677
2025-11-30 10:33:47,636 - utils.logger2025-11-30-10.33.41 - INFO - saving the model at the end of epoch 3, iters 84
2025-11-30 10:33:47,703 - utils.logger2025-11-30-10.33.41 - INFO - End of training epoch 3 / 40 	 Time Taken: 1 sec
2025-11-30 10:33:47,703 - utils.logger2025-11-30-10.33.41 - INFO - learning rate = 0.0002000
2025-11-30 10:33:48,023 - utils.logger2025-11-30-10.33.41 - INFO - Val result of epoch 3 / 40 acc 0.6027 MAE 0.3457 f1 0.6259
2025-11-30 10:33:48,289 - utils.logger2025-11-30-10.33.41 - INFO - Tst result of epoch 3 / 40 acc 0.6027 MAE 0.3457 f1 0.6259
2025-11-30 10:33:48,695 - utils.logger2025-11-30-10.33.41 - INFO - Cur epoch 4 loss TA:0.9362 TV:0.9187 VA:1.8561 CE:2.0995
2025-11-30 10:33:49,097 - utils.logger2025-11-30-10.33.41 - INFO - Cur epoch 4 loss TA:0.9252 TV:0.9193 VA:1.8736 CE:1.9652
2025-11-30 10:33:49,522 - utils.logger2025-11-30-10.33.41 - INFO - Cur epoch 4 loss TA:0.9236 TV:0.9275 VA:1.8869 CE:2.2238
2025-11-30 10:33:49,652 - utils.logger2025-11-30-10.33.41 - INFO - saving the model at the end of epoch 4, iters 112
2025-11-30 10:33:49,715 - utils.logger2025-11-30-10.33.41 - INFO - End of training epoch 4 / 40 	 Time Taken: 1 sec
2025-11-30 10:33:49,715 - utils.logger2025-11-30-10.33.41 - INFO - learning rate = 0.0002000
2025-11-30 10:33:50,078 - utils.logger2025-11-30-10.33.41 - INFO - Val result of epoch 4 / 40 acc 0.6920 MAE 0.4348 f1 0.6998
2025-11-30 10:33:50,438 - utils.logger2025-11-30-10.33.41 - INFO - Tst result of epoch 4 / 40 acc 0.6920 MAE 0.4348 f1 0.6998
2025-11-30 10:33:50,949 - utils.logger2025-11-30-10.33.41 - INFO - Cur epoch 5 loss TA:0.9077 TV:0.9045 VA:1.8161 CE:2.0221
2025-11-30 10:33:51,385 - utils.logger2025-11-30-10.33.41 - INFO - Cur epoch 5 loss TA:0.9164 TV:0.9037 VA:1.8282 CE:2.1470
2025-11-30 10:33:51,832 - utils.logger2025-11-30-10.33.41 - INFO - Cur epoch 5 loss TA:0.6178 TV:0.6061 VA:1.2128 CE:1.8332
2025-11-30 10:33:51,884 - utils.logger2025-11-30-10.33.41 - INFO - saving the model at the end of epoch 5, iters 140
2025-11-30 10:33:51,949 - utils.logger2025-11-30-10.33.41 - INFO - End of training epoch 5 / 40 	 Time Taken: 1 sec
2025-11-30 10:33:51,949 - utils.logger2025-11-30-10.33.41 - INFO - learning rate = 0.0002000
2025-11-30 10:33:52,247 - utils.logger2025-11-30-10.33.41 - INFO - Val result of epoch 5 / 40 acc 0.6339 MAE 0.4596 f1 0.6663
2025-11-30 10:33:52,546 - utils.logger2025-11-30-10.33.41 - INFO - Tst result of epoch 5 / 40 acc 0.6339 MAE 0.4596 f1 0.6663
2025-11-30 10:33:53,167 - utils.logger2025-11-30-10.33.41 - INFO - Cur epoch 6 loss TA:0.8616 TV:0.8639 VA:1.7615 CE:1.6645
2025-11-30 10:33:53,608 - utils.logger2025-11-30-10.33.41 - INFO - Cur epoch 6 loss TA:0.8530 TV:0.8688 VA:1.7461 CE:1.6052
2025-11-30 10:33:53,996 - utils.logger2025-11-30-10.33.41 - INFO - saving the model at the end of epoch 6, iters 168
2025-11-30 10:33:54,060 - utils.logger2025-11-30-10.33.41 - INFO - End of training epoch 6 / 40 	 Time Taken: 1 sec
2025-11-30 10:33:54,061 - utils.logger2025-11-30-10.33.41 - INFO - learning rate = 0.0002000
2025-11-30 10:33:54,412 - utils.logger2025-11-30-10.33.41 - INFO - Val result of epoch 6 / 40 acc 0.6964 MAE 0.4798 f1 0.7127
2025-11-30 10:33:54,692 - utils.logger2025-11-30-10.33.41 - INFO - Tst result of epoch 6 / 40 acc 0.6964 MAE 0.4798 f1 0.7127
2025-11-30 10:33:54,938 - utils.logger2025-11-30-10.33.41 - INFO - Cur epoch 7 loss TA:0.8437 TV:0.8430 VA:1.7362 CE:1.3161
2025-11-30 10:33:55,371 - utils.logger2025-11-30-10.33.41 - INFO - Cur epoch 7 loss TA:0.8197 TV:0.8412 VA:1.7192 CE:1.6553
2025-11-30 10:33:55,796 - utils.logger2025-11-30-10.33.41 - INFO - Cur epoch 7 loss TA:0.8283 TV:0.8430 VA:1.7125 CE:1.4722
2025-11-30 10:33:56,104 - utils.logger2025-11-30-10.33.41 - INFO - saving the model at the end of epoch 7, iters 196
2025-11-30 10:33:56,174 - utils.logger2025-11-30-10.33.41 - INFO - End of training epoch 7 / 40 	 Time Taken: 1 sec
2025-11-30 10:33:56,175 - utils.logger2025-11-30-10.33.41 - INFO - learning rate = 0.0002000
2025-11-30 10:33:56,547 - utils.logger2025-11-30-10.33.41 - INFO - Val result of epoch 7 / 40 acc 0.7232 MAE 0.5298 f1 0.7426
2025-11-30 10:33:56,882 - utils.logger2025-11-30-10.33.41 - INFO - Tst result of epoch 7 / 40 acc 0.7232 MAE 0.5298 f1 0.7426
2025-11-30 10:33:57,256 - utils.logger2025-11-30-10.33.41 - INFO - Cur epoch 8 loss TA:0.8416 TV:0.8334 VA:1.6828 CE:1.5900
2025-11-30 10:33:57,689 - utils.logger2025-11-30-10.33.41 - INFO - Cur epoch 8 loss TA:0.7931 TV:0.8111 VA:1.6189 CE:1.3490
2025-11-30 10:33:58,122 - utils.logger2025-11-30-10.33.41 - INFO - Cur epoch 8 loss TA:0.7667 TV:0.7882 VA:1.5750 CE:1.2535
2025-11-30 10:33:58,343 - utils.logger2025-11-30-10.33.41 - INFO - saving the model at the end of epoch 8, iters 224
2025-11-30 10:33:58,406 - utils.logger2025-11-30-10.33.41 - INFO - End of training epoch 8 / 40 	 Time Taken: 1 sec
2025-11-30 10:33:58,406 - utils.logger2025-11-30-10.33.41 - INFO - learning rate = 0.0002000
2025-11-30 10:33:58,766 - utils.logger2025-11-30-10.33.41 - INFO - Val result of epoch 8 / 40 acc 0.7366 MAE 0.5549 f1 0.7513
2025-11-30 10:33:59,081 - utils.logger2025-11-30-10.33.41 - INFO - Tst result of epoch 8 / 40 acc 0.7366 MAE 0.5549 f1 0.7513
2025-11-30 10:33:59,527 - utils.logger2025-11-30-10.33.41 - INFO - Cur epoch 9 loss TA:0.7873 TV:0.7685 VA:1.5634 CE:1.0522
2025-11-30 10:33:59,965 - utils.logger2025-11-30-10.33.41 - INFO - Cur epoch 9 loss TA:0.7675 TV:0.8015 VA:1.6048 CE:1.3004
2025-11-30 10:34:00,403 - utils.logger2025-11-30-10.33.41 - INFO - Cur epoch 9 loss TA:0.7770 TV:0.7620 VA:1.5830 CE:1.0189
2025-11-30 10:34:00,536 - utils.logger2025-11-30-10.33.41 - INFO - saving the model at the end of epoch 9, iters 252
2025-11-30 10:34:00,602 - utils.logger2025-11-30-10.33.41 - INFO - End of training epoch 9 / 40 	 Time Taken: 1 sec
2025-11-30 10:34:00,602 - utils.logger2025-11-30-10.33.41 - INFO - learning rate = 0.0002000
2025-11-30 10:34:00,889 - utils.logger2025-11-30-10.33.41 - INFO - Val result of epoch 9 / 40 acc 0.6920 MAE 0.5522 f1 0.7155
2025-11-30 10:34:01,177 - utils.logger2025-11-30-10.33.41 - INFO - Tst result of epoch 9 / 40 acc 0.6920 MAE 0.5522 f1 0.7155
2025-11-30 10:34:01,692 - utils.logger2025-11-30-10.33.41 - INFO - Cur epoch 10 loss TA:0.7580 TV:0.7509 VA:1.5227 CE:1.0913
2025-11-30 10:34:02,127 - utils.logger2025-11-30-10.33.41 - INFO - Cur epoch 10 loss TA:0.7497 TV:0.7631 VA:1.5140 CE:1.0475
2025-11-30 10:34:02,578 - utils.logger2025-11-30-10.33.41 - INFO - Cur epoch 10 loss TA:0.4818 TV:0.4952 VA:1.0940 CE:0.7738
2025-11-30 10:34:02,630 - utils.logger2025-11-30-10.33.41 - INFO - saving the model at the end of epoch 10, iters 280
2025-11-30 10:34:02,695 - utils.logger2025-11-30-10.33.41 - INFO - End of training epoch 10 / 40 	 Time Taken: 1 sec
2025-11-30 10:34:02,695 - utils.logger2025-11-30-10.33.41 - INFO - learning rate = 0.0002000
2025-11-30 10:34:03,012 - utils.logger2025-11-30-10.33.41 - INFO - Val result of epoch 10 / 40 acc 0.7188 MAE 0.5637 f1 0.7422
2025-11-30 10:34:03,321 - utils.logger2025-11-30-10.33.41 - INFO - Tst result of epoch 10 / 40 acc 0.7188 MAE 0.5637 f1 0.7422
2025-11-30 10:34:03,936 - utils.logger2025-11-30-10.33.41 - INFO - Cur epoch 11 loss TA:0.7279 TV:0.7243 VA:1.4843 CE:0.8001
2025-11-30 10:34:04,359 - utils.logger2025-11-30-10.33.41 - INFO - Cur epoch 11 loss TA:0.7142 TV:0.7236 VA:1.4462 CE:0.6999
2025-11-30 10:34:04,732 - utils.logger2025-11-30-10.33.41 - INFO - saving the model at the end of epoch 11, iters 308
2025-11-30 10:34:04,797 - utils.logger2025-11-30-10.33.41 - INFO - End of training epoch 11 / 40 	 Time Taken: 1 sec
2025-11-30 10:34:04,797 - utils.logger2025-11-30-10.33.41 - INFO - learning rate = 0.0002000
2025-11-30 10:34:05,079 - utils.logger2025-11-30-10.33.41 - INFO - Val result of epoch 11 / 40 acc 0.7098 MAE 0.5795 f1 0.7278
2025-11-30 10:34:05,416 - utils.logger2025-11-30-10.33.41 - INFO - Tst result of epoch 11 / 40 acc 0.7098 MAE 0.5795 f1 0.7278
2025-11-30 10:34:05,723 - utils.logger2025-11-30-10.33.41 - INFO - Cur epoch 12 loss TA:0.6591 TV:0.6706 VA:1.4035 CE:0.8906
2025-11-30 10:34:06,157 - utils.logger2025-11-30-10.33.41 - INFO - Cur epoch 12 loss TA:0.7048 TV:0.7198 VA:1.4050 CE:0.8112
2025-11-30 10:34:06,588 - utils.logger2025-11-30-10.33.41 - INFO - Cur epoch 12 loss TA:0.6942 TV:0.7100 VA:1.4047 CE:0.7569
2025-11-30 10:34:06,883 - utils.logger2025-11-30-10.33.41 - INFO - saving the model at the end of epoch 12, iters 336
2025-11-30 10:34:06,947 - utils.logger2025-11-30-10.33.41 - INFO - End of training epoch 12 / 40 	 Time Taken: 1 sec
2025-11-30 10:34:06,947 - utils.logger2025-11-30-10.33.41 - INFO - learning rate = 0.0002000
2025-11-30 10:34:07,234 - utils.logger2025-11-30-10.33.41 - INFO - Val result of epoch 12 / 40 acc 0.7321 MAE 0.5890 f1 0.7514
2025-11-30 10:34:07,515 - utils.logger2025-11-30-10.33.41 - INFO - Tst result of epoch 12 / 40 acc 0.7321 MAE 0.5890 f1 0.7514
2025-11-30 10:34:07,885 - utils.logger2025-11-30-10.33.41 - INFO - Cur epoch 13 loss TA:0.6449 TV:0.6691 VA:1.3669 CE:0.5599
2025-11-30 10:34:08,314 - utils.logger2025-11-30-10.33.41 - INFO - Cur epoch 13 loss TA:0.7015 TV:0.7067 VA:1.3658 CE:0.8222
2025-11-30 10:34:08,738 - utils.logger2025-11-30-10.33.41 - INFO - Cur epoch 13 loss TA:0.6559 TV:0.6418 VA:1.2953 CE:0.7050
2025-11-30 10:34:08,950 - utils.logger2025-11-30-10.33.41 - INFO - saving the model at the end of epoch 13, iters 364
2025-11-30 10:34:09,015 - utils.logger2025-11-30-10.33.41 - INFO - End of training epoch 13 / 40 	 Time Taken: 1 sec
2025-11-30 10:34:09,015 - utils.logger2025-11-30-10.33.41 - INFO - learning rate = 0.0002000
2025-11-30 10:34:09,321 - utils.logger2025-11-30-10.33.41 - INFO - Val result of epoch 13 / 40 acc 0.7455 MAE 0.5822 f1 0.7655
2025-11-30 10:34:09,597 - utils.logger2025-11-30-10.33.41 - INFO - Tst result of epoch 13 / 40 acc 0.7455 MAE 0.5822 f1 0.7655
2025-11-30 10:34:10,015 - utils.logger2025-11-30-10.33.41 - INFO - Cur epoch 14 loss TA:0.7169 TV:0.6845 VA:1.4333 CE:0.8601
2025-11-30 10:34:10,432 - utils.logger2025-11-30-10.33.41 - INFO - Cur epoch 14 loss TA:0.6638 TV:0.6634 VA:1.2759 CE:0.6112
2025-11-30 10:34:10,845 - utils.logger2025-11-30-10.33.41 - INFO - Cur epoch 14 loss TA:0.6851 TV:0.6996 VA:1.3951 CE:0.6434
2025-11-30 10:34:10,971 - utils.logger2025-11-30-10.33.41 - INFO - saving the model at the end of epoch 14, iters 392
2025-11-30 10:34:11,033 - utils.logger2025-11-30-10.33.41 - INFO - End of training epoch 14 / 40 	 Time Taken: 1 sec
2025-11-30 10:34:11,033 - utils.logger2025-11-30-10.33.41 - INFO - learning rate = 0.0002000
2025-11-30 10:34:11,316 - utils.logger2025-11-30-10.33.41 - INFO - Val result of epoch 14 / 40 acc 0.7366 MAE 0.5785 f1 0.7513
2025-11-30 10:34:11,598 - utils.logger2025-11-30-10.33.41 - INFO - Tst result of epoch 14 / 40 acc 0.7366 MAE 0.5785 f1 0.7513
2025-11-30 10:34:12,145 - utils.logger2025-11-30-10.33.41 - INFO - Cur epoch 15 loss TA:0.6511 TV:0.6516 VA:1.3848 CE:0.6376
2025-11-30 10:34:12,568 - utils.logger2025-11-30-10.33.41 - INFO - Cur epoch 15 loss TA:0.6518 TV:0.6377 VA:1.3211 CE:0.4884
2025-11-30 10:34:13,000 - utils.logger2025-11-30-10.33.41 - INFO - Cur epoch 15 loss TA:0.3410 TV:0.3591 VA:0.7469 CE:0.7490
2025-11-30 10:34:13,049 - utils.logger2025-11-30-10.33.41 - INFO - saving the model at the end of epoch 15, iters 420
2025-11-30 10:34:13,111 - utils.logger2025-11-30-10.33.41 - INFO - End of training epoch 15 / 40 	 Time Taken: 1 sec
2025-11-30 10:34:13,112 - utils.logger2025-11-30-10.33.41 - INFO - learning rate = 0.0002000
2025-11-30 10:34:13,412 - utils.logger2025-11-30-10.33.41 - INFO - Val result of epoch 15 / 40 acc 0.7321 MAE 0.5869 f1 0.7466
2025-11-30 10:34:13,717 - utils.logger2025-11-30-10.33.41 - INFO - Tst result of epoch 15 / 40 acc 0.7321 MAE 0.5869 f1 0.7466
2025-11-30 10:34:14,329 - utils.logger2025-11-30-10.33.41 - INFO - Cur epoch 16 loss TA:0.6364 TV:0.6393 VA:1.2247 CE:0.4702
2025-11-30 10:34:14,762 - utils.logger2025-11-30-10.33.41 - INFO - Cur epoch 16 loss TA:0.6155 TV:0.6465 VA:1.2920 CE:0.4603
2025-11-30 10:34:15,144 - utils.logger2025-11-30-10.33.41 - INFO - saving the model at the end of epoch 16, iters 448
2025-11-30 10:34:15,209 - utils.logger2025-11-30-10.33.41 - INFO - End of training epoch 16 / 40 	 Time Taken: 1 sec
2025-11-30 10:34:15,209 - utils.logger2025-11-30-10.33.41 - INFO - learning rate = 0.0002000
2025-11-30 10:34:15,515 - utils.logger2025-11-30-10.33.41 - INFO - Val result of epoch 16 / 40 acc 0.7321 MAE 0.5876 f1 0.7468
2025-11-30 10:34:15,819 - utils.logger2025-11-30-10.33.41 - INFO - Tst result of epoch 16 / 40 acc 0.7321 MAE 0.5876 f1 0.7468
2025-11-30 10:34:16,095 - utils.logger2025-11-30-10.33.41 - INFO - Cur epoch 17 loss TA:0.6069 TV:0.6036 VA:1.2150 CE:0.4538
2025-11-30 10:34:16,539 - utils.logger2025-11-30-10.33.41 - INFO - Cur epoch 17 loss TA:0.6351 TV:0.6174 VA:1.3030 CE:0.4253
2025-11-30 10:34:16,982 - utils.logger2025-11-30-10.33.41 - INFO - Cur epoch 17 loss TA:0.6069 TV:0.5980 VA:1.2023 CE:0.4487
2025-11-30 10:34:17,285 - utils.logger2025-11-30-10.33.41 - INFO - saving the model at the end of epoch 17, iters 476
2025-11-30 10:34:17,350 - utils.logger2025-11-30-10.33.41 - INFO - End of training epoch 17 / 40 	 Time Taken: 1 sec
2025-11-30 10:34:17,350 - utils.logger2025-11-30-10.33.41 - INFO - learning rate = 0.0002000
2025-11-30 10:34:17,671 - utils.logger2025-11-30-10.33.41 - INFO - Val result of epoch 17 / 40 acc 0.7366 MAE 0.5829 f1 0.7517
2025-11-30 10:34:17,985 - utils.logger2025-11-30-10.33.41 - INFO - Tst result of epoch 17 / 40 acc 0.7366 MAE 0.5829 f1 0.7517
2025-11-30 10:34:18,373 - utils.logger2025-11-30-10.33.41 - INFO - Cur epoch 18 loss TA:0.5992 TV:0.6270 VA:1.2269 CE:0.4073
2025-11-30 10:34:18,822 - utils.logger2025-11-30-10.33.41 - INFO - Cur epoch 18 loss TA:0.6067 TV:0.6220 VA:1.1767 CE:0.3164
2025-11-30 10:34:19,263 - utils.logger2025-11-30-10.33.41 - INFO - Cur epoch 18 loss TA:0.6031 TV:0.6006 VA:1.2272 CE:0.4970
2025-11-30 10:34:19,488 - utils.logger2025-11-30-10.33.41 - INFO - saving the model at the end of epoch 18, iters 504
2025-11-30 10:34:19,551 - utils.logger2025-11-30-10.33.41 - INFO - End of training epoch 18 / 40 	 Time Taken: 1 sec
2025-11-30 10:34:19,551 - utils.logger2025-11-30-10.33.41 - INFO - learning rate = 0.0002000
2025-11-30 10:34:19,869 - utils.logger2025-11-30-10.33.41 - INFO - Val result of epoch 18 / 40 acc 0.6830 MAE 0.5631 f1 0.7097
2025-11-30 10:34:20,185 - utils.logger2025-11-30-10.33.41 - INFO - Tst result of epoch 18 / 40 acc 0.6830 MAE 0.5631 f1 0.7097
2025-11-30 10:34:20,632 - utils.logger2025-11-30-10.33.41 - INFO - Cur epoch 19 loss TA:0.5955 TV:0.5791 VA:1.1338 CE:0.4194
2025-11-30 10:34:21,076 - utils.logger2025-11-30-10.33.41 - INFO - Cur epoch 19 loss TA:0.5817 TV:0.6076 VA:1.1526 CE:0.3763
2025-11-30 10:34:21,506 - utils.logger2025-11-30-10.33.41 - INFO - Cur epoch 19 loss TA:0.5804 TV:0.5966 VA:1.1567 CE:0.4936
2025-11-30 10:34:21,645 - utils.logger2025-11-30-10.33.41 - INFO - saving the model at the end of epoch 19, iters 532
2025-11-30 10:34:21,709 - utils.logger2025-11-30-10.33.41 - INFO - End of training epoch 19 / 40 	 Time Taken: 1 sec
2025-11-30 10:34:21,709 - utils.logger2025-11-30-10.33.41 - INFO - learning rate = 0.0002000
2025-11-30 10:34:22,045 - utils.logger2025-11-30-10.33.41 - INFO - Val result of epoch 19 / 40 acc 0.6964 MAE 0.5706 f1 0.7238
2025-11-30 10:34:22,394 - utils.logger2025-11-30-10.33.41 - INFO - Tst result of epoch 19 / 40 acc 0.6964 MAE 0.5706 f1 0.7238
2025-11-30 10:34:22,960 - utils.logger2025-11-30-10.33.41 - INFO - Cur epoch 20 loss TA:0.5707 TV:0.5841 VA:1.1495 CE:0.3726
2025-11-30 10:34:23,397 - utils.logger2025-11-30-10.33.41 - INFO - Cur epoch 20 loss TA:0.6004 TV:0.6230 VA:1.2354 CE:0.4829
2025-11-30 10:34:23,833 - utils.logger2025-11-30-10.33.41 - INFO - Cur epoch 20 loss TA:0.3431 TV:0.3091 VA:0.5847 CE:0.6593
2025-11-30 10:34:23,880 - utils.logger2025-11-30-10.33.41 - INFO - saving the model at the end of epoch 20, iters 560
2025-11-30 10:34:23,941 - utils.logger2025-11-30-10.33.41 - INFO - End of training epoch 20 / 40 	 Time Taken: 1 sec
2025-11-30 10:34:23,942 - utils.logger2025-11-30-10.33.41 - INFO - learning rate = 0.0002000
2025-11-30 10:34:24,241 - utils.logger2025-11-30-10.33.41 - INFO - Val result of epoch 20 / 40 acc 0.7232 MAE 0.5694 f1 0.7284
2025-11-30 10:34:24,524 - utils.logger2025-11-30-10.33.41 - INFO - Tst result of epoch 20 / 40 acc 0.7232 MAE 0.5694 f1 0.7284
2025-11-30 10:34:25,129 - utils.logger2025-11-30-10.33.41 - INFO - Cur epoch 21 loss TA:0.5578 TV:0.5753 VA:1.1426 CE:0.3402
2025-11-30 10:34:25,567 - utils.logger2025-11-30-10.33.41 - INFO - Cur epoch 21 loss TA:0.5781 TV:0.5975 VA:1.1366 CE:0.3999
2025-11-30 10:34:25,953 - utils.logger2025-11-30-10.33.41 - INFO - saving the model at the end of epoch 21, iters 588
2025-11-30 10:34:26,020 - utils.logger2025-11-30-10.33.41 - INFO - End of training epoch 21 / 40 	 Time Taken: 1 sec
2025-11-30 10:34:26,020 - utils.logger2025-11-30-10.33.41 - INFO - learning rate = 0.0002000
2025-11-30 10:34:26,389 - utils.logger2025-11-30-10.33.41 - INFO - Val result of epoch 21 / 40 acc 0.7232 MAE 0.5768 f1 0.7372
2025-11-30 10:34:26,743 - utils.logger2025-11-30-10.33.41 - INFO - Tst result of epoch 21 / 40 acc 0.7232 MAE 0.5768 f1 0.7372
2025-11-30 10:34:27,000 - utils.logger2025-11-30-10.33.41 - INFO - Cur epoch 22 loss TA:0.5748 TV:0.5966 VA:1.1840 CE:0.3411
2025-11-30 10:34:27,441 - utils.logger2025-11-30-10.33.41 - INFO - Cur epoch 22 loss TA:0.5652 TV:0.5760 VA:1.1338 CE:0.4155
2025-11-30 10:34:27,894 - utils.logger2025-11-30-10.33.41 - INFO - Cur epoch 22 loss TA:0.5537 TV:0.5385 VA:1.0797 CE:0.3837
2025-11-30 10:34:28,198 - utils.logger2025-11-30-10.33.41 - INFO - saving the model at the end of epoch 22, iters 616
2025-11-30 10:34:28,263 - utils.logger2025-11-30-10.33.41 - INFO - End of training epoch 22 / 40 	 Time Taken: 1 sec
2025-11-30 10:34:28,263 - utils.logger2025-11-30-10.33.41 - INFO - learning rate = 0.0002000
2025-11-30 10:34:28,582 - utils.logger2025-11-30-10.33.41 - INFO - Val result of epoch 22 / 40 acc 0.7009 MAE 0.5748 f1 0.7282
2025-11-30 10:34:28,883 - utils.logger2025-11-30-10.33.41 - INFO - Tst result of epoch 22 / 40 acc 0.7009 MAE 0.5748 f1 0.7282
2025-11-30 10:34:29,229 - utils.logger2025-11-30-10.33.41 - INFO - Cur epoch 23 loss TA:0.5445 TV:0.5523 VA:1.0861 CE:0.3760
2025-11-30 10:34:29,652 - utils.logger2025-11-30-10.33.41 - INFO - Cur epoch 23 loss TA:0.5503 TV:0.5498 VA:1.1066 CE:0.3891
2025-11-30 10:34:30,080 - utils.logger2025-11-30-10.33.41 - INFO - Cur epoch 23 loss TA:0.5384 TV:0.5558 VA:1.1334 CE:0.4249
2025-11-30 10:34:30,294 - utils.logger2025-11-30-10.33.41 - INFO - saving the model at the end of epoch 23, iters 644
2025-11-30 10:34:30,356 - utils.logger2025-11-30-10.33.41 - INFO - End of training epoch 23 / 40 	 Time Taken: 1 sec
2025-11-30 10:34:30,356 - utils.logger2025-11-30-10.33.41 - INFO - learning rate = 0.0002000
2025-11-30 10:34:30,650 - utils.logger2025-11-30-10.33.41 - INFO - Val result of epoch 23 / 40 acc 0.6920 MAE 0.5897 f1 0.7188
2025-11-30 10:34:30,953 - utils.logger2025-11-30-10.33.41 - INFO - Tst result of epoch 23 / 40 acc 0.6920 MAE 0.5897 f1 0.7188
2025-11-30 10:34:31,409 - utils.logger2025-11-30-10.33.41 - INFO - Cur epoch 24 loss TA:0.5248 TV:0.5451 VA:1.0558 CE:0.2846
2025-11-30 10:34:31,842 - utils.logger2025-11-30-10.33.41 - INFO - Cur epoch 24 loss TA:0.5385 TV:0.5472 VA:1.1047 CE:0.3353
2025-11-30 10:34:32,273 - utils.logger2025-11-30-10.33.41 - INFO - Cur epoch 24 loss TA:0.5517 TV:0.5444 VA:1.1104 CE:0.3834
2025-11-30 10:34:32,411 - utils.logger2025-11-30-10.33.41 - INFO - saving the model at the end of epoch 24, iters 672
2025-11-30 10:34:32,489 - utils.logger2025-11-30-10.33.41 - INFO - End of training epoch 24 / 40 	 Time Taken: 1 sec
2025-11-30 10:34:32,489 - utils.logger2025-11-30-10.33.41 - INFO - learning rate = 0.0002000
2025-11-30 10:34:32,779 - utils.logger2025-11-30-10.33.41 - INFO - Val result of epoch 24 / 40 acc 0.6964 MAE 0.5817 f1 0.7185
2025-11-30 10:34:33,069 - utils.logger2025-11-30-10.33.41 - INFO - Tst result of epoch 24 / 40 acc 0.6964 MAE 0.5817 f1 0.7185
2025-11-30 10:34:33,575 - utils.logger2025-11-30-10.33.41 - INFO - Cur epoch 25 loss TA:0.5219 TV:0.5518 VA:1.0835 CE:0.3095
2025-11-30 10:34:34,063 - utils.logger2025-11-30-10.33.41 - INFO - Cur epoch 25 loss TA:0.5381 TV:0.5613 VA:1.0472 CE:0.3300
2025-11-30 10:34:34,600 - utils.logger2025-11-30-10.33.41 - INFO - Cur epoch 25 loss TA:0.2859 TV:0.3422 VA:0.5880 CE:0.3566
2025-11-30 10:34:34,682 - utils.logger2025-11-30-10.33.41 - INFO - saving the model at the end of epoch 25, iters 700
2025-11-30 10:34:34,766 - utils.logger2025-11-30-10.33.41 - INFO - End of training epoch 25 / 40 	 Time Taken: 1 sec
2025-11-30 10:34:34,766 - utils.logger2025-11-30-10.33.41 - INFO - learning rate = 0.0002000
2025-11-30 10:34:35,201 - utils.logger2025-11-30-10.33.41 - INFO - Val result of epoch 25 / 40 acc 0.6875 MAE 0.5712 f1 0.7142
2025-11-30 10:34:35,630 - utils.logger2025-11-30-10.33.41 - INFO - Tst result of epoch 25 / 40 acc 0.6875 MAE 0.5712 f1 0.7142
2025-11-30 10:34:36,444 - utils.logger2025-11-30-10.33.41 - INFO - Cur epoch 26 loss TA:0.5659 TV:0.5667 VA:1.1485 CE:0.2389
2025-11-30 10:34:37,002 - utils.logger2025-11-30-10.33.41 - INFO - Cur epoch 26 loss TA:0.5808 TV:0.5777 VA:1.0740 CE:0.2224
2025-11-30 10:34:37,503 - utils.logger2025-11-30-10.33.41 - INFO - saving the model at the end of epoch 26, iters 728
2025-11-30 10:34:37,590 - utils.logger2025-11-30-10.33.41 - INFO - End of training epoch 26 / 40 	 Time Taken: 1 sec
2025-11-30 10:34:37,590 - utils.logger2025-11-30-10.33.41 - INFO - learning rate = 0.0002000
2025-11-30 10:34:38,045 - utils.logger2025-11-30-10.33.41 - INFO - Val result of epoch 26 / 40 acc 0.7277 MAE 0.5732 f1 0.7383
2025-11-30 10:34:38,549 - utils.logger2025-11-30-10.33.41 - INFO - Tst result of epoch 26 / 40 acc 0.7277 MAE 0.5732 f1 0.7383
2025-11-30 10:34:39,035 - utils.logger2025-11-30-10.33.41 - INFO - Cur epoch 27 loss TA:0.5495 TV:0.5567 VA:1.0655 CE:0.3183
2025-11-30 10:34:39,606 - utils.logger2025-11-30-10.33.41 - INFO - Cur epoch 27 loss TA:0.5174 TV:0.5235 VA:1.0455 CE:0.2715
2025-11-30 10:34:40,173 - utils.logger2025-11-30-10.33.41 - INFO - Cur epoch 27 loss TA:0.5623 TV:0.5701 VA:1.0922 CE:0.4597
2025-11-30 10:34:40,579 - utils.logger2025-11-30-10.33.41 - INFO - saving the model at the end of epoch 27, iters 756
2025-11-30 10:34:40,681 - utils.logger2025-11-30-10.33.41 - INFO - End of training epoch 27 / 40 	 Time Taken: 2 sec
2025-11-30 10:34:40,681 - utils.logger2025-11-30-10.33.41 - INFO - learning rate = 0.0002000
2025-11-30 10:34:41,148 - utils.logger2025-11-30-10.33.41 - INFO - Val result of epoch 27 / 40 acc 0.6920 MAE 0.5741 f1 0.7137
2025-11-30 10:34:41,574 - utils.logger2025-11-30-10.33.41 - INFO - Tst result of epoch 27 / 40 acc 0.6920 MAE 0.5741 f1 0.7137
2025-11-30 10:34:42,135 - utils.logger2025-11-30-10.33.41 - INFO - Cur epoch 28 loss TA:0.5383 TV:0.5400 VA:1.0773 CE:0.2698
2025-11-30 10:34:42,682 - utils.logger2025-11-30-10.33.41 - INFO - Cur epoch 28 loss TA:0.5174 TV:0.5273 VA:1.0207 CE:0.3009
2025-11-30 10:34:43,242 - utils.logger2025-11-30-10.33.41 - INFO - Cur epoch 28 loss TA:0.5321 TV:0.5260 VA:1.0756 CE:0.3072
2025-11-30 10:34:43,520 - utils.logger2025-11-30-10.33.41 - INFO - saving the model at the end of epoch 28, iters 784
2025-11-30 10:34:43,609 - utils.logger2025-11-30-10.33.41 - INFO - End of training epoch 28 / 40 	 Time Taken: 2 sec
2025-11-30 10:34:43,610 - utils.logger2025-11-30-10.33.41 - INFO - learning rate = 0.0002000
2025-11-30 10:34:44,108 - utils.logger2025-11-30-10.33.41 - INFO - Val result of epoch 28 / 40 acc 0.7143 MAE 0.5725 f1 0.7373
2025-11-30 10:34:44,575 - utils.logger2025-11-30-10.33.41 - INFO - Tst result of epoch 28 / 40 acc 0.7143 MAE 0.5725 f1 0.7373
2025-11-30 10:34:45,267 - utils.logger2025-11-30-10.33.41 - INFO - Cur epoch 29 loss TA:0.5040 TV:0.5140 VA:1.0197 CE:0.3098
2025-11-30 10:34:45,811 - utils.logger2025-11-30-10.33.41 - INFO - Cur epoch 29 loss TA:0.5448 TV:0.5592 VA:1.0581 CE:0.3569
2025-11-30 10:34:46,391 - utils.logger2025-11-30-10.33.41 - INFO - Cur epoch 29 loss TA:0.5099 TV:0.5196 VA:1.0491 CE:0.2515
2025-11-30 10:34:46,568 - utils.logger2025-11-30-10.33.41 - INFO - saving the model at the end of epoch 29, iters 812
2025-11-30 10:34:46,669 - utils.logger2025-11-30-10.33.41 - INFO - End of training epoch 29 / 40 	 Time Taken: 2 sec
2025-11-30 10:34:46,669 - utils.logger2025-11-30-10.33.41 - INFO - learning rate = 0.0002000
2025-11-30 10:34:47,135 - utils.logger2025-11-30-10.33.41 - INFO - Val result of epoch 29 / 40 acc 0.6786 MAE 0.5788 f1 0.7051
2025-11-30 10:34:47,652 - utils.logger2025-11-30-10.33.41 - INFO - Tst result of epoch 29 / 40 acc 0.6786 MAE 0.5788 f1 0.7051
2025-11-30 10:34:48,394 - utils.logger2025-11-30-10.33.41 - INFO - Cur epoch 30 loss TA:0.5075 TV:0.5291 VA:1.0063 CE:0.2557
2025-11-30 10:34:48,954 - utils.logger2025-11-30-10.33.41 - INFO - Cur epoch 30 loss TA:0.5100 TV:0.5159 VA:1.0348 CE:0.1895
2025-11-30 10:34:49,488 - utils.logger2025-11-30-10.33.41 - INFO - Cur epoch 30 loss TA:0.2441 TV:0.2615 VA:0.5110 CE:0.2379
2025-11-30 10:34:49,570 - utils.logger2025-11-30-10.33.41 - INFO - saving the model at the end of epoch 30, iters 840
2025-11-30 10:34:49,687 - utils.logger2025-11-30-10.33.41 - INFO - End of training epoch 30 / 40 	 Time Taken: 2 sec
2025-11-30 10:34:49,687 - utils.logger2025-11-30-10.33.41 - INFO - learning rate = 0.0001818
2025-11-30 10:34:50,216 - utils.logger2025-11-30-10.33.41 - INFO - Val result of epoch 30 / 40 acc 0.7188 MAE 0.5757 f1 0.7419
2025-11-30 10:34:50,636 - utils.logger2025-11-30-10.33.41 - INFO - Tst result of epoch 30 / 40 acc 0.7188 MAE 0.5757 f1 0.7419
2025-11-30 10:34:51,427 - utils.logger2025-11-30-10.33.41 - INFO - Cur epoch 31 loss TA:0.5413 TV:0.5384 VA:1.0190 CE:0.2676
2025-11-30 10:34:51,955 - utils.logger2025-11-30-10.33.41 - INFO - Cur epoch 31 loss TA:0.5358 TV:0.5406 VA:1.0601 CE:0.2520
2025-11-30 10:34:52,434 - utils.logger2025-11-30-10.33.41 - INFO - saving the model at the end of epoch 31, iters 868
2025-11-30 10:34:52,527 - utils.logger2025-11-30-10.33.41 - INFO - End of training epoch 31 / 40 	 Time Taken: 1 sec
2025-11-30 10:34:52,527 - utils.logger2025-11-30-10.33.41 - INFO - learning rate = 0.0001636
2025-11-30 10:34:52,950 - utils.logger2025-11-30-10.33.41 - INFO - Val result of epoch 31 / 40 acc 0.7366 MAE 0.5955 f1 0.7560
2025-11-30 10:34:53,360 - utils.logger2025-11-30-10.33.41 - INFO - Tst result of epoch 31 / 40 acc 0.7366 MAE 0.5955 f1 0.7560
2025-11-30 10:34:53,726 - utils.logger2025-11-30-10.33.41 - INFO - Cur epoch 32 loss TA:0.5324 TV:0.5250 VA:1.0163 CE:0.2585
2025-11-30 10:34:54,267 - utils.logger2025-11-30-10.33.41 - INFO - Cur epoch 32 loss TA:0.5067 TV:0.5158 VA:1.0083 CE:0.2671
2025-11-30 10:34:54,808 - utils.logger2025-11-30-10.33.41 - INFO - Cur epoch 32 loss TA:0.5010 TV:0.5234 VA:1.0198 CE:0.2471
2025-11-30 10:34:55,176 - utils.logger2025-11-30-10.33.41 - INFO - saving the model at the end of epoch 32, iters 896
2025-11-30 10:34:55,282 - utils.logger2025-11-30-10.33.41 - INFO - End of training epoch 32 / 40 	 Time Taken: 1 sec
2025-11-30 10:34:55,283 - utils.logger2025-11-30-10.33.41 - INFO - learning rate = 0.0001455
2025-11-30 10:34:55,720 - utils.logger2025-11-30-10.33.41 - INFO - Val result of epoch 32 / 40 acc 0.7009 MAE 0.5765 f1 0.7284
2025-11-30 10:34:56,134 - utils.logger2025-11-30-10.33.41 - INFO - Tst result of epoch 32 / 40 acc 0.7009 MAE 0.5765 f1 0.7284
2025-11-30 10:34:56,641 - utils.logger2025-11-30-10.33.41 - INFO - Cur epoch 33 loss TA:0.5059 TV:0.5120 VA:1.0245 CE:0.2716
2025-11-30 10:34:57,202 - utils.logger2025-11-30-10.33.41 - INFO - Cur epoch 33 loss TA:0.4854 TV:0.5047 VA:1.0021 CE:0.1822
2025-11-30 10:34:57,749 - utils.logger2025-11-30-10.33.41 - INFO - Cur epoch 33 loss TA:0.4959 TV:0.4991 VA:0.9972 CE:0.2204
2025-11-30 10:34:58,051 - utils.logger2025-11-30-10.33.41 - INFO - saving the model at the end of epoch 33, iters 924
2025-11-30 10:34:58,137 - utils.logger2025-11-30-10.33.41 - INFO - End of training epoch 33 / 40 	 Time Taken: 2 sec
2025-11-30 10:34:58,137 - utils.logger2025-11-30-10.33.41 - INFO - learning rate = 0.0001273
2025-11-30 10:34:58,673 - utils.logger2025-11-30-10.33.41 - INFO - Val result of epoch 33 / 40 acc 0.7098 MAE 0.5802 f1 0.7373
2025-11-30 10:34:59,317 - utils.logger2025-11-30-10.33.41 - INFO - Tst result of epoch 33 / 40 acc 0.7098 MAE 0.5802 f1 0.7373
2025-11-30 10:34:59,905 - utils.logger2025-11-30-10.33.41 - INFO - Cur epoch 34 loss TA:0.5167 TV:0.5246 VA:1.0251 CE:0.1846
2025-11-30 10:35:00,422 - utils.logger2025-11-30-10.33.41 - INFO - Cur epoch 34 loss TA:0.5032 TV:0.5095 VA:1.0025 CE:0.2581
2025-11-30 10:35:00,960 - utils.logger2025-11-30-10.33.41 - INFO - Cur epoch 34 loss TA:0.5053 TV:0.5065 VA:1.0191 CE:0.1793
2025-11-30 10:35:01,137 - utils.logger2025-11-30-10.33.41 - INFO - saving the model at the end of epoch 34, iters 952
2025-11-30 10:35:01,232 - utils.logger2025-11-30-10.33.41 - INFO - End of training epoch 34 / 40 	 Time Taken: 1 sec
2025-11-30 10:35:01,232 - utils.logger2025-11-30-10.33.41 - INFO - learning rate = 0.0001091
2025-11-30 10:35:01,806 - utils.logger2025-11-30-10.33.41 - INFO - Val result of epoch 34 / 40 acc 0.7143 MAE 0.5865 f1 0.7373
2025-11-30 10:35:02,434 - utils.logger2025-11-30-10.33.41 - INFO - Tst result of epoch 34 / 40 acc 0.7143 MAE 0.5865 f1 0.7373
2025-11-30 10:35:03,165 - utils.logger2025-11-30-10.33.41 - INFO - Cur epoch 35 loss TA:0.4991 TV:0.4961 VA:1.0103 CE:0.1597
2025-11-30 10:35:03,719 - utils.logger2025-11-30-10.33.41 - INFO - Cur epoch 35 loss TA:0.5067 TV:0.5027 VA:1.0212 CE:0.3184
2025-11-30 10:35:04,239 - utils.logger2025-11-30-10.33.41 - INFO - Cur epoch 35 loss TA:0.2242 TV:0.2283 VA:0.4123 CE:0.2024
2025-11-30 10:35:04,307 - utils.logger2025-11-30-10.33.41 - INFO - saving the model at the end of epoch 35, iters 980
2025-11-30 10:35:04,404 - utils.logger2025-11-30-10.33.41 - INFO - End of training epoch 35 / 40 	 Time Taken: 1 sec
2025-11-30 10:35:04,405 - utils.logger2025-11-30-10.33.41 - INFO - learning rate = 0.0000909
2025-11-30 10:35:04,946 - utils.logger2025-11-30-10.33.41 - INFO - Val result of epoch 35 / 40 acc 0.6964 MAE 0.5861 f1 0.7241
2025-11-30 10:35:05,401 - utils.logger2025-11-30-10.33.41 - INFO - Tst result of epoch 35 / 40 acc 0.6964 MAE 0.5861 f1 0.7241
2025-11-30 10:35:06,196 - utils.logger2025-11-30-10.33.41 - INFO - Cur epoch 36 loss TA:0.5161 TV:0.5257 VA:1.0011 CE:0.1827
2025-11-30 10:35:06,749 - utils.logger2025-11-30-10.33.41 - INFO - Cur epoch 36 loss TA:0.4951 TV:0.5065 VA:0.9833 CE:0.1806
2025-11-30 10:35:07,244 - utils.logger2025-11-30-10.33.41 - INFO - saving the model at the end of epoch 36, iters 1008
2025-11-30 10:35:07,347 - utils.logger2025-11-30-10.33.41 - INFO - End of training epoch 36 / 40 	 Time Taken: 1 sec
2025-11-30 10:35:07,348 - utils.logger2025-11-30-10.33.41 - INFO - learning rate = 0.0000727
2025-11-30 10:35:07,830 - utils.logger2025-11-30-10.33.41 - INFO - Val result of epoch 36 / 40 acc 0.7188 MAE 0.5905 f1 0.7468
2025-11-30 10:35:08,282 - utils.logger2025-11-30-10.33.41 - INFO - Tst result of epoch 36 / 40 acc 0.7188 MAE 0.5905 f1 0.7468
2025-11-30 10:35:08,774 - utils.logger2025-11-30-10.33.41 - INFO - Cur epoch 37 loss TA:0.5102 TV:0.5247 VA:0.9970 CE:0.1898
2025-11-30 10:35:09,330 - utils.logger2025-11-30-10.33.41 - INFO - Cur epoch 37 loss TA:0.5006 TV:0.5053 VA:1.0404 CE:0.1926
2025-11-30 10:35:09,888 - utils.logger2025-11-30-10.33.41 - INFO - Cur epoch 37 loss TA:0.4946 TV:0.4866 VA:0.9935 CE:0.1820
2025-11-30 10:35:10,293 - utils.logger2025-11-30-10.33.41 - INFO - saving the model at the end of epoch 37, iters 1036
2025-11-30 10:35:10,392 - utils.logger2025-11-30-10.33.41 - INFO - End of training epoch 37 / 40 	 Time Taken: 2 sec
2025-11-30 10:35:10,392 - utils.logger2025-11-30-10.33.41 - INFO - learning rate = 0.0000545
2025-11-30 10:35:10,839 - utils.logger2025-11-30-10.33.41 - INFO - Val result of epoch 37 / 40 acc 0.7188 MAE 0.5904 f1 0.7419
2025-11-30 10:35:11,262 - utils.logger2025-11-30-10.33.41 - INFO - Tst result of epoch 37 / 40 acc 0.7188 MAE 0.5904 f1 0.7419
2025-11-30 10:35:11,758 - utils.logger2025-11-30-10.33.41 - INFO - Cur epoch 38 loss TA:0.4843 TV:0.4945 VA:0.9597 CE:0.1946
2025-11-30 10:35:12,338 - utils.logger2025-11-30-10.33.41 - INFO - Cur epoch 38 loss TA:0.5087 TV:0.5126 VA:1.0123 CE:0.2137
2025-11-30 10:35:12,895 - utils.logger2025-11-30-10.33.41 - INFO - Cur epoch 38 loss TA:0.4887 TV:0.4917 VA:0.9813 CE:0.1523
2025-11-30 10:35:13,171 - utils.logger2025-11-30-10.33.41 - INFO - saving the model at the end of epoch 38, iters 1064
2025-11-30 10:35:13,263 - utils.logger2025-11-30-10.33.41 - INFO - End of training epoch 38 / 40 	 Time Taken: 2 sec
2025-11-30 10:35:13,263 - utils.logger2025-11-30-10.33.41 - INFO - learning rate = 0.0000364
2025-11-30 10:35:13,685 - utils.logger2025-11-30-10.33.41 - INFO - Val result of epoch 38 / 40 acc 0.7188 MAE 0.5888 f1 0.7420
2025-11-30 10:35:14,084 - utils.logger2025-11-30-10.33.41 - INFO - Tst result of epoch 38 / 40 acc 0.7188 MAE 0.5888 f1 0.7420
2025-11-30 10:35:14,688 - utils.logger2025-11-30-10.33.41 - INFO - Cur epoch 39 loss TA:0.4826 TV:0.4845 VA:0.9895 CE:0.1873
2025-11-30 10:35:15,189 - utils.logger2025-11-30-10.33.41 - INFO - Cur epoch 39 loss TA:0.4854 TV:0.4967 VA:0.9602 CE:0.1550
2025-11-30 10:35:15,689 - utils.logger2025-11-30-10.33.41 - INFO - Cur epoch 39 loss TA:0.4755 TV:0.4769 VA:0.9708 CE:0.1319
2025-11-30 10:35:15,853 - utils.logger2025-11-30-10.33.41 - INFO - saving the model at the end of epoch 39, iters 1092
2025-11-30 10:35:15,934 - utils.logger2025-11-30-10.33.41 - INFO - End of training epoch 39 / 40 	 Time Taken: 1 sec
2025-11-30 10:35:15,934 - utils.logger2025-11-30-10.33.41 - INFO - learning rate = 0.0000182
2025-11-30 10:35:16,336 - utils.logger2025-11-30-10.33.41 - INFO - Val result of epoch 39 / 40 acc 0.7098 MAE 0.5908 f1 0.7373
2025-11-30 10:35:16,743 - utils.logger2025-11-30-10.33.41 - INFO - Tst result of epoch 39 / 40 acc 0.7098 MAE 0.5908 f1 0.7373
2025-11-30 10:35:17,447 - utils.logger2025-11-30-10.33.41 - INFO - Cur epoch 40 loss TA:0.5102 TV:0.5104 VA:1.0314 CE:0.1646
2025-11-30 10:35:17,959 - utils.logger2025-11-30-10.33.41 - INFO - Cur epoch 40 loss TA:0.5151 TV:0.5121 VA:1.0275 CE:0.1540
2025-11-30 10:35:18,465 - utils.logger2025-11-30-10.33.41 - INFO - Cur epoch 40 loss TA:0.2612 TV:0.2514 VA:0.4165 CE:0.1369
2025-11-30 10:35:18,536 - utils.logger2025-11-30-10.33.41 - INFO - saving the model at the end of epoch 40, iters 1120
2025-11-30 10:35:18,626 - utils.logger2025-11-30-10.33.41 - INFO - End of training epoch 40 / 40 	 Time Taken: 1 sec
2025-11-30 10:35:18,626 - utils.logger2025-11-30-10.33.41 - INFO - learning rate = 0.0000000
2025-11-30 10:35:19,080 - utils.logger2025-11-30-10.33.41 - INFO - Val result of epoch 40 / 40 acc 0.6964 MAE 0.5893 f1 0.7233
2025-11-30 10:35:19,528 - utils.logger2025-11-30-10.33.41 - INFO - Tst result of epoch 40 / 40 acc 0.6964 MAE 0.5893 f1 0.7233
2025-11-30 10:35:19,528 - utils.logger2025-11-30-10.33.41 - INFO - Best eval epoch 13 found with f1 0.765532
