2025-12-23 10:31:20,944 - utils.logger2025-12-23-10.31.20 - INFO - The number of training samples = 3121
2025-12-23 10:31:22,380 - utils.logger2025-12-23-10.31.20 - INFO - Cur epoch 1 loss TA:1.0162 TV:1.0011 VA:2.0209 CE:1.8436
2025-12-23 10:31:22,821 - utils.logger2025-12-23-10.31.20 - INFO - Cur epoch 1 loss TA:0.9711 TV:0.9636 VA:1.8550 CE:1.5445
2025-12-23 10:31:23,685 - utils.logger2025-12-23-10.31.20 - INFO - Cur epoch 1 loss TA:0.9572 TV:0.9562 VA:1.7833 CE:1.4328
2025-12-23 10:31:24,280 - utils.logger2025-12-23-10.31.20 - INFO - Cur epoch 1 loss TA:0.9469 TV:0.9312 VA:1.7389 CE:1.3612
2025-12-23 10:31:24,703 - utils.logger2025-12-23-10.31.20 - INFO - saving the model at the end of epoch 1, iters 49
2025-12-23 10:31:24,800 - utils.logger2025-12-23-10.31.20 - INFO - End of training epoch 1 / 40 	 Time Taken: 3 sec
2025-12-23 10:31:24,801 - utils.logger2025-12-23-10.31.20 - INFO - learning rate = 0.0005000
2025-12-23 10:31:25,315 - utils.logger2025-12-23-10.31.20 - INFO - Val result of epoch 1 / 40 acc 0.5074 uar 0.3272 f1 0.2758
2025-12-23 10:31:25,315 - utils.logger2025-12-23-10.31.20 - INFO - 
[[  0   5  57   0]
 [  0  25  51   0]
 [  0   3 146   0]
 [  0   0  50   0]]
2025-12-23 10:31:25,684 - utils.logger2025-12-23-10.31.20 - INFO - Tst result of epoch 1 / 40 acc 0.7313 uar 0.2705 f1 0.2510
2025-12-23 10:31:25,684 - utils.logger2025-12-23-10.31.20 - INFO - 
[[  0   0  11   0]
 [  0   6  61   0]
 [  0   1 258   1]
 [  0   0  23   0]]
2025-12-23 10:31:26,244 - utils.logger2025-12-23-10.31.20 - INFO - Cur epoch 2 loss TA:0.9247 TV:0.9101 VA:1.6748 CE:1.3504
2025-12-23 10:31:26,739 - utils.logger2025-12-23-10.31.20 - INFO - Cur epoch 2 loss TA:0.9127 TV:0.9183 VA:1.5930 CE:1.1390
2025-12-23 10:31:27,148 - utils.logger2025-12-23-10.31.20 - INFO - Cur epoch 2 loss TA:0.8814 TV:0.8740 VA:1.5953 CE:1.1100
2025-12-23 10:31:27,534 - utils.logger2025-12-23-10.31.20 - INFO - Cur epoch 2 loss TA:0.8836 TV:0.8864 VA:1.5222 CE:1.1721
2025-12-23 10:31:28,000 - utils.logger2025-12-23-10.31.20 - INFO - Cur epoch 2 loss TA:0.9052 TV:0.8963 VA:1.5177 CE:1.0188
2025-12-23 10:31:28,568 - utils.logger2025-12-23-10.31.20 - INFO - saving the model at the end of epoch 2, iters 98
2025-12-23 10:31:28,671 - utils.logger2025-12-23-10.31.20 - INFO - End of training epoch 2 / 40 	 Time Taken: 2 sec
2025-12-23 10:31:28,671 - utils.logger2025-12-23-10.31.20 - INFO - learning rate = 0.0005000
2025-12-23 10:31:29,332 - utils.logger2025-12-23-10.31.20 - INFO - Val result of epoch 2 / 40 acc 0.5697 uar 0.4708 f1 0.4317
2025-12-23 10:31:29,332 - utils.logger2025-12-23-10.31.20 - INFO - 
[[  1   9  48   4]
 [  0  64  11   1]
 [  0  26 114   9]
 [  0   4  33  13]]
2025-12-23 10:31:29,801 - utils.logger2025-12-23-10.31.20 - INFO - Tst result of epoch 2 / 40 acc 0.7673 uar 0.3954 f1 0.3939
2025-12-23 10:31:29,801 - utils.logger2025-12-23-10.31.20 - INFO - 
[[  0   1   7   3]
 [  0  43  24   0]
 [  0  17 233  10]
 [  0   1  21   1]]
2025-12-23 10:31:30,171 - utils.logger2025-12-23-10.31.20 - INFO - Cur epoch 3 loss TA:0.8813 TV:0.8591 VA:1.4757 CE:1.2699
2025-12-23 10:31:30,651 - utils.logger2025-12-23-10.31.20 - INFO - Cur epoch 3 loss TA:0.8613 TV:0.8560 VA:1.5362 CE:0.8232
2025-12-23 10:31:31,120 - utils.logger2025-12-23-10.31.20 - INFO - Cur epoch 3 loss TA:0.8846 TV:0.8824 VA:1.4524 CE:1.3212
2025-12-23 10:31:31,609 - utils.logger2025-12-23-10.31.20 - INFO - Cur epoch 3 loss TA:0.8556 TV:0.8637 VA:1.4583 CE:1.0145
2025-12-23 10:31:32,083 - utils.logger2025-12-23-10.31.20 - INFO - Cur epoch 3 loss TA:0.8341 TV:0.8186 VA:1.4750 CE:0.8887
2025-12-23 10:31:32,448 - utils.logger2025-12-23-10.31.20 - INFO - saving the model at the end of epoch 3, iters 147
2025-12-23 10:31:32,566 - utils.logger2025-12-23-10.31.20 - INFO - End of training epoch 3 / 40 	 Time Taken: 2 sec
2025-12-23 10:31:32,566 - utils.logger2025-12-23-10.31.20 - INFO - learning rate = 0.0005000
2025-12-23 10:31:33,205 - utils.logger2025-12-23-10.31.20 - INFO - Val result of epoch 3 / 40 acc 0.5579 uar 0.4850 f1 0.4572
2025-12-23 10:31:33,206 - utils.logger2025-12-23-10.31.20 - INFO - 
[[  5  10  45   2]
 [  0  67   9   0]
 [  1  39 101   8]
 [  0   7  28  15]]
2025-12-23 10:31:33,558 - utils.logger2025-12-23-10.31.20 - INFO - Tst result of epoch 3 / 40 acc 0.7839 uar 0.4871 f1 0.4796
2025-12-23 10:31:33,558 - utils.logger2025-12-23-10.31.20 - INFO - 
[[  0   1   7   3]
 [  0  49  18   0]
 [  0  25 226   9]
 [  0   1  14   8]]
2025-12-23 10:31:34,586 - utils.logger2025-12-23-10.31.20 - INFO - Cur epoch 4 loss TA:0.8192 TV:0.8325 VA:1.4077 CE:0.9435
2025-12-23 10:31:35,144 - utils.logger2025-12-23-10.31.20 - INFO - Cur epoch 4 loss TA:0.8051 TV:0.8124 VA:1.4216 CE:0.8921
2025-12-23 10:31:35,567 - utils.logger2025-12-23-10.31.20 - INFO - Cur epoch 4 loss TA:0.8233 TV:0.8563 VA:1.4038 CE:0.9019
2025-12-23 10:31:36,038 - utils.logger2025-12-23-10.31.20 - INFO - Cur epoch 4 loss TA:0.7700 TV:0.7881 VA:1.4177 CE:0.8551
2025-12-23 10:31:36,496 - utils.logger2025-12-23-10.31.20 - INFO - Cur epoch 4 loss TA:0.8374 TV:0.8445 VA:1.4092 CE:0.7161
2025-12-23 10:31:36,814 - utils.logger2025-12-23-10.31.20 - INFO - saving the model at the end of epoch 4, iters 196
2025-12-23 10:31:36,928 - utils.logger2025-12-23-10.31.20 - INFO - End of training epoch 4 / 40 	 Time Taken: 3 sec
2025-12-23 10:31:36,928 - utils.logger2025-12-23-10.31.20 - INFO - learning rate = 0.0005000
2025-12-23 10:31:37,621 - utils.logger2025-12-23-10.31.20 - INFO - Val result of epoch 4 / 40 acc 0.6261 uar 0.5911 f1 0.6010
2025-12-23 10:31:37,622 - utils.logger2025-12-23-10.31.20 - INFO - 
[[ 30   3  29   0]
 [  7  60   9   0]
 [ 15  26 100   8]
 [  3   3  23  21]]
2025-12-23 10:31:38,081 - utils.logger2025-12-23-10.31.20 - INFO - Tst result of epoch 4 / 40 acc 0.7784 uar 0.5928 f1 0.5757
2025-12-23 10:31:38,081 - utils.logger2025-12-23-10.31.20 - INFO - 
[[  5   0   4   2]
 [  2  45  20   0]
 [ 10  15 222  13]
 [  0   0  14   9]]
2025-12-23 10:31:38,521 - utils.logger2025-12-23-10.31.20 - INFO - Cur epoch 5 loss TA:0.7378 TV:0.7577 VA:1.3757 CE:0.5813
2025-12-23 10:31:39,009 - utils.logger2025-12-23-10.31.20 - INFO - Cur epoch 5 loss TA:0.7684 TV:0.7878 VA:1.3734 CE:0.5877
2025-12-23 10:31:39,677 - utils.logger2025-12-23-10.31.20 - INFO - Cur epoch 5 loss TA:0.7755 TV:0.7833 VA:1.3077 CE:0.7548
2025-12-23 10:31:40,049 - utils.logger2025-12-23-10.31.20 - INFO - Cur epoch 5 loss TA:0.7946 TV:0.7856 VA:1.3438 CE:0.7911
2025-12-23 10:31:40,472 - utils.logger2025-12-23-10.31.20 - INFO - Cur epoch 5 loss TA:0.7537 TV:0.8008 VA:1.3294 CE:0.6535
2025-12-23 10:31:40,781 - utils.logger2025-12-23-10.31.20 - INFO - saving the model at the end of epoch 5, iters 245
2025-12-23 10:31:40,893 - utils.logger2025-12-23-10.31.20 - INFO - End of training epoch 5 / 40 	 Time Taken: 2 sec
2025-12-23 10:31:40,893 - utils.logger2025-12-23-10.31.20 - INFO - learning rate = 0.0005000
2025-12-23 10:31:41,409 - utils.logger2025-12-23-10.31.20 - INFO - Val result of epoch 5 / 40 acc 0.6172 uar 0.5423 f1 0.5409
2025-12-23 10:31:41,409 - utils.logger2025-12-23-10.31.20 - INFO - 
[[ 27   5  30   0]
 [  4  64   8   0]
 [  9  28 109   3]
 [  2   3  37   8]]
2025-12-23 10:31:42,193 - utils.logger2025-12-23-10.31.20 - INFO - Tst result of epoch 5 / 40 acc 0.8116 uar 0.5394 f1 0.5823
2025-12-23 10:31:42,193 - utils.logger2025-12-23-10.31.20 - INFO - 
[[  5   0   4   2]
 [  0  43  24   0]
 [  2  14 242   2]
 [  0   0  20   3]]
2025-12-23 10:31:42,720 - utils.logger2025-12-23-10.31.20 - INFO - Cur epoch 6 loss TA:0.7295 TV:0.7570 VA:1.2833 CE:0.7767
2025-12-23 10:31:43,092 - utils.logger2025-12-23-10.31.20 - INFO - Cur epoch 6 loss TA:0.6941 TV:0.7076 VA:1.2631 CE:0.6312
2025-12-23 10:31:43,487 - utils.logger2025-12-23-10.31.20 - INFO - Cur epoch 6 loss TA:0.7684 TV:0.7814 VA:1.3587 CE:0.7174
2025-12-23 10:31:43,857 - utils.logger2025-12-23-10.31.20 - INFO - Cur epoch 6 loss TA:0.7477 TV:0.7781 VA:1.3328 CE:0.5639
2025-12-23 10:31:44,258 - utils.logger2025-12-23-10.31.20 - INFO - Cur epoch 6 loss TA:0.7600 TV:0.7781 VA:1.2948 CE:0.6161
2025-12-23 10:31:44,497 - utils.logger2025-12-23-10.31.20 - INFO - saving the model at the end of epoch 6, iters 294
2025-12-23 10:31:44,587 - utils.logger2025-12-23-10.31.20 - INFO - End of training epoch 6 / 40 	 Time Taken: 2 sec
2025-12-23 10:31:44,587 - utils.logger2025-12-23-10.31.20 - INFO - learning rate = 0.0005000
2025-12-23 10:31:45,793 - utils.logger2025-12-23-10.31.20 - INFO - Val result of epoch 6 / 40 acc 0.5757 uar 0.5646 f1 0.5581
2025-12-23 10:31:45,793 - utils.logger2025-12-23-10.31.20 - INFO - 
[[29  7 26  0]
 [ 1 73  2  0]
 [ 7 64 76  2]
 [ 2 10 22 16]]
2025-12-23 10:31:46,608 - utils.logger2025-12-23-10.31.20 - INFO - Tst result of epoch 6 / 40 acc 0.7562 uar 0.5550 f1 0.5538
2025-12-23 10:31:46,608 - utils.logger2025-12-23-10.31.20 - INFO - 
[[  3   2   3   3]
 [  0  57  10   0]
 [  2  43 206   9]
 [  0   0  16   7]]
2025-12-23 10:31:47,226 - utils.logger2025-12-23-10.31.20 - INFO - Cur epoch 7 loss TA:0.7229 TV:0.7421 VA:1.3202 CE:0.5231
2025-12-23 10:31:47,695 - utils.logger2025-12-23-10.31.20 - INFO - Cur epoch 7 loss TA:0.6702 TV:0.6953 VA:1.2062 CE:0.5618
2025-12-23 10:31:48,216 - utils.logger2025-12-23-10.31.20 - INFO - Cur epoch 7 loss TA:0.7314 TV:0.7679 VA:1.3134 CE:0.5826
2025-12-23 10:31:48,779 - utils.logger2025-12-23-10.31.20 - INFO - Cur epoch 7 loss TA:0.8003 TV:0.8063 VA:1.3011 CE:0.6701
2025-12-23 10:31:49,296 - utils.logger2025-12-23-10.31.20 - INFO - Cur epoch 7 loss TA:0.7424 TV:0.7767 VA:1.3012 CE:0.5647
2025-12-23 10:31:49,489 - utils.logger2025-12-23-10.31.20 - INFO - saving the model at the end of epoch 7, iters 343
2025-12-23 10:31:49,605 - utils.logger2025-12-23-10.31.20 - INFO - End of training epoch 7 / 40 	 Time Taken: 2 sec
2025-12-23 10:31:49,605 - utils.logger2025-12-23-10.31.20 - INFO - learning rate = 0.0005000
2025-12-23 10:31:50,321 - utils.logger2025-12-23-10.31.20 - INFO - Val result of epoch 7 / 40 acc 0.6083 uar 0.5999 f1 0.5906
2025-12-23 10:31:50,321 - utils.logger2025-12-23-10.31.20 - INFO - 
[[34  6 22  0]
 [ 4 70  2  0]
 [23 41 82  3]
 [ 4  5 22 19]]
2025-12-23 10:31:51,459 - utils.logger2025-12-23-10.31.20 - INFO - Tst result of epoch 7 / 40 acc 0.7978 uar 0.6795 f1 0.6682
2025-12-23 10:31:51,459 - utils.logger2025-12-23-10.31.20 - INFO - 
[[  7   1   3   0]
 [  0  51  16   0]
 [  6  28 219   7]
 [  0   0  12  11]]
2025-12-23 10:31:52,305 - utils.logger2025-12-23-10.31.20 - INFO - Cur epoch 8 loss TA:0.7071 TV:0.7210 VA:1.2495 CE:0.6636
2025-12-23 10:31:52,852 - utils.logger2025-12-23-10.31.20 - INFO - Cur epoch 8 loss TA:0.6907 TV:0.7112 VA:1.2345 CE:0.3875
2025-12-23 10:31:53,350 - utils.logger2025-12-23-10.31.20 - INFO - Cur epoch 8 loss TA:0.6727 TV:0.7073 VA:1.2214 CE:0.5968
2025-12-23 10:31:53,847 - utils.logger2025-12-23-10.31.20 - INFO - Cur epoch 8 loss TA:0.6992 TV:0.7006 VA:1.2085 CE:0.5412
2025-12-23 10:31:54,330 - utils.logger2025-12-23-10.31.20 - INFO - Cur epoch 8 loss TA:0.6819 TV:0.7111 VA:1.2096 CE:0.7465
2025-12-23 10:31:54,484 - utils.logger2025-12-23-10.31.20 - INFO - saving the model at the end of epoch 8, iters 392
2025-12-23 10:31:54,599 - utils.logger2025-12-23-10.31.20 - INFO - End of training epoch 8 / 40 	 Time Taken: 3 sec
2025-12-23 10:31:54,599 - utils.logger2025-12-23-10.31.20 - INFO - learning rate = 0.0005000
2025-12-23 10:31:55,146 - utils.logger2025-12-23-10.31.20 - INFO - Val result of epoch 8 / 40 acc 0.5727 uar 0.5928 f1 0.5653
2025-12-23 10:31:55,146 - utils.logger2025-12-23-10.31.20 - INFO - 
[[43  6 13  0]
 [ 7 67  2  0]
 [39 42 65  3]
 [ 5  4 23 18]]
2025-12-23 10:31:55,490 - utils.logger2025-12-23-10.31.20 - INFO - Tst result of epoch 8 / 40 acc 0.7507 uar 0.6125 f1 0.5707
2025-12-23 10:31:55,490 - utils.logger2025-12-23-10.31.20 - INFO - 
[[  7   2   2   0]
 [  1  47  19   0]
 [ 11  26 210  13]
 [  0   0  16   7]]
2025-12-23 10:31:56,175 - utils.logger2025-12-23-10.31.20 - INFO - Cur epoch 9 loss TA:0.7010 TV:0.7286 VA:1.2018 CE:0.5416
2025-12-23 10:31:56,650 - utils.logger2025-12-23-10.31.20 - INFO - Cur epoch 9 loss TA:0.6862 TV:0.6899 VA:1.2631 CE:0.3708
2025-12-23 10:31:57,143 - utils.logger2025-12-23-10.31.20 - INFO - Cur epoch 9 loss TA:0.6946 TV:0.7064 VA:1.2554 CE:0.4941
2025-12-23 10:31:57,643 - utils.logger2025-12-23-10.31.20 - INFO - Cur epoch 9 loss TA:0.6874 TV:0.6810 VA:1.1888 CE:0.5417
2025-12-23 10:31:58,090 - utils.logger2025-12-23-10.31.20 - INFO - Cur epoch 9 loss TA:0.6781 TV:0.7030 VA:1.2041 CE:0.5487
2025-12-23 10:31:58,191 - utils.logger2025-12-23-10.31.20 - INFO - saving the model at the end of epoch 9, iters 441
2025-12-23 10:31:58,299 - utils.logger2025-12-23-10.31.20 - INFO - End of training epoch 9 / 40 	 Time Taken: 2 sec
2025-12-23 10:31:58,300 - utils.logger2025-12-23-10.31.20 - INFO - learning rate = 0.0005000
2025-12-23 10:31:59,006 - utils.logger2025-12-23-10.31.20 - INFO - Val result of epoch 9 / 40 acc 0.6469 uar 0.5794 f1 0.6014
2025-12-23 10:31:59,007 - utils.logger2025-12-23-10.31.20 - INFO - 
[[ 25   3  34   0]
 [  3  61  12   0]
 [ 10  21 115   3]
 [  1   2  30  17]]
2025-12-23 10:31:59,389 - utils.logger2025-12-23-10.31.20 - INFO - Tst result of epoch 9 / 40 acc 0.8089 uar 0.4898 f1 0.5533
2025-12-23 10:31:59,390 - utils.logger2025-12-23-10.31.20 - INFO - 
[[  3   0   5   3]
 [  0  34  33   0]
 [  1   6 250   3]
 [  0   0  18   5]]
2025-12-23 10:32:00,106 - utils.logger2025-12-23-10.31.20 - INFO - Cur epoch 10 loss TA:0.6784 TV:0.6697 VA:1.1381 CE:0.4123
2025-12-23 10:32:00,523 - utils.logger2025-12-23-10.31.20 - INFO - Cur epoch 10 loss TA:0.7254 TV:0.7412 VA:1.1894 CE:0.3306
2025-12-23 10:32:00,980 - utils.logger2025-12-23-10.31.20 - INFO - Cur epoch 10 loss TA:0.6810 TV:0.7076 VA:1.2294 CE:0.4951
2025-12-23 10:32:01,449 - utils.logger2025-12-23-10.31.20 - INFO - Cur epoch 10 loss TA:0.7266 TV:0.7789 VA:1.3203 CE:0.4365
2025-12-23 10:32:01,990 - utils.logger2025-12-23-10.31.20 - INFO - Cur epoch 10 loss TA:0.6208 TV:0.6332 VA:1.0461 CE:0.4835
2025-12-23 10:32:02,046 - utils.logger2025-12-23-10.31.20 - INFO - saving the model at the end of epoch 10, iters 490
2025-12-23 10:32:02,168 - utils.logger2025-12-23-10.31.20 - INFO - End of training epoch 10 / 40 	 Time Taken: 2 sec
2025-12-23 10:32:02,168 - utils.logger2025-12-23-10.31.20 - INFO - learning rate = 0.0005000
2025-12-23 10:32:02,722 - utils.logger2025-12-23-10.31.20 - INFO - Val result of epoch 10 / 40 acc 0.6706 uar 0.6511 f1 0.6614
2025-12-23 10:32:02,722 - utils.logger2025-12-23-10.31.20 - INFO - 
[[ 35   4  23   0]
 [  5  64   7   0]
 [ 18  27 101   3]
 [  1   3  20  26]]
2025-12-23 10:32:03,440 - utils.logger2025-12-23-10.31.20 - INFO - Tst result of epoch 10 / 40 acc 0.7618 uar 0.6786 f1 0.6463
2025-12-23 10:32:03,441 - utils.logger2025-12-23-10.31.20 - INFO - 
[[  6   0   3   2]
 [  0  38  28   1]
 [  2   9 213  36]
 [  0   0   5  18]]
2025-12-23 10:32:04,582 - utils.logger2025-12-23-10.31.20 - INFO - Cur epoch 11 loss TA:0.6763 TV:0.7177 VA:1.1723 CE:0.3129
2025-12-23 10:32:05,081 - utils.logger2025-12-23-10.31.20 - INFO - Cur epoch 11 loss TA:0.6590 TV:0.7065 VA:1.2332 CE:0.4037
2025-12-23 10:32:05,586 - utils.logger2025-12-23-10.31.20 - INFO - Cur epoch 11 loss TA:0.6332 TV:0.6429 VA:1.1846 CE:0.3223
2025-12-23 10:32:06,108 - utils.logger2025-12-23-10.31.20 - INFO - Cur epoch 11 loss TA:0.6717 TV:0.6772 VA:1.2040 CE:0.2911
2025-12-23 10:32:06,629 - utils.logger2025-12-23-10.31.20 - INFO - saving the model at the end of epoch 11, iters 539
2025-12-23 10:32:06,742 - utils.logger2025-12-23-10.31.20 - INFO - End of training epoch 11 / 40 	 Time Taken: 3 sec
2025-12-23 10:32:06,742 - utils.logger2025-12-23-10.31.20 - INFO - learning rate = 0.0005000
2025-12-23 10:32:07,452 - utils.logger2025-12-23-10.31.20 - INFO - Val result of epoch 11 / 40 acc 0.6409 uar 0.6230 f1 0.6247
2025-12-23 10:32:07,452 - utils.logger2025-12-23-10.31.20 - INFO - 
[[31  6 25  0]
 [ 4 69  3  0]
 [13 38 93  5]
 [ 1  5 21 23]]
2025-12-23 10:32:08,050 - utils.logger2025-12-23-10.31.20 - INFO - Tst result of epoch 11 / 40 acc 0.7784 uar 0.5220 f1 0.5446
2025-12-23 10:32:08,051 - utils.logger2025-12-23-10.31.20 - INFO - 
[[  2   1   5   3]
 [  0  43  23   1]
 [  1  21 227  11]
 [  0   0  14   9]]
2025-12-23 10:32:08,345 - utils.logger2025-12-23-10.31.20 - INFO - Cur epoch 12 loss TA:0.6489 TV:0.6714 VA:1.1970 CE:0.3708
2025-12-23 10:32:09,043 - utils.logger2025-12-23-10.31.20 - INFO - Cur epoch 12 loss TA:0.6450 TV:0.6490 VA:1.2099 CE:0.3333
2025-12-23 10:32:09,669 - utils.logger2025-12-23-10.31.20 - INFO - Cur epoch 12 loss TA:0.6600 TV:0.6608 VA:1.2009 CE:0.3270
2025-12-23 10:32:10,154 - utils.logger2025-12-23-10.31.20 - INFO - Cur epoch 12 loss TA:0.6298 TV:0.6513 VA:1.1778 CE:0.3989
2025-12-23 10:32:10,677 - utils.logger2025-12-23-10.31.20 - INFO - Cur epoch 12 loss TA:0.6138 TV:0.6139 VA:1.1171 CE:0.2437
2025-12-23 10:32:11,103 - utils.logger2025-12-23-10.31.20 - INFO - saving the model at the end of epoch 12, iters 588
2025-12-23 10:32:11,223 - utils.logger2025-12-23-10.31.20 - INFO - End of training epoch 12 / 40 	 Time Taken: 3 sec
2025-12-23 10:32:11,223 - utils.logger2025-12-23-10.31.20 - INFO - learning rate = 0.0005000
2025-12-23 10:32:11,740 - utils.logger2025-12-23-10.31.20 - INFO - Val result of epoch 12 / 40 acc 0.6024 uar 0.5896 f1 0.5792
2025-12-23 10:32:11,740 - utils.logger2025-12-23-10.31.20 - INFO - 
[[38  4 20  0]
 [ 5 66  5  0]
 [26 37 83  3]
 [ 6  3 25 16]]
2025-12-23 10:32:12,642 - utils.logger2025-12-23-10.31.20 - INFO - Tst result of epoch 12 / 40 acc 0.7812 uar 0.5637 f1 0.5831
2025-12-23 10:32:12,642 - utils.logger2025-12-23-10.31.20 - INFO - 
[[  6   0   3   2]
 [  0  37  29   1]
 [  5  14 233   8]
 [  0   0  17   6]]
2025-12-23 10:32:13,082 - utils.logger2025-12-23-10.31.20 - INFO - Cur epoch 13 loss TA:0.6357 TV:0.6450 VA:1.1716 CE:0.2563
2025-12-23 10:32:13,530 - utils.logger2025-12-23-10.31.20 - INFO - Cur epoch 13 loss TA:0.6465 TV:0.6642 VA:1.1771 CE:0.4470
2025-12-23 10:32:13,962 - utils.logger2025-12-23-10.31.20 - INFO - Cur epoch 13 loss TA:0.6530 TV:0.6597 VA:1.1141 CE:0.3560
2025-12-23 10:32:14,555 - utils.logger2025-12-23-10.31.20 - INFO - Cur epoch 13 loss TA:0.6439 TV:0.6323 VA:1.1651 CE:0.1927
2025-12-23 10:32:15,144 - utils.logger2025-12-23-10.31.20 - INFO - Cur epoch 13 loss TA:0.6113 TV:0.6428 VA:1.1445 CE:0.3438
2025-12-23 10:32:15,464 - utils.logger2025-12-23-10.31.20 - INFO - saving the model at the end of epoch 13, iters 637
2025-12-23 10:32:15,562 - utils.logger2025-12-23-10.31.20 - INFO - End of training epoch 13 / 40 	 Time Taken: 2 sec
2025-12-23 10:32:15,562 - utils.logger2025-12-23-10.31.20 - INFO - learning rate = 0.0005000
2025-12-23 10:32:16,319 - utils.logger2025-12-23-10.31.20 - INFO - Val result of epoch 13 / 40 acc 0.6439 uar 0.5691 f1 0.5855
2025-12-23 10:32:16,319 - utils.logger2025-12-23-10.31.20 - INFO - 
[[ 27   3  32   0]
 [  1  63  12   0]
 [  8  24 115   2]
 [  0   3  35  12]]
2025-12-23 10:32:16,670 - utils.logger2025-12-23-10.31.20 - INFO - Tst result of epoch 13 / 40 acc 0.7839 uar 0.4321 f1 0.4696
2025-12-23 10:32:16,671 - utils.logger2025-12-23-10.31.20 - INFO - 
[[  1   0   7   3]
 [  0  32  34   1]
 [  2   7 245   6]
 [  0   0  18   5]]
2025-12-23 10:32:17,081 - utils.logger2025-12-23-10.31.20 - INFO - Cur epoch 14 loss TA:0.6109 TV:0.6559 VA:1.1357 CE:0.1821
2025-12-23 10:32:17,578 - utils.logger2025-12-23-10.31.20 - INFO - Cur epoch 14 loss TA:0.6558 TV:0.6488 VA:1.1493 CE:0.1621
2025-12-23 10:32:18,122 - utils.logger2025-12-23-10.31.20 - INFO - Cur epoch 14 loss TA:0.6062 TV:0.6337 VA:1.1517 CE:0.1339
2025-12-23 10:32:18,649 - utils.logger2025-12-23-10.31.20 - INFO - Cur epoch 14 loss TA:0.6435 TV:0.6608 VA:1.1753 CE:0.0908
2025-12-23 10:32:19,233 - utils.logger2025-12-23-10.31.20 - INFO - Cur epoch 14 loss TA:0.6580 TV:0.6914 VA:1.1721 CE:0.1449
2025-12-23 10:32:19,725 - utils.logger2025-12-23-10.31.20 - INFO - saving the model at the end of epoch 14, iters 686
2025-12-23 10:32:19,861 - utils.logger2025-12-23-10.31.20 - INFO - End of training epoch 14 / 40 	 Time Taken: 3 sec
2025-12-23 10:32:19,862 - utils.logger2025-12-23-10.31.20 - INFO - learning rate = 0.0005000
2025-12-23 10:32:21,171 - utils.logger2025-12-23-10.31.20 - INFO - Val result of epoch 14 / 40 acc 0.6350 uar 0.5866 f1 0.5851
2025-12-23 10:32:21,171 - utils.logger2025-12-23-10.31.20 - INFO - 
[[ 38   4  20   0]
 [  4  63   9   0]
 [ 20  26 102   1]
 [  2   3  34  11]]
2025-12-23 10:32:21,773 - utils.logger2025-12-23-10.31.20 - INFO - Tst result of epoch 14 / 40 acc 0.8006 uar 0.5150 f1 0.5672
2025-12-23 10:32:21,773 - utils.logger2025-12-23-10.31.20 - INFO - 
[[  5   0   6   0]
 [  0  32  34   1]
 [  3   6 248   3]
 [  0   0  19   4]]
2025-12-23 10:32:22,711 - utils.logger2025-12-23-10.31.20 - INFO - Cur epoch 15 loss TA:0.6029 TV:0.6186 VA:1.1172 CE:0.0787
2025-12-23 10:32:23,253 - utils.logger2025-12-23-10.31.20 - INFO - Cur epoch 15 loss TA:0.5810 TV:0.5856 VA:1.0810 CE:0.3452
2025-12-23 10:32:23,812 - utils.logger2025-12-23-10.31.20 - INFO - Cur epoch 15 loss TA:0.6324 TV:0.6512 VA:1.1317 CE:0.2269
2025-12-23 10:32:24,339 - utils.logger2025-12-23-10.31.20 - INFO - Cur epoch 15 loss TA:0.6105 TV:0.6472 VA:1.1179 CE:0.1681
2025-12-23 10:32:24,885 - utils.logger2025-12-23-10.31.20 - INFO - Cur epoch 15 loss TA:0.6598 TV:0.6782 VA:1.1182 CE:0.2019
2025-12-23 10:32:25,217 - utils.logger2025-12-23-10.31.20 - INFO - saving the model at the end of epoch 15, iters 735
2025-12-23 10:32:25,335 - utils.logger2025-12-23-10.31.20 - INFO - End of training epoch 15 / 40 	 Time Taken: 3 sec
2025-12-23 10:32:25,335 - utils.logger2025-12-23-10.31.20 - INFO - learning rate = 0.0005000
2025-12-23 10:32:26,063 - utils.logger2025-12-23-10.31.20 - INFO - Val result of epoch 15 / 40 acc 0.6588 uar 0.6349 f1 0.6302
2025-12-23 10:32:26,064 - utils.logger2025-12-23-10.31.20 - INFO - 
[[43  4 15  0]
 [ 3 67  6  0]
 [23 27 96  3]
 [ 1  3 30 16]]
2025-12-23 10:32:26,865 - utils.logger2025-12-23-10.31.20 - INFO - Tst result of epoch 15 / 40 acc 0.8033 uar 0.5983 f1 0.6282
2025-12-23 10:32:26,866 - utils.logger2025-12-23-10.31.20 - INFO - 
[[  6   1   3   1]
 [  0  36  30   1]
 [  4   9 239   8]
 [  0   0  14   9]]
2025-12-23 10:32:27,705 - utils.logger2025-12-23-10.31.20 - INFO - Cur epoch 16 loss TA:0.6236 TV:0.6585 VA:1.1463 CE:0.3013
2025-12-23 10:32:28,145 - utils.logger2025-12-23-10.31.20 - INFO - Cur epoch 16 loss TA:0.6364 TV:0.6710 VA:1.1092 CE:0.1216
2025-12-23 10:32:28,684 - utils.logger2025-12-23-10.31.20 - INFO - Cur epoch 16 loss TA:0.6264 TV:0.6388 VA:1.1554 CE:0.1862
2025-12-23 10:32:29,210 - utils.logger2025-12-23-10.31.20 - INFO - Cur epoch 16 loss TA:0.6528 TV:0.6274 VA:1.1378 CE:0.2275
2025-12-23 10:32:29,722 - utils.logger2025-12-23-10.31.20 - INFO - Cur epoch 16 loss TA:0.6128 TV:0.6283 VA:1.1124 CE:0.1350
2025-12-23 10:32:29,984 - utils.logger2025-12-23-10.31.20 - INFO - saving the model at the end of epoch 16, iters 784
2025-12-23 10:32:30,099 - utils.logger2025-12-23-10.31.20 - INFO - End of training epoch 16 / 40 	 Time Taken: 3 sec
2025-12-23 10:32:30,099 - utils.logger2025-12-23-10.31.20 - INFO - learning rate = 0.0005000
2025-12-23 10:32:30,499 - utils.logger2025-12-23-10.31.20 - INFO - Val result of epoch 16 / 40 acc 0.6380 uar 0.6378 f1 0.6321
2025-12-23 10:32:30,499 - utils.logger2025-12-23-10.31.20 - INFO - 
[[38  5 19  0]
 [ 3 69  4  0]
 [21 40 85  3]
 [ 2  6 19 23]]
2025-12-23 10:32:31,355 - utils.logger2025-12-23-10.31.20 - INFO - Tst result of epoch 16 / 40 acc 0.7756 uar 0.6042 f1 0.6044
2025-12-23 10:32:31,355 - utils.logger2025-12-23-10.31.20 - INFO - 
[[  4   1   5   1]
 [  0  43  24   0]
 [  3  16 220  21]
 [  0   0  10  13]]
2025-12-23 10:32:31,996 - utils.logger2025-12-23-10.31.20 - INFO - Cur epoch 17 loss TA:0.5953 TV:0.6091 VA:1.0751 CE:0.0873
2025-12-23 10:32:32,594 - utils.logger2025-12-23-10.31.20 - INFO - Cur epoch 17 loss TA:0.6102 TV:0.6502 VA:1.1084 CE:0.1978
2025-12-23 10:32:33,206 - utils.logger2025-12-23-10.31.20 - INFO - Cur epoch 17 loss TA:0.6082 TV:0.6179 VA:1.1144 CE:0.1546
2025-12-23 10:32:33,738 - utils.logger2025-12-23-10.31.20 - INFO - Cur epoch 17 loss TA:0.6018 TV:0.6166 VA:1.1519 CE:0.2519
2025-12-23 10:32:34,274 - utils.logger2025-12-23-10.31.20 - INFO - Cur epoch 17 loss TA:0.6103 TV:0.6187 VA:1.0980 CE:0.3551
2025-12-23 10:32:34,480 - utils.logger2025-12-23-10.31.20 - INFO - saving the model at the end of epoch 17, iters 833
2025-12-23 10:32:34,581 - utils.logger2025-12-23-10.31.20 - INFO - End of training epoch 17 / 40 	 Time Taken: 3 sec
2025-12-23 10:32:34,581 - utils.logger2025-12-23-10.31.20 - INFO - learning rate = 0.0005000
2025-12-23 10:32:35,113 - utils.logger2025-12-23-10.31.20 - INFO - Val result of epoch 17 / 40 acc 0.6380 uar 0.6308 f1 0.6108
2025-12-23 10:32:35,113 - utils.logger2025-12-23-10.31.20 - INFO - 
[[47  4 11  0]
 [ 5 68  3  0]
 [28 34 85  2]
 [ 3  4 28 15]]
2025-12-23 10:32:35,474 - utils.logger2025-12-23-10.31.20 - INFO - Tst result of epoch 17 / 40 acc 0.7812 uar 0.5954 f1 0.6050
2025-12-23 10:32:35,475 - utils.logger2025-12-23-10.31.20 - INFO - 
[[  7   0   3   1]
 [  1  37  28   1]
 [  4  14 231  11]
 [  0   0  16   7]]
2025-12-23 10:32:36,065 - utils.logger2025-12-23-10.31.20 - INFO - Cur epoch 18 loss TA:0.5742 TV:0.5779 VA:1.0468 CE:0.1165
2025-12-23 10:32:36,577 - utils.logger2025-12-23-10.31.20 - INFO - Cur epoch 18 loss TA:0.6227 TV:0.6361 VA:1.1215 CE:0.2667
2025-12-23 10:32:37,292 - utils.logger2025-12-23-10.31.20 - INFO - Cur epoch 18 loss TA:0.5398 TV:0.5614 VA:1.0489 CE:0.3106
2025-12-23 10:32:37,720 - utils.logger2025-12-23-10.31.20 - INFO - Cur epoch 18 loss TA:0.5620 TV:0.5745 VA:1.0817 CE:0.1625
2025-12-23 10:32:38,106 - utils.logger2025-12-23-10.31.20 - INFO - Cur epoch 18 loss TA:0.5889 TV:0.6098 VA:1.0662 CE:0.1802
2025-12-23 10:32:38,258 - utils.logger2025-12-23-10.31.20 - INFO - saving the model at the end of epoch 18, iters 882
2025-12-23 10:32:38,377 - utils.logger2025-12-23-10.31.20 - INFO - End of training epoch 18 / 40 	 Time Taken: 2 sec
2025-12-23 10:32:38,377 - utils.logger2025-12-23-10.31.20 - INFO - learning rate = 0.0005000
2025-12-23 10:32:39,188 - utils.logger2025-12-23-10.31.20 - INFO - Val result of epoch 18 / 40 acc 0.6439 uar 0.6262 f1 0.6265
2025-12-23 10:32:39,188 - utils.logger2025-12-23-10.31.20 - INFO - 
[[40  4 18  0]
 [ 7 63  6  0]
 [22 29 94  4]
 [ 2  3 25 20]]
2025-12-23 10:32:39,541 - utils.logger2025-12-23-10.31.20 - INFO - Tst result of epoch 18 / 40 acc 0.7839 uar 0.6277 f1 0.6200
2025-12-23 10:32:39,541 - utils.logger2025-12-23-10.31.20 - INFO - 
[[  5   0   3   3]
 [  0  39  28   0]
 [  5  13 225  17]
 [  0   0   9  14]]
2025-12-23 10:32:40,320 - utils.logger2025-12-23-10.31.20 - INFO - Cur epoch 19 loss TA:0.5722 TV:0.5891 VA:1.0795 CE:0.2341
2025-12-23 10:32:40,852 - utils.logger2025-12-23-10.31.20 - INFO - Cur epoch 19 loss TA:0.5405 TV:0.5577 VA:1.0313 CE:0.0323
2025-12-23 10:32:41,376 - utils.logger2025-12-23-10.31.20 - INFO - Cur epoch 19 loss TA:0.5654 TV:0.5846 VA:1.0485 CE:0.1274
2025-12-23 10:32:41,873 - utils.logger2025-12-23-10.31.20 - INFO - Cur epoch 19 loss TA:0.6228 TV:0.6317 VA:1.0952 CE:0.1003
2025-12-23 10:32:42,654 - utils.logger2025-12-23-10.31.20 - INFO - Cur epoch 19 loss TA:0.6033 TV:0.6049 VA:1.1175 CE:0.0921
2025-12-23 10:32:42,782 - utils.logger2025-12-23-10.31.20 - INFO - saving the model at the end of epoch 19, iters 931
2025-12-23 10:32:43,135 - utils.logger2025-12-23-10.31.20 - INFO - End of training epoch 19 / 40 	 Time Taken: 3 sec
2025-12-23 10:32:43,135 - utils.logger2025-12-23-10.31.20 - INFO - learning rate = 0.0005000
2025-12-23 10:32:43,494 - utils.logger2025-12-23-10.31.20 - INFO - Val result of epoch 19 / 40 acc 0.6320 uar 0.6224 f1 0.6253
2025-12-23 10:32:43,495 - utils.logger2025-12-23-10.31.20 - INFO - 
[[37  4 21  0]
 [ 5 63  8  0]
 [21 33 90  5]
 [ 1  2 24 23]]
2025-12-23 10:32:43,988 - utils.logger2025-12-23-10.31.20 - INFO - Tst result of epoch 19 / 40 acc 0.7839 uar 0.5552 f1 0.5649
2025-12-23 10:32:43,988 - utils.logger2025-12-23-10.31.20 - INFO - 
[[  2   1   5   3]
 [  0  40  26   1]
 [  1  14 228  17]
 [  0   0  10  13]]
2025-12-23 10:32:44,666 - utils.logger2025-12-23-10.31.20 - INFO - Cur epoch 20 loss TA:0.5684 TV:0.5992 VA:1.0779 CE:0.1174
2025-12-23 10:32:45,161 - utils.logger2025-12-23-10.31.20 - INFO - Cur epoch 20 loss TA:0.6073 TV:0.6180 VA:1.0630 CE:0.1709
2025-12-23 10:32:45,638 - utils.logger2025-12-23-10.31.20 - INFO - Cur epoch 20 loss TA:0.5946 TV:0.5971 VA:1.1173 CE:0.0427
2025-12-23 10:32:46,117 - utils.logger2025-12-23-10.31.20 - INFO - Cur epoch 20 loss TA:0.6022 TV:0.6279 VA:1.1070 CE:0.1977
2025-12-23 10:32:46,601 - utils.logger2025-12-23-10.31.20 - INFO - Cur epoch 20 loss TA:0.4916 TV:0.5285 VA:0.9106 CE:0.0374
2025-12-23 10:32:46,641 - utils.logger2025-12-23-10.31.20 - INFO - saving the model at the end of epoch 20, iters 980
2025-12-23 10:32:46,762 - utils.logger2025-12-23-10.31.20 - INFO - End of training epoch 20 / 40 	 Time Taken: 2 sec
2025-12-23 10:32:46,762 - utils.logger2025-12-23-10.31.20 - INFO - learning rate = 0.0005000
2025-12-23 10:32:47,372 - utils.logger2025-12-23-10.31.20 - INFO - Val result of epoch 20 / 40 acc 0.5846 uar 0.6035 f1 0.5606
2025-12-23 10:32:47,372 - utils.logger2025-12-23-10.31.20 - INFO - 
[[49  3 10  0]
 [ 4 71  1  0]
 [28 56 64  1]
 [10  3 24 13]]
2025-12-23 10:32:47,775 - utils.logger2025-12-23-10.31.20 - INFO - Tst result of epoch 20 / 40 acc 0.7922 uar 0.5549 f1 0.5918
2025-12-23 10:32:47,775 - utils.logger2025-12-23-10.31.20 - INFO - 
[[  4   0   4   3]
 [  0  41  26   0]
 [  2  15 233  10]
 [  0   0  15   8]]
2025-12-23 10:32:48,486 - utils.logger2025-12-23-10.31.20 - INFO - Cur epoch 21 loss TA:0.5884 TV:0.6181 VA:1.0949 CE:0.1248
2025-12-23 10:32:48,959 - utils.logger2025-12-23-10.31.20 - INFO - Cur epoch 21 loss TA:0.5698 TV:0.5807 VA:1.0270 CE:0.0592
2025-12-23 10:32:49,459 - utils.logger2025-12-23-10.31.20 - INFO - Cur epoch 21 loss TA:0.5606 TV:0.5603 VA:1.0538 CE:0.0986
2025-12-23 10:32:49,934 - utils.logger2025-12-23-10.31.20 - INFO - Cur epoch 21 loss TA:0.5869 TV:0.6029 VA:1.0923 CE:0.3140
2025-12-23 10:32:50,414 - utils.logger2025-12-23-10.31.20 - INFO - saving the model at the end of epoch 21, iters 1029
2025-12-23 10:32:50,523 - utils.logger2025-12-23-10.31.20 - INFO - End of training epoch 21 / 40 	 Time Taken: 2 sec
2025-12-23 10:32:50,524 - utils.logger2025-12-23-10.31.20 - INFO - learning rate = 0.0005000
2025-12-23 10:32:51,045 - utils.logger2025-12-23-10.31.20 - INFO - Val result of epoch 21 / 40 acc 0.6558 uar 0.6856 f1 0.6609
2025-12-23 10:32:51,045 - utils.logger2025-12-23-10.31.20 - INFO - 
[[49  3 10  0]
 [ 6 66  4  0]
 [34 30 78  7]
 [ 3  3 16 28]]
2025-12-23 10:32:51,531 - utils.logger2025-12-23-10.31.20 - INFO - Tst result of epoch 21 / 40 acc 0.7396 uar 0.6598 f1 0.5960
2025-12-23 10:32:51,532 - utils.logger2025-12-23-10.31.20 - INFO - 
[[  8   0   3   0]
 [  0  29  36   2]
 [  7   7 215  31]
 [  2   0   6  15]]
2025-12-23 10:32:51,849 - utils.logger2025-12-23-10.31.20 - INFO - Cur epoch 22 loss TA:0.5762 TV:0.6005 VA:1.0655 CE:0.2623
2025-12-23 10:32:52,530 - utils.logger2025-12-23-10.31.20 - INFO - Cur epoch 22 loss TA:0.5736 TV:0.5972 VA:1.0558 CE:0.1477
2025-12-23 10:32:53,225 - utils.logger2025-12-23-10.31.20 - INFO - Cur epoch 22 loss TA:0.5670 TV:0.5492 VA:1.0474 CE:0.1626
2025-12-23 10:32:53,703 - utils.logger2025-12-23-10.31.20 - INFO - Cur epoch 22 loss TA:0.5897 TV:0.6057 VA:1.0751 CE:0.2323
2025-12-23 10:32:54,155 - utils.logger2025-12-23-10.31.20 - INFO - Cur epoch 22 loss TA:0.5427 TV:0.5523 VA:1.0293 CE:0.0498
2025-12-23 10:32:54,594 - utils.logger2025-12-23-10.31.20 - INFO - saving the model at the end of epoch 22, iters 1078
2025-12-23 10:32:54,697 - utils.logger2025-12-23-10.31.20 - INFO - End of training epoch 22 / 40 	 Time Taken: 3 sec
2025-12-23 10:32:54,698 - utils.logger2025-12-23-10.31.20 - INFO - learning rate = 0.0005000
2025-12-23 10:32:55,150 - utils.logger2025-12-23-10.31.20 - INFO - Val result of epoch 22 / 40 acc 0.6439 uar 0.6702 f1 0.6478
2025-12-23 10:32:55,150 - utils.logger2025-12-23-10.31.20 - INFO - 
[[46  3 13  0]
 [ 5 65  5  1]
 [28 34 78  9]
 [ 3  3 16 28]]
2025-12-23 10:32:55,516 - utils.logger2025-12-23-10.31.20 - INFO - Tst result of epoch 22 / 40 acc 0.7368 uar 0.5405 f1 0.5202
2025-12-23 10:32:55,516 - utils.logger2025-12-23-10.31.20 - INFO - 
[[  2   0   6   3]
 [  0  37  29   1]
 [  5  16 213  26]
 [  0   0   9  14]]
2025-12-23 10:32:55,892 - utils.logger2025-12-23-10.31.20 - INFO - Cur epoch 23 loss TA:0.5635 TV:0.5684 VA:1.0428 CE:0.1830
2025-12-23 10:32:56,413 - utils.logger2025-12-23-10.31.20 - INFO - Cur epoch 23 loss TA:0.6114 TV:0.6153 VA:1.0789 CE:0.0442
2025-12-23 10:32:56,937 - utils.logger2025-12-23-10.31.20 - INFO - Cur epoch 23 loss TA:0.6030 TV:0.6210 VA:1.0675 CE:0.1619
2025-12-23 10:32:57,479 - utils.logger2025-12-23-10.31.20 - INFO - Cur epoch 23 loss TA:0.5634 TV:0.5861 VA:1.0581 CE:0.1866
2025-12-23 10:32:58,104 - utils.logger2025-12-23-10.31.20 - INFO - Cur epoch 23 loss TA:0.5671 TV:0.6083 VA:1.0583 CE:0.1440
2025-12-23 10:32:58,504 - utils.logger2025-12-23-10.31.20 - INFO - saving the model at the end of epoch 23, iters 1127
2025-12-23 10:32:58,612 - utils.logger2025-12-23-10.31.20 - INFO - End of training epoch 23 / 40 	 Time Taken: 3 sec
2025-12-23 10:32:58,612 - utils.logger2025-12-23-10.31.20 - INFO - learning rate = 0.0005000
2025-12-23 10:32:58,994 - utils.logger2025-12-23-10.31.20 - INFO - Val result of epoch 23 / 40 acc 0.6320 uar 0.6176 f1 0.6000
2025-12-23 10:32:58,994 - utils.logger2025-12-23-10.31.20 - INFO - 
[[47  2 13  0]
 [ 4 66  6  0]
 [30 30 87  2]
 [ 3  2 32 13]]
2025-12-23 10:32:59,702 - utils.logger2025-12-23-10.31.20 - INFO - Tst result of epoch 23 / 40 acc 0.7978 uar 0.5331 f1 0.5760
2025-12-23 10:32:59,702 - utils.logger2025-12-23-10.31.20 - INFO - 
[[  4   1   5   1]
 [  0  36  30   1]
 [  4  10 241   5]
 [  0   0  16   7]]
2025-12-23 10:33:00,419 - utils.logger2025-12-23-10.31.20 - INFO - Cur epoch 24 loss TA:0.5733 TV:0.5841 VA:1.0234 CE:0.2435
2025-12-23 10:33:00,826 - utils.logger2025-12-23-10.31.20 - INFO - Cur epoch 24 loss TA:0.5909 TV:0.6136 VA:1.0804 CE:0.1257
2025-12-23 10:33:01,234 - utils.logger2025-12-23-10.31.20 - INFO - Cur epoch 24 loss TA:0.5461 TV:0.5468 VA:1.0181 CE:0.0932
2025-12-23 10:33:01,662 - utils.logger2025-12-23-10.31.20 - INFO - Cur epoch 24 loss TA:0.5834 TV:0.5973 VA:1.0666 CE:0.0560
2025-12-23 10:33:02,099 - utils.logger2025-12-23-10.31.20 - INFO - Cur epoch 24 loss TA:0.5519 TV:0.5595 VA:1.0205 CE:0.1016
2025-12-23 10:33:02,416 - utils.logger2025-12-23-10.31.20 - INFO - saving the model at the end of epoch 24, iters 1176
2025-12-23 10:33:02,528 - utils.logger2025-12-23-10.31.20 - INFO - End of training epoch 24 / 40 	 Time Taken: 2 sec
2025-12-23 10:33:02,528 - utils.logger2025-12-23-10.31.20 - INFO - learning rate = 0.0005000
2025-12-23 10:33:03,468 - utils.logger2025-12-23-10.31.20 - INFO - Val result of epoch 24 / 40 acc 0.5786 uar 0.5851 f1 0.5613
2025-12-23 10:33:03,468 - utils.logger2025-12-23-10.31.20 - INFO - 
[[48  2 12  0]
 [13 59  4  0]
 [43 29 73  4]
 [ 5  3 27 15]]
2025-12-23 10:33:04,587 - utils.logger2025-12-23-10.31.20 - INFO - Tst result of epoch 24 / 40 acc 0.7950 uar 0.6061 f1 0.6168
2025-12-23 10:33:04,588 - utils.logger2025-12-23-10.31.20 - INFO - 
[[  7   0   3   1]
 [  0  32  34   1]
 [  8   8 239   5]
 [  0   0  14   9]]
2025-12-23 10:33:05,498 - utils.logger2025-12-23-10.31.20 - INFO - Cur epoch 25 loss TA:0.5436 TV:0.5688 VA:1.0156 CE:0.1247
2025-12-23 10:33:05,984 - utils.logger2025-12-23-10.31.20 - INFO - Cur epoch 25 loss TA:0.5603 TV:0.5838 VA:1.0342 CE:0.0707
2025-12-23 10:33:06,498 - utils.logger2025-12-23-10.31.20 - INFO - Cur epoch 25 loss TA:0.5467 TV:0.5567 VA:1.0227 CE:0.3343
2025-12-23 10:33:07,068 - utils.logger2025-12-23-10.31.20 - INFO - Cur epoch 25 loss TA:0.6085 TV:0.6216 VA:1.0934 CE:0.1658
2025-12-23 10:33:07,577 - utils.logger2025-12-23-10.31.20 - INFO - Cur epoch 25 loss TA:0.5469 TV:0.5484 VA:1.0140 CE:0.1298
2025-12-23 10:33:07,903 - utils.logger2025-12-23-10.31.20 - INFO - saving the model at the end of epoch 25, iters 1225
2025-12-23 10:33:08,024 - utils.logger2025-12-23-10.31.20 - INFO - End of training epoch 25 / 40 	 Time Taken: 3 sec
2025-12-23 10:33:08,024 - utils.logger2025-12-23-10.31.20 - INFO - learning rate = 0.0005000
2025-12-23 10:33:08,702 - utils.logger2025-12-23-10.31.20 - INFO - Val result of epoch 25 / 40 acc 0.6469 uar 0.6251 f1 0.6215
2025-12-23 10:33:08,702 - utils.logger2025-12-23-10.31.20 - INFO - 
[[41  2 19  0]
 [ 4 66  6  0]
 [17 32 94  6]
 [ 3  3 27 17]]
2025-12-23 10:33:09,056 - utils.logger2025-12-23-10.31.20 - INFO - Tst result of epoch 25 / 40 acc 0.7839 uar 0.5073 f1 0.5433
2025-12-23 10:33:09,056 - utils.logger2025-12-23-10.31.20 - INFO - 
[[  2   0   7   2]
 [  0  37  30   0]
 [  2  14 235   9]
 [  0   0  14   9]]
2025-12-23 10:33:09,839 - utils.logger2025-12-23-10.31.20 - INFO - Cur epoch 26 loss TA:0.5441 TV:0.5525 VA:0.9943 CE:0.1319
2025-12-23 10:33:10,411 - utils.logger2025-12-23-10.31.20 - INFO - Cur epoch 26 loss TA:0.5430 TV:0.5709 VA:1.0083 CE:0.0754
2025-12-23 10:33:11,065 - utils.logger2025-12-23-10.31.20 - INFO - Cur epoch 26 loss TA:0.5818 TV:0.5937 VA:1.0894 CE:0.2839
2025-12-23 10:33:11,486 - utils.logger2025-12-23-10.31.20 - INFO - Cur epoch 26 loss TA:0.5812 TV:0.6003 VA:1.1341 CE:0.1924
2025-12-23 10:33:11,914 - utils.logger2025-12-23-10.31.20 - INFO - Cur epoch 26 loss TA:0.5287 TV:0.5446 VA:1.0164 CE:0.0833
2025-12-23 10:33:12,173 - utils.logger2025-12-23-10.31.20 - INFO - saving the model at the end of epoch 26, iters 1274
2025-12-23 10:33:12,289 - utils.logger2025-12-23-10.31.20 - INFO - End of training epoch 26 / 40 	 Time Taken: 3 sec
2025-12-23 10:33:12,289 - utils.logger2025-12-23-10.31.20 - INFO - learning rate = 0.0005000
2025-12-23 10:33:12,896 - utils.logger2025-12-23-10.31.20 - INFO - Val result of epoch 26 / 40 acc 0.6647 uar 0.6361 f1 0.6399
2025-12-23 10:33:12,896 - utils.logger2025-12-23-10.31.20 - INFO - 
[[ 42   3  17   0]
 [  5  63   8   0]
 [ 23  22 101   3]
 [  2   2  28  18]]
2025-12-23 10:33:13,279 - utils.logger2025-12-23-10.31.20 - INFO - Tst result of epoch 26 / 40 acc 0.7922 uar 0.5316 f1 0.5904
2025-12-23 10:33:13,280 - utils.logger2025-12-23-10.31.20 - INFO - 
[[  4   0   6   1]
 [  0  29  37   1]
 [  1   7 244   8]
 [  0   0  14   9]]
2025-12-23 10:33:13,837 - utils.logger2025-12-23-10.31.20 - INFO - Cur epoch 27 loss TA:0.5032 TV:0.5314 VA:1.0067 CE:0.0477
2025-12-23 10:33:14,363 - utils.logger2025-12-23-10.31.20 - INFO - Cur epoch 27 loss TA:0.6025 TV:0.6011 VA:1.0321 CE:0.0631
2025-12-23 10:33:15,125 - utils.logger2025-12-23-10.31.20 - INFO - Cur epoch 27 loss TA:0.5423 TV:0.5701 VA:1.0303 CE:0.0931
2025-12-23 10:33:15,849 - utils.logger2025-12-23-10.31.20 - INFO - Cur epoch 27 loss TA:0.5389 TV:0.5608 VA:1.0962 CE:0.0225
2025-12-23 10:33:16,240 - utils.logger2025-12-23-10.31.20 - INFO - Cur epoch 27 loss TA:0.5343 TV:0.5607 VA:1.0555 CE:0.0466
2025-12-23 10:33:16,437 - utils.logger2025-12-23-10.31.20 - INFO - saving the model at the end of epoch 27, iters 1323
2025-12-23 10:33:16,548 - utils.logger2025-12-23-10.31.20 - INFO - End of training epoch 27 / 40 	 Time Taken: 3 sec
2025-12-23 10:33:16,548 - utils.logger2025-12-23-10.31.20 - INFO - learning rate = 0.0005000
2025-12-23 10:33:17,230 - utils.logger2025-12-23-10.31.20 - INFO - Val result of epoch 27 / 40 acc 0.6588 uar 0.6441 f1 0.6404
2025-12-23 10:33:17,231 - utils.logger2025-12-23-10.31.20 - INFO - 
[[42  3 17  0]
 [ 4 68  4  0]
 [21 32 93  3]
 [ 2  2 27 19]]
2025-12-23 10:33:17,695 - utils.logger2025-12-23-10.31.20 - INFO - Tst result of epoch 27 / 40 acc 0.7867 uar 0.5716 f1 0.6028
2025-12-23 10:33:17,696 - utils.logger2025-12-23-10.31.20 - INFO - 
[[  4   1   3   3]
 [  0  37  29   1]
 [  1  11 232  16]
 [  0   0  12  11]]
2025-12-23 10:33:18,287 - utils.logger2025-12-23-10.31.20 - INFO - Cur epoch 28 loss TA:0.5461 TV:0.5569 VA:1.0270 CE:0.1380
2025-12-23 10:33:18,778 - utils.logger2025-12-23-10.31.20 - INFO - Cur epoch 28 loss TA:0.5407 TV:0.5689 VA:1.0400 CE:0.0169
2025-12-23 10:33:19,290 - utils.logger2025-12-23-10.31.20 - INFO - Cur epoch 28 loss TA:0.5784 TV:0.6318 VA:1.0527 CE:0.0428
2025-12-23 10:33:19,788 - utils.logger2025-12-23-10.31.20 - INFO - Cur epoch 28 loss TA:0.5459 TV:0.5720 VA:1.0265 CE:0.0719
2025-12-23 10:33:20,311 - utils.logger2025-12-23-10.31.20 - INFO - Cur epoch 28 loss TA:0.5524 TV:0.5613 VA:1.0385 CE:0.3094
2025-12-23 10:33:20,599 - utils.logger2025-12-23-10.31.20 - INFO - saving the model at the end of epoch 28, iters 1372
2025-12-23 10:33:20,756 - utils.logger2025-12-23-10.31.20 - INFO - End of training epoch 28 / 40 	 Time Taken: 3 sec
2025-12-23 10:33:20,756 - utils.logger2025-12-23-10.31.20 - INFO - learning rate = 0.0005000
2025-12-23 10:33:21,797 - utils.logger2025-12-23-10.31.20 - INFO - Val result of epoch 28 / 40 acc 0.5964 uar 0.6000 f1 0.5736
2025-12-23 10:33:21,797 - utils.logger2025-12-23-10.31.20 - INFO - 
[[46  2 14  0]
 [ 5 67  4  0]
 [35 38 74  2]
 [ 7  2 27 14]]
2025-12-23 10:33:22,183 - utils.logger2025-12-23-10.31.20 - INFO - Tst result of epoch 28 / 40 acc 0.8227 uar 0.6696 f1 0.6872
2025-12-23 10:33:22,183 - utils.logger2025-12-23-10.31.20 - INFO - 
[[  8   0   3   0]
 [  0  40  27   0]
 [  4  12 239   5]
 [  1   0  12  10]]
2025-12-23 10:33:22,810 - utils.logger2025-12-23-10.31.20 - INFO - Cur epoch 29 loss TA:0.5504 TV:0.5562 VA:1.0175 CE:0.1044
2025-12-23 10:33:23,320 - utils.logger2025-12-23-10.31.20 - INFO - Cur epoch 29 loss TA:0.5587 TV:0.5836 VA:1.0223 CE:0.0845
2025-12-23 10:33:23,789 - utils.logger2025-12-23-10.31.20 - INFO - Cur epoch 29 loss TA:0.5461 TV:0.5582 VA:1.0241 CE:0.0193
2025-12-23 10:33:24,290 - utils.logger2025-12-23-10.31.20 - INFO - Cur epoch 29 loss TA:0.5375 TV:0.5481 VA:1.0210 CE:0.0419
2025-12-23 10:33:24,822 - utils.logger2025-12-23-10.31.20 - INFO - Cur epoch 29 loss TA:0.5385 TV:0.5541 VA:1.0503 CE:0.1820
2025-12-23 10:33:24,932 - utils.logger2025-12-23-10.31.20 - INFO - saving the model at the end of epoch 29, iters 1421
2025-12-23 10:33:25,047 - utils.logger2025-12-23-10.31.20 - INFO - End of training epoch 29 / 40 	 Time Taken: 2 sec
2025-12-23 10:33:25,047 - utils.logger2025-12-23-10.31.20 - INFO - learning rate = 0.0005000
2025-12-23 10:33:25,745 - utils.logger2025-12-23-10.31.20 - INFO - Val result of epoch 29 / 40 acc 0.6231 uar 0.6041 f1 0.5937
2025-12-23 10:33:25,745 - utils.logger2025-12-23-10.31.20 - INFO - 
[[42  4 16  0]
 [ 5 66  5  0]
 [24 35 88  2]
 [ 2  2 32 14]]
2025-12-23 10:33:26,675 - utils.logger2025-12-23-10.31.20 - INFO - Tst result of epoch 29 / 40 acc 0.8116 uar 0.5723 f1 0.6374
2025-12-23 10:33:26,675 - utils.logger2025-12-23-10.31.20 - INFO - 
[[  5   0   5   1]
 [  0  37  30   0]
 [  1  12 243   4]
 [  0   0  15   8]]
2025-12-23 10:33:27,351 - utils.logger2025-12-23-10.31.20 - INFO - Cur epoch 30 loss TA:0.5402 TV:0.5779 VA:1.0069 CE:0.2061
2025-12-23 10:33:27,809 - utils.logger2025-12-23-10.31.20 - INFO - Cur epoch 30 loss TA:0.5636 TV:0.5684 VA:1.0019 CE:0.0659
2025-12-23 10:33:28,269 - utils.logger2025-12-23-10.31.20 - INFO - Cur epoch 30 loss TA:0.5643 TV:0.5924 VA:1.0355 CE:0.0530
2025-12-23 10:33:28,751 - utils.logger2025-12-23-10.31.20 - INFO - Cur epoch 30 loss TA:0.5371 TV:0.5473 VA:1.0404 CE:0.0661
2025-12-23 10:33:29,290 - utils.logger2025-12-23-10.31.20 - INFO - Cur epoch 30 loss TA:0.4500 TV:0.4599 VA:0.8952 CE:0.1773
2025-12-23 10:33:29,348 - utils.logger2025-12-23-10.31.20 - INFO - saving the model at the end of epoch 30, iters 1470
2025-12-23 10:33:29,465 - utils.logger2025-12-23-10.31.20 - INFO - End of training epoch 30 / 40 	 Time Taken: 2 sec
2025-12-23 10:33:29,465 - utils.logger2025-12-23-10.31.20 - INFO - learning rate = 0.0004545
2025-12-23 10:33:30,257 - utils.logger2025-12-23-10.31.20 - INFO - Val result of epoch 30 / 40 acc 0.5905 uar 0.6081 f1 0.5799
2025-12-23 10:33:30,257 - utils.logger2025-12-23-10.31.20 - INFO - 
[[48  3 11  0]
 [ 8 65  3  0]
 [39 39 69  2]
 [ 6  3 24 17]]
2025-12-23 10:33:30,865 - utils.logger2025-12-23-10.31.20 - INFO - Tst result of epoch 30 / 40 acc 0.8116 uar 0.6167 f1 0.6505
2025-12-23 10:33:30,866 - utils.logger2025-12-23-10.31.20 - INFO - 
[[  6   1   2   2]
 [  0  38  29   0]
 [  2  12 239   7]
 [  1   0  12  10]]
2025-12-23 10:33:31,620 - utils.logger2025-12-23-10.31.20 - INFO - Cur epoch 31 loss TA:0.5229 TV:0.5307 VA:0.9699 CE:0.0162
2025-12-23 10:33:32,131 - utils.logger2025-12-23-10.31.20 - INFO - Cur epoch 31 loss TA:0.5192 TV:0.5484 VA:1.0305 CE:0.0265
2025-12-23 10:33:32,540 - utils.logger2025-12-23-10.31.20 - INFO - Cur epoch 31 loss TA:0.5486 TV:0.5568 VA:1.0370 CE:0.0295
2025-12-23 10:33:32,999 - utils.logger2025-12-23-10.31.20 - INFO - Cur epoch 31 loss TA:0.5425 TV:0.5478 VA:1.0061 CE:0.0041
2025-12-23 10:33:33,476 - utils.logger2025-12-23-10.31.20 - INFO - saving the model at the end of epoch 31, iters 1519
2025-12-23 10:33:33,581 - utils.logger2025-12-23-10.31.20 - INFO - End of training epoch 31 / 40 	 Time Taken: 2 sec
2025-12-23 10:33:33,581 - utils.logger2025-12-23-10.31.20 - INFO - learning rate = 0.0004091
2025-12-23 10:33:34,339 - utils.logger2025-12-23-10.31.20 - INFO - Val result of epoch 31 / 40 acc 0.6588 uar 0.6580 f1 0.6501
2025-12-23 10:33:34,340 - utils.logger2025-12-23-10.31.20 - INFO - 
[[45  2 15  0]
 [ 8 64  4  0]
 [24 28 90  7]
 [ 1  2 24 23]]
2025-12-23 10:33:34,725 - utils.logger2025-12-23-10.31.20 - INFO - Tst result of epoch 31 / 40 acc 0.7839 uar 0.5675 f1 0.5866
2025-12-23 10:33:34,726 - utils.logger2025-12-23-10.31.20 - INFO - 
[[  3   0   5   3]
 [  0  33  33   1]
 [  1   7 233  19]
 [  0   0   9  14]]
2025-12-23 10:33:35,310 - utils.logger2025-12-23-10.31.20 - INFO - Cur epoch 32 loss TA:0.5340 TV:0.5477 VA:0.9855 CE:0.0193
2025-12-23 10:33:35,773 - utils.logger2025-12-23-10.31.20 - INFO - Cur epoch 32 loss TA:0.5046 TV:0.5152 VA:0.9816 CE:0.0741
2025-12-23 10:33:36,225 - utils.logger2025-12-23-10.31.20 - INFO - Cur epoch 32 loss TA:0.5139 TV:0.5288 VA:0.9910 CE:0.0373
2025-12-23 10:33:36,627 - utils.logger2025-12-23-10.31.20 - INFO - Cur epoch 32 loss TA:0.5398 TV:0.5733 VA:1.0096 CE:0.0153
2025-12-23 10:33:37,021 - utils.logger2025-12-23-10.31.20 - INFO - Cur epoch 32 loss TA:0.5432 TV:0.5549 VA:0.9805 CE:0.0234
2025-12-23 10:33:37,403 - utils.logger2025-12-23-10.31.20 - INFO - saving the model at the end of epoch 32, iters 1568
2025-12-23 10:33:37,515 - utils.logger2025-12-23-10.31.20 - INFO - End of training epoch 32 / 40 	 Time Taken: 2 sec
2025-12-23 10:33:37,515 - utils.logger2025-12-23-10.31.20 - INFO - learning rate = 0.0003636
2025-12-23 10:33:38,000 - utils.logger2025-12-23-10.31.20 - INFO - Val result of epoch 32 / 40 acc 0.6261 uar 0.6510 f1 0.6333
2025-12-23 10:33:38,000 - utils.logger2025-12-23-10.31.20 - INFO - 
[[45  3 14  0]
 [ 6 67  3  0]
 [29 43 74  3]
 [ 2  3 20 25]]
2025-12-23 10:33:38,355 - utils.logger2025-12-23-10.31.20 - INFO - Tst result of epoch 32 / 40 acc 0.7950 uar 0.6098 f1 0.6349
2025-12-23 10:33:38,356 - utils.logger2025-12-23-10.31.20 - INFO - 
[[  4   0   4   3]
 [  0  39  27   1]
 [  0  13 230  17]
 [  0   0   9  14]]
2025-12-23 10:33:38,726 - utils.logger2025-12-23-10.31.20 - INFO - Cur epoch 33 loss TA:0.5036 TV:0.5078 VA:0.9832 CE:0.0215
2025-12-23 10:33:39,219 - utils.logger2025-12-23-10.31.20 - INFO - Cur epoch 33 loss TA:0.5230 TV:0.5406 VA:0.9965 CE:0.1049
2025-12-23 10:33:39,728 - utils.logger2025-12-23-10.31.20 - INFO - Cur epoch 33 loss TA:0.5302 TV:0.5443 VA:0.9854 CE:0.0050
2025-12-23 10:33:40,247 - utils.logger2025-12-23-10.31.20 - INFO - Cur epoch 33 loss TA:0.5436 TV:0.5639 VA:1.0313 CE:0.0078
2025-12-23 10:33:40,644 - utils.logger2025-12-23-10.31.20 - INFO - Cur epoch 33 loss TA:0.5334 TV:0.5496 VA:1.0142 CE:0.0118
2025-12-23 10:33:40,964 - utils.logger2025-12-23-10.31.20 - INFO - saving the model at the end of epoch 33, iters 1617
2025-12-23 10:33:41,072 - utils.logger2025-12-23-10.31.20 - INFO - End of training epoch 33 / 40 	 Time Taken: 2 sec
2025-12-23 10:33:41,072 - utils.logger2025-12-23-10.31.20 - INFO - learning rate = 0.0003182
2025-12-23 10:33:41,839 - utils.logger2025-12-23-10.31.20 - INFO - Val result of epoch 33 / 40 acc 0.5697 uar 0.5938 f1 0.5363
2025-12-23 10:33:41,839 - utils.logger2025-12-23-10.31.20 - INFO - 
[[54  3  5  0]
 [ 7 67  2  0]
 [42 44 60  3]
 [12  5 22 11]]
2025-12-23 10:33:42,202 - utils.logger2025-12-23-10.31.20 - INFO - Tst result of epoch 33 / 40 acc 0.8089 uar 0.6612 f1 0.6567
2025-12-23 10:33:42,202 - utils.logger2025-12-23-10.31.20 - INFO - 
[[  7   0   3   1]
 [  0  43  23   1]
 [  7  14 231   8]
 [  0   0  12  11]]
2025-12-23 10:33:42,612 - utils.logger2025-12-23-10.31.20 - INFO - Cur epoch 34 loss TA:0.4978 TV:0.5044 VA:0.9657 CE:0.0441
2025-12-23 10:33:43,039 - utils.logger2025-12-23-10.31.20 - INFO - Cur epoch 34 loss TA:0.5202 TV:0.5247 VA:1.0170 CE:0.0328
2025-12-23 10:33:43,423 - utils.logger2025-12-23-10.31.20 - INFO - Cur epoch 34 loss TA:0.4986 TV:0.5168 VA:0.9749 CE:0.0311
2025-12-23 10:33:43,819 - utils.logger2025-12-23-10.31.20 - INFO - Cur epoch 34 loss TA:0.5446 TV:0.5603 VA:0.9665 CE:0.0088
2025-12-23 10:33:44,266 - utils.logger2025-12-23-10.31.20 - INFO - Cur epoch 34 loss TA:0.5093 TV:0.5297 VA:0.9627 CE:0.0879
2025-12-23 10:33:44,603 - utils.logger2025-12-23-10.31.20 - INFO - saving the model at the end of epoch 34, iters 1666
2025-12-23 10:33:44,717 - utils.logger2025-12-23-10.31.20 - INFO - End of training epoch 34 / 40 	 Time Taken: 2 sec
2025-12-23 10:33:44,717 - utils.logger2025-12-23-10.31.20 - INFO - learning rate = 0.0002727
2025-12-23 10:33:45,166 - utils.logger2025-12-23-10.31.20 - INFO - Val result of epoch 34 / 40 acc 0.5668 uar 0.6166 f1 0.5672
2025-12-23 10:33:45,167 - utils.logger2025-12-23-10.31.20 - INFO - 
[[51  3  8  0]
 [ 6 68  2  0]
 [43 51 52  3]
 [10  7 13 20]]
2025-12-23 10:33:45,965 - utils.logger2025-12-23-10.31.20 - INFO - Tst result of epoch 34 / 40 acc 0.7701 uar 0.6324 f1 0.6010
2025-12-23 10:33:45,965 - utils.logger2025-12-23-10.31.20 - INFO - 
[[  5   2   1   3]
 [  1  46  19   1]
 [  8  27 214  11]
 [  0   1   9  13]]
2025-12-23 10:33:47,272 - utils.logger2025-12-23-10.31.20 - INFO - Cur epoch 35 loss TA:0.5163 TV:0.5129 VA:0.9742 CE:0.0131
2025-12-23 10:33:47,876 - utils.logger2025-12-23-10.31.20 - INFO - Cur epoch 35 loss TA:0.5283 TV:0.5383 VA:0.9709 CE:0.1386
2025-12-23 10:33:48,434 - utils.logger2025-12-23-10.31.20 - INFO - Cur epoch 35 loss TA:0.5189 TV:0.5239 VA:0.9618 CE:0.0085
2025-12-23 10:33:48,974 - utils.logger2025-12-23-10.31.20 - INFO - Cur epoch 35 loss TA:0.5035 TV:0.5289 VA:0.9598 CE:0.0377
2025-12-23 10:33:49,491 - utils.logger2025-12-23-10.31.20 - INFO - Cur epoch 35 loss TA:0.4987 TV:0.5075 VA:1.0009 CE:0.0463
2025-12-23 10:33:49,787 - utils.logger2025-12-23-10.31.20 - INFO - saving the model at the end of epoch 35, iters 1715
2025-12-23 10:33:49,914 - utils.logger2025-12-23-10.31.20 - INFO - End of training epoch 35 / 40 	 Time Taken: 3 sec
2025-12-23 10:33:49,914 - utils.logger2025-12-23-10.31.20 - INFO - learning rate = 0.0002273
2025-12-23 10:33:50,672 - utils.logger2025-12-23-10.31.20 - INFO - Val result of epoch 35 / 40 acc 0.6320 uar 0.6516 f1 0.6309
2025-12-23 10:33:50,672 - utils.logger2025-12-23-10.31.20 - INFO - 
[[46  4 12  0]
 [ 4 70  2  0]
 [27 44 75  3]
 [ 3  2 23 22]]
2025-12-23 10:33:51,309 - utils.logger2025-12-23-10.31.20 - INFO - Tst result of epoch 35 / 40 acc 0.7895 uar 0.6466 f1 0.6454
2025-12-23 10:33:51,309 - utils.logger2025-12-23-10.31.20 - INFO - 
[[  5   2   1   3]
 [  0  38  28   1]
 [  2  16 226  16]
 [  0   0   7  16]]
2025-12-23 10:33:51,969 - utils.logger2025-12-23-10.31.20 - INFO - Cur epoch 36 loss TA:0.4949 TV:0.5160 VA:0.9910 CE:0.0248
2025-12-23 10:33:52,429 - utils.logger2025-12-23-10.31.20 - INFO - Cur epoch 36 loss TA:0.4954 TV:0.5139 VA:0.9518 CE:0.0231
2025-12-23 10:33:52,839 - utils.logger2025-12-23-10.31.20 - INFO - Cur epoch 36 loss TA:0.5193 TV:0.5356 VA:0.9702 CE:0.0245
2025-12-23 10:33:53,339 - utils.logger2025-12-23-10.31.20 - INFO - Cur epoch 36 loss TA:0.5316 TV:0.5361 VA:1.0048 CE:0.0050
2025-12-23 10:33:53,872 - utils.logger2025-12-23-10.31.20 - INFO - Cur epoch 36 loss TA:0.4905 TV:0.4952 VA:0.9681 CE:0.0066
2025-12-23 10:33:54,139 - utils.logger2025-12-23-10.31.20 - INFO - saving the model at the end of epoch 36, iters 1764
2025-12-23 10:33:54,262 - utils.logger2025-12-23-10.31.20 - INFO - End of training epoch 36 / 40 	 Time Taken: 2 sec
2025-12-23 10:33:54,262 - utils.logger2025-12-23-10.31.20 - INFO - learning rate = 0.0001818
2025-12-23 10:33:54,734 - utils.logger2025-12-23-10.31.20 - INFO - Val result of epoch 36 / 40 acc 0.6231 uar 0.6398 f1 0.6172
2025-12-23 10:33:54,734 - utils.logger2025-12-23-10.31.20 - INFO - 
[[48  3 11  0]
 [ 6 67  3  0]
 [32 39 75  3]
 [ 4  2 24 20]]
2025-12-23 10:33:55,267 - utils.logger2025-12-23-10.31.20 - INFO - Tst result of epoch 36 / 40 acc 0.7950 uar 0.6533 f1 0.6452
2025-12-23 10:33:55,268 - utils.logger2025-12-23-10.31.20 - INFO - 
[[  6   0   2   3]
 [  0  39  27   1]
 [  5  14 228  13]
 [  0   0   9  14]]
2025-12-23 10:33:55,833 - utils.logger2025-12-23-10.31.20 - INFO - Cur epoch 37 loss TA:0.5089 TV:0.5156 VA:0.9476 CE:0.0151
2025-12-23 10:33:56,351 - utils.logger2025-12-23-10.31.20 - INFO - Cur epoch 37 loss TA:0.5097 TV:0.5133 VA:0.9900 CE:0.0415
2025-12-23 10:33:56,842 - utils.logger2025-12-23-10.31.20 - INFO - Cur epoch 37 loss TA:0.5407 TV:0.5345 VA:0.9827 CE:0.0055
2025-12-23 10:33:57,229 - utils.logger2025-12-23-10.31.20 - INFO - Cur epoch 37 loss TA:0.4875 TV:0.4982 VA:0.9513 CE:0.0028
2025-12-23 10:33:57,685 - utils.logger2025-12-23-10.31.20 - INFO - Cur epoch 37 loss TA:0.4920 TV:0.5023 VA:0.9460 CE:0.0062
2025-12-23 10:33:57,900 - utils.logger2025-12-23-10.31.20 - INFO - saving the model at the end of epoch 37, iters 1813
2025-12-23 10:33:58,020 - utils.logger2025-12-23-10.31.20 - INFO - End of training epoch 37 / 40 	 Time Taken: 2 sec
2025-12-23 10:33:58,021 - utils.logger2025-12-23-10.31.20 - INFO - learning rate = 0.0001364
2025-12-23 10:33:58,558 - utils.logger2025-12-23-10.31.20 - INFO - Val result of epoch 37 / 40 acc 0.6380 uar 0.6290 f1 0.6252
2025-12-23 10:33:58,559 - utils.logger2025-12-23-10.31.20 - INFO - 
[[46  3 13  0]
 [10 58  8  0]
 [30 25 91  3]
 [ 3  2 25 20]]
2025-12-23 10:33:58,915 - utils.logger2025-12-23-10.31.20 - INFO - Tst result of epoch 37 / 40 acc 0.8006 uar 0.5978 f1 0.6229
2025-12-23 10:33:58,915 - utils.logger2025-12-23-10.31.20 - INFO - 
[[  4   0   4   3]
 [  0  34  32   1]
 [  2   9 237  12]
 [  0   0   9  14]]
2025-12-23 10:33:59,546 - utils.logger2025-12-23-10.31.20 - INFO - Cur epoch 38 loss TA:0.4906 TV:0.5077 VA:0.9502 CE:0.0313
2025-12-23 10:34:00,114 - utils.logger2025-12-23-10.31.20 - INFO - Cur epoch 38 loss TA:0.5065 TV:0.5157 VA:0.9295 CE:0.0032
2025-12-23 10:34:00,633 - utils.logger2025-12-23-10.31.20 - INFO - Cur epoch 38 loss TA:0.5021 TV:0.5111 VA:0.9765 CE:0.0087
2025-12-23 10:34:01,337 - utils.logger2025-12-23-10.31.20 - INFO - Cur epoch 38 loss TA:0.5197 TV:0.5335 VA:1.0023 CE:0.0058
2025-12-23 10:34:02,041 - utils.logger2025-12-23-10.31.20 - INFO - Cur epoch 38 loss TA:0.5194 TV:0.5358 VA:0.9546 CE:0.0285
2025-12-23 10:34:02,198 - utils.logger2025-12-23-10.31.20 - INFO - saving the model at the end of epoch 38, iters 1862
2025-12-23 10:34:02,378 - utils.logger2025-12-23-10.31.20 - INFO - End of training epoch 38 / 40 	 Time Taken: 3 sec
2025-12-23 10:34:02,378 - utils.logger2025-12-23-10.31.20 - INFO - learning rate = 0.0000909
2025-12-23 10:34:03,157 - utils.logger2025-12-23-10.31.20 - INFO - Val result of epoch 38 / 40 acc 0.6231 uar 0.6120 f1 0.5967
2025-12-23 10:34:03,157 - utils.logger2025-12-23-10.31.20 - INFO - 
[[46  3 13  0]
 [ 8 63  5  0]
 [28 32 86  3]
 [ 5  2 28 15]]
2025-12-23 10:34:03,859 - utils.logger2025-12-23-10.31.20 - INFO - Tst result of epoch 38 / 40 acc 0.8061 uar 0.5502 f1 0.6035
2025-12-23 10:34:03,859 - utils.logger2025-12-23-10.31.20 - INFO - 
[[  4   0   5   2]
 [  0  34  33   0]
 [  3   9 244   4]
 [  0   0  14   9]]
2025-12-23 10:34:04,853 - utils.logger2025-12-23-10.31.20 - INFO - Cur epoch 39 loss TA:0.5062 TV:0.5200 VA:0.9410 CE:0.0015
2025-12-23 10:34:05,328 - utils.logger2025-12-23-10.31.20 - INFO - Cur epoch 39 loss TA:0.4858 TV:0.4805 VA:0.9581 CE:0.0031
2025-12-23 10:34:05,800 - utils.logger2025-12-23-10.31.20 - INFO - Cur epoch 39 loss TA:0.4709 TV:0.4964 VA:0.9617 CE:0.0012
2025-12-23 10:34:06,207 - utils.logger2025-12-23-10.31.20 - INFO - Cur epoch 39 loss TA:0.5104 TV:0.5195 VA:0.9632 CE:0.0026
2025-12-23 10:34:06,634 - utils.logger2025-12-23-10.31.20 - INFO - Cur epoch 39 loss TA:0.4868 TV:0.5008 VA:0.9084 CE:0.0137
2025-12-23 10:34:06,739 - utils.logger2025-12-23-10.31.20 - INFO - saving the model at the end of epoch 39, iters 1911
2025-12-23 10:34:06,867 - utils.logger2025-12-23-10.31.20 - INFO - End of training epoch 39 / 40 	 Time Taken: 3 sec
2025-12-23 10:34:06,868 - utils.logger2025-12-23-10.31.20 - INFO - learning rate = 0.0000455
2025-12-23 10:34:07,402 - utils.logger2025-12-23-10.31.20 - INFO - Val result of epoch 39 / 40 acc 0.6202 uar 0.6292 f1 0.6098
2025-12-23 10:34:07,402 - utils.logger2025-12-23-10.31.20 - INFO - 
[[47  3 12  0]
 [ 8 65  3  0]
 [30 38 78  3]
 [ 5  2 24 19]]
2025-12-23 10:34:08,246 - utils.logger2025-12-23-10.31.20 - INFO - Tst result of epoch 39 / 40 acc 0.8061 uar 0.6108 f1 0.6309
2025-12-23 10:34:08,246 - utils.logger2025-12-23-10.31.20 - INFO - 
[[  4   0   4   3]
 [  0  38  29   0]
 [  4  13 235   8]
 [  0   0   9  14]]
2025-12-23 10:34:09,709 - utils.logger2025-12-23-10.31.20 - INFO - Cur epoch 40 loss TA:0.5342 TV:0.5461 VA:1.0061 CE:0.0022
2025-12-23 10:34:10,209 - utils.logger2025-12-23-10.31.20 - INFO - Cur epoch 40 loss TA:0.4810 TV:0.4908 VA:0.9203 CE:0.0189
2025-12-23 10:34:10,691 - utils.logger2025-12-23-10.31.20 - INFO - Cur epoch 40 loss TA:0.4872 TV:0.5022 VA:0.9269 CE:0.0020
2025-12-23 10:34:11,171 - utils.logger2025-12-23-10.31.20 - INFO - Cur epoch 40 loss TA:0.5043 TV:0.5215 VA:0.9542 CE:0.0309
2025-12-23 10:34:11,679 - utils.logger2025-12-23-10.31.20 - INFO - Cur epoch 40 loss TA:0.4600 TV:0.4712 VA:0.8065 CE:0.0193
2025-12-23 10:34:11,725 - utils.logger2025-12-23-10.31.20 - INFO - saving the model at the end of epoch 40, iters 1960
2025-12-23 10:34:11,846 - utils.logger2025-12-23-10.31.20 - INFO - End of training epoch 40 / 40 	 Time Taken: 3 sec
2025-12-23 10:34:11,847 - utils.logger2025-12-23-10.31.20 - INFO - learning rate = 0.0000000
2025-12-23 10:34:12,608 - utils.logger2025-12-23-10.31.20 - INFO - Val result of epoch 40 / 40 acc 0.6291 uar 0.6373 f1 0.6163
2025-12-23 10:34:12,608 - utils.logger2025-12-23-10.31.20 - INFO - 
[[49  3 10  0]
 [ 9 64  3  0]
 [32 34 80  3]
 [ 7  2 22 19]]
2025-12-23 10:34:13,096 - utils.logger2025-12-23-10.31.20 - INFO - Tst result of epoch 40 / 40 acc 0.8033 uar 0.6269 f1 0.6315
2025-12-23 10:34:13,096 - utils.logger2025-12-23-10.31.20 - INFO - 
[[  4   0   4   3]
 [  0  37  29   1]
 [  4  12 233  11]
 [  0   0   7  16]]
2025-12-23 10:34:13,096 - utils.logger2025-12-23-10.31.20 - INFO - Best eval epoch 28 found with f1 0.687200
