2025-12-23 10:39:19,806 - utils.logger2025-12-23-10.39.19 - INFO - The number of training samples = 4500
2025-12-23 10:39:21,334 - utils.logger2025-12-23-10.39.19 - INFO - Cur epoch 1 loss TA:1.0334 TV:1.0316 VA:2.0714 CE:1.9180
2025-12-23 10:39:21,709 - utils.logger2025-12-23-10.39.19 - INFO - Cur epoch 1 loss TA:1.0312 TV:1.0268 VA:2.0495 CE:1.7063
2025-12-23 10:39:22,110 - utils.logger2025-12-23-10.39.19 - INFO - Cur epoch 1 loss TA:1.0135 TV:1.0106 VA:2.0287 CE:1.5416
2025-12-23 10:39:22,505 - utils.logger2025-12-23-10.39.19 - INFO - Cur epoch 1 loss TA:1.0121 TV:0.9968 VA:2.0017 CE:1.4327
2025-12-23 10:39:22,899 - utils.logger2025-12-23-10.39.19 - INFO - Cur epoch 1 loss TA:0.9920 TV:0.9751 VA:1.9784 CE:1.3798
2025-12-23 10:39:23,284 - utils.logger2025-12-23-10.39.19 - INFO - Cur epoch 1 loss TA:0.9972 TV:0.9847 VA:1.9279 CE:1.2736
2025-12-23 10:39:23,668 - utils.logger2025-12-23-10.39.19 - INFO - Cur epoch 1 loss TA:0.9619 TV:0.9793 VA:1.8915 CE:1.4307
2025-12-23 10:39:23,767 - utils.logger2025-12-23-10.39.19 - INFO - saving the model at the end of epoch 1, iters 71
2025-12-23 10:39:23,865 - utils.logger2025-12-23-10.39.19 - INFO - End of training epoch 1 / 40 	 Time Taken: 3 sec
2025-12-23 10:39:23,866 - utils.logger2025-12-23-10.39.19 - INFO - learning rate = 0.0002000
2025-12-23 10:39:24,494 - utils.logger2025-12-23-10.39.19 - INFO - Val result of epoch 1 / 40 acc 0.4632 uar 0.4099 f1 0.3796
2025-12-23 10:39:24,495 - utils.logger2025-12-23-10.39.19 - INFO - 
[[ 14  43  63   2]
 [  1  78  35   4]
 [  3  47 128   4]
 [  0  27  41  13]]
2025-12-23 10:39:25,238 - utils.logger2025-12-23-10.39.19 - INFO - Tst result of epoch 1 / 40 acc 0.4432 uar 0.4286 f1 0.3580
2025-12-23 10:39:25,238 - utils.logger2025-12-23-10.39.19 - INFO - 
[[ 34  99  70   2]
 [  3 142  37   3]
 [  0  22  52   2]
 [  0  24  32   6]]
2025-12-23 10:39:26,195 - utils.logger2025-12-23-10.39.19 - INFO - Cur epoch 2 loss TA:0.9510 TV:0.9430 VA:1.8744 CE:1.3104
2025-12-23 10:39:26,678 - utils.logger2025-12-23-10.39.19 - INFO - Cur epoch 2 loss TA:0.9539 TV:0.9604 VA:1.8252 CE:1.2438
2025-12-23 10:39:27,258 - utils.logger2025-12-23-10.39.19 - INFO - Cur epoch 2 loss TA:0.9489 TV:0.9372 VA:1.7925 CE:1.2788
2025-12-23 10:39:27,844 - utils.logger2025-12-23-10.39.19 - INFO - Cur epoch 2 loss TA:0.9349 TV:0.9648 VA:1.8184 CE:1.2258
2025-12-23 10:39:28,385 - utils.logger2025-12-23-10.39.19 - INFO - Cur epoch 2 loss TA:0.9518 TV:0.9440 VA:1.7879 CE:1.1524
2025-12-23 10:39:28,933 - utils.logger2025-12-23-10.39.19 - INFO - Cur epoch 2 loss TA:0.9283 TV:0.9352 VA:1.7830 CE:0.9924
2025-12-23 10:39:29,589 - utils.logger2025-12-23-10.39.19 - INFO - Cur epoch 2 loss TA:0.9323 TV:0.9403 VA:1.7756 CE:1.0119
2025-12-23 10:39:29,906 - utils.logger2025-12-23-10.39.19 - INFO - saving the model at the end of epoch 2, iters 142
2025-12-23 10:39:30,074 - utils.logger2025-12-23-10.39.19 - INFO - End of training epoch 2 / 40 	 Time Taken: 4 sec
2025-12-23 10:39:30,074 - utils.logger2025-12-23-10.39.19 - INFO - learning rate = 0.0002000
2025-12-23 10:39:31,071 - utils.logger2025-12-23-10.39.19 - INFO - Val result of epoch 2 / 40 acc 0.5487 uar 0.4853 f1 0.5013
2025-12-23 10:39:31,072 - utils.logger2025-12-23-10.39.19 - INFO - 
[[ 55   8  59   0]
 [ 21  49  44   4]
 [  9  15 153   5]
 [  1   1  60  19]]
2025-12-23 10:39:31,882 - utils.logger2025-12-23-10.39.19 - INFO - Tst result of epoch 2 / 40 acc 0.6648 uar 0.6062 f1 0.5885
2025-12-23 10:39:31,882 - utils.logger2025-12-23-10.39.19 - INFO - 
[[128  28  47   2]
 [ 22 152  11   0]
 [  6  10  56   4]
 [  1  10  36  15]]
2025-12-23 10:39:32,727 - utils.logger2025-12-23-10.39.19 - INFO - Cur epoch 3 loss TA:0.8898 TV:0.9146 VA:1.7067 CE:1.0634
2025-12-23 10:39:33,240 - utils.logger2025-12-23-10.39.19 - INFO - Cur epoch 3 loss TA:0.8923 TV:0.9078 VA:1.6976 CE:1.1815
2025-12-23 10:39:33,741 - utils.logger2025-12-23-10.39.19 - INFO - Cur epoch 3 loss TA:0.9192 TV:0.9298 VA:1.7388 CE:0.8660
2025-12-23 10:39:34,185 - utils.logger2025-12-23-10.39.19 - INFO - Cur epoch 3 loss TA:0.8794 TV:0.9276 VA:1.7484 CE:1.0090
2025-12-23 10:39:34,641 - utils.logger2025-12-23-10.39.19 - INFO - Cur epoch 3 loss TA:0.8860 TV:0.9180 VA:1.7164 CE:0.9877
2025-12-23 10:39:35,624 - utils.logger2025-12-23-10.39.19 - INFO - Cur epoch 3 loss TA:0.8746 TV:0.9274 VA:1.7287 CE:0.8404
2025-12-23 10:39:36,041 - utils.logger2025-12-23-10.39.19 - INFO - Cur epoch 3 loss TA:0.9128 TV:0.9328 VA:1.7065 CE:0.8060
2025-12-23 10:39:36,207 - utils.logger2025-12-23-10.39.19 - INFO - saving the model at the end of epoch 3, iters 213
2025-12-23 10:39:36,317 - utils.logger2025-12-23-10.39.19 - INFO - End of training epoch 3 / 40 	 Time Taken: 4 sec
2025-12-23 10:39:36,317 - utils.logger2025-12-23-10.39.19 - INFO - learning rate = 0.0002000
2025-12-23 10:39:36,767 - utils.logger2025-12-23-10.39.19 - INFO - Val result of epoch 3 / 40 acc 0.6223 uar 0.6019 f1 0.5904
2025-12-23 10:39:36,767 - utils.logger2025-12-23-10.39.19 - INFO - 
[[ 82   5  33   2]
 [ 28  30  41  19]
 [ 15   5 146  16]
 [  0   0  26  55]]
2025-12-23 10:39:37,363 - utils.logger2025-12-23-10.39.19 - INFO - Tst result of epoch 3 / 40 acc 0.7519 uar 0.7499 f1 0.7365
2025-12-23 10:39:37,364 - utils.logger2025-12-23-10.39.19 - INFO - 
[[166  12  24   3]
 [ 36 128  15   6]
 [  7   9  55   5]
 [  0   5   9  48]]
2025-12-23 10:39:38,013 - utils.logger2025-12-23-10.39.19 - INFO - Cur epoch 4 loss TA:0.8318 TV:0.8684 VA:1.6524 CE:0.7741
2025-12-23 10:39:38,559 - utils.logger2025-12-23-10.39.19 - INFO - Cur epoch 4 loss TA:0.8550 TV:0.8837 VA:1.6514 CE:0.8724
2025-12-23 10:39:39,044 - utils.logger2025-12-23-10.39.19 - INFO - Cur epoch 4 loss TA:0.8568 TV:0.9026 VA:1.6082 CE:0.6537
2025-12-23 10:39:39,698 - utils.logger2025-12-23-10.39.19 - INFO - Cur epoch 4 loss TA:0.8545 TV:0.8794 VA:1.5906 CE:0.6777
2025-12-23 10:39:40,599 - utils.logger2025-12-23-10.39.19 - INFO - Cur epoch 4 loss TA:0.8473 TV:0.8927 VA:1.6418 CE:0.9053
2025-12-23 10:39:41,003 - utils.logger2025-12-23-10.39.19 - INFO - Cur epoch 4 loss TA:0.8745 TV:0.9081 VA:1.6161 CE:0.8653
2025-12-23 10:39:41,499 - utils.logger2025-12-23-10.39.19 - INFO - Cur epoch 4 loss TA:0.8581 TV:0.8468 VA:1.5769 CE:0.6993
2025-12-23 10:39:41,783 - utils.logger2025-12-23-10.39.19 - INFO - saving the model at the end of epoch 4, iters 284
2025-12-23 10:39:41,898 - utils.logger2025-12-23-10.39.19 - INFO - End of training epoch 4 / 40 	 Time Taken: 4 sec
2025-12-23 10:39:41,898 - utils.logger2025-12-23-10.39.19 - INFO - learning rate = 0.0002000
2025-12-23 10:39:42,408 - utils.logger2025-12-23-10.39.19 - INFO - Val result of epoch 4 / 40 acc 0.6382 uar 0.6717 f1 0.6399
2025-12-23 10:39:42,409 - utils.logger2025-12-23-10.39.19 - INFO - 
[[107   6   9   0]
 [ 32  61   9  16]
 [ 51  17  87  27]
 [  5   0  10  66]]
2025-12-23 10:39:42,776 - utils.logger2025-12-23-10.39.19 - INFO - Tst result of epoch 4 / 40 acc 0.7803 uar 0.7271 f1 0.7359
2025-12-23 10:39:42,776 - utils.logger2025-12-23-10.39.19 - INFO - 
[[182  14   7   2]
 [ 29 147   5   4]
 [ 17  10  38  11]
 [  1  10   6  45]]
2025-12-23 10:39:43,303 - utils.logger2025-12-23-10.39.19 - INFO - Cur epoch 5 loss TA:0.7886 TV:0.8510 VA:1.5746 CE:0.7625
2025-12-23 10:39:43,925 - utils.logger2025-12-23-10.39.19 - INFO - Cur epoch 5 loss TA:0.8132 TV:0.8462 VA:1.5691 CE:0.6042
2025-12-23 10:39:44,870 - utils.logger2025-12-23-10.39.19 - INFO - Cur epoch 5 loss TA:0.7951 TV:0.8305 VA:1.5147 CE:0.8064
2025-12-23 10:39:45,324 - utils.logger2025-12-23-10.39.19 - INFO - Cur epoch 5 loss TA:0.8097 TV:0.8336 VA:1.5195 CE:0.6086
2025-12-23 10:39:45,870 - utils.logger2025-12-23-10.39.19 - INFO - Cur epoch 5 loss TA:0.8176 TV:0.8273 VA:1.5941 CE:0.7677
2025-12-23 10:39:46,488 - utils.logger2025-12-23-10.39.19 - INFO - Cur epoch 5 loss TA:0.8237 TV:0.8522 VA:1.5736 CE:0.6657
2025-12-23 10:39:47,089 - utils.logger2025-12-23-10.39.19 - INFO - Cur epoch 5 loss TA:0.8084 TV:0.8363 VA:1.5555 CE:0.6253
2025-12-23 10:39:47,405 - utils.logger2025-12-23-10.39.19 - INFO - saving the model at the end of epoch 5, iters 355
2025-12-23 10:39:47,514 - utils.logger2025-12-23-10.39.19 - INFO - End of training epoch 5 / 40 	 Time Taken: 4 sec
2025-12-23 10:39:47,514 - utils.logger2025-12-23-10.39.19 - INFO - learning rate = 0.0002000
2025-12-23 10:39:47,858 - utils.logger2025-12-23-10.39.19 - INFO - Val result of epoch 5 / 40 acc 0.6938 uar 0.7083 f1 0.6956
2025-12-23 10:39:47,858 - utils.logger2025-12-23-10.39.19 - INFO - 
[[ 97   5  20   0]
 [ 21  63  19  15]
 [ 28  18 121  15]
 [  1   0  12  68]]
2025-12-23 10:39:48,197 - utils.logger2025-12-23-10.39.19 - INFO - Tst result of epoch 5 / 40 acc 0.7898 uar 0.7630 f1 0.7564
2025-12-23 10:39:48,197 - utils.logger2025-12-23-10.39.19 - INFO - 
[[174   9  19   3]
 [ 24 147  10   4]
 [ 10   9  47  10]
 [  1   5   7  49]]
2025-12-23 10:39:49,312 - utils.logger2025-12-23-10.39.19 - INFO - Cur epoch 6 loss TA:0.7777 TV:0.8301 VA:1.5093 CE:0.6415
2025-12-23 10:39:49,708 - utils.logger2025-12-23-10.39.19 - INFO - Cur epoch 6 loss TA:0.8029 TV:0.7991 VA:1.4891 CE:0.7116
2025-12-23 10:39:50,131 - utils.logger2025-12-23-10.39.19 - INFO - Cur epoch 6 loss TA:0.7914 TV:0.8438 VA:1.5999 CE:0.7806
2025-12-23 10:39:50,605 - utils.logger2025-12-23-10.39.19 - INFO - Cur epoch 6 loss TA:0.7983 TV:0.8563 VA:1.5618 CE:0.5809
2025-12-23 10:39:51,084 - utils.logger2025-12-23-10.39.19 - INFO - Cur epoch 6 loss TA:0.7733 TV:0.7947 VA:1.4334 CE:0.6485
2025-12-23 10:39:51,575 - utils.logger2025-12-23-10.39.19 - INFO - Cur epoch 6 loss TA:0.7932 TV:0.7986 VA:1.5412 CE:0.4610
2025-12-23 10:39:52,074 - utils.logger2025-12-23-10.39.19 - INFO - Cur epoch 6 loss TA:0.8098 TV:0.8379 VA:1.5221 CE:0.6001
2025-12-23 10:39:52,433 - utils.logger2025-12-23-10.39.19 - INFO - saving the model at the end of epoch 6, iters 426
2025-12-23 10:39:52,546 - utils.logger2025-12-23-10.39.19 - INFO - End of training epoch 6 / 40 	 Time Taken: 4 sec
2025-12-23 10:39:52,546 - utils.logger2025-12-23-10.39.19 - INFO - learning rate = 0.0002000
2025-12-23 10:39:53,196 - utils.logger2025-12-23-10.39.19 - INFO - Val result of epoch 6 / 40 acc 0.6958 uar 0.6961 f1 0.6918
2025-12-23 10:39:53,197 - utils.logger2025-12-23-10.39.19 - INFO - 
[[ 97   3  22   0]
 [ 26  54  24  14]
 [ 30   8 135   9]
 [  1   0  16  64]]
2025-12-23 10:39:53,814 - utils.logger2025-12-23-10.39.19 - INFO - Tst result of epoch 6 / 40 acc 0.7879 uar 0.7703 f1 0.7640
2025-12-23 10:39:53,814 - utils.logger2025-12-23-10.39.19 - INFO - 
[[182   2  19   2]
 [ 33 133  14   5]
 [ 11   8  52   5]
 [  1   4   8  49]]
2025-12-23 10:39:54,267 - utils.logger2025-12-23-10.39.19 - INFO - Cur epoch 7 loss TA:0.7841 TV:0.8128 VA:1.5031 CE:0.4353
2025-12-23 10:39:54,762 - utils.logger2025-12-23-10.39.19 - INFO - Cur epoch 7 loss TA:0.7358 TV:0.7810 VA:1.4706 CE:0.4522
2025-12-23 10:39:55,308 - utils.logger2025-12-23-10.39.19 - INFO - Cur epoch 7 loss TA:0.8132 TV:0.8313 VA:1.5223 CE:0.4854
2025-12-23 10:39:55,833 - utils.logger2025-12-23-10.39.19 - INFO - Cur epoch 7 loss TA:0.7356 TV:0.7649 VA:1.4584 CE:0.4621
2025-12-23 10:39:56,392 - utils.logger2025-12-23-10.39.19 - INFO - Cur epoch 7 loss TA:0.7525 TV:0.8094 VA:1.4921 CE:0.4839
2025-12-23 10:39:56,937 - utils.logger2025-12-23-10.39.19 - INFO - Cur epoch 7 loss TA:0.7887 TV:0.8270 VA:1.5366 CE:0.3251
2025-12-23 10:39:57,833 - utils.logger2025-12-23-10.39.19 - INFO - Cur epoch 7 loss TA:0.7568 TV:0.8073 VA:1.4987 CE:0.4505
2025-12-23 10:39:58,297 - utils.logger2025-12-23-10.39.19 - INFO - saving the model at the end of epoch 7, iters 497
2025-12-23 10:39:58,386 - utils.logger2025-12-23-10.39.19 - INFO - End of training epoch 7 / 40 	 Time Taken: 4 sec
2025-12-23 10:39:58,387 - utils.logger2025-12-23-10.39.19 - INFO - learning rate = 0.0002000
2025-12-23 10:39:59,207 - utils.logger2025-12-23-10.39.19 - INFO - Val result of epoch 7 / 40 acc 0.7117 uar 0.7029 f1 0.7133
2025-12-23 10:39:59,208 - utils.logger2025-12-23-10.39.19 - INFO - 
[[104   4  14   0]
 [ 21  65  27   5]
 [ 33  11 135   3]
 [  0   2  25  54]]
2025-12-23 10:39:59,783 - utils.logger2025-12-23-10.39.19 - INFO - Tst result of epoch 7 / 40 acc 0.7955 uar 0.7574 f1 0.7616
2025-12-23 10:39:59,784 - utils.logger2025-12-23-10.39.19 - INFO - 
[[184   4  16   1]
 [ 29 142  11   3]
 [ 10  11  51   4]
 [  0   5  14  43]]
2025-12-23 10:40:00,310 - utils.logger2025-12-23-10.39.19 - INFO - Cur epoch 8 loss TA:0.7376 TV:0.7747 VA:1.4636 CE:0.4775
2025-12-23 10:40:00,844 - utils.logger2025-12-23-10.39.19 - INFO - Cur epoch 8 loss TA:0.7670 TV:0.7696 VA:1.4480 CE:0.5522
2025-12-23 10:40:01,382 - utils.logger2025-12-23-10.39.19 - INFO - Cur epoch 8 loss TA:0.7713 TV:0.8192 VA:1.4686 CE:0.6000
2025-12-23 10:40:01,897 - utils.logger2025-12-23-10.39.19 - INFO - Cur epoch 8 loss TA:0.7565 TV:0.8069 VA:1.4806 CE:0.5063
2025-12-23 10:40:02,316 - utils.logger2025-12-23-10.39.19 - INFO - Cur epoch 8 loss TA:0.7480 TV:0.8284 VA:1.5146 CE:0.6157
2025-12-23 10:40:02,743 - utils.logger2025-12-23-10.39.19 - INFO - Cur epoch 8 loss TA:0.7579 TV:0.8100 VA:1.5417 CE:0.3751
2025-12-23 10:40:03,143 - utils.logger2025-12-23-10.39.19 - INFO - Cur epoch 8 loss TA:0.7599 TV:0.8287 VA:1.5343 CE:0.4315
2025-12-23 10:40:03,607 - utils.logger2025-12-23-10.39.19 - INFO - saving the model at the end of epoch 8, iters 568
2025-12-23 10:40:03,720 - utils.logger2025-12-23-10.39.19 - INFO - End of training epoch 8 / 40 	 Time Taken: 3 sec
2025-12-23 10:40:03,720 - utils.logger2025-12-23-10.39.19 - INFO - learning rate = 0.0002000
2025-12-23 10:40:04,228 - utils.logger2025-12-23-10.39.19 - INFO - Val result of epoch 8 / 40 acc 0.7296 uar 0.7140 f1 0.7285
2025-12-23 10:40:04,229 - utils.logger2025-12-23-10.39.19 - INFO - 
[[100   3  19   0]
 [ 18  60  36   4]
 [ 17  11 150   4]
 [  0   0  24  57]]
2025-12-23 10:40:04,668 - utils.logger2025-12-23-10.39.19 - INFO - Tst result of epoch 8 / 40 acc 0.7955 uar 0.7615 f1 0.7608
2025-12-23 10:40:04,668 - utils.logger2025-12-23-10.39.19 - INFO - 
[[177   4  23   1]
 [ 19 147  17   2]
 [  9   9  54   4]
 [  0   4  16  42]]
2025-12-23 10:40:04,982 - utils.logger2025-12-23-10.39.19 - INFO - Cur epoch 9 loss TA:0.7002 TV:0.7492 VA:1.4193 CE:0.4971
2025-12-23 10:40:05,581 - utils.logger2025-12-23-10.39.19 - INFO - Cur epoch 9 loss TA:0.7049 TV:0.7262 VA:1.4258 CE:0.3980
2025-12-23 10:40:06,385 - utils.logger2025-12-23-10.39.19 - INFO - Cur epoch 9 loss TA:0.7006 TV:0.7505 VA:1.3799 CE:0.4021
2025-12-23 10:40:06,804 - utils.logger2025-12-23-10.39.19 - INFO - Cur epoch 9 loss TA:0.7115 TV:0.7549 VA:1.4632 CE:0.2740
2025-12-23 10:40:07,205 - utils.logger2025-12-23-10.39.19 - INFO - Cur epoch 9 loss TA:0.7674 TV:0.8059 VA:1.5057 CE:0.5858
2025-12-23 10:40:07,721 - utils.logger2025-12-23-10.39.19 - INFO - Cur epoch 9 loss TA:0.7467 TV:0.7992 VA:1.4602 CE:0.3051
2025-12-23 10:40:08,237 - utils.logger2025-12-23-10.39.19 - INFO - Cur epoch 9 loss TA:0.7393 TV:0.8292 VA:1.4290 CE:0.5604
2025-12-23 10:40:08,733 - utils.logger2025-12-23-10.39.19 - INFO - saving the model at the end of epoch 9, iters 639
2025-12-23 10:40:08,842 - utils.logger2025-12-23-10.39.19 - INFO - End of training epoch 9 / 40 	 Time Taken: 4 sec
2025-12-23 10:40:08,842 - utils.logger2025-12-23-10.39.19 - INFO - learning rate = 0.0002000
2025-12-23 10:40:09,370 - utils.logger2025-12-23-10.39.19 - INFO - Val result of epoch 9 / 40 acc 0.7256 uar 0.7418 f1 0.7342
2025-12-23 10:40:09,370 - utils.logger2025-12-23-10.39.19 - INFO - 
[[106   1  15   0]
 [ 17  68  24   9]
 [ 36  16 122   8]
 [  0   1  11  69]]
2025-12-23 10:40:09,811 - utils.logger2025-12-23-10.39.19 - INFO - Tst result of epoch 9 / 40 acc 0.8087 uar 0.7948 f1 0.7866
2025-12-23 10:40:09,812 - utils.logger2025-12-23-10.39.19 - INFO - 
[[185   2  14   4]
 [ 34 137   8   6]
 [ 11   7  53   5]
 [  0   2   8  52]]
2025-12-23 10:40:10,194 - utils.logger2025-12-23-10.39.19 - INFO - Cur epoch 10 loss TA:0.7507 TV:0.8160 VA:1.4187 CE:0.4187
2025-12-23 10:40:10,927 - utils.logger2025-12-23-10.39.19 - INFO - Cur epoch 10 loss TA:0.6940 TV:0.7448 VA:1.3665 CE:0.3374
2025-12-23 10:40:11,333 - utils.logger2025-12-23-10.39.19 - INFO - Cur epoch 10 loss TA:0.7105 TV:0.7194 VA:1.3792 CE:0.4471
2025-12-23 10:40:11,812 - utils.logger2025-12-23-10.39.19 - INFO - Cur epoch 10 loss TA:0.6851 TV:0.7474 VA:1.4298 CE:0.4701
2025-12-23 10:40:12,327 - utils.logger2025-12-23-10.39.19 - INFO - Cur epoch 10 loss TA:0.6823 TV:0.7531 VA:1.3974 CE:0.4027
2025-12-23 10:40:12,877 - utils.logger2025-12-23-10.39.19 - INFO - Cur epoch 10 loss TA:0.7038 TV:0.7291 VA:1.3724 CE:0.2690
2025-12-23 10:40:13,472 - utils.logger2025-12-23-10.39.19 - INFO - Cur epoch 10 loss TA:0.7455 TV:0.7914 VA:1.4393 CE:0.3515
2025-12-23 10:40:14,031 - utils.logger2025-12-23-10.39.19 - INFO - Cur epoch 10 loss TA:0.3571 TV:0.4578 VA:0.7214 CE:0.2810
2025-12-23 10:40:14,102 - utils.logger2025-12-23-10.39.19 - INFO - saving the model at the end of epoch 10, iters 710
2025-12-23 10:40:14,215 - utils.logger2025-12-23-10.39.19 - INFO - End of training epoch 10 / 40 	 Time Taken: 4 sec
2025-12-23 10:40:14,215 - utils.logger2025-12-23-10.39.19 - INFO - learning rate = 0.0002000
2025-12-23 10:40:15,289 - utils.logger2025-12-23-10.39.19 - INFO - Val result of epoch 10 / 40 acc 0.7535 uar 0.7548 f1 0.7610
2025-12-23 10:40:15,289 - utils.logger2025-12-23-10.39.19 - INFO - 
[[ 97   3  21   1]
 [  7  77  28   6]
 [ 16  17 140   9]
 [  0   0  16  65]]
2025-12-23 10:40:15,740 - utils.logger2025-12-23-10.39.19 - INFO - Tst result of epoch 10 / 40 acc 0.8314 uar 0.8189 f1 0.8085
2025-12-23 10:40:15,740 - utils.logger2025-12-23-10.39.19 - INFO - 
[[175   6  21   3]
 [ 12 156  16   1]
 [  5  11  55   5]
 [  0   4   5  53]]
2025-12-23 10:40:17,096 - utils.logger2025-12-23-10.39.19 - INFO - Cur epoch 11 loss TA:0.7066 TV:0.7233 VA:1.4141 CE:0.2785
2025-12-23 10:40:17,548 - utils.logger2025-12-23-10.39.19 - INFO - Cur epoch 11 loss TA:0.6834 TV:0.7336 VA:1.4054 CE:0.4060
2025-12-23 10:40:18,042 - utils.logger2025-12-23-10.39.19 - INFO - Cur epoch 11 loss TA:0.7140 TV:0.7892 VA:1.4509 CE:0.4210
2025-12-23 10:40:18,530 - utils.logger2025-12-23-10.39.19 - INFO - Cur epoch 11 loss TA:0.6902 TV:0.7958 VA:1.5125 CE:0.3816
2025-12-23 10:40:19,035 - utils.logger2025-12-23-10.39.19 - INFO - Cur epoch 11 loss TA:0.7113 TV:0.7245 VA:1.3662 CE:0.1898
2025-12-23 10:40:19,520 - utils.logger2025-12-23-10.39.19 - INFO - Cur epoch 11 loss TA:0.7407 TV:0.7575 VA:1.4207 CE:0.2407
2025-12-23 10:40:19,884 - utils.logger2025-12-23-10.39.19 - INFO - Cur epoch 11 loss TA:0.7095 TV:0.7477 VA:1.4251 CE:0.2808
2025-12-23 10:40:19,961 - utils.logger2025-12-23-10.39.19 - INFO - saving the model at the end of epoch 11, iters 781
2025-12-23 10:40:20,045 - utils.logger2025-12-23-10.39.19 - INFO - End of training epoch 11 / 40 	 Time Taken: 4 sec
2025-12-23 10:40:20,045 - utils.logger2025-12-23-10.39.19 - INFO - learning rate = 0.0002000
2025-12-23 10:40:20,609 - utils.logger2025-12-23-10.39.19 - INFO - Val result of epoch 11 / 40 acc 0.7535 uar 0.7608 f1 0.7648
2025-12-23 10:40:20,609 - utils.logger2025-12-23-10.39.19 - INFO - 
[[100   3  19   0]
 [ 10  80  25   3]
 [ 21  19 133   9]
 [  0   0  15  66]]
2025-12-23 10:40:21,069 - utils.logger2025-12-23-10.39.19 - INFO - Tst result of epoch 11 / 40 acc 0.8220 uar 0.8103 f1 0.7992
2025-12-23 10:40:21,069 - utils.logger2025-12-23-10.39.19 - INFO - 
[[174   7  20   4]
 [ 16 153  14   2]
 [  6  11  54   5]
 [  0   3   6  53]]
2025-12-23 10:40:21,682 - utils.logger2025-12-23-10.39.19 - INFO - Cur epoch 12 loss TA:0.6699 TV:0.6845 VA:1.3068 CE:0.3288
2025-12-23 10:40:22,257 - utils.logger2025-12-23-10.39.19 - INFO - Cur epoch 12 loss TA:0.6625 TV:0.7361 VA:1.3468 CE:0.1773
2025-12-23 10:40:22,833 - utils.logger2025-12-23-10.39.19 - INFO - Cur epoch 12 loss TA:0.6635 TV:0.7033 VA:1.3425 CE:0.3571
2025-12-23 10:40:23,398 - utils.logger2025-12-23-10.39.19 - INFO - Cur epoch 12 loss TA:0.6287 TV:0.7114 VA:1.3451 CE:0.2371
2025-12-23 10:40:23,990 - utils.logger2025-12-23-10.39.19 - INFO - Cur epoch 12 loss TA:0.6630 TV:0.7668 VA:1.4245 CE:0.1957
2025-12-23 10:40:24,558 - utils.logger2025-12-23-10.39.19 - INFO - Cur epoch 12 loss TA:0.7096 TV:0.8074 VA:1.4175 CE:0.3095
2025-12-23 10:40:25,087 - utils.logger2025-12-23-10.39.19 - INFO - Cur epoch 12 loss TA:0.6863 TV:0.7295 VA:1.3822 CE:0.2479
2025-12-23 10:40:25,248 - utils.logger2025-12-23-10.39.19 - INFO - saving the model at the end of epoch 12, iters 852
2025-12-23 10:40:25,355 - utils.logger2025-12-23-10.39.19 - INFO - End of training epoch 12 / 40 	 Time Taken: 4 sec
2025-12-23 10:40:25,355 - utils.logger2025-12-23-10.39.19 - INFO - learning rate = 0.0002000
2025-12-23 10:40:25,932 - utils.logger2025-12-23-10.39.19 - INFO - Val result of epoch 12 / 40 acc 0.7475 uar 0.7334 f1 0.7561
2025-12-23 10:40:25,932 - utils.logger2025-12-23-10.39.19 - INFO - 
[[ 93   3  26   0]
 [  4  85  29   0]
 [ 11  21 145   5]
 [  0   2  26  53]]
2025-12-23 10:40:26,272 - utils.logger2025-12-23-10.39.19 - INFO - Tst result of epoch 12 / 40 acc 0.8182 uar 0.7840 f1 0.7811
2025-12-23 10:40:26,272 - utils.logger2025-12-23-10.39.19 - INFO - 
[[168  10  24   3]
 [  7 165  13   0]
 [  2  13  58   3]
 [  0   4  17  41]]
2025-12-23 10:40:26,912 - utils.logger2025-12-23-10.39.19 - INFO - Cur epoch 13 loss TA:0.6496 TV:0.6977 VA:1.3162 CE:0.1874
2025-12-23 10:40:27,363 - utils.logger2025-12-23-10.39.19 - INFO - Cur epoch 13 loss TA:0.6639 TV:0.6979 VA:1.3407 CE:0.2572
2025-12-23 10:40:27,832 - utils.logger2025-12-23-10.39.19 - INFO - Cur epoch 13 loss TA:0.6516 TV:0.7235 VA:1.3398 CE:0.3119
2025-12-23 10:40:28,337 - utils.logger2025-12-23-10.39.19 - INFO - Cur epoch 13 loss TA:0.6845 TV:0.7463 VA:1.3650 CE:0.2970
2025-12-23 10:40:28,803 - utils.logger2025-12-23-10.39.19 - INFO - Cur epoch 13 loss TA:0.6460 TV:0.7289 VA:1.3580 CE:0.2687
2025-12-23 10:40:29,175 - utils.logger2025-12-23-10.39.19 - INFO - Cur epoch 13 loss TA:0.6831 TV:0.6931 VA:1.3378 CE:0.3909
2025-12-23 10:40:29,573 - utils.logger2025-12-23-10.39.19 - INFO - Cur epoch 13 loss TA:0.7030 TV:0.7574 VA:1.3791 CE:0.3151
2025-12-23 10:40:29,709 - utils.logger2025-12-23-10.39.19 - INFO - saving the model at the end of epoch 13, iters 923
2025-12-23 10:40:29,802 - utils.logger2025-12-23-10.39.19 - INFO - End of training epoch 13 / 40 	 Time Taken: 3 sec
2025-12-23 10:40:29,802 - utils.logger2025-12-23-10.39.19 - INFO - learning rate = 0.0002000
2025-12-23 10:40:30,315 - utils.logger2025-12-23-10.39.19 - INFO - Val result of epoch 13 / 40 acc 0.7157 uar 0.6806 f1 0.7060
2025-12-23 10:40:30,315 - utils.logger2025-12-23-10.39.19 - INFO - 
[[103   2  17   0]
 [ 11  69  38   0]
 [ 19  12 150   1]
 [  1   0  42  38]]
2025-12-23 10:40:30,764 - utils.logger2025-12-23-10.39.19 - INFO - Tst result of epoch 13 / 40 acc 0.7898 uar 0.7398 f1 0.7394
2025-12-23 10:40:30,764 - utils.logger2025-12-23-10.39.19 - INFO - 
[[181   1  22   1]
 [ 17 145  23   0]
 [  7   7  59   3]
 [  1   4  25  32]]
2025-12-23 10:40:31,292 - utils.logger2025-12-23-10.39.19 - INFO - Cur epoch 14 loss TA:0.6579 TV:0.7299 VA:1.3567 CE:0.2416
2025-12-23 10:40:31,788 - utils.logger2025-12-23-10.39.19 - INFO - Cur epoch 14 loss TA:0.6450 TV:0.7025 VA:1.2812 CE:0.1338
2025-12-23 10:40:32,179 - utils.logger2025-12-23-10.39.19 - INFO - Cur epoch 14 loss TA:0.6753 TV:0.7194 VA:1.3860 CE:0.2835
2025-12-23 10:40:32,531 - utils.logger2025-12-23-10.39.19 - INFO - Cur epoch 14 loss TA:0.6487 TV:0.7047 VA:1.3126 CE:0.3449
2025-12-23 10:40:32,893 - utils.logger2025-12-23-10.39.19 - INFO - Cur epoch 14 loss TA:0.6675 TV:0.7205 VA:1.2872 CE:0.2430
2025-12-23 10:40:33,272 - utils.logger2025-12-23-10.39.19 - INFO - Cur epoch 14 loss TA:0.6790 TV:0.7045 VA:1.3721 CE:0.3327
2025-12-23 10:40:33,742 - utils.logger2025-12-23-10.39.19 - INFO - Cur epoch 14 loss TA:0.6738 TV:0.6861 VA:1.2687 CE:0.1521
2025-12-23 10:40:34,002 - utils.logger2025-12-23-10.39.19 - INFO - saving the model at the end of epoch 14, iters 994
2025-12-23 10:40:34,110 - utils.logger2025-12-23-10.39.19 - INFO - End of training epoch 14 / 40 	 Time Taken: 3 sec
2025-12-23 10:40:34,110 - utils.logger2025-12-23-10.39.19 - INFO - learning rate = 0.0002000
2025-12-23 10:40:34,527 - utils.logger2025-12-23-10.39.19 - INFO - Val result of epoch 14 / 40 acc 0.7475 uar 0.7376 f1 0.7538
2025-12-23 10:40:34,527 - utils.logger2025-12-23-10.39.19 - INFO - 
[[103   4  15   0]
 [ 13  70  34   1]
 [ 24   9 145   4]
 [  0   0  23  58]]
2025-12-23 10:40:34,872 - utils.logger2025-12-23-10.39.19 - INFO - Tst result of epoch 14 / 40 acc 0.8314 uar 0.8180 f1 0.8107
2025-12-23 10:40:34,873 - utils.logger2025-12-23-10.39.19 - INFO - 
[[179   4  20   2]
 [ 19 151  15   0]
 [  7   6  59   4]
 [  0   1  11  50]]
2025-12-23 10:40:35,318 - utils.logger2025-12-23-10.39.19 - INFO - Cur epoch 15 loss TA:0.6287 TV:0.6785 VA:1.2974 CE:0.1995
2025-12-23 10:40:36,112 - utils.logger2025-12-23-10.39.19 - INFO - Cur epoch 15 loss TA:0.6497 TV:0.6995 VA:1.3043 CE:0.1592
2025-12-23 10:40:36,742 - utils.logger2025-12-23-10.39.19 - INFO - Cur epoch 15 loss TA:0.6671 TV:0.6706 VA:1.3090 CE:0.2752
2025-12-23 10:40:37,149 - utils.logger2025-12-23-10.39.19 - INFO - Cur epoch 15 loss TA:0.6837 TV:0.7404 VA:1.3961 CE:0.1675
2025-12-23 10:40:37,631 - utils.logger2025-12-23-10.39.19 - INFO - Cur epoch 15 loss TA:0.6483 TV:0.6811 VA:1.3084 CE:0.1645
2025-12-23 10:40:38,124 - utils.logger2025-12-23-10.39.19 - INFO - Cur epoch 15 loss TA:0.7058 TV:0.7492 VA:1.3703 CE:0.3219
2025-12-23 10:40:38,616 - utils.logger2025-12-23-10.39.19 - INFO - Cur epoch 15 loss TA:0.6516 TV:0.6860 VA:1.3030 CE:0.3121
2025-12-23 10:40:38,903 - utils.logger2025-12-23-10.39.19 - INFO - saving the model at the end of epoch 15, iters 1065
2025-12-23 10:40:39,014 - utils.logger2025-12-23-10.39.19 - INFO - End of training epoch 15 / 40 	 Time Taken: 4 sec
2025-12-23 10:40:39,014 - utils.logger2025-12-23-10.39.19 - INFO - learning rate = 0.0002000
2025-12-23 10:40:39,468 - utils.logger2025-12-23-10.39.19 - INFO - Val result of epoch 15 / 40 acc 0.7475 uar 0.7513 f1 0.7603
2025-12-23 10:40:39,469 - utils.logger2025-12-23-10.39.19 - INFO - 
[[100   4  18   0]
 [ 11  82  24   1]
 [ 26  19 132   5]
 [  1   1  17  62]]
2025-12-23 10:40:40,126 - utils.logger2025-12-23-10.39.19 - INFO - Tst result of epoch 15 / 40 acc 0.8352 uar 0.7986 f1 0.8050
2025-12-23 10:40:40,127 - utils.logger2025-12-23-10.39.19 - INFO - 
[[183   6  15   1]
 [ 17 159   9   0]
 [ 10  10  52   4]
 [  1   4  10  47]]
2025-12-23 10:40:40,501 - utils.logger2025-12-23-10.39.19 - INFO - Cur epoch 16 loss TA:0.6224 TV:0.6978 VA:1.3183 CE:0.3486
2025-12-23 10:40:40,913 - utils.logger2025-12-23-10.39.19 - INFO - Cur epoch 16 loss TA:0.6505 TV:0.7091 VA:1.2956 CE:0.1850
2025-12-23 10:40:41,380 - utils.logger2025-12-23-10.39.19 - INFO - Cur epoch 16 loss TA:0.6779 TV:0.7489 VA:1.3457 CE:0.1511
2025-12-23 10:40:41,845 - utils.logger2025-12-23-10.39.19 - INFO - Cur epoch 16 loss TA:0.6230 TV:0.6722 VA:1.2479 CE:0.2533
2025-12-23 10:40:42,320 - utils.logger2025-12-23-10.39.19 - INFO - Cur epoch 16 loss TA:0.6274 TV:0.6791 VA:1.2524 CE:0.2474
2025-12-23 10:40:42,827 - utils.logger2025-12-23-10.39.19 - INFO - Cur epoch 16 loss TA:0.6758 TV:0.7078 VA:1.2966 CE:0.1261
2025-12-23 10:40:43,281 - utils.logger2025-12-23-10.39.19 - INFO - Cur epoch 16 loss TA:0.6489 TV:0.7377 VA:1.3293 CE:0.3276
2025-12-23 10:40:43,929 - utils.logger2025-12-23-10.39.19 - INFO - saving the model at the end of epoch 16, iters 1136
2025-12-23 10:40:44,046 - utils.logger2025-12-23-10.39.19 - INFO - End of training epoch 16 / 40 	 Time Taken: 3 sec
2025-12-23 10:40:44,046 - utils.logger2025-12-23-10.39.19 - INFO - learning rate = 0.0002000
2025-12-23 10:40:44,544 - utils.logger2025-12-23-10.39.19 - INFO - Val result of epoch 16 / 40 acc 0.7256 uar 0.7142 f1 0.7295
2025-12-23 10:40:44,545 - utils.logger2025-12-23-10.39.19 - INFO - 
[[ 99   5  18   0]
 [ 11  81  26   0]
 [ 20  20 135   7]
 [  1   2  28  50]]
2025-12-23 10:40:45,122 - utils.logger2025-12-23-10.39.19 - INFO - Tst result of epoch 16 / 40 acc 0.8277 uar 0.7861 f1 0.7923
2025-12-23 10:40:45,122 - utils.logger2025-12-23-10.39.19 - INFO - 
[[179  10  15   1]
 [ 13 161  11   0]
 [  8  10  55   3]
 [  0   5  15  42]]
2025-12-23 10:40:45,725 - utils.logger2025-12-23-10.39.19 - INFO - Cur epoch 17 loss TA:0.6195 TV:0.6904 VA:1.2547 CE:0.4776
2025-12-23 10:40:46,287 - utils.logger2025-12-23-10.39.19 - INFO - Cur epoch 17 loss TA:0.6459 TV:0.6877 VA:1.2818 CE:0.1068
2025-12-23 10:40:46,842 - utils.logger2025-12-23-10.39.19 - INFO - Cur epoch 17 loss TA:0.6477 TV:0.6916 VA:1.3398 CE:0.2430
2025-12-23 10:40:47,373 - utils.logger2025-12-23-10.39.19 - INFO - Cur epoch 17 loss TA:0.6299 TV:0.6784 VA:1.2245 CE:0.1308
2025-12-23 10:40:47,860 - utils.logger2025-12-23-10.39.19 - INFO - Cur epoch 17 loss TA:0.6305 TV:0.6724 VA:1.2755 CE:0.1640
2025-12-23 10:40:48,541 - utils.logger2025-12-23-10.39.19 - INFO - Cur epoch 17 loss TA:0.6519 TV:0.6745 VA:1.2851 CE:0.1657
2025-12-23 10:40:49,015 - utils.logger2025-12-23-10.39.19 - INFO - Cur epoch 17 loss TA:0.6248 TV:0.6508 VA:1.2667 CE:0.2056
2025-12-23 10:40:49,359 - utils.logger2025-12-23-10.39.19 - INFO - saving the model at the end of epoch 17, iters 1207
2025-12-23 10:40:49,468 - utils.logger2025-12-23-10.39.19 - INFO - End of training epoch 17 / 40 	 Time Taken: 4 sec
2025-12-23 10:40:49,468 - utils.logger2025-12-23-10.39.19 - INFO - learning rate = 0.0002000
2025-12-23 10:40:50,024 - utils.logger2025-12-23-10.39.19 - INFO - Val result of epoch 17 / 40 acc 0.7157 uar 0.7200 f1 0.7249
2025-12-23 10:40:50,024 - utils.logger2025-12-23-10.39.19 - INFO - 
[[105   3  14   0]
 [ 14  81  22   1]
 [ 33  22 119   8]
 [  3   1  22  55]]
2025-12-23 10:40:50,547 - utils.logger2025-12-23-10.39.19 - INFO - Tst result of epoch 17 / 40 acc 0.8239 uar 0.7771 f1 0.7878
2025-12-23 10:40:50,547 - utils.logger2025-12-23-10.39.19 - INFO - 
[[185   4  15   1]
 [ 21 157   7   0]
 [ 14  11  48   3]
 [  0   1  16  45]]
2025-12-23 10:40:51,104 - utils.logger2025-12-23-10.39.19 - INFO - Cur epoch 18 loss TA:0.6327 TV:0.6649 VA:1.2158 CE:0.3360
2025-12-23 10:40:51,641 - utils.logger2025-12-23-10.39.19 - INFO - Cur epoch 18 loss TA:0.6585 TV:0.7349 VA:1.3373 CE:0.1658
2025-12-23 10:40:52,190 - utils.logger2025-12-23-10.39.19 - INFO - Cur epoch 18 loss TA:0.6457 TV:0.7144 VA:1.2964 CE:0.1871
2025-12-23 10:40:53,292 - utils.logger2025-12-23-10.39.19 - INFO - Cur epoch 18 loss TA:0.6145 TV:0.6843 VA:1.2512 CE:0.1628
2025-12-23 10:40:53,895 - utils.logger2025-12-23-10.39.19 - INFO - Cur epoch 18 loss TA:0.6416 TV:0.6888 VA:1.3020 CE:0.1153
2025-12-23 10:40:54,343 - utils.logger2025-12-23-10.39.19 - INFO - Cur epoch 18 loss TA:0.6581 TV:0.7356 VA:1.2924 CE:0.3179
2025-12-23 10:40:54,823 - utils.logger2025-12-23-10.39.19 - INFO - Cur epoch 18 loss TA:0.6634 TV:0.6594 VA:1.2662 CE:0.1432
2025-12-23 10:40:55,311 - utils.logger2025-12-23-10.39.19 - INFO - saving the model at the end of epoch 18, iters 1278
2025-12-23 10:40:55,433 - utils.logger2025-12-23-10.39.19 - INFO - End of training epoch 18 / 40 	 Time Taken: 4 sec
2025-12-23 10:40:55,433 - utils.logger2025-12-23-10.39.19 - INFO - learning rate = 0.0002000
2025-12-23 10:40:55,914 - utils.logger2025-12-23-10.39.19 - INFO - Val result of epoch 18 / 40 acc 0.7177 uar 0.7392 f1 0.7318
2025-12-23 10:40:55,915 - utils.logger2025-12-23-10.39.19 - INFO - 
[[103   4  15   0]
 [ 13  86  15   4]
 [ 28  38 108   8]
 [  2   1  14  64]]
2025-12-23 10:40:56,267 - utils.logger2025-12-23-10.39.19 - INFO - Tst result of epoch 18 / 40 acc 0.8504 uar 0.8222 f1 0.8186
2025-12-23 10:40:56,267 - utils.logger2025-12-23-10.39.19 - INFO - 
[[179   8  14   4]
 [ 13 167   4   1]
 [  8  11  50   7]
 [  0   1   8  53]]
2025-12-23 10:40:56,528 - utils.logger2025-12-23-10.39.19 - INFO - Cur epoch 19 loss TA:0.6408 TV:0.6807 VA:1.2538 CE:0.0958
2025-12-23 10:40:57,023 - utils.logger2025-12-23-10.39.19 - INFO - Cur epoch 19 loss TA:0.6448 TV:0.7044 VA:1.2765 CE:0.1377
2025-12-23 10:40:57,414 - utils.logger2025-12-23-10.39.19 - INFO - Cur epoch 19 loss TA:0.6039 TV:0.6410 VA:1.2338 CE:0.1053
2025-12-23 10:40:57,810 - utils.logger2025-12-23-10.39.19 - INFO - Cur epoch 19 loss TA:0.6095 TV:0.6630 VA:1.2023 CE:0.0876
2025-12-23 10:40:58,222 - utils.logger2025-12-23-10.39.19 - INFO - Cur epoch 19 loss TA:0.6378 TV:0.6870 VA:1.2555 CE:0.2645
2025-12-23 10:40:58,642 - utils.logger2025-12-23-10.39.19 - INFO - Cur epoch 19 loss TA:0.6262 TV:0.6715 VA:1.2995 CE:0.0939
2025-12-23 10:40:59,048 - utils.logger2025-12-23-10.39.19 - INFO - Cur epoch 19 loss TA:0.6170 TV:0.6267 VA:1.1929 CE:0.1034
2025-12-23 10:40:59,488 - utils.logger2025-12-23-10.39.19 - INFO - saving the model at the end of epoch 19, iters 1349
2025-12-23 10:40:59,593 - utils.logger2025-12-23-10.39.19 - INFO - End of training epoch 19 / 40 	 Time Taken: 3 sec
2025-12-23 10:40:59,594 - utils.logger2025-12-23-10.39.19 - INFO - learning rate = 0.0002000
2025-12-23 10:41:00,126 - utils.logger2025-12-23-10.39.19 - INFO - Val result of epoch 19 / 40 acc 0.7177 uar 0.7141 f1 0.7249
2025-12-23 10:41:00,126 - utils.logger2025-12-23-10.39.19 - INFO - 
[[ 98   4  20   0]
 [ 13  73  30   2]
 [ 25  15 133   9]
 [  1   2  21  57]]
2025-12-23 10:41:00,753 - utils.logger2025-12-23-10.39.19 - INFO - Tst result of epoch 19 / 40 acc 0.8352 uar 0.8226 f1 0.8162
2025-12-23 10:41:00,754 - utils.logger2025-12-23-10.39.19 - INFO - 
[[185   2  17   1]
 [ 22 146  17   0]
 [  8   5  59   4]
 [  0   0  11  51]]
2025-12-23 10:41:01,480 - utils.logger2025-12-23-10.39.19 - INFO - Cur epoch 20 loss TA:0.6304 TV:0.6618 VA:1.1972 CE:0.1399
2025-12-23 10:41:02,231 - utils.logger2025-12-23-10.39.19 - INFO - Cur epoch 20 loss TA:0.6246 TV:0.6767 VA:1.2317 CE:0.0924
2025-12-23 10:41:02,738 - utils.logger2025-12-23-10.39.19 - INFO - Cur epoch 20 loss TA:0.6641 TV:0.7407 VA:1.3011 CE:0.2555
2025-12-23 10:41:03,149 - utils.logger2025-12-23-10.39.19 - INFO - Cur epoch 20 loss TA:0.5801 TV:0.6498 VA:1.2195 CE:0.1352
2025-12-23 10:41:03,554 - utils.logger2025-12-23-10.39.19 - INFO - Cur epoch 20 loss TA:0.6357 TV:0.7085 VA:1.2665 CE:0.0742
2025-12-23 10:41:03,974 - utils.logger2025-12-23-10.39.19 - INFO - Cur epoch 20 loss TA:0.6142 TV:0.6653 VA:1.2115 CE:0.1364
2025-12-23 10:41:04,395 - utils.logger2025-12-23-10.39.19 - INFO - Cur epoch 20 loss TA:0.6214 TV:0.6588 VA:1.2146 CE:0.1642
2025-12-23 10:41:04,819 - utils.logger2025-12-23-10.39.19 - INFO - Cur epoch 20 loss TA:0.2613 TV:0.2598 VA:0.5829 CE:0.2501
2025-12-23 10:41:04,876 - utils.logger2025-12-23-10.39.19 - INFO - saving the model at the end of epoch 20, iters 1420
2025-12-23 10:41:04,988 - utils.logger2025-12-23-10.39.19 - INFO - End of training epoch 20 / 40 	 Time Taken: 4 sec
2025-12-23 10:41:04,988 - utils.logger2025-12-23-10.39.19 - INFO - learning rate = 0.0002000
2025-12-23 10:41:05,868 - utils.logger2025-12-23-10.39.19 - INFO - Val result of epoch 20 / 40 acc 0.7416 uar 0.7431 f1 0.7551
2025-12-23 10:41:05,869 - utils.logger2025-12-23-10.39.19 - INFO - 
[[ 92   6  24   0]
 [  7  86  24   1]
 [ 17  26 134   5]
 [  0   3  17  61]]
2025-12-23 10:41:06,468 - utils.logger2025-12-23-10.39.19 - INFO - Tst result of epoch 20 / 40 acc 0.8485 uar 0.8294 f1 0.8206
2025-12-23 10:41:06,469 - utils.logger2025-12-23-10.39.19 - INFO - 
[[176   7  19   3]
 [ 11 164  10   0]
 [  4   9  57   6]
 [  0   0  11  51]]
2025-12-23 10:41:07,200 - utils.logger2025-12-23-10.39.19 - INFO - Cur epoch 21 loss TA:0.5939 TV:0.6465 VA:1.2458 CE:0.1932
2025-12-23 10:41:07,693 - utils.logger2025-12-23-10.39.19 - INFO - Cur epoch 21 loss TA:0.5936 TV:0.6389 VA:1.2481 CE:0.1210
2025-12-23 10:41:08,128 - utils.logger2025-12-23-10.39.19 - INFO - Cur epoch 21 loss TA:0.6058 TV:0.6724 VA:1.2029 CE:0.0883
2025-12-23 10:41:08,614 - utils.logger2025-12-23-10.39.19 - INFO - Cur epoch 21 loss TA:0.6123 TV:0.6820 VA:1.2280 CE:0.1738
2025-12-23 10:41:09,149 - utils.logger2025-12-23-10.39.19 - INFO - Cur epoch 21 loss TA:0.6295 TV:0.6928 VA:1.2488 CE:0.1666
2025-12-23 10:41:09,885 - utils.logger2025-12-23-10.39.19 - INFO - Cur epoch 21 loss TA:0.6167 TV:0.6499 VA:1.2294 CE:0.1343
2025-12-23 10:41:10,575 - utils.logger2025-12-23-10.39.19 - INFO - Cur epoch 21 loss TA:0.6172 TV:0.7046 VA:1.3613 CE:0.1785
2025-12-23 10:41:10,682 - utils.logger2025-12-23-10.39.19 - INFO - saving the model at the end of epoch 21, iters 1491
2025-12-23 10:41:10,787 - utils.logger2025-12-23-10.39.19 - INFO - End of training epoch 21 / 40 	 Time Taken: 4 sec
2025-12-23 10:41:10,788 - utils.logger2025-12-23-10.39.19 - INFO - learning rate = 0.0002000
2025-12-23 10:41:11,492 - utils.logger2025-12-23-10.39.19 - INFO - Val result of epoch 21 / 40 acc 0.7256 uar 0.7547 f1 0.7416
2025-12-23 10:41:11,492 - utils.logger2025-12-23-10.39.19 - INFO - 
[[ 97  10  15   0]
 [  5  98  12   3]
 [ 18  49 103  12]
 [  1   1  12  67]]
2025-12-23 10:41:11,870 - utils.logger2025-12-23-10.39.19 - INFO - Tst result of epoch 21 / 40 acc 0.8598 uar 0.8426 f1 0.8345
2025-12-23 10:41:11,870 - utils.logger2025-12-23-10.39.19 - INFO - 
[[171  15  14   5]
 [  4 175   6   0]
 [  5  14  51   6]
 [  0   1   4  57]]
2025-12-23 10:41:12,643 - utils.logger2025-12-23-10.39.19 - INFO - Cur epoch 22 loss TA:0.6005 TV:0.6813 VA:1.2739 CE:0.2042
2025-12-23 10:41:13,198 - utils.logger2025-12-23-10.39.19 - INFO - Cur epoch 22 loss TA:0.6427 TV:0.7055 VA:1.2214 CE:0.0666
2025-12-23 10:41:13,723 - utils.logger2025-12-23-10.39.19 - INFO - Cur epoch 22 loss TA:0.6217 TV:0.6722 VA:1.2059 CE:0.2101
2025-12-23 10:41:14,124 - utils.logger2025-12-23-10.39.19 - INFO - Cur epoch 22 loss TA:0.6072 TV:0.6695 VA:1.2132 CE:0.1577
2025-12-23 10:41:14,515 - utils.logger2025-12-23-10.39.19 - INFO - Cur epoch 22 loss TA:0.5995 TV:0.6139 VA:1.1853 CE:0.0995
2025-12-23 10:41:14,910 - utils.logger2025-12-23-10.39.19 - INFO - Cur epoch 22 loss TA:0.6495 TV:0.6714 VA:1.3133 CE:0.0880
2025-12-23 10:41:15,369 - utils.logger2025-12-23-10.39.19 - INFO - Cur epoch 22 loss TA:0.6319 TV:0.6627 VA:1.2183 CE:0.0950
2025-12-23 10:41:15,546 - utils.logger2025-12-23-10.39.19 - INFO - saving the model at the end of epoch 22, iters 1562
2025-12-23 10:41:15,675 - utils.logger2025-12-23-10.39.19 - INFO - End of training epoch 22 / 40 	 Time Taken: 3 sec
2025-12-23 10:41:15,675 - utils.logger2025-12-23-10.39.19 - INFO - learning rate = 0.0002000
2025-12-23 10:41:16,255 - utils.logger2025-12-23-10.39.19 - INFO - Val result of epoch 22 / 40 acc 0.7296 uar 0.7079 f1 0.7329
2025-12-23 10:41:16,255 - utils.logger2025-12-23-10.39.19 - INFO - 
[[ 94   4  24   0]
 [  9  78  31   0]
 [ 15  19 147   1]
 [  2   3  28  48]]
2025-12-23 10:41:16,711 - utils.logger2025-12-23-10.39.19 - INFO - Tst result of epoch 22 / 40 acc 0.8352 uar 0.8014 f1 0.8019
2025-12-23 10:41:16,711 - utils.logger2025-12-23-10.39.19 - INFO - 
[[183   3  18   1]
 [ 13 156  16   0]
 [  4  11  59   2]
 [  1   0  18  43]]
2025-12-23 10:41:17,249 - utils.logger2025-12-23-10.39.19 - INFO - Cur epoch 23 loss TA:0.6141 TV:0.6874 VA:1.2661 CE:0.1691
2025-12-23 10:41:17,893 - utils.logger2025-12-23-10.39.19 - INFO - Cur epoch 23 loss TA:0.6392 TV:0.6686 VA:1.2087 CE:0.1729
2025-12-23 10:41:18,372 - utils.logger2025-12-23-10.39.19 - INFO - Cur epoch 23 loss TA:0.6048 TV:0.6751 VA:1.1630 CE:0.0944
2025-12-23 10:41:19,047 - utils.logger2025-12-23-10.39.19 - INFO - Cur epoch 23 loss TA:0.6034 TV:0.6644 VA:1.1549 CE:0.1849
2025-12-23 10:41:19,675 - utils.logger2025-12-23-10.39.19 - INFO - Cur epoch 23 loss TA:0.5992 TV:0.6765 VA:1.2254 CE:0.2049
2025-12-23 10:41:20,258 - utils.logger2025-12-23-10.39.19 - INFO - Cur epoch 23 loss TA:0.6049 TV:0.6940 VA:1.2185 CE:0.1562
2025-12-23 10:41:20,812 - utils.logger2025-12-23-10.39.19 - INFO - Cur epoch 23 loss TA:0.6395 TV:0.6720 VA:1.1961 CE:0.1065
2025-12-23 10:41:21,020 - utils.logger2025-12-23-10.39.19 - INFO - saving the model at the end of epoch 23, iters 1633
2025-12-23 10:41:21,135 - utils.logger2025-12-23-10.39.19 - INFO - End of training epoch 23 / 40 	 Time Taken: 4 sec
2025-12-23 10:41:21,135 - utils.logger2025-12-23-10.39.19 - INFO - learning rate = 0.0002000
2025-12-23 10:41:21,920 - utils.logger2025-12-23-10.39.19 - INFO - Val result of epoch 23 / 40 acc 0.7177 uar 0.7113 f1 0.7242
2025-12-23 10:41:21,921 - utils.logger2025-12-23-10.39.19 - INFO - 
[[ 99   5  18   0]
 [  6  89  23   0]
 [ 21  31 125   5]
 [  2   3  28  48]]
2025-12-23 10:41:22,510 - utils.logger2025-12-23-10.39.19 - INFO - Tst result of epoch 23 / 40 acc 0.8258 uar 0.7732 f1 0.7807
2025-12-23 10:41:22,510 - utils.logger2025-12-23-10.39.19 - INFO - 
[[180   4  20   1]
 [ 12 163  10   0]
 [  6  13  56   1]
 [  1   4  20  37]]
2025-12-23 10:41:23,230 - utils.logger2025-12-23-10.39.19 - INFO - Cur epoch 24 loss TA:0.6207 TV:0.6445 VA:1.2050 CE:0.1161
2025-12-23 10:41:23,691 - utils.logger2025-12-23-10.39.19 - INFO - Cur epoch 24 loss TA:0.6080 TV:0.6712 VA:1.1653 CE:0.0939
2025-12-23 10:41:24,206 - utils.logger2025-12-23-10.39.19 - INFO - Cur epoch 24 loss TA:0.5816 TV:0.6285 VA:1.1615 CE:0.1482
2025-12-23 10:41:24,770 - utils.logger2025-12-23-10.39.19 - INFO - Cur epoch 24 loss TA:0.5999 TV:0.6551 VA:1.2348 CE:0.0768
2025-12-23 10:41:25,342 - utils.logger2025-12-23-10.39.19 - INFO - Cur epoch 24 loss TA:0.5935 TV:0.6459 VA:1.2079 CE:0.1239
2025-12-23 10:41:25,889 - utils.logger2025-12-23-10.39.19 - INFO - Cur epoch 24 loss TA:0.6253 TV:0.6387 VA:1.2366 CE:0.0585
2025-12-23 10:41:26,665 - utils.logger2025-12-23-10.39.19 - INFO - Cur epoch 24 loss TA:0.6195 TV:0.6435 VA:1.1505 CE:0.1807
2025-12-23 10:41:26,925 - utils.logger2025-12-23-10.39.19 - INFO - saving the model at the end of epoch 24, iters 1704
2025-12-23 10:41:27,021 - utils.logger2025-12-23-10.39.19 - INFO - End of training epoch 24 / 40 	 Time Taken: 4 sec
2025-12-23 10:41:27,021 - utils.logger2025-12-23-10.39.19 - INFO - learning rate = 0.0002000
2025-12-23 10:41:27,366 - utils.logger2025-12-23-10.39.19 - INFO - Val result of epoch 24 / 40 acc 0.7137 uar 0.7136 f1 0.7255
2025-12-23 10:41:27,367 - utils.logger2025-12-23-10.39.19 - INFO - 
[[ 99   4  19   0]
 [ 11  82  24   1]
 [ 28  26 124   4]
 [  1   2  24  54]]
2025-12-23 10:41:27,743 - utils.logger2025-12-23-10.39.19 - INFO - Tst result of epoch 24 / 40 acc 0.8371 uar 0.7932 f1 0.7969
2025-12-23 10:41:27,743 - utils.logger2025-12-23-10.39.19 - INFO - 
[[179   6  14   6]
 [ 11 167   7   0]
 [  8  14  51   3]
 [  1   4  12  45]]
2025-12-23 10:41:28,254 - utils.logger2025-12-23-10.39.19 - INFO - Cur epoch 25 loss TA:0.6282 TV:0.6793 VA:1.2381 CE:0.0817
2025-12-23 10:41:28,785 - utils.logger2025-12-23-10.39.19 - INFO - Cur epoch 25 loss TA:0.6341 TV:0.6927 VA:1.2198 CE:0.2638
2025-12-23 10:41:29,298 - utils.logger2025-12-23-10.39.19 - INFO - Cur epoch 25 loss TA:0.5792 TV:0.6242 VA:1.1499 CE:0.1674
2025-12-23 10:41:29,867 - utils.logger2025-12-23-10.39.19 - INFO - Cur epoch 25 loss TA:0.6142 TV:0.6620 VA:1.2051 CE:0.0927
2025-12-23 10:41:30,611 - utils.logger2025-12-23-10.39.19 - INFO - Cur epoch 25 loss TA:0.6062 TV:0.6662 VA:1.2562 CE:0.1254
2025-12-23 10:41:31,013 - utils.logger2025-12-23-10.39.19 - INFO - Cur epoch 25 loss TA:0.5957 TV:0.6276 VA:1.1488 CE:0.0965
2025-12-23 10:41:31,445 - utils.logger2025-12-23-10.39.19 - INFO - Cur epoch 25 loss TA:0.6279 TV:0.6517 VA:1.1920 CE:0.0665
2025-12-23 10:41:31,755 - utils.logger2025-12-23-10.39.19 - INFO - saving the model at the end of epoch 25, iters 1775
2025-12-23 10:41:31,859 - utils.logger2025-12-23-10.39.19 - INFO - End of training epoch 25 / 40 	 Time Taken: 4 sec
2025-12-23 10:41:31,859 - utils.logger2025-12-23-10.39.19 - INFO - learning rate = 0.0002000
2025-12-23 10:41:32,449 - utils.logger2025-12-23-10.39.19 - INFO - Val result of epoch 25 / 40 acc 0.7197 uar 0.7147 f1 0.7278
2025-12-23 10:41:32,450 - utils.logger2025-12-23-10.39.19 - INFO - 
[[ 97   4  21   0]
 [  8  82  27   1]
 [ 21  24 130   7]
 [  2   3  23  53]]
2025-12-23 10:41:33,009 - utils.logger2025-12-23-10.39.19 - INFO - Tst result of epoch 25 / 40 acc 0.8409 uar 0.8070 f1 0.8086
2025-12-23 10:41:33,010 - utils.logger2025-12-23-10.39.19 - INFO - 
[[183   2  19   1]
 [ 18 159   8   0]
 [  6   9  57   4]
 [  1   1  15  45]]
2025-12-23 10:41:33,554 - utils.logger2025-12-23-10.39.19 - INFO - Cur epoch 26 loss TA:0.6022 TV:0.6430 VA:1.1486 CE:0.0315
2025-12-23 10:41:34,611 - utils.logger2025-12-23-10.39.19 - INFO - Cur epoch 26 loss TA:0.6069 TV:0.6517 VA:1.2005 CE:0.1377
2025-12-23 10:41:35,057 - utils.logger2025-12-23-10.39.19 - INFO - Cur epoch 26 loss TA:0.5909 TV:0.6271 VA:1.1826 CE:0.0566
2025-12-23 10:41:35,445 - utils.logger2025-12-23-10.39.19 - INFO - Cur epoch 26 loss TA:0.6219 TV:0.6538 VA:1.1774 CE:0.1795
2025-12-23 10:41:35,945 - utils.logger2025-12-23-10.39.19 - INFO - Cur epoch 26 loss TA:0.5603 TV:0.6348 VA:1.1575 CE:0.0524
2025-12-23 10:41:36,487 - utils.logger2025-12-23-10.39.19 - INFO - Cur epoch 26 loss TA:0.5833 TV:0.5992 VA:1.1505 CE:0.0689
2025-12-23 10:41:37,039 - utils.logger2025-12-23-10.39.19 - INFO - Cur epoch 26 loss TA:0.5981 TV:0.6290 VA:1.1685 CE:0.0507
2025-12-23 10:41:37,442 - utils.logger2025-12-23-10.39.19 - INFO - saving the model at the end of epoch 26, iters 1846
2025-12-23 10:41:37,556 - utils.logger2025-12-23-10.39.19 - INFO - End of training epoch 26 / 40 	 Time Taken: 4 sec
2025-12-23 10:41:37,556 - utils.logger2025-12-23-10.39.19 - INFO - learning rate = 0.0002000
2025-12-23 10:41:38,130 - utils.logger2025-12-23-10.39.19 - INFO - Val result of epoch 26 / 40 acc 0.7097 uar 0.7287 f1 0.7251
2025-12-23 10:41:38,130 - utils.logger2025-12-23-10.39.19 - INFO - 
[[100   4  18   0]
 [ 10  89  16   3]
 [ 31  36 107   8]
 [  1   1  18  61]]
2025-12-23 10:41:39,086 - utils.logger2025-12-23-10.39.19 - INFO - Tst result of epoch 26 / 40 acc 0.8447 uar 0.8067 f1 0.8127
2025-12-23 10:41:39,086 - utils.logger2025-12-23-10.39.19 - INFO - 
[[184   7  13   1]
 [ 15 163   7   0]
 [  7  14  50   5]
 [  2   1  10  49]]
2025-12-23 10:41:40,095 - utils.logger2025-12-23-10.39.19 - INFO - Cur epoch 27 loss TA:0.5789 TV:0.5831 VA:1.1315 CE:0.0618
2025-12-23 10:41:40,776 - utils.logger2025-12-23-10.39.19 - INFO - Cur epoch 27 loss TA:0.5868 TV:0.6204 VA:1.1682 CE:0.0581
2025-12-23 10:41:41,343 - utils.logger2025-12-23-10.39.19 - INFO - Cur epoch 27 loss TA:0.6111 TV:0.6540 VA:1.1684 CE:0.2838
2025-12-23 10:41:41,970 - utils.logger2025-12-23-10.39.19 - INFO - Cur epoch 27 loss TA:0.6160 TV:0.6635 VA:1.2158 CE:0.0713
2025-12-23 10:41:42,541 - utils.logger2025-12-23-10.39.19 - INFO - Cur epoch 27 loss TA:0.6082 TV:0.6433 VA:1.1792 CE:0.0665
2025-12-23 10:41:43,078 - utils.logger2025-12-23-10.39.19 - INFO - Cur epoch 27 loss TA:0.6195 TV:0.6752 VA:1.2294 CE:0.0616
2025-12-23 10:41:43,675 - utils.logger2025-12-23-10.39.19 - INFO - Cur epoch 27 loss TA:0.6080 TV:0.6642 VA:1.2342 CE:0.0961
2025-12-23 10:41:44,165 - utils.logger2025-12-23-10.39.19 - INFO - saving the model at the end of epoch 27, iters 1917
2025-12-23 10:41:44,249 - utils.logger2025-12-23-10.39.19 - INFO - End of training epoch 27 / 40 	 Time Taken: 5 sec
2025-12-23 10:41:44,249 - utils.logger2025-12-23-10.39.19 - INFO - learning rate = 0.0002000
2025-12-23 10:41:44,903 - utils.logger2025-12-23-10.39.19 - INFO - Val result of epoch 27 / 40 acc 0.7078 uar 0.6987 f1 0.7129
2025-12-23 10:41:44,903 - utils.logger2025-12-23-10.39.19 - INFO - 
[[ 97   5  20   0]
 [  6  90  22   0]
 [ 23  31 124   4]
 [  1   4  31  45]]
2025-12-23 10:41:45,504 - utils.logger2025-12-23-10.39.19 - INFO - Tst result of epoch 27 / 40 acc 0.8239 uar 0.7673 f1 0.7755
2025-12-23 10:41:45,505 - utils.logger2025-12-23-10.39.19 - INFO - 
[[179  10  15   1]
 [ 12 165   8   0]
 [  6  12  55   3]
 [  2   4  20  36]]
2025-12-23 10:41:45,870 - utils.logger2025-12-23-10.39.19 - INFO - Cur epoch 28 loss TA:0.5849 TV:0.6419 VA:1.1507 CE:0.0380
2025-12-23 10:41:46,435 - utils.logger2025-12-23-10.39.19 - INFO - Cur epoch 28 loss TA:0.5564 TV:0.6238 VA:1.1599 CE:0.0489
2025-12-23 10:41:46,966 - utils.logger2025-12-23-10.39.19 - INFO - Cur epoch 28 loss TA:0.5920 TV:0.6674 VA:1.1952 CE:0.0627
2025-12-23 10:41:47,527 - utils.logger2025-12-23-10.39.19 - INFO - Cur epoch 28 loss TA:0.6062 TV:0.6372 VA:1.1645 CE:0.0563
2025-12-23 10:41:47,917 - utils.logger2025-12-23-10.39.19 - INFO - Cur epoch 28 loss TA:0.5876 TV:0.6088 VA:1.0880 CE:0.1216
2025-12-23 10:41:48,334 - utils.logger2025-12-23-10.39.19 - INFO - Cur epoch 28 loss TA:0.5885 TV:0.6267 VA:1.1155 CE:0.0524
2025-12-23 10:41:48,821 - utils.logger2025-12-23-10.39.19 - INFO - Cur epoch 28 loss TA:0.6242 TV:0.6673 VA:1.1845 CE:0.0739
2025-12-23 10:41:49,269 - utils.logger2025-12-23-10.39.19 - INFO - saving the model at the end of epoch 28, iters 1988
2025-12-23 10:41:49,389 - utils.logger2025-12-23-10.39.19 - INFO - End of training epoch 28 / 40 	 Time Taken: 3 sec
2025-12-23 10:41:49,389 - utils.logger2025-12-23-10.39.19 - INFO - learning rate = 0.0002000
2025-12-23 10:41:49,937 - utils.logger2025-12-23-10.39.19 - INFO - Val result of epoch 28 / 40 acc 0.7336 uar 0.7412 f1 0.7476
2025-12-23 10:41:49,937 - utils.logger2025-12-23-10.39.19 - INFO - 
[[ 97   2  23   0]
 [  5  84  26   3]
 [ 22  24 126  10]
 [  0   0  19  62]]
2025-12-23 10:41:50,381 - utils.logger2025-12-23-10.39.19 - INFO - Tst result of epoch 28 / 40 acc 0.8371 uar 0.8166 f1 0.8083
2025-12-23 10:41:50,382 - utils.logger2025-12-23-10.39.19 - INFO - 
[[182   5  14   4]
 [ 19 154  12   0]
 [  6   7  55   8]
 [  0   1  10  51]]
2025-12-23 10:41:50,653 - utils.logger2025-12-23-10.39.19 - INFO - Cur epoch 29 loss TA:0.5794 TV:0.6309 VA:1.1532 CE:0.0969
2025-12-23 10:41:51,267 - utils.logger2025-12-23-10.39.19 - INFO - Cur epoch 29 loss TA:0.5649 TV:0.6209 VA:1.1858 CE:0.0712
2025-12-23 10:41:51,729 - utils.logger2025-12-23-10.39.19 - INFO - Cur epoch 29 loss TA:0.6025 TV:0.6684 VA:1.1501 CE:0.0887
2025-12-23 10:41:52,161 - utils.logger2025-12-23-10.39.19 - INFO - Cur epoch 29 loss TA:0.6162 TV:0.6419 VA:1.1392 CE:0.0320
2025-12-23 10:41:52,700 - utils.logger2025-12-23-10.39.19 - INFO - Cur epoch 29 loss TA:0.6018 TV:0.6107 VA:1.1149 CE:0.0494
2025-12-23 10:41:53,211 - utils.logger2025-12-23-10.39.19 - INFO - Cur epoch 29 loss TA:0.6020 TV:0.6387 VA:1.1676 CE:0.1618
2025-12-23 10:41:53,749 - utils.logger2025-12-23-10.39.19 - INFO - Cur epoch 29 loss TA:0.5483 TV:0.6169 VA:1.1587 CE:0.0584
2025-12-23 10:41:54,323 - utils.logger2025-12-23-10.39.19 - INFO - saving the model at the end of epoch 29, iters 2059
2025-12-23 10:41:54,432 - utils.logger2025-12-23-10.39.19 - INFO - End of training epoch 29 / 40 	 Time Taken: 4 sec
2025-12-23 10:41:54,433 - utils.logger2025-12-23-10.39.19 - INFO - learning rate = 0.0002000
2025-12-23 10:41:55,633 - utils.logger2025-12-23-10.39.19 - INFO - Val result of epoch 29 / 40 acc 0.7197 uar 0.7223 f1 0.7284
2025-12-23 10:41:55,634 - utils.logger2025-12-23-10.39.19 - INFO - 
[[104   3  15   0]
 [ 10  79  26   3]
 [ 29  23 123   7]
 [  2   2  21  56]]
2025-12-23 10:41:56,135 - utils.logger2025-12-23-10.39.19 - INFO - Tst result of epoch 29 / 40 acc 0.8485 uar 0.8196 f1 0.8206
2025-12-23 10:41:56,135 - utils.logger2025-12-23-10.39.19 - INFO - 
[[189   1  14   1]
 [ 21 154  10   0]
 [  7   7  57   5]
 [  1   2  11  48]]
2025-12-23 10:41:56,360 - utils.logger2025-12-23-10.39.19 - INFO - Cur epoch 30 loss TA:0.6055 TV:0.6536 VA:1.1791 CE:0.0703
2025-12-23 10:41:56,847 - utils.logger2025-12-23-10.39.19 - INFO - Cur epoch 30 loss TA:0.6018 TV:0.6753 VA:1.2005 CE:0.1376
2025-12-23 10:41:57,399 - utils.logger2025-12-23-10.39.19 - INFO - Cur epoch 30 loss TA:0.6353 TV:0.6515 VA:1.1396 CE:0.1031
2025-12-23 10:41:57,963 - utils.logger2025-12-23-10.39.19 - INFO - Cur epoch 30 loss TA:0.6086 TV:0.6685 VA:1.2074 CE:0.0632
2025-12-23 10:41:58,519 - utils.logger2025-12-23-10.39.19 - INFO - Cur epoch 30 loss TA:0.5942 TV:0.6783 VA:1.1688 CE:0.1330
2025-12-23 10:41:59,388 - utils.logger2025-12-23-10.39.19 - INFO - Cur epoch 30 loss TA:0.6017 TV:0.6409 VA:1.1673 CE:0.0866
2025-12-23 10:41:59,803 - utils.logger2025-12-23-10.39.19 - INFO - Cur epoch 30 loss TA:0.5912 TV:0.6398 VA:1.1343 CE:0.0927
2025-12-23 10:42:00,250 - utils.logger2025-12-23-10.39.19 - INFO - Cur epoch 30 loss TA:0.2205 TV:0.2764 VA:0.5348 CE:0.0480
2025-12-23 10:42:00,321 - utils.logger2025-12-23-10.39.19 - INFO - saving the model at the end of epoch 30, iters 2130
2025-12-23 10:42:00,432 - utils.logger2025-12-23-10.39.19 - INFO - End of training epoch 30 / 40 	 Time Taken: 4 sec
2025-12-23 10:42:00,432 - utils.logger2025-12-23-10.39.19 - INFO - learning rate = 0.0001818
2025-12-23 10:42:00,813 - utils.logger2025-12-23-10.39.19 - INFO - Val result of epoch 30 / 40 acc 0.7256 uar 0.7190 f1 0.7354
2025-12-23 10:42:00,813 - utils.logger2025-12-23-10.39.19 - INFO - 
[[ 92   5  25   0]
 [  9  80  26   3]
 [ 16  25 137   4]
 [  0   1  24  56]]
2025-12-23 10:42:01,201 - utils.logger2025-12-23-10.39.19 - INFO - Tst result of epoch 30 / 40 acc 0.8447 uar 0.8171 f1 0.8141
2025-12-23 10:42:01,201 - utils.logger2025-12-23-10.39.19 - INFO - 
[[182   2  18   3]
 [ 15 159  11   0]
 [  5   9  58   4]
 [  2   1  12  47]]
2025-12-23 10:42:01,864 - utils.logger2025-12-23-10.39.19 - INFO - Cur epoch 31 loss TA:0.5656 TV:0.5862 VA:1.1407 CE:0.1151
2025-12-23 10:42:02,530 - utils.logger2025-12-23-10.39.19 - INFO - Cur epoch 31 loss TA:0.6002 TV:0.6542 VA:1.1901 CE:0.0579
2025-12-23 10:42:02,933 - utils.logger2025-12-23-10.39.19 - INFO - Cur epoch 31 loss TA:0.5976 TV:0.6536 VA:1.1633 CE:0.0751
2025-12-23 10:42:03,325 - utils.logger2025-12-23-10.39.19 - INFO - Cur epoch 31 loss TA:0.5742 TV:0.6452 VA:1.1432 CE:0.1310
2025-12-23 10:42:03,774 - utils.logger2025-12-23-10.39.19 - INFO - Cur epoch 31 loss TA:0.5873 TV:0.6547 VA:1.2222 CE:0.0241
2025-12-23 10:42:04,316 - utils.logger2025-12-23-10.39.19 - INFO - Cur epoch 31 loss TA:0.5652 TV:0.6192 VA:1.1603 CE:0.0735
2025-12-23 10:42:04,831 - utils.logger2025-12-23-10.39.19 - INFO - Cur epoch 31 loss TA:0.5736 TV:0.5885 VA:1.1242 CE:0.1058
2025-12-23 10:42:04,942 - utils.logger2025-12-23-10.39.19 - INFO - saving the model at the end of epoch 31, iters 2201
2025-12-23 10:42:05,061 - utils.logger2025-12-23-10.39.19 - INFO - End of training epoch 31 / 40 	 Time Taken: 3 sec
2025-12-23 10:42:05,061 - utils.logger2025-12-23-10.39.19 - INFO - learning rate = 0.0001636
2025-12-23 10:42:05,724 - utils.logger2025-12-23-10.39.19 - INFO - Val result of epoch 31 / 40 acc 0.6978 uar 0.6794 f1 0.6982
2025-12-23 10:42:05,725 - utils.logger2025-12-23-10.39.19 - INFO - 
[[ 98   5  19   0]
 [  9  84  25   0]
 [ 18  34 129   1]
 [  1   3  37  40]]
2025-12-23 10:42:06,329 - utils.logger2025-12-23-10.39.19 - INFO - Tst result of epoch 31 / 40 acc 0.8201 uar 0.7523 f1 0.7600
2025-12-23 10:42:06,329 - utils.logger2025-12-23-10.39.19 - INFO - 
[[186   4  14   1]
 [ 14 160  11   0]
 [  8  10  56   2]
 [  2   5  24  31]]
2025-12-23 10:42:06,897 - utils.logger2025-12-23-10.39.19 - INFO - Cur epoch 32 loss TA:0.5676 TV:0.5924 VA:1.0642 CE:0.0879
2025-12-23 10:42:07,385 - utils.logger2025-12-23-10.39.19 - INFO - Cur epoch 32 loss TA:0.5953 TV:0.6243 VA:1.1673 CE:0.1985
2025-12-23 10:42:07,870 - utils.logger2025-12-23-10.39.19 - INFO - Cur epoch 32 loss TA:0.5871 TV:0.6395 VA:1.1102 CE:0.1016
2025-12-23 10:42:08,347 - utils.logger2025-12-23-10.39.19 - INFO - Cur epoch 32 loss TA:0.5568 TV:0.5942 VA:1.1222 CE:0.0796
2025-12-23 10:42:08,832 - utils.logger2025-12-23-10.39.19 - INFO - Cur epoch 32 loss TA:0.5867 TV:0.6249 VA:1.0963 CE:0.0881
2025-12-23 10:42:09,315 - utils.logger2025-12-23-10.39.19 - INFO - Cur epoch 32 loss TA:0.5828 TV:0.6540 VA:1.2149 CE:0.0803
2025-12-23 10:42:09,823 - utils.logger2025-12-23-10.39.19 - INFO - Cur epoch 32 loss TA:0.5880 TV:0.6369 VA:1.1548 CE:0.0529
2025-12-23 10:42:09,997 - utils.logger2025-12-23-10.39.19 - INFO - saving the model at the end of epoch 32, iters 2272
2025-12-23 10:42:10,098 - utils.logger2025-12-23-10.39.19 - INFO - End of training epoch 32 / 40 	 Time Taken: 3 sec
2025-12-23 10:42:10,098 - utils.logger2025-12-23-10.39.19 - INFO - learning rate = 0.0001455
2025-12-23 10:42:11,196 - utils.logger2025-12-23-10.39.19 - INFO - Val result of epoch 32 / 40 acc 0.7097 uar 0.7030 f1 0.7193
2025-12-23 10:42:11,196 - utils.logger2025-12-23-10.39.19 - INFO - 
[[ 95   5  22   0]
 [  9  82  26   1]
 [ 21  28 129   4]
 [  0   3  27  51]]
2025-12-23 10:42:12,042 - utils.logger2025-12-23-10.39.19 - INFO - Tst result of epoch 32 / 40 acc 0.8277 uar 0.7955 f1 0.7928
2025-12-23 10:42:12,042 - utils.logger2025-12-23-10.39.19 - INFO - 
[[178   6  18   3]
 [ 13 158  14   0]
 [  6   8  57   5]
 [  1   4  13  44]]
2025-12-23 10:42:12,711 - utils.logger2025-12-23-10.39.19 - INFO - Cur epoch 33 loss TA:0.6014 TV:0.6495 VA:1.1254 CE:0.2220
2025-12-23 10:42:13,189 - utils.logger2025-12-23-10.39.19 - INFO - Cur epoch 33 loss TA:0.5997 TV:0.6643 VA:1.1487 CE:0.0641
2025-12-23 10:42:13,667 - utils.logger2025-12-23-10.39.19 - INFO - Cur epoch 33 loss TA:0.5763 TV:0.6545 VA:1.1882 CE:0.1201
2025-12-23 10:42:14,142 - utils.logger2025-12-23-10.39.19 - INFO - Cur epoch 33 loss TA:0.5834 TV:0.6080 VA:1.0790 CE:0.0735
2025-12-23 10:42:14,672 - utils.logger2025-12-23-10.39.19 - INFO - Cur epoch 33 loss TA:0.6234 TV:0.6781 VA:1.1907 CE:0.0339
2025-12-23 10:42:15,292 - utils.logger2025-12-23-10.39.19 - INFO - Cur epoch 33 loss TA:0.6000 TV:0.6687 VA:1.1605 CE:0.1158
2025-12-23 10:42:15,742 - utils.logger2025-12-23-10.39.19 - INFO - Cur epoch 33 loss TA:0.5594 TV:0.5996 VA:1.1276 CE:0.0472
2025-12-23 10:42:15,913 - utils.logger2025-12-23-10.39.19 - INFO - saving the model at the end of epoch 33, iters 2343
2025-12-23 10:42:15,992 - utils.logger2025-12-23-10.39.19 - INFO - End of training epoch 33 / 40 	 Time Taken: 3 sec
2025-12-23 10:42:15,992 - utils.logger2025-12-23-10.39.19 - INFO - learning rate = 0.0001273
2025-12-23 10:42:16,747 - utils.logger2025-12-23-10.39.19 - INFO - Val result of epoch 33 / 40 acc 0.7078 uar 0.7094 f1 0.7191
2025-12-23 10:42:16,747 - utils.logger2025-12-23-10.39.19 - INFO - 
[[100   5  17   0]
 [  9  81  27   1]
 [ 30  25 121   6]
 [  1   3  23  54]]
2025-12-23 10:42:17,262 - utils.logger2025-12-23-10.39.19 - INFO - Tst result of epoch 33 / 40 acc 0.8314 uar 0.7940 f1 0.8012
2025-12-23 10:42:17,262 - utils.logger2025-12-23-10.39.19 - INFO - 
[[186   2  16   1]
 [ 23 154   8   0]
 [ 11   7  54   4]
 [  3   3  11  45]]
2025-12-23 10:42:17,818 - utils.logger2025-12-23-10.39.19 - INFO - Cur epoch 34 loss TA:0.5575 TV:0.5992 VA:1.1172 CE:0.0181
2025-12-23 10:42:18,363 - utils.logger2025-12-23-10.39.19 - INFO - Cur epoch 34 loss TA:0.5762 TV:0.6402 VA:1.1436 CE:0.0352
2025-12-23 10:42:18,904 - utils.logger2025-12-23-10.39.19 - INFO - Cur epoch 34 loss TA:0.5445 TV:0.5994 VA:1.0738 CE:0.0415
2025-12-23 10:42:19,563 - utils.logger2025-12-23-10.39.19 - INFO - Cur epoch 34 loss TA:0.5826 TV:0.6107 VA:1.1160 CE:0.0978
2025-12-23 10:42:19,986 - utils.logger2025-12-23-10.39.19 - INFO - Cur epoch 34 loss TA:0.5874 TV:0.6257 VA:1.0978 CE:0.0457
2025-12-23 10:42:20,369 - utils.logger2025-12-23-10.39.19 - INFO - Cur epoch 34 loss TA:0.5642 TV:0.6062 VA:1.0714 CE:0.1379
2025-12-23 10:42:20,826 - utils.logger2025-12-23-10.39.19 - INFO - Cur epoch 34 loss TA:0.5776 TV:0.6329 VA:1.1846 CE:0.0724
2025-12-23 10:42:21,083 - utils.logger2025-12-23-10.39.19 - INFO - saving the model at the end of epoch 34, iters 2414
2025-12-23 10:42:21,188 - utils.logger2025-12-23-10.39.19 - INFO - End of training epoch 34 / 40 	 Time Taken: 3 sec
2025-12-23 10:42:21,188 - utils.logger2025-12-23-10.39.19 - INFO - learning rate = 0.0001091
2025-12-23 10:42:21,759 - utils.logger2025-12-23-10.39.19 - INFO - Val result of epoch 34 / 40 acc 0.6958 uar 0.7142 f1 0.7108
2025-12-23 10:42:21,759 - utils.logger2025-12-23-10.39.19 - INFO - 
[[100   6  15   1]
 [  9  87  19   3]
 [ 29  41 104   8]
 [  0   1  21  59]]
2025-12-23 10:42:22,412 - utils.logger2025-12-23-10.39.19 - INFO - Tst result of epoch 34 / 40 acc 0.8504 uar 0.8189 f1 0.8169
2025-12-23 10:42:22,412 - utils.logger2025-12-23-10.39.19 - INFO - 
[[187   2  11   5]
 [ 18 159   8   0]
 [  8   9  53   6]
 [  0   1  11  50]]
2025-12-23 10:42:22,964 - utils.logger2025-12-23-10.39.19 - INFO - Cur epoch 35 loss TA:0.5870 TV:0.6302 VA:1.0943 CE:0.0738
2025-12-23 10:42:23,491 - utils.logger2025-12-23-10.39.19 - INFO - Cur epoch 35 loss TA:0.6079 TV:0.6782 VA:1.1369 CE:0.0619
2025-12-23 10:42:24,012 - utils.logger2025-12-23-10.39.19 - INFO - Cur epoch 35 loss TA:0.5802 TV:0.6182 VA:1.1014 CE:0.0237
2025-12-23 10:42:24,420 - utils.logger2025-12-23-10.39.19 - INFO - Cur epoch 35 loss TA:0.5826 TV:0.6497 VA:1.1373 CE:0.1116
2025-12-23 10:42:24,886 - utils.logger2025-12-23-10.39.19 - INFO - Cur epoch 35 loss TA:0.5578 TV:0.5718 VA:1.0801 CE:0.0741
2025-12-23 10:42:25,385 - utils.logger2025-12-23-10.39.19 - INFO - Cur epoch 35 loss TA:0.5715 TV:0.5997 VA:1.1156 CE:0.0815
2025-12-23 10:42:25,878 - utils.logger2025-12-23-10.39.19 - INFO - Cur epoch 35 loss TA:0.5896 TV:0.6318 VA:1.1272 CE:0.0985
2025-12-23 10:42:26,167 - utils.logger2025-12-23-10.39.19 - INFO - saving the model at the end of epoch 35, iters 2485
2025-12-23 10:42:26,275 - utils.logger2025-12-23-10.39.19 - INFO - End of training epoch 35 / 40 	 Time Taken: 3 sec
2025-12-23 10:42:26,275 - utils.logger2025-12-23-10.39.19 - INFO - learning rate = 0.0000909
2025-12-23 10:42:26,682 - utils.logger2025-12-23-10.39.19 - INFO - Val result of epoch 35 / 40 acc 0.7157 uar 0.7188 f1 0.7277
2025-12-23 10:42:26,682 - utils.logger2025-12-23-10.39.19 - INFO - 
[[ 89   8  25   0]
 [  6  87  22   3]
 [ 19  29 126   8]
 [  0   2  21  58]]
2025-12-23 10:42:27,159 - utils.logger2025-12-23-10.39.19 - INFO - Tst result of epoch 35 / 40 acc 0.8466 uar 0.8166 f1 0.8116
2025-12-23 10:42:27,160 - utils.logger2025-12-23-10.39.19 - INFO - 
[[176   8  17   4]
 [  7 167  11   0]
 [  4   9  58   5]
 [  0   4  12  46]]
2025-12-23 10:42:27,995 - utils.logger2025-12-23-10.39.19 - INFO - Cur epoch 36 loss TA:0.5646 TV:0.6014 VA:1.1119 CE:0.0600
2025-12-23 10:42:28,529 - utils.logger2025-12-23-10.39.19 - INFO - Cur epoch 36 loss TA:0.5760 TV:0.6254 VA:1.1152 CE:0.0351
2025-12-23 10:42:29,173 - utils.logger2025-12-23-10.39.19 - INFO - Cur epoch 36 loss TA:0.5587 TV:0.6110 VA:1.0899 CE:0.0322
2025-12-23 10:42:29,676 - utils.logger2025-12-23-10.39.19 - INFO - Cur epoch 36 loss TA:0.5950 TV:0.6449 VA:1.1366 CE:0.1115
2025-12-23 10:42:30,175 - utils.logger2025-12-23-10.39.19 - INFO - Cur epoch 36 loss TA:0.5836 TV:0.6290 VA:1.1050 CE:0.0536
2025-12-23 10:42:30,751 - utils.logger2025-12-23-10.39.19 - INFO - Cur epoch 36 loss TA:0.5612 TV:0.5957 VA:1.1250 CE:0.0442
2025-12-23 10:42:31,216 - utils.logger2025-12-23-10.39.19 - INFO - Cur epoch 36 loss TA:0.5785 TV:0.6261 VA:1.1011 CE:0.1604
2025-12-23 10:42:31,470 - utils.logger2025-12-23-10.39.19 - INFO - saving the model at the end of epoch 36, iters 2556
2025-12-23 10:42:31,565 - utils.logger2025-12-23-10.39.19 - INFO - End of training epoch 36 / 40 	 Time Taken: 4 sec
2025-12-23 10:42:31,566 - utils.logger2025-12-23-10.39.19 - INFO - learning rate = 0.0000727
2025-12-23 10:42:32,289 - utils.logger2025-12-23-10.39.19 - INFO - Val result of epoch 36 / 40 acc 0.7376 uar 0.7240 f1 0.7448
2025-12-23 10:42:32,290 - utils.logger2025-12-23-10.39.19 - INFO - 
[[ 90   5  27   0]
 [  6  82  28   2]
 [ 15  17 145   5]
 [  0   1  26  54]]
2025-12-23 10:42:33,009 - utils.logger2025-12-23-10.39.19 - INFO - Tst result of epoch 36 / 40 acc 0.8258 uar 0.7916 f1 0.7877
2025-12-23 10:42:33,009 - utils.logger2025-12-23-10.39.19 - INFO - 
[[177   3  22   3]
 [  9 159  17   0]
 [  5  10  57   4]
 [  0   2  17  43]]
2025-12-23 10:42:33,396 - utils.logger2025-12-23-10.39.19 - INFO - Cur epoch 37 loss TA:0.5831 TV:0.6319 VA:1.1435 CE:0.0505
2025-12-23 10:42:33,969 - utils.logger2025-12-23-10.39.19 - INFO - Cur epoch 37 loss TA:0.5604 TV:0.5971 VA:1.0712 CE:0.0893
2025-12-23 10:42:34,430 - utils.logger2025-12-23-10.39.19 - INFO - Cur epoch 37 loss TA:0.5534 TV:0.5776 VA:1.0384 CE:0.0138
2025-12-23 10:42:34,946 - utils.logger2025-12-23-10.39.19 - INFO - Cur epoch 37 loss TA:0.5358 TV:0.5853 VA:1.0877 CE:0.0217
2025-12-23 10:42:35,530 - utils.logger2025-12-23-10.39.19 - INFO - Cur epoch 37 loss TA:0.5152 TV:0.5636 VA:1.0112 CE:0.0432
2025-12-23 10:42:36,083 - utils.logger2025-12-23-10.39.19 - INFO - Cur epoch 37 loss TA:0.5629 TV:0.6117 VA:1.0788 CE:0.0690
2025-12-23 10:42:36,616 - utils.logger2025-12-23-10.39.19 - INFO - Cur epoch 37 loss TA:0.5644 TV:0.6264 VA:1.1299 CE:0.0105
2025-12-23 10:42:37,018 - utils.logger2025-12-23-10.39.19 - INFO - saving the model at the end of epoch 37, iters 2627
2025-12-23 10:42:37,126 - utils.logger2025-12-23-10.39.19 - INFO - End of training epoch 37 / 40 	 Time Taken: 4 sec
2025-12-23 10:42:37,126 - utils.logger2025-12-23-10.39.19 - INFO - learning rate = 0.0000545
2025-12-23 10:42:37,756 - utils.logger2025-12-23-10.39.19 - INFO - Val result of epoch 37 / 40 acc 0.7097 uar 0.7245 f1 0.7232
2025-12-23 10:42:37,757 - utils.logger2025-12-23-10.39.19 - INFO - 
[[101   5  16   0]
 [ 10  87  18   3]
 [ 30  34 110   8]
 [  1   1  20  59]]
2025-12-23 10:42:38,097 - utils.logger2025-12-23-10.39.19 - INFO - Tst result of epoch 37 / 40 acc 0.8409 uar 0.7947 f1 0.8026
2025-12-23 10:42:38,097 - utils.logger2025-12-23-10.39.19 - INFO - 
[[188   3  12   2]
 [ 17 160   8   0]
 [ 11   9  51   5]
 [  2   4  11  45]]
2025-12-23 10:42:38,639 - utils.logger2025-12-23-10.39.19 - INFO - Cur epoch 38 loss TA:0.5849 TV:0.6188 VA:1.1330 CE:0.0079
2025-12-23 10:42:39,220 - utils.logger2025-12-23-10.39.19 - INFO - Cur epoch 38 loss TA:0.5603 TV:0.6029 VA:1.0696 CE:0.0283
2025-12-23 10:42:39,666 - utils.logger2025-12-23-10.39.19 - INFO - Cur epoch 38 loss TA:0.5564 TV:0.5923 VA:1.0681 CE:0.0469
2025-12-23 10:42:40,091 - utils.logger2025-12-23-10.39.19 - INFO - Cur epoch 38 loss TA:0.5632 TV:0.6365 VA:1.1320 CE:0.0134
2025-12-23 10:42:40,556 - utils.logger2025-12-23-10.39.19 - INFO - Cur epoch 38 loss TA:0.5596 TV:0.6141 VA:1.0491 CE:0.0789
2025-12-23 10:42:41,037 - utils.logger2025-12-23-10.39.19 - INFO - Cur epoch 38 loss TA:0.5734 TV:0.5978 VA:1.0883 CE:0.0724
2025-12-23 10:42:41,531 - utils.logger2025-12-23-10.39.19 - INFO - Cur epoch 38 loss TA:0.5643 TV:0.6477 VA:1.1288 CE:0.0632
2025-12-23 10:42:42,035 - utils.logger2025-12-23-10.39.19 - INFO - saving the model at the end of epoch 38, iters 2698
2025-12-23 10:42:42,146 - utils.logger2025-12-23-10.39.19 - INFO - End of training epoch 38 / 40 	 Time Taken: 4 sec
2025-12-23 10:42:42,146 - utils.logger2025-12-23-10.39.19 - INFO - learning rate = 0.0000364
2025-12-23 10:42:42,684 - utils.logger2025-12-23-10.39.19 - INFO - Val result of epoch 38 / 40 acc 0.7117 uar 0.7228 f1 0.7246
2025-12-23 10:42:42,684 - utils.logger2025-12-23-10.39.19 - INFO - 
[[ 95   6  21   0]
 [  8  86  21   3]
 [ 21  33 117  11]
 [  1   1  19  60]]
2025-12-23 10:42:43,053 - utils.logger2025-12-23-10.39.19 - INFO - Tst result of epoch 38 / 40 acc 0.8580 uar 0.8350 f1 0.8279
2025-12-23 10:42:43,053 - utils.logger2025-12-23-10.39.19 - INFO - 
[[181   4  16   4]
 [ 10 165  10   0]
 [  8   8  54   6]
 [  0   1   8  53]]
2025-12-23 10:42:43,292 - utils.logger2025-12-23-10.39.19 - INFO - Cur epoch 39 loss TA:0.5604 TV:0.6057 VA:1.0231 CE:0.0892
2025-12-23 10:42:43,790 - utils.logger2025-12-23-10.39.19 - INFO - Cur epoch 39 loss TA:0.5466 TV:0.6025 VA:1.0847 CE:0.0086
2025-12-23 10:42:44,237 - utils.logger2025-12-23-10.39.19 - INFO - Cur epoch 39 loss TA:0.5867 TV:0.6272 VA:1.1002 CE:0.1057
2025-12-23 10:42:44,782 - utils.logger2025-12-23-10.39.19 - INFO - Cur epoch 39 loss TA:0.5285 TV:0.5675 VA:1.0758 CE:0.0131
2025-12-23 10:42:45,372 - utils.logger2025-12-23-10.39.19 - INFO - Cur epoch 39 loss TA:0.5463 TV:0.5725 VA:0.9944 CE:0.0119
2025-12-23 10:42:45,848 - utils.logger2025-12-23-10.39.19 - INFO - Cur epoch 39 loss TA:0.5747 TV:0.5910 VA:1.0499 CE:0.0182
2025-12-23 10:42:46,276 - utils.logger2025-12-23-10.39.19 - INFO - Cur epoch 39 loss TA:0.5299 TV:0.6013 VA:1.1007 CE:0.1101
2025-12-23 10:42:46,722 - utils.logger2025-12-23-10.39.19 - INFO - saving the model at the end of epoch 39, iters 2769
2025-12-23 10:42:46,828 - utils.logger2025-12-23-10.39.19 - INFO - End of training epoch 39 / 40 	 Time Taken: 3 sec
2025-12-23 10:42:46,828 - utils.logger2025-12-23-10.39.19 - INFO - learning rate = 0.0000182
2025-12-23 10:42:47,629 - utils.logger2025-12-23-10.39.19 - INFO - Val result of epoch 39 / 40 acc 0.7237 uar 0.7227 f1 0.7336
2025-12-23 10:42:47,630 - utils.logger2025-12-23-10.39.19 - INFO - 
[[ 94   6  22   0]
 [  8  85  22   3]
 [ 19  29 129   5]
 [  1   3  21  56]]
2025-12-23 10:42:48,853 - utils.logger2025-12-23-10.39.19 - INFO - Tst result of epoch 39 / 40 acc 0.8466 uar 0.8046 f1 0.8068
2025-12-23 10:42:48,854 - utils.logger2025-12-23-10.39.19 - INFO - 
[[182   4  17   2]
 [ 11 166   8   0]
 [  7   9  55   5]
 [  1   3  14  44]]
2025-12-23 10:42:49,481 - utils.logger2025-12-23-10.39.19 - INFO - Cur epoch 40 loss TA:0.5433 TV:0.5475 VA:1.0358 CE:0.0233
2025-12-23 10:42:50,093 - utils.logger2025-12-23-10.39.19 - INFO - Cur epoch 40 loss TA:0.5621 TV:0.6247 VA:1.0658 CE:0.0869
2025-12-23 10:42:50,578 - utils.logger2025-12-23-10.39.19 - INFO - Cur epoch 40 loss TA:0.5535 TV:0.5812 VA:1.0457 CE:0.0468
2025-12-23 10:42:51,120 - utils.logger2025-12-23-10.39.19 - INFO - Cur epoch 40 loss TA:0.5731 TV:0.6476 VA:1.1097 CE:0.0439
2025-12-23 10:42:51,687 - utils.logger2025-12-23-10.39.19 - INFO - Cur epoch 40 loss TA:0.5630 TV:0.6126 VA:1.0577 CE:0.0239
2025-12-23 10:42:52,241 - utils.logger2025-12-23-10.39.19 - INFO - Cur epoch 40 loss TA:0.5719 TV:0.6346 VA:1.1103 CE:0.0138
2025-12-23 10:42:52,904 - utils.logger2025-12-23-10.39.19 - INFO - Cur epoch 40 loss TA:0.5761 TV:0.6180 VA:1.0961 CE:0.0420
2025-12-23 10:42:53,577 - utils.logger2025-12-23-10.39.19 - INFO - Cur epoch 40 loss TA:0.3251 TV:0.3669 VA:0.4878 CE:0.0627
2025-12-23 10:42:53,623 - utils.logger2025-12-23-10.39.19 - INFO - saving the model at the end of epoch 40, iters 2840
2025-12-23 10:42:53,730 - utils.logger2025-12-23-10.39.19 - INFO - End of training epoch 40 / 40 	 Time Taken: 4 sec
2025-12-23 10:42:53,731 - utils.logger2025-12-23-10.39.19 - INFO - learning rate = 0.0000000
2025-12-23 10:42:54,658 - utils.logger2025-12-23-10.39.19 - INFO - Val result of epoch 40 / 40 acc 0.7316 uar 0.7317 f1 0.7408
2025-12-23 10:42:54,658 - utils.logger2025-12-23-10.39.19 - INFO - 
[[ 93   6  23   0]
 [  8  86  21   3]
 [ 17  25 131   9]
 [  0   1  22  58]]
2025-12-23 10:42:55,109 - utils.logger2025-12-23-10.39.19 - INFO - Tst result of epoch 40 / 40 acc 0.8371 uar 0.8047 f1 0.8006
2025-12-23 10:42:55,110 - utils.logger2025-12-23-10.39.19 - INFO - 
[[180   4  18   3]
 [ 10 160  15   0]
 [  6   8  57   5]
 [  0   3  14  45]]
2025-12-23 10:42:55,110 - utils.logger2025-12-23-10.39.19 - INFO - Best eval epoch 21 found with uar 0.842625
