2026-03-03 20:24:20,530 - utils.logger2026-03-03-20.24.13 - INFO - The number of training samples = 1750
2026-03-03 20:24:20,531 - utils.logger2026-03-03-20.24.13 - INFO - The number of testing samples = 1344
2026-03-03 20:24:23,336 - utils.logger2026-03-03-20.24.13 - INFO - Cur epoch 1 loss CE:8.9321 mse:9.4339 consistent:4.9593
2026-03-03 20:24:23,856 - utils.logger2026-03-03-20.24.13 - INFO - Cur epoch 1 loss CE:5.5611 mse:2.9665 consistent:4.6887
2026-03-03 20:24:24,414 - utils.logger2026-03-03-20.24.13 - INFO - saving the model at the end of epoch 1, iters 28
2026-03-03 20:24:24,534 - utils.logger2026-03-03-20.24.13 - INFO - End of training epoch 1 / 40 	 Time Taken: 3 sec
2026-03-03 20:24:24,534 - utils.logger2026-03-03-20.24.13 - INFO - learning rate = 0.0002000
2026-03-03 20:24:26,286 - utils.logger2026-03-03-20.24.13 - INFO - Val result of epoch 1 / 40 mae 1.3841 corr 0.0026 f1 0.4898
2026-03-03 20:24:28,036 - utils.logger2026-03-03-20.24.13 - INFO - Tst result of epoch 1 / 40 mae 1.3621 corr -0.0015 f1 0.4829
2026-03-03 20:24:29,178 - utils.logger2026-03-03-20.24.13 - INFO - Cur epoch 2 loss CE:3.2096 mse:2.2674 consistent:4.4189
2026-03-03 20:24:29,713 - utils.logger2026-03-03-20.24.13 - INFO - Cur epoch 2 loss CE:3.0194 mse:1.7795 consistent:4.2739
2026-03-03 20:24:30,274 - utils.logger2026-03-03-20.24.13 - INFO - Cur epoch 2 loss CE:2.6688 mse:1.4941 consistent:4.1254
2026-03-03 20:24:30,725 - utils.logger2026-03-03-20.24.13 - INFO - saving the model at the end of epoch 2, iters 56
2026-03-03 20:24:30,848 - utils.logger2026-03-03-20.24.13 - INFO - End of training epoch 2 / 40 	 Time Taken: 2 sec
2026-03-03 20:24:30,849 - utils.logger2026-03-03-20.24.13 - INFO - learning rate = 0.0002000
2026-03-03 20:24:32,617 - utils.logger2026-03-03-20.24.13 - INFO - Val result of epoch 2 / 40 mae 1.3545 corr 0.1690 f1 0.5535
2026-03-03 20:24:34,456 - utils.logger2026-03-03-20.24.13 - INFO - Tst result of epoch 2 / 40 mae 1.3512 corr 0.0669 f1 0.5294
2026-03-03 20:24:35,738 - utils.logger2026-03-03-20.24.13 - INFO - Cur epoch 3 loss CE:3.0116 mse:1.1164 consistent:3.8922
2026-03-03 20:24:36,347 - utils.logger2026-03-03-20.24.13 - INFO - Cur epoch 3 loss CE:2.3674 mse:1.1341 consistent:3.9579
2026-03-03 20:24:36,904 - utils.logger2026-03-03-20.24.13 - INFO - Cur epoch 3 loss CE:2.8084 mse:1.0878 consistent:3.7076
2026-03-03 20:24:37,291 - utils.logger2026-03-03-20.24.13 - INFO - saving the model at the end of epoch 3, iters 84
2026-03-03 20:24:37,411 - utils.logger2026-03-03-20.24.13 - INFO - End of training epoch 3 / 40 	 Time Taken: 2 sec
2026-03-03 20:24:37,411 - utils.logger2026-03-03-20.24.13 - INFO - learning rate = 0.0002000
2026-03-03 20:24:39,237 - utils.logger2026-03-03-20.24.13 - INFO - Val result of epoch 3 / 40 mae 1.3459 corr 0.2731 f1 0.5599
2026-03-03 20:24:41,035 - utils.logger2026-03-03-20.24.13 - INFO - Tst result of epoch 3 / 40 mae 1.3394 corr 0.2101 f1 0.5579
2026-03-03 20:24:42,456 - utils.logger2026-03-03-20.24.13 - INFO - Cur epoch 4 loss CE:2.7613 mse:1.0635 consistent:3.5323
2026-03-03 20:24:43,077 - utils.logger2026-03-03-20.24.13 - INFO - Cur epoch 4 loss CE:2.5568 mse:1.0093 consistent:3.3404
2026-03-03 20:24:43,676 - utils.logger2026-03-03-20.24.13 - INFO - Cur epoch 4 loss CE:2.5266 mse:1.0062 consistent:3.2394
2026-03-03 20:24:43,940 - utils.logger2026-03-03-20.24.13 - INFO - saving the model at the end of epoch 4, iters 112
2026-03-03 20:24:44,068 - utils.logger2026-03-03-20.24.13 - INFO - End of training epoch 4 / 40 	 Time Taken: 3 sec
2026-03-03 20:24:44,069 - utils.logger2026-03-03-20.24.13 - INFO - learning rate = 0.0002000
2026-03-03 20:24:45,894 - utils.logger2026-03-03-20.24.13 - INFO - Val result of epoch 4 / 40 mae 1.3493 corr 0.3014 f1 0.5943
2026-03-03 20:24:47,688 - utils.logger2026-03-03-20.24.13 - INFO - Tst result of epoch 4 / 40 mae 1.3488 corr 0.2155 f1 0.5478
2026-03-03 20:24:49,267 - utils.logger2026-03-03-20.24.13 - INFO - Cur epoch 5 loss CE:2.2634 mse:0.9498 consistent:3.0029
2026-03-03 20:24:49,889 - utils.logger2026-03-03-20.24.13 - INFO - Cur epoch 5 loss CE:2.1042 mse:0.9738 consistent:3.1049
2026-03-03 20:24:50,519 - utils.logger2026-03-03-20.24.13 - INFO - Cur epoch 5 loss CE:2.9985 mse:0.8837 consistent:2.9266
2026-03-03 20:24:50,686 - utils.logger2026-03-03-20.24.13 - INFO - saving the model at the end of epoch 5, iters 140
2026-03-03 20:24:50,840 - utils.logger2026-03-03-20.24.13 - INFO - End of training epoch 5 / 40 	 Time Taken: 3 sec
2026-03-03 20:24:50,841 - utils.logger2026-03-03-20.24.13 - INFO - learning rate = 0.0002000
2026-03-03 20:24:52,632 - utils.logger2026-03-03-20.24.13 - INFO - Val result of epoch 5 / 40 mae 1.3368 corr 0.3500 f1 0.6543
2026-03-03 20:24:54,462 - utils.logger2026-03-03-20.24.13 - INFO - Tst result of epoch 5 / 40 mae 1.3298 corr 0.2711 f1 0.5985
2026-03-03 20:24:56,192 - utils.logger2026-03-03-20.24.13 - INFO - Cur epoch 6 loss CE:2.3486 mse:0.7967 consistent:2.6084
2026-03-03 20:24:56,825 - utils.logger2026-03-03-20.24.13 - INFO - Cur epoch 6 loss CE:2.9016 mse:0.6816 consistent:2.1815
2026-03-03 20:24:57,483 - utils.logger2026-03-03-20.24.13 - INFO - saving the model at the end of epoch 6, iters 168
2026-03-03 20:24:57,606 - utils.logger2026-03-03-20.24.13 - INFO - End of training epoch 6 / 40 	 Time Taken: 3 sec
2026-03-03 20:24:57,606 - utils.logger2026-03-03-20.24.13 - INFO - learning rate = 0.0002000
2026-03-03 20:24:59,366 - utils.logger2026-03-03-20.24.13 - INFO - Val result of epoch 6 / 40 mae 1.3320 corr 0.3172 f1 0.6477
2026-03-03 20:25:01,197 - utils.logger2026-03-03-20.24.13 - INFO - Tst result of epoch 6 / 40 mae 1.3306 corr 0.2100 f1 0.5937
2026-03-03 20:25:02,379 - utils.logger2026-03-03-20.24.13 - INFO - Cur epoch 7 loss CE:2.4739 mse:0.7566 consistent:1.6921
2026-03-03 20:25:02,932 - utils.logger2026-03-03-20.24.13 - INFO - Cur epoch 7 loss CE:2.0444 mse:0.8128 consistent:1.7078
2026-03-03 20:25:03,485 - utils.logger2026-03-03-20.24.13 - INFO - Cur epoch 7 loss CE:2.5033 mse:0.5831 consistent:1.3502
2026-03-03 20:25:04,008 - utils.logger2026-03-03-20.24.13 - INFO - saving the model at the end of epoch 7, iters 196
2026-03-03 20:25:04,140 - utils.logger2026-03-03-20.24.13 - INFO - End of training epoch 7 / 40 	 Time Taken: 2 sec
2026-03-03 20:25:04,140 - utils.logger2026-03-03-20.24.13 - INFO - learning rate = 0.0002000
2026-03-03 20:25:05,969 - utils.logger2026-03-03-20.24.13 - INFO - Val result of epoch 7 / 40 mae 1.3240 corr 0.3467 f1 0.6304
2026-03-03 20:25:07,788 - utils.logger2026-03-03-20.24.13 - INFO - Tst result of epoch 7 / 40 mae 1.3194 corr 0.2848 f1 0.6038
2026-03-03 20:25:09,087 - utils.logger2026-03-03-20.24.13 - INFO - Cur epoch 8 loss CE:2.4999 mse:0.7554 consistent:1.3572
2026-03-03 20:25:09,650 - utils.logger2026-03-03-20.24.13 - INFO - Cur epoch 8 loss CE:2.7628 mse:0.7001 consistent:1.2828
2026-03-03 20:25:10,184 - utils.logger2026-03-03-20.24.13 - INFO - Cur epoch 8 loss CE:2.6757 mse:0.6840 consistent:1.1585
2026-03-03 20:25:10,533 - utils.logger2026-03-03-20.24.13 - INFO - saving the model at the end of epoch 8, iters 224
2026-03-03 20:25:10,662 - utils.logger2026-03-03-20.24.13 - INFO - End of training epoch 8 / 40 	 Time Taken: 2 sec
2026-03-03 20:25:10,662 - utils.logger2026-03-03-20.24.13 - INFO - learning rate = 0.0002000
2026-03-03 20:25:12,426 - utils.logger2026-03-03-20.24.13 - INFO - Val result of epoch 8 / 40 mae 1.2867 corr 0.3876 f1 0.6725
2026-03-03 20:25:14,203 - utils.logger2026-03-03-20.24.13 - INFO - Tst result of epoch 8 / 40 mae 1.2942 corr 0.3261 f1 0.6235
2026-03-03 20:25:15,560 - utils.logger2026-03-03-20.24.13 - INFO - Cur epoch 9 loss CE:2.5619 mse:0.8385 consistent:1.2306
2026-03-03 20:25:16,071 - utils.logger2026-03-03-20.24.13 - INFO - Cur epoch 9 loss CE:2.7238 mse:0.6490 consistent:1.0587
2026-03-03 20:25:16,585 - utils.logger2026-03-03-20.24.13 - INFO - Cur epoch 9 loss CE:2.6817 mse:0.4972 consistent:1.0867
2026-03-03 20:25:16,827 - utils.logger2026-03-03-20.24.13 - INFO - saving the model at the end of epoch 9, iters 252
2026-03-03 20:25:16,956 - utils.logger2026-03-03-20.24.13 - INFO - End of training epoch 9 / 40 	 Time Taken: 2 sec
2026-03-03 20:25:16,956 - utils.logger2026-03-03-20.24.13 - INFO - learning rate = 0.0002000
2026-03-03 20:25:18,687 - utils.logger2026-03-03-20.24.13 - INFO - Val result of epoch 9 / 40 mae 1.3165 corr 0.3804 f1 0.6085
2026-03-03 20:25:20,439 - utils.logger2026-03-03-20.24.13 - INFO - Tst result of epoch 9 / 40 mae 1.3257 corr 0.2898 f1 0.5727
2026-03-03 20:25:21,899 - utils.logger2026-03-03-20.24.13 - INFO - Cur epoch 10 loss CE:2.2814 mse:0.3574 consistent:1.0827
2026-03-03 20:25:22,409 - utils.logger2026-03-03-20.24.13 - INFO - Cur epoch 10 loss CE:2.4788 mse:0.4723 consistent:1.1166
2026-03-03 20:25:22,941 - utils.logger2026-03-03-20.24.13 - INFO - Cur epoch 10 loss CE:1.7272 mse:0.3533 consistent:1.0377
2026-03-03 20:25:23,088 - utils.logger2026-03-03-20.24.13 - INFO - saving the model at the end of epoch 10, iters 280
2026-03-03 20:25:23,209 - utils.logger2026-03-03-20.24.13 - INFO - End of training epoch 10 / 40 	 Time Taken: 2 sec
2026-03-03 20:25:23,209 - utils.logger2026-03-03-20.24.13 - INFO - learning rate = 0.0002000
2026-03-03 20:25:24,967 - utils.logger2026-03-03-20.24.13 - INFO - Val result of epoch 10 / 40 mae 1.2771 corr 0.4101 f1 0.6260
2026-03-03 20:25:26,724 - utils.logger2026-03-03-20.24.13 - INFO - Tst result of epoch 10 / 40 mae 1.2974 corr 0.3542 f1 0.5932
2026-03-03 20:25:28,280 - utils.logger2026-03-03-20.24.13 - INFO - Cur epoch 11 loss CE:2.5120 mse:0.3657 consistent:1.0749
2026-03-03 20:25:28,808 - utils.logger2026-03-03-20.24.13 - INFO - Cur epoch 11 loss CE:2.2157 mse:0.3552 consistent:0.9768
2026-03-03 20:25:29,413 - utils.logger2026-03-03-20.24.13 - INFO - saving the model at the end of epoch 11, iters 308
2026-03-03 20:25:29,539 - utils.logger2026-03-03-20.24.13 - INFO - End of training epoch 11 / 40 	 Time Taken: 2 sec
2026-03-03 20:25:29,540 - utils.logger2026-03-03-20.24.13 - INFO - learning rate = 0.0002000
2026-03-03 20:25:31,412 - utils.logger2026-03-03-20.24.13 - INFO - Val result of epoch 11 / 40 mae 1.2757 corr 0.4099 f1 0.6056
2026-03-03 20:25:33,223 - utils.logger2026-03-03-20.24.13 - INFO - Tst result of epoch 11 / 40 mae 1.3022 corr 0.3146 f1 0.5732
2026-03-03 20:25:34,406 - utils.logger2026-03-03-20.24.13 - INFO - Cur epoch 12 loss CE:2.8346 mse:0.4012 consistent:0.9507
2026-03-03 20:25:35,009 - utils.logger2026-03-03-20.24.13 - INFO - Cur epoch 12 loss CE:1.8317 mse:0.3673 consistent:0.9890
2026-03-03 20:25:35,571 - utils.logger2026-03-03-20.24.13 - INFO - Cur epoch 12 loss CE:2.2914 mse:0.3065 consistent:1.0059
2026-03-03 20:25:36,098 - utils.logger2026-03-03-20.24.13 - INFO - saving the model at the end of epoch 12, iters 336
2026-03-03 20:25:36,230 - utils.logger2026-03-03-20.24.13 - INFO - End of training epoch 12 / 40 	 Time Taken: 3 sec
2026-03-03 20:25:36,231 - utils.logger2026-03-03-20.24.13 - INFO - learning rate = 0.0002000
2026-03-03 20:25:38,016 - utils.logger2026-03-03-20.24.13 - INFO - Val result of epoch 12 / 40 mae 1.2455 corr 0.4150 f1 0.6751
2026-03-03 20:25:39,808 - utils.logger2026-03-03-20.24.13 - INFO - Tst result of epoch 12 / 40 mae 1.2732 corr 0.3421 f1 0.6279
2026-03-03 20:25:41,087 - utils.logger2026-03-03-20.24.13 - INFO - Cur epoch 13 loss CE:2.1585 mse:0.3187 consistent:0.9975
2026-03-03 20:25:41,682 - utils.logger2026-03-03-20.24.13 - INFO - Cur epoch 13 loss CE:2.5811 mse:0.3164 consistent:1.0134
2026-03-03 20:25:42,295 - utils.logger2026-03-03-20.24.13 - INFO - Cur epoch 13 loss CE:2.0700 mse:0.4257 consistent:0.9894
2026-03-03 20:25:42,686 - utils.logger2026-03-03-20.24.13 - INFO - saving the model at the end of epoch 13, iters 364
2026-03-03 20:25:42,814 - utils.logger2026-03-03-20.24.13 - INFO - End of training epoch 13 / 40 	 Time Taken: 3 sec
2026-03-03 20:25:42,814 - utils.logger2026-03-03-20.24.13 - INFO - learning rate = 0.0002000
2026-03-03 20:25:44,642 - utils.logger2026-03-03-20.24.13 - INFO - Val result of epoch 13 / 40 mae 1.2424 corr 0.4084 f1 0.6348
2026-03-03 20:25:46,434 - utils.logger2026-03-03-20.24.13 - INFO - Tst result of epoch 13 / 40 mae 1.2711 corr 0.3476 f1 0.6210
2026-03-03 20:25:47,822 - utils.logger2026-03-03-20.24.13 - INFO - Cur epoch 14 loss CE:2.5546 mse:0.3323 consistent:0.9255
2026-03-03 20:25:48,399 - utils.logger2026-03-03-20.24.13 - INFO - Cur epoch 14 loss CE:1.8333 mse:0.3697 consistent:0.8854
2026-03-03 20:25:48,999 - utils.logger2026-03-03-20.24.13 - INFO - Cur epoch 14 loss CE:1.8972 mse:0.2426 consistent:0.8104
2026-03-03 20:25:49,273 - utils.logger2026-03-03-20.24.13 - INFO - saving the model at the end of epoch 14, iters 392
2026-03-03 20:25:49,395 - utils.logger2026-03-03-20.24.13 - INFO - End of training epoch 14 / 40 	 Time Taken: 2 sec
2026-03-03 20:25:49,396 - utils.logger2026-03-03-20.24.13 - INFO - learning rate = 0.0002000
2026-03-03 20:25:51,242 - utils.logger2026-03-03-20.24.13 - INFO - Val result of epoch 14 / 40 mae 1.2197 corr 0.4253 f1 0.6531
2026-03-03 20:25:53,036 - utils.logger2026-03-03-20.24.13 - INFO - Tst result of epoch 14 / 40 mae 1.2535 corr 0.3756 f1 0.6342
2026-03-03 20:25:54,524 - utils.logger2026-03-03-20.24.13 - INFO - Cur epoch 15 loss CE:1.8590 mse:0.2387 consistent:0.8660
2026-03-03 20:25:55,118 - utils.logger2026-03-03-20.24.13 - INFO - Cur epoch 15 loss CE:2.3140 mse:0.2847 consistent:0.9305
2026-03-03 20:25:55,658 - utils.logger2026-03-03-20.24.13 - INFO - Cur epoch 15 loss CE:2.5381 mse:0.3155 consistent:0.8798
2026-03-03 20:25:55,813 - utils.logger2026-03-03-20.24.13 - INFO - saving the model at the end of epoch 15, iters 420
2026-03-03 20:25:55,968 - utils.logger2026-03-03-20.24.13 - INFO - End of training epoch 15 / 40 	 Time Taken: 2 sec
2026-03-03 20:25:55,968 - utils.logger2026-03-03-20.24.13 - INFO - learning rate = 0.0002000
2026-03-03 20:25:57,787 - utils.logger2026-03-03-20.24.13 - INFO - Val result of epoch 15 / 40 mae 1.2092 corr 0.4496 f1 0.6594
2026-03-03 20:25:59,568 - utils.logger2026-03-03-20.24.13 - INFO - Tst result of epoch 15 / 40 mae 1.2447 corr 0.4068 f1 0.6390
2026-03-03 20:26:01,209 - utils.logger2026-03-03-20.24.13 - INFO - Cur epoch 16 loss CE:2.1773 mse:0.2944 consistent:0.9652
2026-03-03 20:26:01,847 - utils.logger2026-03-03-20.24.13 - INFO - Cur epoch 16 loss CE:1.8157 mse:0.2179 consistent:0.8716
2026-03-03 20:26:02,503 - utils.logger2026-03-03-20.24.13 - INFO - saving the model at the end of epoch 16, iters 448
2026-03-03 20:26:02,630 - utils.logger2026-03-03-20.24.13 - INFO - End of training epoch 16 / 40 	 Time Taken: 3 sec
2026-03-03 20:26:02,630 - utils.logger2026-03-03-20.24.13 - INFO - learning rate = 0.0002000
2026-03-03 20:26:04,473 - utils.logger2026-03-03-20.24.13 - INFO - Val result of epoch 16 / 40 mae 1.1900 corr 0.4503 f1 0.6872
2026-03-03 20:26:06,256 - utils.logger2026-03-03-20.24.13 - INFO - Tst result of epoch 16 / 40 mae 1.2202 corr 0.4070 f1 0.6739
2026-03-03 20:26:07,405 - utils.logger2026-03-03-20.24.13 - INFO - Cur epoch 17 loss CE:2.2776 mse:0.2516 consistent:0.8808
2026-03-03 20:26:07,961 - utils.logger2026-03-03-20.24.13 - INFO - Cur epoch 17 loss CE:2.1486 mse:0.2847 consistent:0.9793
2026-03-03 20:26:08,517 - utils.logger2026-03-03-20.24.13 - INFO - Cur epoch 17 loss CE:2.2772 mse:0.2251 consistent:0.8727
2026-03-03 20:26:09,022 - utils.logger2026-03-03-20.24.13 - INFO - saving the model at the end of epoch 17, iters 476
2026-03-03 20:26:09,140 - utils.logger2026-03-03-20.24.13 - INFO - End of training epoch 17 / 40 	 Time Taken: 2 sec
2026-03-03 20:26:09,140 - utils.logger2026-03-03-20.24.13 - INFO - learning rate = 0.0002000
2026-03-03 20:26:10,865 - utils.logger2026-03-03-20.24.13 - INFO - Val result of epoch 17 / 40 mae 1.1960 corr 0.4384 f1 0.6976
2026-03-03 20:26:12,644 - utils.logger2026-03-03-20.24.13 - INFO - Tst result of epoch 17 / 40 mae 1.2200 corr 0.4088 f1 0.6764
2026-03-03 20:26:13,920 - utils.logger2026-03-03-20.24.13 - INFO - Cur epoch 18 loss CE:1.6598 mse:0.2708 consistent:0.8607
2026-03-03 20:26:14,479 - utils.logger2026-03-03-20.24.13 - INFO - Cur epoch 18 loss CE:1.8647 mse:0.2882 consistent:0.9199
2026-03-03 20:26:15,040 - utils.logger2026-03-03-20.24.13 - INFO - Cur epoch 18 loss CE:2.2955 mse:0.2614 consistent:0.8535
2026-03-03 20:26:15,377 - utils.logger2026-03-03-20.24.13 - INFO - saving the model at the end of epoch 18, iters 504
2026-03-03 20:26:15,505 - utils.logger2026-03-03-20.24.13 - INFO - End of training epoch 18 / 40 	 Time Taken: 2 sec
2026-03-03 20:26:15,505 - utils.logger2026-03-03-20.24.13 - INFO - learning rate = 0.0002000
2026-03-03 20:26:17,241 - utils.logger2026-03-03-20.24.13 - INFO - Val result of epoch 18 / 40 mae 1.1739 corr 0.4460 f1 0.6666
2026-03-03 20:26:18,937 - utils.logger2026-03-03-20.24.13 - INFO - Tst result of epoch 18 / 40 mae 1.1990 corr 0.4214 f1 0.6688
2026-03-03 20:26:20,296 - utils.logger2026-03-03-20.24.13 - INFO - Cur epoch 19 loss CE:2.3545 mse:0.3414 consistent:0.8658
2026-03-03 20:26:20,821 - utils.logger2026-03-03-20.24.13 - INFO - Cur epoch 19 loss CE:1.9830 mse:0.2670 consistent:0.9064
2026-03-03 20:26:21,342 - utils.logger2026-03-03-20.24.13 - INFO - Cur epoch 19 loss CE:2.2120 mse:0.2494 consistent:0.8956
2026-03-03 20:26:21,591 - utils.logger2026-03-03-20.24.13 - INFO - saving the model at the end of epoch 19, iters 532
2026-03-03 20:26:21,711 - utils.logger2026-03-03-20.24.13 - INFO - End of training epoch 19 / 40 	 Time Taken: 2 sec
2026-03-03 20:26:21,711 - utils.logger2026-03-03-20.24.13 - INFO - learning rate = 0.0002000
2026-03-03 20:26:23,451 - utils.logger2026-03-03-20.24.13 - INFO - Val result of epoch 19 / 40 mae 1.2001 corr 0.4535 f1 0.6950
2026-03-03 20:26:25,238 - utils.logger2026-03-03-20.24.13 - INFO - Tst result of epoch 19 / 40 mae 1.2204 corr 0.4207 f1 0.6642
2026-03-03 20:26:26,678 - utils.logger2026-03-03-20.24.13 - INFO - Cur epoch 20 loss CE:1.6386 mse:0.2906 consistent:0.9393
2026-03-03 20:26:27,189 - utils.logger2026-03-03-20.24.13 - INFO - Cur epoch 20 loss CE:2.5402 mse:0.3064 consistent:0.8494
2026-03-03 20:26:27,709 - utils.logger2026-03-03-20.24.13 - INFO - Cur epoch 20 loss CE:1.5521 mse:0.2141 consistent:0.7665
2026-03-03 20:26:27,853 - utils.logger2026-03-03-20.24.13 - INFO - saving the model at the end of epoch 20, iters 560
2026-03-03 20:26:27,979 - utils.logger2026-03-03-20.24.13 - INFO - End of training epoch 20 / 40 	 Time Taken: 2 sec
2026-03-03 20:26:27,979 - utils.logger2026-03-03-20.24.13 - INFO - learning rate = 0.0001905
2026-03-03 20:26:29,762 - utils.logger2026-03-03-20.24.13 - INFO - Val result of epoch 20 / 40 mae 1.1597 corr 0.4622 f1 0.7023
2026-03-03 20:26:31,524 - utils.logger2026-03-03-20.24.13 - INFO - Tst result of epoch 20 / 40 mae 1.1862 corr 0.4232 f1 0.6866
2026-03-03 20:26:33,167 - utils.logger2026-03-03-20.24.13 - INFO - Cur epoch 21 loss CE:1.7591 mse:0.2195 consistent:0.7889
2026-03-03 20:26:33,664 - utils.logger2026-03-03-20.24.13 - INFO - Cur epoch 21 loss CE:1.3626 mse:0.2155 consistent:0.7742
2026-03-03 20:26:34,276 - utils.logger2026-03-03-20.24.13 - INFO - saving the model at the end of epoch 21, iters 588
2026-03-03 20:26:34,415 - utils.logger2026-03-03-20.24.13 - INFO - End of training epoch 21 / 40 	 Time Taken: 2 sec
2026-03-03 20:26:34,416 - utils.logger2026-03-03-20.24.13 - INFO - learning rate = 0.0001810
2026-03-03 20:26:36,230 - utils.logger2026-03-03-20.24.13 - INFO - Val result of epoch 21 / 40 mae 1.1798 corr 0.4495 f1 0.6522
2026-03-03 20:26:37,974 - utils.logger2026-03-03-20.24.13 - INFO - Tst result of epoch 21 / 40 mae 1.2043 corr 0.4255 f1 0.6389
2026-03-03 20:26:39,192 - utils.logger2026-03-03-20.24.13 - INFO - Cur epoch 22 loss CE:2.0426 mse:0.2625 consistent:0.8892
2026-03-03 20:26:39,816 - utils.logger2026-03-03-20.24.13 - INFO - Cur epoch 22 loss CE:1.5370 mse:0.1976 consistent:0.7914
2026-03-03 20:26:40,369 - utils.logger2026-03-03-20.24.13 - INFO - Cur epoch 22 loss CE:1.5390 mse:0.2662 consistent:0.8519
2026-03-03 20:26:40,853 - utils.logger2026-03-03-20.24.13 - INFO - saving the model at the end of epoch 22, iters 616
2026-03-03 20:26:40,982 - utils.logger2026-03-03-20.24.13 - INFO - End of training epoch 22 / 40 	 Time Taken: 3 sec
2026-03-03 20:26:40,982 - utils.logger2026-03-03-20.24.13 - INFO - learning rate = 0.0001714
2026-03-03 20:26:42,790 - utils.logger2026-03-03-20.24.13 - INFO - Val result of epoch 22 / 40 mae 1.1721 corr 0.4382 f1 0.6386
2026-03-03 20:26:44,611 - utils.logger2026-03-03-20.24.13 - INFO - Tst result of epoch 22 / 40 mae 1.1998 corr 0.4159 f1 0.6275
2026-03-03 20:26:45,896 - utils.logger2026-03-03-20.24.13 - INFO - Cur epoch 23 loss CE:1.8096 mse:0.2308 consistent:0.8445
2026-03-03 20:26:46,532 - utils.logger2026-03-03-20.24.13 - INFO - Cur epoch 23 loss CE:1.6887 mse:0.2369 consistent:0.8704
2026-03-03 20:26:47,098 - utils.logger2026-03-03-20.24.13 - INFO - Cur epoch 23 loss CE:1.6583 mse:0.2212 consistent:0.7931
2026-03-03 20:26:47,511 - utils.logger2026-03-03-20.24.13 - INFO - saving the model at the end of epoch 23, iters 644
2026-03-03 20:26:47,679 - utils.logger2026-03-03-20.24.13 - INFO - End of training epoch 23 / 40 	 Time Taken: 3 sec
2026-03-03 20:26:47,680 - utils.logger2026-03-03-20.24.13 - INFO - learning rate = 0.0001619
2026-03-03 20:26:49,487 - utils.logger2026-03-03-20.24.13 - INFO - Val result of epoch 23 / 40 mae 1.1742 corr 0.4445 f1 0.6291
2026-03-03 20:26:51,308 - utils.logger2026-03-03-20.24.13 - INFO - Tst result of epoch 23 / 40 mae 1.2023 corr 0.4186 f1 0.6246
2026-03-03 20:26:52,728 - utils.logger2026-03-03-20.24.13 - INFO - Cur epoch 24 loss CE:1.9804 mse:0.2811 consistent:0.8148
2026-03-03 20:26:53,328 - utils.logger2026-03-03-20.24.13 - INFO - Cur epoch 24 loss CE:1.8413 mse:0.2405 consistent:0.8252
2026-03-03 20:26:53,901 - utils.logger2026-03-03-20.24.13 - INFO - Cur epoch 24 loss CE:1.8178 mse:0.2246 consistent:0.8570
2026-03-03 20:26:54,149 - utils.logger2026-03-03-20.24.13 - INFO - saving the model at the end of epoch 24, iters 672
2026-03-03 20:26:54,293 - utils.logger2026-03-03-20.24.13 - INFO - End of training epoch 24 / 40 	 Time Taken: 2 sec
2026-03-03 20:26:54,293 - utils.logger2026-03-03-20.24.13 - INFO - learning rate = 0.0001524
2026-03-03 20:26:56,117 - utils.logger2026-03-03-20.24.13 - INFO - Val result of epoch 24 / 40 mae 1.1735 corr 0.4520 f1 0.6878
2026-03-03 20:26:57,833 - utils.logger2026-03-03-20.24.13 - INFO - Tst result of epoch 24 / 40 mae 1.1930 corr 0.4093 f1 0.6585
2026-03-03 20:26:59,385 - utils.logger2026-03-03-20.24.13 - INFO - Cur epoch 25 loss CE:1.7398 mse:0.2567 consistent:0.8225
2026-03-03 20:26:59,970 - utils.logger2026-03-03-20.24.13 - INFO - Cur epoch 25 loss CE:1.4309 mse:0.2256 consistent:0.8787
2026-03-03 20:27:00,556 - utils.logger2026-03-03-20.24.13 - INFO - Cur epoch 25 loss CE:1.9890 mse:0.2091 consistent:0.8513
2026-03-03 20:27:00,714 - utils.logger2026-03-03-20.24.13 - INFO - saving the model at the end of epoch 25, iters 700
2026-03-03 20:27:00,855 - utils.logger2026-03-03-20.24.13 - INFO - End of training epoch 25 / 40 	 Time Taken: 3 sec
2026-03-03 20:27:00,855 - utils.logger2026-03-03-20.24.13 - INFO - learning rate = 0.0001429
2026-03-03 20:27:02,728 - utils.logger2026-03-03-20.24.13 - INFO - Val result of epoch 25 / 40 mae 1.1797 corr 0.4541 f1 0.6407
2026-03-03 20:27:04,514 - utils.logger2026-03-03-20.24.13 - INFO - Tst result of epoch 25 / 40 mae 1.2026 corr 0.4258 f1 0.6187
2026-03-03 20:27:06,191 - utils.logger2026-03-03-20.24.13 - INFO - Cur epoch 26 loss CE:1.8731 mse:0.2479 consistent:0.8184
2026-03-03 20:27:06,727 - utils.logger2026-03-03-20.24.13 - INFO - Cur epoch 26 loss CE:2.2042 mse:0.2907 consistent:0.7848
2026-03-03 20:27:07,311 - utils.logger2026-03-03-20.24.13 - INFO - saving the model at the end of epoch 26, iters 728
2026-03-03 20:27:07,432 - utils.logger2026-03-03-20.24.13 - INFO - End of training epoch 26 / 40 	 Time Taken: 2 sec
2026-03-03 20:27:07,433 - utils.logger2026-03-03-20.24.13 - INFO - learning rate = 0.0001333
2026-03-03 20:27:09,199 - utils.logger2026-03-03-20.24.13 - INFO - Val result of epoch 26 / 40 mae 1.1671 corr 0.4559 f1 0.6484
2026-03-03 20:27:10,942 - utils.logger2026-03-03-20.24.13 - INFO - Tst result of epoch 26 / 40 mae 1.1900 corr 0.4334 f1 0.6461
2026-03-03 20:27:12,155 - utils.logger2026-03-03-20.24.13 - INFO - Cur epoch 27 loss CE:1.4313 mse:0.2143 consistent:0.8043
2026-03-03 20:27:12,720 - utils.logger2026-03-03-20.24.13 - INFO - Cur epoch 27 loss CE:1.9043 mse:0.2036 consistent:0.7584
2026-03-03 20:27:13,292 - utils.logger2026-03-03-20.24.13 - INFO - Cur epoch 27 loss CE:1.5043 mse:0.2257 consistent:0.7601
2026-03-03 20:27:13,817 - utils.logger2026-03-03-20.24.13 - INFO - saving the model at the end of epoch 27, iters 756
2026-03-03 20:27:13,943 - utils.logger2026-03-03-20.24.13 - INFO - End of training epoch 27 / 40 	 Time Taken: 3 sec
2026-03-03 20:27:13,944 - utils.logger2026-03-03-20.24.13 - INFO - learning rate = 0.0001238
2026-03-03 20:27:15,692 - utils.logger2026-03-03-20.24.13 - INFO - Val result of epoch 27 / 40 mae 1.1602 corr 0.4458 f1 0.6524
2026-03-03 20:27:17,429 - utils.logger2026-03-03-20.24.13 - INFO - Tst result of epoch 27 / 40 mae 1.1795 corr 0.4284 f1 0.6626
2026-03-03 20:27:18,710 - utils.logger2026-03-03-20.24.13 - INFO - Cur epoch 28 loss CE:1.9605 mse:0.2326 consistent:0.8119
2026-03-03 20:27:19,260 - utils.logger2026-03-03-20.24.13 - INFO - Cur epoch 28 loss CE:1.5343 mse:0.2088 consistent:0.8220
2026-03-03 20:27:19,820 - utils.logger2026-03-03-20.24.13 - INFO - Cur epoch 28 loss CE:1.6411 mse:0.2043 consistent:0.7741
2026-03-03 20:27:20,205 - utils.logger2026-03-03-20.24.13 - INFO - saving the model at the end of epoch 28, iters 784
2026-03-03 20:27:20,331 - utils.logger2026-03-03-20.24.13 - INFO - End of training epoch 28 / 40 	 Time Taken: 2 sec
2026-03-03 20:27:20,332 - utils.logger2026-03-03-20.24.13 - INFO - learning rate = 0.0001143
2026-03-03 20:27:22,054 - utils.logger2026-03-03-20.24.13 - INFO - Val result of epoch 28 / 40 mae 1.1547 corr 0.4494 f1 0.6787
2026-03-03 20:27:23,830 - utils.logger2026-03-03-20.24.13 - INFO - Tst result of epoch 28 / 40 mae 1.1750 corr 0.4253 f1 0.6854
2026-03-03 20:27:25,178 - utils.logger2026-03-03-20.24.13 - INFO - Cur epoch 29 loss CE:2.1151 mse:0.2763 consistent:0.8460
2026-03-03 20:27:25,707 - utils.logger2026-03-03-20.24.13 - INFO - Cur epoch 29 loss CE:1.5017 mse:0.1862 consistent:0.7620
2026-03-03 20:27:26,254 - utils.logger2026-03-03-20.24.13 - INFO - Cur epoch 29 loss CE:1.6129 mse:0.2210 consistent:0.8541
2026-03-03 20:27:26,511 - utils.logger2026-03-03-20.24.13 - INFO - saving the model at the end of epoch 29, iters 812
2026-03-03 20:27:26,642 - utils.logger2026-03-03-20.24.13 - INFO - End of training epoch 29 / 40 	 Time Taken: 2 sec
2026-03-03 20:27:26,642 - utils.logger2026-03-03-20.24.13 - INFO - learning rate = 0.0001048
2026-03-03 20:27:28,394 - utils.logger2026-03-03-20.24.13 - INFO - Val result of epoch 29 / 40 mae 1.1807 corr 0.4597 f1 0.6776
2026-03-03 20:27:30,140 - utils.logger2026-03-03-20.24.13 - INFO - Tst result of epoch 29 / 40 mae 1.1891 corr 0.4408 f1 0.6656
2026-03-03 20:27:31,625 - utils.logger2026-03-03-20.24.13 - INFO - Cur epoch 30 loss CE:1.8876 mse:0.2648 consistent:0.7528
2026-03-03 20:27:32,229 - utils.logger2026-03-03-20.24.13 - INFO - Cur epoch 30 loss CE:2.1157 mse:0.2311 consistent:0.8508
2026-03-03 20:27:32,834 - utils.logger2026-03-03-20.24.13 - INFO - Cur epoch 30 loss CE:1.3369 mse:0.2146 consistent:0.8396
2026-03-03 20:27:32,996 - utils.logger2026-03-03-20.24.13 - INFO - saving the model at the end of epoch 30, iters 840
2026-03-03 20:27:33,142 - utils.logger2026-03-03-20.24.13 - INFO - End of training epoch 30 / 40 	 Time Taken: 3 sec
2026-03-03 20:27:33,142 - utils.logger2026-03-03-20.24.13 - INFO - learning rate = 0.0000952
2026-03-03 20:27:34,912 - utils.logger2026-03-03-20.24.13 - INFO - Val result of epoch 30 / 40 mae 1.1595 corr 0.4610 f1 0.6884
2026-03-03 20:27:36,729 - utils.logger2026-03-03-20.24.13 - INFO - Tst result of epoch 30 / 40 mae 1.1692 corr 0.4471 f1 0.6845
2026-03-03 20:27:38,405 - utils.logger2026-03-03-20.24.13 - INFO - Cur epoch 31 loss CE:1.6151 mse:0.2073 consistent:0.8145
2026-03-03 20:27:38,996 - utils.logger2026-03-03-20.24.13 - INFO - Cur epoch 31 loss CE:1.6303 mse:0.2341 consistent:0.7715
2026-03-03 20:27:39,655 - utils.logger2026-03-03-20.24.13 - INFO - saving the model at the end of epoch 31, iters 868
2026-03-03 20:27:39,791 - utils.logger2026-03-03-20.24.13 - INFO - End of training epoch 31 / 40 	 Time Taken: 3 sec
2026-03-03 20:27:39,791 - utils.logger2026-03-03-20.24.13 - INFO - learning rate = 0.0000857
2026-03-03 20:27:41,610 - utils.logger2026-03-03-20.24.13 - INFO - Val result of epoch 31 / 40 mae 1.1606 corr 0.4503 f1 0.6653
2026-03-03 20:27:43,391 - utils.logger2026-03-03-20.24.13 - INFO - Tst result of epoch 31 / 40 mae 1.1672 corr 0.4495 f1 0.6681
2026-03-03 20:27:44,629 - utils.logger2026-03-03-20.24.13 - INFO - Cur epoch 32 loss CE:1.7183 mse:0.2128 consistent:0.7696
2026-03-03 20:27:45,201 - utils.logger2026-03-03-20.24.13 - INFO - Cur epoch 32 loss CE:1.6324 mse:0.1900 consistent:0.7503
2026-03-03 20:27:45,763 - utils.logger2026-03-03-20.24.13 - INFO - Cur epoch 32 loss CE:1.5248 mse:0.2214 consistent:0.8151
2026-03-03 20:27:46,283 - utils.logger2026-03-03-20.24.13 - INFO - saving the model at the end of epoch 32, iters 896
2026-03-03 20:27:46,403 - utils.logger2026-03-03-20.24.13 - INFO - End of training epoch 32 / 40 	 Time Taken: 3 sec
2026-03-03 20:27:46,403 - utils.logger2026-03-03-20.24.13 - INFO - learning rate = 0.0000762
2026-03-03 20:27:48,250 - utils.logger2026-03-03-20.24.13 - INFO - Val result of epoch 32 / 40 mae 1.1496 corr 0.4596 f1 0.6868
2026-03-03 20:27:50,115 - utils.logger2026-03-03-20.24.13 - INFO - Tst result of epoch 32 / 40 mae 1.1625 corr 0.4472 f1 0.6687
2026-03-03 20:27:51,424 - utils.logger2026-03-03-20.24.13 - INFO - Cur epoch 33 loss CE:1.5891 mse:0.1967 consistent:0.7534
2026-03-03 20:27:52,035 - utils.logger2026-03-03-20.24.13 - INFO - Cur epoch 33 loss CE:1.9043 mse:0.2119 consistent:0.8308
2026-03-03 20:27:52,625 - utils.logger2026-03-03-20.24.13 - INFO - Cur epoch 33 loss CE:1.5975 mse:0.2329 consistent:0.8141
2026-03-03 20:27:53,003 - utils.logger2026-03-03-20.24.13 - INFO - saving the model at the end of epoch 33, iters 924
2026-03-03 20:27:53,134 - utils.logger2026-03-03-20.24.13 - INFO - End of training epoch 33 / 40 	 Time Taken: 3 sec
2026-03-03 20:27:53,134 - utils.logger2026-03-03-20.24.13 - INFO - learning rate = 0.0000667
2026-03-03 20:27:55,003 - utils.logger2026-03-03-20.24.13 - INFO - Val result of epoch 33 / 40 mae 1.1709 corr 0.4542 f1 0.6405
2026-03-03 20:27:56,741 - utils.logger2026-03-03-20.24.13 - INFO - Tst result of epoch 33 / 40 mae 1.1822 corr 0.4470 f1 0.6438
2026-03-03 20:27:58,134 - utils.logger2026-03-03-20.24.13 - INFO - Cur epoch 34 loss CE:2.0224 mse:0.2085 consistent:0.7871
2026-03-03 20:27:58,703 - utils.logger2026-03-03-20.24.13 - INFO - Cur epoch 34 loss CE:1.6269 mse:0.2243 consistent:0.8401
2026-03-03 20:27:59,225 - utils.logger2026-03-03-20.24.13 - INFO - Cur epoch 34 loss CE:1.6429 mse:0.2297 consistent:0.8322
2026-03-03 20:27:59,481 - utils.logger2026-03-03-20.24.13 - INFO - saving the model at the end of epoch 34, iters 952
2026-03-03 20:27:59,637 - utils.logger2026-03-03-20.24.13 - INFO - End of training epoch 34 / 40 	 Time Taken: 2 sec
2026-03-03 20:27:59,637 - utils.logger2026-03-03-20.24.13 - INFO - learning rate = 0.0000571
2026-03-03 20:28:01,424 - utils.logger2026-03-03-20.24.13 - INFO - Val result of epoch 34 / 40 mae 1.1702 corr 0.4570 f1 0.6585
2026-03-03 20:28:03,226 - utils.logger2026-03-03-20.24.13 - INFO - Tst result of epoch 34 / 40 mae 1.1792 corr 0.4498 f1 0.6596
2026-03-03 20:28:04,699 - utils.logger2026-03-03-20.24.13 - INFO - Cur epoch 35 loss CE:1.7144 mse:0.2378 consistent:0.7572
2026-03-03 20:28:05,230 - utils.logger2026-03-03-20.24.13 - INFO - Cur epoch 35 loss CE:1.6522 mse:0.2499 consistent:0.7845
2026-03-03 20:28:05,784 - utils.logger2026-03-03-20.24.13 - INFO - Cur epoch 35 loss CE:2.4504 mse:0.2977 consistent:0.8914
2026-03-03 20:28:05,923 - utils.logger2026-03-03-20.24.13 - INFO - saving the model at the end of epoch 35, iters 980
2026-03-03 20:28:06,047 - utils.logger2026-03-03-20.24.13 - INFO - End of training epoch 35 / 40 	 Time Taken: 2 sec
2026-03-03 20:28:06,047 - utils.logger2026-03-03-20.24.13 - INFO - learning rate = 0.0000476
2026-03-03 20:28:07,808 - utils.logger2026-03-03-20.24.13 - INFO - Val result of epoch 35 / 40 mae 1.1766 corr 0.4579 f1 0.6522
2026-03-03 20:28:09,543 - utils.logger2026-03-03-20.24.13 - INFO - Tst result of epoch 35 / 40 mae 1.1865 corr 0.4508 f1 0.6475
2026-03-03 20:28:11,108 - utils.logger2026-03-03-20.24.13 - INFO - Cur epoch 36 loss CE:1.4720 mse:0.2318 consistent:0.7737
2026-03-03 20:28:11,612 - utils.logger2026-03-03-20.24.13 - INFO - Cur epoch 36 loss CE:1.5319 mse:0.1934 consistent:0.7509
2026-03-03 20:28:12,176 - utils.logger2026-03-03-20.24.13 - INFO - saving the model at the end of epoch 36, iters 1008
2026-03-03 20:28:12,300 - utils.logger2026-03-03-20.24.13 - INFO - End of training epoch 36 / 40 	 Time Taken: 2 sec
2026-03-03 20:28:12,301 - utils.logger2026-03-03-20.24.13 - INFO - learning rate = 0.0000381
2026-03-03 20:28:14,033 - utils.logger2026-03-03-20.24.13 - INFO - Val result of epoch 36 / 40 mae 1.1617 corr 0.4590 f1 0.6718
2026-03-03 20:28:15,805 - utils.logger2026-03-03-20.24.13 - INFO - Tst result of epoch 36 / 40 mae 1.1711 corr 0.4516 f1 0.6640
2026-03-03 20:28:16,963 - utils.logger2026-03-03-20.24.13 - INFO - Cur epoch 37 loss CE:1.6299 mse:0.2397 consistent:0.7549
2026-03-03 20:28:17,519 - utils.logger2026-03-03-20.24.13 - INFO - Cur epoch 37 loss CE:1.5128 mse:0.2463 consistent:0.8046
2026-03-03 20:28:18,027 - utils.logger2026-03-03-20.24.13 - INFO - Cur epoch 37 loss CE:1.7568 mse:0.2545 consistent:0.7246
2026-03-03 20:28:18,506 - utils.logger2026-03-03-20.24.13 - INFO - saving the model at the end of epoch 37, iters 1036
2026-03-03 20:28:18,633 - utils.logger2026-03-03-20.24.13 - INFO - End of training epoch 37 / 40 	 Time Taken: 2 sec
2026-03-03 20:28:18,633 - utils.logger2026-03-03-20.24.13 - INFO - learning rate = 0.0000286
2026-03-03 20:28:20,384 - utils.logger2026-03-03-20.24.13 - INFO - Val result of epoch 37 / 40 mae 1.1610 corr 0.4583 f1 0.6619
2026-03-03 20:28:22,179 - utils.logger2026-03-03-20.24.13 - INFO - Tst result of epoch 37 / 40 mae 1.1713 corr 0.4513 f1 0.6580
2026-03-03 20:28:23,504 - utils.logger2026-03-03-20.24.13 - INFO - Cur epoch 38 loss CE:1.5129 mse:0.1843 consistent:0.6703
2026-03-03 20:28:24,034 - utils.logger2026-03-03-20.24.13 - INFO - Cur epoch 38 loss CE:1.0641 mse:0.1776 consistent:0.7932
2026-03-03 20:28:24,545 - utils.logger2026-03-03-20.24.13 - INFO - Cur epoch 38 loss CE:1.5938 mse:0.2035 consistent:0.7862
2026-03-03 20:28:24,884 - utils.logger2026-03-03-20.24.13 - INFO - saving the model at the end of epoch 38, iters 1064
2026-03-03 20:28:25,004 - utils.logger2026-03-03-20.24.13 - INFO - End of training epoch 38 / 40 	 Time Taken: 2 sec
2026-03-03 20:28:25,004 - utils.logger2026-03-03-20.24.13 - INFO - learning rate = 0.0000190
2026-03-03 20:28:26,737 - utils.logger2026-03-03-20.24.13 - INFO - Val result of epoch 38 / 40 mae 1.1650 corr 0.4617 f1 0.6797
2026-03-03 20:28:28,517 - utils.logger2026-03-03-20.24.13 - INFO - Tst result of epoch 38 / 40 mae 1.1746 corr 0.4533 f1 0.6724
2026-03-03 20:28:29,892 - utils.logger2026-03-03-20.24.13 - INFO - Cur epoch 39 loss CE:1.6912 mse:0.2041 consistent:0.7513
2026-03-03 20:28:30,436 - utils.logger2026-03-03-20.24.13 - INFO - Cur epoch 39 loss CE:1.3435 mse:0.2028 consistent:0.7873
2026-03-03 20:28:30,968 - utils.logger2026-03-03-20.24.13 - INFO - Cur epoch 39 loss CE:1.6074 mse:0.1677 consistent:0.7432
2026-03-03 20:28:31,212 - utils.logger2026-03-03-20.24.13 - INFO - saving the model at the end of epoch 39, iters 1092
2026-03-03 20:28:31,340 - utils.logger2026-03-03-20.24.13 - INFO - End of training epoch 39 / 40 	 Time Taken: 2 sec
2026-03-03 20:28:31,341 - utils.logger2026-03-03-20.24.13 - INFO - learning rate = 0.0000095
2026-03-03 20:28:33,248 - utils.logger2026-03-03-20.24.13 - INFO - Val result of epoch 39 / 40 mae 1.1615 corr 0.4608 f1 0.6714
2026-03-03 20:28:35,092 - utils.logger2026-03-03-20.24.13 - INFO - Tst result of epoch 39 / 40 mae 1.1705 corr 0.4547 f1 0.6657
2026-03-03 20:28:36,646 - utils.logger2026-03-03-20.24.13 - INFO - Cur epoch 40 loss CE:1.3388 mse:0.2084 consistent:0.8058
2026-03-03 20:28:37,302 - utils.logger2026-03-03-20.24.13 - INFO - Cur epoch 40 loss CE:1.3679 mse:0.2128 consistent:0.7826
2026-03-03 20:28:37,924 - utils.logger2026-03-03-20.24.13 - INFO - Cur epoch 40 loss CE:1.4255 mse:0.2996 consistent:0.7411
2026-03-03 20:28:38,087 - utils.logger2026-03-03-20.24.13 - INFO - saving the model at the end of epoch 40, iters 1120
2026-03-03 20:28:38,214 - utils.logger2026-03-03-20.24.13 - INFO - End of training epoch 40 / 40 	 Time Taken: 3 sec
2026-03-03 20:28:38,214 - utils.logger2026-03-03-20.24.13 - INFO - learning rate = 0.0000000
2026-03-03 20:28:39,987 - utils.logger2026-03-03-20.24.13 - INFO - Val result of epoch 40 / 40 mae 1.1607 corr 0.4607 f1 0.6687
2026-03-03 20:28:41,813 - utils.logger2026-03-03-20.24.13 - INFO - Tst result of epoch 40 / 40 mae 1.1708 corr 0.4540 f1 0.6633
2026-03-03 20:28:41,813 - utils.logger2026-03-03-20.24.13 - INFO - Best eval epoch 32 found with MAE 1.162540
2026-03-03 20:28:41,813 - utils.logger2026-03-03-20.24.13 - INFO - Loading best model found on val set: epoch-32
2026-03-03 20:28:45,555 - utils.logger2026-03-03-20.24.13 - INFO - Tst result mae 1.1625 corr 0.4472 f1 0.6687
