2025-12-27 11:44:31,581 - utils.logger2025-12-27-11.44.21 - INFO - The number of training samples = 4508
2025-12-27 11:44:31,581 - utils.logger2025-12-27-11.44.21 - INFO - The number of testing samples = 2886
2025-12-27 11:44:36,788 - utils.logger2025-12-27-11.44.21 - INFO - Cur epoch 1 loss CE:0.5919 mse:0.0318 consistent:0.0000
2025-12-27 11:44:38,816 - utils.logger2025-12-27-11.44.21 - INFO - saving the model at the end of epoch 1, iters 141
2025-12-27 11:44:38,912 - utils.logger2025-12-27-11.44.21 - INFO - End of training epoch 1 / 40 	 Time Taken: 7 sec
2025-12-27 11:44:38,912 - utils.logger2025-12-27-11.44.21 - INFO - learning rate = 0.0002000
2025-12-27 11:44:40,174 - utils.logger2025-12-27-11.44.21 - INFO - Val result of epoch 1 / 40 acc 0.6368 uar 0.6085 f1 0.6211
2025-12-27 11:44:41,281 - utils.logger2025-12-27-11.44.21 - INFO - Tst result of epoch 1 / 40 acc 0.6046 uar 0.6041 f1 0.6089
2025-12-27 11:44:43,846 - utils.logger2025-12-27-11.44.21 - INFO - Cur epoch 2 loss CE:0.7350 mse:0.0195 consistent:0.0000
2025-12-27 11:44:47,766 - utils.logger2025-12-27-11.44.21 - INFO - saving the model at the end of epoch 2, iters 282
2025-12-27 11:44:47,861 - utils.logger2025-12-27-11.44.21 - INFO - End of training epoch 2 / 40 	 Time Taken: 6 sec
2025-12-27 11:44:47,861 - utils.logger2025-12-27-11.44.21 - INFO - learning rate = 0.0002000
2025-12-27 11:44:49,111 - utils.logger2025-12-27-11.44.21 - INFO - Val result of epoch 2 / 40 acc 0.6673 uar 0.6442 f1 0.6575
2025-12-27 11:44:50,216 - utils.logger2025-12-27-11.44.21 - INFO - Tst result of epoch 2 / 40 acc 0.6559 uar 0.6444 f1 0.6542
2025-12-27 11:44:50,959 - utils.logger2025-12-27-11.44.21 - INFO - Cur epoch 3 loss CE:0.6379 mse:0.0126 consistent:0.0000
2025-12-27 11:44:55,598 - utils.logger2025-12-27-11.44.21 - INFO - Cur epoch 3 loss CE:0.7101 mse:0.0152 consistent:0.0000
2025-12-27 11:44:56,653 - utils.logger2025-12-27-11.44.21 - INFO - saving the model at the end of epoch 3, iters 423
2025-12-27 11:44:56,752 - utils.logger2025-12-27-11.44.21 - INFO - End of training epoch 3 / 40 	 Time Taken: 6 sec
2025-12-27 11:44:56,753 - utils.logger2025-12-27-11.44.21 - INFO - learning rate = 0.0002000
2025-12-27 11:44:58,010 - utils.logger2025-12-27-11.44.21 - INFO - Val result of epoch 3 / 40 acc 0.6387 uar 0.6665 f1 0.6430
2025-12-27 11:44:59,095 - utils.logger2025-12-27-11.44.21 - INFO - Tst result of epoch 3 / 40 acc 0.6545 uar 0.6551 f1 0.6540
2025-12-27 11:45:02,570 - utils.logger2025-12-27-11.44.21 - INFO - Cur epoch 4 loss CE:0.5940 mse:0.0142 consistent:0.0000
2025-12-27 11:45:05,706 - utils.logger2025-12-27-11.44.21 - INFO - saving the model at the end of epoch 4, iters 564
2025-12-27 11:45:05,808 - utils.logger2025-12-27-11.44.21 - INFO - End of training epoch 4 / 40 	 Time Taken: 6 sec
2025-12-27 11:45:05,808 - utils.logger2025-12-27-11.44.21 - INFO - learning rate = 0.0002000
2025-12-27 11:45:07,097 - utils.logger2025-12-27-11.44.21 - INFO - Val result of epoch 4 / 40 acc 0.6498 uar 0.6760 f1 0.6512
2025-12-27 11:45:08,183 - utils.logger2025-12-27-11.44.21 - INFO - Tst result of epoch 4 / 40 acc 0.6504 uar 0.6559 f1 0.6500
2025-12-27 11:45:09,495 - utils.logger2025-12-27-11.44.21 - INFO - Cur epoch 5 loss CE:0.7970 mse:0.0158 consistent:0.0000
2025-12-27 11:45:14,142 - utils.logger2025-12-27-11.44.21 - INFO - Cur epoch 5 loss CE:0.7452 mse:0.0094 consistent:0.0000
2025-12-27 11:45:14,383 - utils.logger2025-12-27-11.44.21 - INFO - saving the model at the end of epoch 5, iters 705
2025-12-27 11:45:14,481 - utils.logger2025-12-27-11.44.21 - INFO - End of training epoch 5 / 40 	 Time Taken: 6 sec
2025-12-27 11:45:14,481 - utils.logger2025-12-27-11.44.21 - INFO - learning rate = 0.0002000
2025-12-27 11:45:15,738 - utils.logger2025-12-27-11.44.21 - INFO - Val result of epoch 5 / 40 acc 0.6688 uar 0.6576 f1 0.6612
2025-12-27 11:45:16,859 - utils.logger2025-12-27-11.44.21 - INFO - Tst result of epoch 5 / 40 acc 0.6490 uar 0.6437 f1 0.6487
2025-12-27 11:45:21,274 - utils.logger2025-12-27-11.44.21 - INFO - Cur epoch 6 loss CE:0.5547 mse:0.0108 consistent:0.0000
2025-12-27 11:45:23,483 - utils.logger2025-12-27-11.44.21 - INFO - saving the model at the end of epoch 6, iters 846
2025-12-27 11:45:23,597 - utils.logger2025-12-27-11.44.21 - INFO - End of training epoch 6 / 40 	 Time Taken: 6 sec
2025-12-27 11:45:23,597 - utils.logger2025-12-27-11.44.21 - INFO - learning rate = 0.0002000
2025-12-27 11:45:25,066 - utils.logger2025-12-27-11.44.21 - INFO - Val result of epoch 6 / 40 acc 0.6101 uar 0.6515 f1 0.6138
2025-12-27 11:45:26,116 - utils.logger2025-12-27-11.44.21 - INFO - Tst result of epoch 6 / 40 acc 0.6570 uar 0.6504 f1 0.6526
2025-12-27 11:45:28,472 - utils.logger2025-12-27-11.44.21 - INFO - Cur epoch 7 loss CE:0.7753 mse:0.0126 consistent:0.0000
2025-12-27 11:45:32,701 - utils.logger2025-12-27-11.44.21 - INFO - saving the model at the end of epoch 7, iters 987
2025-12-27 11:45:32,797 - utils.logger2025-12-27-11.44.21 - INFO - End of training epoch 7 / 40 	 Time Taken: 6 sec
2025-12-27 11:45:32,797 - utils.logger2025-12-27-11.44.21 - INFO - learning rate = 0.0002000
2025-12-27 11:45:34,006 - utils.logger2025-12-27-11.44.21 - INFO - Val result of epoch 7 / 40 acc 0.6295 uar 0.6506 f1 0.6288
2025-12-27 11:45:35,043 - utils.logger2025-12-27-11.44.21 - INFO - Tst result of epoch 7 / 40 acc 0.6504 uar 0.6470 f1 0.6475
2025-12-27 11:45:35,586 - utils.logger2025-12-27-11.44.21 - INFO - Cur epoch 8 loss CE:0.4715 mse:0.0132 consistent:0.0000
2025-12-27 11:45:40,314 - utils.logger2025-12-27-11.44.21 - INFO - Cur epoch 8 loss CE:0.4526 mse:0.0129 consistent:0.0000
2025-12-27 11:45:41,667 - utils.logger2025-12-27-11.44.21 - INFO - saving the model at the end of epoch 8, iters 1128
2025-12-27 11:45:41,784 - utils.logger2025-12-27-11.44.21 - INFO - End of training epoch 8 / 40 	 Time Taken: 6 sec
2025-12-27 11:45:41,784 - utils.logger2025-12-27-11.44.21 - INFO - learning rate = 0.0002000
2025-12-27 11:45:43,415 - utils.logger2025-12-27-11.44.21 - INFO - Val result of epoch 8 / 40 acc 0.6365 uar 0.6599 f1 0.6443
2025-12-27 11:45:44,841 - utils.logger2025-12-27-11.44.21 - INFO - Tst result of epoch 8 / 40 acc 0.6836 uar 0.6800 f1 0.6858
2025-12-27 11:45:48,121 - utils.logger2025-12-27-11.44.21 - INFO - Cur epoch 9 loss CE:0.5415 mse:0.0124 consistent:0.0000
2025-12-27 11:45:51,419 - utils.logger2025-12-27-11.44.21 - INFO - saving the model at the end of epoch 9, iters 1269
2025-12-27 11:45:51,516 - utils.logger2025-12-27-11.44.21 - INFO - End of training epoch 9 / 40 	 Time Taken: 6 sec
2025-12-27 11:45:51,516 - utils.logger2025-12-27-11.44.21 - INFO - learning rate = 0.0002000
2025-12-27 11:45:52,766 - utils.logger2025-12-27-11.44.21 - INFO - Val result of epoch 9 / 40 acc 0.5969 uar 0.6472 f1 0.6015
2025-12-27 11:45:53,842 - utils.logger2025-12-27-11.44.21 - INFO - Tst result of epoch 9 / 40 acc 0.6701 uar 0.6791 f1 0.6613
2025-12-27 11:45:55,181 - utils.logger2025-12-27-11.44.21 - INFO - Cur epoch 10 loss CE:0.4665 mse:0.0126 consistent:0.0000
2025-12-27 11:46:00,049 - utils.logger2025-12-27-11.44.21 - INFO - Cur epoch 10 loss CE:0.4371 mse:0.0107 consistent:0.0000
2025-12-27 11:46:00,534 - utils.logger2025-12-27-11.44.21 - INFO - saving the model at the end of epoch 10, iters 1410
2025-12-27 11:46:00,631 - utils.logger2025-12-27-11.44.21 - INFO - End of training epoch 10 / 40 	 Time Taken: 6 sec
2025-12-27 11:46:00,631 - utils.logger2025-12-27-11.44.21 - INFO - learning rate = 0.0002000
2025-12-27 11:46:01,914 - utils.logger2025-12-27-11.44.21 - INFO - Val result of epoch 10 / 40 acc 0.6067 uar 0.6363 f1 0.6142
2025-12-27 11:46:03,022 - utils.logger2025-12-27-11.44.21 - INFO - Tst result of epoch 10 / 40 acc 0.6760 uar 0.6760 f1 0.6706
2025-12-27 11:46:07,065 - utils.logger2025-12-27-11.44.21 - INFO - Cur epoch 11 loss CE:0.6852 mse:0.0127 consistent:0.0000
2025-12-27 11:46:09,515 - utils.logger2025-12-27-11.44.21 - INFO - saving the model at the end of epoch 11, iters 1551
2025-12-27 11:46:09,613 - utils.logger2025-12-27-11.44.21 - INFO - End of training epoch 11 / 40 	 Time Taken: 6 sec
2025-12-27 11:46:09,614 - utils.logger2025-12-27-11.44.21 - INFO - learning rate = 0.0002000
2025-12-27 11:46:10,866 - utils.logger2025-12-27-11.44.21 - INFO - Val result of epoch 11 / 40 acc 0.6458 uar 0.6537 f1 0.6497
2025-12-27 11:46:11,962 - utils.logger2025-12-27-11.44.21 - INFO - Tst result of epoch 11 / 40 acc 0.6715 uar 0.6595 f1 0.6692
2025-12-27 11:46:14,201 - utils.logger2025-12-27-11.44.21 - INFO - Cur epoch 12 loss CE:0.4447 mse:0.0123 consistent:0.0000
2025-12-27 11:46:18,712 - utils.logger2025-12-27-11.44.21 - INFO - saving the model at the end of epoch 12, iters 1692
2025-12-27 11:46:18,828 - utils.logger2025-12-27-11.44.21 - INFO - End of training epoch 12 / 40 	 Time Taken: 6 sec
2025-12-27 11:46:18,828 - utils.logger2025-12-27-11.44.21 - INFO - learning rate = 0.0002000
2025-12-27 11:46:20,382 - utils.logger2025-12-27-11.44.21 - INFO - Val result of epoch 12 / 40 acc 0.6491 uar 0.6683 f1 0.6525
2025-12-27 11:46:21,528 - utils.logger2025-12-27-11.44.21 - INFO - Tst result of epoch 12 / 40 acc 0.6743 uar 0.6715 f1 0.6722
2025-12-27 11:46:21,875 - utils.logger2025-12-27-11.44.21 - INFO - Cur epoch 13 loss CE:0.5651 mse:0.0108 consistent:0.0000
2025-12-27 11:46:26,684 - utils.logger2025-12-27-11.44.21 - INFO - Cur epoch 13 loss CE:0.5022 mse:0.0100 consistent:0.0000
2025-12-27 11:46:28,137 - utils.logger2025-12-27-11.44.21 - INFO - saving the model at the end of epoch 13, iters 1833
2025-12-27 11:46:28,234 - utils.logger2025-12-27-11.44.21 - INFO - End of training epoch 13 / 40 	 Time Taken: 6 sec
2025-12-27 11:46:28,234 - utils.logger2025-12-27-11.44.21 - INFO - learning rate = 0.0002000
2025-12-27 11:46:29,467 - utils.logger2025-12-27-11.44.21 - INFO - Val result of epoch 13 / 40 acc 0.6353 uar 0.6695 f1 0.6444
2025-12-27 11:46:30,556 - utils.logger2025-12-27-11.44.21 - INFO - Tst result of epoch 13 / 40 acc 0.6847 uar 0.6871 f1 0.6808
2025-12-27 11:46:33,539 - utils.logger2025-12-27-11.44.21 - INFO - Cur epoch 14 loss CE:0.6407 mse:0.0106 consistent:0.0000
2025-12-27 11:46:37,009 - utils.logger2025-12-27-11.44.21 - INFO - saving the model at the end of epoch 14, iters 1974
2025-12-27 11:46:37,106 - utils.logger2025-12-27-11.44.21 - INFO - End of training epoch 14 / 40 	 Time Taken: 6 sec
2025-12-27 11:46:37,106 - utils.logger2025-12-27-11.44.21 - INFO - learning rate = 0.0002000
2025-12-27 11:46:38,320 - utils.logger2025-12-27-11.44.21 - INFO - Val result of epoch 14 / 40 acc 0.6691 uar 0.6909 f1 0.6715
2025-12-27 11:46:39,399 - utils.logger2025-12-27-11.44.21 - INFO - Tst result of epoch 14 / 40 acc 0.6719 uar 0.6705 f1 0.6717
2025-12-27 11:46:40,248 - utils.logger2025-12-27-11.44.21 - INFO - Cur epoch 15 loss CE:0.5999 mse:0.0136 consistent:0.0000
2025-12-27 11:46:43,777 - utils.logger2025-12-27-11.44.21 - INFO - Cur epoch 15 loss CE:0.5132 mse:0.0102 consistent:0.0000
2025-12-27 11:46:44,447 - utils.logger2025-12-27-11.44.21 - INFO - saving the model at the end of epoch 15, iters 2115
2025-12-27 11:46:44,544 - utils.logger2025-12-27-11.44.21 - INFO - End of training epoch 15 / 40 	 Time Taken: 5 sec
2025-12-27 11:46:44,544 - utils.logger2025-12-27-11.44.21 - INFO - learning rate = 0.0002000
2025-12-27 11:46:45,761 - utils.logger2025-12-27-11.44.21 - INFO - Val result of epoch 15 / 40 acc 0.6485 uar 0.6832 f1 0.6496
2025-12-27 11:46:46,825 - utils.logger2025-12-27-11.44.21 - INFO - Tst result of epoch 15 / 40 acc 0.6642 uar 0.6730 f1 0.6682
2025-12-27 11:46:50,767 - utils.logger2025-12-27-11.44.21 - INFO - Cur epoch 16 loss CE:0.3948 mse:0.0096 consistent:0.0000
2025-12-27 11:46:53,474 - utils.logger2025-12-27-11.44.21 - INFO - saving the model at the end of epoch 16, iters 2256
2025-12-27 11:46:53,578 - utils.logger2025-12-27-11.44.21 - INFO - End of training epoch 16 / 40 	 Time Taken: 6 sec
2025-12-27 11:46:53,578 - utils.logger2025-12-27-11.44.21 - INFO - learning rate = 0.0002000
2025-12-27 11:46:54,795 - utils.logger2025-12-27-11.44.21 - INFO - Val result of epoch 16 / 40 acc 0.6528 uar 0.6818 f1 0.6609
2025-12-27 11:46:55,850 - utils.logger2025-12-27-11.44.21 - INFO - Tst result of epoch 16 / 40 acc 0.6615 uar 0.6651 f1 0.6598
2025-12-27 11:46:57,860 - utils.logger2025-12-27-11.44.21 - INFO - Cur epoch 17 loss CE:0.6123 mse:0.0108 consistent:0.0000
2025-12-27 11:47:02,558 - utils.logger2025-12-27-11.44.21 - INFO - saving the model at the end of epoch 17, iters 2397
2025-12-27 11:47:02,654 - utils.logger2025-12-27-11.44.21 - INFO - End of training epoch 17 / 40 	 Time Taken: 6 sec
2025-12-27 11:47:02,654 - utils.logger2025-12-27-11.44.21 - INFO - learning rate = 0.0002000
2025-12-27 11:47:04,200 - utils.logger2025-12-27-11.44.21 - INFO - Val result of epoch 17 / 40 acc 0.6534 uar 0.6913 f1 0.6562
2025-12-27 11:47:05,547 - utils.logger2025-12-27-11.44.21 - INFO - Tst result of epoch 17 / 40 acc 0.6698 uar 0.6852 f1 0.6675
2025-12-27 11:47:05,673 - utils.logger2025-12-27-11.44.21 - INFO - Cur epoch 18 loss CE:0.2140 mse:0.0086 consistent:0.0000
2025-12-27 11:47:10,518 - utils.logger2025-12-27-11.44.21 - INFO - Cur epoch 18 loss CE:0.5033 mse:0.0127 consistent:0.0000
2025-12-27 11:47:12,376 - utils.logger2025-12-27-11.44.21 - INFO - saving the model at the end of epoch 18, iters 2538
2025-12-27 11:47:12,495 - utils.logger2025-12-27-11.44.21 - INFO - End of training epoch 18 / 40 	 Time Taken: 6 sec
2025-12-27 11:47:12,496 - utils.logger2025-12-27-11.44.21 - INFO - learning rate = 0.0002000
2025-12-27 11:47:14,019 - utils.logger2025-12-27-11.44.21 - INFO - Val result of epoch 18 / 40 acc 0.6522 uar 0.6767 f1 0.6565
2025-12-27 11:47:15,134 - utils.logger2025-12-27-11.44.21 - INFO - Tst result of epoch 18 / 40 acc 0.6830 uar 0.6874 f1 0.6829
2025-12-27 11:47:17,914 - utils.logger2025-12-27-11.44.21 - INFO - Cur epoch 19 loss CE:0.7349 mse:0.0106 consistent:0.0000
2025-12-27 11:47:21,741 - utils.logger2025-12-27-11.44.21 - INFO - saving the model at the end of epoch 19, iters 2679
2025-12-27 11:47:21,841 - utils.logger2025-12-27-11.44.21 - INFO - End of training epoch 19 / 40 	 Time Taken: 6 sec
2025-12-27 11:47:21,841 - utils.logger2025-12-27-11.44.21 - INFO - learning rate = 0.0002000
2025-12-27 11:47:23,100 - utils.logger2025-12-27-11.44.21 - INFO - Val result of epoch 19 / 40 acc 0.6239 uar 0.6706 f1 0.6300
2025-12-27 11:47:24,198 - utils.logger2025-12-27-11.44.21 - INFO - Tst result of epoch 19 / 40 acc 0.6698 uar 0.6803 f1 0.6629
2025-12-27 11:47:25,137 - utils.logger2025-12-27-11.44.21 - INFO - Cur epoch 20 loss CE:0.6368 mse:0.0077 consistent:0.0000
2025-12-27 11:47:29,937 - utils.logger2025-12-27-11.44.21 - INFO - Cur epoch 20 loss CE:0.6240 mse:0.0094 consistent:0.0000
2025-12-27 11:47:30,926 - utils.logger2025-12-27-11.44.21 - INFO - saving the model at the end of epoch 20, iters 2820
2025-12-27 11:47:31,042 - utils.logger2025-12-27-11.44.21 - INFO - End of training epoch 20 / 40 	 Time Taken: 6 sec
2025-12-27 11:47:31,042 - utils.logger2025-12-27-11.44.21 - INFO - learning rate = 0.0001905
2025-12-27 11:47:32,312 - utils.logger2025-12-27-11.44.21 - INFO - Val result of epoch 20 / 40 acc 0.6504 uar 0.6625 f1 0.6527
2025-12-27 11:47:33,411 - utils.logger2025-12-27-11.44.21 - INFO - Tst result of epoch 20 / 40 acc 0.6684 uar 0.6715 f1 0.6660
2025-12-27 11:47:37,250 - utils.logger2025-12-27-11.44.21 - INFO - Cur epoch 21 loss CE:0.5076 mse:0.0097 consistent:0.0000
2025-12-27 11:47:40,217 - utils.logger2025-12-27-11.44.21 - INFO - saving the model at the end of epoch 21, iters 2961
2025-12-27 11:47:40,332 - utils.logger2025-12-27-11.44.21 - INFO - End of training epoch 21 / 40 	 Time Taken: 6 sec
2025-12-27 11:47:40,332 - utils.logger2025-12-27-11.44.21 - INFO - learning rate = 0.0001810
2025-12-27 11:47:41,599 - utils.logger2025-12-27-11.44.21 - INFO - Val result of epoch 21 / 40 acc 0.6522 uar 0.6792 f1 0.6547
2025-12-27 11:47:42,703 - utils.logger2025-12-27-11.44.21 - INFO - Tst result of epoch 21 / 40 acc 0.6660 uar 0.6693 f1 0.6634
2025-12-27 11:47:44,461 - utils.logger2025-12-27-11.44.21 - INFO - Cur epoch 22 loss CE:0.4875 mse:0.0096 consistent:0.0000
2025-12-27 11:47:49,352 - utils.logger2025-12-27-11.44.21 - INFO - Cur epoch 22 loss CE:0.4887 mse:0.0083 consistent:0.0000
2025-12-27 11:47:49,450 - utils.logger2025-12-27-11.44.21 - INFO - saving the model at the end of epoch 22, iters 3102
2025-12-27 11:47:49,552 - utils.logger2025-12-27-11.44.21 - INFO - End of training epoch 22 / 40 	 Time Taken: 6 sec
2025-12-27 11:47:49,552 - utils.logger2025-12-27-11.44.21 - INFO - learning rate = 0.0001714
2025-12-27 11:47:50,805 - utils.logger2025-12-27-11.44.21 - INFO - Val result of epoch 22 / 40 acc 0.6012 uar 0.6366 f1 0.6043
2025-12-27 11:47:51,893 - utils.logger2025-12-27-11.44.21 - INFO - Tst result of epoch 22 / 40 acc 0.6532 uar 0.6466 f1 0.6460
2025-12-27 11:47:56,548 - utils.logger2025-12-27-11.44.21 - INFO - Cur epoch 23 loss CE:0.2042 mse:0.0072 consistent:0.0000
2025-12-27 11:47:58,718 - utils.logger2025-12-27-11.44.21 - INFO - saving the model at the end of epoch 23, iters 3243
2025-12-27 11:47:58,857 - utils.logger2025-12-27-11.44.21 - INFO - End of training epoch 23 / 40 	 Time Taken: 6 sec
2025-12-27 11:47:58,857 - utils.logger2025-12-27-11.44.21 - INFO - learning rate = 0.0001619
2025-12-27 11:48:00,456 - utils.logger2025-12-27-11.44.21 - INFO - Val result of epoch 23 / 40 acc 0.6030 uar 0.6210 f1 0.6072
2025-12-27 11:48:01,539 - utils.logger2025-12-27-11.44.21 - INFO - Tst result of epoch 23 / 40 acc 0.6532 uar 0.6540 f1 0.6515
2025-12-27 11:48:04,158 - utils.logger2025-12-27-11.44.21 - INFO - Cur epoch 24 loss CE:0.5305 mse:0.0063 consistent:0.0000
2025-12-27 11:48:08,272 - utils.logger2025-12-27-11.44.21 - INFO - saving the model at the end of epoch 24, iters 3384
2025-12-27 11:48:08,388 - utils.logger2025-12-27-11.44.21 - INFO - End of training epoch 24 / 40 	 Time Taken: 6 sec
2025-12-27 11:48:08,388 - utils.logger2025-12-27-11.44.21 - INFO - learning rate = 0.0001524
2025-12-27 11:48:09,675 - utils.logger2025-12-27-11.44.21 - INFO - Val result of epoch 24 / 40 acc 0.6393 uar 0.6770 f1 0.6468
2025-12-27 11:48:10,736 - utils.logger2025-12-27-11.44.21 - INFO - Tst result of epoch 24 / 40 acc 0.6757 uar 0.6803 f1 0.6737
2025-12-27 11:48:11,463 - utils.logger2025-12-27-11.44.21 - INFO - Cur epoch 25 loss CE:0.5211 mse:0.0074 consistent:0.0000
2025-12-27 11:48:16,348 - utils.logger2025-12-27-11.44.21 - INFO - Cur epoch 25 loss CE:0.2695 mse:0.0079 consistent:0.0000
2025-12-27 11:48:17,583 - utils.logger2025-12-27-11.44.21 - INFO - saving the model at the end of epoch 25, iters 3525
2025-12-27 11:48:17,695 - utils.logger2025-12-27-11.44.21 - INFO - End of training epoch 25 / 40 	 Time Taken: 6 sec
2025-12-27 11:48:17,695 - utils.logger2025-12-27-11.44.21 - INFO - learning rate = 0.0001429
2025-12-27 11:48:19,033 - utils.logger2025-12-27-11.44.21 - INFO - Val result of epoch 25 / 40 acc 0.6353 uar 0.6718 f1 0.6371
2025-12-27 11:48:20,106 - utils.logger2025-12-27-11.44.21 - INFO - Tst result of epoch 25 / 40 acc 0.6726 uar 0.6872 f1 0.6734
2025-12-27 11:48:23,431 - utils.logger2025-12-27-11.44.21 - INFO - Cur epoch 26 loss CE:0.3691 mse:0.0071 consistent:0.0000
2025-12-27 11:48:26,532 - utils.logger2025-12-27-11.44.21 - INFO - saving the model at the end of epoch 26, iters 3666
2025-12-27 11:48:26,657 - utils.logger2025-12-27-11.44.21 - INFO - End of training epoch 26 / 40 	 Time Taken: 6 sec
2025-12-27 11:48:26,657 - utils.logger2025-12-27-11.44.21 - INFO - learning rate = 0.0001333
2025-12-27 11:48:28,294 - utils.logger2025-12-27-11.44.21 - INFO - Val result of epoch 26 / 40 acc 0.6159 uar 0.6831 f1 0.6221
2025-12-27 11:48:29,698 - utils.logger2025-12-27-11.44.21 - INFO - Tst result of epoch 26 / 40 acc 0.6549 uar 0.6720 f1 0.6489
2025-12-27 11:48:31,206 - utils.logger2025-12-27-11.44.21 - INFO - Cur epoch 27 loss CE:0.1455 mse:0.0078 consistent:0.0000
2025-12-27 11:48:36,028 - utils.logger2025-12-27-11.44.21 - INFO - Cur epoch 27 loss CE:0.2882 mse:0.0064 consistent:0.0000
2025-12-27 11:48:36,381 - utils.logger2025-12-27-11.44.21 - INFO - saving the model at the end of epoch 27, iters 3807
2025-12-27 11:48:36,502 - utils.logger2025-12-27-11.44.21 - INFO - End of training epoch 27 / 40 	 Time Taken: 6 sec
2025-12-27 11:48:36,502 - utils.logger2025-12-27-11.44.21 - INFO - learning rate = 0.0001238
2025-12-27 11:48:38,034 - utils.logger2025-12-27-11.44.21 - INFO - Val result of epoch 27 / 40 acc 0.6528 uar 0.6876 f1 0.6602
2025-12-27 11:48:39,085 - utils.logger2025-12-27-11.44.21 - INFO - Tst result of epoch 27 / 40 acc 0.6878 uar 0.6914 f1 0.6868
2025-12-27 11:48:43,491 - utils.logger2025-12-27-11.44.21 - INFO - Cur epoch 28 loss CE:0.1425 mse:0.0083 consistent:0.0000
2025-12-27 11:48:45,822 - utils.logger2025-12-27-11.44.21 - INFO - saving the model at the end of epoch 28, iters 3948
2025-12-27 11:48:45,918 - utils.logger2025-12-27-11.44.21 - INFO - End of training epoch 28 / 40 	 Time Taken: 6 sec
2025-12-27 11:48:45,918 - utils.logger2025-12-27-11.44.21 - INFO - learning rate = 0.0001143
2025-12-27 11:48:47,348 - utils.logger2025-12-27-11.44.21 - INFO - Val result of epoch 28 / 40 acc 0.6208 uar 0.6625 f1 0.6262
2025-12-27 11:48:48,760 - utils.logger2025-12-27-11.44.21 - INFO - Tst result of epoch 28 / 40 acc 0.6750 uar 0.6772 f1 0.6743
2025-12-27 11:48:51,214 - utils.logger2025-12-27-11.44.21 - INFO - Cur epoch 29 loss CE:0.3487 mse:0.0072 consistent:0.0000
2025-12-27 11:48:55,614 - utils.logger2025-12-27-11.44.21 - INFO - saving the model at the end of epoch 29, iters 4089
2025-12-27 11:48:55,717 - utils.logger2025-12-27-11.44.21 - INFO - End of training epoch 29 / 40 	 Time Taken: 6 sec
2025-12-27 11:48:55,717 - utils.logger2025-12-27-11.44.21 - INFO - learning rate = 0.0001048
2025-12-27 11:48:57,014 - utils.logger2025-12-27-11.44.21 - INFO - Val result of epoch 29 / 40 acc 0.6396 uar 0.6696 f1 0.6483
2025-12-27 11:48:58,125 - utils.logger2025-12-27-11.44.21 - INFO - Tst result of epoch 29 / 40 acc 0.6833 uar 0.6783 f1 0.6824
2025-12-27 11:48:58,518 - utils.logger2025-12-27-11.44.21 - INFO - Cur epoch 30 loss CE:0.1678 mse:0.0073 consistent:0.0000
2025-12-27 11:49:02,302 - utils.logger2025-12-27-11.44.21 - INFO - Cur epoch 30 loss CE:0.1282 mse:0.0063 consistent:0.0000
2025-12-27 11:49:03,408 - utils.logger2025-12-27-11.44.21 - INFO - saving the model at the end of epoch 30, iters 4230
2025-12-27 11:49:03,504 - utils.logger2025-12-27-11.44.21 - INFO - End of training epoch 30 / 40 	 Time Taken: 5 sec
2025-12-27 11:49:03,505 - utils.logger2025-12-27-11.44.21 - INFO - learning rate = 0.0000952
2025-12-27 11:49:04,784 - utils.logger2025-12-27-11.44.21 - INFO - Val result of epoch 30 / 40 acc 0.6165 uar 0.6610 f1 0.6296
2025-12-27 11:49:05,890 - utils.logger2025-12-27-11.44.21 - INFO - Tst result of epoch 30 / 40 acc 0.6802 uar 0.6795 f1 0.6760
2025-12-27 11:49:08,344 - utils.logger2025-12-27-11.44.21 - INFO - Cur epoch 31 loss CE:0.3139 mse:0.0059 consistent:0.0000
2025-12-27 11:49:11,458 - utils.logger2025-12-27-11.44.21 - INFO - saving the model at the end of epoch 31, iters 4371
2025-12-27 11:49:11,561 - utils.logger2025-12-27-11.44.21 - INFO - End of training epoch 31 / 40 	 Time Taken: 5 sec
2025-12-27 11:49:11,561 - utils.logger2025-12-27-11.44.21 - INFO - learning rate = 0.0000857
2025-12-27 11:49:12,874 - utils.logger2025-12-27-11.44.21 - INFO - Val result of epoch 31 / 40 acc 0.6359 uar 0.6767 f1 0.6453
2025-12-27 11:49:14,009 - utils.logger2025-12-27-11.44.21 - INFO - Tst result of epoch 31 / 40 acc 0.6791 uar 0.6817 f1 0.6780
2025-12-27 11:49:15,385 - utils.logger2025-12-27-11.44.21 - INFO - Cur epoch 32 loss CE:0.3474 mse:0.0074 consistent:0.0000
2025-12-27 11:49:20,305 - utils.logger2025-12-27-11.44.21 - INFO - Cur epoch 32 loss CE:0.1840 mse:0.0073 consistent:0.0000
2025-12-27 11:49:20,899 - utils.logger2025-12-27-11.44.21 - INFO - saving the model at the end of epoch 32, iters 4512
2025-12-27 11:49:20,996 - utils.logger2025-12-27-11.44.21 - INFO - End of training epoch 32 / 40 	 Time Taken: 6 sec
2025-12-27 11:49:20,997 - utils.logger2025-12-27-11.44.21 - INFO - learning rate = 0.0000762
2025-12-27 11:49:22,276 - utils.logger2025-12-27-11.44.21 - INFO - Val result of epoch 32 / 40 acc 0.6418 uar 0.6713 f1 0.6458
2025-12-27 11:49:23,381 - utils.logger2025-12-27-11.44.21 - INFO - Tst result of epoch 32 / 40 acc 0.6746 uar 0.6760 f1 0.6750
2025-12-27 11:49:27,554 - utils.logger2025-12-27-11.44.21 - INFO - Cur epoch 33 loss CE:0.1591 mse:0.0057 consistent:0.0000
2025-12-27 11:49:30,162 - utils.logger2025-12-27-11.44.21 - INFO - saving the model at the end of epoch 33, iters 4653
2025-12-27 11:49:30,255 - utils.logger2025-12-27-11.44.21 - INFO - End of training epoch 33 / 40 	 Time Taken: 6 sec
2025-12-27 11:49:30,256 - utils.logger2025-12-27-11.44.21 - INFO - learning rate = 0.0000667
2025-12-27 11:49:31,475 - utils.logger2025-12-27-11.44.21 - INFO - Val result of epoch 33 / 40 acc 0.6248 uar 0.6431 f1 0.6315
2025-12-27 11:49:32,545 - utils.logger2025-12-27-11.44.21 - INFO - Tst result of epoch 33 / 40 acc 0.6635 uar 0.6580 f1 0.6622
2025-12-27 11:49:34,721 - utils.logger2025-12-27-11.44.21 - INFO - Cur epoch 34 loss CE:0.3006 mse:0.0062 consistent:0.0000
2025-12-27 11:49:39,376 - utils.logger2025-12-27-11.44.21 - INFO - saving the model at the end of epoch 34, iters 4794
2025-12-27 11:49:39,472 - utils.logger2025-12-27-11.44.21 - INFO - End of training epoch 34 / 40 	 Time Taken: 6 sec
2025-12-27 11:49:39,472 - utils.logger2025-12-27-11.44.21 - INFO - learning rate = 0.0000571
2025-12-27 11:49:40,714 - utils.logger2025-12-27-11.44.21 - INFO - Val result of epoch 34 / 40 acc 0.6433 uar 0.6764 f1 0.6513
2025-12-27 11:49:41,790 - utils.logger2025-12-27-11.44.21 - INFO - Tst result of epoch 34 / 40 acc 0.6705 uar 0.6723 f1 0.6707
2025-12-27 11:49:42,044 - utils.logger2025-12-27-11.44.21 - INFO - Cur epoch 35 loss CE:0.1932 mse:0.0072 consistent:0.0000
2025-12-27 11:49:46,854 - utils.logger2025-12-27-11.44.21 - INFO - Cur epoch 35 loss CE:0.4169 mse:0.0078 consistent:0.0000
2025-12-27 11:49:48,578 - utils.logger2025-12-27-11.44.21 - INFO - saving the model at the end of epoch 35, iters 4935
2025-12-27 11:49:48,673 - utils.logger2025-12-27-11.44.21 - INFO - End of training epoch 35 / 40 	 Time Taken: 6 sec
2025-12-27 11:49:48,673 - utils.logger2025-12-27-11.44.21 - INFO - learning rate = 0.0000476
2025-12-27 11:49:49,909 - utils.logger2025-12-27-11.44.21 - INFO - Val result of epoch 35 / 40 acc 0.6482 uar 0.6765 f1 0.6562
2025-12-27 11:49:50,980 - utils.logger2025-12-27-11.44.21 - INFO - Tst result of epoch 35 / 40 acc 0.6816 uar 0.6830 f1 0.6833
2025-12-27 11:49:53,892 - utils.logger2025-12-27-11.44.21 - INFO - Cur epoch 36 loss CE:0.4366 mse:0.0062 consistent:0.0000
2025-12-27 11:49:57,586 - utils.logger2025-12-27-11.44.21 - INFO - saving the model at the end of epoch 36, iters 5076
2025-12-27 11:49:57,682 - utils.logger2025-12-27-11.44.21 - INFO - End of training epoch 36 / 40 	 Time Taken: 6 sec
2025-12-27 11:49:57,682 - utils.logger2025-12-27-11.44.21 - INFO - learning rate = 0.0000381
2025-12-27 11:49:58,909 - utils.logger2025-12-27-11.44.21 - INFO - Val result of epoch 36 / 40 acc 0.6371 uar 0.6820 f1 0.6449
2025-12-27 11:50:00,000 - utils.logger2025-12-27-11.44.21 - INFO - Tst result of epoch 36 / 40 acc 0.6736 uar 0.6842 f1 0.6715
2025-12-27 11:50:00,848 - utils.logger2025-12-27-11.44.21 - INFO - Cur epoch 37 loss CE:0.1953 mse:0.0067 consistent:0.0000
2025-12-27 11:50:04,476 - utils.logger2025-12-27-11.44.21 - INFO - Cur epoch 37 loss CE:0.0450 mse:0.0076 consistent:0.0000
2025-12-27 11:50:05,095 - utils.logger2025-12-27-11.44.21 - INFO - saving the model at the end of epoch 37, iters 5217
2025-12-27 11:50:05,189 - utils.logger2025-12-27-11.44.21 - INFO - End of training epoch 37 / 40 	 Time Taken: 5 sec
2025-12-27 11:50:05,189 - utils.logger2025-12-27-11.44.21 - INFO - learning rate = 0.0000286
2025-12-27 11:50:06,426 - utils.logger2025-12-27-11.44.21 - INFO - Val result of epoch 37 / 40 acc 0.6479 uar 0.6778 f1 0.6563
2025-12-27 11:50:07,502 - utils.logger2025-12-27-11.44.21 - INFO - Tst result of epoch 37 / 40 acc 0.6764 uar 0.6759 f1 0.6753
2025-12-27 11:50:10,498 - utils.logger2025-12-27-11.44.21 - INFO - Cur epoch 38 loss CE:0.1138 mse:0.0051 consistent:0.0000
2025-12-27 11:50:13,251 - utils.logger2025-12-27-11.44.21 - INFO - saving the model at the end of epoch 38, iters 5358
2025-12-27 11:50:13,365 - utils.logger2025-12-27-11.44.21 - INFO - End of training epoch 38 / 40 	 Time Taken: 5 sec
2025-12-27 11:50:13,366 - utils.logger2025-12-27-11.44.21 - INFO - learning rate = 0.0000190
2025-12-27 11:50:14,600 - utils.logger2025-12-27-11.44.21 - INFO - Val result of epoch 38 / 40 acc 0.6396 uar 0.6837 f1 0.6496
2025-12-27 11:50:15,666 - utils.logger2025-12-27-11.44.21 - INFO - Tst result of epoch 38 / 40 acc 0.6729 uar 0.6769 f1 0.6717
2025-12-27 11:50:17,548 - utils.logger2025-12-27-11.44.21 - INFO - Cur epoch 39 loss CE:0.0625 mse:0.0084 consistent:0.0000
2025-12-27 11:50:22,448 - utils.logger2025-12-27-11.44.21 - INFO - saving the model at the end of epoch 39, iters 5499
2025-12-27 11:50:22,543 - utils.logger2025-12-27-11.44.21 - INFO - End of training epoch 39 / 40 	 Time Taken: 6 sec
2025-12-27 11:50:22,543 - utils.logger2025-12-27-11.44.21 - INFO - learning rate = 0.0000095
2025-12-27 11:50:23,790 - utils.logger2025-12-27-11.44.21 - INFO - Val result of epoch 39 / 40 acc 0.6458 uar 0.6845 f1 0.6545
2025-12-27 11:50:24,854 - utils.logger2025-12-27-11.44.21 - INFO - Tst result of epoch 39 / 40 acc 0.6760 uar 0.6823 f1 0.6761
2025-12-27 11:50:24,898 - utils.logger2025-12-27-11.44.21 - INFO - Cur epoch 40 loss CE:0.0824 mse:0.0078 consistent:0.0000
2025-12-27 11:50:29,590 - utils.logger2025-12-27-11.44.21 - INFO - Cur epoch 40 loss CE:0.3790 mse:0.0083 consistent:0.0000
2025-12-27 11:50:31,490 - utils.logger2025-12-27-11.44.21 - INFO - saving the model at the end of epoch 40, iters 5640
2025-12-27 11:50:31,592 - utils.logger2025-12-27-11.44.21 - INFO - End of training epoch 40 / 40 	 Time Taken: 6 sec
2025-12-27 11:50:31,592 - utils.logger2025-12-27-11.44.21 - INFO - learning rate = 0.0000000
2025-12-27 11:50:32,812 - utils.logger2025-12-27-11.44.21 - INFO - Val result of epoch 40 / 40 acc 0.6485 uar 0.6840 f1 0.6569
2025-12-27 11:50:33,885 - utils.logger2025-12-27-11.44.21 - INFO - Tst result of epoch 40 / 40 acc 0.6812 uar 0.6867 f1 0.6811
2025-12-27 11:50:33,885 - utils.logger2025-12-27-11.44.21 - INFO - Best eval epoch 27 found with uar 0.691437
2025-12-27 11:50:33,885 - utils.logger2025-12-27-11.44.21 - INFO - Loading best model found on val set: epoch-27
2025-12-27 11:50:36,189 - utils.logger2025-12-27-11.44.21 - INFO - Tst result acc 0.6878 uar 0.6914 f1 0.6868
