2025-12-18 18:06:56,125 - utils.logger2025-12-18-18.06.56 - INFO - The number of training samples = 1750
2025-12-18 18:06:57,347 - utils.logger2025-12-18-18.06.56 - INFO - Cur epoch 1 loss TA:1.0351 TV:1.0349 VA:2.0742 CE:3.2855
2025-12-18 18:06:57,788 - utils.logger2025-12-18-18.06.56 - INFO - Cur epoch 1 loss TA:1.0302 TV:1.0322 VA:2.0636 CE:2.9180
2025-12-18 18:06:58,231 - utils.logger2025-12-18-18.06.56 - INFO - saving the model at the end of epoch 1, iters 28
2025-12-18 18:06:58,293 - utils.logger2025-12-18-18.06.56 - INFO - End of training epoch 1 / 40 	 Time Taken: 1 sec
2025-12-18 18:06:58,293 - utils.logger2025-12-18-18.06.56 - INFO - learning rate = 0.0002000
2025-12-18 18:06:58,593 - utils.logger2025-12-18-18.06.56 - INFO - Val result of epoch 1 / 40 acc 0.5134 MAE 0.3098 f1 0.6309
2025-12-18 18:06:58,839 - utils.logger2025-12-18-18.06.56 - INFO - Tst result of epoch 1 / 40 acc 0.5134 MAE 0.3098 f1 0.6309
2025-12-18 18:06:59,166 - utils.logger2025-12-18-18.06.56 - INFO - Cur epoch 2 loss TA:1.0283 TV:1.0289 VA:2.0682 CE:2.2217
2025-12-18 18:06:59,769 - utils.logger2025-12-18-18.06.56 - INFO - Cur epoch 2 loss TA:1.0162 TV:1.0256 VA:2.0590 CE:2.3553
2025-12-18 18:07:00,346 - utils.logger2025-12-18-18.06.56 - INFO - Cur epoch 2 loss TA:0.9960 TV:1.0206 VA:2.0476 CE:2.5003
2025-12-18 18:07:00,729 - utils.logger2025-12-18-18.06.56 - INFO - saving the model at the end of epoch 2, iters 56
2025-12-18 18:07:00,801 - utils.logger2025-12-18-18.06.56 - INFO - End of training epoch 2 / 40 	 Time Taken: 1 sec
2025-12-18 18:07:00,801 - utils.logger2025-12-18-18.06.56 - INFO - learning rate = 0.0002000
2025-12-18 18:07:01,197 - utils.logger2025-12-18-18.06.56 - INFO - Val result of epoch 2 / 40 acc 0.6027 MAE 0.4858 f1 0.6320
2025-12-18 18:07:01,503 - utils.logger2025-12-18-18.06.56 - INFO - Tst result of epoch 2 / 40 acc 0.6027 MAE 0.4858 f1 0.6320
2025-12-18 18:07:01,946 - utils.logger2025-12-18-18.06.56 - INFO - Cur epoch 3 loss TA:0.9801 TV:1.0006 VA:2.0176 CE:1.9764
2025-12-18 18:07:02,414 - utils.logger2025-12-18-18.06.56 - INFO - Cur epoch 3 loss TA:0.9631 TV:0.9778 VA:1.9930 CE:1.7647
2025-12-18 18:07:02,872 - utils.logger2025-12-18-18.06.56 - INFO - Cur epoch 3 loss TA:0.9514 TV:0.9779 VA:1.9705 CE:1.9553
2025-12-18 18:07:03,121 - utils.logger2025-12-18-18.06.56 - INFO - saving the model at the end of epoch 3, iters 84
2025-12-18 18:07:03,204 - utils.logger2025-12-18-18.06.56 - INFO - End of training epoch 3 / 40 	 Time Taken: 1 sec
2025-12-18 18:07:03,204 - utils.logger2025-12-18-18.06.56 - INFO - learning rate = 0.0002000
2025-12-18 18:07:03,517 - utils.logger2025-12-18-18.06.56 - INFO - Val result of epoch 3 / 40 acc 0.6339 MAE 0.5297 f1 0.6513
2025-12-18 18:07:03,788 - utils.logger2025-12-18-18.06.56 - INFO - Tst result of epoch 3 / 40 acc 0.6339 MAE 0.5297 f1 0.6513
2025-12-18 18:07:04,358 - utils.logger2025-12-18-18.06.56 - INFO - Cur epoch 4 loss TA:0.9323 TV:0.9310 VA:1.8870 CE:1.9613
2025-12-18 18:07:04,952 - utils.logger2025-12-18-18.06.56 - INFO - Cur epoch 4 loss TA:0.9307 TV:0.9303 VA:1.9014 CE:1.7151
2025-12-18 18:07:05,532 - utils.logger2025-12-18-18.06.56 - INFO - Cur epoch 4 loss TA:0.9249 TV:0.9266 VA:1.8639 CE:2.5043
2025-12-18 18:07:05,709 - utils.logger2025-12-18-18.06.56 - INFO - saving the model at the end of epoch 4, iters 112
2025-12-18 18:07:05,791 - utils.logger2025-12-18-18.06.56 - INFO - End of training epoch 4 / 40 	 Time Taken: 2 sec
2025-12-18 18:07:05,791 - utils.logger2025-12-18-18.06.56 - INFO - learning rate = 0.0002000
2025-12-18 18:07:06,097 - utils.logger2025-12-18-18.06.56 - INFO - Val result of epoch 4 / 40 acc 0.6964 MAE 0.6201 f1 0.7063
2025-12-18 18:07:06,366 - utils.logger2025-12-18-18.06.56 - INFO - Tst result of epoch 4 / 40 acc 0.6964 MAE 0.6201 f1 0.7063
2025-12-18 18:07:07,031 - utils.logger2025-12-18-18.06.56 - INFO - Cur epoch 5 loss TA:0.9021 TV:0.9015 VA:1.7968 CE:1.9311
2025-12-18 18:07:07,629 - utils.logger2025-12-18-18.06.56 - INFO - Cur epoch 5 loss TA:0.9032 TV:0.9029 VA:1.8172 CE:1.9130
2025-12-18 18:07:08,177 - utils.logger2025-12-18-18.06.56 - INFO - Cur epoch 5 loss TA:0.6260 TV:0.6219 VA:1.2945 CE:1.6758
2025-12-18 18:07:08,238 - utils.logger2025-12-18-18.06.56 - INFO - saving the model at the end of epoch 5, iters 140
2025-12-18 18:07:08,320 - utils.logger2025-12-18-18.06.56 - INFO - End of training epoch 5 / 40 	 Time Taken: 1 sec
2025-12-18 18:07:08,320 - utils.logger2025-12-18-18.06.56 - INFO - learning rate = 0.0002000
2025-12-18 18:07:08,772 - utils.logger2025-12-18-18.06.56 - INFO - Val result of epoch 5 / 40 acc 0.7277 MAE 0.6673 f1 0.7358
2025-12-18 18:07:09,069 - utils.logger2025-12-18-18.06.56 - INFO - Tst result of epoch 5 / 40 acc 0.7277 MAE 0.6673 f1 0.7358
2025-12-18 18:07:09,887 - utils.logger2025-12-18-18.06.56 - INFO - Cur epoch 6 loss TA:0.8719 TV:0.8762 VA:1.7609 CE:1.9870
2025-12-18 18:07:10,457 - utils.logger2025-12-18-18.06.56 - INFO - Cur epoch 6 loss TA:0.8568 TV:0.8815 VA:1.7822 CE:1.6481
2025-12-18 18:07:10,966 - utils.logger2025-12-18-18.06.56 - INFO - saving the model at the end of epoch 6, iters 168
2025-12-18 18:07:11,055 - utils.logger2025-12-18-18.06.56 - INFO - End of training epoch 6 / 40 	 Time Taken: 1 sec
2025-12-18 18:07:11,055 - utils.logger2025-12-18-18.06.56 - INFO - learning rate = 0.0002000
2025-12-18 18:07:11,470 - utils.logger2025-12-18-18.06.56 - INFO - Val result of epoch 6 / 40 acc 0.7545 MAE 0.6719 f1 0.7701
2025-12-18 18:07:11,752 - utils.logger2025-12-18-18.06.56 - INFO - Tst result of epoch 6 / 40 acc 0.7545 MAE 0.6719 f1 0.7701
2025-12-18 18:07:12,109 - utils.logger2025-12-18-18.06.56 - INFO - Cur epoch 7 loss TA:0.8174 TV:0.8383 VA:1.6419 CE:1.6451
2025-12-18 18:07:12,696 - utils.logger2025-12-18-18.06.56 - INFO - Cur epoch 7 loss TA:0.8196 TV:0.8189 VA:1.6484 CE:1.5934
2025-12-18 18:07:13,326 - utils.logger2025-12-18-18.06.56 - INFO - Cur epoch 7 loss TA:0.8223 TV:0.8387 VA:1.6569 CE:1.5755
2025-12-18 18:07:13,783 - utils.logger2025-12-18-18.06.56 - INFO - saving the model at the end of epoch 7, iters 196
2025-12-18 18:07:13,862 - utils.logger2025-12-18-18.06.56 - INFO - End of training epoch 7 / 40 	 Time Taken: 2 sec
2025-12-18 18:07:13,862 - utils.logger2025-12-18-18.06.56 - INFO - learning rate = 0.0002000
2025-12-18 18:07:14,232 - utils.logger2025-12-18-18.06.56 - INFO - Val result of epoch 7 / 40 acc 0.7679 MAE 0.6885 f1 0.7840
2025-12-18 18:07:14,639 - utils.logger2025-12-18-18.06.56 - INFO - Tst result of epoch 7 / 40 acc 0.7679 MAE 0.6885 f1 0.7840
2025-12-18 18:07:15,075 - utils.logger2025-12-18-18.06.56 - INFO - Cur epoch 8 loss TA:0.7668 TV:0.8066 VA:1.5890 CE:1.0941
2025-12-18 18:07:15,625 - utils.logger2025-12-18-18.06.56 - INFO - Cur epoch 8 loss TA:0.7821 TV:0.7869 VA:1.5942 CE:1.3022
2025-12-18 18:07:16,179 - utils.logger2025-12-18-18.06.56 - INFO - Cur epoch 8 loss TA:0.7694 TV:0.8245 VA:1.6281 CE:1.2572
2025-12-18 18:07:16,460 - utils.logger2025-12-18-18.06.56 - INFO - saving the model at the end of epoch 8, iters 224
2025-12-18 18:07:16,563 - utils.logger2025-12-18-18.06.56 - INFO - End of training epoch 8 / 40 	 Time Taken: 1 sec
2025-12-18 18:07:16,564 - utils.logger2025-12-18-18.06.56 - INFO - learning rate = 0.0002000
2025-12-18 18:07:16,943 - utils.logger2025-12-18-18.06.56 - INFO - Val result of epoch 8 / 40 acc 0.7946 MAE 0.7002 f1 0.8123
2025-12-18 18:07:17,457 - utils.logger2025-12-18-18.06.56 - INFO - Tst result of epoch 8 / 40 acc 0.7946 MAE 0.7002 f1 0.8123
2025-12-18 18:07:18,192 - utils.logger2025-12-18-18.06.56 - INFO - Cur epoch 9 loss TA:0.7521 TV:0.7776 VA:1.5106 CE:1.5003
2025-12-18 18:07:18,733 - utils.logger2025-12-18-18.06.56 - INFO - Cur epoch 9 loss TA:0.7626 TV:0.7840 VA:1.5492 CE:1.2602
2025-12-18 18:07:19,310 - utils.logger2025-12-18-18.06.56 - INFO - Cur epoch 9 loss TA:0.7367 TV:0.7623 VA:1.5155 CE:1.4405
2025-12-18 18:07:19,486 - utils.logger2025-12-18-18.06.56 - INFO - saving the model at the end of epoch 9, iters 252
2025-12-18 18:07:19,565 - utils.logger2025-12-18-18.06.56 - INFO - End of training epoch 9 / 40 	 Time Taken: 2 sec
2025-12-18 18:07:19,566 - utils.logger2025-12-18-18.06.56 - INFO - learning rate = 0.0002000
2025-12-18 18:07:20,014 - utils.logger2025-12-18-18.06.56 - INFO - Val result of epoch 9 / 40 acc 0.7634 MAE 0.7063 f1 0.7798
2025-12-18 18:07:20,290 - utils.logger2025-12-18-18.06.56 - INFO - Tst result of epoch 9 / 40 acc 0.7634 MAE 0.7063 f1 0.7798
2025-12-18 18:07:20,983 - utils.logger2025-12-18-18.06.56 - INFO - Cur epoch 10 loss TA:0.7598 TV:0.7589 VA:1.4944 CE:1.2316
2025-12-18 18:07:21,530 - utils.logger2025-12-18-18.06.56 - INFO - Cur epoch 10 loss TA:0.7130 TV:0.7175 VA:1.4469 CE:1.0283
2025-12-18 18:07:22,098 - utils.logger2025-12-18-18.06.56 - INFO - Cur epoch 10 loss TA:0.4404 TV:0.4689 VA:0.9745 CE:1.1849
2025-12-18 18:07:22,156 - utils.logger2025-12-18-18.06.56 - INFO - saving the model at the end of epoch 10, iters 280
2025-12-18 18:07:22,237 - utils.logger2025-12-18-18.06.56 - INFO - End of training epoch 10 / 40 	 Time Taken: 1 sec
2025-12-18 18:07:22,237 - utils.logger2025-12-18-18.06.56 - INFO - learning rate = 0.0002000
2025-12-18 18:07:22,817 - utils.logger2025-12-18-18.06.56 - INFO - Val result of epoch 10 / 40 acc 0.7768 MAE 0.7113 f1 0.7936
2025-12-18 18:07:23,180 - utils.logger2025-12-18-18.06.56 - INFO - Tst result of epoch 10 / 40 acc 0.7768 MAE 0.7113 f1 0.7936
2025-12-18 18:07:23,845 - utils.logger2025-12-18-18.06.56 - INFO - Cur epoch 11 loss TA:0.7267 TV:0.7312 VA:1.4596 CE:0.9245
2025-12-18 18:07:24,325 - utils.logger2025-12-18-18.06.56 - INFO - Cur epoch 11 loss TA:0.6836 TV:0.7005 VA:1.4148 CE:0.8666
2025-12-18 18:07:24,815 - utils.logger2025-12-18-18.06.56 - INFO - saving the model at the end of epoch 11, iters 308
2025-12-18 18:07:24,904 - utils.logger2025-12-18-18.06.56 - INFO - End of training epoch 11 / 40 	 Time Taken: 1 sec
2025-12-18 18:07:24,904 - utils.logger2025-12-18-18.06.56 - INFO - learning rate = 0.0002000
2025-12-18 18:07:25,196 - utils.logger2025-12-18-18.06.56 - INFO - Val result of epoch 11 / 40 acc 0.7902 MAE 0.7212 f1 0.8076
2025-12-18 18:07:25,491 - utils.logger2025-12-18-18.06.56 - INFO - Tst result of epoch 11 / 40 acc 0.7902 MAE 0.7212 f1 0.8076
2025-12-18 18:07:25,819 - utils.logger2025-12-18-18.06.56 - INFO - Cur epoch 12 loss TA:0.7038 TV:0.7034 VA:1.4381 CE:0.7628
2025-12-18 18:07:26,446 - utils.logger2025-12-18-18.06.56 - INFO - Cur epoch 12 loss TA:0.6754 TV:0.7162 VA:1.4333 CE:1.0160
2025-12-18 18:07:27,032 - utils.logger2025-12-18-18.06.56 - INFO - Cur epoch 12 loss TA:0.6749 TV:0.6995 VA:1.4101 CE:0.8905
2025-12-18 18:07:27,449 - utils.logger2025-12-18-18.06.56 - INFO - saving the model at the end of epoch 12, iters 336
2025-12-18 18:07:27,534 - utils.logger2025-12-18-18.06.56 - INFO - End of training epoch 12 / 40 	 Time Taken: 2 sec
2025-12-18 18:07:27,534 - utils.logger2025-12-18-18.06.56 - INFO - learning rate = 0.0002000
2025-12-18 18:07:28,046 - utils.logger2025-12-18-18.06.56 - INFO - Val result of epoch 12 / 40 acc 0.7723 MAE 0.7101 f1 0.7894
2025-12-18 18:07:28,314 - utils.logger2025-12-18-18.06.56 - INFO - Tst result of epoch 12 / 40 acc 0.7723 MAE 0.7101 f1 0.7894
2025-12-18 18:07:28,959 - utils.logger2025-12-18-18.06.56 - INFO - Cur epoch 13 loss TA:0.6766 TV:0.6736 VA:1.3411 CE:0.7832
2025-12-18 18:07:29,546 - utils.logger2025-12-18-18.06.56 - INFO - Cur epoch 13 loss TA:0.6636 TV:0.6647 VA:1.3000 CE:0.7245
2025-12-18 18:07:30,083 - utils.logger2025-12-18-18.06.56 - INFO - Cur epoch 13 loss TA:0.6482 TV:0.6594 VA:1.3671 CE:0.6389
2025-12-18 18:07:30,339 - utils.logger2025-12-18-18.06.56 - INFO - saving the model at the end of epoch 13, iters 364
2025-12-18 18:07:30,423 - utils.logger2025-12-18-18.06.56 - INFO - End of training epoch 13 / 40 	 Time Taken: 2 sec
2025-12-18 18:07:30,423 - utils.logger2025-12-18-18.06.56 - INFO - learning rate = 0.0002000
2025-12-18 18:07:30,737 - utils.logger2025-12-18-18.06.56 - INFO - Val result of epoch 13 / 40 acc 0.7902 MAE 0.7161 f1 0.8076
2025-12-18 18:07:31,028 - utils.logger2025-12-18-18.06.56 - INFO - Tst result of epoch 13 / 40 acc 0.7902 MAE 0.7161 f1 0.8076
2025-12-18 18:07:31,603 - utils.logger2025-12-18-18.06.56 - INFO - Cur epoch 14 loss TA:0.6450 TV:0.6491 VA:1.2859 CE:0.8710
2025-12-18 18:07:32,189 - utils.logger2025-12-18-18.06.56 - INFO - Cur epoch 14 loss TA:0.6142 TV:0.6321 VA:1.2958 CE:0.7706
2025-12-18 18:07:32,805 - utils.logger2025-12-18-18.06.56 - INFO - Cur epoch 14 loss TA:0.6411 TV:0.6684 VA:1.2905 CE:0.5967
2025-12-18 18:07:32,984 - utils.logger2025-12-18-18.06.56 - INFO - saving the model at the end of epoch 14, iters 392
2025-12-18 18:07:33,077 - utils.logger2025-12-18-18.06.56 - INFO - End of training epoch 14 / 40 	 Time Taken: 2 sec
2025-12-18 18:07:33,077 - utils.logger2025-12-18-18.06.56 - INFO - learning rate = 0.0002000
2025-12-18 18:07:33,529 - utils.logger2025-12-18-18.06.56 - INFO - Val result of epoch 14 / 40 acc 0.7857 MAE 0.7161 f1 0.8027
2025-12-18 18:07:33,830 - utils.logger2025-12-18-18.06.56 - INFO - Tst result of epoch 14 / 40 acc 0.7857 MAE 0.7161 f1 0.8027
2025-12-18 18:07:34,495 - utils.logger2025-12-18-18.06.56 - INFO - Cur epoch 15 loss TA:0.6353 TV:0.6521 VA:1.3029 CE:0.6781
2025-12-18 18:07:35,103 - utils.logger2025-12-18-18.06.56 - INFO - Cur epoch 15 loss TA:0.6311 TV:0.6652 VA:1.2715 CE:0.7419
2025-12-18 18:07:35,668 - utils.logger2025-12-18-18.06.56 - INFO - Cur epoch 15 loss TA:0.4075 TV:0.4076 VA:0.7236 CE:0.8216
2025-12-18 18:07:35,723 - utils.logger2025-12-18-18.06.56 - INFO - saving the model at the end of epoch 15, iters 420
2025-12-18 18:07:35,800 - utils.logger2025-12-18-18.06.56 - INFO - End of training epoch 15 / 40 	 Time Taken: 1 sec
2025-12-18 18:07:35,800 - utils.logger2025-12-18-18.06.56 - INFO - learning rate = 0.0002000
2025-12-18 18:07:36,330 - utils.logger2025-12-18-18.06.56 - INFO - Val result of epoch 15 / 40 acc 0.7679 MAE 0.7049 f1 0.7796
2025-12-18 18:07:36,635 - utils.logger2025-12-18-18.06.56 - INFO - Tst result of epoch 15 / 40 acc 0.7679 MAE 0.7049 f1 0.7796
2025-12-18 18:07:37,328 - utils.logger2025-12-18-18.06.56 - INFO - Cur epoch 16 loss TA:0.6071 TV:0.6179 VA:1.2029 CE:0.3873
2025-12-18 18:07:37,784 - utils.logger2025-12-18-18.06.56 - INFO - Cur epoch 16 loss TA:0.6087 TV:0.6571 VA:1.2777 CE:0.5975
2025-12-18 18:07:38,230 - utils.logger2025-12-18-18.06.56 - INFO - saving the model at the end of epoch 16, iters 448
2025-12-18 18:07:38,313 - utils.logger2025-12-18-18.06.56 - INFO - End of training epoch 16 / 40 	 Time Taken: 1 sec
2025-12-18 18:07:38,313 - utils.logger2025-12-18-18.06.56 - INFO - learning rate = 0.0002000
2025-12-18 18:07:38,601 - utils.logger2025-12-18-18.06.56 - INFO - Val result of epoch 16 / 40 acc 0.7768 MAE 0.7180 f1 0.7942
2025-12-18 18:07:38,878 - utils.logger2025-12-18-18.06.56 - INFO - Tst result of epoch 16 / 40 acc 0.7768 MAE 0.7180 f1 0.7942
2025-12-18 18:07:39,164 - utils.logger2025-12-18-18.06.56 - INFO - Cur epoch 17 loss TA:0.6116 TV:0.6280 VA:1.2477 CE:0.5721
2025-12-18 18:07:39,736 - utils.logger2025-12-18-18.06.56 - INFO - Cur epoch 17 loss TA:0.6480 TV:0.6722 VA:1.2519 CE:0.6094
2025-12-18 18:07:40,315 - utils.logger2025-12-18-18.06.56 - INFO - Cur epoch 17 loss TA:0.5906 TV:0.6284 VA:1.2201 CE:0.4394
2025-12-18 18:07:40,741 - utils.logger2025-12-18-18.06.56 - INFO - saving the model at the end of epoch 17, iters 476
2025-12-18 18:07:40,825 - utils.logger2025-12-18-18.06.56 - INFO - End of training epoch 17 / 40 	 Time Taken: 1 sec
2025-12-18 18:07:40,825 - utils.logger2025-12-18-18.06.56 - INFO - learning rate = 0.0002000
2025-12-18 18:07:41,379 - utils.logger2025-12-18-18.06.56 - INFO - Val result of epoch 17 / 40 acc 0.7902 MAE 0.7233 f1 0.8076
2025-12-18 18:07:41,779 - utils.logger2025-12-18-18.06.56 - INFO - Tst result of epoch 17 / 40 acc 0.7902 MAE 0.7233 f1 0.8076
2025-12-18 18:07:42,234 - utils.logger2025-12-18-18.06.56 - INFO - Cur epoch 18 loss TA:0.6081 TV:0.6208 VA:1.2063 CE:0.5369
2025-12-18 18:07:42,800 - utils.logger2025-12-18-18.06.56 - INFO - Cur epoch 18 loss TA:0.6105 TV:0.6152 VA:1.2088 CE:0.4609
2025-12-18 18:07:43,293 - utils.logger2025-12-18-18.06.56 - INFO - Cur epoch 18 loss TA:0.6350 TV:0.6262 VA:1.2566 CE:0.4058
2025-12-18 18:07:43,563 - utils.logger2025-12-18-18.06.56 - INFO - saving the model at the end of epoch 18, iters 504
2025-12-18 18:07:43,642 - utils.logger2025-12-18-18.06.56 - INFO - End of training epoch 18 / 40 	 Time Taken: 1 sec
2025-12-18 18:07:43,642 - utils.logger2025-12-18-18.06.56 - INFO - learning rate = 0.0002000
2025-12-18 18:07:43,985 - utils.logger2025-12-18-18.06.56 - INFO - Val result of epoch 18 / 40 acc 0.7812 MAE 0.7180 f1 0.7984
2025-12-18 18:07:44,294 - utils.logger2025-12-18-18.06.56 - INFO - Tst result of epoch 18 / 40 acc 0.7812 MAE 0.7180 f1 0.7984
2025-12-18 18:07:44,870 - utils.logger2025-12-18-18.06.56 - INFO - Cur epoch 19 loss TA:0.5907 TV:0.5912 VA:1.1269 CE:0.4465
2025-12-18 18:07:45,499 - utils.logger2025-12-18-18.06.56 - INFO - Cur epoch 19 loss TA:0.5624 TV:0.5874 VA:1.1697 CE:0.4144
2025-12-18 18:07:46,086 - utils.logger2025-12-18-18.06.56 - INFO - Cur epoch 19 loss TA:0.5862 TV:0.6011 VA:1.2127 CE:0.3574
2025-12-18 18:07:46,257 - utils.logger2025-12-18-18.06.56 - INFO - saving the model at the end of epoch 19, iters 532
2025-12-18 18:07:46,328 - utils.logger2025-12-18-18.06.56 - INFO - End of training epoch 19 / 40 	 Time Taken: 2 sec
2025-12-18 18:07:46,328 - utils.logger2025-12-18-18.06.56 - INFO - learning rate = 0.0002000
2025-12-18 18:07:46,642 - utils.logger2025-12-18-18.06.56 - INFO - Val result of epoch 19 / 40 acc 0.8080 MAE 0.7304 f1 0.8262
2025-12-18 18:07:46,921 - utils.logger2025-12-18-18.06.56 - INFO - Tst result of epoch 19 / 40 acc 0.8080 MAE 0.7304 f1 0.8262
2025-12-18 18:07:47,652 - utils.logger2025-12-18-18.06.56 - INFO - Cur epoch 20 loss TA:0.5782 TV:0.5940 VA:1.1521 CE:0.3859
2025-12-18 18:07:48,229 - utils.logger2025-12-18-18.06.56 - INFO - Cur epoch 20 loss TA:0.5939 TV:0.6186 VA:1.2081 CE:0.4486
2025-12-18 18:07:48,817 - utils.logger2025-12-18-18.06.56 - INFO - Cur epoch 20 loss TA:0.2728 TV:0.2802 VA:0.5494 CE:0.3085
2025-12-18 18:07:48,875 - utils.logger2025-12-18-18.06.56 - INFO - saving the model at the end of epoch 20, iters 560
2025-12-18 18:07:48,960 - utils.logger2025-12-18-18.06.56 - INFO - End of training epoch 20 / 40 	 Time Taken: 2 sec
2025-12-18 18:07:48,960 - utils.logger2025-12-18-18.06.56 - INFO - learning rate = 0.0002000
2025-12-18 18:07:49,420 - utils.logger2025-12-18-18.06.56 - INFO - Val result of epoch 20 / 40 acc 0.7812 MAE 0.7281 f1 0.7980
2025-12-18 18:07:49,728 - utils.logger2025-12-18-18.06.56 - INFO - Tst result of epoch 20 / 40 acc 0.7812 MAE 0.7281 f1 0.7980
2025-12-18 18:07:50,533 - utils.logger2025-12-18-18.06.56 - INFO - Cur epoch 21 loss TA:0.5867 TV:0.5812 VA:1.1682 CE:0.3078
2025-12-18 18:07:51,086 - utils.logger2025-12-18-18.06.56 - INFO - Cur epoch 21 loss TA:0.5799 TV:0.5893 VA:1.1675 CE:0.3500
2025-12-18 18:07:51,613 - utils.logger2025-12-18-18.06.56 - INFO - saving the model at the end of epoch 21, iters 588
2025-12-18 18:07:51,703 - utils.logger2025-12-18-18.06.56 - INFO - End of training epoch 21 / 40 	 Time Taken: 1 sec
2025-12-18 18:07:51,703 - utils.logger2025-12-18-18.06.56 - INFO - learning rate = 0.0002000
2025-12-18 18:07:52,023 - utils.logger2025-12-18-18.06.56 - INFO - Val result of epoch 21 / 40 acc 0.7857 MAE 0.7189 f1 0.8028
2025-12-18 18:07:52,346 - utils.logger2025-12-18-18.06.56 - INFO - Tst result of epoch 21 / 40 acc 0.7857 MAE 0.7189 f1 0.8028
2025-12-18 18:07:52,672 - utils.logger2025-12-18-18.06.56 - INFO - Cur epoch 22 loss TA:0.5660 TV:0.5919 VA:1.1793 CE:0.2767
2025-12-18 18:07:53,301 - utils.logger2025-12-18-18.06.56 - INFO - Cur epoch 22 loss TA:0.5634 TV:0.5627 VA:1.0873 CE:0.3277
2025-12-18 18:07:53,909 - utils.logger2025-12-18-18.06.56 - INFO - Cur epoch 22 loss TA:0.5774 TV:0.5875 VA:1.1632 CE:0.4367
2025-12-18 18:07:54,317 - utils.logger2025-12-18-18.06.56 - INFO - saving the model at the end of epoch 22, iters 616
2025-12-18 18:07:54,387 - utils.logger2025-12-18-18.06.56 - INFO - End of training epoch 22 / 40 	 Time Taken: 2 sec
2025-12-18 18:07:54,387 - utils.logger2025-12-18-18.06.56 - INFO - learning rate = 0.0002000
2025-12-18 18:07:54,661 - utils.logger2025-12-18-18.06.56 - INFO - Val result of epoch 22 / 40 acc 0.7857 MAE 0.7238 f1 0.8027
2025-12-18 18:07:54,920 - utils.logger2025-12-18-18.06.56 - INFO - Tst result of epoch 22 / 40 acc 0.7857 MAE 0.7238 f1 0.8027
2025-12-18 18:07:55,319 - utils.logger2025-12-18-18.06.56 - INFO - Cur epoch 23 loss TA:0.5531 TV:0.5515 VA:1.0704 CE:0.3501
2025-12-18 18:07:55,814 - utils.logger2025-12-18-18.06.56 - INFO - Cur epoch 23 loss TA:0.5526 TV:0.5598 VA:1.1087 CE:0.3603
2025-12-18 18:07:56,348 - utils.logger2025-12-18-18.06.56 - INFO - Cur epoch 23 loss TA:0.5548 TV:0.5599 VA:1.1314 CE:0.3213
2025-12-18 18:07:56,604 - utils.logger2025-12-18-18.06.56 - INFO - saving the model at the end of epoch 23, iters 644
2025-12-18 18:07:56,689 - utils.logger2025-12-18-18.06.56 - INFO - End of training epoch 23 / 40 	 Time Taken: 1 sec
2025-12-18 18:07:56,689 - utils.logger2025-12-18-18.06.56 - INFO - learning rate = 0.0002000
2025-12-18 18:07:57,005 - utils.logger2025-12-18-18.06.56 - INFO - Val result of epoch 23 / 40 acc 0.7902 MAE 0.7201 f1 0.8076
2025-12-18 18:07:57,306 - utils.logger2025-12-18-18.06.56 - INFO - Tst result of epoch 23 / 40 acc 0.7902 MAE 0.7201 f1 0.8076
2025-12-18 18:07:57,817 - utils.logger2025-12-18-18.06.56 - INFO - Cur epoch 24 loss TA:0.5536 TV:0.5524 VA:1.1316 CE:0.2564
2025-12-18 18:07:58,281 - utils.logger2025-12-18-18.06.56 - INFO - Cur epoch 24 loss TA:0.5281 TV:0.5346 VA:1.0632 CE:0.2765
2025-12-18 18:07:58,758 - utils.logger2025-12-18-18.06.56 - INFO - Cur epoch 24 loss TA:0.5613 TV:0.5485 VA:1.1088 CE:0.3095
2025-12-18 18:07:58,928 - utils.logger2025-12-18-18.06.56 - INFO - saving the model at the end of epoch 24, iters 672
2025-12-18 18:07:59,016 - utils.logger2025-12-18-18.06.56 - INFO - End of training epoch 24 / 40 	 Time Taken: 1 sec
2025-12-18 18:07:59,016 - utils.logger2025-12-18-18.06.56 - INFO - learning rate = 0.0002000
2025-12-18 18:07:59,339 - utils.logger2025-12-18-18.06.56 - INFO - Val result of epoch 24 / 40 acc 0.7812 MAE 0.7212 f1 0.8032
2025-12-18 18:07:59,945 - utils.logger2025-12-18-18.06.56 - INFO - Tst result of epoch 24 / 40 acc 0.7812 MAE 0.7212 f1 0.8032
2025-12-18 18:08:00,759 - utils.logger2025-12-18-18.06.56 - INFO - Cur epoch 25 loss TA:0.5490 TV:0.5558 VA:1.0284 CE:0.2483
2025-12-18 18:08:01,321 - utils.logger2025-12-18-18.06.56 - INFO - Cur epoch 25 loss TA:0.5547 TV:0.5717 VA:1.1446 CE:0.3372
2025-12-18 18:08:01,871 - utils.logger2025-12-18-18.06.56 - INFO - Cur epoch 25 loss TA:0.2612 TV:0.2448 VA:0.5185 CE:0.3278
2025-12-18 18:08:01,931 - utils.logger2025-12-18-18.06.56 - INFO - saving the model at the end of epoch 25, iters 700
2025-12-18 18:08:02,022 - utils.logger2025-12-18-18.06.56 - INFO - End of training epoch 25 / 40 	 Time Taken: 2 sec
2025-12-18 18:08:02,022 - utils.logger2025-12-18-18.06.56 - INFO - learning rate = 0.0002000
2025-12-18 18:08:02,541 - utils.logger2025-12-18-18.06.56 - INFO - Val result of epoch 25 / 40 acc 0.8036 MAE 0.7299 f1 0.8217
2025-12-18 18:08:03,173 - utils.logger2025-12-18-18.06.56 - INFO - Tst result of epoch 25 / 40 acc 0.8036 MAE 0.7299 f1 0.8217
2025-12-18 18:08:04,028 - utils.logger2025-12-18-18.06.56 - INFO - Cur epoch 26 loss TA:0.5113 TV:0.5071 VA:1.0480 CE:0.3176
2025-12-18 18:08:04,625 - utils.logger2025-12-18-18.06.56 - INFO - Cur epoch 26 loss TA:0.5353 TV:0.5609 VA:1.0641 CE:0.2507
2025-12-18 18:08:05,156 - utils.logger2025-12-18-18.06.56 - INFO - saving the model at the end of epoch 26, iters 728
2025-12-18 18:08:05,247 - utils.logger2025-12-18-18.06.56 - INFO - End of training epoch 26 / 40 	 Time Taken: 2 sec
2025-12-18 18:08:05,247 - utils.logger2025-12-18-18.06.56 - INFO - learning rate = 0.0002000
2025-12-18 18:08:05,744 - utils.logger2025-12-18-18.06.56 - INFO - Val result of epoch 26 / 40 acc 0.7902 MAE 0.7323 f1 0.8075
2025-12-18 18:08:06,235 - utils.logger2025-12-18-18.06.56 - INFO - Tst result of epoch 26 / 40 acc 0.7902 MAE 0.7323 f1 0.8075
2025-12-18 18:08:06,544 - utils.logger2025-12-18-18.06.56 - INFO - Cur epoch 27 loss TA:0.5234 TV:0.5306 VA:1.0304 CE:0.2722
2025-12-18 18:08:07,112 - utils.logger2025-12-18-18.06.56 - INFO - Cur epoch 27 loss TA:0.5350 TV:0.5352 VA:1.0631 CE:0.2437
2025-12-18 18:08:07,654 - utils.logger2025-12-18-18.06.56 - INFO - Cur epoch 27 loss TA:0.5732 TV:0.5901 VA:1.1279 CE:0.2794
2025-12-18 18:08:08,005 - utils.logger2025-12-18-18.06.56 - INFO - saving the model at the end of epoch 27, iters 756
2025-12-18 18:08:08,083 - utils.logger2025-12-18-18.06.56 - INFO - End of training epoch 27 / 40 	 Time Taken: 1 sec
2025-12-18 18:08:08,084 - utils.logger2025-12-18-18.06.56 - INFO - learning rate = 0.0002000
2025-12-18 18:08:08,384 - utils.logger2025-12-18-18.06.56 - INFO - Val result of epoch 27 / 40 acc 0.7991 MAE 0.7335 f1 0.8170
2025-12-18 18:08:08,808 - utils.logger2025-12-18-18.06.56 - INFO - Tst result of epoch 27 / 40 acc 0.7991 MAE 0.7335 f1 0.8170
2025-12-18 18:08:09,199 - utils.logger2025-12-18-18.06.56 - INFO - Cur epoch 28 loss TA:0.5104 TV:0.5210 VA:1.0158 CE:0.2889
2025-12-18 18:08:09,665 - utils.logger2025-12-18-18.06.56 - INFO - Cur epoch 28 loss TA:0.5448 TV:0.5425 VA:1.0881 CE:0.3293
2025-12-18 18:08:10,140 - utils.logger2025-12-18-18.06.56 - INFO - Cur epoch 28 loss TA:0.5486 TV:0.5448 VA:1.1008 CE:0.3866
2025-12-18 18:08:10,401 - utils.logger2025-12-18-18.06.56 - INFO - saving the model at the end of epoch 28, iters 784
2025-12-18 18:08:10,471 - utils.logger2025-12-18-18.06.56 - INFO - End of training epoch 28 / 40 	 Time Taken: 1 sec
2025-12-18 18:08:10,471 - utils.logger2025-12-18-18.06.56 - INFO - learning rate = 0.0002000
2025-12-18 18:08:10,811 - utils.logger2025-12-18-18.06.56 - INFO - Val result of epoch 28 / 40 acc 0.7812 MAE 0.7360 f1 0.8030
2025-12-18 18:08:11,351 - utils.logger2025-12-18-18.06.56 - INFO - Tst result of epoch 28 / 40 acc 0.7812 MAE 0.7360 f1 0.8030
2025-12-18 18:08:11,854 - utils.logger2025-12-18-18.06.56 - INFO - Cur epoch 29 loss TA:0.5251 TV:0.5284 VA:1.0488 CE:0.1997
2025-12-18 18:08:12,267 - utils.logger2025-12-18-18.06.56 - INFO - Cur epoch 29 loss TA:0.5055 TV:0.5157 VA:1.0419 CE:0.3162
2025-12-18 18:08:12,669 - utils.logger2025-12-18-18.06.56 - INFO - Cur epoch 29 loss TA:0.5312 TV:0.5380 VA:1.0709 CE:0.2648
2025-12-18 18:08:12,818 - utils.logger2025-12-18-18.06.56 - INFO - saving the model at the end of epoch 29, iters 812
2025-12-18 18:08:12,882 - utils.logger2025-12-18-18.06.56 - INFO - End of training epoch 29 / 40 	 Time Taken: 1 sec
2025-12-18 18:08:12,882 - utils.logger2025-12-18-18.06.56 - INFO - learning rate = 0.0002000
2025-12-18 18:08:13,176 - utils.logger2025-12-18-18.06.56 - INFO - Val result of epoch 29 / 40 acc 0.7902 MAE 0.7161 f1 0.8029
2025-12-18 18:08:13,525 - utils.logger2025-12-18-18.06.56 - INFO - Tst result of epoch 29 / 40 acc 0.7902 MAE 0.7161 f1 0.8029
2025-12-18 18:08:14,109 - utils.logger2025-12-18-18.06.56 - INFO - Cur epoch 30 loss TA:0.5541 TV:0.5593 VA:1.0576 CE:0.2894
2025-12-18 18:08:14,591 - utils.logger2025-12-18-18.06.56 - INFO - Cur epoch 30 loss TA:0.5129 TV:0.5218 VA:1.0282 CE:0.2227
2025-12-18 18:08:15,151 - utils.logger2025-12-18-18.06.56 - INFO - Cur epoch 30 loss TA:0.2687 TV:0.2946 VA:0.5463 CE:0.2802
2025-12-18 18:08:15,218 - utils.logger2025-12-18-18.06.56 - INFO - saving the model at the end of epoch 30, iters 840
2025-12-18 18:08:15,309 - utils.logger2025-12-18-18.06.56 - INFO - End of training epoch 30 / 40 	 Time Taken: 1 sec
2025-12-18 18:08:15,309 - utils.logger2025-12-18-18.06.56 - INFO - learning rate = 0.0001818
2025-12-18 18:08:15,755 - utils.logger2025-12-18-18.06.56 - INFO - Val result of epoch 30 / 40 acc 0.7946 MAE 0.7386 f1 0.8121
2025-12-18 18:08:16,168 - utils.logger2025-12-18-18.06.56 - INFO - Tst result of epoch 30 / 40 acc 0.7946 MAE 0.7386 f1 0.8121
2025-12-18 18:08:17,045 - utils.logger2025-12-18-18.06.56 - INFO - Cur epoch 31 loss TA:0.5277 TV:0.5473 VA:1.0672 CE:0.2618
2025-12-18 18:08:17,527 - utils.logger2025-12-18-18.06.56 - INFO - Cur epoch 31 loss TA:0.5106 TV:0.5181 VA:1.0326 CE:0.2292
2025-12-18 18:08:17,944 - utils.logger2025-12-18-18.06.56 - INFO - saving the model at the end of epoch 31, iters 868
2025-12-18 18:08:18,017 - utils.logger2025-12-18-18.06.56 - INFO - End of training epoch 31 / 40 	 Time Taken: 1 sec
2025-12-18 18:08:18,017 - utils.logger2025-12-18-18.06.56 - INFO - learning rate = 0.0001636
2025-12-18 18:08:18,529 - utils.logger2025-12-18-18.06.56 - INFO - Val result of epoch 31 / 40 acc 0.7857 MAE 0.7319 f1 0.8028
2025-12-18 18:08:18,849 - utils.logger2025-12-18-18.06.56 - INFO - Tst result of epoch 31 / 40 acc 0.7857 MAE 0.7319 f1 0.8028
2025-12-18 18:08:19,304 - utils.logger2025-12-18-18.06.56 - INFO - Cur epoch 32 loss TA:0.5505 TV:0.5543 VA:1.0682 CE:0.3098
2025-12-18 18:08:19,836 - utils.logger2025-12-18-18.06.56 - INFO - Cur epoch 32 loss TA:0.5334 TV:0.5340 VA:1.0500 CE:0.2242
2025-12-18 18:08:20,400 - utils.logger2025-12-18-18.06.56 - INFO - Cur epoch 32 loss TA:0.5040 TV:0.5051 VA:1.0178 CE:0.2883
2025-12-18 18:08:20,851 - utils.logger2025-12-18-18.06.56 - INFO - saving the model at the end of epoch 32, iters 896
2025-12-18 18:08:20,934 - utils.logger2025-12-18-18.06.56 - INFO - End of training epoch 32 / 40 	 Time Taken: 2 sec
2025-12-18 18:08:20,934 - utils.logger2025-12-18-18.06.56 - INFO - learning rate = 0.0001455
2025-12-18 18:08:21,403 - utils.logger2025-12-18-18.06.56 - INFO - Val result of epoch 32 / 40 acc 0.7812 MAE 0.7212 f1 0.7939
2025-12-18 18:08:21,926 - utils.logger2025-12-18-18.06.56 - INFO - Tst result of epoch 32 / 40 acc 0.7812 MAE 0.7212 f1 0.7939
2025-12-18 18:08:22,438 - utils.logger2025-12-18-18.06.56 - INFO - Cur epoch 33 loss TA:0.5267 TV:0.5411 VA:1.0753 CE:0.2507
2025-12-18 18:08:23,028 - utils.logger2025-12-18-18.06.56 - INFO - Cur epoch 33 loss TA:0.5305 TV:0.5302 VA:1.0506 CE:0.2446
2025-12-18 18:08:23,640 - utils.logger2025-12-18-18.06.56 - INFO - Cur epoch 33 loss TA:0.5064 TV:0.4980 VA:1.0230 CE:0.2654
2025-12-18 18:08:23,941 - utils.logger2025-12-18-18.06.56 - INFO - saving the model at the end of epoch 33, iters 924
2025-12-18 18:08:24,010 - utils.logger2025-12-18-18.06.56 - INFO - End of training epoch 33 / 40 	 Time Taken: 2 sec
2025-12-18 18:08:24,010 - utils.logger2025-12-18-18.06.56 - INFO - learning rate = 0.0001273
2025-12-18 18:08:24,342 - utils.logger2025-12-18-18.06.56 - INFO - Val result of epoch 33 / 40 acc 0.7991 MAE 0.7280 f1 0.8124
2025-12-18 18:08:24,636 - utils.logger2025-12-18-18.06.56 - INFO - Tst result of epoch 33 / 40 acc 0.7991 MAE 0.7280 f1 0.8124
2025-12-18 18:08:25,251 - utils.logger2025-12-18-18.06.56 - INFO - Cur epoch 34 loss TA:0.4851 TV:0.4916 VA:0.9884 CE:0.2983
2025-12-18 18:08:25,749 - utils.logger2025-12-18-18.06.56 - INFO - Cur epoch 34 loss TA:0.5267 TV:0.5487 VA:1.0390 CE:0.2069
2025-12-18 18:08:26,259 - utils.logger2025-12-18-18.06.56 - INFO - Cur epoch 34 loss TA:0.5104 TV:0.5135 VA:1.0312 CE:0.1889
2025-12-18 18:08:26,426 - utils.logger2025-12-18-18.06.56 - INFO - saving the model at the end of epoch 34, iters 952
2025-12-18 18:08:26,512 - utils.logger2025-12-18-18.06.56 - INFO - End of training epoch 34 / 40 	 Time Taken: 1 sec
2025-12-18 18:08:26,513 - utils.logger2025-12-18-18.06.56 - INFO - learning rate = 0.0001091
2025-12-18 18:08:26,975 - utils.logger2025-12-18-18.06.56 - INFO - Val result of epoch 34 / 40 acc 0.7946 MAE 0.7279 f1 0.8121
2025-12-18 18:08:27,268 - utils.logger2025-12-18-18.06.56 - INFO - Tst result of epoch 34 / 40 acc 0.7946 MAE 0.7279 f1 0.8121
2025-12-18 18:08:27,963 - utils.logger2025-12-18-18.06.56 - INFO - Cur epoch 35 loss TA:0.5339 TV:0.5312 VA:1.0553 CE:0.2485
2025-12-18 18:08:28,574 - utils.logger2025-12-18-18.06.56 - INFO - Cur epoch 35 loss TA:0.5198 TV:0.5281 VA:1.0477 CE:0.1721
2025-12-18 18:08:29,122 - utils.logger2025-12-18-18.06.56 - INFO - Cur epoch 35 loss TA:0.2214 TV:0.2275 VA:0.4493 CE:0.3291
2025-12-18 18:08:29,182 - utils.logger2025-12-18-18.06.56 - INFO - saving the model at the end of epoch 35, iters 980
2025-12-18 18:08:29,255 - utils.logger2025-12-18-18.06.56 - INFO - End of training epoch 35 / 40 	 Time Taken: 1 sec
2025-12-18 18:08:29,255 - utils.logger2025-12-18-18.06.56 - INFO - learning rate = 0.0000909
2025-12-18 18:08:29,571 - utils.logger2025-12-18-18.06.56 - INFO - Val result of epoch 35 / 40 acc 0.7991 MAE 0.7268 f1 0.8168
2025-12-18 18:08:29,850 - utils.logger2025-12-18-18.06.56 - INFO - Tst result of epoch 35 / 40 acc 0.7991 MAE 0.7268 f1 0.8168
2025-12-18 18:08:30,684 - utils.logger2025-12-18-18.06.56 - INFO - Cur epoch 36 loss TA:0.5331 TV:0.5277 VA:0.9956 CE:0.1762
2025-12-18 18:08:31,274 - utils.logger2025-12-18-18.06.56 - INFO - Cur epoch 36 loss TA:0.4955 TV:0.5057 VA:0.9982 CE:0.2169
2025-12-18 18:08:31,788 - utils.logger2025-12-18-18.06.56 - INFO - saving the model at the end of epoch 36, iters 1008
2025-12-18 18:08:31,868 - utils.logger2025-12-18-18.06.56 - INFO - End of training epoch 36 / 40 	 Time Taken: 2 sec
2025-12-18 18:08:31,868 - utils.logger2025-12-18-18.06.56 - INFO - learning rate = 0.0000727
2025-12-18 18:08:32,160 - utils.logger2025-12-18-18.06.56 - INFO - Val result of epoch 36 / 40 acc 0.8036 MAE 0.7261 f1 0.8215
2025-12-18 18:08:32,431 - utils.logger2025-12-18-18.06.56 - INFO - Tst result of epoch 36 / 40 acc 0.8036 MAE 0.7261 f1 0.8215
2025-12-18 18:08:32,709 - utils.logger2025-12-18-18.06.56 - INFO - Cur epoch 37 loss TA:0.5040 TV:0.5062 VA:1.0263 CE:0.2103
2025-12-18 18:08:33,191 - utils.logger2025-12-18-18.06.56 - INFO - Cur epoch 37 loss TA:0.4990 TV:0.5150 VA:1.0246 CE:0.1551
2025-12-18 18:08:33,698 - utils.logger2025-12-18-18.06.56 - INFO - Cur epoch 37 loss TA:0.5176 TV:0.5076 VA:1.0002 CE:0.1768
2025-12-18 18:08:34,067 - utils.logger2025-12-18-18.06.56 - INFO - saving the model at the end of epoch 37, iters 1036
2025-12-18 18:08:34,158 - utils.logger2025-12-18-18.06.56 - INFO - End of training epoch 37 / 40 	 Time Taken: 1 sec
2025-12-18 18:08:34,159 - utils.logger2025-12-18-18.06.56 - INFO - learning rate = 0.0000545
2025-12-18 18:08:34,571 - utils.logger2025-12-18-18.06.56 - INFO - Val result of epoch 37 / 40 acc 0.7991 MAE 0.7320 f1 0.8168
2025-12-18 18:08:34,908 - utils.logger2025-12-18-18.06.56 - INFO - Tst result of epoch 37 / 40 acc 0.7991 MAE 0.7320 f1 0.8168
2025-12-18 18:08:35,481 - utils.logger2025-12-18-18.06.56 - INFO - Cur epoch 38 loss TA:0.4978 TV:0.5056 VA:1.0023 CE:0.2253
2025-12-18 18:08:36,019 - utils.logger2025-12-18-18.06.56 - INFO - Cur epoch 38 loss TA:0.5086 TV:0.5191 VA:1.0097 CE:0.2157
2025-12-18 18:08:36,533 - utils.logger2025-12-18-18.06.56 - INFO - Cur epoch 38 loss TA:0.5305 TV:0.5282 VA:0.9959 CE:0.1425
2025-12-18 18:08:36,838 - utils.logger2025-12-18-18.06.56 - INFO - saving the model at the end of epoch 38, iters 1064
2025-12-18 18:08:36,927 - utils.logger2025-12-18-18.06.56 - INFO - End of training epoch 38 / 40 	 Time Taken: 2 sec
2025-12-18 18:08:36,928 - utils.logger2025-12-18-18.06.56 - INFO - learning rate = 0.0000364
2025-12-18 18:08:37,251 - utils.logger2025-12-18-18.06.56 - INFO - Val result of epoch 38 / 40 acc 0.7991 MAE 0.7313 f1 0.8215
2025-12-18 18:08:37,578 - utils.logger2025-12-18-18.06.56 - INFO - Tst result of epoch 38 / 40 acc 0.7991 MAE 0.7313 f1 0.8215
2025-12-18 18:08:38,156 - utils.logger2025-12-18-18.06.56 - INFO - Cur epoch 39 loss TA:0.4745 TV:0.4794 VA:0.9436 CE:0.1936
2025-12-18 18:08:38,765 - utils.logger2025-12-18-18.06.56 - INFO - Cur epoch 39 loss TA:0.5160 TV:0.5330 VA:1.0235 CE:0.0961
2025-12-18 18:08:39,357 - utils.logger2025-12-18-18.06.56 - INFO - Cur epoch 39 loss TA:0.4889 TV:0.4954 VA:0.9961 CE:0.1114
2025-12-18 18:08:39,543 - utils.logger2025-12-18-18.06.56 - INFO - saving the model at the end of epoch 39, iters 1092
2025-12-18 18:08:39,630 - utils.logger2025-12-18-18.06.56 - INFO - End of training epoch 39 / 40 	 Time Taken: 2 sec
2025-12-18 18:08:39,631 - utils.logger2025-12-18-18.06.56 - INFO - learning rate = 0.0000182
2025-12-18 18:08:40,158 - utils.logger2025-12-18-18.06.56 - INFO - Val result of epoch 39 / 40 acc 0.7946 MAE 0.7284 f1 0.8121
2025-12-18 18:08:40,515 - utils.logger2025-12-18-18.06.56 - INFO - Tst result of epoch 39 / 40 acc 0.7946 MAE 0.7284 f1 0.8121
2025-12-18 18:08:41,490 - utils.logger2025-12-18-18.06.56 - INFO - Cur epoch 40 loss TA:0.4603 TV:0.4765 VA:0.9641 CE:0.2006
2025-12-18 18:08:42,068 - utils.logger2025-12-18-18.06.56 - INFO - Cur epoch 40 loss TA:0.5238 TV:0.5179 VA:1.0011 CE:0.1864
2025-12-18 18:08:42,654 - utils.logger2025-12-18-18.06.56 - INFO - Cur epoch 40 loss TA:0.2275 TV:0.2124 VA:0.4316 CE:0.2568
2025-12-18 18:08:42,722 - utils.logger2025-12-18-18.06.56 - INFO - saving the model at the end of epoch 40, iters 1120
2025-12-18 18:08:42,813 - utils.logger2025-12-18-18.06.56 - INFO - End of training epoch 40 / 40 	 Time Taken: 2 sec
2025-12-18 18:08:42,813 - utils.logger2025-12-18-18.06.56 - INFO - learning rate = 0.0000000
2025-12-18 18:08:43,258 - utils.logger2025-12-18-18.06.56 - INFO - Val result of epoch 40 / 40 acc 0.8036 MAE 0.7309 f1 0.8215
2025-12-18 18:08:43,618 - utils.logger2025-12-18-18.06.56 - INFO - Tst result of epoch 40 / 40 acc 0.8036 MAE 0.7309 f1 0.8215
2025-12-18 18:08:43,618 - utils.logger2025-12-18-18.06.56 - INFO - Best eval epoch 19 found with f1 0.826237
