2025-12-23 10:25:32,392 - utils.logger2025-12-23-10.25.32 - INFO - The number of training samples = 3241
2025-12-23 10:25:33,995 - utils.logger2025-12-23-10.25.32 - INFO - Cur epoch 1 loss TA:1.0242 TV:1.0196 VA:2.0202 CE:1.3609
2025-12-23 10:25:34,408 - utils.logger2025-12-23-10.25.32 - INFO - Cur epoch 1 loss TA:0.9655 TV:0.9706 VA:1.8278 CE:1.2801
2025-12-23 10:25:34,900 - utils.logger2025-12-23-10.25.32 - INFO - Cur epoch 1 loss TA:0.9712 TV:0.9717 VA:1.7733 CE:1.2791
2025-12-23 10:25:35,389 - utils.logger2025-12-23-10.25.32 - INFO - Cur epoch 1 loss TA:0.9489 TV:0.9504 VA:1.7284 CE:1.2197
2025-12-23 10:25:36,059 - utils.logger2025-12-23-10.25.32 - INFO - Cur epoch 1 loss TA:0.9621 TV:0.9496 VA:1.6646 CE:1.2478
2025-12-23 10:25:36,151 - utils.logger2025-12-23-10.25.32 - INFO - saving the model at the end of epoch 1, iters 51
2025-12-23 10:25:36,256 - utils.logger2025-12-23-10.25.32 - INFO - End of training epoch 1 / 40 	 Time Taken: 3 sec
2025-12-23 10:25:36,256 - utils.logger2025-12-23-10.25.32 - INFO - learning rate = 0.0005000
2025-12-23 10:25:37,047 - utils.logger2025-12-23-10.25.32 - INFO - Val result of epoch 1 / 40 acc 0.5353 uar 0.3321 f1 0.2868
2025-12-23 10:25:37,047 - utils.logger2025-12-23-10.25.32 - INFO - 
[[  0   1  30   0]
 [  0  35  67   0]
 [  0   2 132   0]
 [  0   0  45   0]]
2025-12-23 10:25:37,409 - utils.logger2025-12-23-10.25.32 - INFO - Tst result of epoch 1 / 40 acc 0.6241 uar 0.3342 f1 0.3112
2025-12-23 10:25:37,409 - utils.logger2025-12-23-10.25.32 - INFO - 
[[  0   1  22   0]
 [  0  23  37   0]
 [  0   7 143   0]
 [  0   1  32   0]]
2025-12-23 10:25:38,099 - utils.logger2025-12-23-10.25.32 - INFO - Cur epoch 2 loss TA:0.9379 TV:0.9385 VA:1.6301 CE:1.1134
2025-12-23 10:25:38,561 - utils.logger2025-12-23-10.25.32 - INFO - Cur epoch 2 loss TA:0.9138 TV:0.9117 VA:1.5778 CE:1.1170
2025-12-23 10:25:39,038 - utils.logger2025-12-23-10.25.32 - INFO - Cur epoch 2 loss TA:0.9112 TV:0.9270 VA:1.5754 CE:1.0937
2025-12-23 10:25:39,482 - utils.logger2025-12-23-10.25.32 - INFO - Cur epoch 2 loss TA:0.9207 TV:0.9238 VA:1.5200 CE:0.8970
2025-12-23 10:25:39,912 - utils.logger2025-12-23-10.25.32 - INFO - Cur epoch 2 loss TA:0.9466 TV:0.9436 VA:1.5218 CE:0.9756
2025-12-23 10:25:40,044 - utils.logger2025-12-23-10.25.32 - INFO - saving the model at the end of epoch 2, iters 102
2025-12-23 10:25:40,166 - utils.logger2025-12-23-10.25.32 - INFO - End of training epoch 2 / 40 	 Time Taken: 2 sec
2025-12-23 10:25:40,167 - utils.logger2025-12-23-10.25.32 - INFO - learning rate = 0.0005000
2025-12-23 10:25:40,888 - utils.logger2025-12-23-10.25.32 - INFO - Val result of epoch 2 / 40 acc 0.5449 uar 0.3425 f1 0.3053
2025-12-23 10:25:40,888 - utils.logger2025-12-23-10.25.32 - INFO - 
[[  0   0  31   0]
 [  0  37  65   0]
 [  0   1 132   1]
 [  0   0  44   1]]
2025-12-23 10:25:41,337 - utils.logger2025-12-23-10.25.32 - INFO - Tst result of epoch 2 / 40 acc 0.6767 uar 0.3900 f1 0.3671
2025-12-23 10:25:41,337 - utils.logger2025-12-23-10.25.32 - INFO - 
[[  0   2  21   0]
 [  0  36  24   0]
 [  0   5 144   1]
 [  0   1  32   0]]
2025-12-23 10:25:42,392 - utils.logger2025-12-23-10.25.32 - INFO - Cur epoch 3 loss TA:0.8980 TV:0.9014 VA:1.4532 CE:0.9429
2025-12-23 10:25:42,939 - utils.logger2025-12-23-10.25.32 - INFO - Cur epoch 3 loss TA:0.8869 TV:0.8857 VA:1.4549 CE:0.7333
2025-12-23 10:25:43,451 - utils.logger2025-12-23-10.25.32 - INFO - Cur epoch 3 loss TA:0.8527 TV:0.8504 VA:1.4437 CE:1.0562
2025-12-23 10:25:43,976 - utils.logger2025-12-23-10.25.32 - INFO - Cur epoch 3 loss TA:0.8646 TV:0.8593 VA:1.4113 CE:0.9485
2025-12-23 10:25:44,473 - utils.logger2025-12-23-10.25.32 - INFO - Cur epoch 3 loss TA:0.8607 TV:0.8534 VA:1.4156 CE:1.0537
2025-12-23 10:25:44,648 - utils.logger2025-12-23-10.25.32 - INFO - saving the model at the end of epoch 3, iters 153
2025-12-23 10:25:44,767 - utils.logger2025-12-23-10.25.32 - INFO - End of training epoch 3 / 40 	 Time Taken: 3 sec
2025-12-23 10:25:44,767 - utils.logger2025-12-23-10.25.32 - INFO - learning rate = 0.0005000
2025-12-23 10:25:45,417 - utils.logger2025-12-23-10.25.32 - INFO - Val result of epoch 3 / 40 acc 0.5833 uar 0.4581 f1 0.4444
2025-12-23 10:25:45,418 - utils.logger2025-12-23-10.25.32 - INFO - 
[[  0   1  27   3]
 [  1  45  56   0]
 [  0   1 112  21]
 [  0   0  20  25]]
2025-12-23 10:25:46,005 - utils.logger2025-12-23-10.25.32 - INFO - Tst result of epoch 3 / 40 acc 0.6955 uar 0.4764 f1 0.4981
2025-12-23 10:25:46,005 - utils.logger2025-12-23-10.25.32 - INFO - 
[[  3   4  16   0]
 [  0  42  18   0]
 [  1  11 134   4]
 [  0   1  26   6]]
2025-12-23 10:25:46,738 - utils.logger2025-12-23-10.25.32 - INFO - Cur epoch 4 loss TA:0.8606 TV:0.8867 VA:1.4003 CE:0.9498
2025-12-23 10:25:47,193 - utils.logger2025-12-23-10.25.32 - INFO - Cur epoch 4 loss TA:0.8302 TV:0.8423 VA:1.3876 CE:0.7677
2025-12-23 10:25:47,718 - utils.logger2025-12-23-10.25.32 - INFO - Cur epoch 4 loss TA:0.8433 TV:0.8397 VA:1.3755 CE:0.7364
2025-12-23 10:25:48,233 - utils.logger2025-12-23-10.25.32 - INFO - Cur epoch 4 loss TA:0.8286 TV:0.8226 VA:1.3712 CE:0.5818
2025-12-23 10:25:48,749 - utils.logger2025-12-23-10.25.32 - INFO - Cur epoch 4 loss TA:0.8227 TV:0.8028 VA:1.3494 CE:0.8523
2025-12-23 10:25:49,013 - utils.logger2025-12-23-10.25.32 - INFO - saving the model at the end of epoch 4, iters 204
2025-12-23 10:25:49,124 - utils.logger2025-12-23-10.25.32 - INFO - End of training epoch 4 / 40 	 Time Taken: 3 sec
2025-12-23 10:25:49,124 - utils.logger2025-12-23-10.25.32 - INFO - learning rate = 0.0005000
2025-12-23 10:25:49,808 - utils.logger2025-12-23-10.25.32 - INFO - Val result of epoch 4 / 40 acc 0.5545 uar 0.4951 f1 0.4554
2025-12-23 10:25:49,808 - utils.logger2025-12-23-10.25.32 - INFO - 
[[ 2  0 18 11]
 [ 1 40 55  6]
 [ 0  1 94 39]
 [ 0  0  8 37]]
2025-12-23 10:25:50,289 - utils.logger2025-12-23-10.25.32 - INFO - Tst result of epoch 4 / 40 acc 0.7368 uar 0.6098 f1 0.6429
2025-12-23 10:25:50,290 - utils.logger2025-12-23-10.25.32 - INFO - 
[[  8   4  10   1]
 [  0  46  14   0]
 [  1  11 126  12]
 [  0   0  17  16]]
2025-12-23 10:25:50,872 - utils.logger2025-12-23-10.25.32 - INFO - Cur epoch 5 loss TA:0.7743 TV:0.7673 VA:1.3087 CE:0.7229
2025-12-23 10:25:51,354 - utils.logger2025-12-23-10.25.32 - INFO - Cur epoch 5 loss TA:0.7639 TV:0.7718 VA:1.3072 CE:0.7683
2025-12-23 10:25:51,773 - utils.logger2025-12-23-10.25.32 - INFO - Cur epoch 5 loss TA:0.7839 TV:0.7808 VA:1.2734 CE:0.7887
2025-12-23 10:25:52,217 - utils.logger2025-12-23-10.25.32 - INFO - Cur epoch 5 loss TA:0.8015 TV:0.8298 VA:1.3279 CE:0.6842
2025-12-23 10:25:52,650 - utils.logger2025-12-23-10.25.32 - INFO - Cur epoch 5 loss TA:0.8113 TV:0.8103 VA:1.2550 CE:0.6265
2025-12-23 10:25:52,941 - utils.logger2025-12-23-10.25.32 - INFO - saving the model at the end of epoch 5, iters 255
2025-12-23 10:25:53,053 - utils.logger2025-12-23-10.25.32 - INFO - End of training epoch 5 / 40 	 Time Taken: 2 sec
2025-12-23 10:25:53,053 - utils.logger2025-12-23-10.25.32 - INFO - learning rate = 0.0005000
2025-12-23 10:25:53,572 - utils.logger2025-12-23-10.25.32 - INFO - Val result of epoch 5 / 40 acc 0.6090 uar 0.5378 f1 0.5434
2025-12-23 10:25:53,572 - utils.logger2025-12-23-10.25.32 - INFO - 
[[  6   0  20   5]
 [  0  48  53   1]
 [  0   1 104  29]
 [  0   0  13  32]]
2025-12-23 10:25:53,934 - utils.logger2025-12-23-10.25.32 - INFO - Tst result of epoch 5 / 40 acc 0.7820 uar 0.6659 f1 0.6954
2025-12-23 10:25:53,935 - utils.logger2025-12-23-10.25.32 - INFO - 
[[  9   4   9   1]
 [  0  52   8   0]
 [  2  12 129   7]
 [  0   0  15  18]]
2025-12-23 10:25:54,450 - utils.logger2025-12-23-10.25.32 - INFO - Cur epoch 6 loss TA:0.7715 TV:0.7796 VA:1.2949 CE:0.6511
2025-12-23 10:25:54,943 - utils.logger2025-12-23-10.25.32 - INFO - Cur epoch 6 loss TA:0.7354 TV:0.7591 VA:1.2630 CE:0.6500
2025-12-23 10:25:55,404 - utils.logger2025-12-23-10.25.32 - INFO - Cur epoch 6 loss TA:0.7403 TV:0.7292 VA:1.2311 CE:0.9049
2025-12-23 10:25:55,885 - utils.logger2025-12-23-10.25.32 - INFO - Cur epoch 6 loss TA:0.7610 TV:0.7707 VA:1.2831 CE:0.8878
2025-12-23 10:25:56,387 - utils.logger2025-12-23-10.25.32 - INFO - Cur epoch 6 loss TA:0.7472 TV:0.7567 VA:1.2659 CE:0.6081
2025-12-23 10:25:56,707 - utils.logger2025-12-23-10.25.32 - INFO - saving the model at the end of epoch 6, iters 306
2025-12-23 10:25:57,025 - utils.logger2025-12-23-10.25.32 - INFO - End of training epoch 6 / 40 	 Time Taken: 3 sec
2025-12-23 10:25:57,025 - utils.logger2025-12-23-10.25.32 - INFO - learning rate = 0.0005000
2025-12-23 10:25:57,828 - utils.logger2025-12-23-10.25.32 - INFO - Val result of epoch 6 / 40 acc 0.6923 uar 0.6044 f1 0.6294
2025-12-23 10:25:57,828 - utils.logger2025-12-23-10.25.32 - INFO - 
[[  9   2  15   5]
 [  0  66  36   0]
 [  0   1 112  21]
 [  0   0  16  29]]
2025-12-23 10:25:58,405 - utils.logger2025-12-23-10.25.32 - INFO - Tst result of epoch 6 / 40 acc 0.8008 uar 0.7084 f1 0.7313
2025-12-23 10:25:58,406 - utils.logger2025-12-23-10.25.32 - INFO - 
[[ 12   5   6   0]
 [  0  57   3   0]
 [  3  16 127   4]
 [  0   1  15  17]]
2025-12-23 10:25:58,858 - utils.logger2025-12-23-10.25.32 - INFO - Cur epoch 7 loss TA:0.7024 TV:0.7354 VA:1.2236 CE:0.4594
2025-12-23 10:25:59,303 - utils.logger2025-12-23-10.25.32 - INFO - Cur epoch 7 loss TA:0.7483 TV:0.7600 VA:1.2957 CE:0.6187
2025-12-23 10:25:59,783 - utils.logger2025-12-23-10.25.32 - INFO - Cur epoch 7 loss TA:0.7525 TV:0.7695 VA:1.2714 CE:0.5866
2025-12-23 10:26:00,332 - utils.logger2025-12-23-10.25.32 - INFO - Cur epoch 7 loss TA:0.7542 TV:0.7771 VA:1.3284 CE:0.5586
2025-12-23 10:26:00,889 - utils.logger2025-12-23-10.25.32 - INFO - Cur epoch 7 loss TA:0.7186 TV:0.7376 VA:1.2473 CE:0.6630
2025-12-23 10:26:01,308 - utils.logger2025-12-23-10.25.32 - INFO - saving the model at the end of epoch 7, iters 357
2025-12-23 10:26:01,429 - utils.logger2025-12-23-10.25.32 - INFO - End of training epoch 7 / 40 	 Time Taken: 3 sec
2025-12-23 10:26:01,429 - utils.logger2025-12-23-10.25.32 - INFO - learning rate = 0.0005000
2025-12-23 10:26:01,885 - utils.logger2025-12-23-10.25.32 - INFO - Val result of epoch 7 / 40 acc 0.6506 uar 0.6063 f1 0.6156
2025-12-23 10:26:01,885 - utils.logger2025-12-23-10.25.32 - INFO - 
[[ 11   2  15   3]
 [  1  58  42   1]
 [  0   1 100  33]
 [  1   0  10  34]]
2025-12-23 10:26:02,239 - utils.logger2025-12-23-10.25.32 - INFO - Tst result of epoch 7 / 40 acc 0.7932 uar 0.7428 f1 0.7437
2025-12-23 10:26:02,239 - utils.logger2025-12-23-10.25.32 - INFO - 
[[ 16   5   2   0]
 [  0  55   5   0]
 [  5  14 122   9]
 [  0   1  14  18]]
2025-12-23 10:26:02,605 - utils.logger2025-12-23-10.25.32 - INFO - Cur epoch 8 loss TA:0.6849 TV:0.7073 VA:1.2300 CE:0.3326
2025-12-23 10:26:03,001 - utils.logger2025-12-23-10.25.32 - INFO - Cur epoch 8 loss TA:0.7024 TV:0.7131 VA:1.2299 CE:0.4568
2025-12-23 10:26:03,461 - utils.logger2025-12-23-10.25.32 - INFO - Cur epoch 8 loss TA:0.7222 TV:0.7172 VA:1.2158 CE:0.5403
2025-12-23 10:26:03,960 - utils.logger2025-12-23-10.25.32 - INFO - Cur epoch 8 loss TA:0.6903 TV:0.7086 VA:1.2297 CE:0.5197
2025-12-23 10:26:04,445 - utils.logger2025-12-23-10.25.32 - INFO - Cur epoch 8 loss TA:0.6958 TV:0.6881 VA:1.1632 CE:0.3816
2025-12-23 10:26:04,876 - utils.logger2025-12-23-10.25.32 - INFO - saving the model at the end of epoch 8, iters 408
2025-12-23 10:26:04,992 - utils.logger2025-12-23-10.25.32 - INFO - End of training epoch 8 / 40 	 Time Taken: 2 sec
2025-12-23 10:26:04,992 - utils.logger2025-12-23-10.25.32 - INFO - learning rate = 0.0005000
2025-12-23 10:26:05,354 - utils.logger2025-12-23-10.25.32 - INFO - Val result of epoch 8 / 40 acc 0.6314 uar 0.5769 f1 0.5901
2025-12-23 10:26:05,354 - utils.logger2025-12-23-10.25.32 - INFO - 
[[  9   0  18   4]
 [  0  48  54   0]
 [  0   1 106  27]
 [  0   0  11  34]]
2025-12-23 10:26:05,726 - utils.logger2025-12-23-10.25.32 - INFO - Tst result of epoch 8 / 40 acc 0.7970 uar 0.7302 f1 0.7384
2025-12-23 10:26:05,727 - utils.logger2025-12-23-10.25.32 - INFO - 
[[ 15   4   3   1]
 [  0  53   7   0]
 [  6  11 126   7]
 [  0   1  14  18]]
2025-12-23 10:26:06,051 - utils.logger2025-12-23-10.25.32 - INFO - Cur epoch 9 loss TA:0.6456 TV:0.6715 VA:1.1556 CE:0.3822
2025-12-23 10:26:06,473 - utils.logger2025-12-23-10.25.32 - INFO - Cur epoch 9 loss TA:0.6502 TV:0.6757 VA:1.1588 CE:0.4176
2025-12-23 10:26:06,862 - utils.logger2025-12-23-10.25.32 - INFO - Cur epoch 9 loss TA:0.6686 TV:0.6668 VA:1.1413 CE:0.4944
2025-12-23 10:26:07,253 - utils.logger2025-12-23-10.25.32 - INFO - Cur epoch 9 loss TA:0.6929 TV:0.7103 VA:1.2334 CE:0.3778
2025-12-23 10:26:07,690 - utils.logger2025-12-23-10.25.32 - INFO - Cur epoch 9 loss TA:0.6841 TV:0.6940 VA:1.1859 CE:0.3906
2025-12-23 10:26:08,134 - utils.logger2025-12-23-10.25.32 - INFO - saving the model at the end of epoch 9, iters 459
2025-12-23 10:26:08,237 - utils.logger2025-12-23-10.25.32 - INFO - End of training epoch 9 / 40 	 Time Taken: 2 sec
2025-12-23 10:26:08,237 - utils.logger2025-12-23-10.25.32 - INFO - learning rate = 0.0005000
2025-12-23 10:26:08,842 - utils.logger2025-12-23-10.25.32 - INFO - Val result of epoch 9 / 40 acc 0.6218 uar 0.5838 f1 0.6021
2025-12-23 10:26:08,842 - utils.logger2025-12-23-10.25.32 - INFO - 
[[ 12   0  16   3]
 [  0  44  58   0]
 [  0   1 105  28]
 [  0   0  12  33]]
2025-12-23 10:26:09,235 - utils.logger2025-12-23-10.25.32 - INFO - Tst result of epoch 9 / 40 acc 0.7857 uar 0.7060 f1 0.7279
2025-12-23 10:26:09,235 - utils.logger2025-12-23-10.25.32 - INFO - 
[[ 14   2   6   1]
 [  0  49  11   0]
 [  4   9 128   9]
 [  0   1  14  18]]
2025-12-23 10:26:09,582 - utils.logger2025-12-23-10.25.32 - INFO - Cur epoch 10 loss TA:0.6718 TV:0.6682 VA:1.1320 CE:0.3678
2025-12-23 10:26:10,153 - utils.logger2025-12-23-10.25.32 - INFO - Cur epoch 10 loss TA:0.6657 TV:0.6744 VA:1.1669 CE:0.2967
2025-12-23 10:26:10,683 - utils.logger2025-12-23-10.25.32 - INFO - Cur epoch 10 loss TA:0.6973 TV:0.7075 VA:1.1689 CE:0.5255
2025-12-23 10:26:11,212 - utils.logger2025-12-23-10.25.32 - INFO - Cur epoch 10 loss TA:0.6819 TV:0.6987 VA:1.2041 CE:0.4719
2025-12-23 10:26:11,790 - utils.logger2025-12-23-10.25.32 - INFO - Cur epoch 10 loss TA:0.6768 TV:0.6893 VA:1.1393 CE:0.4811
2025-12-23 10:26:12,281 - utils.logger2025-12-23-10.25.32 - INFO - Cur epoch 10 loss TA:0.5973 TV:0.6430 VA:0.9738 CE:0.3071
2025-12-23 10:26:12,338 - utils.logger2025-12-23-10.25.32 - INFO - saving the model at the end of epoch 10, iters 510
2025-12-23 10:26:12,445 - utils.logger2025-12-23-10.25.32 - INFO - End of training epoch 10 / 40 	 Time Taken: 3 sec
2025-12-23 10:26:12,445 - utils.logger2025-12-23-10.25.32 - INFO - learning rate = 0.0005000
2025-12-23 10:26:13,019 - utils.logger2025-12-23-10.25.32 - INFO - Val result of epoch 10 / 40 acc 0.6378 uar 0.5548 f1 0.5847
2025-12-23 10:26:13,019 - utils.logger2025-12-23-10.25.32 - INFO - 
[[  9   0  18   4]
 [  0  48  54   0]
 [  0   1 115  18]
 [  0   0  18  27]]
2025-12-23 10:26:13,461 - utils.logger2025-12-23-10.25.32 - INFO - Tst result of epoch 10 / 40 acc 0.7857 uar 0.6924 f1 0.7138
2025-12-23 10:26:13,461 - utils.logger2025-12-23-10.25.32 - INFO - 
[[ 14   3   6   0]
 [  0  53   7   0]
 [  6  13 128   3]
 [  0   1  18  14]]
2025-12-23 10:26:14,280 - utils.logger2025-12-23-10.25.32 - INFO - Cur epoch 11 loss TA:0.6643 TV:0.6765 VA:1.1523 CE:0.3878
2025-12-23 10:26:14,800 - utils.logger2025-12-23-10.25.32 - INFO - Cur epoch 11 loss TA:0.6589 TV:0.6880 VA:1.1382 CE:0.2744
2025-12-23 10:26:15,309 - utils.logger2025-12-23-10.25.32 - INFO - Cur epoch 11 loss TA:0.6832 TV:0.6869 VA:1.1986 CE:0.3497
2025-12-23 10:26:15,836 - utils.logger2025-12-23-10.25.32 - INFO - Cur epoch 11 loss TA:0.6317 TV:0.6470 VA:1.1098 CE:0.4523
2025-12-23 10:26:16,307 - utils.logger2025-12-23-10.25.32 - INFO - Cur epoch 11 loss TA:0.7011 TV:0.7053 VA:1.2344 CE:0.2281
2025-12-23 10:26:16,395 - utils.logger2025-12-23-10.25.32 - INFO - saving the model at the end of epoch 11, iters 561
2025-12-23 10:26:16,489 - utils.logger2025-12-23-10.25.32 - INFO - End of training epoch 11 / 40 	 Time Taken: 3 sec
2025-12-23 10:26:16,489 - utils.logger2025-12-23-10.25.32 - INFO - learning rate = 0.0005000
2025-12-23 10:26:17,135 - utils.logger2025-12-23-10.25.32 - INFO - Val result of epoch 11 / 40 acc 0.6346 uar 0.5320 f1 0.5640
2025-12-23 10:26:17,135 - utils.logger2025-12-23-10.25.32 - INFO - 
[[  7   0  23   1]
 [  0  46  55   1]
 [  0   1 120  13]
 [  0   0  20  25]]
2025-12-23 10:26:17,514 - utils.logger2025-12-23-10.25.32 - INFO - Tst result of epoch 11 / 40 acc 0.7932 uar 0.6806 f1 0.7216
2025-12-23 10:26:17,515 - utils.logger2025-12-23-10.25.32 - INFO - 
[[ 15   0   8   0]
 [  0  48  12   0]
 [  3   8 136   3]
 [  0   1  20  12]]
2025-12-23 10:26:18,220 - utils.logger2025-12-23-10.25.32 - INFO - Cur epoch 12 loss TA:0.6538 TV:0.6675 VA:1.1222 CE:0.1822
2025-12-23 10:26:18,672 - utils.logger2025-12-23-10.25.32 - INFO - Cur epoch 12 loss TA:0.6309 TV:0.6222 VA:1.1513 CE:0.2955
2025-12-23 10:26:19,087 - utils.logger2025-12-23-10.25.32 - INFO - Cur epoch 12 loss TA:0.6423 TV:0.6794 VA:1.1666 CE:0.3574
2025-12-23 10:26:19,501 - utils.logger2025-12-23-10.25.32 - INFO - Cur epoch 12 loss TA:0.6474 TV:0.6720 VA:1.1559 CE:0.4309
2025-12-23 10:26:19,955 - utils.logger2025-12-23-10.25.32 - INFO - Cur epoch 12 loss TA:0.6352 TV:0.6536 VA:1.1263 CE:0.3016
2025-12-23 10:26:20,119 - utils.logger2025-12-23-10.25.32 - INFO - saving the model at the end of epoch 12, iters 612
2025-12-23 10:26:20,214 - utils.logger2025-12-23-10.25.32 - INFO - End of training epoch 12 / 40 	 Time Taken: 2 sec
2025-12-23 10:26:20,214 - utils.logger2025-12-23-10.25.32 - INFO - learning rate = 0.0005000
2025-12-23 10:26:20,862 - utils.logger2025-12-23-10.25.32 - INFO - Val result of epoch 12 / 40 acc 0.6282 uar 0.5921 f1 0.5988
2025-12-23 10:26:20,862 - utils.logger2025-12-23-10.25.32 - INFO - 
[[10  0 16  5]
 [ 0 54 48  0]
 [ 0  2 96 36]
 [ 0  0  9 36]]
2025-12-23 10:26:21,586 - utils.logger2025-12-23-10.25.32 - INFO - Tst result of epoch 12 / 40 acc 0.7857 uar 0.7494 f1 0.7355
2025-12-23 10:26:21,587 - utils.logger2025-12-23-10.25.32 - INFO - 
[[ 18   1   3   1]
 [  1  54   5   0]
 [  7  10 120  13]
 [  0   1  15  17]]
2025-12-23 10:26:22,522 - utils.logger2025-12-23-10.25.32 - INFO - Cur epoch 13 loss TA:0.6144 TV:0.6280 VA:1.1487 CE:0.2022
2025-12-23 10:26:22,971 - utils.logger2025-12-23-10.25.32 - INFO - Cur epoch 13 loss TA:0.6239 TV:0.6306 VA:1.0662 CE:0.4540
2025-12-23 10:26:23,469 - utils.logger2025-12-23-10.25.32 - INFO - Cur epoch 13 loss TA:0.6173 TV:0.6383 VA:1.1660 CE:0.2191
2025-12-23 10:26:24,004 - utils.logger2025-12-23-10.25.32 - INFO - Cur epoch 13 loss TA:0.6429 TV:0.6629 VA:1.1023 CE:0.3581
2025-12-23 10:26:24,507 - utils.logger2025-12-23-10.25.32 - INFO - Cur epoch 13 loss TA:0.6216 TV:0.6538 VA:1.1561 CE:0.2217
2025-12-23 10:26:24,698 - utils.logger2025-12-23-10.25.32 - INFO - saving the model at the end of epoch 13, iters 663
2025-12-23 10:26:24,808 - utils.logger2025-12-23-10.25.32 - INFO - End of training epoch 13 / 40 	 Time Taken: 3 sec
2025-12-23 10:26:24,808 - utils.logger2025-12-23-10.25.32 - INFO - learning rate = 0.0005000
2025-12-23 10:26:25,348 - utils.logger2025-12-23-10.25.32 - INFO - Val result of epoch 13 / 40 acc 0.5994 uar 0.5066 f1 0.5218
2025-12-23 10:26:25,349 - utils.logger2025-12-23-10.25.32 - INFO - 
[[  5   0  25   1]
 [  0  40  62   0]
 [  0   1 114  19]
 [  0   0  17  28]]
2025-12-23 10:26:25,709 - utils.logger2025-12-23-10.25.32 - INFO - Tst result of epoch 13 / 40 acc 0.7857 uar 0.6463 f1 0.6961
2025-12-23 10:26:25,709 - utils.logger2025-12-23-10.25.32 - INFO - 
[[ 12   1  10   0]
 [  0  49  11   0]
 [  1   9 137   3]
 [  0   1  21  11]]
2025-12-23 10:26:26,351 - utils.logger2025-12-23-10.25.32 - INFO - Cur epoch 14 loss TA:0.6170 TV:0.6368 VA:1.1388 CE:0.1867
2025-12-23 10:26:26,876 - utils.logger2025-12-23-10.25.32 - INFO - Cur epoch 14 loss TA:0.5894 TV:0.6123 VA:1.1196 CE:0.1547
2025-12-23 10:26:27,407 - utils.logger2025-12-23-10.25.32 - INFO - Cur epoch 14 loss TA:0.5951 TV:0.5994 VA:1.1061 CE:0.1310
2025-12-23 10:26:28,102 - utils.logger2025-12-23-10.25.32 - INFO - Cur epoch 14 loss TA:0.6368 TV:0.6572 VA:1.1227 CE:0.3151
2025-12-23 10:26:28,503 - utils.logger2025-12-23-10.25.32 - INFO - Cur epoch 14 loss TA:0.6358 TV:0.6467 VA:1.1088 CE:0.1356
2025-12-23 10:26:28,736 - utils.logger2025-12-23-10.25.32 - INFO - saving the model at the end of epoch 14, iters 714
2025-12-23 10:26:28,841 - utils.logger2025-12-23-10.25.32 - INFO - End of training epoch 14 / 40 	 Time Taken: 3 sec
2025-12-23 10:26:28,842 - utils.logger2025-12-23-10.25.32 - INFO - learning rate = 0.0005000
2025-12-23 10:26:29,194 - utils.logger2025-12-23-10.25.32 - INFO - Val result of epoch 14 / 40 acc 0.6378 uar 0.5824 f1 0.5967
2025-12-23 10:26:29,194 - utils.logger2025-12-23-10.25.32 - INFO - 
[[  9   0  19   3]
 [  0  51  51   0]
 [  0   1 105  28]
 [  0   0  11  34]]
2025-12-23 10:26:29,546 - utils.logger2025-12-23-10.25.32 - INFO - Tst result of epoch 14 / 40 acc 0.8120 uar 0.7643 f1 0.7648
2025-12-23 10:26:29,547 - utils.logger2025-12-23-10.25.32 - INFO - 
[[ 20   0   3   0]
 [  0  55   5   0]
 [  5  12 127   6]
 [  0   1  18  14]]
2025-12-23 10:26:30,105 - utils.logger2025-12-23-10.25.32 - INFO - Cur epoch 15 loss TA:0.5985 TV:0.6149 VA:1.0881 CE:0.1648
2025-12-23 10:26:30,639 - utils.logger2025-12-23-10.25.32 - INFO - Cur epoch 15 loss TA:0.6312 TV:0.6325 VA:1.0406 CE:0.3622
2025-12-23 10:26:31,144 - utils.logger2025-12-23-10.25.32 - INFO - Cur epoch 15 loss TA:0.6006 TV:0.6126 VA:1.0532 CE:0.3010
2025-12-23 10:26:31,582 - utils.logger2025-12-23-10.25.32 - INFO - Cur epoch 15 loss TA:0.6269 TV:0.6540 VA:1.1047 CE:0.1098
2025-12-23 10:26:32,187 - utils.logger2025-12-23-10.25.32 - INFO - Cur epoch 15 loss TA:0.5920 TV:0.6181 VA:1.0615 CE:0.2082
2025-12-23 10:26:32,434 - utils.logger2025-12-23-10.25.32 - INFO - saving the model at the end of epoch 15, iters 765
2025-12-23 10:26:32,525 - utils.logger2025-12-23-10.25.32 - INFO - End of training epoch 15 / 40 	 Time Taken: 2 sec
2025-12-23 10:26:32,525 - utils.logger2025-12-23-10.25.32 - INFO - learning rate = 0.0005000
2025-12-23 10:26:32,989 - utils.logger2025-12-23-10.25.32 - INFO - Val result of epoch 15 / 40 acc 0.6154 uar 0.5699 f1 0.5727
2025-12-23 10:26:32,990 - utils.logger2025-12-23-10.25.32 - INFO - 
[[ 8  0 21  2]
 [ 1 50 51  0]
 [ 0  2 98 34]
 [ 0  0  9 36]]
2025-12-23 10:26:33,311 - utils.logger2025-12-23-10.25.32 - INFO - Tst result of epoch 15 / 40 acc 0.7895 uar 0.7520 f1 0.7416
2025-12-23 10:26:33,312 - utils.logger2025-12-23-10.25.32 - INFO - 
[[ 18   2   2   1]
 [  0  52   8   0]
 [  9  10 122   9]
 [  0   1  14  18]]
2025-12-23 10:26:33,792 - utils.logger2025-12-23-10.25.32 - INFO - Cur epoch 16 loss TA:0.6149 TV:0.6463 VA:1.1206 CE:0.2363
2025-12-23 10:26:34,281 - utils.logger2025-12-23-10.25.32 - INFO - Cur epoch 16 loss TA:0.6406 TV:0.6570 VA:1.0768 CE:0.2337
2025-12-23 10:26:34,790 - utils.logger2025-12-23-10.25.32 - INFO - Cur epoch 16 loss TA:0.6427 TV:0.6631 VA:1.1382 CE:0.1431
2025-12-23 10:26:35,302 - utils.logger2025-12-23-10.25.32 - INFO - Cur epoch 16 loss TA:0.6017 TV:0.6153 VA:1.0877 CE:0.1143
2025-12-23 10:26:35,811 - utils.logger2025-12-23-10.25.32 - INFO - Cur epoch 16 loss TA:0.5782 TV:0.5907 VA:1.0303 CE:0.1294
2025-12-23 10:26:36,160 - utils.logger2025-12-23-10.25.32 - INFO - saving the model at the end of epoch 16, iters 816
2025-12-23 10:26:36,269 - utils.logger2025-12-23-10.25.32 - INFO - End of training epoch 16 / 40 	 Time Taken: 2 sec
2025-12-23 10:26:36,270 - utils.logger2025-12-23-10.25.32 - INFO - learning rate = 0.0005000
2025-12-23 10:26:37,224 - utils.logger2025-12-23-10.25.32 - INFO - Val result of epoch 16 / 40 acc 0.5769 uar 0.5157 f1 0.5102
2025-12-23 10:26:37,225 - utils.logger2025-12-23-10.25.32 - INFO - 
[[  5   0  23   3]
 [  0  40  61   1]
 [  0   1 101  32]
 [  0   0  11  34]]
2025-12-23 10:26:38,376 - utils.logger2025-12-23-10.25.32 - INFO - Tst result of epoch 16 / 40 acc 0.7744 uar 0.6490 f1 0.6979
2025-12-23 10:26:38,376 - utils.logger2025-12-23-10.25.32 - INFO - 
[[ 12   0  10   1]
 [  0  45  15   0]
 [  2   7 135   6]
 [  0   0  19  14]]
2025-12-23 10:26:39,704 - utils.logger2025-12-23-10.25.32 - INFO - Cur epoch 17 loss TA:0.5782 TV:0.6015 VA:1.0480 CE:0.1750
2025-12-23 10:26:40,193 - utils.logger2025-12-23-10.25.32 - INFO - Cur epoch 17 loss TA:0.6136 TV:0.6251 VA:1.1142 CE:0.2453
2025-12-23 10:26:40,707 - utils.logger2025-12-23-10.25.32 - INFO - Cur epoch 17 loss TA:0.5637 TV:0.6111 VA:1.0616 CE:0.1455
2025-12-23 10:26:41,243 - utils.logger2025-12-23-10.25.32 - INFO - Cur epoch 17 loss TA:0.5760 TV:0.5733 VA:1.0153 CE:0.2479
2025-12-23 10:26:41,711 - utils.logger2025-12-23-10.25.32 - INFO - Cur epoch 17 loss TA:0.5532 TV:0.5831 VA:1.0756 CE:0.1848
2025-12-23 10:26:42,114 - utils.logger2025-12-23-10.25.32 - INFO - saving the model at the end of epoch 17, iters 867
2025-12-23 10:26:42,235 - utils.logger2025-12-23-10.25.32 - INFO - End of training epoch 17 / 40 	 Time Taken: 3 sec
2025-12-23 10:26:42,235 - utils.logger2025-12-23-10.25.32 - INFO - learning rate = 0.0005000
2025-12-23 10:26:42,984 - utils.logger2025-12-23-10.25.32 - INFO - Val result of epoch 17 / 40 acc 0.6186 uar 0.5599 f1 0.5674
2025-12-23 10:26:42,984 - utils.logger2025-12-23-10.25.32 - INFO - 
[[ 7  0 22  2]
 [ 0 53 49  0]
 [ 0  3 99 32]
 [ 0  0 11 34]]
2025-12-23 10:26:43,325 - utils.logger2025-12-23-10.25.32 - INFO - Tst result of epoch 17 / 40 acc 0.7669 uar 0.7235 f1 0.7196
2025-12-23 10:26:43,325 - utils.logger2025-12-23-10.25.32 - INFO - 
[[ 17   3   3   0]
 [  0  53   7   0]
 [  6  15 118  11]
 [  0   1  16  16]]
2025-12-23 10:26:43,967 - utils.logger2025-12-23-10.25.32 - INFO - Cur epoch 18 loss TA:0.5558 TV:0.5975 VA:1.0472 CE:0.1368
2025-12-23 10:26:44,621 - utils.logger2025-12-23-10.25.32 - INFO - Cur epoch 18 loss TA:0.5768 TV:0.5908 VA:1.0137 CE:0.1602
2025-12-23 10:26:45,228 - utils.logger2025-12-23-10.25.32 - INFO - Cur epoch 18 loss TA:0.5600 TV:0.5707 VA:1.0370 CE:0.2645
2025-12-23 10:26:45,674 - utils.logger2025-12-23-10.25.32 - INFO - Cur epoch 18 loss TA:0.6032 TV:0.6503 VA:1.0754 CE:0.1532
2025-12-23 10:26:46,085 - utils.logger2025-12-23-10.25.32 - INFO - Cur epoch 18 loss TA:0.5928 TV:0.6089 VA:1.0821 CE:0.1799
2025-12-23 10:26:46,509 - utils.logger2025-12-23-10.25.32 - INFO - saving the model at the end of epoch 18, iters 918
2025-12-23 10:26:46,621 - utils.logger2025-12-23-10.25.32 - INFO - End of training epoch 18 / 40 	 Time Taken: 3 sec
2025-12-23 10:26:46,621 - utils.logger2025-12-23-10.25.32 - INFO - learning rate = 0.0005000
2025-12-23 10:26:47,318 - utils.logger2025-12-23-10.25.32 - INFO - Val result of epoch 18 / 40 acc 0.6090 uar 0.5532 f1 0.5510
2025-12-23 10:26:47,319 - utils.logger2025-12-23-10.25.32 - INFO - 
[[ 6  0 23  2]
 [ 0 49 52  1]
 [ 0  1 99 34]
 [ 0  0  9 36]]
2025-12-23 10:26:47,674 - utils.logger2025-12-23-10.25.32 - INFO - Tst result of epoch 18 / 40 acc 0.7707 uar 0.6626 f1 0.6948
2025-12-23 10:26:47,675 - utils.logger2025-12-23-10.25.32 - INFO - 
[[ 10   2  11   0]
 [  0  49  11   0]
 [  2   8 128  12]
 [  0   0  15  18]]
2025-12-23 10:26:48,486 - utils.logger2025-12-23-10.25.32 - INFO - Cur epoch 19 loss TA:0.5525 TV:0.5743 VA:1.0719 CE:0.1034
2025-12-23 10:26:48,937 - utils.logger2025-12-23-10.25.32 - INFO - Cur epoch 19 loss TA:0.5792 TV:0.5802 VA:1.0647 CE:0.2448
2025-12-23 10:26:49,396 - utils.logger2025-12-23-10.25.32 - INFO - Cur epoch 19 loss TA:0.5710 TV:0.5780 VA:1.0501 CE:0.0864
2025-12-23 10:26:49,954 - utils.logger2025-12-23-10.25.32 - INFO - Cur epoch 19 loss TA:0.5776 TV:0.5800 VA:1.0422 CE:0.2126
2025-12-23 10:26:50,512 - utils.logger2025-12-23-10.25.32 - INFO - Cur epoch 19 loss TA:0.5836 TV:0.6240 VA:1.0908 CE:0.1289
2025-12-23 10:26:50,893 - utils.logger2025-12-23-10.25.32 - INFO - saving the model at the end of epoch 19, iters 969
2025-12-23 10:26:50,990 - utils.logger2025-12-23-10.25.32 - INFO - End of training epoch 19 / 40 	 Time Taken: 3 sec
2025-12-23 10:26:50,990 - utils.logger2025-12-23-10.25.32 - INFO - learning rate = 0.0005000
2025-12-23 10:26:51,562 - utils.logger2025-12-23-10.25.32 - INFO - Val result of epoch 19 / 40 acc 0.5833 uar 0.5582 f1 0.5405
2025-12-23 10:26:51,562 - utils.logger2025-12-23-10.25.32 - INFO - 
[[ 7  0 19  5]
 [ 0 41 61  0]
 [ 0  1 93 40]
 [ 0  0  4 41]]
2025-12-23 10:26:51,921 - utils.logger2025-12-23-10.25.32 - INFO - Tst result of epoch 19 / 40 acc 0.7669 uar 0.7010 f1 0.7223
2025-12-23 10:26:51,922 - utils.logger2025-12-23-10.25.32 - INFO - 
[[ 17   0   6   0]
 [  0  44  16   0]
 [  4   7 127  12]
 [  0   1  16  16]]
2025-12-23 10:26:52,226 - utils.logger2025-12-23-10.25.32 - INFO - Cur epoch 20 loss TA:0.5595 TV:0.5814 VA:1.0733 CE:0.1865
2025-12-23 10:26:52,716 - utils.logger2025-12-23-10.25.32 - INFO - Cur epoch 20 loss TA:0.5825 TV:0.6071 VA:1.0324 CE:0.0575
2025-12-23 10:26:53,221 - utils.logger2025-12-23-10.25.32 - INFO - Cur epoch 20 loss TA:0.5772 TV:0.6081 VA:1.0420 CE:0.1063
2025-12-23 10:26:53,735 - utils.logger2025-12-23-10.25.32 - INFO - Cur epoch 20 loss TA:0.5455 TV:0.5670 VA:1.0422 CE:0.1196
2025-12-23 10:26:54,250 - utils.logger2025-12-23-10.25.32 - INFO - Cur epoch 20 loss TA:0.5689 TV:0.5759 VA:1.0838 CE:0.1435
2025-12-23 10:26:55,000 - utils.logger2025-12-23-10.25.32 - INFO - Cur epoch 20 loss TA:0.4904 TV:0.5002 VA:0.8604 CE:0.1606
2025-12-23 10:26:55,072 - utils.logger2025-12-23-10.25.32 - INFO - saving the model at the end of epoch 20, iters 1020
2025-12-23 10:26:55,181 - utils.logger2025-12-23-10.25.32 - INFO - End of training epoch 20 / 40 	 Time Taken: 3 sec
2025-12-23 10:26:55,181 - utils.logger2025-12-23-10.25.32 - INFO - learning rate = 0.0005000
2025-12-23 10:26:55,795 - utils.logger2025-12-23-10.25.32 - INFO - Val result of epoch 20 / 40 acc 0.5962 uar 0.5725 f1 0.5615
2025-12-23 10:26:55,796 - utils.logger2025-12-23-10.25.32 - INFO - 
[[ 9  0 19  3]
 [ 1 44 56  1]
 [ 1  0 94 39]
 [ 1  0  5 39]]
2025-12-23 10:26:56,265 - utils.logger2025-12-23-10.25.32 - INFO - Tst result of epoch 20 / 40 acc 0.7932 uar 0.7864 f1 0.7591
2025-12-23 10:26:56,265 - utils.logger2025-12-23-10.25.32 - INFO - 
[[ 20   0   3   0]
 [  0  53   7   0]
 [ 10   9 118  13]
 [  0   1  12  20]]
2025-12-23 10:26:57,235 - utils.logger2025-12-23-10.25.32 - INFO - Cur epoch 21 loss TA:0.5913 TV:0.6146 VA:1.1187 CE:0.1779
2025-12-23 10:26:57,759 - utils.logger2025-12-23-10.25.32 - INFO - Cur epoch 21 loss TA:0.5480 TV:0.5550 VA:1.0019 CE:0.0192
2025-12-23 10:26:58,259 - utils.logger2025-12-23-10.25.32 - INFO - Cur epoch 21 loss TA:0.5692 TV:0.6015 VA:1.1271 CE:0.1417
2025-12-23 10:26:58,754 - utils.logger2025-12-23-10.25.32 - INFO - Cur epoch 21 loss TA:0.5533 TV:0.5822 VA:1.0741 CE:0.0877
2025-12-23 10:26:59,240 - utils.logger2025-12-23-10.25.32 - INFO - Cur epoch 21 loss TA:0.6314 TV:0.6448 VA:1.0880 CE:0.1583
2025-12-23 10:26:59,339 - utils.logger2025-12-23-10.25.32 - INFO - saving the model at the end of epoch 21, iters 1071
2025-12-23 10:26:59,454 - utils.logger2025-12-23-10.25.32 - INFO - End of training epoch 21 / 40 	 Time Taken: 3 sec
2025-12-23 10:26:59,455 - utils.logger2025-12-23-10.25.32 - INFO - learning rate = 0.0005000
2025-12-23 10:27:00,164 - utils.logger2025-12-23-10.25.32 - INFO - Val result of epoch 21 / 40 acc 0.6090 uar 0.5138 f1 0.5145
2025-12-23 10:27:00,165 - utils.logger2025-12-23-10.25.32 - INFO - 
[[  3   0  27   1]
 [  0  45  57   0]
 [  0   1 111  22]
 [  0   0  14  31]]
2025-12-23 10:27:01,040 - utils.logger2025-12-23-10.25.32 - INFO - Tst result of epoch 21 / 40 acc 0.8158 uar 0.7216 f1 0.7599
2025-12-23 10:27:01,040 - utils.logger2025-12-23-10.25.32 - INFO - 
[[ 16   1   6   0]
 [  0  52   8   0]
 [  1  10 135   4]
 [  0   1  18  14]]
2025-12-23 10:27:01,986 - utils.logger2025-12-23-10.25.32 - INFO - Cur epoch 22 loss TA:0.5722 TV:0.5774 VA:1.0555 CE:0.0604
2025-12-23 10:27:02,481 - utils.logger2025-12-23-10.25.32 - INFO - Cur epoch 22 loss TA:0.6434 TV:0.6401 VA:1.0852 CE:0.0560
2025-12-23 10:27:02,965 - utils.logger2025-12-23-10.25.32 - INFO - Cur epoch 22 loss TA:0.5770 TV:0.6004 VA:1.0597 CE:0.1785
2025-12-23 10:27:03,444 - utils.logger2025-12-23-10.25.32 - INFO - Cur epoch 22 loss TA:0.5780 TV:0.5919 VA:1.0463 CE:0.0725
2025-12-23 10:27:03,942 - utils.logger2025-12-23-10.25.32 - INFO - Cur epoch 22 loss TA:0.5926 TV:0.6106 VA:1.0361 CE:0.1556
2025-12-23 10:27:04,096 - utils.logger2025-12-23-10.25.32 - INFO - saving the model at the end of epoch 22, iters 1122
2025-12-23 10:27:04,204 - utils.logger2025-12-23-10.25.32 - INFO - End of training epoch 22 / 40 	 Time Taken: 3 sec
2025-12-23 10:27:04,205 - utils.logger2025-12-23-10.25.32 - INFO - learning rate = 0.0005000
2025-12-23 10:27:04,747 - utils.logger2025-12-23-10.25.32 - INFO - Val result of epoch 22 / 40 acc 0.6218 uar 0.5804 f1 0.5851
2025-12-23 10:27:04,747 - utils.logger2025-12-23-10.25.32 - INFO - 
[[ 9  0 17  5]
 [ 0 51 50  1]
 [ 0  3 98 33]
 [ 0  0  9 36]]
2025-12-23 10:27:05,156 - utils.logger2025-12-23-10.25.32 - INFO - Tst result of epoch 22 / 40 acc 0.8008 uar 0.7603 f1 0.7621
2025-12-23 10:27:05,157 - utils.logger2025-12-23-10.25.32 - INFO - 
[[ 19   1   3   0]
 [  0  52   8   0]
 [  6  13 125   6]
 [  0   1  15  17]]
2025-12-23 10:27:06,002 - utils.logger2025-12-23-10.25.32 - INFO - Cur epoch 23 loss TA:0.5296 TV:0.5514 VA:0.9852 CE:0.1028
2025-12-23 10:27:06,557 - utils.logger2025-12-23-10.25.32 - INFO - Cur epoch 23 loss TA:0.5635 TV:0.5762 VA:1.0330 CE:0.1119
2025-12-23 10:27:07,039 - utils.logger2025-12-23-10.25.32 - INFO - Cur epoch 23 loss TA:0.5276 TV:0.5446 VA:1.0179 CE:0.0733
2025-12-23 10:27:07,455 - utils.logger2025-12-23-10.25.32 - INFO - Cur epoch 23 loss TA:0.5534 TV:0.5796 VA:1.0157 CE:0.1041
2025-12-23 10:27:07,861 - utils.logger2025-12-23-10.25.32 - INFO - Cur epoch 23 loss TA:0.5730 TV:0.5845 VA:1.0481 CE:0.1586
2025-12-23 10:27:08,019 - utils.logger2025-12-23-10.25.32 - INFO - saving the model at the end of epoch 23, iters 1173
2025-12-23 10:27:08,121 - utils.logger2025-12-23-10.25.32 - INFO - End of training epoch 23 / 40 	 Time Taken: 2 sec
2025-12-23 10:27:08,122 - utils.logger2025-12-23-10.25.32 - INFO - learning rate = 0.0005000
2025-12-23 10:27:08,732 - utils.logger2025-12-23-10.25.32 - INFO - Val result of epoch 23 / 40 acc 0.5705 uar 0.5161 f1 0.4884
2025-12-23 10:27:08,733 - utils.logger2025-12-23-10.25.32 - INFO - 
[[ 3  0 24  4]
 [ 0 43 57  2]
 [ 0  0 94 40]
 [ 0  0  7 38]]
2025-12-23 10:27:09,463 - utils.logger2025-12-23-10.25.32 - INFO - Tst result of epoch 23 / 40 acc 0.7669 uar 0.6106 f1 0.6560
2025-12-23 10:27:09,463 - utils.logger2025-12-23-10.25.32 - INFO - 
[[  7   2  13   1]
 [  0  47  13   0]
 [  0   7 135   8]
 [  0   0  18  15]]
2025-12-23 10:27:10,105 - utils.logger2025-12-23-10.25.32 - INFO - Cur epoch 24 loss TA:0.5728 TV:0.5973 VA:1.0241 CE:0.1240
2025-12-23 10:27:10,564 - utils.logger2025-12-23-10.25.32 - INFO - Cur epoch 24 loss TA:0.5736 TV:0.5896 VA:1.0406 CE:0.1768
2025-12-23 10:27:11,032 - utils.logger2025-12-23-10.25.32 - INFO - Cur epoch 24 loss TA:0.5313 TV:0.5560 VA:1.0265 CE:0.1723
2025-12-23 10:27:11,627 - utils.logger2025-12-23-10.25.32 - INFO - Cur epoch 24 loss TA:0.5658 TV:0.5589 VA:1.0581 CE:0.0609
2025-12-23 10:27:12,123 - utils.logger2025-12-23-10.25.32 - INFO - Cur epoch 24 loss TA:0.5542 TV:0.5924 VA:1.0452 CE:0.1647
2025-12-23 10:27:12,332 - utils.logger2025-12-23-10.25.32 - INFO - saving the model at the end of epoch 24, iters 1224
2025-12-23 10:27:12,425 - utils.logger2025-12-23-10.25.32 - INFO - End of training epoch 24 / 40 	 Time Taken: 2 sec
2025-12-23 10:27:12,425 - utils.logger2025-12-23-10.25.32 - INFO - learning rate = 0.0005000
2025-12-23 10:27:12,747 - utils.logger2025-12-23-10.25.32 - INFO - Val result of epoch 24 / 40 acc 0.6026 uar 0.5241 f1 0.5249
2025-12-23 10:27:12,748 - utils.logger2025-12-23-10.25.32 - INFO - 
[[  4   0  27   0]
 [  0  52  50   0]
 [  0   2 100  32]
 [  0   0  13  32]]
2025-12-23 10:27:13,070 - utils.logger2025-12-23-10.25.32 - INFO - Tst result of epoch 24 / 40 acc 0.7669 uar 0.6555 f1 0.6856
2025-12-23 10:27:13,071 - utils.logger2025-12-23-10.25.32 - INFO - 
[[ 13   1   9   0]
 [  0  50  10   0]
 [  4  10 129   7]
 [  0   1  20  12]]
2025-12-23 10:27:13,868 - utils.logger2025-12-23-10.25.32 - INFO - Cur epoch 25 loss TA:0.5409 TV:0.5705 VA:0.9723 CE:0.0751
2025-12-23 10:27:14,356 - utils.logger2025-12-23-10.25.32 - INFO - Cur epoch 25 loss TA:0.5492 TV:0.5856 VA:1.0264 CE:0.0396
2025-12-23 10:27:14,849 - utils.logger2025-12-23-10.25.32 - INFO - Cur epoch 25 loss TA:0.5381 TV:0.5492 VA:1.0265 CE:0.1477
2025-12-23 10:27:15,403 - utils.logger2025-12-23-10.25.32 - INFO - Cur epoch 25 loss TA:0.5540 TV:0.5691 VA:1.0368 CE:0.2313
2025-12-23 10:27:15,898 - utils.logger2025-12-23-10.25.32 - INFO - Cur epoch 25 loss TA:0.5089 TV:0.5263 VA:0.9967 CE:0.0223
2025-12-23 10:27:16,253 - utils.logger2025-12-23-10.25.32 - INFO - saving the model at the end of epoch 25, iters 1275
2025-12-23 10:27:16,339 - utils.logger2025-12-23-10.25.32 - INFO - End of training epoch 25 / 40 	 Time Taken: 3 sec
2025-12-23 10:27:16,340 - utils.logger2025-12-23-10.25.32 - INFO - learning rate = 0.0005000
2025-12-23 10:27:17,145 - utils.logger2025-12-23-10.25.32 - INFO - Val result of epoch 25 / 40 acc 0.5897 uar 0.5330 f1 0.5323
2025-12-23 10:27:17,145 - utils.logger2025-12-23-10.25.32 - INFO - 
[[  6   0  23   2]
 [  0  40  62   0]
 [  0   1 103  30]
 [  0   0  10  35]]
2025-12-23 10:27:17,679 - utils.logger2025-12-23-10.25.32 - INFO - Tst result of epoch 25 / 40 acc 0.7782 uar 0.7193 f1 0.7286
2025-12-23 10:27:17,680 - utils.logger2025-12-23-10.25.32 - INFO - 
[[ 18   2   3   0]
 [  0  48  12   0]
 [  6   9 126   9]
 [  0   0  18  15]]
2025-12-23 10:27:18,112 - utils.logger2025-12-23-10.25.32 - INFO - Cur epoch 26 loss TA:0.5255 TV:0.5439 VA:0.9976 CE:0.0371
2025-12-23 10:27:18,559 - utils.logger2025-12-23-10.25.32 - INFO - Cur epoch 26 loss TA:0.5450 TV:0.5568 VA:1.0153 CE:0.1036
2025-12-23 10:27:19,040 - utils.logger2025-12-23-10.25.32 - INFO - Cur epoch 26 loss TA:0.5425 TV:0.5608 VA:1.0480 CE:0.0385
2025-12-23 10:27:19,540 - utils.logger2025-12-23-10.25.32 - INFO - Cur epoch 26 loss TA:0.5560 TV:0.5518 VA:0.9855 CE:0.2889
2025-12-23 10:27:20,072 - utils.logger2025-12-23-10.25.32 - INFO - Cur epoch 26 loss TA:0.5638 TV:0.5694 VA:1.0106 CE:0.0230
2025-12-23 10:27:20,428 - utils.logger2025-12-23-10.25.32 - INFO - saving the model at the end of epoch 26, iters 1326
2025-12-23 10:27:20,537 - utils.logger2025-12-23-10.25.32 - INFO - End of training epoch 26 / 40 	 Time Taken: 2 sec
2025-12-23 10:27:20,537 - utils.logger2025-12-23-10.25.32 - INFO - learning rate = 0.0005000
2025-12-23 10:27:21,026 - utils.logger2025-12-23-10.25.32 - INFO - Val result of epoch 26 / 40 acc 0.5801 uar 0.5314 f1 0.4988
2025-12-23 10:27:21,027 - utils.logger2025-12-23-10.25.32 - INFO - 
[[ 3  0 22  6]
 [ 0 47 54  1]
 [ 0  2 91 41]
 [ 0  0  5 40]]
2025-12-23 10:27:21,483 - utils.logger2025-12-23-10.25.32 - INFO - Tst result of epoch 26 / 40 acc 0.8008 uar 0.7605 f1 0.7720
2025-12-23 10:27:21,484 - utils.logger2025-12-23-10.25.32 - INFO - 
[[ 17   1   5   0]
 [  0  50  10   0]
 [  3  13 125   9]
 [  0   1  11  21]]
2025-12-23 10:27:21,946 - utils.logger2025-12-23-10.25.32 - INFO - Cur epoch 27 loss TA:0.5313 TV:0.5331 VA:0.9444 CE:0.0868
2025-12-23 10:27:22,384 - utils.logger2025-12-23-10.25.32 - INFO - Cur epoch 27 loss TA:0.6241 TV:0.6367 VA:0.9950 CE:0.0133
2025-12-23 10:27:22,845 - utils.logger2025-12-23-10.25.32 - INFO - Cur epoch 27 loss TA:0.5884 TV:0.6039 VA:1.0160 CE:0.0601
2025-12-23 10:27:23,319 - utils.logger2025-12-23-10.25.32 - INFO - Cur epoch 27 loss TA:0.5541 TV:0.5593 VA:0.9981 CE:0.1555
2025-12-23 10:27:23,822 - utils.logger2025-12-23-10.25.32 - INFO - Cur epoch 27 loss TA:0.5417 TV:0.5526 VA:1.0029 CE:0.1820
2025-12-23 10:27:24,264 - utils.logger2025-12-23-10.25.32 - INFO - saving the model at the end of epoch 27, iters 1377
2025-12-23 10:27:24,395 - utils.logger2025-12-23-10.25.32 - INFO - End of training epoch 27 / 40 	 Time Taken: 2 sec
2025-12-23 10:27:24,395 - utils.logger2025-12-23-10.25.32 - INFO - learning rate = 0.0005000
2025-12-23 10:27:25,372 - utils.logger2025-12-23-10.25.32 - INFO - Val result of epoch 27 / 40 acc 0.5769 uar 0.5333 f1 0.5327
2025-12-23 10:27:25,373 - utils.logger2025-12-23-10.25.32 - INFO - 
[[  8   0  19   4]
 [  0  32  70   0]
 [  0   1 105  28]
 [  0   0  10  35]]
2025-12-23 10:27:25,984 - utils.logger2025-12-23-10.25.32 - INFO - Tst result of epoch 27 / 40 acc 0.7895 uar 0.7397 f1 0.7588
2025-12-23 10:27:25,985 - utils.logger2025-12-23-10.25.32 - INFO - 
[[ 18   0   5   0]
 [  0  40  20   0]
 [  5   5 131   9]
 [  0   0  12  21]]
2025-12-23 10:27:26,433 - utils.logger2025-12-23-10.25.32 - INFO - Cur epoch 28 loss TA:0.5043 TV:0.5024 VA:0.9507 CE:0.0217
2025-12-23 10:27:26,801 - utils.logger2025-12-23-10.25.32 - INFO - Cur epoch 28 loss TA:0.5092 TV:0.5217 VA:0.9683 CE:0.0247
2025-12-23 10:27:27,235 - utils.logger2025-12-23-10.25.32 - INFO - Cur epoch 28 loss TA:0.5592 TV:0.5595 VA:1.0095 CE:0.0632
2025-12-23 10:27:27,670 - utils.logger2025-12-23-10.25.32 - INFO - Cur epoch 28 loss TA:0.5402 TV:0.5562 VA:1.0168 CE:0.1368
2025-12-23 10:27:28,174 - utils.logger2025-12-23-10.25.32 - INFO - Cur epoch 28 loss TA:0.6073 TV:0.6087 VA:1.0123 CE:0.1162
2025-12-23 10:27:28,614 - utils.logger2025-12-23-10.25.32 - INFO - saving the model at the end of epoch 28, iters 1428
2025-12-23 10:27:28,726 - utils.logger2025-12-23-10.25.32 - INFO - End of training epoch 28 / 40 	 Time Taken: 2 sec
2025-12-23 10:27:28,726 - utils.logger2025-12-23-10.25.32 - INFO - learning rate = 0.0005000
2025-12-23 10:27:29,162 - utils.logger2025-12-23-10.25.32 - INFO - Val result of epoch 28 / 40 acc 0.6058 uar 0.5220 f1 0.5392
2025-12-23 10:27:29,162 - utils.logger2025-12-23-10.25.32 - INFO - 
[[  6   0  24   1]
 [  0  43  59   0]
 [  1   2 111  20]
 [  0   0  16  29]]
2025-12-23 10:27:29,529 - utils.logger2025-12-23-10.25.32 - INFO - Tst result of epoch 28 / 40 acc 0.8008 uar 0.7184 f1 0.7514
2025-12-23 10:27:29,530 - utils.logger2025-12-23-10.25.32 - INFO - 
[[ 18   1   4   0]
 [  0  46  14   0]
 [  3   8 135   4]
 [  0   0  19  14]]
2025-12-23 10:27:29,872 - utils.logger2025-12-23-10.25.32 - INFO - Cur epoch 29 loss TA:0.5269 TV:0.5638 VA:1.0179 CE:0.1267
2025-12-23 10:27:30,365 - utils.logger2025-12-23-10.25.32 - INFO - Cur epoch 29 loss TA:0.5328 TV:0.5484 VA:0.9729 CE:0.0476
2025-12-23 10:27:30,928 - utils.logger2025-12-23-10.25.32 - INFO - Cur epoch 29 loss TA:0.5313 TV:0.5373 VA:0.9927 CE:0.2939
2025-12-23 10:27:31,416 - utils.logger2025-12-23-10.25.32 - INFO - Cur epoch 29 loss TA:0.5581 TV:0.5931 VA:0.9991 CE:0.2955
2025-12-23 10:27:31,936 - utils.logger2025-12-23-10.25.32 - INFO - Cur epoch 29 loss TA:0.5245 TV:0.5309 VA:0.9704 CE:0.0528
2025-12-23 10:27:32,428 - utils.logger2025-12-23-10.25.32 - INFO - saving the model at the end of epoch 29, iters 1479
2025-12-23 10:27:32,536 - utils.logger2025-12-23-10.25.32 - INFO - End of training epoch 29 / 40 	 Time Taken: 3 sec
2025-12-23 10:27:32,536 - utils.logger2025-12-23-10.25.32 - INFO - learning rate = 0.0005000
2025-12-23 10:27:33,222 - utils.logger2025-12-23-10.25.32 - INFO - Val result of epoch 29 / 40 acc 0.5962 uar 0.5341 f1 0.5470
2025-12-23 10:27:33,222 - utils.logger2025-12-23-10.25.32 - INFO - 
[[ 7  0 23  1]
 [ 0 50 52  0]
 [ 0  3 98 33]
 [ 0  0 14 31]]
2025-12-23 10:27:33,981 - utils.logger2025-12-23-10.25.32 - INFO - Tst result of epoch 29 / 40 acc 0.7857 uar 0.6908 f1 0.7201
2025-12-23 10:27:33,981 - utils.logger2025-12-23-10.25.32 - INFO - 
[[ 14   1   8   0]
 [  0  50  10   0]
 [  4   9 130   7]
 [  0   1  17  15]]
2025-12-23 10:27:34,417 - utils.logger2025-12-23-10.25.32 - INFO - Cur epoch 30 loss TA:0.5600 TV:0.5927 VA:1.0060 CE:0.0495
2025-12-23 10:27:34,889 - utils.logger2025-12-23-10.25.32 - INFO - Cur epoch 30 loss TA:0.5074 TV:0.5226 VA:0.9422 CE:0.0537
2025-12-23 10:27:35,338 - utils.logger2025-12-23-10.25.32 - INFO - Cur epoch 30 loss TA:0.5422 TV:0.5556 VA:1.0236 CE:0.0777
2025-12-23 10:27:35,722 - utils.logger2025-12-23-10.25.32 - INFO - Cur epoch 30 loss TA:0.5395 TV:0.5540 VA:0.9838 CE:0.0446
2025-12-23 10:27:36,153 - utils.logger2025-12-23-10.25.32 - INFO - Cur epoch 30 loss TA:0.5311 TV:0.5562 VA:0.9810 CE:0.0501
2025-12-23 10:27:36,678 - utils.logger2025-12-23-10.25.32 - INFO - Cur epoch 30 loss TA:0.4541 TV:0.4703 VA:0.7314 CE:0.1152
2025-12-23 10:27:36,737 - utils.logger2025-12-23-10.25.32 - INFO - saving the model at the end of epoch 30, iters 1530
2025-12-23 10:27:36,838 - utils.logger2025-12-23-10.25.32 - INFO - End of training epoch 30 / 40 	 Time Taken: 2 sec
2025-12-23 10:27:36,838 - utils.logger2025-12-23-10.25.32 - INFO - learning rate = 0.0004545
2025-12-23 10:27:37,376 - utils.logger2025-12-23-10.25.32 - INFO - Val result of epoch 30 / 40 acc 0.5833 uar 0.5113 f1 0.5242
2025-12-23 10:27:37,377 - utils.logger2025-12-23-10.25.32 - INFO - 
[[  6   0  24   1]
 [  0  47  55   0]
 [  0   2 100  32]
 [  0   0  16  29]]
2025-12-23 10:27:37,696 - utils.logger2025-12-23-10.25.32 - INFO - Tst result of epoch 30 / 40 acc 0.7632 uar 0.6497 f1 0.6801
2025-12-23 10:27:37,697 - utils.logger2025-12-23-10.25.32 - INFO - 
[[ 12   2   9   0]
 [  0  52   8   0]
 [  3  15 127   5]
 [  0   1  20  12]]
2025-12-23 10:27:38,448 - utils.logger2025-12-23-10.25.32 - INFO - Cur epoch 31 loss TA:0.5300 TV:0.5557 VA:0.9624 CE:0.0815
2025-12-23 10:27:38,958 - utils.logger2025-12-23-10.25.32 - INFO - Cur epoch 31 loss TA:0.5714 TV:0.5815 VA:1.0037 CE:0.1830
2025-12-23 10:27:39,411 - utils.logger2025-12-23-10.25.32 - INFO - Cur epoch 31 loss TA:0.5013 TV:0.5045 VA:0.9935 CE:0.0167
2025-12-23 10:27:39,857 - utils.logger2025-12-23-10.25.32 - INFO - Cur epoch 31 loss TA:0.5724 TV:0.5860 VA:1.0105 CE:0.1376
2025-12-23 10:27:40,306 - utils.logger2025-12-23-10.25.32 - INFO - Cur epoch 31 loss TA:0.5409 TV:0.5603 VA:0.9990 CE:0.1224
2025-12-23 10:27:40,408 - utils.logger2025-12-23-10.25.32 - INFO - saving the model at the end of epoch 31, iters 1581
2025-12-23 10:27:40,501 - utils.logger2025-12-23-10.25.32 - INFO - End of training epoch 31 / 40 	 Time Taken: 2 sec
2025-12-23 10:27:40,501 - utils.logger2025-12-23-10.25.32 - INFO - learning rate = 0.0004091
2025-12-23 10:27:41,365 - utils.logger2025-12-23-10.25.32 - INFO - Val result of epoch 31 / 40 acc 0.5481 uar 0.5200 f1 0.4974
2025-12-23 10:27:41,366 - utils.logger2025-12-23-10.25.32 - INFO - 
[[ 6  0 22  3]
 [ 0 34 64  4]
 [ 0  0 92 42]
 [ 0  0  6 39]]
2025-12-23 10:27:42,295 - utils.logger2025-12-23-10.25.32 - INFO - Tst result of epoch 31 / 40 acc 0.7707 uar 0.7071 f1 0.7251
2025-12-23 10:27:42,295 - utils.logger2025-12-23-10.25.32 - INFO - 
[[ 16   0   6   1]
 [  1  40  19   0]
 [  5   6 129  10]
 [  0   1  12  20]]
2025-12-23 10:27:43,017 - utils.logger2025-12-23-10.25.32 - INFO - Cur epoch 32 loss TA:0.5156 TV:0.5273 VA:0.9370 CE:0.0350
2025-12-23 10:27:43,416 - utils.logger2025-12-23-10.25.32 - INFO - Cur epoch 32 loss TA:0.5157 TV:0.5372 VA:0.9641 CE:0.0173
2025-12-23 10:27:43,795 - utils.logger2025-12-23-10.25.32 - INFO - Cur epoch 32 loss TA:0.5300 TV:0.5292 VA:0.9610 CE:0.0113
2025-12-23 10:27:44,218 - utils.logger2025-12-23-10.25.32 - INFO - Cur epoch 32 loss TA:0.5000 TV:0.5107 VA:0.9273 CE:0.0119
2025-12-23 10:27:44,648 - utils.logger2025-12-23-10.25.32 - INFO - Cur epoch 32 loss TA:0.5350 TV:0.5478 VA:0.9961 CE:0.0577
2025-12-23 10:27:44,807 - utils.logger2025-12-23-10.25.32 - INFO - saving the model at the end of epoch 32, iters 1632
2025-12-23 10:27:44,926 - utils.logger2025-12-23-10.25.32 - INFO - End of training epoch 32 / 40 	 Time Taken: 2 sec
2025-12-23 10:27:44,926 - utils.logger2025-12-23-10.25.32 - INFO - learning rate = 0.0003636
2025-12-23 10:27:45,301 - utils.logger2025-12-23-10.25.32 - INFO - Val result of epoch 32 / 40 acc 0.5994 uar 0.5429 f1 0.5569
2025-12-23 10:27:45,302 - utils.logger2025-12-23-10.25.32 - INFO - 
[[  8   0  23   0]
 [  0  45  56   1]
 [  0   1 102  31]
 [  0   0  13  32]]
2025-12-23 10:27:45,662 - utils.logger2025-12-23-10.25.32 - INFO - Tst result of epoch 32 / 40 acc 0.7857 uar 0.7008 f1 0.7221
2025-12-23 10:27:45,662 - utils.logger2025-12-23-10.25.32 - INFO - 
[[ 16   1   6   0]
 [  0  49  11   0]
 [  6   8 130   6]
 [  0   1  18  14]]
2025-12-23 10:27:46,426 - utils.logger2025-12-23-10.25.32 - INFO - Cur epoch 33 loss TA:0.5194 TV:0.5276 VA:0.9204 CE:0.0125
2025-12-23 10:27:47,004 - utils.logger2025-12-23-10.25.32 - INFO - Cur epoch 33 loss TA:0.5131 TV:0.5152 VA:0.9353 CE:0.0434
2025-12-23 10:27:47,393 - utils.logger2025-12-23-10.25.32 - INFO - Cur epoch 33 loss TA:0.5484 TV:0.5762 VA:0.9472 CE:0.0508
2025-12-23 10:27:47,856 - utils.logger2025-12-23-10.25.32 - INFO - Cur epoch 33 loss TA:0.5479 TV:0.5591 VA:0.9534 CE:0.0597
2025-12-23 10:27:48,328 - utils.logger2025-12-23-10.25.32 - INFO - Cur epoch 33 loss TA:0.5157 TV:0.5253 VA:0.9364 CE:0.0633
2025-12-23 10:27:48,545 - utils.logger2025-12-23-10.25.32 - INFO - saving the model at the end of epoch 33, iters 1683
2025-12-23 10:27:48,670 - utils.logger2025-12-23-10.25.32 - INFO - End of training epoch 33 / 40 	 Time Taken: 3 sec
2025-12-23 10:27:48,671 - utils.logger2025-12-23-10.25.32 - INFO - learning rate = 0.0003182
2025-12-23 10:27:49,010 - utils.logger2025-12-23-10.25.32 - INFO - Val result of epoch 33 / 40 acc 0.5737 uar 0.5563 f1 0.5410
2025-12-23 10:27:49,011 - utils.logger2025-12-23-10.25.32 - INFO - 
[[ 8  0 19  4]
 [ 0 43 55  4]
 [ 0  2 88 44]
 [ 0  0  5 40]]
2025-12-23 10:27:49,356 - utils.logger2025-12-23-10.25.32 - INFO - Tst result of epoch 33 / 40 acc 0.7970 uar 0.8033 f1 0.7725
2025-12-23 10:27:49,357 - utils.logger2025-12-23-10.25.32 - INFO - 
[[ 22   0   1   0]
 [  1  47  12   0]
 [  8   9 121  12]
 [  1   0  10  22]]
2025-12-23 10:27:49,890 - utils.logger2025-12-23-10.25.32 - INFO - Cur epoch 34 loss TA:0.4797 TV:0.5042 VA:0.9666 CE:0.0182
2025-12-23 10:27:50,360 - utils.logger2025-12-23-10.25.32 - INFO - Cur epoch 34 loss TA:0.5132 TV:0.5296 VA:0.9535 CE:0.0183
2025-12-23 10:27:51,256 - utils.logger2025-12-23-10.25.32 - INFO - Cur epoch 34 loss TA:0.5287 TV:0.5400 VA:0.9638 CE:0.0081
2025-12-23 10:27:51,807 - utils.logger2025-12-23-10.25.32 - INFO - Cur epoch 34 loss TA:0.5043 TV:0.5238 VA:0.9691 CE:0.0047
2025-12-23 10:27:52,209 - utils.logger2025-12-23-10.25.32 - INFO - Cur epoch 34 loss TA:0.5267 TV:0.5296 VA:0.9419 CE:0.0604
2025-12-23 10:27:52,437 - utils.logger2025-12-23-10.25.32 - INFO - saving the model at the end of epoch 34, iters 1734
2025-12-23 10:27:52,552 - utils.logger2025-12-23-10.25.32 - INFO - End of training epoch 34 / 40 	 Time Taken: 3 sec
2025-12-23 10:27:52,552 - utils.logger2025-12-23-10.25.32 - INFO - learning rate = 0.0002727
2025-12-23 10:27:53,169 - utils.logger2025-12-23-10.25.32 - INFO - Val result of epoch 34 / 40 acc 0.5641 uar 0.5428 f1 0.5240
2025-12-23 10:27:53,170 - utils.logger2025-12-23-10.25.32 - INFO - 
[[ 7  0 19  5]
 [ 0 40 60  2]
 [ 0  1 89 44]
 [ 0  0  5 40]]
2025-12-23 10:27:53,500 - utils.logger2025-12-23-10.25.32 - INFO - Tst result of epoch 34 / 40 acc 0.7669 uar 0.6678 f1 0.7071
2025-12-23 10:27:53,501 - utils.logger2025-12-23-10.25.32 - INFO - 
[[ 11   1  10   1]
 [  0  41  19   0]
 [  1   6 131  12]
 [  0   0  12  21]]
2025-12-23 10:27:54,168 - utils.logger2025-12-23-10.25.32 - INFO - Cur epoch 35 loss TA:0.4799 TV:0.4910 VA:0.9203 CE:0.0457
2025-12-23 10:27:54,580 - utils.logger2025-12-23-10.25.32 - INFO - Cur epoch 35 loss TA:0.4780 TV:0.4928 VA:0.9245 CE:0.0140
2025-12-23 10:27:55,058 - utils.logger2025-12-23-10.25.32 - INFO - Cur epoch 35 loss TA:0.5052 TV:0.5187 VA:0.9331 CE:0.0187
2025-12-23 10:27:55,569 - utils.logger2025-12-23-10.25.32 - INFO - Cur epoch 35 loss TA:0.5138 TV:0.5138 VA:0.9219 CE:0.0112
2025-12-23 10:27:56,285 - utils.logger2025-12-23-10.25.32 - INFO - Cur epoch 35 loss TA:0.4719 TV:0.4902 VA:0.9487 CE:0.0429
2025-12-23 10:27:56,717 - utils.logger2025-12-23-10.25.32 - INFO - saving the model at the end of epoch 35, iters 1785
2025-12-23 10:27:56,939 - utils.logger2025-12-23-10.25.32 - INFO - End of training epoch 35 / 40 	 Time Taken: 3 sec
2025-12-23 10:27:56,939 - utils.logger2025-12-23-10.25.32 - INFO - learning rate = 0.0002273
2025-12-23 10:27:57,679 - utils.logger2025-12-23-10.25.32 - INFO - Val result of epoch 35 / 40 acc 0.6250 uar 0.6000 f1 0.5903
2025-12-23 10:27:57,679 - utils.logger2025-12-23-10.25.32 - INFO - 
[[ 9  0 15  7]
 [ 0 56 43  3]
 [ 0  1 90 43]
 [ 0  0  5 40]]
2025-12-23 10:27:58,064 - utils.logger2025-12-23-10.25.32 - INFO - Tst result of epoch 35 / 40 acc 0.7895 uar 0.7672 f1 0.7571
2025-12-23 10:27:58,064 - utils.logger2025-12-23-10.25.32 - INFO - 
[[ 18   1   4   0]
 [  1  51   8   0]
 [  6  14 120  10]
 [  0   1  11  21]]
2025-12-23 10:27:58,562 - utils.logger2025-12-23-10.25.32 - INFO - Cur epoch 36 loss TA:0.5163 TV:0.5298 VA:0.9137 CE:0.0037
2025-12-23 10:27:59,088 - utils.logger2025-12-23-10.25.32 - INFO - Cur epoch 36 loss TA:0.5170 TV:0.5385 VA:0.9548 CE:0.0029
2025-12-23 10:27:59,628 - utils.logger2025-12-23-10.25.32 - INFO - Cur epoch 36 loss TA:0.4999 TV:0.5073 VA:0.9394 CE:0.0031
2025-12-23 10:28:00,094 - utils.logger2025-12-23-10.25.32 - INFO - Cur epoch 36 loss TA:0.5018 TV:0.5190 VA:0.9565 CE:0.0329
2025-12-23 10:28:00,489 - utils.logger2025-12-23-10.25.32 - INFO - Cur epoch 36 loss TA:0.4842 TV:0.4904 VA:0.9033 CE:0.0192
2025-12-23 10:28:00,797 - utils.logger2025-12-23-10.25.32 - INFO - saving the model at the end of epoch 36, iters 1836
2025-12-23 10:28:00,883 - utils.logger2025-12-23-10.25.32 - INFO - End of training epoch 36 / 40 	 Time Taken: 2 sec
2025-12-23 10:28:00,883 - utils.logger2025-12-23-10.25.32 - INFO - learning rate = 0.0001818
2025-12-23 10:28:01,952 - utils.logger2025-12-23-10.25.32 - INFO - Val result of epoch 36 / 40 acc 0.5994 uar 0.5619 f1 0.5630
2025-12-23 10:28:01,952 - utils.logger2025-12-23-10.25.32 - INFO - 
[[ 8  0 22  1]
 [ 0 46 56  0]
 [ 0  1 96 37]
 [ 0  0  8 37]]
2025-12-23 10:28:02,505 - utils.logger2025-12-23-10.25.32 - INFO - Tst result of epoch 36 / 40 acc 0.8045 uar 0.7479 f1 0.7651
2025-12-23 10:28:02,505 - utils.logger2025-12-23-10.25.32 - INFO - 
[[ 17   1   5   0]
 [  1  49  10   0]
 [  3  10 129   8]
 [  0   0  14  19]]
2025-12-23 10:28:03,232 - utils.logger2025-12-23-10.25.32 - INFO - Cur epoch 37 loss TA:0.4996 TV:0.5233 VA:0.9291 CE:0.0035
2025-12-23 10:28:03,708 - utils.logger2025-12-23-10.25.32 - INFO - Cur epoch 37 loss TA:0.5098 TV:0.5372 VA:0.9694 CE:0.0184
2025-12-23 10:28:04,184 - utils.logger2025-12-23-10.25.32 - INFO - Cur epoch 37 loss TA:0.4924 TV:0.5029 VA:0.8961 CE:0.0055
2025-12-23 10:28:04,663 - utils.logger2025-12-23-10.25.32 - INFO - Cur epoch 37 loss TA:0.5215 TV:0.5339 VA:0.9317 CE:0.0102
2025-12-23 10:28:05,139 - utils.logger2025-12-23-10.25.32 - INFO - Cur epoch 37 loss TA:0.5438 TV:0.5778 VA:0.9334 CE:0.0114
2025-12-23 10:28:05,516 - utils.logger2025-12-23-10.25.32 - INFO - saving the model at the end of epoch 37, iters 1887
2025-12-23 10:28:05,644 - utils.logger2025-12-23-10.25.32 - INFO - End of training epoch 37 / 40 	 Time Taken: 3 sec
2025-12-23 10:28:05,644 - utils.logger2025-12-23-10.25.32 - INFO - learning rate = 0.0001364
2025-12-23 10:28:06,480 - utils.logger2025-12-23-10.25.32 - INFO - Val result of epoch 37 / 40 acc 0.5962 uar 0.5587 f1 0.5586
2025-12-23 10:28:06,480 - utils.logger2025-12-23-10.25.32 - INFO - 
[[ 8  0 21  2]
 [ 0 50 49  3]
 [ 0  2 92 40]
 [ 0  0  9 36]]
2025-12-23 10:28:07,060 - utils.logger2025-12-23-10.25.32 - INFO - Tst result of epoch 37 / 40 acc 0.7857 uar 0.7335 f1 0.7425
2025-12-23 10:28:07,060 - utils.logger2025-12-23-10.25.32 - INFO - 
[[ 18   1   4   0]
 [  1  50   9   0]
 [  4  13 125   8]
 [  0   0  17  16]]
2025-12-23 10:28:07,674 - utils.logger2025-12-23-10.25.32 - INFO - Cur epoch 38 loss TA:0.4875 TV:0.5013 VA:0.9288 CE:0.0200
2025-12-23 10:28:08,329 - utils.logger2025-12-23-10.25.32 - INFO - Cur epoch 38 loss TA:0.5173 TV:0.5296 VA:0.9110 CE:0.0763
2025-12-23 10:28:08,750 - utils.logger2025-12-23-10.25.32 - INFO - Cur epoch 38 loss TA:0.5358 TV:0.5426 VA:0.9334 CE:0.0007
2025-12-23 10:28:09,195 - utils.logger2025-12-23-10.25.32 - INFO - Cur epoch 38 loss TA:0.4739 TV:0.4859 VA:0.9351 CE:0.0035
2025-12-23 10:28:09,697 - utils.logger2025-12-23-10.25.32 - INFO - Cur epoch 38 loss TA:0.4792 TV:0.4770 VA:0.9014 CE:0.0026
2025-12-23 10:28:10,150 - utils.logger2025-12-23-10.25.32 - INFO - saving the model at the end of epoch 38, iters 1938
2025-12-23 10:28:10,239 - utils.logger2025-12-23-10.25.32 - INFO - End of training epoch 38 / 40 	 Time Taken: 3 sec
2025-12-23 10:28:10,239 - utils.logger2025-12-23-10.25.32 - INFO - learning rate = 0.0000909
2025-12-23 10:28:10,732 - utils.logger2025-12-23-10.25.32 - INFO - Val result of epoch 38 / 40 acc 0.6154 uar 0.5796 f1 0.5757
2025-12-23 10:28:10,732 - utils.logger2025-12-23-10.25.32 - INFO - 
[[ 8  0 21  2]
 [ 0 54 45  3]
 [ 0  2 92 40]
 [ 0  0  7 38]]
2025-12-23 10:28:11,046 - utils.logger2025-12-23-10.25.32 - INFO - Tst result of epoch 38 / 40 acc 0.7857 uar 0.7354 f1 0.7469
2025-12-23 10:28:11,047 - utils.logger2025-12-23-10.25.32 - INFO - 
[[ 16   1   6   0]
 [  1  51   8   0]
 [  3  15 123   9]
 [  0   0  14  19]]
2025-12-23 10:28:11,408 - utils.logger2025-12-23-10.25.32 - INFO - Cur epoch 39 loss TA:0.5002 TV:0.5133 VA:0.9192 CE:0.0005
2025-12-23 10:28:11,933 - utils.logger2025-12-23-10.25.32 - INFO - Cur epoch 39 loss TA:0.4699 TV:0.4755 VA:0.8969 CE:0.0822
2025-12-23 10:28:12,393 - utils.logger2025-12-23-10.25.32 - INFO - Cur epoch 39 loss TA:0.5072 TV:0.5279 VA:0.9364 CE:0.0234
2025-12-23 10:28:12,849 - utils.logger2025-12-23-10.25.32 - INFO - Cur epoch 39 loss TA:0.4778 TV:0.4959 VA:0.9397 CE:0.0027
2025-12-23 10:28:13,302 - utils.logger2025-12-23-10.25.32 - INFO - Cur epoch 39 loss TA:0.4586 TV:0.4716 VA:0.8873 CE:0.0525
2025-12-23 10:28:13,735 - utils.logger2025-12-23-10.25.32 - INFO - saving the model at the end of epoch 39, iters 1989
2025-12-23 10:28:13,841 - utils.logger2025-12-23-10.25.32 - INFO - End of training epoch 39 / 40 	 Time Taken: 2 sec
2025-12-23 10:28:13,841 - utils.logger2025-12-23-10.25.32 - INFO - learning rate = 0.0000455
2025-12-23 10:28:14,431 - utils.logger2025-12-23-10.25.32 - INFO - Val result of epoch 39 / 40 acc 0.6122 uar 0.5717 f1 0.5724
2025-12-23 10:28:14,431 - utils.logger2025-12-23-10.25.32 - INFO - 
[[ 8  0 22  1]
 [ 0 50 50  2]
 [ 0  1 96 37]
 [ 0  0  8 37]]
2025-12-23 10:28:14,782 - utils.logger2025-12-23-10.25.32 - INFO - Tst result of epoch 39 / 40 acc 0.7970 uar 0.7109 f1 0.7402
2025-12-23 10:28:14,783 - utils.logger2025-12-23-10.25.32 - INFO - 
[[ 15   1   7   0]
 [  1  50   9   0]
 [  3  11 131   5]
 [  0   0  17  16]]
2025-12-23 10:28:15,070 - utils.logger2025-12-23-10.25.32 - INFO - Cur epoch 40 loss TA:0.4859 TV:0.5025 VA:0.9120 CE:0.0008
2025-12-23 10:28:15,495 - utils.logger2025-12-23-10.25.32 - INFO - Cur epoch 40 loss TA:0.5131 TV:0.5222 VA:0.9191 CE:0.0013
2025-12-23 10:28:15,959 - utils.logger2025-12-23-10.25.32 - INFO - Cur epoch 40 loss TA:0.4883 TV:0.4999 VA:0.9089 CE:0.0014
2025-12-23 10:28:16,440 - utils.logger2025-12-23-10.25.32 - INFO - Cur epoch 40 loss TA:0.4791 TV:0.4873 VA:0.8817 CE:0.0235
2025-12-23 10:28:16,878 - utils.logger2025-12-23-10.25.32 - INFO - Cur epoch 40 loss TA:0.5001 TV:0.5031 VA:0.9102 CE:0.0043
2025-12-23 10:28:17,381 - utils.logger2025-12-23-10.25.32 - INFO - Cur epoch 40 loss TA:0.3569 TV:0.3726 VA:0.6811 CE:0.0022
2025-12-23 10:28:17,435 - utils.logger2025-12-23-10.25.32 - INFO - saving the model at the end of epoch 40, iters 2040
2025-12-23 10:28:17,535 - utils.logger2025-12-23-10.25.32 - INFO - End of training epoch 40 / 40 	 Time Taken: 2 sec
2025-12-23 10:28:17,535 - utils.logger2025-12-23-10.25.32 - INFO - learning rate = 0.0000000
2025-12-23 10:28:18,180 - utils.logger2025-12-23-10.25.32 - INFO - Val result of epoch 40 / 40 acc 0.6026 uar 0.5624 f1 0.5556
2025-12-23 10:28:18,181 - utils.logger2025-12-23-10.25.32 - INFO - 
[[ 7  0 21  3]
 [ 0 48 52  2]
 [ 0  1 95 38]
 [ 0  0  7 38]]
2025-12-23 10:28:18,688 - utils.logger2025-12-23-10.25.32 - INFO - Tst result of epoch 40 / 40 acc 0.7970 uar 0.7143 f1 0.7459
2025-12-23 10:28:18,689 - utils.logger2025-12-23-10.25.32 - INFO - 
[[ 15   1   7   0]
 [  0  49  11   0]
 [  3   9 131   7]
 [  0   0  16  17]]
2025-12-23 10:28:18,689 - utils.logger2025-12-23-10.25.32 - INFO - Best eval epoch 33 found with f1 0.772548
