2025-11-30 10:24:39,532 - utils.logger2025-11-30-10.24.39 - INFO - The number of training samples = 1750
2025-11-30 10:24:41,106 - utils.logger2025-11-30-10.24.39 - INFO - Cur epoch 1 loss TA:1.0342 TV:1.0351 VA:2.0725 CE:3.6762
2025-11-30 10:24:41,537 - utils.logger2025-11-30-10.24.39 - INFO - Cur epoch 1 loss TA:1.0344 TV:1.0352 VA:2.0683 CE:3.5210
2025-11-30 10:24:41,908 - utils.logger2025-11-30-10.24.39 - INFO - saving the model at the end of epoch 1, iters 28
2025-11-30 10:24:41,977 - utils.logger2025-11-30-10.24.39 - INFO - End of training epoch 1 / 40 	 Time Taken: 2 sec
2025-11-30 10:24:41,977 - utils.logger2025-11-30-10.24.39 - INFO - learning rate = 0.0002000
2025-11-30 10:24:42,297 - utils.logger2025-11-30-10.24.39 - INFO - Val result of epoch 1 / 40 acc 0.6562 MAE 0.4153 f1 0.6660
2025-11-30 10:24:42,571 - utils.logger2025-11-30-10.24.39 - INFO - Tst result of epoch 1 / 40 acc 0.6562 MAE 0.4152 f1 0.6660
2025-11-30 10:24:42,808 - utils.logger2025-11-30-10.24.39 - INFO - Cur epoch 2 loss TA:1.0284 TV:1.0236 VA:2.0616 CE:3.0060
2025-11-30 10:24:43,236 - utils.logger2025-11-30-10.24.39 - INFO - Cur epoch 2 loss TA:1.0258 TV:1.0161 VA:2.0603 CE:2.8354
2025-11-30 10:24:43,668 - utils.logger2025-11-30-10.24.39 - INFO - Cur epoch 2 loss TA:1.0182 TV:1.0076 VA:2.0426 CE:2.2230
2025-11-30 10:24:43,965 - utils.logger2025-11-30-10.24.39 - INFO - saving the model at the end of epoch 2, iters 56
2025-11-30 10:24:44,038 - utils.logger2025-11-30-10.24.39 - INFO - End of training epoch 2 / 40 	 Time Taken: 1 sec
2025-11-30 10:24:44,038 - utils.logger2025-11-30-10.24.39 - INFO - learning rate = 0.0002000
2025-11-30 10:24:44,313 - utils.logger2025-11-30-10.24.39 - INFO - Val result of epoch 2 / 40 acc 0.6830 MAE 0.4986 f1 0.6858
2025-11-30 10:24:44,578 - utils.logger2025-11-30-10.24.39 - INFO - Tst result of epoch 2 / 40 acc 0.6830 MAE 0.4986 f1 0.6858
2025-11-30 10:24:44,926 - utils.logger2025-11-30-10.24.39 - INFO - Cur epoch 3 loss TA:0.9949 TV:0.9706 VA:2.0032 CE:2.4268
2025-11-30 10:24:45,370 - utils.logger2025-11-30-10.24.39 - INFO - Cur epoch 3 loss TA:0.9728 TV:0.9772 VA:1.9831 CE:3.1580
2025-11-30 10:24:45,797 - utils.logger2025-11-30-10.24.39 - INFO - Cur epoch 3 loss TA:0.9714 TV:0.9508 VA:1.9557 CE:2.1081
2025-11-30 10:24:46,002 - utils.logger2025-11-30-10.24.39 - INFO - saving the model at the end of epoch 3, iters 84
2025-11-30 10:24:46,075 - utils.logger2025-11-30-10.24.39 - INFO - End of training epoch 3 / 40 	 Time Taken: 1 sec
2025-11-30 10:24:46,076 - utils.logger2025-11-30-10.24.39 - INFO - learning rate = 0.0002000
2025-11-30 10:24:46,347 - utils.logger2025-11-30-10.24.39 - INFO - Val result of epoch 3 / 40 acc 0.6875 MAE 0.5850 f1 0.6952
2025-11-30 10:24:46,628 - utils.logger2025-11-30-10.24.39 - INFO - Tst result of epoch 3 / 40 acc 0.6875 MAE 0.5850 f1 0.6952
2025-11-30 10:24:47,072 - utils.logger2025-11-30-10.24.39 - INFO - Cur epoch 4 loss TA:0.9446 TV:0.9362 VA:1.9040 CE:2.7413
2025-11-30 10:24:47,505 - utils.logger2025-11-30-10.24.39 - INFO - Cur epoch 4 loss TA:0.9425 TV:0.9298 VA:1.8982 CE:2.3310
2025-11-30 10:24:47,950 - utils.logger2025-11-30-10.24.39 - INFO - Cur epoch 4 loss TA:0.9353 TV:0.9359 VA:1.8667 CE:1.3955
2025-11-30 10:24:48,072 - utils.logger2025-11-30-10.24.39 - INFO - saving the model at the end of epoch 4, iters 112
2025-11-30 10:24:48,141 - utils.logger2025-11-30-10.24.39 - INFO - End of training epoch 4 / 40 	 Time Taken: 1 sec
2025-11-30 10:24:48,141 - utils.logger2025-11-30-10.24.39 - INFO - learning rate = 0.0002000
2025-11-30 10:24:48,420 - utils.logger2025-11-30-10.24.39 - INFO - Val result of epoch 4 / 40 acc 0.7411 MAE 0.6281 f1 0.7608
2025-11-30 10:24:48,690 - utils.logger2025-11-30-10.24.39 - INFO - Tst result of epoch 4 / 40 acc 0.7411 MAE 0.6281 f1 0.7608
2025-11-30 10:24:49,176 - utils.logger2025-11-30-10.24.39 - INFO - Cur epoch 5 loss TA:0.8968 TV:0.9123 VA:1.8079 CE:1.9356
2025-11-30 10:24:49,593 - utils.logger2025-11-30-10.24.39 - INFO - Cur epoch 5 loss TA:0.8922 TV:0.8975 VA:1.8063 CE:2.4598
2025-11-30 10:24:50,023 - utils.logger2025-11-30-10.24.39 - INFO - Cur epoch 5 loss TA:0.6530 TV:0.6465 VA:1.3086 CE:1.0580
2025-11-30 10:24:50,058 - utils.logger2025-11-30-10.24.39 - INFO - saving the model at the end of epoch 5, iters 140
2025-11-30 10:24:50,124 - utils.logger2025-11-30-10.24.39 - INFO - End of training epoch 5 / 40 	 Time Taken: 1 sec
2025-11-30 10:24:50,124 - utils.logger2025-11-30-10.24.39 - INFO - learning rate = 0.0002000
2025-11-30 10:24:50,407 - utils.logger2025-11-30-10.24.39 - INFO - Val result of epoch 5 / 40 acc 0.7500 MAE 0.6526 f1 0.7711
2025-11-30 10:24:50,708 - utils.logger2025-11-30-10.24.39 - INFO - Tst result of epoch 5 / 40 acc 0.7500 MAE 0.6526 f1 0.7711
2025-11-30 10:24:51,316 - utils.logger2025-11-30-10.24.39 - INFO - Cur epoch 6 loss TA:0.8739 TV:0.8639 VA:1.7479 CE:1.6846
2025-11-30 10:24:51,732 - utils.logger2025-11-30-10.24.39 - INFO - Cur epoch 6 loss TA:0.8566 TV:0.8630 VA:1.7338 CE:2.0632
2025-11-30 10:24:52,098 - utils.logger2025-11-30-10.24.39 - INFO - saving the model at the end of epoch 6, iters 168
2025-11-30 10:24:52,162 - utils.logger2025-11-30-10.24.39 - INFO - End of training epoch 6 / 40 	 Time Taken: 1 sec
2025-11-30 10:24:52,162 - utils.logger2025-11-30-10.24.39 - INFO - learning rate = 0.0002000
2025-11-30 10:24:52,464 - utils.logger2025-11-30-10.24.39 - INFO - Val result of epoch 6 / 40 acc 0.7723 MAE 0.6800 f1 0.7991
2025-11-30 10:24:52,727 - utils.logger2025-11-30-10.24.39 - INFO - Tst result of epoch 6 / 40 acc 0.7723 MAE 0.6800 f1 0.7991
2025-11-30 10:24:52,960 - utils.logger2025-11-30-10.24.39 - INFO - Cur epoch 7 loss TA:0.8603 TV:0.8525 VA:1.6982 CE:1.0559
2025-11-30 10:24:53,377 - utils.logger2025-11-30-10.24.39 - INFO - Cur epoch 7 loss TA:0.8466 TV:0.8448 VA:1.7170 CE:1.5530
2025-11-30 10:24:53,793 - utils.logger2025-11-30-10.24.39 - INFO - Cur epoch 7 loss TA:0.8487 TV:0.8373 VA:1.6919 CE:1.3342
2025-11-30 10:24:54,072 - utils.logger2025-11-30-10.24.39 - INFO - saving the model at the end of epoch 7, iters 196
2025-11-30 10:24:54,140 - utils.logger2025-11-30-10.24.39 - INFO - End of training epoch 7 / 40 	 Time Taken: 1 sec
2025-11-30 10:24:54,140 - utils.logger2025-11-30-10.24.39 - INFO - learning rate = 0.0002000
2025-11-30 10:24:54,395 - utils.logger2025-11-30-10.24.39 - INFO - Val result of epoch 7 / 40 acc 0.7679 MAE 0.7061 f1 0.7891
2025-11-30 10:24:54,652 - utils.logger2025-11-30-10.24.39 - INFO - Tst result of epoch 7 / 40 acc 0.7679 MAE 0.7061 f1 0.7891
2025-11-30 10:24:54,967 - utils.logger2025-11-30-10.24.39 - INFO - Cur epoch 8 loss TA:0.8225 TV:0.8114 VA:1.6709 CE:1.4310
2025-11-30 10:24:55,382 - utils.logger2025-11-30-10.24.39 - INFO - Cur epoch 8 loss TA:0.8364 TV:0.8121 VA:1.6331 CE:1.2472
2025-11-30 10:24:55,793 - utils.logger2025-11-30-10.24.39 - INFO - Cur epoch 8 loss TA:0.8220 TV:0.8160 VA:1.6544 CE:1.3587
2025-11-30 10:24:55,992 - utils.logger2025-11-30-10.24.39 - INFO - saving the model at the end of epoch 8, iters 224
2025-11-30 10:24:56,054 - utils.logger2025-11-30-10.24.39 - INFO - End of training epoch 8 / 40 	 Time Taken: 1 sec
2025-11-30 10:24:56,054 - utils.logger2025-11-30-10.24.39 - INFO - learning rate = 0.0002000
2025-11-30 10:24:56,324 - utils.logger2025-11-30-10.24.39 - INFO - Val result of epoch 8 / 40 acc 0.7857 MAE 0.7150 f1 0.8085
2025-11-30 10:24:56,615 - utils.logger2025-11-30-10.24.39 - INFO - Tst result of epoch 8 / 40 acc 0.7857 MAE 0.7150 f1 0.8085
2025-11-30 10:24:57,067 - utils.logger2025-11-30-10.24.39 - INFO - Cur epoch 9 loss TA:0.7541 TV:0.7752 VA:1.5947 CE:1.3909
2025-11-30 10:24:57,484 - utils.logger2025-11-30-10.24.39 - INFO - Cur epoch 9 loss TA:0.8063 TV:0.8143 VA:1.6099 CE:1.0760
2025-11-30 10:24:57,898 - utils.logger2025-11-30-10.24.39 - INFO - Cur epoch 9 loss TA:0.7902 TV:0.7743 VA:1.5467 CE:1.4277
2025-11-30 10:24:58,015 - utils.logger2025-11-30-10.24.39 - INFO - saving the model at the end of epoch 9, iters 252
2025-11-30 10:24:58,085 - utils.logger2025-11-30-10.24.39 - INFO - End of training epoch 9 / 40 	 Time Taken: 1 sec
2025-11-30 10:24:58,085 - utils.logger2025-11-30-10.24.39 - INFO - learning rate = 0.0002000
2025-11-30 10:24:58,409 - utils.logger2025-11-30-10.24.39 - INFO - Val result of epoch 9 / 40 acc 0.7768 MAE 0.7244 f1 0.7983
2025-11-30 10:24:58,667 - utils.logger2025-11-30-10.24.39 - INFO - Tst result of epoch 9 / 40 acc 0.7768 MAE 0.7244 f1 0.7983
2025-11-30 10:24:59,161 - utils.logger2025-11-30-10.24.39 - INFO - Cur epoch 10 loss TA:0.6994 TV:0.7063 VA:1.4802 CE:0.8269
2025-11-30 10:24:59,580 - utils.logger2025-11-30-10.24.39 - INFO - Cur epoch 10 loss TA:0.6943 TV:0.7382 VA:1.4533 CE:1.1020
2025-11-30 10:25:00,009 - utils.logger2025-11-30-10.24.39 - INFO - Cur epoch 10 loss TA:0.4616 TV:0.4524 VA:0.9024 CE:1.3355
2025-11-30 10:25:00,048 - utils.logger2025-11-30-10.24.39 - INFO - saving the model at the end of epoch 10, iters 280
2025-11-30 10:25:00,110 - utils.logger2025-11-30-10.24.39 - INFO - End of training epoch 10 / 40 	 Time Taken: 1 sec
2025-11-30 10:25:00,110 - utils.logger2025-11-30-10.24.39 - INFO - learning rate = 0.0002000
2025-11-30 10:25:00,383 - utils.logger2025-11-30-10.24.39 - INFO - Val result of epoch 10 / 40 acc 0.7812 MAE 0.7264 f1 0.8027
2025-11-30 10:25:00,648 - utils.logger2025-11-30-10.24.39 - INFO - Tst result of epoch 10 / 40 acc 0.7812 MAE 0.7264 f1 0.8027
2025-11-30 10:25:01,222 - utils.logger2025-11-30-10.24.39 - INFO - Cur epoch 11 loss TA:0.7011 TV:0.6935 VA:1.3979 CE:1.2589
2025-11-30 10:25:01,656 - utils.logger2025-11-30-10.24.39 - INFO - Cur epoch 11 loss TA:0.7034 TV:0.6972 VA:1.4559 CE:0.9233
2025-11-30 10:25:02,029 - utils.logger2025-11-30-10.24.39 - INFO - saving the model at the end of epoch 11, iters 308
2025-11-30 10:25:02,096 - utils.logger2025-11-30-10.24.39 - INFO - End of training epoch 11 / 40 	 Time Taken: 1 sec
2025-11-30 10:25:02,096 - utils.logger2025-11-30-10.24.39 - INFO - learning rate = 0.0002000
2025-11-30 10:25:02,355 - utils.logger2025-11-30-10.24.39 - INFO - Val result of epoch 11 / 40 acc 0.7723 MAE 0.7189 f1 0.7953
2025-11-30 10:25:02,630 - utils.logger2025-11-30-10.24.39 - INFO - Tst result of epoch 11 / 40 acc 0.7723 MAE 0.7189 f1 0.7953
2025-11-30 10:25:02,879 - utils.logger2025-11-30-10.24.39 - INFO - Cur epoch 12 loss TA:0.7031 TV:0.7097 VA:1.4398 CE:0.9081
2025-11-30 10:25:03,330 - utils.logger2025-11-30-10.24.39 - INFO - Cur epoch 12 loss TA:0.6946 TV:0.7053 VA:1.4186 CE:0.6594
2025-11-30 10:25:03,771 - utils.logger2025-11-30-10.24.39 - INFO - Cur epoch 12 loss TA:0.7002 TV:0.6887 VA:1.3800 CE:0.7172
2025-11-30 10:25:04,066 - utils.logger2025-11-30-10.24.39 - INFO - saving the model at the end of epoch 12, iters 336
2025-11-30 10:25:04,134 - utils.logger2025-11-30-10.24.39 - INFO - End of training epoch 12 / 40 	 Time Taken: 1 sec
2025-11-30 10:25:04,134 - utils.logger2025-11-30-10.24.39 - INFO - learning rate = 0.0002000
2025-11-30 10:25:04,444 - utils.logger2025-11-30-10.24.39 - INFO - Val result of epoch 12 / 40 acc 0.7812 MAE 0.7205 f1 0.7981
2025-11-30 10:25:04,706 - utils.logger2025-11-30-10.24.39 - INFO - Tst result of epoch 12 / 40 acc 0.7812 MAE 0.7205 f1 0.7981
2025-11-30 10:25:05,026 - utils.logger2025-11-30-10.24.39 - INFO - Cur epoch 13 loss TA:0.6729 TV:0.6755 VA:1.3054 CE:0.7666
2025-11-30 10:25:05,447 - utils.logger2025-11-30-10.24.39 - INFO - Cur epoch 13 loss TA:0.6528 TV:0.6729 VA:1.3617 CE:0.7423
2025-11-30 10:25:05,869 - utils.logger2025-11-30-10.24.39 - INFO - Cur epoch 13 loss TA:0.6870 TV:0.6793 VA:1.3576 CE:0.9258
2025-11-30 10:25:06,082 - utils.logger2025-11-30-10.24.39 - INFO - saving the model at the end of epoch 13, iters 364
2025-11-30 10:25:06,145 - utils.logger2025-11-30-10.24.39 - INFO - End of training epoch 13 / 40 	 Time Taken: 1 sec
2025-11-30 10:25:06,145 - utils.logger2025-11-30-10.24.39 - INFO - learning rate = 0.0002000
2025-11-30 10:25:06,419 - utils.logger2025-11-30-10.24.39 - INFO - Val result of epoch 13 / 40 acc 0.7768 MAE 0.7163 f1 0.7890
2025-11-30 10:25:06,705 - utils.logger2025-11-30-10.24.39 - INFO - Tst result of epoch 13 / 40 acc 0.7768 MAE 0.7163 f1 0.7890
2025-11-30 10:25:07,133 - utils.logger2025-11-30-10.24.39 - INFO - Cur epoch 14 loss TA:0.6447 TV:0.6750 VA:1.3039 CE:0.8113
2025-11-30 10:25:07,580 - utils.logger2025-11-30-10.24.39 - INFO - Cur epoch 14 loss TA:0.6147 TV:0.6207 VA:1.2411 CE:0.5311
2025-11-30 10:25:08,007 - utils.logger2025-11-30-10.24.39 - INFO - Cur epoch 14 loss TA:0.6495 TV:0.6770 VA:1.2893 CE:0.5938
2025-11-30 10:25:08,123 - utils.logger2025-11-30-10.24.39 - INFO - saving the model at the end of epoch 14, iters 392
2025-11-30 10:25:08,194 - utils.logger2025-11-30-10.24.39 - INFO - End of training epoch 14 / 40 	 Time Taken: 1 sec
2025-11-30 10:25:08,194 - utils.logger2025-11-30-10.24.39 - INFO - learning rate = 0.0002000
2025-11-30 10:25:08,510 - utils.logger2025-11-30-10.24.39 - INFO - Val result of epoch 14 / 40 acc 0.7634 MAE 0.7203 f1 0.7800
2025-11-30 10:25:08,818 - utils.logger2025-11-30-10.24.39 - INFO - Tst result of epoch 14 / 40 acc 0.7634 MAE 0.7203 f1 0.7800
2025-11-30 10:25:09,344 - utils.logger2025-11-30-10.24.39 - INFO - Cur epoch 15 loss TA:0.6132 TV:0.5979 VA:1.2351 CE:0.6467
2025-11-30 10:25:09,798 - utils.logger2025-11-30-10.24.39 - INFO - Cur epoch 15 loss TA:0.6346 TV:0.6436 VA:1.3024 CE:0.5149
2025-11-30 10:25:10,239 - utils.logger2025-11-30-10.24.39 - INFO - Cur epoch 15 loss TA:0.3617 TV:0.3651 VA:0.7310 CE:0.7332
2025-11-30 10:25:10,281 - utils.logger2025-11-30-10.24.39 - INFO - saving the model at the end of epoch 15, iters 420
2025-11-30 10:25:10,350 - utils.logger2025-11-30-10.24.39 - INFO - End of training epoch 15 / 40 	 Time Taken: 1 sec
2025-11-30 10:25:10,351 - utils.logger2025-11-30-10.24.39 - INFO - learning rate = 0.0002000
2025-11-30 10:25:10,621 - utils.logger2025-11-30-10.24.39 - INFO - Val result of epoch 15 / 40 acc 0.7812 MAE 0.7302 f1 0.7982
2025-11-30 10:25:10,937 - utils.logger2025-11-30-10.24.39 - INFO - Tst result of epoch 15 / 40 acc 0.7812 MAE 0.7302 f1 0.7982
2025-11-30 10:25:11,532 - utils.logger2025-11-30-10.24.39 - INFO - Cur epoch 16 loss TA:0.6181 TV:0.6202 VA:1.1964 CE:0.5582
2025-11-30 10:25:11,978 - utils.logger2025-11-30-10.24.39 - INFO - Cur epoch 16 loss TA:0.6327 TV:0.6339 VA:1.2704 CE:0.6832
2025-11-30 10:25:12,358 - utils.logger2025-11-30-10.24.39 - INFO - saving the model at the end of epoch 16, iters 448
2025-11-30 10:25:12,422 - utils.logger2025-11-30-10.24.39 - INFO - End of training epoch 16 / 40 	 Time Taken: 1 sec
2025-11-30 10:25:12,422 - utils.logger2025-11-30-10.24.39 - INFO - learning rate = 0.0002000
2025-11-30 10:25:12,693 - utils.logger2025-11-30-10.24.39 - INFO - Val result of epoch 16 / 40 acc 0.7679 MAE 0.7256 f1 0.7840
2025-11-30 10:25:12,960 - utils.logger2025-11-30-10.24.39 - INFO - Tst result of epoch 16 / 40 acc 0.7679 MAE 0.7256 f1 0.7840
2025-11-30 10:25:13,205 - utils.logger2025-11-30-10.24.39 - INFO - Cur epoch 17 loss TA:0.5556 TV:0.5775 VA:1.1626 CE:0.4065
2025-11-30 10:25:13,634 - utils.logger2025-11-30-10.24.39 - INFO - Cur epoch 17 loss TA:0.5740 TV:0.5838 VA:1.1777 CE:0.4040
2025-11-30 10:25:14,059 - utils.logger2025-11-30-10.24.39 - INFO - Cur epoch 17 loss TA:0.5893 TV:0.5843 VA:1.2141 CE:0.4032
2025-11-30 10:25:14,348 - utils.logger2025-11-30-10.24.39 - INFO - saving the model at the end of epoch 17, iters 476
2025-11-30 10:25:14,420 - utils.logger2025-11-30-10.24.39 - INFO - End of training epoch 17 / 40 	 Time Taken: 1 sec
2025-11-30 10:25:14,420 - utils.logger2025-11-30-10.24.39 - INFO - learning rate = 0.0002000
2025-11-30 10:25:14,706 - utils.logger2025-11-30-10.24.39 - INFO - Val result of epoch 17 / 40 acc 0.7679 MAE 0.7177 f1 0.7806
2025-11-30 10:25:15,000 - utils.logger2025-11-30-10.24.39 - INFO - Tst result of epoch 17 / 40 acc 0.7679 MAE 0.7177 f1 0.7806
2025-11-30 10:25:15,370 - utils.logger2025-11-30-10.24.39 - INFO - Cur epoch 18 loss TA:0.6027 TV:0.6170 VA:1.2272 CE:0.5818
2025-11-30 10:25:15,775 - utils.logger2025-11-30-10.24.39 - INFO - Cur epoch 18 loss TA:0.5691 TV:0.5716 VA:1.1259 CE:0.3795
2025-11-30 10:25:16,189 - utils.logger2025-11-30-10.24.39 - INFO - Cur epoch 18 loss TA:0.5966 TV:0.6027 VA:1.2461 CE:0.4456
2025-11-30 10:25:16,405 - utils.logger2025-11-30-10.24.39 - INFO - saving the model at the end of epoch 18, iters 504
2025-11-30 10:25:16,470 - utils.logger2025-11-30-10.24.39 - INFO - End of training epoch 18 / 40 	 Time Taken: 1 sec
2025-11-30 10:25:16,470 - utils.logger2025-11-30-10.24.39 - INFO - learning rate = 0.0002000
2025-11-30 10:25:16,796 - utils.logger2025-11-30-10.24.39 - INFO - Val result of epoch 18 / 40 acc 0.7857 MAE 0.7179 f1 0.7982
2025-11-30 10:25:17,121 - utils.logger2025-11-30-10.24.39 - INFO - Tst result of epoch 18 / 40 acc 0.7857 MAE 0.7179 f1 0.7982
2025-11-30 10:25:17,549 - utils.logger2025-11-30-10.24.39 - INFO - Cur epoch 19 loss TA:0.5857 TV:0.5846 VA:1.1864 CE:0.5208
2025-11-30 10:25:17,970 - utils.logger2025-11-30-10.24.39 - INFO - Cur epoch 19 loss TA:0.6166 TV:0.6156 VA:1.2049 CE:0.4085
2025-11-30 10:25:18,397 - utils.logger2025-11-30-10.24.39 - INFO - Cur epoch 19 loss TA:0.5824 TV:0.5943 VA:1.2234 CE:0.4050
2025-11-30 10:25:18,526 - utils.logger2025-11-30-10.24.39 - INFO - saving the model at the end of epoch 19, iters 532
2025-11-30 10:25:18,595 - utils.logger2025-11-30-10.24.39 - INFO - End of training epoch 19 / 40 	 Time Taken: 1 sec
2025-11-30 10:25:18,596 - utils.logger2025-11-30-10.24.39 - INFO - learning rate = 0.0002000
2025-11-30 10:25:18,877 - utils.logger2025-11-30-10.24.39 - INFO - Val result of epoch 19 / 40 acc 0.7723 MAE 0.7158 f1 0.7887
2025-11-30 10:25:19,156 - utils.logger2025-11-30-10.24.39 - INFO - Tst result of epoch 19 / 40 acc 0.7723 MAE 0.7158 f1 0.7887
2025-11-30 10:25:19,667 - utils.logger2025-11-30-10.24.39 - INFO - Cur epoch 20 loss TA:0.5660 TV:0.5964 VA:1.1679 CE:0.3517
2025-11-30 10:25:20,115 - utils.logger2025-11-30-10.24.39 - INFO - Cur epoch 20 loss TA:0.5718 TV:0.5898 VA:1.1677 CE:0.2869
2025-11-30 10:25:20,565 - utils.logger2025-11-30-10.24.39 - INFO - Cur epoch 20 loss TA:0.3239 TV:0.3251 VA:0.6757 CE:0.2821
2025-11-30 10:25:20,603 - utils.logger2025-11-30-10.24.39 - INFO - saving the model at the end of epoch 20, iters 560
2025-11-30 10:25:20,681 - utils.logger2025-11-30-10.24.39 - INFO - End of training epoch 20 / 40 	 Time Taken: 1 sec
2025-11-30 10:25:20,682 - utils.logger2025-11-30-10.24.39 - INFO - learning rate = 0.0002000
2025-11-30 10:25:21,046 - utils.logger2025-11-30-10.24.39 - INFO - Val result of epoch 20 / 40 acc 0.7589 MAE 0.7059 f1 0.7757
2025-11-30 10:25:21,323 - utils.logger2025-11-30-10.24.39 - INFO - Tst result of epoch 20 / 40 acc 0.7589 MAE 0.7059 f1 0.7757
2025-11-30 10:25:21,924 - utils.logger2025-11-30-10.24.39 - INFO - Cur epoch 21 loss TA:0.5852 TV:0.6023 VA:1.2166 CE:0.4350
2025-11-30 10:25:22,351 - utils.logger2025-11-30-10.24.39 - INFO - Cur epoch 21 loss TA:0.5505 TV:0.5563 VA:1.1195 CE:0.3436
2025-11-30 10:25:22,726 - utils.logger2025-11-30-10.24.39 - INFO - saving the model at the end of epoch 21, iters 588
2025-11-30 10:25:22,801 - utils.logger2025-11-30-10.24.39 - INFO - End of training epoch 21 / 40 	 Time Taken: 1 sec
2025-11-30 10:25:22,802 - utils.logger2025-11-30-10.24.39 - INFO - learning rate = 0.0002000
2025-11-30 10:25:23,153 - utils.logger2025-11-30-10.24.39 - INFO - Val result of epoch 21 / 40 acc 0.7723 MAE 0.7149 f1 0.7942
2025-11-30 10:25:23,424 - utils.logger2025-11-30-10.24.39 - INFO - Tst result of epoch 21 / 40 acc 0.7723 MAE 0.7149 f1 0.7942
2025-11-30 10:25:23,693 - utils.logger2025-11-30-10.24.39 - INFO - Cur epoch 22 loss TA:0.5523 TV:0.5591 VA:1.1230 CE:0.3978
2025-11-30 10:25:24,131 - utils.logger2025-11-30-10.24.39 - INFO - Cur epoch 22 loss TA:0.5532 TV:0.5740 VA:1.1453 CE:0.3827
2025-11-30 10:25:24,557 - utils.logger2025-11-30-10.24.39 - INFO - Cur epoch 22 loss TA:0.5547 TV:0.5554 VA:1.1265 CE:0.3585
2025-11-30 10:25:24,841 - utils.logger2025-11-30-10.24.39 - INFO - saving the model at the end of epoch 22, iters 616
2025-11-30 10:25:24,913 - utils.logger2025-11-30-10.24.39 - INFO - End of training epoch 22 / 40 	 Time Taken: 1 sec
2025-11-30 10:25:24,914 - utils.logger2025-11-30-10.24.39 - INFO - learning rate = 0.0002000
2025-11-30 10:25:25,270 - utils.logger2025-11-30-10.24.39 - INFO - Val result of epoch 22 / 40 acc 0.7946 MAE 0.7184 f1 0.8081
2025-11-30 10:25:25,536 - utils.logger2025-11-30-10.24.39 - INFO - Tst result of epoch 22 / 40 acc 0.7946 MAE 0.7184 f1 0.8081
2025-11-30 10:25:25,862 - utils.logger2025-11-30-10.24.39 - INFO - Cur epoch 23 loss TA:0.5203 TV:0.5424 VA:1.1001 CE:0.2951
2025-11-30 10:25:26,292 - utils.logger2025-11-30-10.24.39 - INFO - Cur epoch 23 loss TA:0.5301 TV:0.5395 VA:1.0629 CE:0.3769
2025-11-30 10:25:26,724 - utils.logger2025-11-30-10.24.39 - INFO - Cur epoch 23 loss TA:0.5692 TV:0.5607 VA:1.1487 CE:0.2979
2025-11-30 10:25:26,926 - utils.logger2025-11-30-10.24.39 - INFO - saving the model at the end of epoch 23, iters 644
2025-11-30 10:25:27,001 - utils.logger2025-11-30-10.24.39 - INFO - End of training epoch 23 / 40 	 Time Taken: 1 sec
2025-11-30 10:25:27,001 - utils.logger2025-11-30-10.24.39 - INFO - learning rate = 0.0002000
2025-11-30 10:25:27,270 - utils.logger2025-11-30-10.24.39 - INFO - Val result of epoch 23 / 40 acc 0.7768 MAE 0.7254 f1 0.7985
2025-11-30 10:25:27,532 - utils.logger2025-11-30-10.24.39 - INFO - Tst result of epoch 23 / 40 acc 0.7768 MAE 0.7254 f1 0.7985
2025-11-30 10:25:27,934 - utils.logger2025-11-30-10.24.39 - INFO - Cur epoch 24 loss TA:0.5179 TV:0.5298 VA:1.0578 CE:0.2714
2025-11-30 10:25:28,362 - utils.logger2025-11-30-10.24.39 - INFO - Cur epoch 24 loss TA:0.5381 TV:0.5402 VA:1.0930 CE:0.3179
2025-11-30 10:25:28,780 - utils.logger2025-11-30-10.24.39 - INFO - Cur epoch 24 loss TA:0.5373 TV:0.5507 VA:1.1242 CE:0.2759
2025-11-30 10:25:28,905 - utils.logger2025-11-30-10.24.39 - INFO - saving the model at the end of epoch 24, iters 672
2025-11-30 10:25:28,976 - utils.logger2025-11-30-10.24.39 - INFO - End of training epoch 24 / 40 	 Time Taken: 1 sec
2025-11-30 10:25:28,977 - utils.logger2025-11-30-10.24.39 - INFO - learning rate = 0.0002000
2025-11-30 10:25:29,233 - utils.logger2025-11-30-10.24.39 - INFO - Val result of epoch 24 / 40 acc 0.7634 MAE 0.7241 f1 0.7839
2025-11-30 10:25:29,519 - utils.logger2025-11-30-10.24.39 - INFO - Tst result of epoch 24 / 40 acc 0.7634 MAE 0.7241 f1 0.7839
2025-11-30 10:25:30,038 - utils.logger2025-11-30-10.24.39 - INFO - Cur epoch 25 loss TA:0.5393 TV:0.5433 VA:1.0799 CE:0.2742
2025-11-30 10:25:30,460 - utils.logger2025-11-30-10.24.39 - INFO - Cur epoch 25 loss TA:0.5486 TV:0.5464 VA:1.0839 CE:0.2427
2025-11-30 10:25:30,891 - utils.logger2025-11-30-10.24.39 - INFO - Cur epoch 25 loss TA:0.2918 TV:0.2762 VA:0.5626 CE:0.2515
2025-11-30 10:25:30,934 - utils.logger2025-11-30-10.24.39 - INFO - saving the model at the end of epoch 25, iters 700
2025-11-30 10:25:31,002 - utils.logger2025-11-30-10.24.39 - INFO - End of training epoch 25 / 40 	 Time Taken: 1 sec
2025-11-30 10:25:31,003 - utils.logger2025-11-30-10.24.39 - INFO - learning rate = 0.0002000
2025-11-30 10:25:31,260 - utils.logger2025-11-30-10.24.39 - INFO - Val result of epoch 25 / 40 acc 0.7768 MAE 0.7247 f1 0.7981
2025-11-30 10:25:31,522 - utils.logger2025-11-30-10.24.39 - INFO - Tst result of epoch 25 / 40 acc 0.7768 MAE 0.7247 f1 0.7981
2025-11-30 10:25:32,108 - utils.logger2025-11-30-10.24.39 - INFO - Cur epoch 26 loss TA:0.5105 TV:0.5305 VA:1.0710 CE:0.1702
2025-11-30 10:25:32,531 - utils.logger2025-11-30-10.24.39 - INFO - Cur epoch 26 loss TA:0.5208 TV:0.5318 VA:1.0993 CE:0.3097
2025-11-30 10:25:32,912 - utils.logger2025-11-30-10.24.39 - INFO - saving the model at the end of epoch 26, iters 728
2025-11-30 10:25:32,980 - utils.logger2025-11-30-10.24.39 - INFO - End of training epoch 26 / 40 	 Time Taken: 1 sec
2025-11-30 10:25:32,980 - utils.logger2025-11-30-10.24.39 - INFO - learning rate = 0.0002000
2025-11-30 10:25:33,239 - utils.logger2025-11-30-10.24.39 - INFO - Val result of epoch 26 / 40 acc 0.7857 MAE 0.7161 f1 0.8028
2025-11-30 10:25:33,499 - utils.logger2025-11-30-10.24.39 - INFO - Tst result of epoch 26 / 40 acc 0.7857 MAE 0.7161 f1 0.8028
2025-11-30 10:25:33,736 - utils.logger2025-11-30-10.24.39 - INFO - Cur epoch 27 loss TA:0.5325 TV:0.5364 VA:1.0705 CE:0.3032
2025-11-30 10:25:34,158 - utils.logger2025-11-30-10.24.39 - INFO - Cur epoch 27 loss TA:0.5397 TV:0.5510 VA:1.0985 CE:0.2405
2025-11-30 10:25:34,588 - utils.logger2025-11-30-10.24.39 - INFO - Cur epoch 27 loss TA:0.5175 TV:0.5184 VA:1.0558 CE:0.2698
2025-11-30 10:25:34,873 - utils.logger2025-11-30-10.24.39 - INFO - saving the model at the end of epoch 27, iters 756
2025-11-30 10:25:34,949 - utils.logger2025-11-30-10.24.39 - INFO - End of training epoch 27 / 40 	 Time Taken: 1 sec
2025-11-30 10:25:34,949 - utils.logger2025-11-30-10.24.39 - INFO - learning rate = 0.0002000
2025-11-30 10:25:35,215 - utils.logger2025-11-30-10.24.39 - INFO - Val result of epoch 27 / 40 acc 0.7679 MAE 0.7081 f1 0.7798
2025-11-30 10:25:35,471 - utils.logger2025-11-30-10.24.39 - INFO - Tst result of epoch 27 / 40 acc 0.7679 MAE 0.7081 f1 0.7798
2025-11-30 10:25:35,797 - utils.logger2025-11-30-10.24.39 - INFO - Cur epoch 28 loss TA:0.4938 TV:0.5155 VA:1.0447 CE:0.2490
2025-11-30 10:25:36,257 - utils.logger2025-11-30-10.24.39 - INFO - Cur epoch 28 loss TA:0.5092 TV:0.5037 VA:1.0081 CE:0.2982
2025-11-30 10:25:36,691 - utils.logger2025-11-30-10.24.39 - INFO - Cur epoch 28 loss TA:0.5063 TV:0.5182 VA:1.0310 CE:0.2380
2025-11-30 10:25:36,894 - utils.logger2025-11-30-10.24.39 - INFO - saving the model at the end of epoch 28, iters 784
2025-11-30 10:25:36,963 - utils.logger2025-11-30-10.24.39 - INFO - End of training epoch 28 / 40 	 Time Taken: 1 sec
2025-11-30 10:25:36,963 - utils.logger2025-11-30-10.24.39 - INFO - learning rate = 0.0002000
2025-11-30 10:25:37,228 - utils.logger2025-11-30-10.24.39 - INFO - Val result of epoch 28 / 40 acc 0.7768 MAE 0.7176 f1 0.7888
2025-11-30 10:25:37,490 - utils.logger2025-11-30-10.24.39 - INFO - Tst result of epoch 28 / 40 acc 0.7768 MAE 0.7176 f1 0.7888
2025-11-30 10:25:37,894 - utils.logger2025-11-30-10.24.39 - INFO - Cur epoch 29 loss TA:0.4934 TV:0.5010 VA:0.9996 CE:0.2907
2025-11-30 10:25:38,327 - utils.logger2025-11-30-10.24.39 - INFO - Cur epoch 29 loss TA:0.4846 TV:0.4993 VA:0.9841 CE:0.2591
2025-11-30 10:25:38,765 - utils.logger2025-11-30-10.24.39 - INFO - Cur epoch 29 loss TA:0.5408 TV:0.5530 VA:1.0578 CE:0.4007
2025-11-30 10:25:38,888 - utils.logger2025-11-30-10.24.39 - INFO - saving the model at the end of epoch 29, iters 812
2025-11-30 10:25:38,957 - utils.logger2025-11-30-10.24.39 - INFO - End of training epoch 29 / 40 	 Time Taken: 1 sec
2025-11-30 10:25:38,957 - utils.logger2025-11-30-10.24.39 - INFO - learning rate = 0.0002000
2025-11-30 10:25:39,226 - utils.logger2025-11-30-10.24.39 - INFO - Val result of epoch 29 / 40 acc 0.7679 MAE 0.7171 f1 0.7840
2025-11-30 10:25:39,479 - utils.logger2025-11-30-10.24.39 - INFO - Tst result of epoch 29 / 40 acc 0.7679 MAE 0.7171 f1 0.7840
2025-11-30 10:25:39,964 - utils.logger2025-11-30-10.24.39 - INFO - Cur epoch 30 loss TA:0.5111 TV:0.5192 VA:0.9907 CE:0.3113
2025-11-30 10:25:40,391 - utils.logger2025-11-30-10.24.39 - INFO - Cur epoch 30 loss TA:0.4954 TV:0.5169 VA:1.0117 CE:0.3749
2025-11-30 10:25:40,826 - utils.logger2025-11-30-10.24.39 - INFO - Cur epoch 30 loss TA:0.2323 TV:0.2486 VA:0.5083 CE:0.1539
2025-11-30 10:25:40,865 - utils.logger2025-11-30-10.24.39 - INFO - saving the model at the end of epoch 30, iters 840
2025-11-30 10:25:40,936 - utils.logger2025-11-30-10.24.39 - INFO - End of training epoch 30 / 40 	 Time Taken: 1 sec
2025-11-30 10:25:40,936 - utils.logger2025-11-30-10.24.39 - INFO - learning rate = 0.0001818
2025-11-30 10:25:41,211 - utils.logger2025-11-30-10.24.39 - INFO - Val result of epoch 30 / 40 acc 0.7768 MAE 0.7190 f1 0.7935
2025-11-30 10:25:41,635 - utils.logger2025-11-30-10.24.39 - INFO - Tst result of epoch 30 / 40 acc 0.7768 MAE 0.7190 f1 0.7935
2025-11-30 10:25:42,377 - utils.logger2025-11-30-10.24.39 - INFO - Cur epoch 31 loss TA:0.5197 TV:0.5191 VA:1.0291 CE:0.2753
2025-11-30 10:25:42,928 - utils.logger2025-11-30-10.24.39 - INFO - Cur epoch 31 loss TA:0.4820 TV:0.4925 VA:0.9750 CE:0.2613
2025-11-30 10:25:43,406 - utils.logger2025-11-30-10.24.39 - INFO - saving the model at the end of epoch 31, iters 868
2025-11-30 10:25:43,515 - utils.logger2025-11-30-10.24.39 - INFO - End of training epoch 31 / 40 	 Time Taken: 1 sec
2025-11-30 10:25:43,516 - utils.logger2025-11-30-10.24.39 - INFO - learning rate = 0.0001636
2025-11-30 10:25:43,890 - utils.logger2025-11-30-10.24.39 - INFO - Val result of epoch 31 / 40 acc 0.7723 MAE 0.7199 f1 0.7887
2025-11-30 10:25:44,237 - utils.logger2025-11-30-10.24.39 - INFO - Tst result of epoch 31 / 40 acc 0.7723 MAE 0.7199 f1 0.7887
2025-11-30 10:25:44,566 - utils.logger2025-11-30-10.24.39 - INFO - Cur epoch 32 loss TA:0.5083 TV:0.5122 VA:1.0105 CE:0.2749
2025-11-30 10:25:45,132 - utils.logger2025-11-30-10.24.39 - INFO - Cur epoch 32 loss TA:0.4986 TV:0.5010 VA:1.0115 CE:0.2167
2025-11-30 10:25:45,672 - utils.logger2025-11-30-10.24.39 - INFO - Cur epoch 32 loss TA:0.4974 TV:0.4893 VA:0.9856 CE:0.2605
2025-11-30 10:25:46,036 - utils.logger2025-11-30-10.24.39 - INFO - saving the model at the end of epoch 32, iters 896
2025-11-30 10:25:46,134 - utils.logger2025-11-30-10.24.39 - INFO - End of training epoch 32 / 40 	 Time Taken: 1 sec
2025-11-30 10:25:46,134 - utils.logger2025-11-30-10.24.39 - INFO - learning rate = 0.0001455
2025-11-30 10:25:46,517 - utils.logger2025-11-30-10.24.39 - INFO - Val result of epoch 32 / 40 acc 0.7634 MAE 0.7187 f1 0.7839
2025-11-30 10:25:46,944 - utils.logger2025-11-30-10.24.39 - INFO - Tst result of epoch 32 / 40 acc 0.7634 MAE 0.7187 f1 0.7839
2025-11-30 10:25:47,395 - utils.logger2025-11-30-10.24.39 - INFO - Cur epoch 33 loss TA:0.4964 TV:0.4917 VA:1.0102 CE:0.1470
2025-11-30 10:25:47,924 - utils.logger2025-11-30-10.24.39 - INFO - Cur epoch 33 loss TA:0.5146 TV:0.5131 VA:1.0414 CE:0.1585
2025-11-30 10:25:48,433 - utils.logger2025-11-30-10.24.39 - INFO - Cur epoch 33 loss TA:0.4731 TV:0.4759 VA:0.9677 CE:0.2460
2025-11-30 10:25:48,686 - utils.logger2025-11-30-10.24.39 - INFO - saving the model at the end of epoch 33, iters 924
2025-11-30 10:25:48,785 - utils.logger2025-11-30-10.24.39 - INFO - End of training epoch 33 / 40 	 Time Taken: 1 sec
2025-11-30 10:25:48,785 - utils.logger2025-11-30-10.24.39 - INFO - learning rate = 0.0001273
2025-11-30 10:25:49,185 - utils.logger2025-11-30-10.24.39 - INFO - Val result of epoch 33 / 40 acc 0.7768 MAE 0.7175 f1 0.7935
2025-11-30 10:25:49,582 - utils.logger2025-11-30-10.24.39 - INFO - Tst result of epoch 33 / 40 acc 0.7768 MAE 0.7175 f1 0.7935
2025-11-30 10:25:50,110 - utils.logger2025-11-30-10.24.39 - INFO - Cur epoch 34 loss TA:0.4956 TV:0.4934 VA:0.9784 CE:0.2119
2025-11-30 10:25:50,610 - utils.logger2025-11-30-10.24.39 - INFO - Cur epoch 34 loss TA:0.4639 TV:0.4671 VA:0.9515 CE:0.2653
2025-11-30 10:25:51,113 - utils.logger2025-11-30-10.24.39 - INFO - Cur epoch 34 loss TA:0.4983 TV:0.4995 VA:0.9885 CE:0.2411
2025-11-30 10:25:51,265 - utils.logger2025-11-30-10.24.39 - INFO - saving the model at the end of epoch 34, iters 952
2025-11-30 10:25:51,376 - utils.logger2025-11-30-10.24.39 - INFO - End of training epoch 34 / 40 	 Time Taken: 1 sec
2025-11-30 10:25:51,377 - utils.logger2025-11-30-10.24.39 - INFO - learning rate = 0.0001091
2025-11-30 10:25:51,747 - utils.logger2025-11-30-10.24.39 - INFO - Val result of epoch 34 / 40 acc 0.7857 MAE 0.7266 f1 0.8027
2025-11-30 10:25:52,125 - utils.logger2025-11-30-10.24.39 - INFO - Tst result of epoch 34 / 40 acc 0.7857 MAE 0.7266 f1 0.8027
2025-11-30 10:25:52,771 - utils.logger2025-11-30-10.24.39 - INFO - Cur epoch 35 loss TA:0.4762 TV:0.4810 VA:0.9872 CE:0.2063
2025-11-30 10:25:53,300 - utils.logger2025-11-30-10.24.39 - INFO - Cur epoch 35 loss TA:0.4764 TV:0.4781 VA:0.9571 CE:0.1987
2025-11-30 10:25:53,823 - utils.logger2025-11-30-10.24.39 - INFO - Cur epoch 35 loss TA:0.2274 TV:0.2319 VA:0.4715 CE:0.1694
2025-11-30 10:25:53,877 - utils.logger2025-11-30-10.24.39 - INFO - saving the model at the end of epoch 35, iters 980
2025-11-30 10:25:53,979 - utils.logger2025-11-30-10.24.39 - INFO - End of training epoch 35 / 40 	 Time Taken: 1 sec
2025-11-30 10:25:53,979 - utils.logger2025-11-30-10.24.39 - INFO - learning rate = 0.0000909
2025-11-30 10:25:54,379 - utils.logger2025-11-30-10.24.39 - INFO - Val result of epoch 35 / 40 acc 0.7768 MAE 0.7147 f1 0.7935
2025-11-30 10:25:54,765 - utils.logger2025-11-30-10.24.39 - INFO - Tst result of epoch 35 / 40 acc 0.7768 MAE 0.7147 f1 0.7935
2025-11-30 10:25:55,552 - utils.logger2025-11-30-10.24.39 - INFO - Cur epoch 36 loss TA:0.4627 TV:0.4759 VA:0.9437 CE:0.1798
2025-11-30 10:25:56,090 - utils.logger2025-11-30-10.24.39 - INFO - Cur epoch 36 loss TA:0.4802 TV:0.4867 VA:0.9747 CE:0.1676
2025-11-30 10:25:56,528 - utils.logger2025-11-30-10.24.39 - INFO - saving the model at the end of epoch 36, iters 1008
2025-11-30 10:25:56,623 - utils.logger2025-11-30-10.24.39 - INFO - End of training epoch 36 / 40 	 Time Taken: 1 sec
2025-11-30 10:25:56,623 - utils.logger2025-11-30-10.24.39 - INFO - learning rate = 0.0000727
2025-11-30 10:25:56,969 - utils.logger2025-11-30-10.24.39 - INFO - Val result of epoch 36 / 40 acc 0.7857 MAE 0.7173 f1 0.8027
2025-11-30 10:25:57,364 - utils.logger2025-11-30-10.24.39 - INFO - Tst result of epoch 36 / 40 acc 0.7857 MAE 0.7173 f1 0.8027
2025-11-30 10:25:57,741 - utils.logger2025-11-30-10.24.39 - INFO - Cur epoch 37 loss TA:0.4692 TV:0.4764 VA:0.9496 CE:0.2289
2025-11-30 10:25:58,265 - utils.logger2025-11-30-10.24.39 - INFO - Cur epoch 37 loss TA:0.4851 TV:0.4811 VA:0.9701 CE:0.3309
2025-11-30 10:25:58,803 - utils.logger2025-11-30-10.24.39 - INFO - Cur epoch 37 loss TA:0.4869 TV:0.4988 VA:0.9941 CE:0.1652
2025-11-30 10:25:59,140 - utils.logger2025-11-30-10.24.39 - INFO - saving the model at the end of epoch 37, iters 1036
2025-11-30 10:25:59,232 - utils.logger2025-11-30-10.24.39 - INFO - End of training epoch 37 / 40 	 Time Taken: 1 sec
2025-11-30 10:25:59,233 - utils.logger2025-11-30-10.24.39 - INFO - learning rate = 0.0000545
2025-11-30 10:25:59,577 - utils.logger2025-11-30-10.24.39 - INFO - Val result of epoch 37 / 40 acc 0.7723 MAE 0.7231 f1 0.7886
2025-11-30 10:25:59,964 - utils.logger2025-11-30-10.24.39 - INFO - Tst result of epoch 37 / 40 acc 0.7723 MAE 0.7231 f1 0.7886
2025-11-30 10:26:00,426 - utils.logger2025-11-30-10.24.39 - INFO - Cur epoch 38 loss TA:0.4844 TV:0.4970 VA:0.9803 CE:0.1947
2025-11-30 10:26:00,937 - utils.logger2025-11-30-10.24.39 - INFO - Cur epoch 38 loss TA:0.4669 TV:0.4692 VA:0.9474 CE:0.1561
2025-11-30 10:26:01,434 - utils.logger2025-11-30-10.24.39 - INFO - Cur epoch 38 loss TA:0.4632 TV:0.4671 VA:0.9434 CE:0.2113
2025-11-30 10:26:01,673 - utils.logger2025-11-30-10.24.39 - INFO - saving the model at the end of epoch 38, iters 1064
2025-11-30 10:26:01,771 - utils.logger2025-11-30-10.24.39 - INFO - End of training epoch 38 / 40 	 Time Taken: 1 sec
2025-11-30 10:26:01,771 - utils.logger2025-11-30-10.24.39 - INFO - learning rate = 0.0000364
2025-11-30 10:26:02,171 - utils.logger2025-11-30-10.24.39 - INFO - Val result of epoch 38 / 40 acc 0.7857 MAE 0.7244 f1 0.8027
2025-11-30 10:26:02,559 - utils.logger2025-11-30-10.24.39 - INFO - Tst result of epoch 38 / 40 acc 0.7857 MAE 0.7244 f1 0.8027
2025-11-30 10:26:03,086 - utils.logger2025-11-30-10.24.39 - INFO - Cur epoch 39 loss TA:0.4750 TV:0.4776 VA:0.9758 CE:0.2207
2025-11-30 10:26:03,576 - utils.logger2025-11-30-10.24.39 - INFO - Cur epoch 39 loss TA:0.4689 TV:0.4910 VA:0.9597 CE:0.1537
2025-11-30 10:26:04,067 - utils.logger2025-11-30-10.24.39 - INFO - Cur epoch 39 loss TA:0.4690 TV:0.4734 VA:0.9510 CE:0.1256
2025-11-30 10:26:04,204 - utils.logger2025-11-30-10.24.39 - INFO - saving the model at the end of epoch 39, iters 1092
2025-11-30 10:26:04,305 - utils.logger2025-11-30-10.24.39 - INFO - End of training epoch 39 / 40 	 Time Taken: 1 sec
2025-11-30 10:26:04,305 - utils.logger2025-11-30-10.24.39 - INFO - learning rate = 0.0000182
2025-11-30 10:26:04,853 - utils.logger2025-11-30-10.24.39 - INFO - Val result of epoch 39 / 40 acc 0.7768 MAE 0.7233 f1 0.7934
2025-11-30 10:26:05,244 - utils.logger2025-11-30-10.24.39 - INFO - Tst result of epoch 39 / 40 acc 0.7768 MAE 0.7233 f1 0.7934
2025-11-30 10:26:05,895 - utils.logger2025-11-30-10.24.39 - INFO - Cur epoch 40 loss TA:0.4699 TV:0.4747 VA:0.9589 CE:0.1624
2025-11-30 10:26:06,429 - utils.logger2025-11-30-10.24.39 - INFO - Cur epoch 40 loss TA:0.4905 TV:0.4950 VA:0.9817 CE:0.1487
2025-11-30 10:26:06,979 - utils.logger2025-11-30-10.24.39 - INFO - Cur epoch 40 loss TA:0.1673 TV:0.1593 VA:0.2901 CE:0.1341
2025-11-30 10:26:07,040 - utils.logger2025-11-30-10.24.39 - INFO - saving the model at the end of epoch 40, iters 1120
2025-11-30 10:26:07,154 - utils.logger2025-11-30-10.24.39 - INFO - End of training epoch 40 / 40 	 Time Taken: 1 sec
2025-11-30 10:26:07,155 - utils.logger2025-11-30-10.24.39 - INFO - learning rate = 0.0000000
2025-11-30 10:26:07,647 - utils.logger2025-11-30-10.24.39 - INFO - Val result of epoch 40 / 40 acc 0.7812 MAE 0.7227 f1 0.7981
2025-11-30 10:26:08,016 - utils.logger2025-11-30-10.24.39 - INFO - Tst result of epoch 40 / 40 acc 0.7812 MAE 0.7227 f1 0.7981
2025-11-30 10:26:08,016 - utils.logger2025-11-30-10.24.39 - INFO - Best eval epoch 8 found with f1 0.808453
