2025-12-23 10:28:13,230 - utils.logger2025-12-23-10.28.13 - INFO - The number of training samples = 4508
2025-12-23 10:28:14,844 - utils.logger2025-12-23-10.28.13 - INFO - Cur epoch 1 loss TA:1.0339 TV:1.0305 VA:2.0638 CE:1.6484
2025-12-23 10:28:15,237 - utils.logger2025-12-23-10.28.13 - INFO - Cur epoch 1 loss TA:1.0286 TV:1.0189 VA:2.0563 CE:1.6710
2025-12-23 10:28:15,666 - utils.logger2025-12-23-10.28.13 - INFO - Cur epoch 1 loss TA:1.0145 TV:1.0076 VA:2.0275 CE:1.3758
2025-12-23 10:28:16,097 - utils.logger2025-12-23-10.28.13 - INFO - Cur epoch 1 loss TA:1.0058 TV:0.9784 VA:2.0262 CE:1.3642
2025-12-23 10:28:16,561 - utils.logger2025-12-23-10.28.13 - INFO - Cur epoch 1 loss TA:1.0035 TV:0.9975 VA:1.9890 CE:1.3044
2025-12-23 10:28:17,129 - utils.logger2025-12-23-10.28.13 - INFO - Cur epoch 1 loss TA:0.9736 TV:0.9532 VA:1.9172 CE:1.2835
2025-12-23 10:28:17,673 - utils.logger2025-12-23-10.28.13 - INFO - Cur epoch 1 loss TA:0.9649 TV:0.9483 VA:1.9105 CE:1.3623
2025-12-23 10:28:17,968 - utils.logger2025-12-23-10.28.13 - INFO - saving the model at the end of epoch 1, iters 71
2025-12-23 10:28:18,061 - utils.logger2025-12-23-10.28.13 - INFO - End of training epoch 1 / 40 	 Time Taken: 4 sec
2025-12-23 10:28:18,061 - utils.logger2025-12-23-10.28.13 - INFO - learning rate = 0.0002000
2025-12-23 10:28:18,425 - utils.logger2025-12-23-10.28.13 - INFO - Val result of epoch 1 / 40 acc 0.3950 uar 0.4577 f1 0.3668
2025-12-23 10:28:18,425 - utils.logger2025-12-23-10.28.13 - INFO - 
[[61  0  6  0]
 [65 40 60  1]
 [54  5 75  1]
 [34  7 58 14]]
2025-12-23 10:28:18,967 - utils.logger2025-12-23-10.28.13 - INFO - Tst result of epoch 1 / 40 acc 0.4410 uar 0.4620 f1 0.3955
2025-12-23 10:28:18,967 - utils.logger2025-12-23-10.28.13 - INFO - 
[[ 62   4   4   0]
 [ 66  43  52   0]
 [ 73  24 120  10]
 [ 22  10  38  14]]
2025-12-23 10:28:19,515 - utils.logger2025-12-23-10.28.13 - INFO - Cur epoch 2 loss TA:0.9794 TV:0.9489 VA:1.9438 CE:1.2683
2025-12-23 10:28:19,925 - utils.logger2025-12-23-10.28.13 - INFO - Cur epoch 2 loss TA:0.9438 TV:0.9547 VA:1.8689 CE:1.3125
2025-12-23 10:28:20,315 - utils.logger2025-12-23-10.28.13 - INFO - Cur epoch 2 loss TA:0.9610 TV:0.9431 VA:1.8306 CE:1.2926
2025-12-23 10:28:20,712 - utils.logger2025-12-23-10.28.13 - INFO - Cur epoch 2 loss TA:0.9673 TV:0.9698 VA:1.8333 CE:1.1581
2025-12-23 10:28:21,102 - utils.logger2025-12-23-10.28.13 - INFO - Cur epoch 2 loss TA:0.9274 TV:0.9214 VA:1.8198 CE:1.0591
2025-12-23 10:28:21,504 - utils.logger2025-12-23-10.28.13 - INFO - Cur epoch 2 loss TA:0.9372 TV:0.9378 VA:1.8137 CE:0.9452
2025-12-23 10:28:21,879 - utils.logger2025-12-23-10.28.13 - INFO - Cur epoch 2 loss TA:0.9317 TV:0.9180 VA:1.8007 CE:0.9494
2025-12-23 10:28:21,986 - utils.logger2025-12-23-10.28.13 - INFO - saving the model at the end of epoch 2, iters 142
2025-12-23 10:28:22,068 - utils.logger2025-12-23-10.28.13 - INFO - End of training epoch 2 / 40 	 Time Taken: 3 sec
2025-12-23 10:28:22,068 - utils.logger2025-12-23-10.28.13 - INFO - learning rate = 0.0002000
2025-12-23 10:28:22,610 - utils.logger2025-12-23-10.28.13 - INFO - Val result of epoch 2 / 40 acc 0.5800 uar 0.6213 f1 0.5777
2025-12-23 10:28:22,610 - utils.logger2025-12-23-10.28.13 - INFO - 
[[63  1  3  0]
 [37 94 27  8]
 [38 17 70 10]
 [20  2 39 52]]
2025-12-23 10:28:23,022 - utils.logger2025-12-23-10.28.13 - INFO - Tst result of epoch 2 / 40 acc 0.6107 uar 0.6420 f1 0.6043
2025-12-23 10:28:23,022 - utils.logger2025-12-23-10.28.13 - INFO - 
[[ 53  15   2   0]
 [ 27 117  14   3]
 [ 33  53 111  30]
 [  3  14  17  50]]
2025-12-23 10:28:23,614 - utils.logger2025-12-23-10.28.13 - INFO - Cur epoch 3 loss TA:0.8927 TV:0.9171 VA:1.7301 CE:0.9564
2025-12-23 10:28:24,087 - utils.logger2025-12-23-10.28.13 - INFO - Cur epoch 3 loss TA:0.9052 TV:0.9124 VA:1.7534 CE:0.8746
2025-12-23 10:28:24,539 - utils.logger2025-12-23-10.28.13 - INFO - Cur epoch 3 loss TA:0.9178 TV:0.9134 VA:1.7460 CE:1.0578
2025-12-23 10:28:25,097 - utils.logger2025-12-23-10.28.13 - INFO - Cur epoch 3 loss TA:0.9100 TV:0.9275 VA:1.7488 CE:1.0059
2025-12-23 10:28:25,572 - utils.logger2025-12-23-10.28.13 - INFO - Cur epoch 3 loss TA:0.8831 TV:0.8831 VA:1.7065 CE:0.9565
2025-12-23 10:28:25,981 - utils.logger2025-12-23-10.28.13 - INFO - Cur epoch 3 loss TA:0.8908 TV:0.9311 VA:1.7610 CE:0.9891
2025-12-23 10:28:26,447 - utils.logger2025-12-23-10.28.13 - INFO - Cur epoch 3 loss TA:0.8903 TV:0.8967 VA:1.7168 CE:0.9039
2025-12-23 10:28:26,667 - utils.logger2025-12-23-10.28.13 - INFO - saving the model at the end of epoch 3, iters 213
2025-12-23 10:28:26,773 - utils.logger2025-12-23-10.28.13 - INFO - End of training epoch 3 / 40 	 Time Taken: 3 sec
2025-12-23 10:28:26,774 - utils.logger2025-12-23-10.28.13 - INFO - learning rate = 0.0002000
2025-12-23 10:28:27,332 - utils.logger2025-12-23-10.28.13 - INFO - Val result of epoch 3 / 40 acc 0.6840 uar 0.7195 f1 0.6832
2025-12-23 10:28:27,333 - utils.logger2025-12-23-10.28.13 - INFO - 
[[ 63   1   2   1]
 [ 24 106  24  12]
 [ 20  19  81  15]
 [ 14   6  14  79]]
2025-12-23 10:28:27,948 - utils.logger2025-12-23-10.28.13 - INFO - Tst result of epoch 3 / 40 acc 0.6605 uar 0.7010 f1 0.6567
2025-12-23 10:28:27,949 - utils.logger2025-12-23-10.28.13 - INFO - 
[[ 50  19   1   0]
 [ 14 136   6   5]
 [ 21  58 107  41]
 [  2  13   4  65]]
2025-12-23 10:28:28,563 - utils.logger2025-12-23-10.28.13 - INFO - Cur epoch 4 loss TA:0.8901 TV:0.8984 VA:1.7059 CE:0.7059
2025-12-23 10:28:29,161 - utils.logger2025-12-23-10.28.13 - INFO - Cur epoch 4 loss TA:0.8707 TV:0.8910 VA:1.7368 CE:0.7152
2025-12-23 10:28:29,671 - utils.logger2025-12-23-10.28.13 - INFO - Cur epoch 4 loss TA:0.8676 TV:0.9187 VA:1.6644 CE:0.7833
2025-12-23 10:28:30,155 - utils.logger2025-12-23-10.28.13 - INFO - Cur epoch 4 loss TA:0.8588 TV:0.8694 VA:1.6543 CE:0.7166
2025-12-23 10:28:30,607 - utils.logger2025-12-23-10.28.13 - INFO - Cur epoch 4 loss TA:0.8750 TV:0.8798 VA:1.6377 CE:0.7304
2025-12-23 10:28:31,080 - utils.logger2025-12-23-10.28.13 - INFO - Cur epoch 4 loss TA:0.8559 TV:0.8608 VA:1.6104 CE:0.7880
2025-12-23 10:28:31,503 - utils.logger2025-12-23-10.28.13 - INFO - Cur epoch 4 loss TA:0.8893 TV:0.9095 VA:1.6549 CE:0.7898
2025-12-23 10:28:31,750 - utils.logger2025-12-23-10.28.13 - INFO - saving the model at the end of epoch 4, iters 284
2025-12-23 10:28:31,837 - utils.logger2025-12-23-10.28.13 - INFO - End of training epoch 4 / 40 	 Time Taken: 3 sec
2025-12-23 10:28:31,838 - utils.logger2025-12-23-10.28.13 - INFO - learning rate = 0.0002000
2025-12-23 10:28:32,385 - utils.logger2025-12-23-10.28.13 - INFO - Val result of epoch 4 / 40 acc 0.6757 uar 0.7044 f1 0.6735
2025-12-23 10:28:32,385 - utils.logger2025-12-23-10.28.13 - INFO - 
[[ 62   1   4   0]
 [ 23 103  35   5]
 [ 17  12 100   6]
 [ 16   5  32  60]]
2025-12-23 10:28:32,769 - utils.logger2025-12-23-10.28.13 - INFO - Tst result of epoch 4 / 40 acc 0.7140 uar 0.7387 f1 0.7135
2025-12-23 10:28:32,769 - utils.logger2025-12-23-10.28.13 - INFO - 
[[ 54  13   3   0]
 [ 11 131  18   1]
 [ 22  44 138  23]
 [  2   9   9  64]]
2025-12-23 10:28:33,278 - utils.logger2025-12-23-10.28.13 - INFO - Cur epoch 5 loss TA:0.8257 TV:0.8323 VA:1.6753 CE:0.6650
2025-12-23 10:28:33,746 - utils.logger2025-12-23-10.28.13 - INFO - Cur epoch 5 loss TA:0.8468 TV:0.9024 VA:1.6812 CE:0.8598
2025-12-23 10:28:34,183 - utils.logger2025-12-23-10.28.13 - INFO - Cur epoch 5 loss TA:0.8332 TV:0.8585 VA:1.6308 CE:0.6427
2025-12-23 10:28:34,612 - utils.logger2025-12-23-10.28.13 - INFO - Cur epoch 5 loss TA:0.8349 TV:0.8345 VA:1.6012 CE:0.5685
2025-12-23 10:28:35,175 - utils.logger2025-12-23-10.28.13 - INFO - Cur epoch 5 loss TA:0.8388 TV:0.8666 VA:1.5979 CE:0.7392
2025-12-23 10:28:35,924 - utils.logger2025-12-23-10.28.13 - INFO - Cur epoch 5 loss TA:0.8230 TV:0.8609 VA:1.6113 CE:0.6488
2025-12-23 10:28:36,295 - utils.logger2025-12-23-10.28.13 - INFO - Cur epoch 5 loss TA:0.8849 TV:0.8760 VA:1.6368 CE:0.5956
2025-12-23 10:28:36,513 - utils.logger2025-12-23-10.28.13 - INFO - saving the model at the end of epoch 5, iters 355
2025-12-23 10:28:36,601 - utils.logger2025-12-23-10.28.13 - INFO - End of training epoch 5 / 40 	 Time Taken: 3 sec
2025-12-23 10:28:36,601 - utils.logger2025-12-23-10.28.13 - INFO - learning rate = 0.0002000
2025-12-23 10:28:37,116 - utils.logger2025-12-23-10.28.13 - INFO - Val result of epoch 5 / 40 acc 0.7464 uar 0.7617 f1 0.7488
2025-12-23 10:28:37,117 - utils.logger2025-12-23-10.28.13 - INFO - 
[[ 60   1   6   0]
 [ 12 123  26   5]
 [  7  17 102   9]
 [  8   9  22  74]]
2025-12-23 10:28:37,629 - utils.logger2025-12-23-10.28.13 - INFO - Tst result of epoch 5 / 40 acc 0.7251 uar 0.7631 f1 0.7323
2025-12-23 10:28:37,629 - utils.logger2025-12-23-10.28.13 - INFO - 
[[ 55  11   3   1]
 [  5 144   9   3]
 [ 13  57 125  32]
 [  0   7   8  69]]
2025-12-23 10:28:38,142 - utils.logger2025-12-23-10.28.13 - INFO - Cur epoch 6 loss TA:0.8113 TV:0.8828 VA:1.6745 CE:0.6321
2025-12-23 10:28:38,591 - utils.logger2025-12-23-10.28.13 - INFO - Cur epoch 6 loss TA:0.8011 TV:0.8506 VA:1.5869 CE:0.7662
2025-12-23 10:28:39,033 - utils.logger2025-12-23-10.28.13 - INFO - Cur epoch 6 loss TA:0.8058 TV:0.8473 VA:1.5870 CE:0.5172
2025-12-23 10:28:39,644 - utils.logger2025-12-23-10.28.13 - INFO - Cur epoch 6 loss TA:0.8055 TV:0.8409 VA:1.5505 CE:0.5175
2025-12-23 10:28:40,193 - utils.logger2025-12-23-10.28.13 - INFO - Cur epoch 6 loss TA:0.7807 TV:0.8546 VA:1.5882 CE:0.5545
2025-12-23 10:28:40,983 - utils.logger2025-12-23-10.28.13 - INFO - Cur epoch 6 loss TA:0.8136 TV:0.8627 VA:1.5766 CE:0.4932
2025-12-23 10:28:41,557 - utils.logger2025-12-23-10.28.13 - INFO - Cur epoch 6 loss TA:0.8206 TV:0.8458 VA:1.5473 CE:0.6303
2025-12-23 10:28:41,941 - utils.logger2025-12-23-10.28.13 - INFO - saving the model at the end of epoch 6, iters 426
2025-12-23 10:28:42,069 - utils.logger2025-12-23-10.28.13 - INFO - End of training epoch 6 / 40 	 Time Taken: 4 sec
2025-12-23 10:28:42,069 - utils.logger2025-12-23-10.28.13 - INFO - learning rate = 0.0002000
2025-12-23 10:28:42,728 - utils.logger2025-12-23-10.28.13 - INFO - Val result of epoch 6 / 40 acc 0.7256 uar 0.7422 f1 0.7270
2025-12-23 10:28:42,729 - utils.logger2025-12-23-10.28.13 - INFO - 
[[ 61   1   5   0]
 [ 11 124  27   4]
 [  9  22  97   7]
 [ 11  10  25  67]]
2025-12-23 10:28:43,346 - utils.logger2025-12-23-10.28.13 - INFO - Tst result of epoch 6 / 40 acc 0.7343 uar 0.7789 f1 0.7444
2025-12-23 10:28:43,346 - utils.logger2025-12-23-10.28.13 - INFO - 
[[ 59   7   3   1]
 [  5 145   9   2]
 [ 18  60 125  24]
 [  0  10   5  69]]
2025-12-23 10:28:43,924 - utils.logger2025-12-23-10.28.13 - INFO - Cur epoch 7 loss TA:0.7740 TV:0.8147 VA:1.5876 CE:0.7454
2025-12-23 10:28:44,899 - utils.logger2025-12-23-10.28.13 - INFO - Cur epoch 7 loss TA:0.7696 TV:0.8167 VA:1.5359 CE:0.4771
2025-12-23 10:28:45,710 - utils.logger2025-12-23-10.28.13 - INFO - Cur epoch 7 loss TA:0.7789 TV:0.8047 VA:1.5254 CE:0.8095
2025-12-23 10:28:46,200 - utils.logger2025-12-23-10.28.13 - INFO - Cur epoch 7 loss TA:0.7628 TV:0.8108 VA:1.5737 CE:0.4367
2025-12-23 10:28:46,661 - utils.logger2025-12-23-10.28.13 - INFO - Cur epoch 7 loss TA:0.8010 TV:0.8091 VA:1.5433 CE:0.4769
2025-12-23 10:28:47,156 - utils.logger2025-12-23-10.28.13 - INFO - Cur epoch 7 loss TA:0.7938 TV:0.8230 VA:1.5287 CE:0.6102
2025-12-23 10:28:47,686 - utils.logger2025-12-23-10.28.13 - INFO - Cur epoch 7 loss TA:0.8279 TV:0.8646 VA:1.6207 CE:0.5658
2025-12-23 10:28:48,123 - utils.logger2025-12-23-10.28.13 - INFO - saving the model at the end of epoch 7, iters 497
2025-12-23 10:28:48,237 - utils.logger2025-12-23-10.28.13 - INFO - End of training epoch 7 / 40 	 Time Taken: 4 sec
2025-12-23 10:28:48,238 - utils.logger2025-12-23-10.28.13 - INFO - learning rate = 0.0002000
2025-12-23 10:28:48,973 - utils.logger2025-12-23-10.28.13 - INFO - Val result of epoch 7 / 40 acc 0.7297 uar 0.7384 f1 0.7245
2025-12-23 10:28:48,974 - utils.logger2025-12-23-10.28.13 - INFO - 
[[ 61   1   5   0]
 [  9 129  27   1]
 [  5  17 110   3]
 [ 10  11  41  51]]
2025-12-23 10:28:50,092 - utils.logger2025-12-23-10.28.13 - INFO - Tst result of epoch 7 / 40 acc 0.7509 uar 0.7770 f1 0.7580
2025-12-23 10:28:50,092 - utils.logger2025-12-23-10.28.13 - INFO - 
[[ 58   7   5   0]
 [  4 145  11   1]
 [ 11  56 140  20]
 [  4   8   8  64]]
2025-12-23 10:28:50,887 - utils.logger2025-12-23-10.28.13 - INFO - Cur epoch 8 loss TA:0.7524 TV:0.8078 VA:1.5062 CE:0.5532
2025-12-23 10:28:51,458 - utils.logger2025-12-23-10.28.13 - INFO - Cur epoch 8 loss TA:0.7766 TV:0.8221 VA:1.5035 CE:0.5384
2025-12-23 10:28:51,979 - utils.logger2025-12-23-10.28.13 - INFO - Cur epoch 8 loss TA:0.7727 TV:0.7679 VA:1.5193 CE:0.4105
2025-12-23 10:28:52,495 - utils.logger2025-12-23-10.28.13 - INFO - Cur epoch 8 loss TA:0.7676 TV:0.8366 VA:1.6019 CE:0.5081
2025-12-23 10:28:53,008 - utils.logger2025-12-23-10.28.13 - INFO - Cur epoch 8 loss TA:0.7358 TV:0.7900 VA:1.4970 CE:0.4075
2025-12-23 10:28:53,431 - utils.logger2025-12-23-10.28.13 - INFO - Cur epoch 8 loss TA:0.7677 TV:0.7912 VA:1.5450 CE:0.4084
2025-12-23 10:28:54,040 - utils.logger2025-12-23-10.28.13 - INFO - Cur epoch 8 loss TA:0.7927 TV:0.8590 VA:1.5848 CE:0.6173
2025-12-23 10:28:54,588 - utils.logger2025-12-23-10.28.13 - INFO - saving the model at the end of epoch 8, iters 568
2025-12-23 10:28:54,678 - utils.logger2025-12-23-10.28.13 - INFO - End of training epoch 8 / 40 	 Time Taken: 4 sec
2025-12-23 10:28:54,678 - utils.logger2025-12-23-10.28.13 - INFO - learning rate = 0.0002000
2025-12-23 10:28:55,205 - utils.logger2025-12-23-10.28.13 - INFO - Val result of epoch 8 / 40 acc 0.7817 uar 0.7954 f1 0.7833
2025-12-23 10:28:55,206 - utils.logger2025-12-23-10.28.13 - INFO - 
[[ 62   1   4   0]
 [  5 138  15   8]
 [  8  20  92  15]
 [  7  11  11  84]]
2025-12-23 10:28:55,609 - utils.logger2025-12-23-10.28.13 - INFO - Tst result of epoch 8 / 40 acc 0.7214 uar 0.7768 f1 0.7352
2025-12-23 10:28:55,609 - utils.logger2025-12-23-10.28.13 - INFO - 
[[ 56   8   5   1]
 [  4 149   4   4]
 [ 11  73 111  32]
 [  1   5   3  75]]
2025-12-23 10:28:55,897 - utils.logger2025-12-23-10.28.13 - INFO - Cur epoch 9 loss TA:0.7653 TV:0.8124 VA:1.5203 CE:0.5946
2025-12-23 10:28:56,401 - utils.logger2025-12-23-10.28.13 - INFO - Cur epoch 9 loss TA:0.7210 TV:0.7867 VA:1.4636 CE:0.2993
2025-12-23 10:28:56,902 - utils.logger2025-12-23-10.28.13 - INFO - Cur epoch 9 loss TA:0.7424 TV:0.7986 VA:1.5432 CE:0.5645
2025-12-23 10:28:57,382 - utils.logger2025-12-23-10.28.13 - INFO - Cur epoch 9 loss TA:0.7650 TV:0.7824 VA:1.5211 CE:0.7594
2025-12-23 10:28:58,309 - utils.logger2025-12-23-10.28.13 - INFO - Cur epoch 9 loss TA:0.7799 TV:0.8060 VA:1.5781 CE:0.2214
2025-12-23 10:28:58,769 - utils.logger2025-12-23-10.28.13 - INFO - Cur epoch 9 loss TA:0.7537 TV:0.7911 VA:1.5067 CE:0.3373
2025-12-23 10:28:59,498 - utils.logger2025-12-23-10.28.13 - INFO - Cur epoch 9 loss TA:0.7545 TV:0.7689 VA:1.4806 CE:0.3693
2025-12-23 10:28:59,912 - utils.logger2025-12-23-10.28.13 - INFO - saving the model at the end of epoch 9, iters 639
2025-12-23 10:29:00,014 - utils.logger2025-12-23-10.28.13 - INFO - End of training epoch 9 / 40 	 Time Taken: 4 sec
2025-12-23 10:29:00,015 - utils.logger2025-12-23-10.28.13 - INFO - learning rate = 0.0002000
2025-12-23 10:29:00,535 - utils.logger2025-12-23-10.28.13 - INFO - Val result of epoch 9 / 40 acc 0.7983 uar 0.8064 f1 0.8060
2025-12-23 10:29:00,536 - utils.logger2025-12-23-10.28.13 - INFO - 
[[ 60   2   5   0]
 [  2 137  23   4]
 [  5  17 104   9]
 [  4   9  17  83]]
2025-12-23 10:29:00,914 - utils.logger2025-12-23-10.28.13 - INFO - Tst result of epoch 9 / 40 acc 0.7399 uar 0.7855 f1 0.7525
2025-12-23 10:29:00,914 - utils.logger2025-12-23-10.28.13 - INFO - 
[[ 56   8   5   1]
 [  3 148   7   3]
 [ 11  63 123  30]
 [  0   6   4  74]]
2025-12-23 10:29:01,349 - utils.logger2025-12-23-10.28.13 - INFO - Cur epoch 10 loss TA:0.7590 TV:0.8007 VA:1.5512 CE:0.3392
2025-12-23 10:29:01,906 - utils.logger2025-12-23-10.28.13 - INFO - Cur epoch 10 loss TA:0.7108 TV:0.7522 VA:1.4658 CE:0.4425
2025-12-23 10:29:02,511 - utils.logger2025-12-23-10.28.13 - INFO - Cur epoch 10 loss TA:0.7407 TV:0.7619 VA:1.4623 CE:0.3932
2025-12-23 10:29:03,085 - utils.logger2025-12-23-10.28.13 - INFO - Cur epoch 10 loss TA:0.7106 TV:0.8187 VA:1.5408 CE:0.3902
2025-12-23 10:29:03,510 - utils.logger2025-12-23-10.28.13 - INFO - Cur epoch 10 loss TA:0.7519 TV:0.7954 VA:1.5079 CE:0.4873
2025-12-23 10:29:04,044 - utils.logger2025-12-23-10.28.13 - INFO - Cur epoch 10 loss TA:0.7327 TV:0.7779 VA:1.4580 CE:0.3940
2025-12-23 10:29:04,577 - utils.logger2025-12-23-10.28.13 - INFO - Cur epoch 10 loss TA:0.7414 TV:0.7897 VA:1.4686 CE:0.2828
2025-12-23 10:29:05,065 - utils.logger2025-12-23-10.28.13 - INFO - Cur epoch 10 loss TA:0.4933 TV:0.5894 VA:1.1068 CE:0.4250
2025-12-23 10:29:05,131 - utils.logger2025-12-23-10.28.13 - INFO - saving the model at the end of epoch 10, iters 710
2025-12-23 10:29:05,236 - utils.logger2025-12-23-10.28.13 - INFO - End of training epoch 10 / 40 	 Time Taken: 4 sec
2025-12-23 10:29:05,236 - utils.logger2025-12-23-10.28.13 - INFO - learning rate = 0.0002000
2025-12-23 10:29:05,835 - utils.logger2025-12-23-10.28.13 - INFO - Val result of epoch 10 / 40 acc 0.7838 uar 0.7884 f1 0.7874
2025-12-23 10:29:05,835 - utils.logger2025-12-23-10.28.13 - INFO - 
[[ 59   3   5   0]
 [  4 144  16   2]
 [  7  26  93   9]
 [  4  12  16  81]]
2025-12-23 10:29:06,341 - utils.logger2025-12-23-10.28.13 - INFO - Tst result of epoch 10 / 40 acc 0.7232 uar 0.7757 f1 0.7428
2025-12-23 10:29:06,341 - utils.logger2025-12-23-10.28.13 - INFO - 
[[ 57  10   2   1]
 [  2 151   7   1]
 [ 11  77 112  27]
 [  0   7   5  72]]
2025-12-23 10:29:07,625 - utils.logger2025-12-23-10.28.13 - INFO - Cur epoch 11 loss TA:0.6930 TV:0.7627 VA:1.4493 CE:0.6255
2025-12-23 10:29:08,027 - utils.logger2025-12-23-10.28.13 - INFO - Cur epoch 11 loss TA:0.7111 TV:0.7590 VA:1.4612 CE:0.4315
2025-12-23 10:29:08,509 - utils.logger2025-12-23-10.28.13 - INFO - Cur epoch 11 loss TA:0.6778 TV:0.7686 VA:1.4740 CE:0.2103
2025-12-23 10:29:09,017 - utils.logger2025-12-23-10.28.13 - INFO - Cur epoch 11 loss TA:0.6839 TV:0.7319 VA:1.4465 CE:0.3980
2025-12-23 10:29:09,579 - utils.logger2025-12-23-10.28.13 - INFO - Cur epoch 11 loss TA:0.7029 TV:0.7473 VA:1.4593 CE:0.2993
2025-12-23 10:29:10,084 - utils.logger2025-12-23-10.28.13 - INFO - Cur epoch 11 loss TA:0.7131 TV:0.7659 VA:1.4764 CE:0.3042
2025-12-23 10:29:10,719 - utils.logger2025-12-23-10.28.13 - INFO - Cur epoch 11 loss TA:0.7145 TV:0.7765 VA:1.4904 CE:0.3507
2025-12-23 10:29:10,827 - utils.logger2025-12-23-10.28.13 - INFO - saving the model at the end of epoch 11, iters 781
2025-12-23 10:29:10,917 - utils.logger2025-12-23-10.28.13 - INFO - End of training epoch 11 / 40 	 Time Taken: 4 sec
2025-12-23 10:29:10,917 - utils.logger2025-12-23-10.28.13 - INFO - learning rate = 0.0002000
2025-12-23 10:29:11,511 - utils.logger2025-12-23-10.28.13 - INFO - Val result of epoch 11 / 40 acc 0.7755 uar 0.7775 f1 0.7721
2025-12-23 10:29:11,511 - utils.logger2025-12-23-10.28.13 - INFO - 
[[ 59   3   5   0]
 [  4 150  11   1]
 [ 10  28  87  10]
 [  7  16  13  77]]
2025-12-23 10:29:12,081 - utils.logger2025-12-23-10.28.13 - INFO - Tst result of epoch 11 / 40 acc 0.7085 uar 0.7678 f1 0.7277
2025-12-23 10:29:12,081 - utils.logger2025-12-23-10.28.13 - INFO - 
[[ 58   9   3   0]
 [  3 156   2   0]
 [ 13  88 100  26]
 [  1   9   4  70]]
2025-12-23 10:29:12,922 - utils.logger2025-12-23-10.28.13 - INFO - Cur epoch 12 loss TA:0.6832 TV:0.7546 VA:1.4040 CE:0.1810
2025-12-23 10:29:13,446 - utils.logger2025-12-23-10.28.13 - INFO - Cur epoch 12 loss TA:0.6996 TV:0.7497 VA:1.4268 CE:0.2946
2025-12-23 10:29:13,985 - utils.logger2025-12-23-10.28.13 - INFO - Cur epoch 12 loss TA:0.6895 TV:0.7085 VA:1.3752 CE:0.2777
2025-12-23 10:29:14,486 - utils.logger2025-12-23-10.28.13 - INFO - Cur epoch 12 loss TA:0.7193 TV:0.7715 VA:1.4344 CE:0.2758
2025-12-23 10:29:14,941 - utils.logger2025-12-23-10.28.13 - INFO - Cur epoch 12 loss TA:0.7071 TV:0.7906 VA:1.4560 CE:0.4240
2025-12-23 10:29:15,377 - utils.logger2025-12-23-10.28.13 - INFO - Cur epoch 12 loss TA:0.6834 TV:0.7719 VA:1.3810 CE:0.3189
2025-12-23 10:29:15,924 - utils.logger2025-12-23-10.28.13 - INFO - Cur epoch 12 loss TA:0.6922 TV:0.7424 VA:1.4282 CE:0.3880
2025-12-23 10:29:16,073 - utils.logger2025-12-23-10.28.13 - INFO - saving the model at the end of epoch 12, iters 852
2025-12-23 10:29:16,171 - utils.logger2025-12-23-10.28.13 - INFO - End of training epoch 12 / 40 	 Time Taken: 4 sec
2025-12-23 10:29:16,171 - utils.logger2025-12-23-10.28.13 - INFO - learning rate = 0.0002000
2025-12-23 10:29:16,806 - utils.logger2025-12-23-10.28.13 - INFO - Val result of epoch 12 / 40 acc 0.7900 uar 0.8063 f1 0.7935
2025-12-23 10:29:16,806 - utils.logger2025-12-23-10.28.13 - INFO - 
[[ 62   1   4   0]
 [  5 133  23   5]
 [ 11  16  96  12]
 [  5   7  12  89]]
2025-12-23 10:29:17,374 - utils.logger2025-12-23-10.28.13 - INFO - Tst result of epoch 12 / 40 acc 0.7638 uar 0.8146 f1 0.7713
2025-12-23 10:29:17,374 - utils.logger2025-12-23-10.28.13 - INFO - 
[[ 61   5   4   0]
 [  5 145   9   2]
 [ 17  47 132  31]
 [  1   3   4  76]]
2025-12-23 10:29:17,921 - utils.logger2025-12-23-10.28.13 - INFO - Cur epoch 13 loss TA:0.6891 TV:0.7218 VA:1.3453 CE:0.2135
2025-12-23 10:29:18,417 - utils.logger2025-12-23-10.28.13 - INFO - Cur epoch 13 loss TA:0.6874 TV:0.7306 VA:1.3775 CE:0.1834
2025-12-23 10:29:18,843 - utils.logger2025-12-23-10.28.13 - INFO - Cur epoch 13 loss TA:0.6894 TV:0.7615 VA:1.3896 CE:0.2592
2025-12-23 10:29:19,253 - utils.logger2025-12-23-10.28.13 - INFO - Cur epoch 13 loss TA:0.7089 TV:0.7485 VA:1.3453 CE:0.2547
2025-12-23 10:29:19,662 - utils.logger2025-12-23-10.28.13 - INFO - Cur epoch 13 loss TA:0.7216 TV:0.7366 VA:1.4225 CE:0.3582
2025-12-23 10:29:20,140 - utils.logger2025-12-23-10.28.13 - INFO - Cur epoch 13 loss TA:0.7092 TV:0.7651 VA:1.4444 CE:0.2190
2025-12-23 10:29:20,636 - utils.logger2025-12-23-10.28.13 - INFO - Cur epoch 13 loss TA:0.7036 TV:0.7789 VA:1.4400 CE:0.4701
2025-12-23 10:29:20,851 - utils.logger2025-12-23-10.28.13 - INFO - saving the model at the end of epoch 13, iters 923
2025-12-23 10:29:20,979 - utils.logger2025-12-23-10.28.13 - INFO - End of training epoch 13 / 40 	 Time Taken: 3 sec
2025-12-23 10:29:20,979 - utils.logger2025-12-23-10.28.13 - INFO - learning rate = 0.0002000
2025-12-23 10:29:21,534 - utils.logger2025-12-23-10.28.13 - INFO - Val result of epoch 13 / 40 acc 0.7879 uar 0.7911 f1 0.7871
2025-12-23 10:29:21,534 - utils.logger2025-12-23-10.28.13 - INFO - 
[[ 60   2   5   0]
 [  5 139  22   0]
 [  5  17 112   1]
 [  9  12  24  68]]
2025-12-23 10:29:21,909 - utils.logger2025-12-23-10.28.13 - INFO - Tst result of epoch 13 / 40 acc 0.7694 uar 0.7935 f1 0.7812
2025-12-23 10:29:21,909 - utils.logger2025-12-23-10.28.13 - INFO - 
[[ 58   7   5   0]
 [  1 153   7   0]
 [ 10  61 141  15]
 [  2   8   9  65]]
2025-12-23 10:29:22,684 - utils.logger2025-12-23-10.28.13 - INFO - Cur epoch 14 loss TA:0.6652 TV:0.6789 VA:1.3506 CE:0.2388
2025-12-23 10:29:23,448 - utils.logger2025-12-23-10.28.13 - INFO - Cur epoch 14 loss TA:0.6679 TV:0.7594 VA:1.3614 CE:0.1244
2025-12-23 10:29:23,893 - utils.logger2025-12-23-10.28.13 - INFO - Cur epoch 14 loss TA:0.6705 TV:0.7274 VA:1.2840 CE:0.2250
2025-12-23 10:29:24,408 - utils.logger2025-12-23-10.28.13 - INFO - Cur epoch 14 loss TA:0.6660 TV:0.7056 VA:1.3704 CE:0.2072
2025-12-23 10:29:24,896 - utils.logger2025-12-23-10.28.13 - INFO - Cur epoch 14 loss TA:0.6287 TV:0.6889 VA:1.3242 CE:0.2800
2025-12-23 10:29:25,412 - utils.logger2025-12-23-10.28.13 - INFO - Cur epoch 14 loss TA:0.6765 TV:0.7071 VA:1.3430 CE:0.2268
2025-12-23 10:29:25,908 - utils.logger2025-12-23-10.28.13 - INFO - Cur epoch 14 loss TA:0.6820 TV:0.7389 VA:1.3672 CE:0.2679
2025-12-23 10:29:26,169 - utils.logger2025-12-23-10.28.13 - INFO - saving the model at the end of epoch 14, iters 994
2025-12-23 10:29:26,279 - utils.logger2025-12-23-10.28.13 - INFO - End of training epoch 14 / 40 	 Time Taken: 4 sec
2025-12-23 10:29:26,280 - utils.logger2025-12-23-10.28.13 - INFO - learning rate = 0.0002000
2025-12-23 10:29:27,104 - utils.logger2025-12-23-10.28.13 - INFO - Val result of epoch 14 / 40 acc 0.7942 uar 0.8025 f1 0.7917
2025-12-23 10:29:27,104 - utils.logger2025-12-23-10.28.13 - INFO - 
[[ 61   2   4   0]
 [  6 138  17   5]
 [  9  17 105   4]
 [ 10   9  16  78]]
2025-12-23 10:29:27,651 - utils.logger2025-12-23-10.28.13 - INFO - Tst result of epoch 14 / 40 acc 0.7491 uar 0.7948 f1 0.7548
2025-12-23 10:29:27,652 - utils.logger2025-12-23-10.28.13 - INFO - 
[[ 60   5   5   0]
 [  5 147   6   3]
 [ 20  54 128  25]
 [  2   4   7  71]]
2025-12-23 10:29:28,445 - utils.logger2025-12-23-10.28.13 - INFO - Cur epoch 15 loss TA:0.6446 TV:0.6948 VA:1.2919 CE:0.1539
2025-12-23 10:29:28,876 - utils.logger2025-12-23-10.28.13 - INFO - Cur epoch 15 loss TA:0.6519 TV:0.6881 VA:1.3576 CE:0.2968
2025-12-23 10:29:29,327 - utils.logger2025-12-23-10.28.13 - INFO - Cur epoch 15 loss TA:0.6525 TV:0.7248 VA:1.3883 CE:0.2591
2025-12-23 10:29:29,767 - utils.logger2025-12-23-10.28.13 - INFO - Cur epoch 15 loss TA:0.6526 TV:0.6931 VA:1.3801 CE:0.2175
2025-12-23 10:29:30,244 - utils.logger2025-12-23-10.28.13 - INFO - Cur epoch 15 loss TA:0.6449 TV:0.7097 VA:1.3290 CE:0.2233
2025-12-23 10:29:30,790 - utils.logger2025-12-23-10.28.13 - INFO - Cur epoch 15 loss TA:0.6329 TV:0.7137 VA:1.3493 CE:0.2347
2025-12-23 10:29:31,397 - utils.logger2025-12-23-10.28.13 - INFO - Cur epoch 15 loss TA:0.6966 TV:0.7456 VA:1.3512 CE:0.2022
2025-12-23 10:29:31,855 - utils.logger2025-12-23-10.28.13 - INFO - saving the model at the end of epoch 15, iters 1065
2025-12-23 10:29:31,954 - utils.logger2025-12-23-10.28.13 - INFO - End of training epoch 15 / 40 	 Time Taken: 4 sec
2025-12-23 10:29:31,954 - utils.logger2025-12-23-10.28.13 - INFO - learning rate = 0.0002000
2025-12-23 10:29:32,601 - utils.logger2025-12-23-10.28.13 - INFO - Val result of epoch 15 / 40 acc 0.8170 uar 0.8189 f1 0.8239
2025-12-23 10:29:32,602 - utils.logger2025-12-23-10.28.13 - INFO - 
[[ 60   2   5   0]
 [  1 148  15   2]
 [  3  21 103   8]
 [  3  12  16  82]]
2025-12-23 10:29:32,983 - utils.logger2025-12-23-10.28.13 - INFO - Tst result of epoch 15 / 40 acc 0.7380 uar 0.7801 f1 0.7512
2025-12-23 10:29:32,984 - utils.logger2025-12-23-10.28.13 - INFO - 
[[ 56   8   5   1]
 [  2 151   6   2]
 [ 10  69 122  26]
 [  2   5   6  71]]
2025-12-23 10:29:33,598 - utils.logger2025-12-23-10.28.13 - INFO - Cur epoch 16 loss TA:0.6641 TV:0.6956 VA:1.3588 CE:0.1514
2025-12-23 10:29:34,057 - utils.logger2025-12-23-10.28.13 - INFO - Cur epoch 16 loss TA:0.6478 TV:0.6801 VA:1.3598 CE:0.1709
2025-12-23 10:29:34,496 - utils.logger2025-12-23-10.28.13 - INFO - Cur epoch 16 loss TA:0.6526 TV:0.6895 VA:1.2955 CE:0.2779
2025-12-23 10:29:35,007 - utils.logger2025-12-23-10.28.13 - INFO - Cur epoch 16 loss TA:0.7163 TV:0.7448 VA:1.3694 CE:0.1866
2025-12-23 10:29:35,774 - utils.logger2025-12-23-10.28.13 - INFO - Cur epoch 16 loss TA:0.6491 TV:0.7003 VA:1.3439 CE:0.1230
2025-12-23 10:29:36,169 - utils.logger2025-12-23-10.28.13 - INFO - Cur epoch 16 loss TA:0.6431 TV:0.7112 VA:1.3092 CE:0.1580
2025-12-23 10:29:36,522 - utils.logger2025-12-23-10.28.13 - INFO - Cur epoch 16 loss TA:0.6206 TV:0.6868 VA:1.2893 CE:0.2132
2025-12-23 10:29:36,815 - utils.logger2025-12-23-10.28.13 - INFO - saving the model at the end of epoch 16, iters 1136
2025-12-23 10:29:36,925 - utils.logger2025-12-23-10.28.13 - INFO - End of training epoch 16 / 40 	 Time Taken: 3 sec
2025-12-23 10:29:36,925 - utils.logger2025-12-23-10.28.13 - INFO - learning rate = 0.0002000
2025-12-23 10:29:37,495 - utils.logger2025-12-23-10.28.13 - INFO - Val result of epoch 16 / 40 acc 0.8191 uar 0.8312 f1 0.8240
2025-12-23 10:29:37,496 - utils.logger2025-12-23-10.28.13 - INFO - 
[[ 61   2   4   0]
 [  3 137  20   6]
 [  7  14 101  13]
 [  3   4  11  95]]
2025-12-23 10:29:37,952 - utils.logger2025-12-23-10.28.13 - INFO - Tst result of epoch 16 / 40 acc 0.7601 uar 0.8094 f1 0.7729
2025-12-23 10:29:37,952 - utils.logger2025-12-23-10.28.13 - INFO - 
[[ 60   6   4   0]
 [  2 148   8   3]
 [ 11  55 129  32]
 [  1   3   5  75]]
2025-12-23 10:29:38,444 - utils.logger2025-12-23-10.28.13 - INFO - Cur epoch 17 loss TA:0.6455 TV:0.7344 VA:1.3758 CE:0.2737
2025-12-23 10:29:38,941 - utils.logger2025-12-23-10.28.13 - INFO - Cur epoch 17 loss TA:0.6239 TV:0.7006 VA:1.3124 CE:0.2951
2025-12-23 10:29:39,689 - utils.logger2025-12-23-10.28.13 - INFO - Cur epoch 17 loss TA:0.6802 TV:0.7117 VA:1.3848 CE:0.1334
2025-12-23 10:29:40,875 - utils.logger2025-12-23-10.28.13 - INFO - Cur epoch 17 loss TA:0.6829 TV:0.7039 VA:1.3581 CE:0.1052
2025-12-23 10:29:41,393 - utils.logger2025-12-23-10.28.13 - INFO - Cur epoch 17 loss TA:0.6365 TV:0.7113 VA:1.3336 CE:0.1725
2025-12-23 10:29:41,872 - utils.logger2025-12-23-10.28.13 - INFO - Cur epoch 17 loss TA:0.6378 TV:0.7070 VA:1.3108 CE:0.1529
2025-12-23 10:29:42,452 - utils.logger2025-12-23-10.28.13 - INFO - Cur epoch 17 loss TA:0.6415 TV:0.7111 VA:1.3539 CE:0.1918
2025-12-23 10:29:42,924 - utils.logger2025-12-23-10.28.13 - INFO - saving the model at the end of epoch 17, iters 1207
2025-12-23 10:29:43,046 - utils.logger2025-12-23-10.28.13 - INFO - End of training epoch 17 / 40 	 Time Taken: 5 sec
2025-12-23 10:29:43,047 - utils.logger2025-12-23-10.28.13 - INFO - learning rate = 0.0002000
2025-12-23 10:29:43,628 - utils.logger2025-12-23-10.28.13 - INFO - Val result of epoch 17 / 40 acc 0.7983 uar 0.7989 f1 0.7989
2025-12-23 10:29:43,628 - utils.logger2025-12-23-10.28.13 - INFO - 
[[ 59   3   5   0]
 [  4 145  16   1]
 [  4  19 105   7]
 [  6  10  22  75]]
2025-12-23 10:29:44,214 - utils.logger2025-12-23-10.28.13 - INFO - Tst result of epoch 17 / 40 acc 0.7472 uar 0.7883 f1 0.7601
2025-12-23 10:29:44,214 - utils.logger2025-12-23-10.28.13 - INFO - 
[[ 58   8   4   0]
 [  3 150   7   1]
 [ 10  64 127  26]
 [  2   6   6  70]]
2025-12-23 10:29:44,712 - utils.logger2025-12-23-10.28.13 - INFO - Cur epoch 18 loss TA:0.6225 TV:0.6962 VA:1.2851 CE:0.1027
2025-12-23 10:29:45,147 - utils.logger2025-12-23-10.28.13 - INFO - Cur epoch 18 loss TA:0.6335 TV:0.6759 VA:1.2947 CE:0.2191
2025-12-23 10:29:45,600 - utils.logger2025-12-23-10.28.13 - INFO - Cur epoch 18 loss TA:0.6440 TV:0.7044 VA:1.3635 CE:0.2810
2025-12-23 10:29:46,071 - utils.logger2025-12-23-10.28.13 - INFO - Cur epoch 18 loss TA:0.6814 TV:0.7396 VA:1.3356 CE:0.3741
2025-12-23 10:29:46,619 - utils.logger2025-12-23-10.28.13 - INFO - Cur epoch 18 loss TA:0.6382 TV:0.6841 VA:1.3053 CE:0.1172
2025-12-23 10:29:47,168 - utils.logger2025-12-23-10.28.13 - INFO - Cur epoch 18 loss TA:0.6679 TV:0.7053 VA:1.3794 CE:0.0673
2025-12-23 10:29:47,689 - utils.logger2025-12-23-10.28.13 - INFO - Cur epoch 18 loss TA:0.6492 TV:0.6840 VA:1.2922 CE:0.1429
2025-12-23 10:29:48,094 - utils.logger2025-12-23-10.28.13 - INFO - saving the model at the end of epoch 18, iters 1278
2025-12-23 10:29:48,178 - utils.logger2025-12-23-10.28.13 - INFO - End of training epoch 18 / 40 	 Time Taken: 3 sec
2025-12-23 10:29:48,178 - utils.logger2025-12-23-10.28.13 - INFO - learning rate = 0.0002000
2025-12-23 10:29:48,724 - utils.logger2025-12-23-10.28.13 - INFO - Val result of epoch 18 / 40 acc 0.7859 uar 0.7895 f1 0.7880
2025-12-23 10:29:48,724 - utils.logger2025-12-23-10.28.13 - INFO - 
[[ 59   3   5   0]
 [  3 142  17   4]
 [  6  21 100   8]
 [  6  11  19  77]]
2025-12-23 10:29:49,229 - utils.logger2025-12-23-10.28.13 - INFO - Tst result of epoch 18 / 40 acc 0.7472 uar 0.7910 f1 0.7600
2025-12-23 10:29:49,229 - utils.logger2025-12-23-10.28.13 - INFO - 
[[ 58   9   3   0]
 [  3 152   5   1]
 [ 13  66 124  24]
 [  1   7   5  71]]
2025-12-23 10:29:49,855 - utils.logger2025-12-23-10.28.13 - INFO - Cur epoch 19 loss TA:0.6836 TV:0.7292 VA:1.2898 CE:0.1614
2025-12-23 10:29:50,326 - utils.logger2025-12-23-10.28.13 - INFO - Cur epoch 19 loss TA:0.6435 TV:0.6974 VA:1.3110 CE:0.1122
2025-12-23 10:29:50,846 - utils.logger2025-12-23-10.28.13 - INFO - Cur epoch 19 loss TA:0.6289 TV:0.6794 VA:1.2744 CE:0.0988
2025-12-23 10:29:51,389 - utils.logger2025-12-23-10.28.13 - INFO - Cur epoch 19 loss TA:0.6724 TV:0.7444 VA:1.3753 CE:0.3039
2025-12-23 10:29:51,918 - utils.logger2025-12-23-10.28.13 - INFO - Cur epoch 19 loss TA:0.6449 TV:0.6899 VA:1.3047 CE:0.0930
2025-12-23 10:29:52,534 - utils.logger2025-12-23-10.28.13 - INFO - Cur epoch 19 loss TA:0.6326 TV:0.7013 VA:1.2833 CE:0.2060
2025-12-23 10:29:52,940 - utils.logger2025-12-23-10.28.13 - INFO - Cur epoch 19 loss TA:0.6620 TV:0.6641 VA:1.3303 CE:0.1876
2025-12-23 10:29:53,403 - utils.logger2025-12-23-10.28.13 - INFO - saving the model at the end of epoch 19, iters 1349
2025-12-23 10:29:53,502 - utils.logger2025-12-23-10.28.13 - INFO - End of training epoch 19 / 40 	 Time Taken: 4 sec
2025-12-23 10:29:53,503 - utils.logger2025-12-23-10.28.13 - INFO - learning rate = 0.0002000
2025-12-23 10:29:54,108 - utils.logger2025-12-23-10.28.13 - INFO - Val result of epoch 19 / 40 acc 0.7838 uar 0.7884 f1 0.7865
2025-12-23 10:29:54,109 - utils.logger2025-12-23-10.28.13 - INFO - 
[[ 59   3   5   0]
 [  4 140  20   2]
 [  6  20 101   8]
 [  6  12  18  77]]
2025-12-23 10:29:54,646 - utils.logger2025-12-23-10.28.13 - INFO - Tst result of epoch 19 / 40 acc 0.7638 uar 0.8041 f1 0.7749
2025-12-23 10:29:54,647 - utils.logger2025-12-23-10.28.13 - INFO - 
[[ 60   6   4   0]
 [  3 148   8   2]
 [ 14  56 135  22]
 [  1   6   6  71]]
2025-12-23 10:29:55,102 - utils.logger2025-12-23-10.28.13 - INFO - Cur epoch 20 loss TA:0.6508 TV:0.7070 VA:1.2869 CE:0.2703
2025-12-23 10:29:55,714 - utils.logger2025-12-23-10.28.13 - INFO - Cur epoch 20 loss TA:0.6440 TV:0.6829 VA:1.2781 CE:0.1722
2025-12-23 10:29:56,405 - utils.logger2025-12-23-10.28.13 - INFO - Cur epoch 20 loss TA:0.6202 TV:0.7175 VA:1.3563 CE:0.1049
2025-12-23 10:29:57,393 - utils.logger2025-12-23-10.28.13 - INFO - Cur epoch 20 loss TA:0.6314 TV:0.6814 VA:1.3434 CE:0.0878
2025-12-23 10:29:57,863 - utils.logger2025-12-23-10.28.13 - INFO - Cur epoch 20 loss TA:0.6380 TV:0.6666 VA:1.2886 CE:0.0608
2025-12-23 10:29:58,343 - utils.logger2025-12-23-10.28.13 - INFO - Cur epoch 20 loss TA:0.6264 TV:0.6847 VA:1.2444 CE:0.2317
2025-12-23 10:29:58,893 - utils.logger2025-12-23-10.28.13 - INFO - Cur epoch 20 loss TA:0.6373 TV:0.7084 VA:1.3284 CE:0.1642
2025-12-23 10:29:59,455 - utils.logger2025-12-23-10.28.13 - INFO - Cur epoch 20 loss TA:0.3777 TV:0.4373 VA:0.7822 CE:0.2632
2025-12-23 10:29:59,525 - utils.logger2025-12-23-10.28.13 - INFO - saving the model at the end of epoch 20, iters 1420
2025-12-23 10:29:59,652 - utils.logger2025-12-23-10.28.13 - INFO - End of training epoch 20 / 40 	 Time Taken: 5 sec
2025-12-23 10:29:59,652 - utils.logger2025-12-23-10.28.13 - INFO - learning rate = 0.0002000
2025-12-23 10:30:00,112 - utils.logger2025-12-23-10.28.13 - INFO - Val result of epoch 20 / 40 acc 0.7942 uar 0.8101 f1 0.7928
2025-12-23 10:30:00,112 - utils.logger2025-12-23-10.28.13 - INFO - 
[[ 63   0   4   0]
 [  9 133  19   5]
 [ 11  16 102   6]
 [ 10   6  13  84]]
2025-12-23 10:30:00,868 - utils.logger2025-12-23-10.28.13 - INFO - Tst result of epoch 20 / 40 acc 0.7638 uar 0.8224 f1 0.7742
2025-12-23 10:30:00,868 - utils.logger2025-12-23-10.28.13 - INFO - 
[[ 64   3   3   0]
 [  5 146   8   2]
 [ 18  53 128  28]
 [  2   3   3  76]]
2025-12-23 10:30:01,752 - utils.logger2025-12-23-10.28.13 - INFO - Cur epoch 21 loss TA:0.6120 TV:0.6753 VA:1.2178 CE:0.2555
2025-12-23 10:30:02,174 - utils.logger2025-12-23-10.28.13 - INFO - Cur epoch 21 loss TA:0.6295 TV:0.6582 VA:1.2610 CE:0.0820
2025-12-23 10:30:02,644 - utils.logger2025-12-23-10.28.13 - INFO - Cur epoch 21 loss TA:0.6942 TV:0.7329 VA:1.3698 CE:0.1775
2025-12-23 10:30:03,143 - utils.logger2025-12-23-10.28.13 - INFO - Cur epoch 21 loss TA:0.6339 TV:0.6764 VA:1.3087 CE:0.1558
2025-12-23 10:30:03,669 - utils.logger2025-12-23-10.28.13 - INFO - Cur epoch 21 loss TA:0.6099 TV:0.6877 VA:1.3225 CE:0.1595
2025-12-23 10:30:04,193 - utils.logger2025-12-23-10.28.13 - INFO - Cur epoch 21 loss TA:0.6231 TV:0.6796 VA:1.3031 CE:0.1289
2025-12-23 10:30:05,047 - utils.logger2025-12-23-10.28.13 - INFO - Cur epoch 21 loss TA:0.6326 TV:0.6929 VA:1.3181 CE:0.4850
2025-12-23 10:30:05,290 - utils.logger2025-12-23-10.28.13 - INFO - saving the model at the end of epoch 21, iters 1491
2025-12-23 10:30:05,426 - utils.logger2025-12-23-10.28.13 - INFO - End of training epoch 21 / 40 	 Time Taken: 4 sec
2025-12-23 10:30:05,427 - utils.logger2025-12-23-10.28.13 - INFO - learning rate = 0.0002000
2025-12-23 10:30:06,013 - utils.logger2025-12-23-10.28.13 - INFO - Val result of epoch 21 / 40 acc 0.7796 uar 0.7940 f1 0.7748
2025-12-23 10:30:06,013 - utils.logger2025-12-23-10.28.13 - INFO - 
[[ 63   1   3   0]
 [ 10 138  14   4]
 [ 16  19  94   6]
 [ 10   9  14  80]]
2025-12-23 10:30:06,707 - utils.logger2025-12-23-10.28.13 - INFO - Tst result of epoch 21 / 40 acc 0.7417 uar 0.8013 f1 0.7525
2025-12-23 10:30:06,708 - utils.logger2025-12-23-10.28.13 - INFO - 
[[ 64   2   4   0]
 [  7 145   7   2]
 [ 19  61 121  26]
 [  3   4   5  72]]
2025-12-23 10:30:07,589 - utils.logger2025-12-23-10.28.13 - INFO - Cur epoch 22 loss TA:0.6164 TV:0.6572 VA:1.2802 CE:0.0717
2025-12-23 10:30:08,128 - utils.logger2025-12-23-10.28.13 - INFO - Cur epoch 22 loss TA:0.6664 TV:0.7443 VA:1.2796 CE:0.1610
2025-12-23 10:30:08,712 - utils.logger2025-12-23-10.28.13 - INFO - Cur epoch 22 loss TA:0.6487 TV:0.6810 VA:1.2778 CE:0.1877
2025-12-23 10:30:09,384 - utils.logger2025-12-23-10.28.13 - INFO - Cur epoch 22 loss TA:0.6448 TV:0.7033 VA:1.3297 CE:0.0886
2025-12-23 10:30:10,080 - utils.logger2025-12-23-10.28.13 - INFO - Cur epoch 22 loss TA:0.5917 TV:0.6501 VA:1.2557 CE:0.0592
2025-12-23 10:30:10,681 - utils.logger2025-12-23-10.28.13 - INFO - Cur epoch 22 loss TA:0.6087 TV:0.6753 VA:1.2543 CE:0.2290
2025-12-23 10:30:11,256 - utils.logger2025-12-23-10.28.13 - INFO - Cur epoch 22 loss TA:0.6112 TV:0.6667 VA:1.2690 CE:0.1231
2025-12-23 10:30:11,405 - utils.logger2025-12-23-10.28.13 - INFO - saving the model at the end of epoch 22, iters 1562
2025-12-23 10:30:11,506 - utils.logger2025-12-23-10.28.13 - INFO - End of training epoch 22 / 40 	 Time Taken: 4 sec
2025-12-23 10:30:11,506 - utils.logger2025-12-23-10.28.13 - INFO - learning rate = 0.0002000
2025-12-23 10:30:12,117 - utils.logger2025-12-23-10.28.13 - INFO - Val result of epoch 22 / 40 acc 0.7651 uar 0.7713 f1 0.7623
2025-12-23 10:30:12,117 - utils.logger2025-12-23-10.28.13 - INFO - 
[[ 60   1   6   0]
 [  7 134  23   2]
 [  8  17 109   1]
 [ 10  10  28  65]]
2025-12-23 10:30:12,742 - utils.logger2025-12-23-10.28.13 - INFO - Tst result of epoch 22 / 40 acc 0.7786 uar 0.8018 f1 0.7862
2025-12-23 10:30:12,742 - utils.logger2025-12-23-10.28.13 - INFO - 
[[ 61   5   4   0]
 [  3 147  10   1]
 [ 14  50 150  13]
 [  2   6  12  64]]
2025-12-23 10:30:13,313 - utils.logger2025-12-23-10.28.13 - INFO - Cur epoch 23 loss TA:0.6401 TV:0.6763 VA:1.3093 CE:0.1008
2025-12-23 10:30:13,904 - utils.logger2025-12-23-10.28.13 - INFO - Cur epoch 23 loss TA:0.5952 TV:0.6637 VA:1.2307 CE:0.0578
2025-12-23 10:30:14,826 - utils.logger2025-12-23-10.28.13 - INFO - Cur epoch 23 loss TA:0.5993 TV:0.6327 VA:1.2913 CE:0.1867
2025-12-23 10:30:15,250 - utils.logger2025-12-23-10.28.13 - INFO - Cur epoch 23 loss TA:0.5945 TV:0.6502 VA:1.2504 CE:0.0951
2025-12-23 10:30:15,711 - utils.logger2025-12-23-10.28.13 - INFO - Cur epoch 23 loss TA:0.6358 TV:0.6680 VA:1.2281 CE:0.1454
2025-12-23 10:30:16,155 - utils.logger2025-12-23-10.28.13 - INFO - Cur epoch 23 loss TA:0.6323 TV:0.6659 VA:1.2213 CE:0.2980
2025-12-23 10:30:16,657 - utils.logger2025-12-23-10.28.13 - INFO - Cur epoch 23 loss TA:0.5926 TV:0.6719 VA:1.2270 CE:0.1215
2025-12-23 10:30:16,877 - utils.logger2025-12-23-10.28.13 - INFO - saving the model at the end of epoch 23, iters 1633
2025-12-23 10:30:16,975 - utils.logger2025-12-23-10.28.13 - INFO - End of training epoch 23 / 40 	 Time Taken: 4 sec
2025-12-23 10:30:16,975 - utils.logger2025-12-23-10.28.13 - INFO - learning rate = 0.0002000
2025-12-23 10:30:17,335 - utils.logger2025-12-23-10.28.13 - INFO - Val result of epoch 23 / 40 acc 0.8025 uar 0.8046 f1 0.7998
2025-12-23 10:30:17,335 - utils.logger2025-12-23-10.28.13 - INFO - 
[[ 61   2   4   0]
 [  4 147  14   1]
 [  6  22 106   1]
 [ 10  12  19  72]]
2025-12-23 10:30:17,731 - utils.logger2025-12-23-10.28.13 - INFO - Tst result of epoch 23 / 40 acc 0.7583 uar 0.7929 f1 0.7717
2025-12-23 10:30:17,731 - utils.logger2025-12-23-10.28.13 - INFO - 
[[ 61   6   3   0]
 [  3 150   7   1]
 [ 13  64 135  15]
 [  2   6  11  65]]
2025-12-23 10:30:18,382 - utils.logger2025-12-23-10.28.13 - INFO - Cur epoch 24 loss TA:0.6086 TV:0.6763 VA:1.3069 CE:0.0619
2025-12-23 10:30:18,776 - utils.logger2025-12-23-10.28.13 - INFO - Cur epoch 24 loss TA:0.6365 TV:0.6828 VA:1.2897 CE:0.1809
2025-12-23 10:30:19,699 - utils.logger2025-12-23-10.28.13 - INFO - Cur epoch 24 loss TA:0.6117 TV:0.6821 VA:1.3226 CE:0.0834
2025-12-23 10:30:20,196 - utils.logger2025-12-23-10.28.13 - INFO - Cur epoch 24 loss TA:0.6492 TV:0.6871 VA:1.2924 CE:0.1060
2025-12-23 10:30:20,694 - utils.logger2025-12-23-10.28.13 - INFO - Cur epoch 24 loss TA:0.6192 TV:0.6419 VA:1.2174 CE:0.0469
2025-12-23 10:30:21,180 - utils.logger2025-12-23-10.28.13 - INFO - Cur epoch 24 loss TA:0.6376 TV:0.6926 VA:1.2434 CE:0.0861
2025-12-23 10:30:21,698 - utils.logger2025-12-23-10.28.13 - INFO - Cur epoch 24 loss TA:0.6362 TV:0.6822 VA:1.2589 CE:0.2143
2025-12-23 10:30:21,975 - utils.logger2025-12-23-10.28.13 - INFO - saving the model at the end of epoch 24, iters 1704
2025-12-23 10:30:22,296 - utils.logger2025-12-23-10.28.13 - INFO - End of training epoch 24 / 40 	 Time Taken: 4 sec
2025-12-23 10:30:22,297 - utils.logger2025-12-23-10.28.13 - INFO - learning rate = 0.0002000
2025-12-23 10:30:23,200 - utils.logger2025-12-23-10.28.13 - INFO - Val result of epoch 24 / 40 acc 0.7963 uar 0.7959 f1 0.7971
2025-12-23 10:30:23,201 - utils.logger2025-12-23-10.28.13 - INFO - 
[[ 58   4   5   0]
 [  4 146  16   0]
 [  5  22 101   7]
 [  6  13  16  78]]
2025-12-23 10:30:23,589 - utils.logger2025-12-23-10.28.13 - INFO - Tst result of epoch 24 / 40 acc 0.7491 uar 0.7926 f1 0.7646
2025-12-23 10:30:23,590 - utils.logger2025-12-23-10.28.13 - INFO - 
[[ 58   9   3   0]
 [  1 153   6   1]
 [ 11  69 124  23]
 [  2   6   5  71]]
2025-12-23 10:30:24,459 - utils.logger2025-12-23-10.28.13 - INFO - Cur epoch 25 loss TA:0.5979 TV:0.6374 VA:1.2017 CE:0.0700
2025-12-23 10:30:25,034 - utils.logger2025-12-23-10.28.13 - INFO - Cur epoch 25 loss TA:0.6143 TV:0.6292 VA:1.2185 CE:0.1926
2025-12-23 10:30:25,482 - utils.logger2025-12-23-10.28.13 - INFO - Cur epoch 25 loss TA:0.5976 TV:0.6804 VA:1.2283 CE:0.0766
2025-12-23 10:30:25,913 - utils.logger2025-12-23-10.28.13 - INFO - Cur epoch 25 loss TA:0.6214 TV:0.6779 VA:1.2344 CE:0.1102
2025-12-23 10:30:26,360 - utils.logger2025-12-23-10.28.13 - INFO - Cur epoch 25 loss TA:0.5977 TV:0.6925 VA:1.2577 CE:0.0849
2025-12-23 10:30:26,982 - utils.logger2025-12-23-10.28.13 - INFO - Cur epoch 25 loss TA:0.6269 TV:0.6794 VA:1.2365 CE:0.1657
2025-12-23 10:30:27,368 - utils.logger2025-12-23-10.28.13 - INFO - Cur epoch 25 loss TA:0.6210 TV:0.6598 VA:1.2396 CE:0.2371
2025-12-23 10:30:27,642 - utils.logger2025-12-23-10.28.13 - INFO - saving the model at the end of epoch 25, iters 1775
2025-12-23 10:30:27,729 - utils.logger2025-12-23-10.28.13 - INFO - End of training epoch 25 / 40 	 Time Taken: 4 sec
2025-12-23 10:30:27,730 - utils.logger2025-12-23-10.28.13 - INFO - learning rate = 0.0002000
2025-12-23 10:30:28,412 - utils.logger2025-12-23-10.28.13 - INFO - Val result of epoch 25 / 40 acc 0.7775 uar 0.7937 f1 0.7767
2025-12-23 10:30:28,412 - utils.logger2025-12-23-10.28.13 - INFO - 
[[ 62   1   4   0]
 [ 11 127  27   1]
 [ 14  13 106   2]
 [ 11   6  17  79]]
2025-12-23 10:30:29,037 - utils.logger2025-12-23-10.28.13 - INFO - Tst result of epoch 25 / 40 acc 0.7970 uar 0.8312 f1 0.8045
2025-12-23 10:30:29,037 - utils.logger2025-12-23-10.28.13 - INFO - 
[[ 65   2   3   0]
 [  2 145  13   1]
 [ 16  39 153  19]
 [  2   4   9  69]]
2025-12-23 10:30:29,567 - utils.logger2025-12-23-10.28.13 - INFO - Cur epoch 26 loss TA:0.5949 TV:0.6626 VA:1.2833 CE:0.0467
2025-12-23 10:30:30,085 - utils.logger2025-12-23-10.28.13 - INFO - Cur epoch 26 loss TA:0.6053 TV:0.6495 VA:1.1985 CE:0.0702
2025-12-23 10:30:30,612 - utils.logger2025-12-23-10.28.13 - INFO - Cur epoch 26 loss TA:0.6037 TV:0.6804 VA:1.2430 CE:0.1667
2025-12-23 10:30:31,242 - utils.logger2025-12-23-10.28.13 - INFO - Cur epoch 26 loss TA:0.6534 TV:0.6920 VA:1.2741 CE:0.0562
2025-12-23 10:30:31,630 - utils.logger2025-12-23-10.28.13 - INFO - Cur epoch 26 loss TA:0.6043 TV:0.6627 VA:1.2628 CE:0.0797
2025-12-23 10:30:32,026 - utils.logger2025-12-23-10.28.13 - INFO - Cur epoch 26 loss TA:0.6171 TV:0.6451 VA:1.2347 CE:0.1000
2025-12-23 10:30:32,471 - utils.logger2025-12-23-10.28.13 - INFO - Cur epoch 26 loss TA:0.6211 TV:0.6305 VA:1.1744 CE:0.0751
2025-12-23 10:30:32,798 - utils.logger2025-12-23-10.28.13 - INFO - saving the model at the end of epoch 26, iters 1846
2025-12-23 10:30:32,900 - utils.logger2025-12-23-10.28.13 - INFO - End of training epoch 26 / 40 	 Time Taken: 3 sec
2025-12-23 10:30:32,901 - utils.logger2025-12-23-10.28.13 - INFO - learning rate = 0.0002000
2025-12-23 10:30:33,443 - utils.logger2025-12-23-10.28.13 - INFO - Val result of epoch 26 / 40 acc 0.8067 uar 0.8190 f1 0.8120
2025-12-23 10:30:33,443 - utils.logger2025-12-23-10.28.13 - INFO - 
[[ 62   2   3   0]
 [  6 132  28   0]
 [  4  12 112   7]
 [  7   6  18  82]]
2025-12-23 10:30:33,813 - utils.logger2025-12-23-10.28.13 - INFO - Tst result of epoch 26 / 40 acc 0.7878 uar 0.8159 f1 0.7963
2025-12-23 10:30:33,813 - utils.logger2025-12-23-10.28.13 - INFO - 
[[ 62   4   4   0]
 [  3 144  12   2]
 [ 14  44 153  16]
 [  1   4  11  68]]
2025-12-23 10:30:34,192 - utils.logger2025-12-23-10.28.13 - INFO - Cur epoch 27 loss TA:0.5962 TV:0.6411 VA:1.2303 CE:0.0589
2025-12-23 10:30:34,862 - utils.logger2025-12-23-10.28.13 - INFO - Cur epoch 27 loss TA:0.6041 TV:0.6687 VA:1.2555 CE:0.3346
2025-12-23 10:30:35,312 - utils.logger2025-12-23-10.28.13 - INFO - Cur epoch 27 loss TA:0.5785 TV:0.6047 VA:1.1723 CE:0.1562
2025-12-23 10:30:36,059 - utils.logger2025-12-23-10.28.13 - INFO - Cur epoch 27 loss TA:0.5957 TV:0.6555 VA:1.2421 CE:0.1100
2025-12-23 10:30:36,571 - utils.logger2025-12-23-10.28.13 - INFO - Cur epoch 27 loss TA:0.5990 TV:0.6586 VA:1.2391 CE:0.1193
2025-12-23 10:30:37,077 - utils.logger2025-12-23-10.28.13 - INFO - Cur epoch 27 loss TA:0.6211 TV:0.6797 VA:1.2980 CE:0.0895
2025-12-23 10:30:37,578 - utils.logger2025-12-23-10.28.13 - INFO - Cur epoch 27 loss TA:0.5987 TV:0.6808 VA:1.2349 CE:0.0335
2025-12-23 10:30:37,981 - utils.logger2025-12-23-10.28.13 - INFO - saving the model at the end of epoch 27, iters 1917
2025-12-23 10:30:38,089 - utils.logger2025-12-23-10.28.13 - INFO - End of training epoch 27 / 40 	 Time Taken: 4 sec
2025-12-23 10:30:38,089 - utils.logger2025-12-23-10.28.13 - INFO - learning rate = 0.0002000
2025-12-23 10:30:38,554 - utils.logger2025-12-23-10.28.13 - INFO - Val result of epoch 27 / 40 acc 0.7963 uar 0.8050 f1 0.8011
2025-12-23 10:30:38,554 - utils.logger2025-12-23-10.28.13 - INFO - 
[[ 61   2   4   0]
 [  7 135  22   2]
 [  5  16 110   4]
 [  4  10  22  77]]
2025-12-23 10:30:39,173 - utils.logger2025-12-23-10.28.13 - INFO - Tst result of epoch 27 / 40 acc 0.7749 uar 0.8053 f1 0.7833
2025-12-23 10:30:39,173 - utils.logger2025-12-23-10.28.13 - INFO - 
[[ 61   5   4   0]
 [  5 143  11   2]
 [ 12  47 148  20]
 [  1   4  11  68]]
2025-12-23 10:30:40,184 - utils.logger2025-12-23-10.28.13 - INFO - Cur epoch 28 loss TA:0.6110 TV:0.6524 VA:1.1870 CE:0.1112
2025-12-23 10:30:40,750 - utils.logger2025-12-23-10.28.13 - INFO - Cur epoch 28 loss TA:0.6236 TV:0.6574 VA:1.2089 CE:0.1066
2025-12-23 10:30:41,208 - utils.logger2025-12-23-10.28.13 - INFO - Cur epoch 28 loss TA:0.6142 TV:0.6548 VA:1.2497 CE:0.1163
2025-12-23 10:30:41,744 - utils.logger2025-12-23-10.28.13 - INFO - Cur epoch 28 loss TA:0.6228 TV:0.6689 VA:1.2266 CE:0.2270
2025-12-23 10:30:42,298 - utils.logger2025-12-23-10.28.13 - INFO - Cur epoch 28 loss TA:0.5998 TV:0.6688 VA:1.2758 CE:0.0978
2025-12-23 10:30:42,823 - utils.logger2025-12-23-10.28.13 - INFO - Cur epoch 28 loss TA:0.5729 TV:0.6258 VA:1.1500 CE:0.1279
2025-12-23 10:30:43,323 - utils.logger2025-12-23-10.28.13 - INFO - Cur epoch 28 loss TA:0.6092 TV:0.6269 VA:1.2193 CE:0.1809
2025-12-23 10:30:43,829 - utils.logger2025-12-23-10.28.13 - INFO - saving the model at the end of epoch 28, iters 1988
2025-12-23 10:30:43,924 - utils.logger2025-12-23-10.28.13 - INFO - End of training epoch 28 / 40 	 Time Taken: 4 sec
2025-12-23 10:30:43,924 - utils.logger2025-12-23-10.28.13 - INFO - learning rate = 0.0002000
2025-12-23 10:30:44,895 - utils.logger2025-12-23-10.28.13 - INFO - Val result of epoch 28 / 40 acc 0.8233 uar 0.8313 f1 0.8262
2025-12-23 10:30:44,895 - utils.logger2025-12-23-10.28.13 - INFO - 
[[ 61   2   4   0]
 [  4 141  19   2]
 [  4  17 105   9]
 [  7   7  10  89]]
2025-12-23 10:30:45,570 - utils.logger2025-12-23-10.28.13 - INFO - Tst result of epoch 28 / 40 acc 0.7435 uar 0.7943 f1 0.7596
2025-12-23 10:30:45,571 - utils.logger2025-12-23-10.28.13 - INFO - 
[[ 60   6   4   0]
 [  4 149   7   1]
 [ 10  66 122  29]
 [  1   6   5  72]]
2025-12-23 10:30:46,169 - utils.logger2025-12-23-10.28.13 - INFO - Cur epoch 29 loss TA:0.5635 TV:0.6116 VA:1.1730 CE:0.0652
2025-12-23 10:30:46,752 - utils.logger2025-12-23-10.28.13 - INFO - Cur epoch 29 loss TA:0.6193 TV:0.6629 VA:1.2004 CE:0.1455
2025-12-23 10:30:47,309 - utils.logger2025-12-23-10.28.13 - INFO - Cur epoch 29 loss TA:0.5513 TV:0.6105 VA:1.2095 CE:0.0708
2025-12-23 10:30:47,894 - utils.logger2025-12-23-10.28.13 - INFO - Cur epoch 29 loss TA:0.5891 TV:0.6473 VA:1.2365 CE:0.0749
2025-12-23 10:30:48,465 - utils.logger2025-12-23-10.28.13 - INFO - Cur epoch 29 loss TA:0.5758 TV:0.6489 VA:1.2282 CE:0.2682
2025-12-23 10:30:48,888 - utils.logger2025-12-23-10.28.13 - INFO - Cur epoch 29 loss TA:0.5836 TV:0.6534 VA:1.2306 CE:0.0425
2025-12-23 10:30:49,691 - utils.logger2025-12-23-10.28.13 - INFO - Cur epoch 29 loss TA:0.6031 TV:0.6341 VA:1.1928 CE:0.0120
2025-12-23 10:30:50,292 - utils.logger2025-12-23-10.28.13 - INFO - saving the model at the end of epoch 29, iters 2059
2025-12-23 10:30:50,398 - utils.logger2025-12-23-10.28.13 - INFO - End of training epoch 29 / 40 	 Time Taken: 4 sec
2025-12-23 10:30:50,399 - utils.logger2025-12-23-10.28.13 - INFO - learning rate = 0.0002000
2025-12-23 10:30:50,958 - utils.logger2025-12-23-10.28.13 - INFO - Val result of epoch 29 / 40 acc 0.8004 uar 0.8095 f1 0.8010
2025-12-23 10:30:50,958 - utils.logger2025-12-23-10.28.13 - INFO - 
[[ 61   3   3   0]
 [  4 140  18   4]
 [  9  17 100   9]
 [  7  10  12  84]]
2025-12-23 10:30:51,644 - utils.logger2025-12-23-10.28.13 - INFO - Tst result of epoch 29 / 40 acc 0.7657 uar 0.8061 f1 0.7763
2025-12-23 10:30:51,645 - utils.logger2025-12-23-10.28.13 - INFO - 
[[ 60   5   5   0]
 [  3 150   7   1]
 [ 12  55 134  26]
 [  1   6   6  71]]
2025-12-23 10:30:51,903 - utils.logger2025-12-23-10.28.13 - INFO - Cur epoch 30 loss TA:0.6118 TV:0.6426 VA:1.2448 CE:0.1564
2025-12-23 10:30:52,433 - utils.logger2025-12-23-10.28.13 - INFO - Cur epoch 30 loss TA:0.6040 TV:0.6379 VA:1.1978 CE:0.0795
2025-12-23 10:30:53,007 - utils.logger2025-12-23-10.28.13 - INFO - Cur epoch 30 loss TA:0.5965 TV:0.6655 VA:1.2128 CE:0.1685
2025-12-23 10:30:53,808 - utils.logger2025-12-23-10.28.13 - INFO - Cur epoch 30 loss TA:0.6133 TV:0.6466 VA:1.2120 CE:0.0740
2025-12-23 10:30:54,255 - utils.logger2025-12-23-10.28.13 - INFO - Cur epoch 30 loss TA:0.5983 TV:0.6587 VA:1.1620 CE:0.0828
2025-12-23 10:30:54,677 - utils.logger2025-12-23-10.28.13 - INFO - Cur epoch 30 loss TA:0.5647 TV:0.6042 VA:1.1193 CE:0.0497
2025-12-23 10:30:55,151 - utils.logger2025-12-23-10.28.13 - INFO - Cur epoch 30 loss TA:0.5991 TV:0.6529 VA:1.2255 CE:0.2011
2025-12-23 10:30:55,634 - utils.logger2025-12-23-10.28.13 - INFO - Cur epoch 30 loss TA:0.3678 TV:0.4361 VA:0.7503 CE:0.0898
2025-12-23 10:30:55,689 - utils.logger2025-12-23-10.28.13 - INFO - saving the model at the end of epoch 30, iters 2130
2025-12-23 10:30:55,799 - utils.logger2025-12-23-10.28.13 - INFO - End of training epoch 30 / 40 	 Time Taken: 4 sec
2025-12-23 10:30:55,799 - utils.logger2025-12-23-10.28.13 - INFO - learning rate = 0.0001818
2025-12-23 10:30:56,238 - utils.logger2025-12-23-10.28.13 - INFO - Val result of epoch 30 / 40 acc 0.8150 uar 0.8175 f1 0.8179
2025-12-23 10:30:56,239 - utils.logger2025-12-23-10.28.13 - INFO - 
[[ 58   2   4   3]
 [  2 141  18   5]
 [  3  15 106  11]
 [  5   9  12  87]]
2025-12-23 10:30:56,612 - utils.logger2025-12-23-10.28.13 - INFO - Tst result of epoch 30 / 40 acc 0.7694 uar 0.8040 f1 0.7799
2025-12-23 10:30:56,612 - utils.logger2025-12-23-10.28.13 - INFO - 
[[ 59   6   4   1]
 [  4 146   9   2]
 [ 10  52 141  24]
 [  0   5   8  71]]
2025-12-23 10:30:57,616 - utils.logger2025-12-23-10.28.13 - INFO - Cur epoch 31 loss TA:0.5585 TV:0.6120 VA:1.1600 CE:0.1188
2025-12-23 10:30:58,019 - utils.logger2025-12-23-10.28.13 - INFO - Cur epoch 31 loss TA:0.6073 TV:0.6582 VA:1.2430 CE:0.0886
2025-12-23 10:30:58,525 - utils.logger2025-12-23-10.28.13 - INFO - Cur epoch 31 loss TA:0.5993 TV:0.6465 VA:1.1289 CE:0.1657
2025-12-23 10:30:59,033 - utils.logger2025-12-23-10.28.13 - INFO - Cur epoch 31 loss TA:0.5841 TV:0.6356 VA:1.2309 CE:0.0486
2025-12-23 10:30:59,565 - utils.logger2025-12-23-10.28.13 - INFO - Cur epoch 31 loss TA:0.5771 TV:0.5921 VA:1.0958 CE:0.1329
2025-12-23 10:31:00,070 - utils.logger2025-12-23-10.28.13 - INFO - Cur epoch 31 loss TA:0.6028 TV:0.6736 VA:1.2157 CE:0.1603
2025-12-23 10:31:00,577 - utils.logger2025-12-23-10.28.13 - INFO - Cur epoch 31 loss TA:0.5935 TV:0.6551 VA:1.2591 CE:0.0314
2025-12-23 10:31:00,731 - utils.logger2025-12-23-10.28.13 - INFO - saving the model at the end of epoch 31, iters 2201
2025-12-23 10:31:00,821 - utils.logger2025-12-23-10.28.13 - INFO - End of training epoch 31 / 40 	 Time Taken: 4 sec
2025-12-23 10:31:00,821 - utils.logger2025-12-23-10.28.13 - INFO - learning rate = 0.0001636
2025-12-23 10:31:01,683 - utils.logger2025-12-23-10.28.13 - INFO - Val result of epoch 31 / 40 acc 0.7796 uar 0.7879 f1 0.7829
2025-12-23 10:31:01,684 - utils.logger2025-12-23-10.28.13 - INFO - 
[[ 60   2   5   0]
 [  3 134  24   5]
 [  7  15 106   7]
 [  7   9  22  75]]
2025-12-23 10:31:02,336 - utils.logger2025-12-23-10.28.13 - INFO - Tst result of epoch 31 / 40 acc 0.7804 uar 0.8097 f1 0.7883
2025-12-23 10:31:02,337 - utils.logger2025-12-23-10.28.13 - INFO - 
[[ 59   7   4   0]
 [  4 144  11   2]
 [ 14  47 149  17]
 [  1   5   7  71]]
2025-12-23 10:31:03,181 - utils.logger2025-12-23-10.28.13 - INFO - Cur epoch 32 loss TA:0.6021 TV:0.6376 VA:1.1616 CE:0.1009
2025-12-23 10:31:03,751 - utils.logger2025-12-23-10.28.13 - INFO - Cur epoch 32 loss TA:0.5743 TV:0.6167 VA:1.1619 CE:0.1190
2025-12-23 10:31:04,330 - utils.logger2025-12-23-10.28.13 - INFO - Cur epoch 32 loss TA:0.5573 TV:0.6187 VA:1.1796 CE:0.1670
2025-12-23 10:31:04,899 - utils.logger2025-12-23-10.28.13 - INFO - Cur epoch 32 loss TA:0.5524 TV:0.6337 VA:1.1989 CE:0.0405
2025-12-23 10:31:05,699 - utils.logger2025-12-23-10.28.13 - INFO - Cur epoch 32 loss TA:0.6158 TV:0.6816 VA:1.2110 CE:0.0930
2025-12-23 10:31:06,732 - utils.logger2025-12-23-10.28.13 - INFO - Cur epoch 32 loss TA:0.6224 TV:0.6625 VA:1.2349 CE:0.0931
2025-12-23 10:31:07,144 - utils.logger2025-12-23-10.28.13 - INFO - Cur epoch 32 loss TA:0.5879 TV:0.6406 VA:1.1937 CE:0.1827
2025-12-23 10:31:07,304 - utils.logger2025-12-23-10.28.13 - INFO - saving the model at the end of epoch 32, iters 2272
2025-12-23 10:31:07,425 - utils.logger2025-12-23-10.28.13 - INFO - End of training epoch 32 / 40 	 Time Taken: 5 sec
2025-12-23 10:31:07,426 - utils.logger2025-12-23-10.28.13 - INFO - learning rate = 0.0001455
2025-12-23 10:31:08,026 - utils.logger2025-12-23-10.28.13 - INFO - Val result of epoch 32 / 40 acc 0.7983 uar 0.8000 f1 0.8020
2025-12-23 10:31:08,026 - utils.logger2025-12-23-10.28.13 - INFO - 
[[ 60   4   3   0]
 [  4 143  18   1]
 [  2  19 110   4]
 [  5  10  27  71]]
2025-12-23 10:31:08,432 - utils.logger2025-12-23-10.28.13 - INFO - Tst result of epoch 32 / 40 acc 0.7731 uar 0.8043 f1 0.7845
2025-12-23 10:31:08,433 - utils.logger2025-12-23-10.28.13 - INFO - 
[[ 59   7   4   0]
 [  3 150   7   1]
 [ 10  58 141  18]
 [  2   4   9  69]]
2025-12-23 10:31:09,277 - utils.logger2025-12-23-10.28.13 - INFO - Cur epoch 33 loss TA:0.5669 TV:0.6212 VA:1.1145 CE:0.1158
2025-12-23 10:31:09,759 - utils.logger2025-12-23-10.28.13 - INFO - Cur epoch 33 loss TA:0.5898 TV:0.6403 VA:1.2161 CE:0.0214
2025-12-23 10:31:10,190 - utils.logger2025-12-23-10.28.13 - INFO - Cur epoch 33 loss TA:0.6223 TV:0.6325 VA:1.1934 CE:0.0695
2025-12-23 10:31:11,091 - utils.logger2025-12-23-10.28.13 - INFO - Cur epoch 33 loss TA:0.6007 TV:0.6436 VA:1.1940 CE:0.0731
2025-12-23 10:31:11,692 - utils.logger2025-12-23-10.28.13 - INFO - Cur epoch 33 loss TA:0.6014 TV:0.6505 VA:1.1691 CE:0.0308
2025-12-23 10:31:12,523 - utils.logger2025-12-23-10.28.13 - INFO - Cur epoch 33 loss TA:0.5475 TV:0.6084 VA:1.1348 CE:0.0728
2025-12-23 10:31:12,989 - utils.logger2025-12-23-10.28.13 - INFO - Cur epoch 33 loss TA:0.5535 TV:0.5895 VA:1.1238 CE:0.0709
2025-12-23 10:31:13,196 - utils.logger2025-12-23-10.28.13 - INFO - saving the model at the end of epoch 33, iters 2343
2025-12-23 10:31:13,308 - utils.logger2025-12-23-10.28.13 - INFO - End of training epoch 33 / 40 	 Time Taken: 4 sec
2025-12-23 10:31:13,308 - utils.logger2025-12-23-10.28.13 - INFO - learning rate = 0.0001273
2025-12-23 10:31:13,820 - utils.logger2025-12-23-10.28.13 - INFO - Val result of epoch 33 / 40 acc 0.8067 uar 0.8213 f1 0.8070
2025-12-23 10:31:13,821 - utils.logger2025-12-23-10.28.13 - INFO - 
[[ 63   0   4   0]
 [  6 138  18   4]
 [ 12  15  98  10]
 [  5   6  13  89]]
2025-12-23 10:31:14,361 - utils.logger2025-12-23-10.28.13 - INFO - Tst result of epoch 33 / 40 acc 0.7638 uar 0.8099 f1 0.7707
2025-12-23 10:31:14,362 - utils.logger2025-12-23-10.28.13 - INFO - 
[[ 61   5   4   0]
 [  5 147   7   2]
 [ 18  50 133  26]
 [  1   4   6  73]]
2025-12-23 10:31:14,994 - utils.logger2025-12-23-10.28.13 - INFO - Cur epoch 34 loss TA:0.5758 TV:0.6067 VA:1.1597 CE:0.0458
2025-12-23 10:31:15,440 - utils.logger2025-12-23-10.28.13 - INFO - Cur epoch 34 loss TA:0.5883 TV:0.6557 VA:1.1671 CE:0.0749
2025-12-23 10:31:15,828 - utils.logger2025-12-23-10.28.13 - INFO - Cur epoch 34 loss TA:0.5592 TV:0.5969 VA:1.1092 CE:0.0324
2025-12-23 10:31:16,266 - utils.logger2025-12-23-10.28.13 - INFO - Cur epoch 34 loss TA:0.5974 TV:0.6088 VA:1.1851 CE:0.0039
2025-12-23 10:31:16,755 - utils.logger2025-12-23-10.28.13 - INFO - Cur epoch 34 loss TA:0.5865 TV:0.6325 VA:1.1563 CE:0.0427
2025-12-23 10:31:17,285 - utils.logger2025-12-23-10.28.13 - INFO - Cur epoch 34 loss TA:0.6026 TV:0.6396 VA:1.1894 CE:0.0331
2025-12-23 10:31:17,747 - utils.logger2025-12-23-10.28.13 - INFO - Cur epoch 34 loss TA:0.5529 TV:0.6100 VA:1.1370 CE:0.0672
2025-12-23 10:31:17,974 - utils.logger2025-12-23-10.28.13 - INFO - saving the model at the end of epoch 34, iters 2414
2025-12-23 10:31:18,061 - utils.logger2025-12-23-10.28.13 - INFO - End of training epoch 34 / 40 	 Time Taken: 3 sec
2025-12-23 10:31:18,061 - utils.logger2025-12-23-10.28.13 - INFO - learning rate = 0.0001091
2025-12-23 10:31:18,529 - utils.logger2025-12-23-10.28.13 - INFO - Val result of epoch 34 / 40 acc 0.8025 uar 0.8142 f1 0.8042
2025-12-23 10:31:18,530 - utils.logger2025-12-23-10.28.13 - INFO - 
[[ 62   1   4   0]
 [  8 135  19   4]
 [  6  14 107   8]
 [  6   8  17  82]]
2025-12-23 10:31:18,923 - utils.logger2025-12-23-10.28.13 - INFO - Tst result of epoch 34 / 40 acc 0.7878 uar 0.8195 f1 0.7966
2025-12-23 10:31:18,924 - utils.logger2025-12-23-10.28.13 - INFO - 
[[ 61   5   4   0]
 [  4 145  10   2]
 [ 12  46 150  19]
 [  1   4   8  71]]
2025-12-23 10:31:19,564 - utils.logger2025-12-23-10.28.13 - INFO - Cur epoch 35 loss TA:0.6001 TV:0.6342 VA:1.1517 CE:0.0490
2025-12-23 10:31:20,098 - utils.logger2025-12-23-10.28.13 - INFO - Cur epoch 35 loss TA:0.5856 TV:0.6427 VA:1.1637 CE:0.0294
2025-12-23 10:31:20,635 - utils.logger2025-12-23-10.28.13 - INFO - Cur epoch 35 loss TA:0.5455 TV:0.5834 VA:1.0618 CE:0.0404
2025-12-23 10:31:21,046 - utils.logger2025-12-23-10.28.13 - INFO - Cur epoch 35 loss TA:0.5600 TV:0.5928 VA:1.1265 CE:0.0504
2025-12-23 10:31:21,444 - utils.logger2025-12-23-10.28.13 - INFO - Cur epoch 35 loss TA:0.6379 TV:0.7021 VA:1.1856 CE:0.0242
2025-12-23 10:31:21,899 - utils.logger2025-12-23-10.28.13 - INFO - Cur epoch 35 loss TA:0.5944 TV:0.6209 VA:1.1440 CE:0.0411
2025-12-23 10:31:22,398 - utils.logger2025-12-23-10.28.13 - INFO - Cur epoch 35 loss TA:0.5762 TV:0.6080 VA:1.1083 CE:0.0347
2025-12-23 10:31:22,695 - utils.logger2025-12-23-10.28.13 - INFO - saving the model at the end of epoch 35, iters 2485
2025-12-23 10:31:22,813 - utils.logger2025-12-23-10.28.13 - INFO - End of training epoch 35 / 40 	 Time Taken: 3 sec
2025-12-23 10:31:22,813 - utils.logger2025-12-23-10.28.13 - INFO - learning rate = 0.0000909
2025-12-23 10:31:23,379 - utils.logger2025-12-23-10.28.13 - INFO - Val result of epoch 35 / 40 acc 0.8108 uar 0.8148 f1 0.8166
2025-12-23 10:31:23,380 - utils.logger2025-12-23-10.28.13 - INFO - 
[[ 61   2   4   0]
 [  2 145  18   1]
 [  3  20 106   6]
 [  5  10  20  78]]
2025-12-23 10:31:23,950 - utils.logger2025-12-23-10.28.13 - INFO - Tst result of epoch 35 / 40 acc 0.7768 uar 0.8063 f1 0.7859
2025-12-23 10:31:23,951 - utils.logger2025-12-23-10.28.13 - INFO - 
[[ 58   8   4   0]
 [  2 151   7   1]
 [ 13  54 142  18]
 [  1   5   8  70]]
2025-12-23 10:31:24,596 - utils.logger2025-12-23-10.28.13 - INFO - Cur epoch 36 loss TA:0.5772 TV:0.6060 VA:1.1503 CE:0.0459
2025-12-23 10:31:25,151 - utils.logger2025-12-23-10.28.13 - INFO - Cur epoch 36 loss TA:0.5564 TV:0.6240 VA:1.1303 CE:0.0202
2025-12-23 10:31:25,595 - utils.logger2025-12-23-10.28.13 - INFO - Cur epoch 36 loss TA:0.5750 TV:0.6302 VA:1.1429 CE:0.1326
2025-12-23 10:31:26,301 - utils.logger2025-12-23-10.28.13 - INFO - Cur epoch 36 loss TA:0.5492 TV:0.5775 VA:1.1080 CE:0.0195
2025-12-23 10:31:26,764 - utils.logger2025-12-23-10.28.13 - INFO - Cur epoch 36 loss TA:0.5635 TV:0.6219 VA:1.1060 CE:0.0295
2025-12-23 10:31:27,242 - utils.logger2025-12-23-10.28.13 - INFO - Cur epoch 36 loss TA:0.5479 TV:0.5619 VA:1.0741 CE:0.0303
2025-12-23 10:31:27,725 - utils.logger2025-12-23-10.28.13 - INFO - Cur epoch 36 loss TA:0.5608 TV:0.6083 VA:1.1775 CE:0.0927
2025-12-23 10:31:28,053 - utils.logger2025-12-23-10.28.13 - INFO - saving the model at the end of epoch 36, iters 2556
2025-12-23 10:31:28,165 - utils.logger2025-12-23-10.28.13 - INFO - End of training epoch 36 / 40 	 Time Taken: 4 sec
2025-12-23 10:31:28,165 - utils.logger2025-12-23-10.28.13 - INFO - learning rate = 0.0000727
2025-12-23 10:31:28,738 - utils.logger2025-12-23-10.28.13 - INFO - Val result of epoch 36 / 40 acc 0.8087 uar 0.8115 f1 0.8100
2025-12-23 10:31:28,739 - utils.logger2025-12-23-10.28.13 - INFO - 
[[ 60   4   3   0]
 [  2 148  14   2]
 [  9  21  99   6]
 [  4  10  17  82]]
2025-12-23 10:31:29,456 - utils.logger2025-12-23-10.28.13 - INFO - Tst result of epoch 36 / 40 acc 0.7638 uar 0.7986 f1 0.7745
2025-12-23 10:31:29,457 - utils.logger2025-12-23-10.28.13 - INFO - 
[[ 58   8   4   0]
 [  2 151   6   2]
 [ 12  60 135  20]
 [  2   5   7  70]]
2025-12-23 10:31:29,927 - utils.logger2025-12-23-10.28.13 - INFO - Cur epoch 37 loss TA:0.6035 TV:0.6589 VA:1.1262 CE:0.0832
2025-12-23 10:31:30,361 - utils.logger2025-12-23-10.28.13 - INFO - Cur epoch 37 loss TA:0.5840 TV:0.6198 VA:1.1216 CE:0.0284
2025-12-23 10:31:30,905 - utils.logger2025-12-23-10.28.13 - INFO - Cur epoch 37 loss TA:0.5681 TV:0.6219 VA:1.1882 CE:0.0509
2025-12-23 10:31:31,390 - utils.logger2025-12-23-10.28.13 - INFO - Cur epoch 37 loss TA:0.5405 TV:0.5978 VA:1.1514 CE:0.0824
2025-12-23 10:31:31,932 - utils.logger2025-12-23-10.28.13 - INFO - Cur epoch 37 loss TA:0.5829 TV:0.6388 VA:1.1408 CE:0.0226
2025-12-23 10:31:32,455 - utils.logger2025-12-23-10.28.13 - INFO - Cur epoch 37 loss TA:0.5658 TV:0.6032 VA:1.1085 CE:0.0754
2025-12-23 10:31:33,122 - utils.logger2025-12-23-10.28.13 - INFO - Cur epoch 37 loss TA:0.5564 TV:0.6474 VA:1.2464 CE:0.0335
2025-12-23 10:31:33,454 - utils.logger2025-12-23-10.28.13 - INFO - saving the model at the end of epoch 37, iters 2627
2025-12-23 10:31:33,552 - utils.logger2025-12-23-10.28.13 - INFO - End of training epoch 37 / 40 	 Time Taken: 4 sec
2025-12-23 10:31:33,552 - utils.logger2025-12-23-10.28.13 - INFO - learning rate = 0.0000545
2025-12-23 10:31:34,433 - utils.logger2025-12-23-10.28.13 - INFO - Val result of epoch 37 / 40 acc 0.8191 uar 0.8240 f1 0.8269
2025-12-23 10:31:34,434 - utils.logger2025-12-23-10.28.13 - INFO - 
[[ 60   4   3   0]
 [  2 144  17   3]
 [  4  20 103   8]
 [  2   9  15  87]]
2025-12-23 10:31:35,012 - utils.logger2025-12-23-10.28.13 - INFO - Tst result of epoch 37 / 40 acc 0.7694 uar 0.8034 f1 0.7826
2025-12-23 10:31:35,012 - utils.logger2025-12-23-10.28.13 - INFO - 
[[ 58   8   4   0]
 [  2 150   7   2]
 [  9  59 138  21]
 [  1   5   7  71]]
2025-12-23 10:31:35,364 - utils.logger2025-12-23-10.28.13 - INFO - Cur epoch 38 loss TA:0.5596 TV:0.6103 VA:1.1628 CE:0.0261
2025-12-23 10:31:35,821 - utils.logger2025-12-23-10.28.13 - INFO - Cur epoch 38 loss TA:0.5831 TV:0.6163 VA:1.1349 CE:0.0951
2025-12-23 10:31:36,299 - utils.logger2025-12-23-10.28.13 - INFO - Cur epoch 38 loss TA:0.5791 TV:0.6297 VA:1.1302 CE:0.0491
2025-12-23 10:31:36,829 - utils.logger2025-12-23-10.28.13 - INFO - Cur epoch 38 loss TA:0.5638 TV:0.5955 VA:1.1450 CE:0.0102
2025-12-23 10:31:37,792 - utils.logger2025-12-23-10.28.13 - INFO - Cur epoch 38 loss TA:0.5690 TV:0.6181 VA:1.1175 CE:0.0512
2025-12-23 10:31:38,198 - utils.logger2025-12-23-10.28.13 - INFO - Cur epoch 38 loss TA:0.5374 TV:0.5547 VA:1.0824 CE:0.0292
2025-12-23 10:31:38,653 - utils.logger2025-12-23-10.28.13 - INFO - Cur epoch 38 loss TA:0.5621 TV:0.6417 VA:1.1872 CE:0.0133
2025-12-23 10:31:39,119 - utils.logger2025-12-23-10.28.13 - INFO - saving the model at the end of epoch 38, iters 2698
2025-12-23 10:31:39,234 - utils.logger2025-12-23-10.28.13 - INFO - End of training epoch 38 / 40 	 Time Taken: 4 sec
2025-12-23 10:31:39,235 - utils.logger2025-12-23-10.28.13 - INFO - learning rate = 0.0000364
2025-12-23 10:31:39,853 - utils.logger2025-12-23-10.28.13 - INFO - Val result of epoch 38 / 40 acc 0.8233 uar 0.8280 f1 0.8306
2025-12-23 10:31:39,854 - utils.logger2025-12-23-10.28.13 - INFO - 
[[ 60   4   3   0]
 [  2 143  18   3]
 [  4  17 106   8]
 [  2   8  16  87]]
2025-12-23 10:31:40,250 - utils.logger2025-12-23-10.28.13 - INFO - Tst result of epoch 38 / 40 acc 0.7731 uar 0.8085 f1 0.7843
2025-12-23 10:31:40,250 - utils.logger2025-12-23-10.28.13 - INFO - 
[[ 59   7   4   0]
 [  2 151   6   2]
 [ 10  56 138  23]
 [  1   5   7  71]]
2025-12-23 10:31:40,527 - utils.logger2025-12-23-10.28.13 - INFO - Cur epoch 39 loss TA:0.5527 TV:0.5932 VA:1.1252 CE:0.0679
2025-12-23 10:31:41,133 - utils.logger2025-12-23-10.28.13 - INFO - Cur epoch 39 loss TA:0.5436 TV:0.5909 VA:1.1298 CE:0.0681
2025-12-23 10:31:41,880 - utils.logger2025-12-23-10.28.13 - INFO - Cur epoch 39 loss TA:0.5891 TV:0.6183 VA:1.1321 CE:0.0062
2025-12-23 10:31:42,493 - utils.logger2025-12-23-10.28.13 - INFO - Cur epoch 39 loss TA:0.5537 TV:0.5934 VA:1.0766 CE:0.0062
2025-12-23 10:31:42,959 - utils.logger2025-12-23-10.28.13 - INFO - Cur epoch 39 loss TA:0.5613 TV:0.5842 VA:1.0728 CE:0.0356
2025-12-23 10:31:43,446 - utils.logger2025-12-23-10.28.13 - INFO - Cur epoch 39 loss TA:0.5537 TV:0.5941 VA:1.1056 CE:0.0232
2025-12-23 10:31:43,928 - utils.logger2025-12-23-10.28.13 - INFO - Cur epoch 39 loss TA:0.5541 TV:0.6085 VA:1.1009 CE:0.0130
2025-12-23 10:31:44,452 - utils.logger2025-12-23-10.28.13 - INFO - saving the model at the end of epoch 39, iters 2769
2025-12-23 10:31:44,555 - utils.logger2025-12-23-10.28.13 - INFO - End of training epoch 39 / 40 	 Time Taken: 4 sec
2025-12-23 10:31:44,555 - utils.logger2025-12-23-10.28.13 - INFO - learning rate = 0.0000182
2025-12-23 10:31:45,687 - utils.logger2025-12-23-10.28.13 - INFO - Val result of epoch 39 / 40 acc 0.8170 uar 0.8239 f1 0.8257
2025-12-23 10:31:45,687 - utils.logger2025-12-23-10.28.13 - INFO - 
[[ 60   3   4   0]
 [  1 140  19   6]
 [  4  16 105  10]
 [  2   8  15  88]]
2025-12-23 10:31:46,409 - utils.logger2025-12-23-10.28.13 - INFO - Tst result of epoch 39 / 40 acc 0.7804 uar 0.8185 f1 0.7900
2025-12-23 10:31:46,410 - utils.logger2025-12-23-10.28.13 - INFO - 
[[ 59   7   4   0]
 [  2 151   6   2]
 [ 11  52 139  25]
 [  1   4   5  74]]
2025-12-23 10:31:46,783 - utils.logger2025-12-23-10.28.13 - INFO - Cur epoch 40 loss TA:0.5522 TV:0.6035 VA:1.0957 CE:0.0214
2025-12-23 10:31:47,233 - utils.logger2025-12-23-10.28.13 - INFO - Cur epoch 40 loss TA:0.5562 TV:0.6057 VA:1.0915 CE:0.0198
2025-12-23 10:31:47,713 - utils.logger2025-12-23-10.28.13 - INFO - Cur epoch 40 loss TA:0.5353 TV:0.5819 VA:1.0751 CE:0.0914
2025-12-23 10:31:48,147 - utils.logger2025-12-23-10.28.13 - INFO - Cur epoch 40 loss TA:0.5561 TV:0.5910 VA:1.1195 CE:0.0161
2025-12-23 10:31:48,581 - utils.logger2025-12-23-10.28.13 - INFO - Cur epoch 40 loss TA:0.5673 TV:0.6216 VA:1.1303 CE:0.0175
2025-12-23 10:31:49,035 - utils.logger2025-12-23-10.28.13 - INFO - Cur epoch 40 loss TA:0.5286 TV:0.5788 VA:1.0999 CE:0.0496
2025-12-23 10:31:49,475 - utils.logger2025-12-23-10.28.13 - INFO - Cur epoch 40 loss TA:0.5619 TV:0.6091 VA:1.0943 CE:0.0179
2025-12-23 10:31:50,268 - utils.logger2025-12-23-10.28.13 - INFO - Cur epoch 40 loss TA:0.3491 TV:0.3713 VA:0.7058 CE:0.0027
2025-12-23 10:31:50,340 - utils.logger2025-12-23-10.28.13 - INFO - saving the model at the end of epoch 40, iters 2840
2025-12-23 10:31:50,470 - utils.logger2025-12-23-10.28.13 - INFO - End of training epoch 40 / 40 	 Time Taken: 4 sec
2025-12-23 10:31:50,470 - utils.logger2025-12-23-10.28.13 - INFO - learning rate = 0.0000000
2025-12-23 10:31:51,580 - utils.logger2025-12-23-10.28.13 - INFO - Val result of epoch 40 / 40 acc 0.8191 uar 0.8229 f1 0.8242
2025-12-23 10:31:51,581 - utils.logger2025-12-23-10.28.13 - INFO - 
[[ 60   3   4   0]
 [  2 144  18   2]
 [  4  17 106   8]
 [  4   9  16  84]]
2025-12-23 10:31:52,114 - utils.logger2025-12-23-10.28.13 - INFO - Tst result of epoch 40 / 40 acc 0.7841 uar 0.8155 f1 0.7923
2025-12-23 10:31:52,114 - utils.logger2025-12-23-10.28.13 - INFO - 
[[ 59   7   4   0]
 [  2 152   5   2]
 [ 12  52 143  20]
 [  1   5   7  71]]
2025-12-23 10:31:52,114 - utils.logger2025-12-23-10.28.13 - INFO - Best eval epoch 25 found with uar 0.831157
