2025-12-23 17:45:35,235 - utils.logger2025-12-23-17.45.35 - INFO - The number of testing samples = 480
2025-12-23 17:45:35,236 - utils.logger2025-12-23-17.45.35 - INFO - The number of training samples = 2914
2025-12-23 17:45:37,910 - utils.logger2025-12-23-17.45.35 - INFO - Cur epoch 1 loss CE:1.6110 mse:0.0000 consistent:0.0000
2025-12-23 17:45:38,876 - utils.logger2025-12-23-17.45.35 - INFO - Cur epoch 1 loss CE:2.2569 mse:0.0000 consistent:0.0000
2025-12-23 17:45:39,826 - utils.logger2025-12-23-17.45.35 - INFO - Cur epoch 1 loss CE:1.4129 mse:0.0000 consistent:0.0000
2025-12-23 17:45:40,795 - utils.logger2025-12-23-17.45.35 - INFO - Cur epoch 1 loss CE:1.1621 mse:0.0000 consistent:0.0000
2025-12-23 17:45:41,737 - utils.logger2025-12-23-17.45.35 - INFO - Cur epoch 1 loss CE:1.0130 mse:0.0000 consistent:0.0000
2025-12-23 17:45:42,684 - utils.logger2025-12-23-17.45.35 - INFO - Cur epoch 1 loss CE:0.8748 mse:0.0000 consistent:0.0000
2025-12-23 17:45:43,630 - utils.logger2025-12-23-17.45.35 - INFO - Cur epoch 1 loss CE:1.2492 mse:0.0000 consistent:0.0000
2025-12-23 17:45:44,617 - utils.logger2025-12-23-17.45.35 - INFO - Cur epoch 1 loss CE:0.4232 mse:0.0000 consistent:0.0000
2025-12-23 17:45:45,543 - utils.logger2025-12-23-17.45.35 - INFO - Cur epoch 1 loss CE:0.7365 mse:0.0000 consistent:0.0000
2025-12-23 17:45:45,713 - utils.logger2025-12-23-17.45.35 - INFO - saving the model at the end of epoch 1, iters 92
2025-12-23 17:45:45,896 - utils.logger2025-12-23-17.45.35 - INFO - End of training epoch 1 / 40 	 Time Taken: 9 sec
2025-12-23 17:45:45,896 - utils.logger2025-12-23-17.45.35 - INFO - learning rate = 0.0002000
2025-12-23 17:45:46,651 - utils.logger2025-12-23-17.45.35 - INFO - Val result of epoch 1 / 40 acc 0.4800 uar 0.4758 f1 0.4242
2025-12-23 17:45:47,445 - utils.logger2025-12-23-17.45.35 - INFO - Tst result of epoch 1 / 40 acc 0.5479 uar 0.4664 f1 0.4360
2025-12-23 17:45:48,152 - utils.logger2025-12-23-17.45.35 - INFO - Cur epoch 2 loss CE:0.7062 mse:0.0000 consistent:0.0000
2025-12-23 17:45:49,118 - utils.logger2025-12-23-17.45.35 - INFO - Cur epoch 2 loss CE:0.9275 mse:0.0000 consistent:0.0000
2025-12-23 17:45:50,075 - utils.logger2025-12-23-17.45.35 - INFO - Cur epoch 2 loss CE:0.6802 mse:0.0000 consistent:0.0000
2025-12-23 17:45:51,007 - utils.logger2025-12-23-17.45.35 - INFO - Cur epoch 2 loss CE:0.7390 mse:0.0000 consistent:0.0000
2025-12-23 17:45:51,971 - utils.logger2025-12-23-17.45.35 - INFO - Cur epoch 2 loss CE:0.7249 mse:0.0000 consistent:0.0000
2025-12-23 17:45:52,901 - utils.logger2025-12-23-17.45.35 - INFO - Cur epoch 2 loss CE:0.7248 mse:0.0000 consistent:0.0000
2025-12-23 17:45:53,867 - utils.logger2025-12-23-17.45.35 - INFO - Cur epoch 2 loss CE:1.2119 mse:0.0000 consistent:0.0000
2025-12-23 17:45:54,828 - utils.logger2025-12-23-17.45.35 - INFO - Cur epoch 2 loss CE:0.5559 mse:0.0000 consistent:0.0000
2025-12-23 17:45:55,773 - utils.logger2025-12-23-17.45.35 - INFO - Cur epoch 2 loss CE:0.5238 mse:0.0000 consistent:0.0000
2025-12-23 17:45:56,109 - utils.logger2025-12-23-17.45.35 - INFO - saving the model at the end of epoch 2, iters 184
2025-12-23 17:45:56,278 - utils.logger2025-12-23-17.45.35 - INFO - End of training epoch 2 / 40 	 Time Taken: 8 sec
2025-12-23 17:45:56,278 - utils.logger2025-12-23-17.45.35 - INFO - learning rate = 0.0002000
2025-12-23 17:45:56,951 - utils.logger2025-12-23-17.45.35 - INFO - Val result of epoch 2 / 40 acc 0.6541 uar 0.5731 f1 0.6058
2025-12-23 17:45:57,724 - utils.logger2025-12-23-17.45.35 - INFO - Tst result of epoch 2 / 40 acc 0.5979 uar 0.4940 f1 0.5072
2025-12-23 17:45:58,285 - utils.logger2025-12-23-17.45.35 - INFO - Cur epoch 3 loss CE:0.4827 mse:0.0000 consistent:0.0000
2025-12-23 17:45:59,248 - utils.logger2025-12-23-17.45.35 - INFO - Cur epoch 3 loss CE:0.4929 mse:0.0000 consistent:0.0000
2025-12-23 17:46:00,239 - utils.logger2025-12-23-17.45.35 - INFO - Cur epoch 3 loss CE:0.5602 mse:0.0000 consistent:0.0000
2025-12-23 17:46:01,217 - utils.logger2025-12-23-17.45.35 - INFO - Cur epoch 3 loss CE:0.5818 mse:0.0000 consistent:0.0000
2025-12-23 17:46:02,365 - utils.logger2025-12-23-17.45.35 - INFO - Cur epoch 3 loss CE:0.4764 mse:0.0000 consistent:0.0000
2025-12-23 17:46:03,411 - utils.logger2025-12-23-17.45.35 - INFO - Cur epoch 3 loss CE:0.4317 mse:0.0000 consistent:0.0000
2025-12-23 17:46:04,404 - utils.logger2025-12-23-17.45.35 - INFO - Cur epoch 3 loss CE:0.5866 mse:0.0000 consistent:0.0000
2025-12-23 17:46:05,376 - utils.logger2025-12-23-17.45.35 - INFO - Cur epoch 3 loss CE:0.5946 mse:0.0000 consistent:0.0000
2025-12-23 17:46:06,356 - utils.logger2025-12-23-17.45.35 - INFO - Cur epoch 3 loss CE:0.7089 mse:0.0000 consistent:0.0000
2025-12-23 17:46:06,853 - utils.logger2025-12-23-17.45.35 - INFO - saving the model at the end of epoch 3, iters 276
2025-12-23 17:46:07,047 - utils.logger2025-12-23-17.45.35 - INFO - End of training epoch 3 / 40 	 Time Taken: 9 sec
2025-12-23 17:46:07,048 - utils.logger2025-12-23-17.45.35 - INFO - learning rate = 0.0002000
2025-12-23 17:46:07,790 - utils.logger2025-12-23-17.45.35 - INFO - Val result of epoch 3 / 40 acc 0.6635 uar 0.6100 f1 0.6217
2025-12-23 17:46:08,560 - utils.logger2025-12-23-17.45.35 - INFO - Tst result of epoch 3 / 40 acc 0.6458 uar 0.6075 f1 0.6021
2025-12-23 17:46:08,939 - utils.logger2025-12-23-17.45.35 - INFO - Cur epoch 4 loss CE:0.4493 mse:0.0000 consistent:0.0000
2025-12-23 17:46:09,876 - utils.logger2025-12-23-17.45.35 - INFO - Cur epoch 4 loss CE:0.8541 mse:0.0000 consistent:0.0000
2025-12-23 17:46:10,773 - utils.logger2025-12-23-17.45.35 - INFO - Cur epoch 4 loss CE:0.4719 mse:0.0000 consistent:0.0000
2025-12-23 17:46:11,492 - utils.logger2025-12-23-17.45.35 - INFO - Cur epoch 4 loss CE:1.0645 mse:0.0000 consistent:0.0000
2025-12-23 17:46:12,373 - utils.logger2025-12-23-17.45.35 - INFO - Cur epoch 4 loss CE:0.4144 mse:0.0000 consistent:0.0000
2025-12-23 17:46:13,210 - utils.logger2025-12-23-17.45.35 - INFO - Cur epoch 4 loss CE:0.5619 mse:0.0000 consistent:0.0000
2025-12-23 17:46:14,121 - utils.logger2025-12-23-17.45.35 - INFO - Cur epoch 4 loss CE:1.2238 mse:0.0000 consistent:0.0000
2025-12-23 17:46:15,035 - utils.logger2025-12-23-17.45.35 - INFO - Cur epoch 4 loss CE:0.3875 mse:0.0000 consistent:0.0000
2025-12-23 17:46:15,933 - utils.logger2025-12-23-17.45.35 - INFO - Cur epoch 4 loss CE:0.6760 mse:0.0000 consistent:0.0000
2025-12-23 17:46:16,545 - utils.logger2025-12-23-17.45.35 - INFO - saving the model at the end of epoch 4, iters 368
2025-12-23 17:46:16,670 - utils.logger2025-12-23-17.45.35 - INFO - End of training epoch 4 / 40 	 Time Taken: 8 sec
2025-12-23 17:46:16,670 - utils.logger2025-12-23-17.45.35 - INFO - learning rate = 0.0002000
2025-12-23 17:46:17,300 - utils.logger2025-12-23-17.45.35 - INFO - Val result of epoch 4 / 40 acc 0.6941 uar 0.6341 f1 0.6417
2025-12-23 17:46:18,026 - utils.logger2025-12-23-17.45.35 - INFO - Tst result of epoch 4 / 40 acc 0.6396 uar 0.5512 f1 0.5605
2025-12-23 17:46:18,177 - utils.logger2025-12-23-17.45.35 - INFO - Cur epoch 5 loss CE:0.8642 mse:0.0000 consistent:0.0000
2025-12-23 17:46:19,081 - utils.logger2025-12-23-17.45.35 - INFO - Cur epoch 5 loss CE:1.0715 mse:0.0000 consistent:0.0000
2025-12-23 17:46:20,039 - utils.logger2025-12-23-17.45.35 - INFO - Cur epoch 5 loss CE:0.3792 mse:0.0000 consistent:0.0000
2025-12-23 17:46:20,833 - utils.logger2025-12-23-17.45.35 - INFO - Cur epoch 5 loss CE:0.3431 mse:0.0000 consistent:0.0000
2025-12-23 17:46:21,618 - utils.logger2025-12-23-17.45.35 - INFO - Cur epoch 5 loss CE:0.3746 mse:0.0000 consistent:0.0000
2025-12-23 17:46:22,481 - utils.logger2025-12-23-17.45.35 - INFO - Cur epoch 5 loss CE:0.3328 mse:0.0000 consistent:0.0000
2025-12-23 17:46:23,299 - utils.logger2025-12-23-17.45.35 - INFO - Cur epoch 5 loss CE:0.4742 mse:0.0000 consistent:0.0000
2025-12-23 17:46:24,182 - utils.logger2025-12-23-17.45.35 - INFO - Cur epoch 5 loss CE:0.2983 mse:0.0000 consistent:0.0000
2025-12-23 17:46:25,073 - utils.logger2025-12-23-17.45.35 - INFO - Cur epoch 5 loss CE:0.4020 mse:0.0000 consistent:0.0000
2025-12-23 17:46:25,753 - utils.logger2025-12-23-17.45.35 - INFO - Cur epoch 5 loss CE:0.0016 mse:0.0000 consistent:0.0000
2025-12-23 17:46:25,753 - utils.logger2025-12-23-17.45.35 - INFO - saving the model at the end of epoch 5, iters 460
2025-12-23 17:46:25,875 - utils.logger2025-12-23-17.45.35 - INFO - End of training epoch 5 / 40 	 Time Taken: 7 sec
2025-12-23 17:46:25,875 - utils.logger2025-12-23-17.45.35 - INFO - learning rate = 0.0002000
2025-12-23 17:46:26,429 - utils.logger2025-12-23-17.45.35 - INFO - Val result of epoch 5 / 40 acc 0.7200 uar 0.6824 f1 0.6820
2025-12-23 17:46:27,038 - utils.logger2025-12-23-17.45.35 - INFO - Tst result of epoch 5 / 40 acc 0.6250 uar 0.5432 f1 0.5609
2025-12-23 17:46:27,826 - utils.logger2025-12-23-17.45.35 - INFO - Cur epoch 6 loss CE:0.3987 mse:0.0000 consistent:0.0000
2025-12-23 17:46:28,617 - utils.logger2025-12-23-17.45.35 - INFO - Cur epoch 6 loss CE:0.2834 mse:0.0000 consistent:0.0000
2025-12-23 17:46:29,446 - utils.logger2025-12-23-17.45.35 - INFO - Cur epoch 6 loss CE:0.2383 mse:0.0000 consistent:0.0000
2025-12-23 17:46:30,373 - utils.logger2025-12-23-17.45.35 - INFO - Cur epoch 6 loss CE:0.4140 mse:0.0000 consistent:0.0000
2025-12-23 17:46:31,206 - utils.logger2025-12-23-17.45.35 - INFO - Cur epoch 6 loss CE:0.3697 mse:0.0000 consistent:0.0000
2025-12-23 17:46:32,166 - utils.logger2025-12-23-17.45.35 - INFO - Cur epoch 6 loss CE:0.5587 mse:0.0000 consistent:0.0000
2025-12-23 17:46:33,108 - utils.logger2025-12-23-17.45.35 - INFO - Cur epoch 6 loss CE:0.2269 mse:0.0000 consistent:0.0000
2025-12-23 17:46:34,042 - utils.logger2025-12-23-17.45.35 - INFO - Cur epoch 6 loss CE:0.3014 mse:0.0000 consistent:0.0000
2025-12-23 17:46:34,978 - utils.logger2025-12-23-17.45.35 - INFO - Cur epoch 6 loss CE:0.4924 mse:0.0000 consistent:0.0000
2025-12-23 17:46:35,120 - utils.logger2025-12-23-17.45.35 - INFO - saving the model at the end of epoch 6, iters 552
2025-12-23 17:46:35,288 - utils.logger2025-12-23-17.45.35 - INFO - End of training epoch 6 / 40 	 Time Taken: 8 sec
2025-12-23 17:46:35,288 - utils.logger2025-12-23-17.45.35 - INFO - learning rate = 0.0002000
2025-12-23 17:46:35,989 - utils.logger2025-12-23-17.45.35 - INFO - Val result of epoch 6 / 40 acc 0.7247 uar 0.6867 f1 0.7041
2025-12-23 17:46:36,772 - utils.logger2025-12-23-17.45.35 - INFO - Tst result of epoch 6 / 40 acc 0.6625 uar 0.6035 f1 0.6270
2025-12-23 17:46:37,542 - utils.logger2025-12-23-17.45.35 - INFO - Cur epoch 7 loss CE:0.8252 mse:0.0000 consistent:0.0000
2025-12-23 17:46:38,480 - utils.logger2025-12-23-17.45.35 - INFO - Cur epoch 7 loss CE:0.1305 mse:0.0000 consistent:0.0000
2025-12-23 17:46:39,383 - utils.logger2025-12-23-17.45.35 - INFO - Cur epoch 7 loss CE:0.5240 mse:0.0000 consistent:0.0000
2025-12-23 17:46:40,194 - utils.logger2025-12-23-17.45.35 - INFO - Cur epoch 7 loss CE:0.1856 mse:0.0000 consistent:0.0000
2025-12-23 17:46:41,016 - utils.logger2025-12-23-17.45.35 - INFO - Cur epoch 7 loss CE:0.7775 mse:0.0000 consistent:0.0000
2025-12-23 17:46:41,957 - utils.logger2025-12-23-17.45.35 - INFO - Cur epoch 7 loss CE:0.7076 mse:0.0000 consistent:0.0000
2025-12-23 17:46:42,954 - utils.logger2025-12-23-17.45.35 - INFO - Cur epoch 7 loss CE:0.3993 mse:0.0000 consistent:0.0000
2025-12-23 17:46:43,895 - utils.logger2025-12-23-17.45.35 - INFO - Cur epoch 7 loss CE:0.3403 mse:0.0000 consistent:0.0000
2025-12-23 17:46:44,796 - utils.logger2025-12-23-17.45.35 - INFO - Cur epoch 7 loss CE:0.2708 mse:0.0000 consistent:0.0000
2025-12-23 17:46:45,111 - utils.logger2025-12-23-17.45.35 - INFO - saving the model at the end of epoch 7, iters 644
2025-12-23 17:46:45,288 - utils.logger2025-12-23-17.45.35 - INFO - End of training epoch 7 / 40 	 Time Taken: 8 sec
2025-12-23 17:46:45,288 - utils.logger2025-12-23-17.45.35 - INFO - learning rate = 0.0002000
2025-12-23 17:46:45,994 - utils.logger2025-12-23-17.45.35 - INFO - Val result of epoch 7 / 40 acc 0.7271 uar 0.6903 f1 0.6895
2025-12-23 17:46:46,798 - utils.logger2025-12-23-17.45.35 - INFO - Tst result of epoch 7 / 40 acc 0.6104 uar 0.5233 f1 0.5296
2025-12-23 17:46:47,376 - utils.logger2025-12-23-17.45.35 - INFO - Cur epoch 8 loss CE:0.9264 mse:0.0000 consistent:0.0000
2025-12-23 17:46:48,355 - utils.logger2025-12-23-17.45.35 - INFO - Cur epoch 8 loss CE:0.8418 mse:0.0000 consistent:0.0000
2025-12-23 17:46:49,306 - utils.logger2025-12-23-17.45.35 - INFO - Cur epoch 8 loss CE:0.1795 mse:0.0000 consistent:0.0000
2025-12-23 17:46:50,215 - utils.logger2025-12-23-17.45.35 - INFO - Cur epoch 8 loss CE:0.1595 mse:0.0000 consistent:0.0000
2025-12-23 17:46:51,025 - utils.logger2025-12-23-17.45.35 - INFO - Cur epoch 8 loss CE:0.6429 mse:0.0000 consistent:0.0000
2025-12-23 17:46:51,810 - utils.logger2025-12-23-17.45.35 - INFO - Cur epoch 8 loss CE:0.3411 mse:0.0000 consistent:0.0000
2025-12-23 17:46:52,576 - utils.logger2025-12-23-17.45.35 - INFO - Cur epoch 8 loss CE:0.1097 mse:0.0000 consistent:0.0000
2025-12-23 17:46:53,369 - utils.logger2025-12-23-17.45.35 - INFO - Cur epoch 8 loss CE:0.1948 mse:0.0000 consistent:0.0000
2025-12-23 17:46:54,149 - utils.logger2025-12-23-17.45.35 - INFO - Cur epoch 8 loss CE:0.1852 mse:0.0000 consistent:0.0000
2025-12-23 17:46:54,612 - utils.logger2025-12-23-17.45.35 - INFO - saving the model at the end of epoch 8, iters 736
2025-12-23 17:46:54,784 - utils.logger2025-12-23-17.45.35 - INFO - End of training epoch 8 / 40 	 Time Taken: 7 sec
2025-12-23 17:46:54,785 - utils.logger2025-12-23-17.45.35 - INFO - learning rate = 0.0002000
2025-12-23 17:46:55,524 - utils.logger2025-12-23-17.45.35 - INFO - Val result of epoch 8 / 40 acc 0.7247 uar 0.6710 f1 0.6908
2025-12-23 17:46:56,255 - utils.logger2025-12-23-17.45.35 - INFO - Tst result of epoch 8 / 40 acc 0.6292 uar 0.5497 f1 0.5696
2025-12-23 17:46:56,578 - utils.logger2025-12-23-17.45.35 - INFO - Cur epoch 9 loss CE:0.3841 mse:0.0000 consistent:0.0000
2025-12-23 17:46:57,391 - utils.logger2025-12-23-17.45.35 - INFO - Cur epoch 9 loss CE:0.0657 mse:0.0000 consistent:0.0000
2025-12-23 17:46:58,188 - utils.logger2025-12-23-17.45.35 - INFO - Cur epoch 9 loss CE:0.0827 mse:0.0000 consistent:0.0000
2025-12-23 17:46:58,961 - utils.logger2025-12-23-17.45.35 - INFO - Cur epoch 9 loss CE:0.2511 mse:0.0000 consistent:0.0000
2025-12-23 17:46:59,725 - utils.logger2025-12-23-17.45.35 - INFO - Cur epoch 9 loss CE:0.5166 mse:0.0000 consistent:0.0000
2025-12-23 17:47:00,516 - utils.logger2025-12-23-17.45.35 - INFO - Cur epoch 9 loss CE:0.3926 mse:0.0000 consistent:0.0000
2025-12-23 17:47:01,624 - utils.logger2025-12-23-17.45.35 - INFO - Cur epoch 9 loss CE:0.2753 mse:0.0000 consistent:0.0000
2025-12-23 17:47:02,554 - utils.logger2025-12-23-17.45.35 - INFO - Cur epoch 9 loss CE:0.2102 mse:0.0000 consistent:0.0000
2025-12-23 17:47:03,524 - utils.logger2025-12-23-17.45.35 - INFO - Cur epoch 9 loss CE:0.1857 mse:0.0000 consistent:0.0000
2025-12-23 17:47:04,229 - utils.logger2025-12-23-17.45.35 - INFO - saving the model at the end of epoch 9, iters 828
2025-12-23 17:47:04,396 - utils.logger2025-12-23-17.45.35 - INFO - End of training epoch 9 / 40 	 Time Taken: 8 sec
2025-12-23 17:47:04,396 - utils.logger2025-12-23-17.45.35 - INFO - learning rate = 0.0002000
2025-12-23 17:47:05,118 - utils.logger2025-12-23-17.45.35 - INFO - Val result of epoch 9 / 40 acc 0.7200 uar 0.6515 f1 0.6701
2025-12-23 17:47:05,920 - utils.logger2025-12-23-17.45.35 - INFO - Tst result of epoch 9 / 40 acc 0.6604 uar 0.5862 f1 0.6088
2025-12-23 17:47:06,120 - utils.logger2025-12-23-17.45.35 - INFO - Cur epoch 10 loss CE:0.3349 mse:0.0000 consistent:0.0000
2025-12-23 17:47:07,065 - utils.logger2025-12-23-17.45.35 - INFO - Cur epoch 10 loss CE:0.4153 mse:0.0000 consistent:0.0000
2025-12-23 17:47:08,024 - utils.logger2025-12-23-17.45.35 - INFO - Cur epoch 10 loss CE:0.2451 mse:0.0000 consistent:0.0000
2025-12-23 17:47:08,986 - utils.logger2025-12-23-17.45.35 - INFO - Cur epoch 10 loss CE:0.2504 mse:0.0000 consistent:0.0000
2025-12-23 17:47:09,852 - utils.logger2025-12-23-17.45.35 - INFO - Cur epoch 10 loss CE:0.4541 mse:0.0000 consistent:0.0000
2025-12-23 17:47:10,795 - utils.logger2025-12-23-17.45.35 - INFO - Cur epoch 10 loss CE:0.2977 mse:0.0000 consistent:0.0000
2025-12-23 17:47:11,675 - utils.logger2025-12-23-17.45.35 - INFO - Cur epoch 10 loss CE:0.1024 mse:0.0000 consistent:0.0000
2025-12-23 17:47:12,612 - utils.logger2025-12-23-17.45.35 - INFO - Cur epoch 10 loss CE:0.7359 mse:0.0000 consistent:0.0000
2025-12-23 17:47:13,400 - utils.logger2025-12-23-17.45.35 - INFO - Cur epoch 10 loss CE:0.0974 mse:0.0000 consistent:0.0000
2025-12-23 17:47:14,152 - utils.logger2025-12-23-17.45.35 - INFO - Cur epoch 10 loss CE:0.4951 mse:0.0000 consistent:0.0000
2025-12-23 17:47:14,153 - utils.logger2025-12-23-17.45.35 - INFO - saving the model at the end of epoch 10, iters 920
2025-12-23 17:47:14,291 - utils.logger2025-12-23-17.45.35 - INFO - End of training epoch 10 / 40 	 Time Taken: 8 sec
2025-12-23 17:47:14,291 - utils.logger2025-12-23-17.45.35 - INFO - learning rate = 0.0002000
2025-12-23 17:47:14,832 - utils.logger2025-12-23-17.45.35 - INFO - Val result of epoch 10 / 40 acc 0.7341 uar 0.6611 f1 0.6898
2025-12-23 17:47:15,432 - utils.logger2025-12-23-17.45.35 - INFO - Tst result of epoch 10 / 40 acc 0.6438 uar 0.5761 f1 0.6005
2025-12-23 17:47:16,222 - utils.logger2025-12-23-17.45.35 - INFO - Cur epoch 11 loss CE:0.1741 mse:0.0000 consistent:0.0000
2025-12-23 17:47:17,018 - utils.logger2025-12-23-17.45.35 - INFO - Cur epoch 11 loss CE:0.0558 mse:0.0000 consistent:0.0000
2025-12-23 17:47:17,826 - utils.logger2025-12-23-17.45.35 - INFO - Cur epoch 11 loss CE:0.2322 mse:0.0000 consistent:0.0000
2025-12-23 17:47:18,565 - utils.logger2025-12-23-17.45.35 - INFO - Cur epoch 11 loss CE:0.6352 mse:0.0000 consistent:0.0000
2025-12-23 17:47:19,465 - utils.logger2025-12-23-17.45.35 - INFO - Cur epoch 11 loss CE:0.2273 mse:0.0000 consistent:0.0000
2025-12-23 17:47:20,395 - utils.logger2025-12-23-17.45.35 - INFO - Cur epoch 11 loss CE:0.4796 mse:0.0000 consistent:0.0000
2025-12-23 17:47:21,342 - utils.logger2025-12-23-17.45.35 - INFO - Cur epoch 11 loss CE:0.2686 mse:0.0000 consistent:0.0000
2025-12-23 17:47:22,259 - utils.logger2025-12-23-17.45.35 - INFO - Cur epoch 11 loss CE:0.6144 mse:0.0000 consistent:0.0000
2025-12-23 17:47:23,219 - utils.logger2025-12-23-17.45.35 - INFO - Cur epoch 11 loss CE:0.2538 mse:0.0000 consistent:0.0000
2025-12-23 17:47:23,363 - utils.logger2025-12-23-17.45.35 - INFO - saving the model at the end of epoch 11, iters 1012
2025-12-23 17:47:23,513 - utils.logger2025-12-23-17.45.35 - INFO - End of training epoch 11 / 40 	 Time Taken: 8 sec
2025-12-23 17:47:23,513 - utils.logger2025-12-23-17.45.35 - INFO - learning rate = 0.0002000
2025-12-23 17:47:24,236 - utils.logger2025-12-23-17.45.35 - INFO - Val result of epoch 11 / 40 acc 0.6753 uar 0.6385 f1 0.6443
2025-12-23 17:47:25,003 - utils.logger2025-12-23-17.45.35 - INFO - Tst result of epoch 11 / 40 acc 0.6292 uar 0.5564 f1 0.5769
2025-12-23 17:47:25,694 - utils.logger2025-12-23-17.45.35 - INFO - Cur epoch 12 loss CE:0.3914 mse:0.0000 consistent:0.0000
2025-12-23 17:47:26,453 - utils.logger2025-12-23-17.45.35 - INFO - Cur epoch 12 loss CE:0.1541 mse:0.0000 consistent:0.0000
2025-12-23 17:47:27,208 - utils.logger2025-12-23-17.45.35 - INFO - Cur epoch 12 loss CE:0.0356 mse:0.0000 consistent:0.0000
2025-12-23 17:47:27,983 - utils.logger2025-12-23-17.45.35 - INFO - Cur epoch 12 loss CE:0.4376 mse:0.0000 consistent:0.0000
2025-12-23 17:47:28,752 - utils.logger2025-12-23-17.45.35 - INFO - Cur epoch 12 loss CE:0.3692 mse:0.0000 consistent:0.0000
2025-12-23 17:47:29,557 - utils.logger2025-12-23-17.45.35 - INFO - Cur epoch 12 loss CE:0.2174 mse:0.0000 consistent:0.0000
2025-12-23 17:47:30,320 - utils.logger2025-12-23-17.45.35 - INFO - Cur epoch 12 loss CE:0.4086 mse:0.0000 consistent:0.0000
2025-12-23 17:47:31,109 - utils.logger2025-12-23-17.45.35 - INFO - Cur epoch 12 loss CE:0.2043 mse:0.0000 consistent:0.0000
2025-12-23 17:47:31,916 - utils.logger2025-12-23-17.45.35 - INFO - Cur epoch 12 loss CE:0.4059 mse:0.0000 consistent:0.0000
2025-12-23 17:47:32,204 - utils.logger2025-12-23-17.45.35 - INFO - saving the model at the end of epoch 12, iters 1104
2025-12-23 17:47:32,344 - utils.logger2025-12-23-17.45.35 - INFO - End of training epoch 12 / 40 	 Time Taken: 7 sec
2025-12-23 17:47:32,344 - utils.logger2025-12-23-17.45.35 - INFO - learning rate = 0.0002000
2025-12-23 17:47:32,936 - utils.logger2025-12-23-17.45.35 - INFO - Val result of epoch 12 / 40 acc 0.7271 uar 0.6815 f1 0.6981
2025-12-23 17:47:33,535 - utils.logger2025-12-23-17.45.35 - INFO - Tst result of epoch 12 / 40 acc 0.6583 uar 0.6186 f1 0.6318
2025-12-23 17:47:34,007 - utils.logger2025-12-23-17.45.35 - INFO - Cur epoch 13 loss CE:0.1814 mse:0.0000 consistent:0.0000
2025-12-23 17:47:34,778 - utils.logger2025-12-23-17.45.35 - INFO - Cur epoch 13 loss CE:0.0822 mse:0.0000 consistent:0.0000
2025-12-23 17:47:35,516 - utils.logger2025-12-23-17.45.35 - INFO - Cur epoch 13 loss CE:0.1600 mse:0.0000 consistent:0.0000
2025-12-23 17:47:36,272 - utils.logger2025-12-23-17.45.35 - INFO - Cur epoch 13 loss CE:0.1182 mse:0.0000 consistent:0.0000
2025-12-23 17:47:37,042 - utils.logger2025-12-23-17.45.35 - INFO - Cur epoch 13 loss CE:0.0603 mse:0.0000 consistent:0.0000
2025-12-23 17:47:37,872 - utils.logger2025-12-23-17.45.35 - INFO - Cur epoch 13 loss CE:0.2644 mse:0.0000 consistent:0.0000
2025-12-23 17:47:38,804 - utils.logger2025-12-23-17.45.35 - INFO - Cur epoch 13 loss CE:0.3889 mse:0.0000 consistent:0.0000
2025-12-23 17:47:39,768 - utils.logger2025-12-23-17.45.35 - INFO - Cur epoch 13 loss CE:0.5607 mse:0.0000 consistent:0.0000
2025-12-23 17:47:40,564 - utils.logger2025-12-23-17.45.35 - INFO - Cur epoch 13 loss CE:0.2559 mse:0.0000 consistent:0.0000
2025-12-23 17:47:41,000 - utils.logger2025-12-23-17.45.35 - INFO - saving the model at the end of epoch 13, iters 1196
2025-12-23 17:47:41,135 - utils.logger2025-12-23-17.45.35 - INFO - End of training epoch 13 / 40 	 Time Taken: 7 sec
2025-12-23 17:47:41,135 - utils.logger2025-12-23-17.45.35 - INFO - learning rate = 0.0002000
2025-12-23 17:47:41,678 - utils.logger2025-12-23-17.45.35 - INFO - Val result of epoch 13 / 40 acc 0.7176 uar 0.6958 f1 0.6958
2025-12-23 17:47:42,296 - utils.logger2025-12-23-17.45.35 - INFO - Tst result of epoch 13 / 40 acc 0.6479 uar 0.6154 f1 0.6184
2025-12-23 17:47:42,600 - utils.logger2025-12-23-17.45.35 - INFO - Cur epoch 14 loss CE:0.0843 mse:0.0000 consistent:0.0000
2025-12-23 17:47:43,345 - utils.logger2025-12-23-17.45.35 - INFO - Cur epoch 14 loss CE:0.1243 mse:0.0000 consistent:0.0000
2025-12-23 17:47:44,124 - utils.logger2025-12-23-17.45.35 - INFO - Cur epoch 14 loss CE:0.1958 mse:0.0000 consistent:0.0000
2025-12-23 17:47:44,890 - utils.logger2025-12-23-17.45.35 - INFO - Cur epoch 14 loss CE:0.2035 mse:0.0000 consistent:0.0000
2025-12-23 17:47:45,672 - utils.logger2025-12-23-17.45.35 - INFO - Cur epoch 14 loss CE:0.6917 mse:0.0000 consistent:0.0000
2025-12-23 17:47:46,465 - utils.logger2025-12-23-17.45.35 - INFO - Cur epoch 14 loss CE:0.2291 mse:0.0000 consistent:0.0000
2025-12-23 17:47:47,244 - utils.logger2025-12-23-17.45.35 - INFO - Cur epoch 14 loss CE:0.0665 mse:0.0000 consistent:0.0000
2025-12-23 17:47:48,040 - utils.logger2025-12-23-17.45.35 - INFO - Cur epoch 14 loss CE:0.2550 mse:0.0000 consistent:0.0000
2025-12-23 17:47:48,824 - utils.logger2025-12-23-17.45.35 - INFO - Cur epoch 14 loss CE:0.1687 mse:0.0000 consistent:0.0000
2025-12-23 17:47:49,424 - utils.logger2025-12-23-17.45.35 - INFO - saving the model at the end of epoch 14, iters 1288
2025-12-23 17:47:49,554 - utils.logger2025-12-23-17.45.35 - INFO - End of training epoch 14 / 40 	 Time Taken: 7 sec
2025-12-23 17:47:49,554 - utils.logger2025-12-23-17.45.35 - INFO - learning rate = 0.0002000
2025-12-23 17:47:50,105 - utils.logger2025-12-23-17.45.35 - INFO - Val result of epoch 14 / 40 acc 0.7129 uar 0.6561 f1 0.6743
2025-12-23 17:47:50,718 - utils.logger2025-12-23-17.45.35 - INFO - Tst result of epoch 14 / 40 acc 0.6479 uar 0.5796 f1 0.5996
2025-12-23 17:47:50,880 - utils.logger2025-12-23-17.45.35 - INFO - Cur epoch 15 loss CE:0.5743 mse:0.0000 consistent:0.0000
2025-12-23 17:47:51,669 - utils.logger2025-12-23-17.45.35 - INFO - Cur epoch 15 loss CE:0.3776 mse:0.0000 consistent:0.0000
2025-12-23 17:47:52,458 - utils.logger2025-12-23-17.45.35 - INFO - Cur epoch 15 loss CE:0.4070 mse:0.0000 consistent:0.0000
2025-12-23 17:47:53,301 - utils.logger2025-12-23-17.45.35 - INFO - Cur epoch 15 loss CE:0.2438 mse:0.0000 consistent:0.0000
2025-12-23 17:47:54,328 - utils.logger2025-12-23-17.45.35 - INFO - Cur epoch 15 loss CE:0.0169 mse:0.0000 consistent:0.0000
2025-12-23 17:47:55,236 - utils.logger2025-12-23-17.45.35 - INFO - Cur epoch 15 loss CE:0.2947 mse:0.0000 consistent:0.0000
2025-12-23 17:47:56,044 - utils.logger2025-12-23-17.45.35 - INFO - Cur epoch 15 loss CE:0.3338 mse:0.0000 consistent:0.0000
2025-12-23 17:47:56,832 - utils.logger2025-12-23-17.45.35 - INFO - Cur epoch 15 loss CE:0.1255 mse:0.0000 consistent:0.0000
2025-12-23 17:47:57,705 - utils.logger2025-12-23-17.45.35 - INFO - Cur epoch 15 loss CE:0.0368 mse:0.0000 consistent:0.0000
2025-12-23 17:47:58,503 - utils.logger2025-12-23-17.45.35 - INFO - Cur epoch 15 loss CE:0.0369 mse:0.0000 consistent:0.0000
2025-12-23 17:47:58,504 - utils.logger2025-12-23-17.45.35 - INFO - saving the model at the end of epoch 15, iters 1380
2025-12-23 17:47:58,660 - utils.logger2025-12-23-17.45.35 - INFO - End of training epoch 15 / 40 	 Time Taken: 7 sec
2025-12-23 17:47:58,660 - utils.logger2025-12-23-17.45.35 - INFO - learning rate = 0.0002000
2025-12-23 17:47:59,247 - utils.logger2025-12-23-17.45.35 - INFO - Val result of epoch 15 / 40 acc 0.6494 uar 0.6141 f1 0.6270
2025-12-23 17:48:00,037 - utils.logger2025-12-23-17.45.35 - INFO - Tst result of epoch 15 / 40 acc 0.5917 uar 0.5367 f1 0.5229
2025-12-23 17:48:00,922 - utils.logger2025-12-23-17.45.35 - INFO - Cur epoch 16 loss CE:0.0929 mse:0.0000 consistent:0.0000
2025-12-23 17:48:01,841 - utils.logger2025-12-23-17.45.35 - INFO - Cur epoch 16 loss CE:0.3284 mse:0.0000 consistent:0.0000
2025-12-23 17:48:02,757 - utils.logger2025-12-23-17.45.35 - INFO - Cur epoch 16 loss CE:0.2170 mse:0.0000 consistent:0.0000
2025-12-23 17:48:03,696 - utils.logger2025-12-23-17.45.35 - INFO - Cur epoch 16 loss CE:0.1482 mse:0.0000 consistent:0.0000
2025-12-23 17:48:04,647 - utils.logger2025-12-23-17.45.35 - INFO - Cur epoch 16 loss CE:0.2409 mse:0.0000 consistent:0.0000
2025-12-23 17:48:05,616 - utils.logger2025-12-23-17.45.35 - INFO - Cur epoch 16 loss CE:0.1101 mse:0.0000 consistent:0.0000
2025-12-23 17:48:06,562 - utils.logger2025-12-23-17.45.35 - INFO - Cur epoch 16 loss CE:0.0791 mse:0.0000 consistent:0.0000
2025-12-23 17:48:07,544 - utils.logger2025-12-23-17.45.35 - INFO - Cur epoch 16 loss CE:0.3800 mse:0.0000 consistent:0.0000
2025-12-23 17:48:08,451 - utils.logger2025-12-23-17.45.35 - INFO - Cur epoch 16 loss CE:0.2346 mse:0.0000 consistent:0.0000
2025-12-23 17:48:08,605 - utils.logger2025-12-23-17.45.35 - INFO - saving the model at the end of epoch 16, iters 1472
2025-12-23 17:48:08,800 - utils.logger2025-12-23-17.45.35 - INFO - End of training epoch 16 / 40 	 Time Taken: 8 sec
2025-12-23 17:48:08,800 - utils.logger2025-12-23-17.45.35 - INFO - learning rate = 0.0002000
2025-12-23 17:48:09,505 - utils.logger2025-12-23-17.45.35 - INFO - Val result of epoch 16 / 40 acc 0.6776 uar 0.6549 f1 0.6567
2025-12-23 17:48:10,276 - utils.logger2025-12-23-17.45.35 - INFO - Tst result of epoch 16 / 40 acc 0.5896 uar 0.5181 f1 0.5127
2025-12-23 17:48:11,016 - utils.logger2025-12-23-17.45.35 - INFO - Cur epoch 17 loss CE:0.0470 mse:0.0000 consistent:0.0000
2025-12-23 17:48:11,950 - utils.logger2025-12-23-17.45.35 - INFO - Cur epoch 17 loss CE:0.4464 mse:0.0000 consistent:0.0000
2025-12-23 17:48:12,895 - utils.logger2025-12-23-17.45.35 - INFO - Cur epoch 17 loss CE:0.0719 mse:0.0000 consistent:0.0000
2025-12-23 17:48:13,681 - utils.logger2025-12-23-17.45.35 - INFO - Cur epoch 17 loss CE:0.1843 mse:0.0000 consistent:0.0000
2025-12-23 17:48:14,482 - utils.logger2025-12-23-17.45.35 - INFO - Cur epoch 17 loss CE:0.3287 mse:0.0000 consistent:0.0000
2025-12-23 17:48:15,213 - utils.logger2025-12-23-17.45.35 - INFO - Cur epoch 17 loss CE:0.0841 mse:0.0000 consistent:0.0000
2025-12-23 17:48:16,147 - utils.logger2025-12-23-17.45.35 - INFO - Cur epoch 17 loss CE:0.3553 mse:0.0000 consistent:0.0000
2025-12-23 17:48:17,076 - utils.logger2025-12-23-17.45.35 - INFO - Cur epoch 17 loss CE:0.0244 mse:0.0000 consistent:0.0000
2025-12-23 17:48:17,984 - utils.logger2025-12-23-17.45.35 - INFO - Cur epoch 17 loss CE:0.3163 mse:0.0000 consistent:0.0000
2025-12-23 17:48:18,353 - utils.logger2025-12-23-17.45.35 - INFO - saving the model at the end of epoch 17, iters 1564
2025-12-23 17:48:18,538 - utils.logger2025-12-23-17.45.35 - INFO - End of training epoch 17 / 40 	 Time Taken: 8 sec
2025-12-23 17:48:18,538 - utils.logger2025-12-23-17.45.35 - INFO - learning rate = 0.0002000
2025-12-23 17:48:19,205 - utils.logger2025-12-23-17.45.35 - INFO - Val result of epoch 17 / 40 acc 0.6847 uar 0.6404 f1 0.6565
2025-12-23 17:48:19,983 - utils.logger2025-12-23-17.45.35 - INFO - Tst result of epoch 17 / 40 acc 0.6167 uar 0.5562 f1 0.5667
2025-12-23 17:48:20,524 - utils.logger2025-12-23-17.45.35 - INFO - Cur epoch 18 loss CE:0.1787 mse:0.0000 consistent:0.0000
2025-12-23 17:48:21,460 - utils.logger2025-12-23-17.45.35 - INFO - Cur epoch 18 loss CE:0.1488 mse:0.0000 consistent:0.0000
2025-12-23 17:48:22,407 - utils.logger2025-12-23-17.45.35 - INFO - Cur epoch 18 loss CE:0.3195 mse:0.0000 consistent:0.0000
2025-12-23 17:48:23,347 - utils.logger2025-12-23-17.45.35 - INFO - Cur epoch 18 loss CE:0.0193 mse:0.0000 consistent:0.0000
2025-12-23 17:48:24,283 - utils.logger2025-12-23-17.45.35 - INFO - Cur epoch 18 loss CE:0.2168 mse:0.0000 consistent:0.0000
2025-12-23 17:48:25,238 - utils.logger2025-12-23-17.45.35 - INFO - Cur epoch 18 loss CE:0.2491 mse:0.0000 consistent:0.0000
2025-12-23 17:48:26,154 - utils.logger2025-12-23-17.45.35 - INFO - Cur epoch 18 loss CE:0.3697 mse:0.0000 consistent:0.0000
2025-12-23 17:48:27,052 - utils.logger2025-12-23-17.45.35 - INFO - Cur epoch 18 loss CE:0.0743 mse:0.0000 consistent:0.0000
2025-12-23 17:48:28,020 - utils.logger2025-12-23-17.45.35 - INFO - Cur epoch 18 loss CE:0.1111 mse:0.0000 consistent:0.0000
2025-12-23 17:48:28,552 - utils.logger2025-12-23-17.45.35 - INFO - saving the model at the end of epoch 18, iters 1656
2025-12-23 17:48:28,753 - utils.logger2025-12-23-17.45.35 - INFO - End of training epoch 18 / 40 	 Time Taken: 8 sec
2025-12-23 17:48:28,754 - utils.logger2025-12-23-17.45.35 - INFO - learning rate = 0.0002000
2025-12-23 17:48:29,537 - utils.logger2025-12-23-17.45.35 - INFO - Val result of epoch 18 / 40 acc 0.6729 uar 0.6188 f1 0.6358
2025-12-23 17:48:30,335 - utils.logger2025-12-23-17.45.35 - INFO - Tst result of epoch 18 / 40 acc 0.5813 uar 0.4861 f1 0.4836
2025-12-23 17:48:30,709 - utils.logger2025-12-23-17.45.35 - INFO - Cur epoch 19 loss CE:0.1207 mse:0.0000 consistent:0.0000
2025-12-23 17:48:31,682 - utils.logger2025-12-23-17.45.35 - INFO - Cur epoch 19 loss CE:0.0603 mse:0.0000 consistent:0.0000
2025-12-23 17:48:32,650 - utils.logger2025-12-23-17.45.35 - INFO - Cur epoch 19 loss CE:0.2308 mse:0.0000 consistent:0.0000
2025-12-23 17:48:33,612 - utils.logger2025-12-23-17.45.35 - INFO - Cur epoch 19 loss CE:0.1163 mse:0.0000 consistent:0.0000
2025-12-23 17:48:34,553 - utils.logger2025-12-23-17.45.35 - INFO - Cur epoch 19 loss CE:0.5258 mse:0.0000 consistent:0.0000
2025-12-23 17:48:35,481 - utils.logger2025-12-23-17.45.35 - INFO - Cur epoch 19 loss CE:0.4860 mse:0.0000 consistent:0.0000
2025-12-23 17:48:36,417 - utils.logger2025-12-23-17.45.35 - INFO - Cur epoch 19 loss CE:0.8493 mse:0.0000 consistent:0.0000
2025-12-23 17:48:37,345 - utils.logger2025-12-23-17.45.35 - INFO - Cur epoch 19 loss CE:0.1010 mse:0.0000 consistent:0.0000
2025-12-23 17:48:38,293 - utils.logger2025-12-23-17.45.35 - INFO - Cur epoch 19 loss CE:0.0018 mse:0.0000 consistent:0.0000
2025-12-23 17:48:39,018 - utils.logger2025-12-23-17.45.35 - INFO - saving the model at the end of epoch 19, iters 1748
2025-12-23 17:48:39,188 - utils.logger2025-12-23-17.45.35 - INFO - End of training epoch 19 / 40 	 Time Taken: 8 sec
2025-12-23 17:48:39,188 - utils.logger2025-12-23-17.45.35 - INFO - learning rate = 0.0002000
2025-12-23 17:48:39,925 - utils.logger2025-12-23-17.45.35 - INFO - Val result of epoch 19 / 40 acc 0.7318 uar 0.7049 f1 0.7127
2025-12-23 17:48:40,684 - utils.logger2025-12-23-17.45.35 - INFO - Tst result of epoch 19 / 40 acc 0.6542 uar 0.6142 f1 0.6252
2025-12-23 17:48:40,862 - utils.logger2025-12-23-17.45.35 - INFO - Cur epoch 20 loss CE:0.0106 mse:0.0000 consistent:0.0000
2025-12-23 17:48:41,765 - utils.logger2025-12-23-17.45.35 - INFO - Cur epoch 20 loss CE:0.0089 mse:0.0000 consistent:0.0000
2025-12-23 17:48:42,514 - utils.logger2025-12-23-17.45.35 - INFO - Cur epoch 20 loss CE:0.0353 mse:0.0000 consistent:0.0000
2025-12-23 17:48:43,163 - utils.logger2025-12-23-17.45.35 - INFO - Cur epoch 20 loss CE:0.1238 mse:0.0000 consistent:0.0000
2025-12-23 17:48:43,901 - utils.logger2025-12-23-17.45.35 - INFO - Cur epoch 20 loss CE:0.0259 mse:0.0000 consistent:0.0000
2025-12-23 17:48:44,734 - utils.logger2025-12-23-17.45.35 - INFO - Cur epoch 20 loss CE:0.0136 mse:0.0000 consistent:0.0000
2025-12-23 17:48:45,653 - utils.logger2025-12-23-17.45.35 - INFO - Cur epoch 20 loss CE:0.0144 mse:0.0000 consistent:0.0000
2025-12-23 17:48:46,593 - utils.logger2025-12-23-17.45.35 - INFO - Cur epoch 20 loss CE:0.4712 mse:0.0000 consistent:0.0000
2025-12-23 17:48:47,580 - utils.logger2025-12-23-17.45.35 - INFO - Cur epoch 20 loss CE:0.1501 mse:0.0000 consistent:0.0000
2025-12-23 17:48:48,467 - utils.logger2025-12-23-17.45.35 - INFO - Cur epoch 20 loss CE:0.0231 mse:0.0000 consistent:0.0000
2025-12-23 17:48:48,468 - utils.logger2025-12-23-17.45.35 - INFO - saving the model at the end of epoch 20, iters 1840
2025-12-23 17:48:48,652 - utils.logger2025-12-23-17.45.35 - INFO - End of training epoch 20 / 40 	 Time Taken: 7 sec
2025-12-23 17:48:48,653 - utils.logger2025-12-23-17.45.35 - INFO - learning rate = 0.0001905
2025-12-23 17:48:49,354 - utils.logger2025-12-23-17.45.35 - INFO - Val result of epoch 20 / 40 acc 0.7271 uar 0.6720 f1 0.6859
2025-12-23 17:48:50,141 - utils.logger2025-12-23-17.45.35 - INFO - Tst result of epoch 20 / 40 acc 0.6542 uar 0.5862 f1 0.6054
2025-12-23 17:48:51,038 - utils.logger2025-12-23-17.45.35 - INFO - Cur epoch 21 loss CE:0.4252 mse:0.0000 consistent:0.0000
2025-12-23 17:48:51,980 - utils.logger2025-12-23-17.45.35 - INFO - Cur epoch 21 loss CE:0.5848 mse:0.0000 consistent:0.0000
2025-12-23 17:48:52,900 - utils.logger2025-12-23-17.45.35 - INFO - Cur epoch 21 loss CE:0.0840 mse:0.0000 consistent:0.0000
2025-12-23 17:48:53,832 - utils.logger2025-12-23-17.45.35 - INFO - Cur epoch 21 loss CE:0.2858 mse:0.0000 consistent:0.0000
2025-12-23 17:48:54,786 - utils.logger2025-12-23-17.45.35 - INFO - Cur epoch 21 loss CE:0.2346 mse:0.0000 consistent:0.0000
2025-12-23 17:48:55,769 - utils.logger2025-12-23-17.45.35 - INFO - Cur epoch 21 loss CE:0.0235 mse:0.0000 consistent:0.0000
2025-12-23 17:48:56,695 - utils.logger2025-12-23-17.45.35 - INFO - Cur epoch 21 loss CE:0.4166 mse:0.0000 consistent:0.0000
2025-12-23 17:48:57,578 - utils.logger2025-12-23-17.45.35 - INFO - Cur epoch 21 loss CE:0.0092 mse:0.0000 consistent:0.0000
2025-12-23 17:48:58,490 - utils.logger2025-12-23-17.45.35 - INFO - Cur epoch 21 loss CE:0.4093 mse:0.0000 consistent:0.0000
2025-12-23 17:48:58,642 - utils.logger2025-12-23-17.45.35 - INFO - saving the model at the end of epoch 21, iters 1932
2025-12-23 17:48:58,828 - utils.logger2025-12-23-17.45.35 - INFO - End of training epoch 21 / 40 	 Time Taken: 8 sec
2025-12-23 17:48:58,828 - utils.logger2025-12-23-17.45.35 - INFO - learning rate = 0.0001810
2025-12-23 17:48:59,598 - utils.logger2025-12-23-17.45.35 - INFO - Val result of epoch 21 / 40 acc 0.6776 uar 0.5949 f1 0.6287
2025-12-23 17:49:00,386 - utils.logger2025-12-23-17.45.35 - INFO - Tst result of epoch 21 / 40 acc 0.6146 uar 0.5219 f1 0.5392
2025-12-23 17:49:01,121 - utils.logger2025-12-23-17.45.35 - INFO - Cur epoch 22 loss CE:0.0076 mse:0.0000 consistent:0.0000
2025-12-23 17:49:02,088 - utils.logger2025-12-23-17.45.35 - INFO - Cur epoch 22 loss CE:0.5380 mse:0.0000 consistent:0.0000
2025-12-23 17:49:03,053 - utils.logger2025-12-23-17.45.35 - INFO - Cur epoch 22 loss CE:0.6440 mse:0.0000 consistent:0.0000
2025-12-23 17:49:03,998 - utils.logger2025-12-23-17.45.35 - INFO - Cur epoch 22 loss CE:0.0362 mse:0.0000 consistent:0.0000
2025-12-23 17:49:04,975 - utils.logger2025-12-23-17.45.35 - INFO - Cur epoch 22 loss CE:0.0742 mse:0.0000 consistent:0.0000
2025-12-23 17:49:05,970 - utils.logger2025-12-23-17.45.35 - INFO - Cur epoch 22 loss CE:0.2986 mse:0.0000 consistent:0.0000
2025-12-23 17:49:06,944 - utils.logger2025-12-23-17.45.35 - INFO - Cur epoch 22 loss CE:0.0810 mse:0.0000 consistent:0.0000
2025-12-23 17:49:07,887 - utils.logger2025-12-23-17.45.35 - INFO - Cur epoch 22 loss CE:0.0184 mse:0.0000 consistent:0.0000
2025-12-23 17:49:08,738 - utils.logger2025-12-23-17.45.35 - INFO - Cur epoch 22 loss CE:0.1402 mse:0.0000 consistent:0.0000
2025-12-23 17:49:09,029 - utils.logger2025-12-23-17.45.35 - INFO - saving the model at the end of epoch 22, iters 2024
2025-12-23 17:49:09,193 - utils.logger2025-12-23-17.45.35 - INFO - End of training epoch 22 / 40 	 Time Taken: 8 sec
2025-12-23 17:49:09,193 - utils.logger2025-12-23-17.45.35 - INFO - learning rate = 0.0001714
2025-12-23 17:49:09,888 - utils.logger2025-12-23-17.45.35 - INFO - Val result of epoch 22 / 40 acc 0.7012 uar 0.6218 f1 0.6510
2025-12-23 17:49:10,692 - utils.logger2025-12-23-17.45.35 - INFO - Tst result of epoch 22 / 40 acc 0.6312 uar 0.5528 f1 0.5766
2025-12-23 17:49:11,316 - utils.logger2025-12-23-17.45.35 - INFO - Cur epoch 23 loss CE:0.1822 mse:0.0000 consistent:0.0000
2025-12-23 17:49:12,233 - utils.logger2025-12-23-17.45.35 - INFO - Cur epoch 23 loss CE:0.0236 mse:0.0000 consistent:0.0000
2025-12-23 17:49:13,012 - utils.logger2025-12-23-17.45.35 - INFO - Cur epoch 23 loss CE:0.3027 mse:0.0000 consistent:0.0000
2025-12-23 17:49:13,819 - utils.logger2025-12-23-17.45.35 - INFO - Cur epoch 23 loss CE:0.0026 mse:0.0000 consistent:0.0000
2025-12-23 17:49:14,600 - utils.logger2025-12-23-17.45.35 - INFO - Cur epoch 23 loss CE:0.2451 mse:0.0000 consistent:0.0000
2025-12-23 17:49:15,533 - utils.logger2025-12-23-17.45.35 - INFO - Cur epoch 23 loss CE:0.0238 mse:0.0000 consistent:0.0000
2025-12-23 17:49:16,512 - utils.logger2025-12-23-17.45.35 - INFO - Cur epoch 23 loss CE:0.4546 mse:0.0000 consistent:0.0000
2025-12-23 17:49:17,367 - utils.logger2025-12-23-17.45.35 - INFO - Cur epoch 23 loss CE:0.0565 mse:0.0000 consistent:0.0000
2025-12-23 17:49:18,349 - utils.logger2025-12-23-17.45.35 - INFO - Cur epoch 23 loss CE:0.2873 mse:0.0000 consistent:0.0000
2025-12-23 17:49:18,884 - utils.logger2025-12-23-17.45.35 - INFO - saving the model at the end of epoch 23, iters 2116
2025-12-23 17:49:19,074 - utils.logger2025-12-23-17.45.35 - INFO - End of training epoch 23 / 40 	 Time Taken: 8 sec
2025-12-23 17:49:19,075 - utils.logger2025-12-23-17.45.35 - INFO - learning rate = 0.0001619
2025-12-23 17:49:19,771 - utils.logger2025-12-23-17.45.35 - INFO - Val result of epoch 23 / 40 acc 0.7129 uar 0.6839 f1 0.6783
2025-12-23 17:49:20,527 - utils.logger2025-12-23-17.45.35 - INFO - Tst result of epoch 23 / 40 acc 0.6271 uar 0.5696 f1 0.5753
2025-12-23 17:49:20,891 - utils.logger2025-12-23-17.45.35 - INFO - Cur epoch 24 loss CE:0.0473 mse:0.0000 consistent:0.0000
2025-12-23 17:49:21,816 - utils.logger2025-12-23-17.45.35 - INFO - Cur epoch 24 loss CE:0.0272 mse:0.0000 consistent:0.0000
2025-12-23 17:49:22,708 - utils.logger2025-12-23-17.45.35 - INFO - Cur epoch 24 loss CE:0.2500 mse:0.0000 consistent:0.0000
2025-12-23 17:49:23,633 - utils.logger2025-12-23-17.45.35 - INFO - Cur epoch 24 loss CE:0.3523 mse:0.0000 consistent:0.0000
2025-12-23 17:49:24,563 - utils.logger2025-12-23-17.45.35 - INFO - Cur epoch 24 loss CE:0.0376 mse:0.0000 consistent:0.0000
2025-12-23 17:49:25,511 - utils.logger2025-12-23-17.45.35 - INFO - Cur epoch 24 loss CE:0.0091 mse:0.0000 consistent:0.0000
2025-12-23 17:49:26,472 - utils.logger2025-12-23-17.45.35 - INFO - Cur epoch 24 loss CE:0.2873 mse:0.0000 consistent:0.0000
2025-12-23 17:49:27,390 - utils.logger2025-12-23-17.45.35 - INFO - Cur epoch 24 loss CE:0.0007 mse:0.0000 consistent:0.0000
2025-12-23 17:49:28,306 - utils.logger2025-12-23-17.45.35 - INFO - Cur epoch 24 loss CE:0.0059 mse:0.0000 consistent:0.0000
2025-12-23 17:49:29,017 - utils.logger2025-12-23-17.45.35 - INFO - saving the model at the end of epoch 24, iters 2208
2025-12-23 17:49:29,190 - utils.logger2025-12-23-17.45.35 - INFO - End of training epoch 24 / 40 	 Time Taken: 8 sec
2025-12-23 17:49:29,190 - utils.logger2025-12-23-17.45.35 - INFO - learning rate = 0.0001524
2025-12-23 17:49:29,913 - utils.logger2025-12-23-17.45.35 - INFO - Val result of epoch 24 / 40 acc 0.7012 uar 0.6150 f1 0.6363
2025-12-23 17:49:30,665 - utils.logger2025-12-23-17.45.35 - INFO - Tst result of epoch 24 / 40 acc 0.6292 uar 0.5459 f1 0.5671
2025-12-23 17:49:30,851 - utils.logger2025-12-23-17.45.35 - INFO - Cur epoch 25 loss CE:0.1406 mse:0.0000 consistent:0.0000
2025-12-23 17:49:31,662 - utils.logger2025-12-23-17.45.35 - INFO - Cur epoch 25 loss CE:0.2006 mse:0.0000 consistent:0.0000
2025-12-23 17:49:32,548 - utils.logger2025-12-23-17.45.35 - INFO - Cur epoch 25 loss CE:0.0929 mse:0.0000 consistent:0.0000
2025-12-23 17:49:33,489 - utils.logger2025-12-23-17.45.35 - INFO - Cur epoch 25 loss CE:0.0147 mse:0.0000 consistent:0.0000
2025-12-23 17:49:34,281 - utils.logger2025-12-23-17.45.35 - INFO - Cur epoch 25 loss CE:0.0532 mse:0.0000 consistent:0.0000
2025-12-23 17:49:35,044 - utils.logger2025-12-23-17.45.35 - INFO - Cur epoch 25 loss CE:0.0030 mse:0.0000 consistent:0.0000
2025-12-23 17:49:35,820 - utils.logger2025-12-23-17.45.35 - INFO - Cur epoch 25 loss CE:0.0307 mse:0.0000 consistent:0.0000
2025-12-23 17:49:37,015 - utils.logger2025-12-23-17.45.35 - INFO - Cur epoch 25 loss CE:0.2227 mse:0.0000 consistent:0.0000
2025-12-23 17:49:37,990 - utils.logger2025-12-23-17.45.35 - INFO - Cur epoch 25 loss CE:0.1011 mse:0.0000 consistent:0.0000
2025-12-23 17:49:38,745 - utils.logger2025-12-23-17.45.35 - INFO - Cur epoch 25 loss CE:0.0022 mse:0.0000 consistent:0.0000
2025-12-23 17:49:38,745 - utils.logger2025-12-23-17.45.35 - INFO - saving the model at the end of epoch 25, iters 2300
2025-12-23 17:49:38,884 - utils.logger2025-12-23-17.45.35 - INFO - End of training epoch 25 / 40 	 Time Taken: 8 sec
2025-12-23 17:49:38,884 - utils.logger2025-12-23-17.45.35 - INFO - learning rate = 0.0001429
2025-12-23 17:49:39,432 - utils.logger2025-12-23-17.45.35 - INFO - Val result of epoch 25 / 40 acc 0.7035 uar 0.6450 f1 0.6630
2025-12-23 17:49:40,037 - utils.logger2025-12-23-17.45.35 - INFO - Tst result of epoch 25 / 40 acc 0.6438 uar 0.5859 f1 0.6048
2025-12-23 17:49:40,694 - utils.logger2025-12-23-17.45.35 - INFO - Cur epoch 26 loss CE:0.0112 mse:0.0000 consistent:0.0000
2025-12-23 17:49:41,356 - utils.logger2025-12-23-17.45.35 - INFO - Cur epoch 26 loss CE:0.0013 mse:0.0000 consistent:0.0000
2025-12-23 17:49:42,006 - utils.logger2025-12-23-17.45.35 - INFO - Cur epoch 26 loss CE:0.0055 mse:0.0000 consistent:0.0000
2025-12-23 17:49:42,723 - utils.logger2025-12-23-17.45.35 - INFO - Cur epoch 26 loss CE:0.1020 mse:0.0000 consistent:0.0000
2025-12-23 17:49:43,540 - utils.logger2025-12-23-17.45.35 - INFO - Cur epoch 26 loss CE:0.0059 mse:0.0000 consistent:0.0000
2025-12-23 17:49:44,505 - utils.logger2025-12-23-17.45.35 - INFO - Cur epoch 26 loss CE:0.0130 mse:0.0000 consistent:0.0000
2025-12-23 17:49:45,442 - utils.logger2025-12-23-17.45.35 - INFO - Cur epoch 26 loss CE:0.0054 mse:0.0000 consistent:0.0000
2025-12-23 17:49:46,348 - utils.logger2025-12-23-17.45.35 - INFO - Cur epoch 26 loss CE:0.0063 mse:0.0000 consistent:0.0000
2025-12-23 17:49:47,322 - utils.logger2025-12-23-17.45.35 - INFO - Cur epoch 26 loss CE:0.0319 mse:0.0000 consistent:0.0000
2025-12-23 17:49:47,481 - utils.logger2025-12-23-17.45.35 - INFO - saving the model at the end of epoch 26, iters 2392
2025-12-23 17:49:47,682 - utils.logger2025-12-23-17.45.35 - INFO - End of training epoch 26 / 40 	 Time Taken: 7 sec
2025-12-23 17:49:47,682 - utils.logger2025-12-23-17.45.35 - INFO - learning rate = 0.0001333
2025-12-23 17:49:48,404 - utils.logger2025-12-23-17.45.35 - INFO - Val result of epoch 26 / 40 acc 0.6682 uar 0.5962 f1 0.6162
2025-12-23 17:49:49,203 - utils.logger2025-12-23-17.45.35 - INFO - Tst result of epoch 26 / 40 acc 0.6000 uar 0.5007 f1 0.5102
2025-12-23 17:49:49,967 - utils.logger2025-12-23-17.45.35 - INFO - Cur epoch 27 loss CE:0.0680 mse:0.0000 consistent:0.0000
2025-12-23 17:49:50,923 - utils.logger2025-12-23-17.45.35 - INFO - Cur epoch 27 loss CE:0.0101 mse:0.0000 consistent:0.0000
2025-12-23 17:49:51,874 - utils.logger2025-12-23-17.45.35 - INFO - Cur epoch 27 loss CE:0.0116 mse:0.0000 consistent:0.0000
2025-12-23 17:49:52,792 - utils.logger2025-12-23-17.45.35 - INFO - Cur epoch 27 loss CE:0.0073 mse:0.0000 consistent:0.0000
2025-12-23 17:49:53,677 - utils.logger2025-12-23-17.45.35 - INFO - Cur epoch 27 loss CE:0.1144 mse:0.0000 consistent:0.0000
2025-12-23 17:49:54,575 - utils.logger2025-12-23-17.45.35 - INFO - Cur epoch 27 loss CE:0.0531 mse:0.0000 consistent:0.0000
2025-12-23 17:49:55,492 - utils.logger2025-12-23-17.45.35 - INFO - Cur epoch 27 loss CE:0.0593 mse:0.0000 consistent:0.0000
2025-12-23 17:49:56,415 - utils.logger2025-12-23-17.45.35 - INFO - Cur epoch 27 loss CE:0.5741 mse:0.0000 consistent:0.0000
2025-12-23 17:49:57,327 - utils.logger2025-12-23-17.45.35 - INFO - Cur epoch 27 loss CE:0.3333 mse:0.0000 consistent:0.0000
2025-12-23 17:49:57,658 - utils.logger2025-12-23-17.45.35 - INFO - saving the model at the end of epoch 27, iters 2484
2025-12-23 17:49:57,850 - utils.logger2025-12-23-17.45.35 - INFO - End of training epoch 27 / 40 	 Time Taken: 8 sec
2025-12-23 17:49:57,850 - utils.logger2025-12-23-17.45.35 - INFO - learning rate = 0.0001238
2025-12-23 17:49:58,538 - utils.logger2025-12-23-17.45.35 - INFO - Val result of epoch 27 / 40 acc 0.7059 uar 0.6261 f1 0.6530
2025-12-23 17:49:59,327 - utils.logger2025-12-23-17.45.35 - INFO - Tst result of epoch 27 / 40 acc 0.6500 uar 0.5771 f1 0.6014
2025-12-23 17:49:59,897 - utils.logger2025-12-23-17.45.35 - INFO - Cur epoch 28 loss CE:0.0460 mse:0.0000 consistent:0.0000
2025-12-23 17:50:00,828 - utils.logger2025-12-23-17.45.35 - INFO - Cur epoch 28 loss CE:0.0052 mse:0.0000 consistent:0.0000
2025-12-23 17:50:01,758 - utils.logger2025-12-23-17.45.35 - INFO - Cur epoch 28 loss CE:0.0113 mse:0.0000 consistent:0.0000
2025-12-23 17:50:02,655 - utils.logger2025-12-23-17.45.35 - INFO - Cur epoch 28 loss CE:0.0042 mse:0.0000 consistent:0.0000
2025-12-23 17:50:03,595 - utils.logger2025-12-23-17.45.35 - INFO - Cur epoch 28 loss CE:0.0097 mse:0.0000 consistent:0.0000
2025-12-23 17:50:04,413 - utils.logger2025-12-23-17.45.35 - INFO - Cur epoch 28 loss CE:0.0196 mse:0.0000 consistent:0.0000
2025-12-23 17:50:05,190 - utils.logger2025-12-23-17.45.35 - INFO - Cur epoch 28 loss CE:0.0923 mse:0.0000 consistent:0.0000
2025-12-23 17:50:05,924 - utils.logger2025-12-23-17.45.35 - INFO - Cur epoch 28 loss CE:0.0049 mse:0.0000 consistent:0.0000
2025-12-23 17:50:06,668 - utils.logger2025-12-23-17.45.35 - INFO - Cur epoch 28 loss CE:0.0329 mse:0.0000 consistent:0.0000
2025-12-23 17:50:07,107 - utils.logger2025-12-23-17.45.35 - INFO - saving the model at the end of epoch 28, iters 2576
2025-12-23 17:50:07,240 - utils.logger2025-12-23-17.45.35 - INFO - End of training epoch 28 / 40 	 Time Taken: 7 sec
2025-12-23 17:50:07,240 - utils.logger2025-12-23-17.45.35 - INFO - learning rate = 0.0001143
2025-12-23 17:50:07,779 - utils.logger2025-12-23-17.45.35 - INFO - Val result of epoch 28 / 40 acc 0.6965 uar 0.6573 f1 0.6519
2025-12-23 17:50:08,503 - utils.logger2025-12-23-17.45.35 - INFO - Tst result of epoch 28 / 40 acc 0.6292 uar 0.5536 f1 0.5691
2025-12-23 17:50:08,820 - utils.logger2025-12-23-17.45.35 - INFO - Cur epoch 29 loss CE:0.0111 mse:0.0000 consistent:0.0000
2025-12-23 17:50:09,453 - utils.logger2025-12-23-17.45.35 - INFO - Cur epoch 29 loss CE:0.0033 mse:0.0000 consistent:0.0000
2025-12-23 17:50:10,129 - utils.logger2025-12-23-17.45.35 - INFO - Cur epoch 29 loss CE:0.0269 mse:0.0000 consistent:0.0000
2025-12-23 17:50:10,880 - utils.logger2025-12-23-17.45.35 - INFO - Cur epoch 29 loss CE:0.2202 mse:0.0000 consistent:0.0000
2025-12-23 17:50:11,655 - utils.logger2025-12-23-17.45.35 - INFO - Cur epoch 29 loss CE:0.0037 mse:0.0000 consistent:0.0000
2025-12-23 17:50:12,567 - utils.logger2025-12-23-17.45.35 - INFO - Cur epoch 29 loss CE:0.0022 mse:0.0000 consistent:0.0000
2025-12-23 17:50:13,510 - utils.logger2025-12-23-17.45.35 - INFO - Cur epoch 29 loss CE:0.0056 mse:0.0000 consistent:0.0000
2025-12-23 17:50:14,465 - utils.logger2025-12-23-17.45.35 - INFO - Cur epoch 29 loss CE:0.0058 mse:0.0000 consistent:0.0000
2025-12-23 17:50:15,417 - utils.logger2025-12-23-17.45.35 - INFO - Cur epoch 29 loss CE:0.0428 mse:0.0000 consistent:0.0000
2025-12-23 17:50:16,152 - utils.logger2025-12-23-17.45.35 - INFO - saving the model at the end of epoch 29, iters 2668
2025-12-23 17:50:16,328 - utils.logger2025-12-23-17.45.35 - INFO - End of training epoch 29 / 40 	 Time Taken: 7 sec
2025-12-23 17:50:16,328 - utils.logger2025-12-23-17.45.35 - INFO - learning rate = 0.0001048
2025-12-23 17:50:17,020 - utils.logger2025-12-23-17.45.35 - INFO - Val result of epoch 29 / 40 acc 0.7129 uar 0.6364 f1 0.6674
2025-12-23 17:50:17,803 - utils.logger2025-12-23-17.45.35 - INFO - Tst result of epoch 29 / 40 acc 0.6646 uar 0.6002 f1 0.6254
2025-12-23 17:50:17,988 - utils.logger2025-12-23-17.45.35 - INFO - Cur epoch 30 loss CE:0.0235 mse:0.0000 consistent:0.0000
2025-12-23 17:50:18,951 - utils.logger2025-12-23-17.45.35 - INFO - Cur epoch 30 loss CE:0.2651 mse:0.0000 consistent:0.0000
2025-12-23 17:50:19,901 - utils.logger2025-12-23-17.45.35 - INFO - Cur epoch 30 loss CE:0.3576 mse:0.0000 consistent:0.0000
2025-12-23 17:50:20,872 - utils.logger2025-12-23-17.45.35 - INFO - Cur epoch 30 loss CE:0.3882 mse:0.0000 consistent:0.0000
2025-12-23 17:50:21,840 - utils.logger2025-12-23-17.45.35 - INFO - Cur epoch 30 loss CE:0.0133 mse:0.0000 consistent:0.0000
2025-12-23 17:50:22,814 - utils.logger2025-12-23-17.45.35 - INFO - Cur epoch 30 loss CE:0.0017 mse:0.0000 consistent:0.0000
2025-12-23 17:50:23,778 - utils.logger2025-12-23-17.45.35 - INFO - Cur epoch 30 loss CE:0.0452 mse:0.0000 consistent:0.0000
2025-12-23 17:50:24,740 - utils.logger2025-12-23-17.45.35 - INFO - Cur epoch 30 loss CE:0.0061 mse:0.0000 consistent:0.0000
2025-12-23 17:50:25,691 - utils.logger2025-12-23-17.45.35 - INFO - Cur epoch 30 loss CE:0.2049 mse:0.0000 consistent:0.0000
2025-12-23 17:50:26,557 - utils.logger2025-12-23-17.45.35 - INFO - Cur epoch 30 loss CE:0.0001 mse:0.0000 consistent:0.0000
2025-12-23 17:50:26,558 - utils.logger2025-12-23-17.45.35 - INFO - saving the model at the end of epoch 30, iters 2760
2025-12-23 17:50:26,746 - utils.logger2025-12-23-17.45.35 - INFO - End of training epoch 30 / 40 	 Time Taken: 8 sec
2025-12-23 17:50:26,746 - utils.logger2025-12-23-17.45.35 - INFO - learning rate = 0.0000952
2025-12-23 17:50:27,434 - utils.logger2025-12-23-17.45.35 - INFO - Val result of epoch 30 / 40 acc 0.7200 uar 0.6697 f1 0.6845
2025-12-23 17:50:28,234 - utils.logger2025-12-23-17.45.35 - INFO - Tst result of epoch 30 / 40 acc 0.6417 uar 0.5797 f1 0.5985
2025-12-23 17:50:29,197 - utils.logger2025-12-23-17.45.35 - INFO - Cur epoch 31 loss CE:0.0811 mse:0.0000 consistent:0.0000
2025-12-23 17:50:30,175 - utils.logger2025-12-23-17.45.35 - INFO - Cur epoch 31 loss CE:0.0034 mse:0.0000 consistent:0.0000
2025-12-23 17:50:31,152 - utils.logger2025-12-23-17.45.35 - INFO - Cur epoch 31 loss CE:0.0502 mse:0.0000 consistent:0.0000
2025-12-23 17:50:32,096 - utils.logger2025-12-23-17.45.35 - INFO - Cur epoch 31 loss CE:0.1955 mse:0.0000 consistent:0.0000
2025-12-23 17:50:33,045 - utils.logger2025-12-23-17.45.35 - INFO - Cur epoch 31 loss CE:0.0009 mse:0.0000 consistent:0.0000
2025-12-23 17:50:33,930 - utils.logger2025-12-23-17.45.35 - INFO - Cur epoch 31 loss CE:0.0916 mse:0.0000 consistent:0.0000
2025-12-23 17:50:34,841 - utils.logger2025-12-23-17.45.35 - INFO - Cur epoch 31 loss CE:0.0007 mse:0.0000 consistent:0.0000
2025-12-23 17:50:35,797 - utils.logger2025-12-23-17.45.35 - INFO - Cur epoch 31 loss CE:0.0164 mse:0.0000 consistent:0.0000
2025-12-23 17:50:36,756 - utils.logger2025-12-23-17.45.35 - INFO - Cur epoch 31 loss CE:0.0404 mse:0.0000 consistent:0.0000
2025-12-23 17:50:36,909 - utils.logger2025-12-23-17.45.35 - INFO - saving the model at the end of epoch 31, iters 2852
2025-12-23 17:50:37,088 - utils.logger2025-12-23-17.45.35 - INFO - End of training epoch 31 / 40 	 Time Taken: 8 sec
2025-12-23 17:50:37,088 - utils.logger2025-12-23-17.45.35 - INFO - learning rate = 0.0000857
2025-12-23 17:50:37,750 - utils.logger2025-12-23-17.45.35 - INFO - Val result of epoch 31 / 40 acc 0.7200 uar 0.6464 f1 0.6671
2025-12-23 17:50:38,586 - utils.logger2025-12-23-17.45.35 - INFO - Tst result of epoch 31 / 40 acc 0.6521 uar 0.5854 f1 0.6102
2025-12-23 17:50:39,402 - utils.logger2025-12-23-17.45.35 - INFO - Cur epoch 32 loss CE:0.0161 mse:0.0000 consistent:0.0000
2025-12-23 17:50:40,339 - utils.logger2025-12-23-17.45.35 - INFO - Cur epoch 32 loss CE:0.0131 mse:0.0000 consistent:0.0000
2025-12-23 17:50:41,253 - utils.logger2025-12-23-17.45.35 - INFO - Cur epoch 32 loss CE:0.1263 mse:0.0000 consistent:0.0000
2025-12-23 17:50:42,173 - utils.logger2025-12-23-17.45.35 - INFO - Cur epoch 32 loss CE:0.0227 mse:0.0000 consistent:0.0000
2025-12-23 17:50:42,957 - utils.logger2025-12-23-17.45.35 - INFO - Cur epoch 32 loss CE:0.0256 mse:0.0000 consistent:0.0000
2025-12-23 17:50:43,818 - utils.logger2025-12-23-17.45.35 - INFO - Cur epoch 32 loss CE:0.0010 mse:0.0000 consistent:0.0000
2025-12-23 17:50:44,736 - utils.logger2025-12-23-17.45.35 - INFO - Cur epoch 32 loss CE:0.0008 mse:0.0000 consistent:0.0000
2025-12-23 17:50:45,658 - utils.logger2025-12-23-17.45.35 - INFO - Cur epoch 32 loss CE:0.0701 mse:0.0000 consistent:0.0000
2025-12-23 17:50:46,568 - utils.logger2025-12-23-17.45.35 - INFO - Cur epoch 32 loss CE:0.1514 mse:0.0000 consistent:0.0000
2025-12-23 17:50:46,902 - utils.logger2025-12-23-17.45.35 - INFO - saving the model at the end of epoch 32, iters 2944
2025-12-23 17:50:47,064 - utils.logger2025-12-23-17.45.35 - INFO - End of training epoch 32 / 40 	 Time Taken: 8 sec
2025-12-23 17:50:47,064 - utils.logger2025-12-23-17.45.35 - INFO - learning rate = 0.0000762
2025-12-23 17:50:47,768 - utils.logger2025-12-23-17.45.35 - INFO - Val result of epoch 32 / 40 acc 0.7082 uar 0.6316 f1 0.6588
2025-12-23 17:50:48,540 - utils.logger2025-12-23-17.45.35 - INFO - Tst result of epoch 32 / 40 acc 0.6625 uar 0.6189 f1 0.6409
2025-12-23 17:50:48,938 - utils.logger2025-12-23-17.45.35 - INFO - Cur epoch 33 loss CE:0.0045 mse:0.0000 consistent:0.0000
2025-12-23 17:50:49,556 - utils.logger2025-12-23-17.45.35 - INFO - Cur epoch 33 loss CE:0.0291 mse:0.0000 consistent:0.0000
2025-12-23 17:50:50,300 - utils.logger2025-12-23-17.45.35 - INFO - Cur epoch 33 loss CE:0.0005 mse:0.0000 consistent:0.0000
2025-12-23 17:50:51,073 - utils.logger2025-12-23-17.45.35 - INFO - Cur epoch 33 loss CE:0.2840 mse:0.0000 consistent:0.0000
2025-12-23 17:50:51,913 - utils.logger2025-12-23-17.45.35 - INFO - Cur epoch 33 loss CE:0.0167 mse:0.0000 consistent:0.0000
2025-12-23 17:50:52,695 - utils.logger2025-12-23-17.45.35 - INFO - Cur epoch 33 loss CE:0.0005 mse:0.0000 consistent:0.0000
2025-12-23 17:50:53,551 - utils.logger2025-12-23-17.45.35 - INFO - Cur epoch 33 loss CE:0.0010 mse:0.0000 consistent:0.0000
2025-12-23 17:50:54,505 - utils.logger2025-12-23-17.45.35 - INFO - Cur epoch 33 loss CE:0.0428 mse:0.0000 consistent:0.0000
2025-12-23 17:50:55,451 - utils.logger2025-12-23-17.45.35 - INFO - Cur epoch 33 loss CE:0.0072 mse:0.0000 consistent:0.0000
2025-12-23 17:50:55,965 - utils.logger2025-12-23-17.45.35 - INFO - saving the model at the end of epoch 33, iters 3036
2025-12-23 17:50:56,155 - utils.logger2025-12-23-17.45.35 - INFO - End of training epoch 33 / 40 	 Time Taken: 7 sec
2025-12-23 17:50:56,156 - utils.logger2025-12-23-17.45.35 - INFO - learning rate = 0.0000667
2025-12-23 17:50:56,929 - utils.logger2025-12-23-17.45.35 - INFO - Val result of epoch 33 / 40 acc 0.7035 uar 0.6290 f1 0.6489
2025-12-23 17:50:57,782 - utils.logger2025-12-23-17.45.35 - INFO - Tst result of epoch 33 / 40 acc 0.6396 uar 0.5531 f1 0.5764
2025-12-23 17:50:58,176 - utils.logger2025-12-23-17.45.35 - INFO - Cur epoch 34 loss CE:0.0483 mse:0.0000 consistent:0.0000
2025-12-23 17:50:59,129 - utils.logger2025-12-23-17.45.35 - INFO - Cur epoch 34 loss CE:0.3572 mse:0.0000 consistent:0.0000
2025-12-23 17:50:59,926 - utils.logger2025-12-23-17.45.35 - INFO - Cur epoch 34 loss CE:0.0023 mse:0.0000 consistent:0.0000
2025-12-23 17:51:00,643 - utils.logger2025-12-23-17.45.35 - INFO - Cur epoch 34 loss CE:0.0018 mse:0.0000 consistent:0.0000
2025-12-23 17:51:01,428 - utils.logger2025-12-23-17.45.35 - INFO - Cur epoch 34 loss CE:0.0607 mse:0.0000 consistent:0.0000
2025-12-23 17:51:02,219 - utils.logger2025-12-23-17.45.35 - INFO - Cur epoch 34 loss CE:0.1667 mse:0.0000 consistent:0.0000
2025-12-23 17:51:03,138 - utils.logger2025-12-23-17.45.35 - INFO - Cur epoch 34 loss CE:0.0008 mse:0.0000 consistent:0.0000
2025-12-23 17:51:04,065 - utils.logger2025-12-23-17.45.35 - INFO - Cur epoch 34 loss CE:0.0020 mse:0.0000 consistent:0.0000
2025-12-23 17:51:05,034 - utils.logger2025-12-23-17.45.35 - INFO - Cur epoch 34 loss CE:0.0006 mse:0.0000 consistent:0.0000
2025-12-23 17:51:05,732 - utils.logger2025-12-23-17.45.35 - INFO - saving the model at the end of epoch 34, iters 3128
2025-12-23 17:51:05,927 - utils.logger2025-12-23-17.45.35 - INFO - End of training epoch 34 / 40 	 Time Taken: 8 sec
2025-12-23 17:51:05,927 - utils.logger2025-12-23-17.45.35 - INFO - learning rate = 0.0000571
2025-12-23 17:51:06,650 - utils.logger2025-12-23-17.45.35 - INFO - Val result of epoch 34 / 40 acc 0.7224 uar 0.6466 f1 0.6685
2025-12-23 17:51:07,517 - utils.logger2025-12-23-17.45.35 - INFO - Tst result of epoch 34 / 40 acc 0.6521 uar 0.5799 f1 0.6074
2025-12-23 17:51:07,735 - utils.logger2025-12-23-17.45.35 - INFO - Cur epoch 35 loss CE:0.0012 mse:0.0000 consistent:0.0000
2025-12-23 17:51:08,687 - utils.logger2025-12-23-17.45.35 - INFO - Cur epoch 35 loss CE:0.0104 mse:0.0000 consistent:0.0000
2025-12-23 17:51:09,646 - utils.logger2025-12-23-17.45.35 - INFO - Cur epoch 35 loss CE:0.0014 mse:0.0000 consistent:0.0000
2025-12-23 17:51:10,608 - utils.logger2025-12-23-17.45.35 - INFO - Cur epoch 35 loss CE:0.0006 mse:0.0000 consistent:0.0000
2025-12-23 17:51:11,554 - utils.logger2025-12-23-17.45.35 - INFO - Cur epoch 35 loss CE:0.0002 mse:0.0000 consistent:0.0000
2025-12-23 17:51:12,559 - utils.logger2025-12-23-17.45.35 - INFO - Cur epoch 35 loss CE:0.0011 mse:0.0000 consistent:0.0000
2025-12-23 17:51:13,531 - utils.logger2025-12-23-17.45.35 - INFO - Cur epoch 35 loss CE:0.0015 mse:0.0000 consistent:0.0000
2025-12-23 17:51:14,507 - utils.logger2025-12-23-17.45.35 - INFO - Cur epoch 35 loss CE:0.0009 mse:0.0000 consistent:0.0000
2025-12-23 17:51:15,488 - utils.logger2025-12-23-17.45.35 - INFO - Cur epoch 35 loss CE:0.0013 mse:0.0000 consistent:0.0000
2025-12-23 17:51:16,417 - utils.logger2025-12-23-17.45.35 - INFO - Cur epoch 35 loss CE:0.0001 mse:0.0000 consistent:0.0000
2025-12-23 17:51:16,417 - utils.logger2025-12-23-17.45.35 - INFO - saving the model at the end of epoch 35, iters 3220
2025-12-23 17:51:16,602 - utils.logger2025-12-23-17.45.35 - INFO - End of training epoch 35 / 40 	 Time Taken: 9 sec
2025-12-23 17:51:16,602 - utils.logger2025-12-23-17.45.35 - INFO - learning rate = 0.0000476
2025-12-23 17:51:17,338 - utils.logger2025-12-23-17.45.35 - INFO - Val result of epoch 35 / 40 acc 0.6965 uar 0.6172 f1 0.6418
2025-12-23 17:51:18,151 - utils.logger2025-12-23-17.45.35 - INFO - Tst result of epoch 35 / 40 acc 0.6333 uar 0.5510 f1 0.5775
2025-12-23 17:51:19,130 - utils.logger2025-12-23-17.45.35 - INFO - Cur epoch 36 loss CE:0.0457 mse:0.0000 consistent:0.0000
2025-12-23 17:51:20,113 - utils.logger2025-12-23-17.45.35 - INFO - Cur epoch 36 loss CE:0.0487 mse:0.0000 consistent:0.0000
2025-12-23 17:51:21,086 - utils.logger2025-12-23-17.45.35 - INFO - Cur epoch 36 loss CE:0.0068 mse:0.0000 consistent:0.0000
2025-12-23 17:51:22,046 - utils.logger2025-12-23-17.45.35 - INFO - Cur epoch 36 loss CE:0.1321 mse:0.0000 consistent:0.0000
2025-12-23 17:51:23,016 - utils.logger2025-12-23-17.45.35 - INFO - Cur epoch 36 loss CE:0.0036 mse:0.0000 consistent:0.0000
2025-12-23 17:51:24,000 - utils.logger2025-12-23-17.45.35 - INFO - Cur epoch 36 loss CE:0.3132 mse:0.0000 consistent:0.0000
2025-12-23 17:51:24,973 - utils.logger2025-12-23-17.45.35 - INFO - Cur epoch 36 loss CE:0.0010 mse:0.0000 consistent:0.0000
2025-12-23 17:51:25,946 - utils.logger2025-12-23-17.45.35 - INFO - Cur epoch 36 loss CE:0.0637 mse:0.0000 consistent:0.0000
2025-12-23 17:51:26,915 - utils.logger2025-12-23-17.45.35 - INFO - Cur epoch 36 loss CE:0.0017 mse:0.0000 consistent:0.0000
2025-12-23 17:51:27,066 - utils.logger2025-12-23-17.45.35 - INFO - saving the model at the end of epoch 36, iters 3312
2025-12-23 17:51:27,250 - utils.logger2025-12-23-17.45.35 - INFO - End of training epoch 36 / 40 	 Time Taken: 9 sec
2025-12-23 17:51:27,250 - utils.logger2025-12-23-17.45.35 - INFO - learning rate = 0.0000381
2025-12-23 17:51:27,956 - utils.logger2025-12-23-17.45.35 - INFO - Val result of epoch 36 / 40 acc 0.7224 uar 0.6614 f1 0.6838
2025-12-23 17:51:28,758 - utils.logger2025-12-23-17.45.35 - INFO - Tst result of epoch 36 / 40 acc 0.6438 uar 0.5788 f1 0.5981
2025-12-23 17:51:29,561 - utils.logger2025-12-23-17.45.35 - INFO - Cur epoch 37 loss CE:0.0009 mse:0.0000 consistent:0.0000
2025-12-23 17:51:30,487 - utils.logger2025-12-23-17.45.35 - INFO - Cur epoch 37 loss CE:0.0365 mse:0.0000 consistent:0.0000
2025-12-23 17:51:31,420 - utils.logger2025-12-23-17.45.35 - INFO - Cur epoch 37 loss CE:0.0002 mse:0.0000 consistent:0.0000
2025-12-23 17:51:32,360 - utils.logger2025-12-23-17.45.35 - INFO - Cur epoch 37 loss CE:0.0174 mse:0.0000 consistent:0.0000
2025-12-23 17:51:33,315 - utils.logger2025-12-23-17.45.35 - INFO - Cur epoch 37 loss CE:0.0006 mse:0.0000 consistent:0.0000
2025-12-23 17:51:34,228 - utils.logger2025-12-23-17.45.35 - INFO - Cur epoch 37 loss CE:0.0003 mse:0.0000 consistent:0.0000
2025-12-23 17:51:35,158 - utils.logger2025-12-23-17.45.35 - INFO - Cur epoch 37 loss CE:0.0018 mse:0.0000 consistent:0.0000
2025-12-23 17:51:36,065 - utils.logger2025-12-23-17.45.35 - INFO - Cur epoch 37 loss CE:0.0003 mse:0.0000 consistent:0.0000
2025-12-23 17:51:37,002 - utils.logger2025-12-23-17.45.35 - INFO - Cur epoch 37 loss CE:0.0372 mse:0.0000 consistent:0.0000
2025-12-23 17:51:37,329 - utils.logger2025-12-23-17.45.35 - INFO - saving the model at the end of epoch 37, iters 3404
2025-12-23 17:51:37,510 - utils.logger2025-12-23-17.45.35 - INFO - End of training epoch 37 / 40 	 Time Taken: 8 sec
2025-12-23 17:51:37,510 - utils.logger2025-12-23-17.45.35 - INFO - learning rate = 0.0000286
2025-12-23 17:51:38,205 - utils.logger2025-12-23-17.45.35 - INFO - Val result of epoch 37 / 40 acc 0.7082 uar 0.6403 f1 0.6626
2025-12-23 17:51:38,967 - utils.logger2025-12-23-17.45.35 - INFO - Tst result of epoch 37 / 40 acc 0.6479 uar 0.5755 f1 0.5991
2025-12-23 17:51:39,525 - utils.logger2025-12-23-17.45.35 - INFO - Cur epoch 38 loss CE:0.0007 mse:0.0000 consistent:0.0000
2025-12-23 17:51:40,354 - utils.logger2025-12-23-17.45.35 - INFO - Cur epoch 38 loss CE:0.0003 mse:0.0000 consistent:0.0000
2025-12-23 17:51:41,127 - utils.logger2025-12-23-17.45.35 - INFO - Cur epoch 38 loss CE:0.0248 mse:0.0000 consistent:0.0000
2025-12-23 17:51:42,014 - utils.logger2025-12-23-17.45.35 - INFO - Cur epoch 38 loss CE:0.0053 mse:0.0000 consistent:0.0000
2025-12-23 17:51:42,886 - utils.logger2025-12-23-17.45.35 - INFO - Cur epoch 38 loss CE:0.0668 mse:0.0000 consistent:0.0000
2025-12-23 17:51:43,890 - utils.logger2025-12-23-17.45.35 - INFO - Cur epoch 38 loss CE:0.0004 mse:0.0000 consistent:0.0000
2025-12-23 17:51:44,861 - utils.logger2025-12-23-17.45.35 - INFO - Cur epoch 38 loss CE:0.0250 mse:0.0000 consistent:0.0000
2025-12-23 17:51:45,663 - utils.logger2025-12-23-17.45.35 - INFO - Cur epoch 38 loss CE:0.0003 mse:0.0000 consistent:0.0000
2025-12-23 17:51:46,494 - utils.logger2025-12-23-17.45.35 - INFO - Cur epoch 38 loss CE:0.0005 mse:0.0000 consistent:0.0000
2025-12-23 17:51:47,001 - utils.logger2025-12-23-17.45.35 - INFO - saving the model at the end of epoch 38, iters 3496
2025-12-23 17:51:47,182 - utils.logger2025-12-23-17.45.35 - INFO - End of training epoch 38 / 40 	 Time Taken: 8 sec
2025-12-23 17:51:47,182 - utils.logger2025-12-23-17.45.35 - INFO - learning rate = 0.0000190
2025-12-23 17:51:47,869 - utils.logger2025-12-23-17.45.35 - INFO - Val result of epoch 38 / 40 acc 0.7106 uar 0.6409 f1 0.6634
2025-12-23 17:51:48,645 - utils.logger2025-12-23-17.45.35 - INFO - Tst result of epoch 38 / 40 acc 0.6396 uar 0.5643 f1 0.5863
2025-12-23 17:51:49,016 - utils.logger2025-12-23-17.45.35 - INFO - Cur epoch 39 loss CE:0.0427 mse:0.0000 consistent:0.0000
2025-12-23 17:51:49,915 - utils.logger2025-12-23-17.45.35 - INFO - Cur epoch 39 loss CE:0.0004 mse:0.0000 consistent:0.0000
2025-12-23 17:51:50,843 - utils.logger2025-12-23-17.45.35 - INFO - Cur epoch 39 loss CE:0.0694 mse:0.0000 consistent:0.0000
2025-12-23 17:51:51,718 - utils.logger2025-12-23-17.45.35 - INFO - Cur epoch 39 loss CE:0.0003 mse:0.0000 consistent:0.0000
2025-12-23 17:51:52,622 - utils.logger2025-12-23-17.45.35 - INFO - Cur epoch 39 loss CE:0.0340 mse:0.0000 consistent:0.0000
2025-12-23 17:51:53,525 - utils.logger2025-12-23-17.45.35 - INFO - Cur epoch 39 loss CE:0.0001 mse:0.0000 consistent:0.0000
2025-12-23 17:51:54,430 - utils.logger2025-12-23-17.45.35 - INFO - Cur epoch 39 loss CE:0.0003 mse:0.0000 consistent:0.0000
2025-12-23 17:51:55,355 - utils.logger2025-12-23-17.45.35 - INFO - Cur epoch 39 loss CE:0.0011 mse:0.0000 consistent:0.0000
2025-12-23 17:51:56,286 - utils.logger2025-12-23-17.45.35 - INFO - Cur epoch 39 loss CE:0.0224 mse:0.0000 consistent:0.0000
2025-12-23 17:51:57,003 - utils.logger2025-12-23-17.45.35 - INFO - saving the model at the end of epoch 39, iters 3588
2025-12-23 17:51:57,181 - utils.logger2025-12-23-17.45.35 - INFO - End of training epoch 39 / 40 	 Time Taken: 8 sec
2025-12-23 17:51:57,181 - utils.logger2025-12-23-17.45.35 - INFO - learning rate = 0.0000095
2025-12-23 17:51:57,881 - utils.logger2025-12-23-17.45.35 - INFO - Val result of epoch 39 / 40 acc 0.7153 uar 0.6507 f1 0.6683
2025-12-23 17:51:58,395 - utils.logger2025-12-23-17.45.35 - INFO - Tst result of epoch 39 / 40 acc 0.6375 uar 0.5667 f1 0.5861
2025-12-23 17:51:58,525 - utils.logger2025-12-23-17.45.35 - INFO - Cur epoch 40 loss CE:0.0002 mse:0.0000 consistent:0.0000
2025-12-23 17:51:59,241 - utils.logger2025-12-23-17.45.35 - INFO - Cur epoch 40 loss CE:0.0002 mse:0.0000 consistent:0.0000
2025-12-23 17:52:00,013 - utils.logger2025-12-23-17.45.35 - INFO - Cur epoch 40 loss CE:0.0002 mse:0.0000 consistent:0.0000
2025-12-23 17:52:00,777 - utils.logger2025-12-23-17.45.35 - INFO - Cur epoch 40 loss CE:0.0005 mse:0.0000 consistent:0.0000
2025-12-23 17:52:01,571 - utils.logger2025-12-23-17.45.35 - INFO - Cur epoch 40 loss CE:0.0005 mse:0.0000 consistent:0.0000
2025-12-23 17:52:02,479 - utils.logger2025-12-23-17.45.35 - INFO - Cur epoch 40 loss CE:0.0001 mse:0.0000 consistent:0.0000
2025-12-23 17:52:03,419 - utils.logger2025-12-23-17.45.35 - INFO - Cur epoch 40 loss CE:0.0004 mse:0.0000 consistent:0.0000
2025-12-23 17:52:04,296 - utils.logger2025-12-23-17.45.35 - INFO - Cur epoch 40 loss CE:0.0001 mse:0.0000 consistent:0.0000
2025-12-23 17:52:05,035 - utils.logger2025-12-23-17.45.35 - INFO - Cur epoch 40 loss CE:0.0425 mse:0.0000 consistent:0.0000
2025-12-23 17:52:05,921 - utils.logger2025-12-23-17.45.35 - INFO - Cur epoch 40 loss CE:0.0006 mse:0.0000 consistent:0.0000
2025-12-23 17:52:05,921 - utils.logger2025-12-23-17.45.35 - INFO - saving the model at the end of epoch 40, iters 3680
2025-12-23 17:52:06,112 - utils.logger2025-12-23-17.45.35 - INFO - End of training epoch 40 / 40 	 Time Taken: 7 sec
2025-12-23 17:52:06,112 - utils.logger2025-12-23-17.45.35 - INFO - learning rate = 0.0000000
2025-12-23 17:52:06,831 - utils.logger2025-12-23-17.45.35 - INFO - Val result of epoch 40 / 40 acc 0.7153 uar 0.6492 f1 0.6686
2025-12-23 17:52:07,643 - utils.logger2025-12-23-17.45.35 - INFO - Tst result of epoch 40 / 40 acc 0.6396 uar 0.5674 f1 0.5885
2025-12-23 17:52:07,643 - utils.logger2025-12-23-17.45.35 - INFO - Best eval epoch 32 found with f1 0.640879
2025-12-23 17:52:07,643 - utils.logger2025-12-23-17.45.35 - INFO - -------------------------------------------------------
2025-12-23 17:52:07,643 - utils.logger2025-12-23-17.45.35 - INFO - Starting Robustness Analysis (Simulating Missing Modalities)
2025-12-23 17:52:07,643 - utils.logger2025-12-23-17.45.35 - INFO - -------------------------------------------------------
2025-12-23 17:52:07,643 - utils.logger2025-12-23-17.45.35 - INFO - Loading best model found on val set: epoch-32
2025-12-23 17:52:08,493 - utils.logger2025-12-23-17.45.35 - INFO - Scenario        | Acc (WA)   | UAR (UA)   | F1        
2025-12-23 17:52:08,493 - utils.logger2025-12-23-17.45.35 - INFO - -------------------------------------------------------
2025-12-23 17:52:09,279 - utils.logger2025-12-23-17.45.35 - INFO - {a} (azz)       | 0.6500     | 0.5791     | 0.6074    
2025-12-23 17:52:10,091 - utils.logger2025-12-23-17.45.35 - INFO - {v} (zvz)       | 0.6375     | 0.5900     | 0.6101    
2025-12-23 17:52:10,892 - utils.logger2025-12-23-17.45.35 - INFO - {t} (zzl)       | 0.6500     | 0.5945     | 0.6250    
2025-12-23 17:52:11,516 - utils.logger2025-12-23-17.45.35 - INFO - {a,v} (avz)     | 0.6375     | 0.5843     | 0.6095    
2025-12-23 17:52:12,039 - utils.logger2025-12-23-17.45.35 - INFO - {a,t} (azl)     | 0.6542     | 0.5874     | 0.6138    
2025-12-23 17:52:12,578 - utils.logger2025-12-23-17.45.35 - INFO - {v,t} (zvl)     | 0.6479     | 0.6061     | 0.6254    
2025-12-23 17:52:13,170 - utils.logger2025-12-23-17.45.35 - INFO - {a,v,t} (All)   | 0.6625     | 0.6189     | 0.6409    
2025-12-23 17:52:13,170 - utils.logger2025-12-23-17.45.35 - INFO - -------------------------------------------------------
