2026-03-03 20:05:55,534 - utils.logger2026-03-03-20.05.48 - INFO - The number of training samples = 1750
2026-03-03 20:05:55,534 - utils.logger2026-03-03-20.05.48 - INFO - The number of testing samples = 1344
2026-03-03 20:05:58,005 - utils.logger2026-03-03-20.05.48 - INFO - Cur epoch 1 loss CE:2.7918 mse:2.8408 consistent:4.2863
2026-03-03 20:05:58,590 - utils.logger2026-03-03-20.05.48 - INFO - Cur epoch 1 loss CE:2.4480 mse:1.1360 consistent:4.2613
2026-03-03 20:05:59,190 - utils.logger2026-03-03-20.05.48 - INFO - saving the model at the end of epoch 1, iters 28
2026-03-03 20:05:59,331 - utils.logger2026-03-03-20.05.48 - INFO - End of training epoch 1 / 40 	 Time Taken: 3 sec
2026-03-03 20:05:59,331 - utils.logger2026-03-03-20.05.48 - INFO - learning rate = 0.0002000
2026-03-03 20:06:01,125 - utils.logger2026-03-03-20.05.48 - INFO - Val result of epoch 1 / 40 mae 1.3073 corr 0.2948 f1 0.6035
2026-03-03 20:06:02,973 - utils.logger2026-03-03-20.05.48 - INFO - Tst result of epoch 1 / 40 mae 1.2730 corr 0.2784 f1 0.5805
2026-03-03 20:06:04,173 - utils.logger2026-03-03-20.05.48 - INFO - Cur epoch 2 loss CE:2.6188 mse:1.0503 consistent:4.3934
2026-03-03 20:06:04,745 - utils.logger2026-03-03-20.05.48 - INFO - Cur epoch 2 loss CE:2.0623 mse:0.5811 consistent:3.9586
2026-03-03 20:06:05,299 - utils.logger2026-03-03-20.05.48 - INFO - Cur epoch 2 loss CE:2.4199 mse:0.6201 consistent:3.9404
2026-03-03 20:06:05,793 - utils.logger2026-03-03-20.05.48 - INFO - saving the model at the end of epoch 2, iters 56
2026-03-03 20:06:05,930 - utils.logger2026-03-03-20.05.48 - INFO - End of training epoch 2 / 40 	 Time Taken: 2 sec
2026-03-03 20:06:05,930 - utils.logger2026-03-03-20.05.48 - INFO - learning rate = 0.0002000
2026-03-03 20:06:07,653 - utils.logger2026-03-03-20.05.48 - INFO - Val result of epoch 2 / 40 mae 1.2335 corr 0.4171 f1 0.6914
2026-03-03 20:06:09,450 - utils.logger2026-03-03-20.05.48 - INFO - Tst result of epoch 2 / 40 mae 1.2274 corr 0.3741 f1 0.6437
2026-03-03 20:06:10,831 - utils.logger2026-03-03-20.05.48 - INFO - Cur epoch 3 loss CE:2.4480 mse:0.4004 consistent:3.8455
2026-03-03 20:06:11,455 - utils.logger2026-03-03-20.05.48 - INFO - Cur epoch 3 loss CE:2.0616 mse:0.3523 consistent:3.0557
2026-03-03 20:06:12,065 - utils.logger2026-03-03-20.05.48 - INFO - Cur epoch 3 loss CE:2.1020 mse:0.3870 consistent:3.1356
2026-03-03 20:06:12,454 - utils.logger2026-03-03-20.05.48 - INFO - saving the model at the end of epoch 3, iters 84
2026-03-03 20:06:12,601 - utils.logger2026-03-03-20.05.48 - INFO - End of training epoch 3 / 40 	 Time Taken: 3 sec
2026-03-03 20:06:12,602 - utils.logger2026-03-03-20.05.48 - INFO - learning rate = 0.0002000
2026-03-03 20:06:14,411 - utils.logger2026-03-03-20.05.48 - INFO - Val result of epoch 3 / 40 mae 1.1878 corr 0.5001 f1 0.6665
2026-03-03 20:06:16,229 - utils.logger2026-03-03-20.05.48 - INFO - Tst result of epoch 3 / 40 mae 1.1725 corr 0.4576 f1 0.6651
2026-03-03 20:06:17,614 - utils.logger2026-03-03-20.05.48 - INFO - Cur epoch 4 loss CE:2.2537 mse:0.3072 consistent:2.7133
2026-03-03 20:06:18,209 - utils.logger2026-03-03-20.05.48 - INFO - Cur epoch 4 loss CE:1.7686 mse:0.2930 consistent:3.1432
2026-03-03 20:06:18,846 - utils.logger2026-03-03-20.05.48 - INFO - Cur epoch 4 loss CE:1.9674 mse:0.2791 consistent:2.6614
2026-03-03 20:06:19,133 - utils.logger2026-03-03-20.05.48 - INFO - saving the model at the end of epoch 4, iters 112
2026-03-03 20:06:19,266 - utils.logger2026-03-03-20.05.48 - INFO - End of training epoch 4 / 40 	 Time Taken: 3 sec
2026-03-03 20:06:19,267 - utils.logger2026-03-03-20.05.48 - INFO - learning rate = 0.0002000
2026-03-03 20:06:21,134 - utils.logger2026-03-03-20.05.48 - INFO - Val result of epoch 4 / 40 mae 1.1493 corr 0.5186 f1 0.7035
2026-03-03 20:06:22,965 - utils.logger2026-03-03-20.05.48 - INFO - Tst result of epoch 4 / 40 mae 1.1469 corr 0.4716 f1 0.6537
2026-03-03 20:06:24,468 - utils.logger2026-03-03-20.05.48 - INFO - Cur epoch 5 loss CE:1.3994 mse:0.2326 consistent:2.0045
2026-03-03 20:06:24,980 - utils.logger2026-03-03-20.05.48 - INFO - Cur epoch 5 loss CE:1.7388 mse:0.2266 consistent:1.6005
2026-03-03 20:06:25,502 - utils.logger2026-03-03-20.05.48 - INFO - Cur epoch 5 loss CE:1.8151 mse:0.2363 consistent:1.1161
2026-03-03 20:06:25,653 - utils.logger2026-03-03-20.05.48 - INFO - saving the model at the end of epoch 5, iters 140
2026-03-03 20:06:25,778 - utils.logger2026-03-03-20.05.48 - INFO - End of training epoch 5 / 40 	 Time Taken: 2 sec
2026-03-03 20:06:25,779 - utils.logger2026-03-03-20.05.48 - INFO - learning rate = 0.0002000
2026-03-03 20:06:27,556 - utils.logger2026-03-03-20.05.48 - INFO - Val result of epoch 5 / 40 mae 1.1156 corr 0.5019 f1 0.7098
2026-03-03 20:06:29,344 - utils.logger2026-03-03-20.05.48 - INFO - Tst result of epoch 5 / 40 mae 1.1238 corr 0.4650 f1 0.6887
2026-03-03 20:06:30,892 - utils.logger2026-03-03-20.05.48 - INFO - Cur epoch 6 loss CE:1.6554 mse:0.1876 consistent:1.0358
2026-03-03 20:06:31,397 - utils.logger2026-03-03-20.05.48 - INFO - Cur epoch 6 loss CE:1.8372 mse:0.2273 consistent:1.0719
2026-03-03 20:06:31,924 - utils.logger2026-03-03-20.05.48 - INFO - saving the model at the end of epoch 6, iters 168
2026-03-03 20:06:32,047 - utils.logger2026-03-03-20.05.48 - INFO - End of training epoch 6 / 40 	 Time Taken: 2 sec
2026-03-03 20:06:32,047 - utils.logger2026-03-03-20.05.48 - INFO - learning rate = 0.0002000
2026-03-03 20:06:33,772 - utils.logger2026-03-03-20.05.48 - INFO - Val result of epoch 6 / 40 mae 1.1000 corr 0.4997 f1 0.7197
2026-03-03 20:06:35,517 - utils.logger2026-03-03-20.05.48 - INFO - Tst result of epoch 6 / 40 mae 1.1208 corr 0.4727 f1 0.6800
2026-03-03 20:06:36,667 - utils.logger2026-03-03-20.05.48 - INFO - Cur epoch 7 loss CE:1.1334 mse:0.2262 consistent:1.1074
2026-03-03 20:06:37,200 - utils.logger2026-03-03-20.05.48 - INFO - Cur epoch 7 loss CE:1.7326 mse:0.2390 consistent:0.8336
2026-03-03 20:06:37,721 - utils.logger2026-03-03-20.05.48 - INFO - Cur epoch 7 loss CE:2.0023 mse:0.2460 consistent:0.8763
2026-03-03 20:06:38,194 - utils.logger2026-03-03-20.05.48 - INFO - saving the model at the end of epoch 7, iters 196
2026-03-03 20:06:38,325 - utils.logger2026-03-03-20.05.48 - INFO - End of training epoch 7 / 40 	 Time Taken: 2 sec
2026-03-03 20:06:38,325 - utils.logger2026-03-03-20.05.48 - INFO - learning rate = 0.0002000
2026-03-03 20:06:40,095 - utils.logger2026-03-03-20.05.48 - INFO - Val result of epoch 7 / 40 mae 1.1066 corr 0.5223 f1 0.7081
2026-03-03 20:06:41,888 - utils.logger2026-03-03-20.05.48 - INFO - Tst result of epoch 7 / 40 mae 1.1157 corr 0.4813 f1 0.6814
2026-03-03 20:06:43,170 - utils.logger2026-03-03-20.05.48 - INFO - Cur epoch 8 loss CE:1.6418 mse:0.1890 consistent:0.9286
2026-03-03 20:06:43,677 - utils.logger2026-03-03-20.05.48 - INFO - Cur epoch 8 loss CE:1.7210 mse:0.2231 consistent:0.8194
2026-03-03 20:06:44,164 - utils.logger2026-03-03-20.05.48 - INFO - Cur epoch 8 loss CE:1.9083 mse:0.2304 consistent:0.8492
2026-03-03 20:06:44,514 - utils.logger2026-03-03-20.05.48 - INFO - saving the model at the end of epoch 8, iters 224
2026-03-03 20:06:44,648 - utils.logger2026-03-03-20.05.48 - INFO - End of training epoch 8 / 40 	 Time Taken: 2 sec
2026-03-03 20:06:44,648 - utils.logger2026-03-03-20.05.48 - INFO - learning rate = 0.0002000
2026-03-03 20:06:46,451 - utils.logger2026-03-03-20.05.48 - INFO - Val result of epoch 8 / 40 mae 1.1127 corr 0.5124 f1 0.7281
2026-03-03 20:06:48,254 - utils.logger2026-03-03-20.05.48 - INFO - Tst result of epoch 8 / 40 mae 1.1261 corr 0.4832 f1 0.6936
2026-03-03 20:06:49,702 - utils.logger2026-03-03-20.05.48 - INFO - Cur epoch 9 loss CE:1.4965 mse:0.1794 consistent:0.7431
2026-03-03 20:06:50,303 - utils.logger2026-03-03-20.05.48 - INFO - Cur epoch 9 loss CE:1.8277 mse:0.2036 consistent:0.8054
2026-03-03 20:06:50,890 - utils.logger2026-03-03-20.05.48 - INFO - Cur epoch 9 loss CE:1.8257 mse:0.2466 consistent:0.8303
2026-03-03 20:06:51,147 - utils.logger2026-03-03-20.05.48 - INFO - saving the model at the end of epoch 9, iters 252
2026-03-03 20:06:51,276 - utils.logger2026-03-03-20.05.48 - INFO - End of training epoch 9 / 40 	 Time Taken: 3 sec
2026-03-03 20:06:51,276 - utils.logger2026-03-03-20.05.48 - INFO - learning rate = 0.0002000
2026-03-03 20:06:53,130 - utils.logger2026-03-03-20.05.48 - INFO - Val result of epoch 9 / 40 mae 1.0990 corr 0.5250 f1 0.7064
2026-03-03 20:06:54,942 - utils.logger2026-03-03-20.05.48 - INFO - Tst result of epoch 9 / 40 mae 1.1127 corr 0.4829 f1 0.6947
2026-03-03 20:06:56,622 - utils.logger2026-03-03-20.05.48 - INFO - Cur epoch 10 loss CE:1.5126 mse:0.2076 consistent:0.8749
2026-03-03 20:06:57,228 - utils.logger2026-03-03-20.05.48 - INFO - Cur epoch 10 loss CE:1.4877 mse:0.2146 consistent:0.8099
2026-03-03 20:06:57,825 - utils.logger2026-03-03-20.05.48 - INFO - Cur epoch 10 loss CE:1.1252 mse:0.1634 consistent:0.7979
2026-03-03 20:06:57,985 - utils.logger2026-03-03-20.05.48 - INFO - saving the model at the end of epoch 10, iters 280
2026-03-03 20:06:58,124 - utils.logger2026-03-03-20.05.48 - INFO - End of training epoch 10 / 40 	 Time Taken: 3 sec
2026-03-03 20:06:58,125 - utils.logger2026-03-03-20.05.48 - INFO - learning rate = 0.0002000
2026-03-03 20:06:59,896 - utils.logger2026-03-03-20.05.48 - INFO - Val result of epoch 10 / 40 mae 1.0977 corr 0.5240 f1 0.7038
2026-03-03 20:07:01,743 - utils.logger2026-03-03-20.05.48 - INFO - Tst result of epoch 10 / 40 mae 1.1159 corr 0.4715 f1 0.6950
2026-03-03 20:07:03,394 - utils.logger2026-03-03-20.05.48 - INFO - Cur epoch 11 loss CE:1.6064 mse:0.1513 consistent:0.6881
2026-03-03 20:07:03,985 - utils.logger2026-03-03-20.05.48 - INFO - Cur epoch 11 loss CE:1.5749 mse:0.2019 consistent:0.8111
2026-03-03 20:07:04,633 - utils.logger2026-03-03-20.05.48 - INFO - saving the model at the end of epoch 11, iters 308
2026-03-03 20:07:04,770 - utils.logger2026-03-03-20.05.48 - INFO - End of training epoch 11 / 40 	 Time Taken: 3 sec
2026-03-03 20:07:04,770 - utils.logger2026-03-03-20.05.48 - INFO - learning rate = 0.0002000
2026-03-03 20:07:06,573 - utils.logger2026-03-03-20.05.48 - INFO - Val result of epoch 11 / 40 mae 1.0995 corr 0.5331 f1 0.7121
2026-03-03 20:07:08,432 - utils.logger2026-03-03-20.05.48 - INFO - Tst result of epoch 11 / 40 mae 1.1124 corr 0.4864 f1 0.6999
2026-03-03 20:07:09,587 - utils.logger2026-03-03-20.05.48 - INFO - Cur epoch 12 loss CE:1.6271 mse:0.2322 consistent:0.7918
2026-03-03 20:07:10,189 - utils.logger2026-03-03-20.05.48 - INFO - Cur epoch 12 loss CE:1.3021 mse:0.1618 consistent:0.7380
2026-03-03 20:07:10,743 - utils.logger2026-03-03-20.05.48 - INFO - Cur epoch 12 loss CE:1.1370 mse:0.1601 consistent:0.7991
2026-03-03 20:07:11,228 - utils.logger2026-03-03-20.05.48 - INFO - saving the model at the end of epoch 12, iters 336
2026-03-03 20:07:11,371 - utils.logger2026-03-03-20.05.48 - INFO - End of training epoch 12 / 40 	 Time Taken: 2 sec
2026-03-03 20:07:11,371 - utils.logger2026-03-03-20.05.48 - INFO - learning rate = 0.0002000
2026-03-03 20:07:13,225 - utils.logger2026-03-03-20.05.48 - INFO - Val result of epoch 12 / 40 mae 1.0966 corr 0.5296 f1 0.6890
2026-03-03 20:07:14,998 - utils.logger2026-03-03-20.05.48 - INFO - Tst result of epoch 12 / 40 mae 1.1073 corr 0.4859 f1 0.6905
2026-03-03 20:07:16,316 - utils.logger2026-03-03-20.05.48 - INFO - Cur epoch 13 loss CE:1.2593 mse:0.1614 consistent:0.6997
2026-03-03 20:07:16,914 - utils.logger2026-03-03-20.05.48 - INFO - Cur epoch 13 loss CE:1.5216 mse:0.1685 consistent:0.7659
2026-03-03 20:07:17,469 - utils.logger2026-03-03-20.05.48 - INFO - Cur epoch 13 loss CE:1.9073 mse:0.2081 consistent:0.7189
2026-03-03 20:07:17,842 - utils.logger2026-03-03-20.05.48 - INFO - saving the model at the end of epoch 13, iters 364
2026-03-03 20:07:17,965 - utils.logger2026-03-03-20.05.48 - INFO - End of training epoch 13 / 40 	 Time Taken: 2 sec
2026-03-03 20:07:17,965 - utils.logger2026-03-03-20.05.48 - INFO - learning rate = 0.0002000
2026-03-03 20:07:19,702 - utils.logger2026-03-03-20.05.48 - INFO - Val result of epoch 13 / 40 mae 1.0954 corr 0.5331 f1 0.7247
2026-03-03 20:07:21,523 - utils.logger2026-03-03-20.05.48 - INFO - Tst result of epoch 13 / 40 mae 1.1056 corr 0.4948 f1 0.6963
2026-03-03 20:07:22,908 - utils.logger2026-03-03-20.05.48 - INFO - Cur epoch 14 loss CE:1.5782 mse:0.1931 consistent:0.7667
2026-03-03 20:07:23,478 - utils.logger2026-03-03-20.05.48 - INFO - Cur epoch 14 loss CE:1.5259 mse:0.1782 consistent:0.7229
2026-03-03 20:07:24,015 - utils.logger2026-03-03-20.05.48 - INFO - Cur epoch 14 loss CE:1.3467 mse:0.1793 consistent:0.7298
2026-03-03 20:07:24,267 - utils.logger2026-03-03-20.05.48 - INFO - saving the model at the end of epoch 14, iters 392
2026-03-03 20:07:24,393 - utils.logger2026-03-03-20.05.48 - INFO - End of training epoch 14 / 40 	 Time Taken: 2 sec
2026-03-03 20:07:24,393 - utils.logger2026-03-03-20.05.48 - INFO - learning rate = 0.0002000
2026-03-03 20:07:26,185 - utils.logger2026-03-03-20.05.48 - INFO - Val result of epoch 14 / 40 mae 1.1065 corr 0.5305 f1 0.6893
2026-03-03 20:07:27,960 - utils.logger2026-03-03-20.05.48 - INFO - Tst result of epoch 14 / 40 mae 1.1057 corr 0.4958 f1 0.6999
2026-03-03 20:07:29,409 - utils.logger2026-03-03-20.05.48 - INFO - Cur epoch 15 loss CE:1.9404 mse:0.2240 consistent:0.7984
2026-03-03 20:07:29,947 - utils.logger2026-03-03-20.05.48 - INFO - Cur epoch 15 loss CE:1.8745 mse:0.2282 consistent:0.7399
2026-03-03 20:07:30,463 - utils.logger2026-03-03-20.05.48 - INFO - Cur epoch 15 loss CE:1.3993 mse:0.1732 consistent:0.6773
2026-03-03 20:07:30,624 - utils.logger2026-03-03-20.05.48 - INFO - saving the model at the end of epoch 15, iters 420
2026-03-03 20:07:30,754 - utils.logger2026-03-03-20.05.48 - INFO - End of training epoch 15 / 40 	 Time Taken: 2 sec
2026-03-03 20:07:30,755 - utils.logger2026-03-03-20.05.48 - INFO - learning rate = 0.0002000
2026-03-03 20:07:32,466 - utils.logger2026-03-03-20.05.48 - INFO - Val result of epoch 15 / 40 mae 1.0971 corr 0.5283 f1 0.6810
2026-03-03 20:07:34,276 - utils.logger2026-03-03-20.05.48 - INFO - Tst result of epoch 15 / 40 mae 1.0950 corr 0.4999 f1 0.6977
2026-03-03 20:07:35,828 - utils.logger2026-03-03-20.05.48 - INFO - Cur epoch 16 loss CE:2.0378 mse:0.2175 consistent:0.7363
2026-03-03 20:07:36,324 - utils.logger2026-03-03-20.05.48 - INFO - Cur epoch 16 loss CE:1.3196 mse:0.1668 consistent:0.6743
2026-03-03 20:07:36,897 - utils.logger2026-03-03-20.05.48 - INFO - saving the model at the end of epoch 16, iters 448
2026-03-03 20:07:37,024 - utils.logger2026-03-03-20.05.48 - INFO - End of training epoch 16 / 40 	 Time Taken: 2 sec
2026-03-03 20:07:37,024 - utils.logger2026-03-03-20.05.48 - INFO - learning rate = 0.0002000
2026-03-03 20:07:38,728 - utils.logger2026-03-03-20.05.48 - INFO - Val result of epoch 16 / 40 mae 1.0871 corr 0.5330 f1 0.7129
2026-03-03 20:07:40,458 - utils.logger2026-03-03-20.05.48 - INFO - Tst result of epoch 16 / 40 mae 1.0923 corr 0.4974 f1 0.7100
2026-03-03 20:07:41,584 - utils.logger2026-03-03-20.05.48 - INFO - Cur epoch 17 loss CE:1.4367 mse:0.1821 consistent:0.7325
2026-03-03 20:07:42,107 - utils.logger2026-03-03-20.05.48 - INFO - Cur epoch 17 loss CE:1.5145 mse:0.1736 consistent:0.7153
2026-03-03 20:07:42,649 - utils.logger2026-03-03-20.05.48 - INFO - Cur epoch 17 loss CE:1.0363 mse:0.1527 consistent:0.7331
2026-03-03 20:07:43,133 - utils.logger2026-03-03-20.05.48 - INFO - saving the model at the end of epoch 17, iters 476
2026-03-03 20:07:43,255 - utils.logger2026-03-03-20.05.48 - INFO - End of training epoch 17 / 40 	 Time Taken: 2 sec
2026-03-03 20:07:43,255 - utils.logger2026-03-03-20.05.48 - INFO - learning rate = 0.0002000
2026-03-03 20:07:44,966 - utils.logger2026-03-03-20.05.48 - INFO - Val result of epoch 17 / 40 mae 1.0721 corr 0.5353 f1 0.7224
2026-03-03 20:07:46,726 - utils.logger2026-03-03-20.05.48 - INFO - Tst result of epoch 17 / 40 mae 1.0904 corr 0.4974 f1 0.7087
2026-03-03 20:07:47,983 - utils.logger2026-03-03-20.05.48 - INFO - Cur epoch 18 loss CE:1.4212 mse:0.1873 consistent:0.7070
2026-03-03 20:07:48,513 - utils.logger2026-03-03-20.05.48 - INFO - Cur epoch 18 loss CE:1.3320 mse:0.1816 consistent:0.7006
2026-03-03 20:07:49,107 - utils.logger2026-03-03-20.05.48 - INFO - Cur epoch 18 loss CE:1.8550 mse:0.2082 consistent:0.7364
2026-03-03 20:07:49,507 - utils.logger2026-03-03-20.05.48 - INFO - saving the model at the end of epoch 18, iters 504
2026-03-03 20:07:49,636 - utils.logger2026-03-03-20.05.48 - INFO - End of training epoch 18 / 40 	 Time Taken: 2 sec
2026-03-03 20:07:49,636 - utils.logger2026-03-03-20.05.48 - INFO - learning rate = 0.0002000
2026-03-03 20:07:51,430 - utils.logger2026-03-03-20.05.48 - INFO - Val result of epoch 18 / 40 mae 1.0717 corr 0.5458 f1 0.7235
2026-03-03 20:07:53,318 - utils.logger2026-03-03-20.05.48 - INFO - Tst result of epoch 18 / 40 mae 1.0910 corr 0.5015 f1 0.7013
2026-03-03 20:07:54,720 - utils.logger2026-03-03-20.05.48 - INFO - Cur epoch 19 loss CE:1.6491 mse:0.2026 consistent:0.6866
2026-03-03 20:07:55,325 - utils.logger2026-03-03-20.05.48 - INFO - Cur epoch 19 loss CE:1.7824 mse:0.2208 consistent:0.6894
2026-03-03 20:07:55,921 - utils.logger2026-03-03-20.05.48 - INFO - Cur epoch 19 loss CE:1.1146 mse:0.1696 consistent:0.6837
2026-03-03 20:07:56,213 - utils.logger2026-03-03-20.05.48 - INFO - saving the model at the end of epoch 19, iters 532
2026-03-03 20:07:56,359 - utils.logger2026-03-03-20.05.48 - INFO - End of training epoch 19 / 40 	 Time Taken: 3 sec
2026-03-03 20:07:56,360 - utils.logger2026-03-03-20.05.48 - INFO - learning rate = 0.0002000
2026-03-03 20:07:58,151 - utils.logger2026-03-03-20.05.48 - INFO - Val result of epoch 19 / 40 mae 1.0784 corr 0.5440 f1 0.7044
2026-03-03 20:07:59,947 - utils.logger2026-03-03-20.05.48 - INFO - Tst result of epoch 19 / 40 mae 1.0840 corr 0.5080 f1 0.7138
2026-03-03 20:08:01,447 - utils.logger2026-03-03-20.05.48 - INFO - Cur epoch 20 loss CE:1.3270 mse:0.1725 consistent:0.7334
2026-03-03 20:08:02,007 - utils.logger2026-03-03-20.05.48 - INFO - Cur epoch 20 loss CE:1.4252 mse:0.1994 consistent:0.6961
2026-03-03 20:08:02,555 - utils.logger2026-03-03-20.05.48 - INFO - Cur epoch 20 loss CE:1.1990 mse:0.1336 consistent:0.6299
2026-03-03 20:08:02,708 - utils.logger2026-03-03-20.05.48 - INFO - saving the model at the end of epoch 20, iters 560
2026-03-03 20:08:02,842 - utils.logger2026-03-03-20.05.48 - INFO - End of training epoch 20 / 40 	 Time Taken: 2 sec
2026-03-03 20:08:02,842 - utils.logger2026-03-03-20.05.48 - INFO - learning rate = 0.0001905
2026-03-03 20:08:04,628 - utils.logger2026-03-03-20.05.48 - INFO - Val result of epoch 20 / 40 mae 1.0839 corr 0.5471 f1 0.7012
2026-03-03 20:08:06,419 - utils.logger2026-03-03-20.05.48 - INFO - Tst result of epoch 20 / 40 mae 1.0932 corr 0.5020 f1 0.7187
2026-03-03 20:08:08,063 - utils.logger2026-03-03-20.05.48 - INFO - Cur epoch 21 loss CE:1.5383 mse:0.1930 consistent:0.6548
2026-03-03 20:08:08,603 - utils.logger2026-03-03-20.05.48 - INFO - Cur epoch 21 loss CE:1.4469 mse:0.2077 consistent:0.6808
2026-03-03 20:08:09,224 - utils.logger2026-03-03-20.05.48 - INFO - saving the model at the end of epoch 21, iters 588
2026-03-03 20:08:09,375 - utils.logger2026-03-03-20.05.48 - INFO - End of training epoch 21 / 40 	 Time Taken: 2 sec
2026-03-03 20:08:09,375 - utils.logger2026-03-03-20.05.48 - INFO - learning rate = 0.0001810
2026-03-03 20:08:11,200 - utils.logger2026-03-03-20.05.48 - INFO - Val result of epoch 21 / 40 mae 1.0763 corr 0.5474 f1 0.6933
2026-03-03 20:08:13,035 - utils.logger2026-03-03-20.05.48 - INFO - Tst result of epoch 21 / 40 mae 1.0768 corr 0.5111 f1 0.7092
2026-03-03 20:08:14,197 - utils.logger2026-03-03-20.05.48 - INFO - Cur epoch 22 loss CE:1.3249 mse:0.2034 consistent:0.7171
2026-03-03 20:08:14,783 - utils.logger2026-03-03-20.05.48 - INFO - Cur epoch 22 loss CE:1.3442 mse:0.1968 consistent:0.7353
2026-03-03 20:08:15,319 - utils.logger2026-03-03-20.05.48 - INFO - Cur epoch 22 loss CE:1.4541 mse:0.1731 consistent:0.6863
2026-03-03 20:08:15,809 - utils.logger2026-03-03-20.05.48 - INFO - saving the model at the end of epoch 22, iters 616
2026-03-03 20:08:15,939 - utils.logger2026-03-03-20.05.48 - INFO - End of training epoch 22 / 40 	 Time Taken: 2 sec
2026-03-03 20:08:15,940 - utils.logger2026-03-03-20.05.48 - INFO - learning rate = 0.0001714
2026-03-03 20:08:17,696 - utils.logger2026-03-03-20.05.48 - INFO - Val result of epoch 22 / 40 mae 1.0673 corr 0.5415 f1 0.6945
2026-03-03 20:08:19,551 - utils.logger2026-03-03-20.05.48 - INFO - Tst result of epoch 22 / 40 mae 1.0734 corr 0.5040 f1 0.6967
2026-03-03 20:08:20,790 - utils.logger2026-03-03-20.05.48 - INFO - Cur epoch 23 loss CE:1.3942 mse:0.1886 consistent:0.6523
2026-03-03 20:08:21,371 - utils.logger2026-03-03-20.05.48 - INFO - Cur epoch 23 loss CE:1.0357 mse:0.1430 consistent:0.6466
2026-03-03 20:08:21,937 - utils.logger2026-03-03-20.05.48 - INFO - Cur epoch 23 loss CE:1.0498 mse:0.1671 consistent:0.6980
2026-03-03 20:08:22,317 - utils.logger2026-03-03-20.05.48 - INFO - saving the model at the end of epoch 23, iters 644
2026-03-03 20:08:22,449 - utils.logger2026-03-03-20.05.48 - INFO - End of training epoch 23 / 40 	 Time Taken: 2 sec
2026-03-03 20:08:22,449 - utils.logger2026-03-03-20.05.48 - INFO - learning rate = 0.0001619
2026-03-03 20:08:24,159 - utils.logger2026-03-03-20.05.48 - INFO - Val result of epoch 23 / 40 mae 1.0887 corr 0.5486 f1 0.6904
2026-03-03 20:08:25,931 - utils.logger2026-03-03-20.05.48 - INFO - Tst result of epoch 23 / 40 mae 1.0906 corr 0.5100 f1 0.7184
2026-03-03 20:08:27,268 - utils.logger2026-03-03-20.05.48 - INFO - Cur epoch 24 loss CE:1.3130 mse:0.1645 consistent:0.7152
2026-03-03 20:08:27,845 - utils.logger2026-03-03-20.05.48 - INFO - Cur epoch 24 loss CE:1.4303 mse:0.1804 consistent:0.6000
2026-03-03 20:08:28,401 - utils.logger2026-03-03-20.05.48 - INFO - Cur epoch 24 loss CE:1.0035 mse:0.1715 consistent:0.6672
2026-03-03 20:08:28,649 - utils.logger2026-03-03-20.05.48 - INFO - saving the model at the end of epoch 24, iters 672
2026-03-03 20:08:28,776 - utils.logger2026-03-03-20.05.48 - INFO - End of training epoch 24 / 40 	 Time Taken: 2 sec
2026-03-03 20:08:28,777 - utils.logger2026-03-03-20.05.48 - INFO - learning rate = 0.0001524
2026-03-03 20:08:30,537 - utils.logger2026-03-03-20.05.48 - INFO - Val result of epoch 24 / 40 mae 1.0789 corr 0.5490 f1 0.6993
2026-03-03 20:08:32,312 - utils.logger2026-03-03-20.05.48 - INFO - Tst result of epoch 24 / 40 mae 1.0947 corr 0.4999 f1 0.7077
2026-03-03 20:08:33,770 - utils.logger2026-03-03-20.05.48 - INFO - Cur epoch 25 loss CE:1.1761 mse:0.1725 consistent:0.6406
2026-03-03 20:08:34,276 - utils.logger2026-03-03-20.05.48 - INFO - Cur epoch 25 loss CE:1.2418 mse:0.2031 consistent:0.6705
2026-03-03 20:08:34,760 - utils.logger2026-03-03-20.05.48 - INFO - Cur epoch 25 loss CE:1.4702 mse:0.1868 consistent:0.6745
2026-03-03 20:08:34,913 - utils.logger2026-03-03-20.05.48 - INFO - saving the model at the end of epoch 25, iters 700
2026-03-03 20:08:35,035 - utils.logger2026-03-03-20.05.48 - INFO - End of training epoch 25 / 40 	 Time Taken: 2 sec
2026-03-03 20:08:35,035 - utils.logger2026-03-03-20.05.48 - INFO - learning rate = 0.0001429
2026-03-03 20:08:36,751 - utils.logger2026-03-03-20.05.48 - INFO - Val result of epoch 25 / 40 mae 1.0768 corr 0.5423 f1 0.6898
2026-03-03 20:08:38,500 - utils.logger2026-03-03-20.05.48 - INFO - Tst result of epoch 25 / 40 mae 1.0803 corr 0.5028 f1 0.7108
2026-03-03 20:08:40,076 - utils.logger2026-03-03-20.05.48 - INFO - Cur epoch 26 loss CE:1.0142 mse:0.1655 consistent:0.6903
2026-03-03 20:08:40,590 - utils.logger2026-03-03-20.05.48 - INFO - Cur epoch 26 loss CE:1.5461 mse:0.1880 consistent:0.6624
2026-03-03 20:08:41,149 - utils.logger2026-03-03-20.05.48 - INFO - saving the model at the end of epoch 26, iters 728
2026-03-03 20:08:41,283 - utils.logger2026-03-03-20.05.48 - INFO - End of training epoch 26 / 40 	 Time Taken: 2 sec
2026-03-03 20:08:41,283 - utils.logger2026-03-03-20.05.48 - INFO - learning rate = 0.0001333
2026-03-03 20:08:43,023 - utils.logger2026-03-03-20.05.48 - INFO - Val result of epoch 26 / 40 mae 1.0678 corr 0.5520 f1 0.7084
2026-03-03 20:08:44,775 - utils.logger2026-03-03-20.05.48 - INFO - Tst result of epoch 26 / 40 mae 1.0783 corr 0.5089 f1 0.7110
2026-03-03 20:08:45,974 - utils.logger2026-03-03-20.05.48 - INFO - Cur epoch 27 loss CE:1.3582 mse:0.2117 consistent:0.7372
2026-03-03 20:08:46,500 - utils.logger2026-03-03-20.05.48 - INFO - Cur epoch 27 loss CE:1.1709 mse:0.1756 consistent:0.6841
2026-03-03 20:08:47,022 - utils.logger2026-03-03-20.05.48 - INFO - Cur epoch 27 loss CE:1.3918 mse:0.1940 consistent:0.6727
2026-03-03 20:08:47,524 - utils.logger2026-03-03-20.05.48 - INFO - saving the model at the end of epoch 27, iters 756
2026-03-03 20:08:47,650 - utils.logger2026-03-03-20.05.48 - INFO - End of training epoch 27 / 40 	 Time Taken: 2 sec
2026-03-03 20:08:47,650 - utils.logger2026-03-03-20.05.48 - INFO - learning rate = 0.0001238
2026-03-03 20:08:49,417 - utils.logger2026-03-03-20.05.48 - INFO - Val result of epoch 27 / 40 mae 1.0680 corr 0.5526 f1 0.7040
2026-03-03 20:08:51,223 - utils.logger2026-03-03-20.05.48 - INFO - Tst result of epoch 27 / 40 mae 1.0779 corr 0.5104 f1 0.7149
2026-03-03 20:08:52,508 - utils.logger2026-03-03-20.05.48 - INFO - Cur epoch 28 loss CE:1.0842 mse:0.1687 consistent:0.6686
2026-03-03 20:08:53,069 - utils.logger2026-03-03-20.05.48 - INFO - Cur epoch 28 loss CE:1.2021 mse:0.1914 consistent:0.6252
2026-03-03 20:08:53,640 - utils.logger2026-03-03-20.05.48 - INFO - Cur epoch 28 loss CE:1.0060 mse:0.1624 consistent:0.6397
2026-03-03 20:08:54,008 - utils.logger2026-03-03-20.05.48 - INFO - saving the model at the end of epoch 28, iters 784
2026-03-03 20:08:54,171 - utils.logger2026-03-03-20.05.48 - INFO - End of training epoch 28 / 40 	 Time Taken: 2 sec
2026-03-03 20:08:54,171 - utils.logger2026-03-03-20.05.48 - INFO - learning rate = 0.0001143
2026-03-03 20:08:56,012 - utils.logger2026-03-03-20.05.48 - INFO - Val result of epoch 28 / 40 mae 1.0836 corr 0.5478 f1 0.7024
2026-03-03 20:08:57,807 - utils.logger2026-03-03-20.05.48 - INFO - Tst result of epoch 28 / 40 mae 1.0870 corr 0.5103 f1 0.7245
2026-03-03 20:08:59,253 - utils.logger2026-03-03-20.05.48 - INFO - Cur epoch 29 loss CE:1.4123 mse:0.1802 consistent:0.6040
2026-03-03 20:08:59,871 - utils.logger2026-03-03-20.05.48 - INFO - Cur epoch 29 loss CE:1.5610 mse:0.2061 consistent:0.6523
2026-03-03 20:09:00,460 - utils.logger2026-03-03-20.05.48 - INFO - Cur epoch 29 loss CE:1.2892 mse:0.1925 consistent:0.7408
2026-03-03 20:09:00,723 - utils.logger2026-03-03-20.05.48 - INFO - saving the model at the end of epoch 29, iters 812
2026-03-03 20:09:00,865 - utils.logger2026-03-03-20.05.48 - INFO - End of training epoch 29 / 40 	 Time Taken: 3 sec
2026-03-03 20:09:00,866 - utils.logger2026-03-03-20.05.48 - INFO - learning rate = 0.0001048
2026-03-03 20:09:02,667 - utils.logger2026-03-03-20.05.48 - INFO - Val result of epoch 29 / 40 mae 1.0901 corr 0.5447 f1 0.6889
2026-03-03 20:09:04,468 - utils.logger2026-03-03-20.05.48 - INFO - Tst result of epoch 29 / 40 mae 1.0848 corr 0.5105 f1 0.7160
2026-03-03 20:09:05,946 - utils.logger2026-03-03-20.05.48 - INFO - Cur epoch 30 loss CE:1.3528 mse:0.1732 consistent:0.6417
2026-03-03 20:09:06,545 - utils.logger2026-03-03-20.05.48 - INFO - Cur epoch 30 loss CE:1.1821 mse:0.1572 consistent:0.6156
2026-03-03 20:09:07,160 - utils.logger2026-03-03-20.05.48 - INFO - Cur epoch 30 loss CE:1.1160 mse:0.1537 consistent:0.6347
2026-03-03 20:09:07,314 - utils.logger2026-03-03-20.05.48 - INFO - saving the model at the end of epoch 30, iters 840
2026-03-03 20:09:07,446 - utils.logger2026-03-03-20.05.48 - INFO - End of training epoch 30 / 40 	 Time Taken: 2 sec
2026-03-03 20:09:07,447 - utils.logger2026-03-03-20.05.48 - INFO - learning rate = 0.0000952
2026-03-03 20:09:09,219 - utils.logger2026-03-03-20.05.48 - INFO - Val result of epoch 30 / 40 mae 1.0682 corr 0.5479 f1 0.6900
2026-03-03 20:09:11,034 - utils.logger2026-03-03-20.05.48 - INFO - Tst result of epoch 30 / 40 mae 1.0671 corr 0.5122 f1 0.7145
2026-03-03 20:09:12,733 - utils.logger2026-03-03-20.05.48 - INFO - Cur epoch 31 loss CE:1.1769 mse:0.1826 consistent:0.6700
2026-03-03 20:09:13,306 - utils.logger2026-03-03-20.05.48 - INFO - Cur epoch 31 loss CE:1.2330 mse:0.1743 consistent:0.6732
2026-03-03 20:09:13,924 - utils.logger2026-03-03-20.05.48 - INFO - saving the model at the end of epoch 31, iters 868
2026-03-03 20:09:14,052 - utils.logger2026-03-03-20.05.48 - INFO - End of training epoch 31 / 40 	 Time Taken: 3 sec
2026-03-03 20:09:14,053 - utils.logger2026-03-03-20.05.48 - INFO - learning rate = 0.0000857
2026-03-03 20:09:15,938 - utils.logger2026-03-03-20.05.48 - INFO - Val result of epoch 31 / 40 mae 1.0664 corr 0.5498 f1 0.7075
2026-03-03 20:09:17,705 - utils.logger2026-03-03-20.05.48 - INFO - Tst result of epoch 31 / 40 mae 1.0712 corr 0.5134 f1 0.7245
2026-03-03 20:09:18,878 - utils.logger2026-03-03-20.05.48 - INFO - Cur epoch 32 loss CE:1.0164 mse:0.1745 consistent:0.6261
2026-03-03 20:09:19,437 - utils.logger2026-03-03-20.05.48 - INFO - Cur epoch 32 loss CE:1.7046 mse:0.1956 consistent:0.6011
2026-03-03 20:09:19,983 - utils.logger2026-03-03-20.05.48 - INFO - Cur epoch 32 loss CE:1.0255 mse:0.1560 consistent:0.6543
2026-03-03 20:09:20,490 - utils.logger2026-03-03-20.05.48 - INFO - saving the model at the end of epoch 32, iters 896
2026-03-03 20:09:20,621 - utils.logger2026-03-03-20.05.48 - INFO - End of training epoch 32 / 40 	 Time Taken: 2 sec
2026-03-03 20:09:20,621 - utils.logger2026-03-03-20.05.48 - INFO - learning rate = 0.0000762
2026-03-03 20:09:22,396 - utils.logger2026-03-03-20.05.48 - INFO - Val result of epoch 32 / 40 mae 1.0810 corr 0.5470 f1 0.7030
2026-03-03 20:09:24,210 - utils.logger2026-03-03-20.05.48 - INFO - Tst result of epoch 32 / 40 mae 1.0842 corr 0.5062 f1 0.7155
2026-03-03 20:09:25,460 - utils.logger2026-03-03-20.05.48 - INFO - Cur epoch 33 loss CE:0.9091 mse:0.1476 consistent:0.5859
2026-03-03 20:09:25,991 - utils.logger2026-03-03-20.05.48 - INFO - Cur epoch 33 loss CE:1.0006 mse:0.1744 consistent:0.6272
2026-03-03 20:09:26,531 - utils.logger2026-03-03-20.05.48 - INFO - Cur epoch 33 loss CE:1.1504 mse:0.1573 consistent:0.6232
2026-03-03 20:09:26,890 - utils.logger2026-03-03-20.05.48 - INFO - saving the model at the end of epoch 33, iters 924
2026-03-03 20:09:27,010 - utils.logger2026-03-03-20.05.48 - INFO - End of training epoch 33 / 40 	 Time Taken: 2 sec
2026-03-03 20:09:27,011 - utils.logger2026-03-03-20.05.48 - INFO - learning rate = 0.0000667
2026-03-03 20:09:28,730 - utils.logger2026-03-03-20.05.48 - INFO - Val result of epoch 33 / 40 mae 1.0721 corr 0.5471 f1 0.7005
2026-03-03 20:09:30,485 - utils.logger2026-03-03-20.05.48 - INFO - Tst result of epoch 33 / 40 mae 1.0788 corr 0.5085 f1 0.7143
2026-03-03 20:09:31,834 - utils.logger2026-03-03-20.05.48 - INFO - Cur epoch 34 loss CE:1.0647 mse:0.1747 consistent:0.6126
2026-03-03 20:09:32,369 - utils.logger2026-03-03-20.05.48 - INFO - Cur epoch 34 loss CE:1.2163 mse:0.1649 consistent:0.6264
2026-03-03 20:09:32,940 - utils.logger2026-03-03-20.05.48 - INFO - Cur epoch 34 loss CE:1.0847 mse:0.1513 consistent:0.6205
2026-03-03 20:09:33,208 - utils.logger2026-03-03-20.05.48 - INFO - saving the model at the end of epoch 34, iters 952
2026-03-03 20:09:33,335 - utils.logger2026-03-03-20.05.48 - INFO - End of training epoch 34 / 40 	 Time Taken: 2 sec
2026-03-03 20:09:33,335 - utils.logger2026-03-03-20.05.48 - INFO - learning rate = 0.0000571
2026-03-03 20:09:35,121 - utils.logger2026-03-03-20.05.48 - INFO - Val result of epoch 34 / 40 mae 1.0746 corr 0.5464 f1 0.6972
2026-03-03 20:09:36,899 - utils.logger2026-03-03-20.05.48 - INFO - Tst result of epoch 34 / 40 mae 1.0773 corr 0.5100 f1 0.7176
2026-03-03 20:09:38,365 - utils.logger2026-03-03-20.05.48 - INFO - Cur epoch 35 loss CE:1.1202 mse:0.1759 consistent:0.6491
2026-03-03 20:09:38,888 - utils.logger2026-03-03-20.05.48 - INFO - Cur epoch 35 loss CE:1.0752 mse:0.1978 consistent:0.7139
2026-03-03 20:09:39,395 - utils.logger2026-03-03-20.05.48 - INFO - Cur epoch 35 loss CE:1.3168 mse:0.2189 consistent:0.6729
2026-03-03 20:09:39,543 - utils.logger2026-03-03-20.05.48 - INFO - saving the model at the end of epoch 35, iters 980
2026-03-03 20:09:39,665 - utils.logger2026-03-03-20.05.48 - INFO - End of training epoch 35 / 40 	 Time Taken: 2 sec
2026-03-03 20:09:39,665 - utils.logger2026-03-03-20.05.48 - INFO - learning rate = 0.0000476
2026-03-03 20:09:41,427 - utils.logger2026-03-03-20.05.48 - INFO - Val result of epoch 35 / 40 mae 1.0673 corr 0.5473 f1 0.6951
2026-03-03 20:09:43,155 - utils.logger2026-03-03-20.05.48 - INFO - Tst result of epoch 35 / 40 mae 1.0717 corr 0.5120 f1 0.7201
2026-03-03 20:09:44,738 - utils.logger2026-03-03-20.05.48 - INFO - Cur epoch 36 loss CE:0.8867 mse:0.1601 consistent:0.5844
2026-03-03 20:09:45,376 - utils.logger2026-03-03-20.05.48 - INFO - Cur epoch 36 loss CE:1.3233 mse:0.1927 consistent:0.5995
2026-03-03 20:09:46,013 - utils.logger2026-03-03-20.05.48 - INFO - saving the model at the end of epoch 36, iters 1008
2026-03-03 20:09:46,151 - utils.logger2026-03-03-20.05.48 - INFO - End of training epoch 36 / 40 	 Time Taken: 2 sec
2026-03-03 20:09:46,152 - utils.logger2026-03-03-20.05.48 - INFO - learning rate = 0.0000381
2026-03-03 20:09:47,860 - utils.logger2026-03-03-20.05.48 - INFO - Val result of epoch 36 / 40 mae 1.0678 corr 0.5459 f1 0.7013
2026-03-03 20:09:49,637 - utils.logger2026-03-03-20.05.48 - INFO - Tst result of epoch 36 / 40 mae 1.0757 corr 0.5073 f1 0.7184
2026-03-03 20:09:50,796 - utils.logger2026-03-03-20.05.48 - INFO - Cur epoch 37 loss CE:0.8883 mse:0.1631 consistent:0.6170
2026-03-03 20:09:51,397 - utils.logger2026-03-03-20.05.48 - INFO - Cur epoch 37 loss CE:1.0049 mse:0.1908 consistent:0.7060
2026-03-03 20:09:52,008 - utils.logger2026-03-03-20.05.48 - INFO - Cur epoch 37 loss CE:1.0715 mse:0.1421 consistent:0.5975
2026-03-03 20:09:52,533 - utils.logger2026-03-03-20.05.48 - INFO - saving the model at the end of epoch 37, iters 1036
2026-03-03 20:09:52,663 - utils.logger2026-03-03-20.05.48 - INFO - End of training epoch 37 / 40 	 Time Taken: 3 sec
2026-03-03 20:09:52,663 - utils.logger2026-03-03-20.05.48 - INFO - learning rate = 0.0000286
2026-03-03 20:09:54,412 - utils.logger2026-03-03-20.05.48 - INFO - Val result of epoch 37 / 40 mae 1.0671 corr 0.5465 f1 0.7011
2026-03-03 20:09:56,222 - utils.logger2026-03-03-20.05.48 - INFO - Tst result of epoch 37 / 40 mae 1.0737 corr 0.5089 f1 0.7173
2026-03-03 20:09:57,493 - utils.logger2026-03-03-20.05.48 - INFO - Cur epoch 38 loss CE:1.2048 mse:0.1827 consistent:0.6278
2026-03-03 20:09:58,082 - utils.logger2026-03-03-20.05.48 - INFO - Cur epoch 38 loss CE:1.0490 mse:0.1699 consistent:0.6069
2026-03-03 20:09:58,676 - utils.logger2026-03-03-20.05.48 - INFO - Cur epoch 38 loss CE:1.3223 mse:0.2004 consistent:0.6350
2026-03-03 20:09:59,084 - utils.logger2026-03-03-20.05.48 - INFO - saving the model at the end of epoch 38, iters 1064
2026-03-03 20:09:59,244 - utils.logger2026-03-03-20.05.48 - INFO - End of training epoch 38 / 40 	 Time Taken: 3 sec
2026-03-03 20:09:59,244 - utils.logger2026-03-03-20.05.48 - INFO - learning rate = 0.0000190
2026-03-03 20:10:01,042 - utils.logger2026-03-03-20.05.48 - INFO - Val result of epoch 38 / 40 mae 1.0714 corr 0.5455 f1 0.6974
2026-03-03 20:10:02,841 - utils.logger2026-03-03-20.05.48 - INFO - Tst result of epoch 38 / 40 mae 1.0743 corr 0.5092 f1 0.7137
2026-03-03 20:10:04,265 - utils.logger2026-03-03-20.05.48 - INFO - Cur epoch 39 loss CE:1.1664 mse:0.1768 consistent:0.6208
2026-03-03 20:10:04,851 - utils.logger2026-03-03-20.05.48 - INFO - Cur epoch 39 loss CE:1.1821 mse:0.1911 consistent:0.7030
2026-03-03 20:10:05,445 - utils.logger2026-03-03-20.05.48 - INFO - Cur epoch 39 loss CE:0.8349 mse:0.1562 consistent:0.5941
2026-03-03 20:10:05,713 - utils.logger2026-03-03-20.05.48 - INFO - saving the model at the end of epoch 39, iters 1092
2026-03-03 20:10:05,836 - utils.logger2026-03-03-20.05.48 - INFO - End of training epoch 39 / 40 	 Time Taken: 2 sec
2026-03-03 20:10:05,837 - utils.logger2026-03-03-20.05.48 - INFO - learning rate = 0.0000095
2026-03-03 20:10:07,548 - utils.logger2026-03-03-20.05.48 - INFO - Val result of epoch 39 / 40 mae 1.0730 corr 0.5451 f1 0.6991
2026-03-03 20:10:09,323 - utils.logger2026-03-03-20.05.48 - INFO - Tst result of epoch 39 / 40 mae 1.0753 corr 0.5098 f1 0.7175
2026-03-03 20:10:10,854 - utils.logger2026-03-03-20.05.48 - INFO - Cur epoch 40 loss CE:1.2681 mse:0.1734 consistent:0.5840
2026-03-03 20:10:11,442 - utils.logger2026-03-03-20.05.48 - INFO - Cur epoch 40 loss CE:0.6202 mse:0.1462 consistent:0.5857
2026-03-03 20:10:12,019 - utils.logger2026-03-03-20.05.48 - INFO - Cur epoch 40 loss CE:1.1870 mse:0.1937 consistent:0.7054
2026-03-03 20:10:12,186 - utils.logger2026-03-03-20.05.48 - INFO - saving the model at the end of epoch 40, iters 1120
2026-03-03 20:10:12,310 - utils.logger2026-03-03-20.05.48 - INFO - End of training epoch 40 / 40 	 Time Taken: 2 sec
2026-03-03 20:10:12,310 - utils.logger2026-03-03-20.05.48 - INFO - learning rate = 0.0000000
2026-03-03 20:10:14,127 - utils.logger2026-03-03-20.05.48 - INFO - Val result of epoch 40 / 40 mae 1.0720 corr 0.5435 f1 0.7006
2026-03-03 20:10:15,942 - utils.logger2026-03-03-20.05.48 - INFO - Tst result of epoch 40 / 40 mae 1.0745 corr 0.5090 f1 0.7217
2026-03-03 20:10:15,942 - utils.logger2026-03-03-20.05.48 - INFO - Best eval epoch 30 found with MAE 1.067065
2026-03-03 20:10:15,942 - utils.logger2026-03-03-20.05.48 - INFO - Loading best model found on val set: epoch-30
2026-03-03 20:10:19,585 - utils.logger2026-03-03-20.05.48 - INFO - Tst result mae 1.0671 corr 0.5122 f1 0.7145
