2025-12-23 10:24:37,164 - utils.logger2025-12-23-10.24.37 - INFO - The number of training samples = 4508
2025-12-23 10:24:38,640 - utils.logger2025-12-23-10.24.37 - INFO - Cur epoch 1 loss TA:1.0331 TV:1.0343 VA:2.0691 CE:1.8347
2025-12-23 10:24:39,158 - utils.logger2025-12-23-10.24.37 - INFO - Cur epoch 1 loss TA:1.0334 TV:1.0273 VA:2.0534 CE:1.4956
2025-12-23 10:24:39,704 - utils.logger2025-12-23-10.24.37 - INFO - Cur epoch 1 loss TA:1.0136 TV:1.0144 VA:2.0237 CE:1.4435
2025-12-23 10:24:40,257 - utils.logger2025-12-23-10.24.37 - INFO - Cur epoch 1 loss TA:0.9981 TV:0.9770 VA:2.0062 CE:1.4927
2025-12-23 10:24:40,725 - utils.logger2025-12-23-10.24.37 - INFO - Cur epoch 1 loss TA:1.0040 TV:0.9627 VA:1.9859 CE:1.4132
2025-12-23 10:24:41,157 - utils.logger2025-12-23-10.24.37 - INFO - Cur epoch 1 loss TA:0.9768 TV:0.9647 VA:1.9154 CE:1.3706
2025-12-23 10:24:41,554 - utils.logger2025-12-23-10.24.37 - INFO - Cur epoch 1 loss TA:0.9720 TV:0.9528 VA:1.9437 CE:1.3347
2025-12-23 10:24:41,659 - utils.logger2025-12-23-10.24.37 - INFO - saving the model at the end of epoch 1, iters 71
2025-12-23 10:24:41,761 - utils.logger2025-12-23-10.24.37 - INFO - End of training epoch 1 / 40 	 Time Taken: 4 sec
2025-12-23 10:24:41,761 - utils.logger2025-12-23-10.24.37 - INFO - learning rate = 0.0002000
2025-12-23 10:24:42,213 - utils.logger2025-12-23-10.24.37 - INFO - Val result of epoch 1 / 40 acc 0.4262 uar 0.3728 f1 0.3216
2025-12-23 10:24:42,214 - utils.logger2025-12-23-10.24.37 - INFO - 
[[ 19  47   4   0]
 [  4 150   7   0]
 [ 15 152  60   0]
 [  7  59  16   2]]
2025-12-23 10:24:42,745 - utils.logger2025-12-23-10.24.37 - INFO - Tst result of epoch 1 / 40 acc 0.4823 uar 0.4365 f1 0.3916
2025-12-23 10:24:42,745 - utils.logger2025-12-23-10.24.37 - INFO - 
[[ 29  34   4   0]
 [  5 143  18   0]
 [ 21  59  55   0]
 [ 20  51  37   5]]
2025-12-23 10:24:43,417 - utils.logger2025-12-23-10.24.37 - INFO - Cur epoch 2 loss TA:0.9797 TV:0.9550 VA:1.8950 CE:1.3392
2025-12-23 10:24:44,006 - utils.logger2025-12-23-10.24.37 - INFO - Cur epoch 2 loss TA:0.9545 TV:0.9404 VA:1.8664 CE:1.3471
2025-12-23 10:24:44,412 - utils.logger2025-12-23-10.24.37 - INFO - Cur epoch 2 loss TA:0.9519 TV:0.9530 VA:1.8923 CE:1.2074
2025-12-23 10:24:44,820 - utils.logger2025-12-23-10.24.37 - INFO - Cur epoch 2 loss TA:0.9426 TV:0.9196 VA:1.8491 CE:1.1400
2025-12-23 10:24:45,257 - utils.logger2025-12-23-10.24.37 - INFO - Cur epoch 2 loss TA:0.9454 TV:0.9580 VA:1.8757 CE:1.0402
2025-12-23 10:24:45,794 - utils.logger2025-12-23-10.24.37 - INFO - Cur epoch 2 loss TA:0.9170 TV:0.9178 VA:1.8177 CE:1.1030
2025-12-23 10:24:46,373 - utils.logger2025-12-23-10.24.37 - INFO - Cur epoch 2 loss TA:0.9327 TV:0.9194 VA:1.8351 CE:1.1103
2025-12-23 10:24:46,566 - utils.logger2025-12-23-10.24.37 - INFO - saving the model at the end of epoch 2, iters 142
2025-12-23 10:24:46,694 - utils.logger2025-12-23-10.24.37 - INFO - End of training epoch 2 / 40 	 Time Taken: 3 sec
2025-12-23 10:24:46,694 - utils.logger2025-12-23-10.24.37 - INFO - learning rate = 0.0002000
2025-12-23 10:24:47,145 - utils.logger2025-12-23-10.24.37 - INFO - Val result of epoch 2 / 40 acc 0.6052 uar 0.5949 f1 0.5900
2025-12-23 10:24:47,145 - utils.logger2025-12-23-10.24.37 - INFO - 
[[ 33  32   3   2]
 [  5 146   7   3]
 [  7  85 103  32]
 [  0  30   8  46]]
2025-12-23 10:24:48,088 - utils.logger2025-12-23-10.24.37 - INFO - Tst result of epoch 2 / 40 acc 0.6383 uar 0.6561 f1 0.6285
2025-12-23 10:24:48,089 - utils.logger2025-12-23-10.24.37 - INFO - 
[[ 61   2   4   0]
 [ 13 123  25   5]
 [ 22  25  80   8]
 [  9  13  48  43]]
2025-12-23 10:24:49,271 - utils.logger2025-12-23-10.24.37 - INFO - Cur epoch 3 loss TA:0.8865 TV:0.8830 VA:1.7488 CE:1.0404
2025-12-23 10:24:49,642 - utils.logger2025-12-23-10.24.37 - INFO - Cur epoch 3 loss TA:0.8849 TV:0.8988 VA:1.7689 CE:0.9915
2025-12-23 10:24:50,063 - utils.logger2025-12-23-10.24.37 - INFO - Cur epoch 3 loss TA:0.9343 TV:0.9307 VA:1.8045 CE:0.9957
2025-12-23 10:24:50,505 - utils.logger2025-12-23-10.24.37 - INFO - Cur epoch 3 loss TA:0.9029 TV:0.9300 VA:1.8331 CE:0.9716
2025-12-23 10:24:50,936 - utils.logger2025-12-23-10.24.37 - INFO - Cur epoch 3 loss TA:0.8995 TV:0.9116 VA:1.7715 CE:0.7956
2025-12-23 10:24:51,379 - utils.logger2025-12-23-10.24.37 - INFO - Cur epoch 3 loss TA:0.9101 TV:0.9063 VA:1.7576 CE:1.0005
2025-12-23 10:24:51,872 - utils.logger2025-12-23-10.24.37 - INFO - Cur epoch 3 loss TA:0.9028 TV:0.8936 VA:1.7578 CE:1.0204
2025-12-23 10:24:52,053 - utils.logger2025-12-23-10.24.37 - INFO - saving the model at the end of epoch 3, iters 213
2025-12-23 10:24:52,139 - utils.logger2025-12-23-10.24.37 - INFO - End of training epoch 3 / 40 	 Time Taken: 4 sec
2025-12-23 10:24:52,139 - utils.logger2025-12-23-10.24.37 - INFO - learning rate = 0.0002000
2025-12-23 10:24:52,987 - utils.logger2025-12-23-10.24.37 - INFO - Val result of epoch 3 / 40 acc 0.7011 uar 0.7273 f1 0.7000
2025-12-23 10:24:52,987 - utils.logger2025-12-23-10.24.37 - INFO - 
[[ 47  14   7   2]
 [  5 132  17   7]
 [ 12  42 130  43]
 [  0  10   3  71]]
2025-12-23 10:24:53,799 - utils.logger2025-12-23-10.24.37 - INFO - Tst result of epoch 3 / 40 acc 0.6674 uar 0.6957 f1 0.6650
2025-12-23 10:24:53,800 - utils.logger2025-12-23-10.24.37 - INFO - 
[[ 59   2   6   0]
 [ 28 102  24  12]
 [ 23  10  89  13]
 [  9   9  24  71]]
2025-12-23 10:24:54,366 - utils.logger2025-12-23-10.24.37 - INFO - Cur epoch 4 loss TA:0.8631 TV:0.8917 VA:1.6791 CE:0.8577
2025-12-23 10:24:54,893 - utils.logger2025-12-23-10.24.37 - INFO - Cur epoch 4 loss TA:0.8505 TV:0.8820 VA:1.6905 CE:0.7867
2025-12-23 10:24:55,390 - utils.logger2025-12-23-10.24.37 - INFO - Cur epoch 4 loss TA:0.8616 TV:0.8809 VA:1.7449 CE:0.6748
2025-12-23 10:24:55,963 - utils.logger2025-12-23-10.24.37 - INFO - Cur epoch 4 loss TA:0.8495 TV:0.8803 VA:1.7180 CE:0.7886
2025-12-23 10:24:56,855 - utils.logger2025-12-23-10.24.37 - INFO - Cur epoch 4 loss TA:0.8731 TV:0.8592 VA:1.6407 CE:0.7279
2025-12-23 10:24:57,325 - utils.logger2025-12-23-10.24.37 - INFO - Cur epoch 4 loss TA:0.8918 TV:0.8990 VA:1.6755 CE:0.7077
2025-12-23 10:24:57,765 - utils.logger2025-12-23-10.24.37 - INFO - Cur epoch 4 loss TA:0.8850 TV:0.8858 VA:1.6719 CE:0.5805
2025-12-23 10:24:58,065 - utils.logger2025-12-23-10.24.37 - INFO - saving the model at the end of epoch 4, iters 284
2025-12-23 10:24:58,176 - utils.logger2025-12-23-10.24.37 - INFO - End of training epoch 4 / 40 	 Time Taken: 4 sec
2025-12-23 10:24:58,176 - utils.logger2025-12-23-10.24.37 - INFO - learning rate = 0.0002000
2025-12-23 10:24:58,761 - utils.logger2025-12-23-10.24.37 - INFO - Val result of epoch 4 / 40 acc 0.6827 uar 0.7079 f1 0.6852
2025-12-23 10:24:58,762 - utils.logger2025-12-23-10.24.37 - INFO - 
[[ 48  17   4   1]
 [ 10 137  13   1]
 [ 17  63 121  26]
 [  0  11   9  64]]
2025-12-23 10:24:59,312 - utils.logger2025-12-23-10.24.37 - INFO - Tst result of epoch 4 / 40 acc 0.7235 uar 0.7445 f1 0.7177
2025-12-23 10:24:59,313 - utils.logger2025-12-23-10.24.37 - INFO - 
[[ 63   1   3   0]
 [ 19 122  21   4]
 [ 21  12  97   5]
 [ 11  11  25  66]]
2025-12-23 10:25:00,013 - utils.logger2025-12-23-10.24.37 - INFO - Cur epoch 5 loss TA:0.8844 TV:0.9069 VA:1.7252 CE:0.9486
2025-12-23 10:25:00,579 - utils.logger2025-12-23-10.24.37 - INFO - Cur epoch 5 loss TA:0.8331 TV:0.8330 VA:1.6129 CE:0.6994
2025-12-23 10:25:01,263 - utils.logger2025-12-23-10.24.37 - INFO - Cur epoch 5 loss TA:0.8398 TV:0.8454 VA:1.6443 CE:0.6855
2025-12-23 10:25:01,689 - utils.logger2025-12-23-10.24.37 - INFO - Cur epoch 5 loss TA:0.8437 TV:0.8822 VA:1.6411 CE:0.5711
2025-12-23 10:25:02,085 - utils.logger2025-12-23-10.24.37 - INFO - Cur epoch 5 loss TA:0.8268 TV:0.8394 VA:1.6223 CE:0.6832
2025-12-23 10:25:02,532 - utils.logger2025-12-23-10.24.37 - INFO - Cur epoch 5 loss TA:0.8767 TV:0.8836 VA:1.5672 CE:0.5923
2025-12-23 10:25:03,112 - utils.logger2025-12-23-10.24.37 - INFO - Cur epoch 5 loss TA:0.8662 TV:0.8769 VA:1.6810 CE:0.6874
2025-12-23 10:25:03,498 - utils.logger2025-12-23-10.24.37 - INFO - saving the model at the end of epoch 5, iters 355
2025-12-23 10:25:03,622 - utils.logger2025-12-23-10.24.37 - INFO - End of training epoch 5 / 40 	 Time Taken: 4 sec
2025-12-23 10:25:03,622 - utils.logger2025-12-23-10.24.37 - INFO - learning rate = 0.0002000
2025-12-23 10:25:04,118 - utils.logger2025-12-23-10.24.37 - INFO - Val result of epoch 5 / 40 acc 0.7509 uar 0.7981 f1 0.7561
2025-12-23 10:25:04,118 - utils.logger2025-12-23-10.24.37 - INFO - 
[[ 64   3   3   0]
 [ 11 130  16   4]
 [ 21  38 142  26]
 [  1   5   7  71]]
2025-12-23 10:25:04,574 - utils.logger2025-12-23-10.24.37 - INFO - Tst result of epoch 5 / 40 acc 0.7256 uar 0.7502 f1 0.7241
2025-12-23 10:25:04,574 - utils.logger2025-12-23-10.24.37 - INFO - 
[[ 63   0   4   0]
 [ 22 115  23   6]
 [ 14  13 101   7]
 [  8  14  21  70]]
2025-12-23 10:25:05,382 - utils.logger2025-12-23-10.24.37 - INFO - Cur epoch 6 loss TA:0.8040 TV:0.8299 VA:1.5641 CE:0.7201
2025-12-23 10:25:05,999 - utils.logger2025-12-23-10.24.37 - INFO - Cur epoch 6 loss TA:0.7956 TV:0.8541 VA:1.6022 CE:0.6374
2025-12-23 10:25:06,755 - utils.logger2025-12-23-10.24.37 - INFO - Cur epoch 6 loss TA:0.8088 TV:0.8365 VA:1.5809 CE:0.6444
2025-12-23 10:25:07,267 - utils.logger2025-12-23-10.24.37 - INFO - Cur epoch 6 loss TA:0.7939 TV:0.8199 VA:1.5418 CE:0.5845
2025-12-23 10:25:07,808 - utils.logger2025-12-23-10.24.37 - INFO - Cur epoch 6 loss TA:0.7916 TV:0.8396 VA:1.5858 CE:0.6939
2025-12-23 10:25:08,378 - utils.logger2025-12-23-10.24.37 - INFO - Cur epoch 6 loss TA:0.7903 TV:0.8432 VA:1.5372 CE:0.6559
2025-12-23 10:25:08,963 - utils.logger2025-12-23-10.24.37 - INFO - Cur epoch 6 loss TA:0.8313 TV:0.8591 VA:1.5920 CE:0.5029
2025-12-23 10:25:09,375 - utils.logger2025-12-23-10.24.37 - INFO - saving the model at the end of epoch 6, iters 426
2025-12-23 10:25:09,506 - utils.logger2025-12-23-10.24.37 - INFO - End of training epoch 6 / 40 	 Time Taken: 4 sec
2025-12-23 10:25:09,507 - utils.logger2025-12-23-10.24.37 - INFO - learning rate = 0.0002000
2025-12-23 10:25:10,230 - utils.logger2025-12-23-10.24.37 - INFO - Val result of epoch 6 / 40 acc 0.7472 uar 0.7667 f1 0.7545
2025-12-23 10:25:10,231 - utils.logger2025-12-23-10.24.37 - INFO - 
[[ 53  11   5   1]
 [  3 142  16   0]
 [  8  50 143  26]
 [  1   9   7  67]]
2025-12-23 10:25:10,908 - utils.logger2025-12-23-10.24.37 - INFO - Tst result of epoch 6 / 40 acc 0.7630 uar 0.7732 f1 0.7685
2025-12-23 10:25:10,908 - utils.logger2025-12-23-10.24.37 - INFO - 
[[ 59   1   7   0]
 [  9 123  29   5]
 [  4  13 115   3]
 [  4  11  28  70]]
2025-12-23 10:25:11,620 - utils.logger2025-12-23-10.24.37 - INFO - Cur epoch 7 loss TA:0.7868 TV:0.8145 VA:1.5141 CE:0.4970
2025-12-23 10:25:12,205 - utils.logger2025-12-23-10.24.37 - INFO - Cur epoch 7 loss TA:0.7597 TV:0.7902 VA:1.5086 CE:0.4462
2025-12-23 10:25:12,775 - utils.logger2025-12-23-10.24.37 - INFO - Cur epoch 7 loss TA:0.7539 TV:0.8081 VA:1.5024 CE:0.4618
2025-12-23 10:25:13,283 - utils.logger2025-12-23-10.24.37 - INFO - Cur epoch 7 loss TA:0.7980 TV:0.8273 VA:1.5956 CE:0.4912
2025-12-23 10:25:13,761 - utils.logger2025-12-23-10.24.37 - INFO - Cur epoch 7 loss TA:0.8007 TV:0.8102 VA:1.5430 CE:0.3630
2025-12-23 10:25:14,277 - utils.logger2025-12-23-10.24.37 - INFO - Cur epoch 7 loss TA:0.7770 TV:0.8125 VA:1.5234 CE:0.4171
2025-12-23 10:25:14,678 - utils.logger2025-12-23-10.24.37 - INFO - Cur epoch 7 loss TA:0.7670 TV:0.8524 VA:1.5867 CE:0.6460
2025-12-23 10:25:15,018 - utils.logger2025-12-23-10.24.37 - INFO - saving the model at the end of epoch 7, iters 497
2025-12-23 10:25:15,108 - utils.logger2025-12-23-10.24.37 - INFO - End of training epoch 7 / 40 	 Time Taken: 4 sec
2025-12-23 10:25:15,108 - utils.logger2025-12-23-10.24.37 - INFO - learning rate = 0.0002000
2025-12-23 10:25:15,727 - utils.logger2025-12-23-10.24.37 - INFO - Val result of epoch 7 / 40 acc 0.7601 uar 0.8007 f1 0.7698
2025-12-23 10:25:15,727 - utils.logger2025-12-23-10.24.37 - INFO - 
[[ 62   4   4   0]
 [  4 147   9   1]
 [ 15  53 135  24]
 [  1   8   7  68]]
2025-12-23 10:25:16,132 - utils.logger2025-12-23-10.24.37 - INFO - Tst result of epoch 7 / 40 acc 0.7775 uar 0.7923 f1 0.7776
2025-12-23 10:25:16,133 - utils.logger2025-12-23-10.24.37 - INFO - 
[[ 62   1   4   0]
 [ 12 130  19   5]
 [ 10  15 104   6]
 [  6  13  16  78]]
2025-12-23 10:25:16,476 - utils.logger2025-12-23-10.24.37 - INFO - Cur epoch 8 loss TA:0.7683 TV:0.7569 VA:1.5088 CE:0.3042
2025-12-23 10:25:17,040 - utils.logger2025-12-23-10.24.37 - INFO - Cur epoch 8 loss TA:0.7385 TV:0.7506 VA:1.5321 CE:0.4284
2025-12-23 10:25:17,623 - utils.logger2025-12-23-10.24.37 - INFO - Cur epoch 8 loss TA:0.7494 TV:0.7719 VA:1.4894 CE:0.5245
2025-12-23 10:25:18,145 - utils.logger2025-12-23-10.24.37 - INFO - Cur epoch 8 loss TA:0.7411 TV:0.8009 VA:1.4806 CE:0.3985
2025-12-23 10:25:18,541 - utils.logger2025-12-23-10.24.37 - INFO - Cur epoch 8 loss TA:0.7746 TV:0.7929 VA:1.5457 CE:0.4036
2025-12-23 10:25:18,946 - utils.logger2025-12-23-10.24.37 - INFO - Cur epoch 8 loss TA:0.7368 TV:0.7855 VA:1.4902 CE:0.4259
2025-12-23 10:25:19,421 - utils.logger2025-12-23-10.24.37 - INFO - Cur epoch 8 loss TA:0.7532 TV:0.8004 VA:1.4898 CE:0.5171
2025-12-23 10:25:19,894 - utils.logger2025-12-23-10.24.37 - INFO - saving the model at the end of epoch 8, iters 568
2025-12-23 10:25:20,000 - utils.logger2025-12-23-10.24.37 - INFO - End of training epoch 8 / 40 	 Time Taken: 3 sec
2025-12-23 10:25:20,001 - utils.logger2025-12-23-10.24.37 - INFO - learning rate = 0.0002000
2025-12-23 10:25:20,388 - utils.logger2025-12-23-10.24.37 - INFO - Val result of epoch 8 / 40 acc 0.7786 uar 0.7947 f1 0.7880
2025-12-23 10:25:20,388 - utils.logger2025-12-23-10.24.37 - INFO - 
[[ 57   8   5   0]
 [  1 149  10   1]
 [  7  51 151  18]
 [  1   8  10  65]]
2025-12-23 10:25:20,718 - utils.logger2025-12-23-10.24.37 - INFO - Tst result of epoch 8 / 40 acc 0.7630 uar 0.7670 f1 0.7627
2025-12-23 10:25:20,718 - utils.logger2025-12-23-10.24.37 - INFO - 
[[ 60   1   6   0]
 [  6 136  23   1]
 [  7  15 111   2]
 [  4  13  36  60]]
2025-12-23 10:25:21,017 - utils.logger2025-12-23-10.24.37 - INFO - Cur epoch 9 loss TA:0.7494 TV:0.8018 VA:1.5042 CE:0.4300
2025-12-23 10:25:21,590 - utils.logger2025-12-23-10.24.37 - INFO - Cur epoch 9 loss TA:0.7391 TV:0.7828 VA:1.5069 CE:0.3965
2025-12-23 10:25:22,215 - utils.logger2025-12-23-10.24.37 - INFO - Cur epoch 9 loss TA:0.7091 TV:0.7749 VA:1.4941 CE:0.4294
2025-12-23 10:25:22,623 - utils.logger2025-12-23-10.24.37 - INFO - Cur epoch 9 loss TA:0.7622 TV:0.7947 VA:1.4552 CE:0.5285
2025-12-23 10:25:23,095 - utils.logger2025-12-23-10.24.37 - INFO - Cur epoch 9 loss TA:0.7547 TV:0.7834 VA:1.4527 CE:0.3418
2025-12-23 10:25:23,645 - utils.logger2025-12-23-10.24.37 - INFO - Cur epoch 9 loss TA:0.7458 TV:0.7735 VA:1.4407 CE:0.5025
2025-12-23 10:25:24,224 - utils.logger2025-12-23-10.24.37 - INFO - Cur epoch 9 loss TA:0.7734 TV:0.7984 VA:1.5416 CE:0.3616
2025-12-23 10:25:24,804 - utils.logger2025-12-23-10.24.37 - INFO - saving the model at the end of epoch 9, iters 639
2025-12-23 10:25:24,925 - utils.logger2025-12-23-10.24.37 - INFO - End of training epoch 9 / 40 	 Time Taken: 4 sec
2025-12-23 10:25:24,925 - utils.logger2025-12-23-10.24.37 - INFO - learning rate = 0.0002000
2025-12-23 10:25:25,564 - utils.logger2025-12-23-10.24.37 - INFO - Val result of epoch 9 / 40 acc 0.7786 uar 0.8090 f1 0.7877
2025-12-23 10:25:25,564 - utils.logger2025-12-23-10.24.37 - INFO - 
[[ 58   6   5   1]
 [  2 142  15   2]
 [  9  42 149  27]
 [  1   4   6  73]]
2025-12-23 10:25:26,272 - utils.logger2025-12-23-10.24.37 - INFO - Tst result of epoch 9 / 40 acc 0.7796 uar 0.7971 f1 0.7892
2025-12-23 10:25:26,272 - utils.logger2025-12-23-10.24.37 - INFO - 
[[ 61   0   6   0]
 [  8 119  33   6]
 [  3   9 114   9]
 [  4   8  20  81]]
2025-12-23 10:25:26,501 - utils.logger2025-12-23-10.24.37 - INFO - Cur epoch 10 loss TA:0.7185 TV:0.7546 VA:1.4843 CE:0.3880
2025-12-23 10:25:26,919 - utils.logger2025-12-23-10.24.37 - INFO - Cur epoch 10 loss TA:0.7128 TV:0.7385 VA:1.5185 CE:0.2527
2025-12-23 10:25:27,419 - utils.logger2025-12-23-10.24.37 - INFO - Cur epoch 10 loss TA:0.7351 TV:0.7949 VA:1.4734 CE:0.4354
2025-12-23 10:25:27,915 - utils.logger2025-12-23-10.24.37 - INFO - Cur epoch 10 loss TA:0.7318 TV:0.8267 VA:1.5024 CE:0.3901
2025-12-23 10:25:28,463 - utils.logger2025-12-23-10.24.37 - INFO - Cur epoch 10 loss TA:0.7232 TV:0.7776 VA:1.4712 CE:0.4131
2025-12-23 10:25:29,035 - utils.logger2025-12-23-10.24.37 - INFO - Cur epoch 10 loss TA:0.7205 TV:0.8035 VA:1.5632 CE:0.3008
2025-12-23 10:25:29,532 - utils.logger2025-12-23-10.24.37 - INFO - Cur epoch 10 loss TA:0.7381 TV:0.7719 VA:1.4747 CE:0.2410
2025-12-23 10:25:30,016 - utils.logger2025-12-23-10.24.37 - INFO - Cur epoch 10 loss TA:0.5556 TV:0.5700 VA:1.0916 CE:0.1737
2025-12-23 10:25:30,076 - utils.logger2025-12-23-10.24.37 - INFO - saving the model at the end of epoch 10, iters 710
2025-12-23 10:25:30,174 - utils.logger2025-12-23-10.24.37 - INFO - End of training epoch 10 / 40 	 Time Taken: 3 sec
2025-12-23 10:25:30,175 - utils.logger2025-12-23-10.24.37 - INFO - learning rate = 0.0002000
2025-12-23 10:25:30,738 - utils.logger2025-12-23-10.24.37 - INFO - Val result of epoch 10 / 40 acc 0.7565 uar 0.8048 f1 0.7699
2025-12-23 10:25:30,739 - utils.logger2025-12-23-10.24.37 - INFO - 
[[ 59   5   5   1]
 [  3 140  15   3]
 [  8  44 134  41]
 [  0   3   4  77]]
2025-12-23 10:25:31,298 - utils.logger2025-12-23-10.24.37 - INFO - Tst result of epoch 10 / 40 acc 0.7921 uar 0.8101 f1 0.8049
2025-12-23 10:25:31,299 - utils.logger2025-12-23-10.24.37 - INFO - 
[[ 61   2   4   0]
 [  4 125  29   8]
 [  3  12 103  17]
 [  2   6  13  92]]
2025-12-23 10:25:32,067 - utils.logger2025-12-23-10.24.37 - INFO - Cur epoch 11 loss TA:0.7066 TV:0.7456 VA:1.4972 CE:0.3300
2025-12-23 10:25:32,572 - utils.logger2025-12-23-10.24.37 - INFO - Cur epoch 11 loss TA:0.7156 TV:0.7360 VA:1.4260 CE:0.3382
2025-12-23 10:25:33,095 - utils.logger2025-12-23-10.24.37 - INFO - Cur epoch 11 loss TA:0.7406 TV:0.7502 VA:1.4279 CE:0.3291
2025-12-23 10:25:33,585 - utils.logger2025-12-23-10.24.37 - INFO - Cur epoch 11 loss TA:0.7359 TV:0.7539 VA:1.4105 CE:0.2452
2025-12-23 10:25:34,115 - utils.logger2025-12-23-10.24.37 - INFO - Cur epoch 11 loss TA:0.7336 TV:0.7871 VA:1.4351 CE:0.5601
2025-12-23 10:25:34,613 - utils.logger2025-12-23-10.24.37 - INFO - Cur epoch 11 loss TA:0.7243 TV:0.7733 VA:1.4722 CE:0.2692
2025-12-23 10:25:35,115 - utils.logger2025-12-23-10.24.37 - INFO - Cur epoch 11 loss TA:0.7205 TV:0.7702 VA:1.4916 CE:0.2099
2025-12-23 10:25:35,220 - utils.logger2025-12-23-10.24.37 - INFO - saving the model at the end of epoch 11, iters 781
2025-12-23 10:25:35,345 - utils.logger2025-12-23-10.24.37 - INFO - End of training epoch 11 / 40 	 Time Taken: 4 sec
2025-12-23 10:25:35,346 - utils.logger2025-12-23-10.24.37 - INFO - learning rate = 0.0002000
2025-12-23 10:25:35,874 - utils.logger2025-12-23-10.24.37 - INFO - Val result of epoch 11 / 40 acc 0.7472 uar 0.7901 f1 0.7615
2025-12-23 10:25:35,875 - utils.logger2025-12-23-10.24.37 - INFO - 
[[ 58   9   3   0]
 [  2 150   8   1]
 [ 12  64 126  25]
 [  1   7   5  71]]
2025-12-23 10:25:36,278 - utils.logger2025-12-23-10.24.37 - INFO - Tst result of epoch 11 / 40 acc 0.8067 uar 0.8158 f1 0.8124
2025-12-23 10:25:36,278 - utils.logger2025-12-23-10.24.37 - INFO - 
[[ 62   1   4   0]
 [  3 140  21   2]
 [  7  17 105   6]
 [  4  11  17  81]]
2025-12-23 10:25:37,278 - utils.logger2025-12-23-10.24.37 - INFO - Cur epoch 12 loss TA:0.6667 TV:0.7295 VA:1.3703 CE:0.2447
2025-12-23 10:25:37,706 - utils.logger2025-12-23-10.24.37 - INFO - Cur epoch 12 loss TA:0.6848 TV:0.7617 VA:1.4271 CE:0.3511
2025-12-23 10:25:38,216 - utils.logger2025-12-23-10.24.37 - INFO - Cur epoch 12 loss TA:0.6814 TV:0.7446 VA:1.4626 CE:0.3176
2025-12-23 10:25:38,714 - utils.logger2025-12-23-10.24.37 - INFO - Cur epoch 12 loss TA:0.6788 TV:0.7265 VA:1.4176 CE:0.1578
2025-12-23 10:25:39,211 - utils.logger2025-12-23-10.24.37 - INFO - Cur epoch 12 loss TA:0.6848 TV:0.7320 VA:1.3919 CE:0.3472
2025-12-23 10:25:39,716 - utils.logger2025-12-23-10.24.37 - INFO - Cur epoch 12 loss TA:0.6836 TV:0.7357 VA:1.4024 CE:0.2643
2025-12-23 10:25:40,208 - utils.logger2025-12-23-10.24.37 - INFO - Cur epoch 12 loss TA:0.7358 TV:0.7638 VA:1.4761 CE:0.1981
2025-12-23 10:25:40,445 - utils.logger2025-12-23-10.24.37 - INFO - saving the model at the end of epoch 12, iters 852
2025-12-23 10:25:40,557 - utils.logger2025-12-23-10.24.37 - INFO - End of training epoch 12 / 40 	 Time Taken: 4 sec
2025-12-23 10:25:40,557 - utils.logger2025-12-23-10.24.37 - INFO - learning rate = 0.0002000
2025-12-23 10:25:41,133 - utils.logger2025-12-23-10.24.37 - INFO - Val result of epoch 12 / 40 acc 0.7417 uar 0.7895 f1 0.7575
2025-12-23 10:25:41,133 - utils.logger2025-12-23-10.24.37 - INFO - 
[[ 57   8   4   1]
 [  2 149   8   2]
 [ 10  65 122  30]
 [  0   4   6  74]]
2025-12-23 10:25:41,949 - utils.logger2025-12-23-10.24.37 - INFO - Tst result of epoch 12 / 40 acc 0.7900 uar 0.8000 f1 0.7994
2025-12-23 10:25:41,950 - utils.logger2025-12-23-10.24.37 - INFO - 
[[ 59   3   5   0]
 [  3 133  23   7]
 [  4  18 101  12]
 [  3  10  13  87]]
2025-12-23 10:25:42,561 - utils.logger2025-12-23-10.24.37 - INFO - Cur epoch 13 loss TA:0.6757 TV:0.7205 VA:1.3935 CE:0.3547
2025-12-23 10:25:43,071 - utils.logger2025-12-23-10.24.37 - INFO - Cur epoch 13 loss TA:0.6635 TV:0.7483 VA:1.4390 CE:0.2954
2025-12-23 10:25:43,592 - utils.logger2025-12-23-10.24.37 - INFO - Cur epoch 13 loss TA:0.6546 TV:0.7192 VA:1.3360 CE:0.1550
2025-12-23 10:25:43,959 - utils.logger2025-12-23-10.24.37 - INFO - Cur epoch 13 loss TA:0.6725 TV:0.7200 VA:1.4075 CE:0.2668
2025-12-23 10:25:44,369 - utils.logger2025-12-23-10.24.37 - INFO - Cur epoch 13 loss TA:0.7011 TV:0.7458 VA:1.4472 CE:0.3339
2025-12-23 10:25:44,882 - utils.logger2025-12-23-10.24.37 - INFO - Cur epoch 13 loss TA:0.6749 TV:0.7293 VA:1.4788 CE:0.1941
2025-12-23 10:25:45,573 - utils.logger2025-12-23-10.24.37 - INFO - Cur epoch 13 loss TA:0.6674 TV:0.7227 VA:1.3396 CE:0.1601
2025-12-23 10:25:45,918 - utils.logger2025-12-23-10.24.37 - INFO - saving the model at the end of epoch 13, iters 923
2025-12-23 10:25:46,017 - utils.logger2025-12-23-10.24.37 - INFO - End of training epoch 13 / 40 	 Time Taken: 4 sec
2025-12-23 10:25:46,018 - utils.logger2025-12-23-10.24.37 - INFO - learning rate = 0.0002000
2025-12-23 10:25:46,618 - utils.logger2025-12-23-10.24.37 - INFO - Val result of epoch 13 / 40 acc 0.7620 uar 0.8026 f1 0.7748
2025-12-23 10:25:46,618 - utils.logger2025-12-23-10.24.37 - INFO - 
[[ 57   6   6   1]
 [  2 147  10   2]
 [  7  54 134  32]
 [  1   3   5  75]]
2025-12-23 10:25:46,980 - utils.logger2025-12-23-10.24.37 - INFO - Tst result of epoch 13 / 40 acc 0.8067 uar 0.8174 f1 0.8136
2025-12-23 10:25:46,980 - utils.logger2025-12-23-10.24.37 - INFO - 
[[ 60   2   5   0]
 [  3 134  20   9]
 [  5  15 104  11]
 [  3   5  15  90]]
2025-12-23 10:25:47,540 - utils.logger2025-12-23-10.24.37 - INFO - Cur epoch 14 loss TA:0.6659 TV:0.7416 VA:1.4064 CE:0.1824
2025-12-23 10:25:48,071 - utils.logger2025-12-23-10.24.37 - INFO - Cur epoch 14 loss TA:0.6807 TV:0.7459 VA:1.3612 CE:0.1417
2025-12-23 10:25:48,600 - utils.logger2025-12-23-10.24.37 - INFO - Cur epoch 14 loss TA:0.6745 TV:0.7280 VA:1.3367 CE:0.1306
2025-12-23 10:25:49,152 - utils.logger2025-12-23-10.24.37 - INFO - Cur epoch 14 loss TA:0.6706 TV:0.7301 VA:1.3732 CE:0.1653
2025-12-23 10:25:49,988 - utils.logger2025-12-23-10.24.37 - INFO - Cur epoch 14 loss TA:0.7222 TV:0.7722 VA:1.4292 CE:0.3067
2025-12-23 10:25:50,403 - utils.logger2025-12-23-10.24.37 - INFO - Cur epoch 14 loss TA:0.6597 TV:0.7212 VA:1.4175 CE:0.2085
2025-12-23 10:25:50,880 - utils.logger2025-12-23-10.24.37 - INFO - Cur epoch 14 loss TA:0.6512 TV:0.7037 VA:1.3869 CE:0.2986
2025-12-23 10:25:51,140 - utils.logger2025-12-23-10.24.37 - INFO - saving the model at the end of epoch 14, iters 994
2025-12-23 10:25:51,255 - utils.logger2025-12-23-10.24.37 - INFO - End of training epoch 14 / 40 	 Time Taken: 4 sec
2025-12-23 10:25:51,255 - utils.logger2025-12-23-10.24.37 - INFO - learning rate = 0.0002000
2025-12-23 10:25:51,654 - utils.logger2025-12-23-10.24.37 - INFO - Val result of epoch 14 / 40 acc 0.7712 uar 0.8123 f1 0.7839
2025-12-23 10:25:51,655 - utils.logger2025-12-23-10.24.37 - INFO - 
[[ 60   5   4   1]
 [  2 144  12   3]
 [ 10  50 140  27]
 [  1   2   7  74]]
2025-12-23 10:25:52,046 - utils.logger2025-12-23-10.24.37 - INFO - Tst result of epoch 14 / 40 acc 0.7921 uar 0.8071 f1 0.8000
2025-12-23 10:25:52,047 - utils.logger2025-12-23-10.24.37 - INFO - 
[[ 62   1   4   0]
 [  5 131  24   6]
 [  5  14 104  12]
 [  4   4  21  84]]
2025-12-23 10:25:52,703 - utils.logger2025-12-23-10.24.37 - INFO - Cur epoch 15 loss TA:0.6622 TV:0.7098 VA:1.3432 CE:0.1474
2025-12-23 10:25:53,356 - utils.logger2025-12-23-10.24.37 - INFO - Cur epoch 15 loss TA:0.6973 TV:0.7257 VA:1.3996 CE:0.2132
2025-12-23 10:25:53,762 - utils.logger2025-12-23-10.24.37 - INFO - Cur epoch 15 loss TA:0.6753 TV:0.7224 VA:1.3785 CE:0.1194
2025-12-23 10:25:54,174 - utils.logger2025-12-23-10.24.37 - INFO - Cur epoch 15 loss TA:0.6747 TV:0.7210 VA:1.3437 CE:0.1901
2025-12-23 10:25:54,653 - utils.logger2025-12-23-10.24.37 - INFO - Cur epoch 15 loss TA:0.6831 TV:0.7267 VA:1.3756 CE:0.2278
2025-12-23 10:25:55,228 - utils.logger2025-12-23-10.24.37 - INFO - Cur epoch 15 loss TA:0.6706 TV:0.7051 VA:1.2940 CE:0.1503
2025-12-23 10:25:55,768 - utils.logger2025-12-23-10.24.37 - INFO - Cur epoch 15 loss TA:0.7086 TV:0.7396 VA:1.4104 CE:0.2177
2025-12-23 10:25:56,085 - utils.logger2025-12-23-10.24.37 - INFO - saving the model at the end of epoch 15, iters 1065
2025-12-23 10:25:56,213 - utils.logger2025-12-23-10.24.37 - INFO - End of training epoch 15 / 40 	 Time Taken: 4 sec
2025-12-23 10:25:56,213 - utils.logger2025-12-23-10.24.37 - INFO - learning rate = 0.0002000
2025-12-23 10:25:56,687 - utils.logger2025-12-23-10.24.37 - INFO - Val result of epoch 15 / 40 acc 0.7638 uar 0.8036 f1 0.7739
2025-12-23 10:25:56,687 - utils.logger2025-12-23-10.24.37 - INFO - 
[[ 59   6   4   1]
 [  2 144  13   2]
 [ 14  49 138  26]
 [  1   4   6  73]]
2025-12-23 10:25:57,694 - utils.logger2025-12-23-10.24.37 - INFO - Tst result of epoch 15 / 40 acc 0.8004 uar 0.8105 f1 0.8044
2025-12-23 10:25:57,694 - utils.logger2025-12-23-10.24.37 - INFO - 
[[ 61   1   5   0]
 [  5 135  22   4]
 [  7  15 107   6]
 [  5   8  18  82]]
2025-12-23 10:25:58,253 - utils.logger2025-12-23-10.24.37 - INFO - Cur epoch 16 loss TA:0.6586 TV:0.7300 VA:1.3899 CE:0.2792
2025-12-23 10:25:58,681 - utils.logger2025-12-23-10.24.37 - INFO - Cur epoch 16 loss TA:0.6616 TV:0.7082 VA:1.3052 CE:0.2737
2025-12-23 10:25:59,165 - utils.logger2025-12-23-10.24.37 - INFO - Cur epoch 16 loss TA:0.6322 TV:0.6951 VA:1.3285 CE:0.1333
2025-12-23 10:25:59,704 - utils.logger2025-12-23-10.24.37 - INFO - Cur epoch 16 loss TA:0.6810 TV:0.6907 VA:1.3435 CE:0.1363
2025-12-23 10:26:00,250 - utils.logger2025-12-23-10.24.37 - INFO - Cur epoch 16 loss TA:0.6524 TV:0.7008 VA:1.3738 CE:0.1802
2025-12-23 10:26:00,822 - utils.logger2025-12-23-10.24.37 - INFO - Cur epoch 16 loss TA:0.6567 TV:0.7167 VA:1.3507 CE:0.2955
2025-12-23 10:26:01,364 - utils.logger2025-12-23-10.24.37 - INFO - Cur epoch 16 loss TA:0.6622 TV:0.7090 VA:1.3463 CE:0.1694
2025-12-23 10:26:01,738 - utils.logger2025-12-23-10.24.37 - INFO - saving the model at the end of epoch 16, iters 1136
2025-12-23 10:26:01,834 - utils.logger2025-12-23-10.24.37 - INFO - End of training epoch 16 / 40 	 Time Taken: 4 sec
2025-12-23 10:26:01,834 - utils.logger2025-12-23-10.24.37 - INFO - learning rate = 0.0002000
2025-12-23 10:26:02,188 - utils.logger2025-12-23-10.24.37 - INFO - Val result of epoch 16 / 40 acc 0.7841 uar 0.8304 f1 0.7901
2025-12-23 10:26:02,189 - utils.logger2025-12-23-10.24.37 - INFO - 
[[ 64   2   4   0]
 [  6 141  12   2]
 [ 16  39 145  27]
 [  3   1   5  75]]
2025-12-23 10:26:02,526 - utils.logger2025-12-23-10.24.37 - INFO - Tst result of epoch 16 / 40 acc 0.7817 uar 0.7995 f1 0.7864
2025-12-23 10:26:02,528 - utils.logger2025-12-23-10.24.37 - INFO - 
[[ 62   0   5   0]
 [  8 126  30   2]
 [ 10  14 104   7]
 [  7   7  15  84]]
2025-12-23 10:26:02,923 - utils.logger2025-12-23-10.24.37 - INFO - Cur epoch 17 loss TA:0.6270 TV:0.6986 VA:1.2988 CE:0.0906
2025-12-23 10:26:03,510 - utils.logger2025-12-23-10.24.37 - INFO - Cur epoch 17 loss TA:0.6449 TV:0.7119 VA:1.3282 CE:0.2151
2025-12-23 10:26:04,047 - utils.logger2025-12-23-10.24.37 - INFO - Cur epoch 17 loss TA:0.6505 TV:0.7145 VA:1.3065 CE:0.1997
2025-12-23 10:26:04,616 - utils.logger2025-12-23-10.24.37 - INFO - Cur epoch 17 loss TA:0.6409 TV:0.7299 VA:1.3194 CE:0.0688
2025-12-23 10:26:05,105 - utils.logger2025-12-23-10.24.37 - INFO - Cur epoch 17 loss TA:0.6212 TV:0.6833 VA:1.3497 CE:0.1771
2025-12-23 10:26:05,495 - utils.logger2025-12-23-10.24.37 - INFO - Cur epoch 17 loss TA:0.6269 TV:0.6961 VA:1.3363 CE:0.0858
2025-12-23 10:26:05,909 - utils.logger2025-12-23-10.24.37 - INFO - Cur epoch 17 loss TA:0.6797 TV:0.7166 VA:1.4231 CE:0.2002
2025-12-23 10:26:06,301 - utils.logger2025-12-23-10.24.37 - INFO - saving the model at the end of epoch 17, iters 1207
2025-12-23 10:26:06,409 - utils.logger2025-12-23-10.24.37 - INFO - End of training epoch 17 / 40 	 Time Taken: 3 sec
2025-12-23 10:26:06,409 - utils.logger2025-12-23-10.24.37 - INFO - learning rate = 0.0002000
2025-12-23 10:26:06,785 - utils.logger2025-12-23-10.24.37 - INFO - Val result of epoch 17 / 40 acc 0.7380 uar 0.7951 f1 0.7456
2025-12-23 10:26:06,785 - utils.logger2025-12-23-10.24.37 - INFO - 
[[ 59   7   3   1]
 [  3 151   5   2]
 [ 15  60 115  37]
 [  3   3   3  75]]
2025-12-23 10:26:07,126 - utils.logger2025-12-23-10.24.37 - INFO - Tst result of epoch 17 / 40 acc 0.8025 uar 0.8175 f1 0.8054
2025-12-23 10:26:07,126 - utils.logger2025-12-23-10.24.37 - INFO - 
[[ 62   1   4   0]
 [  5 136  18   7]
 [  7  17  96  15]
 [  6   7   8  92]]
2025-12-23 10:26:07,470 - utils.logger2025-12-23-10.24.37 - INFO - Cur epoch 18 loss TA:0.6655 TV:0.6761 VA:1.2761 CE:0.1211
2025-12-23 10:26:08,044 - utils.logger2025-12-23-10.24.37 - INFO - Cur epoch 18 loss TA:0.6182 TV:0.7115 VA:1.3718 CE:0.2238
2025-12-23 10:26:08,745 - utils.logger2025-12-23-10.24.37 - INFO - Cur epoch 18 loss TA:0.6205 TV:0.6761 VA:1.2828 CE:0.1095
2025-12-23 10:26:09,174 - utils.logger2025-12-23-10.24.37 - INFO - Cur epoch 18 loss TA:0.6418 TV:0.6657 VA:1.2790 CE:0.1416
2025-12-23 10:26:09,634 - utils.logger2025-12-23-10.24.37 - INFO - Cur epoch 18 loss TA:0.6371 TV:0.7106 VA:1.2858 CE:0.2141
2025-12-23 10:26:10,155 - utils.logger2025-12-23-10.24.37 - INFO - Cur epoch 18 loss TA:0.6180 TV:0.6773 VA:1.3068 CE:0.1526
2025-12-23 10:26:10,705 - utils.logger2025-12-23-10.24.37 - INFO - Cur epoch 18 loss TA:0.6294 TV:0.7097 VA:1.3685 CE:0.1357
2025-12-23 10:26:11,161 - utils.logger2025-12-23-10.24.37 - INFO - saving the model at the end of epoch 18, iters 1278
2025-12-23 10:26:11,269 - utils.logger2025-12-23-10.24.37 - INFO - End of training epoch 18 / 40 	 Time Taken: 4 sec
2025-12-23 10:26:11,269 - utils.logger2025-12-23-10.24.37 - INFO - learning rate = 0.0002000
2025-12-23 10:26:11,864 - utils.logger2025-12-23-10.24.37 - INFO - Val result of epoch 18 / 40 acc 0.7970 uar 0.8191 f1 0.7991
2025-12-23 10:26:11,864 - utils.logger2025-12-23-10.24.37 - INFO - 
[[ 55   7   7   1]
 [  2 148   9   2]
 [  7  36 154  30]
 [  1   2   6  75]]
2025-12-23 10:26:12,341 - utils.logger2025-12-23-10.24.37 - INFO - Tst result of epoch 18 / 40 acc 0.8108 uar 0.8249 f1 0.8200
2025-12-23 10:26:12,342 - utils.logger2025-12-23-10.24.37 - INFO - 
[[ 60   1   6   0]
 [  3 126  27  10]
 [  4  10 111  10]
 [  3   4  13  93]]
2025-12-23 10:26:12,796 - utils.logger2025-12-23-10.24.37 - INFO - Cur epoch 19 loss TA:0.6304 TV:0.6871 VA:1.2917 CE:0.1290
2025-12-23 10:26:13,338 - utils.logger2025-12-23-10.24.37 - INFO - Cur epoch 19 loss TA:0.6449 TV:0.6808 VA:1.3101 CE:0.1300
2025-12-23 10:26:13,754 - utils.logger2025-12-23-10.24.37 - INFO - Cur epoch 19 loss TA:0.6274 TV:0.6935 VA:1.2952 CE:0.1484
2025-12-23 10:26:14,178 - utils.logger2025-12-23-10.24.37 - INFO - Cur epoch 19 loss TA:0.6306 TV:0.6728 VA:1.2695 CE:0.3445
2025-12-23 10:26:14,651 - utils.logger2025-12-23-10.24.37 - INFO - Cur epoch 19 loss TA:0.6513 TV:0.6955 VA:1.3165 CE:0.1637
2025-12-23 10:26:15,074 - utils.logger2025-12-23-10.24.37 - INFO - Cur epoch 19 loss TA:0.6449 TV:0.6828 VA:1.3040 CE:0.0609
2025-12-23 10:26:15,552 - utils.logger2025-12-23-10.24.37 - INFO - Cur epoch 19 loss TA:0.6245 TV:0.6631 VA:1.2857 CE:0.0954
2025-12-23 10:26:16,068 - utils.logger2025-12-23-10.24.37 - INFO - saving the model at the end of epoch 19, iters 1349
2025-12-23 10:26:16,185 - utils.logger2025-12-23-10.24.37 - INFO - End of training epoch 19 / 40 	 Time Taken: 3 sec
2025-12-23 10:26:16,185 - utils.logger2025-12-23-10.24.37 - INFO - learning rate = 0.0002000
2025-12-23 10:26:16,592 - utils.logger2025-12-23-10.24.37 - INFO - Val result of epoch 19 / 40 acc 0.7712 uar 0.8131 f1 0.7868
2025-12-23 10:26:16,592 - utils.logger2025-12-23-10.24.37 - INFO - 
[[ 60   6   4   0]
 [  1 150   9   1]
 [  9  59 135  24]
 [  2   4   5  73]]
2025-12-23 10:26:17,204 - utils.logger2025-12-23-10.24.37 - INFO - Tst result of epoch 19 / 40 acc 0.7900 uar 0.7944 f1 0.7928
2025-12-23 10:26:17,204 - utils.logger2025-12-23-10.24.37 - INFO - 
[[ 60   1   6   0]
 [  4 140  22   0]
 [  6  18 107   4]
 [  6  10  24  73]]
2025-12-23 10:26:17,448 - utils.logger2025-12-23-10.24.37 - INFO - Cur epoch 20 loss TA:0.6614 TV:0.6935 VA:1.2911 CE:0.0979
2025-12-23 10:26:17,875 - utils.logger2025-12-23-10.24.37 - INFO - Cur epoch 20 loss TA:0.6581 TV:0.7010 VA:1.3582 CE:0.0927
2025-12-23 10:26:18,399 - utils.logger2025-12-23-10.24.37 - INFO - Cur epoch 20 loss TA:0.6297 TV:0.6755 VA:1.2551 CE:0.1460
2025-12-23 10:26:18,975 - utils.logger2025-12-23-10.24.37 - INFO - Cur epoch 20 loss TA:0.6435 TV:0.7280 VA:1.2835 CE:0.2034
2025-12-23 10:26:19,505 - utils.logger2025-12-23-10.24.37 - INFO - Cur epoch 20 loss TA:0.6151 TV:0.6554 VA:1.3147 CE:0.2126
2025-12-23 10:26:20,065 - utils.logger2025-12-23-10.24.37 - INFO - Cur epoch 20 loss TA:0.6396 TV:0.6850 VA:1.3291 CE:0.2753
2025-12-23 10:26:20,817 - utils.logger2025-12-23-10.24.37 - INFO - Cur epoch 20 loss TA:0.6496 TV:0.6801 VA:1.2509 CE:0.2722
2025-12-23 10:26:21,646 - utils.logger2025-12-23-10.24.37 - INFO - Cur epoch 20 loss TA:0.3953 TV:0.4126 VA:0.8041 CE:0.2018
2025-12-23 10:26:21,708 - utils.logger2025-12-23-10.24.37 - INFO - saving the model at the end of epoch 20, iters 1420
2025-12-23 10:26:21,938 - utils.logger2025-12-23-10.24.37 - INFO - End of training epoch 20 / 40 	 Time Taken: 4 sec
2025-12-23 10:26:21,939 - utils.logger2025-12-23-10.24.37 - INFO - learning rate = 0.0002000
2025-12-23 10:26:22,466 - utils.logger2025-12-23-10.24.37 - INFO - Val result of epoch 20 / 40 acc 0.7768 uar 0.8236 f1 0.7876
2025-12-23 10:26:22,467 - utils.logger2025-12-23-10.24.37 - INFO - 
[[ 61   4   5   0]
 [  2 148   9   2]
 [  9  47 136  35]
 [  2   2   4  76]]
2025-12-23 10:26:22,834 - utils.logger2025-12-23-10.24.37 - INFO - Tst result of epoch 20 / 40 acc 0.8025 uar 0.8173 f1 0.8093
2025-12-23 10:26:22,834 - utils.logger2025-12-23-10.24.37 - INFO - 
[[ 61   1   5   0]
 [  6 129  24   7]
 [  4  12 106  13]
 [  4   6  13  90]]
2025-12-23 10:26:23,614 - utils.logger2025-12-23-10.24.37 - INFO - Cur epoch 21 loss TA:0.6481 TV:0.7087 VA:1.3041 CE:0.2432
2025-12-23 10:26:24,120 - utils.logger2025-12-23-10.24.37 - INFO - Cur epoch 21 loss TA:0.6494 TV:0.7167 VA:1.3197 CE:0.1495
2025-12-23 10:26:24,634 - utils.logger2025-12-23-10.24.37 - INFO - Cur epoch 21 loss TA:0.6282 TV:0.6934 VA:1.3311 CE:0.1687
2025-12-23 10:26:25,238 - utils.logger2025-12-23-10.24.37 - INFO - Cur epoch 21 loss TA:0.6458 TV:0.6401 VA:1.2713 CE:0.1178
2025-12-23 10:26:25,668 - utils.logger2025-12-23-10.24.37 - INFO - Cur epoch 21 loss TA:0.6374 TV:0.6536 VA:1.2582 CE:0.0720
2025-12-23 10:26:26,092 - utils.logger2025-12-23-10.24.37 - INFO - Cur epoch 21 loss TA:0.6501 TV:0.7030 VA:1.2711 CE:0.1607
2025-12-23 10:26:26,600 - utils.logger2025-12-23-10.24.37 - INFO - Cur epoch 21 loss TA:0.6415 TV:0.6749 VA:1.2927 CE:0.2417
2025-12-23 10:26:26,733 - utils.logger2025-12-23-10.24.37 - INFO - saving the model at the end of epoch 21, iters 1491
2025-12-23 10:26:26,856 - utils.logger2025-12-23-10.24.37 - INFO - End of training epoch 21 / 40 	 Time Taken: 4 sec
2025-12-23 10:26:26,856 - utils.logger2025-12-23-10.24.37 - INFO - learning rate = 0.0002000
2025-12-23 10:26:27,371 - utils.logger2025-12-23-10.24.37 - INFO - Val result of epoch 21 / 40 acc 0.7620 uar 0.8097 f1 0.7777
2025-12-23 10:26:27,371 - utils.logger2025-12-23-10.24.37 - INFO - 
[[ 61   6   3   0]
 [  3 145  11   2]
 [ 13  61 133  20]
 [  3   2   5  74]]
2025-12-23 10:26:27,894 - utils.logger2025-12-23-10.24.37 - INFO - Tst result of epoch 21 / 40 acc 0.7963 uar 0.8076 f1 0.8040
2025-12-23 10:26:27,894 - utils.logger2025-12-23-10.24.37 - INFO - 
[[ 62   1   4   0]
 [  5 133  28   0]
 [  4  16 111   4]
 [  6   9  21  77]]
2025-12-23 10:26:28,598 - utils.logger2025-12-23-10.24.37 - INFO - Cur epoch 22 loss TA:0.6420 TV:0.6929 VA:1.2957 CE:0.1232
2025-12-23 10:26:29,070 - utils.logger2025-12-23-10.24.37 - INFO - Cur epoch 22 loss TA:0.5836 TV:0.6504 VA:1.2491 CE:0.1653
2025-12-23 10:26:29,539 - utils.logger2025-12-23-10.24.37 - INFO - Cur epoch 22 loss TA:0.6424 TV:0.6811 VA:1.3024 CE:0.1900
2025-12-23 10:26:29,928 - utils.logger2025-12-23-10.24.37 - INFO - Cur epoch 22 loss TA:0.6250 TV:0.6902 VA:1.2653 CE:0.0984
2025-12-23 10:26:30,442 - utils.logger2025-12-23-10.24.37 - INFO - Cur epoch 22 loss TA:0.6398 TV:0.6829 VA:1.2365 CE:0.1048
2025-12-23 10:26:31,023 - utils.logger2025-12-23-10.24.37 - INFO - Cur epoch 22 loss TA:0.6042 TV:0.6703 VA:1.2245 CE:0.2619
2025-12-23 10:26:31,618 - utils.logger2025-12-23-10.24.37 - INFO - Cur epoch 22 loss TA:0.6364 TV:0.6735 VA:1.2783 CE:0.1668
2025-12-23 10:26:31,809 - utils.logger2025-12-23-10.24.37 - INFO - saving the model at the end of epoch 22, iters 1562
2025-12-23 10:26:31,940 - utils.logger2025-12-23-10.24.37 - INFO - End of training epoch 22 / 40 	 Time Taken: 4 sec
2025-12-23 10:26:31,940 - utils.logger2025-12-23-10.24.37 - INFO - learning rate = 0.0002000
2025-12-23 10:26:32,478 - utils.logger2025-12-23-10.24.37 - INFO - Val result of epoch 22 / 40 acc 0.7325 uar 0.7929 f1 0.7479
2025-12-23 10:26:32,479 - utils.logger2025-12-23-10.24.37 - INFO - 
[[ 61   7   2   0]
 [  2 151   7   1]
 [ 17  72 112  26]
 [  3   4   4  73]]
2025-12-23 10:26:32,969 - utils.logger2025-12-23-10.24.37 - INFO - Tst result of epoch 22 / 40 acc 0.8087 uar 0.8174 f1 0.8114
2025-12-23 10:26:32,969 - utils.logger2025-12-23-10.24.37 - INFO - 
[[ 62   1   4   0]
 [  4 144  18   0]
 [  8  19  99   9]
 [  5  11  13  84]]
2025-12-23 10:26:33,468 - utils.logger2025-12-23-10.24.37 - INFO - Cur epoch 23 loss TA:0.5804 TV:0.6357 VA:1.2184 CE:0.1377
2025-12-23 10:26:33,869 - utils.logger2025-12-23-10.24.37 - INFO - Cur epoch 23 loss TA:0.5948 TV:0.6308 VA:1.1492 CE:0.1200
2025-12-23 10:26:34,301 - utils.logger2025-12-23-10.24.37 - INFO - Cur epoch 23 loss TA:0.6182 TV:0.6695 VA:1.2713 CE:0.1694
2025-12-23 10:26:34,720 - utils.logger2025-12-23-10.24.37 - INFO - Cur epoch 23 loss TA:0.6135 TV:0.6701 VA:1.2496 CE:0.1036
2025-12-23 10:26:35,135 - utils.logger2025-12-23-10.24.37 - INFO - Cur epoch 23 loss TA:0.6408 TV:0.6889 VA:1.2281 CE:0.0752
2025-12-23 10:26:35,563 - utils.logger2025-12-23-10.24.37 - INFO - Cur epoch 23 loss TA:0.6441 TV:0.7081 VA:1.3026 CE:0.0895
2025-12-23 10:26:36,018 - utils.logger2025-12-23-10.24.37 - INFO - Cur epoch 23 loss TA:0.6036 TV:0.6869 VA:1.3115 CE:0.2027
2025-12-23 10:26:36,237 - utils.logger2025-12-23-10.24.37 - INFO - saving the model at the end of epoch 23, iters 1633
2025-12-23 10:26:36,470 - utils.logger2025-12-23-10.24.37 - INFO - End of training epoch 23 / 40 	 Time Taken: 3 sec
2025-12-23 10:26:36,470 - utils.logger2025-12-23-10.24.37 - INFO - learning rate = 0.0002000
2025-12-23 10:26:37,285 - utils.logger2025-12-23-10.24.37 - INFO - Val result of epoch 23 / 40 acc 0.7232 uar 0.7845 f1 0.7403
2025-12-23 10:26:37,286 - utils.logger2025-12-23-10.24.37 - INFO - 
[[ 60   8   2   0]
 [  3 150   7   1]
 [ 17  77 109  24]
 [  3   5   3  73]]
2025-12-23 10:26:38,389 - utils.logger2025-12-23-10.24.37 - INFO - Tst result of epoch 23 / 40 acc 0.7900 uar 0.8000 f1 0.7856
2025-12-23 10:26:38,389 - utils.logger2025-12-23-10.24.37 - INFO - 
[[ 62   1   4   0]
 [  6 142  17   1]
 [ 13  20  96   6]
 [ 12   8  13  80]]
2025-12-23 10:26:39,804 - utils.logger2025-12-23-10.24.37 - INFO - Cur epoch 24 loss TA:0.6299 TV:0.6735 VA:1.2417 CE:0.1099
2025-12-23 10:26:40,365 - utils.logger2025-12-23-10.24.37 - INFO - Cur epoch 24 loss TA:0.6103 TV:0.6401 VA:1.2280 CE:0.0903
2025-12-23 10:26:40,943 - utils.logger2025-12-23-10.24.37 - INFO - Cur epoch 24 loss TA:0.6037 TV:0.6682 VA:1.2849 CE:0.0992
2025-12-23 10:26:41,423 - utils.logger2025-12-23-10.24.37 - INFO - Cur epoch 24 loss TA:0.6235 TV:0.6846 VA:1.3073 CE:0.1560
2025-12-23 10:26:41,929 - utils.logger2025-12-23-10.24.37 - INFO - Cur epoch 24 loss TA:0.6395 TV:0.7101 VA:1.3094 CE:0.2771
2025-12-23 10:26:42,788 - utils.logger2025-12-23-10.24.37 - INFO - Cur epoch 24 loss TA:0.6124 TV:0.6664 VA:1.2349 CE:0.0497
2025-12-23 10:26:43,241 - utils.logger2025-12-23-10.24.37 - INFO - Cur epoch 24 loss TA:0.6091 TV:0.6439 VA:1.2643 CE:0.1204
2025-12-23 10:26:43,455 - utils.logger2025-12-23-10.24.37 - INFO - saving the model at the end of epoch 24, iters 1704
2025-12-23 10:26:43,548 - utils.logger2025-12-23-10.24.37 - INFO - End of training epoch 24 / 40 	 Time Taken: 5 sec
2025-12-23 10:26:43,549 - utils.logger2025-12-23-10.24.37 - INFO - learning rate = 0.0002000
2025-12-23 10:26:44,162 - utils.logger2025-12-23-10.24.37 - INFO - Val result of epoch 24 / 40 acc 0.7786 uar 0.8125 f1 0.7825
2025-12-23 10:26:44,162 - utils.logger2025-12-23-10.24.37 - INFO - 
[[ 60   4   6   0]
 [  5 143  12   1]
 [ 16  41 147  23]
 [  3   4   5  72]]
2025-12-23 10:26:44,694 - utils.logger2025-12-23-10.24.37 - INFO - Tst result of epoch 24 / 40 acc 0.7817 uar 0.7971 f1 0.7827
2025-12-23 10:26:44,695 - utils.logger2025-12-23-10.24.37 - INFO - 
[[ 63   0   4   0]
 [  7 129  28   2]
 [ 10  11 109   5]
 [ 10   4  24  75]]
2025-12-23 10:26:45,399 - utils.logger2025-12-23-10.24.37 - INFO - Cur epoch 25 loss TA:0.5877 TV:0.6255 VA:1.2455 CE:0.1723
2025-12-23 10:26:45,996 - utils.logger2025-12-23-10.24.37 - INFO - Cur epoch 25 loss TA:0.5871 TV:0.6313 VA:1.2043 CE:0.1695
2025-12-23 10:26:46,532 - utils.logger2025-12-23-10.24.37 - INFO - Cur epoch 25 loss TA:0.6232 TV:0.6684 VA:1.2038 CE:0.2067
2025-12-23 10:26:47,307 - utils.logger2025-12-23-10.24.37 - INFO - Cur epoch 25 loss TA:0.6311 TV:0.6739 VA:1.2329 CE:0.0563
2025-12-23 10:26:47,717 - utils.logger2025-12-23-10.24.37 - INFO - Cur epoch 25 loss TA:0.6203 TV:0.6482 VA:1.2231 CE:0.2521
2025-12-23 10:26:48,644 - utils.logger2025-12-23-10.24.37 - INFO - Cur epoch 25 loss TA:0.6038 TV:0.6530 VA:1.2370 CE:0.1118
2025-12-23 10:26:49,217 - utils.logger2025-12-23-10.24.37 - INFO - Cur epoch 25 loss TA:0.6314 TV:0.6888 VA:1.2792 CE:0.1537
2025-12-23 10:26:49,520 - utils.logger2025-12-23-10.24.37 - INFO - saving the model at the end of epoch 25, iters 1775
2025-12-23 10:26:49,635 - utils.logger2025-12-23-10.24.37 - INFO - End of training epoch 25 / 40 	 Time Taken: 4 sec
2025-12-23 10:26:49,636 - utils.logger2025-12-23-10.24.37 - INFO - learning rate = 0.0002000
2025-12-23 10:26:50,177 - utils.logger2025-12-23-10.24.37 - INFO - Val result of epoch 25 / 40 acc 0.7823 uar 0.8293 f1 0.7879
2025-12-23 10:26:50,177 - utils.logger2025-12-23-10.24.37 - INFO - 
[[ 64   2   3   1]
 [  7 141  10   3]
 [ 14  38 144  31]
 [  1   3   5  75]]
2025-12-23 10:26:50,656 - utils.logger2025-12-23-10.24.37 - INFO - Tst result of epoch 25 / 40 acc 0.8025 uar 0.8228 f1 0.8055
2025-12-23 10:26:50,657 - utils.logger2025-12-23-10.24.37 - INFO - 
[[ 63   0   4   0]
 [ 11 124  26   5]
 [  9   9 109   8]
 [  5   2  16  90]]
2025-12-23 10:26:51,187 - utils.logger2025-12-23-10.24.37 - INFO - Cur epoch 26 loss TA:0.6003 TV:0.6354 VA:1.2775 CE:0.1707
2025-12-23 10:26:51,706 - utils.logger2025-12-23-10.24.37 - INFO - Cur epoch 26 loss TA:0.6168 TV:0.6725 VA:1.2105 CE:0.2409
2025-12-23 10:26:52,107 - utils.logger2025-12-23-10.24.37 - INFO - Cur epoch 26 loss TA:0.6291 TV:0.6313 VA:1.2143 CE:0.1351
2025-12-23 10:26:52,529 - utils.logger2025-12-23-10.24.37 - INFO - Cur epoch 26 loss TA:0.6232 TV:0.6636 VA:1.2106 CE:0.0869
2025-12-23 10:26:52,957 - utils.logger2025-12-23-10.24.37 - INFO - Cur epoch 26 loss TA:0.5888 TV:0.6725 VA:1.2876 CE:0.0945
2025-12-23 10:26:53,375 - utils.logger2025-12-23-10.24.37 - INFO - Cur epoch 26 loss TA:0.6452 TV:0.7080 VA:1.3024 CE:0.1115
2025-12-23 10:26:53,833 - utils.logger2025-12-23-10.24.37 - INFO - Cur epoch 26 loss TA:0.6201 TV:0.6604 VA:1.2212 CE:0.1398
2025-12-23 10:26:54,176 - utils.logger2025-12-23-10.24.37 - INFO - saving the model at the end of epoch 26, iters 1846
2025-12-23 10:26:54,293 - utils.logger2025-12-23-10.24.37 - INFO - End of training epoch 26 / 40 	 Time Taken: 3 sec
2025-12-23 10:26:54,293 - utils.logger2025-12-23-10.24.37 - INFO - learning rate = 0.0002000
2025-12-23 10:26:54,828 - utils.logger2025-12-23-10.24.37 - INFO - Val result of epoch 26 / 40 acc 0.7583 uar 0.7895 f1 0.7718
2025-12-23 10:26:54,828 - utils.logger2025-12-23-10.24.37 - INFO - 
[[ 60   6   4   0]
 [  2 148  11   0]
 [ 10  59 138  20]
 [  2   6  11  65]]
2025-12-23 10:26:55,380 - utils.logger2025-12-23-10.24.37 - INFO - Tst result of epoch 26 / 40 acc 0.8025 uar 0.8106 f1 0.8093
2025-12-23 10:26:55,380 - utils.logger2025-12-23-10.24.37 - INFO - 
[[ 61   2   4   0]
 [  3 137  26   0]
 [  5  17 109   4]
 [  6  10  18  79]]
2025-12-23 10:26:56,009 - utils.logger2025-12-23-10.24.37 - INFO - Cur epoch 27 loss TA:0.5923 TV:0.6432 VA:1.1889 CE:0.0358
2025-12-23 10:26:56,691 - utils.logger2025-12-23-10.24.37 - INFO - Cur epoch 27 loss TA:0.6409 TV:0.6832 VA:1.2853 CE:0.0822
2025-12-23 10:26:57,187 - utils.logger2025-12-23-10.24.37 - INFO - Cur epoch 27 loss TA:0.6213 TV:0.6552 VA:1.1803 CE:0.0521
2025-12-23 10:26:57,689 - utils.logger2025-12-23-10.24.37 - INFO - Cur epoch 27 loss TA:0.6197 TV:0.6646 VA:1.2142 CE:0.0405
2025-12-23 10:26:58,214 - utils.logger2025-12-23-10.24.37 - INFO - Cur epoch 27 loss TA:0.6061 TV:0.6681 VA:1.2569 CE:0.1150
2025-12-23 10:26:58,753 - utils.logger2025-12-23-10.24.37 - INFO - Cur epoch 27 loss TA:0.6117 TV:0.6560 VA:1.2180 CE:0.0946
2025-12-23 10:26:59,270 - utils.logger2025-12-23-10.24.37 - INFO - Cur epoch 27 loss TA:0.6182 TV:0.6563 VA:1.2232 CE:0.1005
2025-12-23 10:27:00,011 - utils.logger2025-12-23-10.24.37 - INFO - saving the model at the end of epoch 27, iters 1917
2025-12-23 10:27:00,116 - utils.logger2025-12-23-10.24.37 - INFO - End of training epoch 27 / 40 	 Time Taken: 4 sec
2025-12-23 10:27:00,116 - utils.logger2025-12-23-10.24.37 - INFO - learning rate = 0.0002000
2025-12-23 10:27:01,021 - utils.logger2025-12-23-10.24.37 - INFO - Val result of epoch 27 / 40 acc 0.7583 uar 0.8022 f1 0.7689
2025-12-23 10:27:01,021 - utils.logger2025-12-23-10.24.37 - INFO - 
[[ 57   8   4   1]
 [  3 151   7   0]
 [ 14  60 128  25]
 [  1   3   5  75]]
2025-12-23 10:27:01,403 - utils.logger2025-12-23-10.24.37 - INFO - Tst result of epoch 27 / 40 acc 0.8295 uar 0.8390 f1 0.8381
2025-12-23 10:27:01,403 - utils.logger2025-12-23-10.24.37 - INFO - 
[[ 61   2   4   0]
 [  3 139  22   2]
 [  4  16 106   9]
 [  2   5  13  93]]
2025-12-23 10:27:01,881 - utils.logger2025-12-23-10.24.37 - INFO - Cur epoch 28 loss TA:0.6118 TV:0.6481 VA:1.2502 CE:0.0770
2025-12-23 10:27:02,390 - utils.logger2025-12-23-10.24.37 - INFO - Cur epoch 28 loss TA:0.6243 TV:0.6678 VA:1.2268 CE:0.1227
2025-12-23 10:27:03,005 - utils.logger2025-12-23-10.24.37 - INFO - Cur epoch 28 loss TA:0.6229 TV:0.6650 VA:1.2256 CE:0.0885
2025-12-23 10:27:03,599 - utils.logger2025-12-23-10.24.37 - INFO - Cur epoch 28 loss TA:0.6157 TV:0.6617 VA:1.2479 CE:0.0834
2025-12-23 10:27:04,156 - utils.logger2025-12-23-10.24.37 - INFO - Cur epoch 28 loss TA:0.6341 TV:0.6930 VA:1.2497 CE:0.1543
2025-12-23 10:27:04,784 - utils.logger2025-12-23-10.24.37 - INFO - Cur epoch 28 loss TA:0.5858 TV:0.6434 VA:1.2078 CE:0.0450
2025-12-23 10:27:05,554 - utils.logger2025-12-23-10.24.37 - INFO - Cur epoch 28 loss TA:0.5824 TV:0.6212 VA:1.1635 CE:0.0473
2025-12-23 10:27:05,998 - utils.logger2025-12-23-10.24.37 - INFO - saving the model at the end of epoch 28, iters 1988
2025-12-23 10:27:06,091 - utils.logger2025-12-23-10.24.37 - INFO - End of training epoch 28 / 40 	 Time Taken: 4 sec
2025-12-23 10:27:06,091 - utils.logger2025-12-23-10.24.37 - INFO - learning rate = 0.0002000
2025-12-23 10:27:06,628 - utils.logger2025-12-23-10.24.37 - INFO - Val result of epoch 28 / 40 acc 0.7712 uar 0.8055 f1 0.7814
2025-12-23 10:27:06,628 - utils.logger2025-12-23-10.24.37 - INFO - 
[[ 59   7   4   0]
 [  2 151   8   0]
 [ 14  56 138  19]
 [  2   4   8  70]]
2025-12-23 10:27:07,021 - utils.logger2025-12-23-10.24.37 - INFO - Tst result of epoch 28 / 40 acc 0.8108 uar 0.8140 f1 0.8125
2025-12-23 10:27:07,022 - utils.logger2025-12-23-10.24.37 - INFO - 
[[ 60   2   5   0]
 [  3 142  19   2]
 [  5  17 110   3]
 [  7   7  21  78]]
2025-12-23 10:27:07,294 - utils.logger2025-12-23-10.24.37 - INFO - Cur epoch 29 loss TA:0.5688 TV:0.6060 VA:1.2020 CE:0.1189
2025-12-23 10:27:07,744 - utils.logger2025-12-23-10.24.37 - INFO - Cur epoch 29 loss TA:0.6083 TV:0.6586 VA:1.1991 CE:0.1038
2025-12-23 10:27:08,375 - utils.logger2025-12-23-10.24.37 - INFO - Cur epoch 29 loss TA:0.6046 TV:0.6308 VA:1.2325 CE:0.0563
2025-12-23 10:27:08,993 - utils.logger2025-12-23-10.24.37 - INFO - Cur epoch 29 loss TA:0.6095 TV:0.6535 VA:1.2632 CE:0.0733
2025-12-23 10:27:09,672 - utils.logger2025-12-23-10.24.37 - INFO - Cur epoch 29 loss TA:0.5728 TV:0.6135 VA:1.1949 CE:0.0574
2025-12-23 10:27:10,132 - utils.logger2025-12-23-10.24.37 - INFO - Cur epoch 29 loss TA:0.6152 TV:0.6566 VA:1.1934 CE:0.0918
2025-12-23 10:27:10,614 - utils.logger2025-12-23-10.24.37 - INFO - Cur epoch 29 loss TA:0.6104 TV:0.6649 VA:1.2152 CE:0.1807
2025-12-23 10:27:11,176 - utils.logger2025-12-23-10.24.37 - INFO - saving the model at the end of epoch 29, iters 2059
2025-12-23 10:27:11,304 - utils.logger2025-12-23-10.24.37 - INFO - End of training epoch 29 / 40 	 Time Taken: 4 sec
2025-12-23 10:27:11,304 - utils.logger2025-12-23-10.24.37 - INFO - learning rate = 0.0002000
2025-12-23 10:27:11,844 - utils.logger2025-12-23-10.24.37 - INFO - Val result of epoch 29 / 40 acc 0.7878 uar 0.8171 f1 0.7976
2025-12-23 10:27:11,845 - utils.logger2025-12-23-10.24.37 - INFO - 
[[ 61   4   5   0]
 [  2 152   7   0]
 [ 13  53 146  15]
 [  2   6   8  68]]
2025-12-23 10:27:12,318 - utils.logger2025-12-23-10.24.37 - INFO - Tst result of epoch 29 / 40 acc 0.8150 uar 0.8177 f1 0.8205
2025-12-23 10:27:12,318 - utils.logger2025-12-23-10.24.37 - INFO - 
[[ 60   2   5   0]
 [  2 143  21   0]
 [  4  18 110   3]
 [  5  10  19  79]]
2025-12-23 10:27:12,530 - utils.logger2025-12-23-10.24.37 - INFO - Cur epoch 30 loss TA:0.6421 TV:0.6781 VA:1.2209 CE:0.1655
2025-12-23 10:27:12,921 - utils.logger2025-12-23-10.24.37 - INFO - Cur epoch 30 loss TA:0.5846 TV:0.6323 VA:1.2065 CE:0.0578
2025-12-23 10:27:13,589 - utils.logger2025-12-23-10.24.37 - INFO - Cur epoch 30 loss TA:0.5870 TV:0.6127 VA:1.1565 CE:0.0117
2025-12-23 10:27:13,997 - utils.logger2025-12-23-10.24.37 - INFO - Cur epoch 30 loss TA:0.5807 TV:0.6358 VA:1.1788 CE:0.0260
2025-12-23 10:27:14,418 - utils.logger2025-12-23-10.24.37 - INFO - Cur epoch 30 loss TA:0.5780 TV:0.6210 VA:1.1685 CE:0.1001
2025-12-23 10:27:14,851 - utils.logger2025-12-23-10.24.37 - INFO - Cur epoch 30 loss TA:0.6602 TV:0.7098 VA:1.2604 CE:0.0097
2025-12-23 10:27:15,272 - utils.logger2025-12-23-10.24.37 - INFO - Cur epoch 30 loss TA:0.6069 TV:0.6873 VA:1.2733 CE:0.0345
2025-12-23 10:27:15,675 - utils.logger2025-12-23-10.24.37 - INFO - Cur epoch 30 loss TA:0.4024 TV:0.4842 VA:0.8507 CE:0.1221
2025-12-23 10:27:15,727 - utils.logger2025-12-23-10.24.37 - INFO - saving the model at the end of epoch 30, iters 2130
2025-12-23 10:27:15,835 - utils.logger2025-12-23-10.24.37 - INFO - End of training epoch 30 / 40 	 Time Taken: 3 sec
2025-12-23 10:27:15,835 - utils.logger2025-12-23-10.24.37 - INFO - learning rate = 0.0001818
2025-12-23 10:27:16,277 - utils.logger2025-12-23-10.24.37 - INFO - Val result of epoch 30 / 40 acc 0.7601 uar 0.8084 f1 0.7747
2025-12-23 10:27:16,278 - utils.logger2025-12-23-10.24.37 - INFO - 
[[ 60   5   4   1]
 [  2 150   9   0]
 [ 13  62 128  24]
 [  2   3   5  74]]
2025-12-23 10:27:17,011 - utils.logger2025-12-23-10.24.37 - INFO - Tst result of epoch 30 / 40 acc 0.8025 uar 0.8117 f1 0.8080
2025-12-23 10:27:17,011 - utils.logger2025-12-23-10.24.37 - INFO - 
[[ 61   2   4   0]
 [  3 138  22   3]
 [  6  19 104   6]
 [  6   7  17  83]]
2025-12-23 10:27:17,753 - utils.logger2025-12-23-10.24.37 - INFO - Cur epoch 31 loss TA:0.5756 TV:0.6297 VA:1.1684 CE:0.0634
2025-12-23 10:27:18,177 - utils.logger2025-12-23-10.24.37 - INFO - Cur epoch 31 loss TA:0.5833 TV:0.6346 VA:1.1529 CE:0.0589
2025-12-23 10:27:18,633 - utils.logger2025-12-23-10.24.37 - INFO - Cur epoch 31 loss TA:0.5830 TV:0.6045 VA:1.1451 CE:0.0797
2025-12-23 10:27:19,068 - utils.logger2025-12-23-10.24.37 - INFO - Cur epoch 31 loss TA:0.6051 TV:0.6520 VA:1.2135 CE:0.2297
2025-12-23 10:27:19,537 - utils.logger2025-12-23-10.24.37 - INFO - Cur epoch 31 loss TA:0.5810 TV:0.6428 VA:1.1730 CE:0.0222
2025-12-23 10:27:20,042 - utils.logger2025-12-23-10.24.37 - INFO - Cur epoch 31 loss TA:0.6047 TV:0.6646 VA:1.1971 CE:0.0845
2025-12-23 10:27:20,545 - utils.logger2025-12-23-10.24.37 - INFO - Cur epoch 31 loss TA:0.6107 TV:0.6616 VA:1.2107 CE:0.1523
2025-12-23 10:27:20,631 - utils.logger2025-12-23-10.24.37 - INFO - saving the model at the end of epoch 31, iters 2201
2025-12-23 10:27:20,722 - utils.logger2025-12-23-10.24.37 - INFO - End of training epoch 31 / 40 	 Time Taken: 3 sec
2025-12-23 10:27:20,722 - utils.logger2025-12-23-10.24.37 - INFO - learning rate = 0.0001636
2025-12-23 10:27:21,295 - utils.logger2025-12-23-10.24.37 - INFO - Val result of epoch 31 / 40 acc 0.7528 uar 0.8043 f1 0.7652
2025-12-23 10:27:21,295 - utils.logger2025-12-23-10.24.37 - INFO - 
[[ 59   6   4   1]
 [  2 152   6   1]
 [ 12  63 122  30]
 [  2   3   4  75]]
2025-12-23 10:27:21,734 - utils.logger2025-12-23-10.24.37 - INFO - Tst result of epoch 31 / 40 acc 0.8129 uar 0.8247 f1 0.8167
2025-12-23 10:27:21,734 - utils.logger2025-12-23-10.24.37 - INFO - 
[[ 62   2   3   0]
 [  4 142  16   4]
 [  7  20  95  13]
 [  4   8   9  92]]
2025-12-23 10:27:22,319 - utils.logger2025-12-23-10.24.37 - INFO - Cur epoch 32 loss TA:0.5712 TV:0.6323 VA:1.1874 CE:0.1153
2025-12-23 10:27:22,735 - utils.logger2025-12-23-10.24.37 - INFO - Cur epoch 32 loss TA:0.5913 TV:0.6355 VA:1.1793 CE:0.0795
2025-12-23 10:27:23,159 - utils.logger2025-12-23-10.24.37 - INFO - Cur epoch 32 loss TA:0.6127 TV:0.6551 VA:1.2018 CE:0.1343
2025-12-23 10:27:23,579 - utils.logger2025-12-23-10.24.37 - INFO - Cur epoch 32 loss TA:0.6185 TV:0.6667 VA:1.1933 CE:0.0369
2025-12-23 10:27:23,993 - utils.logger2025-12-23-10.24.37 - INFO - Cur epoch 32 loss TA:0.5729 TV:0.6221 VA:1.1613 CE:0.0873
2025-12-23 10:27:24,403 - utils.logger2025-12-23-10.24.37 - INFO - Cur epoch 32 loss TA:0.5933 TV:0.6344 VA:1.2023 CE:0.1099
2025-12-23 10:27:25,394 - utils.logger2025-12-23-10.24.37 - INFO - Cur epoch 32 loss TA:0.5735 TV:0.6322 VA:1.2197 CE:0.0930
2025-12-23 10:27:25,672 - utils.logger2025-12-23-10.24.37 - INFO - saving the model at the end of epoch 32, iters 2272
2025-12-23 10:27:25,772 - utils.logger2025-12-23-10.24.37 - INFO - End of training epoch 32 / 40 	 Time Taken: 4 sec
2025-12-23 10:27:25,772 - utils.logger2025-12-23-10.24.37 - INFO - learning rate = 0.0001455
2025-12-23 10:27:26,364 - utils.logger2025-12-23-10.24.37 - INFO - Val result of epoch 32 / 40 acc 0.7768 uar 0.8217 f1 0.7864
2025-12-23 10:27:26,365 - utils.logger2025-12-23-10.24.37 - INFO - 
[[ 61   3   5   1]
 [  2 152   6   1]
 [ 13  54 134  26]
 [  2   4   4  74]]
2025-12-23 10:27:26,731 - utils.logger2025-12-23-10.24.37 - INFO - Tst result of epoch 32 / 40 acc 0.8108 uar 0.8210 f1 0.8165
2025-12-23 10:27:26,731 - utils.logger2025-12-23-10.24.37 - INFO - 
[[ 62   1   4   0]
 [  3 139  22   2]
 [  5  17 105   8]
 [  6   7  16  84]]
2025-12-23 10:27:27,232 - utils.logger2025-12-23-10.24.37 - INFO - Cur epoch 33 loss TA:0.6045 TV:0.6454 VA:1.1769 CE:0.0518
2025-12-23 10:27:27,702 - utils.logger2025-12-23-10.24.37 - INFO - Cur epoch 33 loss TA:0.5687 TV:0.6050 VA:1.0927 CE:0.0871
2025-12-23 10:27:28,184 - utils.logger2025-12-23-10.24.37 - INFO - Cur epoch 33 loss TA:0.5918 TV:0.6357 VA:1.1614 CE:0.0342
2025-12-23 10:27:28,701 - utils.logger2025-12-23-10.24.37 - INFO - Cur epoch 33 loss TA:0.5755 TV:0.6185 VA:1.2096 CE:0.1377
2025-12-23 10:27:29,210 - utils.logger2025-12-23-10.24.37 - INFO - Cur epoch 33 loss TA:0.5985 TV:0.6442 VA:1.2449 CE:0.1177
2025-12-23 10:27:29,620 - utils.logger2025-12-23-10.24.37 - INFO - Cur epoch 33 loss TA:0.5727 TV:0.5889 VA:1.0850 CE:0.0403
2025-12-23 10:27:30,076 - utils.logger2025-12-23-10.24.37 - INFO - Cur epoch 33 loss TA:0.5970 TV:0.6146 VA:1.1454 CE:0.0617
2025-12-23 10:27:30,275 - utils.logger2025-12-23-10.24.37 - INFO - saving the model at the end of epoch 33, iters 2343
2025-12-23 10:27:30,400 - utils.logger2025-12-23-10.24.37 - INFO - End of training epoch 33 / 40 	 Time Taken: 3 sec
2025-12-23 10:27:30,400 - utils.logger2025-12-23-10.24.37 - INFO - learning rate = 0.0001273
2025-12-23 10:27:30,947 - utils.logger2025-12-23-10.24.37 - INFO - Val result of epoch 33 / 40 acc 0.7712 uar 0.8175 f1 0.7882
2025-12-23 10:27:30,947 - utils.logger2025-12-23-10.24.37 - INFO - 
[[ 61   5   4   0]
 [  3 150   8   0]
 [ 12  62 133  20]
 [  1   2   7  74]]
2025-12-23 10:27:31,372 - utils.logger2025-12-23-10.24.37 - INFO - Tst result of epoch 33 / 40 acc 0.8087 uar 0.8110 f1 0.8144
2025-12-23 10:27:31,372 - utils.logger2025-12-23-10.24.37 - INFO - 
[[ 59   2   6   0]
 [  1 141  23   1]
 [  3  19 110   3]
 [  7   8  19  79]]
2025-12-23 10:27:32,041 - utils.logger2025-12-23-10.24.37 - INFO - Cur epoch 34 loss TA:0.6019 TV:0.6436 VA:1.2593 CE:0.1090
2025-12-23 10:27:32,593 - utils.logger2025-12-23-10.24.37 - INFO - Cur epoch 34 loss TA:0.6081 TV:0.6772 VA:1.1957 CE:0.0894
2025-12-23 10:27:33,589 - utils.logger2025-12-23-10.24.37 - INFO - Cur epoch 34 loss TA:0.5516 TV:0.6256 VA:1.1718 CE:0.0171
2025-12-23 10:27:34,320 - utils.logger2025-12-23-10.24.37 - INFO - Cur epoch 34 loss TA:0.5903 TV:0.6460 VA:1.1523 CE:0.0180
2025-12-23 10:27:34,732 - utils.logger2025-12-23-10.24.37 - INFO - Cur epoch 34 loss TA:0.5844 TV:0.6536 VA:1.2053 CE:0.0386
2025-12-23 10:27:35,160 - utils.logger2025-12-23-10.24.37 - INFO - Cur epoch 34 loss TA:0.5752 TV:0.6540 VA:1.1762 CE:0.0657
2025-12-23 10:27:35,555 - utils.logger2025-12-23-10.24.37 - INFO - Cur epoch 34 loss TA:0.5835 TV:0.6367 VA:1.1514 CE:0.1140
2025-12-23 10:27:35,789 - utils.logger2025-12-23-10.24.37 - INFO - saving the model at the end of epoch 34, iters 2414
2025-12-23 10:27:35,912 - utils.logger2025-12-23-10.24.37 - INFO - End of training epoch 34 / 40 	 Time Taken: 4 sec
2025-12-23 10:27:35,913 - utils.logger2025-12-23-10.24.37 - INFO - learning rate = 0.0001091
2025-12-23 10:27:36,381 - utils.logger2025-12-23-10.24.37 - INFO - Val result of epoch 34 / 40 acc 0.7491 uar 0.7954 f1 0.7601
2025-12-23 10:27:36,381 - utils.logger2025-12-23-10.24.37 - INFO - 
[[ 58   9   2   1]
 [  3 151   6   1]
 [ 17  65 124  21]
 [  2   3   6  73]]
2025-12-23 10:27:36,828 - utils.logger2025-12-23-10.24.37 - INFO - Tst result of epoch 34 / 40 acc 0.8025 uar 0.8118 f1 0.8039
2025-12-23 10:27:36,829 - utils.logger2025-12-23-10.24.37 - INFO - 
[[ 62   1   4   0]
 [  4 142  20   0]
 [ 10  21 100   4]
 [  8   8  15  82]]
2025-12-23 10:27:37,447 - utils.logger2025-12-23-10.24.37 - INFO - Cur epoch 35 loss TA:0.6008 TV:0.6591 VA:1.1264 CE:0.0702
2025-12-23 10:27:37,819 - utils.logger2025-12-23-10.24.37 - INFO - Cur epoch 35 loss TA:0.5889 TV:0.6429 VA:1.1609 CE:0.1099
2025-12-23 10:27:38,171 - utils.logger2025-12-23-10.24.37 - INFO - Cur epoch 35 loss TA:0.5886 TV:0.6499 VA:1.1575 CE:0.0393
2025-12-23 10:27:38,638 - utils.logger2025-12-23-10.24.37 - INFO - Cur epoch 35 loss TA:0.5681 TV:0.6129 VA:1.1287 CE:0.0907
2025-12-23 10:27:39,136 - utils.logger2025-12-23-10.24.37 - INFO - Cur epoch 35 loss TA:0.5969 TV:0.6725 VA:1.1414 CE:0.0845
2025-12-23 10:27:39,643 - utils.logger2025-12-23-10.24.37 - INFO - Cur epoch 35 loss TA:0.5839 TV:0.6326 VA:1.2247 CE:0.0184
2025-12-23 10:27:40,088 - utils.logger2025-12-23-10.24.37 - INFO - Cur epoch 35 loss TA:0.6050 TV:0.6487 VA:1.1663 CE:0.1251
2025-12-23 10:27:40,425 - utils.logger2025-12-23-10.24.37 - INFO - saving the model at the end of epoch 35, iters 2485
2025-12-23 10:27:40,545 - utils.logger2025-12-23-10.24.37 - INFO - End of training epoch 35 / 40 	 Time Taken: 3 sec
2025-12-23 10:27:40,545 - utils.logger2025-12-23-10.24.37 - INFO - learning rate = 0.0000909
2025-12-23 10:27:41,474 - utils.logger2025-12-23-10.24.37 - INFO - Val result of epoch 35 / 40 acc 0.7786 uar 0.8155 f1 0.7864
2025-12-23 10:27:41,474 - utils.logger2025-12-23-10.24.37 - INFO - 
[[ 59   6   4   1]
 [  3 151   7   0]
 [ 14  51 139  23]
 [  1   2   8  73]]
2025-12-23 10:27:42,307 - utils.logger2025-12-23-10.24.37 - INFO - Tst result of epoch 35 / 40 acc 0.8087 uar 0.8154 f1 0.8143
2025-12-23 10:27:42,307 - utils.logger2025-12-23-10.24.37 - INFO - 
[[ 60   1   6   0]
 [  4 139  22   1]
 [  5  19 106   5]
 [  5   7  17  84]]
2025-12-23 10:27:42,681 - utils.logger2025-12-23-10.24.37 - INFO - Cur epoch 36 loss TA:0.5480 TV:0.5849 VA:1.1178 CE:0.0188
2025-12-23 10:27:43,162 - utils.logger2025-12-23-10.24.37 - INFO - Cur epoch 36 loss TA:0.5889 TV:0.6197 VA:1.0900 CE:0.0405
2025-12-23 10:27:43,652 - utils.logger2025-12-23-10.24.37 - INFO - Cur epoch 36 loss TA:0.5833 TV:0.6320 VA:1.1713 CE:0.0634
2025-12-23 10:27:44,112 - utils.logger2025-12-23-10.24.37 - INFO - Cur epoch 36 loss TA:0.5879 TV:0.6797 VA:1.1969 CE:0.0365
2025-12-23 10:27:44,671 - utils.logger2025-12-23-10.24.37 - INFO - Cur epoch 36 loss TA:0.5959 TV:0.6319 VA:1.1353 CE:0.0388
2025-12-23 10:27:45,143 - utils.logger2025-12-23-10.24.37 - INFO - Cur epoch 36 loss TA:0.5549 TV:0.6120 VA:1.1404 CE:0.0846
2025-12-23 10:27:45,561 - utils.logger2025-12-23-10.24.37 - INFO - Cur epoch 36 loss TA:0.5612 TV:0.6350 VA:1.1557 CE:0.0134
2025-12-23 10:27:45,827 - utils.logger2025-12-23-10.24.37 - INFO - saving the model at the end of epoch 36, iters 2556
2025-12-23 10:27:45,918 - utils.logger2025-12-23-10.24.37 - INFO - End of training epoch 36 / 40 	 Time Taken: 3 sec
2025-12-23 10:27:45,918 - utils.logger2025-12-23-10.24.37 - INFO - learning rate = 0.0000727
2025-12-23 10:27:46,445 - utils.logger2025-12-23-10.24.37 - INFO - Val result of epoch 36 / 40 acc 0.7454 uar 0.8001 f1 0.7592
2025-12-23 10:27:46,445 - utils.logger2025-12-23-10.24.37 - INFO - 
[[ 60   6   3   1]
 [  2 151   6   2]
 [ 13  66 119  29]
 [  2   3   5  74]]
2025-12-23 10:27:46,941 - utils.logger2025-12-23-10.24.37 - INFO - Tst result of epoch 36 / 40 acc 0.8087 uar 0.8213 f1 0.8129
2025-12-23 10:27:46,941 - utils.logger2025-12-23-10.24.37 - INFO - 
[[ 62   1   4   0]
 [  4 140  19   3]
 [  9  18  96  12]
 [  3   7  12  91]]
2025-12-23 10:27:47,330 - utils.logger2025-12-23-10.24.37 - INFO - Cur epoch 37 loss TA:0.5546 TV:0.5886 VA:1.1183 CE:0.0487
2025-12-23 10:27:47,839 - utils.logger2025-12-23-10.24.37 - INFO - Cur epoch 37 loss TA:0.5555 TV:0.6010 VA:1.1118 CE:0.0207
2025-12-23 10:27:48,303 - utils.logger2025-12-23-10.24.37 - INFO - Cur epoch 37 loss TA:0.6081 TV:0.6430 VA:1.1331 CE:0.0094
2025-12-23 10:27:48,766 - utils.logger2025-12-23-10.24.37 - INFO - Cur epoch 37 loss TA:0.5674 TV:0.6243 VA:1.1384 CE:0.0712
2025-12-23 10:27:49,153 - utils.logger2025-12-23-10.24.37 - INFO - Cur epoch 37 loss TA:0.5617 TV:0.5809 VA:1.0481 CE:0.0523
2025-12-23 10:27:49,567 - utils.logger2025-12-23-10.24.37 - INFO - Cur epoch 37 loss TA:0.5455 TV:0.6076 VA:1.1439 CE:0.0748
2025-12-23 10:27:49,937 - utils.logger2025-12-23-10.24.37 - INFO - Cur epoch 37 loss TA:0.5691 TV:0.6007 VA:1.2097 CE:0.0796
2025-12-23 10:27:50,266 - utils.logger2025-12-23-10.24.37 - INFO - saving the model at the end of epoch 37, iters 2627
2025-12-23 10:27:50,354 - utils.logger2025-12-23-10.24.37 - INFO - End of training epoch 37 / 40 	 Time Taken: 3 sec
2025-12-23 10:27:50,354 - utils.logger2025-12-23-10.24.37 - INFO - learning rate = 0.0000545
2025-12-23 10:27:51,047 - utils.logger2025-12-23-10.24.37 - INFO - Val result of epoch 37 / 40 acc 0.7362 uar 0.7905 f1 0.7520
2025-12-23 10:27:51,047 - utils.logger2025-12-23-10.24.37 - INFO - 
[[ 58   8   3   1]
 [  2 153   6   0]
 [ 14  74 114  25]
 [  2   3   5  74]]
2025-12-23 10:27:51,463 - utils.logger2025-12-23-10.24.37 - INFO - Tst result of epoch 37 / 40 acc 0.8129 uar 0.8225 f1 0.8173
2025-12-23 10:27:51,464 - utils.logger2025-12-23-10.24.37 - INFO - 
[[ 62   1   4   0]
 [  3 144  18   1]
 [  8  21  97   9]
 [  4   9  12  88]]
2025-12-23 10:27:51,907 - utils.logger2025-12-23-10.24.37 - INFO - Cur epoch 38 loss TA:0.5897 TV:0.6391 VA:1.0893 CE:0.0212
2025-12-23 10:27:52,320 - utils.logger2025-12-23-10.24.37 - INFO - Cur epoch 38 loss TA:0.5169 TV:0.5710 VA:1.0836 CE:0.0116
2025-12-23 10:27:53,038 - utils.logger2025-12-23-10.24.37 - INFO - Cur epoch 38 loss TA:0.5829 TV:0.6354 VA:1.1574 CE:0.0511
2025-12-23 10:27:53,444 - utils.logger2025-12-23-10.24.37 - INFO - Cur epoch 38 loss TA:0.5696 TV:0.6243 VA:1.1432 CE:0.0131
2025-12-23 10:27:53,939 - utils.logger2025-12-23-10.24.37 - INFO - Cur epoch 38 loss TA:0.5688 TV:0.6328 VA:1.1165 CE:0.0652
2025-12-23 10:27:54,415 - utils.logger2025-12-23-10.24.37 - INFO - Cur epoch 38 loss TA:0.5775 TV:0.6067 VA:1.1201 CE:0.0383
2025-12-23 10:27:54,920 - utils.logger2025-12-23-10.24.37 - INFO - Cur epoch 38 loss TA:0.5624 TV:0.5970 VA:1.1666 CE:0.0222
2025-12-23 10:27:55,419 - utils.logger2025-12-23-10.24.37 - INFO - saving the model at the end of epoch 38, iters 2698
2025-12-23 10:27:55,556 - utils.logger2025-12-23-10.24.37 - INFO - End of training epoch 38 / 40 	 Time Taken: 4 sec
2025-12-23 10:27:55,556 - utils.logger2025-12-23-10.24.37 - INFO - learning rate = 0.0000364
2025-12-23 10:27:56,065 - utils.logger2025-12-23-10.24.37 - INFO - Val result of epoch 38 / 40 acc 0.7583 uar 0.8069 f1 0.7678
2025-12-23 10:27:56,066 - utils.logger2025-12-23-10.24.37 - INFO - 
[[ 60   6   3   1]
 [  3 149   7   2]
 [ 14  56 128  29]
 [  2   2   6  74]]
2025-12-23 10:27:56,688 - utils.logger2025-12-23-10.24.37 - INFO - Tst result of epoch 38 / 40 acc 0.8170 uar 0.8279 f1 0.8253
2025-12-23 10:27:56,689 - utils.logger2025-12-23-10.24.37 - INFO - 
[[ 61   1   5   0]
 [  4 137  22   3]
 [  5  17 104   9]
 [  2   7  13  91]]
2025-12-23 10:27:57,271 - utils.logger2025-12-23-10.24.37 - INFO - Cur epoch 39 loss TA:0.5585 TV:0.6037 VA:1.0775 CE:0.0318
2025-12-23 10:27:57,900 - utils.logger2025-12-23-10.24.37 - INFO - Cur epoch 39 loss TA:0.6000 TV:0.6397 VA:1.0800 CE:0.0140
2025-12-23 10:27:58,325 - utils.logger2025-12-23-10.24.37 - INFO - Cur epoch 39 loss TA:0.5918 TV:0.6254 VA:1.1806 CE:0.0211
2025-12-23 10:27:58,809 - utils.logger2025-12-23-10.24.37 - INFO - Cur epoch 39 loss TA:0.5905 TV:0.6544 VA:1.1513 CE:0.0390
2025-12-23 10:27:59,368 - utils.logger2025-12-23-10.24.37 - INFO - Cur epoch 39 loss TA:0.5800 TV:0.6299 VA:1.1648 CE:0.0164
2025-12-23 10:27:59,910 - utils.logger2025-12-23-10.24.37 - INFO - Cur epoch 39 loss TA:0.5866 TV:0.6195 VA:1.0910 CE:0.0529
2025-12-23 10:28:00,359 - utils.logger2025-12-23-10.24.37 - INFO - Cur epoch 39 loss TA:0.5735 TV:0.6325 VA:1.1646 CE:0.1444
2025-12-23 10:28:00,809 - utils.logger2025-12-23-10.24.37 - INFO - saving the model at the end of epoch 39, iters 2769
2025-12-23 10:28:00,905 - utils.logger2025-12-23-10.24.37 - INFO - End of training epoch 39 / 40 	 Time Taken: 4 sec
2025-12-23 10:28:00,905 - utils.logger2025-12-23-10.24.37 - INFO - learning rate = 0.0000182
2025-12-23 10:28:01,970 - utils.logger2025-12-23-10.24.37 - INFO - Val result of epoch 39 / 40 acc 0.7565 uar 0.8023 f1 0.7681
2025-12-23 10:28:01,970 - utils.logger2025-12-23-10.24.37 - INFO - 
[[ 59   6   4   1]
 [  3 151   6   1]
 [ 14  63 127  23]
 [  2   4   5  73]]
2025-12-23 10:28:02,518 - utils.logger2025-12-23-10.24.37 - INFO - Tst result of epoch 39 / 40 acc 0.8191 uar 0.8284 f1 0.8252
2025-12-23 10:28:02,519 - utils.logger2025-12-23-10.24.37 - INFO - 
[[ 62   1   4   0]
 [  4 141  21   0]
 [  6  18 105   6]
 [  4   9  14  86]]
2025-12-23 10:28:03,017 - utils.logger2025-12-23-10.24.37 - INFO - Cur epoch 40 loss TA:0.5450 TV:0.6012 VA:1.1474 CE:0.0575
2025-12-23 10:28:03,573 - utils.logger2025-12-23-10.24.37 - INFO - Cur epoch 40 loss TA:0.5438 TV:0.5996 VA:1.1320 CE:0.0596
2025-12-23 10:28:04,004 - utils.logger2025-12-23-10.24.37 - INFO - Cur epoch 40 loss TA:0.5559 TV:0.6202 VA:1.1519 CE:0.0174
2025-12-23 10:28:04,458 - utils.logger2025-12-23-10.24.37 - INFO - Cur epoch 40 loss TA:0.5810 TV:0.6148 VA:1.1937 CE:0.0190
2025-12-23 10:28:04,952 - utils.logger2025-12-23-10.24.37 - INFO - Cur epoch 40 loss TA:0.5533 TV:0.5909 VA:1.0806 CE:0.0482
2025-12-23 10:28:05,463 - utils.logger2025-12-23-10.24.37 - INFO - Cur epoch 40 loss TA:0.5635 TV:0.5930 VA:1.0668 CE:0.0086
2025-12-23 10:28:06,421 - utils.logger2025-12-23-10.24.37 - INFO - Cur epoch 40 loss TA:0.5688 TV:0.6055 VA:1.0925 CE:0.0058
2025-12-23 10:28:07,019 - utils.logger2025-12-23-10.24.37 - INFO - Cur epoch 40 loss TA:0.3573 TV:0.4842 VA:0.8444 CE:0.1317
2025-12-23 10:28:07,085 - utils.logger2025-12-23-10.24.37 - INFO - saving the model at the end of epoch 40, iters 2840
2025-12-23 10:28:07,169 - utils.logger2025-12-23-10.24.37 - INFO - End of training epoch 40 / 40 	 Time Taken: 4 sec
2025-12-23 10:28:07,169 - utils.logger2025-12-23-10.24.37 - INFO - learning rate = 0.0000000
2025-12-23 10:28:07,748 - utils.logger2025-12-23-10.24.37 - INFO - Val result of epoch 40 / 40 acc 0.7638 uar 0.8135 f1 0.7745
2025-12-23 10:28:07,748 - utils.logger2025-12-23-10.24.37 - INFO - 
[[ 61   5   3   1]
 [  3 151   6   1]
 [ 16  59 128  24]
 [  2   2   6  74]]
2025-12-23 10:28:08,324 - utils.logger2025-12-23-10.24.37 - INFO - Tst result of epoch 40 / 40 acc 0.8108 uar 0.8224 f1 0.8161
2025-12-23 10:28:08,324 - utils.logger2025-12-23-10.24.37 - INFO - 
[[ 62   1   4   0]
 [  6 137  23   0]
 [  6  17 105   7]
 [  5   8  14  86]]
2025-12-23 10:28:08,324 - utils.logger2025-12-23-10.24.37 - INFO - Best eval epoch 27 found with uar 0.838998
