2025-12-27 12:22:36,887 - utils.logger2025-12-27-12.22.27 - INFO - The number of training samples = 4290
2025-12-27 12:22:36,887 - utils.logger2025-12-27-12.22.27 - INFO - The number of testing samples = 3540
2025-12-27 12:22:42,248 - utils.logger2025-12-27-12.22.27 - INFO - Cur epoch 1 loss CE:0.8172 mse:0.0243 consistent:0.0000
2025-12-27 12:22:44,034 - utils.logger2025-12-27-12.22.27 - INFO - saving the model at the end of epoch 1, iters 135
2025-12-27 12:22:44,141 - utils.logger2025-12-27-12.22.27 - INFO - End of training epoch 1 / 40 	 Time Taken: 6 sec
2025-12-27 12:22:44,141 - utils.logger2025-12-27-12.22.27 - INFO - learning rate = 0.0002000
2025-12-27 12:22:45,705 - utils.logger2025-12-27-12.22.27 - INFO - Val result of epoch 1 / 40 acc 0.5983 uar 0.5976 f1 0.5825
2025-12-27 12:22:47,072 - utils.logger2025-12-27-12.22.27 - INFO - Tst result of epoch 1 / 40 acc 0.6110 uar 0.6388 f1 0.6085
2025-12-27 12:22:50,020 - utils.logger2025-12-27-12.22.27 - INFO - Cur epoch 2 loss CE:0.6935 mse:0.0228 consistent:0.0000
2025-12-27 12:22:53,211 - utils.logger2025-12-27-12.22.27 - INFO - saving the model at the end of epoch 2, iters 270
2025-12-27 12:22:53,326 - utils.logger2025-12-27-12.22.27 - INFO - End of training epoch 2 / 40 	 Time Taken: 6 sec
2025-12-27 12:22:53,326 - utils.logger2025-12-27-12.22.27 - INFO - learning rate = 0.0002000
2025-12-27 12:22:55,208 - utils.logger2025-12-27-12.22.27 - INFO - Val result of epoch 2 / 40 acc 0.6170 uar 0.6103 f1 0.6024
2025-12-27 12:22:56,885 - utils.logger2025-12-27-12.22.27 - INFO - Tst result of epoch 2 / 40 acc 0.6469 uar 0.6360 f1 0.6368
2025-12-27 12:22:58,218 - utils.logger2025-12-27-12.22.27 - INFO - Cur epoch 3 loss CE:0.6627 mse:0.0192 consistent:0.0000
2025-12-27 12:23:02,796 - utils.logger2025-12-27-12.22.27 - INFO - Cur epoch 3 loss CE:0.5561 mse:0.0137 consistent:0.0000
2025-12-27 12:23:03,035 - utils.logger2025-12-27-12.22.27 - INFO - saving the model at the end of epoch 3, iters 405
2025-12-27 12:23:03,131 - utils.logger2025-12-27-12.22.27 - INFO - End of training epoch 3 / 40 	 Time Taken: 6 sec
2025-12-27 12:23:03,131 - utils.logger2025-12-27-12.22.27 - INFO - learning rate = 0.0002000
2025-12-27 12:23:04,642 - utils.logger2025-12-27-12.22.27 - INFO - Val result of epoch 3 / 40 acc 0.6267 uar 0.6295 f1 0.6229
2025-12-27 12:23:05,961 - utils.logger2025-12-27-12.22.27 - INFO - Tst result of epoch 3 / 40 acc 0.6534 uar 0.6315 f1 0.6413
2025-12-27 12:23:10,466 - utils.logger2025-12-27-12.22.27 - INFO - Cur epoch 4 loss CE:0.8233 mse:0.0132 consistent:0.0000
2025-12-27 12:23:12,256 - utils.logger2025-12-27-12.22.27 - INFO - saving the model at the end of epoch 4, iters 540
2025-12-27 12:23:12,347 - utils.logger2025-12-27-12.22.27 - INFO - End of training epoch 4 / 40 	 Time Taken: 6 sec
2025-12-27 12:23:12,347 - utils.logger2025-12-27-12.22.27 - INFO - learning rate = 0.0002000
2025-12-27 12:23:13,788 - utils.logger2025-12-27-12.22.27 - INFO - Val result of epoch 4 / 40 acc 0.6039 uar 0.6076 f1 0.5963
2025-12-27 12:23:15,070 - utils.logger2025-12-27-12.22.27 - INFO - Tst result of epoch 4 / 40 acc 0.6379 uar 0.6323 f1 0.6274
2025-12-27 12:23:17,737 - utils.logger2025-12-27-12.22.27 - INFO - Cur epoch 5 loss CE:0.6706 mse:0.0171 consistent:0.0000
2025-12-27 12:23:21,287 - utils.logger2025-12-27-12.22.27 - INFO - saving the model at the end of epoch 5, iters 675
2025-12-27 12:23:21,387 - utils.logger2025-12-27-12.22.27 - INFO - End of training epoch 5 / 40 	 Time Taken: 6 sec
2025-12-27 12:23:21,388 - utils.logger2025-12-27-12.22.27 - INFO - learning rate = 0.0002000
2025-12-27 12:23:22,835 - utils.logger2025-12-27-12.22.27 - INFO - Val result of epoch 5 / 40 acc 0.6180 uar 0.6159 f1 0.6084
2025-12-27 12:23:24,116 - utils.logger2025-12-27-12.22.27 - INFO - Tst result of epoch 5 / 40 acc 0.6435 uar 0.6467 f1 0.6410
2025-12-27 12:23:25,196 - utils.logger2025-12-27-12.22.27 - INFO - Cur epoch 6 loss CE:0.3381 mse:0.0108 consistent:0.0000
2025-12-27 12:23:30,049 - utils.logger2025-12-27-12.22.27 - INFO - Cur epoch 6 loss CE:0.5414 mse:0.0142 consistent:0.0000
2025-12-27 12:23:30,528 - utils.logger2025-12-27-12.22.27 - INFO - saving the model at the end of epoch 6, iters 810
2025-12-27 12:23:30,624 - utils.logger2025-12-27-12.22.27 - INFO - End of training epoch 6 / 40 	 Time Taken: 6 sec
2025-12-27 12:23:30,624 - utils.logger2025-12-27-12.22.27 - INFO - learning rate = 0.0002000
2025-12-27 12:23:32,091 - utils.logger2025-12-27-12.22.27 - INFO - Val result of epoch 6 / 40 acc 0.6275 uar 0.5872 f1 0.5920
2025-12-27 12:23:33,407 - utils.logger2025-12-27-12.22.27 - INFO - Tst result of epoch 6 / 40 acc 0.6282 uar 0.6322 f1 0.6187
2025-12-27 12:23:37,557 - utils.logger2025-12-27-12.22.27 - INFO - Cur epoch 7 loss CE:0.5634 mse:0.0115 consistent:0.0000
2025-12-27 12:23:39,770 - utils.logger2025-12-27-12.22.27 - INFO - saving the model at the end of epoch 7, iters 945
2025-12-27 12:23:39,872 - utils.logger2025-12-27-12.22.27 - INFO - End of training epoch 7 / 40 	 Time Taken: 6 sec
2025-12-27 12:23:39,873 - utils.logger2025-12-27-12.22.27 - INFO - learning rate = 0.0002000
2025-12-27 12:23:41,342 - utils.logger2025-12-27-12.22.27 - INFO - Val result of epoch 7 / 40 acc 0.6436 uar 0.6299 f1 0.6240
2025-12-27 12:23:42,656 - utils.logger2025-12-27-12.22.27 - INFO - Tst result of epoch 7 / 40 acc 0.6607 uar 0.6542 f1 0.6520
2025-12-27 12:23:45,237 - utils.logger2025-12-27-12.22.27 - INFO - Cur epoch 8 loss CE:0.5649 mse:0.0089 consistent:0.0000
2025-12-27 12:23:48,953 - utils.logger2025-12-27-12.22.27 - INFO - saving the model at the end of epoch 8, iters 1080
2025-12-27 12:23:49,049 - utils.logger2025-12-27-12.22.27 - INFO - End of training epoch 8 / 40 	 Time Taken: 6 sec
2025-12-27 12:23:49,049 - utils.logger2025-12-27-12.22.27 - INFO - learning rate = 0.0002000
2025-12-27 12:23:50,564 - utils.logger2025-12-27-12.22.27 - INFO - Val result of epoch 8 / 40 acc 0.6249 uar 0.6350 f1 0.6116
2025-12-27 12:23:51,878 - utils.logger2025-12-27-12.22.27 - INFO - Tst result of epoch 8 / 40 acc 0.6672 uar 0.6675 f1 0.6608
2025-12-27 12:23:52,736 - utils.logger2025-12-27-12.22.27 - INFO - Cur epoch 9 loss CE:0.9386 mse:0.0132 consistent:0.0000
2025-12-27 12:23:57,368 - utils.logger2025-12-27-12.22.27 - INFO - Cur epoch 9 loss CE:0.6656 mse:0.0137 consistent:0.0000
2025-12-27 12:23:58,013 - utils.logger2025-12-27-12.22.27 - INFO - saving the model at the end of epoch 9, iters 1215
2025-12-27 12:23:58,112 - utils.logger2025-12-27-12.22.27 - INFO - End of training epoch 9 / 40 	 Time Taken: 6 sec
2025-12-27 12:23:58,112 - utils.logger2025-12-27-12.22.27 - INFO - learning rate = 0.0002000
2025-12-27 12:23:59,625 - utils.logger2025-12-27-12.22.27 - INFO - Val result of epoch 9 / 40 acc 0.6042 uar 0.6115 f1 0.5951
2025-12-27 12:24:00,969 - utils.logger2025-12-27-12.22.27 - INFO - Tst result of epoch 9 / 40 acc 0.6418 uar 0.6457 f1 0.6386
2025-12-27 12:24:04,050 - utils.logger2025-12-27-12.22.27 - INFO - Cur epoch 10 loss CE:0.4262 mse:0.0097 consistent:0.0000
2025-12-27 12:24:05,859 - utils.logger2025-12-27-12.22.27 - INFO - saving the model at the end of epoch 10, iters 1350
2025-12-27 12:24:05,952 - utils.logger2025-12-27-12.22.27 - INFO - End of training epoch 10 / 40 	 Time Taken: 4 sec
2025-12-27 12:24:05,953 - utils.logger2025-12-27-12.22.27 - INFO - learning rate = 0.0002000
2025-12-27 12:24:07,470 - utils.logger2025-12-27-12.22.27 - INFO - Val result of epoch 10 / 40 acc 0.6429 uar 0.6297 f1 0.6227
2025-12-27 12:24:08,778 - utils.logger2025-12-27-12.22.27 - INFO - Tst result of epoch 10 / 40 acc 0.6678 uar 0.6617 f1 0.6592
2025-12-27 12:24:10,921 - utils.logger2025-12-27-12.22.27 - INFO - Cur epoch 11 loss CE:0.7077 mse:0.0099 consistent:0.0000
2025-12-27 12:24:14,761 - utils.logger2025-12-27-12.22.27 - INFO - saving the model at the end of epoch 11, iters 1485
2025-12-27 12:24:14,859 - utils.logger2025-12-27-12.22.27 - INFO - End of training epoch 11 / 40 	 Time Taken: 6 sec
2025-12-27 12:24:14,859 - utils.logger2025-12-27-12.22.27 - INFO - learning rate = 0.0002000
2025-12-27 12:24:16,327 - utils.logger2025-12-27-12.22.27 - INFO - Val result of epoch 11 / 40 acc 0.6367 uar 0.6326 f1 0.6223
2025-12-27 12:24:17,641 - utils.logger2025-12-27-12.22.27 - INFO - Tst result of epoch 11 / 40 acc 0.6528 uar 0.6280 f1 0.6420
2025-12-27 12:24:18,255 - utils.logger2025-12-27-12.22.27 - INFO - Cur epoch 12 loss CE:0.3919 mse:0.0115 consistent:0.0000
2025-12-27 12:24:22,887 - utils.logger2025-12-27-12.22.27 - INFO - Cur epoch 12 loss CE:0.4682 mse:0.0102 consistent:0.0000
2025-12-27 12:24:23,872 - utils.logger2025-12-27-12.22.27 - INFO - saving the model at the end of epoch 12, iters 1620
2025-12-27 12:24:23,968 - utils.logger2025-12-27-12.22.27 - INFO - End of training epoch 12 / 40 	 Time Taken: 6 sec
2025-12-27 12:24:23,968 - utils.logger2025-12-27-12.22.27 - INFO - learning rate = 0.0002000
2025-12-27 12:24:25,416 - utils.logger2025-12-27-12.22.27 - INFO - Val result of epoch 12 / 40 acc 0.6352 uar 0.6010 f1 0.6066
2025-12-27 12:24:26,683 - utils.logger2025-12-27-12.22.27 - INFO - Tst result of epoch 12 / 40 acc 0.6398 uar 0.6261 f1 0.6277
2025-12-27 12:24:30,452 - utils.logger2025-12-27-12.22.27 - INFO - Cur epoch 13 loss CE:0.2084 mse:0.0104 consistent:0.0000
2025-12-27 12:24:33,150 - utils.logger2025-12-27-12.22.27 - INFO - saving the model at the end of epoch 13, iters 1755
2025-12-27 12:24:33,246 - utils.logger2025-12-27-12.22.27 - INFO - End of training epoch 13 / 40 	 Time Taken: 6 sec
2025-12-27 12:24:33,246 - utils.logger2025-12-27-12.22.27 - INFO - learning rate = 0.0002000
2025-12-27 12:24:34,719 - utils.logger2025-12-27-12.22.27 - INFO - Val result of epoch 13 / 40 acc 0.6057 uar 0.6045 f1 0.5864
2025-12-27 12:24:36,022 - utils.logger2025-12-27-12.22.27 - INFO - Tst result of epoch 13 / 40 acc 0.6299 uar 0.6466 f1 0.6273
2025-12-27 12:24:37,785 - utils.logger2025-12-27-12.22.27 - INFO - Cur epoch 14 loss CE:0.5739 mse:0.0113 consistent:0.0000
2025-12-27 12:24:42,134 - utils.logger2025-12-27-12.22.27 - INFO - saving the model at the end of epoch 14, iters 1890
2025-12-27 12:24:42,228 - utils.logger2025-12-27-12.22.27 - INFO - End of training epoch 14 / 40 	 Time Taken: 6 sec
2025-12-27 12:24:42,229 - utils.logger2025-12-27-12.22.27 - INFO - learning rate = 0.0002000
2025-12-27 12:24:43,688 - utils.logger2025-12-27-12.22.27 - INFO - Val result of epoch 14 / 40 acc 0.6347 uar 0.5928 f1 0.6008
2025-12-27 12:24:44,996 - utils.logger2025-12-27-12.22.27 - INFO - Tst result of epoch 14 / 40 acc 0.6523 uar 0.6125 f1 0.6284
2025-12-27 12:24:45,416 - utils.logger2025-12-27-12.22.27 - INFO - Cur epoch 15 loss CE:0.6299 mse:0.0109 consistent:0.0000
2025-12-27 12:24:50,171 - utils.logger2025-12-27-12.22.27 - INFO - Cur epoch 15 loss CE:0.6643 mse:0.0104 consistent:0.0000
2025-12-27 12:24:51,324 - utils.logger2025-12-27-12.22.27 - INFO - saving the model at the end of epoch 15, iters 2025
2025-12-27 12:24:51,421 - utils.logger2025-12-27-12.22.27 - INFO - End of training epoch 15 / 40 	 Time Taken: 6 sec
2025-12-27 12:24:51,421 - utils.logger2025-12-27-12.22.27 - INFO - learning rate = 0.0002000
2025-12-27 12:24:52,902 - utils.logger2025-12-27-12.22.27 - INFO - Val result of epoch 15 / 40 acc 0.6370 uar 0.6267 f1 0.6197
2025-12-27 12:24:54,198 - utils.logger2025-12-27-12.22.27 - INFO - Tst result of epoch 15 / 40 acc 0.6573 uar 0.6481 f1 0.6467
2025-12-27 12:24:57,672 - utils.logger2025-12-27-12.22.27 - INFO - Cur epoch 16 loss CE:0.7050 mse:0.0107 consistent:0.0000
2025-12-27 12:25:00,567 - utils.logger2025-12-27-12.22.27 - INFO - saving the model at the end of epoch 16, iters 2160
2025-12-27 12:25:00,665 - utils.logger2025-12-27-12.22.27 - INFO - End of training epoch 16 / 40 	 Time Taken: 6 sec
2025-12-27 12:25:00,665 - utils.logger2025-12-27-12.22.27 - INFO - learning rate = 0.0002000
2025-12-27 12:25:02,127 - utils.logger2025-12-27-12.22.27 - INFO - Val result of epoch 16 / 40 acc 0.6062 uar 0.5928 f1 0.5961
2025-12-27 12:25:03,394 - utils.logger2025-12-27-12.22.27 - INFO - Tst result of epoch 16 / 40 acc 0.6517 uar 0.6225 f1 0.6384
2025-12-27 12:25:05,184 - utils.logger2025-12-27-12.22.27 - INFO - Cur epoch 17 loss CE:0.4289 mse:0.0093 consistent:0.0000
2025-12-27 12:25:08,669 - utils.logger2025-12-27-12.22.27 - INFO - saving the model at the end of epoch 17, iters 2295
2025-12-27 12:25:08,758 - utils.logger2025-12-27-12.22.27 - INFO - End of training epoch 17 / 40 	 Time Taken: 5 sec
2025-12-27 12:25:08,758 - utils.logger2025-12-27-12.22.27 - INFO - learning rate = 0.0002000
2025-12-27 12:25:10,180 - utils.logger2025-12-27-12.22.27 - INFO - Val result of epoch 17 / 40 acc 0.6377 uar 0.6285 f1 0.6174
2025-12-27 12:25:11,482 - utils.logger2025-12-27-12.22.27 - INFO - Tst result of epoch 17 / 40 acc 0.6466 uar 0.6503 f1 0.6400
2025-12-27 12:25:11,685 - utils.logger2025-12-27-12.22.27 - INFO - Cur epoch 18 loss CE:0.4629 mse:0.0089 consistent:0.0000
2025-12-27 12:25:16,359 - utils.logger2025-12-27-12.22.27 - INFO - Cur epoch 18 loss CE:0.3654 mse:0.0103 consistent:0.0000
2025-12-27 12:25:17,738 - utils.logger2025-12-27-12.22.27 - INFO - saving the model at the end of epoch 18, iters 2430
2025-12-27 12:25:17,832 - utils.logger2025-12-27-12.22.27 - INFO - End of training epoch 18 / 40 	 Time Taken: 6 sec
2025-12-27 12:25:17,832 - utils.logger2025-12-27-12.22.27 - INFO - learning rate = 0.0002000
2025-12-27 12:25:19,294 - utils.logger2025-12-27-12.22.27 - INFO - Val result of epoch 18 / 40 acc 0.6559 uar 0.6370 f1 0.6351
2025-12-27 12:25:20,592 - utils.logger2025-12-27-12.22.27 - INFO - Tst result of epoch 18 / 40 acc 0.6503 uar 0.6312 f1 0.6381
2025-12-27 12:25:23,808 - utils.logger2025-12-27-12.22.27 - INFO - Cur epoch 19 loss CE:0.2824 mse:0.0085 consistent:0.0000
2025-12-27 12:25:26,915 - utils.logger2025-12-27-12.22.27 - INFO - saving the model at the end of epoch 19, iters 2565
2025-12-27 12:25:27,011 - utils.logger2025-12-27-12.22.27 - INFO - End of training epoch 19 / 40 	 Time Taken: 6 sec
2025-12-27 12:25:27,011 - utils.logger2025-12-27-12.22.27 - INFO - learning rate = 0.0002000
2025-12-27 12:25:28,469 - utils.logger2025-12-27-12.22.27 - INFO - Val result of epoch 19 / 40 acc 0.6150 uar 0.5801 f1 0.5910
2025-12-27 12:25:29,751 - utils.logger2025-12-27-12.22.27 - INFO - Tst result of epoch 19 / 40 acc 0.6390 uar 0.6006 f1 0.6161
2025-12-27 12:25:31,281 - utils.logger2025-12-27-12.22.27 - INFO - Cur epoch 20 loss CE:0.4383 mse:0.0133 consistent:0.0000
2025-12-27 12:25:36,128 - utils.logger2025-12-27-12.22.27 - INFO - Cur epoch 20 loss CE:0.3289 mse:0.0058 consistent:0.0000
2025-12-27 12:25:36,128 - utils.logger2025-12-27-12.22.27 - INFO - saving the model at the end of epoch 20, iters 2700
2025-12-27 12:25:36,229 - utils.logger2025-12-27-12.22.27 - INFO - End of training epoch 20 / 40 	 Time Taken: 6 sec
2025-12-27 12:25:36,230 - utils.logger2025-12-27-12.22.27 - INFO - learning rate = 0.0001905
2025-12-27 12:25:37,679 - utils.logger2025-12-27-12.22.27 - INFO - Val result of epoch 20 / 40 acc 0.6362 uar 0.6217 f1 0.6158
2025-12-27 12:25:38,970 - utils.logger2025-12-27-12.22.27 - INFO - Tst result of epoch 20 / 40 acc 0.6316 uar 0.6427 f1 0.6285
2025-12-27 12:25:43,657 - utils.logger2025-12-27-12.22.27 - INFO - Cur epoch 21 loss CE:0.3945 mse:0.0128 consistent:0.0000
2025-12-27 12:25:45,343 - utils.logger2025-12-27-12.22.27 - INFO - saving the model at the end of epoch 21, iters 2835
2025-12-27 12:25:45,437 - utils.logger2025-12-27-12.22.27 - INFO - End of training epoch 21 / 40 	 Time Taken: 6 sec
2025-12-27 12:25:45,437 - utils.logger2025-12-27-12.22.27 - INFO - learning rate = 0.0001810
2025-12-27 12:25:46,932 - utils.logger2025-12-27-12.22.27 - INFO - Val result of epoch 21 / 40 acc 0.6183 uar 0.6222 f1 0.6119
2025-12-27 12:25:48,245 - utils.logger2025-12-27-12.22.27 - INFO - Tst result of epoch 21 / 40 acc 0.6525 uar 0.6354 f1 0.6412
2025-12-27 12:25:51,179 - utils.logger2025-12-27-12.22.27 - INFO - Cur epoch 22 loss CE:0.4721 mse:0.0115 consistent:0.0000
2025-12-27 12:25:54,505 - utils.logger2025-12-27-12.22.27 - INFO - saving the model at the end of epoch 22, iters 2970
2025-12-27 12:25:54,600 - utils.logger2025-12-27-12.22.27 - INFO - End of training epoch 22 / 40 	 Time Taken: 6 sec
2025-12-27 12:25:54,600 - utils.logger2025-12-27-12.22.27 - INFO - learning rate = 0.0001714
2025-12-27 12:25:56,295 - utils.logger2025-12-27-12.22.27 - INFO - Val result of epoch 22 / 40 acc 0.6459 uar 0.6256 f1 0.6239
2025-12-27 12:25:57,643 - utils.logger2025-12-27-12.22.27 - INFO - Tst result of epoch 22 / 40 acc 0.6469 uar 0.6392 f1 0.6343
2025-12-27 12:25:58,960 - utils.logger2025-12-27-12.22.27 - INFO - Cur epoch 23 loss CE:0.2676 mse:0.0101 consistent:0.0000
2025-12-27 12:26:03,635 - utils.logger2025-12-27-12.22.27 - INFO - Cur epoch 23 loss CE:0.4932 mse:0.0082 consistent:0.0000
2025-12-27 12:26:03,847 - utils.logger2025-12-27-12.22.27 - INFO - saving the model at the end of epoch 23, iters 3105
2025-12-27 12:26:03,943 - utils.logger2025-12-27-12.22.27 - INFO - End of training epoch 23 / 40 	 Time Taken: 6 sec
2025-12-27 12:26:03,943 - utils.logger2025-12-27-12.22.27 - INFO - learning rate = 0.0001619
2025-12-27 12:26:05,450 - utils.logger2025-12-27-12.22.27 - INFO - Val result of epoch 23 / 40 acc 0.6480 uar 0.6388 f1 0.6318
2025-12-27 12:26:06,766 - utils.logger2025-12-27-12.22.27 - INFO - Tst result of epoch 23 / 40 acc 0.6483 uar 0.6435 f1 0.6403
2025-12-27 12:26:11,050 - utils.logger2025-12-27-12.22.27 - INFO - Cur epoch 24 loss CE:0.4975 mse:0.0090 consistent:0.0000
2025-12-27 12:26:12,912 - utils.logger2025-12-27-12.22.27 - INFO - saving the model at the end of epoch 24, iters 3240
2025-12-27 12:26:13,013 - utils.logger2025-12-27-12.22.27 - INFO - End of training epoch 24 / 40 	 Time Taken: 6 sec
2025-12-27 12:26:13,013 - utils.logger2025-12-27-12.22.27 - INFO - learning rate = 0.0001524
2025-12-27 12:26:14,562 - utils.logger2025-12-27-12.22.27 - INFO - Val result of epoch 24 / 40 acc 0.6444 uar 0.6157 f1 0.6177
2025-12-27 12:26:15,860 - utils.logger2025-12-27-12.22.27 - INFO - Tst result of epoch 24 / 40 acc 0.6381 uar 0.6314 f1 0.6319
2025-12-27 12:26:18,702 - utils.logger2025-12-27-12.22.27 - INFO - Cur epoch 25 loss CE:0.2223 mse:0.0085 consistent:0.0000
2025-12-27 12:26:22,388 - utils.logger2025-12-27-12.22.27 - INFO - saving the model at the end of epoch 25, iters 3375
2025-12-27 12:26:22,488 - utils.logger2025-12-27-12.22.27 - INFO - End of training epoch 25 / 40 	 Time Taken: 6 sec
2025-12-27 12:26:22,488 - utils.logger2025-12-27-12.22.27 - INFO - learning rate = 0.0001429
2025-12-27 12:26:23,994 - utils.logger2025-12-27-12.22.27 - INFO - Val result of epoch 25 / 40 acc 0.6559 uar 0.6274 f1 0.6321
2025-12-27 12:26:25,332 - utils.logger2025-12-27-12.22.27 - INFO - Tst result of epoch 25 / 40 acc 0.6460 uar 0.6448 f1 0.6401
2025-12-27 12:26:26,484 - utils.logger2025-12-27-12.22.27 - INFO - Cur epoch 26 loss CE:0.2113 mse:0.0085 consistent:0.0000
2025-12-27 12:26:31,385 - utils.logger2025-12-27-12.22.27 - INFO - Cur epoch 26 loss CE:0.5668 mse:0.0078 consistent:0.0000
2025-12-27 12:26:31,883 - utils.logger2025-12-27-12.22.27 - INFO - saving the model at the end of epoch 26, iters 3510
2025-12-27 12:26:32,013 - utils.logger2025-12-27-12.22.27 - INFO - End of training epoch 26 / 40 	 Time Taken: 6 sec
2025-12-27 12:26:32,013 - utils.logger2025-12-27-12.22.27 - INFO - learning rate = 0.0001333
2025-12-27 12:26:33,688 - utils.logger2025-12-27-12.22.27 - INFO - Val result of epoch 26 / 40 acc 0.6385 uar 0.6183 f1 0.6188
2025-12-27 12:26:34,998 - utils.logger2025-12-27-12.22.27 - INFO - Tst result of epoch 26 / 40 acc 0.6511 uar 0.6479 f1 0.6418
2025-12-27 12:26:39,272 - utils.logger2025-12-27-12.22.27 - INFO - Cur epoch 27 loss CE:0.3184 mse:0.0070 consistent:0.0000
2025-12-27 12:26:41,523 - utils.logger2025-12-27-12.22.27 - INFO - saving the model at the end of epoch 27, iters 3645
2025-12-27 12:26:41,641 - utils.logger2025-12-27-12.22.27 - INFO - End of training epoch 27 / 40 	 Time Taken: 6 sec
2025-12-27 12:26:41,641 - utils.logger2025-12-27-12.22.27 - INFO - learning rate = 0.0001238
2025-12-27 12:26:43,207 - utils.logger2025-12-27-12.22.27 - INFO - Val result of epoch 27 / 40 acc 0.6339 uar 0.6343 f1 0.6236
2025-12-27 12:26:44,475 - utils.logger2025-12-27-12.22.27 - INFO - Tst result of epoch 27 / 40 acc 0.6503 uar 0.6461 f1 0.6424
2025-12-27 12:26:46,943 - utils.logger2025-12-27-12.22.27 - INFO - Cur epoch 28 loss CE:0.2292 mse:0.0073 consistent:0.0000
2025-12-27 12:26:50,994 - utils.logger2025-12-27-12.22.27 - INFO - saving the model at the end of epoch 28, iters 3780
2025-12-27 12:26:51,108 - utils.logger2025-12-27-12.22.27 - INFO - End of training epoch 28 / 40 	 Time Taken: 6 sec
2025-12-27 12:26:51,109 - utils.logger2025-12-27-12.22.27 - INFO - learning rate = 0.0001143
2025-12-27 12:26:52,878 - utils.logger2025-12-27-12.22.27 - INFO - Val result of epoch 28 / 40 acc 0.6290 uar 0.6281 f1 0.6142
2025-12-27 12:26:54,174 - utils.logger2025-12-27-12.22.27 - INFO - Tst result of epoch 28 / 40 acc 0.6480 uar 0.6520 f1 0.6409
2025-12-27 12:26:54,840 - utils.logger2025-12-27-12.22.27 - INFO - Cur epoch 29 loss CE:0.3559 mse:0.0111 consistent:0.0000
2025-12-27 12:26:58,348 - utils.logger2025-12-27-12.22.27 - INFO - Cur epoch 29 loss CE:0.4573 mse:0.0104 consistent:0.0000
2025-12-27 12:26:58,880 - utils.logger2025-12-27-12.22.27 - INFO - saving the model at the end of epoch 29, iters 3915
2025-12-27 12:26:58,974 - utils.logger2025-12-27-12.22.27 - INFO - End of training epoch 29 / 40 	 Time Taken: 4 sec
2025-12-27 12:26:58,974 - utils.logger2025-12-27-12.22.27 - INFO - learning rate = 0.0001048
2025-12-27 12:27:00,528 - utils.logger2025-12-27-12.22.27 - INFO - Val result of epoch 29 / 40 acc 0.6429 uar 0.6375 f1 0.6276
2025-12-27 12:27:02,099 - utils.logger2025-12-27-12.22.27 - INFO - Tst result of epoch 29 / 40 acc 0.6559 uar 0.6527 f1 0.6498
2025-12-27 12:27:05,918 - utils.logger2025-12-27-12.22.27 - INFO - Cur epoch 30 loss CE:0.2096 mse:0.0106 consistent:0.0000
2025-12-27 12:27:08,384 - utils.logger2025-12-27-12.22.27 - INFO - saving the model at the end of epoch 30, iters 4050
2025-12-27 12:27:08,503 - utils.logger2025-12-27-12.22.27 - INFO - End of training epoch 30 / 40 	 Time Taken: 6 sec
2025-12-27 12:27:08,504 - utils.logger2025-12-27-12.22.27 - INFO - learning rate = 0.0000952
2025-12-27 12:27:10,014 - utils.logger2025-12-27-12.22.27 - INFO - Val result of epoch 30 / 40 acc 0.6434 uar 0.6282 f1 0.6236
2025-12-27 12:27:11,287 - utils.logger2025-12-27-12.22.27 - INFO - Tst result of epoch 30 / 40 acc 0.6531 uar 0.6543 f1 0.6461
2025-12-27 12:27:13,016 - utils.logger2025-12-27-12.22.27 - INFO - Cur epoch 31 loss CE:0.3325 mse:0.0076 consistent:0.0000
2025-12-27 12:27:16,998 - utils.logger2025-12-27-12.22.27 - INFO - saving the model at the end of epoch 31, iters 4185
2025-12-27 12:27:17,094 - utils.logger2025-12-27-12.22.27 - INFO - End of training epoch 31 / 40 	 Time Taken: 5 sec
2025-12-27 12:27:17,094 - utils.logger2025-12-27-12.22.27 - INFO - learning rate = 0.0000857
2025-12-27 12:27:18,574 - utils.logger2025-12-27-12.22.27 - INFO - Val result of epoch 31 / 40 acc 0.6249 uar 0.6126 f1 0.6065
2025-12-27 12:27:19,864 - utils.logger2025-12-27-12.22.27 - INFO - Tst result of epoch 31 / 40 acc 0.6540 uar 0.6513 f1 0.6490
2025-12-27 12:27:20,496 - utils.logger2025-12-27-12.22.27 - INFO - Cur epoch 32 loss CE:0.3649 mse:0.0072 consistent:0.0000
2025-12-27 12:27:25,317 - utils.logger2025-12-27-12.22.27 - INFO - Cur epoch 32 loss CE:0.1182 mse:0.0079 consistent:0.0000
2025-12-27 12:27:26,265 - utils.logger2025-12-27-12.22.27 - INFO - saving the model at the end of epoch 32, iters 4320
2025-12-27 12:27:26,358 - utils.logger2025-12-27-12.22.27 - INFO - End of training epoch 32 / 40 	 Time Taken: 6 sec
2025-12-27 12:27:26,359 - utils.logger2025-12-27-12.22.27 - INFO - learning rate = 0.0000762
2025-12-27 12:27:27,783 - utils.logger2025-12-27-12.22.27 - INFO - Val result of epoch 32 / 40 acc 0.6406 uar 0.6377 f1 0.6268
2025-12-27 12:27:29,044 - utils.logger2025-12-27-12.22.27 - INFO - Tst result of epoch 32 / 40 acc 0.6506 uar 0.6482 f1 0.6426
2025-12-27 12:27:32,804 - utils.logger2025-12-27-12.22.27 - INFO - Cur epoch 33 loss CE:0.2018 mse:0.0058 consistent:0.0000
2025-12-27 12:27:35,387 - utils.logger2025-12-27-12.22.27 - INFO - saving the model at the end of epoch 33, iters 4455
2025-12-27 12:27:35,475 - utils.logger2025-12-27-12.22.27 - INFO - End of training epoch 33 / 40 	 Time Taken: 6 sec
2025-12-27 12:27:35,475 - utils.logger2025-12-27-12.22.27 - INFO - learning rate = 0.0000667
2025-12-27 12:27:37,103 - utils.logger2025-12-27-12.22.27 - INFO - Val result of epoch 33 / 40 acc 0.6400 uar 0.6311 f1 0.6261
2025-12-27 12:27:38,786 - utils.logger2025-12-27-12.22.27 - INFO - Tst result of epoch 33 / 40 acc 0.6449 uar 0.6365 f1 0.6368
2025-12-27 12:27:40,947 - utils.logger2025-12-27-12.22.27 - INFO - Cur epoch 34 loss CE:0.2493 mse:0.0091 consistent:0.0000
2025-12-27 12:27:45,325 - utils.logger2025-12-27-12.22.27 - INFO - saving the model at the end of epoch 34, iters 4590
2025-12-27 12:27:45,452 - utils.logger2025-12-27-12.22.27 - INFO - End of training epoch 34 / 40 	 Time Taken: 6 sec
2025-12-27 12:27:45,452 - utils.logger2025-12-27-12.22.27 - INFO - learning rate = 0.0000571
2025-12-27 12:27:46,897 - utils.logger2025-12-27-12.22.27 - INFO - Val result of epoch 34 / 40 acc 0.6454 uar 0.6277 f1 0.6261
2025-12-27 12:27:48,179 - utils.logger2025-12-27-12.22.27 - INFO - Tst result of epoch 34 / 40 acc 0.6424 uar 0.6348 f1 0.6353
2025-12-27 12:27:48,603 - utils.logger2025-12-27-12.22.27 - INFO - Cur epoch 35 loss CE:0.3839 mse:0.0075 consistent:0.0000
2025-12-27 12:27:53,365 - utils.logger2025-12-27-12.22.27 - INFO - Cur epoch 35 loss CE:0.0579 mse:0.0101 consistent:0.0000
2025-12-27 12:27:54,577 - utils.logger2025-12-27-12.22.27 - INFO - saving the model at the end of epoch 35, iters 4725
2025-12-27 12:27:54,670 - utils.logger2025-12-27-12.22.27 - INFO - End of training epoch 35 / 40 	 Time Taken: 6 sec
2025-12-27 12:27:54,671 - utils.logger2025-12-27-12.22.27 - INFO - learning rate = 0.0000476
2025-12-27 12:27:56,142 - utils.logger2025-12-27-12.22.27 - INFO - Val result of epoch 35 / 40 acc 0.6429 uar 0.6200 f1 0.6196
2025-12-27 12:27:57,434 - utils.logger2025-12-27-12.22.27 - INFO - Tst result of epoch 35 / 40 acc 0.6455 uar 0.6400 f1 0.6385
2025-12-27 12:28:00,881 - utils.logger2025-12-27-12.22.27 - INFO - Cur epoch 36 loss CE:0.2085 mse:0.0074 consistent:0.0000
2025-12-27 12:28:03,597 - utils.logger2025-12-27-12.22.27 - INFO - saving the model at the end of epoch 36, iters 4860
2025-12-27 12:28:03,699 - utils.logger2025-12-27-12.22.27 - INFO - End of training epoch 36 / 40 	 Time Taken: 6 sec
2025-12-27 12:28:03,699 - utils.logger2025-12-27-12.22.27 - INFO - learning rate = 0.0000381
2025-12-27 12:28:05,127 - utils.logger2025-12-27-12.22.27 - INFO - Val result of epoch 36 / 40 acc 0.6280 uar 0.6222 f1 0.6176
2025-12-27 12:28:06,398 - utils.logger2025-12-27-12.22.27 - INFO - Tst result of epoch 36 / 40 acc 0.6582 uar 0.6450 f1 0.6494
2025-12-27 12:28:08,210 - utils.logger2025-12-27-12.22.27 - INFO - Cur epoch 37 loss CE:0.2284 mse:0.0070 consistent:0.0000
2025-12-27 12:28:12,742 - utils.logger2025-12-27-12.22.27 - INFO - saving the model at the end of epoch 37, iters 4995
2025-12-27 12:28:12,837 - utils.logger2025-12-27-12.22.27 - INFO - End of training epoch 37 / 40 	 Time Taken: 6 sec
2025-12-27 12:28:12,837 - utils.logger2025-12-27-12.22.27 - INFO - learning rate = 0.0000286
2025-12-27 12:28:14,293 - utils.logger2025-12-27-12.22.27 - INFO - Val result of epoch 37 / 40 acc 0.6375 uar 0.6211 f1 0.6191
2025-12-27 12:28:15,592 - utils.logger2025-12-27-12.22.27 - INFO - Tst result of epoch 37 / 40 acc 0.6458 uar 0.6400 f1 0.6379
2025-12-27 12:28:15,803 - utils.logger2025-12-27-12.22.27 - INFO - Cur epoch 38 loss CE:0.1831 mse:0.0087 consistent:0.0000
2025-12-27 12:28:20,492 - utils.logger2025-12-27-12.22.27 - INFO - Cur epoch 38 loss CE:0.4362 mse:0.0065 consistent:0.0000
2025-12-27 12:28:21,940 - utils.logger2025-12-27-12.22.27 - INFO - saving the model at the end of epoch 38, iters 5130
2025-12-27 12:28:22,037 - utils.logger2025-12-27-12.22.27 - INFO - End of training epoch 38 / 40 	 Time Taken: 6 sec
2025-12-27 12:28:22,037 - utils.logger2025-12-27-12.22.27 - INFO - learning rate = 0.0000190
2025-12-27 12:28:23,523 - utils.logger2025-12-27-12.22.27 - INFO - Val result of epoch 38 / 40 acc 0.6436 uar 0.6292 f1 0.6267
2025-12-27 12:28:24,829 - utils.logger2025-12-27-12.22.27 - INFO - Tst result of epoch 38 / 40 acc 0.6500 uar 0.6430 f1 0.6430
2025-12-27 12:28:28,174 - utils.logger2025-12-27-12.22.27 - INFO - Cur epoch 39 loss CE:0.0560 mse:0.0075 consistent:0.0000
2025-12-27 12:28:31,382 - utils.logger2025-12-27-12.22.27 - INFO - saving the model at the end of epoch 39, iters 5265
2025-12-27 12:28:31,482 - utils.logger2025-12-27-12.22.27 - INFO - End of training epoch 39 / 40 	 Time Taken: 6 sec
2025-12-27 12:28:31,482 - utils.logger2025-12-27-12.22.27 - INFO - learning rate = 0.0000095
2025-12-27 12:28:32,985 - utils.logger2025-12-27-12.22.27 - INFO - Val result of epoch 39 / 40 acc 0.6359 uar 0.6276 f1 0.6230
2025-12-27 12:28:34,363 - utils.logger2025-12-27-12.22.27 - INFO - Tst result of epoch 39 / 40 acc 0.6508 uar 0.6436 f1 0.6438
2025-12-27 12:28:35,833 - utils.logger2025-12-27-12.22.27 - INFO - Cur epoch 40 loss CE:0.2016 mse:0.0079 consistent:0.0000
2025-12-27 12:28:40,507 - utils.logger2025-12-27-12.22.27 - INFO - Cur epoch 40 loss CE:0.2987 mse:0.0050 consistent:0.0000
2025-12-27 12:28:40,508 - utils.logger2025-12-27-12.22.27 - INFO - saving the model at the end of epoch 40, iters 5400
2025-12-27 12:28:40,609 - utils.logger2025-12-27-12.22.27 - INFO - End of training epoch 40 / 40 	 Time Taken: 6 sec
2025-12-27 12:28:40,609 - utils.logger2025-12-27-12.22.27 - INFO - learning rate = 0.0000000
2025-12-27 12:28:42,092 - utils.logger2025-12-27-12.22.27 - INFO - Val result of epoch 40 / 40 acc 0.6416 uar 0.6332 f1 0.6268
2025-12-27 12:28:43,397 - utils.logger2025-12-27-12.22.27 - INFO - Tst result of epoch 40 / 40 acc 0.6486 uar 0.6467 f1 0.6436
2025-12-27 12:28:43,397 - utils.logger2025-12-27-12.22.27 - INFO - Best eval epoch 8 found with uar 0.667461
2025-12-27 12:28:43,397 - utils.logger2025-12-27-12.22.27 - INFO - Loading best model found on val set: epoch-8
2025-12-27 12:28:46,217 - utils.logger2025-12-27-12.22.27 - INFO - Tst result acc 0.6672 uar 0.6675 f1 0.6608
