2025-12-23 10:34:17,986 - utils.logger2025-12-23-10.34.17 - INFO - The number of training samples = 3382
2025-12-23 10:34:19,384 - utils.logger2025-12-23-10.34.17 - INFO - Cur epoch 1 loss TA:1.0257 TV:1.0291 VA:2.0429 CE:1.5204
2025-12-23 10:34:19,783 - utils.logger2025-12-23-10.34.17 - INFO - Cur epoch 1 loss TA:0.9999 TV:0.9972 VA:1.8820 CE:1.3287
2025-12-23 10:34:20,169 - utils.logger2025-12-23-10.34.17 - INFO - Cur epoch 1 loss TA:0.9757 TV:0.9777 VA:1.7607 CE:1.3588
2025-12-23 10:34:20,552 - utils.logger2025-12-23-10.34.17 - INFO - Cur epoch 1 loss TA:0.9728 TV:0.9733 VA:1.8017 CE:1.3258
2025-12-23 10:34:20,976 - utils.logger2025-12-23-10.34.17 - INFO - Cur epoch 1 loss TA:0.9173 TV:0.9123 VA:1.6786 CE:1.2197
2025-12-23 10:34:21,160 - utils.logger2025-12-23-10.34.17 - INFO - saving the model at the end of epoch 1, iters 53
2025-12-23 10:34:21,263 - utils.logger2025-12-23-10.34.17 - INFO - End of training epoch 1 / 40 	 Time Taken: 3 sec
2025-12-23 10:34:21,263 - utils.logger2025-12-23-10.34.17 - INFO - learning rate = 0.0005000
2025-12-23 10:34:21,645 - utils.logger2025-12-23-10.34.17 - INFO - Val result of epoch 1 / 40 acc 0.5271 uar 0.3683 f1 0.3356
2025-12-23 10:34:21,646 - utils.logger2025-12-23-10.34.17 - INFO - 
[[ 2 10 13  0]
 [ 0 34 24  0]
 [ 0 17 71  0]
 [ 0  0 32  0]]
2025-12-23 10:34:21,974 - utils.logger2025-12-23-10.34.17 - INFO - Tst result of epoch 1 / 40 acc 0.4957 uar 0.3613 f1 0.2991
2025-12-23 10:34:21,974 - utils.logger2025-12-23-10.34.17 - INFO - 
[[ 1 20  6  0]
 [ 0 78  4  0]
 [ 0 44 37  0]
 [ 0 18 26  0]]
2025-12-23 10:34:22,532 - utils.logger2025-12-23-10.34.17 - INFO - Cur epoch 2 loss TA:0.9051 TV:0.9052 VA:1.6152 CE:0.9828
2025-12-23 10:34:23,079 - utils.logger2025-12-23-10.34.17 - INFO - Cur epoch 2 loss TA:0.9068 TV:0.9279 VA:1.5866 CE:0.9051
2025-12-23 10:34:23,580 - utils.logger2025-12-23-10.34.17 - INFO - Cur epoch 2 loss TA:0.9243 TV:0.9280 VA:1.5899 CE:1.1631
2025-12-23 10:34:24,049 - utils.logger2025-12-23-10.34.17 - INFO - Cur epoch 2 loss TA:0.8914 TV:0.8937 VA:1.5748 CE:0.9304
2025-12-23 10:34:24,505 - utils.logger2025-12-23-10.34.17 - INFO - Cur epoch 2 loss TA:0.9087 TV:0.9087 VA:1.4490 CE:1.0333
2025-12-23 10:34:24,851 - utils.logger2025-12-23-10.34.17 - INFO - saving the model at the end of epoch 2, iters 106
2025-12-23 10:34:24,968 - utils.logger2025-12-23-10.34.17 - INFO - End of training epoch 2 / 40 	 Time Taken: 2 sec
2025-12-23 10:34:24,969 - utils.logger2025-12-23-10.34.17 - INFO - learning rate = 0.0005000
2025-12-23 10:34:25,470 - utils.logger2025-12-23-10.34.17 - INFO - Val result of epoch 2 / 40 acc 0.6059 uar 0.5453 f1 0.4805
2025-12-23 10:34:25,471 - utils.logger2025-12-23-10.34.17 - INFO - 
[[21  0  4  0]
 [ 4 31 23  0]
 [11  6 71  0]
 [11  0 21  0]]
2025-12-23 10:34:26,068 - utils.logger2025-12-23-10.34.17 - INFO - Tst result of epoch 2 / 40 acc 0.5085 uar 0.4137 f1 0.3796
2025-12-23 10:34:26,069 - utils.logger2025-12-23-10.34.17 - INFO - 
[[ 8 18  1  0]
 [ 0 79  3  0]
 [ 1 48 32  0]
 [ 2 15 27  0]]
2025-12-23 10:34:26,698 - utils.logger2025-12-23-10.34.17 - INFO - Cur epoch 3 loss TA:0.8784 TV:0.8741 VA:1.4421 CE:1.0685
2025-12-23 10:34:27,256 - utils.logger2025-12-23-10.34.17 - INFO - Cur epoch 3 loss TA:0.8386 TV:0.8494 VA:1.4245 CE:0.7316
2025-12-23 10:34:27,922 - utils.logger2025-12-23-10.34.17 - INFO - Cur epoch 3 loss TA:0.8659 TV:0.8803 VA:1.4999 CE:0.7844
2025-12-23 10:34:28,686 - utils.logger2025-12-23-10.34.17 - INFO - Cur epoch 3 loss TA:0.8591 TV:0.8742 VA:1.4811 CE:1.0682
2025-12-23 10:34:29,388 - utils.logger2025-12-23-10.34.17 - INFO - Cur epoch 3 loss TA:0.8615 TV:0.8557 VA:1.4086 CE:0.8266
2025-12-23 10:34:29,908 - utils.logger2025-12-23-10.34.17 - INFO - saving the model at the end of epoch 3, iters 159
2025-12-23 10:34:30,022 - utils.logger2025-12-23-10.34.17 - INFO - End of training epoch 3 / 40 	 Time Taken: 3 sec
2025-12-23 10:34:30,023 - utils.logger2025-12-23-10.34.17 - INFO - learning rate = 0.0005000
2025-12-23 10:34:30,473 - utils.logger2025-12-23-10.34.17 - INFO - Val result of epoch 3 / 40 acc 0.5172 uar 0.6389 f1 0.5276
2025-12-23 10:34:30,473 - utils.logger2025-12-23-10.34.17 - INFO - 
[[23  0  1  1]
 [12 25 16  5]
 [24  4 29 31]
 [ 3  0  1 28]]
2025-12-23 10:34:30,817 - utils.logger2025-12-23-10.34.17 - INFO - Tst result of epoch 3 / 40 acc 0.6325 uar 0.6165 f1 0.6224
2025-12-23 10:34:30,817 - utils.logger2025-12-23-10.34.17 - INFO - 
[[15 11  1  0]
 [ 0 78  4  0]
 [ 4 41 28  8]
 [ 1  7  9 27]]
2025-12-23 10:34:31,107 - utils.logger2025-12-23-10.34.17 - INFO - Cur epoch 4 loss TA:0.8282 TV:0.8460 VA:1.3457 CE:0.8229
2025-12-23 10:34:31,645 - utils.logger2025-12-23-10.34.17 - INFO - Cur epoch 4 loss TA:0.8010 TV:0.8138 VA:1.3883 CE:1.0379
2025-12-23 10:34:32,154 - utils.logger2025-12-23-10.34.17 - INFO - Cur epoch 4 loss TA:0.7874 TV:0.8177 VA:1.3223 CE:0.6655
2025-12-23 10:34:32,649 - utils.logger2025-12-23-10.34.17 - INFO - Cur epoch 4 loss TA:0.8167 TV:0.8327 VA:1.3833 CE:0.7472
2025-12-23 10:34:33,281 - utils.logger2025-12-23-10.34.17 - INFO - Cur epoch 4 loss TA:0.8220 TV:0.8191 VA:1.3274 CE:0.6837
2025-12-23 10:34:33,910 - utils.logger2025-12-23-10.34.17 - INFO - Cur epoch 4 loss TA:0.8069 TV:0.8334 VA:1.3769 CE:0.6448
2025-12-23 10:34:34,065 - utils.logger2025-12-23-10.34.17 - INFO - saving the model at the end of epoch 4, iters 212
2025-12-23 10:34:34,323 - utils.logger2025-12-23-10.34.17 - INFO - End of training epoch 4 / 40 	 Time Taken: 3 sec
2025-12-23 10:34:34,324 - utils.logger2025-12-23-10.34.17 - INFO - learning rate = 0.0005000
2025-12-23 10:34:35,295 - utils.logger2025-12-23-10.34.17 - INFO - Val result of epoch 4 / 40 acc 0.5961 uar 0.6440 f1 0.5927
2025-12-23 10:34:35,295 - utils.logger2025-12-23-10.34.17 - INFO - 
[[23  0  2  0]
 [10 28 19  1]
 [20  7 51 10]
 [ 7  0  6 19]]
2025-12-23 10:34:35,756 - utils.logger2025-12-23-10.34.17 - INFO - Tst result of epoch 4 / 40 acc 0.7094 uar 0.6991 f1 0.6892
2025-12-23 10:34:35,757 - utils.logger2025-12-23-10.34.17 - INFO - 
[[16  5  0  6]
 [ 0 76  5  1]
 [ 3 21 39 18]
 [ 2  0  7 35]]
2025-12-23 10:34:36,635 - utils.logger2025-12-23-10.34.17 - INFO - Cur epoch 5 loss TA:0.8106 TV:0.8045 VA:1.4007 CE:0.4468
2025-12-23 10:34:37,139 - utils.logger2025-12-23-10.34.17 - INFO - Cur epoch 5 loss TA:0.7679 TV:0.7822 VA:1.3085 CE:0.5485
2025-12-23 10:34:37,603 - utils.logger2025-12-23-10.34.17 - INFO - Cur epoch 5 loss TA:0.8091 TV:0.8175 VA:1.3557 CE:0.8256
2025-12-23 10:34:38,040 - utils.logger2025-12-23-10.34.17 - INFO - Cur epoch 5 loss TA:0.7931 TV:0.7739 VA:1.2729 CE:0.6156
2025-12-23 10:34:38,604 - utils.logger2025-12-23-10.34.17 - INFO - Cur epoch 5 loss TA:0.7418 TV:0.7732 VA:1.2807 CE:0.8903
2025-12-23 10:34:39,060 - utils.logger2025-12-23-10.34.17 - INFO - saving the model at the end of epoch 5, iters 265
2025-12-23 10:34:39,387 - utils.logger2025-12-23-10.34.17 - INFO - End of training epoch 5 / 40 	 Time Taken: 3 sec
2025-12-23 10:34:39,388 - utils.logger2025-12-23-10.34.17 - INFO - learning rate = 0.0005000
2025-12-23 10:34:40,295 - utils.logger2025-12-23-10.34.17 - INFO - Val result of epoch 5 / 40 acc 0.6207 uar 0.6375 f1 0.6101
2025-12-23 10:34:40,295 - utils.logger2025-12-23-10.34.17 - INFO - 
[[21  0  4  0]
 [ 6 27 25  0]
 [15  5 60  8]
 [ 7  0  7 18]]
2025-12-23 10:34:40,621 - utils.logger2025-12-23-10.34.17 - INFO - Tst result of epoch 5 / 40 acc 0.7479 uar 0.7087 f1 0.7254
2025-12-23 10:34:40,621 - utils.logger2025-12-23-10.34.17 - INFO - 
[[16  4  5  2]
 [ 0 77  4  1]
 [ 1 17 54  9]
 [ 2  0 14 28]]
2025-12-23 10:34:41,129 - utils.logger2025-12-23-10.34.17 - INFO - Cur epoch 6 loss TA:0.6970 TV:0.6843 VA:1.2177 CE:0.7080
2025-12-23 10:34:41,614 - utils.logger2025-12-23-10.34.17 - INFO - Cur epoch 6 loss TA:0.7523 TV:0.7536 VA:1.2817 CE:0.6940
2025-12-23 10:34:42,135 - utils.logger2025-12-23-10.34.17 - INFO - Cur epoch 6 loss TA:0.7474 TV:0.7467 VA:1.2164 CE:0.5067
2025-12-23 10:34:42,630 - utils.logger2025-12-23-10.34.17 - INFO - Cur epoch 6 loss TA:0.7729 TV:0.7608 VA:1.1956 CE:0.6061
2025-12-23 10:34:43,151 - utils.logger2025-12-23-10.34.17 - INFO - Cur epoch 6 loss TA:0.7501 TV:0.7733 VA:1.2401 CE:0.7514
2025-12-23 10:34:43,584 - utils.logger2025-12-23-10.34.17 - INFO - saving the model at the end of epoch 6, iters 318
2025-12-23 10:34:43,700 - utils.logger2025-12-23-10.34.17 - INFO - End of training epoch 6 / 40 	 Time Taken: 3 sec
2025-12-23 10:34:43,700 - utils.logger2025-12-23-10.34.17 - INFO - learning rate = 0.0005000
2025-12-23 10:34:44,411 - utils.logger2025-12-23-10.34.17 - INFO - Val result of epoch 6 / 40 acc 0.6108 uar 0.6481 f1 0.5998
2025-12-23 10:34:44,412 - utils.logger2025-12-23-10.34.17 - INFO - 
[[23  0  2  0]
 [11 25 18  4]
 [24  2 57  5]
 [ 7  0  6 19]]
2025-12-23 10:34:44,898 - utils.logger2025-12-23-10.34.17 - INFO - Tst result of epoch 6 / 40 acc 0.7350 uar 0.7363 f1 0.7234
2025-12-23 10:34:44,899 - utils.logger2025-12-23-10.34.17 - INFO - 
[[19  2  1  5]
 [ 0 71 10  1]
 [ 4 11 47 19]
 [ 3  0  6 35]]
2025-12-23 10:34:45,247 - utils.logger2025-12-23-10.34.17 - INFO - Cur epoch 7 loss TA:0.7153 TV:0.6973 VA:1.2256 CE:0.6316
2025-12-23 10:34:45,686 - utils.logger2025-12-23-10.34.17 - INFO - Cur epoch 7 loss TA:0.7193 TV:0.7226 VA:1.1781 CE:0.5644
2025-12-23 10:34:46,196 - utils.logger2025-12-23-10.34.17 - INFO - Cur epoch 7 loss TA:0.7183 TV:0.7343 VA:1.1772 CE:0.5051
2025-12-23 10:34:46,740 - utils.logger2025-12-23-10.34.17 - INFO - Cur epoch 7 loss TA:0.7339 TV:0.7338 VA:1.2206 CE:0.4446
2025-12-23 10:34:47,246 - utils.logger2025-12-23-10.34.17 - INFO - Cur epoch 7 loss TA:0.7729 TV:0.7877 VA:1.2447 CE:0.5952
2025-12-23 10:34:47,769 - utils.logger2025-12-23-10.34.17 - INFO - Cur epoch 7 loss TA:0.7470 TV:0.7443 VA:1.2107 CE:0.5485
2025-12-23 10:34:47,877 - utils.logger2025-12-23-10.34.17 - INFO - saving the model at the end of epoch 7, iters 371
2025-12-23 10:34:48,003 - utils.logger2025-12-23-10.34.17 - INFO - End of training epoch 7 / 40 	 Time Taken: 3 sec
2025-12-23 10:34:48,003 - utils.logger2025-12-23-10.34.17 - INFO - learning rate = 0.0005000
2025-12-23 10:34:48,675 - utils.logger2025-12-23-10.34.17 - INFO - Val result of epoch 7 / 40 acc 0.6059 uar 0.6523 f1 0.6085
2025-12-23 10:34:48,675 - utils.logger2025-12-23-10.34.17 - INFO - 
[[21  0  3  1]
 [ 5 26 26  1]
 [15  5 53 15]
 [ 3  0  6 23]]
2025-12-23 10:34:49,006 - utils.logger2025-12-23-10.34.17 - INFO - Tst result of epoch 7 / 40 acc 0.7521 uar 0.7259 f1 0.7364
2025-12-23 10:34:49,006 - utils.logger2025-12-23-10.34.17 - INFO - 
[[17  2  5  3]
 [ 0 72  9  1]
 [ 2 12 56 11]
 [ 2  0 11 31]]
2025-12-23 10:34:49,949 - utils.logger2025-12-23-10.34.17 - INFO - Cur epoch 8 loss TA:0.6967 TV:0.7101 VA:1.1632 CE:0.4247
2025-12-23 10:34:50,502 - utils.logger2025-12-23-10.34.17 - INFO - Cur epoch 8 loss TA:0.7106 TV:0.7208 VA:1.2002 CE:0.4726
2025-12-23 10:34:50,901 - utils.logger2025-12-23-10.34.17 - INFO - Cur epoch 8 loss TA:0.7265 TV:0.7566 VA:1.1836 CE:0.5201
2025-12-23 10:34:51,390 - utils.logger2025-12-23-10.34.17 - INFO - Cur epoch 8 loss TA:0.7426 TV:0.7232 VA:1.2289 CE:0.4957
2025-12-23 10:34:51,834 - utils.logger2025-12-23-10.34.17 - INFO - Cur epoch 8 loss TA:0.7733 TV:0.7807 VA:1.2173 CE:0.6095
2025-12-23 10:34:52,075 - utils.logger2025-12-23-10.34.17 - INFO - saving the model at the end of epoch 8, iters 424
2025-12-23 10:34:52,200 - utils.logger2025-12-23-10.34.17 - INFO - End of training epoch 8 / 40 	 Time Taken: 3 sec
2025-12-23 10:34:52,200 - utils.logger2025-12-23-10.34.17 - INFO - learning rate = 0.0005000
2025-12-23 10:34:52,556 - utils.logger2025-12-23-10.34.17 - INFO - Val result of epoch 8 / 40 acc 0.6552 uar 0.6360 f1 0.6379
2025-12-23 10:34:52,556 - utils.logger2025-12-23-10.34.17 - INFO - 
[[19  0  6  0]
 [ 5 29 24  0]
 [12  6 69  1]
 [ 4  1 11 16]]
2025-12-23 10:34:52,882 - utils.logger2025-12-23-10.34.17 - INFO - Tst result of epoch 8 / 40 acc 0.7393 uar 0.7026 f1 0.7201
2025-12-23 10:34:52,882 - utils.logger2025-12-23-10.34.17 - INFO - 
[[16  4  4  3]
 [ 0 73  8  1]
 [ 2 17 56  6]
 [ 2  0 14 28]]
2025-12-23 10:34:53,410 - utils.logger2025-12-23-10.34.17 - INFO - Cur epoch 9 loss TA:0.6880 TV:0.6971 VA:1.1251 CE:0.5008
2025-12-23 10:34:53,867 - utils.logger2025-12-23-10.34.17 - INFO - Cur epoch 9 loss TA:0.7335 TV:0.7421 VA:1.1871 CE:0.6360
2025-12-23 10:34:54,305 - utils.logger2025-12-23-10.34.17 - INFO - Cur epoch 9 loss TA:0.7213 TV:0.7120 VA:1.1279 CE:0.5281
2025-12-23 10:34:54,715 - utils.logger2025-12-23-10.34.17 - INFO - Cur epoch 9 loss TA:0.7040 TV:0.7222 VA:1.1095 CE:0.5133
2025-12-23 10:34:55,111 - utils.logger2025-12-23-10.34.17 - INFO - Cur epoch 9 loss TA:0.6890 TV:0.7019 VA:1.1710 CE:0.3496
2025-12-23 10:34:55,499 - utils.logger2025-12-23-10.34.17 - INFO - saving the model at the end of epoch 9, iters 477
2025-12-23 10:34:55,614 - utils.logger2025-12-23-10.34.17 - INFO - End of training epoch 9 / 40 	 Time Taken: 2 sec
2025-12-23 10:34:55,615 - utils.logger2025-12-23-10.34.17 - INFO - learning rate = 0.0005000
2025-12-23 10:34:56,045 - utils.logger2025-12-23-10.34.17 - INFO - Val result of epoch 9 / 40 acc 0.6355 uar 0.6362 f1 0.6159
2025-12-23 10:34:56,045 - utils.logger2025-12-23-10.34.17 - INFO - 
[[22  1  2  0]
 [ 7 29 22  0]
 [20  4 64  0]
 [ 7  1 10 14]]
2025-12-23 10:34:56,399 - utils.logger2025-12-23-10.34.17 - INFO - Tst result of epoch 9 / 40 acc 0.7521 uar 0.7128 f1 0.7362
2025-12-23 10:34:56,399 - utils.logger2025-12-23-10.34.17 - INFO - 
[[17  5  4  1]
 [ 0 74  8  0]
 [ 2 17 59  3]
 [ 2  0 16 26]]
2025-12-23 10:34:56,801 - utils.logger2025-12-23-10.34.17 - INFO - Cur epoch 10 loss TA:0.6195 TV:0.6564 VA:1.1287 CE:0.2743
2025-12-23 10:34:57,323 - utils.logger2025-12-23-10.34.17 - INFO - Cur epoch 10 loss TA:0.6391 TV:0.6474 VA:1.1114 CE:0.3569
2025-12-23 10:34:57,818 - utils.logger2025-12-23-10.34.17 - INFO - Cur epoch 10 loss TA:0.6675 TV:0.6625 VA:1.1261 CE:0.3801
2025-12-23 10:34:58,307 - utils.logger2025-12-23-10.34.17 - INFO - Cur epoch 10 loss TA:0.7071 TV:0.7173 VA:1.1109 CE:0.4633
2025-12-23 10:34:58,784 - utils.logger2025-12-23-10.34.17 - INFO - Cur epoch 10 loss TA:0.6561 TV:0.6765 VA:1.1407 CE:0.4867
2025-12-23 10:34:59,189 - utils.logger2025-12-23-10.34.17 - INFO - Cur epoch 10 loss TA:0.6801 TV:0.6741 VA:1.0581 CE:0.2952
2025-12-23 10:34:59,478 - utils.logger2025-12-23-10.34.17 - INFO - saving the model at the end of epoch 10, iters 530
2025-12-23 10:34:59,578 - utils.logger2025-12-23-10.34.17 - INFO - End of training epoch 10 / 40 	 Time Taken: 3 sec
2025-12-23 10:34:59,578 - utils.logger2025-12-23-10.34.17 - INFO - learning rate = 0.0005000
2025-12-23 10:35:00,408 - utils.logger2025-12-23-10.34.17 - INFO - Val result of epoch 10 / 40 acc 0.6059 uar 0.6070 f1 0.5731
2025-12-23 10:35:00,409 - utils.logger2025-12-23-10.34.17 - INFO - 
[[23  0  2  0]
 [11 26 21  0]
 [22  3 63  0]
 [12  0  9 11]]
2025-12-23 10:35:00,735 - utils.logger2025-12-23-10.34.17 - INFO - Tst result of epoch 10 / 40 acc 0.7692 uar 0.7377 f1 0.7512
2025-12-23 10:35:00,736 - utils.logger2025-12-23-10.34.17 - INFO - 
[[19  1  4  3]
 [ 0 70 12  0]
 [ 4  8 65  4]
 [ 2  1 15 26]]
2025-12-23 10:35:01,463 - utils.logger2025-12-23-10.34.17 - INFO - Cur epoch 11 loss TA:0.6576 TV:0.6985 VA:1.2258 CE:0.4216
2025-12-23 10:35:01,844 - utils.logger2025-12-23-10.34.17 - INFO - Cur epoch 11 loss TA:0.6725 TV:0.6827 VA:1.1290 CE:0.4505
2025-12-23 10:35:02,235 - utils.logger2025-12-23-10.34.17 - INFO - Cur epoch 11 loss TA:0.6598 TV:0.6389 VA:1.1400 CE:0.2840
2025-12-23 10:35:02,633 - utils.logger2025-12-23-10.34.17 - INFO - Cur epoch 11 loss TA:0.6952 TV:0.7073 VA:1.2021 CE:0.4062
2025-12-23 10:35:03,056 - utils.logger2025-12-23-10.34.17 - INFO - Cur epoch 11 loss TA:0.6610 TV:0.6933 VA:1.1729 CE:0.4832
2025-12-23 10:35:03,237 - utils.logger2025-12-23-10.34.17 - INFO - saving the model at the end of epoch 11, iters 583
2025-12-23 10:35:03,344 - utils.logger2025-12-23-10.34.17 - INFO - End of training epoch 11 / 40 	 Time Taken: 2 sec
2025-12-23 10:35:03,344 - utils.logger2025-12-23-10.34.17 - INFO - learning rate = 0.0005000
2025-12-23 10:35:04,165 - utils.logger2025-12-23-10.34.17 - INFO - Val result of epoch 11 / 40 acc 0.6847 uar 0.6953 f1 0.6745
2025-12-23 10:35:04,165 - utils.logger2025-12-23-10.34.17 - INFO - 
[[22  0  3  0]
 [ 6 33 19  0]
 [13  7 65  3]
 [ 7  0  6 19]]
2025-12-23 10:35:04,715 - utils.logger2025-12-23-10.34.17 - INFO - Tst result of epoch 11 / 40 acc 0.7564 uar 0.7067 f1 0.7250
2025-12-23 10:35:04,715 - utils.logger2025-12-23-10.34.17 - INFO - 
[[13  7  2  5]
 [ 0 76  5  1]
 [ 0 19 56  6]
 [ 2  1  9 32]]
2025-12-23 10:35:05,297 - utils.logger2025-12-23-10.34.17 - INFO - Cur epoch 12 loss TA:0.6595 TV:0.6734 VA:1.0747 CE:0.2589
2025-12-23 10:35:05,771 - utils.logger2025-12-23-10.34.17 - INFO - Cur epoch 12 loss TA:0.6639 TV:0.6701 VA:1.0644 CE:0.3803
2025-12-23 10:35:06,315 - utils.logger2025-12-23-10.34.17 - INFO - Cur epoch 12 loss TA:0.6671 TV:0.6815 VA:1.1220 CE:0.4025
2025-12-23 10:35:06,843 - utils.logger2025-12-23-10.34.17 - INFO - Cur epoch 12 loss TA:0.6420 TV:0.6724 VA:1.1383 CE:0.3302
2025-12-23 10:35:07,368 - utils.logger2025-12-23-10.34.17 - INFO - Cur epoch 12 loss TA:0.6967 TV:0.7049 VA:1.0876 CE:0.2754
2025-12-23 10:35:07,760 - utils.logger2025-12-23-10.34.17 - INFO - saving the model at the end of epoch 12, iters 636
2025-12-23 10:35:07,876 - utils.logger2025-12-23-10.34.17 - INFO - End of training epoch 12 / 40 	 Time Taken: 3 sec
2025-12-23 10:35:07,876 - utils.logger2025-12-23-10.34.17 - INFO - learning rate = 0.0005000
2025-12-23 10:35:08,670 - utils.logger2025-12-23-10.34.17 - INFO - Val result of epoch 12 / 40 acc 0.6404 uar 0.6478 f1 0.6280
2025-12-23 10:35:08,671 - utils.logger2025-12-23-10.34.17 - INFO - 
[[20  0  5  0]
 [ 5 21 30  2]
 [17  1 68  2]
 [ 4  0  7 21]]
2025-12-23 10:35:09,351 - utils.logger2025-12-23-10.34.17 - INFO - Tst result of epoch 12 / 40 acc 0.7692 uar 0.7374 f1 0.7460
2025-12-23 10:35:09,352 - utils.logger2025-12-23-10.34.17 - INFO - 
[[16  0  4  7]
 [ 0 69 12  1]
 [ 2  5 62 12]
 [ 2  0  9 33]]
2025-12-23 10:35:10,248 - utils.logger2025-12-23-10.34.17 - INFO - Cur epoch 13 loss TA:0.6425 TV:0.6651 VA:1.1471 CE:0.2894
2025-12-23 10:35:10,985 - utils.logger2025-12-23-10.34.17 - INFO - Cur epoch 13 loss TA:0.6461 TV:0.6541 VA:1.1083 CE:0.3218
2025-12-23 10:35:11,564 - utils.logger2025-12-23-10.34.17 - INFO - Cur epoch 13 loss TA:0.6780 TV:0.7142 VA:1.1427 CE:0.1344
2025-12-23 10:35:11,991 - utils.logger2025-12-23-10.34.17 - INFO - Cur epoch 13 loss TA:0.6597 TV:0.6578 VA:1.1453 CE:0.3208
2025-12-23 10:35:12,430 - utils.logger2025-12-23-10.34.17 - INFO - Cur epoch 13 loss TA:0.6066 TV:0.6143 VA:1.0900 CE:0.2801
2025-12-23 10:35:12,917 - utils.logger2025-12-23-10.34.17 - INFO - saving the model at the end of epoch 13, iters 689
2025-12-23 10:35:13,025 - utils.logger2025-12-23-10.34.17 - INFO - End of training epoch 13 / 40 	 Time Taken: 3 sec
2025-12-23 10:35:13,025 - utils.logger2025-12-23-10.34.17 - INFO - learning rate = 0.0005000
2025-12-23 10:35:13,523 - utils.logger2025-12-23-10.34.17 - INFO - Val result of epoch 13 / 40 acc 0.6059 uar 0.6033 f1 0.5793
2025-12-23 10:35:13,524 - utils.logger2025-12-23-10.34.17 - INFO - 
[[22  0  3  0]
 [ 8 25 25  0]
 [21  3 64  0]
 [ 8  0 12 12]]
2025-12-23 10:35:13,877 - utils.logger2025-12-23-10.34.17 - INFO - Tst result of epoch 13 / 40 acc 0.8034 uar 0.7902 f1 0.7933
2025-12-23 10:35:13,877 - utils.logger2025-12-23-10.34.17 - INFO - 
[[21  0  3  3]
 [ 0 72  9  1]
 [ 4  9 63  5]
 [ 2  0 10 32]]
2025-12-23 10:35:14,183 - utils.logger2025-12-23-10.34.17 - INFO - Cur epoch 14 loss TA:0.6245 TV:0.6290 VA:1.1296 CE:0.1323
2025-12-23 10:35:14,628 - utils.logger2025-12-23-10.34.17 - INFO - Cur epoch 14 loss TA:0.6663 TV:0.6745 VA:1.0895 CE:0.2359
2025-12-23 10:35:15,039 - utils.logger2025-12-23-10.34.17 - INFO - Cur epoch 14 loss TA:0.5993 TV:0.5968 VA:1.0917 CE:0.3611
2025-12-23 10:35:15,487 - utils.logger2025-12-23-10.34.17 - INFO - Cur epoch 14 loss TA:0.6530 TV:0.6597 VA:1.0464 CE:0.1151
2025-12-23 10:35:16,218 - utils.logger2025-12-23-10.34.17 - INFO - Cur epoch 14 loss TA:0.6534 TV:0.6653 VA:1.1080 CE:0.1617
2025-12-23 10:35:16,711 - utils.logger2025-12-23-10.34.17 - INFO - Cur epoch 14 loss TA:0.6316 TV:0.6439 VA:1.0858 CE:0.2042
2025-12-23 10:35:16,865 - utils.logger2025-12-23-10.34.17 - INFO - saving the model at the end of epoch 14, iters 742
2025-12-23 10:35:16,959 - utils.logger2025-12-23-10.34.17 - INFO - End of training epoch 14 / 40 	 Time Taken: 3 sec
2025-12-23 10:35:16,959 - utils.logger2025-12-23-10.34.17 - INFO - learning rate = 0.0005000
2025-12-23 10:35:17,834 - utils.logger2025-12-23-10.34.17 - INFO - Val result of epoch 14 / 40 acc 0.6453 uar 0.6151 f1 0.6248
2025-12-23 10:35:17,835 - utils.logger2025-12-23-10.34.17 - INFO - 
[[17  0  8  0]
 [ 4 25 29  0]
 [13  1 72  2]
 [ 3  0 12 17]]
2025-12-23 10:35:18,175 - utils.logger2025-12-23-10.34.17 - INFO - Tst result of epoch 14 / 40 acc 0.7564 uar 0.7130 f1 0.7271
2025-12-23 10:35:18,176 - utils.logger2025-12-23-10.34.17 - INFO - 
[[14  2  6  5]
 [ 0 73  9  0]
 [ 2 10 58 11]
 [ 1  1 10 32]]
2025-12-23 10:35:19,021 - utils.logger2025-12-23-10.34.17 - INFO - Cur epoch 15 loss TA:0.6153 TV:0.6271 VA:1.0774 CE:0.2128
2025-12-23 10:35:19,460 - utils.logger2025-12-23-10.34.17 - INFO - Cur epoch 15 loss TA:0.6170 TV:0.6256 VA:1.0700 CE:0.1897
2025-12-23 10:35:19,956 - utils.logger2025-12-23-10.34.17 - INFO - Cur epoch 15 loss TA:0.6382 TV:0.6531 VA:1.1456 CE:0.2493
2025-12-23 10:35:20,490 - utils.logger2025-12-23-10.34.17 - INFO - Cur epoch 15 loss TA:0.6069 TV:0.6040 VA:1.1045 CE:0.2124
2025-12-23 10:35:21,032 - utils.logger2025-12-23-10.34.17 - INFO - Cur epoch 15 loss TA:0.6598 TV:0.6787 VA:1.1392 CE:0.3015
2025-12-23 10:35:21,475 - utils.logger2025-12-23-10.34.17 - INFO - saving the model at the end of epoch 15, iters 795
2025-12-23 10:35:21,638 - utils.logger2025-12-23-10.34.17 - INFO - End of training epoch 15 / 40 	 Time Taken: 3 sec
2025-12-23 10:35:21,638 - utils.logger2025-12-23-10.34.17 - INFO - learning rate = 0.0005000
2025-12-23 10:35:22,291 - utils.logger2025-12-23-10.34.17 - INFO - Val result of epoch 15 / 40 acc 0.6355 uar 0.6052 f1 0.6090
2025-12-23 10:35:22,292 - utils.logger2025-12-23-10.34.17 - INFO - 
[[18  0  7  0]
 [ 7 24 27  0]
 [13  3 72  0]
 [ 4  0 13 15]]
2025-12-23 10:35:22,780 - utils.logger2025-12-23-10.34.17 - INFO - Tst result of epoch 15 / 40 acc 0.7521 uar 0.6909 f1 0.7135
2025-12-23 10:35:22,781 - utils.logger2025-12-23-10.34.17 - INFO - 
[[13  2  7  5]
 [ 0 71 10  1]
 [ 1 10 65  5]
 [ 2  0 15 27]]
2025-12-23 10:35:23,258 - utils.logger2025-12-23-10.34.17 - INFO - Cur epoch 16 loss TA:0.6076 TV:0.6229 VA:1.0675 CE:0.1518
2025-12-23 10:35:23,735 - utils.logger2025-12-23-10.34.17 - INFO - Cur epoch 16 loss TA:0.6331 TV:0.6213 VA:1.1401 CE:0.1204
2025-12-23 10:35:24,233 - utils.logger2025-12-23-10.34.17 - INFO - Cur epoch 16 loss TA:0.6266 TV:0.6560 VA:1.1367 CE:0.1536
2025-12-23 10:35:24,750 - utils.logger2025-12-23-10.34.17 - INFO - Cur epoch 16 loss TA:0.6092 TV:0.6432 VA:1.1210 CE:0.1432
2025-12-23 10:35:25,230 - utils.logger2025-12-23-10.34.17 - INFO - Cur epoch 16 loss TA:0.6378 TV:0.6612 VA:1.0834 CE:0.1627
2025-12-23 10:35:25,663 - utils.logger2025-12-23-10.34.17 - INFO - saving the model at the end of epoch 16, iters 848
2025-12-23 10:35:25,789 - utils.logger2025-12-23-10.34.17 - INFO - End of training epoch 16 / 40 	 Time Taken: 3 sec
2025-12-23 10:35:25,789 - utils.logger2025-12-23-10.34.17 - INFO - learning rate = 0.0005000
2025-12-23 10:35:26,767 - utils.logger2025-12-23-10.34.17 - INFO - Val result of epoch 16 / 40 acc 0.6700 uar 0.6337 f1 0.6458
2025-12-23 10:35:26,768 - utils.logger2025-12-23-10.34.17 - INFO - 
[[19  0  6  0]
 [ 3 25 30  0]
 [ 8  3 77  0]
 [ 4  0 13 15]]
2025-12-23 10:35:27,283 - utils.logger2025-12-23-10.34.17 - INFO - Tst result of epoch 16 / 40 acc 0.7521 uar 0.7093 f1 0.7329
2025-12-23 10:35:27,284 - utils.logger2025-12-23-10.34.17 - INFO - 
[[16  4  6  1]
 [ 0 73  9  0]
 [ 2 15 60  4]
 [ 2  1 14 27]]
2025-12-23 10:35:28,165 - utils.logger2025-12-23-10.34.17 - INFO - Cur epoch 17 loss TA:0.6287 TV:0.6346 VA:1.1202 CE:0.1657
2025-12-23 10:35:28,581 - utils.logger2025-12-23-10.34.17 - INFO - Cur epoch 17 loss TA:0.6072 TV:0.6299 VA:1.1050 CE:0.1973
2025-12-23 10:35:28,983 - utils.logger2025-12-23-10.34.17 - INFO - Cur epoch 17 loss TA:0.6149 TV:0.6420 VA:1.0467 CE:0.3276
2025-12-23 10:35:29,425 - utils.logger2025-12-23-10.34.17 - INFO - Cur epoch 17 loss TA:0.6135 TV:0.6350 VA:1.1766 CE:0.3236
2025-12-23 10:35:29,849 - utils.logger2025-12-23-10.34.17 - INFO - Cur epoch 17 loss TA:0.5909 TV:0.6048 VA:1.0415 CE:0.0801
2025-12-23 10:35:30,368 - utils.logger2025-12-23-10.34.17 - INFO - Cur epoch 17 loss TA:0.5857 TV:0.6106 VA:1.0540 CE:0.2327
2025-12-23 10:35:30,478 - utils.logger2025-12-23-10.34.17 - INFO - saving the model at the end of epoch 17, iters 901
2025-12-23 10:35:30,601 - utils.logger2025-12-23-10.34.17 - INFO - End of training epoch 17 / 40 	 Time Taken: 3 sec
2025-12-23 10:35:30,601 - utils.logger2025-12-23-10.34.17 - INFO - learning rate = 0.0005000
2025-12-23 10:35:31,160 - utils.logger2025-12-23-10.34.17 - INFO - Val result of epoch 17 / 40 acc 0.5961 uar 0.5616 f1 0.5386
2025-12-23 10:35:31,161 - utils.logger2025-12-23-10.34.17 - INFO - 
[[19  1  5  0]
 [ 7 32 19  0]
 [19  6 63  0]
 [11  0 14  7]]
2025-12-23 10:35:31,628 - utils.logger2025-12-23-10.34.17 - INFO - Tst result of epoch 17 / 40 acc 0.7521 uar 0.7122 f1 0.7400
2025-12-23 10:35:31,629 - utils.logger2025-12-23-10.34.17 - INFO - 
[[19  2  5  1]
 [ 0 74  8  0]
 [ 1 17 62  1]
 [ 1  1 21 21]]
2025-12-23 10:35:32,456 - utils.logger2025-12-23-10.34.17 - INFO - Cur epoch 18 loss TA:0.6166 TV:0.6091 VA:1.0513 CE:0.1448
2025-12-23 10:35:33,090 - utils.logger2025-12-23-10.34.17 - INFO - Cur epoch 18 loss TA:0.6134 TV:0.6296 VA:1.0740 CE:0.2792
2025-12-23 10:35:33,455 - utils.logger2025-12-23-10.34.17 - INFO - Cur epoch 18 loss TA:0.6018 TV:0.6060 VA:1.0760 CE:0.1192
2025-12-23 10:35:33,823 - utils.logger2025-12-23-10.34.17 - INFO - Cur epoch 18 loss TA:0.6157 TV:0.6346 VA:1.0671 CE:0.2146
2025-12-23 10:35:34,189 - utils.logger2025-12-23-10.34.17 - INFO - Cur epoch 18 loss TA:0.5727 TV:0.5871 VA:1.0421 CE:0.2089
2025-12-23 10:35:34,392 - utils.logger2025-12-23-10.34.17 - INFO - saving the model at the end of epoch 18, iters 954
2025-12-23 10:35:34,490 - utils.logger2025-12-23-10.34.17 - INFO - End of training epoch 18 / 40 	 Time Taken: 2 sec
2025-12-23 10:35:34,490 - utils.logger2025-12-23-10.34.17 - INFO - learning rate = 0.0005000
2025-12-23 10:35:35,249 - utils.logger2025-12-23-10.34.17 - INFO - Val result of epoch 18 / 40 acc 0.5961 uar 0.6431 f1 0.6066
2025-12-23 10:35:35,250 - utils.logger2025-12-23-10.34.17 - INFO - 
[[23  0  2  0]
 [12 24 22  0]
 [29  4 54  1]
 [ 5  0  7 20]]
2025-12-23 10:35:35,584 - utils.logger2025-12-23-10.34.17 - INFO - Tst result of epoch 18 / 40 acc 0.7821 uar 0.7789 f1 0.7683
2025-12-23 10:35:35,584 - utils.logger2025-12-23-10.34.17 - INFO - 
[[20  0  3  4]
 [ 0 74  6  2]
 [ 5 11 53 12]
 [ 2  0  6 36]]
2025-12-23 10:35:36,147 - utils.logger2025-12-23-10.34.17 - INFO - Cur epoch 19 loss TA:0.5488 TV:0.5832 VA:1.0643 CE:0.2540
2025-12-23 10:35:36,599 - utils.logger2025-12-23-10.34.17 - INFO - Cur epoch 19 loss TA:0.5858 TV:0.5991 VA:1.0403 CE:0.3124
2025-12-23 10:35:36,987 - utils.logger2025-12-23-10.34.17 - INFO - Cur epoch 19 loss TA:0.6081 TV:0.6190 VA:1.0752 CE:0.1225
2025-12-23 10:35:37,367 - utils.logger2025-12-23-10.34.17 - INFO - Cur epoch 19 loss TA:0.6276 TV:0.6443 VA:1.0852 CE:0.2644
2025-12-23 10:35:37,726 - utils.logger2025-12-23-10.34.17 - INFO - Cur epoch 19 loss TA:0.6224 TV:0.6348 VA:1.1129 CE:0.1167
2025-12-23 10:35:38,036 - utils.logger2025-12-23-10.34.17 - INFO - saving the model at the end of epoch 19, iters 1007
2025-12-23 10:35:38,129 - utils.logger2025-12-23-10.34.17 - INFO - End of training epoch 19 / 40 	 Time Taken: 2 sec
2025-12-23 10:35:38,129 - utils.logger2025-12-23-10.34.17 - INFO - learning rate = 0.0005000
2025-12-23 10:35:38,668 - utils.logger2025-12-23-10.34.17 - INFO - Val result of epoch 19 / 40 acc 0.6404 uar 0.6131 f1 0.5984
2025-12-23 10:35:38,668 - utils.logger2025-12-23-10.34.17 - INFO - 
[[21  0  4  0]
 [ 9 23 26  0]
 [12  2 74  0]
 [ 6  0 14 12]]
2025-12-23 10:35:39,225 - utils.logger2025-12-23-10.34.17 - INFO - Tst result of epoch 19 / 40 acc 0.7778 uar 0.7306 f1 0.7615
2025-12-23 10:35:39,225 - utils.logger2025-12-23-10.34.17 - INFO - 
[[16  0 10  1]
 [ 0 69 13  0]
 [ 1  7 69  4]
 [ 1  0 15 28]]
2025-12-23 10:35:39,943 - utils.logger2025-12-23-10.34.17 - INFO - Cur epoch 20 loss TA:0.5673 TV:0.5839 VA:1.0510 CE:0.1731
2025-12-23 10:35:40,387 - utils.logger2025-12-23-10.34.17 - INFO - Cur epoch 20 loss TA:0.5954 TV:0.6208 VA:1.0220 CE:0.1960
2025-12-23 10:35:40,830 - utils.logger2025-12-23-10.34.17 - INFO - Cur epoch 20 loss TA:0.5634 TV:0.5710 VA:1.0388 CE:0.1065
2025-12-23 10:35:41,260 - utils.logger2025-12-23-10.34.17 - INFO - Cur epoch 20 loss TA:0.6118 TV:0.6167 VA:1.0548 CE:0.1599
2025-12-23 10:35:41,705 - utils.logger2025-12-23-10.34.17 - INFO - Cur epoch 20 loss TA:0.6004 TV:0.6126 VA:1.0508 CE:0.0929
2025-12-23 10:35:42,165 - utils.logger2025-12-23-10.34.17 - INFO - Cur epoch 20 loss TA:0.5452 TV:0.5654 VA:0.9411 CE:0.0653
2025-12-23 10:35:42,232 - utils.logger2025-12-23-10.34.17 - INFO - saving the model at the end of epoch 20, iters 1060
2025-12-23 10:35:42,338 - utils.logger2025-12-23-10.34.17 - INFO - End of training epoch 20 / 40 	 Time Taken: 3 sec
2025-12-23 10:35:42,338 - utils.logger2025-12-23-10.34.17 - INFO - learning rate = 0.0005000
2025-12-23 10:35:42,893 - utils.logger2025-12-23-10.34.17 - INFO - Val result of epoch 20 / 40 acc 0.6207 uar 0.6123 f1 0.6014
2025-12-23 10:35:42,893 - utils.logger2025-12-23-10.34.17 - INFO - 
[[19  0  6  0]
 [10 23 25  0]
 [16  4 67  1]
 [ 7  0  8 17]]
2025-12-23 10:35:43,212 - utils.logger2025-12-23-10.34.17 - INFO - Tst result of epoch 20 / 40 acc 0.7778 uar 0.7666 f1 0.7642
2025-12-23 10:35:43,213 - utils.logger2025-12-23-10.34.17 - INFO - 
[[21  0  3  3]
 [ 0 70  9  3]
 [ 4  7 61  9]
 [ 3  1 10 30]]
2025-12-23 10:35:43,904 - utils.logger2025-12-23-10.34.17 - INFO - Cur epoch 21 loss TA:0.5747 TV:0.5898 VA:1.0452 CE:0.1182
2025-12-23 10:35:44,450 - utils.logger2025-12-23-10.34.17 - INFO - Cur epoch 21 loss TA:0.5652 TV:0.5864 VA:1.0336 CE:0.1091
2025-12-23 10:35:45,018 - utils.logger2025-12-23-10.34.17 - INFO - Cur epoch 21 loss TA:0.6092 TV:0.6433 VA:1.0647 CE:0.1195
2025-12-23 10:35:45,582 - utils.logger2025-12-23-10.34.17 - INFO - Cur epoch 21 loss TA:0.5763 TV:0.5821 VA:1.0608 CE:0.1319
2025-12-23 10:35:46,082 - utils.logger2025-12-23-10.34.17 - INFO - Cur epoch 21 loss TA:0.5574 TV:0.5652 VA:1.0560 CE:0.1454
2025-12-23 10:35:46,302 - utils.logger2025-12-23-10.34.17 - INFO - saving the model at the end of epoch 21, iters 1113
2025-12-23 10:35:46,427 - utils.logger2025-12-23-10.34.17 - INFO - End of training epoch 21 / 40 	 Time Taken: 3 sec
2025-12-23 10:35:46,427 - utils.logger2025-12-23-10.34.17 - INFO - learning rate = 0.0005000
2025-12-23 10:35:46,789 - utils.logger2025-12-23-10.34.17 - INFO - Val result of epoch 21 / 40 acc 0.6847 uar 0.6498 f1 0.6584
2025-12-23 10:35:46,789 - utils.logger2025-12-23-10.34.17 - INFO - 
[[17  0  7  1]
 [ 4 23 30  1]
 [ 6  3 79  0]
 [ 5  0  7 20]]
2025-12-23 10:35:47,150 - utils.logger2025-12-23-10.34.17 - INFO - Tst result of epoch 21 / 40 acc 0.7692 uar 0.7178 f1 0.7363
2025-12-23 10:35:47,151 - utils.logger2025-12-23-10.34.17 - INFO - 
[[12  2  7  6]
 [ 0 72  9  1]
 [ 0 11 61  9]
 [ 0  0  9 35]]
2025-12-23 10:35:47,831 - utils.logger2025-12-23-10.34.17 - INFO - Cur epoch 22 loss TA:0.6060 TV:0.6389 VA:1.0494 CE:0.0321
2025-12-23 10:35:48,400 - utils.logger2025-12-23-10.34.17 - INFO - Cur epoch 22 loss TA:0.5696 TV:0.5713 VA:1.0719 CE:0.0934
2025-12-23 10:35:49,078 - utils.logger2025-12-23-10.34.17 - INFO - Cur epoch 22 loss TA:0.5720 TV:0.5799 VA:1.0490 CE:0.1057
2025-12-23 10:35:49,639 - utils.logger2025-12-23-10.34.17 - INFO - Cur epoch 22 loss TA:0.5576 TV:0.5962 VA:1.0700 CE:0.1610
2025-12-23 10:35:50,092 - utils.logger2025-12-23-10.34.17 - INFO - Cur epoch 22 loss TA:0.6100 TV:0.6554 VA:1.0721 CE:0.1202
2025-12-23 10:35:50,466 - utils.logger2025-12-23-10.34.17 - INFO - saving the model at the end of epoch 22, iters 1166
2025-12-23 10:35:50,591 - utils.logger2025-12-23-10.34.17 - INFO - End of training epoch 22 / 40 	 Time Taken: 3 sec
2025-12-23 10:35:50,591 - utils.logger2025-12-23-10.34.17 - INFO - learning rate = 0.0005000
2025-12-23 10:35:51,054 - utils.logger2025-12-23-10.34.17 - INFO - Val result of epoch 22 / 40 acc 0.6798 uar 0.6411 f1 0.6573
2025-12-23 10:35:51,054 - utils.logger2025-12-23-10.34.17 - INFO - 
[[15  0  9  1]
 [ 2 22 33  1]
 [ 5  1 79  3]
 [ 2  0  8 22]]
2025-12-23 10:35:51,394 - utils.logger2025-12-23-10.34.17 - INFO - Tst result of epoch 22 / 40 acc 0.7436 uar 0.6776 f1 0.7009
2025-12-23 10:35:51,395 - utils.logger2025-12-23-10.34.17 - INFO - 
[[11  1 10  5]
 [ 0 70 12  0]
 [ 0  6 64 11]
 [ 1  0 14 29]]
2025-12-23 10:35:52,100 - utils.logger2025-12-23-10.34.17 - INFO - Cur epoch 23 loss TA:0.6083 TV:0.6170 VA:1.0155 CE:0.0700
2025-12-23 10:35:52,536 - utils.logger2025-12-23-10.34.17 - INFO - Cur epoch 23 loss TA:0.6083 TV:0.6043 VA:1.0615 CE:0.1178
2025-12-23 10:35:52,971 - utils.logger2025-12-23-10.34.17 - INFO - Cur epoch 23 loss TA:0.5932 TV:0.6004 VA:1.0552 CE:0.0734
2025-12-23 10:35:53,384 - utils.logger2025-12-23-10.34.17 - INFO - Cur epoch 23 loss TA:0.5540 TV:0.5712 VA:0.9990 CE:0.1139
2025-12-23 10:35:53,764 - utils.logger2025-12-23-10.34.17 - INFO - Cur epoch 23 loss TA:0.5660 TV:0.5719 VA:1.0282 CE:0.0648
2025-12-23 10:35:54,389 - utils.logger2025-12-23-10.34.17 - INFO - saving the model at the end of epoch 23, iters 1219
2025-12-23 10:35:54,540 - utils.logger2025-12-23-10.34.17 - INFO - End of training epoch 23 / 40 	 Time Taken: 3 sec
2025-12-23 10:35:54,540 - utils.logger2025-12-23-10.34.17 - INFO - learning rate = 0.0005000
2025-12-23 10:35:55,101 - utils.logger2025-12-23-10.34.17 - INFO - Val result of epoch 23 / 40 acc 0.6552 uar 0.6486 f1 0.6379
2025-12-23 10:35:55,102 - utils.logger2025-12-23-10.34.17 - INFO - 
[[19  0  5  1]
 [ 7 24 26  1]
 [16  1 70  1]
 [ 4  0  8 20]]
2025-12-23 10:35:55,452 - utils.logger2025-12-23-10.34.17 - INFO - Tst result of epoch 23 / 40 acc 0.7821 uar 0.7361 f1 0.7614
2025-12-23 10:35:55,452 - utils.logger2025-12-23-10.34.17 - INFO - 
[[16  1  5  5]
 [ 0 72 10  0]
 [ 0  9 66  6]
 [ 1  0 14 29]]
2025-12-23 10:35:55,928 - utils.logger2025-12-23-10.34.17 - INFO - Cur epoch 24 loss TA:0.6188 TV:0.6130 VA:1.0704 CE:0.2066
2025-12-23 10:35:56,381 - utils.logger2025-12-23-10.34.17 - INFO - Cur epoch 24 loss TA:0.5772 TV:0.5827 VA:1.0288 CE:0.0482
2025-12-23 10:35:56,870 - utils.logger2025-12-23-10.34.17 - INFO - Cur epoch 24 loss TA:0.5658 TV:0.5797 VA:1.0448 CE:0.1346
2025-12-23 10:35:57,336 - utils.logger2025-12-23-10.34.17 - INFO - Cur epoch 24 loss TA:0.5432 TV:0.5500 VA:0.9900 CE:0.0683
2025-12-23 10:35:57,878 - utils.logger2025-12-23-10.34.17 - INFO - Cur epoch 24 loss TA:0.5831 TV:0.6022 VA:1.0301 CE:0.0614
2025-12-23 10:35:58,391 - utils.logger2025-12-23-10.34.17 - INFO - Cur epoch 24 loss TA:0.5470 TV:0.5618 VA:1.0325 CE:0.0378
2025-12-23 10:35:58,547 - utils.logger2025-12-23-10.34.17 - INFO - saving the model at the end of epoch 24, iters 1272
2025-12-23 10:35:58,652 - utils.logger2025-12-23-10.34.17 - INFO - End of training epoch 24 / 40 	 Time Taken: 3 sec
2025-12-23 10:35:58,652 - utils.logger2025-12-23-10.34.17 - INFO - learning rate = 0.0005000
2025-12-23 10:35:59,917 - utils.logger2025-12-23-10.34.17 - INFO - Val result of epoch 24 / 40 acc 0.6798 uar 0.6749 f1 0.6722
2025-12-23 10:35:59,917 - utils.logger2025-12-23-10.34.17 - INFO - 
[[20  0  5  0]
 [ 6 24 28  0]
 [11  4 73  0]
 [ 3  0  8 21]]
2025-12-23 10:36:00,684 - utils.logger2025-12-23-10.34.17 - INFO - Tst result of epoch 24 / 40 acc 0.7692 uar 0.7399 f1 0.7465
2025-12-23 10:36:00,685 - utils.logger2025-12-23-10.34.17 - INFO - 
[[16  1  4  6]
 [ 0 72  6  4]
 [ 1  9 58 13]
 [ 2  0  8 34]]
2025-12-23 10:36:01,389 - utils.logger2025-12-23-10.34.17 - INFO - Cur epoch 25 loss TA:0.6044 TV:0.6204 VA:1.0356 CE:0.0703
2025-12-23 10:36:01,897 - utils.logger2025-12-23-10.34.17 - INFO - Cur epoch 25 loss TA:0.5622 TV:0.5643 VA:1.0096 CE:0.1658
2025-12-23 10:36:02,441 - utils.logger2025-12-23-10.34.17 - INFO - Cur epoch 25 loss TA:0.5496 TV:0.5528 VA:0.9551 CE:0.0522
2025-12-23 10:36:02,986 - utils.logger2025-12-23-10.34.17 - INFO - Cur epoch 25 loss TA:0.6076 TV:0.6178 VA:1.0359 CE:0.2290
2025-12-23 10:36:03,513 - utils.logger2025-12-23-10.34.17 - INFO - Cur epoch 25 loss TA:0.6005 TV:0.6080 VA:1.0673 CE:0.2842
2025-12-23 10:36:03,837 - utils.logger2025-12-23-10.34.17 - INFO - saving the model at the end of epoch 25, iters 1325
2025-12-23 10:36:03,958 - utils.logger2025-12-23-10.34.17 - INFO - End of training epoch 25 / 40 	 Time Taken: 3 sec
2025-12-23 10:36:03,958 - utils.logger2025-12-23-10.34.17 - INFO - learning rate = 0.0005000
2025-12-23 10:36:04,747 - utils.logger2025-12-23-10.34.17 - INFO - Val result of epoch 25 / 40 acc 0.6453 uar 0.6166 f1 0.6157
2025-12-23 10:36:04,747 - utils.logger2025-12-23-10.34.17 - INFO - 
[[19  0  6  0]
 [ 7 23 28  0]
 [12  2 74  0]
 [ 5  0 12 15]]
2025-12-23 10:36:05,477 - utils.logger2025-12-23-10.34.17 - INFO - Tst result of epoch 25 / 40 acc 0.7778 uar 0.7341 f1 0.7539
2025-12-23 10:36:05,478 - utils.logger2025-12-23-10.34.17 - INFO - 
[[17  0  6  4]
 [ 0 71 10  1]
 [ 1  6 67  7]
 [ 2  0 15 27]]
2025-12-23 10:36:06,153 - utils.logger2025-12-23-10.34.17 - INFO - Cur epoch 26 loss TA:0.5539 TV:0.5819 VA:1.0335 CE:0.1456
2025-12-23 10:36:06,667 - utils.logger2025-12-23-10.34.17 - INFO - Cur epoch 26 loss TA:0.5656 TV:0.5642 VA:1.0068 CE:0.0561
2025-12-23 10:36:07,105 - utils.logger2025-12-23-10.34.17 - INFO - Cur epoch 26 loss TA:0.5447 TV:0.5608 VA:1.0478 CE:0.1354
2025-12-23 10:36:07,594 - utils.logger2025-12-23-10.34.17 - INFO - Cur epoch 26 loss TA:0.5821 TV:0.6007 VA:1.0304 CE:0.0216
2025-12-23 10:36:08,141 - utils.logger2025-12-23-10.34.17 - INFO - Cur epoch 26 loss TA:0.5179 TV:0.5318 VA:1.0058 CE:0.0520
2025-12-23 10:36:08,654 - utils.logger2025-12-23-10.34.17 - INFO - saving the model at the end of epoch 26, iters 1378
2025-12-23 10:36:08,785 - utils.logger2025-12-23-10.34.17 - INFO - End of training epoch 26 / 40 	 Time Taken: 3 sec
2025-12-23 10:36:08,785 - utils.logger2025-12-23-10.34.17 - INFO - learning rate = 0.0005000
2025-12-23 10:36:09,657 - utils.logger2025-12-23-10.34.17 - INFO - Val result of epoch 26 / 40 acc 0.6946 uar 0.6919 f1 0.6843
2025-12-23 10:36:09,658 - utils.logger2025-12-23-10.34.17 - INFO - 
[[20  0  5  0]
 [ 4 23 30  1]
 [ 8  1 75  4]
 [ 2  0  7 23]]
2025-12-23 10:36:10,109 - utils.logger2025-12-23-10.34.17 - INFO - Tst result of epoch 26 / 40 acc 0.7521 uar 0.7125 f1 0.7272
2025-12-23 10:36:10,109 - utils.logger2025-12-23-10.34.17 - INFO - 
[[14  2  4  7]
 [ 0 74  7  1]
 [ 1 13 55 12]
 [ 0  0 11 33]]
2025-12-23 10:36:10,568 - utils.logger2025-12-23-10.34.17 - INFO - Cur epoch 27 loss TA:0.5390 TV:0.5286 VA:0.9928 CE:0.1015
2025-12-23 10:36:11,132 - utils.logger2025-12-23-10.34.17 - INFO - Cur epoch 27 loss TA:0.5510 TV:0.5523 VA:1.0430 CE:0.0388
2025-12-23 10:36:11,536 - utils.logger2025-12-23-10.34.17 - INFO - Cur epoch 27 loss TA:0.5856 TV:0.5959 VA:0.9845 CE:0.0310
2025-12-23 10:36:11,934 - utils.logger2025-12-23-10.34.17 - INFO - Cur epoch 27 loss TA:0.5502 TV:0.5620 VA:1.0021 CE:0.0166
2025-12-23 10:36:12,353 - utils.logger2025-12-23-10.34.17 - INFO - Cur epoch 27 loss TA:0.5743 TV:0.5626 VA:0.9760 CE:0.0785
2025-12-23 10:36:12,723 - utils.logger2025-12-23-10.34.17 - INFO - Cur epoch 27 loss TA:0.5484 TV:0.5530 VA:0.9673 CE:0.0103
2025-12-23 10:36:12,827 - utils.logger2025-12-23-10.34.17 - INFO - saving the model at the end of epoch 27, iters 1431
2025-12-23 10:36:12,929 - utils.logger2025-12-23-10.34.17 - INFO - End of training epoch 27 / 40 	 Time Taken: 2 sec
2025-12-23 10:36:12,929 - utils.logger2025-12-23-10.34.17 - INFO - learning rate = 0.0005000
2025-12-23 10:36:13,863 - utils.logger2025-12-23-10.34.17 - INFO - Val result of epoch 27 / 40 acc 0.6897 uar 0.6550 f1 0.6702
2025-12-23 10:36:13,863 - utils.logger2025-12-23-10.34.17 - INFO - 
[[17  0  8  0]
 [ 4 28 26  0]
 [ 6  4 76  2]
 [ 4  0  9 19]]
2025-12-23 10:36:14,456 - utils.logger2025-12-23-10.34.17 - INFO - Tst result of epoch 27 / 40 acc 0.7436 uar 0.6746 f1 0.6980
2025-12-23 10:36:14,456 - utils.logger2025-12-23-10.34.17 - INFO - 
[[11  6  5  5]
 [ 0 79  2  1]
 [ 0 21 56  4]
 [ 1  2 13 28]]
2025-12-23 10:36:15,324 - utils.logger2025-12-23-10.34.17 - INFO - Cur epoch 28 loss TA:0.5487 TV:0.5723 VA:0.9856 CE:0.0293
2025-12-23 10:36:15,816 - utils.logger2025-12-23-10.34.17 - INFO - Cur epoch 28 loss TA:0.5556 TV:0.5711 VA:1.0260 CE:0.0277
2025-12-23 10:36:16,677 - utils.logger2025-12-23-10.34.17 - INFO - Cur epoch 28 loss TA:0.5648 TV:0.5853 VA:1.0002 CE:0.2039
2025-12-23 10:36:17,429 - utils.logger2025-12-23-10.34.17 - INFO - Cur epoch 28 loss TA:0.5505 TV:0.5558 VA:0.9559 CE:0.0692
2025-12-23 10:36:17,918 - utils.logger2025-12-23-10.34.17 - INFO - Cur epoch 28 loss TA:0.5420 TV:0.5654 VA:1.0513 CE:0.0764
2025-12-23 10:36:18,160 - utils.logger2025-12-23-10.34.17 - INFO - saving the model at the end of epoch 28, iters 1484
2025-12-23 10:36:18,278 - utils.logger2025-12-23-10.34.17 - INFO - End of training epoch 28 / 40 	 Time Taken: 3 sec
2025-12-23 10:36:18,278 - utils.logger2025-12-23-10.34.17 - INFO - learning rate = 0.0005000
2025-12-23 10:36:19,168 - utils.logger2025-12-23-10.34.17 - INFO - Val result of epoch 28 / 40 acc 0.6749 uar 0.6529 f1 0.6561
2025-12-23 10:36:19,169 - utils.logger2025-12-23-10.34.17 - INFO - 
[[19  1  5  0]
 [ 4 26 28  0]
 [11  3 74  0]
 [ 6  0  8 18]]
2025-12-23 10:36:19,701 - utils.logger2025-12-23-10.34.17 - INFO - Tst result of epoch 28 / 40 acc 0.7265 uar 0.6582 f1 0.6860
2025-12-23 10:36:19,701 - utils.logger2025-12-23-10.34.17 - INFO - 
[[12  6  6  3]
 [ 0 77  5  0]
 [ 1 20 57  3]
 [ 1  4 15 24]]
2025-12-23 10:36:20,298 - utils.logger2025-12-23-10.34.17 - INFO - Cur epoch 29 loss TA:0.5594 TV:0.5671 VA:0.9590 CE:0.2547
2025-12-23 10:36:20,711 - utils.logger2025-12-23-10.34.17 - INFO - Cur epoch 29 loss TA:0.5183 TV:0.5300 VA:0.9824 CE:0.0447
2025-12-23 10:36:21,161 - utils.logger2025-12-23-10.34.17 - INFO - Cur epoch 29 loss TA:0.5431 TV:0.5627 VA:1.0386 CE:0.1260
2025-12-23 10:36:21,658 - utils.logger2025-12-23-10.34.17 - INFO - Cur epoch 29 loss TA:0.5611 TV:0.5623 VA:1.0100 CE:0.1504
2025-12-23 10:36:22,316 - utils.logger2025-12-23-10.34.17 - INFO - Cur epoch 29 loss TA:0.5331 TV:0.5339 VA:0.9868 CE:0.0486
2025-12-23 10:36:22,638 - utils.logger2025-12-23-10.34.17 - INFO - saving the model at the end of epoch 29, iters 1537
2025-12-23 10:36:22,742 - utils.logger2025-12-23-10.34.17 - INFO - End of training epoch 29 / 40 	 Time Taken: 3 sec
2025-12-23 10:36:22,742 - utils.logger2025-12-23-10.34.17 - INFO - learning rate = 0.0005000
2025-12-23 10:36:23,510 - utils.logger2025-12-23-10.34.17 - INFO - Val result of epoch 29 / 40 acc 0.6700 uar 0.6379 f1 0.6383
2025-12-23 10:36:23,511 - utils.logger2025-12-23-10.34.17 - INFO - 
[[20  0  5  0]
 [ 7 23 28  0]
 [ 8  2 78  0]
 [ 4  0 13 15]]
2025-12-23 10:36:24,127 - utils.logger2025-12-23-10.34.17 - INFO - Tst result of epoch 29 / 40 acc 0.7650 uar 0.7016 f1 0.7242
2025-12-23 10:36:24,128 - utils.logger2025-12-23-10.34.17 - INFO - 
[[12  3  7  5]
 [ 0 74  8  0]
 [ 1 12 63  5]
 [ 1  1 12 30]]
2025-12-23 10:36:24,567 - utils.logger2025-12-23-10.34.17 - INFO - Cur epoch 30 loss TA:0.5633 TV:0.5657 VA:1.0231 CE:0.0828
2025-12-23 10:36:25,065 - utils.logger2025-12-23-10.34.17 - INFO - Cur epoch 30 loss TA:0.5450 TV:0.5492 VA:0.9757 CE:0.0246
2025-12-23 10:36:25,555 - utils.logger2025-12-23-10.34.17 - INFO - Cur epoch 30 loss TA:0.5556 TV:0.5826 VA:1.0278 CE:0.0748
2025-12-23 10:36:26,074 - utils.logger2025-12-23-10.34.17 - INFO - Cur epoch 30 loss TA:0.5392 TV:0.5705 VA:1.1027 CE:0.0668
2025-12-23 10:36:26,527 - utils.logger2025-12-23-10.34.17 - INFO - Cur epoch 30 loss TA:0.5357 TV:0.5311 VA:0.9689 CE:0.0263
2025-12-23 10:36:27,240 - utils.logger2025-12-23-10.34.17 - INFO - Cur epoch 30 loss TA:0.5026 TV:0.5305 VA:0.9143 CE:0.0620
2025-12-23 10:36:27,300 - utils.logger2025-12-23-10.34.17 - INFO - saving the model at the end of epoch 30, iters 1590
2025-12-23 10:36:27,406 - utils.logger2025-12-23-10.34.17 - INFO - End of training epoch 30 / 40 	 Time Taken: 3 sec
2025-12-23 10:36:27,406 - utils.logger2025-12-23-10.34.17 - INFO - learning rate = 0.0004545
2025-12-23 10:36:28,680 - utils.logger2025-12-23-10.34.17 - INFO - Val result of epoch 30 / 40 acc 0.6453 uar 0.6344 f1 0.6248
2025-12-23 10:36:28,680 - utils.logger2025-12-23-10.34.17 - INFO - 
[[21  0  4  0]
 [ 7 22 29  0]
 [13  3 72  0]
 [ 4  0 12 16]]
2025-12-23 10:36:29,368 - utils.logger2025-12-23-10.34.17 - INFO - Tst result of epoch 30 / 40 acc 0.7521 uar 0.7084 f1 0.7255
2025-12-23 10:36:29,368 - utils.logger2025-12-23-10.34.17 - INFO - 
[[15  4  5  3]
 [ 0 72 10  0]
 [ 2 13 60  6]
 [ 3  0 12 29]]
2025-12-23 10:36:30,427 - utils.logger2025-12-23-10.34.17 - INFO - Cur epoch 31 loss TA:0.5559 TV:0.5582 VA:0.9972 CE:0.0337
2025-12-23 10:36:30,848 - utils.logger2025-12-23-10.34.17 - INFO - Cur epoch 31 loss TA:0.5430 TV:0.5355 VA:1.0483 CE:0.0109
2025-12-23 10:36:31,253 - utils.logger2025-12-23-10.34.17 - INFO - Cur epoch 31 loss TA:0.5445 TV:0.5553 VA:0.9896 CE:0.0655
2025-12-23 10:36:31,666 - utils.logger2025-12-23-10.34.17 - INFO - Cur epoch 31 loss TA:0.5238 TV:0.5273 VA:0.9688 CE:0.0618
2025-12-23 10:36:32,068 - utils.logger2025-12-23-10.34.17 - INFO - Cur epoch 31 loss TA:0.5824 TV:0.5859 VA:1.0029 CE:0.1158
2025-12-23 10:36:32,236 - utils.logger2025-12-23-10.34.17 - INFO - saving the model at the end of epoch 31, iters 1643
2025-12-23 10:36:32,356 - utils.logger2025-12-23-10.34.17 - INFO - End of training epoch 31 / 40 	 Time Taken: 2 sec
2025-12-23 10:36:32,357 - utils.logger2025-12-23-10.34.17 - INFO - learning rate = 0.0004091
2025-12-23 10:36:32,884 - utils.logger2025-12-23-10.34.17 - INFO - Val result of epoch 31 / 40 acc 0.6502 uar 0.5942 f1 0.5937
2025-12-23 10:36:32,885 - utils.logger2025-12-23-10.34.17 - INFO - 
[[18  1  6  0]
 [ 5 31 22  0]
 [ 9  5 74  0]
 [ 6  1 16  9]]
2025-12-23 10:36:34,244 - utils.logger2025-12-23-10.34.17 - INFO - Tst result of epoch 31 / 40 acc 0.7393 uar 0.6710 f1 0.7035
2025-12-23 10:36:34,245 - utils.logger2025-12-23-10.34.17 - INFO - 
[[13  5  8  1]
 [ 0 78  4  0]
 [ 0 21 59  1]
 [ 2  1 18 23]]
2025-12-23 10:36:35,466 - utils.logger2025-12-23-10.34.17 - INFO - Cur epoch 32 loss TA:0.5505 TV:0.5454 VA:0.9664 CE:0.0070
2025-12-23 10:36:35,973 - utils.logger2025-12-23-10.34.17 - INFO - Cur epoch 32 loss TA:0.5534 TV:0.5577 VA:0.9792 CE:0.0280
2025-12-23 10:36:36,474 - utils.logger2025-12-23-10.34.17 - INFO - Cur epoch 32 loss TA:0.5157 TV:0.5480 VA:1.0039 CE:0.0921
2025-12-23 10:36:36,997 - utils.logger2025-12-23-10.34.17 - INFO - Cur epoch 32 loss TA:0.6075 TV:0.6088 VA:1.0305 CE:0.0976
2025-12-23 10:36:37,506 - utils.logger2025-12-23-10.34.17 - INFO - Cur epoch 32 loss TA:0.5332 TV:0.5331 VA:0.9698 CE:0.1290
2025-12-23 10:36:37,869 - utils.logger2025-12-23-10.34.17 - INFO - saving the model at the end of epoch 32, iters 1696
2025-12-23 10:36:37,999 - utils.logger2025-12-23-10.34.17 - INFO - End of training epoch 32 / 40 	 Time Taken: 3 sec
2025-12-23 10:36:37,999 - utils.logger2025-12-23-10.34.17 - INFO - learning rate = 0.0003636
2025-12-23 10:36:38,651 - utils.logger2025-12-23-10.34.17 - INFO - Val result of epoch 32 / 40 acc 0.6798 uar 0.6444 f1 0.6598
2025-12-23 10:36:38,651 - utils.logger2025-12-23-10.34.17 - INFO - 
[[17  1  7  0]
 [ 5 28 25  0]
 [ 7  5 75  1]
 [ 3  0 11 18]]
2025-12-23 10:36:39,035 - utils.logger2025-12-23-10.34.17 - INFO - Tst result of epoch 32 / 40 acc 0.7350 uar 0.6731 f1 0.6903
2025-12-23 10:36:39,036 - utils.logger2025-12-23-10.34.17 - INFO - 
[[13  6  5  3]
 [ 0 77  5  0]
 [ 5 16 57  3]
 [ 2  1 16 25]]
2025-12-23 10:36:39,993 - utils.logger2025-12-23-10.34.17 - INFO - Cur epoch 33 loss TA:0.5426 TV:0.5592 VA:1.0134 CE:0.0667
2025-12-23 10:36:40,583 - utils.logger2025-12-23-10.34.17 - INFO - Cur epoch 33 loss TA:0.5663 TV:0.5867 VA:0.9879 CE:0.0597
2025-12-23 10:36:41,015 - utils.logger2025-12-23-10.34.17 - INFO - Cur epoch 33 loss TA:0.5218 TV:0.5315 VA:1.0034 CE:0.0320
2025-12-23 10:36:41,466 - utils.logger2025-12-23-10.34.17 - INFO - Cur epoch 33 loss TA:0.5497 TV:0.5582 VA:1.0290 CE:0.0613
2025-12-23 10:36:41,913 - utils.logger2025-12-23-10.34.17 - INFO - Cur epoch 33 loss TA:0.5352 TV:0.5443 VA:0.9810 CE:0.1041
2025-12-23 10:36:42,321 - utils.logger2025-12-23-10.34.17 - INFO - saving the model at the end of epoch 33, iters 1749
2025-12-23 10:36:42,425 - utils.logger2025-12-23-10.34.17 - INFO - End of training epoch 33 / 40 	 Time Taken: 3 sec
2025-12-23 10:36:42,425 - utils.logger2025-12-23-10.34.17 - INFO - learning rate = 0.0003182
2025-12-23 10:36:43,015 - utils.logger2025-12-23-10.34.17 - INFO - Val result of epoch 33 / 40 acc 0.6847 uar 0.6601 f1 0.6695
2025-12-23 10:36:43,015 - utils.logger2025-12-23-10.34.17 - INFO - 
[[19  0  6  0]
 [ 4 27 27  0]
 [ 8  4 75  1]
 [ 3  1 10 18]]
2025-12-23 10:36:43,498 - utils.logger2025-12-23-10.34.17 - INFO - Tst result of epoch 33 / 40 acc 0.7393 uar 0.6778 f1 0.6961
2025-12-23 10:36:43,498 - utils.logger2025-12-23-10.34.17 - INFO - 
[[12  6  3  6]
 [ 0 77  4  1]
 [ 1 16 56  8]
 [ 1  0 15 28]]
2025-12-23 10:36:44,001 - utils.logger2025-12-23-10.34.17 - INFO - Cur epoch 34 loss TA:0.5335 TV:0.5468 VA:0.9782 CE:0.0212
2025-12-23 10:36:44,494 - utils.logger2025-12-23-10.34.17 - INFO - Cur epoch 34 loss TA:0.5591 TV:0.5527 VA:1.0140 CE:0.0665
2025-12-23 10:36:45,123 - utils.logger2025-12-23-10.34.17 - INFO - Cur epoch 34 loss TA:0.5128 TV:0.5279 VA:0.9712 CE:0.0109
2025-12-23 10:36:45,635 - utils.logger2025-12-23-10.34.17 - INFO - Cur epoch 34 loss TA:0.5380 TV:0.5524 VA:0.9677 CE:0.0503
2025-12-23 10:36:46,022 - utils.logger2025-12-23-10.34.17 - INFO - Cur epoch 34 loss TA:0.5105 TV:0.5190 VA:0.9694 CE:0.0050
2025-12-23 10:36:46,448 - utils.logger2025-12-23-10.34.17 - INFO - Cur epoch 34 loss TA:0.5245 TV:0.5489 VA:0.9982 CE:0.0328
2025-12-23 10:36:46,597 - utils.logger2025-12-23-10.34.17 - INFO - saving the model at the end of epoch 34, iters 1802
2025-12-23 10:36:46,720 - utils.logger2025-12-23-10.34.17 - INFO - End of training epoch 34 / 40 	 Time Taken: 3 sec
2025-12-23 10:36:46,721 - utils.logger2025-12-23-10.34.17 - INFO - learning rate = 0.0002727
2025-12-23 10:36:47,093 - utils.logger2025-12-23-10.34.17 - INFO - Val result of epoch 34 / 40 acc 0.6552 uar 0.5949 f1 0.6280
2025-12-23 10:36:47,094 - utils.logger2025-12-23-10.34.17 - INFO - 
[[14  1 10  0]
 [ 2 22 34  0]
 [ 5  3 80  0]
 [ 2  0 13 17]]
2025-12-23 10:36:47,961 - utils.logger2025-12-23-10.34.17 - INFO - Tst result of epoch 34 / 40 acc 0.7564 uar 0.6866 f1 0.7116
2025-12-23 10:36:47,961 - utils.logger2025-12-23-10.34.17 - INFO - 
[[11  5  7  4]
 [ 0 76  5  1]
 [ 0 16 61  4]
 [ 1  1 13 29]]
2025-12-23 10:36:48,749 - utils.logger2025-12-23-10.34.17 - INFO - Cur epoch 35 loss TA:0.5032 TV:0.5270 VA:0.9817 CE:0.0381
2025-12-23 10:36:49,272 - utils.logger2025-12-23-10.34.17 - INFO - Cur epoch 35 loss TA:0.5269 TV:0.5314 VA:0.9495 CE:0.0446
2025-12-23 10:36:49,827 - utils.logger2025-12-23-10.34.17 - INFO - Cur epoch 35 loss TA:0.5455 TV:0.5523 VA:1.0070 CE:0.0331
2025-12-23 10:36:50,526 - utils.logger2025-12-23-10.34.17 - INFO - Cur epoch 35 loss TA:0.5464 TV:0.5590 VA:0.9990 CE:0.0734
2025-12-23 10:36:51,077 - utils.logger2025-12-23-10.34.17 - INFO - Cur epoch 35 loss TA:0.5062 TV:0.5177 VA:0.9701 CE:0.0400
2025-12-23 10:36:51,377 - utils.logger2025-12-23-10.34.17 - INFO - saving the model at the end of epoch 35, iters 1855
2025-12-23 10:36:51,465 - utils.logger2025-12-23-10.34.17 - INFO - End of training epoch 35 / 40 	 Time Taken: 3 sec
2025-12-23 10:36:51,465 - utils.logger2025-12-23-10.34.17 - INFO - learning rate = 0.0002273
2025-12-23 10:36:52,489 - utils.logger2025-12-23-10.34.17 - INFO - Val result of epoch 35 / 40 acc 0.6207 uar 0.6075 f1 0.5952
2025-12-23 10:36:52,490 - utils.logger2025-12-23-10.34.17 - INFO - 
[[20  0  5  0]
 [ 9 25 24  0]
 [16  5 67  0]
 [ 7  1 10 14]]
2025-12-23 10:36:52,875 - utils.logger2025-12-23-10.34.17 - INFO - Tst result of epoch 35 / 40 acc 0.7393 uar 0.6921 f1 0.7062
2025-12-23 10:36:52,875 - utils.logger2025-12-23-10.34.17 - INFO - 
[[16  5  4  2]
 [ 0 77  5  0]
 [ 6 18 56  1]
 [ 3  0 17 24]]
2025-12-23 10:36:53,443 - utils.logger2025-12-23-10.34.17 - INFO - Cur epoch 36 loss TA:0.5477 TV:0.5479 VA:0.9842 CE:0.0301
2025-12-23 10:36:53,977 - utils.logger2025-12-23-10.34.17 - INFO - Cur epoch 36 loss TA:0.5536 TV:0.5692 VA:0.9679 CE:0.0329
2025-12-23 10:36:54,514 - utils.logger2025-12-23-10.34.17 - INFO - Cur epoch 36 loss TA:0.5161 TV:0.5348 VA:0.9568 CE:0.0027
2025-12-23 10:36:55,037 - utils.logger2025-12-23-10.34.17 - INFO - Cur epoch 36 loss TA:0.4936 TV:0.5103 VA:0.9685 CE:0.0066
2025-12-23 10:36:55,693 - utils.logger2025-12-23-10.34.17 - INFO - Cur epoch 36 loss TA:0.5005 TV:0.5178 VA:0.9475 CE:0.0054
2025-12-23 10:36:56,304 - utils.logger2025-12-23-10.34.17 - INFO - saving the model at the end of epoch 36, iters 1908
2025-12-23 10:36:56,422 - utils.logger2025-12-23-10.34.17 - INFO - End of training epoch 36 / 40 	 Time Taken: 3 sec
2025-12-23 10:36:56,422 - utils.logger2025-12-23-10.34.17 - INFO - learning rate = 0.0001818
2025-12-23 10:36:57,063 - utils.logger2025-12-23-10.34.17 - INFO - Val result of epoch 36 / 40 acc 0.6601 uar 0.6235 f1 0.6417
2025-12-23 10:36:57,064 - utils.logger2025-12-23-10.34.17 - INFO - 
[[16  1  8  0]
 [ 4 23 31  0]
 [ 7  5 76  0]
 [ 3  1  9 19]]
2025-12-23 10:36:57,447 - utils.logger2025-12-23-10.34.17 - INFO - Tst result of epoch 36 / 40 acc 0.7350 uar 0.6634 f1 0.6928
2025-12-23 10:36:57,447 - utils.logger2025-12-23-10.34.17 - INFO - 
[[11  5  8  3]
 [ 0 75  7  0]
 [ 0 17 60  4]
 [ 1  0 17 26]]
2025-12-23 10:36:57,840 - utils.logger2025-12-23-10.34.17 - INFO - Cur epoch 37 loss TA:0.4945 TV:0.5064 VA:0.9219 CE:0.0054
2025-12-23 10:36:58,319 - utils.logger2025-12-23-10.34.17 - INFO - Cur epoch 37 loss TA:0.5268 TV:0.5283 VA:0.9765 CE:0.0102
2025-12-23 10:36:58,813 - utils.logger2025-12-23-10.34.17 - INFO - Cur epoch 37 loss TA:0.4988 TV:0.5083 VA:0.9549 CE:0.0074
2025-12-23 10:36:59,272 - utils.logger2025-12-23-10.34.17 - INFO - Cur epoch 37 loss TA:0.5297 TV:0.5423 VA:0.9912 CE:0.0164
2025-12-23 10:36:59,750 - utils.logger2025-12-23-10.34.17 - INFO - Cur epoch 37 loss TA:0.5522 TV:0.5503 VA:0.9629 CE:0.0129
2025-12-23 10:37:00,263 - utils.logger2025-12-23-10.34.17 - INFO - Cur epoch 37 loss TA:0.4823 TV:0.4892 VA:0.9417 CE:0.0052
2025-12-23 10:37:00,390 - utils.logger2025-12-23-10.34.17 - INFO - saving the model at the end of epoch 37, iters 1961
2025-12-23 10:37:00,508 - utils.logger2025-12-23-10.34.17 - INFO - End of training epoch 37 / 40 	 Time Taken: 3 sec
2025-12-23 10:37:00,508 - utils.logger2025-12-23-10.34.17 - INFO - learning rate = 0.0001364
2025-12-23 10:37:01,095 - utils.logger2025-12-23-10.34.17 - INFO - Val result of epoch 37 / 40 acc 0.6650 uar 0.6393 f1 0.6476
2025-12-23 10:37:01,095 - utils.logger2025-12-23-10.34.17 - INFO - 
[[19  0  6  0]
 [ 5 24 29  0]
 [ 8  5 75  0]
 [ 3  1 11 17]]
2025-12-23 10:37:01,683 - utils.logger2025-12-23-10.34.17 - INFO - Tst result of epoch 37 / 40 acc 0.7692 uar 0.6968 f1 0.7259
2025-12-23 10:37:01,684 - utils.logger2025-12-23-10.34.17 - INFO - 
[[12  4  8  3]
 [ 0 76  5  1]
 [ 0 13 65  3]
 [ 1  0 16 27]]
2025-12-23 10:37:02,648 - utils.logger2025-12-23-10.34.17 - INFO - Cur epoch 38 loss TA:0.4912 TV:0.5039 VA:0.9135 CE:0.0407
2025-12-23 10:37:03,144 - utils.logger2025-12-23-10.34.17 - INFO - Cur epoch 38 loss TA:0.5083 TV:0.5187 VA:0.9584 CE:0.0163
2025-12-23 10:37:03,626 - utils.logger2025-12-23-10.34.17 - INFO - Cur epoch 38 loss TA:0.4781 TV:0.4888 VA:0.9311 CE:0.0220
2025-12-23 10:37:04,099 - utils.logger2025-12-23-10.34.17 - INFO - Cur epoch 38 loss TA:0.5133 TV:0.5089 VA:0.9449 CE:0.0241
2025-12-23 10:37:04,617 - utils.logger2025-12-23-10.34.17 - INFO - Cur epoch 38 loss TA:0.4873 TV:0.4964 VA:0.9545 CE:0.0471
2025-12-23 10:37:04,847 - utils.logger2025-12-23-10.34.17 - INFO - saving the model at the end of epoch 38, iters 2014
2025-12-23 10:37:04,958 - utils.logger2025-12-23-10.34.17 - INFO - End of training epoch 38 / 40 	 Time Taken: 3 sec
2025-12-23 10:37:04,958 - utils.logger2025-12-23-10.34.17 - INFO - learning rate = 0.0000909
2025-12-23 10:37:05,395 - utils.logger2025-12-23-10.34.17 - INFO - Val result of epoch 38 / 40 acc 0.6650 uar 0.6375 f1 0.6402
2025-12-23 10:37:05,396 - utils.logger2025-12-23-10.34.17 - INFO - 
[[18  1  6  0]
 [ 7 31 20  0]
 [12  6 70  0]
 [ 6  1  9 16]]
2025-12-23 10:37:05,943 - utils.logger2025-12-23-10.34.17 - INFO - Tst result of epoch 38 / 40 acc 0.7564 uar 0.6937 f1 0.7213
2025-12-23 10:37:05,944 - utils.logger2025-12-23-10.34.17 - INFO - 
[[13  5  6  3]
 [ 0 77  4  1]
 [ 1 18 60  2]
 [ 1  0 16 27]]
2025-12-23 10:37:07,270 - utils.logger2025-12-23-10.34.17 - INFO - Cur epoch 39 loss TA:0.4982 TV:0.5075 VA:0.9381 CE:0.0046
2025-12-23 10:37:07,822 - utils.logger2025-12-23-10.34.17 - INFO - Cur epoch 39 loss TA:0.5036 TV:0.5251 VA:0.9590 CE:0.0015
2025-12-23 10:37:08,292 - utils.logger2025-12-23-10.34.17 - INFO - Cur epoch 39 loss TA:0.4771 TV:0.4847 VA:0.9175 CE:0.0563
2025-12-23 10:37:08,752 - utils.logger2025-12-23-10.34.17 - INFO - Cur epoch 39 loss TA:0.5187 TV:0.5363 VA:0.9621 CE:0.0104
2025-12-23 10:37:09,176 - utils.logger2025-12-23-10.34.17 - INFO - Cur epoch 39 loss TA:0.5048 TV:0.5094 VA:0.9433 CE:0.0141
2025-12-23 10:37:09,555 - utils.logger2025-12-23-10.34.17 - INFO - saving the model at the end of epoch 39, iters 2067
2025-12-23 10:37:09,674 - utils.logger2025-12-23-10.34.17 - INFO - End of training epoch 39 / 40 	 Time Taken: 3 sec
2025-12-23 10:37:09,674 - utils.logger2025-12-23-10.34.17 - INFO - learning rate = 0.0000455
2025-12-23 10:37:10,074 - utils.logger2025-12-23-10.34.17 - INFO - Val result of epoch 39 / 40 acc 0.6700 uar 0.6536 f1 0.6559
2025-12-23 10:37:10,074 - utils.logger2025-12-23-10.34.17 - INFO - 
[[19  0  6  0]
 [ 6 25 27  0]
 [10  5 73  0]
 [ 4  1  8 19]]
2025-12-23 10:37:10,460 - utils.logger2025-12-23-10.34.17 - INFO - Tst result of epoch 39 / 40 acc 0.7692 uar 0.6958 f1 0.7205
2025-12-23 10:37:10,461 - utils.logger2025-12-23-10.34.17 - INFO - 
[[11  5  7  4]
 [ 0 77  4  1]
 [ 0 14 63  4]
 [ 1  0 14 29]]
2025-12-23 10:37:11,073 - utils.logger2025-12-23-10.34.17 - INFO - Cur epoch 40 loss TA:0.5095 TV:0.5203 VA:0.9324 CE:0.0057
2025-12-23 10:37:11,629 - utils.logger2025-12-23-10.34.17 - INFO - Cur epoch 40 loss TA:0.4997 TV:0.5059 VA:0.9347 CE:0.0007
2025-12-23 10:37:12,073 - utils.logger2025-12-23-10.34.17 - INFO - Cur epoch 40 loss TA:0.5080 TV:0.5211 VA:0.9295 CE:0.0007
2025-12-23 10:37:12,507 - utils.logger2025-12-23-10.34.17 - INFO - Cur epoch 40 loss TA:0.5198 TV:0.5328 VA:0.9174 CE:0.0011
2025-12-23 10:37:13,011 - utils.logger2025-12-23-10.34.17 - INFO - Cur epoch 40 loss TA:0.5156 TV:0.5198 VA:0.9270 CE:0.0012
2025-12-23 10:37:13,469 - utils.logger2025-12-23-10.34.17 - INFO - Cur epoch 40 loss TA:0.4374 TV:0.4437 VA:0.8001 CE:0.0019
2025-12-23 10:37:13,526 - utils.logger2025-12-23-10.34.17 - INFO - saving the model at the end of epoch 40, iters 2120
2025-12-23 10:37:13,637 - utils.logger2025-12-23-10.34.17 - INFO - End of training epoch 40 / 40 	 Time Taken: 3 sec
2025-12-23 10:37:13,638 - utils.logger2025-12-23-10.34.17 - INFO - learning rate = 0.0000000
2025-12-23 10:37:14,005 - utils.logger2025-12-23-10.34.17 - INFO - Val result of epoch 40 / 40 acc 0.6700 uar 0.6394 f1 0.6462
2025-12-23 10:37:14,005 - utils.logger2025-12-23-10.34.17 - INFO - 
[[18  1  6  0]
 [ 6 27 25  0]
 [ 9  5 74  0]
 [ 5  1  9 17]]
2025-12-23 10:37:14,395 - utils.logger2025-12-23-10.34.17 - INFO - Tst result of epoch 40 / 40 acc 0.7650 uar 0.6911 f1 0.7211
2025-12-23 10:37:14,396 - utils.logger2025-12-23-10.34.17 - INFO - 
[[12  5  7  3]
 [ 0 77  4  1]
 [ 0 15 64  2]
 [ 1  0 17 26]]
2025-12-23 10:37:14,396 - utils.logger2025-12-23-10.34.17 - INFO - Best eval epoch 13 found with f1 0.793298
