2025-12-23 10:50:27,960 - utils.logger2025-12-23-10.50.27 - INFO - The number of training samples = 4290
2025-12-23 10:50:29,974 - utils.logger2025-12-23-10.50.27 - INFO - Cur epoch 1 loss TA:1.0349 TV:1.0325 VA:2.0693 CE:1.7164
2025-12-23 10:50:30,432 - utils.logger2025-12-23-10.50.27 - INFO - Cur epoch 1 loss TA:1.0262 TV:1.0241 VA:2.0588 CE:1.5400
2025-12-23 10:50:30,975 - utils.logger2025-12-23-10.50.27 - INFO - Cur epoch 1 loss TA:1.0170 TV:0.9949 VA:2.0372 CE:1.4164
2025-12-23 10:50:31,418 - utils.logger2025-12-23-10.50.27 - INFO - Cur epoch 1 loss TA:1.0083 TV:0.9682 VA:2.0183 CE:1.4664
2025-12-23 10:50:31,862 - utils.logger2025-12-23-10.50.27 - INFO - Cur epoch 1 loss TA:0.9959 TV:0.9630 VA:1.9855 CE:1.3713
2025-12-23 10:50:32,243 - utils.logger2025-12-23-10.50.27 - INFO - Cur epoch 1 loss TA:0.9756 TV:0.9326 VA:1.9254 CE:1.3599
2025-12-23 10:50:32,588 - utils.logger2025-12-23-10.50.27 - INFO - saving the model at the end of epoch 1, iters 68
2025-12-23 10:50:32,685 - utils.logger2025-12-23-10.50.27 - INFO - End of training epoch 1 / 40 	 Time Taken: 4 sec
2025-12-23 10:50:32,685 - utils.logger2025-12-23-10.50.27 - INFO - learning rate = 0.0002000
2025-12-23 10:50:33,455 - utils.logger2025-12-23-10.50.27 - INFO - Val result of epoch 1 / 40 acc 0.4746 uar 0.4779 f1 0.4134
2025-12-23 10:50:33,455 - utils.logger2025-12-23-10.50.27 - INFO - 
[[ 54  21   3   0]
 [ 11 108  39   1]
 [ 31  74 116   0]
 [ 12  70  48   2]]
2025-12-23 10:50:33,892 - utils.logger2025-12-23-10.50.27 - INFO - Tst result of epoch 1 / 40 acc 0.4731 uar 0.3974 f1 0.3658
2025-12-23 10:50:33,892 - utils.logger2025-12-23-10.50.27 - INFO - 
[[ 41  42   9   0]
 [ 43 191  48   1]
 [ 21  67  75   0]
 [ 11  81  20   1]]
2025-12-23 10:50:34,173 - utils.logger2025-12-23-10.50.27 - INFO - Cur epoch 2 loss TA:0.9641 TV:0.9467 VA:1.9074 CE:1.3432
2025-12-23 10:50:34,598 - utils.logger2025-12-23-10.50.27 - INFO - Cur epoch 2 loss TA:0.9543 TV:0.9514 VA:1.8705 CE:1.2230
2025-12-23 10:50:35,137 - utils.logger2025-12-23-10.50.27 - INFO - Cur epoch 2 loss TA:0.9674 TV:0.9532 VA:1.9023 CE:1.3153
2025-12-23 10:50:35,594 - utils.logger2025-12-23-10.50.27 - INFO - Cur epoch 2 loss TA:0.9703 TV:0.9539 VA:1.9406 CE:1.2333
2025-12-23 10:50:36,356 - utils.logger2025-12-23-10.50.27 - INFO - Cur epoch 2 loss TA:0.9617 TV:0.9619 VA:1.8475 CE:1.1779
2025-12-23 10:50:37,305 - utils.logger2025-12-23-10.50.27 - INFO - Cur epoch 2 loss TA:0.9307 TV:0.9501 VA:1.8880 CE:1.1095
2025-12-23 10:50:38,125 - utils.logger2025-12-23-10.50.27 - INFO - Cur epoch 2 loss TA:0.9584 TV:0.9549 VA:1.8621 CE:1.1994
2025-12-23 10:50:38,409 - utils.logger2025-12-23-10.50.27 - INFO - saving the model at the end of epoch 2, iters 136
2025-12-23 10:50:38,511 - utils.logger2025-12-23-10.50.27 - INFO - End of training epoch 2 / 40 	 Time Taken: 4 sec
2025-12-23 10:50:38,511 - utils.logger2025-12-23-10.50.27 - INFO - learning rate = 0.0002000
2025-12-23 10:50:39,048 - utils.logger2025-12-23-10.50.27 - INFO - Val result of epoch 2 / 40 acc 0.7085 uar 0.7205 f1 0.6965
2025-12-23 10:50:39,048 - utils.logger2025-12-23-10.50.27 - INFO - 
[[ 69   4   5   0]
 [  4 147   6   2]
 [ 20  45 150   6]
 [ 12   6  62  52]]
2025-12-23 10:50:39,579 - utils.logger2025-12-23-10.50.27 - INFO - Tst result of epoch 2 / 40 acc 0.6344 uar 0.5906 f1 0.5849
2025-12-23 10:50:39,580 - utils.logger2025-12-23-10.50.27 - INFO - 
[[ 52  25  13   2]
 [ 36 198  48   1]
 [ 14  12 127  10]
 [  8  44  25  36]]
2025-12-23 10:50:39,979 - utils.logger2025-12-23-10.50.27 - INFO - Cur epoch 3 loss TA:0.9038 TV:0.9288 VA:1.7840 CE:1.0014
2025-12-23 10:50:40,482 - utils.logger2025-12-23-10.50.27 - INFO - Cur epoch 3 loss TA:0.8874 TV:0.8954 VA:1.7176 CE:0.9893
2025-12-23 10:50:41,296 - utils.logger2025-12-23-10.50.27 - INFO - Cur epoch 3 loss TA:0.9092 TV:0.9180 VA:1.8065 CE:0.9791
2025-12-23 10:50:42,153 - utils.logger2025-12-23-10.50.27 - INFO - Cur epoch 3 loss TA:0.9044 TV:0.9088 VA:1.7040 CE:0.9443
2025-12-23 10:50:42,715 - utils.logger2025-12-23-10.50.27 - INFO - Cur epoch 3 loss TA:0.9046 TV:0.9325 VA:1.7618 CE:0.9938
2025-12-23 10:50:43,209 - utils.logger2025-12-23-10.50.27 - INFO - Cur epoch 3 loss TA:0.8652 TV:0.8922 VA:1.7181 CE:0.8374
2025-12-23 10:50:43,765 - utils.logger2025-12-23-10.50.27 - INFO - Cur epoch 3 loss TA:0.9069 TV:0.8963 VA:1.7246 CE:0.7241
2025-12-23 10:50:44,024 - utils.logger2025-12-23-10.50.27 - INFO - saving the model at the end of epoch 3, iters 204
2025-12-23 10:50:44,134 - utils.logger2025-12-23-10.50.27 - INFO - End of training epoch 3 / 40 	 Time Taken: 4 sec
2025-12-23 10:50:44,134 - utils.logger2025-12-23-10.50.27 - INFO - learning rate = 0.0002000
2025-12-23 10:50:44,638 - utils.logger2025-12-23-10.50.27 - INFO - Val result of epoch 3 / 40 acc 0.7644 uar 0.7782 f1 0.7657
2025-12-23 10:50:44,638 - utils.logger2025-12-23-10.50.27 - INFO - 
[[ 70   3   4   1]
 [  4 142  11   2]
 [ 12  31 160  18]
 [  9   3  41  79]]
2025-12-23 10:50:45,155 - utils.logger2025-12-23-10.50.27 - INFO - Tst result of epoch 3 / 40 acc 0.6759 uar 0.6639 f1 0.6559
2025-12-23 10:50:45,155 - utils.logger2025-12-23-10.50.27 - INFO - 
[[ 54  13  21   4]
 [ 29 183  65   6]
 [  3   4 138  18]
 [  4  19  25  65]]
2025-12-23 10:50:46,093 - utils.logger2025-12-23-10.50.27 - INFO - Cur epoch 4 loss TA:0.8473 TV:0.8858 VA:1.6806 CE:0.8967
2025-12-23 10:50:46,947 - utils.logger2025-12-23-10.50.27 - INFO - Cur epoch 4 loss TA:0.8704 TV:0.8968 VA:1.7047 CE:0.7206
2025-12-23 10:50:47,357 - utils.logger2025-12-23-10.50.27 - INFO - Cur epoch 4 loss TA:0.8866 TV:0.9167 VA:1.7289 CE:0.8973
2025-12-23 10:50:47,918 - utils.logger2025-12-23-10.50.27 - INFO - Cur epoch 4 loss TA:0.8657 TV:0.9275 VA:1.7403 CE:0.7870
2025-12-23 10:50:48,377 - utils.logger2025-12-23-10.50.27 - INFO - Cur epoch 4 loss TA:0.8629 TV:0.8735 VA:1.6750 CE:0.8082
2025-12-23 10:50:48,853 - utils.logger2025-12-23-10.50.27 - INFO - Cur epoch 4 loss TA:0.8526 TV:0.8623 VA:1.6497 CE:0.8735
2025-12-23 10:50:49,388 - utils.logger2025-12-23-10.50.27 - INFO - Cur epoch 4 loss TA:0.8551 TV:0.8615 VA:1.6126 CE:0.7713
2025-12-23 10:50:49,554 - utils.logger2025-12-23-10.50.27 - INFO - saving the model at the end of epoch 4, iters 272
2025-12-23 10:50:49,642 - utils.logger2025-12-23-10.50.27 - INFO - End of training epoch 4 / 40 	 Time Taken: 4 sec
2025-12-23 10:50:49,642 - utils.logger2025-12-23-10.50.27 - INFO - learning rate = 0.0002000
2025-12-23 10:50:50,852 - utils.logger2025-12-23-10.50.27 - INFO - Val result of epoch 4 / 40 acc 0.8068 uar 0.8288 f1 0.8057
2025-12-23 10:50:50,852 - utils.logger2025-12-23-10.50.27 - INFO - 
[[ 72   4   1   1]
 [  3 145   5   6]
 [ 15  26 158  22]
 [ 11   2  18 101]]
2025-12-23 10:50:51,918 - utils.logger2025-12-23-10.50.27 - INFO - Tst result of epoch 4 / 40 acc 0.6897 uar 0.7101 f1 0.6805
2025-12-23 10:50:51,918 - utils.logger2025-12-23-10.50.27 - INFO - 
[[ 69   6  11   6]
 [ 43 174  59   7]
 [  9   3 128  23]
 [  7  14  14  78]]
2025-12-23 10:50:52,675 - utils.logger2025-12-23-10.50.27 - INFO - Cur epoch 5 loss TA:0.7910 TV:0.8542 VA:1.6283 CE:0.7589
2025-12-23 10:50:53,188 - utils.logger2025-12-23-10.50.27 - INFO - Cur epoch 5 loss TA:0.8301 TV:0.8490 VA:1.6538 CE:0.5715
2025-12-23 10:50:53,678 - utils.logger2025-12-23-10.50.27 - INFO - Cur epoch 5 loss TA:0.8086 TV:0.8097 VA:1.5948 CE:0.7406
2025-12-23 10:50:54,194 - utils.logger2025-12-23-10.50.27 - INFO - Cur epoch 5 loss TA:0.8080 TV:0.8491 VA:1.6014 CE:0.6539
2025-12-23 10:50:54,758 - utils.logger2025-12-23-10.50.27 - INFO - Cur epoch 5 loss TA:0.8346 TV:0.8762 VA:1.6993 CE:0.7194
2025-12-23 10:50:55,478 - utils.logger2025-12-23-10.50.27 - INFO - Cur epoch 5 loss TA:0.8526 TV:0.8260 VA:1.5776 CE:0.9250
2025-12-23 10:50:55,971 - utils.logger2025-12-23-10.50.27 - INFO - Cur epoch 5 loss TA:-0.1099 TV:-0.1890 VA:-0.9992 CE:0.1121
2025-12-23 10:50:56,179 - utils.logger2025-12-23-10.50.27 - INFO - saving the model at the end of epoch 5, iters 340
2025-12-23 10:50:56,262 - utils.logger2025-12-23-10.50.27 - INFO - End of training epoch 5 / 40 	 Time Taken: 4 sec
2025-12-23 10:50:56,262 - utils.logger2025-12-23-10.50.27 - INFO - learning rate = 0.0002000
2025-12-23 10:50:56,851 - utils.logger2025-12-23-10.50.27 - INFO - Val result of epoch 5 / 40 acc 0.8153 uar 0.8252 f1 0.8193
2025-12-23 10:50:56,851 - utils.logger2025-12-23-10.50.27 - INFO - 
[[ 67   6   4   1]
 [  1 151   4   3]
 [  6  38 164  13]
 [  6   7  20  99]]
2025-12-23 10:50:57,524 - utils.logger2025-12-23-10.50.27 - INFO - Tst result of epoch 5 / 40 acc 0.7465 uar 0.7327 f1 0.7307
2025-12-23 10:50:57,524 - utils.logger2025-12-23-10.50.27 - INFO - 
[[ 61  13  14   4]
 [ 18 215  48   2]
 [  4   8 129  22]
 [  3  18  11  81]]
2025-12-23 10:50:58,187 - utils.logger2025-12-23-10.50.27 - INFO - Cur epoch 6 loss TA:0.8032 TV:0.8572 VA:1.5479 CE:0.5969
2025-12-23 10:50:58,709 - utils.logger2025-12-23-10.50.27 - INFO - Cur epoch 6 loss TA:0.8090 TV:0.8213 VA:1.6154 CE:0.5920
2025-12-23 10:50:59,279 - utils.logger2025-12-23-10.50.27 - INFO - Cur epoch 6 loss TA:0.7840 TV:0.8196 VA:1.5366 CE:0.6343
2025-12-23 10:50:59,832 - utils.logger2025-12-23-10.50.27 - INFO - Cur epoch 6 loss TA:0.7854 TV:0.8457 VA:1.5857 CE:0.7352
2025-12-23 10:51:00,674 - utils.logger2025-12-23-10.50.27 - INFO - Cur epoch 6 loss TA:0.8099 TV:0.8755 VA:1.5985 CE:0.7823
2025-12-23 10:51:01,277 - utils.logger2025-12-23-10.50.27 - INFO - Cur epoch 6 loss TA:0.8367 TV:0.8686 VA:1.5839 CE:0.7653
2025-12-23 10:51:01,893 - utils.logger2025-12-23-10.50.27 - INFO - saving the model at the end of epoch 6, iters 408
2025-12-23 10:51:01,998 - utils.logger2025-12-23-10.50.27 - INFO - End of training epoch 6 / 40 	 Time Taken: 4 sec
2025-12-23 10:51:01,998 - utils.logger2025-12-23-10.50.27 - INFO - learning rate = 0.0002000
2025-12-23 10:51:02,487 - utils.logger2025-12-23-10.50.27 - INFO - Val result of epoch 6 / 40 acc 0.8000 uar 0.8242 f1 0.8092
2025-12-23 10:51:02,488 - utils.logger2025-12-23-10.50.27 - INFO - 
[[ 67   5   4   2]
 [  0 151   3   5]
 [  6  38 143  34]
 [  4   4  13 111]]
2025-12-23 10:51:03,162 - utils.logger2025-12-23-10.50.27 - INFO - Tst result of epoch 6 / 40 acc 0.7527 uar 0.7346 f1 0.7341
2025-12-23 10:51:03,162 - utils.logger2025-12-23-10.50.27 - INFO - 
[[ 60  14  12   6]
 [ 11 224  46   2]
 [  3   7 121  32]
 [  3  14  11  85]]
2025-12-23 10:51:03,692 - utils.logger2025-12-23-10.50.27 - INFO - Cur epoch 7 loss TA:0.7670 TV:0.8205 VA:1.5611 CE:0.3988
2025-12-23 10:51:04,309 - utils.logger2025-12-23-10.50.27 - INFO - Cur epoch 7 loss TA:0.7569 TV:0.8172 VA:1.5858 CE:0.4459
2025-12-23 10:51:05,315 - utils.logger2025-12-23-10.50.27 - INFO - Cur epoch 7 loss TA:0.8043 TV:0.8216 VA:1.5166 CE:0.6227
2025-12-23 10:51:05,710 - utils.logger2025-12-23-10.50.27 - INFO - Cur epoch 7 loss TA:0.7942 TV:0.7973 VA:1.4535 CE:0.4838
2025-12-23 10:51:06,394 - utils.logger2025-12-23-10.50.27 - INFO - Cur epoch 7 loss TA:0.7757 TV:0.8273 VA:1.5325 CE:0.3486
2025-12-23 10:51:06,888 - utils.logger2025-12-23-10.50.27 - INFO - Cur epoch 7 loss TA:0.7597 TV:0.7805 VA:1.5316 CE:0.5134
2025-12-23 10:51:07,385 - utils.logger2025-12-23-10.50.27 - INFO - Cur epoch 7 loss TA:0.7630 TV:0.7916 VA:1.5009 CE:0.6043
2025-12-23 10:51:07,772 - utils.logger2025-12-23-10.50.27 - INFO - saving the model at the end of epoch 7, iters 476
2025-12-23 10:51:07,878 - utils.logger2025-12-23-10.50.27 - INFO - End of training epoch 7 / 40 	 Time Taken: 4 sec
2025-12-23 10:51:07,878 - utils.logger2025-12-23-10.50.27 - INFO - learning rate = 0.0002000
2025-12-23 10:51:08,520 - utils.logger2025-12-23-10.50.27 - INFO - Val result of epoch 7 / 40 acc 0.8000 uar 0.8250 f1 0.8074
2025-12-23 10:51:08,521 - utils.logger2025-12-23-10.50.27 - INFO - 
[[ 68   4   4   2]
 [  0 150   4   5]
 [ 10  43 144  24]
 [  5   5  12 110]]
2025-12-23 10:51:08,924 - utils.logger2025-12-23-10.50.27 - INFO - Tst result of epoch 7 / 40 acc 0.7711 uar 0.7653 f1 0.7591
2025-12-23 10:51:08,924 - utils.logger2025-12-23-10.50.27 - INFO - 
[[ 71   9   9   3]
 [ 13 224  45   1]
 [  5   6 123  29]
 [  3  13  13  84]]
2025-12-23 10:51:09,696 - utils.logger2025-12-23-10.50.27 - INFO - Cur epoch 8 loss TA:0.7656 TV:0.8205 VA:1.4864 CE:0.5190
2025-12-23 10:51:10,248 - utils.logger2025-12-23-10.50.27 - INFO - Cur epoch 8 loss TA:0.7277 TV:0.7686 VA:1.5124 CE:0.5958
2025-12-23 10:51:10,687 - utils.logger2025-12-23-10.50.27 - INFO - Cur epoch 8 loss TA:0.7544 TV:0.8103 VA:1.5024 CE:0.4856
2025-12-23 10:51:11,199 - utils.logger2025-12-23-10.50.27 - INFO - Cur epoch 8 loss TA:0.7729 TV:0.8147 VA:1.5500 CE:0.3323
2025-12-23 10:51:11,657 - utils.logger2025-12-23-10.50.27 - INFO - Cur epoch 8 loss TA:0.7339 TV:0.7888 VA:1.4923 CE:0.4186
2025-12-23 10:51:12,110 - utils.logger2025-12-23-10.50.27 - INFO - Cur epoch 8 loss TA:0.7544 TV:0.7866 VA:1.5378 CE:0.3337
2025-12-23 10:51:12,602 - utils.logger2025-12-23-10.50.27 - INFO - Cur epoch 8 loss TA:0.7368 TV:0.7473 VA:1.5042 CE:0.3464
2025-12-23 10:51:12,883 - utils.logger2025-12-23-10.50.27 - INFO - saving the model at the end of epoch 8, iters 544
2025-12-23 10:51:13,001 - utils.logger2025-12-23-10.50.27 - INFO - End of training epoch 8 / 40 	 Time Taken: 4 sec
2025-12-23 10:51:13,001 - utils.logger2025-12-23-10.50.27 - INFO - learning rate = 0.0002000
2025-12-23 10:51:13,642 - utils.logger2025-12-23-10.50.27 - INFO - Val result of epoch 8 / 40 acc 0.8254 uar 0.8367 f1 0.8247
2025-12-23 10:51:13,643 - utils.logger2025-12-23-10.50.27 - INFO - 
[[ 68   6   3   1]
 [  1 150   3   5]
 [ 13  30 166  12]
 [  6   4  19 103]]
2025-12-23 10:51:14,490 - utils.logger2025-12-23-10.50.27 - INFO - Tst result of epoch 8 / 40 acc 0.7435 uar 0.7449 f1 0.7312
2025-12-23 10:51:14,490 - utils.logger2025-12-23-10.50.27 - INFO - 
[[ 69   8  11   4]
 [ 25 204  50   4]
 [  6   4 132  21]
 [  3  11  20  79]]
2025-12-23 10:51:15,524 - utils.logger2025-12-23-10.50.27 - INFO - Cur epoch 9 loss TA:0.7339 TV:0.7745 VA:1.4424 CE:0.5403
2025-12-23 10:51:15,947 - utils.logger2025-12-23-10.50.27 - INFO - Cur epoch 9 loss TA:0.6923 TV:0.7430 VA:1.4291 CE:0.4225
2025-12-23 10:51:16,375 - utils.logger2025-12-23-10.50.27 - INFO - Cur epoch 9 loss TA:0.7170 TV:0.7913 VA:1.5254 CE:0.4008
2025-12-23 10:51:16,801 - utils.logger2025-12-23-10.50.27 - INFO - Cur epoch 9 loss TA:0.7417 TV:0.7750 VA:1.4962 CE:0.4719
2025-12-23 10:51:17,203 - utils.logger2025-12-23-10.50.27 - INFO - Cur epoch 9 loss TA:0.7013 TV:0.7767 VA:1.4867 CE:0.4308
2025-12-23 10:51:17,618 - utils.logger2025-12-23-10.50.27 - INFO - Cur epoch 9 loss TA:0.7023 TV:0.7781 VA:1.5149 CE:0.3515
2025-12-23 10:51:18,026 - utils.logger2025-12-23-10.50.27 - INFO - Cur epoch 9 loss TA:0.7552 TV:0.7851 VA:1.4468 CE:0.3744
2025-12-23 10:51:18,157 - utils.logger2025-12-23-10.50.27 - INFO - saving the model at the end of epoch 9, iters 612
2025-12-23 10:51:18,248 - utils.logger2025-12-23-10.50.27 - INFO - End of training epoch 9 / 40 	 Time Taken: 3 sec
2025-12-23 10:51:18,249 - utils.logger2025-12-23-10.50.27 - INFO - learning rate = 0.0002000
2025-12-23 10:51:18,700 - utils.logger2025-12-23-10.50.27 - INFO - Val result of epoch 9 / 40 acc 0.8153 uar 0.8296 f1 0.8199
2025-12-23 10:51:18,700 - utils.logger2025-12-23-10.50.27 - INFO - 
[[ 64   7   4   3]
 [  0 151   2   6]
 [  7  38 153  23]
 [  3   5  11 113]]
2025-12-23 10:51:19,386 - utils.logger2025-12-23-10.50.27 - INFO - Tst result of epoch 9 / 40 acc 0.7680 uar 0.7528 f1 0.7567
2025-12-23 10:51:19,387 - utils.logger2025-12-23-10.50.27 - INFO - 
[[ 63  13  12   4]
 [  3 225  49   6]
 [  3   6 127  27]
 [  2  11  15  85]]
2025-12-23 10:51:20,302 - utils.logger2025-12-23-10.50.27 - INFO - Cur epoch 10 loss TA:0.6816 TV:0.7567 VA:1.4799 CE:0.4606
2025-12-23 10:51:20,817 - utils.logger2025-12-23-10.50.27 - INFO - Cur epoch 10 loss TA:0.7382 TV:0.7696 VA:1.4703 CE:0.4762
2025-12-23 10:51:21,208 - utils.logger2025-12-23-10.50.27 - INFO - Cur epoch 10 loss TA:0.7047 TV:0.7591 VA:1.5396 CE:0.4011
2025-12-23 10:51:21,591 - utils.logger2025-12-23-10.50.27 - INFO - Cur epoch 10 loss TA:0.7215 TV:0.8101 VA:1.5075 CE:0.4048
2025-12-23 10:51:21,968 - utils.logger2025-12-23-10.50.27 - INFO - Cur epoch 10 loss TA:0.6891 TV:0.7547 VA:1.4134 CE:0.4559
2025-12-23 10:51:22,372 - utils.logger2025-12-23-10.50.27 - INFO - Cur epoch 10 loss TA:0.7246 TV:0.7937 VA:1.5590 CE:0.4425
2025-12-23 10:51:22,811 - utils.logger2025-12-23-10.50.27 - INFO - Cur epoch 10 loss TA:-0.6589 TV:-0.6200 VA:-1.2823 CE:0.0476
2025-12-23 10:51:22,857 - utils.logger2025-12-23-10.50.27 - INFO - saving the model at the end of epoch 10, iters 680
2025-12-23 10:51:22,953 - utils.logger2025-12-23-10.50.27 - INFO - End of training epoch 10 / 40 	 Time Taken: 3 sec
2025-12-23 10:51:22,953 - utils.logger2025-12-23-10.50.27 - INFO - learning rate = 0.0002000
2025-12-23 10:51:23,550 - utils.logger2025-12-23-10.50.27 - INFO - Val result of epoch 10 / 40 acc 0.7966 uar 0.8283 f1 0.8030
2025-12-23 10:51:23,550 - utils.logger2025-12-23-10.50.27 - INFO - 
[[ 72   3   3   0]
 [  2 149   4   4]
 [ 14  41 142  24]
 [  6   8  11 107]]
2025-12-23 10:51:24,211 - utils.logger2025-12-23-10.50.27 - INFO - Tst result of epoch 10 / 40 acc 0.7742 uar 0.7714 f1 0.7599
2025-12-23 10:51:24,211 - utils.logger2025-12-23-10.50.27 - INFO - 
[[ 73   8   8   3]
 [ 19 222  39   3]
 [ 10   7 126  20]
 [  4  12  14  83]]
2025-12-23 10:51:24,871 - utils.logger2025-12-23-10.50.27 - INFO - Cur epoch 11 loss TA:0.6859 TV:0.7077 VA:1.3675 CE:0.2866
2025-12-23 10:51:25,308 - utils.logger2025-12-23-10.50.27 - INFO - Cur epoch 11 loss TA:0.6756 TV:0.7419 VA:1.3837 CE:0.2377
2025-12-23 10:51:25,721 - utils.logger2025-12-23-10.50.27 - INFO - Cur epoch 11 loss TA:0.6862 TV:0.7626 VA:1.4792 CE:0.3650
2025-12-23 10:51:26,171 - utils.logger2025-12-23-10.50.27 - INFO - Cur epoch 11 loss TA:0.7035 TV:0.7145 VA:1.3694 CE:0.3687
2025-12-23 10:51:27,037 - utils.logger2025-12-23-10.50.27 - INFO - Cur epoch 11 loss TA:0.7188 TV:0.7713 VA:1.4624 CE:0.4673
2025-12-23 10:51:27,465 - utils.logger2025-12-23-10.50.27 - INFO - Cur epoch 11 loss TA:0.6822 TV:0.7691 VA:1.3941 CE:0.3341
2025-12-23 10:51:27,805 - utils.logger2025-12-23-10.50.27 - INFO - saving the model at the end of epoch 11, iters 748
2025-12-23 10:51:27,923 - utils.logger2025-12-23-10.50.27 - INFO - End of training epoch 11 / 40 	 Time Taken: 3 sec
2025-12-23 10:51:27,923 - utils.logger2025-12-23-10.50.27 - INFO - learning rate = 0.0002000
2025-12-23 10:51:28,471 - utils.logger2025-12-23-10.50.27 - INFO - Val result of epoch 11 / 40 acc 0.7949 uar 0.8069 f1 0.7994
2025-12-23 10:51:28,472 - utils.logger2025-12-23-10.50.27 - INFO - 
[[ 64   8   5   1]
 [  0 151   4   4]
 [ 10  45 153  13]
 [  5   7  19 101]]
2025-12-23 10:51:29,086 - utils.logger2025-12-23-10.50.27 - INFO - Tst result of epoch 11 / 40 acc 0.7926 uar 0.7738 f1 0.7763
2025-12-23 10:51:29,086 - utils.logger2025-12-23-10.50.27 - INFO - 
[[ 69   8  11   4]
 [ 10 234  36   3]
 [  3   7 135  18]
 [  2  14  19  78]]
2025-12-23 10:51:29,481 - utils.logger2025-12-23-10.50.27 - INFO - Cur epoch 12 loss TA:0.7001 TV:0.7608 VA:1.4407 CE:0.2705
2025-12-23 10:51:29,941 - utils.logger2025-12-23-10.50.27 - INFO - Cur epoch 12 loss TA:0.6590 TV:0.7300 VA:1.4497 CE:0.2354
2025-12-23 10:51:30,480 - utils.logger2025-12-23-10.50.27 - INFO - Cur epoch 12 loss TA:0.7000 TV:0.7152 VA:1.4110 CE:0.3106
2025-12-23 10:51:31,229 - utils.logger2025-12-23-10.50.27 - INFO - Cur epoch 12 loss TA:0.6736 TV:0.7493 VA:1.3728 CE:0.2210
2025-12-23 10:51:31,636 - utils.logger2025-12-23-10.50.27 - INFO - Cur epoch 12 loss TA:0.6859 TV:0.7268 VA:1.4021 CE:0.2177
2025-12-23 10:51:32,032 - utils.logger2025-12-23-10.50.27 - INFO - Cur epoch 12 loss TA:0.6729 TV:0.7201 VA:1.3273 CE:0.2897
2025-12-23 10:51:32,511 - utils.logger2025-12-23-10.50.27 - INFO - Cur epoch 12 loss TA:0.6763 TV:0.7295 VA:1.4508 CE:0.2923
2025-12-23 10:51:32,879 - utils.logger2025-12-23-10.50.27 - INFO - saving the model at the end of epoch 12, iters 816
2025-12-23 10:51:32,993 - utils.logger2025-12-23-10.50.27 - INFO - End of training epoch 12 / 40 	 Time Taken: 3 sec
2025-12-23 10:51:32,994 - utils.logger2025-12-23-10.50.27 - INFO - learning rate = 0.0002000
2025-12-23 10:51:33,450 - utils.logger2025-12-23-10.50.27 - INFO - Val result of epoch 12 / 40 acc 0.8034 uar 0.8273 f1 0.8073
2025-12-23 10:51:33,450 - utils.logger2025-12-23-10.50.27 - INFO - 
[[ 68   6   3   1]
 [  0 150   4   5]
 [ 15  39 146  21]
 [  5   5  12 110]]
2025-12-23 10:51:33,860 - utils.logger2025-12-23-10.50.27 - INFO - Tst result of epoch 12 / 40 acc 0.7680 uar 0.7636 f1 0.7586
2025-12-23 10:51:33,860 - utils.logger2025-12-23-10.50.27 - INFO - 
[[ 70   6  11   5]
 [ 11 217  50   5]
 [  4   5 132  22]
 [  2  11  19  81]]
2025-12-23 10:51:34,290 - utils.logger2025-12-23-10.50.27 - INFO - Cur epoch 13 loss TA:0.6432 TV:0.7271 VA:1.4490 CE:0.1165
2025-12-23 10:51:34,714 - utils.logger2025-12-23-10.50.27 - INFO - Cur epoch 13 loss TA:0.6350 TV:0.6893 VA:1.3910 CE:0.3130
2025-12-23 10:51:35,127 - utils.logger2025-12-23-10.50.27 - INFO - Cur epoch 13 loss TA:0.6508 TV:0.7232 VA:1.3584 CE:0.2456
2025-12-23 10:51:36,032 - utils.logger2025-12-23-10.50.27 - INFO - Cur epoch 13 loss TA:0.6572 TV:0.7207 VA:1.3486 CE:0.1918
2025-12-23 10:51:36,625 - utils.logger2025-12-23-10.50.27 - INFO - Cur epoch 13 loss TA:0.6845 TV:0.7226 VA:1.4408 CE:0.2773
2025-12-23 10:51:37,152 - utils.logger2025-12-23-10.50.27 - INFO - Cur epoch 13 loss TA:0.6162 TV:0.7075 VA:1.3946 CE:0.4474
2025-12-23 10:51:37,682 - utils.logger2025-12-23-10.50.27 - INFO - Cur epoch 13 loss TA:0.6692 TV:0.7298 VA:1.3471 CE:0.3157
2025-12-23 10:51:37,937 - utils.logger2025-12-23-10.50.27 - INFO - saving the model at the end of epoch 13, iters 884
2025-12-23 10:51:38,036 - utils.logger2025-12-23-10.50.27 - INFO - End of training epoch 13 / 40 	 Time Taken: 4 sec
2025-12-23 10:51:38,036 - utils.logger2025-12-23-10.50.27 - INFO - learning rate = 0.0002000
2025-12-23 10:51:38,641 - utils.logger2025-12-23-10.50.27 - INFO - Val result of epoch 13 / 40 acc 0.8085 uar 0.8286 f1 0.8178
2025-12-23 10:51:38,642 - utils.logger2025-12-23-10.50.27 - INFO - 
[[ 70   4   3   1]
 [  1 148   7   3]
 [ 11  46 156   8]
 [  4   7  18 103]]
2025-12-23 10:51:39,404 - utils.logger2025-12-23-10.50.27 - INFO - Tst result of epoch 13 / 40 acc 0.7680 uar 0.7653 f1 0.7591
2025-12-23 10:51:39,404 - utils.logger2025-12-23-10.50.27 - INFO - 
[[ 71   3  14   4]
 [ 13 214  53   3]
 [  6   5 136  16]
 [  3  10  21  79]]
2025-12-23 10:51:40,175 - utils.logger2025-12-23-10.50.27 - INFO - Cur epoch 14 loss TA:0.6441 TV:0.7212 VA:1.3837 CE:0.1662
2025-12-23 10:51:40,617 - utils.logger2025-12-23-10.50.27 - INFO - Cur epoch 14 loss TA:0.6849 TV:0.7286 VA:1.4087 CE:0.2787
2025-12-23 10:51:41,126 - utils.logger2025-12-23-10.50.27 - INFO - Cur epoch 14 loss TA:0.6518 TV:0.6957 VA:1.3453 CE:0.2448
2025-12-23 10:51:41,674 - utils.logger2025-12-23-10.50.27 - INFO - Cur epoch 14 loss TA:0.6816 TV:0.7060 VA:1.3626 CE:0.2623
2025-12-23 10:51:42,208 - utils.logger2025-12-23-10.50.27 - INFO - Cur epoch 14 loss TA:0.6346 TV:0.6718 VA:1.3286 CE:0.1880
2025-12-23 10:51:42,775 - utils.logger2025-12-23-10.50.27 - INFO - Cur epoch 14 loss TA:0.6467 TV:0.6865 VA:1.2942 CE:0.2622
2025-12-23 10:51:43,547 - utils.logger2025-12-23-10.50.27 - INFO - Cur epoch 14 loss TA:0.6787 TV:0.7457 VA:1.3650 CE:0.1003
2025-12-23 10:51:43,695 - utils.logger2025-12-23-10.50.27 - INFO - saving the model at the end of epoch 14, iters 952
2025-12-23 10:51:43,911 - utils.logger2025-12-23-10.50.27 - INFO - End of training epoch 14 / 40 	 Time Taken: 4 sec
2025-12-23 10:51:43,912 - utils.logger2025-12-23-10.50.27 - INFO - learning rate = 0.0002000
2025-12-23 10:51:44,436 - utils.logger2025-12-23-10.50.27 - INFO - Val result of epoch 14 / 40 acc 0.7712 uar 0.8059 f1 0.7826
2025-12-23 10:51:44,437 - utils.logger2025-12-23-10.50.27 - INFO - 
[[ 69   6   3   0]
 [  0 149   5   5]
 [ 13  56 129  23]
 [  5   6  13 108]]
2025-12-23 10:51:45,028 - utils.logger2025-12-23-10.50.27 - INFO - Tst result of epoch 14 / 40 acc 0.7834 uar 0.7685 f1 0.7658
2025-12-23 10:51:45,029 - utils.logger2025-12-23-10.50.27 - INFO - 
[[ 71   8  10   3]
 [ 11 238  32   2]
 [  8  11 117  27]
 [  2  14  13  84]]
2025-12-23 10:51:45,646 - utils.logger2025-12-23-10.50.27 - INFO - Cur epoch 15 loss TA:0.6405 TV:0.7051 VA:1.4031 CE:0.1045
2025-12-23 10:51:46,089 - utils.logger2025-12-23-10.50.27 - INFO - Cur epoch 15 loss TA:0.6478 TV:0.7092 VA:1.3683 CE:0.3347
2025-12-23 10:51:46,509 - utils.logger2025-12-23-10.50.27 - INFO - Cur epoch 15 loss TA:0.6517 TV:0.6941 VA:1.3952 CE:0.1173
2025-12-23 10:51:47,030 - utils.logger2025-12-23-10.50.27 - INFO - Cur epoch 15 loss TA:0.6412 TV:0.6605 VA:1.3330 CE:0.2330
2025-12-23 10:51:47,670 - utils.logger2025-12-23-10.50.27 - INFO - Cur epoch 15 loss TA:0.6293 TV:0.6859 VA:1.3327 CE:0.1366
2025-12-23 10:51:48,288 - utils.logger2025-12-23-10.50.27 - INFO - Cur epoch 15 loss TA:0.6985 TV:0.7306 VA:1.3947 CE:0.2370
2025-12-23 10:51:48,743 - utils.logger2025-12-23-10.50.27 - INFO - Cur epoch 15 loss TA:-0.4931 TV:-0.0774 VA:-0.4177 CE:0.0001
2025-12-23 10:51:48,801 - utils.logger2025-12-23-10.50.27 - INFO - saving the model at the end of epoch 15, iters 1020
2025-12-23 10:51:48,906 - utils.logger2025-12-23-10.50.27 - INFO - End of training epoch 15 / 40 	 Time Taken: 3 sec
2025-12-23 10:51:48,907 - utils.logger2025-12-23-10.50.27 - INFO - learning rate = 0.0002000
2025-12-23 10:51:49,443 - utils.logger2025-12-23-10.50.27 - INFO - Val result of epoch 15 / 40 acc 0.7695 uar 0.7993 f1 0.7783
2025-12-23 10:51:49,443 - utils.logger2025-12-23-10.50.27 - INFO - 
[[ 66   8   3   1]
 [  0 149   2   8]
 [ 12  52 130  27]
 [  4   7  12 109]]
2025-12-23 10:51:49,953 - utils.logger2025-12-23-10.50.27 - INFO - Tst result of epoch 15 / 40 acc 0.7880 uar 0.7837 f1 0.7754
2025-12-23 10:51:49,953 - utils.logger2025-12-23-10.50.27 - INFO - 
[[ 75   3   9   5]
 [  9 231  39   4]
 [  6   6 121  30]
 [  2   9  16  86]]
2025-12-23 10:51:50,924 - utils.logger2025-12-23-10.50.27 - INFO - Cur epoch 16 loss TA:0.6578 TV:0.7176 VA:1.3227 CE:0.2084
2025-12-23 10:51:51,475 - utils.logger2025-12-23-10.50.27 - INFO - Cur epoch 16 loss TA:0.6433 TV:0.7067 VA:1.3331 CE:0.3193
2025-12-23 10:51:52,508 - utils.logger2025-12-23-10.50.27 - INFO - Cur epoch 16 loss TA:0.6492 TV:0.7326 VA:1.3682 CE:0.2496
2025-12-23 10:51:53,204 - utils.logger2025-12-23-10.50.27 - INFO - Cur epoch 16 loss TA:0.6198 TV:0.7312 VA:1.4143 CE:0.1845
2025-12-23 10:51:53,726 - utils.logger2025-12-23-10.50.27 - INFO - Cur epoch 16 loss TA:0.6824 TV:0.6940 VA:1.3209 CE:0.1328
2025-12-23 10:51:54,115 - utils.logger2025-12-23-10.50.27 - INFO - Cur epoch 16 loss TA:0.6408 TV:0.7065 VA:1.2763 CE:0.1619
2025-12-23 10:51:54,461 - utils.logger2025-12-23-10.50.27 - INFO - saving the model at the end of epoch 16, iters 1088
2025-12-23 10:51:54,546 - utils.logger2025-12-23-10.50.27 - INFO - End of training epoch 16 / 40 	 Time Taken: 4 sec
2025-12-23 10:51:54,546 - utils.logger2025-12-23-10.50.27 - INFO - learning rate = 0.0002000
2025-12-23 10:51:55,092 - utils.logger2025-12-23-10.50.27 - INFO - Val result of epoch 16 / 40 acc 0.8051 uar 0.8237 f1 0.8095
2025-12-23 10:51:55,093 - utils.logger2025-12-23-10.50.27 - INFO - 
[[ 66   5   5   2]
 [  1 147   4   7]
 [ 11  34 151  25]
 [  3   5  13 111]]
2025-12-23 10:51:55,487 - utils.logger2025-12-23-10.50.27 - INFO - Tst result of epoch 16 / 40 acc 0.7619 uar 0.7652 f1 0.7559
2025-12-23 10:51:55,487 - utils.logger2025-12-23-10.50.27 - INFO - 
[[ 71   2  13   6]
 [ 11 211  55   6]
 [  4   5 129  25]
 [  2   7  19  85]]
2025-12-23 10:51:55,983 - utils.logger2025-12-23-10.50.27 - INFO - Cur epoch 17 loss TA:0.6100 TV:0.6621 VA:1.2429 CE:0.2654
2025-12-23 10:51:56,457 - utils.logger2025-12-23-10.50.27 - INFO - Cur epoch 17 loss TA:0.6238 TV:0.6623 VA:1.2619 CE:0.0884
2025-12-23 10:51:56,999 - utils.logger2025-12-23-10.50.27 - INFO - Cur epoch 17 loss TA:0.6309 TV:0.6789 VA:1.2894 CE:0.1507
2025-12-23 10:51:57,524 - utils.logger2025-12-23-10.50.27 - INFO - Cur epoch 17 loss TA:0.6534 TV:0.6990 VA:1.3507 CE:0.2255
2025-12-23 10:51:58,015 - utils.logger2025-12-23-10.50.27 - INFO - Cur epoch 17 loss TA:0.6573 TV:0.6953 VA:1.3672 CE:0.1851
2025-12-23 10:51:58,552 - utils.logger2025-12-23-10.50.27 - INFO - Cur epoch 17 loss TA:0.6351 TV:0.6969 VA:1.2946 CE:0.3376
2025-12-23 10:51:59,088 - utils.logger2025-12-23-10.50.27 - INFO - Cur epoch 17 loss TA:0.6160 TV:0.6934 VA:1.2802 CE:0.1227
2025-12-23 10:51:59,476 - utils.logger2025-12-23-10.50.27 - INFO - saving the model at the end of epoch 17, iters 1156
2025-12-23 10:51:59,573 - utils.logger2025-12-23-10.50.27 - INFO - End of training epoch 17 / 40 	 Time Taken: 4 sec
2025-12-23 10:51:59,573 - utils.logger2025-12-23-10.50.27 - INFO - learning rate = 0.0002000
2025-12-23 10:52:00,169 - utils.logger2025-12-23-10.50.27 - INFO - Val result of epoch 17 / 40 acc 0.7966 uar 0.8125 f1 0.8037
2025-12-23 10:52:00,169 - utils.logger2025-12-23-10.50.27 - INFO - 
[[ 64   6   7   1]
 [  0 149   6   4]
 [ 10  48 149  14]
 [  4   6  14 108]]
2025-12-23 10:52:00,619 - utils.logger2025-12-23-10.50.27 - INFO - Tst result of epoch 17 / 40 acc 0.7757 uar 0.7678 f1 0.7674
2025-12-23 10:52:00,619 - utils.logger2025-12-23-10.50.27 - INFO - 
[[ 71   5  12   4]
 [  7 222  50   4]
 [  4   8 133  18]
 [  3  10  21  79]]
2025-12-23 10:52:01,086 - utils.logger2025-12-23-10.50.27 - INFO - Cur epoch 18 loss TA:0.6591 TV:0.7458 VA:1.4151 CE:0.1172
2025-12-23 10:52:01,639 - utils.logger2025-12-23-10.50.27 - INFO - Cur epoch 18 loss TA:0.6198 TV:0.7033 VA:1.3288 CE:0.1939
2025-12-23 10:52:02,184 - utils.logger2025-12-23-10.50.27 - INFO - Cur epoch 18 loss TA:0.6731 TV:0.6874 VA:1.3691 CE:0.2030
2025-12-23 10:52:02,693 - utils.logger2025-12-23-10.50.27 - INFO - Cur epoch 18 loss TA:0.6053 TV:0.6589 VA:1.2626 CE:0.0959
2025-12-23 10:52:03,220 - utils.logger2025-12-23-10.50.27 - INFO - Cur epoch 18 loss TA:0.6315 TV:0.6782 VA:1.2910 CE:0.1620
2025-12-23 10:52:03,757 - utils.logger2025-12-23-10.50.27 - INFO - Cur epoch 18 loss TA:0.6279 TV:0.6676 VA:1.2847 CE:0.2165
2025-12-23 10:52:04,314 - utils.logger2025-12-23-10.50.27 - INFO - Cur epoch 18 loss TA:0.6242 TV:0.6810 VA:1.3076 CE:0.2940
2025-12-23 10:52:04,583 - utils.logger2025-12-23-10.50.27 - INFO - saving the model at the end of epoch 18, iters 1224
2025-12-23 10:52:04,697 - utils.logger2025-12-23-10.50.27 - INFO - End of training epoch 18 / 40 	 Time Taken: 4 sec
2025-12-23 10:52:04,697 - utils.logger2025-12-23-10.50.27 - INFO - learning rate = 0.0002000
2025-12-23 10:52:05,224 - utils.logger2025-12-23-10.50.27 - INFO - Val result of epoch 18 / 40 acc 0.7797 uar 0.8120 f1 0.7888
2025-12-23 10:52:05,225 - utils.logger2025-12-23-10.50.27 - INFO - 
[[ 68   5   3   2]
 [  1 146   4   8]
 [ 12  44 133  32]
 [  3   5  11 113]]
2025-12-23 10:52:05,625 - utils.logger2025-12-23-10.50.27 - INFO - Tst result of epoch 18 / 40 acc 0.7757 uar 0.7737 f1 0.7612
2025-12-23 10:52:05,626 - utils.logger2025-12-23-10.50.27 - INFO - 
[[ 73   4   7   8]
 [ 15 225  37   6]
 [  5   7 120  31]
 [  2   9  15  87]]
2025-12-23 10:52:06,170 - utils.logger2025-12-23-10.50.27 - INFO - Cur epoch 19 loss TA:0.5836 TV:0.6775 VA:1.3142 CE:0.0736
2025-12-23 10:52:06,664 - utils.logger2025-12-23-10.50.27 - INFO - Cur epoch 19 loss TA:0.6193 TV:0.6686 VA:1.2834 CE:0.1377
2025-12-23 10:52:07,137 - utils.logger2025-12-23-10.50.27 - INFO - Cur epoch 19 loss TA:0.6665 TV:0.7012 VA:1.3350 CE:0.2194
2025-12-23 10:52:07,642 - utils.logger2025-12-23-10.50.27 - INFO - Cur epoch 19 loss TA:0.6337 TV:0.6833 VA:1.2919 CE:0.1125
2025-12-23 10:52:08,179 - utils.logger2025-12-23-10.50.27 - INFO - Cur epoch 19 loss TA:0.6201 TV:0.6530 VA:1.2798 CE:0.1150
2025-12-23 10:52:08,711 - utils.logger2025-12-23-10.50.27 - INFO - Cur epoch 19 loss TA:0.6203 TV:0.6634 VA:1.2403 CE:0.1510
2025-12-23 10:52:09,224 - utils.logger2025-12-23-10.50.27 - INFO - Cur epoch 19 loss TA:0.6312 TV:0.7022 VA:1.2819 CE:0.3387
2025-12-23 10:52:09,396 - utils.logger2025-12-23-10.50.27 - INFO - saving the model at the end of epoch 19, iters 1292
2025-12-23 10:52:09,501 - utils.logger2025-12-23-10.50.27 - INFO - End of training epoch 19 / 40 	 Time Taken: 3 sec
2025-12-23 10:52:09,501 - utils.logger2025-12-23-10.50.27 - INFO - learning rate = 0.0002000
2025-12-23 10:52:09,877 - utils.logger2025-12-23-10.50.27 - INFO - Val result of epoch 19 / 40 acc 0.7712 uar 0.8034 f1 0.7813
2025-12-23 10:52:09,877 - utils.logger2025-12-23-10.50.27 - INFO - 
[[ 67   6   3   2]
 [  0 151   2   6]
 [ 12  53 128  28]
 [  3   8  12 109]]
2025-12-23 10:52:10,267 - utils.logger2025-12-23-10.50.27 - INFO - Tst result of epoch 19 / 40 acc 0.7634 uar 0.7482 f1 0.7466
2025-12-23 10:52:10,267 - utils.logger2025-12-23-10.50.27 - INFO - 
[[ 68   8   7   9]
 [  6 233  37   7]
 [  6  13 112  32]
 [  2  11  16  84]]
2025-12-23 10:52:10,895 - utils.logger2025-12-23-10.50.27 - INFO - Cur epoch 20 loss TA:0.5975 TV:0.6498 VA:1.2371 CE:0.0829
2025-12-23 10:52:11,443 - utils.logger2025-12-23-10.50.27 - INFO - Cur epoch 20 loss TA:0.5913 TV:0.6488 VA:1.2589 CE:0.1188
2025-12-23 10:52:12,027 - utils.logger2025-12-23-10.50.27 - INFO - Cur epoch 20 loss TA:0.6211 TV:0.6766 VA:1.2919 CE:0.1850
2025-12-23 10:52:12,638 - utils.logger2025-12-23-10.50.27 - INFO - Cur epoch 20 loss TA:0.6058 TV:0.6542 VA:1.2065 CE:0.2979
2025-12-23 10:52:13,212 - utils.logger2025-12-23-10.50.27 - INFO - Cur epoch 20 loss TA:0.6127 TV:0.6972 VA:1.2936 CE:0.0728
2025-12-23 10:52:13,822 - utils.logger2025-12-23-10.50.27 - INFO - Cur epoch 20 loss TA:0.6335 TV:0.6988 VA:1.2657 CE:0.1087
2025-12-23 10:52:14,421 - utils.logger2025-12-23-10.50.27 - INFO - Cur epoch 20 loss TA:-0.3288 TV:-0.4749 VA:-0.8092 CE:0.0002
2025-12-23 10:52:14,481 - utils.logger2025-12-23-10.50.27 - INFO - saving the model at the end of epoch 20, iters 1360
2025-12-23 10:52:14,593 - utils.logger2025-12-23-10.50.27 - INFO - End of training epoch 20 / 40 	 Time Taken: 4 sec
2025-12-23 10:52:14,593 - utils.logger2025-12-23-10.50.27 - INFO - learning rate = 0.0002000
2025-12-23 10:52:15,072 - utils.logger2025-12-23-10.50.27 - INFO - Val result of epoch 20 / 40 acc 0.7831 uar 0.7967 f1 0.7892
2025-12-23 10:52:15,072 - utils.logger2025-12-23-10.50.27 - INFO - 
[[ 67   6   4   1]
 [  0 149   7   3]
 [ 12  44 155  10]
 [  5   7  29  91]]
2025-12-23 10:52:15,601 - utils.logger2025-12-23-10.50.27 - INFO - Tst result of epoch 20 / 40 acc 0.7757 uar 0.7664 f1 0.7675
2025-12-23 10:52:15,602 - utils.logger2025-12-23-10.50.27 - INFO - 
[[ 71   5  12   4]
 [  7 220  53   3]
 [  6   6 139  12]
 [  2  13  23  75]]
2025-12-23 10:52:16,380 - utils.logger2025-12-23-10.50.27 - INFO - Cur epoch 21 loss TA:0.6039 TV:0.6289 VA:1.2394 CE:0.1229
2025-12-23 10:52:16,931 - utils.logger2025-12-23-10.50.27 - INFO - Cur epoch 21 loss TA:0.6261 TV:0.6335 VA:1.2398 CE:0.0547
2025-12-23 10:52:17,447 - utils.logger2025-12-23-10.50.27 - INFO - Cur epoch 21 loss TA:0.6297 TV:0.6708 VA:1.2325 CE:0.1492
2025-12-23 10:52:17,987 - utils.logger2025-12-23-10.50.27 - INFO - Cur epoch 21 loss TA:0.6429 TV:0.6794 VA:1.2411 CE:0.1216
2025-12-23 10:52:18,521 - utils.logger2025-12-23-10.50.27 - INFO - Cur epoch 21 loss TA:0.6339 TV:0.7129 VA:1.2525 CE:0.1464
2025-12-23 10:52:19,055 - utils.logger2025-12-23-10.50.27 - INFO - Cur epoch 21 loss TA:0.6453 TV:0.6642 VA:1.2752 CE:0.0613
2025-12-23 10:52:19,539 - utils.logger2025-12-23-10.50.27 - INFO - saving the model at the end of epoch 21, iters 1428
2025-12-23 10:52:19,653 - utils.logger2025-12-23-10.50.27 - INFO - End of training epoch 21 / 40 	 Time Taken: 4 sec
2025-12-23 10:52:19,653 - utils.logger2025-12-23-10.50.27 - INFO - learning rate = 0.0002000
2025-12-23 10:52:20,183 - utils.logger2025-12-23-10.50.27 - INFO - Val result of epoch 21 / 40 acc 0.7966 uar 0.8118 f1 0.7988
2025-12-23 10:52:20,183 - utils.logger2025-12-23-10.50.27 - INFO - 
[[ 66   6   4   2]
 [  1 145   7   6]
 [ 13  36 155  17]
 [  6   5  17 104]]
2025-12-23 10:52:20,699 - utils.logger2025-12-23-10.50.27 - INFO - Tst result of epoch 21 / 40 acc 0.7680 uar 0.7802 f1 0.7604
2025-12-23 10:52:20,700 - utils.logger2025-12-23-10.50.27 - INFO - 
[[ 78   2   8   4]
 [ 22 206  50   5]
 [  9   3 135  16]
 [  3   9  20  81]]
2025-12-23 10:52:20,969 - utils.logger2025-12-23-10.50.27 - INFO - Cur epoch 22 loss TA:0.6108 TV:0.6772 VA:1.2640 CE:0.2110
2025-12-23 10:52:21,376 - utils.logger2025-12-23-10.50.27 - INFO - Cur epoch 22 loss TA:0.5912 TV:0.6300 VA:1.1495 CE:0.1298
2025-12-23 10:52:21,775 - utils.logger2025-12-23-10.50.27 - INFO - Cur epoch 22 loss TA:0.6263 TV:0.6920 VA:1.3528 CE:0.0734
2025-12-23 10:52:22,178 - utils.logger2025-12-23-10.50.27 - INFO - Cur epoch 22 loss TA:0.6394 TV:0.7003 VA:1.3136 CE:0.0944
2025-12-23 10:52:22,578 - utils.logger2025-12-23-10.50.27 - INFO - Cur epoch 22 loss TA:0.6408 TV:0.6831 VA:1.2560 CE:0.1102
2025-12-23 10:52:22,982 - utils.logger2025-12-23-10.50.27 - INFO - Cur epoch 22 loss TA:0.6315 TV:0.6780 VA:1.2593 CE:0.1810
2025-12-23 10:52:23,390 - utils.logger2025-12-23-10.50.27 - INFO - Cur epoch 22 loss TA:0.6174 TV:0.7056 VA:1.2610 CE:0.1343
2025-12-23 10:52:23,733 - utils.logger2025-12-23-10.50.27 - INFO - saving the model at the end of epoch 22, iters 1496
2025-12-23 10:52:23,832 - utils.logger2025-12-23-10.50.27 - INFO - End of training epoch 22 / 40 	 Time Taken: 3 sec
2025-12-23 10:52:23,832 - utils.logger2025-12-23-10.50.27 - INFO - learning rate = 0.0002000
2025-12-23 10:52:24,373 - utils.logger2025-12-23-10.50.27 - INFO - Val result of epoch 22 / 40 acc 0.8017 uar 0.8156 f1 0.8064
2025-12-23 10:52:24,374 - utils.logger2025-12-23-10.50.27 - INFO - 
[[ 66   4   7   1]
 [  2 144   9   4]
 [ 13  39 158  11]
 [  4   5  18 105]]
2025-12-23 10:52:24,843 - utils.logger2025-12-23-10.50.27 - INFO - Tst result of epoch 22 / 40 acc 0.7680 uar 0.7726 f1 0.7649
2025-12-23 10:52:24,844 - utils.logger2025-12-23-10.50.27 - INFO - 
[[ 75   3  12   2]
 [ 14 207  57   5]
 [  4   5 142  12]
 [  2  10  25  76]]
2025-12-23 10:52:25,246 - utils.logger2025-12-23-10.50.27 - INFO - Cur epoch 23 loss TA:0.5858 TV:0.6631 VA:1.2466 CE:0.2529
2025-12-23 10:52:25,753 - utils.logger2025-12-23-10.50.27 - INFO - Cur epoch 23 loss TA:0.5997 TV:0.6301 VA:1.2657 CE:0.1570
2025-12-23 10:52:26,297 - utils.logger2025-12-23-10.50.27 - INFO - Cur epoch 23 loss TA:0.5909 TV:0.6719 VA:1.3021 CE:0.0859
2025-12-23 10:52:26,819 - utils.logger2025-12-23-10.50.27 - INFO - Cur epoch 23 loss TA:0.6437 TV:0.6982 VA:1.2578 CE:0.1241
2025-12-23 10:52:27,377 - utils.logger2025-12-23-10.50.27 - INFO - Cur epoch 23 loss TA:0.6153 TV:0.6598 VA:1.2599 CE:0.0790
2025-12-23 10:52:27,894 - utils.logger2025-12-23-10.50.27 - INFO - Cur epoch 23 loss TA:0.6055 TV:0.6717 VA:1.2794 CE:0.1204
2025-12-23 10:52:28,399 - utils.logger2025-12-23-10.50.27 - INFO - Cur epoch 23 loss TA:0.5790 TV:0.6360 VA:1.2096 CE:0.0757
2025-12-23 10:52:28,649 - utils.logger2025-12-23-10.50.27 - INFO - saving the model at the end of epoch 23, iters 1564
2025-12-23 10:52:28,749 - utils.logger2025-12-23-10.50.27 - INFO - End of training epoch 23 / 40 	 Time Taken: 3 sec
2025-12-23 10:52:28,749 - utils.logger2025-12-23-10.50.27 - INFO - learning rate = 0.0002000
2025-12-23 10:52:29,120 - utils.logger2025-12-23-10.50.27 - INFO - Val result of epoch 23 / 40 acc 0.7949 uar 0.8190 f1 0.8000
2025-12-23 10:52:29,120 - utils.logger2025-12-23-10.50.27 - INFO - 
[[ 69   6   3   0]
 [  1 148   4   6]
 [ 13  43 147  18]
 [  7   4  16 105]]
2025-12-23 10:52:29,502 - utils.logger2025-12-23-10.50.27 - INFO - Tst result of epoch 23 / 40 acc 0.7634 uar 0.7674 f1 0.7556
2025-12-23 10:52:29,502 - utils.logger2025-12-23-10.50.27 - INFO - 
[[ 76   3  10   3]
 [ 16 215  49   3]
 [  8   9 125  21]
 [  3  10  19  81]]
2025-12-23 10:52:30,012 - utils.logger2025-12-23-10.50.27 - INFO - Cur epoch 24 loss TA:0.6337 TV:0.6896 VA:1.3241 CE:0.0767
2025-12-23 10:52:30,552 - utils.logger2025-12-23-10.50.27 - INFO - Cur epoch 24 loss TA:0.6027 TV:0.6764 VA:1.2434 CE:0.2054
2025-12-23 10:52:31,072 - utils.logger2025-12-23-10.50.27 - INFO - Cur epoch 24 loss TA:0.6303 TV:0.6755 VA:1.2360 CE:0.2015
2025-12-23 10:52:31,627 - utils.logger2025-12-23-10.50.27 - INFO - Cur epoch 24 loss TA:0.5863 TV:0.6735 VA:1.2215 CE:0.2010
2025-12-23 10:52:32,199 - utils.logger2025-12-23-10.50.27 - INFO - Cur epoch 24 loss TA:0.6127 TV:0.6920 VA:1.2750 CE:0.0959
2025-12-23 10:52:32,758 - utils.logger2025-12-23-10.50.27 - INFO - Cur epoch 24 loss TA:0.6079 TV:0.6949 VA:1.2554 CE:0.1655
2025-12-23 10:52:33,291 - utils.logger2025-12-23-10.50.27 - INFO - Cur epoch 24 loss TA:0.6337 TV:0.7080 VA:1.2748 CE:0.1290
2025-12-23 10:52:33,458 - utils.logger2025-12-23-10.50.27 - INFO - saving the model at the end of epoch 24, iters 1632
2025-12-23 10:52:33,566 - utils.logger2025-12-23-10.50.27 - INFO - End of training epoch 24 / 40 	 Time Taken: 4 sec
2025-12-23 10:52:33,566 - utils.logger2025-12-23-10.50.27 - INFO - learning rate = 0.0002000
2025-12-23 10:52:33,967 - utils.logger2025-12-23-10.50.27 - INFO - Val result of epoch 24 / 40 acc 0.7729 uar 0.7866 f1 0.7785
2025-12-23 10:52:33,968 - utils.logger2025-12-23-10.50.27 - INFO - 
[[ 60   9   8   1]
 [  0 152   3   4]
 [ 11  54 140  16]
 [  3  10  15 104]]
2025-12-23 10:52:34,350 - utils.logger2025-12-23-10.50.27 - INFO - Tst result of epoch 24 / 40 acc 0.7604 uar 0.7420 f1 0.7484
2025-12-23 10:52:34,350 - utils.logger2025-12-23-10.50.27 - INFO - 
[[ 65  12  13   2]
 [  9 222  49   3]
 [  4  10 134  15]
 [  2  16  21  74]]
2025-12-23 10:52:34,991 - utils.logger2025-12-23-10.50.27 - INFO - Cur epoch 25 loss TA:0.6240 TV:0.6632 VA:1.1973 CE:0.1144
2025-12-23 10:52:35,554 - utils.logger2025-12-23-10.50.27 - INFO - Cur epoch 25 loss TA:0.6300 TV:0.6535 VA:1.2771 CE:0.1106
2025-12-23 10:52:36,091 - utils.logger2025-12-23-10.50.27 - INFO - Cur epoch 25 loss TA:0.6062 TV:0.6847 VA:1.2595 CE:0.1011
2025-12-23 10:52:36,612 - utils.logger2025-12-23-10.50.27 - INFO - Cur epoch 25 loss TA:0.6380 TV:0.6872 VA:1.2788 CE:0.0213
2025-12-23 10:52:37,131 - utils.logger2025-12-23-10.50.27 - INFO - Cur epoch 25 loss TA:0.6326 TV:0.6716 VA:1.1785 CE:0.1612
2025-12-23 10:52:37,659 - utils.logger2025-12-23-10.50.27 - INFO - Cur epoch 25 loss TA:0.6263 TV:0.6713 VA:1.2160 CE:0.1635
2025-12-23 10:52:38,166 - utils.logger2025-12-23-10.50.27 - INFO - Cur epoch 25 loss TA:-0.5733 TV:-0.5296 VA:-1.1594 CE:0.0269
2025-12-23 10:52:38,223 - utils.logger2025-12-23-10.50.27 - INFO - saving the model at the end of epoch 25, iters 1700
2025-12-23 10:52:38,320 - utils.logger2025-12-23-10.50.27 - INFO - End of training epoch 25 / 40 	 Time Taken: 3 sec
2025-12-23 10:52:38,321 - utils.logger2025-12-23-10.50.27 - INFO - learning rate = 0.0002000
2025-12-23 10:52:38,843 - utils.logger2025-12-23-10.50.27 - INFO - Val result of epoch 25 / 40 acc 0.8085 uar 0.8166 f1 0.8100
2025-12-23 10:52:38,843 - utils.logger2025-12-23-10.50.27 - INFO - 
[[ 67   3   8   0]
 [  1 147   8   3]
 [ 14  30 167  10]
 [  5   5  26  96]]
2025-12-23 10:52:39,516 - utils.logger2025-12-23-10.50.27 - INFO - Tst result of epoch 25 / 40 acc 0.7573 uar 0.7617 f1 0.7550
2025-12-23 10:52:39,516 - utils.logger2025-12-23-10.50.27 - INFO - 
[[ 75   2  13   2]
 [ 12 201  67   3]
 [  5   2 147   9]
 [  3  12  28  70]]
2025-12-23 10:52:40,249 - utils.logger2025-12-23-10.50.27 - INFO - Cur epoch 26 loss TA:0.6328 TV:0.7004 VA:1.3006 CE:0.0997
2025-12-23 10:52:40,778 - utils.logger2025-12-23-10.50.27 - INFO - Cur epoch 26 loss TA:0.6371 TV:0.6647 VA:1.1505 CE:0.0865
2025-12-23 10:52:41,258 - utils.logger2025-12-23-10.50.27 - INFO - Cur epoch 26 loss TA:0.5808 TV:0.6423 VA:1.2642 CE:0.1815
2025-12-23 10:52:41,763 - utils.logger2025-12-23-10.50.27 - INFO - Cur epoch 26 loss TA:0.5984 TV:0.6393 VA:1.2350 CE:0.1474
2025-12-23 10:52:42,288 - utils.logger2025-12-23-10.50.27 - INFO - Cur epoch 26 loss TA:0.5964 TV:0.6816 VA:1.2834 CE:0.2013
2025-12-23 10:52:42,810 - utils.logger2025-12-23-10.50.27 - INFO - Cur epoch 26 loss TA:0.5865 TV:0.6619 VA:1.1981 CE:0.1336
2025-12-23 10:52:43,250 - utils.logger2025-12-23-10.50.27 - INFO - saving the model at the end of epoch 26, iters 1768
2025-12-23 10:52:43,337 - utils.logger2025-12-23-10.50.27 - INFO - End of training epoch 26 / 40 	 Time Taken: 3 sec
2025-12-23 10:52:43,337 - utils.logger2025-12-23-10.50.27 - INFO - learning rate = 0.0002000
2025-12-23 10:52:43,978 - utils.logger2025-12-23-10.50.27 - INFO - Val result of epoch 26 / 40 acc 0.8068 uar 0.8181 f1 0.8104
2025-12-23 10:52:43,978 - utils.logger2025-12-23-10.50.27 - INFO - 
[[ 64   5   7   2]
 [  0 148   6   5]
 [ 12  37 157  15]
 [  3   4  18 107]]
2025-12-23 10:52:44,423 - utils.logger2025-12-23-10.50.27 - INFO - Tst result of epoch 26 / 40 acc 0.7757 uar 0.7697 f1 0.7629
2025-12-23 10:52:44,424 - utils.logger2025-12-23-10.50.27 - INFO - 
[[ 72   4  10   6]
 [  9 224  46   4]
 [  8   5 127  23]
 [  3  10  18  82]]
2025-12-23 10:52:44,892 - utils.logger2025-12-23-10.50.27 - INFO - Cur epoch 27 loss TA:0.6099 TV:0.6799 VA:1.2256 CE:0.1073
2025-12-23 10:52:45,385 - utils.logger2025-12-23-10.50.27 - INFO - Cur epoch 27 loss TA:0.6025 TV:0.6591 VA:1.2440 CE:0.1207
2025-12-23 10:52:45,938 - utils.logger2025-12-23-10.50.27 - INFO - Cur epoch 27 loss TA:0.6196 TV:0.6455 VA:1.2124 CE:0.0582
2025-12-23 10:52:46,479 - utils.logger2025-12-23-10.50.27 - INFO - Cur epoch 27 loss TA:0.6021 TV:0.6533 VA:1.2055 CE:0.1371
2025-12-23 10:52:47,033 - utils.logger2025-12-23-10.50.27 - INFO - Cur epoch 27 loss TA:0.6444 TV:0.6730 VA:1.1974 CE:0.1393
2025-12-23 10:52:47,564 - utils.logger2025-12-23-10.50.27 - INFO - Cur epoch 27 loss TA:0.6110 TV:0.6831 VA:1.2414 CE:0.0528
2025-12-23 10:52:48,126 - utils.logger2025-12-23-10.50.27 - INFO - Cur epoch 27 loss TA:0.6159 TV:0.6590 VA:1.2395 CE:0.0438
2025-12-23 10:52:48,534 - utils.logger2025-12-23-10.50.27 - INFO - saving the model at the end of epoch 27, iters 1836
2025-12-23 10:52:48,648 - utils.logger2025-12-23-10.50.27 - INFO - End of training epoch 27 / 40 	 Time Taken: 4 sec
2025-12-23 10:52:48,648 - utils.logger2025-12-23-10.50.27 - INFO - learning rate = 0.0002000
2025-12-23 10:52:49,119 - utils.logger2025-12-23-10.50.27 - INFO - Val result of epoch 27 / 40 acc 0.8017 uar 0.8250 f1 0.8062
2025-12-23 10:52:49,119 - utils.logger2025-12-23-10.50.27 - INFO - 
[[ 70   4   3   1]
 [  1 145   6   7]
 [ 15  34 152  20]
 [  5   5  16 106]]
2025-12-23 10:52:49,511 - utils.logger2025-12-23-10.50.27 - INFO - Tst result of epoch 27 / 40 acc 0.7680 uar 0.7750 f1 0.7566
2025-12-23 10:52:49,511 - utils.logger2025-12-23-10.50.27 - INFO - 
[[ 78   1   8   5]
 [ 20 215  44   4]
 [ 11   6 125  21]
 [  3   9  19  82]]
2025-12-23 10:52:49,928 - utils.logger2025-12-23-10.50.27 - INFO - Cur epoch 28 loss TA:0.6202 TV:0.6918 VA:1.1956 CE:0.1661
2025-12-23 10:52:50,518 - utils.logger2025-12-23-10.50.27 - INFO - Cur epoch 28 loss TA:0.5970 TV:0.6472 VA:1.2255 CE:0.1011
2025-12-23 10:52:51,034 - utils.logger2025-12-23-10.50.27 - INFO - Cur epoch 28 loss TA:0.5977 TV:0.6658 VA:1.2524 CE:0.2096
2025-12-23 10:52:51,482 - utils.logger2025-12-23-10.50.27 - INFO - Cur epoch 28 loss TA:0.5797 TV:0.6264 VA:1.1654 CE:0.0737
2025-12-23 10:52:51,952 - utils.logger2025-12-23-10.50.27 - INFO - Cur epoch 28 loss TA:0.6161 TV:0.6744 VA:1.2910 CE:0.0858
2025-12-23 10:52:52,454 - utils.logger2025-12-23-10.50.27 - INFO - Cur epoch 28 loss TA:0.5870 TV:0.6361 VA:1.1961 CE:0.1648
2025-12-23 10:52:52,968 - utils.logger2025-12-23-10.50.27 - INFO - Cur epoch 28 loss TA:0.6019 TV:0.6573 VA:1.2822 CE:0.1356
2025-12-23 10:52:53,229 - utils.logger2025-12-23-10.50.27 - INFO - saving the model at the end of epoch 28, iters 1904
2025-12-23 10:52:53,329 - utils.logger2025-12-23-10.50.27 - INFO - End of training epoch 28 / 40 	 Time Taken: 3 sec
2025-12-23 10:52:53,329 - utils.logger2025-12-23-10.50.27 - INFO - learning rate = 0.0002000
2025-12-23 10:52:53,704 - utils.logger2025-12-23-10.50.27 - INFO - Val result of epoch 28 / 40 acc 0.7814 uar 0.8017 f1 0.7899
2025-12-23 10:52:53,705 - utils.logger2025-12-23-10.50.27 - INFO - 
[[ 64   6   7   1]
 [  0 151   5   3]
 [ 10  52 140  19]
 [  4   8  14 106]]
2025-12-23 10:52:54,096 - utils.logger2025-12-23-10.50.27 - INFO - Tst result of epoch 28 / 40 acc 0.7727 uar 0.7540 f1 0.7580
2025-12-23 10:52:54,097 - utils.logger2025-12-23-10.50.27 - INFO - 
[[ 68   9  12   3]
 [  8 231  41   3]
 [  5  12 127  19]
 [  3  14  19  77]]
2025-12-23 10:52:54,550 - utils.logger2025-12-23-10.50.27 - INFO - Cur epoch 29 loss TA:0.5794 TV:0.6424 VA:1.1627 CE:0.1512
2025-12-23 10:52:55,053 - utils.logger2025-12-23-10.50.27 - INFO - Cur epoch 29 loss TA:0.6170 TV:0.6325 VA:1.1253 CE:0.0378
2025-12-23 10:52:55,569 - utils.logger2025-12-23-10.50.27 - INFO - Cur epoch 29 loss TA:0.5906 TV:0.6288 VA:1.2059 CE:0.2005
2025-12-23 10:52:56,106 - utils.logger2025-12-23-10.50.27 - INFO - Cur epoch 29 loss TA:0.6375 TV:0.6569 VA:1.1860 CE:0.0575
2025-12-23 10:52:56,650 - utils.logger2025-12-23-10.50.27 - INFO - Cur epoch 29 loss TA:0.5833 TV:0.6734 VA:1.2633 CE:0.0682
2025-12-23 10:52:57,168 - utils.logger2025-12-23-10.50.27 - INFO - Cur epoch 29 loss TA:0.5879 TV:0.6379 VA:1.1778 CE:0.0288
2025-12-23 10:52:57,751 - utils.logger2025-12-23-10.50.27 - INFO - Cur epoch 29 loss TA:0.6009 TV:0.6634 VA:1.1913 CE:0.0312
2025-12-23 10:52:57,928 - utils.logger2025-12-23-10.50.27 - INFO - saving the model at the end of epoch 29, iters 1972
2025-12-23 10:52:58,026 - utils.logger2025-12-23-10.50.27 - INFO - End of training epoch 29 / 40 	 Time Taken: 3 sec
2025-12-23 10:52:58,027 - utils.logger2025-12-23-10.50.27 - INFO - learning rate = 0.0002000
2025-12-23 10:52:58,545 - utils.logger2025-12-23-10.50.27 - INFO - Val result of epoch 29 / 40 acc 0.7576 uar 0.7913 f1 0.7672
2025-12-23 10:52:58,545 - utils.logger2025-12-23-10.50.27 - INFO - 
[[ 65   8   3   2]
 [  0 150   3   6]
 [ 12  53 121  35]
 [  3   7  11 111]]
2025-12-23 10:52:59,027 - utils.logger2025-12-23-10.50.27 - INFO - Tst result of epoch 29 / 40 acc 0.7834 uar 0.7665 f1 0.7656
2025-12-23 10:52:59,027 - utils.logger2025-12-23-10.50.27 - INFO - 
[[ 71   8   5   8]
 [  7 240  32   4]
 [  7  11 116  29]
 [  1  14  15  83]]
2025-12-23 10:52:59,598 - utils.logger2025-12-23-10.50.27 - INFO - Cur epoch 30 loss TA:0.6348 TV:0.6484 VA:1.1676 CE:0.0420
2025-12-23 10:53:00,113 - utils.logger2025-12-23-10.50.27 - INFO - Cur epoch 30 loss TA:0.5946 TV:0.6382 VA:1.1916 CE:0.1026
2025-12-23 10:53:00,594 - utils.logger2025-12-23-10.50.27 - INFO - Cur epoch 30 loss TA:0.6206 TV:0.6623 VA:1.2062 CE:0.0776
2025-12-23 10:53:01,062 - utils.logger2025-12-23-10.50.27 - INFO - Cur epoch 30 loss TA:0.6355 TV:0.6677 VA:1.1897 CE:0.1324
2025-12-23 10:53:01,551 - utils.logger2025-12-23-10.50.27 - INFO - Cur epoch 30 loss TA:0.6043 TV:0.6725 VA:1.2129 CE:0.0866
2025-12-23 10:53:02,055 - utils.logger2025-12-23-10.50.27 - INFO - Cur epoch 30 loss TA:0.6297 TV:0.6712 VA:1.2153 CE:0.0988
2025-12-23 10:53:02,540 - utils.logger2025-12-23-10.50.27 - INFO - Cur epoch 30 loss TA:-0.6524 TV:-0.4965 VA:-0.9373 CE:0.0012
2025-12-23 10:53:02,610 - utils.logger2025-12-23-10.50.27 - INFO - saving the model at the end of epoch 30, iters 2040
2025-12-23 10:53:02,711 - utils.logger2025-12-23-10.50.27 - INFO - End of training epoch 30 / 40 	 Time Taken: 3 sec
2025-12-23 10:53:02,711 - utils.logger2025-12-23-10.50.27 - INFO - learning rate = 0.0001818
2025-12-23 10:53:03,282 - utils.logger2025-12-23-10.50.27 - INFO - Val result of epoch 30 / 40 acc 0.7983 uar 0.8231 f1 0.8071
2025-12-23 10:53:03,283 - utils.logger2025-12-23-10.50.27 - INFO - 
[[ 69   4   4   1]
 [  0 147   6   6]
 [ 12  39 147  23]
 [  3   5  16 108]]
2025-12-23 10:53:03,716 - utils.logger2025-12-23-10.50.27 - INFO - Tst result of epoch 30 / 40 acc 0.7634 uar 0.7691 f1 0.7566
2025-12-23 10:53:03,716 - utils.logger2025-12-23-10.50.27 - INFO - 
[[ 73   5   9   5]
 [ 13 211  51   8]
 [  6   5 128  24]
 [  2   8  18  85]]
2025-12-23 10:53:04,491 - utils.logger2025-12-23-10.50.27 - INFO - Cur epoch 31 loss TA:0.5459 TV:0.6213 VA:1.1911 CE:0.0840
2025-12-23 10:53:05,067 - utils.logger2025-12-23-10.50.27 - INFO - Cur epoch 31 loss TA:0.5897 TV:0.6130 VA:1.1997 CE:0.0403
2025-12-23 10:53:05,608 - utils.logger2025-12-23-10.50.27 - INFO - Cur epoch 31 loss TA:0.5819 TV:0.6238 VA:1.1595 CE:0.1290
2025-12-23 10:53:06,103 - utils.logger2025-12-23-10.50.27 - INFO - Cur epoch 31 loss TA:0.5729 TV:0.6187 VA:1.1454 CE:0.0692
2025-12-23 10:53:06,642 - utils.logger2025-12-23-10.50.27 - INFO - Cur epoch 31 loss TA:0.5802 TV:0.6133 VA:1.1715 CE:0.0147
2025-12-23 10:53:07,193 - utils.logger2025-12-23-10.50.27 - INFO - Cur epoch 31 loss TA:0.5799 TV:0.6541 VA:1.2385 CE:0.1095
2025-12-23 10:53:07,661 - utils.logger2025-12-23-10.50.27 - INFO - saving the model at the end of epoch 31, iters 2108
2025-12-23 10:53:07,769 - utils.logger2025-12-23-10.50.27 - INFO - End of training epoch 31 / 40 	 Time Taken: 4 sec
2025-12-23 10:53:07,769 - utils.logger2025-12-23-10.50.27 - INFO - learning rate = 0.0001636
2025-12-23 10:53:08,352 - utils.logger2025-12-23-10.50.27 - INFO - Val result of epoch 31 / 40 acc 0.7881 uar 0.8082 f1 0.7960
2025-12-23 10:53:08,352 - utils.logger2025-12-23-10.50.27 - INFO - 
[[ 65   7   5   1]
 [  0 149   6   4]
 [ 11  45 144  21]
 [  3   7  15 107]]
2025-12-23 10:53:08,840 - utils.logger2025-12-23-10.50.27 - INFO - Tst result of epoch 31 / 40 acc 0.7757 uar 0.7689 f1 0.7648
2025-12-23 10:53:08,840 - utils.logger2025-12-23-10.50.27 - INFO - 
[[ 73   8   7   4]
 [ 10 225  43   5]
 [  7   7 127  22]
 [  1  13  19  80]]
2025-12-23 10:53:09,320 - utils.logger2025-12-23-10.50.27 - INFO - Cur epoch 32 loss TA:0.5851 TV:0.6331 VA:1.2012 CE:0.0322
2025-12-23 10:53:09,849 - utils.logger2025-12-23-10.50.27 - INFO - Cur epoch 32 loss TA:0.5867 TV:0.6335 VA:1.1628 CE:0.2739
2025-12-23 10:53:10,404 - utils.logger2025-12-23-10.50.27 - INFO - Cur epoch 32 loss TA:0.5932 TV:0.6202 VA:1.2006 CE:0.0513
2025-12-23 10:53:10,931 - utils.logger2025-12-23-10.50.27 - INFO - Cur epoch 32 loss TA:0.5741 TV:0.6264 VA:1.0992 CE:0.0368
2025-12-23 10:53:11,449 - utils.logger2025-12-23-10.50.27 - INFO - Cur epoch 32 loss TA:0.6031 TV:0.6522 VA:1.1867 CE:0.0853
2025-12-23 10:53:11,968 - utils.logger2025-12-23-10.50.27 - INFO - Cur epoch 32 loss TA:0.6002 TV:0.6784 VA:1.2141 CE:0.1701
2025-12-23 10:53:12,489 - utils.logger2025-12-23-10.50.27 - INFO - Cur epoch 32 loss TA:0.6058 TV:0.6758 VA:1.3208 CE:0.2071
2025-12-23 10:53:12,852 - utils.logger2025-12-23-10.50.27 - INFO - saving the model at the end of epoch 32, iters 2176
2025-12-23 10:53:12,958 - utils.logger2025-12-23-10.50.27 - INFO - End of training epoch 32 / 40 	 Time Taken: 4 sec
2025-12-23 10:53:12,958 - utils.logger2025-12-23-10.50.27 - INFO - learning rate = 0.0001455
2025-12-23 10:53:13,418 - utils.logger2025-12-23-10.50.27 - INFO - Val result of epoch 32 / 40 acc 0.7932 uar 0.8049 f1 0.7984
2025-12-23 10:53:13,419 - utils.logger2025-12-23-10.50.27 - INFO - 
[[ 63   5   8   2]
 [  0 145   6   8]
 [ 11  43 154  13]
 [  3   7  16 106]]
2025-12-23 10:53:13,969 - utils.logger2025-12-23-10.50.27 - INFO - Tst result of epoch 32 / 40 acc 0.7757 uar 0.7753 f1 0.7694
2025-12-23 10:53:13,970 - utils.logger2025-12-23-10.50.27 - INFO - 
[[ 74   5  10   3]
 [ 10 217  49   7]
 [  6   7 134  16]
 [  2  11  20  80]]
2025-12-23 10:53:14,475 - utils.logger2025-12-23-10.50.27 - INFO - Cur epoch 33 loss TA:0.5907 TV:0.6437 VA:1.1981 CE:0.0371
2025-12-23 10:53:14,910 - utils.logger2025-12-23-10.50.27 - INFO - Cur epoch 33 loss TA:0.5586 TV:0.5981 VA:1.1146 CE:0.0378
2025-12-23 10:53:15,352 - utils.logger2025-12-23-10.50.27 - INFO - Cur epoch 33 loss TA:0.5961 TV:0.6474 VA:1.1869 CE:0.0929
2025-12-23 10:53:15,753 - utils.logger2025-12-23-10.50.27 - INFO - Cur epoch 33 loss TA:0.6303 TV:0.7031 VA:1.1649 CE:0.0539
2025-12-23 10:53:16,161 - utils.logger2025-12-23-10.50.27 - INFO - Cur epoch 33 loss TA:0.5907 TV:0.6443 VA:1.1647 CE:0.1388
2025-12-23 10:53:16,578 - utils.logger2025-12-23-10.50.27 - INFO - Cur epoch 33 loss TA:0.5924 TV:0.6457 VA:1.1731 CE:0.1564
2025-12-23 10:53:16,991 - utils.logger2025-12-23-10.50.27 - INFO - Cur epoch 33 loss TA:0.6118 TV:0.6562 VA:1.1942 CE:0.0323
2025-12-23 10:53:17,211 - utils.logger2025-12-23-10.50.27 - INFO - saving the model at the end of epoch 33, iters 2244
2025-12-23 10:53:17,306 - utils.logger2025-12-23-10.50.27 - INFO - End of training epoch 33 / 40 	 Time Taken: 3 sec
2025-12-23 10:53:17,306 - utils.logger2025-12-23-10.50.27 - INFO - learning rate = 0.0001273
2025-12-23 10:53:17,858 - utils.logger2025-12-23-10.50.27 - INFO - Val result of epoch 33 / 40 acc 0.8051 uar 0.8270 f1 0.8124
2025-12-23 10:53:17,859 - utils.logger2025-12-23-10.50.27 - INFO - 
[[ 68   4   4   2]
 [  0 145   7   7]
 [ 12  37 151  21]
 [  3   4  14 111]]
2025-12-23 10:53:18,485 - utils.logger2025-12-23-10.50.27 - INFO - Tst result of epoch 33 / 40 acc 0.7727 uar 0.7786 f1 0.7653
2025-12-23 10:53:18,485 - utils.logger2025-12-23-10.50.27 - INFO - 
[[ 76   3   9   4]
 [ 13 216  47   7]
 [  7   6 126  24]
 [  2   9  17  85]]
2025-12-23 10:53:19,024 - utils.logger2025-12-23-10.50.27 - INFO - Cur epoch 34 loss TA:0.5891 TV:0.6097 VA:1.1153 CE:0.0609
2025-12-23 10:53:19,477 - utils.logger2025-12-23-10.50.27 - INFO - Cur epoch 34 loss TA:0.6022 TV:0.6635 VA:1.1894 CE:0.0417
2025-12-23 10:53:19,944 - utils.logger2025-12-23-10.50.27 - INFO - Cur epoch 34 loss TA:0.5671 TV:0.6230 VA:1.1500 CE:0.0145
2025-12-23 10:53:20,426 - utils.logger2025-12-23-10.50.27 - INFO - Cur epoch 34 loss TA:0.6284 TV:0.7068 VA:1.2098 CE:0.0635
2025-12-23 10:53:20,946 - utils.logger2025-12-23-10.50.27 - INFO - Cur epoch 34 loss TA:0.5943 TV:0.6528 VA:1.1819 CE:0.1010
2025-12-23 10:53:21,461 - utils.logger2025-12-23-10.50.27 - INFO - Cur epoch 34 loss TA:0.5814 TV:0.6084 VA:1.1569 CE:0.0239
2025-12-23 10:53:21,861 - utils.logger2025-12-23-10.50.27 - INFO - Cur epoch 34 loss TA:0.5906 TV:0.6609 VA:1.1560 CE:0.0492
2025-12-23 10:53:22,007 - utils.logger2025-12-23-10.50.27 - INFO - saving the model at the end of epoch 34, iters 2312
2025-12-23 10:53:22,098 - utils.logger2025-12-23-10.50.27 - INFO - End of training epoch 34 / 40 	 Time Taken: 3 sec
2025-12-23 10:53:22,098 - utils.logger2025-12-23-10.50.27 - INFO - learning rate = 0.0001091
2025-12-23 10:53:22,577 - utils.logger2025-12-23-10.50.27 - INFO - Val result of epoch 34 / 40 acc 0.8051 uar 0.8150 f1 0.8114
2025-12-23 10:53:22,577 - utils.logger2025-12-23-10.50.27 - INFO - 
[[ 66   4   6   2]
 [  0 141  13   5]
 [ 11  33 165  12]
 [  3   5  21 103]]
2025-12-23 10:53:23,108 - utils.logger2025-12-23-10.50.27 - INFO - Tst result of epoch 34 / 40 acc 0.7711 uar 0.7791 f1 0.7681
2025-12-23 10:53:23,109 - utils.logger2025-12-23-10.50.27 - INFO - 
[[ 75   3  10   4]
 [ 12 208  58   5]
 [  6   3 137  17]
 [  2   9  20  82]]
2025-12-23 10:53:23,896 - utils.logger2025-12-23-10.50.27 - INFO - Cur epoch 35 loss TA:0.5759 TV:0.6368 VA:1.1816 CE:0.0427
2025-12-23 10:53:24,403 - utils.logger2025-12-23-10.50.27 - INFO - Cur epoch 35 loss TA:0.5665 TV:0.6096 VA:1.1311 CE:0.0721
2025-12-23 10:53:24,920 - utils.logger2025-12-23-10.50.27 - INFO - Cur epoch 35 loss TA:0.5796 TV:0.6239 VA:1.1470 CE:0.0308
2025-12-23 10:53:25,440 - utils.logger2025-12-23-10.50.27 - INFO - Cur epoch 35 loss TA:0.5911 TV:0.6344 VA:1.1553 CE:0.1175
2025-12-23 10:53:25,947 - utils.logger2025-12-23-10.50.27 - INFO - Cur epoch 35 loss TA:0.5765 TV:0.6168 VA:1.1770 CE:0.0500
2025-12-23 10:53:26,441 - utils.logger2025-12-23-10.50.27 - INFO - Cur epoch 35 loss TA:0.5807 TV:0.6150 VA:1.1202 CE:0.0314
2025-12-23 10:53:26,966 - utils.logger2025-12-23-10.50.27 - INFO - Cur epoch 35 loss TA:-0.6699 TV:-0.5166 VA:-1.0335 CE:0.0006
2025-12-23 10:53:27,028 - utils.logger2025-12-23-10.50.27 - INFO - saving the model at the end of epoch 35, iters 2380
2025-12-23 10:53:27,140 - utils.logger2025-12-23-10.50.27 - INFO - End of training epoch 35 / 40 	 Time Taken: 4 sec
2025-12-23 10:53:27,140 - utils.logger2025-12-23-10.50.27 - INFO - learning rate = 0.0000909
2025-12-23 10:53:27,719 - utils.logger2025-12-23-10.50.27 - INFO - Val result of epoch 35 / 40 acc 0.7881 uar 0.8102 f1 0.7952
2025-12-23 10:53:27,719 - utils.logger2025-12-23-10.50.27 - INFO - 
[[ 67   4   5   2]
 [  1 146   8   4]
 [ 14  40 146  21]
 [  3   5  18 106]]
2025-12-23 10:53:28,120 - utils.logger2025-12-23-10.50.27 - INFO - Tst result of epoch 35 / 40 acc 0.7680 uar 0.7715 f1 0.7592
2025-12-23 10:53:28,120 - utils.logger2025-12-23-10.50.27 - INFO - 
[[ 75   3  10   4]
 [ 14 216  48   5]
 [  7   5 126  25]
 [  2   9  19  83]]
2025-12-23 10:53:28,747 - utils.logger2025-12-23-10.50.27 - INFO - Cur epoch 36 loss TA:0.6091 TV:0.6426 VA:1.1503 CE:0.0248
2025-12-23 10:53:29,276 - utils.logger2025-12-23-10.50.27 - INFO - Cur epoch 36 loss TA:0.5791 TV:0.6408 VA:1.1992 CE:0.0272
2025-12-23 10:53:29,798 - utils.logger2025-12-23-10.50.27 - INFO - Cur epoch 36 loss TA:0.5616 TV:0.6216 VA:1.2014 CE:0.0057
2025-12-23 10:53:30,302 - utils.logger2025-12-23-10.50.27 - INFO - Cur epoch 36 loss TA:0.5926 TV:0.6581 VA:1.1725 CE:0.0228
2025-12-23 10:53:30,828 - utils.logger2025-12-23-10.50.27 - INFO - Cur epoch 36 loss TA:0.5857 TV:0.6332 VA:1.1552 CE:0.1538
2025-12-23 10:53:31,333 - utils.logger2025-12-23-10.50.27 - INFO - Cur epoch 36 loss TA:0.5864 TV:0.6369 VA:1.1375 CE:0.0191
2025-12-23 10:53:31,773 - utils.logger2025-12-23-10.50.27 - INFO - saving the model at the end of epoch 36, iters 2448
2025-12-23 10:53:31,883 - utils.logger2025-12-23-10.50.27 - INFO - End of training epoch 36 / 40 	 Time Taken: 3 sec
2025-12-23 10:53:31,883 - utils.logger2025-12-23-10.50.27 - INFO - learning rate = 0.0000727
2025-12-23 10:53:32,445 - utils.logger2025-12-23-10.50.27 - INFO - Val result of epoch 36 / 40 acc 0.7864 uar 0.8079 f1 0.7947
2025-12-23 10:53:32,445 - utils.logger2025-12-23-10.50.27 - INFO - 
[[ 67   4   6   1]
 [  0 145   9   5]
 [ 15  43 147  16]
 [  3   5  19 105]]
2025-12-23 10:53:32,918 - utils.logger2025-12-23-10.50.27 - INFO - Tst result of epoch 36 / 40 acc 0.7834 uar 0.7854 f1 0.7744
2025-12-23 10:53:32,918 - utils.logger2025-12-23-10.50.27 - INFO - 
[[ 76   3   9   4]
 [ 13 220  45   5]
 [  7   6 131  19]
 [  3  10  17  83]]
2025-12-23 10:53:33,173 - utils.logger2025-12-23-10.50.27 - INFO - Cur epoch 37 loss TA:0.6162 TV:0.6566 VA:1.1860 CE:0.0313
2025-12-23 10:53:33,633 - utils.logger2025-12-23-10.50.27 - INFO - Cur epoch 37 loss TA:0.5548 TV:0.6250 VA:1.1700 CE:0.0453
2025-12-23 10:53:34,106 - utils.logger2025-12-23-10.50.27 - INFO - Cur epoch 37 loss TA:0.6021 TV:0.6561 VA:1.1949 CE:0.0269
2025-12-23 10:53:34,597 - utils.logger2025-12-23-10.50.27 - INFO - Cur epoch 37 loss TA:0.6114 TV:0.6635 VA:1.1404 CE:0.0620
2025-12-23 10:53:35,111 - utils.logger2025-12-23-10.50.27 - INFO - Cur epoch 37 loss TA:0.6085 TV:0.6438 VA:1.1320 CE:0.0586
2025-12-23 10:53:35,621 - utils.logger2025-12-23-10.50.27 - INFO - Cur epoch 37 loss TA:0.5593 TV:0.6056 VA:1.1393 CE:0.0170
2025-12-23 10:53:36,191 - utils.logger2025-12-23-10.50.27 - INFO - Cur epoch 37 loss TA:0.5401 TV:0.6117 VA:1.1491 CE:0.0504
2025-12-23 10:53:36,551 - utils.logger2025-12-23-10.50.27 - INFO - saving the model at the end of epoch 37, iters 2516
2025-12-23 10:53:36,653 - utils.logger2025-12-23-10.50.27 - INFO - End of training epoch 37 / 40 	 Time Taken: 3 sec
2025-12-23 10:53:36,653 - utils.logger2025-12-23-10.50.27 - INFO - learning rate = 0.0000545
2025-12-23 10:53:37,236 - utils.logger2025-12-23-10.50.27 - INFO - Val result of epoch 37 / 40 acc 0.8017 uar 0.8150 f1 0.8076
2025-12-23 10:53:37,237 - utils.logger2025-12-23-10.50.27 - INFO - 
[[ 66   5   6   1]
 [  0 148   7   4]
 [ 13  40 157  11]
 [  3   5  22 102]]
2025-12-23 10:53:37,753 - utils.logger2025-12-23-10.50.27 - INFO - Tst result of epoch 37 / 40 acc 0.7727 uar 0.7753 f1 0.7676
2025-12-23 10:53:37,753 - utils.logger2025-12-23-10.50.27 - INFO - 
[[ 75   3  12   2]
 [ 10 213  55   5]
 [  7   4 136  16]
 [  3  10  21  79]]
2025-12-23 10:53:38,379 - utils.logger2025-12-23-10.50.27 - INFO - Cur epoch 38 loss TA:0.5667 TV:0.6346 VA:1.1370 CE:0.0301
2025-12-23 10:53:38,931 - utils.logger2025-12-23-10.50.27 - INFO - Cur epoch 38 loss TA:0.5515 TV:0.6130 VA:1.1500 CE:0.0227
2025-12-23 10:53:39,436 - utils.logger2025-12-23-10.50.27 - INFO - Cur epoch 38 loss TA:0.5573 TV:0.5962 VA:1.0816 CE:0.0459
2025-12-23 10:53:39,937 - utils.logger2025-12-23-10.50.27 - INFO - Cur epoch 38 loss TA:0.5487 TV:0.6118 VA:1.1703 CE:0.0646
2025-12-23 10:53:40,442 - utils.logger2025-12-23-10.50.27 - INFO - Cur epoch 38 loss TA:0.5738 TV:0.6160 VA:1.1678 CE:0.0537
2025-12-23 10:53:40,940 - utils.logger2025-12-23-10.50.27 - INFO - Cur epoch 38 loss TA:0.5461 TV:0.6091 VA:1.1115 CE:0.0419
2025-12-23 10:53:41,444 - utils.logger2025-12-23-10.50.27 - INFO - Cur epoch 38 loss TA:0.6194 TV:0.6528 VA:1.1826 CE:0.0119
2025-12-23 10:53:41,691 - utils.logger2025-12-23-10.50.27 - INFO - saving the model at the end of epoch 38, iters 2584
2025-12-23 10:53:41,780 - utils.logger2025-12-23-10.50.27 - INFO - End of training epoch 38 / 40 	 Time Taken: 4 sec
2025-12-23 10:53:41,780 - utils.logger2025-12-23-10.50.27 - INFO - learning rate = 0.0000364
2025-12-23 10:53:42,284 - utils.logger2025-12-23-10.50.27 - INFO - Val result of epoch 38 / 40 acc 0.7966 uar 0.8133 f1 0.8025
2025-12-23 10:53:42,284 - utils.logger2025-12-23-10.50.27 - INFO - 
[[ 64   5   7   2]
 [  0 149   5   5]
 [ 11  43 148  19]
 [  3   5  15 109]]
2025-12-23 10:53:42,696 - utils.logger2025-12-23-10.50.27 - INFO - Tst result of epoch 38 / 40 acc 0.7619 uar 0.7627 f1 0.7552
2025-12-23 10:53:42,697 - utils.logger2025-12-23-10.50.27 - INFO - 
[[ 71   4  12   5]
 [  8 216  52   7]
 [  7   8 123  25]
 [  2   9  16  86]]
2025-12-23 10:53:43,142 - utils.logger2025-12-23-10.50.27 - INFO - Cur epoch 39 loss TA:0.5398 TV:0.5998 VA:1.1046 CE:0.0473
2025-12-23 10:53:43,643 - utils.logger2025-12-23-10.50.27 - INFO - Cur epoch 39 loss TA:0.5341 TV:0.5597 VA:1.0444 CE:0.0126
2025-12-23 10:53:44,129 - utils.logger2025-12-23-10.50.27 - INFO - Cur epoch 39 loss TA:0.5313 TV:0.5672 VA:1.0603 CE:0.0045
2025-12-23 10:53:44,652 - utils.logger2025-12-23-10.50.27 - INFO - Cur epoch 39 loss TA:0.5718 TV:0.6172 VA:1.0769 CE:0.0454
2025-12-23 10:53:45,166 - utils.logger2025-12-23-10.50.27 - INFO - Cur epoch 39 loss TA:0.5497 TV:0.5512 VA:1.0636 CE:0.0152
2025-12-23 10:53:45,659 - utils.logger2025-12-23-10.50.27 - INFO - Cur epoch 39 loss TA:0.5421 TV:0.5957 VA:1.1356 CE:0.0355
2025-12-23 10:53:46,127 - utils.logger2025-12-23-10.50.27 - INFO - Cur epoch 39 loss TA:0.5628 TV:0.6454 VA:1.1788 CE:0.0257
2025-12-23 10:53:46,254 - utils.logger2025-12-23-10.50.27 - INFO - saving the model at the end of epoch 39, iters 2652
2025-12-23 10:53:46,351 - utils.logger2025-12-23-10.50.27 - INFO - End of training epoch 39 / 40 	 Time Taken: 3 sec
2025-12-23 10:53:46,351 - utils.logger2025-12-23-10.50.27 - INFO - learning rate = 0.0000182
2025-12-23 10:53:46,863 - utils.logger2025-12-23-10.50.27 - INFO - Val result of epoch 39 / 40 acc 0.7949 uar 0.8150 f1 0.8025
2025-12-23 10:53:46,864 - utils.logger2025-12-23-10.50.27 - INFO - 
[[ 67   5   5   1]
 [  0 150   5   4]
 [ 13  44 148  16]
 [  3   5  20 104]]
2025-12-23 10:53:47,321 - utils.logger2025-12-23-10.50.27 - INFO - Tst result of epoch 39 / 40 acc 0.7711 uar 0.7739 f1 0.7651
2025-12-23 10:53:47,321 - utils.logger2025-12-23-10.50.27 - INFO - 
[[ 75   4   9   4]
 [ 10 218  50   5]
 [  7   8 125  23]
 [  2   9  18  84]]
2025-12-23 10:53:47,854 - utils.logger2025-12-23-10.50.27 - INFO - Cur epoch 40 loss TA:0.5269 TV:0.5669 VA:1.0584 CE:0.0408
2025-12-23 10:53:48,323 - utils.logger2025-12-23-10.50.27 - INFO - Cur epoch 40 loss TA:0.5707 TV:0.6202 VA:1.0573 CE:0.0153
2025-12-23 10:53:48,843 - utils.logger2025-12-23-10.50.27 - INFO - Cur epoch 40 loss TA:0.5687 TV:0.6091 VA:1.1612 CE:0.0648
2025-12-23 10:53:49,349 - utils.logger2025-12-23-10.50.27 - INFO - Cur epoch 40 loss TA:0.5596 TV:0.5943 VA:1.0905 CE:0.0230
2025-12-23 10:53:49,895 - utils.logger2025-12-23-10.50.27 - INFO - Cur epoch 40 loss TA:0.5708 TV:0.6155 VA:1.0767 CE:0.0222
2025-12-23 10:53:50,469 - utils.logger2025-12-23-10.50.27 - INFO - Cur epoch 40 loss TA:0.5518 TV:0.5738 VA:1.0868 CE:0.0093
2025-12-23 10:53:50,969 - utils.logger2025-12-23-10.50.27 - INFO - Cur epoch 40 loss TA:-0.6992 TV:-0.7027 VA:-1.3850 CE:0.0000
2025-12-23 10:53:51,028 - utils.logger2025-12-23-10.50.27 - INFO - saving the model at the end of epoch 40, iters 2720
2025-12-23 10:53:51,118 - utils.logger2025-12-23-10.50.27 - INFO - End of training epoch 40 / 40 	 Time Taken: 3 sec
2025-12-23 10:53:51,118 - utils.logger2025-12-23-10.50.27 - INFO - learning rate = 0.0000000
2025-12-23 10:53:51,676 - utils.logger2025-12-23-10.50.27 - INFO - Val result of epoch 40 / 40 acc 0.7966 uar 0.8209 f1 0.8038
2025-12-23 10:53:51,677 - utils.logger2025-12-23-10.50.27 - INFO - 
[[ 67   4   5   2]
 [  0 147   4   8]
 [ 13  44 144  20]
 [  3   4  13 112]]
2025-12-23 10:53:52,063 - utils.logger2025-12-23-10.50.27 - INFO - Tst result of epoch 40 / 40 acc 0.7634 uar 0.7727 f1 0.7573
2025-12-23 10:53:52,063 - utils.logger2025-12-23-10.50.27 - INFO - 
[[ 76   3   8   5]
 [ 13 212  50   8]
 [  7   6 123  27]
 [  2   8  17  86]]
2025-12-23 10:53:52,063 - utils.logger2025-12-23-10.50.27 - INFO - Best eval epoch 36 found with uar 0.785417
