2025-12-23 10:22:43,471 - utils.logger2025-12-23-10.22.43 - INFO - The number of training samples = 3241
2025-12-23 10:22:45,827 - utils.logger2025-12-23-10.22.43 - INFO - Cur epoch 1 loss TA:1.0288 TV:1.0235 VA:2.0469 CE:1.7009
2025-12-23 10:22:46,262 - utils.logger2025-12-23-10.22.43 - INFO - Cur epoch 1 loss TA:1.0153 TV:1.0087 VA:1.9233 CE:1.3209
2025-12-23 10:22:46,700 - utils.logger2025-12-23-10.22.43 - INFO - Cur epoch 1 loss TA:0.9711 TV:0.9625 VA:1.8099 CE:1.2873
2025-12-23 10:22:47,083 - utils.logger2025-12-23-10.22.43 - INFO - Cur epoch 1 loss TA:0.9498 TV:0.9391 VA:1.7641 CE:1.3560
2025-12-23 10:22:47,455 - utils.logger2025-12-23-10.22.43 - INFO - Cur epoch 1 loss TA:0.9384 TV:0.9295 VA:1.6784 CE:1.2794
2025-12-23 10:22:47,542 - utils.logger2025-12-23-10.22.43 - INFO - saving the model at the end of epoch 1, iters 51
2025-12-23 10:22:47,657 - utils.logger2025-12-23-10.22.43 - INFO - End of training epoch 1 / 40 	 Time Taken: 3 sec
2025-12-23 10:22:47,657 - utils.logger2025-12-23-10.22.43 - INFO - learning rate = 0.0005000
2025-12-23 10:22:48,208 - utils.logger2025-12-23-10.22.43 - INFO - Val result of epoch 1 / 40 acc 0.6241 uar 0.3551 f1 0.3351
2025-12-23 10:22:48,208 - utils.logger2025-12-23-10.22.43 - INFO - 
[[  0   4  19   0]
 [  0  29  31   0]
 [  0  13 136   1]
 [  0   1  31   1]]
2025-12-23 10:22:48,551 - utils.logger2025-12-23-10.22.43 - INFO - Tst result of epoch 1 / 40 acc 0.5224 uar 0.3240 f1 0.2785
2025-12-23 10:22:48,551 - utils.logger2025-12-23-10.22.43 - INFO - 
[[  0   2  29   0]
 [  0  34  68   0]
 [  0   4 129   1]
 [  0   1  44   0]]
2025-12-23 10:22:49,202 - utils.logger2025-12-23-10.22.43 - INFO - Cur epoch 2 loss TA:0.9232 TV:0.9134 VA:1.5852 CE:1.2218
2025-12-23 10:22:49,868 - utils.logger2025-12-23-10.22.43 - INFO - Cur epoch 2 loss TA:0.9147 TV:0.9172 VA:1.5469 CE:1.0664
2025-12-23 10:22:50,587 - utils.logger2025-12-23-10.22.43 - INFO - Cur epoch 2 loss TA:0.9156 TV:0.9140 VA:1.5293 CE:1.0385
2025-12-23 10:22:50,978 - utils.logger2025-12-23-10.22.43 - INFO - Cur epoch 2 loss TA:0.9029 TV:0.9059 VA:1.5036 CE:1.1629
2025-12-23 10:22:51,434 - utils.logger2025-12-23-10.22.43 - INFO - Cur epoch 2 loss TA:0.8982 TV:0.8938 VA:1.4966 CE:1.0186
2025-12-23 10:22:51,563 - utils.logger2025-12-23-10.22.43 - INFO - saving the model at the end of epoch 2, iters 102
2025-12-23 10:22:51,686 - utils.logger2025-12-23-10.22.43 - INFO - End of training epoch 2 / 40 	 Time Taken: 3 sec
2025-12-23 10:22:51,686 - utils.logger2025-12-23-10.22.43 - INFO - learning rate = 0.0005000
2025-12-23 10:22:52,029 - utils.logger2025-12-23-10.22.43 - INFO - Val result of epoch 2 / 40 acc 0.6466 uar 0.4327 f1 0.4358
2025-12-23 10:22:52,029 - utils.logger2025-12-23-10.22.43 - INFO - 
[[  5   5  13   0]
 [  0  40  20   0]
 [  1  16 127   6]
 [  0   1  32   0]]
2025-12-23 10:22:52,391 - utils.logger2025-12-23-10.22.43 - INFO - Tst result of epoch 2 / 40 acc 0.5673 uar 0.3762 f1 0.3605
2025-12-23 10:22:52,392 - utils.logger2025-12-23-10.22.43 - INFO - 
[[  1   2  26   2]
 [  0  49  53   0]
 [  0   6 124   4]
 [  0   1  41   3]]
2025-12-23 10:22:53,013 - utils.logger2025-12-23-10.22.43 - INFO - Cur epoch 3 loss TA:0.8611 TV:0.8778 VA:1.4038 CE:1.0694
2025-12-23 10:22:53,405 - utils.logger2025-12-23-10.22.43 - INFO - Cur epoch 3 loss TA:0.8661 TV:0.8424 VA:1.3991 CE:1.0221
2025-12-23 10:22:53,807 - utils.logger2025-12-23-10.22.43 - INFO - Cur epoch 3 loss TA:0.8580 TV:0.8619 VA:1.4746 CE:0.9176
2025-12-23 10:22:54,215 - utils.logger2025-12-23-10.22.43 - INFO - Cur epoch 3 loss TA:0.8758 TV:0.8648 VA:1.4073 CE:0.8152
2025-12-23 10:22:54,736 - utils.logger2025-12-23-10.22.43 - INFO - Cur epoch 3 loss TA:0.8532 TV:0.8456 VA:1.3265 CE:0.7848
2025-12-23 10:22:54,910 - utils.logger2025-12-23-10.22.43 - INFO - saving the model at the end of epoch 3, iters 153
2025-12-23 10:22:55,009 - utils.logger2025-12-23-10.22.43 - INFO - End of training epoch 3 / 40 	 Time Taken: 2 sec
2025-12-23 10:22:55,010 - utils.logger2025-12-23-10.22.43 - INFO - learning rate = 0.0005000
2025-12-23 10:22:55,493 - utils.logger2025-12-23-10.22.43 - INFO - Val result of epoch 3 / 40 acc 0.7068 uar 0.5155 f1 0.5335
2025-12-23 10:22:55,494 - utils.logger2025-12-23-10.22.43 - INFO - 
[[  9   3  11   0]
 [  0  43  17   0]
 [  4   8 134   4]
 [  0   1  30   2]]
2025-12-23 10:22:55,849 - utils.logger2025-12-23-10.22.43 - INFO - Tst result of epoch 3 / 40 acc 0.6026 uar 0.4456 f1 0.4709
2025-12-23 10:22:55,849 - utils.logger2025-12-23-10.22.43 - INFO - 
[[  4   0  26   1]
 [  0  44  58   0]
 [  0   1 128   5]
 [  0   0  33  12]]
2025-12-23 10:22:56,475 - utils.logger2025-12-23-10.22.43 - INFO - Cur epoch 4 loss TA:0.8111 TV:0.8082 VA:1.3624 CE:0.6946
2025-12-23 10:22:56,977 - utils.logger2025-12-23-10.22.43 - INFO - Cur epoch 4 loss TA:0.7557 TV:0.7647 VA:1.3341 CE:0.8916
2025-12-23 10:22:57,457 - utils.logger2025-12-23-10.22.43 - INFO - Cur epoch 4 loss TA:0.7734 TV:0.7960 VA:1.3053 CE:1.1191
2025-12-23 10:22:57,950 - utils.logger2025-12-23-10.22.43 - INFO - Cur epoch 4 loss TA:0.8043 TV:0.8201 VA:1.3036 CE:0.8204
2025-12-23 10:22:58,484 - utils.logger2025-12-23-10.22.43 - INFO - Cur epoch 4 loss TA:0.8110 TV:0.8096 VA:1.3155 CE:0.9075
2025-12-23 10:22:58,830 - utils.logger2025-12-23-10.22.43 - INFO - saving the model at the end of epoch 4, iters 204
2025-12-23 10:22:59,031 - utils.logger2025-12-23-10.22.43 - INFO - End of training epoch 4 / 40 	 Time Taken: 3 sec
2025-12-23 10:22:59,031 - utils.logger2025-12-23-10.22.43 - INFO - learning rate = 0.0005000
2025-12-23 10:22:59,540 - utils.logger2025-12-23-10.22.43 - INFO - Val result of epoch 4 / 40 acc 0.7068 uar 0.5148 f1 0.5354
2025-12-23 10:22:59,540 - utils.logger2025-12-23-10.22.43 - INFO - 
[[  5   8  10   0]
 [  0  48  12   0]
 [  0  17 129   4]
 [  0   1  26   6]]
2025-12-23 10:22:59,971 - utils.logger2025-12-23-10.22.43 - INFO - Tst result of epoch 4 / 40 acc 0.6186 uar 0.4967 f1 0.5224
2025-12-23 10:22:59,971 - utils.logger2025-12-23-10.22.43 - INFO - 
[[  5   2  21   3]
 [  0  48  54   0]
 [  0   3 119  12]
 [  0   1  23  21]]
2025-12-23 10:23:00,514 - utils.logger2025-12-23-10.22.43 - INFO - Cur epoch 5 loss TA:0.7690 TV:0.7615 VA:1.3116 CE:0.6688
2025-12-23 10:23:00,944 - utils.logger2025-12-23-10.22.43 - INFO - Cur epoch 5 loss TA:0.7666 TV:0.7788 VA:1.2411 CE:0.8430
2025-12-23 10:23:01,340 - utils.logger2025-12-23-10.22.43 - INFO - Cur epoch 5 loss TA:0.7324 TV:0.7509 VA:1.2701 CE:0.7363
2025-12-23 10:23:01,725 - utils.logger2025-12-23-10.22.43 - INFO - Cur epoch 5 loss TA:0.7714 TV:0.7753 VA:1.3006 CE:0.6917
2025-12-23 10:23:02,182 - utils.logger2025-12-23-10.22.43 - INFO - Cur epoch 5 loss TA:0.8136 TV:0.8204 VA:1.3187 CE:0.7277
2025-12-23 10:23:02,500 - utils.logger2025-12-23-10.22.43 - INFO - saving the model at the end of epoch 5, iters 255
2025-12-23 10:23:02,629 - utils.logger2025-12-23-10.22.43 - INFO - End of training epoch 5 / 40 	 Time Taken: 2 sec
2025-12-23 10:23:02,630 - utils.logger2025-12-23-10.22.43 - INFO - learning rate = 0.0005000
2025-12-23 10:23:03,324 - utils.logger2025-12-23-10.22.43 - INFO - Val result of epoch 5 / 40 acc 0.7105 uar 0.6862 f1 0.6534
2025-12-23 10:23:03,324 - utils.logger2025-12-23-10.22.43 - INFO - 
[[ 11   6   4   2]
 [  0  56   3   1]
 [  5  17 100  28]
 [  1   1   9  22]]
2025-12-23 10:23:03,766 - utils.logger2025-12-23-10.22.43 - INFO - Tst result of epoch 5 / 40 acc 0.5962 uar 0.5993 f1 0.5887
2025-12-23 10:23:03,766 - utils.logger2025-12-23-10.22.43 - INFO - 
[[12  1  7 11]
 [ 0 58 40  4]
 [ 0  5 77 52]
 [ 0  1  5 39]]
2025-12-23 10:23:05,127 - utils.logger2025-12-23-10.22.43 - INFO - Cur epoch 6 loss TA:0.7591 TV:0.7737 VA:1.2511 CE:0.8642
2025-12-23 10:23:05,724 - utils.logger2025-12-23-10.22.43 - INFO - Cur epoch 6 loss TA:0.7387 TV:0.7474 VA:1.2017 CE:0.7143
2025-12-23 10:23:06,155 - utils.logger2025-12-23-10.22.43 - INFO - Cur epoch 6 loss TA:0.7395 TV:0.7575 VA:1.2048 CE:0.7032
2025-12-23 10:23:06,628 - utils.logger2025-12-23-10.22.43 - INFO - Cur epoch 6 loss TA:0.7980 TV:0.8211 VA:1.2756 CE:0.5882
2025-12-23 10:23:07,098 - utils.logger2025-12-23-10.22.43 - INFO - Cur epoch 6 loss TA:0.7728 TV:0.8049 VA:1.2520 CE:0.4989
2025-12-23 10:23:07,445 - utils.logger2025-12-23-10.22.43 - INFO - saving the model at the end of epoch 6, iters 306
2025-12-23 10:23:07,562 - utils.logger2025-12-23-10.22.43 - INFO - End of training epoch 6 / 40 	 Time Taken: 3 sec
2025-12-23 10:23:07,562 - utils.logger2025-12-23-10.22.43 - INFO - learning rate = 0.0005000
2025-12-23 10:23:07,905 - utils.logger2025-12-23-10.22.43 - INFO - Val result of epoch 6 / 40 acc 0.7744 uar 0.6734 f1 0.7007
2025-12-23 10:23:07,905 - utils.logger2025-12-23-10.22.43 - INFO - 
[[ 11   3   7   2]
 [  0  49  11   0]
 [  2   9 128  11]
 [  0   1  14  18]]
2025-12-23 10:23:08,277 - utils.logger2025-12-23-10.22.43 - INFO - Tst result of epoch 6 / 40 acc 0.6186 uar 0.5442 f1 0.5642
2025-12-23 10:23:08,277 - utils.logger2025-12-23-10.22.43 - INFO - 
[[  8   0  18   5]
 [  0  47  55   0]
 [  0   1 109  24]
 [  0   0  16  29]]
2025-12-23 10:23:08,743 - utils.logger2025-12-23-10.22.43 - INFO - Cur epoch 7 loss TA:0.7086 TV:0.7079 VA:1.2459 CE:0.8086
2025-12-23 10:23:09,170 - utils.logger2025-12-23-10.22.43 - INFO - Cur epoch 7 loss TA:0.7105 TV:0.7307 VA:1.1837 CE:0.6197
2025-12-23 10:23:09,672 - utils.logger2025-12-23-10.22.43 - INFO - Cur epoch 7 loss TA:0.7414 TV:0.7207 VA:1.2386 CE:0.4955
2025-12-23 10:23:10,116 - utils.logger2025-12-23-10.22.43 - INFO - Cur epoch 7 loss TA:0.7270 TV:0.7462 VA:1.2100 CE:0.7475
2025-12-23 10:23:10,641 - utils.logger2025-12-23-10.22.43 - INFO - Cur epoch 7 loss TA:0.7532 TV:0.7630 VA:1.1675 CE:0.5604
2025-12-23 10:23:11,008 - utils.logger2025-12-23-10.22.43 - INFO - saving the model at the end of epoch 7, iters 357
2025-12-23 10:23:11,113 - utils.logger2025-12-23-10.22.43 - INFO - End of training epoch 7 / 40 	 Time Taken: 2 sec
2025-12-23 10:23:11,113 - utils.logger2025-12-23-10.22.43 - INFO - learning rate = 0.0005000
2025-12-23 10:23:11,489 - utils.logger2025-12-23-10.22.43 - INFO - Val result of epoch 7 / 40 acc 0.7594 uar 0.7328 f1 0.7125
2025-12-23 10:23:11,489 - utils.logger2025-12-23-10.22.43 - INFO - 
[[ 18   3   1   1]
 [  0  52   8   0]
 [  9  11 115  15]
 [  0   1  15  17]]
2025-12-23 10:23:11,838 - utils.logger2025-12-23-10.22.43 - INFO - Tst result of epoch 7 / 40 acc 0.6058 uar 0.5934 f1 0.5881
2025-12-23 10:23:11,838 - utils.logger2025-12-23-10.22.43 - INFO - 
[[11  0 13  7]
 [ 0 49 50  3]
 [ 0  1 90 43]
 [ 0  0  6 39]]
2025-12-23 10:23:12,234 - utils.logger2025-12-23-10.22.43 - INFO - Cur epoch 8 loss TA:0.6830 TV:0.7101 VA:1.2565 CE:0.5708
2025-12-23 10:23:12,691 - utils.logger2025-12-23-10.22.43 - INFO - Cur epoch 8 loss TA:0.6846 TV:0.6927 VA:1.2115 CE:0.5178
2025-12-23 10:23:13,182 - utils.logger2025-12-23-10.22.43 - INFO - Cur epoch 8 loss TA:0.7405 TV:0.7462 VA:1.3067 CE:0.3986
2025-12-23 10:23:13,686 - utils.logger2025-12-23-10.22.43 - INFO - Cur epoch 8 loss TA:0.6650 TV:0.6757 VA:1.1557 CE:0.7196
2025-12-23 10:23:14,105 - utils.logger2025-12-23-10.22.43 - INFO - Cur epoch 8 loss TA:0.6847 TV:0.7084 VA:1.1394 CE:0.7833
2025-12-23 10:23:14,456 - utils.logger2025-12-23-10.22.43 - INFO - saving the model at the end of epoch 8, iters 408
2025-12-23 10:23:14,552 - utils.logger2025-12-23-10.22.43 - INFO - End of training epoch 8 / 40 	 Time Taken: 2 sec
2025-12-23 10:23:14,552 - utils.logger2025-12-23-10.22.43 - INFO - learning rate = 0.0005000
2025-12-23 10:23:15,450 - utils.logger2025-12-23-10.22.43 - INFO - Val result of epoch 8 / 40 acc 0.7293 uar 0.7223 f1 0.6949
2025-12-23 10:23:15,450 - utils.logger2025-12-23-10.22.43 - INFO - 
[[ 13   4   3   3]
 [  0  55   5   0]
 [  3  14 102  31]
 [  0   0   9  24]]
2025-12-23 10:23:15,966 - utils.logger2025-12-23-10.22.43 - INFO - Tst result of epoch 8 / 40 acc 0.5865 uar 0.5655 f1 0.5559
2025-12-23 10:23:15,966 - utils.logger2025-12-23-10.22.43 - INFO - 
[[ 9  1 12  9]
 [ 0 48 49  5]
 [ 0  1 88 45]
 [ 0  0  7 38]]
2025-12-23 10:23:16,333 - utils.logger2025-12-23-10.22.43 - INFO - Cur epoch 9 loss TA:0.6559 TV:0.6694 VA:1.1764 CE:0.2092
2025-12-23 10:23:16,844 - utils.logger2025-12-23-10.22.43 - INFO - Cur epoch 9 loss TA:0.7133 TV:0.7072 VA:1.2291 CE:0.4510
2025-12-23 10:23:17,282 - utils.logger2025-12-23-10.22.43 - INFO - Cur epoch 9 loss TA:0.6805 TV:0.7131 VA:1.1905 CE:0.4941
2025-12-23 10:23:17,711 - utils.logger2025-12-23-10.22.43 - INFO - Cur epoch 9 loss TA:0.6827 TV:0.7065 VA:1.1889 CE:0.4642
2025-12-23 10:23:18,164 - utils.logger2025-12-23-10.22.43 - INFO - Cur epoch 9 loss TA:0.6568 TV:0.6928 VA:1.1675 CE:0.3570
2025-12-23 10:23:18,620 - utils.logger2025-12-23-10.22.43 - INFO - saving the model at the end of epoch 9, iters 459
2025-12-23 10:23:18,730 - utils.logger2025-12-23-10.22.43 - INFO - End of training epoch 9 / 40 	 Time Taken: 2 sec
2025-12-23 10:23:18,730 - utils.logger2025-12-23-10.22.43 - INFO - learning rate = 0.0005000
2025-12-23 10:23:19,379 - utils.logger2025-12-23-10.22.43 - INFO - Val result of epoch 9 / 40 acc 0.7669 uar 0.7457 f1 0.7243
2025-12-23 10:23:19,380 - utils.logger2025-12-23-10.22.43 - INFO - 
[[ 14   4   4   1]
 [  0  54   6   0]
 [  6  15 112  17]
 [  0   1   8  24]]
2025-12-23 10:23:19,743 - utils.logger2025-12-23-10.22.43 - INFO - Tst result of epoch 9 / 40 acc 0.6506 uar 0.6178 f1 0.6165
2025-12-23 10:23:19,744 - utils.logger2025-12-23-10.22.43 - INFO - 
[[10  1 13  7]
 [ 0 63 38  1]
 [ 0  3 92 39]
 [ 0  0  7 38]]
2025-12-23 10:23:20,060 - utils.logger2025-12-23-10.22.43 - INFO - Cur epoch 10 loss TA:0.6530 TV:0.6798 VA:1.1694 CE:0.4743
2025-12-23 10:23:20,629 - utils.logger2025-12-23-10.22.43 - INFO - Cur epoch 10 loss TA:0.7236 TV:0.7267 VA:1.1167 CE:0.3310
2025-12-23 10:23:21,160 - utils.logger2025-12-23-10.22.43 - INFO - Cur epoch 10 loss TA:0.6676 TV:0.6880 VA:1.1900 CE:0.3639
2025-12-23 10:23:21,676 - utils.logger2025-12-23-10.22.43 - INFO - Cur epoch 10 loss TA:0.6507 TV:0.6633 VA:1.1382 CE:0.3670
2025-12-23 10:23:22,193 - utils.logger2025-12-23-10.22.43 - INFO - Cur epoch 10 loss TA:0.6623 TV:0.6812 VA:1.1681 CE:0.4116
2025-12-23 10:23:22,681 - utils.logger2025-12-23-10.22.43 - INFO - Cur epoch 10 loss TA:0.5936 TV:0.5407 VA:0.9587 CE:0.3328
2025-12-23 10:23:22,737 - utils.logger2025-12-23-10.22.43 - INFO - saving the model at the end of epoch 10, iters 510
2025-12-23 10:23:22,855 - utils.logger2025-12-23-10.22.43 - INFO - End of training epoch 10 / 40 	 Time Taken: 3 sec
2025-12-23 10:23:22,855 - utils.logger2025-12-23-10.22.43 - INFO - learning rate = 0.0005000
2025-12-23 10:23:23,437 - utils.logger2025-12-23-10.22.43 - INFO - Val result of epoch 10 / 40 acc 0.8045 uar 0.7439 f1 0.7586
2025-12-23 10:23:23,438 - utils.logger2025-12-23-10.22.43 - INFO - 
[[ 14   3   4   2]
 [  0  49  11   0]
 [  2   7 128  13]
 [  0   0  10  23]]
2025-12-23 10:23:24,347 - utils.logger2025-12-23-10.22.43 - INFO - Tst result of epoch 10 / 40 acc 0.5737 uar 0.5435 f1 0.5436
2025-12-23 10:23:24,347 - utils.logger2025-12-23-10.22.43 - INFO - 
[[ 9  0 15  7]
 [ 0 42 59  1]
 [ 0  1 93 40]
 [ 0  0 10 35]]
2025-12-23 10:23:25,728 - utils.logger2025-12-23-10.22.43 - INFO - Cur epoch 11 loss TA:0.6469 TV:0.7031 VA:1.1655 CE:0.3284
2025-12-23 10:23:26,162 - utils.logger2025-12-23-10.22.43 - INFO - Cur epoch 11 loss TA:0.6517 TV:0.6733 VA:1.1360 CE:0.2483
2025-12-23 10:23:26,600 - utils.logger2025-12-23-10.22.43 - INFO - Cur epoch 11 loss TA:0.6827 TV:0.6937 VA:1.1562 CE:0.3403
2025-12-23 10:23:27,104 - utils.logger2025-12-23-10.22.43 - INFO - Cur epoch 11 loss TA:0.7011 TV:0.6822 VA:1.1533 CE:0.4317
2025-12-23 10:23:27,624 - utils.logger2025-12-23-10.22.43 - INFO - Cur epoch 11 loss TA:0.6677 TV:0.6861 VA:1.1290 CE:0.3341
2025-12-23 10:23:27,732 - utils.logger2025-12-23-10.22.43 - INFO - saving the model at the end of epoch 11, iters 561
2025-12-23 10:23:27,854 - utils.logger2025-12-23-10.22.43 - INFO - End of training epoch 11 / 40 	 Time Taken: 3 sec
2025-12-23 10:23:27,854 - utils.logger2025-12-23-10.22.43 - INFO - learning rate = 0.0005000
2025-12-23 10:23:28,212 - utils.logger2025-12-23-10.22.43 - INFO - Val result of epoch 11 / 40 acc 0.8083 uar 0.7535 f1 0.7629
2025-12-23 10:23:28,213 - utils.logger2025-12-23-10.22.43 - INFO - 
[[ 20   1   2   0]
 [  0  49  11   0]
 [  5   7 131   7]
 [  0   1  17  15]]
2025-12-23 10:23:28,548 - utils.logger2025-12-23-10.22.43 - INFO - Tst result of epoch 11 / 40 acc 0.6154 uar 0.5760 f1 0.5912
2025-12-23 10:23:28,548 - utils.logger2025-12-23-10.22.43 - INFO - 
[[ 13   0  15   3]
 [  2  39  61   0]
 [  1   1 109  23]
 [  0   0  14  31]]
2025-12-23 10:23:29,325 - utils.logger2025-12-23-10.22.43 - INFO - Cur epoch 12 loss TA:0.6303 TV:0.6405 VA:1.0829 CE:0.3580
2025-12-23 10:23:29,706 - utils.logger2025-12-23-10.22.43 - INFO - Cur epoch 12 loss TA:0.6630 TV:0.6761 VA:1.1255 CE:0.2786
2025-12-23 10:23:30,147 - utils.logger2025-12-23-10.22.43 - INFO - Cur epoch 12 loss TA:0.6451 TV:0.6614 VA:1.1223 CE:0.5018
2025-12-23 10:23:30,605 - utils.logger2025-12-23-10.22.43 - INFO - Cur epoch 12 loss TA:0.6853 TV:0.6851 VA:1.1196 CE:0.2355
2025-12-23 10:23:31,131 - utils.logger2025-12-23-10.22.43 - INFO - Cur epoch 12 loss TA:0.6362 TV:0.6475 VA:1.1037 CE:0.4608
2025-12-23 10:23:31,286 - utils.logger2025-12-23-10.22.43 - INFO - saving the model at the end of epoch 12, iters 612
2025-12-23 10:23:31,391 - utils.logger2025-12-23-10.22.43 - INFO - End of training epoch 12 / 40 	 Time Taken: 2 sec
2025-12-23 10:23:31,391 - utils.logger2025-12-23-10.22.43 - INFO - learning rate = 0.0005000
2025-12-23 10:23:32,173 - utils.logger2025-12-23-10.22.43 - INFO - Val result of epoch 12 / 40 acc 0.7857 uar 0.7648 f1 0.7506
2025-12-23 10:23:32,173 - utils.logger2025-12-23-10.22.43 - INFO - 
[[ 17   3   2   1]
 [  0  52   8   0]
 [  6  13 118  13]
 [  0   1  10  22]]
2025-12-23 10:23:32,659 - utils.logger2025-12-23-10.22.43 - INFO - Tst result of epoch 12 / 40 acc 0.5833 uar 0.5735 f1 0.5732
2025-12-23 10:23:32,660 - utils.logger2025-12-23-10.22.43 - INFO - 
[[11  0 15  5]
 [ 0 50 51  1]
 [ 0  1 84 49]
 [ 0  0  8 37]]
2025-12-23 10:23:33,359 - utils.logger2025-12-23-10.22.43 - INFO - Cur epoch 13 loss TA:0.6192 TV:0.6012 VA:1.1282 CE:0.2396
2025-12-23 10:23:34,018 - utils.logger2025-12-23-10.22.43 - INFO - Cur epoch 13 loss TA:0.6045 TV:0.6317 VA:1.1124 CE:0.2623
2025-12-23 10:23:34,455 - utils.logger2025-12-23-10.22.43 - INFO - Cur epoch 13 loss TA:0.6534 TV:0.6576 VA:1.1125 CE:0.4104
2025-12-23 10:23:34,944 - utils.logger2025-12-23-10.22.43 - INFO - Cur epoch 13 loss TA:0.6467 TV:0.6467 VA:1.0889 CE:0.2384
2025-12-23 10:23:35,373 - utils.logger2025-12-23-10.22.43 - INFO - Cur epoch 13 loss TA:0.6532 TV:0.6528 VA:1.0937 CE:0.2625
2025-12-23 10:23:35,569 - utils.logger2025-12-23-10.22.43 - INFO - saving the model at the end of epoch 13, iters 663
2025-12-23 10:23:35,684 - utils.logger2025-12-23-10.22.43 - INFO - End of training epoch 13 / 40 	 Time Taken: 3 sec
2025-12-23 10:23:35,684 - utils.logger2025-12-23-10.22.43 - INFO - learning rate = 0.0005000
2025-12-23 10:23:36,048 - utils.logger2025-12-23-10.22.43 - INFO - Val result of epoch 13 / 40 acc 0.7669 uar 0.6596 f1 0.6875
2025-12-23 10:23:36,049 - utils.logger2025-12-23-10.22.43 - INFO - 
[[ 15   2   6   0]
 [  0  49  11   0]
 [  3  10 130   7]
 [  0   1  22  10]]
2025-12-23 10:23:36,392 - utils.logger2025-12-23-10.22.43 - INFO - Tst result of epoch 13 / 40 acc 0.6314 uar 0.5732 f1 0.5841
2025-12-23 10:23:36,393 - utils.logger2025-12-23-10.22.43 - INFO - 
[[  8   0  20   3]
 [  0  46  56   0]
 [  0   2 108  24]
 [  0   0  10  35]]
2025-12-23 10:23:36,979 - utils.logger2025-12-23-10.22.43 - INFO - Cur epoch 14 loss TA:0.6283 TV:0.6624 VA:1.1426 CE:0.1764
2025-12-23 10:23:37,466 - utils.logger2025-12-23-10.22.43 - INFO - Cur epoch 14 loss TA:0.6478 TV:0.6733 VA:1.1066 CE:0.3689
2025-12-23 10:23:37,941 - utils.logger2025-12-23-10.22.43 - INFO - Cur epoch 14 loss TA:0.6438 TV:0.6489 VA:1.0589 CE:0.1501
2025-12-23 10:23:38,464 - utils.logger2025-12-23-10.22.43 - INFO - Cur epoch 14 loss TA:0.6122 TV:0.6305 VA:1.0588 CE:0.2717
2025-12-23 10:23:39,067 - utils.logger2025-12-23-10.22.43 - INFO - Cur epoch 14 loss TA:0.6190 TV:0.6094 VA:1.1008 CE:0.2487
2025-12-23 10:23:39,268 - utils.logger2025-12-23-10.22.43 - INFO - saving the model at the end of epoch 14, iters 714
2025-12-23 10:23:39,368 - utils.logger2025-12-23-10.22.43 - INFO - End of training epoch 14 / 40 	 Time Taken: 2 sec
2025-12-23 10:23:39,368 - utils.logger2025-12-23-10.22.43 - INFO - learning rate = 0.0005000
2025-12-23 10:23:39,924 - utils.logger2025-12-23-10.22.43 - INFO - Val result of epoch 14 / 40 acc 0.7406 uar 0.7583 f1 0.7171
2025-12-23 10:23:39,924 - utils.logger2025-12-23-10.22.43 - INFO - 
[[ 16   4   1   2]
 [  0  54   5   1]
 [  5  12 102  31]
 [  0   0   8  25]]
2025-12-23 10:23:40,282 - utils.logger2025-12-23-10.22.43 - INFO - Tst result of epoch 14 / 40 acc 0.5256 uar 0.5299 f1 0.5011
2025-12-23 10:23:40,282 - utils.logger2025-12-23-10.22.43 - INFO - 
[[ 7  0 13 11]
 [ 0 50 42 10]
 [ 0  0 66 68]
 [ 0  0  4 41]]
2025-12-23 10:23:40,813 - utils.logger2025-12-23-10.22.43 - INFO - Cur epoch 15 loss TA:0.6527 TV:0.6434 VA:1.0789 CE:0.2705
2025-12-23 10:23:41,328 - utils.logger2025-12-23-10.22.43 - INFO - Cur epoch 15 loss TA:0.6195 TV:0.6227 VA:1.0897 CE:0.1289
2025-12-23 10:23:41,824 - utils.logger2025-12-23-10.22.43 - INFO - Cur epoch 15 loss TA:0.6212 TV:0.6264 VA:1.0908 CE:0.2657
2025-12-23 10:23:42,268 - utils.logger2025-12-23-10.22.43 - INFO - Cur epoch 15 loss TA:0.6254 TV:0.6447 VA:1.1207 CE:0.2088
2025-12-23 10:23:42,723 - utils.logger2025-12-23-10.22.43 - INFO - Cur epoch 15 loss TA:0.6413 TV:0.6701 VA:1.0746 CE:0.1829
2025-12-23 10:23:43,034 - utils.logger2025-12-23-10.22.43 - INFO - saving the model at the end of epoch 15, iters 765
2025-12-23 10:23:43,153 - utils.logger2025-12-23-10.22.43 - INFO - End of training epoch 15 / 40 	 Time Taken: 2 sec
2025-12-23 10:23:43,153 - utils.logger2025-12-23-10.22.43 - INFO - learning rate = 0.0005000
2025-12-23 10:23:43,979 - utils.logger2025-12-23-10.22.43 - INFO - Val result of epoch 15 / 40 acc 0.7782 uar 0.6919 f1 0.7143
2025-12-23 10:23:43,979 - utils.logger2025-12-23-10.22.43 - INFO - 
[[ 11   2   9   1]
 [  0  51   9   0]
 [  1   9 125  15]
 [  0   1  12  20]]
2025-12-23 10:23:44,359 - utils.logger2025-12-23-10.22.43 - INFO - Tst result of epoch 15 / 40 acc 0.5897 uar 0.5355 f1 0.5371
2025-12-23 10:23:44,360 - utils.logger2025-12-23-10.22.43 - INFO - 
[[  7   1  19   4]
 [  0  40  61   1]
 [  0   1 103  30]
 [  0   0  11  34]]
2025-12-23 10:23:44,855 - utils.logger2025-12-23-10.22.43 - INFO - Cur epoch 16 loss TA:0.6498 TV:0.6743 VA:1.0874 CE:0.2537
2025-12-23 10:23:45,253 - utils.logger2025-12-23-10.22.43 - INFO - Cur epoch 16 loss TA:0.6338 TV:0.6444 VA:1.1643 CE:0.1667
2025-12-23 10:23:45,635 - utils.logger2025-12-23-10.22.43 - INFO - Cur epoch 16 loss TA:0.6192 TV:0.6207 VA:1.0760 CE:0.3519
2025-12-23 10:23:46,066 - utils.logger2025-12-23-10.22.43 - INFO - Cur epoch 16 loss TA:0.5993 TV:0.6199 VA:1.0692 CE:0.3378
2025-12-23 10:23:46,460 - utils.logger2025-12-23-10.22.43 - INFO - Cur epoch 16 loss TA:0.6114 TV:0.5956 VA:1.0979 CE:0.1339
2025-12-23 10:23:46,780 - utils.logger2025-12-23-10.22.43 - INFO - saving the model at the end of epoch 16, iters 816
2025-12-23 10:23:46,901 - utils.logger2025-12-23-10.22.43 - INFO - End of training epoch 16 / 40 	 Time Taken: 2 sec
2025-12-23 10:23:46,901 - utils.logger2025-12-23-10.22.43 - INFO - learning rate = 0.0005000
2025-12-23 10:23:47,368 - utils.logger2025-12-23-10.22.43 - INFO - Val result of epoch 16 / 40 acc 0.7932 uar 0.6991 f1 0.7271
2025-12-23 10:23:47,368 - utils.logger2025-12-23-10.22.43 - INFO - 
[[ 14   3   6   0]
 [  0  52   8   0]
 [  4  12 130   4]
 [  0   1  17  15]]
2025-12-23 10:23:47,712 - utils.logger2025-12-23-10.22.43 - INFO - Tst result of epoch 16 / 40 acc 0.6346 uar 0.5836 f1 0.5931
2025-12-23 10:23:47,712 - utils.logger2025-12-23-10.22.43 - INFO - 
[[  9   3  17   2]
 [  0  50  52   0]
 [  1   1 104  28]
 [  0   0  10  35]]
2025-12-23 10:23:48,142 - utils.logger2025-12-23-10.22.43 - INFO - Cur epoch 17 loss TA:0.5848 TV:0.6008 VA:1.0877 CE:0.1633
2025-12-23 10:23:48,520 - utils.logger2025-12-23-10.22.43 - INFO - Cur epoch 17 loss TA:0.6061 TV:0.6435 VA:1.0961 CE:0.2179
2025-12-23 10:23:48,887 - utils.logger2025-12-23-10.22.43 - INFO - Cur epoch 17 loss TA:0.5764 TV:0.6137 VA:1.1053 CE:0.1565
2025-12-23 10:23:49,298 - utils.logger2025-12-23-10.22.43 - INFO - Cur epoch 17 loss TA:0.5923 TV:0.6375 VA:1.1254 CE:0.1569
2025-12-23 10:23:49,815 - utils.logger2025-12-23-10.22.43 - INFO - Cur epoch 17 loss TA:0.5980 TV:0.6250 VA:1.0884 CE:0.2248
2025-12-23 10:23:50,249 - utils.logger2025-12-23-10.22.43 - INFO - saving the model at the end of epoch 17, iters 867
2025-12-23 10:23:50,350 - utils.logger2025-12-23-10.22.43 - INFO - End of training epoch 17 / 40 	 Time Taken: 2 sec
2025-12-23 10:23:50,350 - utils.logger2025-12-23-10.22.43 - INFO - learning rate = 0.0005000
2025-12-23 10:23:51,158 - utils.logger2025-12-23-10.22.43 - INFO - Val result of epoch 17 / 40 acc 0.8045 uar 0.8108 f1 0.7837
2025-12-23 10:23:51,158 - utils.logger2025-12-23-10.22.43 - INFO - 
[[ 21   0   2   0]
 [  0  50  10   0]
 [  7   7 120  16]
 [  0   1   9  23]]
2025-12-23 10:23:51,651 - utils.logger2025-12-23-10.22.43 - INFO - Tst result of epoch 17 / 40 acc 0.5705 uar 0.5539 f1 0.5380
2025-12-23 10:23:51,651 - utils.logger2025-12-23-10.22.43 - INFO - 
[[ 8  0 16  7]
 [ 0 42 59  1]
 [ 0  1 88 45]
 [ 0  0  5 40]]
2025-12-23 10:23:52,082 - utils.logger2025-12-23-10.22.43 - INFO - Cur epoch 18 loss TA:0.6342 TV:0.6516 VA:1.0275 CE:0.2613
2025-12-23 10:23:52,509 - utils.logger2025-12-23-10.22.43 - INFO - Cur epoch 18 loss TA:0.5939 TV:0.6144 VA:1.1315 CE:0.4652
2025-12-23 10:23:52,971 - utils.logger2025-12-23-10.22.43 - INFO - Cur epoch 18 loss TA:0.6023 TV:0.6044 VA:1.0976 CE:0.1338
2025-12-23 10:23:53,698 - utils.logger2025-12-23-10.22.43 - INFO - Cur epoch 18 loss TA:0.5747 TV:0.6133 VA:1.0735 CE:0.1253
2025-12-23 10:23:54,344 - utils.logger2025-12-23-10.22.43 - INFO - Cur epoch 18 loss TA:0.6206 TV:0.6196 VA:1.0972 CE:0.1517
2025-12-23 10:23:54,819 - utils.logger2025-12-23-10.22.43 - INFO - saving the model at the end of epoch 18, iters 918
2025-12-23 10:23:54,946 - utils.logger2025-12-23-10.22.43 - INFO - End of training epoch 18 / 40 	 Time Taken: 3 sec
2025-12-23 10:23:54,946 - utils.logger2025-12-23-10.22.43 - INFO - learning rate = 0.0005000
2025-12-23 10:23:55,571 - utils.logger2025-12-23-10.22.43 - INFO - Val result of epoch 18 / 40 acc 0.7895 uar 0.8049 f1 0.7692
2025-12-23 10:23:55,571 - utils.logger2025-12-23-10.22.43 - INFO - 
[[ 21   1   1   0]
 [  0  55   5   0]
 [  6  13 113  18]
 [  0   1  11  21]]
2025-12-23 10:23:56,366 - utils.logger2025-12-23-10.22.43 - INFO - Tst result of epoch 18 / 40 acc 0.6090 uar 0.6087 f1 0.5985
2025-12-23 10:23:56,366 - utils.logger2025-12-23-10.22.43 - INFO - 
[[12  1 12  6]
 [ 0 55 44  3]
 [ 1  1 83 49]
 [ 0  0  5 40]]
2025-12-23 10:23:56,723 - utils.logger2025-12-23-10.22.43 - INFO - Cur epoch 19 loss TA:0.5736 TV:0.5826 VA:1.0167 CE:0.1103
2025-12-23 10:23:57,311 - utils.logger2025-12-23-10.22.43 - INFO - Cur epoch 19 loss TA:0.6026 TV:0.6336 VA:1.0821 CE:0.0898
2025-12-23 10:23:57,840 - utils.logger2025-12-23-10.22.43 - INFO - Cur epoch 19 loss TA:0.6082 TV:0.6254 VA:1.1270 CE:0.1094
2025-12-23 10:23:58,348 - utils.logger2025-12-23-10.22.43 - INFO - Cur epoch 19 loss TA:0.6059 TV:0.6162 VA:1.0846 CE:0.2370
2025-12-23 10:23:58,873 - utils.logger2025-12-23-10.22.43 - INFO - Cur epoch 19 loss TA:0.5853 TV:0.6040 VA:1.0700 CE:0.1650
2025-12-23 10:23:59,498 - utils.logger2025-12-23-10.22.43 - INFO - saving the model at the end of epoch 19, iters 969
2025-12-23 10:23:59,612 - utils.logger2025-12-23-10.22.43 - INFO - End of training epoch 19 / 40 	 Time Taken: 3 sec
2025-12-23 10:23:59,612 - utils.logger2025-12-23-10.22.43 - INFO - learning rate = 0.0005000
2025-12-23 10:24:00,538 - utils.logger2025-12-23-10.22.43 - INFO - Val result of epoch 19 / 40 acc 0.8045 uar 0.7400 f1 0.7487
2025-12-23 10:24:00,538 - utils.logger2025-12-23-10.22.43 - INFO - 
[[ 18   1   4   0]
 [  0  54   6   0]
 [  5  10 128   7]
 [  0   1  18  14]]
2025-12-23 10:24:00,955 - utils.logger2025-12-23-10.22.43 - INFO - Tst result of epoch 19 / 40 acc 0.5994 uar 0.5431 f1 0.5579
2025-12-23 10:24:00,956 - utils.logger2025-12-23-10.22.43 - INFO - 
[[  9   1  18   3]
 [  0  41  61   0]
 [  1   1 106  26]
 [  0   0  14  31]]
2025-12-23 10:24:01,429 - utils.logger2025-12-23-10.22.43 - INFO - Cur epoch 20 loss TA:0.5933 TV:0.5997 VA:1.0247 CE:0.1229
2025-12-23 10:24:01,963 - utils.logger2025-12-23-10.22.43 - INFO - Cur epoch 20 loss TA:0.5436 TV:0.5542 VA:1.0319 CE:0.1380
2025-12-23 10:24:02,474 - utils.logger2025-12-23-10.22.43 - INFO - Cur epoch 20 loss TA:0.6315 TV:0.6406 VA:1.0027 CE:0.0447
2025-12-23 10:24:03,012 - utils.logger2025-12-23-10.22.43 - INFO - Cur epoch 20 loss TA:0.6380 TV:0.6592 VA:1.0349 CE:0.1874
2025-12-23 10:24:03,514 - utils.logger2025-12-23-10.22.43 - INFO - Cur epoch 20 loss TA:0.6001 TV:0.6100 VA:1.0193 CE:0.1582
2025-12-23 10:24:03,999 - utils.logger2025-12-23-10.22.43 - INFO - Cur epoch 20 loss TA:0.4514 TV:0.4854 VA:0.8679 CE:0.1009
2025-12-23 10:24:04,054 - utils.logger2025-12-23-10.22.43 - INFO - saving the model at the end of epoch 20, iters 1020
2025-12-23 10:24:04,170 - utils.logger2025-12-23-10.22.43 - INFO - End of training epoch 20 / 40 	 Time Taken: 3 sec
2025-12-23 10:24:04,170 - utils.logger2025-12-23-10.22.43 - INFO - learning rate = 0.0005000
2025-12-23 10:24:04,906 - utils.logger2025-12-23-10.22.43 - INFO - Val result of epoch 20 / 40 acc 0.7932 uar 0.7170 f1 0.7477
2025-12-23 10:24:04,906 - utils.logger2025-12-23-10.22.43 - INFO - 
[[ 15   1   7   0]
 [  0  46  14   0]
 [  3   7 131   9]
 [  0   0  14  19]]
2025-12-23 10:24:05,454 - utils.logger2025-12-23-10.22.43 - INFO - Tst result of epoch 20 / 40 acc 0.5962 uar 0.5412 f1 0.5514
2025-12-23 10:24:05,454 - utils.logger2025-12-23-10.22.43 - INFO - 
[[  8   0  21   2]
 [  0  39  63   0]
 [  0   0 106  28]
 [  0   0  12  33]]
2025-12-23 10:24:06,659 - utils.logger2025-12-23-10.22.43 - INFO - Cur epoch 21 loss TA:0.5940 TV:0.6321 VA:1.0313 CE:0.1514
2025-12-23 10:24:07,075 - utils.logger2025-12-23-10.22.43 - INFO - Cur epoch 21 loss TA:0.5808 TV:0.5611 VA:1.0371 CE:0.1069
2025-12-23 10:24:07,486 - utils.logger2025-12-23-10.22.43 - INFO - Cur epoch 21 loss TA:0.5715 TV:0.5896 VA:1.0860 CE:0.0826
2025-12-23 10:24:07,881 - utils.logger2025-12-23-10.22.43 - INFO - Cur epoch 21 loss TA:0.5540 TV:0.5768 VA:1.0753 CE:0.3168
2025-12-23 10:24:08,320 - utils.logger2025-12-23-10.22.43 - INFO - Cur epoch 21 loss TA:0.5979 TV:0.5994 VA:1.0503 CE:0.0774
2025-12-23 10:24:08,430 - utils.logger2025-12-23-10.22.43 - INFO - saving the model at the end of epoch 21, iters 1071
2025-12-23 10:24:08,547 - utils.logger2025-12-23-10.22.43 - INFO - End of training epoch 21 / 40 	 Time Taken: 3 sec
2025-12-23 10:24:08,547 - utils.logger2025-12-23-10.22.43 - INFO - learning rate = 0.0005000
2025-12-23 10:24:08,883 - utils.logger2025-12-23-10.22.43 - INFO - Val result of epoch 21 / 40 acc 0.7744 uar 0.6743 f1 0.7171
2025-12-23 10:24:08,883 - utils.logger2025-12-23-10.22.43 - INFO - 
[[ 13   2   7   1]
 [  0  42  18   0]
 [  1   5 133  11]
 [  0   0  15  18]]
2025-12-23 10:24:09,415 - utils.logger2025-12-23-10.22.43 - INFO - Tst result of epoch 21 / 40 acc 0.5609 uar 0.5077 f1 0.5035
2025-12-23 10:24:09,415 - utils.logger2025-12-23-10.22.43 - INFO - 
[[ 6  0 18  7]
 [ 0 38 64  0]
 [ 0  0 98 36]
 [ 0  0 12 33]]
2025-12-23 10:24:10,315 - utils.logger2025-12-23-10.22.43 - INFO - Cur epoch 22 loss TA:0.5465 TV:0.5502 VA:1.0535 CE:0.1771
2025-12-23 10:24:10,759 - utils.logger2025-12-23-10.22.43 - INFO - Cur epoch 22 loss TA:0.5994 TV:0.6039 VA:1.0405 CE:0.0895
2025-12-23 10:24:11,413 - utils.logger2025-12-23-10.22.43 - INFO - Cur epoch 22 loss TA:0.5924 TV:0.6072 VA:1.0659 CE:0.0894
2025-12-23 10:24:11,964 - utils.logger2025-12-23-10.22.43 - INFO - Cur epoch 22 loss TA:0.6444 TV:0.6372 VA:1.0639 CE:0.0644
2025-12-23 10:24:12,517 - utils.logger2025-12-23-10.22.43 - INFO - Cur epoch 22 loss TA:0.5812 TV:0.5857 VA:1.0182 CE:0.1631
2025-12-23 10:24:12,681 - utils.logger2025-12-23-10.22.43 - INFO - saving the model at the end of epoch 22, iters 1122
2025-12-23 10:24:12,796 - utils.logger2025-12-23-10.22.43 - INFO - End of training epoch 22 / 40 	 Time Taken: 3 sec
2025-12-23 10:24:12,797 - utils.logger2025-12-23-10.22.43 - INFO - learning rate = 0.0005000
2025-12-23 10:24:13,141 - utils.logger2025-12-23-10.22.43 - INFO - Val result of epoch 22 / 40 acc 0.7932 uar 0.7198 f1 0.7169
2025-12-23 10:24:13,142 - utils.logger2025-12-23-10.22.43 - INFO - 
[[ 18   2   3   0]
 [  0  55   5   0]
 [  9  10 127   4]
 [  0   1  21  11]]
2025-12-23 10:24:13,692 - utils.logger2025-12-23-10.22.43 - INFO - Tst result of epoch 22 / 40 acc 0.6282 uar 0.5614 f1 0.5868
2025-12-23 10:24:13,693 - utils.logger2025-12-23-10.22.43 - INFO - 
[[ 10   2  17   2]
 [  0  52  50   0]
 [  1   1 106  26]
 [  0   0  17  28]]
2025-12-23 10:24:14,260 - utils.logger2025-12-23-10.22.43 - INFO - Cur epoch 23 loss TA:0.5384 TV:0.5559 VA:1.0201 CE:0.0522
2025-12-23 10:24:14,694 - utils.logger2025-12-23-10.22.43 - INFO - Cur epoch 23 loss TA:0.5738 TV:0.5760 VA:1.0280 CE:0.1420
2025-12-23 10:24:15,186 - utils.logger2025-12-23-10.22.43 - INFO - Cur epoch 23 loss TA:0.5994 TV:0.6175 VA:1.0269 CE:0.1210
2025-12-23 10:24:15,879 - utils.logger2025-12-23-10.22.43 - INFO - Cur epoch 23 loss TA:0.6054 TV:0.6087 VA:1.1229 CE:0.0908
2025-12-23 10:24:16,515 - utils.logger2025-12-23-10.22.43 - INFO - Cur epoch 23 loss TA:0.5381 TV:0.5805 VA:1.0502 CE:0.0699
2025-12-23 10:24:16,740 - utils.logger2025-12-23-10.22.43 - INFO - saving the model at the end of epoch 23, iters 1173
2025-12-23 10:24:16,857 - utils.logger2025-12-23-10.22.43 - INFO - End of training epoch 23 / 40 	 Time Taken: 3 sec
2025-12-23 10:24:16,857 - utils.logger2025-12-23-10.22.43 - INFO - learning rate = 0.0005000
2025-12-23 10:24:17,746 - utils.logger2025-12-23-10.22.43 - INFO - Val result of epoch 23 / 40 acc 0.7857 uar 0.7077 f1 0.7308
2025-12-23 10:24:17,747 - utils.logger2025-12-23-10.22.43 - INFO - 
[[ 13   2   7   1]
 [  0  51   9   0]
 [  2  12 126  10]
 [  0   1  13  19]]
2025-12-23 10:24:18,176 - utils.logger2025-12-23-10.22.43 - INFO - Tst result of epoch 23 / 40 acc 0.5962 uar 0.5422 f1 0.5512
2025-12-23 10:24:18,176 - utils.logger2025-12-23-10.22.43 - INFO - 
[[ 8  1 18  4]
 [ 0 47 55  0]
 [ 1  1 99 33]
 [ 0  0 13 32]]
2025-12-23 10:24:18,798 - utils.logger2025-12-23-10.22.43 - INFO - Cur epoch 24 loss TA:0.5537 TV:0.5710 VA:0.9994 CE:0.0857
2025-12-23 10:24:19,321 - utils.logger2025-12-23-10.22.43 - INFO - Cur epoch 24 loss TA:0.5772 TV:0.5935 VA:1.0861 CE:0.0627
2025-12-23 10:24:19,889 - utils.logger2025-12-23-10.22.43 - INFO - Cur epoch 24 loss TA:0.5696 TV:0.5677 VA:0.9836 CE:0.0710
2025-12-23 10:24:20,441 - utils.logger2025-12-23-10.22.43 - INFO - Cur epoch 24 loss TA:0.5811 TV:0.5999 VA:1.0585 CE:0.0230
2025-12-23 10:24:20,969 - utils.logger2025-12-23-10.22.43 - INFO - Cur epoch 24 loss TA:0.5424 TV:0.5626 VA:1.0417 CE:0.0527
2025-12-23 10:24:21,175 - utils.logger2025-12-23-10.22.43 - INFO - saving the model at the end of epoch 24, iters 1224
2025-12-23 10:24:21,289 - utils.logger2025-12-23-10.22.43 - INFO - End of training epoch 24 / 40 	 Time Taken: 3 sec
2025-12-23 10:24:21,289 - utils.logger2025-12-23-10.22.43 - INFO - learning rate = 0.0005000
2025-12-23 10:24:21,695 - utils.logger2025-12-23-10.22.43 - INFO - Val result of epoch 24 / 40 acc 0.7669 uar 0.7792 f1 0.7397
2025-12-23 10:24:21,696 - utils.logger2025-12-23-10.22.43 - INFO - 
[[ 19   2   2   0]
 [  0  49  10   1]
 [  8   8 112  22]
 [  1   1   7  24]]
2025-12-23 10:24:22,048 - utils.logger2025-12-23-10.22.43 - INFO - Tst result of epoch 24 / 40 acc 0.5385 uar 0.5416 f1 0.5246
2025-12-23 10:24:22,049 - utils.logger2025-12-23-10.22.43 - INFO - 
[[10  0 14  7]
 [ 0 38 60  4]
 [ 1  1 81 51]
 [ 0  0  6 39]]
2025-12-23 10:24:22,602 - utils.logger2025-12-23-10.22.43 - INFO - Cur epoch 25 loss TA:0.5274 TV:0.5653 VA:1.0332 CE:0.0338
2025-12-23 10:24:23,115 - utils.logger2025-12-23-10.22.43 - INFO - Cur epoch 25 loss TA:0.5512 TV:0.5787 VA:1.0620 CE:0.0511
2025-12-23 10:24:23,630 - utils.logger2025-12-23-10.22.43 - INFO - Cur epoch 25 loss TA:0.5670 TV:0.5601 VA:1.0527 CE:0.1378
2025-12-23 10:24:24,154 - utils.logger2025-12-23-10.22.43 - INFO - Cur epoch 25 loss TA:0.5618 TV:0.5759 VA:1.0791 CE:0.0265
2025-12-23 10:24:24,678 - utils.logger2025-12-23-10.22.43 - INFO - Cur epoch 25 loss TA:0.5686 TV:0.5873 VA:1.0502 CE:0.2506
2025-12-23 10:24:24,994 - utils.logger2025-12-23-10.22.43 - INFO - saving the model at the end of epoch 25, iters 1275
2025-12-23 10:24:25,120 - utils.logger2025-12-23-10.22.43 - INFO - End of training epoch 25 / 40 	 Time Taken: 3 sec
2025-12-23 10:24:25,120 - utils.logger2025-12-23-10.22.43 - INFO - learning rate = 0.0005000
2025-12-23 10:24:25,453 - utils.logger2025-12-23-10.22.43 - INFO - Val result of epoch 25 / 40 acc 0.7895 uar 0.8183 f1 0.7696
2025-12-23 10:24:25,453 - utils.logger2025-12-23-10.22.43 - INFO - 
[[ 21   2   0   0]
 [  0  58   2   0]
 [  8  19 109  14]
 [  0   1  10  22]]
2025-12-23 10:24:25,781 - utils.logger2025-12-23-10.22.43 - INFO - Tst result of epoch 25 / 40 acc 0.6250 uar 0.6011 f1 0.5958
2025-12-23 10:24:25,782 - utils.logger2025-12-23-10.22.43 - INFO - 
[[10  2 13  6]
 [ 0 60 41  1]
 [ 1  2 87 44]
 [ 0  0  7 38]]
2025-12-23 10:24:26,258 - utils.logger2025-12-23-10.22.43 - INFO - Cur epoch 26 loss TA:0.5622 TV:0.5701 VA:1.0798 CE:0.1678
2025-12-23 10:24:26,677 - utils.logger2025-12-23-10.22.43 - INFO - Cur epoch 26 loss TA:0.5706 TV:0.5879 VA:1.0318 CE:0.0506
2025-12-23 10:24:27,141 - utils.logger2025-12-23-10.22.43 - INFO - Cur epoch 26 loss TA:0.5998 TV:0.6053 VA:0.9886 CE:0.0984
2025-12-23 10:24:27,650 - utils.logger2025-12-23-10.22.43 - INFO - Cur epoch 26 loss TA:0.5821 TV:0.5974 VA:1.0221 CE:0.0422
2025-12-23 10:24:28,177 - utils.logger2025-12-23-10.22.43 - INFO - Cur epoch 26 loss TA:0.5871 TV:0.6015 VA:0.9978 CE:0.0973
2025-12-23 10:24:28,564 - utils.logger2025-12-23-10.22.43 - INFO - saving the model at the end of epoch 26, iters 1326
2025-12-23 10:24:28,688 - utils.logger2025-12-23-10.22.43 - INFO - End of training epoch 26 / 40 	 Time Taken: 2 sec
2025-12-23 10:24:28,688 - utils.logger2025-12-23-10.22.43 - INFO - learning rate = 0.0005000
2025-12-23 10:24:29,275 - utils.logger2025-12-23-10.22.43 - INFO - Val result of epoch 26 / 40 acc 0.8045 uar 0.7746 f1 0.7706
2025-12-23 10:24:29,276 - utils.logger2025-12-23-10.22.43 - INFO - 
[[ 20   1   2   0]
 [  0  51   9   0]
 [  6  11 125   8]
 [  0   1  14  18]]
2025-12-23 10:24:29,863 - utils.logger2025-12-23-10.22.43 - INFO - Tst result of epoch 26 / 40 acc 0.5865 uar 0.5641 f1 0.5675
2025-12-23 10:24:29,863 - utils.logger2025-12-23-10.22.43 - INFO - 
[[11  0 19  1]
 [ 0 37 64  1]
 [ 1  1 99 33]
 [ 0  0  9 36]]
2025-12-23 10:24:30,288 - utils.logger2025-12-23-10.22.43 - INFO - Cur epoch 27 loss TA:0.5329 TV:0.5458 VA:1.0212 CE:0.0952
2025-12-23 10:24:30,876 - utils.logger2025-12-23-10.22.43 - INFO - Cur epoch 27 loss TA:0.5476 TV:0.5677 VA:0.9965 CE:0.1688
2025-12-23 10:24:31,514 - utils.logger2025-12-23-10.22.43 - INFO - Cur epoch 27 loss TA:0.5543 TV:0.5873 VA:1.0572 CE:0.1618
2025-12-23 10:24:32,040 - utils.logger2025-12-23-10.22.43 - INFO - Cur epoch 27 loss TA:0.5577 TV:0.5597 VA:1.0194 CE:0.1107
2025-12-23 10:24:32,522 - utils.logger2025-12-23-10.22.43 - INFO - Cur epoch 27 loss TA:0.5596 TV:0.5923 VA:1.0586 CE:0.1178
2025-12-23 10:24:32,931 - utils.logger2025-12-23-10.22.43 - INFO - saving the model at the end of epoch 27, iters 1377
2025-12-23 10:24:33,030 - utils.logger2025-12-23-10.22.43 - INFO - End of training epoch 27 / 40 	 Time Taken: 3 sec
2025-12-23 10:24:33,030 - utils.logger2025-12-23-10.22.43 - INFO - learning rate = 0.0005000
2025-12-23 10:24:33,361 - utils.logger2025-12-23-10.22.43 - INFO - Val result of epoch 27 / 40 acc 0.7970 uar 0.7957 f1 0.7733
2025-12-23 10:24:33,361 - utils.logger2025-12-23-10.22.43 - INFO - 
[[ 21   2   0   0]
 [  0  50  10   0]
 [  6   9 120  15]
 [  0   1  11  21]]
2025-12-23 10:24:33,741 - utils.logger2025-12-23-10.22.43 - INFO - Tst result of epoch 27 / 40 acc 0.5769 uar 0.5448 f1 0.5393
2025-12-23 10:24:33,741 - utils.logger2025-12-23-10.22.43 - INFO - 
[[ 8  0 19  4]
 [ 0 39 62  1]
 [ 0  0 96 38]
 [ 0  0  8 37]]
2025-12-23 10:24:34,133 - utils.logger2025-12-23-10.22.43 - INFO - Cur epoch 28 loss TA:0.5844 TV:0.5774 VA:1.0216 CE:0.1465
2025-12-23 10:24:34,609 - utils.logger2025-12-23-10.22.43 - INFO - Cur epoch 28 loss TA:0.5772 TV:0.5824 VA:0.9912 CE:0.0212
2025-12-23 10:24:35,100 - utils.logger2025-12-23-10.22.43 - INFO - Cur epoch 28 loss TA:0.5513 TV:0.5730 VA:0.9834 CE:0.1437
2025-12-23 10:24:35,610 - utils.logger2025-12-23-10.22.43 - INFO - Cur epoch 28 loss TA:0.5563 TV:0.5662 VA:1.0156 CE:0.0772
2025-12-23 10:24:36,069 - utils.logger2025-12-23-10.22.43 - INFO - Cur epoch 28 loss TA:0.5079 TV:0.5254 VA:1.0041 CE:0.0708
2025-12-23 10:24:36,432 - utils.logger2025-12-23-10.22.43 - INFO - saving the model at the end of epoch 28, iters 1428
2025-12-23 10:24:36,529 - utils.logger2025-12-23-10.22.43 - INFO - End of training epoch 28 / 40 	 Time Taken: 2 sec
2025-12-23 10:24:36,530 - utils.logger2025-12-23-10.22.43 - INFO - learning rate = 0.0005000
2025-12-23 10:24:37,154 - utils.logger2025-12-23-10.22.43 - INFO - Val result of epoch 28 / 40 acc 0.8120 uar 0.7913 f1 0.7854
2025-12-23 10:24:37,154 - utils.logger2025-12-23-10.22.43 - INFO - 
[[ 20   1   2   0]
 [  0  54   6   0]
 [  4  14 123   9]
 [  0   1  13  19]]
2025-12-23 10:24:37,494 - utils.logger2025-12-23-10.22.43 - INFO - Tst result of epoch 28 / 40 acc 0.5929 uar 0.5619 f1 0.5602
2025-12-23 10:24:37,495 - utils.logger2025-12-23-10.22.43 - INFO - 
[[ 9  2 15  5]
 [ 0 48 53  1]
 [ 1  1 92 40]
 [ 0  0  9 36]]
2025-12-23 10:24:37,863 - utils.logger2025-12-23-10.22.43 - INFO - Cur epoch 29 loss TA:0.5696 TV:0.5748 VA:0.9830 CE:0.0851
2025-12-23 10:24:38,389 - utils.logger2025-12-23-10.22.43 - INFO - Cur epoch 29 loss TA:0.5411 TV:0.5493 VA:1.0019 CE:0.1423
2025-12-23 10:24:38,833 - utils.logger2025-12-23-10.22.43 - INFO - Cur epoch 29 loss TA:0.5277 TV:0.5709 VA:1.0431 CE:0.0599
2025-12-23 10:24:39,271 - utils.logger2025-12-23-10.22.43 - INFO - Cur epoch 29 loss TA:0.5583 TV:0.5532 VA:0.9933 CE:0.0839
2025-12-23 10:24:39,729 - utils.logger2025-12-23-10.22.43 - INFO - Cur epoch 29 loss TA:0.5536 TV:0.5642 VA:0.9856 CE:0.0647
2025-12-23 10:24:40,288 - utils.logger2025-12-23-10.22.43 - INFO - saving the model at the end of epoch 29, iters 1479
2025-12-23 10:24:40,413 - utils.logger2025-12-23-10.22.43 - INFO - End of training epoch 29 / 40 	 Time Taken: 2 sec
2025-12-23 10:24:40,414 - utils.logger2025-12-23-10.22.43 - INFO - learning rate = 0.0005000
2025-12-23 10:24:40,810 - utils.logger2025-12-23-10.22.43 - INFO - Val result of epoch 29 / 40 acc 0.8045 uar 0.7258 f1 0.7428
2025-12-23 10:24:40,811 - utils.logger2025-12-23-10.22.43 - INFO - 
[[ 17   3   3   0]
 [  0  52   8   0]
 [  5   9 131   5]
 [  0   1  18  14]]
2025-12-23 10:24:41,165 - utils.logger2025-12-23-10.22.43 - INFO - Tst result of epoch 29 / 40 acc 0.5929 uar 0.5324 f1 0.5485
2025-12-23 10:24:41,166 - utils.logger2025-12-23-10.22.43 - INFO - 
[[  8   0  22   1]
 [  0  46  56   0]
 [  1   1 101  31]
 [  0   0  15  30]]
2025-12-23 10:24:41,486 - utils.logger2025-12-23-10.22.43 - INFO - Cur epoch 30 loss TA:0.5165 TV:0.5296 VA:0.9700 CE:0.0926
2025-12-23 10:24:41,957 - utils.logger2025-12-23-10.22.43 - INFO - Cur epoch 30 loss TA:0.5482 TV:0.5681 VA:0.9967 CE:0.0634
2025-12-23 10:24:42,528 - utils.logger2025-12-23-10.22.43 - INFO - Cur epoch 30 loss TA:0.5857 TV:0.5913 VA:0.9906 CE:0.0860
2025-12-23 10:24:42,929 - utils.logger2025-12-23-10.22.43 - INFO - Cur epoch 30 loss TA:0.5543 TV:0.5576 VA:1.0145 CE:0.0634
2025-12-23 10:24:43,317 - utils.logger2025-12-23-10.22.43 - INFO - Cur epoch 30 loss TA:0.5370 TV:0.5519 VA:1.0186 CE:0.2068
2025-12-23 10:24:43,810 - utils.logger2025-12-23-10.22.43 - INFO - Cur epoch 30 loss TA:0.4037 TV:0.4206 VA:0.7575 CE:0.0706
2025-12-23 10:24:43,867 - utils.logger2025-12-23-10.22.43 - INFO - saving the model at the end of epoch 30, iters 1530
2025-12-23 10:24:43,991 - utils.logger2025-12-23-10.22.43 - INFO - End of training epoch 30 / 40 	 Time Taken: 2 sec
2025-12-23 10:24:43,991 - utils.logger2025-12-23-10.22.43 - INFO - learning rate = 0.0004545
2025-12-23 10:24:44,367 - utils.logger2025-12-23-10.22.43 - INFO - Val result of epoch 30 / 40 acc 0.7932 uar 0.7706 f1 0.7654
2025-12-23 10:24:44,368 - utils.logger2025-12-23-10.22.43 - INFO - 
[[ 19   0   4   0]
 [  0  48  12   0]
 [  6   9 123  12]
 [  0   1  11  21]]
2025-12-23 10:24:44,729 - utils.logger2025-12-23-10.22.43 - INFO - Tst result of epoch 30 / 40 acc 0.5897 uar 0.5522 f1 0.5457
2025-12-23 10:24:44,729 - utils.logger2025-12-23-10.22.43 - INFO - 
[[  8   0  18   5]
 [  0  39  61   2]
 [  1   0 100  33]
 [  0   0   8  37]]
2025-12-23 10:24:45,398 - utils.logger2025-12-23-10.22.43 - INFO - Cur epoch 31 loss TA:0.5203 TV:0.5370 VA:0.9831 CE:0.0068
2025-12-23 10:24:45,769 - utils.logger2025-12-23-10.22.43 - INFO - Cur epoch 31 loss TA:0.5423 TV:0.5456 VA:0.9922 CE:0.1272
2025-12-23 10:24:46,134 - utils.logger2025-12-23-10.22.43 - INFO - Cur epoch 31 loss TA:0.5331 TV:0.5536 VA:0.9913 CE:0.0411
2025-12-23 10:24:46,514 - utils.logger2025-12-23-10.22.43 - INFO - Cur epoch 31 loss TA:0.5575 TV:0.5811 VA:1.0038 CE:0.1286
2025-12-23 10:24:46,953 - utils.logger2025-12-23-10.22.43 - INFO - Cur epoch 31 loss TA:0.5927 TV:0.5797 VA:1.0183 CE:0.2050
2025-12-23 10:24:47,063 - utils.logger2025-12-23-10.22.43 - INFO - saving the model at the end of epoch 31, iters 1581
2025-12-23 10:24:47,163 - utils.logger2025-12-23-10.22.43 - INFO - End of training epoch 31 / 40 	 Time Taken: 2 sec
2025-12-23 10:24:47,163 - utils.logger2025-12-23-10.22.43 - INFO - learning rate = 0.0004091
2025-12-23 10:24:48,277 - utils.logger2025-12-23-10.22.43 - INFO - Val result of epoch 31 / 40 acc 0.7744 uar 0.7656 f1 0.7502
2025-12-23 10:24:48,277 - utils.logger2025-12-23-10.22.43 - INFO - 
[[ 20   1   2   0]
 [  0  48  12   0]
 [  6  11 118  15]
 [  0   1  12  20]]
2025-12-23 10:24:49,172 - utils.logger2025-12-23-10.22.43 - INFO - Tst result of epoch 31 / 40 acc 0.5769 uar 0.5560 f1 0.5578
2025-12-23 10:24:49,172 - utils.logger2025-12-23-10.22.43 - INFO - 
[[11  0 16  4]
 [ 0 39 61  2]
 [ 1  1 95 37]
 [ 0  0 10 35]]
2025-12-23 10:24:49,833 - utils.logger2025-12-23-10.22.43 - INFO - Cur epoch 32 loss TA:0.5671 TV:0.5770 VA:1.0156 CE:0.0315
2025-12-23 10:24:50,234 - utils.logger2025-12-23-10.22.43 - INFO - Cur epoch 32 loss TA:0.5286 TV:0.5370 VA:0.9818 CE:0.0272
2025-12-23 10:24:50,616 - utils.logger2025-12-23-10.22.43 - INFO - Cur epoch 32 loss TA:0.5368 TV:0.5596 VA:1.0302 CE:0.0148
2025-12-23 10:24:51,015 - utils.logger2025-12-23-10.22.43 - INFO - Cur epoch 32 loss TA:0.5379 TV:0.5448 VA:0.9932 CE:0.0899
2025-12-23 10:24:51,403 - utils.logger2025-12-23-10.22.43 - INFO - Cur epoch 32 loss TA:0.5756 TV:0.5751 VA:0.9985 CE:0.0400
2025-12-23 10:24:51,517 - utils.logger2025-12-23-10.22.43 - INFO - saving the model at the end of epoch 32, iters 1632
2025-12-23 10:24:51,625 - utils.logger2025-12-23-10.22.43 - INFO - End of training epoch 32 / 40 	 Time Taken: 2 sec
2025-12-23 10:24:51,625 - utils.logger2025-12-23-10.22.43 - INFO - learning rate = 0.0003636
2025-12-23 10:24:52,070 - utils.logger2025-12-23-10.22.43 - INFO - Val result of epoch 32 / 40 acc 0.7932 uar 0.7773 f1 0.7633
2025-12-23 10:24:52,071 - utils.logger2025-12-23-10.22.43 - INFO - 
[[ 18   2   3   0]
 [  0  52   8   0]
 [  5   9 119  17]
 [  0   1  10  22]]
2025-12-23 10:24:52,764 - utils.logger2025-12-23-10.22.43 - INFO - Tst result of epoch 32 / 40 acc 0.5705 uar 0.5484 f1 0.5469
2025-12-23 10:24:52,764 - utils.logger2025-12-23-10.22.43 - INFO - 
[[10  0 16  5]
 [ 0 43 54  5]
 [ 1  1 90 42]
 [ 0  0 10 35]]
2025-12-23 10:24:53,937 - utils.logger2025-12-23-10.22.43 - INFO - Cur epoch 33 loss TA:0.5291 TV:0.5336 VA:0.9785 CE:0.0493
2025-12-23 10:24:54,399 - utils.logger2025-12-23-10.22.43 - INFO - Cur epoch 33 loss TA:0.5163 TV:0.5227 VA:0.9814 CE:0.0873
2025-12-23 10:24:54,881 - utils.logger2025-12-23-10.22.43 - INFO - Cur epoch 33 loss TA:0.5335 TV:0.5538 VA:0.9932 CE:0.0176
2025-12-23 10:24:55,364 - utils.logger2025-12-23-10.22.43 - INFO - Cur epoch 33 loss TA:0.5225 TV:0.5270 VA:0.9728 CE:0.1132
2025-12-23 10:24:55,893 - utils.logger2025-12-23-10.22.43 - INFO - Cur epoch 33 loss TA:0.4990 TV:0.5001 VA:0.9568 CE:0.1020
2025-12-23 10:24:56,107 - utils.logger2025-12-23-10.22.43 - INFO - saving the model at the end of epoch 33, iters 1683
2025-12-23 10:24:56,223 - utils.logger2025-12-23-10.22.43 - INFO - End of training epoch 33 / 40 	 Time Taken: 3 sec
2025-12-23 10:24:56,223 - utils.logger2025-12-23-10.22.43 - INFO - learning rate = 0.0003182
2025-12-23 10:24:56,964 - utils.logger2025-12-23-10.22.43 - INFO - Val result of epoch 33 / 40 acc 0.7857 uar 0.7578 f1 0.7487
2025-12-23 10:24:56,964 - utils.logger2025-12-23-10.22.43 - INFO - 
[[ 18   3   2   0]
 [  0  55   5   0]
 [  5  16 118  11]
 [  0   1  14  18]]
2025-12-23 10:24:57,310 - utils.logger2025-12-23-10.22.43 - INFO - Tst result of epoch 33 / 40 acc 0.6314 uar 0.5891 f1 0.5992
2025-12-23 10:24:57,310 - utils.logger2025-12-23-10.22.43 - INFO - 
[[ 10   0  18   3]
 [  0  52  50   0]
 [  1   1 100  32]
 [  0   0  10  35]]
2025-12-23 10:24:57,934 - utils.logger2025-12-23-10.22.43 - INFO - Cur epoch 34 loss TA:0.4945 TV:0.4982 VA:0.9454 CE:0.0608
2025-12-23 10:24:58,600 - utils.logger2025-12-23-10.22.43 - INFO - Cur epoch 34 loss TA:0.5362 TV:0.5498 VA:0.9625 CE:0.0967
2025-12-23 10:24:59,200 - utils.logger2025-12-23-10.22.43 - INFO - Cur epoch 34 loss TA:0.5199 TV:0.5466 VA:1.0096 CE:0.0062
2025-12-23 10:24:59,789 - utils.logger2025-12-23-10.22.43 - INFO - Cur epoch 34 loss TA:0.5356 TV:0.5622 VA:0.9834 CE:0.0060
2025-12-23 10:25:00,248 - utils.logger2025-12-23-10.22.43 - INFO - Cur epoch 34 loss TA:0.5371 TV:0.5410 VA:0.9810 CE:0.0211
2025-12-23 10:25:00,500 - utils.logger2025-12-23-10.22.43 - INFO - saving the model at the end of epoch 34, iters 1734
2025-12-23 10:25:00,616 - utils.logger2025-12-23-10.22.43 - INFO - End of training epoch 34 / 40 	 Time Taken: 3 sec
2025-12-23 10:25:00,616 - utils.logger2025-12-23-10.22.43 - INFO - learning rate = 0.0002727
2025-12-23 10:25:01,288 - utils.logger2025-12-23-10.22.43 - INFO - Val result of epoch 34 / 40 acc 0.7820 uar 0.7537 f1 0.7440
2025-12-23 10:25:01,288 - utils.logger2025-12-23-10.22.43 - INFO - 
[[ 18   3   2   0]
 [  0  54   6   0]
 [  6  16 118  10]
 [  0   1  14  18]]
2025-12-23 10:25:01,655 - utils.logger2025-12-23-10.22.43 - INFO - Tst result of epoch 34 / 40 acc 0.6314 uar 0.5879 f1 0.6025
2025-12-23 10:25:01,655 - utils.logger2025-12-23-10.22.43 - INFO - 
[[ 11   1  15   4]
 [  0  52  50   0]
 [  1   1 101  31]
 [  0   0  12  33]]
2025-12-23 10:25:02,218 - utils.logger2025-12-23-10.22.43 - INFO - Cur epoch 35 loss TA:0.5177 TV:0.5268 VA:0.9848 CE:0.0226
2025-12-23 10:25:02,754 - utils.logger2025-12-23-10.22.43 - INFO - Cur epoch 35 loss TA:0.5133 TV:0.5318 VA:0.9572 CE:0.0399
2025-12-23 10:25:03,289 - utils.logger2025-12-23-10.22.43 - INFO - Cur epoch 35 loss TA:0.5116 TV:0.5233 VA:0.9425 CE:0.0055
2025-12-23 10:25:03,891 - utils.logger2025-12-23-10.22.43 - INFO - Cur epoch 35 loss TA:0.5124 TV:0.5162 VA:0.9627 CE:0.2171
2025-12-23 10:25:04,430 - utils.logger2025-12-23-10.22.43 - INFO - Cur epoch 35 loss TA:0.5054 TV:0.5095 VA:0.9423 CE:0.0063
2025-12-23 10:25:04,890 - utils.logger2025-12-23-10.22.43 - INFO - saving the model at the end of epoch 35, iters 1785
2025-12-23 10:25:04,983 - utils.logger2025-12-23-10.22.43 - INFO - End of training epoch 35 / 40 	 Time Taken: 3 sec
2025-12-23 10:25:04,983 - utils.logger2025-12-23-10.22.43 - INFO - learning rate = 0.0002273
2025-12-23 10:25:05,652 - utils.logger2025-12-23-10.22.43 - INFO - Val result of epoch 35 / 40 acc 0.7932 uar 0.7419 f1 0.7477
2025-12-23 10:25:05,652 - utils.logger2025-12-23-10.22.43 - INFO - 
[[ 18   3   2   0]
 [  0  52   8   0]
 [  5  13 125   7]
 [  0   1  16  16]]
2025-12-23 10:25:06,139 - utils.logger2025-12-23-10.22.43 - INFO - Tst result of epoch 35 / 40 acc 0.6218 uar 0.5571 f1 0.5707
2025-12-23 10:25:06,139 - utils.logger2025-12-23-10.22.43 - INFO - 
[[  8   0  19   4]
 [  0  47  55   0]
 [  1   1 107  25]
 [  0   0  13  32]]
2025-12-23 10:25:06,944 - utils.logger2025-12-23-10.22.43 - INFO - Cur epoch 36 loss TA:0.4970 TV:0.5124 VA:0.9405 CE:0.0353
2025-12-23 10:25:07,412 - utils.logger2025-12-23-10.22.43 - INFO - Cur epoch 36 loss TA:0.5033 TV:0.5321 VA:0.9587 CE:0.0328
2025-12-23 10:25:07,875 - utils.logger2025-12-23-10.22.43 - INFO - Cur epoch 36 loss TA:0.5711 TV:0.5951 VA:1.0075 CE:0.0021
2025-12-23 10:25:08,390 - utils.logger2025-12-23-10.22.43 - INFO - Cur epoch 36 loss TA:0.4817 TV:0.4947 VA:0.9451 CE:0.0477
2025-12-23 10:25:08,903 - utils.logger2025-12-23-10.22.43 - INFO - Cur epoch 36 loss TA:0.5350 TV:0.5380 VA:0.9607 CE:0.0497
2025-12-23 10:25:09,270 - utils.logger2025-12-23-10.22.43 - INFO - saving the model at the end of epoch 36, iters 1836
2025-12-23 10:25:09,380 - utils.logger2025-12-23-10.22.43 - INFO - End of training epoch 36 / 40 	 Time Taken: 3 sec
2025-12-23 10:25:09,381 - utils.logger2025-12-23-10.22.43 - INFO - learning rate = 0.0001818
2025-12-23 10:25:10,139 - utils.logger2025-12-23-10.22.43 - INFO - Val result of epoch 36 / 40 acc 0.7932 uar 0.7664 f1 0.7624
2025-12-23 10:25:10,139 - utils.logger2025-12-23-10.22.43 - INFO - 
[[ 18   2   3   0]
 [  0  50  10   0]
 [  5  11 122  12]
 [  0   1  11  21]]
2025-12-23 10:25:10,834 - utils.logger2025-12-23-10.22.43 - INFO - Tst result of epoch 36 / 40 acc 0.5705 uar 0.5362 f1 0.5388
2025-12-23 10:25:10,834 - utils.logger2025-12-23-10.22.43 - INFO - 
[[ 9  0 18  4]
 [ 0 39 63  0]
 [ 1  0 96 37]
 [ 0  0 11 34]]
2025-12-23 10:25:11,556 - utils.logger2025-12-23-10.22.43 - INFO - Cur epoch 37 loss TA:0.4978 TV:0.4953 VA:0.9306 CE:0.0115
2025-12-23 10:25:12,073 - utils.logger2025-12-23-10.22.43 - INFO - Cur epoch 37 loss TA:0.4923 TV:0.5011 VA:0.9362 CE:0.0463
2025-12-23 10:25:12,604 - utils.logger2025-12-23-10.22.43 - INFO - Cur epoch 37 loss TA:0.5186 TV:0.5361 VA:0.9656 CE:0.0015
2025-12-23 10:25:13,147 - utils.logger2025-12-23-10.22.43 - INFO - Cur epoch 37 loss TA:0.5122 TV:0.5288 VA:0.9292 CE:0.0019
2025-12-23 10:25:13,654 - utils.logger2025-12-23-10.22.43 - INFO - Cur epoch 37 loss TA:0.5132 TV:0.5194 VA:0.9530 CE:0.0490
2025-12-23 10:25:14,039 - utils.logger2025-12-23-10.22.43 - INFO - saving the model at the end of epoch 37, iters 1887
2025-12-23 10:25:14,155 - utils.logger2025-12-23-10.22.43 - INFO - End of training epoch 37 / 40 	 Time Taken: 3 sec
2025-12-23 10:25:14,155 - utils.logger2025-12-23-10.22.43 - INFO - learning rate = 0.0001364
2025-12-23 10:25:14,522 - utils.logger2025-12-23-10.22.43 - INFO - Val result of epoch 37 / 40 acc 0.7895 uar 0.7663 f1 0.7591
2025-12-23 10:25:14,523 - utils.logger2025-12-23-10.22.43 - INFO - 
[[ 18   2   3   0]
 [  0  53   7   0]
 [  4  13 119  14]
 [  0   1  12  20]]
2025-12-23 10:25:14,862 - utils.logger2025-12-23-10.22.43 - INFO - Tst result of epoch 37 / 40 acc 0.6090 uar 0.5613 f1 0.5730
2025-12-23 10:25:14,862 - utils.logger2025-12-23-10.22.43 - INFO - 
[[ 9  0 18  4]
 [ 0 50 52  0]
 [ 0  1 98 35]
 [ 0  0 12 33]]
2025-12-23 10:25:15,524 - utils.logger2025-12-23-10.22.43 - INFO - Cur epoch 38 loss TA:0.5695 TV:0.5827 VA:0.9846 CE:0.0028
2025-12-23 10:25:16,082 - utils.logger2025-12-23-10.22.43 - INFO - Cur epoch 38 loss TA:0.4918 TV:0.4950 VA:0.9083 CE:0.0058
2025-12-23 10:25:16,496 - utils.logger2025-12-23-10.22.43 - INFO - Cur epoch 38 loss TA:0.5148 TV:0.5280 VA:0.9703 CE:0.0056
2025-12-23 10:25:16,980 - utils.logger2025-12-23-10.22.43 - INFO - Cur epoch 38 loss TA:0.4890 TV:0.5020 VA:0.9523 CE:0.0032
2025-12-23 10:25:17,441 - utils.logger2025-12-23-10.22.43 - INFO - Cur epoch 38 loss TA:0.5134 TV:0.5368 VA:0.9301 CE:0.0013
2025-12-23 10:25:17,921 - utils.logger2025-12-23-10.22.43 - INFO - saving the model at the end of epoch 38, iters 1938
2025-12-23 10:25:18,024 - utils.logger2025-12-23-10.22.43 - INFO - End of training epoch 38 / 40 	 Time Taken: 3 sec
2025-12-23 10:25:18,024 - utils.logger2025-12-23-10.22.43 - INFO - learning rate = 0.0000909
2025-12-23 10:25:18,382 - utils.logger2025-12-23-10.22.43 - INFO - Val result of epoch 38 / 40 acc 0.7932 uar 0.7756 f1 0.7693
2025-12-23 10:25:18,382 - utils.logger2025-12-23-10.22.43 - INFO - 
[[ 19   1   3   0]
 [  0  50  10   0]
 [  4  11 121  14]
 [  0   1  11  21]]
2025-12-23 10:25:18,756 - utils.logger2025-12-23-10.22.43 - INFO - Tst result of epoch 38 / 40 acc 0.5962 uar 0.5575 f1 0.5635
2025-12-23 10:25:18,757 - utils.logger2025-12-23-10.22.43 - INFO - 
[[ 9  0 18  4]
 [ 0 50 52  0]
 [ 1  1 93 39]
 [ 0  0 11 34]]
2025-12-23 10:25:19,161 - utils.logger2025-12-23-10.22.43 - INFO - Cur epoch 39 loss TA:0.4966 TV:0.5054 VA:0.9364 CE:0.0069
2025-12-23 10:25:19,681 - utils.logger2025-12-23-10.22.43 - INFO - Cur epoch 39 loss TA:0.5214 TV:0.5249 VA:0.9468 CE:0.0052
2025-12-23 10:25:20,135 - utils.logger2025-12-23-10.22.43 - INFO - Cur epoch 39 loss TA:0.4911 TV:0.4939 VA:0.9225 CE:0.0014
2025-12-23 10:25:20,530 - utils.logger2025-12-23-10.22.43 - INFO - Cur epoch 39 loss TA:0.4786 TV:0.4897 VA:0.9200 CE:0.0083
2025-12-23 10:25:20,926 - utils.logger2025-12-23-10.22.43 - INFO - Cur epoch 39 loss TA:0.4619 TV:0.4785 VA:0.9167 CE:0.0016
2025-12-23 10:25:21,427 - utils.logger2025-12-23-10.22.43 - INFO - saving the model at the end of epoch 39, iters 1989
2025-12-23 10:25:21,567 - utils.logger2025-12-23-10.22.43 - INFO - End of training epoch 39 / 40 	 Time Taken: 2 sec
2025-12-23 10:25:21,567 - utils.logger2025-12-23-10.22.43 - INFO - learning rate = 0.0000455
2025-12-23 10:25:22,141 - utils.logger2025-12-23-10.22.43 - INFO - Val result of epoch 39 / 40 acc 0.7970 uar 0.7613 f1 0.7607
2025-12-23 10:25:22,141 - utils.logger2025-12-23-10.22.43 - INFO - 
[[ 18   2   3   0]
 [  0  52   8   0]
 [  5  12 123  10]
 [  0   1  13  19]]
2025-12-23 10:25:22,504 - utils.logger2025-12-23-10.22.43 - INFO - Tst result of epoch 39 / 40 acc 0.6122 uar 0.5632 f1 0.5745
2025-12-23 10:25:22,504 - utils.logger2025-12-23-10.22.43 - INFO - 
[[ 9  0 19  3]
 [ 0 50 52  0]
 [ 1  1 99 33]
 [ 0  0 12 33]]
2025-12-23 10:25:22,829 - utils.logger2025-12-23-10.22.43 - INFO - Cur epoch 40 loss TA:0.4892 TV:0.4911 VA:0.9152 CE:0.0184
2025-12-23 10:25:23,324 - utils.logger2025-12-23-10.22.43 - INFO - Cur epoch 40 loss TA:0.4985 TV:0.5045 VA:0.9431 CE:0.0004
2025-12-23 10:25:23,820 - utils.logger2025-12-23-10.22.43 - INFO - Cur epoch 40 loss TA:0.4631 TV:0.4680 VA:0.9085 CE:0.0448
2025-12-23 10:25:24,278 - utils.logger2025-12-23-10.22.43 - INFO - Cur epoch 40 loss TA:0.5069 TV:0.5194 VA:0.9206 CE:0.0102
2025-12-23 10:25:24,743 - utils.logger2025-12-23-10.22.43 - INFO - Cur epoch 40 loss TA:0.5242 TV:0.5293 VA:0.9055 CE:0.0092
2025-12-23 10:25:25,483 - utils.logger2025-12-23-10.22.43 - INFO - Cur epoch 40 loss TA:0.3369 TV:0.3443 VA:0.6773 CE:0.0237
2025-12-23 10:25:25,534 - utils.logger2025-12-23-10.22.43 - INFO - saving the model at the end of epoch 40, iters 2040
2025-12-23 10:25:25,701 - utils.logger2025-12-23-10.22.43 - INFO - End of training epoch 40 / 40 	 Time Taken: 3 sec
2025-12-23 10:25:25,701 - utils.logger2025-12-23-10.22.43 - INFO - learning rate = 0.0000000
2025-12-23 10:25:26,435 - utils.logger2025-12-23-10.22.43 - INFO - Val result of epoch 40 / 40 acc 0.8120 uar 0.7857 f1 0.7832
2025-12-23 10:25:26,435 - utils.logger2025-12-23-10.22.43 - INFO - 
[[ 18   2   3   0]
 [  0  52   8   0]
 [  4  11 124  11]
 [  0   1  10  22]]
2025-12-23 10:25:26,806 - utils.logger2025-12-23-10.22.43 - INFO - Tst result of epoch 40 / 40 acc 0.6026 uar 0.5576 f1 0.5675
2025-12-23 10:25:26,807 - utils.logger2025-12-23-10.22.43 - INFO - 
[[ 9  0 19  3]
 [ 0 50 52  0]
 [ 1  1 96 36]
 [ 0  0 12 33]]
2025-12-23 10:25:26,807 - utils.logger2025-12-23-10.22.43 - INFO - Best eval epoch 9 found with f1 0.616467
