2025-12-23 10:37:19,884 - utils.logger2025-12-23-10.37.19 - INFO - The number of training samples = 3382
2025-12-23 10:37:22,035 - utils.logger2025-12-23-10.37.19 - INFO - Cur epoch 1 loss TA:1.0273 TV:1.0251 VA:2.0286 CE:1.7511
2025-12-23 10:37:22,487 - utils.logger2025-12-23-10.37.19 - INFO - Cur epoch 1 loss TA:1.0076 TV:1.0095 VA:1.8699 CE:1.2394
2025-12-23 10:37:22,918 - utils.logger2025-12-23-10.37.19 - INFO - Cur epoch 1 loss TA:0.9622 TV:0.9624 VA:1.8151 CE:1.3346
2025-12-23 10:37:23,316 - utils.logger2025-12-23-10.37.19 - INFO - Cur epoch 1 loss TA:0.9687 TV:0.9680 VA:1.7398 CE:1.3944
2025-12-23 10:37:23,739 - utils.logger2025-12-23-10.37.19 - INFO - Cur epoch 1 loss TA:0.9553 TV:0.9615 VA:1.7150 CE:1.1675
2025-12-23 10:37:23,922 - utils.logger2025-12-23-10.37.19 - INFO - saving the model at the end of epoch 1, iters 53
2025-12-23 10:37:24,025 - utils.logger2025-12-23-10.37.19 - INFO - End of training epoch 1 / 40 	 Time Taken: 3 sec
2025-12-23 10:37:24,025 - utils.logger2025-12-23-10.37.19 - INFO - learning rate = 0.0005000
2025-12-23 10:37:24,441 - utils.logger2025-12-23-10.37.19 - INFO - Val result of epoch 1 / 40 acc 0.5855 uar 0.4357 f1 0.3944
2025-12-23 10:37:24,442 - utils.logger2025-12-23-10.37.19 - INFO - 
[[ 0 15 12  0]
 [ 0 72 10  0]
 [ 0 21 59  1]
 [ 0  7 31  6]]
2025-12-23 10:37:24,990 - utils.logger2025-12-23-10.37.19 - INFO - Tst result of epoch 1 / 40 acc 0.5813 uar 0.3902 f1 0.3455
2025-12-23 10:37:24,991 - utils.logger2025-12-23-10.37.19 - INFO - 
[[ 0  7 18  0]
 [ 0 34 24  0]
 [ 0  5 83  0]
 [ 0  4 27  1]]
2025-12-23 10:37:25,868 - utils.logger2025-12-23-10.37.19 - INFO - Cur epoch 2 loss TA:0.9234 TV:0.9224 VA:1.6029 CE:1.1850
2025-12-23 10:37:26,297 - utils.logger2025-12-23-10.37.19 - INFO - Cur epoch 2 loss TA:0.9221 TV:0.9213 VA:1.5348 CE:1.0473
2025-12-23 10:37:26,765 - utils.logger2025-12-23-10.37.19 - INFO - Cur epoch 2 loss TA:0.8979 TV:0.9122 VA:1.5821 CE:1.2067
2025-12-23 10:37:27,282 - utils.logger2025-12-23-10.37.19 - INFO - Cur epoch 2 loss TA:0.9218 TV:0.9246 VA:1.5151 CE:0.8586
2025-12-23 10:37:27,780 - utils.logger2025-12-23-10.37.19 - INFO - Cur epoch 2 loss TA:0.8948 TV:0.9006 VA:1.4957 CE:0.9447
2025-12-23 10:37:28,175 - utils.logger2025-12-23-10.37.19 - INFO - saving the model at the end of epoch 2, iters 106
2025-12-23 10:37:28,312 - utils.logger2025-12-23-10.37.19 - INFO - End of training epoch 2 / 40 	 Time Taken: 3 sec
2025-12-23 10:37:28,312 - utils.logger2025-12-23-10.37.19 - INFO - learning rate = 0.0005000
2025-12-23 10:37:29,065 - utils.logger2025-12-23-10.37.19 - INFO - Val result of epoch 2 / 40 acc 0.5855 uar 0.5011 f1 0.5044
2025-12-23 10:37:29,065 - utils.logger2025-12-23-10.37.19 - INFO - 
[[11  7  9  0]
 [ 0 69 13  0]
 [ 2 26 52  1]
 [ 1  8 30  5]]
2025-12-23 10:37:29,421 - utils.logger2025-12-23-10.37.19 - INFO - Tst result of epoch 2 / 40 acc 0.6010 uar 0.5497 f1 0.5359
2025-12-23 10:37:29,421 - utils.logger2025-12-23-10.37.19 - INFO - 
[[19  0  6  0]
 [ 9 22 27  0]
 [10  3 74  1]
 [ 2  0 23  7]]
2025-12-23 10:37:29,872 - utils.logger2025-12-23-10.37.19 - INFO - Cur epoch 3 loss TA:0.8497 TV:0.8561 VA:1.4381 CE:0.7367
2025-12-23 10:37:30,305 - utils.logger2025-12-23-10.37.19 - INFO - Cur epoch 3 loss TA:0.8904 TV:0.8909 VA:1.4566 CE:1.0087
2025-12-23 10:37:30,725 - utils.logger2025-12-23-10.37.19 - INFO - Cur epoch 3 loss TA:0.8861 TV:0.8941 VA:1.4222 CE:0.8970
2025-12-23 10:37:31,122 - utils.logger2025-12-23-10.37.19 - INFO - Cur epoch 3 loss TA:0.8612 TV:0.8603 VA:1.3666 CE:1.1085
2025-12-23 10:37:31,546 - utils.logger2025-12-23-10.37.19 - INFO - Cur epoch 3 loss TA:0.8618 TV:0.8585 VA:1.4348 CE:0.9614
2025-12-23 10:37:32,058 - utils.logger2025-12-23-10.37.19 - INFO - saving the model at the end of epoch 3, iters 159
2025-12-23 10:37:32,177 - utils.logger2025-12-23-10.37.19 - INFO - End of training epoch 3 / 40 	 Time Taken: 2 sec
2025-12-23 10:37:32,177 - utils.logger2025-12-23-10.37.19 - INFO - learning rate = 0.0005000
2025-12-23 10:37:32,935 - utils.logger2025-12-23-10.37.19 - INFO - Val result of epoch 3 / 40 acc 0.7051 uar 0.6622 f1 0.6804
2025-12-23 10:37:32,935 - utils.logger2025-12-23-10.37.19 - INFO - 
[[13  3  6  5]
 [ 0 69 12  1]
 [ 1 13 54 13]
 [ 1  1 13 29]]
2025-12-23 10:37:33,513 - utils.logger2025-12-23-10.37.19 - INFO - Tst result of epoch 3 / 40 acc 0.6404 uar 0.6502 f1 0.6101
2025-12-23 10:37:33,513 - utils.logger2025-12-23-10.37.19 - INFO - 
[[21  0  4  0]
 [ 6 11 39  2]
 [ 5  1 75  7]
 [ 3  0  6 23]]
2025-12-23 10:37:33,850 - utils.logger2025-12-23-10.37.19 - INFO - Cur epoch 4 loss TA:0.8105 TV:0.8122 VA:1.3272 CE:0.7388
2025-12-23 10:37:34,371 - utils.logger2025-12-23-10.37.19 - INFO - Cur epoch 4 loss TA:0.8237 TV:0.8231 VA:1.3319 CE:0.7083
2025-12-23 10:37:34,894 - utils.logger2025-12-23-10.37.19 - INFO - Cur epoch 4 loss TA:0.8614 TV:0.8646 VA:1.3487 CE:0.7727
2025-12-23 10:37:35,345 - utils.logger2025-12-23-10.37.19 - INFO - Cur epoch 4 loss TA:0.8203 TV:0.8295 VA:1.3132 CE:0.7573
2025-12-23 10:37:35,730 - utils.logger2025-12-23-10.37.19 - INFO - Cur epoch 4 loss TA:0.8448 TV:0.8630 VA:1.3019 CE:0.6770
2025-12-23 10:37:36,142 - utils.logger2025-12-23-10.37.19 - INFO - Cur epoch 4 loss TA:0.8397 TV:0.8481 VA:1.2990 CE:0.7109
2025-12-23 10:37:36,285 - utils.logger2025-12-23-10.37.19 - INFO - saving the model at the end of epoch 4, iters 212
2025-12-23 10:37:36,393 - utils.logger2025-12-23-10.37.19 - INFO - End of training epoch 4 / 40 	 Time Taken: 2 sec
2025-12-23 10:37:36,393 - utils.logger2025-12-23-10.37.19 - INFO - learning rate = 0.0005000
2025-12-23 10:37:37,187 - utils.logger2025-12-23-10.37.19 - INFO - Val result of epoch 4 / 40 acc 0.7137 uar 0.6559 f1 0.6744
2025-12-23 10:37:37,187 - utils.logger2025-12-23-10.37.19 - INFO - 
[[11  4  9  3]
 [ 0 71 10  1]
 [ 1 15 56  9]
 [ 2  2 11 29]]
2025-12-23 10:37:37,553 - utils.logger2025-12-23-10.37.19 - INFO - Tst result of epoch 4 / 40 acc 0.5911 uar 0.5639 f1 0.5317
2025-12-23 10:37:37,554 - utils.logger2025-12-23-10.37.19 - INFO - 
[[21  0  4  0]
 [ 7 19 32  0]
 [15  1 71  1]
 [13  0 10  9]]
2025-12-23 10:37:38,229 - utils.logger2025-12-23-10.37.19 - INFO - Cur epoch 5 loss TA:0.7599 TV:0.7695 VA:1.2854 CE:0.6438
2025-12-23 10:37:38,719 - utils.logger2025-12-23-10.37.19 - INFO - Cur epoch 5 loss TA:0.7849 TV:0.8241 VA:1.3154 CE:0.7751
2025-12-23 10:37:39,157 - utils.logger2025-12-23-10.37.19 - INFO - Cur epoch 5 loss TA:0.7907 TV:0.8134 VA:1.3286 CE:0.9327
2025-12-23 10:37:39,634 - utils.logger2025-12-23-10.37.19 - INFO - Cur epoch 5 loss TA:0.7824 TV:0.8023 VA:1.2351 CE:0.8096
2025-12-23 10:37:40,287 - utils.logger2025-12-23-10.37.19 - INFO - Cur epoch 5 loss TA:0.8197 TV:0.8370 VA:1.2472 CE:0.7839
2025-12-23 10:37:40,575 - utils.logger2025-12-23-10.37.19 - INFO - saving the model at the end of epoch 5, iters 265
2025-12-23 10:37:40,673 - utils.logger2025-12-23-10.37.19 - INFO - End of training epoch 5 / 40 	 Time Taken: 3 sec
2025-12-23 10:37:40,673 - utils.logger2025-12-23-10.37.19 - INFO - learning rate = 0.0005000
2025-12-23 10:37:41,460 - utils.logger2025-12-23-10.37.19 - INFO - Val result of epoch 5 / 40 acc 0.7137 uar 0.6311 f1 0.6464
2025-12-23 10:37:41,461 - utils.logger2025-12-23-10.37.19 - INFO - 
[[ 7  8  9  3]
 [ 0 75  6  1]
 [ 0 16 56  9]
 [ 0  0 15 29]]
2025-12-23 10:37:41,983 - utils.logger2025-12-23-10.37.19 - INFO - Tst result of epoch 5 / 40 acc 0.6700 uar 0.6218 f1 0.6481
2025-12-23 10:37:41,983 - utils.logger2025-12-23-10.37.19 - INFO - 
[[17  0  8  0]
 [ 3 30 25  0]
 [ 5  6 75  2]
 [ 1  0 17 14]]
2025-12-23 10:37:42,498 - utils.logger2025-12-23-10.37.19 - INFO - Cur epoch 6 loss TA:0.7261 TV:0.7354 VA:1.2911 CE:0.7297
2025-12-23 10:37:42,983 - utils.logger2025-12-23-10.37.19 - INFO - Cur epoch 6 loss TA:0.7479 TV:0.7765 VA:1.2489 CE:0.5730
2025-12-23 10:37:43,511 - utils.logger2025-12-23-10.37.19 - INFO - Cur epoch 6 loss TA:0.7640 TV:0.7803 VA:1.2402 CE:0.5396
2025-12-23 10:37:44,007 - utils.logger2025-12-23-10.37.19 - INFO - Cur epoch 6 loss TA:0.7817 TV:0.7947 VA:1.1797 CE:0.7922
2025-12-23 10:37:44,505 - utils.logger2025-12-23-10.37.19 - INFO - Cur epoch 6 loss TA:0.7432 TV:0.7516 VA:1.1661 CE:0.7621
2025-12-23 10:37:44,962 - utils.logger2025-12-23-10.37.19 - INFO - saving the model at the end of epoch 6, iters 318
2025-12-23 10:37:45,077 - utils.logger2025-12-23-10.37.19 - INFO - End of training epoch 6 / 40 	 Time Taken: 3 sec
2025-12-23 10:37:45,077 - utils.logger2025-12-23-10.37.19 - INFO - learning rate = 0.0005000
2025-12-23 10:37:45,837 - utils.logger2025-12-23-10.37.19 - INFO - Val result of epoch 6 / 40 acc 0.7350 uar 0.7065 f1 0.7101
2025-12-23 10:37:45,837 - utils.logger2025-12-23-10.37.19 - INFO - 
[[15  1  7  4]
 [ 1 70 10  1]
 [ 3  9 54 15]
 [ 2  0  9 33]]
2025-12-23 10:37:46,183 - utils.logger2025-12-23-10.37.19 - INFO - Tst result of epoch 6 / 40 acc 0.5419 uar 0.5647 f1 0.5192
2025-12-23 10:37:46,183 - utils.logger2025-12-23-10.37.19 - INFO - 
[[23  0  2  0]
 [14 19 24  1]
 [27  3 56  2]
 [ 7  0 13 12]]
2025-12-23 10:37:46,646 - utils.logger2025-12-23-10.37.19 - INFO - Cur epoch 7 loss TA:0.7271 TV:0.7461 VA:1.2816 CE:0.7375
2025-12-23 10:37:47,087 - utils.logger2025-12-23-10.37.19 - INFO - Cur epoch 7 loss TA:0.7298 TV:0.7176 VA:1.2413 CE:0.5586
2025-12-23 10:37:47,600 - utils.logger2025-12-23-10.37.19 - INFO - Cur epoch 7 loss TA:0.7310 TV:0.7407 VA:1.1915 CE:0.6524
2025-12-23 10:37:48,107 - utils.logger2025-12-23-10.37.19 - INFO - Cur epoch 7 loss TA:0.7497 TV:0.7820 VA:1.2043 CE:0.5207
2025-12-23 10:37:48,642 - utils.logger2025-12-23-10.37.19 - INFO - Cur epoch 7 loss TA:0.7161 TV:0.7040 VA:1.1993 CE:0.7438
2025-12-23 10:37:49,195 - utils.logger2025-12-23-10.37.19 - INFO - Cur epoch 7 loss TA:0.7566 TV:0.7553 VA:1.1723 CE:0.5938
2025-12-23 10:37:49,309 - utils.logger2025-12-23-10.37.19 - INFO - saving the model at the end of epoch 7, iters 371
2025-12-23 10:37:49,436 - utils.logger2025-12-23-10.37.19 - INFO - End of training epoch 7 / 40 	 Time Taken: 3 sec
2025-12-23 10:37:49,436 - utils.logger2025-12-23-10.37.19 - INFO - learning rate = 0.0005000
2025-12-23 10:37:49,905 - utils.logger2025-12-23-10.37.19 - INFO - Val result of epoch 7 / 40 acc 0.7051 uar 0.6681 f1 0.6861
2025-12-23 10:37:49,905 - utils.logger2025-12-23-10.37.19 - INFO - 
[[14  6  5  2]
 [ 0 76  5  1]
 [ 1 27 46  7]
 [ 2  3 10 29]]
2025-12-23 10:37:50,652 - utils.logger2025-12-23-10.37.19 - INFO - Tst result of epoch 7 / 40 acc 0.6010 uar 0.6136 f1 0.5845
2025-12-23 10:37:50,652 - utils.logger2025-12-23-10.37.19 - INFO - 
[[21  0  4  0]
 [ 7 32 19  0]
 [19  7 55  7]
 [ 7  1 10 14]]
2025-12-23 10:37:51,831 - utils.logger2025-12-23-10.37.19 - INFO - Cur epoch 8 loss TA:0.6785 TV:0.6937 VA:1.1412 CE:0.6838
2025-12-23 10:37:52,259 - utils.logger2025-12-23-10.37.19 - INFO - Cur epoch 8 loss TA:0.7077 TV:0.7195 VA:1.1763 CE:0.5021
2025-12-23 10:37:52,732 - utils.logger2025-12-23-10.37.19 - INFO - Cur epoch 8 loss TA:0.7384 TV:0.7619 VA:1.2460 CE:0.4016
2025-12-23 10:37:53,237 - utils.logger2025-12-23-10.37.19 - INFO - Cur epoch 8 loss TA:0.7574 TV:0.7735 VA:1.2003 CE:0.4170
2025-12-23 10:37:53,790 - utils.logger2025-12-23-10.37.19 - INFO - Cur epoch 8 loss TA:0.7559 TV:0.7613 VA:1.2547 CE:0.4974
2025-12-23 10:37:54,054 - utils.logger2025-12-23-10.37.19 - INFO - saving the model at the end of epoch 8, iters 424
2025-12-23 10:37:54,173 - utils.logger2025-12-23-10.37.19 - INFO - End of training epoch 8 / 40 	 Time Taken: 3 sec
2025-12-23 10:37:54,173 - utils.logger2025-12-23-10.37.19 - INFO - learning rate = 0.0005000
2025-12-23 10:37:54,948 - utils.logger2025-12-23-10.37.19 - INFO - Val result of epoch 8 / 40 acc 0.7949 uar 0.7789 f1 0.7871
2025-12-23 10:37:54,949 - utils.logger2025-12-23-10.37.19 - INFO - 
[[21  3  2  1]
 [ 0 72  9  1]
 [ 3 12 63  3]
 [ 3  0 11 30]]
2025-12-23 10:37:55,755 - utils.logger2025-12-23-10.37.19 - INFO - Tst result of epoch 8 / 40 acc 0.5616 uar 0.5827 f1 0.5353
2025-12-23 10:37:55,755 - utils.logger2025-12-23-10.37.19 - INFO - 
[[24  0  1  0]
 [16 22 20  0]
 [26  4 57  1]
 [12  0  9 11]]
2025-12-23 10:37:56,577 - utils.logger2025-12-23-10.37.19 - INFO - Cur epoch 9 loss TA:0.6942 TV:0.6982 VA:1.1743 CE:0.4823
2025-12-23 10:37:57,024 - utils.logger2025-12-23-10.37.19 - INFO - Cur epoch 9 loss TA:0.6814 TV:0.6961 VA:1.1116 CE:0.4812
2025-12-23 10:37:57,670 - utils.logger2025-12-23-10.37.19 - INFO - Cur epoch 9 loss TA:0.7086 TV:0.7278 VA:1.1892 CE:0.6056
2025-12-23 10:37:58,227 - utils.logger2025-12-23-10.37.19 - INFO - Cur epoch 9 loss TA:0.6787 TV:0.7094 VA:1.1806 CE:0.3811
2025-12-23 10:37:58,806 - utils.logger2025-12-23-10.37.19 - INFO - Cur epoch 9 loss TA:0.7310 TV:0.7246 VA:1.1563 CE:0.3676
2025-12-23 10:37:59,190 - utils.logger2025-12-23-10.37.19 - INFO - saving the model at the end of epoch 9, iters 477
2025-12-23 10:37:59,301 - utils.logger2025-12-23-10.37.19 - INFO - End of training epoch 9 / 40 	 Time Taken: 3 sec
2025-12-23 10:37:59,301 - utils.logger2025-12-23-10.37.19 - INFO - learning rate = 0.0005000
2025-12-23 10:38:00,044 - utils.logger2025-12-23-10.37.19 - INFO - Val result of epoch 9 / 40 acc 0.7991 uar 0.7679 f1 0.7827
2025-12-23 10:38:00,045 - utils.logger2025-12-23-10.37.19 - INFO - 
[[20  1  5  1]
 [ 0 73  9  0]
 [ 4 10 67  0]
 [ 3  1 13 27]]
2025-12-23 10:38:00,683 - utils.logger2025-12-23-10.37.19 - INFO - Tst result of epoch 9 / 40 acc 0.5813 uar 0.5941 f1 0.5509
2025-12-23 10:38:00,683 - utils.logger2025-12-23-10.37.19 - INFO - 
[[24  0  1  0]
 [14 22 22  0]
 [24  3 61  0]
 [ 8  1 12 11]]
2025-12-23 10:38:01,394 - utils.logger2025-12-23-10.37.19 - INFO - Cur epoch 10 loss TA:0.7255 TV:0.7294 VA:1.1943 CE:0.3679
2025-12-23 10:38:01,951 - utils.logger2025-12-23-10.37.19 - INFO - Cur epoch 10 loss TA:0.6982 TV:0.7328 VA:1.2159 CE:0.3373
2025-12-23 10:38:02,484 - utils.logger2025-12-23-10.37.19 - INFO - Cur epoch 10 loss TA:0.7331 TV:0.7415 VA:1.1843 CE:0.2575
2025-12-23 10:38:03,042 - utils.logger2025-12-23-10.37.19 - INFO - Cur epoch 10 loss TA:0.7044 TV:0.7064 VA:1.1692 CE:0.4599
2025-12-23 10:38:03,750 - utils.logger2025-12-23-10.37.19 - INFO - Cur epoch 10 loss TA:0.6877 TV:0.7150 VA:1.1291 CE:0.4030
2025-12-23 10:38:04,487 - utils.logger2025-12-23-10.37.19 - INFO - Cur epoch 10 loss TA:0.6447 TV:0.6535 VA:0.9958 CE:0.4564
2025-12-23 10:38:04,617 - utils.logger2025-12-23-10.37.19 - INFO - saving the model at the end of epoch 10, iters 530
2025-12-23 10:38:04,707 - utils.logger2025-12-23-10.37.19 - INFO - End of training epoch 10 / 40 	 Time Taken: 4 sec
2025-12-23 10:38:04,707 - utils.logger2025-12-23-10.37.19 - INFO - learning rate = 0.0005000
2025-12-23 10:38:05,575 - utils.logger2025-12-23-10.37.19 - INFO - Val result of epoch 10 / 40 acc 0.7521 uar 0.7186 f1 0.7264
2025-12-23 10:38:05,575 - utils.logger2025-12-23-10.37.19 - INFO - 
[[15  1  6  5]
 [ 0 75  6  1]
 [ 2 10 53 16]
 [ 1  0 10 33]]
2025-12-23 10:38:05,928 - utils.logger2025-12-23-10.37.19 - INFO - Tst result of epoch 10 / 40 acc 0.6256 uar 0.6486 f1 0.6174
2025-12-23 10:38:05,929 - utils.logger2025-12-23-10.37.19 - INFO - 
[[22  0  3  0]
 [ 7 21 29  1]
 [18  3 64  3]
 [ 4  1  7 20]]
2025-12-23 10:38:06,747 - utils.logger2025-12-23-10.37.19 - INFO - Cur epoch 11 loss TA:0.6621 TV:0.6784 VA:1.1379 CE:0.2431
2025-12-23 10:38:07,213 - utils.logger2025-12-23-10.37.19 - INFO - Cur epoch 11 loss TA:0.6527 TV:0.6494 VA:1.1517 CE:0.2465
2025-12-23 10:38:07,705 - utils.logger2025-12-23-10.37.19 - INFO - Cur epoch 11 loss TA:0.6360 TV:0.6507 VA:1.1104 CE:0.4144
2025-12-23 10:38:08,235 - utils.logger2025-12-23-10.37.19 - INFO - Cur epoch 11 loss TA:0.6772 TV:0.6938 VA:1.1373 CE:0.3455
2025-12-23 10:38:08,799 - utils.logger2025-12-23-10.37.19 - INFO - Cur epoch 11 loss TA:0.6852 TV:0.7023 VA:1.0981 CE:0.2327
2025-12-23 10:38:09,046 - utils.logger2025-12-23-10.37.19 - INFO - saving the model at the end of epoch 11, iters 583
2025-12-23 10:38:09,152 - utils.logger2025-12-23-10.37.19 - INFO - End of training epoch 11 / 40 	 Time Taken: 3 sec
2025-12-23 10:38:09,152 - utils.logger2025-12-23-10.37.19 - INFO - learning rate = 0.0005000
2025-12-23 10:38:10,035 - utils.logger2025-12-23-10.37.19 - INFO - Val result of epoch 11 / 40 acc 0.7479 uar 0.7033 f1 0.7206
2025-12-23 10:38:10,036 - utils.logger2025-12-23-10.37.19 - INFO - 
[[13  0 11  3]
 [ 0 71 10  1]
 [ 1 10 58 12]
 [ 1  0 10 33]]
2025-12-23 10:38:11,023 - utils.logger2025-12-23-10.37.19 - INFO - Tst result of epoch 11 / 40 acc 0.6207 uar 0.6262 f1 0.5855
2025-12-23 10:38:11,023 - utils.logger2025-12-23-10.37.19 - INFO - 
[[23  0  2  0]
 [ 7 13 37  1]
 [12  0 73  3]
 [ 5  0 10 17]]
2025-12-23 10:38:11,615 - utils.logger2025-12-23-10.37.19 - INFO - Cur epoch 12 loss TA:0.6613 TV:0.6879 VA:1.1244 CE:0.3631
2025-12-23 10:38:12,096 - utils.logger2025-12-23-10.37.19 - INFO - Cur epoch 12 loss TA:0.6587 TV:0.6699 VA:1.0969 CE:0.2791
2025-12-23 10:38:12,591 - utils.logger2025-12-23-10.37.19 - INFO - Cur epoch 12 loss TA:0.6689 TV:0.6944 VA:1.0926 CE:0.4640
2025-12-23 10:38:13,091 - utils.logger2025-12-23-10.37.19 - INFO - Cur epoch 12 loss TA:0.6778 TV:0.6962 VA:1.1212 CE:0.3524
2025-12-23 10:38:13,558 - utils.logger2025-12-23-10.37.19 - INFO - Cur epoch 12 loss TA:0.6627 TV:0.6716 VA:1.1487 CE:0.2946
2025-12-23 10:38:13,920 - utils.logger2025-12-23-10.37.19 - INFO - saving the model at the end of epoch 12, iters 636
2025-12-23 10:38:14,005 - utils.logger2025-12-23-10.37.19 - INFO - End of training epoch 12 / 40 	 Time Taken: 2 sec
2025-12-23 10:38:14,005 - utils.logger2025-12-23-10.37.19 - INFO - learning rate = 0.0005000
2025-12-23 10:38:14,683 - utils.logger2025-12-23-10.37.19 - INFO - Val result of epoch 12 / 40 acc 0.7265 uar 0.6529 f1 0.6702
2025-12-23 10:38:14,684 - utils.logger2025-12-23-10.37.19 - INFO - 
[[ 9  1 13  4]
 [ 0 70 11  1]
 [ 2  7 62 10]
 [ 1  0 14 29]]
2025-12-23 10:38:15,586 - utils.logger2025-12-23-10.37.19 - INFO - Tst result of epoch 12 / 40 acc 0.6355 uar 0.5495 f1 0.5743
2025-12-23 10:38:15,586 - utils.logger2025-12-23-10.37.19 - INFO - 
[[15  0 10  0]
 [ 3 21 33  1]
 [ 2  2 84  0]
 [ 2  0 21  9]]
2025-12-23 10:38:16,249 - utils.logger2025-12-23-10.37.19 - INFO - Cur epoch 13 loss TA:0.6567 TV:0.6816 VA:1.1010 CE:0.3550
2025-12-23 10:38:16,689 - utils.logger2025-12-23-10.37.19 - INFO - Cur epoch 13 loss TA:0.6621 TV:0.6880 VA:1.1232 CE:0.3434
2025-12-23 10:38:17,081 - utils.logger2025-12-23-10.37.19 - INFO - Cur epoch 13 loss TA:0.6621 TV:0.6750 VA:1.0963 CE:0.2454
2025-12-23 10:38:17,484 - utils.logger2025-12-23-10.37.19 - INFO - Cur epoch 13 loss TA:0.6985 TV:0.7055 VA:1.2037 CE:0.2954
2025-12-23 10:38:17,865 - utils.logger2025-12-23-10.37.19 - INFO - Cur epoch 13 loss TA:0.6596 TV:0.6592 VA:1.1332 CE:0.2338
2025-12-23 10:38:18,322 - utils.logger2025-12-23-10.37.19 - INFO - saving the model at the end of epoch 13, iters 689
2025-12-23 10:38:18,435 - utils.logger2025-12-23-10.37.19 - INFO - End of training epoch 13 / 40 	 Time Taken: 2 sec
2025-12-23 10:38:18,436 - utils.logger2025-12-23-10.37.19 - INFO - learning rate = 0.0005000
2025-12-23 10:38:19,062 - utils.logger2025-12-23-10.37.19 - INFO - Val result of epoch 13 / 40 acc 0.7650 uar 0.7201 f1 0.7319
2025-12-23 10:38:19,063 - utils.logger2025-12-23-10.37.19 - INFO - 
[[15  2  5  5]
 [ 0 76  5  1]
 [ 2 11 58 10]
 [ 2  1 11 30]]
2025-12-23 10:38:19,439 - utils.logger2025-12-23-10.37.19 - INFO - Tst result of epoch 13 / 40 acc 0.6453 uar 0.6566 f1 0.6394
2025-12-23 10:38:19,439 - utils.logger2025-12-23-10.37.19 - INFO - 
[[21  0  4  0]
 [ 5 27 25  1]
 [17  5 64  2]
 [ 4  1  8 19]]
2025-12-23 10:38:19,817 - utils.logger2025-12-23-10.37.19 - INFO - Cur epoch 14 loss TA:0.6397 TV:0.6588 VA:1.0345 CE:0.2161
2025-12-23 10:38:20,498 - utils.logger2025-12-23-10.37.19 - INFO - Cur epoch 14 loss TA:0.5982 TV:0.6130 VA:1.0937 CE:0.2066
2025-12-23 10:38:20,987 - utils.logger2025-12-23-10.37.19 - INFO - Cur epoch 14 loss TA:0.6138 TV:0.6336 VA:1.0910 CE:0.1887
2025-12-23 10:38:21,610 - utils.logger2025-12-23-10.37.19 - INFO - Cur epoch 14 loss TA:0.6528 TV:0.6810 VA:1.1323 CE:0.2700
2025-12-23 10:38:22,109 - utils.logger2025-12-23-10.37.19 - INFO - Cur epoch 14 loss TA:0.6311 TV:0.6748 VA:1.1096 CE:0.4146
2025-12-23 10:38:22,496 - utils.logger2025-12-23-10.37.19 - INFO - Cur epoch 14 loss TA:0.6447 TV:0.6725 VA:1.0966 CE:0.3005
2025-12-23 10:38:22,645 - utils.logger2025-12-23-10.37.19 - INFO - saving the model at the end of epoch 14, iters 742
2025-12-23 10:38:22,734 - utils.logger2025-12-23-10.37.19 - INFO - End of training epoch 14 / 40 	 Time Taken: 3 sec
2025-12-23 10:38:22,735 - utils.logger2025-12-23-10.37.19 - INFO - learning rate = 0.0005000
2025-12-23 10:38:23,147 - utils.logger2025-12-23-10.37.19 - INFO - Val result of epoch 14 / 40 acc 0.7735 uar 0.7099 f1 0.7379
2025-12-23 10:38:23,148 - utils.logger2025-12-23-10.37.19 - INFO - 
[[14  0 11  2]
 [ 0 71 11  0]
 [ 2  7 70  2]
 [ 2  1 15 26]]
2025-12-23 10:38:23,561 - utils.logger2025-12-23-10.37.19 - INFO - Tst result of epoch 14 / 40 acc 0.6355 uar 0.5636 f1 0.5756
2025-12-23 10:38:23,562 - utils.logger2025-12-23-10.37.19 - INFO - 
[[16  0  9  0]
 [ 6 19 33  0]
 [ 4  1 83  0]
 [ 4  0 17 11]]
2025-12-23 10:38:24,212 - utils.logger2025-12-23-10.37.19 - INFO - Cur epoch 15 loss TA:0.6281 TV:0.6469 VA:1.1001 CE:0.1597
2025-12-23 10:38:24,647 - utils.logger2025-12-23-10.37.19 - INFO - Cur epoch 15 loss TA:0.6556 TV:0.6726 VA:1.0658 CE:0.1578
2025-12-23 10:38:25,071 - utils.logger2025-12-23-10.37.19 - INFO - Cur epoch 15 loss TA:0.6152 TV:0.6341 VA:1.0799 CE:0.1707
2025-12-23 10:38:25,790 - utils.logger2025-12-23-10.37.19 - INFO - Cur epoch 15 loss TA:0.6294 TV:0.6457 VA:1.0533 CE:0.2474
2025-12-23 10:38:26,541 - utils.logger2025-12-23-10.37.19 - INFO - Cur epoch 15 loss TA:0.5807 TV:0.6370 VA:1.1215 CE:0.1264
2025-12-23 10:38:26,790 - utils.logger2025-12-23-10.37.19 - INFO - saving the model at the end of epoch 15, iters 795
2025-12-23 10:38:26,893 - utils.logger2025-12-23-10.37.19 - INFO - End of training epoch 15 / 40 	 Time Taken: 3 sec
2025-12-23 10:38:26,893 - utils.logger2025-12-23-10.37.19 - INFO - learning rate = 0.0005000
2025-12-23 10:38:27,274 - utils.logger2025-12-23-10.37.19 - INFO - Val result of epoch 15 / 40 acc 0.7564 uar 0.6938 f1 0.7171
2025-12-23 10:38:27,275 - utils.logger2025-12-23-10.37.19 - INFO - 
[[13  2  8  4]
 [ 0 75  7  0]
 [ 2 12 62  5]
 [ 1  1 15 27]]
2025-12-23 10:38:27,651 - utils.logger2025-12-23-10.37.19 - INFO - Tst result of epoch 15 / 40 acc 0.6552 uar 0.6230 f1 0.6307
2025-12-23 10:38:27,652 - utils.logger2025-12-23-10.37.19 - INFO - 
[[18  0  7  0]
 [ 3 25 29  1]
 [ 9  4 74  1]
 [ 5  0 11 16]]
2025-12-23 10:38:28,119 - utils.logger2025-12-23-10.37.19 - INFO - Cur epoch 16 loss TA:0.6139 TV:0.6271 VA:1.0625 CE:0.1739
2025-12-23 10:38:28,510 - utils.logger2025-12-23-10.37.19 - INFO - Cur epoch 16 loss TA:0.6188 TV:0.6341 VA:1.1113 CE:0.1943
2025-12-23 10:38:28,892 - utils.logger2025-12-23-10.37.19 - INFO - Cur epoch 16 loss TA:0.6265 TV:0.6112 VA:1.0822 CE:0.2485
2025-12-23 10:38:29,303 - utils.logger2025-12-23-10.37.19 - INFO - Cur epoch 16 loss TA:0.6285 TV:0.6420 VA:1.0616 CE:0.1502
2025-12-23 10:38:29,753 - utils.logger2025-12-23-10.37.19 - INFO - Cur epoch 16 loss TA:0.5839 TV:0.5972 VA:1.0733 CE:0.3248
2025-12-23 10:38:30,218 - utils.logger2025-12-23-10.37.19 - INFO - saving the model at the end of epoch 16, iters 848
2025-12-23 10:38:30,328 - utils.logger2025-12-23-10.37.19 - INFO - End of training epoch 16 / 40 	 Time Taken: 2 sec
2025-12-23 10:38:30,328 - utils.logger2025-12-23-10.37.19 - INFO - learning rate = 0.0005000
2025-12-23 10:38:31,560 - utils.logger2025-12-23-10.37.19 - INFO - Val result of epoch 16 / 40 acc 0.6880 uar 0.6704 f1 0.6600
2025-12-23 10:38:31,560 - utils.logger2025-12-23-10.37.19 - INFO - 
[[13  0  5  9]
 [ 0 74  5  3]
 [ 3 14 37 27]
 [ 0  0  7 37]]
2025-12-23 10:38:32,422 - utils.logger2025-12-23-10.37.19 - INFO - Tst result of epoch 16 / 40 acc 0.6108 uar 0.6265 f1 0.5995
2025-12-23 10:38:32,422 - utils.logger2025-12-23-10.37.19 - INFO - 
[[19  0  5  1]
 [ 6 23 28  1]
 [14  3 61 10]
 [ 4  0  7 21]]
2025-12-23 10:38:33,040 - utils.logger2025-12-23-10.37.19 - INFO - Cur epoch 17 loss TA:0.5923 TV:0.6328 VA:1.0777 CE:0.1987
2025-12-23 10:38:33,502 - utils.logger2025-12-23-10.37.19 - INFO - Cur epoch 17 loss TA:0.5893 TV:0.6027 VA:1.0420 CE:0.1392
2025-12-23 10:38:34,006 - utils.logger2025-12-23-10.37.19 - INFO - Cur epoch 17 loss TA:0.6030 TV:0.6032 VA:1.0210 CE:0.1012
2025-12-23 10:38:34,477 - utils.logger2025-12-23-10.37.19 - INFO - Cur epoch 17 loss TA:0.5777 TV:0.5727 VA:1.0707 CE:0.2289
2025-12-23 10:38:35,000 - utils.logger2025-12-23-10.37.19 - INFO - Cur epoch 17 loss TA:0.5717 TV:0.5800 VA:1.0574 CE:0.3683
2025-12-23 10:38:35,543 - utils.logger2025-12-23-10.37.19 - INFO - Cur epoch 17 loss TA:0.5974 TV:0.6257 VA:1.0713 CE:0.2404
2025-12-23 10:38:35,666 - utils.logger2025-12-23-10.37.19 - INFO - saving the model at the end of epoch 17, iters 901
2025-12-23 10:38:35,792 - utils.logger2025-12-23-10.37.19 - INFO - End of training epoch 17 / 40 	 Time Taken: 3 sec
2025-12-23 10:38:35,792 - utils.logger2025-12-23-10.37.19 - INFO - learning rate = 0.0005000
2025-12-23 10:38:36,514 - utils.logger2025-12-23-10.37.19 - INFO - Val result of epoch 17 / 40 acc 0.7564 uar 0.7201 f1 0.7306
2025-12-23 10:38:36,515 - utils.logger2025-12-23-10.37.19 - INFO - 
[[16  2  7  2]
 [ 0 75  6  1]
 [ 4 13 56  8]
 [ 2  0 12 30]]
2025-12-23 10:38:37,594 - utils.logger2025-12-23-10.37.19 - INFO - Tst result of epoch 17 / 40 acc 0.6650 uar 0.6566 f1 0.6472
2025-12-23 10:38:37,595 - utils.logger2025-12-23-10.37.19 - INFO - 
[[21  0  4  0]
 [ 4 26 27  1]
 [12  4 71  1]
 [ 6  0  9 17]]
2025-12-23 10:38:38,684 - utils.logger2025-12-23-10.37.19 - INFO - Cur epoch 18 loss TA:0.5709 TV:0.5790 VA:1.0277 CE:0.1484
2025-12-23 10:38:39,217 - utils.logger2025-12-23-10.37.19 - INFO - Cur epoch 18 loss TA:0.5637 TV:0.5640 VA:1.0290 CE:0.1031
2025-12-23 10:38:39,718 - utils.logger2025-12-23-10.37.19 - INFO - Cur epoch 18 loss TA:0.5805 TV:0.6033 VA:1.0725 CE:0.0913
2025-12-23 10:38:40,221 - utils.logger2025-12-23-10.37.19 - INFO - Cur epoch 18 loss TA:0.6065 TV:0.6209 VA:1.0668 CE:0.0658
2025-12-23 10:38:40,729 - utils.logger2025-12-23-10.37.19 - INFO - Cur epoch 18 loss TA:0.5928 TV:0.6022 VA:1.0638 CE:0.0844
2025-12-23 10:38:40,989 - utils.logger2025-12-23-10.37.19 - INFO - saving the model at the end of epoch 18, iters 954
2025-12-23 10:38:41,115 - utils.logger2025-12-23-10.37.19 - INFO - End of training epoch 18 / 40 	 Time Taken: 3 sec
2025-12-23 10:38:41,115 - utils.logger2025-12-23-10.37.19 - INFO - learning rate = 0.0005000
2025-12-23 10:38:41,485 - utils.logger2025-12-23-10.37.19 - INFO - Val result of epoch 18 / 40 acc 0.7393 uar 0.7085 f1 0.7083
2025-12-23 10:38:41,486 - utils.logger2025-12-23-10.37.19 - INFO - 
[[14  1  6  6]
 [ 0 73  7  2]
 [ 4  9 51 17]
 [ 1  0  8 35]]
2025-12-23 10:38:41,916 - utils.logger2025-12-23-10.37.19 - INFO - Tst result of epoch 18 / 40 acc 0.6207 uar 0.6572 f1 0.6164
2025-12-23 10:38:41,917 - utils.logger2025-12-23-10.37.19 - INFO - 
[[22  0  2  1]
 [ 7 22 28  1]
 [20  1 60  7]
 [ 2  0  8 22]]
2025-12-23 10:38:42,600 - utils.logger2025-12-23-10.37.19 - INFO - Cur epoch 19 loss TA:0.5739 TV:0.5727 VA:1.0437 CE:0.1100
2025-12-23 10:38:42,994 - utils.logger2025-12-23-10.37.19 - INFO - Cur epoch 19 loss TA:0.6109 TV:0.6270 VA:1.0243 CE:0.0583
2025-12-23 10:38:43,427 - utils.logger2025-12-23-10.37.19 - INFO - Cur epoch 19 loss TA:0.5703 TV:0.6081 VA:1.0212 CE:0.0656
2025-12-23 10:38:43,862 - utils.logger2025-12-23-10.37.19 - INFO - Cur epoch 19 loss TA:0.5822 TV:0.5896 VA:1.0376 CE:0.0906
2025-12-23 10:38:44,296 - utils.logger2025-12-23-10.37.19 - INFO - Cur epoch 19 loss TA:0.6085 TV:0.6251 VA:1.0101 CE:0.2463
2025-12-23 10:38:44,683 - utils.logger2025-12-23-10.37.19 - INFO - saving the model at the end of epoch 19, iters 1007
2025-12-23 10:38:44,794 - utils.logger2025-12-23-10.37.19 - INFO - End of training epoch 19 / 40 	 Time Taken: 2 sec
2025-12-23 10:38:44,794 - utils.logger2025-12-23-10.37.19 - INFO - learning rate = 0.0005000
2025-12-23 10:38:45,546 - utils.logger2025-12-23-10.37.19 - INFO - Val result of epoch 19 / 40 acc 0.7564 uar 0.6964 f1 0.7149
2025-12-23 10:38:45,547 - utils.logger2025-12-23-10.37.19 - INFO - 
[[13  1 10  3]
 [ 0 74  7  1]
 [ 3 10 62  6]
 [ 2  0 14 28]]
2025-12-23 10:38:46,067 - utils.logger2025-12-23-10.37.19 - INFO - Tst result of epoch 19 / 40 acc 0.6946 uar 0.6650 f1 0.6737
2025-12-23 10:38:46,068 - utils.logger2025-12-23-10.37.19 - INFO - 
[[20  0  5  0]
 [ 3 25 29  1]
 [ 8  1 79  0]
 [ 3  0 12 17]]
2025-12-23 10:38:46,737 - utils.logger2025-12-23-10.37.19 - INFO - Cur epoch 20 loss TA:0.5773 TV:0.6037 VA:1.0503 CE:0.1268
2025-12-23 10:38:47,293 - utils.logger2025-12-23-10.37.19 - INFO - Cur epoch 20 loss TA:0.5626 TV:0.5897 VA:1.0496 CE:0.1010
2025-12-23 10:38:47,690 - utils.logger2025-12-23-10.37.19 - INFO - Cur epoch 20 loss TA:0.5509 TV:0.5635 VA:1.0033 CE:0.1162
2025-12-23 10:38:48,131 - utils.logger2025-12-23-10.37.19 - INFO - Cur epoch 20 loss TA:0.5677 TV:0.5671 VA:1.0005 CE:0.0829
2025-12-23 10:38:48,613 - utils.logger2025-12-23-10.37.19 - INFO - Cur epoch 20 loss TA:0.5971 TV:0.5969 VA:1.0279 CE:0.1775
2025-12-23 10:38:49,159 - utils.logger2025-12-23-10.37.19 - INFO - Cur epoch 20 loss TA:0.4887 TV:0.5213 VA:0.9390 CE:0.1159
2025-12-23 10:38:49,217 - utils.logger2025-12-23-10.37.19 - INFO - saving the model at the end of epoch 20, iters 1060
2025-12-23 10:38:49,310 - utils.logger2025-12-23-10.37.19 - INFO - End of training epoch 20 / 40 	 Time Taken: 3 sec
2025-12-23 10:38:49,311 - utils.logger2025-12-23-10.37.19 - INFO - learning rate = 0.0005000
2025-12-23 10:38:50,056 - utils.logger2025-12-23-10.37.19 - INFO - Val result of epoch 20 / 40 acc 0.7521 uar 0.6712 f1 0.6906
2025-12-23 10:38:50,056 - utils.logger2025-12-23-10.37.19 - INFO - 
[[ 9  2 12  4]
 [ 0 75  7  0]
 [ 1 10 63  7]
 [ 1  1 13 29]]
2025-12-23 10:38:50,431 - utils.logger2025-12-23-10.37.19 - INFO - Tst result of epoch 20 / 40 acc 0.6847 uar 0.6606 f1 0.6699
2025-12-23 10:38:50,432 - utils.logger2025-12-23-10.37.19 - INFO - 
[[19  0  6  0]
 [ 4 24 29  1]
 [ 6  2 77  3]
 [ 1  0 12 19]]
2025-12-23 10:38:51,405 - utils.logger2025-12-23-10.37.19 - INFO - Cur epoch 21 loss TA:0.5682 TV:0.5790 VA:1.0166 CE:0.0640
2025-12-23 10:38:51,899 - utils.logger2025-12-23-10.37.19 - INFO - Cur epoch 21 loss TA:0.5737 TV:0.5787 VA:1.0563 CE:0.1373
2025-12-23 10:38:52,489 - utils.logger2025-12-23-10.37.19 - INFO - Cur epoch 21 loss TA:0.5442 TV:0.5831 VA:1.0567 CE:0.0622
2025-12-23 10:38:53,207 - utils.logger2025-12-23-10.37.19 - INFO - Cur epoch 21 loss TA:0.6109 TV:0.6299 VA:1.0798 CE:0.4044
2025-12-23 10:38:53,904 - utils.logger2025-12-23-10.37.19 - INFO - Cur epoch 21 loss TA:0.5822 TV:0.5987 VA:1.0759 CE:0.1483
2025-12-23 10:38:54,098 - utils.logger2025-12-23-10.37.19 - INFO - saving the model at the end of epoch 21, iters 1113
2025-12-23 10:38:54,206 - utils.logger2025-12-23-10.37.19 - INFO - End of training epoch 21 / 40 	 Time Taken: 3 sec
2025-12-23 10:38:54,207 - utils.logger2025-12-23-10.37.19 - INFO - learning rate = 0.0005000
2025-12-23 10:38:54,661 - utils.logger2025-12-23-10.37.19 - INFO - Val result of epoch 21 / 40 acc 0.7350 uar 0.6315 f1 0.6458
2025-12-23 10:38:54,661 - utils.logger2025-12-23-10.37.19 - INFO - 
[[ 5  5 14  3]
 [ 0 76  6  0]
 [ 1 15 63  2]
 [ 0  1 15 28]]
2025-12-23 10:38:55,041 - utils.logger2025-12-23-10.37.19 - INFO - Tst result of epoch 21 / 40 acc 0.6847 uar 0.6242 f1 0.6600
2025-12-23 10:38:55,042 - utils.logger2025-12-23-10.37.19 - INFO - 
[[16  0  9  0]
 [ 2 24 31  1]
 [ 3  2 83  0]
 [ 1  0 15 16]]
2025-12-23 10:38:55,633 - utils.logger2025-12-23-10.37.19 - INFO - Cur epoch 22 loss TA:0.5594 TV:0.5602 VA:1.0182 CE:0.1850
2025-12-23 10:38:56,179 - utils.logger2025-12-23-10.37.19 - INFO - Cur epoch 22 loss TA:0.5742 TV:0.5787 VA:0.9808 CE:0.1839
2025-12-23 10:38:56,716 - utils.logger2025-12-23-10.37.19 - INFO - Cur epoch 22 loss TA:0.5559 TV:0.5712 VA:1.0319 CE:0.0541
2025-12-23 10:38:57,409 - utils.logger2025-12-23-10.37.19 - INFO - Cur epoch 22 loss TA:0.5938 TV:0.6068 VA:1.0399 CE:0.1442
2025-12-23 10:38:57,845 - utils.logger2025-12-23-10.37.19 - INFO - Cur epoch 22 loss TA:0.5781 TV:0.6132 VA:1.0271 CE:0.0561
2025-12-23 10:38:58,154 - utils.logger2025-12-23-10.37.19 - INFO - saving the model at the end of epoch 22, iters 1166
2025-12-23 10:38:58,248 - utils.logger2025-12-23-10.37.19 - INFO - End of training epoch 22 / 40 	 Time Taken: 3 sec
2025-12-23 10:38:58,248 - utils.logger2025-12-23-10.37.19 - INFO - learning rate = 0.0005000
2025-12-23 10:38:58,982 - utils.logger2025-12-23-10.37.19 - INFO - Val result of epoch 22 / 40 acc 0.7479 uar 0.7067 f1 0.7119
2025-12-23 10:38:58,982 - utils.logger2025-12-23-10.37.19 - INFO - 
[[14  3  6  4]
 [ 0 78  4  0]
 [ 5 17 51  8]
 [ 2  3  7 32]]
2025-12-23 10:38:59,336 - utils.logger2025-12-23-10.37.19 - INFO - Tst result of epoch 22 / 40 acc 0.6158 uar 0.6254 f1 0.5988
2025-12-23 10:38:59,337 - utils.logger2025-12-23-10.37.19 - INFO - 
[[22  0  3  0]
 [ 9 26 22  1]
 [17  7 62  2]
 [ 6  0 11 15]]
2025-12-23 10:38:59,828 - utils.logger2025-12-23-10.37.19 - INFO - Cur epoch 23 loss TA:0.5763 TV:0.5911 VA:1.0246 CE:0.0511
2025-12-23 10:39:00,301 - utils.logger2025-12-23-10.37.19 - INFO - Cur epoch 23 loss TA:0.5915 TV:0.6022 VA:0.9837 CE:0.1157
2025-12-23 10:39:00,780 - utils.logger2025-12-23-10.37.19 - INFO - Cur epoch 23 loss TA:0.5725 TV:0.5870 VA:1.0145 CE:0.0843
2025-12-23 10:39:01,276 - utils.logger2025-12-23-10.37.19 - INFO - Cur epoch 23 loss TA:0.5398 TV:0.5730 VA:1.0548 CE:0.1421
2025-12-23 10:39:01,731 - utils.logger2025-12-23-10.37.19 - INFO - Cur epoch 23 loss TA:0.5575 TV:0.5696 VA:1.0069 CE:0.1669
2025-12-23 10:39:02,401 - utils.logger2025-12-23-10.37.19 - INFO - saving the model at the end of epoch 23, iters 1219
2025-12-23 10:39:02,517 - utils.logger2025-12-23-10.37.19 - INFO - End of training epoch 23 / 40 	 Time Taken: 3 sec
2025-12-23 10:39:02,518 - utils.logger2025-12-23-10.37.19 - INFO - learning rate = 0.0005000
2025-12-23 10:39:02,969 - utils.logger2025-12-23-10.37.19 - INFO - Val result of epoch 23 / 40 acc 0.7607 uar 0.7011 f1 0.7199
2025-12-23 10:39:02,969 - utils.logger2025-12-23-10.37.19 - INFO - 
[[12  1 11  3]
 [ 0 74  7  1]
 [ 2 10 61  8]
 [ 1  0 12 31]]
2025-12-23 10:39:03,476 - utils.logger2025-12-23-10.37.19 - INFO - Tst result of epoch 23 / 40 acc 0.6798 uar 0.6335 f1 0.6573
2025-12-23 10:39:03,476 - utils.logger2025-12-23-10.37.19 - INFO - 
[[17  0  8  0]
 [ 3 24 30  1]
 [ 5  3 80  0]
 [ 2  0 13 17]]
2025-12-23 10:39:03,804 - utils.logger2025-12-23-10.37.19 - INFO - Cur epoch 24 loss TA:0.5595 TV:0.5937 VA:1.0709 CE:0.0713
2025-12-23 10:39:04,350 - utils.logger2025-12-23-10.37.19 - INFO - Cur epoch 24 loss TA:0.5737 TV:0.5871 VA:1.0237 CE:0.0548
2025-12-23 10:39:04,871 - utils.logger2025-12-23-10.37.19 - INFO - Cur epoch 24 loss TA:0.6134 TV:0.6218 VA:0.9991 CE:0.1165
2025-12-23 10:39:05,408 - utils.logger2025-12-23-10.37.19 - INFO - Cur epoch 24 loss TA:0.5523 TV:0.5661 VA:1.0328 CE:0.2392
2025-12-23 10:39:05,977 - utils.logger2025-12-23-10.37.19 - INFO - Cur epoch 24 loss TA:0.5909 TV:0.5941 VA:0.9848 CE:0.0539
2025-12-23 10:39:06,511 - utils.logger2025-12-23-10.37.19 - INFO - Cur epoch 24 loss TA:0.5718 TV:0.5918 VA:1.0150 CE:0.1282
2025-12-23 10:39:06,672 - utils.logger2025-12-23-10.37.19 - INFO - saving the model at the end of epoch 24, iters 1272
2025-12-23 10:39:06,789 - utils.logger2025-12-23-10.37.19 - INFO - End of training epoch 24 / 40 	 Time Taken: 3 sec
2025-12-23 10:39:06,789 - utils.logger2025-12-23-10.37.19 - INFO - learning rate = 0.0005000
2025-12-23 10:39:07,160 - utils.logger2025-12-23-10.37.19 - INFO - Val result of epoch 24 / 40 acc 0.7521 uar 0.7067 f1 0.7233
2025-12-23 10:39:07,161 - utils.logger2025-12-23-10.37.19 - INFO - 
[[16  0  9  2]
 [ 0 73  9  0]
 [ 5 10 61  5]
 [ 2  0 16 26]]
2025-12-23 10:39:07,594 - utils.logger2025-12-23-10.37.19 - INFO - Tst result of epoch 24 / 40 acc 0.6453 uar 0.6307 f1 0.6175
2025-12-23 10:39:07,595 - utils.logger2025-12-23-10.37.19 - INFO - 
[[20  0  5  0]
 [ 7 21 29  1]
 [10  3 73  2]
 [ 6  0  9 17]]
2025-12-23 10:39:08,702 - utils.logger2025-12-23-10.37.19 - INFO - Cur epoch 25 loss TA:0.5568 TV:0.5692 VA:0.9666 CE:0.1335
2025-12-23 10:39:09,152 - utils.logger2025-12-23-10.37.19 - INFO - Cur epoch 25 loss TA:0.5433 TV:0.5717 VA:1.0274 CE:0.1028
2025-12-23 10:39:09,637 - utils.logger2025-12-23-10.37.19 - INFO - Cur epoch 25 loss TA:0.5871 TV:0.5886 VA:0.9789 CE:0.0496
2025-12-23 10:39:10,171 - utils.logger2025-12-23-10.37.19 - INFO - Cur epoch 25 loss TA:0.5726 TV:0.5963 VA:0.9928 CE:0.0954
2025-12-23 10:39:10,734 - utils.logger2025-12-23-10.37.19 - INFO - Cur epoch 25 loss TA:0.5444 TV:0.5549 VA:1.0102 CE:0.1876
2025-12-23 10:39:11,092 - utils.logger2025-12-23-10.37.19 - INFO - saving the model at the end of epoch 25, iters 1325
2025-12-23 10:39:11,217 - utils.logger2025-12-23-10.37.19 - INFO - End of training epoch 25 / 40 	 Time Taken: 3 sec
2025-12-23 10:39:11,217 - utils.logger2025-12-23-10.37.19 - INFO - learning rate = 0.0005000
2025-12-23 10:39:11,990 - utils.logger2025-12-23-10.37.19 - INFO - Val result of epoch 25 / 40 acc 0.7393 uar 0.6884 f1 0.6999
2025-12-23 10:39:11,990 - utils.logger2025-12-23-10.37.19 - INFO - 
[[12  0  8  7]
 [ 0 70 10  2]
 [ 4  7 59 11]
 [ 0  0 12 32]]
2025-12-23 10:39:12,421 - utils.logger2025-12-23-10.37.19 - INFO - Tst result of epoch 25 / 40 acc 0.6995 uar 0.6712 f1 0.6721
2025-12-23 10:39:12,422 - utils.logger2025-12-23-10.37.19 - INFO - 
[[19  0  5  1]
 [ 7 22 28  1]
 [ 4  1 81  2]
 [ 2  0 10 20]]
2025-12-23 10:39:12,997 - utils.logger2025-12-23-10.37.19 - INFO - Cur epoch 26 loss TA:0.5525 TV:0.5691 VA:0.9895 CE:0.0216
2025-12-23 10:39:13,865 - utils.logger2025-12-23-10.37.19 - INFO - Cur epoch 26 loss TA:0.5700 TV:0.6060 VA:1.0359 CE:0.1006
2025-12-23 10:39:14,388 - utils.logger2025-12-23-10.37.19 - INFO - Cur epoch 26 loss TA:0.5390 TV:0.5644 VA:1.0140 CE:0.1089
2025-12-23 10:39:14,895 - utils.logger2025-12-23-10.37.19 - INFO - Cur epoch 26 loss TA:0.5563 TV:0.5714 VA:1.0270 CE:0.1300
2025-12-23 10:39:15,398 - utils.logger2025-12-23-10.37.19 - INFO - Cur epoch 26 loss TA:0.5509 TV:0.5583 VA:0.9772 CE:0.1089
2025-12-23 10:39:15,886 - utils.logger2025-12-23-10.37.19 - INFO - saving the model at the end of epoch 26, iters 1378
2025-12-23 10:39:15,977 - utils.logger2025-12-23-10.37.19 - INFO - End of training epoch 26 / 40 	 Time Taken: 3 sec
2025-12-23 10:39:15,977 - utils.logger2025-12-23-10.37.19 - INFO - learning rate = 0.0005000
2025-12-23 10:39:16,852 - utils.logger2025-12-23-10.37.19 - INFO - Val result of epoch 26 / 40 acc 0.7222 uar 0.6161 f1 0.6181
2025-12-23 10:39:16,852 - utils.logger2025-12-23-10.37.19 - INFO - 
[[ 4  5 13  5]
 [ 0 76  6  0]
 [ 1 12 61  7]
 [ 0  2 14 28]]
2025-12-23 10:39:17,289 - utils.logger2025-12-23-10.37.19 - INFO - Tst result of epoch 26 / 40 acc 0.6847 uar 0.6651 f1 0.6767
2025-12-23 10:39:17,290 - utils.logger2025-12-23-10.37.19 - INFO - 
[[17  0  8  0]
 [ 2 30 25  1]
 [ 5  5 71  7]
 [ 2  0  9 21]]
2025-12-23 10:39:17,632 - utils.logger2025-12-23-10.37.19 - INFO - Cur epoch 27 loss TA:0.5380 TV:0.5560 VA:0.9776 CE:0.1900
2025-12-23 10:39:18,083 - utils.logger2025-12-23-10.37.19 - INFO - Cur epoch 27 loss TA:0.5550 TV:0.5940 VA:1.0257 CE:0.0872
2025-12-23 10:39:18,561 - utils.logger2025-12-23-10.37.19 - INFO - Cur epoch 27 loss TA:0.5673 TV:0.5583 VA:1.0070 CE:0.1397
2025-12-23 10:39:19,067 - utils.logger2025-12-23-10.37.19 - INFO - Cur epoch 27 loss TA:0.5521 TV:0.5684 VA:0.9959 CE:0.0862
2025-12-23 10:39:19,577 - utils.logger2025-12-23-10.37.19 - INFO - Cur epoch 27 loss TA:0.5328 TV:0.5567 VA:0.9897 CE:0.0848
2025-12-23 10:39:20,089 - utils.logger2025-12-23-10.37.19 - INFO - Cur epoch 27 loss TA:0.5423 TV:0.5528 VA:1.0362 CE:0.1529
2025-12-23 10:39:20,177 - utils.logger2025-12-23-10.37.19 - INFO - saving the model at the end of epoch 27, iters 1431
2025-12-23 10:39:20,273 - utils.logger2025-12-23-10.37.19 - INFO - End of training epoch 27 / 40 	 Time Taken: 2 sec
2025-12-23 10:39:20,273 - utils.logger2025-12-23-10.37.19 - INFO - learning rate = 0.0005000
2025-12-23 10:39:20,661 - utils.logger2025-12-23-10.37.19 - INFO - Val result of epoch 27 / 40 acc 0.7393 uar 0.6908 f1 0.7012
2025-12-23 10:39:20,662 - utils.logger2025-12-23-10.37.19 - INFO - 
[[12  3  6  6]
 [ 0 75  6  1]
 [ 2 16 53 10]
 [ 1  1  9 33]]
2025-12-23 10:39:21,177 - utils.logger2025-12-23-10.37.19 - INFO - Tst result of epoch 27 / 40 acc 0.6798 uar 0.6376 f1 0.6614
2025-12-23 10:39:21,177 - utils.logger2025-12-23-10.37.19 - INFO - 
[[15  0  9  1]
 [ 3 23 31  1]
 [ 2  4 79  3]
 [ 1  0 10 21]]
2025-12-23 10:39:21,862 - utils.logger2025-12-23-10.37.19 - INFO - Cur epoch 28 loss TA:0.5429 TV:0.5554 VA:0.9899 CE:0.0788
2025-12-23 10:39:22,377 - utils.logger2025-12-23-10.37.19 - INFO - Cur epoch 28 loss TA:0.5096 TV:0.5162 VA:0.9696 CE:0.1063
2025-12-23 10:39:22,918 - utils.logger2025-12-23-10.37.19 - INFO - Cur epoch 28 loss TA:0.5199 TV:0.5280 VA:0.9819 CE:0.0719
2025-12-23 10:39:23,387 - utils.logger2025-12-23-10.37.19 - INFO - Cur epoch 28 loss TA:0.5624 TV:0.5622 VA:0.9924 CE:0.1009
2025-12-23 10:39:23,877 - utils.logger2025-12-23-10.37.19 - INFO - Cur epoch 28 loss TA:0.5320 TV:0.5604 VA:0.9817 CE:0.1250
2025-12-23 10:39:24,169 - utils.logger2025-12-23-10.37.19 - INFO - saving the model at the end of epoch 28, iters 1484
2025-12-23 10:39:24,255 - utils.logger2025-12-23-10.37.19 - INFO - End of training epoch 28 / 40 	 Time Taken: 3 sec
2025-12-23 10:39:24,255 - utils.logger2025-12-23-10.37.19 - INFO - learning rate = 0.0005000
2025-12-23 10:39:25,161 - utils.logger2025-12-23-10.37.19 - INFO - Val result of epoch 28 / 40 acc 0.7564 uar 0.7192 f1 0.7274
2025-12-23 10:39:25,161 - utils.logger2025-12-23-10.37.19 - INFO - 
[[15  0  7  5]
 [ 0 72  8  2]
 [ 4  7 58 12]
 [ 1  0 11 32]]
2025-12-23 10:39:25,948 - utils.logger2025-12-23-10.37.19 - INFO - Tst result of epoch 28 / 40 acc 0.6404 uar 0.6336 f1 0.6173
2025-12-23 10:39:25,948 - utils.logger2025-12-23-10.37.19 - INFO - 
[[21  0  4  0]
 [ 8 20 30  0]
 [12  2 72  2]
 [ 4  0 11 17]]
2025-12-23 10:39:26,573 - utils.logger2025-12-23-10.37.19 - INFO - Cur epoch 29 loss TA:0.5161 TV:0.5245 VA:0.9682 CE:0.0351
2025-12-23 10:39:27,091 - utils.logger2025-12-23-10.37.19 - INFO - Cur epoch 29 loss TA:0.5535 TV:0.5656 VA:0.9879 CE:0.1024
2025-12-23 10:39:27,668 - utils.logger2025-12-23-10.37.19 - INFO - Cur epoch 29 loss TA:0.5798 TV:0.6056 VA:1.0047 CE:0.1940
2025-12-23 10:39:28,205 - utils.logger2025-12-23-10.37.19 - INFO - Cur epoch 29 loss TA:0.5412 TV:0.5400 VA:0.9813 CE:0.0746
2025-12-23 10:39:28,752 - utils.logger2025-12-23-10.37.19 - INFO - Cur epoch 29 loss TA:0.5387 TV:0.5389 VA:0.9642 CE:0.0385
2025-12-23 10:39:29,216 - utils.logger2025-12-23-10.37.19 - INFO - saving the model at the end of epoch 29, iters 1537
2025-12-23 10:39:29,338 - utils.logger2025-12-23-10.37.19 - INFO - End of training epoch 29 / 40 	 Time Taken: 3 sec
2025-12-23 10:39:29,338 - utils.logger2025-12-23-10.37.19 - INFO - learning rate = 0.0005000
2025-12-23 10:39:30,178 - utils.logger2025-12-23-10.37.19 - INFO - Val result of epoch 29 / 40 acc 0.7778 uar 0.7329 f1 0.7480
2025-12-23 10:39:30,179 - utils.logger2025-12-23-10.37.19 - INFO - 
[[16  2  6  3]
 [ 0 75  7  0]
 [ 4  8 62  7]
 [ 1  1 13 29]]
2025-12-23 10:39:31,138 - utils.logger2025-12-23-10.37.19 - INFO - Tst result of epoch 29 / 40 acc 0.6059 uar 0.6318 f1 0.5998
2025-12-23 10:39:31,139 - utils.logger2025-12-23-10.37.19 - INFO - 
[[23  0  2  0]
 [ 9 26 23  0]
 [23  6 58  1]
 [ 9  0  7 16]]
2025-12-23 10:39:32,178 - utils.logger2025-12-23-10.37.19 - INFO - Cur epoch 30 loss TA:0.5161 TV:0.5168 VA:0.9910 CE:0.2625
2025-12-23 10:39:32,759 - utils.logger2025-12-23-10.37.19 - INFO - Cur epoch 30 loss TA:0.5413 TV:0.5415 VA:0.9682 CE:0.1734
2025-12-23 10:39:33,213 - utils.logger2025-12-23-10.37.19 - INFO - Cur epoch 30 loss TA:0.5446 TV:0.5534 VA:1.0169 CE:0.0690
2025-12-23 10:39:33,634 - utils.logger2025-12-23-10.37.19 - INFO - Cur epoch 30 loss TA:0.5422 TV:0.5644 VA:0.9736 CE:0.0279
2025-12-23 10:39:34,063 - utils.logger2025-12-23-10.37.19 - INFO - Cur epoch 30 loss TA:0.5482 TV:0.5591 VA:0.9679 CE:0.2077
2025-12-23 10:39:34,478 - utils.logger2025-12-23-10.37.19 - INFO - Cur epoch 30 loss TA:0.4913 TV:0.4921 VA:0.9020 CE:0.0427
2025-12-23 10:39:34,534 - utils.logger2025-12-23-10.37.19 - INFO - saving the model at the end of epoch 30, iters 1590
2025-12-23 10:39:34,652 - utils.logger2025-12-23-10.37.19 - INFO - End of training epoch 30 / 40 	 Time Taken: 3 sec
2025-12-23 10:39:34,652 - utils.logger2025-12-23-10.37.19 - INFO - learning rate = 0.0004545
2025-12-23 10:39:35,544 - utils.logger2025-12-23-10.37.19 - INFO - Val result of epoch 30 / 40 acc 0.7308 uar 0.6629 f1 0.6907
2025-12-23 10:39:35,545 - utils.logger2025-12-23-10.37.19 - INFO - 
[[11  3 11  2]
 [ 0 77  5  0]
 [ 0 20 56  5]
 [ 1  5 11 27]]
2025-12-23 10:39:35,905 - utils.logger2025-12-23-10.37.19 - INFO - Tst result of epoch 30 / 40 acc 0.7143 uar 0.6665 f1 0.6956
2025-12-23 10:39:35,906 - utils.logger2025-12-23-10.37.19 - INFO - 
[[16  1  8  0]
 [ 4 31 22  1]
 [ 1  7 79  1]
 [ 2  0 11 19]]
2025-12-23 10:39:36,713 - utils.logger2025-12-23-10.37.19 - INFO - Cur epoch 31 loss TA:0.5340 TV:0.5470 VA:0.9855 CE:0.0567
2025-12-23 10:39:37,359 - utils.logger2025-12-23-10.37.19 - INFO - Cur epoch 31 loss TA:0.5279 TV:0.5409 VA:0.9749 CE:0.0940
2025-12-23 10:39:37,762 - utils.logger2025-12-23-10.37.19 - INFO - Cur epoch 31 loss TA:0.5488 TV:0.5724 VA:0.9897 CE:0.0253
2025-12-23 10:39:38,241 - utils.logger2025-12-23-10.37.19 - INFO - Cur epoch 31 loss TA:0.5608 TV:0.5747 VA:0.9799 CE:0.0705
2025-12-23 10:39:38,723 - utils.logger2025-12-23-10.37.19 - INFO - Cur epoch 31 loss TA:0.5452 TV:0.5666 VA:0.9799 CE:0.0833
2025-12-23 10:39:38,931 - utils.logger2025-12-23-10.37.19 - INFO - saving the model at the end of epoch 31, iters 1643
2025-12-23 10:39:39,039 - utils.logger2025-12-23-10.37.19 - INFO - End of training epoch 31 / 40 	 Time Taken: 3 sec
2025-12-23 10:39:39,039 - utils.logger2025-12-23-10.37.19 - INFO - learning rate = 0.0004091
2025-12-23 10:39:39,725 - utils.logger2025-12-23-10.37.19 - INFO - Val result of epoch 31 / 40 acc 0.7778 uar 0.7331 f1 0.7578
2025-12-23 10:39:39,725 - utils.logger2025-12-23-10.37.19 - INFO - 
[[16  1  6  4]
 [ 0 71 11  0]
 [ 1  9 66  5]
 [ 1  0 14 29]]
2025-12-23 10:39:40,371 - utils.logger2025-12-23-10.37.19 - INFO - Tst result of epoch 31 / 40 acc 0.6946 uar 0.6568 f1 0.6719
2025-12-23 10:39:40,372 - utils.logger2025-12-23-10.37.19 - INFO - 
[[18  0  7  0]
 [ 5 19 33  1]
 [ 3  1 84  0]
 [ 1  0 11 20]]
2025-12-23 10:39:41,197 - utils.logger2025-12-23-10.37.19 - INFO - Cur epoch 32 loss TA:0.5276 TV:0.5479 VA:0.9779 CE:0.0766
2025-12-23 10:39:41,702 - utils.logger2025-12-23-10.37.19 - INFO - Cur epoch 32 loss TA:0.5007 TV:0.4979 VA:0.9676 CE:0.0249
2025-12-23 10:39:42,355 - utils.logger2025-12-23-10.37.19 - INFO - Cur epoch 32 loss TA:0.5410 TV:0.5544 VA:0.9728 CE:0.0373
2025-12-23 10:39:42,798 - utils.logger2025-12-23-10.37.19 - INFO - Cur epoch 32 loss TA:0.5012 TV:0.4916 VA:0.9536 CE:0.0736
2025-12-23 10:39:43,194 - utils.logger2025-12-23-10.37.19 - INFO - Cur epoch 32 loss TA:0.5273 TV:0.5337 VA:0.9571 CE:0.1223
2025-12-23 10:39:43,565 - utils.logger2025-12-23-10.37.19 - INFO - saving the model at the end of epoch 32, iters 1696
2025-12-23 10:39:43,701 - utils.logger2025-12-23-10.37.19 - INFO - End of training epoch 32 / 40 	 Time Taken: 3 sec
2025-12-23 10:39:43,701 - utils.logger2025-12-23-10.37.19 - INFO - learning rate = 0.0003636
2025-12-23 10:39:44,155 - utils.logger2025-12-23-10.37.19 - INFO - Val result of epoch 32 / 40 acc 0.7607 uar 0.6996 f1 0.7263
2025-12-23 10:39:44,155 - utils.logger2025-12-23-10.37.19 - INFO - 
[[13  1  9  4]
 [ 0 72 10  0]
 [ 1 10 65  5]
 [ 1  0 15 28]]
2025-12-23 10:39:45,021 - utils.logger2025-12-23-10.37.19 - INFO - Tst result of epoch 32 / 40 acc 0.6749 uar 0.6334 f1 0.6511
2025-12-23 10:39:45,021 - utils.logger2025-12-23-10.37.19 - INFO - 
[[18  0  7  0]
 [ 4 21 32  1]
 [ 4  3 81  0]
 [ 2  0 13 17]]
2025-12-23 10:39:45,549 - utils.logger2025-12-23-10.37.19 - INFO - Cur epoch 33 loss TA:0.5420 TV:0.5539 VA:0.9693 CE:0.0560
2025-12-23 10:39:46,086 - utils.logger2025-12-23-10.37.19 - INFO - Cur epoch 33 loss TA:0.5290 TV:0.5436 VA:0.9653 CE:0.0122
2025-12-23 10:39:46,664 - utils.logger2025-12-23-10.37.19 - INFO - Cur epoch 33 loss TA:0.5364 TV:0.5428 VA:0.9446 CE:0.0199
2025-12-23 10:39:47,235 - utils.logger2025-12-23-10.37.19 - INFO - Cur epoch 33 loss TA:0.5401 TV:0.5395 VA:0.9838 CE:0.0068
2025-12-23 10:39:47,671 - utils.logger2025-12-23-10.37.19 - INFO - Cur epoch 33 loss TA:0.5177 TV:0.5368 VA:0.9654 CE:0.0101
2025-12-23 10:39:48,092 - utils.logger2025-12-23-10.37.19 - INFO - saving the model at the end of epoch 33, iters 1749
2025-12-23 10:39:48,191 - utils.logger2025-12-23-10.37.19 - INFO - End of training epoch 33 / 40 	 Time Taken: 3 sec
2025-12-23 10:39:48,192 - utils.logger2025-12-23-10.37.19 - INFO - learning rate = 0.0003182
2025-12-23 10:39:49,238 - utils.logger2025-12-23-10.37.19 - INFO - Val result of epoch 33 / 40 acc 0.7479 uar 0.6962 f1 0.7022
2025-12-23 10:39:49,238 - utils.logger2025-12-23-10.37.19 - INFO - 
[[11  2  5  9]
 [ 0 72 10  0]
 [ 2  8 57 14]
 [ 1  0  8 35]]
2025-12-23 10:39:49,619 - utils.logger2025-12-23-10.37.19 - INFO - Tst result of epoch 33 / 40 acc 0.6355 uar 0.6316 f1 0.6130
2025-12-23 10:39:49,619 - utils.logger2025-12-23-10.37.19 - INFO - 
[[21  0  4  0]
 [ 7 24 26  1]
 [15  4 68  1]
 [ 8  0  8 16]]
2025-12-23 10:39:49,944 - utils.logger2025-12-23-10.37.19 - INFO - Cur epoch 34 loss TA:0.5763 TV:0.5843 VA:0.9857 CE:0.0616
2025-12-23 10:39:50,437 - utils.logger2025-12-23-10.37.19 - INFO - Cur epoch 34 loss TA:0.4949 TV:0.4977 VA:0.9719 CE:0.1632
2025-12-23 10:39:50,965 - utils.logger2025-12-23-10.37.19 - INFO - Cur epoch 34 loss TA:0.5713 TV:0.5825 VA:1.0281 CE:0.0299
2025-12-23 10:39:51,483 - utils.logger2025-12-23-10.37.19 - INFO - Cur epoch 34 loss TA:0.5163 TV:0.5322 VA:0.9625 CE:0.0232
2025-12-23 10:39:51,995 - utils.logger2025-12-23-10.37.19 - INFO - Cur epoch 34 loss TA:0.5520 TV:0.5666 VA:1.0254 CE:0.1310
2025-12-23 10:39:52,547 - utils.logger2025-12-23-10.37.19 - INFO - Cur epoch 34 loss TA:0.5107 TV:0.5295 VA:0.9277 CE:0.0058
2025-12-23 10:39:52,914 - utils.logger2025-12-23-10.37.19 - INFO - saving the model at the end of epoch 34, iters 1802
2025-12-23 10:39:53,034 - utils.logger2025-12-23-10.37.19 - INFO - End of training epoch 34 / 40 	 Time Taken: 3 sec
2025-12-23 10:39:53,034 - utils.logger2025-12-23-10.37.19 - INFO - learning rate = 0.0002727
2025-12-23 10:39:53,578 - utils.logger2025-12-23-10.37.19 - INFO - Val result of epoch 34 / 40 acc 0.7692 uar 0.7134 f1 0.7304
2025-12-23 10:39:53,579 - utils.logger2025-12-23-10.37.19 - INFO - 
[[13  1  6  7]
 [ 0 76  6  0]
 [ 1 11 60  9]
 [ 1  0 12 31]]
2025-12-23 10:39:54,069 - utils.logger2025-12-23-10.37.19 - INFO - Tst result of epoch 34 / 40 acc 0.6404 uar 0.6317 f1 0.6215
2025-12-23 10:39:54,070 - utils.logger2025-12-23-10.37.19 - INFO - 
[[20  0  5  0]
 [ 7 27 23  1]
 [15  6 67  0]
 [ 6  1  9 16]]
2025-12-23 10:39:54,782 - utils.logger2025-12-23-10.37.19 - INFO - Cur epoch 35 loss TA:0.4990 TV:0.5004 VA:0.9392 CE:0.0416
2025-12-23 10:39:55,238 - utils.logger2025-12-23-10.37.19 - INFO - Cur epoch 35 loss TA:0.4783 TV:0.4886 VA:0.9272 CE:0.0079
2025-12-23 10:39:55,704 - utils.logger2025-12-23-10.37.19 - INFO - Cur epoch 35 loss TA:0.5148 TV:0.5198 VA:0.9443 CE:0.0110
2025-12-23 10:39:56,195 - utils.logger2025-12-23-10.37.19 - INFO - Cur epoch 35 loss TA:0.5440 TV:0.5667 VA:0.9847 CE:0.0104
2025-12-23 10:39:56,715 - utils.logger2025-12-23-10.37.19 - INFO - Cur epoch 35 loss TA:0.5185 TV:0.5260 VA:0.9566 CE:0.0159
2025-12-23 10:39:57,062 - utils.logger2025-12-23-10.37.19 - INFO - saving the model at the end of epoch 35, iters 1855
2025-12-23 10:39:57,168 - utils.logger2025-12-23-10.37.19 - INFO - End of training epoch 35 / 40 	 Time Taken: 3 sec
2025-12-23 10:39:57,168 - utils.logger2025-12-23-10.37.19 - INFO - learning rate = 0.0002273
2025-12-23 10:39:57,932 - utils.logger2025-12-23-10.37.19 - INFO - Val result of epoch 35 / 40 acc 0.7393 uar 0.6876 f1 0.7077
2025-12-23 10:39:57,932 - utils.logger2025-12-23-10.37.19 - INFO - 
[[14  4  5  4]
 [ 0 76  6  0]
 [ 2 16 56  7]
 [ 1  2 14 27]]
2025-12-23 10:39:58,381 - utils.logger2025-12-23-10.37.19 - INFO - Tst result of epoch 35 / 40 acc 0.6749 uar 0.6573 f1 0.6599
2025-12-23 10:39:58,382 - utils.logger2025-12-23-10.37.19 - INFO - 
[[19  0  6  0]
 [ 5 29 23  1]
 [ 9  6 71  2]
 [ 3  0 11 18]]
2025-12-23 10:39:59,491 - utils.logger2025-12-23-10.37.19 - INFO - Cur epoch 36 loss TA:0.5051 TV:0.5161 VA:0.9523 CE:0.0154
2025-12-23 10:40:00,100 - utils.logger2025-12-23-10.37.19 - INFO - Cur epoch 36 loss TA:0.5255 TV:0.5488 VA:0.9306 CE:0.0182
2025-12-23 10:40:00,533 - utils.logger2025-12-23-10.37.19 - INFO - Cur epoch 36 loss TA:0.5054 TV:0.5192 VA:0.9532 CE:0.0303
2025-12-23 10:40:00,969 - utils.logger2025-12-23-10.37.19 - INFO - Cur epoch 36 loss TA:0.5103 TV:0.5219 VA:0.9246 CE:0.0079
2025-12-23 10:40:01,442 - utils.logger2025-12-23-10.37.19 - INFO - Cur epoch 36 loss TA:0.5074 TV:0.5224 VA:0.9391 CE:0.0026
2025-12-23 10:40:01,856 - utils.logger2025-12-23-10.37.19 - INFO - saving the model at the end of epoch 36, iters 1908
2025-12-23 10:40:01,951 - utils.logger2025-12-23-10.37.19 - INFO - End of training epoch 36 / 40 	 Time Taken: 3 sec
2025-12-23 10:40:01,952 - utils.logger2025-12-23-10.37.19 - INFO - learning rate = 0.0001818
2025-12-23 10:40:02,300 - utils.logger2025-12-23-10.37.19 - INFO - Val result of epoch 36 / 40 acc 0.7650 uar 0.7228 f1 0.7434
2025-12-23 10:40:02,301 - utils.logger2025-12-23-10.37.19 - INFO - 
[[15  1  7  4]
 [ 0 72 10  0]
 [ 2  9 61  9]
 [ 0  0 13 31]]
2025-12-23 10:40:02,687 - utils.logger2025-12-23-10.37.19 - INFO - Tst result of epoch 36 / 40 acc 0.6749 uar 0.6629 f1 0.6632
2025-12-23 10:40:02,688 - utils.logger2025-12-23-10.37.19 - INFO - 
[[19  0  6  0]
 [ 5 26 26  1]
 [11  5 72  0]
 [ 4  0  8 20]]
2025-12-23 10:40:03,063 - utils.logger2025-12-23-10.37.19 - INFO - Cur epoch 37 loss TA:0.5094 TV:0.5243 VA:0.9282 CE:0.0057
2025-12-23 10:40:03,524 - utils.logger2025-12-23-10.37.19 - INFO - Cur epoch 37 loss TA:0.5129 TV:0.5172 VA:0.9091 CE:0.0117
2025-12-23 10:40:04,045 - utils.logger2025-12-23-10.37.19 - INFO - Cur epoch 37 loss TA:0.5056 TV:0.5145 VA:0.9194 CE:0.0118
2025-12-23 10:40:04,547 - utils.logger2025-12-23-10.37.19 - INFO - Cur epoch 37 loss TA:0.4998 TV:0.5083 VA:0.9466 CE:0.0103
2025-12-23 10:40:04,968 - utils.logger2025-12-23-10.37.19 - INFO - Cur epoch 37 loss TA:0.5210 TV:0.5493 VA:0.9081 CE:0.0361
2025-12-23 10:40:05,422 - utils.logger2025-12-23-10.37.19 - INFO - Cur epoch 37 loss TA:0.5264 TV:0.5308 VA:0.9455 CE:0.0091
2025-12-23 10:40:05,526 - utils.logger2025-12-23-10.37.19 - INFO - saving the model at the end of epoch 37, iters 1961
2025-12-23 10:40:05,642 - utils.logger2025-12-23-10.37.19 - INFO - End of training epoch 37 / 40 	 Time Taken: 2 sec
2025-12-23 10:40:05,642 - utils.logger2025-12-23-10.37.19 - INFO - learning rate = 0.0001364
2025-12-23 10:40:06,339 - utils.logger2025-12-23-10.37.19 - INFO - Val result of epoch 37 / 40 acc 0.7692 uar 0.7223 f1 0.7420
2025-12-23 10:40:06,340 - utils.logger2025-12-23-10.37.19 - INFO - 
[[14  0  8  5]
 [ 0 72 10  0]
 [ 2  8 62  9]
 [ 0  0 12 32]]
2025-12-23 10:40:06,736 - utils.logger2025-12-23-10.37.19 - INFO - Tst result of epoch 37 / 40 acc 0.6749 uar 0.6222 f1 0.6438
2025-12-23 10:40:06,737 - utils.logger2025-12-23-10.37.19 - INFO - 
[[17  0  8  0]
 [ 5 25 27  1]
 [ 4  4 80  0]
 [ 2  0 15 15]]
2025-12-23 10:40:07,422 - utils.logger2025-12-23-10.37.19 - INFO - Cur epoch 38 loss TA:0.4770 TV:0.5037 VA:0.9293 CE:0.0025
2025-12-23 10:40:07,886 - utils.logger2025-12-23-10.37.19 - INFO - Cur epoch 38 loss TA:0.5431 TV:0.5574 VA:0.9479 CE:0.0997
2025-12-23 10:40:08,381 - utils.logger2025-12-23-10.37.19 - INFO - Cur epoch 38 loss TA:0.4897 TV:0.5106 VA:0.9186 CE:0.0401
2025-12-23 10:40:08,978 - utils.logger2025-12-23-10.37.19 - INFO - Cur epoch 38 loss TA:0.4896 TV:0.4989 VA:0.9240 CE:0.0172
2025-12-23 10:40:09,570 - utils.logger2025-12-23-10.37.19 - INFO - Cur epoch 38 loss TA:0.5206 TV:0.5263 VA:0.9274 CE:0.0233
2025-12-23 10:40:09,800 - utils.logger2025-12-23-10.37.19 - INFO - saving the model at the end of epoch 38, iters 2014
2025-12-23 10:40:09,898 - utils.logger2025-12-23-10.37.19 - INFO - End of training epoch 38 / 40 	 Time Taken: 3 sec
2025-12-23 10:40:09,898 - utils.logger2025-12-23-10.37.19 - INFO - learning rate = 0.0000909
2025-12-23 10:40:10,494 - utils.logger2025-12-23-10.37.19 - INFO - Val result of epoch 38 / 40 acc 0.7821 uar 0.7448 f1 0.7564
2025-12-23 10:40:10,494 - utils.logger2025-12-23-10.37.19 - INFO - 
[[17  0  5  5]
 [ 0 76  6  0]
 [ 2 10 60  9]
 [ 2  1 11 30]]
2025-12-23 10:40:11,085 - utils.logger2025-12-23-10.37.19 - INFO - Tst result of epoch 38 / 40 acc 0.6749 uar 0.6380 f1 0.6467
2025-12-23 10:40:11,086 - utils.logger2025-12-23-10.37.19 - INFO - 
[[19  0  6  0]
 [ 5 26 26  1]
 [ 6  5 77  0]
 [ 4  0 13 15]]
2025-12-23 10:40:11,609 - utils.logger2025-12-23-10.37.19 - INFO - Cur epoch 39 loss TA:0.5153 TV:0.5300 VA:0.9232 CE:0.0092
2025-12-23 10:40:12,119 - utils.logger2025-12-23-10.37.19 - INFO - Cur epoch 39 loss TA:0.4707 TV:0.4895 VA:0.9061 CE:0.0038
2025-12-23 10:40:12,673 - utils.logger2025-12-23-10.37.19 - INFO - Cur epoch 39 loss TA:0.4911 TV:0.5060 VA:0.9487 CE:0.0073
2025-12-23 10:40:13,170 - utils.logger2025-12-23-10.37.19 - INFO - Cur epoch 39 loss TA:0.5164 TV:0.5289 VA:0.9585 CE:0.0300
2025-12-23 10:40:13,650 - utils.logger2025-12-23-10.37.19 - INFO - Cur epoch 39 loss TA:0.4878 TV:0.5108 VA:0.9212 CE:0.0101
2025-12-23 10:40:14,066 - utils.logger2025-12-23-10.37.19 - INFO - saving the model at the end of epoch 39, iters 2067
2025-12-23 10:40:14,171 - utils.logger2025-12-23-10.37.19 - INFO - End of training epoch 39 / 40 	 Time Taken: 3 sec
2025-12-23 10:40:14,171 - utils.logger2025-12-23-10.37.19 - INFO - learning rate = 0.0000455
2025-12-23 10:40:15,272 - utils.logger2025-12-23-10.37.19 - INFO - Val result of epoch 39 / 40 acc 0.7607 uar 0.7161 f1 0.7344
2025-12-23 10:40:15,272 - utils.logger2025-12-23-10.37.19 - INFO - 
[[14  0  8  5]
 [ 0 73  9  0]
 [ 2 10 59 10]
 [ 0  0 12 32]]
2025-12-23 10:40:15,734 - utils.logger2025-12-23-10.37.19 - INFO - Tst result of epoch 39 / 40 acc 0.6749 uar 0.6234 f1 0.6523
2025-12-23 10:40:15,735 - utils.logger2025-12-23-10.37.19 - INFO - 
[[15  0 10  0]
 [ 4 22 31  1]
 [ 3  4 81  0]
 [ 1  0 12 19]]
2025-12-23 10:40:16,842 - utils.logger2025-12-23-10.37.19 - INFO - Cur epoch 40 loss TA:0.4698 TV:0.4835 VA:0.9151 CE:0.0162
2025-12-23 10:40:17,305 - utils.logger2025-12-23-10.37.19 - INFO - Cur epoch 40 loss TA:0.4787 TV:0.4977 VA:0.9014 CE:0.0079
2025-12-23 10:40:17,791 - utils.logger2025-12-23-10.37.19 - INFO - Cur epoch 40 loss TA:0.5239 TV:0.5308 VA:0.9197 CE:0.0418
2025-12-23 10:40:18,259 - utils.logger2025-12-23-10.37.19 - INFO - Cur epoch 40 loss TA:0.5007 TV:0.5087 VA:0.9369 CE:0.0327
2025-12-23 10:40:18,718 - utils.logger2025-12-23-10.37.19 - INFO - Cur epoch 40 loss TA:0.4789 TV:0.4922 VA:0.9308 CE:0.0039
2025-12-23 10:40:19,217 - utils.logger2025-12-23-10.37.19 - INFO - Cur epoch 40 loss TA:0.4429 TV:0.4526 VA:0.8095 CE:0.0034
2025-12-23 10:40:19,273 - utils.logger2025-12-23-10.37.19 - INFO - saving the model at the end of epoch 40, iters 2120
2025-12-23 10:40:19,382 - utils.logger2025-12-23-10.37.19 - INFO - End of training epoch 40 / 40 	 Time Taken: 3 sec
2025-12-23 10:40:19,382 - utils.logger2025-12-23-10.37.19 - INFO - learning rate = 0.0000000
2025-12-23 10:40:19,751 - utils.logger2025-12-23-10.37.19 - INFO - Val result of epoch 40 / 40 acc 0.7607 uar 0.7197 f1 0.7331
2025-12-23 10:40:19,752 - utils.logger2025-12-23-10.37.19 - INFO - 
[[15  0  7  5]
 [ 0 73  9  0]
 [ 2 10 59 10]
 [ 2  0 11 31]]
2025-12-23 10:40:20,278 - utils.logger2025-12-23-10.37.19 - INFO - Tst result of epoch 40 / 40 acc 0.6847 uar 0.6584 f1 0.6701
2025-12-23 10:40:20,279 - utils.logger2025-12-23-10.37.19 - INFO - 
[[18  0  7  0]
 [ 5 24 28  1]
 [ 5  5 77  1]
 [ 2  0 10 20]]
2025-12-23 10:40:20,279 - utils.logger2025-12-23-10.37.19 - INFO - Best eval epoch 30 found with f1 0.695610
