2025-12-27 11:31:40,646 - utils.logger2025-12-27-11.31.31 - INFO - The number of training samples = 4446
2025-12-27 11:31:40,647 - utils.logger2025-12-27-11.31.31 - INFO - The number of testing samples = 3168
2025-12-27 11:31:45,712 - utils.logger2025-12-27-11.31.31 - INFO - Cur epoch 1 loss CE:0.9200 mse:0.0337 consistent:0.0000
2025-12-27 11:31:47,634 - utils.logger2025-12-27-11.31.31 - INFO - saving the model at the end of epoch 1, iters 139
2025-12-27 11:31:47,728 - utils.logger2025-12-27-11.31.31 - INFO - End of training epoch 1 / 40 	 Time Taken: 6 sec
2025-12-27 11:31:47,729 - utils.logger2025-12-27-11.31.31 - INFO - learning rate = 0.0002000
2025-12-27 11:31:49,012 - utils.logger2025-12-27-11.31.31 - INFO - Val result of epoch 1 / 40 acc 0.5913 uar 0.6219 f1 0.5937
2025-12-27 11:31:50,192 - utils.logger2025-12-27-11.31.31 - INFO - Tst result of epoch 1 / 40 acc 0.5603 uar 0.5929 f1 0.5515
2025-12-27 11:31:52,971 - utils.logger2025-12-27-11.31.31 - INFO - Cur epoch 2 loss CE:0.6728 mse:0.0184 consistent:0.0000
2025-12-27 11:31:56,795 - utils.logger2025-12-27-11.31.31 - INFO - saving the model at the end of epoch 2, iters 278
2025-12-27 11:31:56,924 - utils.logger2025-12-27-11.31.31 - INFO - End of training epoch 2 / 40 	 Time Taken: 6 sec
2025-12-27 11:31:56,924 - utils.logger2025-12-27-11.31.31 - INFO - learning rate = 0.0002000
2025-12-27 11:31:58,250 - utils.logger2025-12-27-11.31.31 - INFO - Val result of epoch 2 / 40 acc 0.6185 uar 0.6512 f1 0.6269
2025-12-27 11:31:59,443 - utils.logger2025-12-27-11.31.31 - INFO - Tst result of epoch 2 / 40 acc 0.5938 uar 0.6290 f1 0.5927
2025-12-27 11:32:00,399 - utils.logger2025-12-27-11.31.31 - INFO - Cur epoch 3 loss CE:0.5218 mse:0.0140 consistent:0.0000
2025-12-27 11:32:05,037 - utils.logger2025-12-27-11.31.31 - INFO - Cur epoch 3 loss CE:0.7305 mse:0.0167 consistent:0.0000
2025-12-27 11:32:05,841 - utils.logger2025-12-27-11.31.31 - INFO - saving the model at the end of epoch 3, iters 417
2025-12-27 11:32:05,938 - utils.logger2025-12-27-11.31.31 - INFO - End of training epoch 3 / 40 	 Time Taken: 6 sec
2025-12-27 11:32:05,938 - utils.logger2025-12-27-11.31.31 - INFO - learning rate = 0.0002000
2025-12-27 11:32:07,200 - utils.logger2025-12-27-11.31.31 - INFO - Val result of epoch 3 / 40 acc 0.5850 uar 0.6540 f1 0.5871
2025-12-27 11:32:08,373 - utils.logger2025-12-27-11.31.31 - INFO - Tst result of epoch 3 / 40 acc 0.6048 uar 0.6474 f1 0.5831
2025-12-27 11:32:12,324 - utils.logger2025-12-27-11.31.31 - INFO - Cur epoch 4 loss CE:0.8355 mse:0.0178 consistent:0.0000
2025-12-27 11:32:15,107 - utils.logger2025-12-27-11.31.31 - INFO - saving the model at the end of epoch 4, iters 556
2025-12-27 11:32:15,208 - utils.logger2025-12-27-11.31.31 - INFO - End of training epoch 4 / 40 	 Time Taken: 6 sec
2025-12-27 11:32:15,209 - utils.logger2025-12-27-11.31.31 - INFO - learning rate = 0.0002000
2025-12-27 11:32:16,472 - utils.logger2025-12-27-11.31.31 - INFO - Val result of epoch 4 / 40 acc 0.5748 uar 0.6258 f1 0.5751
2025-12-27 11:32:17,651 - utils.logger2025-12-27-11.31.31 - INFO - Tst result of epoch 4 / 40 acc 0.5950 uar 0.6228 f1 0.5797
2025-12-27 11:32:19,650 - utils.logger2025-12-27-11.31.31 - INFO - Cur epoch 5 loss CE:0.4256 mse:0.0129 consistent:0.0000
2025-12-27 11:32:24,211 - utils.logger2025-12-27-11.31.31 - INFO - saving the model at the end of epoch 5, iters 695
2025-12-27 11:32:24,311 - utils.logger2025-12-27-11.31.31 - INFO - End of training epoch 5 / 40 	 Time Taken: 6 sec
2025-12-27 11:32:24,311 - utils.logger2025-12-27-11.31.31 - INFO - learning rate = 0.0002000
2025-12-27 11:32:25,617 - utils.logger2025-12-27-11.31.31 - INFO - Val result of epoch 5 / 40 acc 0.5859 uar 0.6325 f1 0.5908
2025-12-27 11:32:27,133 - utils.logger2025-12-27-11.31.31 - INFO - Tst result of epoch 5 / 40 acc 0.6149 uar 0.6434 f1 0.6071
2025-12-27 11:32:27,372 - utils.logger2025-12-27-11.31.31 - INFO - Cur epoch 6 loss CE:0.4768 mse:0.0131 consistent:0.0000
2025-12-27 11:32:32,162 - utils.logger2025-12-27-11.31.31 - INFO - Cur epoch 6 loss CE:0.9030 mse:0.0154 consistent:0.0000
2025-12-27 11:32:33,796 - utils.logger2025-12-27-11.31.31 - INFO - saving the model at the end of epoch 6, iters 834
2025-12-27 11:32:33,919 - utils.logger2025-12-27-11.31.31 - INFO - End of training epoch 6 / 40 	 Time Taken: 6 sec
2025-12-27 11:32:33,919 - utils.logger2025-12-27-11.31.31 - INFO - learning rate = 0.0002000
2025-12-27 11:32:35,545 - utils.logger2025-12-27-11.31.31 - INFO - Val result of epoch 6 / 40 acc 0.6098 uar 0.6405 f1 0.6147
2025-12-27 11:32:37,097 - utils.logger2025-12-27-11.31.31 - INFO - Tst result of epoch 6 / 40 acc 0.6026 uar 0.6381 f1 0.6002
2025-12-27 11:32:40,373 - utils.logger2025-12-27-11.31.31 - INFO - Cur epoch 7 loss CE:0.7094 mse:0.0129 consistent:0.0000
2025-12-27 11:32:43,966 - utils.logger2025-12-27-11.31.31 - INFO - saving the model at the end of epoch 7, iters 973
2025-12-27 11:32:44,067 - utils.logger2025-12-27-11.31.31 - INFO - End of training epoch 7 / 40 	 Time Taken: 6 sec
2025-12-27 11:32:44,067 - utils.logger2025-12-27-11.31.31 - INFO - learning rate = 0.0002000
2025-12-27 11:32:45,362 - utils.logger2025-12-27-11.31.31 - INFO - Val result of epoch 7 / 40 acc 0.6152 uar 0.6418 f1 0.6230
2025-12-27 11:32:46,576 - utils.logger2025-12-27-11.31.31 - INFO - Tst result of epoch 7 / 40 acc 0.5938 uar 0.6228 f1 0.5892
2025-12-27 11:32:47,795 - utils.logger2025-12-27-11.31.31 - INFO - Cur epoch 8 loss CE:0.5790 mse:0.0109 consistent:0.0000
2025-12-27 11:32:52,796 - utils.logger2025-12-27-11.31.31 - INFO - Cur epoch 8 loss CE:0.4998 mse:0.0061 consistent:0.0000
2025-12-27 11:32:53,402 - utils.logger2025-12-27-11.31.31 - INFO - saving the model at the end of epoch 8, iters 1112
2025-12-27 11:32:53,509 - utils.logger2025-12-27-11.31.31 - INFO - End of training epoch 8 / 40 	 Time Taken: 6 sec
2025-12-27 11:32:53,509 - utils.logger2025-12-27-11.31.31 - INFO - learning rate = 0.0002000
2025-12-27 11:32:54,835 - utils.logger2025-12-27-11.31.31 - INFO - Val result of epoch 8 / 40 acc 0.5958 uar 0.6350 f1 0.5993
2025-12-27 11:32:56,063 - utils.logger2025-12-27-11.31.31 - INFO - Tst result of epoch 8 / 40 acc 0.5896 uar 0.6231 f1 0.5862
2025-12-27 11:33:00,389 - utils.logger2025-12-27-11.31.31 - INFO - Cur epoch 9 loss CE:0.5259 mse:0.0120 consistent:0.0000
2025-12-27 11:33:02,943 - utils.logger2025-12-27-11.31.31 - INFO - saving the model at the end of epoch 9, iters 1251
2025-12-27 11:33:03,039 - utils.logger2025-12-27-11.31.31 - INFO - End of training epoch 9 / 40 	 Time Taken: 6 sec
2025-12-27 11:33:03,039 - utils.logger2025-12-27-11.31.31 - INFO - learning rate = 0.0002000
2025-12-27 11:33:04,343 - utils.logger2025-12-27-11.31.31 - INFO - Val result of epoch 9 / 40 acc 0.5874 uar 0.6479 f1 0.5879
2025-12-27 11:33:05,552 - utils.logger2025-12-27-11.31.31 - INFO - Tst result of epoch 9 / 40 acc 0.5928 uar 0.6236 f1 0.5759
2025-12-27 11:33:07,235 - utils.logger2025-12-27-11.31.31 - INFO - Cur epoch 10 loss CE:0.6533 mse:0.0133 consistent:0.0000
2025-12-27 11:33:10,971 - utils.logger2025-12-27-11.31.31 - INFO - saving the model at the end of epoch 10, iters 1390
2025-12-27 11:33:11,066 - utils.logger2025-12-27-11.31.31 - INFO - End of training epoch 10 / 40 	 Time Taken: 5 sec
2025-12-27 11:33:11,066 - utils.logger2025-12-27-11.31.31 - INFO - learning rate = 0.0002000
2025-12-27 11:33:12,328 - utils.logger2025-12-27-11.31.31 - INFO - Val result of epoch 10 / 40 acc 0.6218 uar 0.6645 f1 0.6266
2025-12-27 11:33:13,513 - utils.logger2025-12-27-11.31.31 - INFO - Tst result of epoch 10 / 40 acc 0.5878 uar 0.6297 f1 0.5812
2025-12-27 11:33:13,938 - utils.logger2025-12-27-11.31.31 - INFO - Cur epoch 11 loss CE:0.4247 mse:0.0103 consistent:0.0000
2025-12-27 11:33:18,684 - utils.logger2025-12-27-11.31.31 - INFO - Cur epoch 11 loss CE:0.4930 mse:0.0116 consistent:0.0000
2025-12-27 11:33:20,112 - utils.logger2025-12-27-11.31.31 - INFO - saving the model at the end of epoch 11, iters 1529
2025-12-27 11:33:20,210 - utils.logger2025-12-27-11.31.31 - INFO - End of training epoch 11 / 40 	 Time Taken: 6 sec
2025-12-27 11:33:20,211 - utils.logger2025-12-27-11.31.31 - INFO - learning rate = 0.0002000
2025-12-27 11:33:21,502 - utils.logger2025-12-27-11.31.31 - INFO - Val result of epoch 11 / 40 acc 0.6086 uar 0.6483 f1 0.6138
2025-12-27 11:33:22,694 - utils.logger2025-12-27-11.31.31 - INFO - Tst result of epoch 11 / 40 acc 0.5893 uar 0.6226 f1 0.5868
2025-12-27 11:33:25,933 - utils.logger2025-12-27-11.31.31 - INFO - Cur epoch 12 loss CE:0.3454 mse:0.0116 consistent:0.0000
2025-12-27 11:33:29,245 - utils.logger2025-12-27-11.31.31 - INFO - saving the model at the end of epoch 12, iters 1668
2025-12-27 11:33:29,351 - utils.logger2025-12-27-11.31.31 - INFO - End of training epoch 12 / 40 	 Time Taken: 6 sec
2025-12-27 11:33:29,351 - utils.logger2025-12-27-11.31.31 - INFO - learning rate = 0.0002000
2025-12-27 11:33:30,642 - utils.logger2025-12-27-11.31.31 - INFO - Val result of epoch 12 / 40 acc 0.6056 uar 0.6597 f1 0.6078
2025-12-27 11:33:31,821 - utils.logger2025-12-27-11.31.31 - INFO - Tst result of epoch 12 / 40 acc 0.6266 uar 0.6614 f1 0.6127
2025-12-27 11:33:33,237 - utils.logger2025-12-27-11.31.31 - INFO - Cur epoch 13 loss CE:0.3556 mse:0.0102 consistent:0.0000
2025-12-27 11:33:38,030 - utils.logger2025-12-27-11.31.31 - INFO - Cur epoch 13 loss CE:0.5272 mse:0.0141 consistent:0.0000
2025-12-27 11:33:38,367 - utils.logger2025-12-27-11.31.31 - INFO - saving the model at the end of epoch 13, iters 1807
2025-12-27 11:33:38,467 - utils.logger2025-12-27-11.31.31 - INFO - End of training epoch 13 / 40 	 Time Taken: 6 sec
2025-12-27 11:33:38,467 - utils.logger2025-12-27-11.31.31 - INFO - learning rate = 0.0002000
2025-12-27 11:33:39,714 - utils.logger2025-12-27-11.31.31 - INFO - Val result of epoch 13 / 40 acc 0.6119 uar 0.6470 f1 0.6182
2025-12-27 11:33:40,858 - utils.logger2025-12-27-11.31.31 - INFO - Tst result of epoch 13 / 40 acc 0.5991 uar 0.6370 f1 0.5935
2025-12-27 11:33:45,243 - utils.logger2025-12-27-11.31.31 - INFO - Cur epoch 14 loss CE:0.4971 mse:0.0142 consistent:0.0000
2025-12-27 11:33:47,266 - utils.logger2025-12-27-11.31.31 - INFO - saving the model at the end of epoch 14, iters 1946
2025-12-27 11:33:47,360 - utils.logger2025-12-27-11.31.31 - INFO - End of training epoch 14 / 40 	 Time Taken: 6 sec
2025-12-27 11:33:47,361 - utils.logger2025-12-27-11.31.31 - INFO - learning rate = 0.0002000
2025-12-27 11:33:48,630 - utils.logger2025-12-27-11.31.31 - INFO - Val result of epoch 14 / 40 acc 0.5814 uar 0.6378 f1 0.5837
2025-12-27 11:33:49,834 - utils.logger2025-12-27-11.31.31 - INFO - Tst result of epoch 14 / 40 acc 0.6095 uar 0.6432 f1 0.5973
2025-12-27 11:33:52,412 - utils.logger2025-12-27-11.31.31 - INFO - Cur epoch 15 loss CE:0.3669 mse:0.0108 consistent:0.0000
2025-12-27 11:33:56,576 - utils.logger2025-12-27-11.31.31 - INFO - saving the model at the end of epoch 15, iters 2085
2025-12-27 11:33:56,674 - utils.logger2025-12-27-11.31.31 - INFO - End of training epoch 15 / 40 	 Time Taken: 6 sec
2025-12-27 11:33:56,674 - utils.logger2025-12-27-11.31.31 - INFO - learning rate = 0.0002000
2025-12-27 11:33:57,959 - utils.logger2025-12-27-11.31.31 - INFO - Val result of epoch 15 / 40 acc 0.5838 uar 0.6408 f1 0.5883
2025-12-27 11:33:59,147 - utils.logger2025-12-27-11.31.31 - INFO - Tst result of epoch 15 / 40 acc 0.5966 uar 0.6375 f1 0.5852
2025-12-27 11:33:59,775 - utils.logger2025-12-27-11.31.31 - INFO - Cur epoch 16 loss CE:0.4130 mse:0.0125 consistent:0.0000
2025-12-27 11:34:04,586 - utils.logger2025-12-27-11.31.31 - INFO - Cur epoch 16 loss CE:0.6460 mse:0.0106 consistent:0.0000
2025-12-27 11:34:05,754 - utils.logger2025-12-27-11.31.31 - INFO - saving the model at the end of epoch 16, iters 2224
2025-12-27 11:34:05,852 - utils.logger2025-12-27-11.31.31 - INFO - End of training epoch 16 / 40 	 Time Taken: 6 sec
2025-12-27 11:34:05,852 - utils.logger2025-12-27-11.31.31 - INFO - learning rate = 0.0002000
2025-12-27 11:34:07,122 - utils.logger2025-12-27-11.31.31 - INFO - Val result of epoch 16 / 40 acc 0.6107 uar 0.6539 f1 0.6135
2025-12-27 11:34:08,298 - utils.logger2025-12-27-11.31.31 - INFO - Tst result of epoch 16 / 40 acc 0.6083 uar 0.6359 f1 0.5996
2025-12-27 11:34:11,664 - utils.logger2025-12-27-11.31.31 - INFO - Cur epoch 17 loss CE:0.5156 mse:0.0075 consistent:0.0000
2025-12-27 11:34:14,712 - utils.logger2025-12-27-11.31.31 - INFO - saving the model at the end of epoch 17, iters 2363
2025-12-27 11:34:14,818 - utils.logger2025-12-27-11.31.31 - INFO - End of training epoch 17 / 40 	 Time Taken: 6 sec
2025-12-27 11:34:14,818 - utils.logger2025-12-27-11.31.31 - INFO - learning rate = 0.0002000
2025-12-27 11:34:16,089 - utils.logger2025-12-27-11.31.31 - INFO - Val result of epoch 17 / 40 acc 0.5996 uar 0.6529 f1 0.6035
2025-12-27 11:34:17,288 - utils.logger2025-12-27-11.31.31 - INFO - Tst result of epoch 17 / 40 acc 0.5903 uar 0.6317 f1 0.5800
2025-12-27 11:34:18,975 - utils.logger2025-12-27-11.31.31 - INFO - Cur epoch 18 loss CE:0.3470 mse:0.0106 consistent:0.0000
2025-12-27 11:34:23,806 - utils.logger2025-12-27-11.31.31 - INFO - Cur epoch 18 loss CE:0.4043 mse:0.0107 consistent:0.0000
2025-12-27 11:34:23,911 - utils.logger2025-12-27-11.31.31 - INFO - saving the model at the end of epoch 18, iters 2502
2025-12-27 11:34:24,012 - utils.logger2025-12-27-11.31.31 - INFO - End of training epoch 18 / 40 	 Time Taken: 6 sec
2025-12-27 11:34:24,013 - utils.logger2025-12-27-11.31.31 - INFO - learning rate = 0.0002000
2025-12-27 11:34:25,295 - utils.logger2025-12-27-11.31.31 - INFO - Val result of epoch 18 / 40 acc 0.6125 uar 0.6565 f1 0.6161
2025-12-27 11:34:26,509 - utils.logger2025-12-27-11.31.31 - INFO - Tst result of epoch 18 / 40 acc 0.6114 uar 0.6434 f1 0.5997
2025-12-27 11:34:31,097 - utils.logger2025-12-27-11.31.31 - INFO - Cur epoch 19 loss CE:0.1393 mse:0.0110 consistent:0.0000
2025-12-27 11:34:33,024 - utils.logger2025-12-27-11.31.31 - INFO - saving the model at the end of epoch 19, iters 2641
2025-12-27 11:34:33,144 - utils.logger2025-12-27-11.31.31 - INFO - End of training epoch 19 / 40 	 Time Taken: 6 sec
2025-12-27 11:34:33,144 - utils.logger2025-12-27-11.31.31 - INFO - learning rate = 0.0002000
2025-12-27 11:34:34,775 - utils.logger2025-12-27-11.31.31 - INFO - Val result of epoch 19 / 40 acc 0.6122 uar 0.6483 f1 0.6156
2025-12-27 11:34:35,993 - utils.logger2025-12-27-11.31.31 - INFO - Tst result of epoch 19 / 40 acc 0.6222 uar 0.6461 f1 0.6172
2025-12-27 11:34:38,828 - utils.logger2025-12-27-11.31.31 - INFO - Cur epoch 20 loss CE:0.3697 mse:0.0092 consistent:0.0000
2025-12-27 11:34:42,815 - utils.logger2025-12-27-11.31.31 - INFO - saving the model at the end of epoch 20, iters 2780
2025-12-27 11:34:42,914 - utils.logger2025-12-27-11.31.31 - INFO - End of training epoch 20 / 40 	 Time Taken: 6 sec
2025-12-27 11:34:42,914 - utils.logger2025-12-27-11.31.31 - INFO - learning rate = 0.0001905
2025-12-27 11:34:44,216 - utils.logger2025-12-27-11.31.31 - INFO - Val result of epoch 20 / 40 acc 0.6068 uar 0.6506 f1 0.6106
2025-12-27 11:34:45,428 - utils.logger2025-12-27-11.31.31 - INFO - Tst result of epoch 20 / 40 acc 0.5979 uar 0.6334 f1 0.5859
2025-12-27 11:34:46,287 - utils.logger2025-12-27-11.31.31 - INFO - Cur epoch 21 loss CE:0.6271 mse:0.0118 consistent:0.0000
2025-12-27 11:34:51,193 - utils.logger2025-12-27-11.31.31 - INFO - Cur epoch 21 loss CE:0.3068 mse:0.0097 consistent:0.0000
2025-12-27 11:34:52,073 - utils.logger2025-12-27-11.31.31 - INFO - saving the model at the end of epoch 21, iters 2919
2025-12-27 11:34:52,168 - utils.logger2025-12-27-11.31.31 - INFO - End of training epoch 21 / 40 	 Time Taken: 6 sec
2025-12-27 11:34:52,168 - utils.logger2025-12-27-11.31.31 - INFO - learning rate = 0.0001810
2025-12-27 11:34:53,441 - utils.logger2025-12-27-11.31.31 - INFO - Val result of epoch 21 / 40 acc 0.6314 uar 0.6673 f1 0.6367
2025-12-27 11:34:54,625 - utils.logger2025-12-27-11.31.31 - INFO - Tst result of epoch 21 / 40 acc 0.6130 uar 0.6396 f1 0.6064
2025-12-27 11:34:58,413 - utils.logger2025-12-27-11.31.31 - INFO - Cur epoch 22 loss CE:0.1753 mse:0.0072 consistent:0.0000
2025-12-27 11:35:01,161 - utils.logger2025-12-27-11.31.31 - INFO - saving the model at the end of epoch 22, iters 3058
2025-12-27 11:35:01,258 - utils.logger2025-12-27-11.31.31 - INFO - End of training epoch 22 / 40 	 Time Taken: 6 sec
2025-12-27 11:35:01,258 - utils.logger2025-12-27-11.31.31 - INFO - learning rate = 0.0001714
2025-12-27 11:35:02,559 - utils.logger2025-12-27-11.31.31 - INFO - Val result of epoch 22 / 40 acc 0.6131 uar 0.6355 f1 0.6191
2025-12-27 11:35:03,762 - utils.logger2025-12-27-11.31.31 - INFO - Tst result of epoch 22 / 40 acc 0.5960 uar 0.6171 f1 0.5904
2025-12-27 11:35:05,674 - utils.logger2025-12-27-11.31.31 - INFO - Cur epoch 23 loss CE:0.4790 mse:0.0090 consistent:0.0000
2025-12-27 11:35:10,414 - utils.logger2025-12-27-11.31.31 - INFO - saving the model at the end of epoch 23, iters 3197
2025-12-27 11:35:10,511 - utils.logger2025-12-27-11.31.31 - INFO - End of training epoch 23 / 40 	 Time Taken: 6 sec
2025-12-27 11:35:10,511 - utils.logger2025-12-27-11.31.31 - INFO - learning rate = 0.0001619
2025-12-27 11:35:11,800 - utils.logger2025-12-27-11.31.31 - INFO - Val result of epoch 23 / 40 acc 0.6242 uar 0.6643 f1 0.6292
2025-12-27 11:35:12,996 - utils.logger2025-12-27-11.31.31 - INFO - Tst result of epoch 23 / 40 acc 0.6102 uar 0.6406 f1 0.6015
2025-12-27 11:35:13,125 - utils.logger2025-12-27-11.31.31 - INFO - Cur epoch 24 loss CE:0.5007 mse:0.0077 consistent:0.0000
2025-12-27 11:35:17,736 - utils.logger2025-12-27-11.31.31 - INFO - Cur epoch 24 loss CE:0.2308 mse:0.0088 consistent:0.0000
2025-12-27 11:35:19,506 - utils.logger2025-12-27-11.31.31 - INFO - saving the model at the end of epoch 24, iters 3336
2025-12-27 11:35:19,605 - utils.logger2025-12-27-11.31.31 - INFO - End of training epoch 24 / 40 	 Time Taken: 6 sec
2025-12-27 11:35:19,605 - utils.logger2025-12-27-11.31.31 - INFO - learning rate = 0.0001524
2025-12-27 11:35:20,892 - utils.logger2025-12-27-11.31.31 - INFO - Val result of epoch 24 / 40 acc 0.6095 uar 0.6464 f1 0.6174
2025-12-27 11:35:22,073 - utils.logger2025-12-27-11.31.31 - INFO - Tst result of epoch 24 / 40 acc 0.5859 uar 0.6212 f1 0.5776
2025-12-27 11:35:24,309 - utils.logger2025-12-27-11.31.31 - INFO - Cur epoch 25 loss CE:0.3894 mse:0.0099 consistent:0.0000
2025-12-27 11:35:27,039 - utils.logger2025-12-27-11.31.31 - INFO - saving the model at the end of epoch 25, iters 3475
2025-12-27 11:35:27,130 - utils.logger2025-12-27-11.31.31 - INFO - End of training epoch 25 / 40 	 Time Taken: 5 sec
2025-12-27 11:35:27,130 - utils.logger2025-12-27-11.31.31 - INFO - learning rate = 0.0001429
2025-12-27 11:35:28,409 - utils.logger2025-12-27-11.31.31 - INFO - Val result of epoch 25 / 40 acc 0.6326 uar 0.6619 f1 0.6370
2025-12-27 11:35:29,608 - utils.logger2025-12-27-11.31.31 - INFO - Tst result of epoch 25 / 40 acc 0.6048 uar 0.6359 f1 0.5976
2025-12-27 11:35:30,690 - utils.logger2025-12-27-11.31.31 - INFO - Cur epoch 26 loss CE:0.1923 mse:0.0073 consistent:0.0000
2025-12-27 11:35:35,572 - utils.logger2025-12-27-11.31.31 - INFO - Cur epoch 26 loss CE:0.4733 mse:0.0113 consistent:0.0000
2025-12-27 11:35:36,283 - utils.logger2025-12-27-11.31.31 - INFO - saving the model at the end of epoch 26, iters 3614
2025-12-27 11:35:36,401 - utils.logger2025-12-27-11.31.31 - INFO - End of training epoch 26 / 40 	 Time Taken: 6 sec
2025-12-27 11:35:36,401 - utils.logger2025-12-27-11.31.31 - INFO - learning rate = 0.0001333
2025-12-27 11:35:38,091 - utils.logger2025-12-27-11.31.31 - INFO - Val result of epoch 26 / 40 acc 0.6469 uar 0.6786 f1 0.6525
2025-12-27 11:35:39,624 - utils.logger2025-12-27-11.31.31 - INFO - Tst result of epoch 26 / 40 acc 0.5953 uar 0.6291 f1 0.5889
2025-12-27 11:35:43,708 - utils.logger2025-12-27-11.31.31 - INFO - Cur epoch 27 loss CE:0.2277 mse:0.0095 consistent:0.0000
2025-12-27 11:35:46,297 - utils.logger2025-12-27-11.31.31 - INFO - saving the model at the end of epoch 27, iters 3753
2025-12-27 11:35:46,394 - utils.logger2025-12-27-11.31.31 - INFO - End of training epoch 27 / 40 	 Time Taken: 6 sec
2025-12-27 11:35:46,394 - utils.logger2025-12-27-11.31.31 - INFO - learning rate = 0.0001238
2025-12-27 11:35:47,654 - utils.logger2025-12-27-11.31.31 - INFO - Val result of epoch 27 / 40 acc 0.5993 uar 0.6491 f1 0.6050
2025-12-27 11:35:48,841 - utils.logger2025-12-27-11.31.31 - INFO - Tst result of epoch 27 / 40 acc 0.5950 uar 0.6316 f1 0.5856
2025-12-27 11:35:51,020 - utils.logger2025-12-27-11.31.31 - INFO - Cur epoch 28 loss CE:0.2001 mse:0.0100 consistent:0.0000
2025-12-27 11:35:55,590 - utils.logger2025-12-27-11.31.31 - INFO - saving the model at the end of epoch 28, iters 3892
2025-12-27 11:35:55,685 - utils.logger2025-12-27-11.31.31 - INFO - End of training epoch 28 / 40 	 Time Taken: 6 sec
2025-12-27 11:35:55,685 - utils.logger2025-12-27-11.31.31 - INFO - learning rate = 0.0001143
2025-12-27 11:35:56,994 - utils.logger2025-12-27-11.31.31 - INFO - Val result of epoch 28 / 40 acc 0.6320 uar 0.6666 f1 0.6359
2025-12-27 11:35:58,200 - utils.logger2025-12-27-11.31.31 - INFO - Tst result of epoch 28 / 40 acc 0.6001 uar 0.6311 f1 0.5930
2025-12-27 11:35:58,534 - utils.logger2025-12-27-11.31.31 - INFO - Cur epoch 29 loss CE:0.4764 mse:0.0100 consistent:0.0000
2025-12-27 11:36:03,400 - utils.logger2025-12-27-11.31.31 - INFO - Cur epoch 29 loss CE:0.2448 mse:0.0111 consistent:0.0000
2025-12-27 11:36:04,950 - utils.logger2025-12-27-11.31.31 - INFO - saving the model at the end of epoch 29, iters 4031
2025-12-27 11:36:05,067 - utils.logger2025-12-27-11.31.31 - INFO - End of training epoch 29 / 40 	 Time Taken: 6 sec
2025-12-27 11:36:05,067 - utils.logger2025-12-27-11.31.31 - INFO - learning rate = 0.0001048
2025-12-27 11:36:06,734 - utils.logger2025-12-27-11.31.31 - INFO - Val result of epoch 29 / 40 acc 0.6074 uar 0.6553 f1 0.6137
2025-12-27 11:36:08,295 - utils.logger2025-12-27-11.31.31 - INFO - Tst result of epoch 29 / 40 acc 0.5919 uar 0.6285 f1 0.5806
2025-12-27 11:36:11,560 - utils.logger2025-12-27-11.31.31 - INFO - Cur epoch 30 loss CE:0.1829 mse:0.0084 consistent:0.0000
2025-12-27 11:36:14,858 - utils.logger2025-12-27-11.31.31 - INFO - saving the model at the end of epoch 30, iters 4170
2025-12-27 11:36:14,954 - utils.logger2025-12-27-11.31.31 - INFO - End of training epoch 30 / 40 	 Time Taken: 6 sec
2025-12-27 11:36:14,954 - utils.logger2025-12-27-11.31.31 - INFO - learning rate = 0.0000952
2025-12-27 11:36:16,251 - utils.logger2025-12-27-11.31.31 - INFO - Val result of epoch 30 / 40 acc 0.6323 uar 0.6661 f1 0.6399
2025-12-27 11:36:17,466 - utils.logger2025-12-27-11.31.31 - INFO - Tst result of epoch 30 / 40 acc 0.5975 uar 0.6311 f1 0.5906
2025-12-27 11:36:18,879 - utils.logger2025-12-27-11.31.31 - INFO - Cur epoch 31 loss CE:0.0851 mse:0.0086 consistent:0.0000
2025-12-27 11:36:23,833 - utils.logger2025-12-27-11.31.31 - INFO - Cur epoch 31 loss CE:0.5403 mse:0.0085 consistent:0.0000
2025-12-27 11:36:24,272 - utils.logger2025-12-27-11.31.31 - INFO - saving the model at the end of epoch 31, iters 4309
2025-12-27 11:36:24,368 - utils.logger2025-12-27-11.31.31 - INFO - End of training epoch 31 / 40 	 Time Taken: 6 sec
2025-12-27 11:36:24,369 - utils.logger2025-12-27-11.31.31 - INFO - learning rate = 0.0000857
2025-12-27 11:36:25,641 - utils.logger2025-12-27-11.31.31 - INFO - Val result of epoch 31 / 40 acc 0.6056 uar 0.6551 f1 0.6123
2025-12-27 11:36:26,833 - utils.logger2025-12-27-11.31.31 - INFO - Tst result of epoch 31 / 40 acc 0.5956 uar 0.6338 f1 0.5836
2025-12-27 11:36:31,188 - utils.logger2025-12-27-11.31.31 - INFO - Cur epoch 32 loss CE:0.2295 mse:0.0099 consistent:0.0000
2025-12-27 11:36:33,400 - utils.logger2025-12-27-11.31.31 - INFO - saving the model at the end of epoch 32, iters 4448
2025-12-27 11:36:33,517 - utils.logger2025-12-27-11.31.31 - INFO - End of training epoch 32 / 40 	 Time Taken: 6 sec
2025-12-27 11:36:33,517 - utils.logger2025-12-27-11.31.31 - INFO - learning rate = 0.0000762
2025-12-27 11:36:34,986 - utils.logger2025-12-27-11.31.31 - INFO - Val result of epoch 32 / 40 acc 0.6314 uar 0.6653 f1 0.6383
2025-12-27 11:36:36,169 - utils.logger2025-12-27-11.31.31 - INFO - Tst result of epoch 32 / 40 acc 0.6064 uar 0.6380 f1 0.5984
2025-12-27 11:36:38,128 - utils.logger2025-12-27-11.31.31 - INFO - Cur epoch 33 loss CE:0.2461 mse:0.0082 consistent:0.0000
2025-12-27 11:36:41,226 - utils.logger2025-12-27-11.31.31 - INFO - saving the model at the end of epoch 33, iters 4587
2025-12-27 11:36:41,319 - utils.logger2025-12-27-11.31.31 - INFO - End of training epoch 33 / 40 	 Time Taken: 5 sec
2025-12-27 11:36:41,319 - utils.logger2025-12-27-11.31.31 - INFO - learning rate = 0.0000667
2025-12-27 11:36:42,599 - utils.logger2025-12-27-11.31.31 - INFO - Val result of epoch 33 / 40 acc 0.6170 uar 0.6620 f1 0.6225
2025-12-27 11:36:43,811 - utils.logger2025-12-27-11.31.31 - INFO - Tst result of epoch 33 / 40 acc 0.5975 uar 0.6351 f1 0.5881
2025-12-27 11:36:44,235 - utils.logger2025-12-27-11.31.31 - INFO - Cur epoch 34 loss CE:0.4562 mse:0.0090 consistent:0.0000
2025-12-27 11:36:47,803 - utils.logger2025-12-27-11.31.31 - INFO - Cur epoch 34 loss CE:0.1620 mse:0.0072 consistent:0.0000
2025-12-27 11:36:48,754 - utils.logger2025-12-27-11.31.31 - INFO - saving the model at the end of epoch 34, iters 4726
2025-12-27 11:36:48,847 - utils.logger2025-12-27-11.31.31 - INFO - End of training epoch 34 / 40 	 Time Taken: 5 sec
2025-12-27 11:36:48,847 - utils.logger2025-12-27-11.31.31 - INFO - learning rate = 0.0000571
2025-12-27 11:36:50,147 - utils.logger2025-12-27-11.31.31 - INFO - Val result of epoch 34 / 40 acc 0.6332 uar 0.6703 f1 0.6397
2025-12-27 11:36:51,357 - utils.logger2025-12-27-11.31.31 - INFO - Tst result of epoch 34 / 40 acc 0.5881 uar 0.6243 f1 0.5802
2025-12-27 11:36:54,635 - utils.logger2025-12-27-11.31.31 - INFO - Cur epoch 35 loss CE:0.3607 mse:0.0102 consistent:0.0000
2025-12-27 11:36:57,861 - utils.logger2025-12-27-11.31.31 - INFO - saving the model at the end of epoch 35, iters 4865
2025-12-27 11:36:57,983 - utils.logger2025-12-27-11.31.31 - INFO - End of training epoch 35 / 40 	 Time Taken: 6 sec
2025-12-27 11:36:57,983 - utils.logger2025-12-27-11.31.31 - INFO - learning rate = 0.0000476
2025-12-27 11:36:59,658 - utils.logger2025-12-27-11.31.31 - INFO - Val result of epoch 35 / 40 acc 0.6251 uar 0.6652 f1 0.6313
2025-12-27 11:37:01,254 - utils.logger2025-12-27-11.31.31 - INFO - Tst result of epoch 35 / 40 acc 0.6026 uar 0.6371 f1 0.5950
2025-12-27 11:37:02,954 - utils.logger2025-12-27-11.31.31 - INFO - Cur epoch 36 loss CE:0.0858 mse:0.0063 consistent:0.0000
2025-12-27 11:37:07,767 - utils.logger2025-12-27-11.31.31 - INFO - Cur epoch 36 loss CE:0.3088 mse:0.0087 consistent:0.0000
2025-12-27 11:37:07,964 - utils.logger2025-12-27-11.31.31 - INFO - saving the model at the end of epoch 36, iters 5004
2025-12-27 11:37:08,060 - utils.logger2025-12-27-11.31.31 - INFO - End of training epoch 36 / 40 	 Time Taken: 6 sec
2025-12-27 11:37:08,060 - utils.logger2025-12-27-11.31.31 - INFO - learning rate = 0.0000381
2025-12-27 11:37:09,328 - utils.logger2025-12-27-11.31.31 - INFO - Val result of epoch 36 / 40 acc 0.6299 uar 0.6718 f1 0.6343
2025-12-27 11:37:10,535 - utils.logger2025-12-27-11.31.31 - INFO - Tst result of epoch 36 / 40 acc 0.6083 uar 0.6369 f1 0.5986
2025-12-27 11:37:15,245 - utils.logger2025-12-27-11.31.31 - INFO - Cur epoch 37 loss CE:0.1199 mse:0.0047 consistent:0.0000
2025-12-27 11:37:17,387 - utils.logger2025-12-27-11.31.31 - INFO - saving the model at the end of epoch 37, iters 5143
2025-12-27 11:37:17,506 - utils.logger2025-12-27-11.31.31 - INFO - End of training epoch 37 / 40 	 Time Taken: 6 sec
2025-12-27 11:37:17,506 - utils.logger2025-12-27-11.31.31 - INFO - learning rate = 0.0000286
2025-12-27 11:37:18,930 - utils.logger2025-12-27-11.31.31 - INFO - Val result of epoch 37 / 40 acc 0.6323 uar 0.6640 f1 0.6390
2025-12-27 11:37:20,149 - utils.logger2025-12-27-11.31.31 - INFO - Tst result of epoch 37 / 40 acc 0.6001 uar 0.6317 f1 0.5936
2025-12-27 11:37:22,790 - utils.logger2025-12-27-11.31.31 - INFO - Cur epoch 38 loss CE:0.2530 mse:0.0081 consistent:0.0000
2025-12-27 11:37:26,784 - utils.logger2025-12-27-11.31.31 - INFO - saving the model at the end of epoch 38, iters 5282
2025-12-27 11:37:26,902 - utils.logger2025-12-27-11.31.31 - INFO - End of training epoch 38 / 40 	 Time Taken: 6 sec
2025-12-27 11:37:26,902 - utils.logger2025-12-27-11.31.31 - INFO - learning rate = 0.0000190
2025-12-27 11:37:28,575 - utils.logger2025-12-27-11.31.31 - INFO - Val result of epoch 38 / 40 acc 0.6305 uar 0.6706 f1 0.6362
2025-12-27 11:37:30,188 - utils.logger2025-12-27-11.31.31 - INFO - Tst result of epoch 38 / 40 acc 0.6004 uar 0.6329 f1 0.5930
2025-12-27 11:37:31,058 - utils.logger2025-12-27-11.31.31 - INFO - Cur epoch 39 loss CE:0.4380 mse:0.0102 consistent:0.0000
2025-12-27 11:37:35,980 - utils.logger2025-12-27-11.31.31 - INFO - Cur epoch 39 loss CE:0.1416 mse:0.0050 consistent:0.0000
2025-12-27 11:37:36,990 - utils.logger2025-12-27-11.31.31 - INFO - saving the model at the end of epoch 39, iters 5421
2025-12-27 11:37:37,083 - utils.logger2025-12-27-11.31.31 - INFO - End of training epoch 39 / 40 	 Time Taken: 6 sec
2025-12-27 11:37:37,083 - utils.logger2025-12-27-11.31.31 - INFO - learning rate = 0.0000095
2025-12-27 11:37:38,373 - utils.logger2025-12-27-11.31.31 - INFO - Val result of epoch 39 / 40 acc 0.6224 uar 0.6660 f1 0.6281
2025-12-27 11:37:39,579 - utils.logger2025-12-27-11.31.31 - INFO - Tst result of epoch 39 / 40 acc 0.5890 uar 0.6260 f1 0.5800
2025-12-27 11:37:43,380 - utils.logger2025-12-27-11.31.31 - INFO - Cur epoch 40 loss CE:0.2497 mse:0.0061 consistent:0.0000
2025-12-27 11:37:46,244 - utils.logger2025-12-27-11.31.31 - INFO - saving the model at the end of epoch 40, iters 5560
2025-12-27 11:37:46,341 - utils.logger2025-12-27-11.31.31 - INFO - End of training epoch 40 / 40 	 Time Taken: 6 sec
2025-12-27 11:37:46,341 - utils.logger2025-12-27-11.31.31 - INFO - learning rate = 0.0000000
2025-12-27 11:37:47,638 - utils.logger2025-12-27-11.31.31 - INFO - Val result of epoch 40 / 40 acc 0.6308 uar 0.6724 f1 0.6368
2025-12-27 11:37:48,808 - utils.logger2025-12-27-11.31.31 - INFO - Tst result of epoch 40 / 40 acc 0.6004 uar 0.6346 f1 0.5909
2025-12-27 11:37:48,808 - utils.logger2025-12-27-11.31.31 - INFO - Best eval epoch 12 found with uar 0.661403
2025-12-27 11:37:48,808 - utils.logger2025-12-27-11.31.31 - INFO - Loading best model found on val set: epoch-12
2025-12-27 11:37:52,015 - utils.logger2025-12-27-11.31.31 - INFO - Tst result acc 0.6266 uar 0.6614 f1 0.6127
