2025-12-23 10:35:38,681 - utils.logger2025-12-23-10.35.38 - INFO - The number of training samples = 4380
2025-12-23 10:35:40,745 - utils.logger2025-12-23-10.35.38 - INFO - Cur epoch 1 loss TA:1.0355 TV:1.0322 VA:2.0665 CE:1.7874
2025-12-23 10:35:41,251 - utils.logger2025-12-23-10.35.38 - INFO - Cur epoch 1 loss TA:1.0313 TV:1.0220 VA:2.0538 CE:1.5521
2025-12-23 10:35:41,751 - utils.logger2025-12-23-10.35.38 - INFO - Cur epoch 1 loss TA:1.0201 TV:1.0143 VA:2.0337 CE:1.5139
2025-12-23 10:35:42,254 - utils.logger2025-12-23-10.35.38 - INFO - Cur epoch 1 loss TA:1.0179 TV:0.9891 VA:2.0147 CE:1.3494
2025-12-23 10:35:42,896 - utils.logger2025-12-23-10.35.38 - INFO - Cur epoch 1 loss TA:0.9989 TV:0.9789 VA:1.9619 CE:1.3144
2025-12-23 10:35:43,317 - utils.logger2025-12-23-10.35.38 - INFO - Cur epoch 1 loss TA:0.9766 TV:0.9475 VA:1.9475 CE:1.3249
2025-12-23 10:35:43,750 - utils.logger2025-12-23-10.35.38 - INFO - saving the model at the end of epoch 1, iters 69
2025-12-23 10:35:43,851 - utils.logger2025-12-23-10.35.38 - INFO - End of training epoch 1 / 40 	 Time Taken: 4 sec
2025-12-23 10:35:43,851 - utils.logger2025-12-23-10.35.38 - INFO - learning rate = 0.0002000
2025-12-23 10:35:44,473 - utils.logger2025-12-23-10.35.38 - INFO - Val result of epoch 1 / 40 acc 0.3123 uar 0.3362 f1 0.2530
2025-12-23 10:35:44,473 - utils.logger2025-12-23-10.35.38 - INFO - 
[[ 24  64   4   0]
 [  0 123   5   0]
 [  0 114  16   0]
 [  2 140  30   0]]
2025-12-23 10:35:45,104 - utils.logger2025-12-23-10.35.38 - INFO - Tst result of epoch 1 / 40 acc 0.3434 uar 0.3362 f1 0.2629
2025-12-23 10:35:45,104 - utils.logger2025-12-23-10.35.38 - INFO - 
[[ 30 114   4   0]
 [  1 151   6   0]
 [  0 156  34   0]
 [  1 106  25   1]]
2025-12-23 10:35:45,480 - utils.logger2025-12-23-10.35.38 - INFO - Cur epoch 2 loss TA:0.9587 TV:0.9398 VA:1.8941 CE:1.2273
2025-12-23 10:35:45,969 - utils.logger2025-12-23-10.35.38 - INFO - Cur epoch 2 loss TA:0.9636 TV:0.9276 VA:1.8595 CE:1.2248
2025-12-23 10:35:46,453 - utils.logger2025-12-23-10.35.38 - INFO - Cur epoch 2 loss TA:0.9511 TV:0.9265 VA:1.8363 CE:1.1946
2025-12-23 10:35:46,845 - utils.logger2025-12-23-10.35.38 - INFO - Cur epoch 2 loss TA:0.9518 TV:0.9576 VA:1.8615 CE:1.2394
2025-12-23 10:35:47,274 - utils.logger2025-12-23-10.35.38 - INFO - Cur epoch 2 loss TA:0.9395 TV:0.9671 VA:1.8749 CE:1.2174
2025-12-23 10:35:47,729 - utils.logger2025-12-23-10.35.38 - INFO - Cur epoch 2 loss TA:0.9217 TV:0.9502 VA:1.8744 CE:1.0251
2025-12-23 10:35:48,232 - utils.logger2025-12-23-10.35.38 - INFO - Cur epoch 2 loss TA:0.9577 TV:0.9594 VA:1.8249 CE:1.0837
2025-12-23 10:35:48,665 - utils.logger2025-12-23-10.35.38 - INFO - saving the model at the end of epoch 2, iters 138
2025-12-23 10:35:48,772 - utils.logger2025-12-23-10.35.38 - INFO - End of training epoch 2 / 40 	 Time Taken: 3 sec
2025-12-23 10:35:48,772 - utils.logger2025-12-23-10.35.38 - INFO - learning rate = 0.0002000
2025-12-23 10:35:49,349 - utils.logger2025-12-23-10.35.38 - INFO - Val result of epoch 2 / 40 acc 0.5862 uar 0.6228 f1 0.5858
2025-12-23 10:35:49,349 - utils.logger2025-12-23-10.35.38 - INFO - 
[[75 11  6  0]
 [13 98 14  3]
 [36 19 73  2]
 [19 26 67 60]]
2025-12-23 10:35:49,898 - utils.logger2025-12-23-10.35.38 - INFO - Tst result of epoch 2 / 40 acc 0.6439 uar 0.6393 f1 0.6467
2025-12-23 10:35:49,898 - utils.logger2025-12-23-10.35.38 - INFO - 
[[121   6  20   1]
 [ 23  90  42   3]
 [ 32  13 128  17]
 [  6   1  60  66]]
2025-12-23 10:35:50,171 - utils.logger2025-12-23-10.35.38 - INFO - Cur epoch 3 loss TA:0.9244 TV:0.9318 VA:1.7878 CE:0.9939
2025-12-23 10:35:50,624 - utils.logger2025-12-23-10.35.38 - INFO - Cur epoch 3 loss TA:0.9132 TV:0.9150 VA:1.8046 CE:0.9075
2025-12-23 10:35:51,125 - utils.logger2025-12-23-10.35.38 - INFO - Cur epoch 3 loss TA:0.8710 TV:0.8983 VA:1.7478 CE:0.9403
2025-12-23 10:35:51,516 - utils.logger2025-12-23-10.35.38 - INFO - Cur epoch 3 loss TA:0.8985 TV:0.9197 VA:1.7203 CE:0.9811
2025-12-23 10:35:52,232 - utils.logger2025-12-23-10.35.38 - INFO - Cur epoch 3 loss TA:0.9189 TV:0.9435 VA:1.7061 CE:0.8855
2025-12-23 10:35:52,729 - utils.logger2025-12-23-10.35.38 - INFO - Cur epoch 3 loss TA:0.9117 TV:0.9090 VA:1.7098 CE:0.7654
2025-12-23 10:35:53,236 - utils.logger2025-12-23-10.35.38 - INFO - Cur epoch 3 loss TA:0.8614 TV:0.8905 VA:1.6344 CE:0.8426
2025-12-23 10:35:53,637 - utils.logger2025-12-23-10.35.38 - INFO - saving the model at the end of epoch 3, iters 207
2025-12-23 10:35:53,751 - utils.logger2025-12-23-10.35.38 - INFO - End of training epoch 3 / 40 	 Time Taken: 3 sec
2025-12-23 10:35:53,752 - utils.logger2025-12-23-10.35.38 - INFO - learning rate = 0.0002000
2025-12-23 10:35:54,371 - utils.logger2025-12-23-10.35.38 - INFO - Val result of epoch 3 / 40 acc 0.6284 uar 0.6486 f1 0.6332
2025-12-23 10:35:54,371 - utils.logger2025-12-23-10.35.38 - INFO - 
[[75  7 10  0]
 [21 65 34  8]
 [19 11 95  5]
 [ 8  8 63 93]]
2025-12-23 10:35:54,806 - utils.logger2025-12-23-10.35.38 - INFO - Tst result of epoch 3 / 40 acc 0.6630 uar 0.6662 f1 0.6732
2025-12-23 10:35:54,807 - utils.logger2025-12-23-10.35.38 - INFO - 
[[115   2  28   3]
 [ 15  85  49   9]
 [ 27   7 125  31]
 [  0   0  41  92]]
2025-12-23 10:35:55,253 - utils.logger2025-12-23-10.35.38 - INFO - Cur epoch 4 loss TA:0.8773 TV:0.8402 VA:1.6211 CE:0.7352
2025-12-23 10:35:55,698 - utils.logger2025-12-23-10.35.38 - INFO - Cur epoch 4 loss TA:0.8604 TV:0.9125 VA:1.7260 CE:1.0285
2025-12-23 10:35:56,109 - utils.logger2025-12-23-10.35.38 - INFO - Cur epoch 4 loss TA:0.8230 TV:0.8628 VA:1.6163 CE:0.8622
2025-12-23 10:35:56,623 - utils.logger2025-12-23-10.35.38 - INFO - Cur epoch 4 loss TA:0.8725 TV:0.8707 VA:1.6003 CE:0.8340
2025-12-23 10:35:57,200 - utils.logger2025-12-23-10.35.38 - INFO - Cur epoch 4 loss TA:0.8250 TV:0.8283 VA:1.6048 CE:0.6689
2025-12-23 10:35:57,740 - utils.logger2025-12-23-10.35.38 - INFO - Cur epoch 4 loss TA:0.8431 TV:0.8832 VA:1.6659 CE:0.6901
2025-12-23 10:35:58,223 - utils.logger2025-12-23-10.35.38 - INFO - Cur epoch 4 loss TA:0.8840 TV:0.9217 VA:1.6513 CE:0.7316
2025-12-23 10:35:58,569 - utils.logger2025-12-23-10.35.38 - INFO - saving the model at the end of epoch 4, iters 276
2025-12-23 10:35:58,675 - utils.logger2025-12-23-10.35.38 - INFO - End of training epoch 4 / 40 	 Time Taken: 3 sec
2025-12-23 10:35:58,675 - utils.logger2025-12-23-10.35.38 - INFO - learning rate = 0.0002000
2025-12-23 10:35:59,969 - utils.logger2025-12-23-10.35.38 - INFO - Val result of epoch 4 / 40 acc 0.7299 uar 0.7240 f1 0.7261
2025-12-23 10:35:59,970 - utils.logger2025-12-23-10.35.38 - INFO - 
[[ 69  14   6   3]
 [  7  91   9  21]
 [ 11  16  80  23]
 [  2   8  21 141]]
2025-12-23 10:36:00,746 - utils.logger2025-12-23-10.35.38 - INFO - Tst result of epoch 4 / 40 acc 0.7091 uar 0.7269 f1 0.7122
2025-12-23 10:36:00,747 - utils.logger2025-12-23-10.35.38 - INFO - 
[[111  14  15   8]
 [  5 112  14  27]
 [ 18  19 101  52]
 [  1   1   9 122]]
2025-12-23 10:36:01,175 - utils.logger2025-12-23-10.35.38 - INFO - Cur epoch 5 loss TA:0.8303 TV:0.8373 VA:1.6092 CE:0.7235
2025-12-23 10:36:01,692 - utils.logger2025-12-23-10.35.38 - INFO - Cur epoch 5 loss TA:0.8150 TV:0.8428 VA:1.5848 CE:0.4517
2025-12-23 10:36:02,202 - utils.logger2025-12-23-10.35.38 - INFO - Cur epoch 5 loss TA:0.8432 TV:0.8757 VA:1.6358 CE:0.7249
2025-12-23 10:36:02,724 - utils.logger2025-12-23-10.35.38 - INFO - Cur epoch 5 loss TA:0.8533 TV:0.9161 VA:1.6165 CE:0.5706
2025-12-23 10:36:03,289 - utils.logger2025-12-23-10.35.38 - INFO - Cur epoch 5 loss TA:0.8164 TV:0.8256 VA:1.5697 CE:0.7601
2025-12-23 10:36:03,901 - utils.logger2025-12-23-10.35.38 - INFO - Cur epoch 5 loss TA:0.8161 TV:0.8447 VA:1.5037 CE:0.5332
2025-12-23 10:36:04,720 - utils.logger2025-12-23-10.35.38 - INFO - Cur epoch 5 loss TA:0.8590 TV:0.8665 VA:1.6313 CE:0.6385
2025-12-23 10:36:05,192 - utils.logger2025-12-23-10.35.38 - INFO - saving the model at the end of epoch 5, iters 345
2025-12-23 10:36:05,280 - utils.logger2025-12-23-10.35.38 - INFO - End of training epoch 5 / 40 	 Time Taken: 4 sec
2025-12-23 10:36:05,280 - utils.logger2025-12-23-10.35.38 - INFO - learning rate = 0.0002000
2025-12-23 10:36:05,823 - utils.logger2025-12-23-10.35.38 - INFO - Val result of epoch 5 / 40 acc 0.7337 uar 0.7365 f1 0.7327
2025-12-23 10:36:05,824 - utils.logger2025-12-23-10.35.38 - INFO - 
[[ 72  10   7   3]
 [  9  96  11  12]
 [ 14  15  87  14]
 [  3  12  29 128]]
2025-12-23 10:36:06,298 - utils.logger2025-12-23-10.35.38 - INFO - Tst result of epoch 5 / 40 acc 0.7424 uar 0.7519 f1 0.7478
2025-12-23 10:36:06,299 - utils.logger2025-12-23-10.35.38 - INFO - 
[[117   7  17   7]
 [  7 119  20  12]
 [ 21  13 121  35]
 [  0   2  21 110]]
2025-12-23 10:36:06,883 - utils.logger2025-12-23-10.35.38 - INFO - Cur epoch 6 loss TA:0.8123 TV:0.8763 VA:1.6086 CE:0.9024
2025-12-23 10:36:07,464 - utils.logger2025-12-23-10.35.38 - INFO - Cur epoch 6 loss TA:0.7892 TV:0.8209 VA:1.5559 CE:0.4588
2025-12-23 10:36:07,990 - utils.logger2025-12-23-10.35.38 - INFO - Cur epoch 6 loss TA:0.7998 TV:0.8192 VA:1.5686 CE:0.5983
2025-12-23 10:36:08,415 - utils.logger2025-12-23-10.35.38 - INFO - Cur epoch 6 loss TA:0.8067 TV:0.8409 VA:1.6036 CE:0.4553
2025-12-23 10:36:08,819 - utils.logger2025-12-23-10.35.38 - INFO - Cur epoch 6 loss TA:0.8245 TV:0.8741 VA:1.6084 CE:0.4364
2025-12-23 10:36:09,774 - utils.logger2025-12-23-10.35.38 - INFO - Cur epoch 6 loss TA:0.7962 TV:0.8173 VA:1.5674 CE:0.4933
2025-12-23 10:36:10,151 - utils.logger2025-12-23-10.35.38 - INFO - Cur epoch 6 loss TA:0.8211 TV:0.8575 VA:1.5710 CE:0.5151
2025-12-23 10:36:10,344 - utils.logger2025-12-23-10.35.38 - INFO - saving the model at the end of epoch 6, iters 414
2025-12-23 10:36:10,429 - utils.logger2025-12-23-10.35.38 - INFO - End of training epoch 6 / 40 	 Time Taken: 4 sec
2025-12-23 10:36:10,429 - utils.logger2025-12-23-10.35.38 - INFO - learning rate = 0.0002000
2025-12-23 10:36:11,035 - utils.logger2025-12-23-10.35.38 - INFO - Val result of epoch 6 / 40 acc 0.7261 uar 0.7338 f1 0.7251
2025-12-23 10:36:11,036 - utils.logger2025-12-23-10.35.38 - INFO - 
[[ 74   9   8   1]
 [ 11  99  11   7]
 [ 18  15  85  12]
 [  5  12  34 121]]
2025-12-23 10:36:11,435 - utils.logger2025-12-23-10.35.38 - INFO - Tst result of epoch 6 / 40 acc 0.7297 uar 0.7373 f1 0.7349
2025-12-23 10:36:11,435 - utils.logger2025-12-23-10.35.38 - INFO - 
[[122   9  14   3]
 [  9 120  20   9]
 [ 32  14 118  26]
 [  3   1  30  99]]
2025-12-23 10:36:11,951 - utils.logger2025-12-23-10.35.38 - INFO - Cur epoch 7 loss TA:0.7578 TV:0.7844 VA:1.5283 CE:0.5319
2025-12-23 10:36:12,500 - utils.logger2025-12-23-10.35.38 - INFO - Cur epoch 7 loss TA:0.7653 TV:0.8084 VA:1.5653 CE:0.3550
2025-12-23 10:36:13,195 - utils.logger2025-12-23-10.35.38 - INFO - Cur epoch 7 loss TA:0.7761 TV:0.8243 VA:1.5335 CE:0.4609
2025-12-23 10:36:14,268 - utils.logger2025-12-23-10.35.38 - INFO - Cur epoch 7 loss TA:0.7790 TV:0.8124 VA:1.5590 CE:0.5296
2025-12-23 10:36:14,784 - utils.logger2025-12-23-10.35.38 - INFO - Cur epoch 7 loss TA:0.7336 TV:0.7657 VA:1.4872 CE:0.4723
2025-12-23 10:36:15,212 - utils.logger2025-12-23-10.35.38 - INFO - Cur epoch 7 loss TA:0.7951 TV:0.8284 VA:1.5414 CE:0.4328
2025-12-23 10:36:15,669 - utils.logger2025-12-23-10.35.38 - INFO - Cur epoch 7 loss TA:0.7916 TV:0.8216 VA:1.4685 CE:0.5328
2025-12-23 10:36:15,864 - utils.logger2025-12-23-10.35.38 - INFO - saving the model at the end of epoch 7, iters 483
2025-12-23 10:36:15,961 - utils.logger2025-12-23-10.35.38 - INFO - End of training epoch 7 / 40 	 Time Taken: 4 sec
2025-12-23 10:36:15,961 - utils.logger2025-12-23-10.35.38 - INFO - learning rate = 0.0002000
2025-12-23 10:36:16,652 - utils.logger2025-12-23-10.35.38 - INFO - Val result of epoch 7 / 40 acc 0.7299 uar 0.7272 f1 0.7314
2025-12-23 10:36:16,653 - utils.logger2025-12-23-10.35.38 - INFO - 
[[ 68   9  13   2]
 [  7  82  24  15]
 [  7   7  99  17]
 [  1   8  31 132]]
2025-12-23 10:36:17,234 - utils.logger2025-12-23-10.35.38 - INFO - Tst result of epoch 7 / 40 acc 0.7409 uar 0.7466 f1 0.7491
2025-12-23 10:36:17,235 - utils.logger2025-12-23-10.35.38 - INFO - 
[[115   6  24   3]
 [  6 113  28  11]
 [ 18  11 131  30]
 [  0   0  26 107]]
2025-12-23 10:36:17,900 - utils.logger2025-12-23-10.35.38 - INFO - Cur epoch 8 loss TA:0.7261 TV:0.7622 VA:1.4618 CE:0.3874
2025-12-23 10:36:18,678 - utils.logger2025-12-23-10.35.38 - INFO - Cur epoch 8 loss TA:0.7610 TV:0.7969 VA:1.4886 CE:0.2980
2025-12-23 10:36:19,564 - utils.logger2025-12-23-10.35.38 - INFO - Cur epoch 8 loss TA:0.7427 TV:0.8256 VA:1.5703 CE:0.2857
2025-12-23 10:36:19,969 - utils.logger2025-12-23-10.35.38 - INFO - Cur epoch 8 loss TA:0.7444 TV:0.7990 VA:1.4726 CE:0.4575
2025-12-23 10:36:20,450 - utils.logger2025-12-23-10.35.38 - INFO - Cur epoch 8 loss TA:0.7330 TV:0.7903 VA:1.5096 CE:0.4202
2025-12-23 10:36:20,945 - utils.logger2025-12-23-10.35.38 - INFO - Cur epoch 8 loss TA:0.7705 TV:0.8353 VA:1.5189 CE:0.3592
2025-12-23 10:36:21,432 - utils.logger2025-12-23-10.35.38 - INFO - Cur epoch 8 loss TA:0.7414 TV:0.8070 VA:1.5196 CE:0.2886
2025-12-23 10:36:21,589 - utils.logger2025-12-23-10.35.38 - INFO - saving the model at the end of epoch 8, iters 552
2025-12-23 10:36:21,704 - utils.logger2025-12-23-10.35.38 - INFO - End of training epoch 8 / 40 	 Time Taken: 4 sec
2025-12-23 10:36:21,705 - utils.logger2025-12-23-10.35.38 - INFO - learning rate = 0.0002000
2025-12-23 10:36:22,252 - utils.logger2025-12-23-10.35.38 - INFO - Val result of epoch 8 / 40 acc 0.7356 uar 0.7349 f1 0.7357
2025-12-23 10:36:22,253 - utils.logger2025-12-23-10.35.38 - INFO - 
[[ 72   8   9   3]
 [  6  89  14  19]
 [ 13  10  88  19]
 [  1  13  23 135]]
2025-12-23 10:36:22,662 - utils.logger2025-12-23-10.35.38 - INFO - Tst result of epoch 8 / 40 acc 0.7393 uar 0.7475 f1 0.7456
2025-12-23 10:36:22,662 - utils.logger2025-12-23-10.35.38 - INFO - 
[[114   8  20   6]
 [  7 123  21   7]
 [ 20  12 121  37]
 [  2   0  24 107]]
2025-12-23 10:36:23,520 - utils.logger2025-12-23-10.35.38 - INFO - Cur epoch 9 loss TA:0.7230 TV:0.7800 VA:1.4725 CE:0.2795
2025-12-23 10:36:24,181 - utils.logger2025-12-23-10.35.38 - INFO - Cur epoch 9 loss TA:0.7505 TV:0.8163 VA:1.5382 CE:0.4761
2025-12-23 10:36:24,584 - utils.logger2025-12-23-10.35.38 - INFO - Cur epoch 9 loss TA:0.7255 TV:0.7721 VA:1.4530 CE:0.2953
2025-12-23 10:36:25,013 - utils.logger2025-12-23-10.35.38 - INFO - Cur epoch 9 loss TA:0.7274 TV:0.7805 VA:1.5068 CE:0.3447
2025-12-23 10:36:25,443 - utils.logger2025-12-23-10.35.38 - INFO - Cur epoch 9 loss TA:0.7286 TV:0.7755 VA:1.5153 CE:0.2313
2025-12-23 10:36:25,866 - utils.logger2025-12-23-10.35.38 - INFO - Cur epoch 9 loss TA:0.7411 TV:0.7929 VA:1.4904 CE:0.2615
2025-12-23 10:36:26,291 - utils.logger2025-12-23-10.35.38 - INFO - Cur epoch 9 loss TA:0.7517 TV:0.7978 VA:1.4902 CE:0.4480
2025-12-23 10:36:26,396 - utils.logger2025-12-23-10.35.38 - INFO - saving the model at the end of epoch 9, iters 621
2025-12-23 10:36:26,501 - utils.logger2025-12-23-10.35.38 - INFO - End of training epoch 9 / 40 	 Time Taken: 3 sec
2025-12-23 10:36:26,502 - utils.logger2025-12-23-10.35.38 - INFO - learning rate = 0.0002000
2025-12-23 10:36:27,029 - utils.logger2025-12-23-10.35.38 - INFO - Val result of epoch 9 / 40 acc 0.7356 uar 0.7320 f1 0.7320
2025-12-23 10:36:27,029 - utils.logger2025-12-23-10.35.38 - INFO - 
[[ 71   5  13   3]
 [ 12  79  16  21]
 [ 11   6  95  18]
 [  2   8  23 139]]
2025-12-23 10:36:27,569 - utils.logger2025-12-23-10.35.38 - INFO - Tst result of epoch 9 / 40 acc 0.7377 uar 0.7440 f1 0.7456
2025-12-23 10:36:27,570 - utils.logger2025-12-23-10.35.38 - INFO - 
[[117   5  22   4]
 [  8 117  26   7]
 [ 17  11 126  36]
 [  2   0  27 104]]
2025-12-23 10:36:29,367 - utils.logger2025-12-23-10.35.38 - INFO - Cur epoch 10 loss TA:0.7411 TV:0.7780 VA:1.4464 CE:0.2410
2025-12-23 10:36:30,101 - utils.logger2025-12-23-10.35.38 - INFO - Cur epoch 10 loss TA:0.6712 TV:0.7718 VA:1.4717 CE:0.3324
2025-12-23 10:36:30,567 - utils.logger2025-12-23-10.35.38 - INFO - Cur epoch 10 loss TA:0.7206 TV:0.7499 VA:1.4165 CE:0.4155
2025-12-23 10:36:31,099 - utils.logger2025-12-23-10.35.38 - INFO - Cur epoch 10 loss TA:0.7334 TV:0.7679 VA:1.5151 CE:0.3079
2025-12-23 10:36:31,695 - utils.logger2025-12-23-10.35.38 - INFO - Cur epoch 10 loss TA:0.7051 TV:0.7963 VA:1.4780 CE:0.3597
2025-12-23 10:36:32,235 - utils.logger2025-12-23-10.35.38 - INFO - Cur epoch 10 loss TA:0.7049 TV:0.7791 VA:1.4786 CE:0.2753
2025-12-23 10:36:32,764 - utils.logger2025-12-23-10.35.38 - INFO - Cur epoch 10 loss TA:0.5161 TV:0.5420 VA:1.0615 CE:0.1698
2025-12-23 10:36:32,806 - utils.logger2025-12-23-10.35.38 - INFO - saving the model at the end of epoch 10, iters 690
2025-12-23 10:36:32,893 - utils.logger2025-12-23-10.35.38 - INFO - End of training epoch 10 / 40 	 Time Taken: 5 sec
2025-12-23 10:36:32,893 - utils.logger2025-12-23-10.35.38 - INFO - learning rate = 0.0002000
2025-12-23 10:36:34,165 - utils.logger2025-12-23-10.35.38 - INFO - Val result of epoch 10 / 40 acc 0.7222 uar 0.7374 f1 0.7262
2025-12-23 10:36:34,166 - utils.logger2025-12-23-10.35.38 - INFO - 
[[ 81   3   6   2]
 [ 15  83  23   7]
 [ 16   4  97  13]
 [  5  10  41 116]]
2025-12-23 10:36:34,985 - utils.logger2025-12-23-10.35.38 - INFO - Tst result of epoch 10 / 40 acc 0.7377 uar 0.7377 f1 0.7451
2025-12-23 10:36:34,986 - utils.logger2025-12-23-10.35.38 - INFO - 
[[122   4  19   3]
 [  9 116  29   4]
 [ 22   9 136  23]
 [  1   1  41  90]]
2025-12-23 10:36:35,869 - utils.logger2025-12-23-10.35.38 - INFO - Cur epoch 11 loss TA:0.6532 TV:0.7186 VA:1.4045 CE:0.1956
2025-12-23 10:36:36,392 - utils.logger2025-12-23-10.35.38 - INFO - Cur epoch 11 loss TA:0.7094 TV:0.7324 VA:1.3922 CE:0.2767
2025-12-23 10:36:36,916 - utils.logger2025-12-23-10.35.38 - INFO - Cur epoch 11 loss TA:0.7389 TV:0.7890 VA:1.4126 CE:0.3215
2025-12-23 10:36:37,489 - utils.logger2025-12-23-10.35.38 - INFO - Cur epoch 11 loss TA:0.6884 TV:0.7383 VA:1.4037 CE:0.1513
2025-12-23 10:36:38,027 - utils.logger2025-12-23-10.35.38 - INFO - Cur epoch 11 loss TA:0.7327 TV:0.7814 VA:1.4397 CE:0.3892
2025-12-23 10:36:38,649 - utils.logger2025-12-23-10.35.38 - INFO - Cur epoch 11 loss TA:0.7265 TV:0.7807 VA:1.4505 CE:0.3213
2025-12-23 10:36:39,065 - utils.logger2025-12-23-10.35.38 - INFO - saving the model at the end of epoch 11, iters 759
2025-12-23 10:36:39,171 - utils.logger2025-12-23-10.35.38 - INFO - End of training epoch 11 / 40 	 Time Taken: 4 sec
2025-12-23 10:36:39,171 - utils.logger2025-12-23-10.35.38 - INFO - learning rate = 0.0002000
2025-12-23 10:36:39,985 - utils.logger2025-12-23-10.35.38 - INFO - Val result of epoch 11 / 40 acc 0.7739 uar 0.7760 f1 0.7730
2025-12-23 10:36:39,985 - utils.logger2025-12-23-10.35.38 - INFO - 
[[ 76   6   8   2]
 [  6 102   9  11]
 [ 14  10  89  17]
 [  1  15  19 137]]
2025-12-23 10:36:40,508 - utils.logger2025-12-23-10.35.38 - INFO - Tst result of epoch 11 / 40 acc 0.7345 uar 0.7414 f1 0.7411
2025-12-23 10:36:40,508 - utils.logger2025-12-23-10.35.38 - INFO - 
[[118   8  18   4]
 [  8 122  23   5]
 [ 21  12 121  36]
 [  2   1  29 101]]
2025-12-23 10:36:40,746 - utils.logger2025-12-23-10.35.38 - INFO - Cur epoch 12 loss TA:0.7095 TV:0.7443 VA:1.4413 CE:0.1628
2025-12-23 10:36:41,292 - utils.logger2025-12-23-10.35.38 - INFO - Cur epoch 12 loss TA:0.6509 TV:0.6916 VA:1.3012 CE:0.2566
2025-12-23 10:36:41,799 - utils.logger2025-12-23-10.35.38 - INFO - Cur epoch 12 loss TA:0.7183 TV:0.7405 VA:1.4531 CE:0.2433
2025-12-23 10:36:42,351 - utils.logger2025-12-23-10.35.38 - INFO - Cur epoch 12 loss TA:0.7009 TV:0.7686 VA:1.4456 CE:0.3574
2025-12-23 10:36:42,991 - utils.logger2025-12-23-10.35.38 - INFO - Cur epoch 12 loss TA:0.6788 TV:0.7221 VA:1.3654 CE:0.2699
2025-12-23 10:36:43,544 - utils.logger2025-12-23-10.35.38 - INFO - Cur epoch 12 loss TA:0.6776 TV:0.7235 VA:1.4052 CE:0.2915
2025-12-23 10:36:44,150 - utils.logger2025-12-23-10.35.38 - INFO - Cur epoch 12 loss TA:0.7118 TV:0.7467 VA:1.4619 CE:0.1665
2025-12-23 10:36:44,640 - utils.logger2025-12-23-10.35.38 - INFO - saving the model at the end of epoch 12, iters 828
2025-12-23 10:36:44,757 - utils.logger2025-12-23-10.35.38 - INFO - End of training epoch 12 / 40 	 Time Taken: 4 sec
2025-12-23 10:36:44,757 - utils.logger2025-12-23-10.35.38 - INFO - learning rate = 0.0002000
2025-12-23 10:36:45,336 - utils.logger2025-12-23-10.35.38 - INFO - Val result of epoch 12 / 40 acc 0.7395 uar 0.7385 f1 0.7410
2025-12-23 10:36:45,336 - utils.logger2025-12-23-10.35.38 - INFO - 
[[ 68   8  14   2]
 [  7  93  16  12]
 [  9   7  96  18]
 [  1  13  29 129]]
2025-12-23 10:36:45,803 - utils.logger2025-12-23-10.35.38 - INFO - Tst result of epoch 12 / 40 acc 0.7488 uar 0.7499 f1 0.7554
2025-12-23 10:36:45,803 - utils.logger2025-12-23-10.35.38 - INFO - 
[[113   7  25   3]
 [  6 125  22   5]
 [ 15  11 136  28]
 [  2   2  32  97]]
2025-12-23 10:36:46,070 - utils.logger2025-12-23-10.35.38 - INFO - Cur epoch 13 loss TA:0.6845 TV:0.6895 VA:1.3105 CE:0.0994
2025-12-23 10:36:46,582 - utils.logger2025-12-23-10.35.38 - INFO - Cur epoch 13 loss TA:0.6736 TV:0.7506 VA:1.3842 CE:0.2894
2025-12-23 10:36:47,000 - utils.logger2025-12-23-10.35.38 - INFO - Cur epoch 13 loss TA:0.6599 TV:0.7015 VA:1.3681 CE:0.3344
2025-12-23 10:36:47,968 - utils.logger2025-12-23-10.35.38 - INFO - Cur epoch 13 loss TA:0.6827 TV:0.7475 VA:1.4158 CE:0.2195
2025-12-23 10:36:48,461 - utils.logger2025-12-23-10.35.38 - INFO - Cur epoch 13 loss TA:0.6611 TV:0.7332 VA:1.4300 CE:0.3388
2025-12-23 10:36:48,975 - utils.logger2025-12-23-10.35.38 - INFO - Cur epoch 13 loss TA:0.6812 TV:0.7561 VA:1.4109 CE:0.2532
2025-12-23 10:36:49,541 - utils.logger2025-12-23-10.35.38 - INFO - Cur epoch 13 loss TA:0.6680 TV:0.7401 VA:1.4029 CE:0.2897
2025-12-23 10:36:50,037 - utils.logger2025-12-23-10.35.38 - INFO - saving the model at the end of epoch 13, iters 897
2025-12-23 10:36:50,160 - utils.logger2025-12-23-10.35.38 - INFO - End of training epoch 13 / 40 	 Time Taken: 4 sec
2025-12-23 10:36:50,160 - utils.logger2025-12-23-10.35.38 - INFO - learning rate = 0.0002000
2025-12-23 10:36:50,764 - utils.logger2025-12-23-10.35.38 - INFO - Val result of epoch 13 / 40 acc 0.7375 uar 0.7426 f1 0.7455
2025-12-23 10:36:50,765 - utils.logger2025-12-23-10.35.38 - INFO - 
[[ 72   5  13   2]
 [  4  91  25   8]
 [  9   7  99  15]
 [  1  10  38 123]]
2025-12-23 10:36:51,307 - utils.logger2025-12-23-10.35.38 - INFO - Tst result of epoch 13 / 40 acc 0.7345 uar 0.7299 f1 0.7428
2025-12-23 10:36:51,307 - utils.logger2025-12-23-10.35.38 - INFO - 
[[108   8  28   4]
 [  5 118  32   3]
 [ 15   8 147  20]
 [  0   1  43  89]]
2025-12-23 10:36:51,982 - utils.logger2025-12-23-10.35.38 - INFO - Cur epoch 14 loss TA:0.6914 TV:0.7105 VA:1.3700 CE:0.2207
2025-12-23 10:36:52,647 - utils.logger2025-12-23-10.35.38 - INFO - Cur epoch 14 loss TA:0.6818 TV:0.7513 VA:1.4077 CE:0.2763
2025-12-23 10:36:53,055 - utils.logger2025-12-23-10.35.38 - INFO - Cur epoch 14 loss TA:0.6780 TV:0.7355 VA:1.4393 CE:0.1305
2025-12-23 10:36:53,468 - utils.logger2025-12-23-10.35.38 - INFO - Cur epoch 14 loss TA:0.6661 TV:0.7230 VA:1.2967 CE:0.2383
2025-12-23 10:36:53,934 - utils.logger2025-12-23-10.35.38 - INFO - Cur epoch 14 loss TA:0.6516 TV:0.6979 VA:1.3464 CE:0.2742
2025-12-23 10:36:54,421 - utils.logger2025-12-23-10.35.38 - INFO - Cur epoch 14 loss TA:0.6721 TV:0.7137 VA:1.3064 CE:0.1913
2025-12-23 10:36:54,936 - utils.logger2025-12-23-10.35.38 - INFO - Cur epoch 14 loss TA:0.6552 TV:0.7354 VA:1.3792 CE:0.2276
2025-12-23 10:36:55,297 - utils.logger2025-12-23-10.35.38 - INFO - saving the model at the end of epoch 14, iters 966
2025-12-23 10:36:55,394 - utils.logger2025-12-23-10.35.38 - INFO - End of training epoch 14 / 40 	 Time Taken: 4 sec
2025-12-23 10:36:55,394 - utils.logger2025-12-23-10.35.38 - INFO - learning rate = 0.0002000
2025-12-23 10:36:56,047 - utils.logger2025-12-23-10.35.38 - INFO - Val result of epoch 14 / 40 acc 0.7663 uar 0.7604 f1 0.7671
2025-12-23 10:36:56,048 - utils.logger2025-12-23-10.35.38 - INFO - 
[[ 68   9  11   4]
 [  2  97  12  17]
 [  7   8  95  20]
 [  1  13  18 140]]
2025-12-23 10:36:56,619 - utils.logger2025-12-23-10.35.38 - INFO - Tst result of epoch 14 / 40 acc 0.7377 uar 0.7459 f1 0.7425
2025-12-23 10:36:56,619 - utils.logger2025-12-23-10.35.38 - INFO - 
[[105  13  23   7]
 [  4 128  17   9]
 [ 17  11 121  41]
 [  0   3  20 110]]
2025-12-23 10:36:57,200 - utils.logger2025-12-23-10.35.38 - INFO - Cur epoch 15 loss TA:0.6779 TV:0.7467 VA:1.3905 CE:0.2407
2025-12-23 10:36:57,605 - utils.logger2025-12-23-10.35.38 - INFO - Cur epoch 15 loss TA:0.6873 TV:0.7483 VA:1.3780 CE:0.2076
2025-12-23 10:36:58,059 - utils.logger2025-12-23-10.35.38 - INFO - Cur epoch 15 loss TA:0.6733 TV:0.7433 VA:1.3680 CE:0.2851
2025-12-23 10:36:58,505 - utils.logger2025-12-23-10.35.38 - INFO - Cur epoch 15 loss TA:0.6572 TV:0.7604 VA:1.4119 CE:0.1301
2025-12-23 10:36:58,959 - utils.logger2025-12-23-10.35.38 - INFO - Cur epoch 15 loss TA:0.7063 TV:0.7163 VA:1.3970 CE:0.1506
2025-12-23 10:36:59,473 - utils.logger2025-12-23-10.35.38 - INFO - Cur epoch 15 loss TA:0.6450 TV:0.7212 VA:1.3756 CE:0.1737
2025-12-23 10:37:00,031 - utils.logger2025-12-23-10.35.38 - INFO - Cur epoch 15 loss TA:0.6728 TV:0.7524 VA:1.3786 CE:0.3538
2025-12-23 10:37:00,397 - utils.logger2025-12-23-10.35.38 - INFO - saving the model at the end of epoch 15, iters 1035
2025-12-23 10:37:00,482 - utils.logger2025-12-23-10.35.38 - INFO - End of training epoch 15 / 40 	 Time Taken: 3 sec
2025-12-23 10:37:00,482 - utils.logger2025-12-23-10.35.38 - INFO - learning rate = 0.0002000
2025-12-23 10:37:01,049 - utils.logger2025-12-23-10.35.38 - INFO - Val result of epoch 15 / 40 acc 0.7625 uar 0.7589 f1 0.7598
2025-12-23 10:37:01,050 - utils.logger2025-12-23-10.35.38 - INFO - 
[[ 69  12   8   3]
 [  5 100  11  12]
 [ 12  10  92  16]
 [  1  14  20 137]]
2025-12-23 10:37:01,553 - utils.logger2025-12-23-10.35.38 - INFO - Tst result of epoch 15 / 40 acc 0.7393 uar 0.7469 f1 0.7439
2025-12-23 10:37:01,554 - utils.logger2025-12-23-10.35.38 - INFO - 
[[109  18  17   4]
 [  4 134  16   4]
 [ 20  21 118  31]
 [  0   2  27 104]]
2025-12-23 10:37:02,148 - utils.logger2025-12-23-10.35.38 - INFO - Cur epoch 16 loss TA:0.6788 TV:0.7585 VA:1.3614 CE:0.0927
2025-12-23 10:37:02,602 - utils.logger2025-12-23-10.35.38 - INFO - Cur epoch 16 loss TA:0.6559 TV:0.7290 VA:1.4465 CE:0.0740
2025-12-23 10:37:03,095 - utils.logger2025-12-23-10.35.38 - INFO - Cur epoch 16 loss TA:0.6384 TV:0.6750 VA:1.2759 CE:0.0918
2025-12-23 10:37:03,640 - utils.logger2025-12-23-10.35.38 - INFO - Cur epoch 16 loss TA:0.6502 TV:0.6844 VA:1.3023 CE:0.0931
2025-12-23 10:37:04,159 - utils.logger2025-12-23-10.35.38 - INFO - Cur epoch 16 loss TA:0.6913 TV:0.7081 VA:1.3419 CE:0.2576
2025-12-23 10:37:04,655 - utils.logger2025-12-23-10.35.38 - INFO - Cur epoch 16 loss TA:0.6738 TV:0.7247 VA:1.3472 CE:0.2135
2025-12-23 10:37:05,181 - utils.logger2025-12-23-10.35.38 - INFO - Cur epoch 16 loss TA:0.6674 TV:0.7314 VA:1.3370 CE:0.2198
2025-12-23 10:37:05,428 - utils.logger2025-12-23-10.35.38 - INFO - saving the model at the end of epoch 16, iters 1104
2025-12-23 10:37:05,514 - utils.logger2025-12-23-10.35.38 - INFO - End of training epoch 16 / 40 	 Time Taken: 3 sec
2025-12-23 10:37:05,514 - utils.logger2025-12-23-10.35.38 - INFO - learning rate = 0.0002000
2025-12-23 10:37:06,032 - utils.logger2025-12-23-10.35.38 - INFO - Val result of epoch 16 / 40 acc 0.7165 uar 0.7320 f1 0.7254
2025-12-23 10:37:06,032 - utils.logger2025-12-23-10.35.38 - INFO - 
[[ 77   4  10   1]
 [  7  94  21   6]
 [ 16   9  94  11]
 [  2  13  48 109]]
2025-12-23 10:37:06,972 - utils.logger2025-12-23-10.35.38 - INFO - Tst result of epoch 16 / 40 acc 0.7313 uar 0.7247 f1 0.7373
2025-12-23 10:37:06,972 - utils.logger2025-12-23-10.35.38 - INFO - 
[[120   6  19   3]
 [  6 115  35   2]
 [ 23   8 147  12]
 [  3   0  52  78]]
2025-12-23 10:37:07,737 - utils.logger2025-12-23-10.35.38 - INFO - Cur epoch 17 loss TA:0.6331 TV:0.6920 VA:1.2768 CE:0.1886
2025-12-23 10:37:08,324 - utils.logger2025-12-23-10.35.38 - INFO - Cur epoch 17 loss TA:0.6409 TV:0.7182 VA:1.3688 CE:0.1349
2025-12-23 10:37:08,878 - utils.logger2025-12-23-10.35.38 - INFO - Cur epoch 17 loss TA:0.6447 TV:0.6698 VA:1.2697 CE:0.0622
2025-12-23 10:37:09,379 - utils.logger2025-12-23-10.35.38 - INFO - Cur epoch 17 loss TA:0.6837 TV:0.7196 VA:1.3386 CE:0.2508
2025-12-23 10:37:09,844 - utils.logger2025-12-23-10.35.38 - INFO - Cur epoch 17 loss TA:0.6424 TV:0.7041 VA:1.2629 CE:0.1252
2025-12-23 10:37:10,238 - utils.logger2025-12-23-10.35.38 - INFO - Cur epoch 17 loss TA:0.6914 TV:0.7294 VA:1.3375 CE:0.1808
2025-12-23 10:37:10,611 - utils.logger2025-12-23-10.35.38 - INFO - Cur epoch 17 loss TA:0.6585 TV:0.7184 VA:1.4116 CE:0.1636
2025-12-23 10:37:10,764 - utils.logger2025-12-23-10.35.38 - INFO - saving the model at the end of epoch 17, iters 1173
2025-12-23 10:37:10,849 - utils.logger2025-12-23-10.35.38 - INFO - End of training epoch 17 / 40 	 Time Taken: 3 sec
2025-12-23 10:37:10,849 - utils.logger2025-12-23-10.35.38 - INFO - learning rate = 0.0002000
2025-12-23 10:37:11,432 - utils.logger2025-12-23-10.35.38 - INFO - Val result of epoch 17 / 40 acc 0.7471 uar 0.7372 f1 0.7428
2025-12-23 10:37:11,432 - utils.logger2025-12-23-10.35.38 - INFO - 
[[ 71   5  13   3]
 [  4  71  25  28]
 [  8   6  96  20]
 [  1   1  18 152]]
2025-12-23 10:37:11,970 - utils.logger2025-12-23-10.35.38 - INFO - Tst result of epoch 17 / 40 acc 0.7329 uar 0.7396 f1 0.7407
2025-12-23 10:37:11,970 - utils.logger2025-12-23-10.35.38 - INFO - 
[[113   6  24   5]
 [  5 104  35  14]
 [ 14   8 132  36]
 [  1   0  20 112]]
2025-12-23 10:37:12,503 - utils.logger2025-12-23-10.35.38 - INFO - Cur epoch 18 loss TA:0.5979 TV:0.6560 VA:1.2314 CE:0.1142
2025-12-23 10:37:12,929 - utils.logger2025-12-23-10.35.38 - INFO - Cur epoch 18 loss TA:0.6466 TV:0.6777 VA:1.3463 CE:0.0558
2025-12-23 10:37:13,353 - utils.logger2025-12-23-10.35.38 - INFO - Cur epoch 18 loss TA:0.6931 TV:0.7242 VA:1.3784 CE:0.0677
2025-12-23 10:37:13,762 - utils.logger2025-12-23-10.35.38 - INFO - Cur epoch 18 loss TA:0.6428 TV:0.7167 VA:1.3889 CE:0.2365
2025-12-23 10:37:14,149 - utils.logger2025-12-23-10.35.38 - INFO - Cur epoch 18 loss TA:0.6638 TV:0.6924 VA:1.3470 CE:0.0769
2025-12-23 10:37:14,561 - utils.logger2025-12-23-10.35.38 - INFO - Cur epoch 18 loss TA:0.6912 TV:0.7548 VA:1.3353 CE:0.1048
2025-12-23 10:37:14,976 - utils.logger2025-12-23-10.35.38 - INFO - Cur epoch 18 loss TA:0.6698 TV:0.7125 VA:1.3266 CE:0.3324
2025-12-23 10:37:15,131 - utils.logger2025-12-23-10.35.38 - INFO - saving the model at the end of epoch 18, iters 1242
2025-12-23 10:37:15,229 - utils.logger2025-12-23-10.35.38 - INFO - End of training epoch 18 / 40 	 Time Taken: 3 sec
2025-12-23 10:37:15,229 - utils.logger2025-12-23-10.35.38 - INFO - learning rate = 0.0002000
2025-12-23 10:37:15,749 - utils.logger2025-12-23-10.35.38 - INFO - Val result of epoch 18 / 40 acc 0.7395 uar 0.7404 f1 0.7443
2025-12-23 10:37:15,749 - utils.logger2025-12-23-10.35.38 - INFO - 
[[ 69   6  14   3]
 [  3  96  20   9]
 [ 10   9  94  17]
 [  1  11  33 127]]
2025-12-23 10:37:16,149 - utils.logger2025-12-23-10.35.38 - INFO - Tst result of epoch 18 / 40 acc 0.7377 uar 0.7353 f1 0.7449
2025-12-23 10:37:16,150 - utils.logger2025-12-23-10.35.38 - INFO - 
[[105   9  30   4]
 [  5 122  26   5]
 [ 14   8 143  25]
 [  1   1  37  94]]
2025-12-23 10:37:16,717 - utils.logger2025-12-23-10.35.38 - INFO - Cur epoch 19 loss TA:0.6288 TV:0.6518 VA:1.3285 CE:0.0789
2025-12-23 10:37:17,220 - utils.logger2025-12-23-10.35.38 - INFO - Cur epoch 19 loss TA:0.6297 TV:0.7171 VA:1.3707 CE:0.1334
2025-12-23 10:37:17,740 - utils.logger2025-12-23-10.35.38 - INFO - Cur epoch 19 loss TA:0.6637 TV:0.6964 VA:1.3333 CE:0.2310
2025-12-23 10:37:18,246 - utils.logger2025-12-23-10.35.38 - INFO - Cur epoch 19 loss TA:0.6352 TV:0.7177 VA:1.3287 CE:0.1350
2025-12-23 10:37:18,762 - utils.logger2025-12-23-10.35.38 - INFO - Cur epoch 19 loss TA:0.6085 TV:0.6826 VA:1.2979 CE:0.2134
2025-12-23 10:37:19,297 - utils.logger2025-12-23-10.35.38 - INFO - Cur epoch 19 loss TA:0.6549 TV:0.6781 VA:1.3262 CE:0.0997
2025-12-23 10:37:19,796 - utils.logger2025-12-23-10.35.38 - INFO - Cur epoch 19 loss TA:0.6849 TV:0.7296 VA:1.3321 CE:0.1123
2025-12-23 10:37:19,893 - utils.logger2025-12-23-10.35.38 - INFO - saving the model at the end of epoch 19, iters 1311
2025-12-23 10:37:19,981 - utils.logger2025-12-23-10.35.38 - INFO - End of training epoch 19 / 40 	 Time Taken: 3 sec
2025-12-23 10:37:19,981 - utils.logger2025-12-23-10.35.38 - INFO - learning rate = 0.0002000
2025-12-23 10:37:20,506 - utils.logger2025-12-23-10.35.38 - INFO - Val result of epoch 19 / 40 acc 0.7299 uar 0.7310 f1 0.7374
2025-12-23 10:37:20,506 - utils.logger2025-12-23-10.35.38 - INFO - 
[[ 69   6  15   2]
 [  2  89  28   9]
 [  9   7  97  17]
 [  1   9  36 126]]
2025-12-23 10:37:21,130 - utils.logger2025-12-23-10.35.38 - INFO - Tst result of epoch 19 / 40 acc 0.7329 uar 0.7323 f1 0.7412
2025-12-23 10:37:21,130 - utils.logger2025-12-23-10.35.38 - INFO - 
[[103   9  32   4]
 [  4 122  27   5]
 [ 12  11 139  28]
 [  0   2  34  97]]
2025-12-23 10:37:21,915 - utils.logger2025-12-23-10.35.38 - INFO - Cur epoch 20 loss TA:0.6040 TV:0.6458 VA:1.2948 CE:0.0984
2025-12-23 10:37:22,321 - utils.logger2025-12-23-10.35.38 - INFO - Cur epoch 20 loss TA:0.6317 TV:0.6789 VA:1.2724 CE:0.1241
2025-12-23 10:37:22,701 - utils.logger2025-12-23-10.35.38 - INFO - Cur epoch 20 loss TA:0.6328 TV:0.6877 VA:1.2247 CE:0.2930
2025-12-23 10:37:23,136 - utils.logger2025-12-23-10.35.38 - INFO - Cur epoch 20 loss TA:0.6533 TV:0.6502 VA:1.3006 CE:0.1815
2025-12-23 10:37:23,659 - utils.logger2025-12-23-10.35.38 - INFO - Cur epoch 20 loss TA:0.6320 TV:0.6948 VA:1.3243 CE:0.1097
2025-12-23 10:37:24,136 - utils.logger2025-12-23-10.35.38 - INFO - Cur epoch 20 loss TA:0.6466 TV:0.7203 VA:1.3866 CE:0.1756
2025-12-23 10:37:24,535 - utils.logger2025-12-23-10.35.38 - INFO - Cur epoch 20 loss TA:0.4259 TV:0.4751 VA:0.9034 CE:0.1532
2025-12-23 10:37:24,593 - utils.logger2025-12-23-10.35.38 - INFO - saving the model at the end of epoch 20, iters 1380
2025-12-23 10:37:24,674 - utils.logger2025-12-23-10.35.38 - INFO - End of training epoch 20 / 40 	 Time Taken: 3 sec
2025-12-23 10:37:24,674 - utils.logger2025-12-23-10.35.38 - INFO - learning rate = 0.0002000
2025-12-23 10:37:25,320 - utils.logger2025-12-23-10.35.38 - INFO - Val result of epoch 20 / 40 acc 0.7452 uar 0.7571 f1 0.7530
2025-12-23 10:37:25,321 - utils.logger2025-12-23-10.35.38 - INFO - 
[[ 75   5  11   1]
 [  3 100  20   5]
 [ 12   8 100  10]
 [  2  17  39 114]]
2025-12-23 10:37:25,972 - utils.logger2025-12-23-10.35.38 - INFO - Tst result of epoch 20 / 40 acc 0.7202 uar 0.7131 f1 0.7251
2025-12-23 10:37:25,973 - utils.logger2025-12-23-10.35.38 - INFO - 
[[110  10  25   3]
 [  5 122  28   3]
 [ 20  12 144  14]
 [  1   3  52  77]]
2025-12-23 10:37:26,725 - utils.logger2025-12-23-10.35.38 - INFO - Cur epoch 21 loss TA:0.6030 TV:0.6852 VA:1.3048 CE:0.2464
2025-12-23 10:37:27,279 - utils.logger2025-12-23-10.35.38 - INFO - Cur epoch 21 loss TA:0.6239 TV:0.6826 VA:1.2948 CE:0.2311
2025-12-23 10:37:27,783 - utils.logger2025-12-23-10.35.38 - INFO - Cur epoch 21 loss TA:0.6399 TV:0.7092 VA:1.3541 CE:0.1494
2025-12-23 10:37:28,321 - utils.logger2025-12-23-10.35.38 - INFO - Cur epoch 21 loss TA:0.6384 TV:0.7087 VA:1.2129 CE:0.2247
2025-12-23 10:37:29,148 - utils.logger2025-12-23-10.35.38 - INFO - Cur epoch 21 loss TA:0.6833 TV:0.7127 VA:1.3067 CE:0.0856
2025-12-23 10:37:29,565 - utils.logger2025-12-23-10.35.38 - INFO - Cur epoch 21 loss TA:0.6253 TV:0.6737 VA:1.2217 CE:0.1432
2025-12-23 10:37:30,030 - utils.logger2025-12-23-10.35.38 - INFO - saving the model at the end of epoch 21, iters 1449
2025-12-23 10:37:30,139 - utils.logger2025-12-23-10.35.38 - INFO - End of training epoch 21 / 40 	 Time Taken: 4 sec
2025-12-23 10:37:30,139 - utils.logger2025-12-23-10.35.38 - INFO - learning rate = 0.0002000
2025-12-23 10:37:30,491 - utils.logger2025-12-23-10.35.38 - INFO - Val result of epoch 21 / 40 acc 0.7778 uar 0.7748 f1 0.7808
2025-12-23 10:37:30,492 - utils.logger2025-12-23-10.35.38 - INFO - 
[[ 71   6  13   2]
 [  2  96  19  11]
 [  7   7 100  16]
 [  0   9  24 139]]
2025-12-23 10:37:30,885 - utils.logger2025-12-23-10.35.38 - INFO - Tst result of epoch 21 / 40 acc 0.7424 uar 0.7421 f1 0.7497
2025-12-23 10:37:30,885 - utils.logger2025-12-23-10.35.38 - INFO - 
[[106  12  26   4]
 [  4 123  27   4]
 [ 11   9 140  30]
 [  1   1  33  98]]
2025-12-23 10:37:31,143 - utils.logger2025-12-23-10.35.38 - INFO - Cur epoch 22 loss TA:0.6072 TV:0.6464 VA:1.2325 CE:0.0611
2025-12-23 10:37:31,752 - utils.logger2025-12-23-10.35.38 - INFO - Cur epoch 22 loss TA:0.6094 TV:0.6837 VA:1.3002 CE:0.1308
2025-12-23 10:37:32,395 - utils.logger2025-12-23-10.35.38 - INFO - Cur epoch 22 loss TA:0.6432 TV:0.6974 VA:1.2987 CE:0.1187
2025-12-23 10:37:33,193 - utils.logger2025-12-23-10.35.38 - INFO - Cur epoch 22 loss TA:0.6222 TV:0.6417 VA:1.2350 CE:0.0935
2025-12-23 10:37:33,556 - utils.logger2025-12-23-10.35.38 - INFO - Cur epoch 22 loss TA:0.6314 TV:0.6806 VA:1.3245 CE:0.1586
2025-12-23 10:37:33,955 - utils.logger2025-12-23-10.35.38 - INFO - Cur epoch 22 loss TA:0.5944 TV:0.6546 VA:1.2784 CE:0.0832
2025-12-23 10:37:34,460 - utils.logger2025-12-23-10.35.38 - INFO - Cur epoch 22 loss TA:0.6186 TV:0.6416 VA:1.2483 CE:0.0676
2025-12-23 10:37:34,969 - utils.logger2025-12-23-10.35.38 - INFO - saving the model at the end of epoch 22, iters 1518
2025-12-23 10:37:35,075 - utils.logger2025-12-23-10.35.38 - INFO - End of training epoch 22 / 40 	 Time Taken: 4 sec
2025-12-23 10:37:35,075 - utils.logger2025-12-23-10.35.38 - INFO - learning rate = 0.0002000
2025-12-23 10:37:35,486 - utils.logger2025-12-23-10.35.38 - INFO - Val result of epoch 22 / 40 acc 0.7644 uar 0.7633 f1 0.7644
2025-12-23 10:37:35,487 - utils.logger2025-12-23-10.35.38 - INFO - 
[[ 71  10  10   1]
 [  2 101  15  10]
 [ 12  10  92  16]
 [  2  11  24 135]]
2025-12-23 10:37:35,901 - utils.logger2025-12-23-10.35.38 - INFO - Tst result of epoch 22 / 40 acc 0.7393 uar 0.7427 f1 0.7440
2025-12-23 10:37:35,901 - utils.logger2025-12-23-10.35.38 - INFO - 
[[114  14  16   4]
 [  7 128  20   3]
 [ 23  11 127  29]
 [  2   2  33  96]]
2025-12-23 10:37:36,206 - utils.logger2025-12-23-10.35.38 - INFO - Cur epoch 23 loss TA:0.6254 TV:0.6810 VA:1.2905 CE:0.1900
2025-12-23 10:37:37,039 - utils.logger2025-12-23-10.35.38 - INFO - Cur epoch 23 loss TA:0.5967 TV:0.6628 VA:1.2683 CE:0.1763
2025-12-23 10:37:37,447 - utils.logger2025-12-23-10.35.38 - INFO - Cur epoch 23 loss TA:0.6335 TV:0.6792 VA:1.2931 CE:0.1441
2025-12-23 10:37:37,894 - utils.logger2025-12-23-10.35.38 - INFO - Cur epoch 23 loss TA:0.6113 TV:0.6784 VA:1.2941 CE:0.1725
2025-12-23 10:37:38,388 - utils.logger2025-12-23-10.35.38 - INFO - Cur epoch 23 loss TA:0.5829 TV:0.6398 VA:1.2095 CE:0.0726
2025-12-23 10:37:38,881 - utils.logger2025-12-23-10.35.38 - INFO - Cur epoch 23 loss TA:0.6149 TV:0.6670 VA:1.2675 CE:0.0519
2025-12-23 10:37:39,411 - utils.logger2025-12-23-10.35.38 - INFO - Cur epoch 23 loss TA:0.6169 TV:0.6443 VA:1.2515 CE:0.0473
2025-12-23 10:37:39,850 - utils.logger2025-12-23-10.35.38 - INFO - saving the model at the end of epoch 23, iters 1587
2025-12-23 10:37:39,960 - utils.logger2025-12-23-10.35.38 - INFO - End of training epoch 23 / 40 	 Time Taken: 4 sec
2025-12-23 10:37:39,960 - utils.logger2025-12-23-10.35.38 - INFO - learning rate = 0.0002000
2025-12-23 10:37:40,567 - utils.logger2025-12-23-10.35.38 - INFO - Val result of epoch 23 / 40 acc 0.7567 uar 0.7517 f1 0.7588
2025-12-23 10:37:40,567 - utils.logger2025-12-23-10.35.38 - INFO - 
[[ 65   9  16   2]
 [  1  96  19  12]
 [  7   6 101  16]
 [  1  10  28 133]]
2025-12-23 10:37:41,345 - utils.logger2025-12-23-10.35.38 - INFO - Tst result of epoch 23 / 40 acc 0.7266 uar 0.7251 f1 0.7339
2025-12-23 10:37:41,345 - utils.logger2025-12-23-10.35.38 - INFO - 
[[103  15  25   5]
 [  3 119  32   4]
 [ 14   9 140  27]
 [  0   2  36  95]]
2025-12-23 10:37:41,803 - utils.logger2025-12-23-10.35.38 - INFO - Cur epoch 24 loss TA:0.6161 TV:0.6643 VA:1.2529 CE:0.0942
2025-12-23 10:37:42,222 - utils.logger2025-12-23-10.35.38 - INFO - Cur epoch 24 loss TA:0.5951 TV:0.6197 VA:1.1463 CE:0.0512
2025-12-23 10:37:42,704 - utils.logger2025-12-23-10.35.38 - INFO - Cur epoch 24 loss TA:0.6410 TV:0.6816 VA:1.2786 CE:0.1035
2025-12-23 10:37:43,221 - utils.logger2025-12-23-10.35.38 - INFO - Cur epoch 24 loss TA:0.6102 TV:0.6821 VA:1.2580 CE:0.0606
2025-12-23 10:37:43,729 - utils.logger2025-12-23-10.35.38 - INFO - Cur epoch 24 loss TA:0.6339 TV:0.6923 VA:1.2720 CE:0.0502
2025-12-23 10:37:44,262 - utils.logger2025-12-23-10.35.38 - INFO - Cur epoch 24 loss TA:0.6416 TV:0.6699 VA:1.2787 CE:0.2124
2025-12-23 10:37:44,827 - utils.logger2025-12-23-10.35.38 - INFO - Cur epoch 24 loss TA:0.6236 TV:0.7040 VA:1.2846 CE:0.1269
2025-12-23 10:37:45,508 - utils.logger2025-12-23-10.35.38 - INFO - saving the model at the end of epoch 24, iters 1656
2025-12-23 10:37:45,610 - utils.logger2025-12-23-10.35.38 - INFO - End of training epoch 24 / 40 	 Time Taken: 4 sec
2025-12-23 10:37:45,610 - utils.logger2025-12-23-10.35.38 - INFO - learning rate = 0.0002000
2025-12-23 10:37:46,055 - utils.logger2025-12-23-10.35.38 - INFO - Val result of epoch 24 / 40 acc 0.7548 uar 0.7534 f1 0.7530
2025-12-23 10:37:46,055 - utils.logger2025-12-23-10.35.38 - INFO - 
[[ 77   3  11   1]
 [  4  88  15  21]
 [ 17  10  84  19]
 [  2   3  22 145]]
2025-12-23 10:37:46,539 - utils.logger2025-12-23-10.35.38 - INFO - Tst result of epoch 24 / 40 acc 0.7393 uar 0.7452 f1 0.7462
2025-12-23 10:37:46,540 - utils.logger2025-12-23-10.35.38 - INFO - 
[[115  10  19   4]
 [  6 117  27   8]
 [ 19  10 128  33]
 [  1   1  26 105]]
2025-12-23 10:37:46,967 - utils.logger2025-12-23-10.35.38 - INFO - Cur epoch 25 loss TA:0.6121 TV:0.6729 VA:1.2117 CE:0.0875
2025-12-23 10:37:47,473 - utils.logger2025-12-23-10.35.38 - INFO - Cur epoch 25 loss TA:0.6076 TV:0.6355 VA:1.1954 CE:0.1123
2025-12-23 10:37:47,941 - utils.logger2025-12-23-10.35.38 - INFO - Cur epoch 25 loss TA:0.6454 TV:0.6865 VA:1.2719 CE:0.1529
2025-12-23 10:37:48,428 - utils.logger2025-12-23-10.35.38 - INFO - Cur epoch 25 loss TA:0.6465 TV:0.7013 VA:1.2900 CE:0.1057
2025-12-23 10:37:49,012 - utils.logger2025-12-23-10.35.38 - INFO - Cur epoch 25 loss TA:0.6100 TV:0.6618 VA:1.2773 CE:0.0455
2025-12-23 10:37:49,641 - utils.logger2025-12-23-10.35.38 - INFO - Cur epoch 25 loss TA:0.6225 TV:0.6964 VA:1.2728 CE:0.1666
2025-12-23 10:37:50,121 - utils.logger2025-12-23-10.35.38 - INFO - Cur epoch 25 loss TA:0.6357 TV:0.7029 VA:1.2579 CE:0.1819
2025-12-23 10:37:50,719 - utils.logger2025-12-23-10.35.38 - INFO - saving the model at the end of epoch 25, iters 1725
2025-12-23 10:37:50,814 - utils.logger2025-12-23-10.35.38 - INFO - End of training epoch 25 / 40 	 Time Taken: 4 sec
2025-12-23 10:37:50,815 - utils.logger2025-12-23-10.35.38 - INFO - learning rate = 0.0002000
2025-12-23 10:37:51,464 - utils.logger2025-12-23-10.35.38 - INFO - Val result of epoch 25 / 40 acc 0.7433 uar 0.7297 f1 0.7410
2025-12-23 10:37:51,465 - utils.logger2025-12-23-10.35.38 - INFO - 
[[ 58   7  23   4]
 [  2  90  23  13]
 [  6   6 101  17]
 [  0   6  27 139]]
2025-12-23 10:37:52,092 - utils.logger2025-12-23-10.35.38 - INFO - Tst result of epoch 25 / 40 acc 0.7186 uar 0.7159 f1 0.7269
2025-12-23 10:37:52,093 - utils.logger2025-12-23-10.35.38 - INFO - 
[[ 95  12  36   5]
 [  5 114  34   5]
 [  5   7 145  33]
 [  0   1  34  98]]
2025-12-23 10:37:52,589 - utils.logger2025-12-23-10.35.38 - INFO - Cur epoch 26 loss TA:0.6315 TV:0.7030 VA:1.2971 CE:0.1741
2025-12-23 10:37:53,091 - utils.logger2025-12-23-10.35.38 - INFO - Cur epoch 26 loss TA:0.6097 TV:0.6498 VA:1.2440 CE:0.0757
2025-12-23 10:37:53,622 - utils.logger2025-12-23-10.35.38 - INFO - Cur epoch 26 loss TA:0.6387 TV:0.6820 VA:1.2312 CE:0.1363
2025-12-23 10:37:54,190 - utils.logger2025-12-23-10.35.38 - INFO - Cur epoch 26 loss TA:0.5953 TV:0.6601 VA:1.2302 CE:0.0324
2025-12-23 10:37:55,271 - utils.logger2025-12-23-10.35.38 - INFO - Cur epoch 26 loss TA:0.6181 TV:0.6532 VA:1.1759 CE:0.0596
2025-12-23 10:37:56,142 - utils.logger2025-12-23-10.35.38 - INFO - Cur epoch 26 loss TA:0.6239 TV:0.6852 VA:1.3148 CE:0.0466
2025-12-23 10:37:56,618 - utils.logger2025-12-23-10.35.38 - INFO - Cur epoch 26 loss TA:0.6165 TV:0.6909 VA:1.3006 CE:0.2695
2025-12-23 10:37:56,874 - utils.logger2025-12-23-10.35.38 - INFO - saving the model at the end of epoch 26, iters 1794
2025-12-23 10:37:56,990 - utils.logger2025-12-23-10.35.38 - INFO - End of training epoch 26 / 40 	 Time Taken: 4 sec
2025-12-23 10:37:56,990 - utils.logger2025-12-23-10.35.38 - INFO - learning rate = 0.0002000
2025-12-23 10:37:57,570 - utils.logger2025-12-23-10.35.38 - INFO - Val result of epoch 26 / 40 acc 0.7107 uar 0.7273 f1 0.7220
2025-12-23 10:37:57,571 - utils.logger2025-12-23-10.35.38 - INFO - 
[[ 72   8  11   1]
 [  2 104  18   4]
 [ 11  13  96  10]
 [  1  21  51  99]]
2025-12-23 10:37:58,190 - utils.logger2025-12-23-10.35.38 - INFO - Tst result of epoch 26 / 40 acc 0.7345 uar 0.7237 f1 0.7369
2025-12-23 10:37:58,190 - utils.logger2025-12-23-10.35.38 - INFO - 
[[110  15  21   2]
 [  5 124  29   0]
 [ 13  16 154   7]
 [  1   6  52  74]]
2025-12-23 10:37:58,914 - utils.logger2025-12-23-10.35.38 - INFO - Cur epoch 27 loss TA:0.6220 TV:0.6667 VA:1.2714 CE:0.0646
2025-12-23 10:37:59,702 - utils.logger2025-12-23-10.35.38 - INFO - Cur epoch 27 loss TA:0.5672 TV:0.6047 VA:1.1582 CE:0.0124
2025-12-23 10:38:00,564 - utils.logger2025-12-23-10.35.38 - INFO - Cur epoch 27 loss TA:0.5883 TV:0.6457 VA:1.2040 CE:0.0497
2025-12-23 10:38:01,206 - utils.logger2025-12-23-10.35.38 - INFO - Cur epoch 27 loss TA:0.6223 TV:0.6672 VA:1.2149 CE:0.0069
2025-12-23 10:38:01,710 - utils.logger2025-12-23-10.35.38 - INFO - Cur epoch 27 loss TA:0.6120 TV:0.6579 VA:1.2376 CE:0.1458
2025-12-23 10:38:02,252 - utils.logger2025-12-23-10.35.38 - INFO - Cur epoch 27 loss TA:0.6652 TV:0.6928 VA:1.3097 CE:0.2700
2025-12-23 10:38:02,813 - utils.logger2025-12-23-10.35.38 - INFO - Cur epoch 27 loss TA:0.6486 TV:0.6983 VA:1.2033 CE:0.1276
2025-12-23 10:38:03,042 - utils.logger2025-12-23-10.35.38 - INFO - saving the model at the end of epoch 27, iters 1863
2025-12-23 10:38:03,154 - utils.logger2025-12-23-10.35.38 - INFO - End of training epoch 27 / 40 	 Time Taken: 4 sec
2025-12-23 10:38:03,154 - utils.logger2025-12-23-10.35.38 - INFO - learning rate = 0.0002000
2025-12-23 10:38:03,746 - utils.logger2025-12-23-10.35.38 - INFO - Val result of epoch 27 / 40 acc 0.7529 uar 0.7481 f1 0.7563
2025-12-23 10:38:03,747 - utils.logger2025-12-23-10.35.38 - INFO - 
[[ 68   4  18   2]
 [  2  89  25  12]
 [  8   6  99  17]
 [  1   6  28 137]]
2025-12-23 10:38:04,386 - utils.logger2025-12-23-10.35.38 - INFO - Tst result of epoch 27 / 40 acc 0.7218 uar 0.7230 f1 0.7321
2025-12-23 10:38:04,386 - utils.logger2025-12-23-10.35.38 - INFO - 
[[106   9  29   4]
 [  5 109  38   6]
 [ 12   7 138  33]
 [  0   0  32 101]]
2025-12-23 10:38:05,381 - utils.logger2025-12-23-10.35.38 - INFO - Cur epoch 28 loss TA:0.5798 TV:0.6394 VA:1.1963 CE:0.0737
2025-12-23 10:38:05,828 - utils.logger2025-12-23-10.35.38 - INFO - Cur epoch 28 loss TA:0.6047 TV:0.6562 VA:1.1508 CE:0.1543
2025-12-23 10:38:06,288 - utils.logger2025-12-23-10.35.38 - INFO - Cur epoch 28 loss TA:0.6200 TV:0.6838 VA:1.2232 CE:0.1654
2025-12-23 10:38:06,810 - utils.logger2025-12-23-10.35.38 - INFO - Cur epoch 28 loss TA:0.6125 TV:0.7035 VA:1.2630 CE:0.1129
2025-12-23 10:38:07,323 - utils.logger2025-12-23-10.35.38 - INFO - Cur epoch 28 loss TA:0.6161 TV:0.6654 VA:1.2899 CE:0.1549
2025-12-23 10:38:07,807 - utils.logger2025-12-23-10.35.38 - INFO - Cur epoch 28 loss TA:0.5840 TV:0.6464 VA:1.2171 CE:0.0878
2025-12-23 10:38:08,373 - utils.logger2025-12-23-10.35.38 - INFO - Cur epoch 28 loss TA:0.5683 TV:0.6309 VA:1.1487 CE:0.1315
2025-12-23 10:38:08,554 - utils.logger2025-12-23-10.35.38 - INFO - saving the model at the end of epoch 28, iters 1932
2025-12-23 10:38:08,662 - utils.logger2025-12-23-10.35.38 - INFO - End of training epoch 28 / 40 	 Time Taken: 4 sec
2025-12-23 10:38:08,662 - utils.logger2025-12-23-10.35.38 - INFO - learning rate = 0.0002000
2025-12-23 10:38:09,169 - utils.logger2025-12-23-10.35.38 - INFO - Val result of epoch 28 / 40 acc 0.7529 uar 0.7544 f1 0.7569
2025-12-23 10:38:09,170 - utils.logger2025-12-23-10.35.38 - INFO - 
[[ 76   6   9   1]
 [  2  87  25  14]
 [ 13   5  93  19]
 [  1   6  28 137]]
2025-12-23 10:38:10,072 - utils.logger2025-12-23-10.35.38 - INFO - Tst result of epoch 28 / 40 acc 0.7536 uar 0.7580 f1 0.7616
2025-12-23 10:38:10,072 - utils.logger2025-12-23-10.35.38 - INFO - 
[[117   8  21   2]
 [  8 118  29   3]
 [ 20   7 134  29]
 [  2   0  26 105]]
2025-12-23 10:38:11,253 - utils.logger2025-12-23-10.35.38 - INFO - Cur epoch 29 loss TA:0.5816 TV:0.6404 VA:1.1797 CE:0.0314
2025-12-23 10:38:11,718 - utils.logger2025-12-23-10.35.38 - INFO - Cur epoch 29 loss TA:0.6097 TV:0.6547 VA:1.2382 CE:0.1861
2025-12-23 10:38:12,221 - utils.logger2025-12-23-10.35.38 - INFO - Cur epoch 29 loss TA:0.5918 TV:0.6643 VA:1.2333 CE:0.1470
2025-12-23 10:38:12,730 - utils.logger2025-12-23-10.35.38 - INFO - Cur epoch 29 loss TA:0.6086 TV:0.6493 VA:1.1626 CE:0.1711
2025-12-23 10:38:13,239 - utils.logger2025-12-23-10.35.38 - INFO - Cur epoch 29 loss TA:0.6145 TV:0.6431 VA:1.2428 CE:0.1984
2025-12-23 10:38:13,742 - utils.logger2025-12-23-10.35.38 - INFO - Cur epoch 29 loss TA:0.6607 TV:0.6982 VA:1.1859 CE:0.0826
2025-12-23 10:38:14,467 - utils.logger2025-12-23-10.35.38 - INFO - Cur epoch 29 loss TA:0.6285 TV:0.6861 VA:1.2783 CE:0.1211
2025-12-23 10:38:14,599 - utils.logger2025-12-23-10.35.38 - INFO - saving the model at the end of epoch 29, iters 2001
2025-12-23 10:38:14,690 - utils.logger2025-12-23-10.35.38 - INFO - End of training epoch 29 / 40 	 Time Taken: 4 sec
2025-12-23 10:38:14,691 - utils.logger2025-12-23-10.35.38 - INFO - learning rate = 0.0002000
2025-12-23 10:38:15,587 - utils.logger2025-12-23-10.35.38 - INFO - Val result of epoch 29 / 40 acc 0.7510 uar 0.7441 f1 0.7548
2025-12-23 10:38:15,587 - utils.logger2025-12-23-10.35.38 - INFO - 
[[ 66   6  17   3]
 [  1  88  24  15]
 [  6   6 100  18]
 [  1   3  30 138]]
2025-12-23 10:38:16,228 - utils.logger2025-12-23-10.35.38 - INFO - Tst result of epoch 29 / 40 acc 0.7250 uar 0.7242 f1 0.7327
2025-12-23 10:38:16,228 - utils.logger2025-12-23-10.35.38 - INFO - 
[[104  11  29   4]
 [  5 113  31   9]
 [ 15   6 141  28]
 [  0   1  34  98]]
2025-12-23 10:38:16,929 - utils.logger2025-12-23-10.35.38 - INFO - Cur epoch 30 loss TA:0.6190 TV:0.6665 VA:1.1992 CE:0.0310
2025-12-23 10:38:17,434 - utils.logger2025-12-23-10.35.38 - INFO - Cur epoch 30 loss TA:0.5661 TV:0.6203 VA:1.1201 CE:0.0518
2025-12-23 10:38:17,943 - utils.logger2025-12-23-10.35.38 - INFO - Cur epoch 30 loss TA:0.5744 TV:0.6089 VA:1.1727 CE:0.1551
2025-12-23 10:38:18,444 - utils.logger2025-12-23-10.35.38 - INFO - Cur epoch 30 loss TA:0.5926 TV:0.6652 VA:1.2434 CE:0.0486
2025-12-23 10:38:19,118 - utils.logger2025-12-23-10.35.38 - INFO - Cur epoch 30 loss TA:0.5888 TV:0.6176 VA:1.1747 CE:0.0200
2025-12-23 10:38:19,576 - utils.logger2025-12-23-10.35.38 - INFO - Cur epoch 30 loss TA:0.5891 TV:0.6146 VA:1.1584 CE:0.1056
2025-12-23 10:38:20,067 - utils.logger2025-12-23-10.35.38 - INFO - Cur epoch 30 loss TA:0.3992 TV:0.4341 VA:0.8559 CE:0.0096
2025-12-23 10:38:20,132 - utils.logger2025-12-23-10.35.38 - INFO - saving the model at the end of epoch 30, iters 2070
2025-12-23 10:38:20,230 - utils.logger2025-12-23-10.35.38 - INFO - End of training epoch 30 / 40 	 Time Taken: 4 sec
2025-12-23 10:38:20,230 - utils.logger2025-12-23-10.35.38 - INFO - learning rate = 0.0001818
2025-12-23 10:38:20,811 - utils.logger2025-12-23-10.35.38 - INFO - Val result of epoch 30 / 40 acc 0.7375 uar 0.7225 f1 0.7327
2025-12-23 10:38:20,812 - utils.logger2025-12-23-10.35.38 - INFO - 
[[ 55  14  20   3]
 [  0  93  22  13]
 [  7   7 100  16]
 [  1   5  29 137]]
2025-12-23 10:38:21,233 - utils.logger2025-12-23-10.35.38 - INFO - Tst result of epoch 30 / 40 acc 0.7107 uar 0.7079 f1 0.7177
2025-12-23 10:38:21,233 - utils.logger2025-12-23-10.35.38 - INFO - 
[[ 96  20  27   5]
 [  1 118  32   7]
 [  8  11 140  31]
 [  0   1  39  93]]
2025-12-23 10:38:22,147 - utils.logger2025-12-23-10.35.38 - INFO - Cur epoch 31 loss TA:0.5966 TV:0.6557 VA:1.2005 CE:0.1015
2025-12-23 10:38:22,647 - utils.logger2025-12-23-10.35.38 - INFO - Cur epoch 31 loss TA:0.5846 TV:0.6408 VA:1.1775 CE:0.0445
2025-12-23 10:38:23,101 - utils.logger2025-12-23-10.35.38 - INFO - Cur epoch 31 loss TA:0.5918 TV:0.6448 VA:1.2055 CE:0.0411
2025-12-23 10:38:23,575 - utils.logger2025-12-23-10.35.38 - INFO - Cur epoch 31 loss TA:0.6193 TV:0.6452 VA:1.2073 CE:0.0619
2025-12-23 10:38:24,007 - utils.logger2025-12-23-10.35.38 - INFO - Cur epoch 31 loss TA:0.6351 TV:0.6765 VA:1.1775 CE:0.1387
2025-12-23 10:38:24,442 - utils.logger2025-12-23-10.35.38 - INFO - Cur epoch 31 loss TA:0.6120 TV:0.6464 VA:1.2282 CE:0.1062
2025-12-23 10:38:24,911 - utils.logger2025-12-23-10.35.38 - INFO - saving the model at the end of epoch 31, iters 2139
2025-12-23 10:38:25,019 - utils.logger2025-12-23-10.35.38 - INFO - End of training epoch 31 / 40 	 Time Taken: 3 sec
2025-12-23 10:38:25,019 - utils.logger2025-12-23-10.35.38 - INFO - learning rate = 0.0001636
2025-12-23 10:38:25,551 - utils.logger2025-12-23-10.35.38 - INFO - Val result of epoch 31 / 40 acc 0.7586 uar 0.7510 f1 0.7565
2025-12-23 10:38:25,551 - utils.logger2025-12-23-10.35.38 - INFO - 
[[ 67  12  10   3]
 [  1  97  15  15]
 [ 10  12  90  18]
 [  1  10  19 142]]
2025-12-23 10:38:26,154 - utils.logger2025-12-23-10.35.38 - INFO - Tst result of epoch 31 / 40 acc 0.7440 uar 0.7482 f1 0.7498
2025-12-23 10:38:26,154 - utils.logger2025-12-23-10.35.38 - INFO - 
[[106  19  18   5]
 [  2 126  24   6]
 [ 12  14 131  33]
 [  0   2  26 105]]
2025-12-23 10:38:26,536 - utils.logger2025-12-23-10.35.38 - INFO - Cur epoch 32 loss TA:0.5840 TV:0.6158 VA:1.1904 CE:0.0714
2025-12-23 10:38:26,991 - utils.logger2025-12-23-10.35.38 - INFO - Cur epoch 32 loss TA:0.5607 TV:0.6269 VA:1.1597 CE:0.0531
2025-12-23 10:38:27,427 - utils.logger2025-12-23-10.35.38 - INFO - Cur epoch 32 loss TA:0.5776 TV:0.6404 VA:1.2253 CE:0.0149
2025-12-23 10:38:27,836 - utils.logger2025-12-23-10.35.38 - INFO - Cur epoch 32 loss TA:0.5975 TV:0.6561 VA:1.1977 CE:0.0469
2025-12-23 10:38:28,294 - utils.logger2025-12-23-10.35.38 - INFO - Cur epoch 32 loss TA:0.5949 TV:0.6437 VA:1.2167 CE:0.0592
2025-12-23 10:38:28,802 - utils.logger2025-12-23-10.35.38 - INFO - Cur epoch 32 loss TA:0.5983 TV:0.6445 VA:1.1848 CE:0.0903
2025-12-23 10:38:29,320 - utils.logger2025-12-23-10.35.38 - INFO - Cur epoch 32 loss TA:0.5859 TV:0.6429 VA:1.1922 CE:0.0866
2025-12-23 10:38:29,775 - utils.logger2025-12-23-10.35.38 - INFO - saving the model at the end of epoch 32, iters 2208
2025-12-23 10:38:29,884 - utils.logger2025-12-23-10.35.38 - INFO - End of training epoch 32 / 40 	 Time Taken: 3 sec
2025-12-23 10:38:29,884 - utils.logger2025-12-23-10.35.38 - INFO - learning rate = 0.0001455
2025-12-23 10:38:30,470 - utils.logger2025-12-23-10.35.38 - INFO - Val result of epoch 32 / 40 acc 0.7203 uar 0.7159 f1 0.7255
2025-12-23 10:38:30,471 - utils.logger2025-12-23-10.35.38 - INFO - 
[[ 61   8  20   3]
 [  1  87  27  13]
 [  9   3 104  14]
 [  1   5  42 124]]
2025-12-23 10:38:31,591 - utils.logger2025-12-23-10.35.38 - INFO - Tst result of epoch 32 / 40 acc 0.7138 uar 0.7037 f1 0.7230
2025-12-23 10:38:31,591 - utils.logger2025-12-23-10.35.38 - INFO - 
[[100   9  36   3]
 [  3 108  43   4]
 [ 10   5 158  17]
 [  0   0  50  83]]
2025-12-23 10:38:32,306 - utils.logger2025-12-23-10.35.38 - INFO - Cur epoch 33 loss TA:0.6196 TV:0.6588 VA:1.1698 CE:0.0360
2025-12-23 10:38:33,012 - utils.logger2025-12-23-10.35.38 - INFO - Cur epoch 33 loss TA:0.6150 TV:0.6548 VA:1.1576 CE:0.0318
2025-12-23 10:38:33,479 - utils.logger2025-12-23-10.35.38 - INFO - Cur epoch 33 loss TA:0.5606 TV:0.5993 VA:1.1286 CE:0.0775
2025-12-23 10:38:34,014 - utils.logger2025-12-23-10.35.38 - INFO - Cur epoch 33 loss TA:0.5795 TV:0.6011 VA:1.1210 CE:0.0833
2025-12-23 10:38:34,495 - utils.logger2025-12-23-10.35.38 - INFO - Cur epoch 33 loss TA:0.5629 TV:0.6201 VA:1.1267 CE:0.2569
2025-12-23 10:38:35,016 - utils.logger2025-12-23-10.35.38 - INFO - Cur epoch 33 loss TA:0.5771 TV:0.6209 VA:1.1629 CE:0.1199
2025-12-23 10:38:35,534 - utils.logger2025-12-23-10.35.38 - INFO - Cur epoch 33 loss TA:0.5935 TV:0.6491 VA:1.2122 CE:0.0469
2025-12-23 10:38:35,978 - utils.logger2025-12-23-10.35.38 - INFO - saving the model at the end of epoch 33, iters 2277
2025-12-23 10:38:36,081 - utils.logger2025-12-23-10.35.38 - INFO - End of training epoch 33 / 40 	 Time Taken: 4 sec
2025-12-23 10:38:36,081 - utils.logger2025-12-23-10.35.38 - INFO - learning rate = 0.0001273
2025-12-23 10:38:36,990 - utils.logger2025-12-23-10.35.38 - INFO - Val result of epoch 33 / 40 acc 0.7529 uar 0.7439 f1 0.7524
2025-12-23 10:38:36,991 - utils.logger2025-12-23-10.35.38 - INFO - 
[[ 63   9  17   3]
 [  0  97  16  15]
 [  8   9  95  18]
 [  1   9  24 138]]
2025-12-23 10:38:37,758 - utils.logger2025-12-23-10.35.38 - INFO - Tst result of epoch 33 / 40 acc 0.7393 uar 0.7390 f1 0.7456
2025-12-23 10:38:37,758 - utils.logger2025-12-23-10.35.38 - INFO - 
[[104  15  24   5]
 [  3 124  25   6]
 [ 12  10 139  29]
 [  0   1  34  98]]
2025-12-23 10:38:38,409 - utils.logger2025-12-23-10.35.38 - INFO - Cur epoch 34 loss TA:0.5836 TV:0.6401 VA:1.1923 CE:0.0633
2025-12-23 10:38:38,944 - utils.logger2025-12-23-10.35.38 - INFO - Cur epoch 34 loss TA:0.5608 TV:0.6209 VA:1.1573 CE:0.0415
2025-12-23 10:38:39,458 - utils.logger2025-12-23-10.35.38 - INFO - Cur epoch 34 loss TA:0.6277 TV:0.6747 VA:1.1760 CE:0.0210
2025-12-23 10:38:39,956 - utils.logger2025-12-23-10.35.38 - INFO - Cur epoch 34 loss TA:0.5561 TV:0.6189 VA:1.1829 CE:0.0845
2025-12-23 10:38:40,451 - utils.logger2025-12-23-10.35.38 - INFO - Cur epoch 34 loss TA:0.5733 TV:0.6204 VA:1.1623 CE:0.0738
2025-12-23 10:38:40,961 - utils.logger2025-12-23-10.35.38 - INFO - Cur epoch 34 loss TA:0.5779 TV:0.6240 VA:1.1556 CE:0.0412
2025-12-23 10:38:41,384 - utils.logger2025-12-23-10.35.38 - INFO - Cur epoch 34 loss TA:0.5918 TV:0.6296 VA:1.1174 CE:0.0203
2025-12-23 10:38:41,656 - utils.logger2025-12-23-10.35.38 - INFO - saving the model at the end of epoch 34, iters 2346
2025-12-23 10:38:41,744 - utils.logger2025-12-23-10.35.38 - INFO - End of training epoch 34 / 40 	 Time Taken: 3 sec
2025-12-23 10:38:41,744 - utils.logger2025-12-23-10.35.38 - INFO - learning rate = 0.0001091
2025-12-23 10:38:42,218 - utils.logger2025-12-23-10.35.38 - INFO - Val result of epoch 34 / 40 acc 0.7567 uar 0.7560 f1 0.7614
2025-12-23 10:38:42,218 - utils.logger2025-12-23-10.35.38 - INFO - 
[[ 68   7  14   3]
 [  0  99  18  11]
 [  9   7  99  15]
 [  1  11  31 129]]
2025-12-23 10:38:42,632 - utils.logger2025-12-23-10.35.38 - INFO - Tst result of epoch 34 / 40 acc 0.7377 uar 0.7334 f1 0.7440
2025-12-23 10:38:42,632 - utils.logger2025-12-23-10.35.38 - INFO - 
[[109  11  24   4]
 [  2 122  29   5]
 [ 14   9 145  22]
 [  2   1  42  88]]
2025-12-23 10:38:43,029 - utils.logger2025-12-23-10.35.38 - INFO - Cur epoch 35 loss TA:0.5886 TV:0.6508 VA:1.1556 CE:0.0568
2025-12-23 10:38:43,512 - utils.logger2025-12-23-10.35.38 - INFO - Cur epoch 35 loss TA:0.5629 TV:0.6099 VA:1.1138 CE:0.0258
2025-12-23 10:38:43,960 - utils.logger2025-12-23-10.35.38 - INFO - Cur epoch 35 loss TA:0.5608 TV:0.5831 VA:1.1143 CE:0.0529
2025-12-23 10:38:44,440 - utils.logger2025-12-23-10.35.38 - INFO - Cur epoch 35 loss TA:0.6101 TV:0.6635 VA:1.1829 CE:0.0590
2025-12-23 10:38:45,085 - utils.logger2025-12-23-10.35.38 - INFO - Cur epoch 35 loss TA:0.5645 TV:0.6316 VA:1.2132 CE:0.0142
2025-12-23 10:38:45,865 - utils.logger2025-12-23-10.35.38 - INFO - Cur epoch 35 loss TA:0.5976 TV:0.6483 VA:1.1460 CE:0.0456
2025-12-23 10:38:46,454 - utils.logger2025-12-23-10.35.38 - INFO - Cur epoch 35 loss TA:0.5845 TV:0.6421 VA:1.2201 CE:0.0352
2025-12-23 10:38:46,709 - utils.logger2025-12-23-10.35.38 - INFO - saving the model at the end of epoch 35, iters 2415
2025-12-23 10:38:46,804 - utils.logger2025-12-23-10.35.38 - INFO - End of training epoch 35 / 40 	 Time Taken: 4 sec
2025-12-23 10:38:46,804 - utils.logger2025-12-23-10.35.38 - INFO - learning rate = 0.0000909
2025-12-23 10:38:47,330 - utils.logger2025-12-23-10.35.38 - INFO - Val result of epoch 35 / 40 acc 0.7414 uar 0.7432 f1 0.7466
2025-12-23 10:38:47,331 - utils.logger2025-12-23-10.35.38 - INFO - 
[[ 67  10  13   2]
 [  1 102  17   8]
 [ 10  10  96  14]
 [  1  10  39 122]]
2025-12-23 10:38:47,762 - utils.logger2025-12-23-10.35.38 - INFO - Tst result of epoch 35 / 40 acc 0.7377 uar 0.7315 f1 0.7430
2025-12-23 10:38:47,762 - utils.logger2025-12-23-10.35.38 - INFO - 
[[110  15  20   3]
 [  3 122  31   2]
 [ 14   8 148  20]
 [  0   3  46  84]]
2025-12-23 10:38:48,286 - utils.logger2025-12-23-10.35.38 - INFO - Cur epoch 36 loss TA:0.5935 TV:0.6118 VA:1.1318 CE:0.0462
2025-12-23 10:38:48,846 - utils.logger2025-12-23-10.35.38 - INFO - Cur epoch 36 loss TA:0.5599 TV:0.6154 VA:1.1821 CE:0.0291
2025-12-23 10:38:49,398 - utils.logger2025-12-23-10.35.38 - INFO - Cur epoch 36 loss TA:0.5700 TV:0.6331 VA:1.1734 CE:0.0245
2025-12-23 10:38:50,240 - utils.logger2025-12-23-10.35.38 - INFO - Cur epoch 36 loss TA:0.5761 TV:0.6155 VA:1.1524 CE:0.0226
2025-12-23 10:38:50,787 - utils.logger2025-12-23-10.35.38 - INFO - Cur epoch 36 loss TA:0.6054 TV:0.6495 VA:1.1582 CE:0.0446
2025-12-23 10:38:51,265 - utils.logger2025-12-23-10.35.38 - INFO - Cur epoch 36 loss TA:0.5429 TV:0.5814 VA:1.0508 CE:0.0320
2025-12-23 10:38:51,845 - utils.logger2025-12-23-10.35.38 - INFO - Cur epoch 36 loss TA:0.5979 TV:0.6288 VA:1.1768 CE:0.1050
2025-12-23 10:38:52,124 - utils.logger2025-12-23-10.35.38 - INFO - saving the model at the end of epoch 36, iters 2484
2025-12-23 10:38:52,229 - utils.logger2025-12-23-10.35.38 - INFO - End of training epoch 36 / 40 	 Time Taken: 4 sec
2025-12-23 10:38:52,229 - utils.logger2025-12-23-10.35.38 - INFO - learning rate = 0.0000727
2025-12-23 10:38:52,808 - utils.logger2025-12-23-10.35.38 - INFO - Val result of epoch 36 / 40 acc 0.7356 uar 0.7301 f1 0.7390
2025-12-23 10:38:52,808 - utils.logger2025-12-23-10.35.38 - INFO - 
[[ 61   9  19   3]
 [  0  94  23  11]
 [  9   5 102  14]
 [  1   6  38 127]]
2025-12-23 10:38:53,380 - utils.logger2025-12-23-10.35.38 - INFO - Tst result of epoch 36 / 40 acc 0.7234 uar 0.7180 f1 0.7316
2025-12-23 10:38:53,381 - utils.logger2025-12-23-10.35.38 - INFO - 
[[100  14  30   4]
 [  2 115  37   4]
 [ 10   7 149  24]
 [  0   1  41  91]]
2025-12-23 10:38:54,123 - utils.logger2025-12-23-10.35.38 - INFO - Cur epoch 37 loss TA:0.5589 TV:0.5986 VA:1.1021 CE:0.0209
2025-12-23 10:38:54,639 - utils.logger2025-12-23-10.35.38 - INFO - Cur epoch 37 loss TA:0.5689 TV:0.6168 VA:1.1091 CE:0.0654
2025-12-23 10:38:55,030 - utils.logger2025-12-23-10.35.38 - INFO - Cur epoch 37 loss TA:0.5766 TV:0.6225 VA:1.1351 CE:0.0646
2025-12-23 10:38:55,423 - utils.logger2025-12-23-10.35.38 - INFO - Cur epoch 37 loss TA:0.5471 TV:0.5925 VA:1.1123 CE:0.0555
2025-12-23 10:38:55,860 - utils.logger2025-12-23-10.35.38 - INFO - Cur epoch 37 loss TA:0.6283 TV:0.6932 VA:1.2168 CE:0.0312
2025-12-23 10:38:56,319 - utils.logger2025-12-23-10.35.38 - INFO - Cur epoch 37 loss TA:0.5857 TV:0.6396 VA:1.1521 CE:0.0154
2025-12-23 10:38:56,754 - utils.logger2025-12-23-10.35.38 - INFO - Cur epoch 37 loss TA:0.5688 TV:0.6363 VA:1.1866 CE:0.0289
2025-12-23 10:38:56,941 - utils.logger2025-12-23-10.35.38 - INFO - saving the model at the end of epoch 37, iters 2553
2025-12-23 10:38:57,054 - utils.logger2025-12-23-10.35.38 - INFO - End of training epoch 37 / 40 	 Time Taken: 3 sec
2025-12-23 10:38:57,054 - utils.logger2025-12-23-10.35.38 - INFO - learning rate = 0.0000545
2025-12-23 10:38:57,619 - utils.logger2025-12-23-10.35.38 - INFO - Val result of epoch 37 / 40 acc 0.7510 uar 0.7502 f1 0.7556
2025-12-23 10:38:57,619 - utils.logger2025-12-23-10.35.38 - INFO - 
[[ 68   9  12   3]
 [  0  96  19  13]
 [ 10   7  99  14]
 [  1   8  34 129]]
2025-12-23 10:38:58,015 - utils.logger2025-12-23-10.35.38 - INFO - Tst result of epoch 37 / 40 acc 0.7472 uar 0.7468 f1 0.7545
2025-12-23 10:38:58,015 - utils.logger2025-12-23-10.35.38 - INFO - 
[[111  11  22   4]
 [  4 121  29   4]
 [ 14  11 141  24]
 [  2   0  34  97]]
2025-12-23 10:38:58,837 - utils.logger2025-12-23-10.35.38 - INFO - Cur epoch 38 loss TA:0.5864 TV:0.6426 VA:1.1654 CE:0.0126
2025-12-23 10:38:59,261 - utils.logger2025-12-23-10.35.38 - INFO - Cur epoch 38 loss TA:0.5838 TV:0.6564 VA:1.1883 CE:0.0149
2025-12-23 10:38:59,665 - utils.logger2025-12-23-10.35.38 - INFO - Cur epoch 38 loss TA:0.5706 TV:0.6233 VA:1.1314 CE:0.0238
2025-12-23 10:39:00,136 - utils.logger2025-12-23-10.35.38 - INFO - Cur epoch 38 loss TA:0.5714 TV:0.6350 VA:1.1697 CE:0.0569
2025-12-23 10:39:00,642 - utils.logger2025-12-23-10.35.38 - INFO - Cur epoch 38 loss TA:0.5714 TV:0.5957 VA:1.1213 CE:0.0061
2025-12-23 10:39:01,164 - utils.logger2025-12-23-10.35.38 - INFO - Cur epoch 38 loss TA:0.5538 TV:0.5924 VA:1.1128 CE:0.0110
2025-12-23 10:39:01,718 - utils.logger2025-12-23-10.35.38 - INFO - Cur epoch 38 loss TA:0.6073 TV:0.6639 VA:1.1830 CE:0.1290
2025-12-23 10:39:01,906 - utils.logger2025-12-23-10.35.38 - INFO - saving the model at the end of epoch 38, iters 2622
2025-12-23 10:39:02,029 - utils.logger2025-12-23-10.35.38 - INFO - End of training epoch 38 / 40 	 Time Taken: 4 sec
2025-12-23 10:39:02,029 - utils.logger2025-12-23-10.35.38 - INFO - learning rate = 0.0000364
2025-12-23 10:39:02,702 - utils.logger2025-12-23-10.35.38 - INFO - Val result of epoch 38 / 40 acc 0.7433 uar 0.7393 f1 0.7470
2025-12-23 10:39:02,703 - utils.logger2025-12-23-10.35.38 - INFO - 
[[ 64   8  17   3]
 [  0  95  23  10]
 [  9   7 100  14]
 [  1   8  34 129]]
2025-12-23 10:39:03,136 - utils.logger2025-12-23-10.35.38 - INFO - Tst result of epoch 38 / 40 acc 0.7377 uar 0.7336 f1 0.7462
2025-12-23 10:39:03,136 - utils.logger2025-12-23-10.35.38 - INFO - 
[[105  12  27   4]
 [  2 118  35   3]
 [ 10   8 148  24]
 [  1   0  39  93]]
2025-12-23 10:39:03,889 - utils.logger2025-12-23-10.35.38 - INFO - Cur epoch 39 loss TA:0.5891 TV:0.6514 VA:1.1721 CE:0.0076
2025-12-23 10:39:04,477 - utils.logger2025-12-23-10.35.38 - INFO - Cur epoch 39 loss TA:0.5907 TV:0.6310 VA:1.1623 CE:0.0142
2025-12-23 10:39:05,061 - utils.logger2025-12-23-10.35.38 - INFO - Cur epoch 39 loss TA:0.5853 TV:0.6205 VA:1.0856 CE:0.0132
2025-12-23 10:39:05,629 - utils.logger2025-12-23-10.35.38 - INFO - Cur epoch 39 loss TA:0.5943 TV:0.6265 VA:1.1150 CE:0.0128
2025-12-23 10:39:06,227 - utils.logger2025-12-23-10.35.38 - INFO - Cur epoch 39 loss TA:0.6000 TV:0.6372 VA:1.1947 CE:0.0059
2025-12-23 10:39:06,814 - utils.logger2025-12-23-10.35.38 - INFO - Cur epoch 39 loss TA:0.6067 TV:0.6425 VA:1.1060 CE:0.0240
2025-12-23 10:39:07,236 - utils.logger2025-12-23-10.35.38 - INFO - Cur epoch 39 loss TA:0.5324 TV:0.5521 VA:1.0660 CE:0.0899
2025-12-23 10:39:07,324 - utils.logger2025-12-23-10.35.38 - INFO - saving the model at the end of epoch 39, iters 2691
2025-12-23 10:39:07,407 - utils.logger2025-12-23-10.35.38 - INFO - End of training epoch 39 / 40 	 Time Taken: 4 sec
2025-12-23 10:39:07,407 - utils.logger2025-12-23-10.35.38 - INFO - learning rate = 0.0000182
2025-12-23 10:39:08,167 - utils.logger2025-12-23-10.35.38 - INFO - Val result of epoch 39 / 40 acc 0.7299 uar 0.7278 f1 0.7345
2025-12-23 10:39:08,168 - utils.logger2025-12-23-10.35.38 - INFO - 
[[ 65   8  16   3]
 [  1  89  25  13]
 [  9   6 101  14]
 [  2   8  36 126]]
2025-12-23 10:39:08,762 - utils.logger2025-12-23-10.35.38 - INFO - Tst result of epoch 39 / 40 acc 0.7377 uar 0.7314 f1 0.7449
2025-12-23 10:39:08,763 - utils.logger2025-12-23-10.35.38 - INFO - 
[[108  11  25   4]
 [  3 114  36   5]
 [ 12   4 153  21]
 [  1   0  43  89]]
2025-12-23 10:39:09,479 - utils.logger2025-12-23-10.35.38 - INFO - Cur epoch 40 loss TA:0.5441 TV:0.5801 VA:1.0917 CE:0.0156
2025-12-23 10:39:10,022 - utils.logger2025-12-23-10.35.38 - INFO - Cur epoch 40 loss TA:0.5674 TV:0.6236 VA:1.1390 CE:0.0270
2025-12-23 10:39:10,566 - utils.logger2025-12-23-10.35.38 - INFO - Cur epoch 40 loss TA:0.5526 TV:0.6043 VA:1.1302 CE:0.0578
2025-12-23 10:39:11,149 - utils.logger2025-12-23-10.35.38 - INFO - Cur epoch 40 loss TA:0.5355 TV:0.5705 VA:1.0999 CE:0.0022
2025-12-23 10:39:11,949 - utils.logger2025-12-23-10.35.38 - INFO - Cur epoch 40 loss TA:0.5479 TV:0.5814 VA:1.0632 CE:0.0482
2025-12-23 10:39:12,352 - utils.logger2025-12-23-10.35.38 - INFO - Cur epoch 40 loss TA:0.5816 TV:0.6321 VA:1.1100 CE:0.0120
2025-12-23 10:39:12,736 - utils.logger2025-12-23-10.35.38 - INFO - Cur epoch 40 loss TA:0.2962 TV:0.3650 VA:0.7178 CE:0.0018
2025-12-23 10:39:12,799 - utils.logger2025-12-23-10.35.38 - INFO - saving the model at the end of epoch 40, iters 2760
2025-12-23 10:39:12,909 - utils.logger2025-12-23-10.35.38 - INFO - End of training epoch 40 / 40 	 Time Taken: 4 sec
2025-12-23 10:39:12,909 - utils.logger2025-12-23-10.35.38 - INFO - learning rate = 0.0000000
2025-12-23 10:39:13,433 - utils.logger2025-12-23-10.35.38 - INFO - Val result of epoch 40 / 40 acc 0.7395 uar 0.7352 f1 0.7427
2025-12-23 10:39:13,433 - utils.logger2025-12-23-10.35.38 - INFO - 
[[ 65   8  16   3]
 [  1  91  22  14]
 [  9   6  99  16]
 [  1   8  32 131]]
2025-12-23 10:39:14,066 - utils.logger2025-12-23-10.35.38 - INFO - Tst result of epoch 40 / 40 acc 0.7456 uar 0.7419 f1 0.7529
2025-12-23 10:39:14,067 - utils.logger2025-12-23-10.35.38 - INFO - 
[[108  11  25   4]
 [  3 116  33   6]
 [ 12   4 150  24]
 [  1   0  37  95]]
2025-12-23 10:39:14,067 - utils.logger2025-12-23-10.35.38 - INFO - Best eval epoch 28 found with uar 0.758028
