2025-12-24 11:33:02,295 - utils.logger2025-12-24-11.33.02 - INFO - The number of training samples = 1750
2025-12-24 11:33:03,913 - utils.logger2025-12-24-11.33.02 - INFO - Cur epoch 1 loss TA:1.0359 TV:1.0358 VA:2.0706 CE:3.7974
2025-12-24 11:33:04,670 - utils.logger2025-12-24-11.33.02 - INFO - Cur epoch 1 loss TA:1.0359 TV:1.0360 VA:2.0539 CE:3.6640
2025-12-24 11:33:05,367 - utils.logger2025-12-24-11.33.02 - INFO - saving the model at the end of epoch 1, iters 28
2025-12-24 11:33:05,461 - utils.logger2025-12-24-11.33.02 - INFO - End of training epoch 1 / 40 	 Time Taken: 2 sec
2025-12-24 11:33:05,461 - utils.logger2025-12-24-11.33.02 - INFO - learning rate = 0.0002000
2025-12-24 11:33:05,804 - utils.logger2025-12-24-11.33.02 - INFO - Val result of epoch 1 / 40 acc 0.4777 MAE 0.0599 f1 0.5408
2025-12-24 11:33:06,180 - utils.logger2025-12-24-11.33.02 - INFO - Tst result of epoch 1 / 40 acc 0.4777 MAE 0.0599 f1 0.5408
2025-12-24 11:33:06,777 - utils.logger2025-12-24-11.33.02 - INFO - Cur epoch 2 loss TA:1.0358 TV:1.0359 VA:2.0492 CE:3.1652
2025-12-24 11:33:07,609 - utils.logger2025-12-24-11.33.02 - INFO - Cur epoch 2 loss TA:1.0358 TV:1.0358 VA:2.0699 CE:2.8910
2025-12-24 11:33:08,417 - utils.logger2025-12-24-11.33.02 - INFO - Cur epoch 2 loss TA:1.0358 TV:1.0358 VA:2.0691 CE:2.8299
2025-12-24 11:33:08,962 - utils.logger2025-12-24-11.33.02 - INFO - saving the model at the end of epoch 2, iters 56
2025-12-24 11:33:09,064 - utils.logger2025-12-24-11.33.02 - INFO - End of training epoch 2 / 40 	 Time Taken: 2 sec
2025-12-24 11:33:09,064 - utils.logger2025-12-24-11.33.02 - INFO - learning rate = 0.0002000
2025-12-24 11:33:09,416 - utils.logger2025-12-24-11.33.02 - INFO - Val result of epoch 2 / 40 acc 0.5848 MAE 0.0915 f1 0.6989
2025-12-24 11:33:10,041 - utils.logger2025-12-24-11.33.02 - INFO - Tst result of epoch 2 / 40 acc 0.5848 MAE 0.0915 f1 0.6989
2025-12-24 11:33:10,780 - utils.logger2025-12-24-11.33.02 - INFO - Cur epoch 3 loss TA:1.0350 TV:1.0353 VA:2.0638 CE:2.3180
2025-12-24 11:33:11,645 - utils.logger2025-12-24-11.33.02 - INFO - Cur epoch 3 loss TA:1.0348 TV:1.0343 VA:2.0661 CE:2.1404
2025-12-24 11:33:12,468 - utils.logger2025-12-24-11.33.02 - INFO - Cur epoch 3 loss TA:1.0279 TV:1.0315 VA:2.0508 CE:2.8615
2025-12-24 11:33:12,822 - utils.logger2025-12-24-11.33.02 - INFO - saving the model at the end of epoch 3, iters 84
2025-12-24 11:33:12,921 - utils.logger2025-12-24-11.33.02 - INFO - End of training epoch 3 / 40 	 Time Taken: 2 sec
2025-12-24 11:33:12,922 - utils.logger2025-12-24-11.33.02 - INFO - learning rate = 0.0002000
2025-12-24 11:33:13,256 - utils.logger2025-12-24-11.33.02 - INFO - Val result of epoch 3 / 40 acc 0.5357 MAE 0.1186 f1 0.5534
2025-12-24 11:33:13,619 - utils.logger2025-12-24-11.33.02 - INFO - Tst result of epoch 3 / 40 acc 0.5357 MAE 0.1186 f1 0.5534
2025-12-24 11:33:14,311 - utils.logger2025-12-24-11.33.02 - INFO - Cur epoch 4 loss TA:1.0151 TV:1.0202 VA:2.0300 CE:2.7722
2025-12-24 11:33:15,087 - utils.logger2025-12-24-11.33.02 - INFO - Cur epoch 4 loss TA:1.0022 TV:1.0131 VA:1.9803 CE:1.8857
2025-12-24 11:33:15,884 - utils.logger2025-12-24-11.33.02 - INFO - Cur epoch 4 loss TA:0.9813 TV:0.9868 VA:1.9519 CE:2.4974
2025-12-24 11:33:16,109 - utils.logger2025-12-24-11.33.02 - INFO - saving the model at the end of epoch 4, iters 112
2025-12-24 11:33:16,193 - utils.logger2025-12-24-11.33.02 - INFO - End of training epoch 4 / 40 	 Time Taken: 2 sec
2025-12-24 11:33:16,194 - utils.logger2025-12-24-11.33.02 - INFO - learning rate = 0.0002000
2025-12-24 11:33:16,567 - utils.logger2025-12-24-11.33.02 - INFO - Val result of epoch 4 / 40 acc 0.5982 MAE 0.2729 f1 0.6012
2025-12-24 11:33:16,891 - utils.logger2025-12-24-11.33.02 - INFO - Tst result of epoch 4 / 40 acc 0.5982 MAE 0.2729 f1 0.6012
2025-12-24 11:33:17,728 - utils.logger2025-12-24-11.33.02 - INFO - Cur epoch 5 loss TA:0.9748 TV:0.9756 VA:1.9593 CE:2.4618
2025-12-24 11:33:18,464 - utils.logger2025-12-24-11.33.02 - INFO - Cur epoch 5 loss TA:0.9645 TV:0.9638 VA:1.9584 CE:2.5827
2025-12-24 11:33:19,197 - utils.logger2025-12-24-11.33.02 - INFO - Cur epoch 5 loss TA:0.6820 TV:0.6914 VA:1.4023 CE:2.8216
2025-12-24 11:33:19,267 - utils.logger2025-12-24-11.33.02 - INFO - saving the model at the end of epoch 5, iters 140
2025-12-24 11:33:19,359 - utils.logger2025-12-24-11.33.02 - INFO - End of training epoch 5 / 40 	 Time Taken: 2 sec
2025-12-24 11:33:19,359 - utils.logger2025-12-24-11.33.02 - INFO - learning rate = 0.0002000
2025-12-24 11:33:19,898 - utils.logger2025-12-24-11.33.02 - INFO - Val result of epoch 5 / 40 acc 0.6116 MAE 0.3010 f1 0.6241
2025-12-24 11:33:20,456 - utils.logger2025-12-24-11.33.02 - INFO - Tst result of epoch 5 / 40 acc 0.6116 MAE 0.3010 f1 0.6241
2025-12-24 11:33:21,462 - utils.logger2025-12-24-11.33.02 - INFO - Cur epoch 6 loss TA:0.9696 TV:0.9517 VA:1.9585 CE:1.6662
2025-12-24 11:33:22,207 - utils.logger2025-12-24-11.33.02 - INFO - Cur epoch 6 loss TA:0.9594 TV:0.9700 VA:1.9481 CE:1.6677
2025-12-24 11:33:22,871 - utils.logger2025-12-24-11.33.02 - INFO - saving the model at the end of epoch 6, iters 168
2025-12-24 11:33:22,978 - utils.logger2025-12-24-11.33.02 - INFO - End of training epoch 6 / 40 	 Time Taken: 2 sec
2025-12-24 11:33:22,978 - utils.logger2025-12-24-11.33.02 - INFO - learning rate = 0.0002000
2025-12-24 11:33:23,529 - utils.logger2025-12-24-11.33.02 - INFO - Val result of epoch 6 / 40 acc 0.6161 MAE 0.3896 f1 0.6517
2025-12-24 11:33:23,936 - utils.logger2025-12-24-11.33.02 - INFO - Tst result of epoch 6 / 40 acc 0.6161 MAE 0.3896 f1 0.6517
2025-12-24 11:33:24,318 - utils.logger2025-12-24-11.33.02 - INFO - Cur epoch 7 loss TA:0.9521 TV:0.9540 VA:1.9205 CE:1.6953
2025-12-24 11:33:25,090 - utils.logger2025-12-24-11.33.02 - INFO - Cur epoch 7 loss TA:0.9390 TV:0.9447 VA:1.8877 CE:1.7984
2025-12-24 11:33:25,833 - utils.logger2025-12-24-11.33.02 - INFO - Cur epoch 7 loss TA:0.9394 TV:0.9513 VA:1.8601 CE:1.7983
2025-12-24 11:33:26,351 - utils.logger2025-12-24-11.33.02 - INFO - saving the model at the end of epoch 7, iters 196
2025-12-24 11:33:26,460 - utils.logger2025-12-24-11.33.02 - INFO - End of training epoch 7 / 40 	 Time Taken: 2 sec
2025-12-24 11:33:26,461 - utils.logger2025-12-24-11.33.02 - INFO - learning rate = 0.0002000
2025-12-24 11:33:27,047 - utils.logger2025-12-24-11.33.02 - INFO - Val result of epoch 7 / 40 acc 0.6875 MAE 0.5270 f1 0.7004
2025-12-24 11:33:27,595 - utils.logger2025-12-24-11.33.02 - INFO - Tst result of epoch 7 / 40 acc 0.6875 MAE 0.5270 f1 0.7004
2025-12-24 11:33:28,278 - utils.logger2025-12-24-11.33.02 - INFO - Cur epoch 8 loss TA:0.9257 TV:0.9412 VA:1.8964 CE:2.2086
2025-12-24 11:33:29,133 - utils.logger2025-12-24-11.33.02 - INFO - Cur epoch 8 loss TA:0.9640 TV:0.9777 VA:1.9413 CE:1.3014
2025-12-24 11:33:29,950 - utils.logger2025-12-24-11.33.02 - INFO - Cur epoch 8 loss TA:0.9447 TV:0.9510 VA:1.9024 CE:1.3501
2025-12-24 11:33:30,329 - utils.logger2025-12-24-11.33.02 - INFO - saving the model at the end of epoch 8, iters 224
2025-12-24 11:33:30,414 - utils.logger2025-12-24-11.33.02 - INFO - End of training epoch 8 / 40 	 Time Taken: 2 sec
2025-12-24 11:33:30,414 - utils.logger2025-12-24-11.33.02 - INFO - learning rate = 0.0002000
2025-12-24 11:33:30,904 - utils.logger2025-12-24-11.33.02 - INFO - Val result of epoch 8 / 40 acc 0.6964 MAE 0.5657 f1 0.7108
2025-12-24 11:33:31,419 - utils.logger2025-12-24-11.33.02 - INFO - Tst result of epoch 8 / 40 acc 0.6964 MAE 0.5657 f1 0.7108
2025-12-24 11:33:32,124 - utils.logger2025-12-24-11.33.02 - INFO - Cur epoch 9 loss TA:0.9274 TV:0.9378 VA:1.8539 CE:0.9906
2025-12-24 11:33:32,939 - utils.logger2025-12-24-11.33.02 - INFO - Cur epoch 9 loss TA:0.9343 TV:0.9253 VA:1.8798 CE:1.3026
2025-12-24 11:33:33,747 - utils.logger2025-12-24-11.33.02 - INFO - Cur epoch 9 loss TA:0.9296 TV:0.9292 VA:1.8933 CE:1.4072
2025-12-24 11:33:33,975 - utils.logger2025-12-24-11.33.02 - INFO - saving the model at the end of epoch 9, iters 252
2025-12-24 11:33:34,073 - utils.logger2025-12-24-11.33.02 - INFO - End of training epoch 9 / 40 	 Time Taken: 2 sec
2025-12-24 11:33:34,073 - utils.logger2025-12-24-11.33.02 - INFO - learning rate = 0.0002000
2025-12-24 11:33:34,469 - utils.logger2025-12-24-11.33.02 - INFO - Val result of epoch 9 / 40 acc 0.6875 MAE 0.5740 f1 0.7208
2025-12-24 11:33:35,024 - utils.logger2025-12-24-11.33.02 - INFO - Tst result of epoch 9 / 40 acc 0.6875 MAE 0.5740 f1 0.7208
2025-12-24 11:33:36,108 - utils.logger2025-12-24-11.33.02 - INFO - Cur epoch 10 loss TA:0.9145 TV:0.9213 VA:1.8226 CE:1.3724
2025-12-24 11:33:36,916 - utils.logger2025-12-24-11.33.02 - INFO - Cur epoch 10 loss TA:0.9166 TV:0.9154 VA:1.8248 CE:1.1865
2025-12-24 11:33:37,718 - utils.logger2025-12-24-11.33.02 - INFO - Cur epoch 10 loss TA:0.6458 TV:0.6294 VA:1.2837 CE:1.1837
2025-12-24 11:33:37,787 - utils.logger2025-12-24-11.33.02 - INFO - saving the model at the end of epoch 10, iters 280
2025-12-24 11:33:37,898 - utils.logger2025-12-24-11.33.02 - INFO - End of training epoch 10 / 40 	 Time Taken: 2 sec
2025-12-24 11:33:37,898 - utils.logger2025-12-24-11.33.02 - INFO - learning rate = 0.0002000
2025-12-24 11:33:38,460 - utils.logger2025-12-24-11.33.02 - INFO - Val result of epoch 10 / 40 acc 0.7366 MAE 0.5781 f1 0.7491
2025-12-24 11:33:39,086 - utils.logger2025-12-24-11.33.02 - INFO - Tst result of epoch 10 / 40 acc 0.7366 MAE 0.5781 f1 0.7491
2025-12-24 11:33:40,298 - utils.logger2025-12-24-11.33.02 - INFO - Cur epoch 11 loss TA:0.9150 TV:0.9061 VA:1.8557 CE:1.4529
2025-12-24 11:33:41,057 - utils.logger2025-12-24-11.33.02 - INFO - Cur epoch 11 loss TA:0.9120 TV:0.9123 VA:1.8846 CE:1.0233
2025-12-24 11:33:41,738 - utils.logger2025-12-24-11.33.02 - INFO - saving the model at the end of epoch 11, iters 308
2025-12-24 11:33:41,822 - utils.logger2025-12-24-11.33.02 - INFO - End of training epoch 11 / 40 	 Time Taken: 2 sec
2025-12-24 11:33:41,823 - utils.logger2025-12-24-11.33.02 - INFO - learning rate = 0.0002000
2025-12-24 11:33:42,320 - utils.logger2025-12-24-11.33.02 - INFO - Val result of epoch 11 / 40 acc 0.7232 MAE 0.5568 f1 0.7299
2025-12-24 11:33:42,745 - utils.logger2025-12-24-11.33.02 - INFO - Tst result of epoch 11 / 40 acc 0.7232 MAE 0.5568 f1 0.7299
2025-12-24 11:33:43,101 - utils.logger2025-12-24-11.33.02 - INFO - Cur epoch 12 loss TA:0.9074 TV:0.9241 VA:1.8414 CE:1.1808
2025-12-24 11:33:43,871 - utils.logger2025-12-24-11.33.02 - INFO - Cur epoch 12 loss TA:0.8893 TV:0.8894 VA:1.7584 CE:1.0763
2025-12-24 11:33:44,652 - utils.logger2025-12-24-11.33.02 - INFO - Cur epoch 12 loss TA:0.9205 TV:0.9020 VA:1.7969 CE:1.0820
2025-12-24 11:33:45,198 - utils.logger2025-12-24-11.33.02 - INFO - saving the model at the end of epoch 12, iters 336
2025-12-24 11:33:45,310 - utils.logger2025-12-24-11.33.02 - INFO - End of training epoch 12 / 40 	 Time Taken: 2 sec
2025-12-24 11:33:45,310 - utils.logger2025-12-24-11.33.02 - INFO - learning rate = 0.0002000
2025-12-24 11:33:45,821 - utils.logger2025-12-24-11.33.02 - INFO - Val result of epoch 12 / 40 acc 0.7455 MAE 0.5821 f1 0.7591
2025-12-24 11:33:46,499 - utils.logger2025-12-24-11.33.02 - INFO - Tst result of epoch 12 / 40 acc 0.7455 MAE 0.5821 f1 0.7591
2025-12-24 11:33:47,338 - utils.logger2025-12-24-11.33.02 - INFO - Cur epoch 13 loss TA:0.8887 TV:0.8997 VA:1.8008 CE:0.9888
2025-12-24 11:33:48,096 - utils.logger2025-12-24-11.33.02 - INFO - Cur epoch 13 loss TA:0.8987 TV:0.8991 VA:1.7533 CE:1.0216
2025-12-24 11:33:48,858 - utils.logger2025-12-24-11.33.02 - INFO - Cur epoch 13 loss TA:0.8834 TV:0.8813 VA:1.7803 CE:0.9669
2025-12-24 11:33:49,224 - utils.logger2025-12-24-11.33.02 - INFO - saving the model at the end of epoch 13, iters 364
2025-12-24 11:33:49,311 - utils.logger2025-12-24-11.33.02 - INFO - End of training epoch 13 / 40 	 Time Taken: 2 sec
2025-12-24 11:33:49,311 - utils.logger2025-12-24-11.33.02 - INFO - learning rate = 0.0002000
2025-12-24 11:33:49,734 - utils.logger2025-12-24-11.33.02 - INFO - Val result of epoch 13 / 40 acc 0.7321 MAE 0.5564 f1 0.7391
2025-12-24 11:33:50,201 - utils.logger2025-12-24-11.33.02 - INFO - Tst result of epoch 13 / 40 acc 0.7321 MAE 0.5564 f1 0.7391
2025-12-24 11:33:50,970 - utils.logger2025-12-24-11.33.02 - INFO - Cur epoch 14 loss TA:0.8926 TV:0.8926 VA:1.7555 CE:0.8026
2025-12-24 11:33:51,706 - utils.logger2025-12-24-11.33.02 - INFO - Cur epoch 14 loss TA:0.8908 TV:0.8887 VA:1.8197 CE:0.8854
2025-12-24 11:33:52,508 - utils.logger2025-12-24-11.33.02 - INFO - Cur epoch 14 loss TA:0.8924 TV:0.9009 VA:1.7771 CE:0.7116
2025-12-24 11:33:52,736 - utils.logger2025-12-24-11.33.02 - INFO - saving the model at the end of epoch 14, iters 392
2025-12-24 11:33:52,842 - utils.logger2025-12-24-11.33.02 - INFO - End of training epoch 14 / 40 	 Time Taken: 2 sec
2025-12-24 11:33:52,842 - utils.logger2025-12-24-11.33.02 - INFO - learning rate = 0.0002000
2025-12-24 11:33:53,443 - utils.logger2025-12-24-11.33.02 - INFO - Val result of epoch 14 / 40 acc 0.7188 MAE 0.5699 f1 0.7249
2025-12-24 11:33:53,792 - utils.logger2025-12-24-11.33.02 - INFO - Tst result of epoch 14 / 40 acc 0.7188 MAE 0.5699 f1 0.7249
2025-12-24 11:33:54,660 - utils.logger2025-12-24-11.33.02 - INFO - Cur epoch 15 loss TA:0.8900 TV:0.8822 VA:1.7426 CE:0.7902
2025-12-24 11:33:55,449 - utils.logger2025-12-24-11.33.02 - INFO - Cur epoch 15 loss TA:0.8695 TV:0.8774 VA:1.7289 CE:0.8803
2025-12-24 11:33:56,220 - utils.logger2025-12-24-11.33.02 - INFO - Cur epoch 15 loss TA:0.6108 TV:0.6219 VA:1.1848 CE:0.6527
2025-12-24 11:33:56,265 - utils.logger2025-12-24-11.33.02 - INFO - saving the model at the end of epoch 15, iters 420
2025-12-24 11:33:56,367 - utils.logger2025-12-24-11.33.02 - INFO - End of training epoch 15 / 40 	 Time Taken: 2 sec
2025-12-24 11:33:56,367 - utils.logger2025-12-24-11.33.02 - INFO - learning rate = 0.0002000
2025-12-24 11:33:56,892 - utils.logger2025-12-24-11.33.02 - INFO - Val result of epoch 15 / 40 acc 0.7321 MAE 0.5630 f1 0.7400
2025-12-24 11:33:57,374 - utils.logger2025-12-24-11.33.02 - INFO - Tst result of epoch 15 / 40 acc 0.7321 MAE 0.5630 f1 0.7400
2025-12-24 11:33:58,511 - utils.logger2025-12-24-11.33.02 - INFO - Cur epoch 16 loss TA:0.8650 TV:0.8587 VA:1.7318 CE:0.9473
2025-12-24 11:33:59,284 - utils.logger2025-12-24-11.33.02 - INFO - Cur epoch 16 loss TA:0.8965 TV:0.8949 VA:1.8081 CE:0.7622
2025-12-24 11:33:59,971 - utils.logger2025-12-24-11.33.02 - INFO - saving the model at the end of epoch 16, iters 448
2025-12-24 11:34:00,065 - utils.logger2025-12-24-11.33.02 - INFO - End of training epoch 16 / 40 	 Time Taken: 2 sec
2025-12-24 11:34:00,065 - utils.logger2025-12-24-11.33.02 - INFO - learning rate = 0.0002000
2025-12-24 11:34:00,622 - utils.logger2025-12-24-11.33.02 - INFO - Val result of epoch 16 / 40 acc 0.7455 MAE 0.5779 f1 0.7591
2025-12-24 11:34:01,289 - utils.logger2025-12-24-11.33.02 - INFO - Tst result of epoch 16 / 40 acc 0.7455 MAE 0.5779 f1 0.7591
2025-12-24 11:34:01,910 - utils.logger2025-12-24-11.33.02 - INFO - Cur epoch 17 loss TA:0.8894 TV:0.8934 VA:1.7782 CE:0.6027
2025-12-24 11:34:02,700 - utils.logger2025-12-24-11.33.02 - INFO - Cur epoch 17 loss TA:0.8658 TV:0.8825 VA:1.7345 CE:0.8640
2025-12-24 11:34:03,516 - utils.logger2025-12-24-11.33.02 - INFO - Cur epoch 17 loss TA:0.8624 TV:0.8675 VA:1.6675 CE:0.6817
2025-12-24 11:34:04,083 - utils.logger2025-12-24-11.33.02 - INFO - saving the model at the end of epoch 17, iters 476
2025-12-24 11:34:04,176 - utils.logger2025-12-24-11.33.02 - INFO - End of training epoch 17 / 40 	 Time Taken: 2 sec
2025-12-24 11:34:04,176 - utils.logger2025-12-24-11.33.02 - INFO - learning rate = 0.0002000
2025-12-24 11:34:04,682 - utils.logger2025-12-24-11.33.02 - INFO - Val result of epoch 17 / 40 acc 0.7232 MAE 0.5558 f1 0.7389
2025-12-24 11:34:05,159 - utils.logger2025-12-24-11.33.02 - INFO - Tst result of epoch 17 / 40 acc 0.7232 MAE 0.5558 f1 0.7389
2025-12-24 11:34:05,677 - utils.logger2025-12-24-11.33.02 - INFO - Cur epoch 18 loss TA:0.8886 TV:0.8778 VA:1.7282 CE:0.6937
2025-12-24 11:34:06,481 - utils.logger2025-12-24-11.33.02 - INFO - Cur epoch 18 loss TA:0.8545 TV:0.8624 VA:1.6806 CE:0.7143
2025-12-24 11:34:07,287 - utils.logger2025-12-24-11.33.02 - INFO - Cur epoch 18 loss TA:0.8715 TV:0.8650 VA:1.7148 CE:0.8724
2025-12-24 11:34:07,673 - utils.logger2025-12-24-11.33.02 - INFO - saving the model at the end of epoch 18, iters 504
2025-12-24 11:34:07,767 - utils.logger2025-12-24-11.33.02 - INFO - End of training epoch 18 / 40 	 Time Taken: 2 sec
2025-12-24 11:34:07,767 - utils.logger2025-12-24-11.33.02 - INFO - learning rate = 0.0002000
2025-12-24 11:34:08,279 - utils.logger2025-12-24-11.33.02 - INFO - Val result of epoch 18 / 40 acc 0.7500 MAE 0.5918 f1 0.7574
2025-12-24 11:34:08,905 - utils.logger2025-12-24-11.33.02 - INFO - Tst result of epoch 18 / 40 acc 0.7500 MAE 0.5918 f1 0.7574
2025-12-24 11:34:09,817 - utils.logger2025-12-24-11.33.02 - INFO - Cur epoch 19 loss TA:0.8567 TV:0.8672 VA:1.7224 CE:0.5172
2025-12-24 11:34:10,681 - utils.logger2025-12-24-11.33.02 - INFO - Cur epoch 19 loss TA:0.8849 TV:0.8773 VA:1.7354 CE:0.4429
2025-12-24 11:34:11,410 - utils.logger2025-12-24-11.33.02 - INFO - Cur epoch 19 loss TA:0.8695 TV:0.8373 VA:1.7787 CE:0.6093
2025-12-24 11:34:11,618 - utils.logger2025-12-24-11.33.02 - INFO - saving the model at the end of epoch 19, iters 532
2025-12-24 11:34:11,690 - utils.logger2025-12-24-11.33.02 - INFO - End of training epoch 19 / 40 	 Time Taken: 2 sec
2025-12-24 11:34:11,690 - utils.logger2025-12-24-11.33.02 - INFO - learning rate = 0.0002000
2025-12-24 11:34:12,198 - utils.logger2025-12-24-11.33.02 - INFO - Val result of epoch 19 / 40 acc 0.7455 MAE 0.5923 f1 0.7635
2025-12-24 11:34:12,827 - utils.logger2025-12-24-11.33.02 - INFO - Tst result of epoch 19 / 40 acc 0.7455 MAE 0.5923 f1 0.7635
2025-12-24 11:34:13,716 - utils.logger2025-12-24-11.33.02 - INFO - Cur epoch 20 loss TA:0.8323 TV:0.8401 VA:1.6386 CE:0.6447
2025-12-24 11:34:14,478 - utils.logger2025-12-24-11.33.02 - INFO - Cur epoch 20 loss TA:0.8457 TV:0.8739 VA:1.7303 CE:0.6924
2025-12-24 11:34:15,248 - utils.logger2025-12-24-11.33.02 - INFO - Cur epoch 20 loss TA:0.5930 TV:0.5621 VA:1.0869 CE:0.5996
2025-12-24 11:34:15,316 - utils.logger2025-12-24-11.33.02 - INFO - saving the model at the end of epoch 20, iters 560
2025-12-24 11:34:15,381 - utils.logger2025-12-24-11.33.02 - INFO - End of training epoch 20 / 40 	 Time Taken: 2 sec
2025-12-24 11:34:15,381 - utils.logger2025-12-24-11.33.02 - INFO - learning rate = 0.0002000
2025-12-24 11:34:15,741 - utils.logger2025-12-24-11.33.02 - INFO - Val result of epoch 20 / 40 acc 0.7232 MAE 0.5445 f1 0.7328
2025-12-24 11:34:16,267 - utils.logger2025-12-24-11.33.02 - INFO - Tst result of epoch 20 / 40 acc 0.7232 MAE 0.5445 f1 0.7328
2025-12-24 11:34:17,349 - utils.logger2025-12-24-11.33.02 - INFO - Cur epoch 21 loss TA:0.8472 TV:0.8441 VA:1.6937 CE:0.5594
2025-12-24 11:34:18,165 - utils.logger2025-12-24-11.33.02 - INFO - Cur epoch 21 loss TA:0.8396 TV:0.9047 VA:1.6589 CE:0.6083
2025-12-24 11:34:18,872 - utils.logger2025-12-24-11.33.02 - INFO - saving the model at the end of epoch 21, iters 588
2025-12-24 11:34:18,968 - utils.logger2025-12-24-11.33.02 - INFO - End of training epoch 21 / 40 	 Time Taken: 2 sec
2025-12-24 11:34:18,968 - utils.logger2025-12-24-11.33.02 - INFO - learning rate = 0.0002000
2025-12-24 11:34:19,517 - utils.logger2025-12-24-11.33.02 - INFO - Val result of epoch 21 / 40 acc 0.7411 MAE 0.5760 f1 0.7461
2025-12-24 11:34:20,235 - utils.logger2025-12-24-11.33.02 - INFO - Tst result of epoch 21 / 40 acc 0.7411 MAE 0.5760 f1 0.7461
2025-12-24 11:34:20,743 - utils.logger2025-12-24-11.33.02 - INFO - Cur epoch 22 loss TA:0.8606 TV:0.8511 VA:1.7436 CE:0.4635
2025-12-24 11:34:21,606 - utils.logger2025-12-24-11.33.02 - INFO - Cur epoch 22 loss TA:0.8402 TV:0.8533 VA:1.7066 CE:0.6385
2025-12-24 11:34:22,463 - utils.logger2025-12-24-11.33.02 - INFO - Cur epoch 22 loss TA:0.8268 TV:0.8659 VA:1.6258 CE:0.4815
2025-12-24 11:34:23,008 - utils.logger2025-12-24-11.33.02 - INFO - saving the model at the end of epoch 22, iters 616
2025-12-24 11:34:23,111 - utils.logger2025-12-24-11.33.02 - INFO - End of training epoch 22 / 40 	 Time Taken: 2 sec
2025-12-24 11:34:23,111 - utils.logger2025-12-24-11.33.02 - INFO - learning rate = 0.0002000
2025-12-24 11:34:23,669 - utils.logger2025-12-24-11.33.02 - INFO - Val result of epoch 22 / 40 acc 0.7455 MAE 0.5764 f1 0.7607
2025-12-24 11:34:24,160 - utils.logger2025-12-24-11.33.02 - INFO - Tst result of epoch 22 / 40 acc 0.7455 MAE 0.5764 f1 0.7607
2025-12-24 11:34:24,881 - utils.logger2025-12-24-11.33.02 - INFO - Cur epoch 23 loss TA:0.8614 TV:0.8634 VA:1.7144 CE:0.3968
2025-12-24 11:34:25,637 - utils.logger2025-12-24-11.33.02 - INFO - Cur epoch 23 loss TA:0.8608 TV:0.8429 VA:1.7120 CE:0.6154
2025-12-24 11:34:26,481 - utils.logger2025-12-24-11.33.02 - INFO - Cur epoch 23 loss TA:0.8388 TV:0.8951 VA:1.7122 CE:0.3313
2025-12-24 11:34:26,861 - utils.logger2025-12-24-11.33.02 - INFO - saving the model at the end of epoch 23, iters 644
2025-12-24 11:34:26,953 - utils.logger2025-12-24-11.33.02 - INFO - End of training epoch 23 / 40 	 Time Taken: 2 sec
2025-12-24 11:34:26,954 - utils.logger2025-12-24-11.33.02 - INFO - learning rate = 0.0002000
2025-12-24 11:34:27,335 - utils.logger2025-12-24-11.33.02 - INFO - Val result of epoch 23 / 40 acc 0.7545 MAE 0.5678 f1 0.7542
2025-12-24 11:34:27,649 - utils.logger2025-12-24-11.33.02 - INFO - Tst result of epoch 23 / 40 acc 0.7545 MAE 0.5678 f1 0.7542
2025-12-24 11:34:28,336 - utils.logger2025-12-24-11.33.02 - INFO - Cur epoch 24 loss TA:0.8665 TV:0.8448 VA:1.6759 CE:0.4954
2025-12-24 11:34:29,129 - utils.logger2025-12-24-11.33.02 - INFO - Cur epoch 24 loss TA:0.8835 TV:0.8452 VA:1.7241 CE:0.6048
2025-12-24 11:34:29,914 - utils.logger2025-12-24-11.33.02 - INFO - Cur epoch 24 loss TA:0.8094 TV:0.8064 VA:1.6655 CE:0.4860
2025-12-24 11:34:30,129 - utils.logger2025-12-24-11.33.02 - INFO - saving the model at the end of epoch 24, iters 672
2025-12-24 11:34:30,232 - utils.logger2025-12-24-11.33.02 - INFO - End of training epoch 24 / 40 	 Time Taken: 2 sec
2025-12-24 11:34:30,233 - utils.logger2025-12-24-11.33.02 - INFO - learning rate = 0.0002000
2025-12-24 11:34:30,569 - utils.logger2025-12-24-11.33.02 - INFO - Val result of epoch 24 / 40 acc 0.7277 MAE 0.5586 f1 0.7378
2025-12-24 11:34:30,883 - utils.logger2025-12-24-11.33.02 - INFO - Tst result of epoch 24 / 40 acc 0.7277 MAE 0.5586 f1 0.7378
2025-12-24 11:34:31,741 - utils.logger2025-12-24-11.33.02 - INFO - Cur epoch 25 loss TA:0.8781 TV:0.8903 VA:1.6769 CE:0.3431
2025-12-24 11:34:32,555 - utils.logger2025-12-24-11.33.02 - INFO - Cur epoch 25 loss TA:0.8489 TV:0.8569 VA:1.6868 CE:0.4377
2025-12-24 11:34:33,359 - utils.logger2025-12-24-11.33.02 - INFO - Cur epoch 25 loss TA:0.5320 TV:0.5388 VA:1.0246 CE:0.3471
2025-12-24 11:34:33,431 - utils.logger2025-12-24-11.33.02 - INFO - saving the model at the end of epoch 25, iters 700
2025-12-24 11:34:33,542 - utils.logger2025-12-24-11.33.02 - INFO - End of training epoch 25 / 40 	 Time Taken: 2 sec
2025-12-24 11:34:33,543 - utils.logger2025-12-24-11.33.02 - INFO - learning rate = 0.0002000
2025-12-24 11:34:34,137 - utils.logger2025-12-24-11.33.02 - INFO - Val result of epoch 25 / 40 acc 0.7321 MAE 0.5429 f1 0.7440
2025-12-24 11:34:34,719 - utils.logger2025-12-24-11.33.02 - INFO - Tst result of epoch 25 / 40 acc 0.7321 MAE 0.5429 f1 0.7440
2025-12-24 11:34:35,899 - utils.logger2025-12-24-11.33.02 - INFO - Cur epoch 26 loss TA:0.8320 TV:0.8329 VA:1.6282 CE:0.3873
2025-12-24 11:34:36,695 - utils.logger2025-12-24-11.33.02 - INFO - Cur epoch 26 loss TA:0.8713 TV:0.8392 VA:1.6218 CE:0.3978
2025-12-24 11:34:37,400 - utils.logger2025-12-24-11.33.02 - INFO - saving the model at the end of epoch 26, iters 728
2025-12-24 11:34:37,503 - utils.logger2025-12-24-11.33.02 - INFO - End of training epoch 26 / 40 	 Time Taken: 2 sec
2025-12-24 11:34:37,503 - utils.logger2025-12-24-11.33.02 - INFO - learning rate = 0.0002000
2025-12-24 11:34:38,016 - utils.logger2025-12-24-11.33.02 - INFO - Val result of epoch 26 / 40 acc 0.7634 MAE 0.5731 f1 0.7727
2025-12-24 11:34:38,487 - utils.logger2025-12-24-11.33.02 - INFO - Tst result of epoch 26 / 40 acc 0.7634 MAE 0.5731 f1 0.7727
2025-12-24 11:34:38,897 - utils.logger2025-12-24-11.33.02 - INFO - Cur epoch 27 loss TA:0.8013 TV:0.7886 VA:1.5613 CE:0.3968
2025-12-24 11:34:39,681 - utils.logger2025-12-24-11.33.02 - INFO - Cur epoch 27 loss TA:0.8073 TV:0.8154 VA:1.5533 CE:0.3088
2025-12-24 11:34:40,479 - utils.logger2025-12-24-11.33.02 - INFO - Cur epoch 27 loss TA:0.8067 TV:0.8091 VA:1.5504 CE:0.3617
2025-12-24 11:34:41,026 - utils.logger2025-12-24-11.33.02 - INFO - saving the model at the end of epoch 27, iters 756
2025-12-24 11:34:41,138 - utils.logger2025-12-24-11.33.02 - INFO - End of training epoch 27 / 40 	 Time Taken: 2 sec
2025-12-24 11:34:41,138 - utils.logger2025-12-24-11.33.02 - INFO - learning rate = 0.0002000
2025-12-24 11:34:41,722 - utils.logger2025-12-24-11.33.02 - INFO - Val result of epoch 27 / 40 acc 0.7411 MAE 0.5701 f1 0.7560
2025-12-24 11:34:42,175 - utils.logger2025-12-24-11.33.02 - INFO - Tst result of epoch 27 / 40 acc 0.7411 MAE 0.5701 f1 0.7560
2025-12-24 11:34:42,725 - utils.logger2025-12-24-11.33.02 - INFO - Cur epoch 28 loss TA:0.8139 TV:0.8051 VA:1.6034 CE:0.3254
2025-12-24 11:34:43,504 - utils.logger2025-12-24-11.33.02 - INFO - Cur epoch 28 loss TA:0.8031 TV:0.8262 VA:1.5539 CE:0.3304
2025-12-24 11:34:44,260 - utils.logger2025-12-24-11.33.02 - INFO - Cur epoch 28 loss TA:0.8109 TV:0.7942 VA:1.6404 CE:0.3476
2025-12-24 11:34:44,633 - utils.logger2025-12-24-11.33.02 - INFO - saving the model at the end of epoch 28, iters 784
2025-12-24 11:34:44,734 - utils.logger2025-12-24-11.33.02 - INFO - End of training epoch 28 / 40 	 Time Taken: 2 sec
2025-12-24 11:34:44,734 - utils.logger2025-12-24-11.33.02 - INFO - learning rate = 0.0002000
2025-12-24 11:34:45,250 - utils.logger2025-12-24-11.33.02 - INFO - Val result of epoch 28 / 40 acc 0.7232 MAE 0.5642 f1 0.7440
2025-12-24 11:34:45,899 - utils.logger2025-12-24-11.33.02 - INFO - Tst result of epoch 28 / 40 acc 0.7232 MAE 0.5642 f1 0.7440
2025-12-24 11:34:46,758 - utils.logger2025-12-24-11.33.02 - INFO - Cur epoch 29 loss TA:0.8360 TV:0.7936 VA:1.6650 CE:0.3612
2025-12-24 11:34:47,555 - utils.logger2025-12-24-11.33.02 - INFO - Cur epoch 29 loss TA:0.8345 TV:0.8268 VA:1.6572 CE:0.3186
2025-12-24 11:34:48,359 - utils.logger2025-12-24-11.33.02 - INFO - Cur epoch 29 loss TA:0.7920 TV:0.8222 VA:1.6492 CE:0.4591
2025-12-24 11:34:48,592 - utils.logger2025-12-24-11.33.02 - INFO - saving the model at the end of epoch 29, iters 812
2025-12-24 11:34:48,697 - utils.logger2025-12-24-11.33.02 - INFO - End of training epoch 29 / 40 	 Time Taken: 2 sec
2025-12-24 11:34:48,698 - utils.logger2025-12-24-11.33.02 - INFO - learning rate = 0.0002000
2025-12-24 11:34:49,167 - utils.logger2025-12-24-11.33.02 - INFO - Val result of epoch 29 / 40 acc 0.7723 MAE 0.5651 f1 0.7807
2025-12-24 11:34:49,757 - utils.logger2025-12-24-11.33.02 - INFO - Tst result of epoch 29 / 40 acc 0.7723 MAE 0.5651 f1 0.7807
2025-12-24 11:34:50,615 - utils.logger2025-12-24-11.33.02 - INFO - Cur epoch 30 loss TA:0.7835 TV:0.7819 VA:1.5363 CE:0.4644
2025-12-24 11:34:51,375 - utils.logger2025-12-24-11.33.02 - INFO - Cur epoch 30 loss TA:0.8187 TV:0.8065 VA:1.5788 CE:0.3052
2025-12-24 11:34:52,140 - utils.logger2025-12-24-11.33.02 - INFO - Cur epoch 30 loss TA:0.4948 TV:0.5207 VA:0.9316 CE:0.2461
2025-12-24 11:34:52,206 - utils.logger2025-12-24-11.33.02 - INFO - saving the model at the end of epoch 30, iters 840
2025-12-24 11:34:52,300 - utils.logger2025-12-24-11.33.02 - INFO - End of training epoch 30 / 40 	 Time Taken: 2 sec
2025-12-24 11:34:52,300 - utils.logger2025-12-24-11.33.02 - INFO - learning rate = 0.0001818
2025-12-24 11:34:52,828 - utils.logger2025-12-24-11.33.02 - INFO - Val result of epoch 30 / 40 acc 0.7277 MAE 0.5706 f1 0.7444
2025-12-24 11:34:53,355 - utils.logger2025-12-24-11.33.02 - INFO - Tst result of epoch 30 / 40 acc 0.7277 MAE 0.5706 f1 0.7444
2025-12-24 11:34:54,326 - utils.logger2025-12-24-11.33.02 - INFO - Cur epoch 31 loss TA:0.7634 TV:0.7654 VA:1.5131 CE:0.2901
2025-12-24 11:34:55,080 - utils.logger2025-12-24-11.33.02 - INFO - Cur epoch 31 loss TA:0.8047 TV:0.7897 VA:1.5775 CE:0.3169
2025-12-24 11:34:55,771 - utils.logger2025-12-24-11.33.02 - INFO - saving the model at the end of epoch 31, iters 868
2025-12-24 11:34:55,880 - utils.logger2025-12-24-11.33.02 - INFO - End of training epoch 31 / 40 	 Time Taken: 2 sec
2025-12-24 11:34:55,881 - utils.logger2025-12-24-11.33.02 - INFO - learning rate = 0.0001636
2025-12-24 11:34:56,512 - utils.logger2025-12-24-11.33.02 - INFO - Val result of epoch 31 / 40 acc 0.7634 MAE 0.5712 f1 0.7814
2025-12-24 11:34:56,944 - utils.logger2025-12-24-11.33.02 - INFO - Tst result of epoch 31 / 40 acc 0.7634 MAE 0.5712 f1 0.7814
2025-12-24 11:34:57,338 - utils.logger2025-12-24-11.33.02 - INFO - Cur epoch 32 loss TA:0.8204 TV:0.7963 VA:1.5508 CE:0.1816
2025-12-24 11:34:58,126 - utils.logger2025-12-24-11.33.02 - INFO - Cur epoch 32 loss TA:0.7625 TV:0.7699 VA:1.5221 CE:0.2783
2025-12-24 11:34:58,901 - utils.logger2025-12-24-11.33.02 - INFO - Cur epoch 32 loss TA:0.8358 TV:0.8071 VA:1.6446 CE:0.3230
2025-12-24 11:34:59,433 - utils.logger2025-12-24-11.33.02 - INFO - saving the model at the end of epoch 32, iters 896
2025-12-24 11:34:59,517 - utils.logger2025-12-24-11.33.02 - INFO - End of training epoch 32 / 40 	 Time Taken: 2 sec
2025-12-24 11:34:59,518 - utils.logger2025-12-24-11.33.02 - INFO - learning rate = 0.0001455
2025-12-24 11:35:00,022 - utils.logger2025-12-24-11.33.02 - INFO - Val result of epoch 32 / 40 acc 0.7500 MAE 0.5846 f1 0.7609
2025-12-24 11:35:00,421 - utils.logger2025-12-24-11.33.02 - INFO - Tst result of epoch 32 / 40 acc 0.7500 MAE 0.5846 f1 0.7609
2025-12-24 11:35:01,139 - utils.logger2025-12-24-11.33.02 - INFO - Cur epoch 33 loss TA:0.7815 TV:0.7919 VA:1.5710 CE:0.3059
2025-12-24 11:35:01,977 - utils.logger2025-12-24-11.33.02 - INFO - Cur epoch 33 loss TA:0.7730 TV:0.7781 VA:1.5420 CE:0.2214
2025-12-24 11:35:02,861 - utils.logger2025-12-24-11.33.02 - INFO - Cur epoch 33 loss TA:0.7800 TV:0.7592 VA:1.4848 CE:0.3317
2025-12-24 11:35:03,257 - utils.logger2025-12-24-11.33.02 - INFO - saving the model at the end of epoch 33, iters 924
2025-12-24 11:35:03,351 - utils.logger2025-12-24-11.33.02 - INFO - End of training epoch 33 / 40 	 Time Taken: 2 sec
2025-12-24 11:35:03,351 - utils.logger2025-12-24-11.33.02 - INFO - learning rate = 0.0001273
2025-12-24 11:35:03,974 - utils.logger2025-12-24-11.33.02 - INFO - Val result of epoch 33 / 40 acc 0.7321 MAE 0.5593 f1 0.7464
2025-12-24 11:35:04,589 - utils.logger2025-12-24-11.33.02 - INFO - Tst result of epoch 33 / 40 acc 0.7321 MAE 0.5593 f1 0.7464
2025-12-24 11:35:05,507 - utils.logger2025-12-24-11.33.02 - INFO - Cur epoch 34 loss TA:0.7796 TV:0.8003 VA:1.5484 CE:0.2781
2025-12-24 11:35:06,331 - utils.logger2025-12-24-11.33.02 - INFO - Cur epoch 34 loss TA:0.7578 TV:0.7788 VA:1.4952 CE:0.3154
2025-12-24 11:35:07,069 - utils.logger2025-12-24-11.33.02 - INFO - Cur epoch 34 loss TA:0.7499 TV:0.7551 VA:1.5328 CE:0.2494
2025-12-24 11:35:07,289 - utils.logger2025-12-24-11.33.02 - INFO - saving the model at the end of epoch 34, iters 952
2025-12-24 11:35:07,399 - utils.logger2025-12-24-11.33.02 - INFO - End of training epoch 34 / 40 	 Time Taken: 2 sec
2025-12-24 11:35:07,399 - utils.logger2025-12-24-11.33.02 - INFO - learning rate = 0.0001091
2025-12-24 11:35:08,040 - utils.logger2025-12-24-11.33.02 - INFO - Val result of epoch 34 / 40 acc 0.7455 MAE 0.5737 f1 0.7582
2025-12-24 11:35:08,785 - utils.logger2025-12-24-11.33.02 - INFO - Tst result of epoch 34 / 40 acc 0.7455 MAE 0.5737 f1 0.7582
2025-12-24 11:35:10,006 - utils.logger2025-12-24-11.33.02 - INFO - Cur epoch 35 loss TA:0.7693 TV:0.7677 VA:1.5463 CE:0.1997
2025-12-24 11:35:10,870 - utils.logger2025-12-24-11.33.02 - INFO - Cur epoch 35 loss TA:0.7898 TV:0.7846 VA:1.6126 CE:0.1655
2025-12-24 11:35:11,656 - utils.logger2025-12-24-11.33.02 - INFO - Cur epoch 35 loss TA:0.5265 TV:0.5345 VA:1.0487 CE:0.4673
2025-12-24 11:35:11,738 - utils.logger2025-12-24-11.33.02 - INFO - saving the model at the end of epoch 35, iters 980
2025-12-24 11:35:11,871 - utils.logger2025-12-24-11.33.02 - INFO - End of training epoch 35 / 40 	 Time Taken: 3 sec
2025-12-24 11:35:11,871 - utils.logger2025-12-24-11.33.02 - INFO - learning rate = 0.0000909
2025-12-24 11:35:12,417 - utils.logger2025-12-24-11.33.02 - INFO - Val result of epoch 35 / 40 acc 0.7455 MAE 0.5694 f1 0.7609
2025-12-24 11:35:12,860 - utils.logger2025-12-24-11.33.02 - INFO - Tst result of epoch 35 / 40 acc 0.7455 MAE 0.5694 f1 0.7609
2025-12-24 11:35:13,903 - utils.logger2025-12-24-11.33.02 - INFO - Cur epoch 36 loss TA:0.7185 TV:0.7306 VA:1.4627 CE:0.1711
2025-12-24 11:35:14,715 - utils.logger2025-12-24-11.33.02 - INFO - Cur epoch 36 loss TA:0.7584 TV:0.7695 VA:1.4719 CE:0.2141
2025-12-24 11:35:15,418 - utils.logger2025-12-24-11.33.02 - INFO - saving the model at the end of epoch 36, iters 1008
2025-12-24 11:35:15,511 - utils.logger2025-12-24-11.33.02 - INFO - End of training epoch 36 / 40 	 Time Taken: 2 sec
2025-12-24 11:35:15,512 - utils.logger2025-12-24-11.33.02 - INFO - learning rate = 0.0000727
2025-12-24 11:35:15,982 - utils.logger2025-12-24-11.33.02 - INFO - Val result of epoch 36 / 40 acc 0.7589 MAE 0.5812 f1 0.7793
2025-12-24 11:35:16,548 - utils.logger2025-12-24-11.33.02 - INFO - Tst result of epoch 36 / 40 acc 0.7589 MAE 0.5812 f1 0.7793
2025-12-24 11:35:17,146 - utils.logger2025-12-24-11.33.02 - INFO - Cur epoch 37 loss TA:0.7785 TV:0.7648 VA:1.5120 CE:0.2300
2025-12-24 11:35:17,929 - utils.logger2025-12-24-11.33.02 - INFO - Cur epoch 37 loss TA:0.7411 TV:0.7548 VA:1.4451 CE:0.1610
2025-12-24 11:35:18,678 - utils.logger2025-12-24-11.33.02 - INFO - Cur epoch 37 loss TA:0.7663 TV:0.7659 VA:1.5584 CE:0.2575
2025-12-24 11:35:19,245 - utils.logger2025-12-24-11.33.02 - INFO - saving the model at the end of epoch 37, iters 1036
2025-12-24 11:35:19,338 - utils.logger2025-12-24-11.33.02 - INFO - End of training epoch 37 / 40 	 Time Taken: 2 sec
2025-12-24 11:35:19,339 - utils.logger2025-12-24-11.33.02 - INFO - learning rate = 0.0000545
2025-12-24 11:35:19,872 - utils.logger2025-12-24-11.33.02 - INFO - Val result of epoch 37 / 40 acc 0.7411 MAE 0.5657 f1 0.7624
2025-12-24 11:35:20,279 - utils.logger2025-12-24-11.33.02 - INFO - Tst result of epoch 37 / 40 acc 0.7411 MAE 0.5657 f1 0.7624
2025-12-24 11:35:20,994 - utils.logger2025-12-24-11.33.02 - INFO - Cur epoch 38 loss TA:0.7261 TV:0.7386 VA:1.4527 CE:0.2981
2025-12-24 11:35:21,808 - utils.logger2025-12-24-11.33.02 - INFO - Cur epoch 38 loss TA:0.7479 TV:0.7518 VA:1.4308 CE:0.2395
2025-12-24 11:35:22,652 - utils.logger2025-12-24-11.33.02 - INFO - Cur epoch 38 loss TA:0.7497 TV:0.7506 VA:1.5050 CE:0.1784
2025-12-24 11:35:23,044 - utils.logger2025-12-24-11.33.02 - INFO - saving the model at the end of epoch 38, iters 1064
2025-12-24 11:35:23,140 - utils.logger2025-12-24-11.33.02 - INFO - End of training epoch 38 / 40 	 Time Taken: 2 sec
2025-12-24 11:35:23,140 - utils.logger2025-12-24-11.33.02 - INFO - learning rate = 0.0000364
2025-12-24 11:35:23,650 - utils.logger2025-12-24-11.33.02 - INFO - Val result of epoch 38 / 40 acc 0.7589 MAE 0.5702 f1 0.7701
2025-12-24 11:35:24,150 - utils.logger2025-12-24-11.33.02 - INFO - Tst result of epoch 38 / 40 acc 0.7589 MAE 0.5702 f1 0.7701
2025-12-24 11:35:24,840 - utils.logger2025-12-24-11.33.02 - INFO - Cur epoch 39 loss TA:0.7353 TV:0.7333 VA:1.4790 CE:0.2172
2025-12-24 11:35:25,617 - utils.logger2025-12-24-11.33.02 - INFO - Cur epoch 39 loss TA:0.7536 TV:0.7519 VA:1.4539 CE:0.1237
2025-12-24 11:35:26,364 - utils.logger2025-12-24-11.33.02 - INFO - Cur epoch 39 loss TA:0.7429 TV:0.7369 VA:1.4453 CE:0.2258
2025-12-24 11:35:26,585 - utils.logger2025-12-24-11.33.02 - INFO - saving the model at the end of epoch 39, iters 1092
2025-12-24 11:35:26,679 - utils.logger2025-12-24-11.33.02 - INFO - End of training epoch 39 / 40 	 Time Taken: 2 sec
2025-12-24 11:35:26,679 - utils.logger2025-12-24-11.33.02 - INFO - learning rate = 0.0000182
2025-12-24 11:35:27,224 - utils.logger2025-12-24-11.33.02 - INFO - Val result of epoch 39 / 40 acc 0.7589 MAE 0.5764 f1 0.7701
2025-12-24 11:35:27,743 - utils.logger2025-12-24-11.33.02 - INFO - Tst result of epoch 39 / 40 acc 0.7589 MAE 0.5764 f1 0.7701
2025-12-24 11:35:28,735 - utils.logger2025-12-24-11.33.02 - INFO - Cur epoch 40 loss TA:0.7417 TV:0.7419 VA:1.4459 CE:0.2016
2025-12-24 11:35:29,537 - utils.logger2025-12-24-11.33.02 - INFO - Cur epoch 40 loss TA:0.7447 TV:0.7286 VA:1.4322 CE:0.2060
2025-12-24 11:35:30,334 - utils.logger2025-12-24-11.33.02 - INFO - Cur epoch 40 loss TA:0.4593 TV:0.4488 VA:0.7920 CE:0.1047
2025-12-24 11:35:30,412 - utils.logger2025-12-24-11.33.02 - INFO - saving the model at the end of epoch 40, iters 1120
2025-12-24 11:35:30,515 - utils.logger2025-12-24-11.33.02 - INFO - End of training epoch 40 / 40 	 Time Taken: 2 sec
2025-12-24 11:35:30,516 - utils.logger2025-12-24-11.33.02 - INFO - learning rate = 0.0000000
2025-12-24 11:35:31,009 - utils.logger2025-12-24-11.33.02 - INFO - Val result of epoch 40 / 40 acc 0.7634 MAE 0.5741 f1 0.7715
2025-12-24 11:35:31,378 - utils.logger2025-12-24-11.33.02 - INFO - Tst result of epoch 40 / 40 acc 0.7634 MAE 0.5741 f1 0.7715
2025-12-24 11:35:31,378 - utils.logger2025-12-24-11.33.02 - INFO - Best eval epoch 31 found with f1 0.781400
