2026-03-03 19:33:58,758 - utils.logger2026-03-03-19.33.58 - INFO - The number of training samples = 1750
2026-03-03 19:34:01,357 - utils.logger2026-03-03-19.33.58 - INFO - Cur epoch 1 loss TA:1.0327 TV:1.0381 VA:2.0690 CE:2.8977
2026-03-03 19:34:02,006 - utils.logger2026-03-03-19.33.58 - INFO - Cur epoch 1 loss TA:1.0340 TV:1.0343 VA:2.0674 CE:2.1500
2026-03-03 19:34:02,583 - utils.logger2026-03-03-19.33.58 - INFO - saving the model at the end of epoch 1, iters 28
2026-03-03 19:34:02,658 - utils.logger2026-03-03-19.33.58 - INFO - End of training epoch 1 / 40 	 Time Taken: 3 sec
2026-03-03 19:34:02,659 - utils.logger2026-03-03-19.33.58 - INFO - learning rate = 0.0002000
2026-03-03 19:34:03,144 - utils.logger2026-03-03-19.33.58 - INFO - Val result of epoch 1 / 40 acc 0.5357 MAE 0.1092 f1 0.5432
2026-03-03 19:34:03,680 - utils.logger2026-03-03-19.33.58 - INFO - Tst result of epoch 1 / 40 acc 0.5357 MAE 0.1092 f1 0.5432
2026-03-03 19:34:04,131 - utils.logger2026-03-03-19.33.58 - INFO - Cur epoch 2 loss TA:1.0294 TV:1.0311 VA:2.0671 CE:2.6360
2026-03-03 19:34:04,694 - utils.logger2026-03-03-19.33.58 - INFO - Cur epoch 2 loss TA:1.0250 TV:1.0247 VA:2.0581 CE:2.3621
2026-03-03 19:34:05,233 - utils.logger2026-03-03-19.33.58 - INFO - Cur epoch 2 loss TA:1.0202 TV:1.0199 VA:2.0506 CE:2.0011
2026-03-03 19:34:05,645 - utils.logger2026-03-03-19.33.58 - INFO - saving the model at the end of epoch 2, iters 56
2026-03-03 19:34:05,732 - utils.logger2026-03-03-19.33.58 - INFO - End of training epoch 2 / 40 	 Time Taken: 2 sec
2026-03-03 19:34:05,733 - utils.logger2026-03-03-19.33.58 - INFO - learning rate = 0.0002000
2026-03-03 19:34:06,244 - utils.logger2026-03-03-19.33.58 - INFO - Val result of epoch 2 / 40 acc 0.5491 MAE 0.2701 f1 0.5648
2026-03-03 19:34:06,750 - utils.logger2026-03-03-19.33.58 - INFO - Tst result of epoch 2 / 40 acc 0.5491 MAE 0.2701 f1 0.5648
2026-03-03 19:34:07,412 - utils.logger2026-03-03-19.33.58 - INFO - Cur epoch 3 loss TA:1.0047 TV:0.9918 VA:2.0160 CE:2.6203
2026-03-03 19:34:08,096 - utils.logger2026-03-03-19.33.58 - INFO - Cur epoch 3 loss TA:0.9837 TV:0.9769 VA:1.9854 CE:2.1549
2026-03-03 19:34:08,800 - utils.logger2026-03-03-19.33.58 - INFO - Cur epoch 3 loss TA:0.9765 TV:0.9734 VA:1.9595 CE:1.8970
2026-03-03 19:34:09,151 - utils.logger2026-03-03-19.33.58 - INFO - saving the model at the end of epoch 3, iters 84
2026-03-03 19:34:09,247 - utils.logger2026-03-03-19.33.58 - INFO - End of training epoch 3 / 40 	 Time Taken: 2 sec
2026-03-03 19:34:09,247 - utils.logger2026-03-03-19.33.58 - INFO - learning rate = 0.0002000
2026-03-03 19:34:09,755 - utils.logger2026-03-03-19.33.58 - INFO - Val result of epoch 3 / 40 acc 0.6250 MAE 0.2942 f1 0.6226
2026-03-03 19:34:10,235 - utils.logger2026-03-03-19.33.58 - INFO - Tst result of epoch 3 / 40 acc 0.6250 MAE 0.2942 f1 0.6226
2026-03-03 19:34:10,945 - utils.logger2026-03-03-19.33.58 - INFO - Cur epoch 4 loss TA:0.9478 TV:0.9269 VA:1.9005 CE:1.9640
2026-03-03 19:34:11,569 - utils.logger2026-03-03-19.33.58 - INFO - Cur epoch 4 loss TA:0.9491 TV:0.9354 VA:1.9165 CE:1.5679
2026-03-03 19:34:12,226 - utils.logger2026-03-03-19.33.58 - INFO - Cur epoch 4 loss TA:0.9090 TV:0.9186 VA:1.8564 CE:1.9241
2026-03-03 19:34:12,421 - utils.logger2026-03-03-19.33.58 - INFO - saving the model at the end of epoch 4, iters 112
2026-03-03 19:34:12,517 - utils.logger2026-03-03-19.33.58 - INFO - End of training epoch 4 / 40 	 Time Taken: 2 sec
2026-03-03 19:34:12,517 - utils.logger2026-03-03-19.33.58 - INFO - learning rate = 0.0002000
2026-03-03 19:34:13,012 - utils.logger2026-03-03-19.33.58 - INFO - Val result of epoch 4 / 40 acc 0.6696 MAE 0.3488 f1 0.6816
2026-03-03 19:34:13,475 - utils.logger2026-03-03-19.33.58 - INFO - Tst result of epoch 4 / 40 acc 0.6696 MAE 0.3488 f1 0.6816
2026-03-03 19:34:14,346 - utils.logger2026-03-03-19.33.58 - INFO - Cur epoch 5 loss TA:0.9289 TV:0.9213 VA:1.8792 CE:2.2203
2026-03-03 19:34:14,987 - utils.logger2026-03-03-19.33.58 - INFO - Cur epoch 5 loss TA:0.9080 TV:0.9150 VA:1.8270 CE:1.5452
2026-03-03 19:34:15,613 - utils.logger2026-03-03-19.33.58 - INFO - Cur epoch 5 loss TA:0.5924 TV:0.5985 VA:1.2309 CE:1.3120
2026-03-03 19:34:15,687 - utils.logger2026-03-03-19.33.58 - INFO - saving the model at the end of epoch 5, iters 140
2026-03-03 19:34:15,773 - utils.logger2026-03-03-19.33.58 - INFO - End of training epoch 5 / 40 	 Time Taken: 2 sec
2026-03-03 19:34:15,773 - utils.logger2026-03-03-19.33.58 - INFO - learning rate = 0.0002000
2026-03-03 19:34:16,255 - utils.logger2026-03-03-19.33.58 - INFO - Val result of epoch 5 / 40 acc 0.7232 MAE 0.4396 f1 0.7383
2026-03-03 19:34:16,754 - utils.logger2026-03-03-19.33.58 - INFO - Tst result of epoch 5 / 40 acc 0.7232 MAE 0.4396 f1 0.7383
2026-03-03 19:34:17,795 - utils.logger2026-03-03-19.33.58 - INFO - Cur epoch 6 loss TA:0.8667 TV:0.8653 VA:1.7552 CE:1.6156
2026-03-03 19:34:18,370 - utils.logger2026-03-03-19.33.58 - INFO - Cur epoch 6 loss TA:0.8643 TV:0.8710 VA:1.7680 CE:1.1186
2026-03-03 19:34:18,887 - utils.logger2026-03-03-19.33.58 - INFO - saving the model at the end of epoch 6, iters 168
2026-03-03 19:34:18,972 - utils.logger2026-03-03-19.33.58 - INFO - End of training epoch 6 / 40 	 Time Taken: 2 sec
2026-03-03 19:34:18,972 - utils.logger2026-03-03-19.33.58 - INFO - learning rate = 0.0002000
2026-03-03 19:34:19,441 - utils.logger2026-03-03-19.33.58 - INFO - Val result of epoch 6 / 40 acc 0.7321 MAE 0.4988 f1 0.7521
2026-03-03 19:34:19,936 - utils.logger2026-03-03-19.33.58 - INFO - Tst result of epoch 6 / 40 acc 0.7321 MAE 0.4988 f1 0.7521
2026-03-03 19:34:20,449 - utils.logger2026-03-03-19.33.58 - INFO - Cur epoch 7 loss TA:0.8412 TV:0.8469 VA:1.6976 CE:1.4434
2026-03-03 19:34:21,008 - utils.logger2026-03-03-19.33.58 - INFO - Cur epoch 7 loss TA:0.8271 TV:0.8445 VA:1.7025 CE:1.5383
2026-03-03 19:34:21,561 - utils.logger2026-03-03-19.33.58 - INFO - Cur epoch 7 loss TA:0.8411 TV:0.8232 VA:1.6802 CE:1.2934
2026-03-03 19:34:21,961 - utils.logger2026-03-03-19.33.58 - INFO - saving the model at the end of epoch 7, iters 196
2026-03-03 19:34:22,039 - utils.logger2026-03-03-19.33.58 - INFO - End of training epoch 7 / 40 	 Time Taken: 2 sec
2026-03-03 19:34:22,040 - utils.logger2026-03-03-19.33.58 - INFO - learning rate = 0.0002000
2026-03-03 19:34:22,550 - utils.logger2026-03-03-19.33.58 - INFO - Val result of epoch 7 / 40 acc 0.7321 MAE 0.5136 f1 0.7582
2026-03-03 19:34:23,036 - utils.logger2026-03-03-19.33.58 - INFO - Tst result of epoch 7 / 40 acc 0.7321 MAE 0.5136 f1 0.7582
2026-03-03 19:34:23,633 - utils.logger2026-03-03-19.33.58 - INFO - Cur epoch 8 loss TA:0.7934 TV:0.8065 VA:1.6424 CE:1.3801
2026-03-03 19:34:24,189 - utils.logger2026-03-03-19.33.58 - INFO - Cur epoch 8 loss TA:0.7868 TV:0.8052 VA:1.6218 CE:1.2809
2026-03-03 19:34:24,746 - utils.logger2026-03-03-19.33.58 - INFO - Cur epoch 8 loss TA:0.7878 TV:0.8214 VA:1.6744 CE:1.3036
2026-03-03 19:34:25,009 - utils.logger2026-03-03-19.33.58 - INFO - saving the model at the end of epoch 8, iters 224
2026-03-03 19:34:25,086 - utils.logger2026-03-03-19.33.58 - INFO - End of training epoch 8 / 40 	 Time Taken: 2 sec
2026-03-03 19:34:25,086 - utils.logger2026-03-03-19.33.58 - INFO - learning rate = 0.0002000
2026-03-03 19:34:25,548 - utils.logger2026-03-03-19.33.58 - INFO - Val result of epoch 8 / 40 acc 0.7545 MAE 0.5536 f1 0.7664
2026-03-03 19:34:26,039 - utils.logger2026-03-03-19.33.58 - INFO - Tst result of epoch 8 / 40 acc 0.7545 MAE 0.5536 f1 0.7664
2026-03-03 19:34:26,849 - utils.logger2026-03-03-19.33.58 - INFO - Cur epoch 9 loss TA:0.7554 TV:0.7728 VA:1.5894 CE:0.9666
2026-03-03 19:34:27,464 - utils.logger2026-03-03-19.33.58 - INFO - Cur epoch 9 loss TA:0.7337 TV:0.7680 VA:1.5409 CE:1.3019
2026-03-03 19:34:28,092 - utils.logger2026-03-03-19.33.58 - INFO - Cur epoch 9 loss TA:0.7678 TV:0.7668 VA:1.5315 CE:1.1278
2026-03-03 19:34:28,268 - utils.logger2026-03-03-19.33.58 - INFO - saving the model at the end of epoch 9, iters 252
2026-03-03 19:34:28,359 - utils.logger2026-03-03-19.33.58 - INFO - End of training epoch 9 / 40 	 Time Taken: 2 sec
2026-03-03 19:34:28,359 - utils.logger2026-03-03-19.33.58 - INFO - learning rate = 0.0002000
2026-03-03 19:34:28,856 - utils.logger2026-03-03-19.33.58 - INFO - Val result of epoch 9 / 40 acc 0.7455 MAE 0.5803 f1 0.7570
2026-03-03 19:34:29,386 - utils.logger2026-03-03-19.33.58 - INFO - Tst result of epoch 9 / 40 acc 0.7455 MAE 0.5803 f1 0.7570
2026-03-03 19:34:30,230 - utils.logger2026-03-03-19.33.58 - INFO - Cur epoch 10 loss TA:0.7403 TV:0.7621 VA:1.5393 CE:0.8064
2026-03-03 19:34:30,817 - utils.logger2026-03-03-19.33.58 - INFO - Cur epoch 10 loss TA:0.7072 TV:0.7396 VA:1.5257 CE:0.9897
2026-03-03 19:34:31,300 - utils.logger2026-03-03-19.33.58 - INFO - Cur epoch 10 loss TA:0.4398 TV:0.4929 VA:0.9302 CE:0.8661
2026-03-03 19:34:31,346 - utils.logger2026-03-03-19.33.58 - INFO - saving the model at the end of epoch 10, iters 280
2026-03-03 19:34:31,418 - utils.logger2026-03-03-19.33.58 - INFO - End of training epoch 10 / 40 	 Time Taken: 2 sec
2026-03-03 19:34:31,418 - utils.logger2026-03-03-19.33.58 - INFO - learning rate = 0.0002000
2026-03-03 19:34:31,895 - utils.logger2026-03-03-19.33.58 - INFO - Val result of epoch 10 / 40 acc 0.7500 MAE 0.5789 f1 0.7609
2026-03-03 19:34:32,330 - utils.logger2026-03-03-19.33.58 - INFO - Tst result of epoch 10 / 40 acc 0.7500 MAE 0.5789 f1 0.7609
2026-03-03 19:34:33,170 - utils.logger2026-03-03-19.33.58 - INFO - Cur epoch 11 loss TA:0.6892 TV:0.6998 VA:1.4360 CE:1.0163
2026-03-03 19:34:33,742 - utils.logger2026-03-03-19.33.58 - INFO - Cur epoch 11 loss TA:0.7174 TV:0.7233 VA:1.4483 CE:1.0277
2026-03-03 19:34:34,190 - utils.logger2026-03-03-19.33.58 - INFO - saving the model at the end of epoch 11, iters 308
2026-03-03 19:34:34,264 - utils.logger2026-03-03-19.33.58 - INFO - End of training epoch 11 / 40 	 Time Taken: 1 sec
2026-03-03 19:34:34,265 - utils.logger2026-03-03-19.33.58 - INFO - learning rate = 0.0002000
2026-03-03 19:34:34,734 - utils.logger2026-03-03-19.33.58 - INFO - Val result of epoch 11 / 40 acc 0.7500 MAE 0.5812 f1 0.7605
2026-03-03 19:34:35,142 - utils.logger2026-03-03-19.33.58 - INFO - Tst result of epoch 11 / 40 acc 0.7500 MAE 0.5812 f1 0.7605
2026-03-03 19:34:35,623 - utils.logger2026-03-03-19.33.58 - INFO - Cur epoch 12 loss TA:0.6977 TV:0.7116 VA:1.4529 CE:0.7131
2026-03-03 19:34:36,170 - utils.logger2026-03-03-19.33.58 - INFO - Cur epoch 12 loss TA:0.6785 TV:0.6755 VA:1.4169 CE:0.8918
2026-03-03 19:34:36,772 - utils.logger2026-03-03-19.33.58 - INFO - Cur epoch 12 loss TA:0.6929 TV:0.6936 VA:1.4228 CE:1.1206
2026-03-03 19:34:37,176 - utils.logger2026-03-03-19.33.58 - INFO - saving the model at the end of epoch 12, iters 336
2026-03-03 19:34:37,250 - utils.logger2026-03-03-19.33.58 - INFO - End of training epoch 12 / 40 	 Time Taken: 2 sec
2026-03-03 19:34:37,250 - utils.logger2026-03-03-19.33.58 - INFO - learning rate = 0.0002000
2026-03-03 19:34:37,725 - utils.logger2026-03-03-19.33.58 - INFO - Val result of epoch 12 / 40 acc 0.7411 MAE 0.6002 f1 0.7504
2026-03-03 19:34:38,159 - utils.logger2026-03-03-19.33.58 - INFO - Tst result of epoch 12 / 40 acc 0.7411 MAE 0.6002 f1 0.7504
2026-03-03 19:34:38,746 - utils.logger2026-03-03-19.33.58 - INFO - Cur epoch 13 loss TA:0.6965 TV:0.6868 VA:1.3518 CE:0.6109
2026-03-03 19:34:39,263 - utils.logger2026-03-03-19.33.58 - INFO - Cur epoch 13 loss TA:0.6436 TV:0.6820 VA:1.3276 CE:0.6682
2026-03-03 19:34:39,811 - utils.logger2026-03-03-19.33.58 - INFO - Cur epoch 13 loss TA:0.6298 TV:0.6617 VA:1.3044 CE:0.5644
2026-03-03 19:34:40,099 - utils.logger2026-03-03-19.33.58 - INFO - saving the model at the end of epoch 13, iters 364
2026-03-03 19:34:40,173 - utils.logger2026-03-03-19.33.58 - INFO - End of training epoch 13 / 40 	 Time Taken: 2 sec
2026-03-03 19:34:40,174 - utils.logger2026-03-03-19.33.58 - INFO - learning rate = 0.0002000
2026-03-03 19:34:40,652 - utils.logger2026-03-03-19.33.58 - INFO - Val result of epoch 13 / 40 acc 0.7500 MAE 0.5891 f1 0.7601
2026-03-03 19:34:41,133 - utils.logger2026-03-03-19.33.58 - INFO - Tst result of epoch 13 / 40 acc 0.7500 MAE 0.5891 f1 0.7601
2026-03-03 19:34:41,855 - utils.logger2026-03-03-19.33.58 - INFO - Cur epoch 14 loss TA:0.6240 TV:0.6510 VA:1.3050 CE:0.5722
2026-03-03 19:34:42,431 - utils.logger2026-03-03-19.33.58 - INFO - Cur epoch 14 loss TA:0.6533 TV:0.6601 VA:1.3553 CE:0.5433
2026-03-03 19:34:42,975 - utils.logger2026-03-03-19.33.58 - INFO - Cur epoch 14 loss TA:0.6438 TV:0.6521 VA:1.3400 CE:0.6062
2026-03-03 19:34:43,148 - utils.logger2026-03-03-19.33.58 - INFO - saving the model at the end of epoch 14, iters 392
2026-03-03 19:34:43,225 - utils.logger2026-03-03-19.33.58 - INFO - End of training epoch 14 / 40 	 Time Taken: 2 sec
2026-03-03 19:34:43,226 - utils.logger2026-03-03-19.33.58 - INFO - learning rate = 0.0002000
2026-03-03 19:34:43,662 - utils.logger2026-03-03-19.33.58 - INFO - Val result of epoch 14 / 40 acc 0.7455 MAE 0.5856 f1 0.7570
2026-03-03 19:34:44,114 - utils.logger2026-03-03-19.33.58 - INFO - Tst result of epoch 14 / 40 acc 0.7455 MAE 0.5856 f1 0.7570
2026-03-03 19:34:44,824 - utils.logger2026-03-03-19.33.58 - INFO - Cur epoch 15 loss TA:0.6047 TV:0.6378 VA:1.2641 CE:0.5193
2026-03-03 19:34:45,334 - utils.logger2026-03-03-19.33.58 - INFO - Cur epoch 15 loss TA:0.6426 TV:0.6632 VA:1.3153 CE:0.6903
2026-03-03 19:34:45,937 - utils.logger2026-03-03-19.33.58 - INFO - Cur epoch 15 loss TA:0.3208 TV:0.2872 VA:0.6379 CE:0.4603
2026-03-03 19:34:45,984 - utils.logger2026-03-03-19.33.58 - INFO - saving the model at the end of epoch 15, iters 420
2026-03-03 19:34:46,058 - utils.logger2026-03-03-19.33.58 - INFO - End of training epoch 15 / 40 	 Time Taken: 1 sec
2026-03-03 19:34:46,059 - utils.logger2026-03-03-19.33.58 - INFO - learning rate = 0.0002000
2026-03-03 19:34:46,524 - utils.logger2026-03-03-19.33.58 - INFO - Val result of epoch 15 / 40 acc 0.7500 MAE 0.5952 f1 0.7614
2026-03-03 19:34:46,960 - utils.logger2026-03-03-19.33.58 - INFO - Tst result of epoch 15 / 40 acc 0.7500 MAE 0.5952 f1 0.7614
2026-03-03 19:34:47,849 - utils.logger2026-03-03-19.33.58 - INFO - Cur epoch 16 loss TA:0.6371 TV:0.6415 VA:1.2766 CE:0.5977
2026-03-03 19:34:48,422 - utils.logger2026-03-03-19.33.58 - INFO - Cur epoch 16 loss TA:0.6050 TV:0.6136 VA:1.2591 CE:0.4826
2026-03-03 19:34:48,926 - utils.logger2026-03-03-19.33.58 - INFO - saving the model at the end of epoch 16, iters 448
2026-03-03 19:34:49,004 - utils.logger2026-03-03-19.33.58 - INFO - End of training epoch 16 / 40 	 Time Taken: 2 sec
2026-03-03 19:34:49,004 - utils.logger2026-03-03-19.33.58 - INFO - learning rate = 0.0002000
2026-03-03 19:34:49,427 - utils.logger2026-03-03-19.33.58 - INFO - Val result of epoch 16 / 40 acc 0.7188 MAE 0.5824 f1 0.7270
2026-03-03 19:34:49,830 - utils.logger2026-03-03-19.33.58 - INFO - Tst result of epoch 16 / 40 acc 0.7188 MAE 0.5824 f1 0.7270
2026-03-03 19:34:50,231 - utils.logger2026-03-03-19.33.58 - INFO - Cur epoch 17 loss TA:0.5898 TV:0.5916 VA:1.2103 CE:0.4712
2026-03-03 19:34:50,734 - utils.logger2026-03-03-19.33.58 - INFO - Cur epoch 17 loss TA:0.6069 TV:0.6063 VA:1.2629 CE:0.5671
2026-03-03 19:34:51,339 - utils.logger2026-03-03-19.33.58 - INFO - Cur epoch 17 loss TA:0.5970 TV:0.5892 VA:1.2183 CE:0.4868
2026-03-03 19:34:51,719 - utils.logger2026-03-03-19.33.58 - INFO - saving the model at the end of epoch 17, iters 476
2026-03-03 19:34:51,801 - utils.logger2026-03-03-19.33.58 - INFO - End of training epoch 17 / 40 	 Time Taken: 1 sec
2026-03-03 19:34:51,801 - utils.logger2026-03-03-19.33.58 - INFO - learning rate = 0.0002000
2026-03-03 19:34:52,226 - utils.logger2026-03-03-19.33.58 - INFO - Val result of epoch 17 / 40 acc 0.7545 MAE 0.5854 f1 0.7695
2026-03-03 19:34:52,624 - utils.logger2026-03-03-19.33.58 - INFO - Tst result of epoch 17 / 40 acc 0.7545 MAE 0.5854 f1 0.7695
2026-03-03 19:34:53,141 - utils.logger2026-03-03-19.33.58 - INFO - Cur epoch 18 loss TA:0.6129 TV:0.6146 VA:1.1863 CE:0.4518
2026-03-03 19:34:53,703 - utils.logger2026-03-03-19.33.58 - INFO - Cur epoch 18 loss TA:0.5836 TV:0.5818 VA:1.1910 CE:0.2767
2026-03-03 19:34:54,331 - utils.logger2026-03-03-19.33.58 - INFO - Cur epoch 18 loss TA:0.5467 TV:0.5865 VA:1.1521 CE:0.3748
2026-03-03 19:34:54,624 - utils.logger2026-03-03-19.33.58 - INFO - saving the model at the end of epoch 18, iters 504
2026-03-03 19:34:54,699 - utils.logger2026-03-03-19.33.58 - INFO - End of training epoch 18 / 40 	 Time Taken: 2 sec
2026-03-03 19:34:54,699 - utils.logger2026-03-03-19.33.58 - INFO - learning rate = 0.0002000
2026-03-03 19:34:55,127 - utils.logger2026-03-03-19.33.58 - INFO - Val result of epoch 18 / 40 acc 0.7411 MAE 0.6017 f1 0.7511
2026-03-03 19:34:55,529 - utils.logger2026-03-03-19.33.58 - INFO - Tst result of epoch 18 / 40 acc 0.7411 MAE 0.6017 f1 0.7511
2026-03-03 19:34:56,185 - utils.logger2026-03-03-19.33.58 - INFO - Cur epoch 19 loss TA:0.5423 TV:0.5492 VA:1.1186 CE:0.3481
2026-03-03 19:34:56,741 - utils.logger2026-03-03-19.33.58 - INFO - Cur epoch 19 loss TA:0.5858 TV:0.5806 VA:1.1500 CE:0.3159
2026-03-03 19:34:57,233 - utils.logger2026-03-03-19.33.58 - INFO - Cur epoch 19 loss TA:0.5617 TV:0.5704 VA:1.1561 CE:0.2997
2026-03-03 19:34:57,372 - utils.logger2026-03-03-19.33.58 - INFO - saving the model at the end of epoch 19, iters 532
2026-03-03 19:34:57,447 - utils.logger2026-03-03-19.33.58 - INFO - End of training epoch 19 / 40 	 Time Taken: 1 sec
2026-03-03 19:34:57,448 - utils.logger2026-03-03-19.33.58 - INFO - learning rate = 0.0002000
2026-03-03 19:34:57,958 - utils.logger2026-03-03-19.33.58 - INFO - Val result of epoch 19 / 40 acc 0.7411 MAE 0.5944 f1 0.7504
2026-03-03 19:34:58,426 - utils.logger2026-03-03-19.33.58 - INFO - Tst result of epoch 19 / 40 acc 0.7411 MAE 0.5944 f1 0.7504
2026-03-03 19:34:59,246 - utils.logger2026-03-03-19.33.58 - INFO - Cur epoch 20 loss TA:0.5421 TV:0.5616 VA:1.1041 CE:0.3530
2026-03-03 19:34:59,894 - utils.logger2026-03-03-19.33.58 - INFO - Cur epoch 20 loss TA:0.5708 TV:0.5827 VA:1.1408 CE:0.3961
2026-03-03 19:35:00,530 - utils.logger2026-03-03-19.33.58 - INFO - Cur epoch 20 loss TA:0.2421 TV:0.2550 VA:0.5276 CE:0.2219
2026-03-03 19:35:00,601 - utils.logger2026-03-03-19.33.58 - INFO - saving the model at the end of epoch 20, iters 560
2026-03-03 19:35:00,701 - utils.logger2026-03-03-19.33.58 - INFO - End of training epoch 20 / 40 	 Time Taken: 2 sec
2026-03-03 19:35:00,702 - utils.logger2026-03-03-19.33.58 - INFO - learning rate = 0.0002000
2026-03-03 19:35:01,177 - utils.logger2026-03-03-19.33.58 - INFO - Val result of epoch 20 / 40 acc 0.7455 MAE 0.5908 f1 0.7588
2026-03-03 19:35:01,673 - utils.logger2026-03-03-19.33.58 - INFO - Tst result of epoch 20 / 40 acc 0.7455 MAE 0.5908 f1 0.7588
2026-03-03 19:35:02,654 - utils.logger2026-03-03-19.33.58 - INFO - Cur epoch 21 loss TA:0.5477 TV:0.5527 VA:1.1477 CE:0.3068
2026-03-03 19:35:03,257 - utils.logger2026-03-03-19.33.58 - INFO - Cur epoch 21 loss TA:0.5435 TV:0.5678 VA:1.1232 CE:0.3383
2026-03-03 19:35:03,777 - utils.logger2026-03-03-19.33.58 - INFO - saving the model at the end of epoch 21, iters 588
2026-03-03 19:35:03,852 - utils.logger2026-03-03-19.33.58 - INFO - End of training epoch 21 / 40 	 Time Taken: 2 sec
2026-03-03 19:35:03,852 - utils.logger2026-03-03-19.33.58 - INFO - learning rate = 0.0002000
2026-03-03 19:35:04,365 - utils.logger2026-03-03-19.33.58 - INFO - Val result of epoch 21 / 40 acc 0.7500 MAE 0.6062 f1 0.7601
2026-03-03 19:35:04,837 - utils.logger2026-03-03-19.33.58 - INFO - Tst result of epoch 21 / 40 acc 0.7500 MAE 0.6062 f1 0.7601
2026-03-03 19:35:05,345 - utils.logger2026-03-03-19.33.58 - INFO - Cur epoch 22 loss TA:0.5333 TV:0.5553 VA:1.1233 CE:0.2943
2026-03-03 19:35:05,965 - utils.logger2026-03-03-19.33.58 - INFO - Cur epoch 22 loss TA:0.5503 TV:0.5583 VA:1.1359 CE:0.3353
2026-03-03 19:35:06,590 - utils.logger2026-03-03-19.33.58 - INFO - Cur epoch 22 loss TA:0.5727 TV:0.5816 VA:1.1418 CE:0.4599
2026-03-03 19:35:07,038 - utils.logger2026-03-03-19.33.58 - INFO - saving the model at the end of epoch 22, iters 616
2026-03-03 19:35:07,116 - utils.logger2026-03-03-19.33.58 - INFO - End of training epoch 22 / 40 	 Time Taken: 2 sec
2026-03-03 19:35:07,116 - utils.logger2026-03-03-19.33.58 - INFO - learning rate = 0.0002000
2026-03-03 19:35:07,559 - utils.logger2026-03-03-19.33.58 - INFO - Val result of epoch 22 / 40 acc 0.7545 MAE 0.6162 f1 0.7647
2026-03-03 19:35:08,063 - utils.logger2026-03-03-19.33.58 - INFO - Tst result of epoch 22 / 40 acc 0.7545 MAE 0.6162 f1 0.7647
2026-03-03 19:35:08,703 - utils.logger2026-03-03-19.33.58 - INFO - Cur epoch 23 loss TA:0.5274 TV:0.5448 VA:1.1120 CE:0.3448
2026-03-03 19:35:09,360 - utils.logger2026-03-03-19.33.58 - INFO - Cur epoch 23 loss TA:0.5565 TV:0.5737 VA:1.1382 CE:0.3381
2026-03-03 19:35:10,003 - utils.logger2026-03-03-19.33.58 - INFO - Cur epoch 23 loss TA:0.5198 TV:0.5372 VA:1.0757 CE:0.2567
2026-03-03 19:35:10,307 - utils.logger2026-03-03-19.33.58 - INFO - saving the model at the end of epoch 23, iters 644
2026-03-03 19:35:10,412 - utils.logger2026-03-03-19.33.58 - INFO - End of training epoch 23 / 40 	 Time Taken: 2 sec
2026-03-03 19:35:10,413 - utils.logger2026-03-03-19.33.58 - INFO - learning rate = 0.0002000
2026-03-03 19:35:10,923 - utils.logger2026-03-03-19.33.58 - INFO - Val result of epoch 23 / 40 acc 0.7411 MAE 0.6034 f1 0.7521
2026-03-03 19:35:11,409 - utils.logger2026-03-03-19.33.58 - INFO - Tst result of epoch 23 / 40 acc 0.7411 MAE 0.6034 f1 0.7521
2026-03-03 19:35:12,209 - utils.logger2026-03-03-19.33.58 - INFO - Cur epoch 24 loss TA:0.5514 TV:0.5605 VA:1.0931 CE:0.2744
2026-03-03 19:35:12,843 - utils.logger2026-03-03-19.33.58 - INFO - Cur epoch 24 loss TA:0.5221 TV:0.5276 VA:1.0930 CE:0.3350
2026-03-03 19:35:13,530 - utils.logger2026-03-03-19.33.58 - INFO - Cur epoch 24 loss TA:0.5391 TV:0.5343 VA:1.1133 CE:0.3136
2026-03-03 19:35:13,707 - utils.logger2026-03-03-19.33.58 - INFO - saving the model at the end of epoch 24, iters 672
2026-03-03 19:35:13,801 - utils.logger2026-03-03-19.33.58 - INFO - End of training epoch 24 / 40 	 Time Taken: 2 sec
2026-03-03 19:35:13,801 - utils.logger2026-03-03-19.33.58 - INFO - learning rate = 0.0002000
2026-03-03 19:35:14,251 - utils.logger2026-03-03-19.33.58 - INFO - Val result of epoch 24 / 40 acc 0.7679 MAE 0.5934 f1 0.7824
2026-03-03 19:35:14,743 - utils.logger2026-03-03-19.33.58 - INFO - Tst result of epoch 24 / 40 acc 0.7679 MAE 0.5934 f1 0.7824
2026-03-03 19:35:15,630 - utils.logger2026-03-03-19.33.58 - INFO - Cur epoch 25 loss TA:0.5063 TV:0.5100 VA:1.0363 CE:0.2763
2026-03-03 19:35:16,291 - utils.logger2026-03-03-19.33.58 - INFO - Cur epoch 25 loss TA:0.5188 TV:0.5265 VA:1.0304 CE:0.3612
2026-03-03 19:35:16,903 - utils.logger2026-03-03-19.33.58 - INFO - Cur epoch 25 loss TA:0.1943 TV:0.1984 VA:0.4268 CE:0.3474
2026-03-03 19:35:16,965 - utils.logger2026-03-03-19.33.58 - INFO - saving the model at the end of epoch 25, iters 700
2026-03-03 19:35:17,057 - utils.logger2026-03-03-19.33.58 - INFO - End of training epoch 25 / 40 	 Time Taken: 2 sec
2026-03-03 19:35:17,057 - utils.logger2026-03-03-19.33.58 - INFO - learning rate = 0.0002000
2026-03-03 19:35:17,561 - utils.logger2026-03-03-19.33.58 - INFO - Val result of epoch 25 / 40 acc 0.7589 MAE 0.5844 f1 0.7795
2026-03-03 19:35:18,040 - utils.logger2026-03-03-19.33.58 - INFO - Tst result of epoch 25 / 40 acc 0.7589 MAE 0.5844 f1 0.7795
2026-03-03 19:35:19,137 - utils.logger2026-03-03-19.33.58 - INFO - Cur epoch 26 loss TA:0.5109 TV:0.5039 VA:1.0101 CE:0.2314
2026-03-03 19:35:19,804 - utils.logger2026-03-03-19.33.58 - INFO - Cur epoch 26 loss TA:0.5273 TV:0.5301 VA:1.0698 CE:0.2628
2026-03-03 19:35:20,352 - utils.logger2026-03-03-19.33.58 - INFO - saving the model at the end of epoch 26, iters 728
2026-03-03 19:35:20,431 - utils.logger2026-03-03-19.33.58 - INFO - End of training epoch 26 / 40 	 Time Taken: 2 sec
2026-03-03 19:35:20,431 - utils.logger2026-03-03-19.33.58 - INFO - learning rate = 0.0002000
2026-03-03 19:35:20,934 - utils.logger2026-03-03-19.33.58 - INFO - Val result of epoch 26 / 40 acc 0.7455 MAE 0.5944 f1 0.7576
2026-03-03 19:35:21,454 - utils.logger2026-03-03-19.33.58 - INFO - Tst result of epoch 26 / 40 acc 0.7455 MAE 0.5944 f1 0.7576
2026-03-03 19:35:21,974 - utils.logger2026-03-03-19.33.58 - INFO - Cur epoch 27 loss TA:0.5302 TV:0.5359 VA:1.0834 CE:0.1806
2026-03-03 19:35:22,635 - utils.logger2026-03-03-19.33.58 - INFO - Cur epoch 27 loss TA:0.5181 TV:0.5194 VA:1.0303 CE:0.3807
2026-03-03 19:35:23,301 - utils.logger2026-03-03-19.33.58 - INFO - Cur epoch 27 loss TA:0.5101 TV:0.5132 VA:1.0023 CE:0.2591
2026-03-03 19:35:23,754 - utils.logger2026-03-03-19.33.58 - INFO - saving the model at the end of epoch 27, iters 756
2026-03-03 19:35:23,854 - utils.logger2026-03-03-19.33.58 - INFO - End of training epoch 27 / 40 	 Time Taken: 2 sec
2026-03-03 19:35:23,854 - utils.logger2026-03-03-19.33.58 - INFO - learning rate = 0.0002000
2026-03-03 19:35:24,362 - utils.logger2026-03-03-19.33.58 - INFO - Val result of epoch 27 / 40 acc 0.7500 MAE 0.6082 f1 0.7669
2026-03-03 19:35:24,872 - utils.logger2026-03-03-19.33.58 - INFO - Tst result of epoch 27 / 40 acc 0.7500 MAE 0.6082 f1 0.7669
2026-03-03 19:35:25,455 - utils.logger2026-03-03-19.33.58 - INFO - Cur epoch 28 loss TA:0.4965 TV:0.5000 VA:1.0047 CE:0.1882
2026-03-03 19:35:26,013 - utils.logger2026-03-03-19.33.58 - INFO - Cur epoch 28 loss TA:0.5073 TV:0.5167 VA:1.0194 CE:0.2590
2026-03-03 19:35:26,640 - utils.logger2026-03-03-19.33.58 - INFO - Cur epoch 28 loss TA:0.5198 TV:0.5094 VA:1.0080 CE:0.2957
2026-03-03 19:35:26,932 - utils.logger2026-03-03-19.33.58 - INFO - saving the model at the end of epoch 28, iters 784
2026-03-03 19:35:27,037 - utils.logger2026-03-03-19.33.58 - INFO - End of training epoch 28 / 40 	 Time Taken: 2 sec
2026-03-03 19:35:27,037 - utils.logger2026-03-03-19.33.58 - INFO - learning rate = 0.0002000
2026-03-03 19:35:27,573 - utils.logger2026-03-03-19.33.58 - INFO - Val result of epoch 28 / 40 acc 0.7500 MAE 0.6044 f1 0.7646
2026-03-03 19:35:28,048 - utils.logger2026-03-03-19.33.58 - INFO - Tst result of epoch 28 / 40 acc 0.7500 MAE 0.6044 f1 0.7646
2026-03-03 19:35:28,819 - utils.logger2026-03-03-19.33.58 - INFO - Cur epoch 29 loss TA:0.5103 TV:0.5088 VA:1.0107 CE:0.2197
2026-03-03 19:35:29,463 - utils.logger2026-03-03-19.33.58 - INFO - Cur epoch 29 loss TA:0.5019 TV:0.5136 VA:1.0044 CE:0.2291
2026-03-03 19:35:30,100 - utils.logger2026-03-03-19.33.58 - INFO - Cur epoch 29 loss TA:0.4821 TV:0.4944 VA:0.9805 CE:0.2805
2026-03-03 19:35:30,295 - utils.logger2026-03-03-19.33.58 - INFO - saving the model at the end of epoch 29, iters 812
2026-03-03 19:35:30,388 - utils.logger2026-03-03-19.33.58 - INFO - End of training epoch 29 / 40 	 Time Taken: 2 sec
2026-03-03 19:35:30,388 - utils.logger2026-03-03-19.33.58 - INFO - learning rate = 0.0002000
2026-03-03 19:35:30,844 - utils.logger2026-03-03-19.33.58 - INFO - Val result of epoch 29 / 40 acc 0.7545 MAE 0.6048 f1 0.7641
2026-03-03 19:35:31,341 - utils.logger2026-03-03-19.33.58 - INFO - Tst result of epoch 29 / 40 acc 0.7545 MAE 0.6048 f1 0.7641
2026-03-03 19:35:32,247 - utils.logger2026-03-03-19.33.58 - INFO - Cur epoch 30 loss TA:0.4997 TV:0.5044 VA:0.9966 CE:0.1350
2026-03-03 19:35:32,844 - utils.logger2026-03-03-19.33.58 - INFO - Cur epoch 30 loss TA:0.4974 TV:0.5089 VA:0.9739 CE:0.2263
2026-03-03 19:35:33,463 - utils.logger2026-03-03-19.33.58 - INFO - Cur epoch 30 loss TA:0.2335 TV:0.2325 VA:0.3541 CE:0.1987
2026-03-03 19:35:33,515 - utils.logger2026-03-03-19.33.58 - INFO - saving the model at the end of epoch 30, iters 840
2026-03-03 19:35:33,588 - utils.logger2026-03-03-19.33.58 - INFO - End of training epoch 30 / 40 	 Time Taken: 2 sec
2026-03-03 19:35:33,588 - utils.logger2026-03-03-19.33.58 - INFO - learning rate = 0.0001818
2026-03-03 19:35:34,031 - utils.logger2026-03-03-19.33.58 - INFO - Val result of epoch 30 / 40 acc 0.7500 MAE 0.6099 f1 0.7609
2026-03-03 19:35:34,452 - utils.logger2026-03-03-19.33.58 - INFO - Tst result of epoch 30 / 40 acc 0.7500 MAE 0.6099 f1 0.7609
2026-03-03 19:35:35,389 - utils.logger2026-03-03-19.33.58 - INFO - Cur epoch 31 loss TA:0.5047 TV:0.5098 VA:0.9902 CE:0.2614
2026-03-03 19:35:36,005 - utils.logger2026-03-03-19.33.58 - INFO - Cur epoch 31 loss TA:0.4867 TV:0.4893 VA:0.9904 CE:0.1922
2026-03-03 19:35:36,472 - utils.logger2026-03-03-19.33.58 - INFO - saving the model at the end of epoch 31, iters 868
2026-03-03 19:35:36,544 - utils.logger2026-03-03-19.33.58 - INFO - End of training epoch 31 / 40 	 Time Taken: 2 sec
2026-03-03 19:35:36,544 - utils.logger2026-03-03-19.33.58 - INFO - learning rate = 0.0001636
2026-03-03 19:35:37,038 - utils.logger2026-03-03-19.33.58 - INFO - Val result of epoch 31 / 40 acc 0.7634 MAE 0.6004 f1 0.7757
2026-03-03 19:35:37,489 - utils.logger2026-03-03-19.33.58 - INFO - Tst result of epoch 31 / 40 acc 0.7634 MAE 0.6004 f1 0.7757
2026-03-03 19:35:37,931 - utils.logger2026-03-03-19.33.58 - INFO - Cur epoch 32 loss TA:0.4731 TV:0.4946 VA:0.9653 CE:0.2242
2026-03-03 19:35:38,470 - utils.logger2026-03-03-19.33.58 - INFO - Cur epoch 32 loss TA:0.4808 TV:0.4819 VA:0.9309 CE:0.1760
2026-03-03 19:35:38,988 - utils.logger2026-03-03-19.33.58 - INFO - Cur epoch 32 loss TA:0.4854 TV:0.4996 VA:0.9709 CE:0.2198
2026-03-03 19:35:39,337 - utils.logger2026-03-03-19.33.58 - INFO - saving the model at the end of epoch 32, iters 896
2026-03-03 19:35:39,412 - utils.logger2026-03-03-19.33.58 - INFO - End of training epoch 32 / 40 	 Time Taken: 1 sec
2026-03-03 19:35:39,412 - utils.logger2026-03-03-19.33.58 - INFO - learning rate = 0.0001455
2026-03-03 19:35:39,824 - utils.logger2026-03-03-19.33.58 - INFO - Val result of epoch 32 / 40 acc 0.7500 MAE 0.6057 f1 0.7601
2026-03-03 19:35:40,227 - utils.logger2026-03-03-19.33.58 - INFO - Tst result of epoch 32 / 40 acc 0.7500 MAE 0.6057 f1 0.7601
2026-03-03 19:35:40,739 - utils.logger2026-03-03-19.33.58 - INFO - Cur epoch 33 loss TA:0.4824 TV:0.4994 VA:1.0010 CE:0.2617
2026-03-03 19:35:41,256 - utils.logger2026-03-03-19.33.58 - INFO - Cur epoch 33 loss TA:0.4947 TV:0.5006 VA:0.9828 CE:0.2050
2026-03-03 19:35:41,844 - utils.logger2026-03-03-19.33.58 - INFO - Cur epoch 33 loss TA:0.4892 TV:0.4845 VA:0.9723 CE:0.2674
2026-03-03 19:35:42,126 - utils.logger2026-03-03-19.33.58 - INFO - saving the model at the end of epoch 33, iters 924
2026-03-03 19:35:42,207 - utils.logger2026-03-03-19.33.58 - INFO - End of training epoch 33 / 40 	 Time Taken: 1 sec
2026-03-03 19:35:42,208 - utils.logger2026-03-03-19.33.58 - INFO - learning rate = 0.0001273
2026-03-03 19:35:42,637 - utils.logger2026-03-03-19.33.58 - INFO - Val result of epoch 33 / 40 acc 0.7500 MAE 0.6125 f1 0.7598
2026-03-03 19:35:43,108 - utils.logger2026-03-03-19.33.58 - INFO - Tst result of epoch 33 / 40 acc 0.7500 MAE 0.6125 f1 0.7598
2026-03-03 19:35:43,730 - utils.logger2026-03-03-19.33.58 - INFO - Cur epoch 34 loss TA:0.4585 TV:0.4652 VA:0.9254 CE:0.2402
2026-03-03 19:35:44,308 - utils.logger2026-03-03-19.33.58 - INFO - Cur epoch 34 loss TA:0.4565 TV:0.4706 VA:0.9312 CE:0.1477
2026-03-03 19:35:44,819 - utils.logger2026-03-03-19.33.58 - INFO - Cur epoch 34 loss TA:0.5010 TV:0.5057 VA:0.9870 CE:0.1639
2026-03-03 19:35:44,967 - utils.logger2026-03-03-19.33.58 - INFO - saving the model at the end of epoch 34, iters 952
2026-03-03 19:35:45,040 - utils.logger2026-03-03-19.33.58 - INFO - End of training epoch 34 / 40 	 Time Taken: 1 sec
2026-03-03 19:35:45,040 - utils.logger2026-03-03-19.33.58 - INFO - learning rate = 0.0001091
2026-03-03 19:35:45,519 - utils.logger2026-03-03-19.33.58 - INFO - Val result of epoch 34 / 40 acc 0.7589 MAE 0.6110 f1 0.7781
2026-03-03 19:35:45,932 - utils.logger2026-03-03-19.33.58 - INFO - Tst result of epoch 34 / 40 acc 0.7589 MAE 0.6110 f1 0.7781
2026-03-03 19:35:46,724 - utils.logger2026-03-03-19.33.58 - INFO - Cur epoch 35 loss TA:0.4868 TV:0.4789 VA:0.9725 CE:0.2320
2026-03-03 19:35:47,248 - utils.logger2026-03-03-19.33.58 - INFO - Cur epoch 35 loss TA:0.4717 TV:0.4828 VA:0.9804 CE:0.1896
2026-03-03 19:35:47,822 - utils.logger2026-03-03-19.33.58 - INFO - Cur epoch 35 loss TA:0.1957 TV:0.1992 VA:0.3866 CE:0.2107
2026-03-03 19:35:47,882 - utils.logger2026-03-03-19.33.58 - INFO - saving the model at the end of epoch 35, iters 980
2026-03-03 19:35:47,962 - utils.logger2026-03-03-19.33.58 - INFO - End of training epoch 35 / 40 	 Time Taken: 2 sec
2026-03-03 19:35:47,962 - utils.logger2026-03-03-19.33.58 - INFO - learning rate = 0.0000909
2026-03-03 19:35:48,441 - utils.logger2026-03-03-19.33.58 - INFO - Val result of epoch 35 / 40 acc 0.7634 MAE 0.6009 f1 0.7781
2026-03-03 19:35:48,917 - utils.logger2026-03-03-19.33.58 - INFO - Tst result of epoch 35 / 40 acc 0.7634 MAE 0.6009 f1 0.7781
2026-03-03 19:35:49,729 - utils.logger2026-03-03-19.33.58 - INFO - Cur epoch 36 loss TA:0.4435 TV:0.4485 VA:0.9007 CE:0.2601
2026-03-03 19:35:50,297 - utils.logger2026-03-03-19.33.58 - INFO - Cur epoch 36 loss TA:0.4943 TV:0.5000 VA:0.9552 CE:0.2230
2026-03-03 19:35:50,743 - utils.logger2026-03-03-19.33.58 - INFO - saving the model at the end of epoch 36, iters 1008
2026-03-03 19:35:50,816 - utils.logger2026-03-03-19.33.58 - INFO - End of training epoch 36 / 40 	 Time Taken: 1 sec
2026-03-03 19:35:50,816 - utils.logger2026-03-03-19.33.58 - INFO - learning rate = 0.0000727
2026-03-03 19:35:51,248 - utils.logger2026-03-03-19.33.58 - INFO - Val result of epoch 36 / 40 acc 0.7500 MAE 0.6014 f1 0.7614
2026-03-03 19:35:51,711 - utils.logger2026-03-03-19.33.58 - INFO - Tst result of epoch 36 / 40 acc 0.7500 MAE 0.6014 f1 0.7614
2026-03-03 19:35:52,132 - utils.logger2026-03-03-19.33.58 - INFO - Cur epoch 37 loss TA:0.4670 TV:0.4737 VA:0.9319 CE:0.2392
2026-03-03 19:35:52,680 - utils.logger2026-03-03-19.33.58 - INFO - Cur epoch 37 loss TA:0.4928 TV:0.4865 VA:0.9850 CE:0.1751
2026-03-03 19:35:53,239 - utils.logger2026-03-03-19.33.58 - INFO - Cur epoch 37 loss TA:0.4555 TV:0.4653 VA:0.9444 CE:0.1702
2026-03-03 19:35:53,622 - utils.logger2026-03-03-19.33.58 - INFO - saving the model at the end of epoch 37, iters 1036
2026-03-03 19:35:53,700 - utils.logger2026-03-03-19.33.58 - INFO - End of training epoch 37 / 40 	 Time Taken: 1 sec
2026-03-03 19:35:53,700 - utils.logger2026-03-03-19.33.58 - INFO - learning rate = 0.0000545
2026-03-03 19:35:54,123 - utils.logger2026-03-03-19.33.58 - INFO - Val result of epoch 37 / 40 acc 0.7589 MAE 0.5991 f1 0.7731
2026-03-03 19:35:54,556 - utils.logger2026-03-03-19.33.58 - INFO - Tst result of epoch 37 / 40 acc 0.7589 MAE 0.5991 f1 0.7731
2026-03-03 19:35:55,120 - utils.logger2026-03-03-19.33.58 - INFO - Cur epoch 38 loss TA:0.4741 TV:0.4761 VA:0.9388 CE:0.1533
2026-03-03 19:35:55,701 - utils.logger2026-03-03-19.33.58 - INFO - Cur epoch 38 loss TA:0.4729 TV:0.5010 VA:0.9688 CE:0.2170
2026-03-03 19:35:56,250 - utils.logger2026-03-03-19.33.58 - INFO - Cur epoch 38 loss TA:0.4688 TV:0.4711 VA:0.9503 CE:0.2051
2026-03-03 19:35:56,517 - utils.logger2026-03-03-19.33.58 - INFO - saving the model at the end of epoch 38, iters 1064
2026-03-03 19:35:56,596 - utils.logger2026-03-03-19.33.58 - INFO - End of training epoch 38 / 40 	 Time Taken: 2 sec
2026-03-03 19:35:56,596 - utils.logger2026-03-03-19.33.58 - INFO - learning rate = 0.0000364
2026-03-03 19:35:57,026 - utils.logger2026-03-03-19.33.58 - INFO - Val result of epoch 38 / 40 acc 0.7634 MAE 0.6080 f1 0.7781
2026-03-03 19:35:57,450 - utils.logger2026-03-03-19.33.58 - INFO - Tst result of epoch 38 / 40 acc 0.7634 MAE 0.6080 f1 0.7781
2026-03-03 19:35:58,160 - utils.logger2026-03-03-19.33.58 - INFO - Cur epoch 39 loss TA:0.4991 TV:0.4946 VA:0.9617 CE:0.1639
2026-03-03 19:35:58,734 - utils.logger2026-03-03-19.33.58 - INFO - Cur epoch 39 loss TA:0.4844 TV:0.4828 VA:0.9429 CE:0.1361
2026-03-03 19:35:59,321 - utils.logger2026-03-03-19.33.58 - INFO - Cur epoch 39 loss TA:0.4803 TV:0.4747 VA:0.9365 CE:0.1524
2026-03-03 19:35:59,512 - utils.logger2026-03-03-19.33.58 - INFO - saving the model at the end of epoch 39, iters 1092
2026-03-03 19:35:59,590 - utils.logger2026-03-03-19.33.58 - INFO - End of training epoch 39 / 40 	 Time Taken: 2 sec
2026-03-03 19:35:59,590 - utils.logger2026-03-03-19.33.58 - INFO - learning rate = 0.0000182
2026-03-03 19:36:00,005 - utils.logger2026-03-03-19.33.58 - INFO - Val result of epoch 39 / 40 acc 0.7545 MAE 0.6126 f1 0.7659
2026-03-03 19:36:00,477 - utils.logger2026-03-03-19.33.58 - INFO - Tst result of epoch 39 / 40 acc 0.7545 MAE 0.6126 f1 0.7659
2026-03-03 19:36:01,335 - utils.logger2026-03-03-19.33.58 - INFO - Cur epoch 40 loss TA:0.4720 TV:0.4852 VA:0.9417 CE:0.1632
2026-03-03 19:36:01,978 - utils.logger2026-03-03-19.33.58 - INFO - Cur epoch 40 loss TA:0.4699 TV:0.4817 VA:0.9318 CE:0.1698
2026-03-03 19:36:02,623 - utils.logger2026-03-03-19.33.58 - INFO - Cur epoch 40 loss TA:0.1641 TV:0.1676 VA:0.3465 CE:0.1594
2026-03-03 19:36:02,687 - utils.logger2026-03-03-19.33.58 - INFO - saving the model at the end of epoch 40, iters 1120
2026-03-03 19:36:02,766 - utils.logger2026-03-03-19.33.58 - INFO - End of training epoch 40 / 40 	 Time Taken: 2 sec
2026-03-03 19:36:02,766 - utils.logger2026-03-03-19.33.58 - INFO - learning rate = 0.0000000
2026-03-03 19:36:03,271 - utils.logger2026-03-03-19.33.58 - INFO - Val result of epoch 40 / 40 acc 0.7768 MAE 0.6096 f1 0.7916
2026-03-03 19:36:03,759 - utils.logger2026-03-03-19.33.58 - INFO - Tst result of epoch 40 / 40 acc 0.7768 MAE 0.6096 f1 0.7916
2026-03-03 19:36:03,759 - utils.logger2026-03-03-19.33.58 - INFO - Best eval epoch 40 found with f1 0.791612
