2025-12-18 18:22:02,670 - utils.logger2025-12-18-18.22.02 - INFO - The number of training samples = 1750
2025-12-18 18:22:04,121 - utils.logger2025-12-18-18.22.02 - INFO - Cur epoch 1 loss TA:1.0360 TV:1.0359 VA:2.0649 CE:2.8503
2025-12-18 18:22:04,589 - utils.logger2025-12-18-18.22.02 - INFO - Cur epoch 1 loss TA:1.0349 TV:1.0372 VA:2.0711 CE:3.8805
2025-12-18 18:22:05,041 - utils.logger2025-12-18-18.22.02 - INFO - saving the model at the end of epoch 1, iters 28
2025-12-18 18:22:05,104 - utils.logger2025-12-18-18.22.02 - INFO - End of training epoch 1 / 40 	 Time Taken: 2 sec
2025-12-18 18:22:05,104 - utils.logger2025-12-18-18.22.02 - INFO - learning rate = 0.0002000
2025-12-18 18:22:05,401 - utils.logger2025-12-18-18.22.02 - INFO - Val result of epoch 1 / 40 acc 0.4152 MAE 0.2327 f1 0.5589
2025-12-18 18:22:05,727 - utils.logger2025-12-18-18.22.02 - INFO - Tst result of epoch 1 / 40 acc 0.4152 MAE 0.2327 f1 0.5589
2025-12-18 18:22:06,035 - utils.logger2025-12-18-18.22.02 - INFO - Cur epoch 2 loss TA:1.0320 TV:1.0318 VA:2.0585 CE:2.2348
2025-12-18 18:22:06,518 - utils.logger2025-12-18-18.22.02 - INFO - Cur epoch 2 loss TA:1.0293 TV:1.0300 VA:2.0609 CE:2.4220
2025-12-18 18:22:06,999 - utils.logger2025-12-18-18.22.02 - INFO - Cur epoch 2 loss TA:1.0265 TV:1.0216 VA:2.0616 CE:2.4376
2025-12-18 18:22:07,376 - utils.logger2025-12-18-18.22.02 - INFO - saving the model at the end of epoch 2, iters 56
2025-12-18 18:22:07,460 - utils.logger2025-12-18-18.22.02 - INFO - End of training epoch 2 / 40 	 Time Taken: 1 sec
2025-12-18 18:22:07,461 - utils.logger2025-12-18-18.22.02 - INFO - learning rate = 0.0002000
2025-12-18 18:22:07,826 - utils.logger2025-12-18-18.22.02 - INFO - Val result of epoch 2 / 40 acc 0.4554 MAE 0.2826 f1 0.5400
2025-12-18 18:22:08,355 - utils.logger2025-12-18-18.22.02 - INFO - Tst result of epoch 2 / 40 acc 0.4554 MAE 0.2826 f1 0.5400
2025-12-18 18:22:09,024 - utils.logger2025-12-18-18.22.02 - INFO - Cur epoch 3 loss TA:1.0028 TV:0.9982 VA:2.0328 CE:2.3511
2025-12-18 18:22:09,640 - utils.logger2025-12-18-18.22.02 - INFO - Cur epoch 3 loss TA:0.9903 TV:0.9936 VA:2.0085 CE:2.5526
2025-12-18 18:22:10,207 - utils.logger2025-12-18-18.22.02 - INFO - Cur epoch 3 loss TA:0.9734 TV:0.9706 VA:1.9763 CE:2.0591
2025-12-18 18:22:10,508 - utils.logger2025-12-18-18.22.02 - INFO - saving the model at the end of epoch 3, iters 84
2025-12-18 18:22:10,591 - utils.logger2025-12-18-18.22.02 - INFO - End of training epoch 3 / 40 	 Time Taken: 2 sec
2025-12-18 18:22:10,592 - utils.logger2025-12-18-18.22.02 - INFO - learning rate = 0.0002000
2025-12-18 18:22:10,878 - utils.logger2025-12-18-18.22.02 - INFO - Val result of epoch 3 / 40 acc 0.5402 MAE 0.2841 f1 0.5604
2025-12-18 18:22:11,186 - utils.logger2025-12-18-18.22.02 - INFO - Tst result of epoch 3 / 40 acc 0.5402 MAE 0.2841 f1 0.5604
2025-12-18 18:22:11,655 - utils.logger2025-12-18-18.22.02 - INFO - Cur epoch 4 loss TA:0.9444 TV:0.9509 VA:1.9254 CE:2.2857
2025-12-18 18:22:12,150 - utils.logger2025-12-18-18.22.02 - INFO - Cur epoch 4 loss TA:0.9309 TV:0.9303 VA:1.8707 CE:2.1544
2025-12-18 18:22:12,667 - utils.logger2025-12-18-18.22.02 - INFO - Cur epoch 4 loss TA:0.9257 TV:0.9259 VA:1.8699 CE:2.0218
2025-12-18 18:22:12,841 - utils.logger2025-12-18-18.22.02 - INFO - saving the model at the end of epoch 4, iters 112
2025-12-18 18:22:12,926 - utils.logger2025-12-18-18.22.02 - INFO - End of training epoch 4 / 40 	 Time Taken: 1 sec
2025-12-18 18:22:12,926 - utils.logger2025-12-18-18.22.02 - INFO - learning rate = 0.0002000
2025-12-18 18:22:13,236 - utils.logger2025-12-18-18.22.02 - INFO - Val result of epoch 4 / 40 acc 0.6384 MAE 0.3613 f1 0.6498
2025-12-18 18:22:13,548 - utils.logger2025-12-18-18.22.02 - INFO - Tst result of epoch 4 / 40 acc 0.6384 MAE 0.3613 f1 0.6498
2025-12-18 18:22:14,212 - utils.logger2025-12-18-18.22.02 - INFO - Cur epoch 5 loss TA:0.9098 TV:0.9061 VA:1.8163 CE:1.8062
2025-12-18 18:22:14,657 - utils.logger2025-12-18-18.22.02 - INFO - Cur epoch 5 loss TA:0.9116 TV:0.9148 VA:1.8503 CE:2.0126
2025-12-18 18:22:15,092 - utils.logger2025-12-18-18.22.02 - INFO - Cur epoch 5 loss TA:0.6430 TV:0.6310 VA:1.2669 CE:1.6731
2025-12-18 18:22:15,154 - utils.logger2025-12-18-18.22.02 - INFO - saving the model at the end of epoch 5, iters 140
2025-12-18 18:22:15,227 - utils.logger2025-12-18-18.22.02 - INFO - End of training epoch 5 / 40 	 Time Taken: 1 sec
2025-12-18 18:22:15,227 - utils.logger2025-12-18-18.22.02 - INFO - learning rate = 0.0002000
2025-12-18 18:22:15,539 - utils.logger2025-12-18-18.22.02 - INFO - Val result of epoch 5 / 40 acc 0.6920 MAE 0.4085 f1 0.7175
2025-12-18 18:22:15,832 - utils.logger2025-12-18-18.22.02 - INFO - Tst result of epoch 5 / 40 acc 0.6920 MAE 0.4085 f1 0.7175
2025-12-18 18:22:16,557 - utils.logger2025-12-18-18.22.02 - INFO - Cur epoch 6 loss TA:0.8711 TV:0.8919 VA:1.7689 CE:1.8779
2025-12-18 18:22:17,026 - utils.logger2025-12-18-18.22.02 - INFO - Cur epoch 6 loss TA:0.8836 TV:0.8783 VA:1.7434 CE:1.6845
2025-12-18 18:22:17,467 - utils.logger2025-12-18-18.22.02 - INFO - saving the model at the end of epoch 6, iters 168
2025-12-18 18:22:17,537 - utils.logger2025-12-18-18.22.02 - INFO - End of training epoch 6 / 40 	 Time Taken: 1 sec
2025-12-18 18:22:17,538 - utils.logger2025-12-18-18.22.02 - INFO - learning rate = 0.0002000
2025-12-18 18:22:17,866 - utils.logger2025-12-18-18.22.02 - INFO - Val result of epoch 6 / 40 acc 0.6875 MAE 0.4616 f1 0.6971
2025-12-18 18:22:18,179 - utils.logger2025-12-18-18.22.02 - INFO - Tst result of epoch 6 / 40 acc 0.6875 MAE 0.4616 f1 0.6971
2025-12-18 18:22:18,510 - utils.logger2025-12-18-18.22.02 - INFO - Cur epoch 7 loss TA:0.8526 TV:0.8440 VA:1.7164 CE:1.3711
2025-12-18 18:22:19,003 - utils.logger2025-12-18-18.22.02 - INFO - Cur epoch 7 loss TA:0.8490 TV:0.8557 VA:1.6714 CE:1.2452
2025-12-18 18:22:19,516 - utils.logger2025-12-18-18.22.02 - INFO - Cur epoch 7 loss TA:0.8475 TV:0.8414 VA:1.6526 CE:1.7295
2025-12-18 18:22:19,907 - utils.logger2025-12-18-18.22.02 - INFO - saving the model at the end of epoch 7, iters 196
2025-12-18 18:22:19,982 - utils.logger2025-12-18-18.22.02 - INFO - End of training epoch 7 / 40 	 Time Taken: 1 sec
2025-12-18 18:22:19,983 - utils.logger2025-12-18-18.22.02 - INFO - learning rate = 0.0002000
2025-12-18 18:22:20,303 - utils.logger2025-12-18-18.22.02 - INFO - Val result of epoch 7 / 40 acc 0.7411 MAE 0.5165 f1 0.7592
2025-12-18 18:22:20,579 - utils.logger2025-12-18-18.22.02 - INFO - Tst result of epoch 7 / 40 acc 0.7411 MAE 0.5165 f1 0.7592
2025-12-18 18:22:21,017 - utils.logger2025-12-18-18.22.02 - INFO - Cur epoch 8 loss TA:0.7987 TV:0.8379 VA:1.6625 CE:1.7379
2025-12-18 18:22:21,545 - utils.logger2025-12-18-18.22.02 - INFO - Cur epoch 8 loss TA:0.8117 TV:0.7690 VA:1.6059 CE:1.7137
2025-12-18 18:22:22,055 - utils.logger2025-12-18-18.22.02 - INFO - Cur epoch 8 loss TA:0.7962 TV:0.7741 VA:1.5967 CE:1.4767
2025-12-18 18:22:22,310 - utils.logger2025-12-18-18.22.02 - INFO - saving the model at the end of epoch 8, iters 224
2025-12-18 18:22:22,374 - utils.logger2025-12-18-18.22.02 - INFO - End of training epoch 8 / 40 	 Time Taken: 1 sec
2025-12-18 18:22:22,374 - utils.logger2025-12-18-18.22.02 - INFO - learning rate = 0.0002000
2025-12-18 18:22:22,734 - utils.logger2025-12-18-18.22.02 - INFO - Val result of epoch 8 / 40 acc 0.7411 MAE 0.5071 f1 0.7712
2025-12-18 18:22:23,045 - utils.logger2025-12-18-18.22.02 - INFO - Tst result of epoch 8 / 40 acc 0.7411 MAE 0.5071 f1 0.7712
2025-12-18 18:22:23,755 - utils.logger2025-12-18-18.22.02 - INFO - Cur epoch 9 loss TA:0.7601 TV:0.7648 VA:1.5397 CE:1.1791
2025-12-18 18:22:24,309 - utils.logger2025-12-18-18.22.02 - INFO - Cur epoch 9 loss TA:0.7482 TV:0.7719 VA:1.5275 CE:0.9745
2025-12-18 18:22:24,902 - utils.logger2025-12-18-18.22.02 - INFO - Cur epoch 9 loss TA:0.7584 TV:0.7561 VA:1.6029 CE:1.1996
2025-12-18 18:22:25,068 - utils.logger2025-12-18-18.22.02 - INFO - saving the model at the end of epoch 9, iters 252
2025-12-18 18:22:25,142 - utils.logger2025-12-18-18.22.02 - INFO - End of training epoch 9 / 40 	 Time Taken: 2 sec
2025-12-18 18:22:25,142 - utils.logger2025-12-18-18.22.02 - INFO - learning rate = 0.0002000
2025-12-18 18:22:25,626 - utils.logger2025-12-18-18.22.02 - INFO - Val result of epoch 9 / 40 acc 0.7366 MAE 0.5407 f1 0.7614
2025-12-18 18:22:26,163 - utils.logger2025-12-18-18.22.02 - INFO - Tst result of epoch 9 / 40 acc 0.7366 MAE 0.5407 f1 0.7614
2025-12-18 18:22:26,843 - utils.logger2025-12-18-18.22.02 - INFO - Cur epoch 10 loss TA:0.7206 TV:0.7121 VA:1.5302 CE:0.9443
2025-12-18 18:22:27,411 - utils.logger2025-12-18-18.22.02 - INFO - Cur epoch 10 loss TA:0.7259 TV:0.7156 VA:1.4699 CE:1.0190
2025-12-18 18:22:27,936 - utils.logger2025-12-18-18.22.02 - INFO - Cur epoch 10 loss TA:0.4333 TV:0.4526 VA:0.8332 CE:1.0631
2025-12-18 18:22:27,997 - utils.logger2025-12-18-18.22.02 - INFO - saving the model at the end of epoch 10, iters 280
2025-12-18 18:22:28,077 - utils.logger2025-12-18-18.22.02 - INFO - End of training epoch 10 / 40 	 Time Taken: 1 sec
2025-12-18 18:22:28,077 - utils.logger2025-12-18-18.22.02 - INFO - learning rate = 0.0002000
2025-12-18 18:22:28,535 - utils.logger2025-12-18-18.22.02 - INFO - Val result of epoch 10 / 40 acc 0.7366 MAE 0.5412 f1 0.7448
2025-12-18 18:22:28,988 - utils.logger2025-12-18-18.22.02 - INFO - Tst result of epoch 10 / 40 acc 0.7366 MAE 0.5412 f1 0.7448
2025-12-18 18:22:29,817 - utils.logger2025-12-18-18.22.02 - INFO - Cur epoch 11 loss TA:0.7138 TV:0.7238 VA:1.4562 CE:1.0218
2025-12-18 18:22:30,385 - utils.logger2025-12-18-18.22.02 - INFO - Cur epoch 11 loss TA:0.6862 TV:0.7105 VA:1.4442 CE:0.6762
2025-12-18 18:22:30,896 - utils.logger2025-12-18-18.22.02 - INFO - saving the model at the end of epoch 11, iters 308
2025-12-18 18:22:30,982 - utils.logger2025-12-18-18.22.02 - INFO - End of training epoch 11 / 40 	 Time Taken: 1 sec
2025-12-18 18:22:30,982 - utils.logger2025-12-18-18.22.02 - INFO - learning rate = 0.0002000
2025-12-18 18:22:31,383 - utils.logger2025-12-18-18.22.02 - INFO - Val result of epoch 11 / 40 acc 0.7500 MAE 0.5781 f1 0.7692
2025-12-18 18:22:31,697 - utils.logger2025-12-18-18.22.02 - INFO - Tst result of epoch 11 / 40 acc 0.7500 MAE 0.5781 f1 0.7692
2025-12-18 18:22:32,031 - utils.logger2025-12-18-18.22.02 - INFO - Cur epoch 12 loss TA:0.6761 TV:0.6856 VA:1.3630 CE:0.9342
2025-12-18 18:22:32,658 - utils.logger2025-12-18-18.22.02 - INFO - Cur epoch 12 loss TA:0.7057 TV:0.7197 VA:1.4081 CE:0.7314
2025-12-18 18:22:33,188 - utils.logger2025-12-18-18.22.02 - INFO - Cur epoch 12 loss TA:0.7013 TV:0.7075 VA:1.4289 CE:0.7061
2025-12-18 18:22:33,566 - utils.logger2025-12-18-18.22.02 - INFO - saving the model at the end of epoch 12, iters 336
2025-12-18 18:22:33,642 - utils.logger2025-12-18-18.22.02 - INFO - End of training epoch 12 / 40 	 Time Taken: 1 sec
2025-12-18 18:22:33,642 - utils.logger2025-12-18-18.22.02 - INFO - learning rate = 0.0002000
2025-12-18 18:22:33,934 - utils.logger2025-12-18-18.22.02 - INFO - Val result of epoch 12 / 40 acc 0.7589 MAE 0.5744 f1 0.7681
2025-12-18 18:22:34,436 - utils.logger2025-12-18-18.22.02 - INFO - Tst result of epoch 12 / 40 acc 0.7589 MAE 0.5744 f1 0.7681
2025-12-18 18:22:35,096 - utils.logger2025-12-18-18.22.02 - INFO - Cur epoch 13 loss TA:0.6588 TV:0.6615 VA:1.3519 CE:0.8599
2025-12-18 18:22:35,677 - utils.logger2025-12-18-18.22.02 - INFO - Cur epoch 13 loss TA:0.6481 TV:0.6704 VA:1.2810 CE:0.5213
2025-12-18 18:22:36,249 - utils.logger2025-12-18-18.22.02 - INFO - Cur epoch 13 loss TA:0.6663 TV:0.6853 VA:1.3729 CE:0.6396
2025-12-18 18:22:36,541 - utils.logger2025-12-18-18.22.02 - INFO - saving the model at the end of epoch 13, iters 364
2025-12-18 18:22:36,620 - utils.logger2025-12-18-18.22.02 - INFO - End of training epoch 13 / 40 	 Time Taken: 2 sec
2025-12-18 18:22:36,621 - utils.logger2025-12-18-18.22.02 - INFO - learning rate = 0.0002000
2025-12-18 18:22:37,001 - utils.logger2025-12-18-18.22.02 - INFO - Val result of epoch 13 / 40 acc 0.7455 MAE 0.5625 f1 0.7659
2025-12-18 18:22:37,318 - utils.logger2025-12-18-18.22.02 - INFO - Tst result of epoch 13 / 40 acc 0.7455 MAE 0.5625 f1 0.7659
2025-12-18 18:22:37,815 - utils.logger2025-12-18-18.22.02 - INFO - Cur epoch 14 loss TA:0.6015 TV:0.6153 VA:1.2532 CE:0.7216
2025-12-18 18:22:38,327 - utils.logger2025-12-18-18.22.02 - INFO - Cur epoch 14 loss TA:0.6490 TV:0.6504 VA:1.3267 CE:0.4067
2025-12-18 18:22:38,882 - utils.logger2025-12-18-18.22.02 - INFO - Cur epoch 14 loss TA:0.6587 TV:0.6634 VA:1.3316 CE:0.8430
2025-12-18 18:22:39,049 - utils.logger2025-12-18-18.22.02 - INFO - saving the model at the end of epoch 14, iters 392
2025-12-18 18:22:39,122 - utils.logger2025-12-18-18.22.02 - INFO - End of training epoch 14 / 40 	 Time Taken: 1 sec
2025-12-18 18:22:39,122 - utils.logger2025-12-18-18.22.02 - INFO - learning rate = 0.0002000
2025-12-18 18:22:39,652 - utils.logger2025-12-18-18.22.02 - INFO - Val result of epoch 14 / 40 acc 0.7366 MAE 0.5653 f1 0.7662
2025-12-18 18:22:40,076 - utils.logger2025-12-18-18.22.02 - INFO - Tst result of epoch 14 / 40 acc 0.7366 MAE 0.5653 f1 0.7662
2025-12-18 18:22:40,675 - utils.logger2025-12-18-18.22.02 - INFO - Cur epoch 15 loss TA:0.5988 TV:0.6297 VA:1.2401 CE:0.4584
2025-12-18 18:22:41,150 - utils.logger2025-12-18-18.22.02 - INFO - Cur epoch 15 loss TA:0.6399 TV:0.6379 VA:1.2732 CE:0.5175
2025-12-18 18:22:41,627 - utils.logger2025-12-18-18.22.02 - INFO - Cur epoch 15 loss TA:0.4323 TV:0.3973 VA:0.7721 CE:0.7064
2025-12-18 18:22:41,692 - utils.logger2025-12-18-18.22.02 - INFO - saving the model at the end of epoch 15, iters 420
2025-12-18 18:22:41,777 - utils.logger2025-12-18-18.22.02 - INFO - End of training epoch 15 / 40 	 Time Taken: 1 sec
2025-12-18 18:22:41,777 - utils.logger2025-12-18-18.22.02 - INFO - learning rate = 0.0002000
2025-12-18 18:22:42,185 - utils.logger2025-12-18-18.22.02 - INFO - Val result of epoch 15 / 40 acc 0.7768 MAE 0.5850 f1 0.8003
2025-12-18 18:22:42,490 - utils.logger2025-12-18-18.22.02 - INFO - Tst result of epoch 15 / 40 acc 0.7768 MAE 0.5850 f1 0.8003
2025-12-18 18:22:43,501 - utils.logger2025-12-18-18.22.02 - INFO - Cur epoch 16 loss TA:0.5982 TV:0.5993 VA:1.2091 CE:0.5705
2025-12-18 18:22:44,056 - utils.logger2025-12-18-18.22.02 - INFO - Cur epoch 16 loss TA:0.6026 TV:0.6167 VA:1.2734 CE:0.4329
2025-12-18 18:22:44,594 - utils.logger2025-12-18-18.22.02 - INFO - saving the model at the end of epoch 16, iters 448
2025-12-18 18:22:44,683 - utils.logger2025-12-18-18.22.02 - INFO - End of training epoch 16 / 40 	 Time Taken: 2 sec
2025-12-18 18:22:44,683 - utils.logger2025-12-18-18.22.02 - INFO - learning rate = 0.0002000
2025-12-18 18:22:45,177 - utils.logger2025-12-18-18.22.02 - INFO - Val result of epoch 16 / 40 acc 0.7500 MAE 0.5950 f1 0.7713
2025-12-18 18:22:45,522 - utils.logger2025-12-18-18.22.02 - INFO - Tst result of epoch 16 / 40 acc 0.7500 MAE 0.5950 f1 0.7713
2025-12-18 18:22:46,069 - utils.logger2025-12-18-18.22.02 - INFO - Cur epoch 17 loss TA:0.6101 TV:0.6077 VA:1.2059 CE:0.3916
2025-12-18 18:22:46,680 - utils.logger2025-12-18-18.22.02 - INFO - Cur epoch 17 loss TA:0.5955 TV:0.6072 VA:1.1511 CE:0.4058
2025-12-18 18:22:47,288 - utils.logger2025-12-18-18.22.02 - INFO - Cur epoch 17 loss TA:0.6338 TV:0.6478 VA:1.2861 CE:0.5001
2025-12-18 18:22:47,703 - utils.logger2025-12-18-18.22.02 - INFO - saving the model at the end of epoch 17, iters 476
2025-12-18 18:22:47,773 - utils.logger2025-12-18-18.22.02 - INFO - End of training epoch 17 / 40 	 Time Taken: 2 sec
2025-12-18 18:22:47,773 - utils.logger2025-12-18-18.22.02 - INFO - learning rate = 0.0002000
2025-12-18 18:22:48,183 - utils.logger2025-12-18-18.22.02 - INFO - Val result of epoch 17 / 40 acc 0.7812 MAE 0.5961 f1 0.7936
2025-12-18 18:22:48,607 - utils.logger2025-12-18-18.22.02 - INFO - Tst result of epoch 17 / 40 acc 0.7812 MAE 0.5961 f1 0.7936
2025-12-18 18:22:49,039 - utils.logger2025-12-18-18.22.02 - INFO - Cur epoch 18 loss TA:0.5942 TV:0.5919 VA:1.1507 CE:0.5123
2025-12-18 18:22:49,643 - utils.logger2025-12-18-18.22.02 - INFO - Cur epoch 18 loss TA:0.5778 TV:0.5963 VA:1.1605 CE:0.4672
2025-12-18 18:22:50,224 - utils.logger2025-12-18-18.22.02 - INFO - Cur epoch 18 loss TA:0.6257 TV:0.6337 VA:1.2709 CE:0.4311
2025-12-18 18:22:50,489 - utils.logger2025-12-18-18.22.02 - INFO - saving the model at the end of epoch 18, iters 504
2025-12-18 18:22:50,550 - utils.logger2025-12-18-18.22.02 - INFO - End of training epoch 18 / 40 	 Time Taken: 1 sec
2025-12-18 18:22:50,550 - utils.logger2025-12-18-18.22.02 - INFO - learning rate = 0.0002000
2025-12-18 18:22:50,870 - utils.logger2025-12-18-18.22.02 - INFO - Val result of epoch 18 / 40 acc 0.7679 MAE 0.5972 f1 0.7923
2025-12-18 18:22:51,186 - utils.logger2025-12-18-18.22.02 - INFO - Tst result of epoch 18 / 40 acc 0.7679 MAE 0.5972 f1 0.7923
2025-12-18 18:22:51,705 - utils.logger2025-12-18-18.22.02 - INFO - Cur epoch 19 loss TA:0.5915 TV:0.5792 VA:1.1703 CE:0.4675
2025-12-18 18:22:52,245 - utils.logger2025-12-18-18.22.02 - INFO - Cur epoch 19 loss TA:0.5901 TV:0.6089 VA:1.1858 CE:0.3964
2025-12-18 18:22:52,773 - utils.logger2025-12-18-18.22.02 - INFO - Cur epoch 19 loss TA:0.6162 TV:0.6135 VA:1.2221 CE:0.4309
2025-12-18 18:22:52,939 - utils.logger2025-12-18-18.22.02 - INFO - saving the model at the end of epoch 19, iters 532
2025-12-18 18:22:53,015 - utils.logger2025-12-18-18.22.02 - INFO - End of training epoch 19 / 40 	 Time Taken: 1 sec
2025-12-18 18:22:53,015 - utils.logger2025-12-18-18.22.02 - INFO - learning rate = 0.0002000
2025-12-18 18:22:53,531 - utils.logger2025-12-18-18.22.02 - INFO - Val result of epoch 19 / 40 acc 0.7723 MAE 0.5860 f1 0.7891
2025-12-18 18:22:53,901 - utils.logger2025-12-18-18.22.02 - INFO - Tst result of epoch 19 / 40 acc 0.7723 MAE 0.5860 f1 0.7891
2025-12-18 18:22:54,650 - utils.logger2025-12-18-18.22.02 - INFO - Cur epoch 20 loss TA:0.5567 TV:0.5458 VA:1.1160 CE:0.4290
2025-12-18 18:22:55,245 - utils.logger2025-12-18-18.22.02 - INFO - Cur epoch 20 loss TA:0.5707 TV:0.5953 VA:1.1291 CE:0.4830
2025-12-18 18:22:55,846 - utils.logger2025-12-18-18.22.02 - INFO - Cur epoch 20 loss TA:0.2716 TV:0.2975 VA:0.5855 CE:0.4819
2025-12-18 18:22:55,906 - utils.logger2025-12-18-18.22.02 - INFO - saving the model at the end of epoch 20, iters 560
2025-12-18 18:22:55,990 - utils.logger2025-12-18-18.22.02 - INFO - End of training epoch 20 / 40 	 Time Taken: 2 sec
2025-12-18 18:22:55,990 - utils.logger2025-12-18-18.22.02 - INFO - learning rate = 0.0002000
2025-12-18 18:22:56,556 - utils.logger2025-12-18-18.22.02 - INFO - Val result of epoch 20 / 40 acc 0.7545 MAE 0.6054 f1 0.7752
2025-12-18 18:22:56,832 - utils.logger2025-12-18-18.22.02 - INFO - Tst result of epoch 20 / 40 acc 0.7545 MAE 0.6054 f1 0.7752
2025-12-18 18:22:57,676 - utils.logger2025-12-18-18.22.02 - INFO - Cur epoch 21 loss TA:0.5540 TV:0.5583 VA:1.0869 CE:0.4228
2025-12-18 18:22:58,232 - utils.logger2025-12-18-18.22.02 - INFO - Cur epoch 21 loss TA:0.5819 TV:0.5733 VA:1.1498 CE:0.3027
2025-12-18 18:22:58,754 - utils.logger2025-12-18-18.22.02 - INFO - saving the model at the end of epoch 21, iters 588
2025-12-18 18:22:58,836 - utils.logger2025-12-18-18.22.02 - INFO - End of training epoch 21 / 40 	 Time Taken: 2 sec
2025-12-18 18:22:58,836 - utils.logger2025-12-18-18.22.02 - INFO - learning rate = 0.0002000
2025-12-18 18:22:59,374 - utils.logger2025-12-18-18.22.02 - INFO - Val result of epoch 21 / 40 acc 0.7857 MAE 0.5978 f1 0.8033
2025-12-18 18:22:59,663 - utils.logger2025-12-18-18.22.02 - INFO - Tst result of epoch 21 / 40 acc 0.7857 MAE 0.5978 f1 0.8033
2025-12-18 18:22:59,931 - utils.logger2025-12-18-18.22.02 - INFO - Cur epoch 22 loss TA:0.5566 TV:0.5536 VA:1.0886 CE:0.2427
2025-12-18 18:23:00,405 - utils.logger2025-12-18-18.22.02 - INFO - Cur epoch 22 loss TA:0.5704 TV:0.5689 VA:1.1075 CE:0.2103
2025-12-18 18:23:00,935 - utils.logger2025-12-18-18.22.02 - INFO - Cur epoch 22 loss TA:0.5615 TV:0.5786 VA:1.1091 CE:0.2780
2025-12-18 18:23:01,332 - utils.logger2025-12-18-18.22.02 - INFO - saving the model at the end of epoch 22, iters 616
2025-12-18 18:23:01,411 - utils.logger2025-12-18-18.22.02 - INFO - End of training epoch 22 / 40 	 Time Taken: 1 sec
2025-12-18 18:23:01,411 - utils.logger2025-12-18-18.22.02 - INFO - learning rate = 0.0002000
2025-12-18 18:23:01,693 - utils.logger2025-12-18-18.22.02 - INFO - Val result of epoch 22 / 40 acc 0.7455 MAE 0.5844 f1 0.7712
2025-12-18 18:23:01,996 - utils.logger2025-12-18-18.22.02 - INFO - Tst result of epoch 22 / 40 acc 0.7455 MAE 0.5844 f1 0.7712
2025-12-18 18:23:02,422 - utils.logger2025-12-18-18.22.02 - INFO - Cur epoch 23 loss TA:0.5398 TV:0.5484 VA:1.0746 CE:0.2952
2025-12-18 18:23:03,004 - utils.logger2025-12-18-18.22.02 - INFO - Cur epoch 23 loss TA:0.5280 TV:0.5320 VA:1.0710 CE:0.3715
2025-12-18 18:23:03,557 - utils.logger2025-12-18-18.22.02 - INFO - Cur epoch 23 loss TA:0.5197 TV:0.5298 VA:1.0564 CE:0.3820
2025-12-18 18:23:03,855 - utils.logger2025-12-18-18.22.02 - INFO - saving the model at the end of epoch 23, iters 644
2025-12-18 18:23:03,935 - utils.logger2025-12-18-18.22.02 - INFO - End of training epoch 23 / 40 	 Time Taken: 1 sec
2025-12-18 18:23:03,935 - utils.logger2025-12-18-18.22.02 - INFO - learning rate = 0.0002000
2025-12-18 18:23:04,235 - utils.logger2025-12-18-18.22.02 - INFO - Val result of epoch 23 / 40 acc 0.7723 MAE 0.6072 f1 0.7830
2025-12-18 18:23:04,514 - utils.logger2025-12-18-18.22.02 - INFO - Tst result of epoch 23 / 40 acc 0.7723 MAE 0.6072 f1 0.7830
2025-12-18 18:23:05,082 - utils.logger2025-12-18-18.22.02 - INFO - Cur epoch 24 loss TA:0.5441 TV:0.5415 VA:1.0859 CE:0.3309
2025-12-18 18:23:05,628 - utils.logger2025-12-18-18.22.02 - INFO - Cur epoch 24 loss TA:0.5218 TV:0.5169 VA:0.9855 CE:0.3347
2025-12-18 18:23:06,204 - utils.logger2025-12-18-18.22.02 - INFO - Cur epoch 24 loss TA:0.5284 TV:0.5320 VA:1.0691 CE:0.1852
2025-12-18 18:23:06,372 - utils.logger2025-12-18-18.22.02 - INFO - saving the model at the end of epoch 24, iters 672
2025-12-18 18:23:06,465 - utils.logger2025-12-18-18.22.02 - INFO - End of training epoch 24 / 40 	 Time Taken: 1 sec
2025-12-18 18:23:06,465 - utils.logger2025-12-18-18.22.02 - INFO - learning rate = 0.0002000
2025-12-18 18:23:06,924 - utils.logger2025-12-18-18.22.02 - INFO - Val result of epoch 24 / 40 acc 0.7768 MAE 0.5973 f1 0.7878
2025-12-18 18:23:07,333 - utils.logger2025-12-18-18.22.02 - INFO - Tst result of epoch 24 / 40 acc 0.7768 MAE 0.5973 f1 0.7878
2025-12-18 18:23:08,033 - utils.logger2025-12-18-18.22.02 - INFO - Cur epoch 25 loss TA:0.5489 TV:0.5634 VA:1.1181 CE:0.3864
2025-12-18 18:23:08,579 - utils.logger2025-12-18-18.22.02 - INFO - Cur epoch 25 loss TA:0.5376 TV:0.5485 VA:1.0509 CE:0.2524
2025-12-18 18:23:09,128 - utils.logger2025-12-18-18.22.02 - INFO - Cur epoch 25 loss TA:0.3054 TV:0.2903 VA:0.4709 CE:0.2900
2025-12-18 18:23:09,171 - utils.logger2025-12-18-18.22.02 - INFO - saving the model at the end of epoch 25, iters 700
2025-12-18 18:23:09,244 - utils.logger2025-12-18-18.22.02 - INFO - End of training epoch 25 / 40 	 Time Taken: 1 sec
2025-12-18 18:23:09,244 - utils.logger2025-12-18-18.22.02 - INFO - learning rate = 0.0002000
2025-12-18 18:23:09,752 - utils.logger2025-12-18-18.22.02 - INFO - Val result of epoch 25 / 40 acc 0.7634 MAE 0.5881 f1 0.7793
2025-12-18 18:23:10,054 - utils.logger2025-12-18-18.22.02 - INFO - Tst result of epoch 25 / 40 acc 0.7634 MAE 0.5881 f1 0.7793
2025-12-18 18:23:10,991 - utils.logger2025-12-18-18.22.02 - INFO - Cur epoch 26 loss TA:0.5112 TV:0.5269 VA:1.0379 CE:0.3760
2025-12-18 18:23:11,528 - utils.logger2025-12-18-18.22.02 - INFO - Cur epoch 26 loss TA:0.5336 TV:0.5317 VA:1.0448 CE:0.2667
2025-12-18 18:23:12,030 - utils.logger2025-12-18-18.22.02 - INFO - saving the model at the end of epoch 26, iters 728
2025-12-18 18:23:12,107 - utils.logger2025-12-18-18.22.02 - INFO - End of training epoch 26 / 40 	 Time Taken: 2 sec
2025-12-18 18:23:12,107 - utils.logger2025-12-18-18.22.02 - INFO - learning rate = 0.0002000
2025-12-18 18:23:12,745 - utils.logger2025-12-18-18.22.02 - INFO - Val result of epoch 26 / 40 acc 0.7723 MAE 0.6053 f1 0.7842
2025-12-18 18:23:13,164 - utils.logger2025-12-18-18.22.02 - INFO - Tst result of epoch 26 / 40 acc 0.7723 MAE 0.6053 f1 0.7842
2025-12-18 18:23:13,475 - utils.logger2025-12-18-18.22.02 - INFO - Cur epoch 27 loss TA:0.5314 TV:0.5346 VA:1.0476 CE:0.2687
2025-12-18 18:23:14,030 - utils.logger2025-12-18-18.22.02 - INFO - Cur epoch 27 loss TA:0.5425 TV:0.5314 VA:1.0517 CE:0.2282
2025-12-18 18:23:14,612 - utils.logger2025-12-18-18.22.02 - INFO - Cur epoch 27 loss TA:0.5232 TV:0.5259 VA:1.0298 CE:0.2854
2025-12-18 18:23:15,008 - utils.logger2025-12-18-18.22.02 - INFO - saving the model at the end of epoch 27, iters 756
2025-12-18 18:23:15,085 - utils.logger2025-12-18-18.22.02 - INFO - End of training epoch 27 / 40 	 Time Taken: 1 sec
2025-12-18 18:23:15,085 - utils.logger2025-12-18-18.22.02 - INFO - learning rate = 0.0002000
2025-12-18 18:23:15,537 - utils.logger2025-12-18-18.22.02 - INFO - Val result of epoch 27 / 40 acc 0.7857 MAE 0.6122 f1 0.7981
2025-12-18 18:23:16,024 - utils.logger2025-12-18-18.22.02 - INFO - Tst result of epoch 27 / 40 acc 0.7857 MAE 0.6122 f1 0.7981
2025-12-18 18:23:16,476 - utils.logger2025-12-18-18.22.02 - INFO - Cur epoch 28 loss TA:0.5044 TV:0.5142 VA:1.0211 CE:0.2824
2025-12-18 18:23:17,037 - utils.logger2025-12-18-18.22.02 - INFO - Cur epoch 28 loss TA:0.5193 TV:0.5353 VA:1.0423 CE:0.3211
2025-12-18 18:23:17,612 - utils.logger2025-12-18-18.22.02 - INFO - Cur epoch 28 loss TA:0.5511 TV:0.5529 VA:1.0433 CE:0.2466
2025-12-18 18:23:17,902 - utils.logger2025-12-18-18.22.02 - INFO - saving the model at the end of epoch 28, iters 784
2025-12-18 18:23:17,997 - utils.logger2025-12-18-18.22.02 - INFO - End of training epoch 28 / 40 	 Time Taken: 1 sec
2025-12-18 18:23:17,997 - utils.logger2025-12-18-18.22.02 - INFO - learning rate = 0.0002000
2025-12-18 18:23:18,294 - utils.logger2025-12-18-18.22.02 - INFO - Val result of epoch 28 / 40 acc 0.7679 MAE 0.6015 f1 0.7895
2025-12-18 18:23:18,566 - utils.logger2025-12-18-18.22.02 - INFO - Tst result of epoch 28 / 40 acc 0.7679 MAE 0.6015 f1 0.7895
2025-12-18 18:23:19,147 - utils.logger2025-12-18-18.22.02 - INFO - Cur epoch 29 loss TA:0.4999 TV:0.5047 VA:1.0203 CE:0.2632
2025-12-18 18:23:19,673 - utils.logger2025-12-18-18.22.02 - INFO - Cur epoch 29 loss TA:0.5112 TV:0.5140 VA:1.0199 CE:0.2993
2025-12-18 18:23:20,226 - utils.logger2025-12-18-18.22.02 - INFO - Cur epoch 29 loss TA:0.5103 TV:0.5080 VA:0.9959 CE:0.1914
2025-12-18 18:23:20,401 - utils.logger2025-12-18-18.22.02 - INFO - saving the model at the end of epoch 29, iters 812
2025-12-18 18:23:20,486 - utils.logger2025-12-18-18.22.02 - INFO - End of training epoch 29 / 40 	 Time Taken: 1 sec
2025-12-18 18:23:20,486 - utils.logger2025-12-18-18.22.02 - INFO - learning rate = 0.0002000
2025-12-18 18:23:20,967 - utils.logger2025-12-18-18.22.02 - INFO - Val result of epoch 29 / 40 acc 0.7723 MAE 0.6006 f1 0.7842
2025-12-18 18:23:21,357 - utils.logger2025-12-18-18.22.02 - INFO - Tst result of epoch 29 / 40 acc 0.7723 MAE 0.6006 f1 0.7842
2025-12-18 18:23:22,015 - utils.logger2025-12-18-18.22.02 - INFO - Cur epoch 30 loss TA:0.5121 TV:0.5141 VA:0.9792 CE:0.2724
2025-12-18 18:23:22,486 - utils.logger2025-12-18-18.22.02 - INFO - Cur epoch 30 loss TA:0.5357 TV:0.5243 VA:1.0465 CE:0.3167
2025-12-18 18:23:22,983 - utils.logger2025-12-18-18.22.02 - INFO - Cur epoch 30 loss TA:0.2329 TV:0.2541 VA:0.5260 CE:0.2249
2025-12-18 18:23:23,047 - utils.logger2025-12-18-18.22.02 - INFO - saving the model at the end of epoch 30, iters 840
2025-12-18 18:23:23,134 - utils.logger2025-12-18-18.22.02 - INFO - End of training epoch 30 / 40 	 Time Taken: 1 sec
2025-12-18 18:23:23,135 - utils.logger2025-12-18-18.22.02 - INFO - learning rate = 0.0001818
2025-12-18 18:23:23,653 - utils.logger2025-12-18-18.22.02 - INFO - Val result of epoch 30 / 40 acc 0.7589 MAE 0.6220 f1 0.7692
2025-12-18 18:23:24,193 - utils.logger2025-12-18-18.22.02 - INFO - Tst result of epoch 30 / 40 acc 0.7589 MAE 0.6220 f1 0.7692
2025-12-18 18:23:25,031 - utils.logger2025-12-18-18.22.02 - INFO - Cur epoch 31 loss TA:0.5475 TV:0.5488 VA:1.0187 CE:0.2312
2025-12-18 18:23:25,604 - utils.logger2025-12-18-18.22.02 - INFO - Cur epoch 31 loss TA:0.4914 TV:0.4928 VA:1.0013 CE:0.3091
2025-12-18 18:23:26,162 - utils.logger2025-12-18-18.22.02 - INFO - saving the model at the end of epoch 31, iters 868
2025-12-18 18:23:26,257 - utils.logger2025-12-18-18.22.02 - INFO - End of training epoch 31 / 40 	 Time Taken: 2 sec
2025-12-18 18:23:26,258 - utils.logger2025-12-18-18.22.02 - INFO - learning rate = 0.0001636
2025-12-18 18:23:26,559 - utils.logger2025-12-18-18.22.02 - INFO - Val result of epoch 31 / 40 acc 0.7634 MAE 0.6103 f1 0.7824
2025-12-18 18:23:26,889 - utils.logger2025-12-18-18.22.02 - INFO - Tst result of epoch 31 / 40 acc 0.7634 MAE 0.6103 f1 0.7824
2025-12-18 18:23:27,190 - utils.logger2025-12-18-18.22.02 - INFO - Cur epoch 32 loss TA:0.4839 TV:0.4867 VA:0.9669 CE:0.2187
2025-12-18 18:23:27,744 - utils.logger2025-12-18-18.22.02 - INFO - Cur epoch 32 loss TA:0.5020 TV:0.5113 VA:0.9741 CE:0.2269
2025-12-18 18:23:28,304 - utils.logger2025-12-18-18.22.02 - INFO - Cur epoch 32 loss TA:0.5329 TV:0.5281 VA:1.0537 CE:0.1857
2025-12-18 18:23:28,720 - utils.logger2025-12-18-18.22.02 - INFO - saving the model at the end of epoch 32, iters 896
2025-12-18 18:23:28,802 - utils.logger2025-12-18-18.22.02 - INFO - End of training epoch 32 / 40 	 Time Taken: 1 sec
2025-12-18 18:23:28,802 - utils.logger2025-12-18-18.22.02 - INFO - learning rate = 0.0001455
2025-12-18 18:23:29,122 - utils.logger2025-12-18-18.22.02 - INFO - Val result of epoch 32 / 40 acc 0.7857 MAE 0.6064 f1 0.7988
2025-12-18 18:23:29,445 - utils.logger2025-12-18-18.22.02 - INFO - Tst result of epoch 32 / 40 acc 0.7857 MAE 0.6064 f1 0.7988
2025-12-18 18:23:29,880 - utils.logger2025-12-18-18.22.02 - INFO - Cur epoch 33 loss TA:0.4931 TV:0.4976 VA:0.9583 CE:0.2097
2025-12-18 18:23:30,433 - utils.logger2025-12-18-18.22.02 - INFO - Cur epoch 33 loss TA:0.5182 TV:0.5156 VA:1.0345 CE:0.2388
2025-12-18 18:23:30,924 - utils.logger2025-12-18-18.22.02 - INFO - Cur epoch 33 loss TA:0.5015 TV:0.5060 VA:1.0170 CE:0.2143
2025-12-18 18:23:31,188 - utils.logger2025-12-18-18.22.02 - INFO - saving the model at the end of epoch 33, iters 924
2025-12-18 18:23:31,261 - utils.logger2025-12-18-18.22.02 - INFO - End of training epoch 33 / 40 	 Time Taken: 1 sec
2025-12-18 18:23:31,261 - utils.logger2025-12-18-18.22.02 - INFO - learning rate = 0.0001273
2025-12-18 18:23:31,577 - utils.logger2025-12-18-18.22.02 - INFO - Val result of epoch 33 / 40 acc 0.7991 MAE 0.6160 f1 0.8123
2025-12-18 18:23:31,897 - utils.logger2025-12-18-18.22.02 - INFO - Tst result of epoch 33 / 40 acc 0.7991 MAE 0.6160 f1 0.8123
2025-12-18 18:23:32,490 - utils.logger2025-12-18-18.22.02 - INFO - Cur epoch 34 loss TA:0.4980 TV:0.5028 VA:0.9789 CE:0.1748
2025-12-18 18:23:33,084 - utils.logger2025-12-18-18.22.02 - INFO - Cur epoch 34 loss TA:0.4917 TV:0.4894 VA:0.9800 CE:0.2185
2025-12-18 18:23:33,684 - utils.logger2025-12-18-18.22.02 - INFO - Cur epoch 34 loss TA:0.5027 TV:0.5168 VA:1.0075 CE:0.2393
2025-12-18 18:23:33,862 - utils.logger2025-12-18-18.22.02 - INFO - saving the model at the end of epoch 34, iters 952
2025-12-18 18:23:33,934 - utils.logger2025-12-18-18.22.02 - INFO - End of training epoch 34 / 40 	 Time Taken: 2 sec
2025-12-18 18:23:33,934 - utils.logger2025-12-18-18.22.02 - INFO - learning rate = 0.0001091
2025-12-18 18:23:34,518 - utils.logger2025-12-18-18.22.02 - INFO - Val result of epoch 34 / 40 acc 0.7946 MAE 0.6182 f1 0.8030
2025-12-18 18:23:34,963 - utils.logger2025-12-18-18.22.02 - INFO - Tst result of epoch 34 / 40 acc 0.7946 MAE 0.6182 f1 0.8030
2025-12-18 18:23:35,647 - utils.logger2025-12-18-18.22.02 - INFO - Cur epoch 35 loss TA:0.4910 TV:0.4961 VA:1.0068 CE:0.1554
2025-12-18 18:23:36,200 - utils.logger2025-12-18-18.22.02 - INFO - Cur epoch 35 loss TA:0.4930 TV:0.4973 VA:0.9861 CE:0.1721
2025-12-18 18:23:36,783 - utils.logger2025-12-18-18.22.02 - INFO - Cur epoch 35 loss TA:0.2648 TV:0.2491 VA:0.4742 CE:0.2152
2025-12-18 18:23:36,844 - utils.logger2025-12-18-18.22.02 - INFO - saving the model at the end of epoch 35, iters 980
2025-12-18 18:23:36,929 - utils.logger2025-12-18-18.22.02 - INFO - End of training epoch 35 / 40 	 Time Taken: 1 sec
2025-12-18 18:23:36,929 - utils.logger2025-12-18-18.22.02 - INFO - learning rate = 0.0000909
2025-12-18 18:23:37,363 - utils.logger2025-12-18-18.22.02 - INFO - Val result of epoch 35 / 40 acc 0.7946 MAE 0.6271 f1 0.8078
2025-12-18 18:23:37,668 - utils.logger2025-12-18-18.22.02 - INFO - Tst result of epoch 35 / 40 acc 0.7946 MAE 0.6271 f1 0.8078
2025-12-18 18:23:38,485 - utils.logger2025-12-18-18.22.02 - INFO - Cur epoch 36 loss TA:0.4897 TV:0.4747 VA:0.9880 CE:0.2000
2025-12-18 18:23:39,025 - utils.logger2025-12-18-18.22.02 - INFO - Cur epoch 36 loss TA:0.4850 TV:0.4979 VA:0.9927 CE:0.1981
2025-12-18 18:23:39,529 - utils.logger2025-12-18-18.22.02 - INFO - saving the model at the end of epoch 36, iters 1008
2025-12-18 18:23:39,604 - utils.logger2025-12-18-18.22.02 - INFO - End of training epoch 36 / 40 	 Time Taken: 1 sec
2025-12-18 18:23:39,604 - utils.logger2025-12-18-18.22.02 - INFO - learning rate = 0.0000727
2025-12-18 18:23:40,169 - utils.logger2025-12-18-18.22.02 - INFO - Val result of epoch 36 / 40 acc 0.7857 MAE 0.6161 f1 0.7993
2025-12-18 18:23:40,685 - utils.logger2025-12-18-18.22.02 - INFO - Tst result of epoch 36 / 40 acc 0.7857 MAE 0.6161 f1 0.7993
2025-12-18 18:23:41,053 - utils.logger2025-12-18-18.22.02 - INFO - Cur epoch 37 loss TA:0.4985 TV:0.5019 VA:0.9750 CE:0.1620
2025-12-18 18:23:41,569 - utils.logger2025-12-18-18.22.02 - INFO - Cur epoch 37 loss TA:0.4995 TV:0.4912 VA:0.9618 CE:0.1637
2025-12-18 18:23:42,090 - utils.logger2025-12-18-18.22.02 - INFO - Cur epoch 37 loss TA:0.4781 TV:0.4829 VA:0.9528 CE:0.1887
2025-12-18 18:23:42,433 - utils.logger2025-12-18-18.22.02 - INFO - saving the model at the end of epoch 37, iters 1036
2025-12-18 18:23:42,511 - utils.logger2025-12-18-18.22.02 - INFO - End of training epoch 37 / 40 	 Time Taken: 1 sec
2025-12-18 18:23:42,511 - utils.logger2025-12-18-18.22.02 - INFO - learning rate = 0.0000545
2025-12-18 18:23:42,819 - utils.logger2025-12-18-18.22.02 - INFO - Val result of epoch 37 / 40 acc 0.7812 MAE 0.6167 f1 0.7944
2025-12-18 18:23:43,128 - utils.logger2025-12-18-18.22.02 - INFO - Tst result of epoch 37 / 40 acc 0.7812 MAE 0.6167 f1 0.7944
2025-12-18 18:23:43,545 - utils.logger2025-12-18-18.22.02 - INFO - Cur epoch 38 loss TA:0.5212 TV:0.5193 VA:0.9778 CE:0.2042
2025-12-18 18:23:44,021 - utils.logger2025-12-18-18.22.02 - INFO - Cur epoch 38 loss TA:0.4602 TV:0.4644 VA:0.9171 CE:0.2039
2025-12-18 18:23:44,475 - utils.logger2025-12-18-18.22.02 - INFO - Cur epoch 38 loss TA:0.4950 TV:0.5008 VA:0.9895 CE:0.2006
2025-12-18 18:23:44,722 - utils.logger2025-12-18-18.22.02 - INFO - saving the model at the end of epoch 38, iters 1064
2025-12-18 18:23:44,800 - utils.logger2025-12-18-18.22.02 - INFO - End of training epoch 38 / 40 	 Time Taken: 1 sec
2025-12-18 18:23:44,800 - utils.logger2025-12-18-18.22.02 - INFO - learning rate = 0.0000364
2025-12-18 18:23:45,336 - utils.logger2025-12-18-18.22.02 - INFO - Val result of epoch 38 / 40 acc 0.7812 MAE 0.6198 f1 0.7944
2025-12-18 18:23:45,647 - utils.logger2025-12-18-18.22.02 - INFO - Tst result of epoch 38 / 40 acc 0.7812 MAE 0.6198 f1 0.7944
2025-12-18 18:23:46,360 - utils.logger2025-12-18-18.22.02 - INFO - Cur epoch 39 loss TA:0.4988 TV:0.5038 VA:0.9727 CE:0.1457
2025-12-18 18:23:47,015 - utils.logger2025-12-18-18.22.02 - INFO - Cur epoch 39 loss TA:0.4980 TV:0.4849 VA:0.9975 CE:0.2028
2025-12-18 18:23:47,693 - utils.logger2025-12-18-18.22.02 - INFO - Cur epoch 39 loss TA:0.5092 TV:0.5115 VA:0.9926 CE:0.1749
2025-12-18 18:23:47,891 - utils.logger2025-12-18-18.22.02 - INFO - saving the model at the end of epoch 39, iters 1092
2025-12-18 18:23:47,961 - utils.logger2025-12-18-18.22.02 - INFO - End of training epoch 39 / 40 	 Time Taken: 2 sec
2025-12-18 18:23:47,961 - utils.logger2025-12-18-18.22.02 - INFO - learning rate = 0.0000182
2025-12-18 18:23:48,446 - utils.logger2025-12-18-18.22.02 - INFO - Val result of epoch 39 / 40 acc 0.7902 MAE 0.6275 f1 0.8030
2025-12-18 18:23:48,858 - utils.logger2025-12-18-18.22.02 - INFO - Tst result of epoch 39 / 40 acc 0.7902 MAE 0.6275 f1 0.8030
2025-12-18 18:23:49,533 - utils.logger2025-12-18-18.22.02 - INFO - Cur epoch 40 loss TA:0.4889 TV:0.4920 VA:0.9769 CE:0.1531
2025-12-18 18:23:50,120 - utils.logger2025-12-18-18.22.02 - INFO - Cur epoch 40 loss TA:0.4918 TV:0.4938 VA:0.9633 CE:0.1394
2025-12-18 18:23:50,687 - utils.logger2025-12-18-18.22.02 - INFO - Cur epoch 40 loss TA:0.2360 TV:0.2326 VA:0.4335 CE:0.1444
2025-12-18 18:23:50,750 - utils.logger2025-12-18-18.22.02 - INFO - saving the model at the end of epoch 40, iters 1120
2025-12-18 18:23:50,829 - utils.logger2025-12-18-18.22.02 - INFO - End of training epoch 40 / 40 	 Time Taken: 1 sec
2025-12-18 18:23:50,830 - utils.logger2025-12-18-18.22.02 - INFO - learning rate = 0.0000000
2025-12-18 18:23:51,150 - utils.logger2025-12-18-18.22.02 - INFO - Val result of epoch 40 / 40 acc 0.7812 MAE 0.6260 f1 0.7944
2025-12-18 18:23:51,421 - utils.logger2025-12-18-18.22.02 - INFO - Tst result of epoch 40 / 40 acc 0.7812 MAE 0.6260 f1 0.7944
2025-12-18 18:23:51,421 - utils.logger2025-12-18-18.22.02 - INFO - Best eval epoch 33 found with f1 0.812334
