2025-12-23 16:59:58,225 - utils.logger2025-12-23-16.59.58 - INFO - The number of testing samples = 337
2025-12-23 16:59:58,225 - utils.logger2025-12-23-16.59.58 - INFO - The number of training samples = 3121
2025-12-23 17:00:00,358 - utils.logger2025-12-23-16.59.58 - INFO - Cur epoch 1 loss CE:1.4927 mse:0.0000 consistent:0.0000
2025-12-23 17:00:01,154 - utils.logger2025-12-23-16.59.58 - INFO - Cur epoch 1 loss CE:1.3047 mse:0.0000 consistent:0.0000
2025-12-23 17:00:01,644 - utils.logger2025-12-23-16.59.58 - INFO - Cur epoch 1 loss CE:1.3874 mse:0.0000 consistent:0.0000
2025-12-23 17:00:02,426 - utils.logger2025-12-23-16.59.58 - INFO - Cur epoch 1 loss CE:1.2237 mse:0.0000 consistent:0.0000
2025-12-23 17:00:03,180 - utils.logger2025-12-23-16.59.58 - INFO - Cur epoch 1 loss CE:1.1039 mse:0.0000 consistent:0.0000
2025-12-23 17:00:04,007 - utils.logger2025-12-23-16.59.58 - INFO - Cur epoch 1 loss CE:1.0879 mse:0.0000 consistent:0.0000
2025-12-23 17:00:04,838 - utils.logger2025-12-23-16.59.58 - INFO - Cur epoch 1 loss CE:0.8038 mse:0.0000 consistent:0.0000
2025-12-23 17:00:05,658 - utils.logger2025-12-23-16.59.58 - INFO - Cur epoch 1 loss CE:0.6241 mse:0.0000 consistent:0.0000
2025-12-23 17:00:06,466 - utils.logger2025-12-23-16.59.58 - INFO - Cur epoch 1 loss CE:0.8152 mse:0.0000 consistent:0.0000
2025-12-23 17:00:07,127 - utils.logger2025-12-23-16.59.58 - INFO - saving the model at the end of epoch 1, iters 98
2025-12-23 17:00:07,263 - utils.logger2025-12-23-16.59.58 - INFO - End of training epoch 1 / 40 	 Time Taken: 8 sec
2025-12-23 17:00:07,263 - utils.logger2025-12-23-16.59.58 - INFO - learning rate = 0.0002000
2025-12-23 17:00:07,810 - utils.logger2025-12-23-16.59.58 - INFO - Val result of epoch 1 / 40 acc 0.7008 uar 0.4947 f1 0.4616
2025-12-23 17:00:08,261 - utils.logger2025-12-23-16.59.58 - INFO - Tst result of epoch 1 / 40 acc 0.5875 uar 0.5420 f1 0.5193
2025-12-23 17:00:08,408 - utils.logger2025-12-23-16.59.58 - INFO - Cur epoch 2 loss CE:1.0492 mse:0.0000 consistent:0.0000
2025-12-23 17:00:09,217 - utils.logger2025-12-23-16.59.58 - INFO - Cur epoch 2 loss CE:0.3849 mse:0.0000 consistent:0.0000
2025-12-23 17:00:10,027 - utils.logger2025-12-23-16.59.58 - INFO - Cur epoch 2 loss CE:0.5484 mse:0.0000 consistent:0.0000
2025-12-23 17:00:10,796 - utils.logger2025-12-23-16.59.58 - INFO - Cur epoch 2 loss CE:0.5191 mse:0.0000 consistent:0.0000
2025-12-23 17:00:11,588 - utils.logger2025-12-23-16.59.58 - INFO - Cur epoch 2 loss CE:0.5838 mse:0.0000 consistent:0.0000
2025-12-23 17:00:12,391 - utils.logger2025-12-23-16.59.58 - INFO - Cur epoch 2 loss CE:1.5157 mse:0.0000 consistent:0.0000
2025-12-23 17:00:13,192 - utils.logger2025-12-23-16.59.58 - INFO - Cur epoch 2 loss CE:0.4761 mse:0.0000 consistent:0.0000
2025-12-23 17:00:13,976 - utils.logger2025-12-23-16.59.58 - INFO - Cur epoch 2 loss CE:0.5496 mse:0.0000 consistent:0.0000
2025-12-23 17:00:14,755 - utils.logger2025-12-23-16.59.58 - INFO - Cur epoch 2 loss CE:0.3011 mse:0.0000 consistent:0.0000
2025-12-23 17:00:15,597 - utils.logger2025-12-23-16.59.58 - INFO - Cur epoch 2 loss CE:0.7067 mse:0.0000 consistent:0.0000
2025-12-23 17:00:16,090 - utils.logger2025-12-23-16.59.58 - INFO - saving the model at the end of epoch 2, iters 196
2025-12-23 17:00:16,229 - utils.logger2025-12-23-16.59.58 - INFO - End of training epoch 2 / 40 	 Time Taken: 7 sec
2025-12-23 17:00:16,229 - utils.logger2025-12-23-16.59.58 - INFO - learning rate = 0.0002000
2025-12-23 17:00:16,775 - utils.logger2025-12-23-16.59.58 - INFO - Val result of epoch 2 / 40 acc 0.7452 uar 0.6003 f1 0.5664
2025-12-23 17:00:17,198 - utils.logger2025-12-23-16.59.58 - INFO - Tst result of epoch 2 / 40 acc 0.6231 uar 0.6254 f1 0.6155
2025-12-23 17:00:17,532 - utils.logger2025-12-23-16.59.58 - INFO - Cur epoch 3 loss CE:0.3038 mse:0.0000 consistent:0.0000
2025-12-23 17:00:18,345 - utils.logger2025-12-23-16.59.58 - INFO - Cur epoch 3 loss CE:0.5345 mse:0.0000 consistent:0.0000
2025-12-23 17:00:19,103 - utils.logger2025-12-23-16.59.58 - INFO - Cur epoch 3 loss CE:0.1262 mse:0.0000 consistent:0.0000
2025-12-23 17:00:19,901 - utils.logger2025-12-23-16.59.58 - INFO - Cur epoch 3 loss CE:0.3574 mse:0.0000 consistent:0.0000
2025-12-23 17:00:20,711 - utils.logger2025-12-23-16.59.58 - INFO - Cur epoch 3 loss CE:0.1791 mse:0.0000 consistent:0.0000
2025-12-23 17:00:21,475 - utils.logger2025-12-23-16.59.58 - INFO - Cur epoch 3 loss CE:0.3575 mse:0.0000 consistent:0.0000
2025-12-23 17:00:22,265 - utils.logger2025-12-23-16.59.58 - INFO - Cur epoch 3 loss CE:0.1769 mse:0.0000 consistent:0.0000
2025-12-23 17:00:23,059 - utils.logger2025-12-23-16.59.58 - INFO - Cur epoch 3 loss CE:0.3353 mse:0.0000 consistent:0.0000
2025-12-23 17:00:23,898 - utils.logger2025-12-23-16.59.58 - INFO - Cur epoch 3 loss CE:0.5599 mse:0.0000 consistent:0.0000
2025-12-23 17:00:24,786 - utils.logger2025-12-23-16.59.58 - INFO - Cur epoch 3 loss CE:0.2338 mse:0.0000 consistent:0.0000
2025-12-23 17:00:25,143 - utils.logger2025-12-23-16.59.58 - INFO - saving the model at the end of epoch 3, iters 294
2025-12-23 17:00:25,291 - utils.logger2025-12-23-16.59.58 - INFO - End of training epoch 3 / 40 	 Time Taken: 8 sec
2025-12-23 17:00:25,291 - utils.logger2025-12-23-16.59.58 - INFO - learning rate = 0.0002000
2025-12-23 17:00:25,841 - utils.logger2025-12-23-16.59.58 - INFO - Val result of epoch 3 / 40 acc 0.7258 uar 0.6257 f1 0.5622
2025-12-23 17:00:26,283 - utils.logger2025-12-23-16.59.58 - INFO - Tst result of epoch 3 / 40 acc 0.5905 uar 0.6335 f1 0.5941
2025-12-23 17:00:26,758 - utils.logger2025-12-23-16.59.58 - INFO - Cur epoch 4 loss CE:0.3401 mse:0.0000 consistent:0.0000
2025-12-23 17:00:27,614 - utils.logger2025-12-23-16.59.58 - INFO - Cur epoch 4 loss CE:0.4031 mse:0.0000 consistent:0.0000
2025-12-23 17:00:28,618 - utils.logger2025-12-23-16.59.58 - INFO - Cur epoch 4 loss CE:0.1005 mse:0.0000 consistent:0.0000
2025-12-23 17:00:29,462 - utils.logger2025-12-23-16.59.58 - INFO - Cur epoch 4 loss CE:0.4558 mse:0.0000 consistent:0.0000
2025-12-23 17:00:30,223 - utils.logger2025-12-23-16.59.58 - INFO - Cur epoch 4 loss CE:0.4913 mse:0.0000 consistent:0.0000
2025-12-23 17:00:30,976 - utils.logger2025-12-23-16.59.58 - INFO - Cur epoch 4 loss CE:0.2266 mse:0.0000 consistent:0.0000
2025-12-23 17:00:31,723 - utils.logger2025-12-23-16.59.58 - INFO - Cur epoch 4 loss CE:0.8059 mse:0.0000 consistent:0.0000
2025-12-23 17:00:32,505 - utils.logger2025-12-23-16.59.58 - INFO - Cur epoch 4 loss CE:0.4410 mse:0.0000 consistent:0.0000
2025-12-23 17:00:33,295 - utils.logger2025-12-23-16.59.58 - INFO - Cur epoch 4 loss CE:0.4119 mse:0.0000 consistent:0.0000
2025-12-23 17:00:34,108 - utils.logger2025-12-23-16.59.58 - INFO - Cur epoch 4 loss CE:0.3893 mse:0.0000 consistent:0.0000
2025-12-23 17:00:34,251 - utils.logger2025-12-23-16.59.58 - INFO - saving the model at the end of epoch 4, iters 392
2025-12-23 17:00:34,374 - utils.logger2025-12-23-16.59.58 - INFO - End of training epoch 4 / 40 	 Time Taken: 8 sec
2025-12-23 17:00:34,374 - utils.logger2025-12-23-16.59.58 - INFO - learning rate = 0.0002000
2025-12-23 17:00:34,851 - utils.logger2025-12-23-16.59.58 - INFO - Val result of epoch 4 / 40 acc 0.7673 uar 0.4915 f1 0.5015
2025-12-23 17:00:35,294 - utils.logger2025-12-23-16.59.58 - INFO - Tst result of epoch 4 / 40 acc 0.5579 uar 0.5411 f1 0.5101
2025-12-23 17:00:35,927 - utils.logger2025-12-23-16.59.58 - INFO - Cur epoch 5 loss CE:0.6925 mse:0.0000 consistent:0.0000
2025-12-23 17:00:36,777 - utils.logger2025-12-23-16.59.58 - INFO - Cur epoch 5 loss CE:0.0458 mse:0.0000 consistent:0.0000
2025-12-23 17:00:37,570 - utils.logger2025-12-23-16.59.58 - INFO - Cur epoch 5 loss CE:0.3949 mse:0.0000 consistent:0.0000
2025-12-23 17:00:38,356 - utils.logger2025-12-23-16.59.58 - INFO - Cur epoch 5 loss CE:0.1775 mse:0.0000 consistent:0.0000
2025-12-23 17:00:39,081 - utils.logger2025-12-23-16.59.58 - INFO - Cur epoch 5 loss CE:0.1441 mse:0.0000 consistent:0.0000
2025-12-23 17:00:39,868 - utils.logger2025-12-23-16.59.58 - INFO - Cur epoch 5 loss CE:0.2198 mse:0.0000 consistent:0.0000
2025-12-23 17:00:40,599 - utils.logger2025-12-23-16.59.58 - INFO - Cur epoch 5 loss CE:0.1456 mse:0.0000 consistent:0.0000
2025-12-23 17:00:41,371 - utils.logger2025-12-23-16.59.58 - INFO - Cur epoch 5 loss CE:0.2595 mse:0.0000 consistent:0.0000
2025-12-23 17:00:42,115 - utils.logger2025-12-23-16.59.58 - INFO - Cur epoch 5 loss CE:0.3899 mse:0.0000 consistent:0.0000
2025-12-23 17:00:42,819 - utils.logger2025-12-23-16.59.58 - INFO - Cur epoch 5 loss CE:0.5991 mse:0.0000 consistent:0.0000
2025-12-23 17:00:42,820 - utils.logger2025-12-23-16.59.58 - INFO - saving the model at the end of epoch 5, iters 490
2025-12-23 17:00:42,945 - utils.logger2025-12-23-16.59.58 - INFO - End of training epoch 5 / 40 	 Time Taken: 7 sec
2025-12-23 17:00:42,945 - utils.logger2025-12-23-16.59.58 - INFO - learning rate = 0.0002000
2025-12-23 17:00:43,410 - utils.logger2025-12-23-16.59.58 - INFO - Val result of epoch 5 / 40 acc 0.7812 uar 0.5209 f1 0.5360
2025-12-23 17:00:43,846 - utils.logger2025-12-23-16.59.58 - INFO - Tst result of epoch 5 / 40 acc 0.5994 uar 0.5761 f1 0.5691
2025-12-23 17:00:44,617 - utils.logger2025-12-23-16.59.58 - INFO - Cur epoch 6 loss CE:0.2493 mse:0.0000 consistent:0.0000
2025-12-23 17:00:45,377 - utils.logger2025-12-23-16.59.58 - INFO - Cur epoch 6 loss CE:0.1440 mse:0.0000 consistent:0.0000
2025-12-23 17:00:46,153 - utils.logger2025-12-23-16.59.58 - INFO - Cur epoch 6 loss CE:0.0881 mse:0.0000 consistent:0.0000
2025-12-23 17:00:46,947 - utils.logger2025-12-23-16.59.58 - INFO - Cur epoch 6 loss CE:0.2602 mse:0.0000 consistent:0.0000
2025-12-23 17:00:47,720 - utils.logger2025-12-23-16.59.58 - INFO - Cur epoch 6 loss CE:0.1082 mse:0.0000 consistent:0.0000
2025-12-23 17:00:48,632 - utils.logger2025-12-23-16.59.58 - INFO - Cur epoch 6 loss CE:0.3684 mse:0.0000 consistent:0.0000
2025-12-23 17:00:49,610 - utils.logger2025-12-23-16.59.58 - INFO - Cur epoch 6 loss CE:0.1450 mse:0.0000 consistent:0.0000
2025-12-23 17:00:50,519 - utils.logger2025-12-23-16.59.58 - INFO - Cur epoch 6 loss CE:0.1069 mse:0.0000 consistent:0.0000
2025-12-23 17:00:51,296 - utils.logger2025-12-23-16.59.58 - INFO - Cur epoch 6 loss CE:0.2442 mse:0.0000 consistent:0.0000
2025-12-23 17:00:51,927 - utils.logger2025-12-23-16.59.58 - INFO - saving the model at the end of epoch 6, iters 588
2025-12-23 17:00:52,061 - utils.logger2025-12-23-16.59.58 - INFO - End of training epoch 6 / 40 	 Time Taken: 8 sec
2025-12-23 17:00:52,061 - utils.logger2025-12-23-16.59.58 - INFO - learning rate = 0.0002000
2025-12-23 17:00:52,521 - utils.logger2025-12-23-16.59.58 - INFO - Val result of epoch 6 / 40 acc 0.7396 uar 0.5769 f1 0.5063
2025-12-23 17:00:52,959 - utils.logger2025-12-23-16.59.58 - INFO - Tst result of epoch 6 / 40 acc 0.5223 uar 0.5463 f1 0.4894
2025-12-23 17:00:53,117 - utils.logger2025-12-23-16.59.58 - INFO - Cur epoch 7 loss CE:0.4892 mse:0.0000 consistent:0.0000
2025-12-23 17:00:53,842 - utils.logger2025-12-23-16.59.58 - INFO - Cur epoch 7 loss CE:0.5295 mse:0.0000 consistent:0.0000
2025-12-23 17:00:54,644 - utils.logger2025-12-23-16.59.58 - INFO - Cur epoch 7 loss CE:0.2000 mse:0.0000 consistent:0.0000
2025-12-23 17:00:55,486 - utils.logger2025-12-23-16.59.58 - INFO - Cur epoch 7 loss CE:0.2126 mse:0.0000 consistent:0.0000
2025-12-23 17:00:56,270 - utils.logger2025-12-23-16.59.58 - INFO - Cur epoch 7 loss CE:0.0616 mse:0.0000 consistent:0.0000
2025-12-23 17:00:57,091 - utils.logger2025-12-23-16.59.58 - INFO - Cur epoch 7 loss CE:0.0860 mse:0.0000 consistent:0.0000
2025-12-23 17:00:58,022 - utils.logger2025-12-23-16.59.58 - INFO - Cur epoch 7 loss CE:0.7108 mse:0.0000 consistent:0.0000
2025-12-23 17:00:58,983 - utils.logger2025-12-23-16.59.58 - INFO - Cur epoch 7 loss CE:0.4195 mse:0.0000 consistent:0.0000
2025-12-23 17:00:59,792 - utils.logger2025-12-23-16.59.58 - INFO - Cur epoch 7 loss CE:0.1384 mse:0.0000 consistent:0.0000
2025-12-23 17:01:00,588 - utils.logger2025-12-23-16.59.58 - INFO - Cur epoch 7 loss CE:0.2448 mse:0.0000 consistent:0.0000
2025-12-23 17:01:01,032 - utils.logger2025-12-23-16.59.58 - INFO - saving the model at the end of epoch 7, iters 686
2025-12-23 17:01:01,154 - utils.logger2025-12-23-16.59.58 - INFO - End of training epoch 7 / 40 	 Time Taken: 8 sec
2025-12-23 17:01:01,155 - utils.logger2025-12-23-16.59.58 - INFO - learning rate = 0.0002000
2025-12-23 17:01:01,635 - utils.logger2025-12-23-16.59.58 - INFO - Val result of epoch 7 / 40 acc 0.7867 uar 0.5836 f1 0.5601
2025-12-23 17:01:02,102 - utils.logger2025-12-23-16.59.58 - INFO - Tst result of epoch 7 / 40 acc 0.5816 uar 0.5878 f1 0.5701
2025-12-23 17:01:02,434 - utils.logger2025-12-23-16.59.58 - INFO - Cur epoch 8 loss CE:0.3077 mse:0.0000 consistent:0.0000
2025-12-23 17:01:03,224 - utils.logger2025-12-23-16.59.58 - INFO - Cur epoch 8 loss CE:0.2757 mse:0.0000 consistent:0.0000
2025-12-23 17:01:04,059 - utils.logger2025-12-23-16.59.58 - INFO - Cur epoch 8 loss CE:0.0660 mse:0.0000 consistent:0.0000
2025-12-23 17:01:04,831 - utils.logger2025-12-23-16.59.58 - INFO - Cur epoch 8 loss CE:0.3618 mse:0.0000 consistent:0.0000
2025-12-23 17:01:05,574 - utils.logger2025-12-23-16.59.58 - INFO - Cur epoch 8 loss CE:0.4200 mse:0.0000 consistent:0.0000
2025-12-23 17:01:06,461 - utils.logger2025-12-23-16.59.58 - INFO - Cur epoch 8 loss CE:0.6929 mse:0.0000 consistent:0.0000
2025-12-23 17:01:07,382 - utils.logger2025-12-23-16.59.58 - INFO - Cur epoch 8 loss CE:0.3962 mse:0.0000 consistent:0.0000
2025-12-23 17:01:08,228 - utils.logger2025-12-23-16.59.58 - INFO - Cur epoch 8 loss CE:0.1186 mse:0.0000 consistent:0.0000
2025-12-23 17:01:08,997 - utils.logger2025-12-23-16.59.58 - INFO - Cur epoch 8 loss CE:0.2965 mse:0.0000 consistent:0.0000
2025-12-23 17:01:09,859 - utils.logger2025-12-23-16.59.58 - INFO - Cur epoch 8 loss CE:0.2007 mse:0.0000 consistent:0.0000
2025-12-23 17:01:10,206 - utils.logger2025-12-23-16.59.58 - INFO - saving the model at the end of epoch 8, iters 784
2025-12-23 17:01:10,379 - utils.logger2025-12-23-16.59.58 - INFO - End of training epoch 8 / 40 	 Time Taken: 8 sec
2025-12-23 17:01:10,379 - utils.logger2025-12-23-16.59.58 - INFO - learning rate = 0.0002000
2025-12-23 17:01:10,994 - utils.logger2025-12-23-16.59.58 - INFO - Val result of epoch 8 / 40 acc 0.8006 uar 0.5460 f1 0.5821
2025-12-23 17:01:11,546 - utils.logger2025-12-23-16.59.58 - INFO - Tst result of epoch 8 / 40 acc 0.6202 uar 0.6001 f1 0.5951
2025-12-23 17:01:12,036 - utils.logger2025-12-23-16.59.58 - INFO - Cur epoch 9 loss CE:0.0506 mse:0.0000 consistent:0.0000
2025-12-23 17:01:12,955 - utils.logger2025-12-23-16.59.58 - INFO - Cur epoch 9 loss CE:0.5113 mse:0.0000 consistent:0.0000
2025-12-23 17:01:13,730 - utils.logger2025-12-23-16.59.58 - INFO - Cur epoch 9 loss CE:0.3445 mse:0.0000 consistent:0.0000
2025-12-23 17:01:14,478 - utils.logger2025-12-23-16.59.58 - INFO - Cur epoch 9 loss CE:0.1999 mse:0.0000 consistent:0.0000
2025-12-23 17:01:15,267 - utils.logger2025-12-23-16.59.58 - INFO - Cur epoch 9 loss CE:0.2127 mse:0.0000 consistent:0.0000
2025-12-23 17:01:16,067 - utils.logger2025-12-23-16.59.58 - INFO - Cur epoch 9 loss CE:0.2105 mse:0.0000 consistent:0.0000
2025-12-23 17:01:16,842 - utils.logger2025-12-23-16.59.58 - INFO - Cur epoch 9 loss CE:0.2176 mse:0.0000 consistent:0.0000
2025-12-23 17:01:17,612 - utils.logger2025-12-23-16.59.58 - INFO - Cur epoch 9 loss CE:0.1791 mse:0.0000 consistent:0.0000
2025-12-23 17:01:18,440 - utils.logger2025-12-23-16.59.58 - INFO - Cur epoch 9 loss CE:0.7315 mse:0.0000 consistent:0.0000
2025-12-23 17:01:19,413 - utils.logger2025-12-23-16.59.58 - INFO - Cur epoch 9 loss CE:0.2363 mse:0.0000 consistent:0.0000
2025-12-23 17:01:19,551 - utils.logger2025-12-23-16.59.58 - INFO - saving the model at the end of epoch 9, iters 882
2025-12-23 17:01:19,715 - utils.logger2025-12-23-16.59.58 - INFO - End of training epoch 9 / 40 	 Time Taken: 8 sec
2025-12-23 17:01:19,716 - utils.logger2025-12-23-16.59.58 - INFO - learning rate = 0.0002000
2025-12-23 17:01:20,328 - utils.logger2025-12-23-16.59.58 - INFO - Val result of epoch 9 / 40 acc 0.7812 uar 0.6227 f1 0.6016
2025-12-23 17:01:20,902 - utils.logger2025-12-23-16.59.58 - INFO - Tst result of epoch 9 / 40 acc 0.5638 uar 0.6063 f1 0.5640
2025-12-23 17:01:21,510 - utils.logger2025-12-23-16.59.58 - INFO - Cur epoch 10 loss CE:1.1765 mse:0.0000 consistent:0.0000
2025-12-23 17:01:22,251 - utils.logger2025-12-23-16.59.58 - INFO - Cur epoch 10 loss CE:0.2901 mse:0.0000 consistent:0.0000
2025-12-23 17:01:22,961 - utils.logger2025-12-23-16.59.58 - INFO - Cur epoch 10 loss CE:0.1172 mse:0.0000 consistent:0.0000
2025-12-23 17:01:23,729 - utils.logger2025-12-23-16.59.58 - INFO - Cur epoch 10 loss CE:0.3795 mse:0.0000 consistent:0.0000
2025-12-23 17:01:24,494 - utils.logger2025-12-23-16.59.58 - INFO - Cur epoch 10 loss CE:0.1612 mse:0.0000 consistent:0.0000
2025-12-23 17:01:25,262 - utils.logger2025-12-23-16.59.58 - INFO - Cur epoch 10 loss CE:0.1620 mse:0.0000 consistent:0.0000
2025-12-23 17:01:26,074 - utils.logger2025-12-23-16.59.58 - INFO - Cur epoch 10 loss CE:0.1148 mse:0.0000 consistent:0.0000
2025-12-23 17:01:27,026 - utils.logger2025-12-23-16.59.58 - INFO - Cur epoch 10 loss CE:0.3412 mse:0.0000 consistent:0.0000
2025-12-23 17:01:27,833 - utils.logger2025-12-23-16.59.58 - INFO - Cur epoch 10 loss CE:0.2555 mse:0.0000 consistent:0.0000
2025-12-23 17:01:28,604 - utils.logger2025-12-23-16.59.58 - INFO - Cur epoch 10 loss CE:0.2578 mse:0.0000 consistent:0.0000
2025-12-23 17:01:28,605 - utils.logger2025-12-23-16.59.58 - INFO - saving the model at the end of epoch 10, iters 980
2025-12-23 17:01:28,725 - utils.logger2025-12-23-16.59.58 - INFO - End of training epoch 10 / 40 	 Time Taken: 7 sec
2025-12-23 17:01:28,725 - utils.logger2025-12-23-16.59.58 - INFO - learning rate = 0.0002000
2025-12-23 17:01:29,187 - utils.logger2025-12-23-16.59.58 - INFO - Val result of epoch 10 / 40 acc 0.7756 uar 0.5575 f1 0.5528
2025-12-23 17:01:29,609 - utils.logger2025-12-23-16.59.58 - INFO - Tst result of epoch 10 / 40 acc 0.5608 uar 0.5939 f1 0.5523
2025-12-23 17:01:30,386 - utils.logger2025-12-23-16.59.58 - INFO - Cur epoch 11 loss CE:0.3086 mse:0.0000 consistent:0.0000
2025-12-23 17:01:31,120 - utils.logger2025-12-23-16.59.58 - INFO - Cur epoch 11 loss CE:0.0992 mse:0.0000 consistent:0.0000
2025-12-23 17:01:31,859 - utils.logger2025-12-23-16.59.58 - INFO - Cur epoch 11 loss CE:0.2403 mse:0.0000 consistent:0.0000
2025-12-23 17:01:32,575 - utils.logger2025-12-23-16.59.58 - INFO - Cur epoch 11 loss CE:0.0081 mse:0.0000 consistent:0.0000
2025-12-23 17:01:33,342 - utils.logger2025-12-23-16.59.58 - INFO - Cur epoch 11 loss CE:0.0274 mse:0.0000 consistent:0.0000
2025-12-23 17:01:34,133 - utils.logger2025-12-23-16.59.58 - INFO - Cur epoch 11 loss CE:0.4741 mse:0.0000 consistent:0.0000
2025-12-23 17:01:34,832 - utils.logger2025-12-23-16.59.58 - INFO - Cur epoch 11 loss CE:0.1251 mse:0.0000 consistent:0.0000
2025-12-23 17:01:35,638 - utils.logger2025-12-23-16.59.58 - INFO - Cur epoch 11 loss CE:0.4585 mse:0.0000 consistent:0.0000
2025-12-23 17:01:36,424 - utils.logger2025-12-23-16.59.58 - INFO - Cur epoch 11 loss CE:0.0499 mse:0.0000 consistent:0.0000
2025-12-23 17:01:37,055 - utils.logger2025-12-23-16.59.58 - INFO - saving the model at the end of epoch 11, iters 1078
2025-12-23 17:01:37,201 - utils.logger2025-12-23-16.59.58 - INFO - End of training epoch 11 / 40 	 Time Taken: 7 sec
2025-12-23 17:01:37,201 - utils.logger2025-12-23-16.59.58 - INFO - learning rate = 0.0002000
2025-12-23 17:01:37,716 - utils.logger2025-12-23-16.59.58 - INFO - Val result of epoch 11 / 40 acc 0.8006 uar 0.5067 f1 0.5563
2025-12-23 17:01:38,284 - utils.logger2025-12-23-16.59.58 - INFO - Tst result of epoch 11 / 40 acc 0.5905 uar 0.5651 f1 0.5504
2025-12-23 17:01:38,443 - utils.logger2025-12-23-16.59.58 - INFO - Cur epoch 12 loss CE:0.0695 mse:0.0000 consistent:0.0000
2025-12-23 17:01:39,245 - utils.logger2025-12-23-16.59.58 - INFO - Cur epoch 12 loss CE:0.3881 mse:0.0000 consistent:0.0000
2025-12-23 17:01:39,999 - utils.logger2025-12-23-16.59.58 - INFO - Cur epoch 12 loss CE:0.1677 mse:0.0000 consistent:0.0000
2025-12-23 17:01:40,812 - utils.logger2025-12-23-16.59.58 - INFO - Cur epoch 12 loss CE:0.0972 mse:0.0000 consistent:0.0000
2025-12-23 17:01:41,610 - utils.logger2025-12-23-16.59.58 - INFO - Cur epoch 12 loss CE:0.0091 mse:0.0000 consistent:0.0000
2025-12-23 17:01:42,409 - utils.logger2025-12-23-16.59.58 - INFO - Cur epoch 12 loss CE:0.0259 mse:0.0000 consistent:0.0000
2025-12-23 17:01:43,191 - utils.logger2025-12-23-16.59.58 - INFO - Cur epoch 12 loss CE:0.0134 mse:0.0000 consistent:0.0000
2025-12-23 17:01:44,005 - utils.logger2025-12-23-16.59.58 - INFO - Cur epoch 12 loss CE:0.0100 mse:0.0000 consistent:0.0000
2025-12-23 17:01:44,964 - utils.logger2025-12-23-16.59.58 - INFO - Cur epoch 12 loss CE:0.0906 mse:0.0000 consistent:0.0000
2025-12-23 17:01:45,713 - utils.logger2025-12-23-16.59.58 - INFO - Cur epoch 12 loss CE:0.1825 mse:0.0000 consistent:0.0000
2025-12-23 17:01:46,137 - utils.logger2025-12-23-16.59.58 - INFO - saving the model at the end of epoch 12, iters 1176
2025-12-23 17:01:46,303 - utils.logger2025-12-23-16.59.58 - INFO - End of training epoch 12 / 40 	 Time Taken: 8 sec
2025-12-23 17:01:46,303 - utils.logger2025-12-23-16.59.58 - INFO - learning rate = 0.0002000
2025-12-23 17:01:46,888 - utils.logger2025-12-23-16.59.58 - INFO - Val result of epoch 12 / 40 acc 0.7812 uar 0.5617 f1 0.5655
2025-12-23 17:01:47,328 - utils.logger2025-12-23-16.59.58 - INFO - Tst result of epoch 12 / 40 acc 0.5935 uar 0.6109 f1 0.5870
2025-12-23 17:01:47,644 - utils.logger2025-12-23-16.59.58 - INFO - Cur epoch 13 loss CE:0.0278 mse:0.0000 consistent:0.0000
2025-12-23 17:01:48,548 - utils.logger2025-12-23-16.59.58 - INFO - Cur epoch 13 loss CE:0.0085 mse:0.0000 consistent:0.0000
2025-12-23 17:01:49,467 - utils.logger2025-12-23-16.59.58 - INFO - Cur epoch 13 loss CE:0.0444 mse:0.0000 consistent:0.0000
2025-12-23 17:01:50,483 - utils.logger2025-12-23-16.59.58 - INFO - Cur epoch 13 loss CE:0.2328 mse:0.0000 consistent:0.0000
2025-12-23 17:01:51,322 - utils.logger2025-12-23-16.59.58 - INFO - Cur epoch 13 loss CE:0.0558 mse:0.0000 consistent:0.0000
2025-12-23 17:01:52,164 - utils.logger2025-12-23-16.59.58 - INFO - Cur epoch 13 loss CE:0.1110 mse:0.0000 consistent:0.0000
2025-12-23 17:01:52,892 - utils.logger2025-12-23-16.59.58 - INFO - Cur epoch 13 loss CE:0.0312 mse:0.0000 consistent:0.0000
2025-12-23 17:01:53,671 - utils.logger2025-12-23-16.59.58 - INFO - Cur epoch 13 loss CE:0.0784 mse:0.0000 consistent:0.0000
2025-12-23 17:01:54,469 - utils.logger2025-12-23-16.59.58 - INFO - Cur epoch 13 loss CE:0.0408 mse:0.0000 consistent:0.0000
2025-12-23 17:01:55,309 - utils.logger2025-12-23-16.59.58 - INFO - Cur epoch 13 loss CE:0.1817 mse:0.0000 consistent:0.0000
2025-12-23 17:01:55,605 - utils.logger2025-12-23-16.59.58 - INFO - saving the model at the end of epoch 13, iters 1274
2025-12-23 17:01:55,731 - utils.logger2025-12-23-16.59.58 - INFO - End of training epoch 13 / 40 	 Time Taken: 8 sec
2025-12-23 17:01:55,732 - utils.logger2025-12-23-16.59.58 - INFO - learning rate = 0.0002000
2025-12-23 17:01:56,187 - utils.logger2025-12-23-16.59.58 - INFO - Val result of epoch 13 / 40 acc 0.7590 uar 0.6404 f1 0.5984
2025-12-23 17:01:56,612 - utils.logger2025-12-23-16.59.58 - INFO - Tst result of epoch 13 / 40 acc 0.5519 uar 0.6104 f1 0.5646
2025-12-23 17:01:57,045 - utils.logger2025-12-23-16.59.58 - INFO - Cur epoch 14 loss CE:0.1971 mse:0.0000 consistent:0.0000
2025-12-23 17:01:57,802 - utils.logger2025-12-23-16.59.58 - INFO - Cur epoch 14 loss CE:0.0425 mse:0.0000 consistent:0.0000
2025-12-23 17:01:58,561 - utils.logger2025-12-23-16.59.58 - INFO - Cur epoch 14 loss CE:0.0183 mse:0.0000 consistent:0.0000
2025-12-23 17:01:59,343 - utils.logger2025-12-23-16.59.58 - INFO - Cur epoch 14 loss CE:0.2117 mse:0.0000 consistent:0.0000
2025-12-23 17:02:00,108 - utils.logger2025-12-23-16.59.58 - INFO - Cur epoch 14 loss CE:0.2292 mse:0.0000 consistent:0.0000
2025-12-23 17:02:01,022 - utils.logger2025-12-23-16.59.58 - INFO - Cur epoch 14 loss CE:0.0095 mse:0.0000 consistent:0.0000
2025-12-23 17:02:01,887 - utils.logger2025-12-23-16.59.58 - INFO - Cur epoch 14 loss CE:0.0307 mse:0.0000 consistent:0.0000
2025-12-23 17:02:02,651 - utils.logger2025-12-23-16.59.58 - INFO - Cur epoch 14 loss CE:0.0592 mse:0.0000 consistent:0.0000
2025-12-23 17:02:03,438 - utils.logger2025-12-23-16.59.58 - INFO - Cur epoch 14 loss CE:0.0353 mse:0.0000 consistent:0.0000
2025-12-23 17:02:04,223 - utils.logger2025-12-23-16.59.58 - INFO - Cur epoch 14 loss CE:0.0356 mse:0.0000 consistent:0.0000
2025-12-23 17:02:04,361 - utils.logger2025-12-23-16.59.58 - INFO - saving the model at the end of epoch 14, iters 1372
2025-12-23 17:02:04,493 - utils.logger2025-12-23-16.59.58 - INFO - End of training epoch 14 / 40 	 Time Taken: 7 sec
2025-12-23 17:02:04,493 - utils.logger2025-12-23-16.59.58 - INFO - learning rate = 0.0002000
2025-12-23 17:02:04,958 - utils.logger2025-12-23-16.59.58 - INFO - Val result of epoch 14 / 40 acc 0.7784 uar 0.4947 f1 0.5246
2025-12-23 17:02:05,386 - utils.logger2025-12-23-16.59.58 - INFO - Tst result of epoch 14 / 40 acc 0.6053 uar 0.6237 f1 0.5957
2025-12-23 17:02:06,000 - utils.logger2025-12-23-16.59.58 - INFO - Cur epoch 15 loss CE:0.0453 mse:0.0000 consistent:0.0000
2025-12-23 17:02:06,807 - utils.logger2025-12-23-16.59.58 - INFO - Cur epoch 15 loss CE:0.0215 mse:0.0000 consistent:0.0000
2025-12-23 17:02:07,554 - utils.logger2025-12-23-16.59.58 - INFO - Cur epoch 15 loss CE:0.2545 mse:0.0000 consistent:0.0000
2025-12-23 17:02:08,313 - utils.logger2025-12-23-16.59.58 - INFO - Cur epoch 15 loss CE:0.1000 mse:0.0000 consistent:0.0000
2025-12-23 17:02:09,087 - utils.logger2025-12-23-16.59.58 - INFO - Cur epoch 15 loss CE:0.0600 mse:0.0000 consistent:0.0000
2025-12-23 17:02:09,849 - utils.logger2025-12-23-16.59.58 - INFO - Cur epoch 15 loss CE:0.0545 mse:0.0000 consistent:0.0000
2025-12-23 17:02:10,688 - utils.logger2025-12-23-16.59.58 - INFO - Cur epoch 15 loss CE:0.1416 mse:0.0000 consistent:0.0000
2025-12-23 17:02:11,485 - utils.logger2025-12-23-16.59.58 - INFO - Cur epoch 15 loss CE:0.0559 mse:0.0000 consistent:0.0000
2025-12-23 17:02:12,260 - utils.logger2025-12-23-16.59.58 - INFO - Cur epoch 15 loss CE:0.0304 mse:0.0000 consistent:0.0000
2025-12-23 17:02:13,015 - utils.logger2025-12-23-16.59.58 - INFO - Cur epoch 15 loss CE:0.0549 mse:0.0000 consistent:0.0000
2025-12-23 17:02:13,015 - utils.logger2025-12-23-16.59.58 - INFO - saving the model at the end of epoch 15, iters 1470
2025-12-23 17:02:13,144 - utils.logger2025-12-23-16.59.58 - INFO - End of training epoch 15 / 40 	 Time Taken: 7 sec
2025-12-23 17:02:13,144 - utils.logger2025-12-23-16.59.58 - INFO - learning rate = 0.0002000
2025-12-23 17:02:13,592 - utils.logger2025-12-23-16.59.58 - INFO - Val result of epoch 15 / 40 acc 0.7895 uar 0.5112 f1 0.5284
2025-12-23 17:02:14,009 - utils.logger2025-12-23-16.59.58 - INFO - Tst result of epoch 15 / 40 acc 0.5786 uar 0.6006 f1 0.5642
2025-12-23 17:02:14,784 - utils.logger2025-12-23-16.59.58 - INFO - Cur epoch 16 loss CE:0.4683 mse:0.0000 consistent:0.0000
2025-12-23 17:02:15,552 - utils.logger2025-12-23-16.59.58 - INFO - Cur epoch 16 loss CE:0.0420 mse:0.0000 consistent:0.0000
2025-12-23 17:02:16,329 - utils.logger2025-12-23-16.59.58 - INFO - Cur epoch 16 loss CE:0.0161 mse:0.0000 consistent:0.0000
2025-12-23 17:02:17,102 - utils.logger2025-12-23-16.59.58 - INFO - Cur epoch 16 loss CE:0.0300 mse:0.0000 consistent:0.0000
2025-12-23 17:02:17,825 - utils.logger2025-12-23-16.59.58 - INFO - Cur epoch 16 loss CE:0.3748 mse:0.0000 consistent:0.0000
2025-12-23 17:02:18,540 - utils.logger2025-12-23-16.59.58 - INFO - Cur epoch 16 loss CE:0.0869 mse:0.0000 consistent:0.0000
2025-12-23 17:02:19,300 - utils.logger2025-12-23-16.59.58 - INFO - Cur epoch 16 loss CE:0.0328 mse:0.0000 consistent:0.0000
2025-12-23 17:02:20,076 - utils.logger2025-12-23-16.59.58 - INFO - Cur epoch 16 loss CE:0.0316 mse:0.0000 consistent:0.0000
2025-12-23 17:02:20,872 - utils.logger2025-12-23-16.59.58 - INFO - Cur epoch 16 loss CE:0.0125 mse:0.0000 consistent:0.0000
2025-12-23 17:02:21,468 - utils.logger2025-12-23-16.59.58 - INFO - saving the model at the end of epoch 16, iters 1568
2025-12-23 17:02:21,606 - utils.logger2025-12-23-16.59.58 - INFO - End of training epoch 16 / 40 	 Time Taken: 7 sec
2025-12-23 17:02:21,606 - utils.logger2025-12-23-16.59.58 - INFO - learning rate = 0.0002000
2025-12-23 17:02:22,076 - utils.logger2025-12-23-16.59.58 - INFO - Val result of epoch 16 / 40 acc 0.7839 uar 0.5054 f1 0.5191
2025-12-23 17:02:22,503 - utils.logger2025-12-23-16.59.58 - INFO - Tst result of epoch 16 / 40 acc 0.6024 uar 0.6066 f1 0.5776
2025-12-23 17:02:22,659 - utils.logger2025-12-23-16.59.58 - INFO - Cur epoch 17 loss CE:0.0021 mse:0.0000 consistent:0.0000
2025-12-23 17:02:23,545 - utils.logger2025-12-23-16.59.58 - INFO - Cur epoch 17 loss CE:0.0318 mse:0.0000 consistent:0.0000
2025-12-23 17:02:24,359 - utils.logger2025-12-23-16.59.58 - INFO - Cur epoch 17 loss CE:0.2692 mse:0.0000 consistent:0.0000
2025-12-23 17:02:25,208 - utils.logger2025-12-23-16.59.58 - INFO - Cur epoch 17 loss CE:0.1539 mse:0.0000 consistent:0.0000
2025-12-23 17:02:25,990 - utils.logger2025-12-23-16.59.58 - INFO - Cur epoch 17 loss CE:0.0300 mse:0.0000 consistent:0.0000
2025-12-23 17:02:26,762 - utils.logger2025-12-23-16.59.58 - INFO - Cur epoch 17 loss CE:0.0042 mse:0.0000 consistent:0.0000
2025-12-23 17:02:27,582 - utils.logger2025-12-23-16.59.58 - INFO - Cur epoch 17 loss CE:0.0639 mse:0.0000 consistent:0.0000
2025-12-23 17:02:28,315 - utils.logger2025-12-23-16.59.58 - INFO - Cur epoch 17 loss CE:0.0720 mse:0.0000 consistent:0.0000
2025-12-23 17:02:29,037 - utils.logger2025-12-23-16.59.58 - INFO - Cur epoch 17 loss CE:0.0092 mse:0.0000 consistent:0.0000
2025-12-23 17:02:29,822 - utils.logger2025-12-23-16.59.58 - INFO - Cur epoch 17 loss CE:0.0789 mse:0.0000 consistent:0.0000
2025-12-23 17:02:30,276 - utils.logger2025-12-23-16.59.58 - INFO - saving the model at the end of epoch 17, iters 1666
2025-12-23 17:02:30,407 - utils.logger2025-12-23-16.59.58 - INFO - End of training epoch 17 / 40 	 Time Taken: 7 sec
2025-12-23 17:02:30,407 - utils.logger2025-12-23-16.59.58 - INFO - learning rate = 0.0002000
2025-12-23 17:02:30,880 - utils.logger2025-12-23-16.59.58 - INFO - Val result of epoch 17 / 40 acc 0.8006 uar 0.4874 f1 0.5337
2025-12-23 17:02:31,318 - utils.logger2025-12-23-16.59.58 - INFO - Tst result of epoch 17 / 40 acc 0.5905 uar 0.5677 f1 0.5471
2025-12-23 17:02:31,633 - utils.logger2025-12-23-16.59.58 - INFO - Cur epoch 18 loss CE:0.1654 mse:0.0000 consistent:0.0000
2025-12-23 17:02:32,404 - utils.logger2025-12-23-16.59.58 - INFO - Cur epoch 18 loss CE:0.0071 mse:0.0000 consistent:0.0000
2025-12-23 17:02:33,087 - utils.logger2025-12-23-16.59.58 - INFO - Cur epoch 18 loss CE:0.0069 mse:0.0000 consistent:0.0000
2025-12-23 17:02:33,812 - utils.logger2025-12-23-16.59.58 - INFO - Cur epoch 18 loss CE:0.1113 mse:0.0000 consistent:0.0000
2025-12-23 17:02:34,571 - utils.logger2025-12-23-16.59.58 - INFO - Cur epoch 18 loss CE:0.0964 mse:0.0000 consistent:0.0000
2025-12-23 17:02:35,326 - utils.logger2025-12-23-16.59.58 - INFO - Cur epoch 18 loss CE:0.2235 mse:0.0000 consistent:0.0000
2025-12-23 17:02:36,070 - utils.logger2025-12-23-16.59.58 - INFO - Cur epoch 18 loss CE:0.0532 mse:0.0000 consistent:0.0000
2025-12-23 17:02:36,841 - utils.logger2025-12-23-16.59.58 - INFO - Cur epoch 18 loss CE:0.2584 mse:0.0000 consistent:0.0000
2025-12-23 17:02:37,593 - utils.logger2025-12-23-16.59.58 - INFO - Cur epoch 18 loss CE:0.1842 mse:0.0000 consistent:0.0000
2025-12-23 17:02:38,303 - utils.logger2025-12-23-16.59.58 - INFO - Cur epoch 18 loss CE:0.0374 mse:0.0000 consistent:0.0000
2025-12-23 17:02:38,560 - utils.logger2025-12-23-16.59.58 - INFO - saving the model at the end of epoch 18, iters 1764
2025-12-23 17:02:38,691 - utils.logger2025-12-23-16.59.58 - INFO - End of training epoch 18 / 40 	 Time Taken: 7 sec
2025-12-23 17:02:38,692 - utils.logger2025-12-23-16.59.58 - INFO - learning rate = 0.0002000
2025-12-23 17:02:39,154 - utils.logger2025-12-23-16.59.58 - INFO - Val result of epoch 18 / 40 acc 0.8033 uar 0.6039 f1 0.6230
2025-12-23 17:02:39,602 - utils.logger2025-12-23-16.59.58 - INFO - Tst result of epoch 18 / 40 acc 0.5727 uar 0.5869 f1 0.5439
2025-12-23 17:02:40,057 - utils.logger2025-12-23-16.59.58 - INFO - Cur epoch 19 loss CE:0.0295 mse:0.0000 consistent:0.0000
2025-12-23 17:02:40,836 - utils.logger2025-12-23-16.59.58 - INFO - Cur epoch 19 loss CE:0.1225 mse:0.0000 consistent:0.0000
2025-12-23 17:02:41,599 - utils.logger2025-12-23-16.59.58 - INFO - Cur epoch 19 loss CE:0.4835 mse:0.0000 consistent:0.0000
2025-12-23 17:02:42,381 - utils.logger2025-12-23-16.59.58 - INFO - Cur epoch 19 loss CE:0.2119 mse:0.0000 consistent:0.0000
2025-12-23 17:02:43,146 - utils.logger2025-12-23-16.59.58 - INFO - Cur epoch 19 loss CE:0.6246 mse:0.0000 consistent:0.0000
2025-12-23 17:02:43,906 - utils.logger2025-12-23-16.59.58 - INFO - Cur epoch 19 loss CE:0.0294 mse:0.0000 consistent:0.0000
2025-12-23 17:02:44,676 - utils.logger2025-12-23-16.59.58 - INFO - Cur epoch 19 loss CE:0.0584 mse:0.0000 consistent:0.0000
2025-12-23 17:02:45,483 - utils.logger2025-12-23-16.59.58 - INFO - Cur epoch 19 loss CE:0.0595 mse:0.0000 consistent:0.0000
2025-12-23 17:02:46,203 - utils.logger2025-12-23-16.59.58 - INFO - Cur epoch 19 loss CE:0.1770 mse:0.0000 consistent:0.0000
2025-12-23 17:02:46,928 - utils.logger2025-12-23-16.59.58 - INFO - Cur epoch 19 loss CE:0.0167 mse:0.0000 consistent:0.0000
2025-12-23 17:02:47,069 - utils.logger2025-12-23-16.59.58 - INFO - saving the model at the end of epoch 19, iters 1862
2025-12-23 17:02:47,199 - utils.logger2025-12-23-16.59.58 - INFO - End of training epoch 19 / 40 	 Time Taken: 7 sec
2025-12-23 17:02:47,199 - utils.logger2025-12-23-16.59.58 - INFO - learning rate = 0.0002000
2025-12-23 17:02:47,683 - utils.logger2025-12-23-16.59.58 - INFO - Val result of epoch 19 / 40 acc 0.7867 uar 0.4611 f1 0.5039
2025-12-23 17:02:48,119 - utils.logger2025-12-23-16.59.58 - INFO - Tst result of epoch 19 / 40 acc 0.5757 uar 0.5877 f1 0.5600
2025-12-23 17:02:48,754 - utils.logger2025-12-23-16.59.58 - INFO - Cur epoch 20 loss CE:0.0505 mse:0.0000 consistent:0.0000
2025-12-23 17:02:49,535 - utils.logger2025-12-23-16.59.58 - INFO - Cur epoch 20 loss CE:0.0624 mse:0.0000 consistent:0.0000
2025-12-23 17:02:50,320 - utils.logger2025-12-23-16.59.58 - INFO - Cur epoch 20 loss CE:0.0083 mse:0.0000 consistent:0.0000
2025-12-23 17:02:51,086 - utils.logger2025-12-23-16.59.58 - INFO - Cur epoch 20 loss CE:0.0893 mse:0.0000 consistent:0.0000
2025-12-23 17:02:51,807 - utils.logger2025-12-23-16.59.58 - INFO - Cur epoch 20 loss CE:0.1576 mse:0.0000 consistent:0.0000
2025-12-23 17:02:52,555 - utils.logger2025-12-23-16.59.58 - INFO - Cur epoch 20 loss CE:0.0396 mse:0.0000 consistent:0.0000
2025-12-23 17:02:53,328 - utils.logger2025-12-23-16.59.58 - INFO - Cur epoch 20 loss CE:0.0010 mse:0.0000 consistent:0.0000
2025-12-23 17:02:54,100 - utils.logger2025-12-23-16.59.58 - INFO - Cur epoch 20 loss CE:0.0049 mse:0.0000 consistent:0.0000
2025-12-23 17:02:54,867 - utils.logger2025-12-23-16.59.58 - INFO - Cur epoch 20 loss CE:0.0501 mse:0.0000 consistent:0.0000
2025-12-23 17:02:55,611 - utils.logger2025-12-23-16.59.58 - INFO - Cur epoch 20 loss CE:0.0005 mse:0.0000 consistent:0.0000
2025-12-23 17:02:55,612 - utils.logger2025-12-23-16.59.58 - INFO - saving the model at the end of epoch 20, iters 1960
2025-12-23 17:02:55,730 - utils.logger2025-12-23-16.59.58 - INFO - End of training epoch 20 / 40 	 Time Taken: 7 sec
2025-12-23 17:02:55,730 - utils.logger2025-12-23-16.59.58 - INFO - learning rate = 0.0001905
2025-12-23 17:02:56,187 - utils.logger2025-12-23-16.59.58 - INFO - Val result of epoch 20 / 40 acc 0.7950 uar 0.6058 f1 0.6314
2025-12-23 17:02:56,620 - utils.logger2025-12-23-16.59.58 - INFO - Tst result of epoch 20 / 40 acc 0.6350 uar 0.6699 f1 0.6428
2025-12-23 17:02:57,457 - utils.logger2025-12-23-16.59.58 - INFO - Cur epoch 21 loss CE:0.0176 mse:0.0000 consistent:0.0000
2025-12-23 17:02:58,236 - utils.logger2025-12-23-16.59.58 - INFO - Cur epoch 21 loss CE:0.0471 mse:0.0000 consistent:0.0000
2025-12-23 17:02:59,099 - utils.logger2025-12-23-16.59.58 - INFO - Cur epoch 21 loss CE:0.0066 mse:0.0000 consistent:0.0000
2025-12-23 17:02:59,979 - utils.logger2025-12-23-16.59.58 - INFO - Cur epoch 21 loss CE:0.0037 mse:0.0000 consistent:0.0000
2025-12-23 17:03:00,813 - utils.logger2025-12-23-16.59.58 - INFO - Cur epoch 21 loss CE:0.1615 mse:0.0000 consistent:0.0000
2025-12-23 17:03:01,575 - utils.logger2025-12-23-16.59.58 - INFO - Cur epoch 21 loss CE:0.0167 mse:0.0000 consistent:0.0000
2025-12-23 17:03:02,379 - utils.logger2025-12-23-16.59.58 - INFO - Cur epoch 21 loss CE:0.1442 mse:0.0000 consistent:0.0000
2025-12-23 17:03:03,307 - utils.logger2025-12-23-16.59.58 - INFO - Cur epoch 21 loss CE:0.0205 mse:0.0000 consistent:0.0000
2025-12-23 17:03:04,212 - utils.logger2025-12-23-16.59.58 - INFO - Cur epoch 21 loss CE:0.0936 mse:0.0000 consistent:0.0000
2025-12-23 17:03:04,942 - utils.logger2025-12-23-16.59.58 - INFO - saving the model at the end of epoch 21, iters 2058
2025-12-23 17:03:05,128 - utils.logger2025-12-23-16.59.58 - INFO - End of training epoch 21 / 40 	 Time Taken: 8 sec
2025-12-23 17:03:05,128 - utils.logger2025-12-23-16.59.58 - INFO - learning rate = 0.0001810
2025-12-23 17:03:05,739 - utils.logger2025-12-23-16.59.58 - INFO - Val result of epoch 21 / 40 acc 0.7839 uar 0.6059 f1 0.6072
2025-12-23 17:03:06,295 - utils.logger2025-12-23-16.59.58 - INFO - Tst result of epoch 21 / 40 acc 0.5935 uar 0.6326 f1 0.5934
2025-12-23 17:03:06,481 - utils.logger2025-12-23-16.59.58 - INFO - Cur epoch 22 loss CE:0.0987 mse:0.0000 consistent:0.0000
2025-12-23 17:03:07,409 - utils.logger2025-12-23-16.59.58 - INFO - Cur epoch 22 loss CE:0.0894 mse:0.0000 consistent:0.0000
2025-12-23 17:03:08,235 - utils.logger2025-12-23-16.59.58 - INFO - Cur epoch 22 loss CE:0.0183 mse:0.0000 consistent:0.0000
2025-12-23 17:03:09,019 - utils.logger2025-12-23-16.59.58 - INFO - Cur epoch 22 loss CE:0.0471 mse:0.0000 consistent:0.0000
2025-12-23 17:03:09,826 - utils.logger2025-12-23-16.59.58 - INFO - Cur epoch 22 loss CE:0.0156 mse:0.0000 consistent:0.0000
2025-12-23 17:03:10,765 - utils.logger2025-12-23-16.59.58 - INFO - Cur epoch 22 loss CE:0.0137 mse:0.0000 consistent:0.0000
2025-12-23 17:03:11,541 - utils.logger2025-12-23-16.59.58 - INFO - Cur epoch 22 loss CE:0.1077 mse:0.0000 consistent:0.0000
2025-12-23 17:03:12,291 - utils.logger2025-12-23-16.59.58 - INFO - Cur epoch 22 loss CE:0.0161 mse:0.0000 consistent:0.0000
2025-12-23 17:03:13,038 - utils.logger2025-12-23-16.59.58 - INFO - Cur epoch 22 loss CE:0.0035 mse:0.0000 consistent:0.0000
2025-12-23 17:03:13,789 - utils.logger2025-12-23-16.59.58 - INFO - Cur epoch 22 loss CE:0.0403 mse:0.0000 consistent:0.0000
2025-12-23 17:03:14,244 - utils.logger2025-12-23-16.59.58 - INFO - saving the model at the end of epoch 22, iters 2156
2025-12-23 17:03:14,384 - utils.logger2025-12-23-16.59.58 - INFO - End of training epoch 22 / 40 	 Time Taken: 8 sec
2025-12-23 17:03:14,384 - utils.logger2025-12-23-16.59.58 - INFO - learning rate = 0.0001714
2025-12-23 17:03:14,832 - utils.logger2025-12-23-16.59.58 - INFO - Val result of epoch 22 / 40 acc 0.7839 uar 0.4511 f1 0.4999
2025-12-23 17:03:15,252 - utils.logger2025-12-23-16.59.58 - INFO - Tst result of epoch 22 / 40 acc 0.6528 uar 0.6233 f1 0.6354
2025-12-23 17:03:15,557 - utils.logger2025-12-23-16.59.58 - INFO - Cur epoch 23 loss CE:0.0069 mse:0.0000 consistent:0.0000
2025-12-23 17:03:16,328 - utils.logger2025-12-23-16.59.58 - INFO - Cur epoch 23 loss CE:0.0019 mse:0.0000 consistent:0.0000
2025-12-23 17:03:17,142 - utils.logger2025-12-23-16.59.58 - INFO - Cur epoch 23 loss CE:0.3302 mse:0.0000 consistent:0.0000
2025-12-23 17:03:18,055 - utils.logger2025-12-23-16.59.58 - INFO - Cur epoch 23 loss CE:0.0432 mse:0.0000 consistent:0.0000
2025-12-23 17:03:18,895 - utils.logger2025-12-23-16.59.58 - INFO - Cur epoch 23 loss CE:0.2458 mse:0.0000 consistent:0.0000
2025-12-23 17:03:19,713 - utils.logger2025-12-23-16.59.58 - INFO - Cur epoch 23 loss CE:0.0134 mse:0.0000 consistent:0.0000
2025-12-23 17:03:20,639 - utils.logger2025-12-23-16.59.58 - INFO - Cur epoch 23 loss CE:0.0040 mse:0.0000 consistent:0.0000
2025-12-23 17:03:21,577 - utils.logger2025-12-23-16.59.58 - INFO - Cur epoch 23 loss CE:0.0312 mse:0.0000 consistent:0.0000
2025-12-23 17:03:22,517 - utils.logger2025-12-23-16.59.58 - INFO - Cur epoch 23 loss CE:0.0100 mse:0.0000 consistent:0.0000
2025-12-23 17:03:23,425 - utils.logger2025-12-23-16.59.58 - INFO - Cur epoch 23 loss CE:0.0974 mse:0.0000 consistent:0.0000
2025-12-23 17:03:23,781 - utils.logger2025-12-23-16.59.58 - INFO - saving the model at the end of epoch 23, iters 2254
2025-12-23 17:03:23,953 - utils.logger2025-12-23-16.59.58 - INFO - End of training epoch 23 / 40 	 Time Taken: 8 sec
2025-12-23 17:03:23,953 - utils.logger2025-12-23-16.59.58 - INFO - learning rate = 0.0001619
2025-12-23 17:03:24,542 - utils.logger2025-12-23-16.59.58 - INFO - Val result of epoch 23 / 40 acc 0.7922 uar 0.5129 f1 0.5777
2025-12-23 17:03:25,098 - utils.logger2025-12-23-16.59.58 - INFO - Tst result of epoch 23 / 40 acc 0.6113 uar 0.6254 f1 0.6071
2025-12-23 17:03:25,639 - utils.logger2025-12-23-16.59.58 - INFO - Cur epoch 24 loss CE:0.1377 mse:0.0000 consistent:0.0000
2025-12-23 17:03:26,578 - utils.logger2025-12-23-16.59.58 - INFO - Cur epoch 24 loss CE:0.0031 mse:0.0000 consistent:0.0000
2025-12-23 17:03:27,504 - utils.logger2025-12-23-16.59.58 - INFO - Cur epoch 24 loss CE:0.1236 mse:0.0000 consistent:0.0000
2025-12-23 17:03:28,431 - utils.logger2025-12-23-16.59.58 - INFO - Cur epoch 24 loss CE:0.0074 mse:0.0000 consistent:0.0000
2025-12-23 17:03:29,339 - utils.logger2025-12-23-16.59.58 - INFO - Cur epoch 24 loss CE:0.1331 mse:0.0000 consistent:0.0000
2025-12-23 17:03:30,302 - utils.logger2025-12-23-16.59.58 - INFO - Cur epoch 24 loss CE:0.0009 mse:0.0000 consistent:0.0000
2025-12-23 17:03:31,317 - utils.logger2025-12-23-16.59.58 - INFO - Cur epoch 24 loss CE:0.1424 mse:0.0000 consistent:0.0000
2025-12-23 17:03:32,264 - utils.logger2025-12-23-16.59.58 - INFO - Cur epoch 24 loss CE:0.0011 mse:0.0000 consistent:0.0000
2025-12-23 17:03:33,386 - utils.logger2025-12-23-16.59.58 - INFO - Cur epoch 24 loss CE:0.4384 mse:0.0000 consistent:0.0000
2025-12-23 17:03:34,342 - utils.logger2025-12-23-16.59.58 - INFO - Cur epoch 24 loss CE:0.0110 mse:0.0000 consistent:0.0000
2025-12-23 17:03:34,511 - utils.logger2025-12-23-16.59.58 - INFO - saving the model at the end of epoch 24, iters 2352
2025-12-23 17:03:34,678 - utils.logger2025-12-23-16.59.58 - INFO - End of training epoch 24 / 40 	 Time Taken: 9 sec
2025-12-23 17:03:34,678 - utils.logger2025-12-23-16.59.58 - INFO - learning rate = 0.0001524
2025-12-23 17:03:35,281 - utils.logger2025-12-23-16.59.58 - INFO - Val result of epoch 24 / 40 acc 0.7895 uar 0.5350 f1 0.5598
2025-12-23 17:03:35,804 - utils.logger2025-12-23-16.59.58 - INFO - Tst result of epoch 24 / 40 acc 0.6291 uar 0.6346 f1 0.6220
2025-12-23 17:03:36,561 - utils.logger2025-12-23-16.59.58 - INFO - Cur epoch 25 loss CE:0.0204 mse:0.0000 consistent:0.0000
2025-12-23 17:03:37,483 - utils.logger2025-12-23-16.59.58 - INFO - Cur epoch 25 loss CE:0.1268 mse:0.0000 consistent:0.0000
2025-12-23 17:03:38,472 - utils.logger2025-12-23-16.59.58 - INFO - Cur epoch 25 loss CE:0.0007 mse:0.0000 consistent:0.0000
2025-12-23 17:03:39,445 - utils.logger2025-12-23-16.59.58 - INFO - Cur epoch 25 loss CE:0.0009 mse:0.0000 consistent:0.0000
2025-12-23 17:03:40,382 - utils.logger2025-12-23-16.59.58 - INFO - Cur epoch 25 loss CE:0.0037 mse:0.0000 consistent:0.0000
2025-12-23 17:03:41,344 - utils.logger2025-12-23-16.59.58 - INFO - Cur epoch 25 loss CE:0.0004 mse:0.0000 consistent:0.0000
2025-12-23 17:03:42,289 - utils.logger2025-12-23-16.59.58 - INFO - Cur epoch 25 loss CE:0.0004 mse:0.0000 consistent:0.0000
2025-12-23 17:03:43,250 - utils.logger2025-12-23-16.59.58 - INFO - Cur epoch 25 loss CE:0.0584 mse:0.0000 consistent:0.0000
2025-12-23 17:03:44,179 - utils.logger2025-12-23-16.59.58 - INFO - Cur epoch 25 loss CE:0.0152 mse:0.0000 consistent:0.0000
2025-12-23 17:03:45,106 - utils.logger2025-12-23-16.59.58 - INFO - Cur epoch 25 loss CE:0.0033 mse:0.0000 consistent:0.0000
2025-12-23 17:03:45,106 - utils.logger2025-12-23-16.59.58 - INFO - saving the model at the end of epoch 25, iters 2450
2025-12-23 17:03:45,277 - utils.logger2025-12-23-16.59.58 - INFO - End of training epoch 25 / 40 	 Time Taken: 9 sec
2025-12-23 17:03:45,278 - utils.logger2025-12-23-16.59.58 - INFO - learning rate = 0.0001429
2025-12-23 17:03:45,867 - utils.logger2025-12-23-16.59.58 - INFO - Val result of epoch 25 / 40 acc 0.8006 uar 0.5012 f1 0.5318
2025-12-23 17:03:46,417 - utils.logger2025-12-23-16.59.58 - INFO - Tst result of epoch 25 / 40 acc 0.6261 uar 0.6222 f1 0.6090
2025-12-23 17:03:47,324 - utils.logger2025-12-23-16.59.58 - INFO - Cur epoch 26 loss CE:0.0152 mse:0.0000 consistent:0.0000
2025-12-23 17:03:48,235 - utils.logger2025-12-23-16.59.58 - INFO - Cur epoch 26 loss CE:0.0451 mse:0.0000 consistent:0.0000
2025-12-23 17:03:49,141 - utils.logger2025-12-23-16.59.58 - INFO - Cur epoch 26 loss CE:0.0268 mse:0.0000 consistent:0.0000
2025-12-23 17:03:50,066 - utils.logger2025-12-23-16.59.58 - INFO - Cur epoch 26 loss CE:0.1198 mse:0.0000 consistent:0.0000
2025-12-23 17:03:51,001 - utils.logger2025-12-23-16.59.58 - INFO - Cur epoch 26 loss CE:0.1364 mse:0.0000 consistent:0.0000
2025-12-23 17:03:51,952 - utils.logger2025-12-23-16.59.58 - INFO - Cur epoch 26 loss CE:0.0043 mse:0.0000 consistent:0.0000
2025-12-23 17:03:52,866 - utils.logger2025-12-23-16.59.58 - INFO - Cur epoch 26 loss CE:0.0027 mse:0.0000 consistent:0.0000
2025-12-23 17:03:53,819 - utils.logger2025-12-23-16.59.58 - INFO - Cur epoch 26 loss CE:0.0008 mse:0.0000 consistent:0.0000
2025-12-23 17:03:54,758 - utils.logger2025-12-23-16.59.58 - INFO - Cur epoch 26 loss CE:0.0033 mse:0.0000 consistent:0.0000
2025-12-23 17:03:55,484 - utils.logger2025-12-23-16.59.58 - INFO - saving the model at the end of epoch 26, iters 2548
2025-12-23 17:03:55,661 - utils.logger2025-12-23-16.59.58 - INFO - End of training epoch 26 / 40 	 Time Taken: 9 sec
2025-12-23 17:03:55,662 - utils.logger2025-12-23-16.59.58 - INFO - learning rate = 0.0001333
2025-12-23 17:03:56,268 - utils.logger2025-12-23-16.59.58 - INFO - Val result of epoch 26 / 40 acc 0.8061 uar 0.5343 f1 0.5755
2025-12-23 17:03:56,853 - utils.logger2025-12-23-16.59.58 - INFO - Tst result of epoch 26 / 40 acc 0.5935 uar 0.5956 f1 0.5750
2025-12-23 17:03:57,042 - utils.logger2025-12-23-16.59.58 - INFO - Cur epoch 27 loss CE:0.0313 mse:0.0000 consistent:0.0000
2025-12-23 17:03:57,980 - utils.logger2025-12-23-16.59.58 - INFO - Cur epoch 27 loss CE:0.0020 mse:0.0000 consistent:0.0000
2025-12-23 17:03:58,895 - utils.logger2025-12-23-16.59.58 - INFO - Cur epoch 27 loss CE:0.0042 mse:0.0000 consistent:0.0000
2025-12-23 17:03:59,800 - utils.logger2025-12-23-16.59.58 - INFO - Cur epoch 27 loss CE:0.0013 mse:0.0000 consistent:0.0000
2025-12-23 17:04:00,778 - utils.logger2025-12-23-16.59.58 - INFO - Cur epoch 27 loss CE:0.2179 mse:0.0000 consistent:0.0000
2025-12-23 17:04:01,707 - utils.logger2025-12-23-16.59.58 - INFO - Cur epoch 27 loss CE:0.0001 mse:0.0000 consistent:0.0000
2025-12-23 17:04:02,662 - utils.logger2025-12-23-16.59.58 - INFO - Cur epoch 27 loss CE:0.0012 mse:0.0000 consistent:0.0000
2025-12-23 17:04:03,593 - utils.logger2025-12-23-16.59.58 - INFO - Cur epoch 27 loss CE:0.0003 mse:0.0000 consistent:0.0000
2025-12-23 17:04:04,502 - utils.logger2025-12-23-16.59.58 - INFO - Cur epoch 27 loss CE:0.0021 mse:0.0000 consistent:0.0000
2025-12-23 17:04:05,471 - utils.logger2025-12-23-16.59.58 - INFO - Cur epoch 27 loss CE:0.0010 mse:0.0000 consistent:0.0000
2025-12-23 17:04:06,024 - utils.logger2025-12-23-16.59.58 - INFO - saving the model at the end of epoch 27, iters 2646
2025-12-23 17:04:06,197 - utils.logger2025-12-23-16.59.58 - INFO - End of training epoch 27 / 40 	 Time Taken: 9 sec
2025-12-23 17:04:06,197 - utils.logger2025-12-23-16.59.58 - INFO - learning rate = 0.0001238
2025-12-23 17:04:06,868 - utils.logger2025-12-23-16.59.58 - INFO - Val result of epoch 27 / 40 acc 0.8061 uar 0.5474 f1 0.5965
2025-12-23 17:04:07,517 - utils.logger2025-12-23-16.59.58 - INFO - Tst result of epoch 27 / 40 acc 0.6053 uar 0.6255 f1 0.5993
2025-12-23 17:04:07,898 - utils.logger2025-12-23-16.59.58 - INFO - Cur epoch 28 loss CE:0.0025 mse:0.0000 consistent:0.0000
2025-12-23 17:04:08,853 - utils.logger2025-12-23-16.59.58 - INFO - Cur epoch 28 loss CE:0.1085 mse:0.0000 consistent:0.0000
2025-12-23 17:04:09,787 - utils.logger2025-12-23-16.59.58 - INFO - Cur epoch 28 loss CE:0.2324 mse:0.0000 consistent:0.0000
2025-12-23 17:04:10,668 - utils.logger2025-12-23-16.59.58 - INFO - Cur epoch 28 loss CE:0.0717 mse:0.0000 consistent:0.0000
2025-12-23 17:04:11,561 - utils.logger2025-12-23-16.59.58 - INFO - Cur epoch 28 loss CE:0.0023 mse:0.0000 consistent:0.0000
2025-12-23 17:04:12,531 - utils.logger2025-12-23-16.59.58 - INFO - Cur epoch 28 loss CE:0.1542 mse:0.0000 consistent:0.0000
2025-12-23 17:04:13,323 - utils.logger2025-12-23-16.59.58 - INFO - Cur epoch 28 loss CE:0.0014 mse:0.0000 consistent:0.0000
2025-12-23 17:04:14,119 - utils.logger2025-12-23-16.59.58 - INFO - Cur epoch 28 loss CE:0.0190 mse:0.0000 consistent:0.0000
2025-12-23 17:04:14,945 - utils.logger2025-12-23-16.59.58 - INFO - Cur epoch 28 loss CE:0.0088 mse:0.0000 consistent:0.0000
2025-12-23 17:04:15,865 - utils.logger2025-12-23-16.59.58 - INFO - Cur epoch 28 loss CE:0.0015 mse:0.0000 consistent:0.0000
2025-12-23 17:04:16,221 - utils.logger2025-12-23-16.59.58 - INFO - saving the model at the end of epoch 28, iters 2744
2025-12-23 17:04:16,383 - utils.logger2025-12-23-16.59.58 - INFO - End of training epoch 28 / 40 	 Time Taken: 8 sec
2025-12-23 17:04:16,383 - utils.logger2025-12-23-16.59.58 - INFO - learning rate = 0.0001143
2025-12-23 17:04:16,977 - utils.logger2025-12-23-16.59.58 - INFO - Val result of epoch 28 / 40 acc 0.8172 uar 0.5343 f1 0.5866
2025-12-23 17:04:17,538 - utils.logger2025-12-23-16.59.58 - INFO - Tst result of epoch 28 / 40 acc 0.6113 uar 0.6141 f1 0.5986
2025-12-23 17:04:18,127 - utils.logger2025-12-23-16.59.58 - INFO - Cur epoch 29 loss CE:0.0022 mse:0.0000 consistent:0.0000
2025-12-23 17:04:19,078 - utils.logger2025-12-23-16.59.58 - INFO - Cur epoch 29 loss CE:0.0019 mse:0.0000 consistent:0.0000
2025-12-23 17:04:20,005 - utils.logger2025-12-23-16.59.58 - INFO - Cur epoch 29 loss CE:0.0064 mse:0.0000 consistent:0.0000
2025-12-23 17:04:20,912 - utils.logger2025-12-23-16.59.58 - INFO - Cur epoch 29 loss CE:0.0219 mse:0.0000 consistent:0.0000
2025-12-23 17:04:21,814 - utils.logger2025-12-23-16.59.58 - INFO - Cur epoch 29 loss CE:0.2800 mse:0.0000 consistent:0.0000
2025-12-23 17:04:22,670 - utils.logger2025-12-23-16.59.58 - INFO - Cur epoch 29 loss CE:0.0005 mse:0.0000 consistent:0.0000
2025-12-23 17:04:23,452 - utils.logger2025-12-23-16.59.58 - INFO - Cur epoch 29 loss CE:0.0001 mse:0.0000 consistent:0.0000
2025-12-23 17:04:24,236 - utils.logger2025-12-23-16.59.58 - INFO - Cur epoch 29 loss CE:0.1555 mse:0.0000 consistent:0.0000
2025-12-23 17:04:25,192 - utils.logger2025-12-23-16.59.58 - INFO - Cur epoch 29 loss CE:0.0108 mse:0.0000 consistent:0.0000
2025-12-23 17:04:26,127 - utils.logger2025-12-23-16.59.58 - INFO - Cur epoch 29 loss CE:0.0057 mse:0.0000 consistent:0.0000
2025-12-23 17:04:26,291 - utils.logger2025-12-23-16.59.58 - INFO - saving the model at the end of epoch 29, iters 2842
2025-12-23 17:04:26,477 - utils.logger2025-12-23-16.59.58 - INFO - End of training epoch 29 / 40 	 Time Taken: 8 sec
2025-12-23 17:04:26,478 - utils.logger2025-12-23-16.59.58 - INFO - learning rate = 0.0001048
2025-12-23 17:04:27,098 - utils.logger2025-12-23-16.59.58 - INFO - Val result of epoch 29 / 40 acc 0.8089 uar 0.5449 f1 0.6044
2025-12-23 17:04:27,674 - utils.logger2025-12-23-16.59.58 - INFO - Tst result of epoch 29 / 40 acc 0.5935 uar 0.5962 f1 0.5747
2025-12-23 17:04:28,433 - utils.logger2025-12-23-16.59.58 - INFO - Cur epoch 30 loss CE:0.0173 mse:0.0000 consistent:0.0000
2025-12-23 17:04:29,344 - utils.logger2025-12-23-16.59.58 - INFO - Cur epoch 30 loss CE:0.0003 mse:0.0000 consistent:0.0000
2025-12-23 17:04:30,252 - utils.logger2025-12-23-16.59.58 - INFO - Cur epoch 30 loss CE:0.0004 mse:0.0000 consistent:0.0000
2025-12-23 17:04:31,182 - utils.logger2025-12-23-16.59.58 - INFO - Cur epoch 30 loss CE:0.0547 mse:0.0000 consistent:0.0000
2025-12-23 17:04:32,126 - utils.logger2025-12-23-16.59.58 - INFO - Cur epoch 30 loss CE:0.0011 mse:0.0000 consistent:0.0000
2025-12-23 17:04:33,057 - utils.logger2025-12-23-16.59.58 - INFO - Cur epoch 30 loss CE:0.0017 mse:0.0000 consistent:0.0000
2025-12-23 17:04:34,006 - utils.logger2025-12-23-16.59.58 - INFO - Cur epoch 30 loss CE:0.0017 mse:0.0000 consistent:0.0000
2025-12-23 17:04:34,929 - utils.logger2025-12-23-16.59.58 - INFO - Cur epoch 30 loss CE:0.0002 mse:0.0000 consistent:0.0000
2025-12-23 17:04:35,891 - utils.logger2025-12-23-16.59.58 - INFO - Cur epoch 30 loss CE:0.0003 mse:0.0000 consistent:0.0000
2025-12-23 17:04:36,715 - utils.logger2025-12-23-16.59.58 - INFO - Cur epoch 30 loss CE:0.0000 mse:0.0000 consistent:0.0000
2025-12-23 17:04:36,716 - utils.logger2025-12-23-16.59.58 - INFO - saving the model at the end of epoch 30, iters 2940
2025-12-23 17:04:36,855 - utils.logger2025-12-23-16.59.58 - INFO - End of training epoch 30 / 40 	 Time Taken: 9 sec
2025-12-23 17:04:36,855 - utils.logger2025-12-23-16.59.58 - INFO - learning rate = 0.0000952
2025-12-23 17:04:37,280 - utils.logger2025-12-23-16.59.58 - INFO - Val result of epoch 30 / 40 acc 0.7978 uar 0.5521 f1 0.5889
2025-12-23 17:04:37,648 - utils.logger2025-12-23-16.59.58 - INFO - Tst result of epoch 30 / 40 acc 0.6261 uar 0.6313 f1 0.6157
2025-12-23 17:04:38,468 - utils.logger2025-12-23-16.59.58 - INFO - Cur epoch 31 loss CE:0.0003 mse:0.0000 consistent:0.0000
2025-12-23 17:04:39,345 - utils.logger2025-12-23-16.59.58 - INFO - Cur epoch 31 loss CE:0.0001 mse:0.0000 consistent:0.0000
2025-12-23 17:04:40,226 - utils.logger2025-12-23-16.59.58 - INFO - Cur epoch 31 loss CE:0.0011 mse:0.0000 consistent:0.0000
2025-12-23 17:04:41,181 - utils.logger2025-12-23-16.59.58 - INFO - Cur epoch 31 loss CE:0.0218 mse:0.0000 consistent:0.0000
2025-12-23 17:04:42,103 - utils.logger2025-12-23-16.59.58 - INFO - Cur epoch 31 loss CE:0.0108 mse:0.0000 consistent:0.0000
2025-12-23 17:04:42,989 - utils.logger2025-12-23-16.59.58 - INFO - Cur epoch 31 loss CE:0.0011 mse:0.0000 consistent:0.0000
2025-12-23 17:04:43,948 - utils.logger2025-12-23-16.59.58 - INFO - Cur epoch 31 loss CE:0.0001 mse:0.0000 consistent:0.0000
2025-12-23 17:04:44,758 - utils.logger2025-12-23-16.59.58 - INFO - Cur epoch 31 loss CE:0.0001 mse:0.0000 consistent:0.0000
2025-12-23 17:04:45,558 - utils.logger2025-12-23-16.59.58 - INFO - Cur epoch 31 loss CE:0.0029 mse:0.0000 consistent:0.0000
2025-12-23 17:04:46,165 - utils.logger2025-12-23-16.59.58 - INFO - saving the model at the end of epoch 31, iters 3038
2025-12-23 17:04:46,290 - utils.logger2025-12-23-16.59.58 - INFO - End of training epoch 31 / 40 	 Time Taken: 8 sec
2025-12-23 17:04:46,290 - utils.logger2025-12-23-16.59.58 - INFO - learning rate = 0.0000857
2025-12-23 17:04:46,752 - utils.logger2025-12-23-16.59.58 - INFO - Val result of epoch 31 / 40 acc 0.8116 uar 0.6032 f1 0.6314
2025-12-23 17:04:47,170 - utils.logger2025-12-23-16.59.58 - INFO - Tst result of epoch 31 / 40 acc 0.5905 uar 0.6152 f1 0.5783
2025-12-23 17:04:47,318 - utils.logger2025-12-23-16.59.58 - INFO - Cur epoch 32 loss CE:0.0002 mse:0.0000 consistent:0.0000
2025-12-23 17:04:48,077 - utils.logger2025-12-23-16.59.58 - INFO - Cur epoch 32 loss CE:0.0289 mse:0.0000 consistent:0.0000
2025-12-23 17:04:48,870 - utils.logger2025-12-23-16.59.58 - INFO - Cur epoch 32 loss CE:0.0028 mse:0.0000 consistent:0.0000
2025-12-23 17:04:49,679 - utils.logger2025-12-23-16.59.58 - INFO - Cur epoch 32 loss CE:0.0131 mse:0.0000 consistent:0.0000
2025-12-23 17:04:50,581 - utils.logger2025-12-23-16.59.58 - INFO - Cur epoch 32 loss CE:0.0019 mse:0.0000 consistent:0.0000
2025-12-23 17:04:51,543 - utils.logger2025-12-23-16.59.58 - INFO - Cur epoch 32 loss CE:0.0016 mse:0.0000 consistent:0.0000
2025-12-23 17:04:52,414 - utils.logger2025-12-23-16.59.58 - INFO - Cur epoch 32 loss CE:0.0005 mse:0.0000 consistent:0.0000
2025-12-23 17:04:53,359 - utils.logger2025-12-23-16.59.58 - INFO - Cur epoch 32 loss CE:0.0001 mse:0.0000 consistent:0.0000
2025-12-23 17:04:54,310 - utils.logger2025-12-23-16.59.58 - INFO - Cur epoch 32 loss CE:0.0001 mse:0.0000 consistent:0.0000
2025-12-23 17:04:55,265 - utils.logger2025-12-23-16.59.58 - INFO - Cur epoch 32 loss CE:0.0004 mse:0.0000 consistent:0.0000
2025-12-23 17:04:55,845 - utils.logger2025-12-23-16.59.58 - INFO - saving the model at the end of epoch 32, iters 3136
2025-12-23 17:04:56,006 - utils.logger2025-12-23-16.59.58 - INFO - End of training epoch 32 / 40 	 Time Taken: 8 sec
2025-12-23 17:04:56,006 - utils.logger2025-12-23-16.59.58 - INFO - learning rate = 0.0000762
2025-12-23 17:04:56,630 - utils.logger2025-12-23-16.59.58 - INFO - Val result of epoch 32 / 40 acc 0.8006 uar 0.4544 f1 0.4957
2025-12-23 17:04:57,198 - utils.logger2025-12-23-16.59.58 - INFO - Tst result of epoch 32 / 40 acc 0.6083 uar 0.6028 f1 0.5792
2025-12-23 17:04:57,590 - utils.logger2025-12-23-16.59.58 - INFO - Cur epoch 33 loss CE:0.0004 mse:0.0000 consistent:0.0000
2025-12-23 17:04:58,556 - utils.logger2025-12-23-16.59.58 - INFO - Cur epoch 33 loss CE:0.0519 mse:0.0000 consistent:0.0000
2025-12-23 17:04:59,518 - utils.logger2025-12-23-16.59.58 - INFO - Cur epoch 33 loss CE:0.0118 mse:0.0000 consistent:0.0000
2025-12-23 17:05:00,481 - utils.logger2025-12-23-16.59.58 - INFO - Cur epoch 33 loss CE:0.0014 mse:0.0000 consistent:0.0000
2025-12-23 17:05:01,443 - utils.logger2025-12-23-16.59.58 - INFO - Cur epoch 33 loss CE:0.0007 mse:0.0000 consistent:0.0000
2025-12-23 17:05:02,352 - utils.logger2025-12-23-16.59.58 - INFO - Cur epoch 33 loss CE:0.0821 mse:0.0000 consistent:0.0000
2025-12-23 17:05:03,287 - utils.logger2025-12-23-16.59.58 - INFO - Cur epoch 33 loss CE:0.0001 mse:0.0000 consistent:0.0000
2025-12-23 17:05:04,182 - utils.logger2025-12-23-16.59.58 - INFO - Cur epoch 33 loss CE:0.0033 mse:0.0000 consistent:0.0000
2025-12-23 17:05:05,093 - utils.logger2025-12-23-16.59.58 - INFO - Cur epoch 33 loss CE:0.0001 mse:0.0000 consistent:0.0000
2025-12-23 17:05:05,953 - utils.logger2025-12-23-16.59.58 - INFO - Cur epoch 33 loss CE:0.0003 mse:0.0000 consistent:0.0000
2025-12-23 17:05:06,302 - utils.logger2025-12-23-16.59.58 - INFO - saving the model at the end of epoch 33, iters 3234
2025-12-23 17:05:06,476 - utils.logger2025-12-23-16.59.58 - INFO - End of training epoch 33 / 40 	 Time Taken: 9 sec
2025-12-23 17:05:06,476 - utils.logger2025-12-23-16.59.58 - INFO - learning rate = 0.0000667
2025-12-23 17:05:07,070 - utils.logger2025-12-23-16.59.58 - INFO - Val result of epoch 33 / 40 acc 0.7867 uar 0.4556 f1 0.4981
2025-12-23 17:05:07,614 - utils.logger2025-12-23-16.59.58 - INFO - Tst result of epoch 33 / 40 acc 0.5994 uar 0.6020 f1 0.5785
2025-12-23 17:05:08,178 - utils.logger2025-12-23-16.59.58 - INFO - Cur epoch 34 loss CE:0.0001 mse:0.0000 consistent:0.0000
2025-12-23 17:05:09,094 - utils.logger2025-12-23-16.59.58 - INFO - Cur epoch 34 loss CE:0.0012 mse:0.0000 consistent:0.0000
2025-12-23 17:05:09,927 - utils.logger2025-12-23-16.59.58 - INFO - Cur epoch 34 loss CE:0.0065 mse:0.0000 consistent:0.0000
2025-12-23 17:05:10,686 - utils.logger2025-12-23-16.59.58 - INFO - Cur epoch 34 loss CE:0.0001 mse:0.0000 consistent:0.0000
2025-12-23 17:05:11,439 - utils.logger2025-12-23-16.59.58 - INFO - Cur epoch 34 loss CE:0.0011 mse:0.0000 consistent:0.0000
2025-12-23 17:05:12,198 - utils.logger2025-12-23-16.59.58 - INFO - Cur epoch 34 loss CE:0.0000 mse:0.0000 consistent:0.0000
2025-12-23 17:05:12,975 - utils.logger2025-12-23-16.59.58 - INFO - Cur epoch 34 loss CE:0.0000 mse:0.0000 consistent:0.0000
2025-12-23 17:05:13,845 - utils.logger2025-12-23-16.59.58 - INFO - Cur epoch 34 loss CE:0.0001 mse:0.0000 consistent:0.0000
2025-12-23 17:05:14,762 - utils.logger2025-12-23-16.59.58 - INFO - Cur epoch 34 loss CE:0.0100 mse:0.0000 consistent:0.0000
2025-12-23 17:05:15,710 - utils.logger2025-12-23-16.59.58 - INFO - Cur epoch 34 loss CE:0.0005 mse:0.0000 consistent:0.0000
2025-12-23 17:05:15,854 - utils.logger2025-12-23-16.59.58 - INFO - saving the model at the end of epoch 34, iters 3332
2025-12-23 17:05:16,011 - utils.logger2025-12-23-16.59.58 - INFO - End of training epoch 34 / 40 	 Time Taken: 8 sec
2025-12-23 17:05:16,011 - utils.logger2025-12-23-16.59.58 - INFO - learning rate = 0.0000571
2025-12-23 17:05:16,583 - utils.logger2025-12-23-16.59.58 - INFO - Val result of epoch 34 / 40 acc 0.7950 uar 0.5262 f1 0.5435
2025-12-23 17:05:17,099 - utils.logger2025-12-23-16.59.58 - INFO - Tst result of epoch 34 / 40 acc 0.6172 uar 0.6334 f1 0.6109
2025-12-23 17:05:17,913 - utils.logger2025-12-23-16.59.58 - INFO - Cur epoch 35 loss CE:0.0287 mse:0.0000 consistent:0.0000
2025-12-23 17:05:18,867 - utils.logger2025-12-23-16.59.58 - INFO - Cur epoch 35 loss CE:0.0001 mse:0.0000 consistent:0.0000
2025-12-23 17:05:19,832 - utils.logger2025-12-23-16.59.58 - INFO - Cur epoch 35 loss CE:0.0000 mse:0.0000 consistent:0.0000
2025-12-23 17:05:20,876 - utils.logger2025-12-23-16.59.58 - INFO - Cur epoch 35 loss CE:0.0002 mse:0.0000 consistent:0.0000
2025-12-23 17:05:21,817 - utils.logger2025-12-23-16.59.58 - INFO - Cur epoch 35 loss CE:0.0125 mse:0.0000 consistent:0.0000
2025-12-23 17:05:22,714 - utils.logger2025-12-23-16.59.58 - INFO - Cur epoch 35 loss CE:0.0000 mse:0.0000 consistent:0.0000
2025-12-23 17:05:23,661 - utils.logger2025-12-23-16.59.58 - INFO - Cur epoch 35 loss CE:0.0044 mse:0.0000 consistent:0.0000
2025-12-23 17:05:24,611 - utils.logger2025-12-23-16.59.58 - INFO - Cur epoch 35 loss CE:0.0000 mse:0.0000 consistent:0.0000
2025-12-23 17:05:25,574 - utils.logger2025-12-23-16.59.58 - INFO - Cur epoch 35 loss CE:0.0002 mse:0.0000 consistent:0.0000
2025-12-23 17:05:26,471 - utils.logger2025-12-23-16.59.58 - INFO - Cur epoch 35 loss CE:0.0004 mse:0.0000 consistent:0.0000
2025-12-23 17:05:26,472 - utils.logger2025-12-23-16.59.58 - INFO - saving the model at the end of epoch 35, iters 3430
2025-12-23 17:05:26,645 - utils.logger2025-12-23-16.59.58 - INFO - End of training epoch 35 / 40 	 Time Taken: 9 sec
2025-12-23 17:05:26,645 - utils.logger2025-12-23-16.59.58 - INFO - learning rate = 0.0000476
2025-12-23 17:05:27,248 - utils.logger2025-12-23-16.59.58 - INFO - Val result of epoch 35 / 40 acc 0.8061 uar 0.5340 f1 0.5584
2025-12-23 17:05:27,790 - utils.logger2025-12-23-16.59.58 - INFO - Tst result of epoch 35 / 40 acc 0.5875 uar 0.6020 f1 0.5761
2025-12-23 17:05:28,738 - utils.logger2025-12-23-16.59.58 - INFO - Cur epoch 36 loss CE:0.0000 mse:0.0000 consistent:0.0000
2025-12-23 17:05:29,686 - utils.logger2025-12-23-16.59.58 - INFO - Cur epoch 36 loss CE:0.0002 mse:0.0000 consistent:0.0000
2025-12-23 17:05:30,616 - utils.logger2025-12-23-16.59.58 - INFO - Cur epoch 36 loss CE:0.0002 mse:0.0000 consistent:0.0000
2025-12-23 17:05:31,574 - utils.logger2025-12-23-16.59.58 - INFO - Cur epoch 36 loss CE:0.0001 mse:0.0000 consistent:0.0000
2025-12-23 17:05:32,496 - utils.logger2025-12-23-16.59.58 - INFO - Cur epoch 36 loss CE:0.0005 mse:0.0000 consistent:0.0000
2025-12-23 17:05:33,451 - utils.logger2025-12-23-16.59.58 - INFO - Cur epoch 36 loss CE:0.0001 mse:0.0000 consistent:0.0000
2025-12-23 17:05:34,404 - utils.logger2025-12-23-16.59.58 - INFO - Cur epoch 36 loss CE:0.2750 mse:0.0000 consistent:0.0000
2025-12-23 17:05:35,361 - utils.logger2025-12-23-16.59.58 - INFO - Cur epoch 36 loss CE:0.0022 mse:0.0000 consistent:0.0000
2025-12-23 17:05:36,287 - utils.logger2025-12-23-16.59.58 - INFO - Cur epoch 36 loss CE:0.0000 mse:0.0000 consistent:0.0000
2025-12-23 17:05:37,038 - utils.logger2025-12-23-16.59.58 - INFO - saving the model at the end of epoch 36, iters 3528
2025-12-23 17:05:37,217 - utils.logger2025-12-23-16.59.58 - INFO - End of training epoch 36 / 40 	 Time Taken: 9 sec
2025-12-23 17:05:37,217 - utils.logger2025-12-23-16.59.58 - INFO - learning rate = 0.0000381
2025-12-23 17:05:37,703 - utils.logger2025-12-23-16.59.58 - INFO - Val result of epoch 36 / 40 acc 0.7978 uar 0.5062 f1 0.5448
2025-12-23 17:05:38,143 - utils.logger2025-12-23-16.59.58 - INFO - Tst result of epoch 36 / 40 acc 0.6053 uar 0.6091 f1 0.5820
2025-12-23 17:05:38,302 - utils.logger2025-12-23-16.59.58 - INFO - Cur epoch 37 loss CE:0.0000 mse:0.0000 consistent:0.0000
2025-12-23 17:05:39,237 - utils.logger2025-12-23-16.59.58 - INFO - Cur epoch 37 loss CE:0.0001 mse:0.0000 consistent:0.0000
2025-12-23 17:05:40,070 - utils.logger2025-12-23-16.59.58 - INFO - Cur epoch 37 loss CE:0.0571 mse:0.0000 consistent:0.0000
2025-12-23 17:05:40,909 - utils.logger2025-12-23-16.59.58 - INFO - Cur epoch 37 loss CE:0.0000 mse:0.0000 consistent:0.0000
2025-12-23 17:05:41,840 - utils.logger2025-12-23-16.59.58 - INFO - Cur epoch 37 loss CE:0.0003 mse:0.0000 consistent:0.0000
2025-12-23 17:05:42,793 - utils.logger2025-12-23-16.59.58 - INFO - Cur epoch 37 loss CE:0.0001 mse:0.0000 consistent:0.0000
2025-12-23 17:05:43,755 - utils.logger2025-12-23-16.59.58 - INFO - Cur epoch 37 loss CE:0.0003 mse:0.0000 consistent:0.0000
2025-12-23 17:05:44,688 - utils.logger2025-12-23-16.59.58 - INFO - Cur epoch 37 loss CE:0.0002 mse:0.0000 consistent:0.0000
2025-12-23 17:05:45,592 - utils.logger2025-12-23-16.59.58 - INFO - Cur epoch 37 loss CE:0.0047 mse:0.0000 consistent:0.0000
2025-12-23 17:05:46,511 - utils.logger2025-12-23-16.59.58 - INFO - Cur epoch 37 loss CE:0.0000 mse:0.0000 consistent:0.0000
2025-12-23 17:05:47,098 - utils.logger2025-12-23-16.59.58 - INFO - saving the model at the end of epoch 37, iters 3626
2025-12-23 17:05:47,274 - utils.logger2025-12-23-16.59.58 - INFO - End of training epoch 37 / 40 	 Time Taken: 9 sec
2025-12-23 17:05:47,274 - utils.logger2025-12-23-16.59.58 - INFO - learning rate = 0.0000286
2025-12-23 17:05:47,884 - utils.logger2025-12-23-16.59.58 - INFO - Val result of epoch 37 / 40 acc 0.7922 uar 0.4988 f1 0.5339
2025-12-23 17:05:48,443 - utils.logger2025-12-23-16.59.58 - INFO - Tst result of epoch 37 / 40 acc 0.6142 uar 0.6161 f1 0.5962
2025-12-23 17:05:48,818 - utils.logger2025-12-23-16.59.58 - INFO - Cur epoch 38 loss CE:0.0002 mse:0.0000 consistent:0.0000
2025-12-23 17:05:49,752 - utils.logger2025-12-23-16.59.58 - INFO - Cur epoch 38 loss CE:0.0003 mse:0.0000 consistent:0.0000
2025-12-23 17:05:50,697 - utils.logger2025-12-23-16.59.58 - INFO - Cur epoch 38 loss CE:0.0245 mse:0.0000 consistent:0.0000
2025-12-23 17:05:51,600 - utils.logger2025-12-23-16.59.58 - INFO - Cur epoch 38 loss CE:0.0000 mse:0.0000 consistent:0.0000
2025-12-23 17:05:52,373 - utils.logger2025-12-23-16.59.58 - INFO - Cur epoch 38 loss CE:0.0001 mse:0.0000 consistent:0.0000
2025-12-23 17:05:53,151 - utils.logger2025-12-23-16.59.58 - INFO - Cur epoch 38 loss CE:0.0015 mse:0.0000 consistent:0.0000
2025-12-23 17:05:53,935 - utils.logger2025-12-23-16.59.58 - INFO - Cur epoch 38 loss CE:0.0000 mse:0.0000 consistent:0.0000
2025-12-23 17:05:54,798 - utils.logger2025-12-23-16.59.58 - INFO - Cur epoch 38 loss CE:0.0000 mse:0.0000 consistent:0.0000
2025-12-23 17:05:55,575 - utils.logger2025-12-23-16.59.58 - INFO - Cur epoch 38 loss CE:0.0003 mse:0.0000 consistent:0.0000
2025-12-23 17:05:56,327 - utils.logger2025-12-23-16.59.58 - INFO - Cur epoch 38 loss CE:0.0001 mse:0.0000 consistent:0.0000
2025-12-23 17:05:56,623 - utils.logger2025-12-23-16.59.58 - INFO - saving the model at the end of epoch 38, iters 3724
2025-12-23 17:05:56,759 - utils.logger2025-12-23-16.59.58 - INFO - End of training epoch 38 / 40 	 Time Taken: 8 sec
2025-12-23 17:05:56,759 - utils.logger2025-12-23-16.59.58 - INFO - learning rate = 0.0000190
2025-12-23 17:05:57,197 - utils.logger2025-12-23-16.59.58 - INFO - Val result of epoch 38 / 40 acc 0.8006 uar 0.5171 f1 0.5496
2025-12-23 17:05:57,615 - utils.logger2025-12-23-16.59.58 - INFO - Tst result of epoch 38 / 40 acc 0.6113 uar 0.6197 f1 0.5916
2025-12-23 17:05:58,069 - utils.logger2025-12-23-16.59.58 - INFO - Cur epoch 39 loss CE:0.0001 mse:0.0000 consistent:0.0000
2025-12-23 17:05:58,796 - utils.logger2025-12-23-16.59.58 - INFO - Cur epoch 39 loss CE:0.0166 mse:0.0000 consistent:0.0000
2025-12-23 17:05:59,530 - utils.logger2025-12-23-16.59.58 - INFO - Cur epoch 39 loss CE:0.0000 mse:0.0000 consistent:0.0000
2025-12-23 17:06:00,360 - utils.logger2025-12-23-16.59.58 - INFO - Cur epoch 39 loss CE:0.0015 mse:0.0000 consistent:0.0000
2025-12-23 17:06:01,206 - utils.logger2025-12-23-16.59.58 - INFO - Cur epoch 39 loss CE:0.1772 mse:0.0000 consistent:0.0000
2025-12-23 17:06:02,105 - utils.logger2025-12-23-16.59.58 - INFO - Cur epoch 39 loss CE:0.0003 mse:0.0000 consistent:0.0000
2025-12-23 17:06:02,999 - utils.logger2025-12-23-16.59.58 - INFO - Cur epoch 39 loss CE:0.0513 mse:0.0000 consistent:0.0000
2025-12-23 17:06:03,936 - utils.logger2025-12-23-16.59.58 - INFO - Cur epoch 39 loss CE:0.0003 mse:0.0000 consistent:0.0000
2025-12-23 17:06:04,940 - utils.logger2025-12-23-16.59.58 - INFO - Cur epoch 39 loss CE:0.0001 mse:0.0000 consistent:0.0000
2025-12-23 17:06:05,883 - utils.logger2025-12-23-16.59.58 - INFO - Cur epoch 39 loss CE:0.0000 mse:0.0000 consistent:0.0000
2025-12-23 17:06:06,059 - utils.logger2025-12-23-16.59.58 - INFO - saving the model at the end of epoch 39, iters 3822
2025-12-23 17:06:06,239 - utils.logger2025-12-23-16.59.58 - INFO - End of training epoch 39 / 40 	 Time Taken: 8 sec
2025-12-23 17:06:06,239 - utils.logger2025-12-23-16.59.58 - INFO - learning rate = 0.0000095
2025-12-23 17:06:06,836 - utils.logger2025-12-23-16.59.58 - INFO - Val result of epoch 39 / 40 acc 0.7950 uar 0.5452 f1 0.5765
2025-12-23 17:06:07,375 - utils.logger2025-12-23-16.59.58 - INFO - Tst result of epoch 39 / 40 acc 0.6083 uar 0.6321 f1 0.6003
2025-12-23 17:06:08,112 - utils.logger2025-12-23-16.59.58 - INFO - Cur epoch 40 loss CE:0.0001 mse:0.0000 consistent:0.0000
2025-12-23 17:06:09,056 - utils.logger2025-12-23-16.59.58 - INFO - Cur epoch 40 loss CE:0.0002 mse:0.0000 consistent:0.0000
2025-12-23 17:06:10,000 - utils.logger2025-12-23-16.59.58 - INFO - Cur epoch 40 loss CE:0.0007 mse:0.0000 consistent:0.0000
2025-12-23 17:06:10,845 - utils.logger2025-12-23-16.59.58 - INFO - Cur epoch 40 loss CE:0.0001 mse:0.0000 consistent:0.0000
2025-12-23 17:06:11,600 - utils.logger2025-12-23-16.59.58 - INFO - Cur epoch 40 loss CE:0.0000 mse:0.0000 consistent:0.0000
2025-12-23 17:06:12,387 - utils.logger2025-12-23-16.59.58 - INFO - Cur epoch 40 loss CE:0.0003 mse:0.0000 consistent:0.0000
2025-12-23 17:06:13,195 - utils.logger2025-12-23-16.59.58 - INFO - Cur epoch 40 loss CE:0.0000 mse:0.0000 consistent:0.0000
2025-12-23 17:06:14,093 - utils.logger2025-12-23-16.59.58 - INFO - Cur epoch 40 loss CE:0.0001 mse:0.0000 consistent:0.0000
2025-12-23 17:06:15,013 - utils.logger2025-12-23-16.59.58 - INFO - Cur epoch 40 loss CE:0.2771 mse:0.0000 consistent:0.0000
2025-12-23 17:06:15,836 - utils.logger2025-12-23-16.59.58 - INFO - Cur epoch 40 loss CE:0.0001 mse:0.0000 consistent:0.0000
2025-12-23 17:06:15,836 - utils.logger2025-12-23-16.59.58 - INFO - saving the model at the end of epoch 40, iters 3920
2025-12-23 17:06:15,973 - utils.logger2025-12-23-16.59.58 - INFO - End of training epoch 40 / 40 	 Time Taken: 8 sec
2025-12-23 17:06:15,974 - utils.logger2025-12-23-16.59.58 - INFO - learning rate = 0.0000000
2025-12-23 17:06:16,540 - utils.logger2025-12-23-16.59.58 - INFO - Val result of epoch 40 / 40 acc 0.8006 uar 0.5171 f1 0.5496
2025-12-23 17:06:17,067 - utils.logger2025-12-23-16.59.58 - INFO - Tst result of epoch 40 / 40 acc 0.6142 uar 0.6241 f1 0.5989
2025-12-23 17:06:17,067 - utils.logger2025-12-23-16.59.58 - INFO - Best eval epoch 20 found with f1 0.642832
2025-12-23 17:06:17,068 - utils.logger2025-12-23-16.59.58 - INFO - -------------------------------------------------------
2025-12-23 17:06:17,068 - utils.logger2025-12-23-16.59.58 - INFO - Starting Robustness Analysis (Simulating Missing Modalities)
2025-12-23 17:06:17,068 - utils.logger2025-12-23-16.59.58 - INFO - -------------------------------------------------------
2025-12-23 17:06:17,068 - utils.logger2025-12-23-16.59.58 - INFO - Loading best model found on val set: epoch-20
2025-12-23 17:06:17,682 - utils.logger2025-12-23-16.59.58 - INFO - Scenario        | Acc (WA)   | UAR (UA)   | F1        
2025-12-23 17:06:17,682 - utils.logger2025-12-23-16.59.58 - INFO - -------------------------------------------------------
2025-12-23 17:06:18,256 - utils.logger2025-12-23-16.59.58 - INFO - {a} (azz)       | 0.6172     | 0.6552     | 0.6255    
2025-12-23 17:06:18,593 - utils.logger2025-12-23-16.59.58 - INFO - {v} (zvz)       | 0.6083     | 0.6603     | 0.6201    
2025-12-23 17:06:18,926 - utils.logger2025-12-23-16.59.58 - INFO - {t} (zzl)       | 0.6024     | 0.6507     | 0.6110    
2025-12-23 17:06:19,262 - utils.logger2025-12-23-16.59.58 - INFO - {a,v} (avz)     | 0.6261     | 0.6682     | 0.6376    
2025-12-23 17:06:19,595 - utils.logger2025-12-23-16.59.58 - INFO - {a,t} (azl)     | 0.6261     | 0.6626     | 0.6330    
2025-12-23 17:06:19,919 - utils.logger2025-12-23-16.59.58 - INFO - {v,t} (zvl)     | 0.6202     | 0.6622     | 0.6275    
2025-12-23 17:06:20,254 - utils.logger2025-12-23-16.59.58 - INFO - {a,v,t} (All)   | 0.6350     | 0.6699     | 0.6428    
2025-12-23 17:06:20,254 - utils.logger2025-12-23-16.59.58 - INFO - -------------------------------------------------------
