2026-03-03 20:19:41,908 - utils.logger2026-03-03-20.19.35 - INFO - The number of training samples = 1750
2026-03-03 20:19:41,908 - utils.logger2026-03-03-20.19.35 - INFO - The number of testing samples = 1344
2026-03-03 20:19:44,536 - utils.logger2026-03-03-20.19.35 - INFO - Cur epoch 1 loss CE:2.8759 mse:5.4858 consistent:4.7387
2026-03-03 20:19:45,123 - utils.logger2026-03-03-20.19.35 - INFO - Cur epoch 1 loss CE:2.6492 mse:1.8546 consistent:4.3066
2026-03-03 20:19:45,741 - utils.logger2026-03-03-20.19.35 - INFO - saving the model at the end of epoch 1, iters 28
2026-03-03 20:19:45,863 - utils.logger2026-03-03-20.19.35 - INFO - End of training epoch 1 / 40 	 Time Taken: 3 sec
2026-03-03 20:19:45,863 - utils.logger2026-03-03-20.19.35 - INFO - learning rate = 0.0002000
2026-03-03 20:19:47,710 - utils.logger2026-03-03-20.19.35 - INFO - Val result of epoch 1 / 40 mae 1.3084 corr 0.2849 f1 0.5953
2026-03-03 20:19:49,553 - utils.logger2026-03-03-20.19.35 - INFO - Tst result of epoch 1 / 40 mae 1.3284 corr 0.3002 f1 0.5826
2026-03-03 20:19:50,717 - utils.logger2026-03-03-20.19.35 - INFO - Cur epoch 2 loss CE:2.3899 mse:1.4414 consistent:4.4587
2026-03-03 20:19:51,312 - utils.logger2026-03-03-20.19.35 - INFO - Cur epoch 2 loss CE:2.4569 mse:0.8895 consistent:4.2495
2026-03-03 20:19:51,879 - utils.logger2026-03-03-20.19.35 - INFO - Cur epoch 2 loss CE:2.7363 mse:1.0095 consistent:4.0173
2026-03-03 20:19:52,385 - utils.logger2026-03-03-20.19.35 - INFO - saving the model at the end of epoch 2, iters 56
2026-03-03 20:19:52,525 - utils.logger2026-03-03-20.19.35 - INFO - End of training epoch 2 / 40 	 Time Taken: 2 sec
2026-03-03 20:19:52,525 - utils.logger2026-03-03-20.19.35 - INFO - learning rate = 0.0002000
2026-03-03 20:19:54,325 - utils.logger2026-03-03-20.19.35 - INFO - Val result of epoch 2 / 40 mae 1.2894 corr 0.3597 f1 0.6002
2026-03-03 20:19:56,112 - utils.logger2026-03-03-20.19.35 - INFO - Tst result of epoch 2 / 40 mae 1.2937 corr 0.4240 f1 0.6232
2026-03-03 20:19:57,404 - utils.logger2026-03-03-20.19.35 - INFO - Cur epoch 3 loss CE:2.8231 mse:0.7329 consistent:3.6584
2026-03-03 20:19:57,976 - utils.logger2026-03-03-20.19.35 - INFO - Cur epoch 3 loss CE:2.0266 mse:0.6950 consistent:3.3011
2026-03-03 20:19:58,564 - utils.logger2026-03-03-20.19.35 - INFO - Cur epoch 3 loss CE:2.0658 mse:0.6597 consistent:3.4271
2026-03-03 20:19:58,956 - utils.logger2026-03-03-20.19.35 - INFO - saving the model at the end of epoch 3, iters 84
2026-03-03 20:19:59,081 - utils.logger2026-03-03-20.19.35 - INFO - End of training epoch 3 / 40 	 Time Taken: 2 sec
2026-03-03 20:19:59,081 - utils.logger2026-03-03-20.19.35 - INFO - learning rate = 0.0002000
2026-03-03 20:20:00,916 - utils.logger2026-03-03-20.19.35 - INFO - Val result of epoch 3 / 40 mae 1.2599 corr 0.3546 f1 0.6207
2026-03-03 20:20:02,725 - utils.logger2026-03-03-20.19.35 - INFO - Tst result of epoch 3 / 40 mae 1.2648 corr 0.4250 f1 0.6442
2026-03-03 20:20:04,149 - utils.logger2026-03-03-20.19.35 - INFO - Cur epoch 4 loss CE:2.4829 mse:0.5289 consistent:3.0952
2026-03-03 20:20:04,740 - utils.logger2026-03-03-20.19.35 - INFO - Cur epoch 4 loss CE:2.1836 mse:0.5782 consistent:2.8770
2026-03-03 20:20:05,318 - utils.logger2026-03-03-20.19.35 - INFO - Cur epoch 4 loss CE:1.9986 mse:0.5534 consistent:2.7736
2026-03-03 20:20:05,582 - utils.logger2026-03-03-20.19.35 - INFO - saving the model at the end of epoch 4, iters 112
2026-03-03 20:20:05,710 - utils.logger2026-03-03-20.19.35 - INFO - End of training epoch 4 / 40 	 Time Taken: 2 sec
2026-03-03 20:20:05,710 - utils.logger2026-03-03-20.19.35 - INFO - learning rate = 0.0002000
2026-03-03 20:20:07,542 - utils.logger2026-03-03-20.19.35 - INFO - Val result of epoch 4 / 40 mae 1.2179 corr 0.3842 f1 0.6319
2026-03-03 20:20:09,328 - utils.logger2026-03-03-20.19.35 - INFO - Tst result of epoch 4 / 40 mae 1.2024 corr 0.4592 f1 0.6432
2026-03-03 20:20:10,793 - utils.logger2026-03-03-20.19.35 - INFO - Cur epoch 5 loss CE:2.1020 mse:0.5218 consistent:2.6452
2026-03-03 20:20:11,302 - utils.logger2026-03-03-20.19.35 - INFO - Cur epoch 5 loss CE:2.0970 mse:0.7023 consistent:2.5056
2026-03-03 20:20:11,932 - utils.logger2026-03-03-20.19.35 - INFO - Cur epoch 5 loss CE:2.3467 mse:0.5886 consistent:2.1904
2026-03-03 20:20:12,082 - utils.logger2026-03-03-20.19.35 - INFO - saving the model at the end of epoch 5, iters 140
2026-03-03 20:20:12,207 - utils.logger2026-03-03-20.19.35 - INFO - End of training epoch 5 / 40 	 Time Taken: 2 sec
2026-03-03 20:20:12,207 - utils.logger2026-03-03-20.19.35 - INFO - learning rate = 0.0002000
2026-03-03 20:20:13,958 - utils.logger2026-03-03-20.19.35 - INFO - Val result of epoch 5 / 40 mae 1.2205 corr 0.3836 f1 0.6375
2026-03-03 20:20:15,768 - utils.logger2026-03-03-20.19.35 - INFO - Tst result of epoch 5 / 40 mae 1.1970 corr 0.4684 f1 0.6541
2026-03-03 20:20:17,404 - utils.logger2026-03-03-20.19.35 - INFO - Cur epoch 6 loss CE:1.8792 mse:0.5470 consistent:1.6447
2026-03-03 20:20:17,944 - utils.logger2026-03-03-20.19.35 - INFO - Cur epoch 6 loss CE:2.2848 mse:0.5249 consistent:1.2690
2026-03-03 20:20:18,526 - utils.logger2026-03-03-20.19.35 - INFO - saving the model at the end of epoch 6, iters 168
2026-03-03 20:20:18,668 - utils.logger2026-03-03-20.19.35 - INFO - End of training epoch 6 / 40 	 Time Taken: 2 sec
2026-03-03 20:20:18,668 - utils.logger2026-03-03-20.19.35 - INFO - learning rate = 0.0002000
2026-03-03 20:20:20,436 - utils.logger2026-03-03-20.19.35 - INFO - Val result of epoch 6 / 40 mae 1.2009 corr 0.3942 f1 0.6733
2026-03-03 20:20:22,194 - utils.logger2026-03-03-20.19.35 - INFO - Tst result of epoch 6 / 40 mae 1.1685 corr 0.4713 f1 0.6725
2026-03-03 20:20:23,378 - utils.logger2026-03-03-20.19.35 - INFO - Cur epoch 7 loss CE:1.4320 mse:0.3852 consistent:1.2637
2026-03-03 20:20:23,943 - utils.logger2026-03-03-20.19.35 - INFO - Cur epoch 7 loss CE:2.0674 mse:0.5396 consistent:1.1211
2026-03-03 20:20:24,497 - utils.logger2026-03-03-20.19.35 - INFO - Cur epoch 7 loss CE:1.9565 mse:0.4157 consistent:0.9539
2026-03-03 20:20:24,954 - utils.logger2026-03-03-20.19.35 - INFO - saving the model at the end of epoch 7, iters 196
2026-03-03 20:20:25,083 - utils.logger2026-03-03-20.19.35 - INFO - End of training epoch 7 / 40 	 Time Taken: 2 sec
2026-03-03 20:20:25,083 - utils.logger2026-03-03-20.19.35 - INFO - learning rate = 0.0002000
2026-03-03 20:20:26,842 - utils.logger2026-03-03-20.19.35 - INFO - Val result of epoch 7 / 40 mae 1.1888 corr 0.3974 f1 0.6804
2026-03-03 20:20:28,554 - utils.logger2026-03-03-20.19.35 - INFO - Tst result of epoch 7 / 40 mae 1.1560 corr 0.4782 f1 0.7020
2026-03-03 20:20:29,789 - utils.logger2026-03-03-20.19.35 - INFO - Cur epoch 8 loss CE:1.5987 mse:0.4227 consistent:0.9758
2026-03-03 20:20:30,328 - utils.logger2026-03-03-20.19.35 - INFO - Cur epoch 8 loss CE:1.6519 mse:0.3934 consistent:0.8506
2026-03-03 20:20:30,946 - utils.logger2026-03-03-20.19.35 - INFO - Cur epoch 8 loss CE:2.1917 mse:0.4623 consistent:0.7769
2026-03-03 20:20:31,334 - utils.logger2026-03-03-20.19.35 - INFO - saving the model at the end of epoch 8, iters 224
2026-03-03 20:20:31,456 - utils.logger2026-03-03-20.19.35 - INFO - End of training epoch 8 / 40 	 Time Taken: 2 sec
2026-03-03 20:20:31,456 - utils.logger2026-03-03-20.19.35 - INFO - learning rate = 0.0002000
2026-03-03 20:20:33,236 - utils.logger2026-03-03-20.19.35 - INFO - Val result of epoch 8 / 40 mae 1.2175 corr 0.3964 f1 0.6280
2026-03-03 20:20:35,041 - utils.logger2026-03-03-20.19.35 - INFO - Tst result of epoch 8 / 40 mae 1.1966 corr 0.4730 f1 0.6403
2026-03-03 20:20:36,478 - utils.logger2026-03-03-20.19.35 - INFO - Cur epoch 9 loss CE:1.8608 mse:0.5140 consistent:0.8926
2026-03-03 20:20:37,084 - utils.logger2026-03-03-20.19.35 - INFO - Cur epoch 9 loss CE:1.6299 mse:0.3836 consistent:0.8208
2026-03-03 20:20:37,659 - utils.logger2026-03-03-20.19.35 - INFO - Cur epoch 9 loss CE:1.7773 mse:0.4330 consistent:0.8041
2026-03-03 20:20:37,927 - utils.logger2026-03-03-20.19.35 - INFO - saving the model at the end of epoch 9, iters 252
2026-03-03 20:20:38,069 - utils.logger2026-03-03-20.19.35 - INFO - End of training epoch 9 / 40 	 Time Taken: 3 sec
2026-03-03 20:20:38,070 - utils.logger2026-03-03-20.19.35 - INFO - learning rate = 0.0002000
2026-03-03 20:20:39,912 - utils.logger2026-03-03-20.19.35 - INFO - Val result of epoch 9 / 40 mae 1.2004 corr 0.4075 f1 0.6120
2026-03-03 20:20:41,723 - utils.logger2026-03-03-20.19.35 - INFO - Tst result of epoch 9 / 40 mae 1.1751 corr 0.4826 f1 0.6359
2026-03-03 20:20:43,222 - utils.logger2026-03-03-20.19.35 - INFO - Cur epoch 10 loss CE:1.6998 mse:0.3735 consistent:0.7810
2026-03-03 20:20:43,829 - utils.logger2026-03-03-20.19.35 - INFO - Cur epoch 10 loss CE:1.3401 mse:0.4010 consistent:0.8545
2026-03-03 20:20:44,455 - utils.logger2026-03-03-20.19.35 - INFO - Cur epoch 10 loss CE:2.1391 mse:0.3617 consistent:0.7534
2026-03-03 20:20:44,617 - utils.logger2026-03-03-20.19.35 - INFO - saving the model at the end of epoch 10, iters 280
2026-03-03 20:20:44,753 - utils.logger2026-03-03-20.19.35 - INFO - End of training epoch 10 / 40 	 Time Taken: 3 sec
2026-03-03 20:20:44,754 - utils.logger2026-03-03-20.19.35 - INFO - learning rate = 0.0002000
2026-03-03 20:20:46,623 - utils.logger2026-03-03-20.19.35 - INFO - Val result of epoch 10 / 40 mae 1.1837 corr 0.4061 f1 0.6213
2026-03-03 20:20:48,448 - utils.logger2026-03-03-20.19.35 - INFO - Tst result of epoch 10 / 40 mae 1.1524 corr 0.4772 f1 0.6188
2026-03-03 20:20:50,147 - utils.logger2026-03-03-20.19.35 - INFO - Cur epoch 11 loss CE:1.8687 mse:0.4217 consistent:0.7620
2026-03-03 20:20:50,704 - utils.logger2026-03-03-20.19.35 - INFO - Cur epoch 11 loss CE:1.2951 mse:0.4052 consistent:0.8065
2026-03-03 20:20:51,274 - utils.logger2026-03-03-20.19.35 - INFO - saving the model at the end of epoch 11, iters 308
2026-03-03 20:20:51,396 - utils.logger2026-03-03-20.19.35 - INFO - End of training epoch 11 / 40 	 Time Taken: 2 sec
2026-03-03 20:20:51,396 - utils.logger2026-03-03-20.19.35 - INFO - learning rate = 0.0002000
2026-03-03 20:20:53,162 - utils.logger2026-03-03-20.19.35 - INFO - Val result of epoch 11 / 40 mae 1.2348 corr 0.3924 f1 0.5993
2026-03-03 20:20:55,025 - utils.logger2026-03-03-20.19.35 - INFO - Tst result of epoch 11 / 40 mae 1.2186 corr 0.4721 f1 0.6214
2026-03-03 20:20:56,306 - utils.logger2026-03-03-20.19.35 - INFO - Cur epoch 12 loss CE:1.8089 mse:0.4420 consistent:0.7837
2026-03-03 20:20:57,030 - utils.logger2026-03-03-20.19.35 - INFO - Cur epoch 12 loss CE:1.7209 mse:0.3818 consistent:0.7152
2026-03-03 20:20:57,679 - utils.logger2026-03-03-20.19.35 - INFO - Cur epoch 12 loss CE:1.7820 mse:0.3911 consistent:0.7216
2026-03-03 20:20:58,217 - utils.logger2026-03-03-20.19.35 - INFO - saving the model at the end of epoch 12, iters 336
2026-03-03 20:20:58,353 - utils.logger2026-03-03-20.19.35 - INFO - End of training epoch 12 / 40 	 Time Taken: 3 sec
2026-03-03 20:20:58,353 - utils.logger2026-03-03-20.19.35 - INFO - learning rate = 0.0002000
2026-03-03 20:21:00,216 - utils.logger2026-03-03-20.19.35 - INFO - Val result of epoch 12 / 40 mae 1.1846 corr 0.4169 f1 0.6356
2026-03-03 20:21:02,008 - utils.logger2026-03-03-20.19.35 - INFO - Tst result of epoch 12 / 40 mae 1.1665 corr 0.4797 f1 0.6192
2026-03-03 20:21:03,340 - utils.logger2026-03-03-20.19.35 - INFO - Cur epoch 13 loss CE:1.4526 mse:0.4904 consistent:0.7888
2026-03-03 20:21:03,958 - utils.logger2026-03-03-20.19.35 - INFO - Cur epoch 13 loss CE:1.9005 mse:0.4221 consistent:0.8139
2026-03-03 20:21:04,582 - utils.logger2026-03-03-20.19.35 - INFO - Cur epoch 13 loss CE:1.8470 mse:0.4877 consistent:0.8485
2026-03-03 20:21:05,003 - utils.logger2026-03-03-20.19.35 - INFO - saving the model at the end of epoch 13, iters 364
2026-03-03 20:21:05,147 - utils.logger2026-03-03-20.19.35 - INFO - End of training epoch 13 / 40 	 Time Taken: 3 sec
2026-03-03 20:21:05,147 - utils.logger2026-03-03-20.19.35 - INFO - learning rate = 0.0002000
2026-03-03 20:21:07,028 - utils.logger2026-03-03-20.19.35 - INFO - Val result of epoch 13 / 40 mae 1.1784 corr 0.4200 f1 0.6445
2026-03-03 20:21:08,816 - utils.logger2026-03-03-20.19.35 - INFO - Tst result of epoch 13 / 40 mae 1.1557 corr 0.4768 f1 0.6517
2026-03-03 20:21:10,183 - utils.logger2026-03-03-20.19.35 - INFO - Cur epoch 14 loss CE:2.0730 mse:0.5032 consistent:0.7461
2026-03-03 20:21:10,707 - utils.logger2026-03-03-20.19.35 - INFO - Cur epoch 14 loss CE:1.5936 mse:0.4218 consistent:0.7477
2026-03-03 20:21:11,242 - utils.logger2026-03-03-20.19.35 - INFO - Cur epoch 14 loss CE:1.8410 mse:0.3607 consistent:0.7406
2026-03-03 20:21:11,500 - utils.logger2026-03-03-20.19.35 - INFO - saving the model at the end of epoch 14, iters 392
2026-03-03 20:21:11,630 - utils.logger2026-03-03-20.19.35 - INFO - End of training epoch 14 / 40 	 Time Taken: 2 sec
2026-03-03 20:21:11,630 - utils.logger2026-03-03-20.19.35 - INFO - learning rate = 0.0002000
2026-03-03 20:21:13,433 - utils.logger2026-03-03-20.19.35 - INFO - Val result of epoch 14 / 40 mae 1.1715 corr 0.4081 f1 0.6827
2026-03-03 20:21:15,218 - utils.logger2026-03-03-20.19.35 - INFO - Tst result of epoch 14 / 40 mae 1.1397 corr 0.4657 f1 0.6700
2026-03-03 20:21:16,702 - utils.logger2026-03-03-20.19.35 - INFO - Cur epoch 15 loss CE:1.4207 mse:0.4187 consistent:0.7457
2026-03-03 20:21:17,314 - utils.logger2026-03-03-20.19.35 - INFO - Cur epoch 15 loss CE:1.4928 mse:0.3725 consistent:0.7504
2026-03-03 20:21:17,889 - utils.logger2026-03-03-20.19.35 - INFO - Cur epoch 15 loss CE:1.9059 mse:0.4706 consistent:0.7249
2026-03-03 20:21:18,038 - utils.logger2026-03-03-20.19.35 - INFO - saving the model at the end of epoch 15, iters 420
2026-03-03 20:21:18,167 - utils.logger2026-03-03-20.19.35 - INFO - End of training epoch 15 / 40 	 Time Taken: 2 sec
2026-03-03 20:21:18,167 - utils.logger2026-03-03-20.19.35 - INFO - learning rate = 0.0002000
2026-03-03 20:21:19,957 - utils.logger2026-03-03-20.19.35 - INFO - Val result of epoch 15 / 40 mae 1.2046 corr 0.4162 f1 0.6504
2026-03-03 20:21:21,726 - utils.logger2026-03-03-20.19.35 - INFO - Tst result of epoch 15 / 40 mae 1.1930 corr 0.4810 f1 0.6463
2026-03-03 20:21:23,302 - utils.logger2026-03-03-20.19.35 - INFO - Cur epoch 16 loss CE:1.6677 mse:0.4323 consistent:0.7303
2026-03-03 20:21:23,865 - utils.logger2026-03-03-20.19.35 - INFO - Cur epoch 16 loss CE:2.0673 mse:0.4562 consistent:0.6687
2026-03-03 20:21:24,421 - utils.logger2026-03-03-20.19.35 - INFO - saving the model at the end of epoch 16, iters 448
2026-03-03 20:21:24,547 - utils.logger2026-03-03-20.19.35 - INFO - End of training epoch 16 / 40 	 Time Taken: 2 sec
2026-03-03 20:21:24,547 - utils.logger2026-03-03-20.19.35 - INFO - learning rate = 0.0002000
2026-03-03 20:21:26,313 - utils.logger2026-03-03-20.19.35 - INFO - Val result of epoch 16 / 40 mae 1.1804 corr 0.4156 f1 0.6359
2026-03-03 20:21:28,076 - utils.logger2026-03-03-20.19.35 - INFO - Tst result of epoch 16 / 40 mae 1.1567 corr 0.4778 f1 0.6459
2026-03-03 20:21:29,260 - utils.logger2026-03-03-20.19.35 - INFO - Cur epoch 17 loss CE:1.9970 mse:0.3325 consistent:0.6669
2026-03-03 20:21:29,795 - utils.logger2026-03-03-20.19.35 - INFO - Cur epoch 17 loss CE:1.7500 mse:0.4524 consistent:0.7355
2026-03-03 20:21:30,314 - utils.logger2026-03-03-20.19.35 - INFO - Cur epoch 17 loss CE:1.5460 mse:0.3764 consistent:0.7203
2026-03-03 20:21:30,771 - utils.logger2026-03-03-20.19.35 - INFO - saving the model at the end of epoch 17, iters 476
2026-03-03 20:21:30,896 - utils.logger2026-03-03-20.19.35 - INFO - End of training epoch 17 / 40 	 Time Taken: 2 sec
2026-03-03 20:21:30,896 - utils.logger2026-03-03-20.19.35 - INFO - learning rate = 0.0002000
2026-03-03 20:21:32,665 - utils.logger2026-03-03-20.19.35 - INFO - Val result of epoch 17 / 40 mae 1.1782 corr 0.4278 f1 0.6248
2026-03-03 20:21:34,469 - utils.logger2026-03-03-20.19.35 - INFO - Tst result of epoch 17 / 40 mae 1.1606 corr 0.4846 f1 0.6344
2026-03-03 20:21:35,798 - utils.logger2026-03-03-20.19.35 - INFO - Cur epoch 18 loss CE:1.9476 mse:0.4370 consistent:0.6597
2026-03-03 20:21:36,395 - utils.logger2026-03-03-20.19.35 - INFO - Cur epoch 18 loss CE:1.6778 mse:0.4215 consistent:0.7845
2026-03-03 20:21:36,963 - utils.logger2026-03-03-20.19.35 - INFO - Cur epoch 18 loss CE:1.4109 mse:0.4242 consistent:0.7297
2026-03-03 20:21:37,320 - utils.logger2026-03-03-20.19.35 - INFO - saving the model at the end of epoch 18, iters 504
2026-03-03 20:21:37,455 - utils.logger2026-03-03-20.19.35 - INFO - End of training epoch 18 / 40 	 Time Taken: 2 sec
2026-03-03 20:21:37,455 - utils.logger2026-03-03-20.19.35 - INFO - learning rate = 0.0002000
2026-03-03 20:21:39,243 - utils.logger2026-03-03-20.19.35 - INFO - Val result of epoch 18 / 40 mae 1.1753 corr 0.4139 f1 0.6643
2026-03-03 20:21:41,097 - utils.logger2026-03-03-20.19.35 - INFO - Tst result of epoch 18 / 40 mae 1.1499 corr 0.4718 f1 0.6649
2026-03-03 20:21:42,534 - utils.logger2026-03-03-20.19.35 - INFO - Cur epoch 19 loss CE:1.0094 mse:0.3530 consistent:0.6758
2026-03-03 20:21:43,123 - utils.logger2026-03-03-20.19.35 - INFO - Cur epoch 19 loss CE:1.1755 mse:0.4298 consistent:0.6601
2026-03-03 20:21:43,682 - utils.logger2026-03-03-20.19.35 - INFO - Cur epoch 19 loss CE:1.3996 mse:0.3571 consistent:0.7166
2026-03-03 20:21:43,942 - utils.logger2026-03-03-20.19.35 - INFO - saving the model at the end of epoch 19, iters 532
2026-03-03 20:21:44,084 - utils.logger2026-03-03-20.19.35 - INFO - End of training epoch 19 / 40 	 Time Taken: 2 sec
2026-03-03 20:21:44,084 - utils.logger2026-03-03-20.19.35 - INFO - learning rate = 0.0002000
2026-03-03 20:21:45,948 - utils.logger2026-03-03-20.19.35 - INFO - Val result of epoch 19 / 40 mae 1.1888 corr 0.4201 f1 0.6374
2026-03-03 20:21:47,729 - utils.logger2026-03-03-20.19.35 - INFO - Tst result of epoch 19 / 40 mae 1.1675 corr 0.4813 f1 0.6297
2026-03-03 20:21:49,249 - utils.logger2026-03-03-20.19.35 - INFO - Cur epoch 20 loss CE:1.6530 mse:0.3991 consistent:0.6490
2026-03-03 20:21:49,884 - utils.logger2026-03-03-20.19.35 - INFO - Cur epoch 20 loss CE:1.1495 mse:0.3812 consistent:0.7051
2026-03-03 20:21:50,499 - utils.logger2026-03-03-20.19.35 - INFO - Cur epoch 20 loss CE:1.5702 mse:0.3083 consistent:0.6683
2026-03-03 20:21:50,643 - utils.logger2026-03-03-20.19.35 - INFO - saving the model at the end of epoch 20, iters 560
2026-03-03 20:21:50,777 - utils.logger2026-03-03-20.19.35 - INFO - End of training epoch 20 / 40 	 Time Taken: 3 sec
2026-03-03 20:21:50,778 - utils.logger2026-03-03-20.19.35 - INFO - learning rate = 0.0001905
2026-03-03 20:21:52,568 - utils.logger2026-03-03-20.19.35 - INFO - Val result of epoch 20 / 40 mae 1.1728 corr 0.4264 f1 0.6832
2026-03-03 20:21:54,415 - utils.logger2026-03-03-20.19.35 - INFO - Tst result of epoch 20 / 40 mae 1.1517 corr 0.4818 f1 0.6724
2026-03-03 20:21:56,154 - utils.logger2026-03-03-20.19.35 - INFO - Cur epoch 21 loss CE:1.5748 mse:0.4395 consistent:0.6966
2026-03-03 20:21:56,762 - utils.logger2026-03-03-20.19.35 - INFO - Cur epoch 21 loss CE:1.2293 mse:0.3253 consistent:0.6381
2026-03-03 20:21:57,406 - utils.logger2026-03-03-20.19.35 - INFO - saving the model at the end of epoch 21, iters 588
2026-03-03 20:21:57,529 - utils.logger2026-03-03-20.19.35 - INFO - End of training epoch 21 / 40 	 Time Taken: 3 sec
2026-03-03 20:21:57,529 - utils.logger2026-03-03-20.19.35 - INFO - learning rate = 0.0001810
2026-03-03 20:21:59,345 - utils.logger2026-03-03-20.19.35 - INFO - Val result of epoch 21 / 40 mae 1.1958 corr 0.4198 f1 0.6256
2026-03-03 20:22:01,237 - utils.logger2026-03-03-20.19.35 - INFO - Tst result of epoch 21 / 40 mae 1.1822 corr 0.4772 f1 0.6380
2026-03-03 20:22:02,382 - utils.logger2026-03-03-20.19.35 - INFO - Cur epoch 22 loss CE:2.0065 mse:0.4428 consistent:0.6908
2026-03-03 20:22:02,970 - utils.logger2026-03-03-20.19.35 - INFO - Cur epoch 22 loss CE:1.6863 mse:0.4123 consistent:0.6679
2026-03-03 20:22:03,571 - utils.logger2026-03-03-20.19.35 - INFO - Cur epoch 22 loss CE:1.5658 mse:0.4381 consistent:0.7031
2026-03-03 20:22:04,051 - utils.logger2026-03-03-20.19.35 - INFO - saving the model at the end of epoch 22, iters 616
2026-03-03 20:22:04,176 - utils.logger2026-03-03-20.19.35 - INFO - End of training epoch 22 / 40 	 Time Taken: 2 sec
2026-03-03 20:22:04,176 - utils.logger2026-03-03-20.19.35 - INFO - learning rate = 0.0001714
2026-03-03 20:22:05,993 - utils.logger2026-03-03-20.19.35 - INFO - Val result of epoch 22 / 40 mae 1.1751 corr 0.4325 f1 0.6610
2026-03-03 20:22:07,810 - utils.logger2026-03-03-20.19.35 - INFO - Tst result of epoch 22 / 40 mae 1.1663 corr 0.4798 f1 0.6618
2026-03-03 20:22:09,109 - utils.logger2026-03-03-20.19.35 - INFO - Cur epoch 23 loss CE:1.0858 mse:0.3673 consistent:0.7343
2026-03-03 20:22:09,669 - utils.logger2026-03-03-20.19.35 - INFO - Cur epoch 23 loss CE:1.3591 mse:0.3051 consistent:0.6341
2026-03-03 20:22:10,254 - utils.logger2026-03-03-20.19.35 - INFO - Cur epoch 23 loss CE:1.4946 mse:0.4498 consistent:0.7715
2026-03-03 20:22:10,616 - utils.logger2026-03-03-20.19.35 - INFO - saving the model at the end of epoch 23, iters 644
2026-03-03 20:22:10,748 - utils.logger2026-03-03-20.19.35 - INFO - End of training epoch 23 / 40 	 Time Taken: 2 sec
2026-03-03 20:22:10,749 - utils.logger2026-03-03-20.19.35 - INFO - learning rate = 0.0001619
2026-03-03 20:22:12,520 - utils.logger2026-03-03-20.19.35 - INFO - Val result of epoch 23 / 40 mae 1.1715 corr 0.4319 f1 0.6551
2026-03-03 20:22:14,324 - utils.logger2026-03-03-20.19.35 - INFO - Tst result of epoch 23 / 40 mae 1.1614 corr 0.4800 f1 0.6564
2026-03-03 20:22:15,709 - utils.logger2026-03-03-20.19.35 - INFO - Cur epoch 24 loss CE:1.4680 mse:0.3771 consistent:0.6918
2026-03-03 20:22:16,273 - utils.logger2026-03-03-20.19.35 - INFO - Cur epoch 24 loss CE:1.3313 mse:0.3019 consistent:0.6728
2026-03-03 20:22:16,842 - utils.logger2026-03-03-20.19.35 - INFO - Cur epoch 24 loss CE:1.4687 mse:0.3835 consistent:0.7182
2026-03-03 20:22:17,113 - utils.logger2026-03-03-20.19.35 - INFO - saving the model at the end of epoch 24, iters 672
2026-03-03 20:22:17,236 - utils.logger2026-03-03-20.19.35 - INFO - End of training epoch 24 / 40 	 Time Taken: 2 sec
2026-03-03 20:22:17,237 - utils.logger2026-03-03-20.19.35 - INFO - learning rate = 0.0001524
2026-03-03 20:22:19,018 - utils.logger2026-03-03-20.19.35 - INFO - Val result of epoch 24 / 40 mae 1.1626 corr 0.4265 f1 0.6759
2026-03-03 20:22:20,814 - utils.logger2026-03-03-20.19.35 - INFO - Tst result of epoch 24 / 40 mae 1.1421 corr 0.4747 f1 0.6717
2026-03-03 20:22:22,273 - utils.logger2026-03-03-20.19.35 - INFO - Cur epoch 25 loss CE:1.3660 mse:0.3387 consistent:0.6248
2026-03-03 20:22:22,835 - utils.logger2026-03-03-20.19.35 - INFO - Cur epoch 25 loss CE:1.2474 mse:0.3697 consistent:0.6792
2026-03-03 20:22:23,434 - utils.logger2026-03-03-20.19.35 - INFO - Cur epoch 25 loss CE:1.0837 mse:0.2662 consistent:0.6596
2026-03-03 20:22:23,594 - utils.logger2026-03-03-20.19.35 - INFO - saving the model at the end of epoch 25, iters 700
2026-03-03 20:22:23,725 - utils.logger2026-03-03-20.19.35 - INFO - End of training epoch 25 / 40 	 Time Taken: 2 sec
2026-03-03 20:22:23,725 - utils.logger2026-03-03-20.19.35 - INFO - learning rate = 0.0001429
2026-03-03 20:22:25,529 - utils.logger2026-03-03-20.19.35 - INFO - Val result of epoch 25 / 40 mae 1.1767 corr 0.4260 f1 0.6426
2026-03-03 20:22:27,248 - utils.logger2026-03-03-20.19.35 - INFO - Tst result of epoch 25 / 40 mae 1.1544 corr 0.4791 f1 0.6423
2026-03-03 20:22:28,864 - utils.logger2026-03-03-20.19.35 - INFO - Cur epoch 26 loss CE:1.1996 mse:0.3633 consistent:0.6265
2026-03-03 20:22:29,438 - utils.logger2026-03-03-20.19.35 - INFO - Cur epoch 26 loss CE:1.4451 mse:0.3776 consistent:0.6800
2026-03-03 20:22:30,026 - utils.logger2026-03-03-20.19.35 - INFO - saving the model at the end of epoch 26, iters 728
2026-03-03 20:22:30,148 - utils.logger2026-03-03-20.19.35 - INFO - End of training epoch 26 / 40 	 Time Taken: 2 sec
2026-03-03 20:22:30,149 - utils.logger2026-03-03-20.19.35 - INFO - learning rate = 0.0001333
2026-03-03 20:22:31,931 - utils.logger2026-03-03-20.19.35 - INFO - Val result of epoch 26 / 40 mae 1.1678 corr 0.4336 f1 0.6609
2026-03-03 20:22:33,736 - utils.logger2026-03-03-20.19.35 - INFO - Tst result of epoch 26 / 40 mae 1.1508 corr 0.4816 f1 0.6568
2026-03-03 20:22:34,888 - utils.logger2026-03-03-20.19.35 - INFO - Cur epoch 27 loss CE:1.8567 mse:0.4286 consistent:0.6691
2026-03-03 20:22:35,473 - utils.logger2026-03-03-20.19.35 - INFO - Cur epoch 27 loss CE:1.4101 mse:0.3742 consistent:0.6817
2026-03-03 20:22:36,066 - utils.logger2026-03-03-20.19.35 - INFO - Cur epoch 27 loss CE:1.7631 mse:0.4636 consistent:0.6346
2026-03-03 20:22:36,550 - utils.logger2026-03-03-20.19.35 - INFO - saving the model at the end of epoch 27, iters 756
2026-03-03 20:22:36,689 - utils.logger2026-03-03-20.19.35 - INFO - End of training epoch 27 / 40 	 Time Taken: 2 sec
2026-03-03 20:22:36,689 - utils.logger2026-03-03-20.19.35 - INFO - learning rate = 0.0001238
2026-03-03 20:22:38,505 - utils.logger2026-03-03-20.19.35 - INFO - Val result of epoch 27 / 40 mae 1.1744 corr 0.4289 f1 0.6465
2026-03-03 20:22:40,349 - utils.logger2026-03-03-20.19.35 - INFO - Tst result of epoch 27 / 40 mae 1.1623 corr 0.4778 f1 0.6352
2026-03-03 20:22:41,606 - utils.logger2026-03-03-20.19.35 - INFO - Cur epoch 28 loss CE:1.2245 mse:0.3989 consistent:0.6992
2026-03-03 20:22:42,255 - utils.logger2026-03-03-20.19.35 - INFO - Cur epoch 28 loss CE:1.3644 mse:0.4045 consistent:0.6163
2026-03-03 20:22:42,887 - utils.logger2026-03-03-20.19.35 - INFO - Cur epoch 28 loss CE:1.2086 mse:0.3632 consistent:0.6452
2026-03-03 20:22:43,286 - utils.logger2026-03-03-20.19.35 - INFO - saving the model at the end of epoch 28, iters 784
2026-03-03 20:22:43,417 - utils.logger2026-03-03-20.19.35 - INFO - End of training epoch 28 / 40 	 Time Taken: 3 sec
2026-03-03 20:22:43,417 - utils.logger2026-03-03-20.19.35 - INFO - learning rate = 0.0001143
2026-03-03 20:22:45,247 - utils.logger2026-03-03-20.19.35 - INFO - Val result of epoch 28 / 40 mae 1.1680 corr 0.4304 f1 0.6554
2026-03-03 20:22:47,037 - utils.logger2026-03-03-20.19.35 - INFO - Tst result of epoch 28 / 40 mae 1.1539 corr 0.4768 f1 0.6197
2026-03-03 20:22:48,551 - utils.logger2026-03-03-20.19.35 - INFO - Cur epoch 29 loss CE:1.1783 mse:0.3721 consistent:0.6257
2026-03-03 20:22:49,088 - utils.logger2026-03-03-20.19.35 - INFO - Cur epoch 29 loss CE:1.4193 mse:0.4224 consistent:0.6556
2026-03-03 20:22:49,587 - utils.logger2026-03-03-20.19.35 - INFO - Cur epoch 29 loss CE:1.6857 mse:0.4525 consistent:0.6384
2026-03-03 20:22:49,826 - utils.logger2026-03-03-20.19.35 - INFO - saving the model at the end of epoch 29, iters 812
2026-03-03 20:22:49,966 - utils.logger2026-03-03-20.19.35 - INFO - End of training epoch 29 / 40 	 Time Taken: 2 sec
2026-03-03 20:22:49,966 - utils.logger2026-03-03-20.19.35 - INFO - learning rate = 0.0001048
2026-03-03 20:22:51,749 - utils.logger2026-03-03-20.19.35 - INFO - Val result of epoch 29 / 40 mae 1.1761 corr 0.4383 f1 0.6375
2026-03-03 20:22:53,530 - utils.logger2026-03-03-20.19.35 - INFO - Tst result of epoch 29 / 40 mae 1.1704 corr 0.4818 f1 0.6270
2026-03-03 20:22:55,030 - utils.logger2026-03-03-20.19.35 - INFO - Cur epoch 30 loss CE:1.9705 mse:0.4588 consistent:0.6393
2026-03-03 20:22:55,625 - utils.logger2026-03-03-20.19.35 - INFO - Cur epoch 30 loss CE:1.1790 mse:0.3515 consistent:0.6240
2026-03-03 20:22:56,237 - utils.logger2026-03-03-20.19.35 - INFO - Cur epoch 30 loss CE:1.3077 mse:0.5460 consistent:0.6496
2026-03-03 20:22:56,391 - utils.logger2026-03-03-20.19.35 - INFO - saving the model at the end of epoch 30, iters 840
2026-03-03 20:22:56,544 - utils.logger2026-03-03-20.19.35 - INFO - End of training epoch 30 / 40 	 Time Taken: 3 sec
2026-03-03 20:22:56,544 - utils.logger2026-03-03-20.19.35 - INFO - learning rate = 0.0000952
2026-03-03 20:22:58,345 - utils.logger2026-03-03-20.19.35 - INFO - Val result of epoch 30 / 40 mae 1.1587 corr 0.4442 f1 0.6582
2026-03-03 20:23:00,153 - utils.logger2026-03-03-20.19.35 - INFO - Tst result of epoch 30 / 40 mae 1.1521 corr 0.4762 f1 0.6400
2026-03-03 20:23:01,813 - utils.logger2026-03-03-20.19.35 - INFO - Cur epoch 31 loss CE:1.6987 mse:0.3576 consistent:0.5971
2026-03-03 20:23:02,433 - utils.logger2026-03-03-20.19.35 - INFO - Cur epoch 31 loss CE:1.7095 mse:0.4137 consistent:0.6863
2026-03-03 20:23:03,088 - utils.logger2026-03-03-20.19.35 - INFO - saving the model at the end of epoch 31, iters 868
2026-03-03 20:23:03,229 - utils.logger2026-03-03-20.19.35 - INFO - End of training epoch 31 / 40 	 Time Taken: 3 sec
2026-03-03 20:23:03,229 - utils.logger2026-03-03-20.19.35 - INFO - learning rate = 0.0000857
2026-03-03 20:23:05,116 - utils.logger2026-03-03-20.19.35 - INFO - Val result of epoch 31 / 40 mae 1.1752 corr 0.4360 f1 0.6475
2026-03-03 20:23:06,963 - utils.logger2026-03-03-20.19.35 - INFO - Tst result of epoch 31 / 40 mae 1.1697 corr 0.4795 f1 0.6269
2026-03-03 20:23:08,190 - utils.logger2026-03-03-20.19.35 - INFO - Cur epoch 32 loss CE:1.4813 mse:0.3901 consistent:0.5887
2026-03-03 20:23:08,712 - utils.logger2026-03-03-20.19.35 - INFO - Cur epoch 32 loss CE:1.2586 mse:0.4211 consistent:0.6296
2026-03-03 20:23:09,219 - utils.logger2026-03-03-20.19.35 - INFO - Cur epoch 32 loss CE:1.1143 mse:0.3425 consistent:0.5867
2026-03-03 20:23:09,692 - utils.logger2026-03-03-20.19.35 - INFO - saving the model at the end of epoch 32, iters 896
2026-03-03 20:23:09,812 - utils.logger2026-03-03-20.19.35 - INFO - End of training epoch 32 / 40 	 Time Taken: 2 sec
2026-03-03 20:23:09,812 - utils.logger2026-03-03-20.19.35 - INFO - learning rate = 0.0000762
2026-03-03 20:23:11,584 - utils.logger2026-03-03-20.19.35 - INFO - Val result of epoch 32 / 40 mae 1.1753 corr 0.4358 f1 0.6510
2026-03-03 20:23:13,350 - utils.logger2026-03-03-20.19.35 - INFO - Tst result of epoch 32 / 40 mae 1.1663 corr 0.4851 f1 0.6269
2026-03-03 20:23:14,652 - utils.logger2026-03-03-20.19.35 - INFO - Cur epoch 33 loss CE:1.1803 mse:0.3924 consistent:0.6241
2026-03-03 20:23:15,203 - utils.logger2026-03-03-20.19.35 - INFO - Cur epoch 33 loss CE:1.6201 mse:0.4333 consistent:0.6505
2026-03-03 20:23:15,771 - utils.logger2026-03-03-20.19.35 - INFO - Cur epoch 33 loss CE:1.5462 mse:0.3903 consistent:0.6166
2026-03-03 20:23:16,124 - utils.logger2026-03-03-20.19.35 - INFO - saving the model at the end of epoch 33, iters 924
2026-03-03 20:23:16,242 - utils.logger2026-03-03-20.19.35 - INFO - End of training epoch 33 / 40 	 Time Taken: 2 sec
2026-03-03 20:23:16,242 - utils.logger2026-03-03-20.19.35 - INFO - learning rate = 0.0000667
2026-03-03 20:23:18,040 - utils.logger2026-03-03-20.19.35 - INFO - Val result of epoch 33 / 40 mae 1.1704 corr 0.4384 f1 0.6558
2026-03-03 20:23:19,840 - utils.logger2026-03-03-20.19.35 - INFO - Tst result of epoch 33 / 40 mae 1.1626 corr 0.4782 f1 0.6353
2026-03-03 20:23:21,185 - utils.logger2026-03-03-20.19.35 - INFO - Cur epoch 34 loss CE:0.9570 mse:0.3505 consistent:0.5888
2026-03-03 20:23:21,703 - utils.logger2026-03-03-20.19.35 - INFO - Cur epoch 34 loss CE:1.6770 mse:0.4206 consistent:0.6124
2026-03-03 20:23:22,230 - utils.logger2026-03-03-20.19.35 - INFO - Cur epoch 34 loss CE:1.1607 mse:0.3555 consistent:0.6136
2026-03-03 20:23:22,487 - utils.logger2026-03-03-20.19.35 - INFO - saving the model at the end of epoch 34, iters 952
2026-03-03 20:23:22,619 - utils.logger2026-03-03-20.19.35 - INFO - End of training epoch 34 / 40 	 Time Taken: 2 sec
2026-03-03 20:23:22,620 - utils.logger2026-03-03-20.19.35 - INFO - learning rate = 0.0000571
2026-03-03 20:23:24,399 - utils.logger2026-03-03-20.19.35 - INFO - Val result of epoch 34 / 40 mae 1.1725 corr 0.4371 f1 0.6492
2026-03-03 20:23:26,151 - utils.logger2026-03-03-20.19.35 - INFO - Tst result of epoch 34 / 40 mae 1.1627 corr 0.4789 f1 0.6276
2026-03-03 20:23:27,669 - utils.logger2026-03-03-20.19.35 - INFO - Cur epoch 35 loss CE:1.3386 mse:0.4114 consistent:0.6023
2026-03-03 20:23:28,218 - utils.logger2026-03-03-20.19.35 - INFO - Cur epoch 35 loss CE:1.2667 mse:0.3924 consistent:0.6685
2026-03-03 20:23:28,740 - utils.logger2026-03-03-20.19.35 - INFO - Cur epoch 35 loss CE:1.5538 mse:0.3945 consistent:0.5875
2026-03-03 20:23:28,890 - utils.logger2026-03-03-20.19.35 - INFO - saving the model at the end of epoch 35, iters 980
2026-03-03 20:23:29,020 - utils.logger2026-03-03-20.19.35 - INFO - End of training epoch 35 / 40 	 Time Taken: 2 sec
2026-03-03 20:23:29,020 - utils.logger2026-03-03-20.19.35 - INFO - learning rate = 0.0000476
2026-03-03 20:23:30,777 - utils.logger2026-03-03-20.19.35 - INFO - Val result of epoch 35 / 40 mae 1.1702 corr 0.4355 f1 0.6520
2026-03-03 20:23:32,583 - utils.logger2026-03-03-20.19.35 - INFO - Tst result of epoch 35 / 40 mae 1.1569 corr 0.4810 f1 0.6384
2026-03-03 20:23:34,296 - utils.logger2026-03-03-20.19.35 - INFO - Cur epoch 36 loss CE:1.1315 mse:0.3859 consistent:0.6062
2026-03-03 20:23:34,858 - utils.logger2026-03-03-20.19.35 - INFO - Cur epoch 36 loss CE:1.1178 mse:0.4169 consistent:0.6617
2026-03-03 20:23:35,469 - utils.logger2026-03-03-20.19.35 - INFO - saving the model at the end of epoch 36, iters 1008
2026-03-03 20:23:35,599 - utils.logger2026-03-03-20.19.35 - INFO - End of training epoch 36 / 40 	 Time Taken: 3 sec
2026-03-03 20:23:35,599 - utils.logger2026-03-03-20.19.35 - INFO - learning rate = 0.0000381
2026-03-03 20:23:37,398 - utils.logger2026-03-03-20.19.35 - INFO - Val result of epoch 36 / 40 mae 1.1684 corr 0.4359 f1 0.6535
2026-03-03 20:23:39,218 - utils.logger2026-03-03-20.19.35 - INFO - Tst result of epoch 36 / 40 mae 1.1558 corr 0.4798 f1 0.6395
2026-03-03 20:23:40,378 - utils.logger2026-03-03-20.19.35 - INFO - Cur epoch 37 loss CE:1.3165 mse:0.4085 consistent:0.6695
2026-03-03 20:23:40,971 - utils.logger2026-03-03-20.19.35 - INFO - Cur epoch 37 loss CE:1.7844 mse:0.4874 consistent:0.6309
2026-03-03 20:23:41,558 - utils.logger2026-03-03-20.19.35 - INFO - Cur epoch 37 loss CE:1.7521 mse:0.4035 consistent:0.6128
2026-03-03 20:23:42,036 - utils.logger2026-03-03-20.19.35 - INFO - saving the model at the end of epoch 37, iters 1036
2026-03-03 20:23:42,163 - utils.logger2026-03-03-20.19.35 - INFO - End of training epoch 37 / 40 	 Time Taken: 2 sec
2026-03-03 20:23:42,164 - utils.logger2026-03-03-20.19.35 - INFO - learning rate = 0.0000286
2026-03-03 20:23:43,997 - utils.logger2026-03-03-20.19.35 - INFO - Val result of epoch 37 / 40 mae 1.1711 corr 0.4343 f1 0.6546
2026-03-03 20:23:45,807 - utils.logger2026-03-03-20.19.35 - INFO - Tst result of epoch 37 / 40 mae 1.1575 corr 0.4797 f1 0.6332
2026-03-03 20:23:47,130 - utils.logger2026-03-03-20.19.35 - INFO - Cur epoch 38 loss CE:1.4321 mse:0.3740 consistent:0.5536
2026-03-03 20:23:47,771 - utils.logger2026-03-03-20.19.35 - INFO - Cur epoch 38 loss CE:1.2665 mse:0.3672 consistent:0.6142
2026-03-03 20:23:48,386 - utils.logger2026-03-03-20.19.35 - INFO - Cur epoch 38 loss CE:1.5038 mse:0.4486 consistent:0.6633
2026-03-03 20:23:48,785 - utils.logger2026-03-03-20.19.35 - INFO - saving the model at the end of epoch 38, iters 1064
2026-03-03 20:23:48,912 - utils.logger2026-03-03-20.19.35 - INFO - End of training epoch 38 / 40 	 Time Taken: 3 sec
2026-03-03 20:23:48,912 - utils.logger2026-03-03-20.19.35 - INFO - learning rate = 0.0000190
2026-03-03 20:23:50,715 - utils.logger2026-03-03-20.19.35 - INFO - Val result of epoch 38 / 40 mae 1.1679 corr 0.4343 f1 0.6607
2026-03-03 20:23:52,494 - utils.logger2026-03-03-20.19.35 - INFO - Tst result of epoch 38 / 40 mae 1.1534 corr 0.4809 f1 0.6332
2026-03-03 20:23:53,920 - utils.logger2026-03-03-20.19.35 - INFO - Cur epoch 39 loss CE:1.3638 mse:0.4260 consistent:0.6488
2026-03-03 20:23:54,512 - utils.logger2026-03-03-20.19.35 - INFO - Cur epoch 39 loss CE:1.4108 mse:0.4263 consistent:0.6329
2026-03-03 20:23:55,134 - utils.logger2026-03-03-20.19.35 - INFO - Cur epoch 39 loss CE:1.5459 mse:0.3953 consistent:0.5802
2026-03-03 20:23:55,404 - utils.logger2026-03-03-20.19.35 - INFO - saving the model at the end of epoch 39, iters 1092
2026-03-03 20:23:55,548 - utils.logger2026-03-03-20.19.35 - INFO - End of training epoch 39 / 40 	 Time Taken: 3 sec
2026-03-03 20:23:55,548 - utils.logger2026-03-03-20.19.35 - INFO - learning rate = 0.0000095
2026-03-03 20:23:57,428 - utils.logger2026-03-03-20.19.35 - INFO - Val result of epoch 39 / 40 mae 1.1687 corr 0.4343 f1 0.6638
2026-03-03 20:23:59,244 - utils.logger2026-03-03-20.19.35 - INFO - Tst result of epoch 39 / 40 mae 1.1554 corr 0.4804 f1 0.6322
2026-03-03 20:24:00,778 - utils.logger2026-03-03-20.19.35 - INFO - Cur epoch 40 loss CE:1.4525 mse:0.3909 consistent:0.6242
2026-03-03 20:24:01,412 - utils.logger2026-03-03-20.19.35 - INFO - Cur epoch 40 loss CE:1.1667 mse:0.4087 consistent:0.6398
2026-03-03 20:24:02,039 - utils.logger2026-03-03-20.19.35 - INFO - Cur epoch 40 loss CE:1.0200 mse:0.4320 consistent:0.6707
2026-03-03 20:24:02,197 - utils.logger2026-03-03-20.19.35 - INFO - saving the model at the end of epoch 40, iters 1120
2026-03-03 20:24:02,330 - utils.logger2026-03-03-20.19.35 - INFO - End of training epoch 40 / 40 	 Time Taken: 3 sec
2026-03-03 20:24:02,330 - utils.logger2026-03-03-20.19.35 - INFO - learning rate = 0.0000000
2026-03-03 20:24:04,126 - utils.logger2026-03-03-20.19.35 - INFO - Val result of epoch 40 / 40 mae 1.1700 corr 0.4340 f1 0.6591
2026-03-03 20:24:05,940 - utils.logger2026-03-03-20.19.35 - INFO - Tst result of epoch 40 / 40 mae 1.1567 corr 0.4807 f1 0.6336
2026-03-03 20:24:05,940 - utils.logger2026-03-03-20.19.35 - INFO - Best eval epoch 14 found with MAE 1.139665
2026-03-03 20:24:05,940 - utils.logger2026-03-03-20.19.35 - INFO - Loading best model found on val set: epoch-14
2026-03-03 20:24:09,576 - utils.logger2026-03-03-20.19.35 - INFO - Tst result mae 1.1397 corr 0.4657 f1 0.6700
