2025-12-29 15:45:27,610 - utils.logger2025-12-29-15.45.17 - INFO - The number of testing samples = 3168
2025-12-29 15:45:27,611 - utils.logger2025-12-29-15.45.17 - INFO - The number of training samples = 4500
2025-12-29 15:45:29,656 - utils.logger2025-12-29-15.45.17 - INFO - Cur epoch 1 loss CE:1.3677 mse:0.1773 consistent:0.0000
2025-12-29 15:45:30,739 - utils.logger2025-12-29-15.45.17 - INFO - Cur epoch 1 loss CE:1.3363 mse:0.0922 consistent:0.0000
2025-12-29 15:45:31,948 - utils.logger2025-12-29-15.45.17 - INFO - Cur epoch 1 loss CE:1.3726 mse:0.0829 consistent:0.0000
2025-12-29 15:45:33,280 - utils.logger2025-12-29-15.45.17 - INFO - Cur epoch 1 loss CE:1.1278 mse:0.0430 consistent:0.0000
2025-12-29 15:45:34,417 - utils.logger2025-12-29-15.45.17 - INFO - Cur epoch 1 loss CE:1.0541 mse:0.0733 consistent:0.0000
2025-12-29 15:45:35,063 - utils.logger2025-12-29-15.45.17 - INFO - saving the model at the end of epoch 1, iters 4512
2025-12-29 15:45:35,148 - utils.logger2025-12-29-15.45.17 - INFO - End of training epoch 1 / 40 	 Time Taken: 6 sec
2025-12-29 15:45:35,149 - utils.logger2025-12-29-15.45.17 - INFO - learning rate = 0.0002000
2025-12-29 15:45:36,400 - utils.logger2025-12-29-15.45.17 - INFO - Val result of epoch 1 / 40 acc 0.5066 uar 0.4594 f1 0.4596
2025-12-29 15:45:37,642 - utils.logger2025-12-29-15.45.17 - INFO - Tst result of epoch 1 / 40 acc 0.5600 uar 0.4908 f1 0.4571
2025-12-29 15:45:37,964 - utils.logger2025-12-29-15.45.17 - INFO - Cur epoch 2 loss CE:1.0543 mse:0.0370 consistent:0.0000
2025-12-29 15:45:39,032 - utils.logger2025-12-29-15.45.17 - INFO - Cur epoch 2 loss CE:1.0247 mse:0.0267 consistent:0.0000
2025-12-29 15:45:40,123 - utils.logger2025-12-29-15.45.17 - INFO - Cur epoch 2 loss CE:0.7444 mse:0.0269 consistent:0.0000
2025-12-29 15:45:41,306 - utils.logger2025-12-29-15.45.17 - INFO - Cur epoch 2 loss CE:0.7065 mse:0.0251 consistent:0.0000
2025-12-29 15:45:42,519 - utils.logger2025-12-29-15.45.17 - INFO - Cur epoch 2 loss CE:0.8331 mse:0.0280 consistent:0.0000
2025-12-29 15:45:43,684 - utils.logger2025-12-29-15.45.17 - INFO - Cur epoch 2 loss CE:1.2123 mse:0.0283 consistent:0.0000
2025-12-29 15:45:44,033 - utils.logger2025-12-29-15.45.17 - INFO - saving the model at the end of epoch 2, iters 9024
2025-12-29 15:45:44,136 - utils.logger2025-12-29-15.45.17 - INFO - End of training epoch 2 / 40 	 Time Taken: 6 sec
2025-12-29 15:45:44,136 - utils.logger2025-12-29-15.45.17 - INFO - learning rate = 0.0002000
2025-12-29 15:45:45,428 - utils.logger2025-12-29-15.45.17 - INFO - Val result of epoch 2 / 40 acc 0.5142 uar 0.4585 f1 0.4699
2025-12-29 15:45:46,701 - utils.logger2025-12-29-15.45.17 - INFO - Tst result of epoch 2 / 40 acc 0.4934 uar 0.5132 f1 0.4683
2025-12-29 15:45:47,531 - utils.logger2025-12-29-15.45.17 - INFO - Cur epoch 3 loss CE:0.6294 mse:0.0200 consistent:0.0000
2025-12-29 15:45:48,726 - utils.logger2025-12-29-15.45.17 - INFO - Cur epoch 3 loss CE:0.8930 mse:0.0184 consistent:0.0000
2025-12-29 15:45:49,897 - utils.logger2025-12-29-15.45.17 - INFO - Cur epoch 3 loss CE:0.9175 mse:0.0163 consistent:0.0000
2025-12-29 15:45:51,105 - utils.logger2025-12-29-15.45.17 - INFO - Cur epoch 3 loss CE:0.4842 mse:0.0152 consistent:0.0000
2025-12-29 15:45:52,303 - utils.logger2025-12-29-15.45.17 - INFO - Cur epoch 3 loss CE:1.0190 mse:0.0159 consistent:0.0000
2025-12-29 15:45:53,430 - utils.logger2025-12-29-15.45.17 - INFO - saving the model at the end of epoch 3, iters 13536
2025-12-29 15:45:53,549 - utils.logger2025-12-29-15.45.17 - INFO - End of training epoch 3 / 40 	 Time Taken: 6 sec
2025-12-29 15:45:53,549 - utils.logger2025-12-29-15.45.17 - INFO - learning rate = 0.0002000
2025-12-29 15:45:55,110 - utils.logger2025-12-29-15.45.17 - INFO - Val result of epoch 3 / 40 acc 0.5663 uar 0.5275 f1 0.5529
2025-12-29 15:45:56,610 - utils.logger2025-12-29-15.45.17 - INFO - Tst result of epoch 3 / 40 acc 0.6105 uar 0.5883 f1 0.5817
2025-12-29 15:45:56,699 - utils.logger2025-12-29-15.45.17 - INFO - Cur epoch 4 loss CE:0.5448 mse:0.0155 consistent:0.0000
2025-12-29 15:45:57,892 - utils.logger2025-12-29-15.45.17 - INFO - Cur epoch 4 loss CE:0.9702 mse:0.0138 consistent:0.0000
2025-12-29 15:45:59,100 - utils.logger2025-12-29-15.45.17 - INFO - Cur epoch 4 loss CE:0.9514 mse:0.0183 consistent:0.0000
2025-12-29 15:46:00,307 - utils.logger2025-12-29-15.45.17 - INFO - Cur epoch 4 loss CE:1.1246 mse:0.0142 consistent:0.0000
2025-12-29 15:46:01,520 - utils.logger2025-12-29-15.45.17 - INFO - Cur epoch 4 loss CE:0.5499 mse:0.0138 consistent:0.0000
2025-12-29 15:46:02,742 - utils.logger2025-12-29-15.45.17 - INFO - Cur epoch 4 loss CE:0.9417 mse:0.0116 consistent:0.0000
2025-12-29 15:46:03,314 - utils.logger2025-12-29-15.45.17 - INFO - saving the model at the end of epoch 4, iters 18048
2025-12-29 15:46:03,410 - utils.logger2025-12-29-15.45.17 - INFO - End of training epoch 4 / 40 	 Time Taken: 6 sec
2025-12-29 15:46:03,410 - utils.logger2025-12-29-15.45.17 - INFO - learning rate = 0.0002000
2025-12-29 15:46:04,700 - utils.logger2025-12-29-15.45.17 - INFO - Val result of epoch 4 / 40 acc 0.5639 uar 0.5786 f1 0.5699
2025-12-29 15:46:06,022 - utils.logger2025-12-29-15.45.17 - INFO - Tst result of epoch 4 / 40 acc 0.6439 uar 0.6393 f1 0.6112
2025-12-29 15:46:06,535 - utils.logger2025-12-29-15.45.17 - INFO - Cur epoch 5 loss CE:0.7573 mse:0.0101 consistent:0.0000
2025-12-29 15:46:07,796 - utils.logger2025-12-29-15.45.17 - INFO - Cur epoch 5 loss CE:0.8240 mse:0.0138 consistent:0.0000
2025-12-29 15:46:09,148 - utils.logger2025-12-29-15.45.17 - INFO - Cur epoch 5 loss CE:0.8021 mse:0.0162 consistent:0.0000
2025-12-29 15:46:10,528 - utils.logger2025-12-29-15.45.17 - INFO - Cur epoch 5 loss CE:0.3671 mse:0.0110 consistent:0.0000
2025-12-29 15:46:11,870 - utils.logger2025-12-29-15.45.17 - INFO - Cur epoch 5 loss CE:0.7360 mse:0.0162 consistent:0.0000
2025-12-29 15:46:13,012 - utils.logger2025-12-29-15.45.17 - INFO - Cur epoch 5 loss CE:0.6519 mse:0.0131 consistent:0.0000
2025-12-29 15:46:13,220 - utils.logger2025-12-29-15.45.17 - INFO - saving the model at the end of epoch 5, iters 22560
2025-12-29 15:46:13,317 - utils.logger2025-12-29-15.45.17 - INFO - End of training epoch 5 / 40 	 Time Taken: 7 sec
2025-12-29 15:46:13,317 - utils.logger2025-12-29-15.45.17 - INFO - learning rate = 0.0002000
2025-12-29 15:46:14,640 - utils.logger2025-12-29-15.45.17 - INFO - Val result of epoch 5 / 40 acc 0.5328 uar 0.5228 f1 0.5277
2025-12-29 15:46:15,956 - utils.logger2025-12-29-15.45.17 - INFO - Tst result of epoch 5 / 40 acc 0.6717 uar 0.6104 f1 0.6186
2025-12-29 15:46:16,923 - utils.logger2025-12-29-15.45.17 - INFO - Cur epoch 6 loss CE:0.5649 mse:0.0104 consistent:0.0000
2025-12-29 15:46:18,162 - utils.logger2025-12-29-15.45.17 - INFO - Cur epoch 6 loss CE:0.5995 mse:0.0163 consistent:0.0000
2025-12-29 15:46:19,418 - utils.logger2025-12-29-15.45.17 - INFO - Cur epoch 6 loss CE:0.7096 mse:0.0140 consistent:0.0000
2025-12-29 15:46:20,661 - utils.logger2025-12-29-15.45.17 - INFO - Cur epoch 6 loss CE:0.8283 mse:0.0104 consistent:0.0000
2025-12-29 15:46:21,965 - utils.logger2025-12-29-15.45.17 - INFO - Cur epoch 6 loss CE:0.8881 mse:0.0141 consistent:0.0000
2025-12-29 15:46:23,135 - utils.logger2025-12-29-15.45.17 - INFO - saving the model at the end of epoch 6, iters 27072
2025-12-29 15:46:23,265 - utils.logger2025-12-29-15.45.17 - INFO - End of training epoch 6 / 40 	 Time Taken: 7 sec
2025-12-29 15:46:23,265 - utils.logger2025-12-29-15.45.17 - INFO - learning rate = 0.0002000
2025-12-29 15:46:24,887 - utils.logger2025-12-29-15.45.17 - INFO - Val result of epoch 6 / 40 acc 0.5328 uar 0.5138 f1 0.5217
2025-12-29 15:46:26,595 - utils.logger2025-12-29-15.45.17 - INFO - Tst result of epoch 6 / 40 acc 0.6316 uar 0.5768 f1 0.5822
2025-12-29 15:46:26,820 - utils.logger2025-12-29-15.45.17 - INFO - Cur epoch 7 loss CE:1.1655 mse:0.0133 consistent:0.0000
2025-12-29 15:46:28,136 - utils.logger2025-12-29-15.45.17 - INFO - Cur epoch 7 loss CE:0.7242 mse:0.0107 consistent:0.0000
2025-12-29 15:46:29,438 - utils.logger2025-12-29-15.45.17 - INFO - Cur epoch 7 loss CE:0.6712 mse:0.0086 consistent:0.0000
2025-12-29 15:46:30,831 - utils.logger2025-12-29-15.45.17 - INFO - Cur epoch 7 loss CE:0.8287 mse:0.0089 consistent:0.0000
2025-12-29 15:46:32,213 - utils.logger2025-12-29-15.45.17 - INFO - Cur epoch 7 loss CE:0.9042 mse:0.0124 consistent:0.0000
2025-12-29 15:46:33,606 - utils.logger2025-12-29-15.45.17 - INFO - Cur epoch 7 loss CE:0.4874 mse:0.0093 consistent:0.0000
2025-12-29 15:46:34,242 - utils.logger2025-12-29-15.45.17 - INFO - saving the model at the end of epoch 7, iters 31584
2025-12-29 15:46:34,343 - utils.logger2025-12-29-15.45.17 - INFO - End of training epoch 7 / 40 	 Time Taken: 7 sec
2025-12-29 15:46:34,343 - utils.logger2025-12-29-15.45.17 - INFO - learning rate = 0.0002000
2025-12-29 15:46:35,665 - utils.logger2025-12-29-15.45.17 - INFO - Val result of epoch 7 / 40 acc 0.5921 uar 0.5664 f1 0.5878
2025-12-29 15:46:36,949 - utils.logger2025-12-29-15.45.17 - INFO - Tst result of epoch 7 / 40 acc 0.6168 uar 0.6225 f1 0.6061
2025-12-29 15:46:37,569 - utils.logger2025-12-29-15.45.17 - INFO - Cur epoch 8 loss CE:0.6063 mse:0.0137 consistent:0.0000
2025-12-29 15:46:38,797 - utils.logger2025-12-29-15.45.17 - INFO - Cur epoch 8 loss CE:0.5264 mse:0.0107 consistent:0.0000
2025-12-29 15:46:40,061 - utils.logger2025-12-29-15.45.17 - INFO - Cur epoch 8 loss CE:0.6215 mse:0.0103 consistent:0.0000
2025-12-29 15:46:41,400 - utils.logger2025-12-29-15.45.17 - INFO - Cur epoch 8 loss CE:0.8712 mse:0.0123 consistent:0.0000
2025-12-29 15:46:42,639 - utils.logger2025-12-29-15.45.17 - INFO - Cur epoch 8 loss CE:0.5629 mse:0.0155 consistent:0.0000
2025-12-29 15:46:43,846 - utils.logger2025-12-29-15.45.17 - INFO - Cur epoch 8 loss CE:0.4372 mse:0.0116 consistent:0.0000
2025-12-29 15:46:43,983 - utils.logger2025-12-29-15.45.17 - INFO - saving the model at the end of epoch 8, iters 36096
2025-12-29 15:46:44,089 - utils.logger2025-12-29-15.45.17 - INFO - End of training epoch 8 / 40 	 Time Taken: 7 sec
2025-12-29 15:46:44,089 - utils.logger2025-12-29-15.45.17 - INFO - learning rate = 0.0002000
2025-12-29 15:46:45,388 - utils.logger2025-12-29-15.45.17 - INFO - Val result of epoch 8 / 40 acc 0.5649 uar 0.5550 f1 0.5639
2025-12-29 15:46:46,719 - utils.logger2025-12-29-15.45.17 - INFO - Tst result of epoch 8 / 40 acc 0.6193 uar 0.6175 f1 0.6033
2025-12-29 15:46:47,576 - utils.logger2025-12-29-15.45.17 - INFO - Cur epoch 9 loss CE:1.0684 mse:0.0108 consistent:0.0000
2025-12-29 15:46:48,583 - utils.logger2025-12-29-15.45.17 - INFO - Cur epoch 9 loss CE:0.6321 mse:0.0115 consistent:0.0000
2025-12-29 15:46:49,650 - utils.logger2025-12-29-15.45.17 - INFO - Cur epoch 9 loss CE:0.7242 mse:0.0118 consistent:0.0000
2025-12-29 15:46:50,861 - utils.logger2025-12-29-15.45.17 - INFO - Cur epoch 9 loss CE:0.7098 mse:0.0129 consistent:0.0000
2025-12-29 15:46:52,247 - utils.logger2025-12-29-15.45.17 - INFO - Cur epoch 9 loss CE:0.3530 mse:0.0096 consistent:0.0000
2025-12-29 15:46:53,260 - utils.logger2025-12-29-15.45.17 - INFO - saving the model at the end of epoch 9, iters 40608
2025-12-29 15:46:53,366 - utils.logger2025-12-29-15.45.17 - INFO - End of training epoch 9 / 40 	 Time Taken: 6 sec
2025-12-29 15:46:53,366 - utils.logger2025-12-29-15.45.17 - INFO - learning rate = 0.0002000
2025-12-29 15:46:54,658 - utils.logger2025-12-29-15.45.17 - INFO - Val result of epoch 9 / 40 acc 0.5653 uar 0.5364 f1 0.5563
2025-12-29 15:46:55,974 - utils.logger2025-12-29-15.45.17 - INFO - Tst result of epoch 9 / 40 acc 0.6247 uar 0.5977 f1 0.5907
2025-12-29 15:46:56,252 - utils.logger2025-12-29-15.45.17 - INFO - Cur epoch 10 loss CE:0.4703 mse:0.0109 consistent:0.0000
2025-12-29 15:46:57,429 - utils.logger2025-12-29-15.45.17 - INFO - Cur epoch 10 loss CE:0.5916 mse:0.0098 consistent:0.0000
2025-12-29 15:46:58,669 - utils.logger2025-12-29-15.45.17 - INFO - Cur epoch 10 loss CE:0.4560 mse:0.0100 consistent:0.0000
2025-12-29 15:47:00,037 - utils.logger2025-12-29-15.45.17 - INFO - Cur epoch 10 loss CE:0.5257 mse:0.0118 consistent:0.0000
2025-12-29 15:47:01,272 - utils.logger2025-12-29-15.45.17 - INFO - Cur epoch 10 loss CE:0.7163 mse:0.0108 consistent:0.0000
2025-12-29 15:47:02,478 - utils.logger2025-12-29-15.45.17 - INFO - Cur epoch 10 loss CE:0.6347 mse:0.0091 consistent:0.0000
2025-12-29 15:47:02,977 - utils.logger2025-12-29-15.45.17 - INFO - saving the model at the end of epoch 10, iters 45120
2025-12-29 15:47:03,075 - utils.logger2025-12-29-15.45.17 - INFO - End of training epoch 10 / 40 	 Time Taken: 7 sec
2025-12-29 15:47:03,075 - utils.logger2025-12-29-15.45.17 - INFO - learning rate = 0.0002000
2025-12-29 15:47:04,357 - utils.logger2025-12-29-15.45.17 - INFO - Val result of epoch 10 / 40 acc 0.5467 uar 0.5413 f1 0.5495
2025-12-29 15:47:05,699 - utils.logger2025-12-29-15.45.17 - INFO - Tst result of epoch 10 / 40 acc 0.6664 uar 0.6216 f1 0.6268
2025-12-29 15:47:06,387 - utils.logger2025-12-29-15.45.17 - INFO - Cur epoch 11 loss CE:0.4781 mse:0.0078 consistent:0.0000
2025-12-29 15:47:07,620 - utils.logger2025-12-29-15.45.17 - INFO - Cur epoch 11 loss CE:0.5671 mse:0.0103 consistent:0.0000
2025-12-29 15:47:08,872 - utils.logger2025-12-29-15.45.17 - INFO - Cur epoch 11 loss CE:0.7239 mse:0.0101 consistent:0.0000
2025-12-29 15:47:10,114 - utils.logger2025-12-29-15.45.17 - INFO - Cur epoch 11 loss CE:0.6173 mse:0.0100 consistent:0.0000
2025-12-29 15:47:11,330 - utils.logger2025-12-29-15.45.17 - INFO - Cur epoch 11 loss CE:0.7937 mse:0.0105 consistent:0.0000
2025-12-29 15:47:12,544 - utils.logger2025-12-29-15.45.17 - INFO - Cur epoch 11 loss CE:0.5090 mse:0.0127 consistent:0.0000
2025-12-29 15:47:12,593 - utils.logger2025-12-29-15.45.17 - INFO - saving the model at the end of epoch 11, iters 49632
2025-12-29 15:47:12,693 - utils.logger2025-12-29-15.45.17 - INFO - End of training epoch 11 / 40 	 Time Taken: 6 sec
2025-12-29 15:47:12,693 - utils.logger2025-12-29-15.45.17 - INFO - learning rate = 0.0002000
2025-12-29 15:47:14,006 - utils.logger2025-12-29-15.45.17 - INFO - Val result of epoch 11 / 40 acc 0.5345 uar 0.5413 f1 0.5360
2025-12-29 15:47:15,349 - utils.logger2025-12-29-15.45.17 - INFO - Tst result of epoch 11 / 40 acc 0.6692 uar 0.6046 f1 0.6115
2025-12-29 15:47:16,310 - utils.logger2025-12-29-15.45.17 - INFO - Cur epoch 12 loss CE:0.4797 mse:0.0098 consistent:0.0000
2025-12-29 15:47:17,592 - utils.logger2025-12-29-15.45.17 - INFO - Cur epoch 12 loss CE:0.5233 mse:0.0106 consistent:0.0000
2025-12-29 15:47:18,855 - utils.logger2025-12-29-15.45.17 - INFO - Cur epoch 12 loss CE:0.5401 mse:0.0117 consistent:0.0000
2025-12-29 15:47:20,049 - utils.logger2025-12-29-15.45.17 - INFO - Cur epoch 12 loss CE:0.5180 mse:0.0107 consistent:0.0000
2025-12-29 15:47:21,266 - utils.logger2025-12-29-15.45.17 - INFO - Cur epoch 12 loss CE:0.5988 mse:0.0111 consistent:0.0000
2025-12-29 15:47:22,029 - utils.logger2025-12-29-15.45.17 - INFO - saving the model at the end of epoch 12, iters 54144
2025-12-29 15:47:22,125 - utils.logger2025-12-29-15.45.17 - INFO - End of training epoch 12 / 40 	 Time Taken: 6 sec
2025-12-29 15:47:22,126 - utils.logger2025-12-29-15.45.17 - INFO - learning rate = 0.0002000
2025-12-29 15:47:23,411 - utils.logger2025-12-29-15.45.17 - INFO - Val result of epoch 12 / 40 acc 0.5560 uar 0.5317 f1 0.5536
2025-12-29 15:47:24,762 - utils.logger2025-12-29-15.45.17 - INFO - Tst result of epoch 12 / 40 acc 0.6206 uar 0.6078 f1 0.5967
2025-12-29 15:47:25,136 - utils.logger2025-12-29-15.45.17 - INFO - Cur epoch 13 loss CE:0.5947 mse:0.0092 consistent:0.0000
2025-12-29 15:47:26,227 - utils.logger2025-12-29-15.45.17 - INFO - Cur epoch 13 loss CE:1.2070 mse:0.0116 consistent:0.0000
2025-12-29 15:47:27,244 - utils.logger2025-12-29-15.45.17 - INFO - Cur epoch 13 loss CE:0.3998 mse:0.0090 consistent:0.0000
2025-12-29 15:47:28,366 - utils.logger2025-12-29-15.45.17 - INFO - Cur epoch 13 loss CE:0.3285 mse:0.0084 consistent:0.0000
2025-12-29 15:47:29,651 - utils.logger2025-12-29-15.45.17 - INFO - Cur epoch 13 loss CE:0.6767 mse:0.0106 consistent:0.0000
2025-12-29 15:47:30,856 - utils.logger2025-12-29-15.45.17 - INFO - Cur epoch 13 loss CE:0.2647 mse:0.0082 consistent:0.0000
2025-12-29 15:47:31,242 - utils.logger2025-12-29-15.45.17 - INFO - saving the model at the end of epoch 13, iters 58656
2025-12-29 15:47:31,341 - utils.logger2025-12-29-15.45.17 - INFO - End of training epoch 13 / 40 	 Time Taken: 6 sec
2025-12-29 15:47:31,341 - utils.logger2025-12-29-15.45.17 - INFO - learning rate = 0.0002000
2025-12-29 15:47:32,644 - utils.logger2025-12-29-15.45.17 - INFO - Val result of epoch 13 / 40 acc 0.5666 uar 0.5362 f1 0.5582
2025-12-29 15:47:33,957 - utils.logger2025-12-29-15.45.17 - INFO - Tst result of epoch 13 / 40 acc 0.6316 uar 0.6127 f1 0.5993
2025-12-29 15:47:34,594 - utils.logger2025-12-29-15.45.17 - INFO - Cur epoch 14 loss CE:0.5302 mse:0.0108 consistent:0.0000
2025-12-29 15:47:35,776 - utils.logger2025-12-29-15.45.17 - INFO - Cur epoch 14 loss CE:0.5956 mse:0.0104 consistent:0.0000
2025-12-29 15:47:37,051 - utils.logger2025-12-29-15.45.17 - INFO - Cur epoch 14 loss CE:0.5722 mse:0.0100 consistent:0.0000
2025-12-29 15:47:38,430 - utils.logger2025-12-29-15.45.17 - INFO - Cur epoch 14 loss CE:0.8885 mse:0.0088 consistent:0.0000
2025-12-29 15:47:39,778 - utils.logger2025-12-29-15.45.17 - INFO - Cur epoch 14 loss CE:0.3923 mse:0.0082 consistent:0.0000
2025-12-29 15:47:41,020 - utils.logger2025-12-29-15.45.17 - INFO - saving the model at the end of epoch 14, iters 63168
2025-12-29 15:47:41,144 - utils.logger2025-12-29-15.45.17 - INFO - End of training epoch 14 / 40 	 Time Taken: 7 sec
2025-12-29 15:47:41,144 - utils.logger2025-12-29-15.45.17 - INFO - learning rate = 0.0002000
2025-12-29 15:47:42,521 - utils.logger2025-12-29-15.45.17 - INFO - Val result of epoch 14 / 40 acc 0.5875 uar 0.5738 f1 0.5916
2025-12-29 15:47:43,776 - utils.logger2025-12-29-15.45.17 - INFO - Tst result of epoch 14 / 40 acc 0.6168 uar 0.6083 f1 0.5983
2025-12-29 15:47:43,823 - utils.logger2025-12-29-15.45.17 - INFO - Cur epoch 15 loss CE:0.7517 mse:0.0112 consistent:0.0000
2025-12-29 15:47:45,008 - utils.logger2025-12-29-15.45.17 - INFO - Cur epoch 15 loss CE:0.6480 mse:0.0074 consistent:0.0000
2025-12-29 15:47:46,231 - utils.logger2025-12-29-15.45.17 - INFO - Cur epoch 15 loss CE:0.4193 mse:0.0094 consistent:0.0000
2025-12-29 15:47:47,523 - utils.logger2025-12-29-15.45.17 - INFO - Cur epoch 15 loss CE:0.5282 mse:0.0090 consistent:0.0000
2025-12-29 15:47:48,859 - utils.logger2025-12-29-15.45.17 - INFO - Cur epoch 15 loss CE:0.2561 mse:0.0078 consistent:0.0000
2025-12-29 15:47:50,137 - utils.logger2025-12-29-15.45.17 - INFO - Cur epoch 15 loss CE:0.4550 mse:0.0096 consistent:0.0000
2025-12-29 15:47:50,867 - utils.logger2025-12-29-15.45.17 - INFO - saving the model at the end of epoch 15, iters 67680
2025-12-29 15:47:50,971 - utils.logger2025-12-29-15.45.17 - INFO - End of training epoch 15 / 40 	 Time Taken: 7 sec
2025-12-29 15:47:50,971 - utils.logger2025-12-29-15.45.17 - INFO - learning rate = 0.0002000
2025-12-29 15:47:52,213 - utils.logger2025-12-29-15.45.17 - INFO - Val result of epoch 15 / 40 acc 0.5749 uar 0.5733 f1 0.5785
2025-12-29 15:47:53,415 - utils.logger2025-12-29-15.45.17 - INFO - Tst result of epoch 15 / 40 acc 0.6490 uar 0.6099 f1 0.6137
2025-12-29 15:47:53,861 - utils.logger2025-12-29-15.45.17 - INFO - Cur epoch 16 loss CE:0.6553 mse:0.0089 consistent:0.0000
2025-12-29 15:47:55,064 - utils.logger2025-12-29-15.45.17 - INFO - Cur epoch 16 loss CE:0.5344 mse:0.0065 consistent:0.0000
2025-12-29 15:47:56,294 - utils.logger2025-12-29-15.45.17 - INFO - Cur epoch 16 loss CE:0.8330 mse:0.0103 consistent:0.0000
2025-12-29 15:47:57,509 - utils.logger2025-12-29-15.45.17 - INFO - Cur epoch 16 loss CE:0.7187 mse:0.0105 consistent:0.0000
2025-12-29 15:47:58,732 - utils.logger2025-12-29-15.45.17 - INFO - Cur epoch 16 loss CE:0.3134 mse:0.0084 consistent:0.0000
2025-12-29 15:47:59,939 - utils.logger2025-12-29-15.45.17 - INFO - Cur epoch 16 loss CE:0.3303 mse:0.0081 consistent:0.0000
2025-12-29 15:48:00,236 - utils.logger2025-12-29-15.45.17 - INFO - saving the model at the end of epoch 16, iters 72192
2025-12-29 15:48:00,340 - utils.logger2025-12-29-15.45.17 - INFO - End of training epoch 16 / 40 	 Time Taken: 6 sec
2025-12-29 15:48:00,340 - utils.logger2025-12-29-15.45.17 - INFO - learning rate = 0.0002000
2025-12-29 15:48:01,553 - utils.logger2025-12-29-15.45.17 - INFO - Val result of epoch 16 / 40 acc 0.5573 uar 0.5572 f1 0.5675
2025-12-29 15:48:02,806 - utils.logger2025-12-29-15.45.17 - INFO - Tst result of epoch 16 / 40 acc 0.6458 uar 0.6170 f1 0.6102
2025-12-29 15:48:03,581 - utils.logger2025-12-29-15.45.17 - INFO - Cur epoch 17 loss CE:0.3968 mse:0.0084 consistent:0.0000
2025-12-29 15:48:04,768 - utils.logger2025-12-29-15.45.17 - INFO - Cur epoch 17 loss CE:0.3886 mse:0.0093 consistent:0.0000
2025-12-29 15:48:05,974 - utils.logger2025-12-29-15.45.17 - INFO - Cur epoch 17 loss CE:0.2868 mse:0.0082 consistent:0.0000
2025-12-29 15:48:07,225 - utils.logger2025-12-29-15.45.17 - INFO - Cur epoch 17 loss CE:0.2490 mse:0.0070 consistent:0.0000
2025-12-29 15:48:08,397 - utils.logger2025-12-29-15.45.17 - INFO - Cur epoch 17 loss CE:0.5444 mse:0.0108 consistent:0.0000
2025-12-29 15:48:09,366 - utils.logger2025-12-29-15.45.17 - INFO - saving the model at the end of epoch 17, iters 76704
2025-12-29 15:48:09,455 - utils.logger2025-12-29-15.45.17 - INFO - End of training epoch 17 / 40 	 Time Taken: 6 sec
2025-12-29 15:48:09,455 - utils.logger2025-12-29-15.45.17 - INFO - learning rate = 0.0002000
2025-12-29 15:48:10,644 - utils.logger2025-12-29-15.45.17 - INFO - Val result of epoch 17 / 40 acc 0.5510 uar 0.5590 f1 0.5546
2025-12-29 15:48:11,914 - utils.logger2025-12-29-15.45.17 - INFO - Tst result of epoch 17 / 40 acc 0.6499 uar 0.6073 f1 0.6087
2025-12-29 15:48:12,045 - utils.logger2025-12-29-15.45.17 - INFO - Cur epoch 18 loss CE:0.4038 mse:0.0104 consistent:0.0000
2025-12-29 15:48:13,146 - utils.logger2025-12-29-15.45.17 - INFO - Cur epoch 18 loss CE:0.4020 mse:0.0085 consistent:0.0000
2025-12-29 15:48:14,367 - utils.logger2025-12-29-15.45.17 - INFO - Cur epoch 18 loss CE:0.4596 mse:0.0096 consistent:0.0000
2025-12-29 15:48:15,685 - utils.logger2025-12-29-15.45.17 - INFO - Cur epoch 18 loss CE:0.6206 mse:0.0083 consistent:0.0000
2025-12-29 15:48:17,005 - utils.logger2025-12-29-15.45.17 - INFO - Cur epoch 18 loss CE:0.3683 mse:0.0084 consistent:0.0000
2025-12-29 15:48:18,294 - utils.logger2025-12-29-15.45.17 - INFO - Cur epoch 18 loss CE:0.5198 mse:0.0078 consistent:0.0000
2025-12-29 15:48:18,991 - utils.logger2025-12-29-15.45.17 - INFO - saving the model at the end of epoch 18, iters 81216
2025-12-29 15:48:19,113 - utils.logger2025-12-29-15.45.17 - INFO - End of training epoch 18 / 40 	 Time Taken: 7 sec
2025-12-29 15:48:19,114 - utils.logger2025-12-29-15.45.17 - INFO - learning rate = 0.0002000
2025-12-29 15:48:20,698 - utils.logger2025-12-29-15.45.17 - INFO - Val result of epoch 18 / 40 acc 0.5540 uar 0.5579 f1 0.5636
2025-12-29 15:48:22,008 - utils.logger2025-12-29-15.45.17 - INFO - Tst result of epoch 18 / 40 acc 0.6616 uar 0.6285 f1 0.6283
2025-12-29 15:48:22,545 - utils.logger2025-12-29-15.45.17 - INFO - Cur epoch 19 loss CE:0.4882 mse:0.0097 consistent:0.0000
2025-12-29 15:48:23,779 - utils.logger2025-12-29-15.45.17 - INFO - Cur epoch 19 loss CE:0.4497 mse:0.0090 consistent:0.0000
2025-12-29 15:48:25,026 - utils.logger2025-12-29-15.45.17 - INFO - Cur epoch 19 loss CE:0.4194 mse:0.0109 consistent:0.0000
2025-12-29 15:48:26,273 - utils.logger2025-12-29-15.45.17 - INFO - Cur epoch 19 loss CE:0.6845 mse:0.0085 consistent:0.0000
2025-12-29 15:48:27,602 - utils.logger2025-12-29-15.45.17 - INFO - Cur epoch 19 loss CE:0.6536 mse:0.0103 consistent:0.0000
2025-12-29 15:48:28,970 - utils.logger2025-12-29-15.45.17 - INFO - Cur epoch 19 loss CE:0.4308 mse:0.0121 consistent:0.0000
2025-12-29 15:48:29,193 - utils.logger2025-12-29-15.45.17 - INFO - saving the model at the end of epoch 19, iters 85728
2025-12-29 15:48:29,307 - utils.logger2025-12-29-15.45.17 - INFO - End of training epoch 19 / 40 	 Time Taken: 7 sec
2025-12-29 15:48:29,307 - utils.logger2025-12-29-15.45.17 - INFO - learning rate = 0.0002000
2025-12-29 15:48:30,697 - utils.logger2025-12-29-15.45.17 - INFO - Val result of epoch 19 / 40 acc 0.5577 uar 0.5499 f1 0.5594
2025-12-29 15:48:31,947 - utils.logger2025-12-29-15.45.17 - INFO - Tst result of epoch 19 / 40 acc 0.6430 uar 0.6507 f1 0.6205
2025-12-29 15:48:32,923 - utils.logger2025-12-29-15.45.17 - INFO - Cur epoch 20 loss CE:0.5274 mse:0.0081 consistent:0.0000
2025-12-29 15:48:34,151 - utils.logger2025-12-29-15.45.17 - INFO - Cur epoch 20 loss CE:0.5503 mse:0.0102 consistent:0.0000
2025-12-29 15:48:35,313 - utils.logger2025-12-29-15.45.17 - INFO - Cur epoch 20 loss CE:0.5195 mse:0.0093 consistent:0.0000
2025-12-29 15:48:36,307 - utils.logger2025-12-29-15.45.17 - INFO - Cur epoch 20 loss CE:0.3990 mse:0.0100 consistent:0.0000
2025-12-29 15:48:37,329 - utils.logger2025-12-29-15.45.17 - INFO - Cur epoch 20 loss CE:0.4525 mse:0.0105 consistent:0.0000
2025-12-29 15:48:38,286 - utils.logger2025-12-29-15.45.17 - INFO - saving the model at the end of epoch 20, iters 90240
2025-12-29 15:48:38,386 - utils.logger2025-12-29-15.45.17 - INFO - End of training epoch 20 / 40 	 Time Taken: 6 sec
2025-12-29 15:48:38,386 - utils.logger2025-12-29-15.45.17 - INFO - learning rate = 0.0001905
2025-12-29 15:48:39,618 - utils.logger2025-12-29-15.45.17 - INFO - Val result of epoch 20 / 40 acc 0.5394 uar 0.5250 f1 0.5433
2025-12-29 15:48:40,860 - utils.logger2025-12-29-15.45.17 - INFO - Tst result of epoch 20 / 40 acc 0.6263 uar 0.6056 f1 0.5996
2025-12-29 15:48:41,083 - utils.logger2025-12-29-15.45.17 - INFO - Cur epoch 21 loss CE:0.4208 mse:0.0078 consistent:0.0000
2025-12-29 15:48:42,263 - utils.logger2025-12-29-15.45.17 - INFO - Cur epoch 21 loss CE:0.4530 mse:0.0094 consistent:0.0000
2025-12-29 15:48:43,446 - utils.logger2025-12-29-15.45.17 - INFO - Cur epoch 21 loss CE:0.3272 mse:0.0095 consistent:0.0000
2025-12-29 15:48:44,630 - utils.logger2025-12-29-15.45.17 - INFO - Cur epoch 21 loss CE:0.4312 mse:0.0088 consistent:0.0000
2025-12-29 15:48:45,865 - utils.logger2025-12-29-15.45.17 - INFO - Cur epoch 21 loss CE:0.3145 mse:0.0089 consistent:0.0000
2025-12-29 15:48:47,099 - utils.logger2025-12-29-15.45.17 - INFO - Cur epoch 21 loss CE:0.5182 mse:0.0094 consistent:0.0000
2025-12-29 15:48:47,643 - utils.logger2025-12-29-15.45.17 - INFO - saving the model at the end of epoch 21, iters 94752
2025-12-29 15:48:47,742 - utils.logger2025-12-29-15.45.17 - INFO - End of training epoch 21 / 40 	 Time Taken: 6 sec
2025-12-29 15:48:47,742 - utils.logger2025-12-29-15.45.17 - INFO - learning rate = 0.0001810
2025-12-29 15:48:48,969 - utils.logger2025-12-29-15.45.17 - INFO - Val result of epoch 21 / 40 acc 0.5620 uar 0.5576 f1 0.5696
2025-12-29 15:48:50,249 - utils.logger2025-12-29-15.45.17 - INFO - Tst result of epoch 21 / 40 acc 0.6651 uar 0.6540 f1 0.6395
2025-12-29 15:48:50,894 - utils.logger2025-12-29-15.45.17 - INFO - Cur epoch 22 loss CE:0.3908 mse:0.0103 consistent:0.0000
2025-12-29 15:48:52,075 - utils.logger2025-12-29-15.45.17 - INFO - Cur epoch 22 loss CE:0.3568 mse:0.0075 consistent:0.0000
2025-12-29 15:48:53,261 - utils.logger2025-12-29-15.45.17 - INFO - Cur epoch 22 loss CE:0.7515 mse:0.0090 consistent:0.0000
2025-12-29 15:48:54,498 - utils.logger2025-12-29-15.45.17 - INFO - Cur epoch 22 loss CE:0.7640 mse:0.0094 consistent:0.0000
2025-12-29 15:48:55,745 - utils.logger2025-12-29-15.45.17 - INFO - Cur epoch 22 loss CE:0.3863 mse:0.0092 consistent:0.0000
2025-12-29 15:48:56,955 - utils.logger2025-12-29-15.45.17 - INFO - Cur epoch 22 loss CE:0.6253 mse:0.0090 consistent:0.0000
2025-12-29 15:48:57,049 - utils.logger2025-12-29-15.45.17 - INFO - saving the model at the end of epoch 22, iters 99264
2025-12-29 15:48:57,142 - utils.logger2025-12-29-15.45.17 - INFO - End of training epoch 22 / 40 	 Time Taken: 6 sec
2025-12-29 15:48:57,142 - utils.logger2025-12-29-15.45.17 - INFO - learning rate = 0.0001714
2025-12-29 15:48:58,372 - utils.logger2025-12-29-15.45.17 - INFO - Val result of epoch 22 / 40 acc 0.5613 uar 0.5575 f1 0.5680
2025-12-29 15:48:59,604 - utils.logger2025-12-29-15.45.17 - INFO - Tst result of epoch 22 / 40 acc 0.6566 uar 0.6293 f1 0.6245
2025-12-29 15:49:00,669 - utils.logger2025-12-29-15.45.17 - INFO - Cur epoch 23 loss CE:0.2359 mse:0.0073 consistent:0.0000
2025-12-29 15:49:01,878 - utils.logger2025-12-29-15.45.17 - INFO - Cur epoch 23 loss CE:0.5036 mse:0.0105 consistent:0.0000
2025-12-29 15:49:03,089 - utils.logger2025-12-29-15.45.17 - INFO - Cur epoch 23 loss CE:0.1245 mse:0.0078 consistent:0.0000
2025-12-29 15:49:04,299 - utils.logger2025-12-29-15.45.17 - INFO - Cur epoch 23 loss CE:0.5428 mse:0.0086 consistent:0.0000
2025-12-29 15:49:05,520 - utils.logger2025-12-29-15.45.17 - INFO - Cur epoch 23 loss CE:0.7982 mse:0.0054 consistent:0.0000
2025-12-29 15:49:06,365 - utils.logger2025-12-29-15.45.17 - INFO - saving the model at the end of epoch 23, iters 103776
2025-12-29 15:49:06,462 - utils.logger2025-12-29-15.45.17 - INFO - End of training epoch 23 / 40 	 Time Taken: 6 sec
2025-12-29 15:49:06,462 - utils.logger2025-12-29-15.45.17 - INFO - learning rate = 0.0001619
2025-12-29 15:49:07,663 - utils.logger2025-12-29-15.45.17 - INFO - Val result of epoch 23 / 40 acc 0.5593 uar 0.5414 f1 0.5617
2025-12-29 15:49:08,927 - utils.logger2025-12-29-15.45.17 - INFO - Tst result of epoch 23 / 40 acc 0.6402 uar 0.6266 f1 0.6170
2025-12-29 15:49:09,249 - utils.logger2025-12-29-15.45.17 - INFO - Cur epoch 24 loss CE:0.4458 mse:0.0073 consistent:0.0000
2025-12-29 15:49:10,459 - utils.logger2025-12-29-15.45.17 - INFO - Cur epoch 24 loss CE:0.3131 mse:0.0079 consistent:0.0000
2025-12-29 15:49:11,682 - utils.logger2025-12-29-15.45.17 - INFO - Cur epoch 24 loss CE:0.2992 mse:0.0068 consistent:0.0000
2025-12-29 15:49:12,920 - utils.logger2025-12-29-15.45.17 - INFO - Cur epoch 24 loss CE:0.1944 mse:0.0073 consistent:0.0000
2025-12-29 15:49:14,161 - utils.logger2025-12-29-15.45.17 - INFO - Cur epoch 24 loss CE:0.5715 mse:0.0093 consistent:0.0000
2025-12-29 15:49:15,470 - utils.logger2025-12-29-15.45.17 - INFO - Cur epoch 24 loss CE:0.4677 mse:0.0082 consistent:0.0000
2025-12-29 15:49:15,936 - utils.logger2025-12-29-15.45.17 - INFO - saving the model at the end of epoch 24, iters 108288
2025-12-29 15:49:16,056 - utils.logger2025-12-29-15.45.17 - INFO - End of training epoch 24 / 40 	 Time Taken: 7 sec
2025-12-29 15:49:16,056 - utils.logger2025-12-29-15.45.17 - INFO - learning rate = 0.0001524
2025-12-29 15:49:17,591 - utils.logger2025-12-29-15.45.17 - INFO - Val result of epoch 24 / 40 acc 0.5762 uar 0.5630 f1 0.5774
2025-12-29 15:49:19,178 - utils.logger2025-12-29-15.45.17 - INFO - Tst result of epoch 24 / 40 acc 0.6610 uar 0.6394 f1 0.6332
2025-12-29 15:49:20,010 - utils.logger2025-12-29-15.45.17 - INFO - Cur epoch 25 loss CE:0.4326 mse:0.0103 consistent:0.0000
2025-12-29 15:49:21,360 - utils.logger2025-12-29-15.45.17 - INFO - Cur epoch 25 loss CE:0.5157 mse:0.0082 consistent:0.0000
2025-12-29 15:49:22,603 - utils.logger2025-12-29-15.45.17 - INFO - Cur epoch 25 loss CE:0.3708 mse:0.0077 consistent:0.0000
2025-12-29 15:49:23,864 - utils.logger2025-12-29-15.45.17 - INFO - Cur epoch 25 loss CE:0.4170 mse:0.0076 consistent:0.0000
2025-12-29 15:49:25,198 - utils.logger2025-12-29-15.45.17 - INFO - Cur epoch 25 loss CE:0.3484 mse:0.0086 consistent:0.0000
2025-12-29 15:49:26,568 - utils.logger2025-12-29-15.45.17 - INFO - Cur epoch 25 loss CE:0.4060 mse:0.0088 consistent:0.0000
2025-12-29 15:49:26,568 - utils.logger2025-12-29-15.45.17 - INFO - saving the model at the end of epoch 25, iters 112800
2025-12-29 15:49:26,689 - utils.logger2025-12-29-15.45.17 - INFO - End of training epoch 25 / 40 	 Time Taken: 7 sec
2025-12-29 15:49:26,689 - utils.logger2025-12-29-15.45.17 - INFO - learning rate = 0.0001429
2025-12-29 15:49:28,254 - utils.logger2025-12-29-15.45.17 - INFO - Val result of epoch 25 / 40 acc 0.5679 uar 0.5544 f1 0.5688
2025-12-29 15:49:29,850 - utils.logger2025-12-29-15.45.17 - INFO - Tst result of epoch 25 / 40 acc 0.6518 uar 0.6357 f1 0.6257
2025-12-29 15:49:31,136 - utils.logger2025-12-29-15.45.17 - INFO - Cur epoch 26 loss CE:0.2956 mse:0.0084 consistent:0.0000
2025-12-29 15:49:32,345 - utils.logger2025-12-29-15.45.17 - INFO - Cur epoch 26 loss CE:0.6006 mse:0.0098 consistent:0.0000
2025-12-29 15:49:33,559 - utils.logger2025-12-29-15.45.17 - INFO - Cur epoch 26 loss CE:0.3678 mse:0.0070 consistent:0.0000
2025-12-29 15:49:34,795 - utils.logger2025-12-29-15.45.17 - INFO - Cur epoch 26 loss CE:0.4052 mse:0.0077 consistent:0.0000
2025-12-29 15:49:36,040 - utils.logger2025-12-29-15.45.17 - INFO - Cur epoch 26 loss CE:0.2705 mse:0.0083 consistent:0.0000
2025-12-29 15:49:36,853 - utils.logger2025-12-29-15.45.17 - INFO - saving the model at the end of epoch 26, iters 117312
2025-12-29 15:49:36,974 - utils.logger2025-12-29-15.45.17 - INFO - End of training epoch 26 / 40 	 Time Taken: 7 sec
2025-12-29 15:49:36,975 - utils.logger2025-12-29-15.45.17 - INFO - learning rate = 0.0001333
2025-12-29 15:49:38,166 - utils.logger2025-12-29-15.45.17 - INFO - Val result of epoch 26 / 40 acc 0.5746 uar 0.5739 f1 0.5819
2025-12-29 15:49:39,377 - utils.logger2025-12-29-15.45.17 - INFO - Tst result of epoch 26 / 40 acc 0.6667 uar 0.6402 f1 0.6336
2025-12-29 15:49:39,776 - utils.logger2025-12-29-15.45.17 - INFO - Cur epoch 27 loss CE:0.4409 mse:0.0104 consistent:0.0000
2025-12-29 15:49:40,965 - utils.logger2025-12-29-15.45.17 - INFO - Cur epoch 27 loss CE:0.3092 mse:0.0083 consistent:0.0000
2025-12-29 15:49:42,172 - utils.logger2025-12-29-15.45.17 - INFO - Cur epoch 27 loss CE:0.3601 mse:0.0082 consistent:0.0000
2025-12-29 15:49:43,398 - utils.logger2025-12-29-15.45.17 - INFO - Cur epoch 27 loss CE:0.6594 mse:0.0089 consistent:0.0000
2025-12-29 15:49:44,641 - utils.logger2025-12-29-15.45.17 - INFO - Cur epoch 27 loss CE:0.6149 mse:0.0077 consistent:0.0000
2025-12-29 15:49:45,847 - utils.logger2025-12-29-15.45.17 - INFO - Cur epoch 27 loss CE:0.3694 mse:0.0062 consistent:0.0000
2025-12-29 15:49:46,191 - utils.logger2025-12-29-15.45.17 - INFO - saving the model at the end of epoch 27, iters 121824
2025-12-29 15:49:46,309 - utils.logger2025-12-29-15.45.17 - INFO - End of training epoch 27 / 40 	 Time Taken: 6 sec
2025-12-29 15:49:46,309 - utils.logger2025-12-29-15.45.17 - INFO - learning rate = 0.0001238
2025-12-29 15:49:47,844 - utils.logger2025-12-29-15.45.17 - INFO - Val result of epoch 27 / 40 acc 0.5765 uar 0.5618 f1 0.5750
2025-12-29 15:49:49,417 - utils.logger2025-12-29-15.45.17 - INFO - Tst result of epoch 27 / 40 acc 0.6477 uar 0.6162 f1 0.6153
2025-12-29 15:49:50,339 - utils.logger2025-12-29-15.45.17 - INFO - Cur epoch 28 loss CE:0.5098 mse:0.0069 consistent:0.0000
2025-12-29 15:49:51,507 - utils.logger2025-12-29-15.45.17 - INFO - Cur epoch 28 loss CE:0.3997 mse:0.0088 consistent:0.0000
2025-12-29 15:49:52,694 - utils.logger2025-12-29-15.45.17 - INFO - Cur epoch 28 loss CE:0.3214 mse:0.0078 consistent:0.0000
2025-12-29 15:49:53,893 - utils.logger2025-12-29-15.45.17 - INFO - Cur epoch 28 loss CE:0.5123 mse:0.0113 consistent:0.0000
2025-12-29 15:49:55,093 - utils.logger2025-12-29-15.45.17 - INFO - Cur epoch 28 loss CE:0.2992 mse:0.0063 consistent:0.0000
2025-12-29 15:49:56,113 - utils.logger2025-12-29-15.45.17 - INFO - saving the model at the end of epoch 28, iters 126336
2025-12-29 15:49:56,207 - utils.logger2025-12-29-15.45.17 - INFO - End of training epoch 28 / 40 	 Time Taken: 6 sec
2025-12-29 15:49:56,207 - utils.logger2025-12-29-15.45.17 - INFO - learning rate = 0.0001143
2025-12-29 15:49:57,350 - utils.logger2025-12-29-15.45.17 - INFO - Val result of epoch 28 / 40 acc 0.5540 uar 0.5624 f1 0.5619
2025-12-29 15:49:58,533 - utils.logger2025-12-29-15.45.17 - INFO - Tst result of epoch 28 / 40 acc 0.6843 uar 0.6552 f1 0.6483
2025-12-29 15:49:58,620 - utils.logger2025-12-29-15.45.17 - INFO - Cur epoch 29 loss CE:0.5161 mse:0.0074 consistent:0.0000
2025-12-29 15:49:59,807 - utils.logger2025-12-29-15.45.17 - INFO - Cur epoch 29 loss CE:0.2632 mse:0.0100 consistent:0.0000
2025-12-29 15:50:01,001 - utils.logger2025-12-29-15.45.17 - INFO - Cur epoch 29 loss CE:0.4435 mse:0.0086 consistent:0.0000
2025-12-29 15:50:02,206 - utils.logger2025-12-29-15.45.17 - INFO - Cur epoch 29 loss CE:0.3451 mse:0.0075 consistent:0.0000
2025-12-29 15:50:03,316 - utils.logger2025-12-29-15.45.17 - INFO - Cur epoch 29 loss CE:0.3122 mse:0.0070 consistent:0.0000
2025-12-29 15:50:04,579 - utils.logger2025-12-29-15.45.17 - INFO - Cur epoch 29 loss CE:0.6854 mse:0.0081 consistent:0.0000
2025-12-29 15:50:05,305 - utils.logger2025-12-29-15.45.17 - INFO - saving the model at the end of epoch 29, iters 130848
2025-12-29 15:50:05,428 - utils.logger2025-12-29-15.45.17 - INFO - End of training epoch 29 / 40 	 Time Taken: 6 sec
2025-12-29 15:50:05,428 - utils.logger2025-12-29-15.45.17 - INFO - learning rate = 0.0001048
2025-12-29 15:50:07,023 - utils.logger2025-12-29-15.45.17 - INFO - Val result of epoch 29 / 40 acc 0.5752 uar 0.5560 f1 0.5741
2025-12-29 15:50:08,498 - utils.logger2025-12-29-15.45.17 - INFO - Tst result of epoch 29 / 40 acc 0.6635 uar 0.6456 f1 0.6370
2025-12-29 15:50:08,993 - utils.logger2025-12-29-15.45.17 - INFO - Cur epoch 30 loss CE:0.3891 mse:0.0081 consistent:0.0000
2025-12-29 15:50:10,146 - utils.logger2025-12-29-15.45.17 - INFO - Cur epoch 30 loss CE:0.4445 mse:0.0073 consistent:0.0000
2025-12-29 15:50:11,278 - utils.logger2025-12-29-15.45.17 - INFO - Cur epoch 30 loss CE:0.5295 mse:0.0085 consistent:0.0000
2025-12-29 15:50:12,495 - utils.logger2025-12-29-15.45.17 - INFO - Cur epoch 30 loss CE:0.4383 mse:0.0071 consistent:0.0000
2025-12-29 15:50:13,726 - utils.logger2025-12-29-15.45.17 - INFO - Cur epoch 30 loss CE:0.6878 mse:0.0104 consistent:0.0000
2025-12-29 15:50:14,939 - utils.logger2025-12-29-15.45.17 - INFO - Cur epoch 30 loss CE:0.5187 mse:0.0086 consistent:0.0000
2025-12-29 15:50:15,183 - utils.logger2025-12-29-15.45.17 - INFO - saving the model at the end of epoch 30, iters 135360
2025-12-29 15:50:15,278 - utils.logger2025-12-29-15.45.17 - INFO - End of training epoch 30 / 40 	 Time Taken: 6 sec
2025-12-29 15:50:15,278 - utils.logger2025-12-29-15.45.17 - INFO - learning rate = 0.0000952
2025-12-29 15:50:16,437 - utils.logger2025-12-29-15.45.17 - INFO - Val result of epoch 30 / 40 acc 0.5775 uar 0.5687 f1 0.5798
2025-12-29 15:50:17,713 - utils.logger2025-12-29-15.45.17 - INFO - Tst result of epoch 30 / 40 acc 0.6689 uar 0.6434 f1 0.6369
2025-12-29 15:50:18,630 - utils.logger2025-12-29-15.45.17 - INFO - Cur epoch 31 loss CE:0.6420 mse:0.0089 consistent:0.0000
2025-12-29 15:50:19,837 - utils.logger2025-12-29-15.45.17 - INFO - Cur epoch 31 loss CE:0.5208 mse:0.0100 consistent:0.0000
2025-12-29 15:50:20,990 - utils.logger2025-12-29-15.45.17 - INFO - Cur epoch 31 loss CE:0.1975 mse:0.0064 consistent:0.0000
2025-12-29 15:50:22,221 - utils.logger2025-12-29-15.45.17 - INFO - Cur epoch 31 loss CE:0.4019 mse:0.0092 consistent:0.0000
2025-12-29 15:50:23,441 - utils.logger2025-12-29-15.45.17 - INFO - Cur epoch 31 loss CE:0.2466 mse:0.0060 consistent:0.0000
2025-12-29 15:50:24,422 - utils.logger2025-12-29-15.45.17 - INFO - saving the model at the end of epoch 31, iters 139872
2025-12-29 15:50:24,516 - utils.logger2025-12-29-15.45.17 - INFO - End of training epoch 31 / 40 	 Time Taken: 6 sec
2025-12-29 15:50:24,516 - utils.logger2025-12-29-15.45.17 - INFO - learning rate = 0.0000857
2025-12-29 15:50:25,638 - utils.logger2025-12-29-15.45.17 - INFO - Val result of epoch 31 / 40 acc 0.5762 uar 0.5570 f1 0.5742
2025-12-29 15:50:26,811 - utils.logger2025-12-29-15.45.17 - INFO - Tst result of epoch 31 / 40 acc 0.6616 uar 0.6274 f1 0.6261
2025-12-29 15:50:26,985 - utils.logger2025-12-29-15.45.17 - INFO - Cur epoch 32 loss CE:0.4878 mse:0.0088 consistent:0.0000
2025-12-29 15:50:28,124 - utils.logger2025-12-29-15.45.17 - INFO - Cur epoch 32 loss CE:0.2705 mse:0.0066 consistent:0.0000
2025-12-29 15:50:29,285 - utils.logger2025-12-29-15.45.17 - INFO - Cur epoch 32 loss CE:0.2556 mse:0.0065 consistent:0.0000
2025-12-29 15:50:30,493 - utils.logger2025-12-29-15.45.17 - INFO - Cur epoch 32 loss CE:0.2488 mse:0.0067 consistent:0.0000
2025-12-29 15:50:31,686 - utils.logger2025-12-29-15.45.17 - INFO - Cur epoch 32 loss CE:0.2900 mse:0.0077 consistent:0.0000
2025-12-29 15:50:32,897 - utils.logger2025-12-29-15.45.17 - INFO - Cur epoch 32 loss CE:0.4269 mse:0.0077 consistent:0.0000
2025-12-29 15:50:33,478 - utils.logger2025-12-29-15.45.17 - INFO - saving the model at the end of epoch 32, iters 144384
2025-12-29 15:50:33,573 - utils.logger2025-12-29-15.45.17 - INFO - End of training epoch 32 / 40 	 Time Taken: 6 sec
2025-12-29 15:50:33,573 - utils.logger2025-12-29-15.45.17 - INFO - learning rate = 0.0000762
2025-12-29 15:50:34,700 - utils.logger2025-12-29-15.45.17 - INFO - Val result of epoch 32 / 40 acc 0.5613 uar 0.5457 f1 0.5584
2025-12-29 15:50:35,871 - utils.logger2025-12-29-15.45.17 - INFO - Tst result of epoch 32 / 40 acc 0.6657 uar 0.6213 f1 0.6234
2025-12-29 15:50:36,435 - utils.logger2025-12-29-15.45.17 - INFO - Cur epoch 33 loss CE:0.3621 mse:0.0071 consistent:0.0000
2025-12-29 15:50:37,618 - utils.logger2025-12-29-15.45.17 - INFO - Cur epoch 33 loss CE:0.2060 mse:0.0080 consistent:0.0000
2025-12-29 15:50:38,801 - utils.logger2025-12-29-15.45.17 - INFO - Cur epoch 33 loss CE:0.2064 mse:0.0071 consistent:0.0000
2025-12-29 15:50:39,917 - utils.logger2025-12-29-15.45.17 - INFO - Cur epoch 33 loss CE:0.4549 mse:0.0073 consistent:0.0000
2025-12-29 15:50:40,874 - utils.logger2025-12-29-15.45.17 - INFO - Cur epoch 33 loss CE:0.5060 mse:0.0080 consistent:0.0000
2025-12-29 15:50:41,768 - utils.logger2025-12-29-15.45.17 - INFO - Cur epoch 33 loss CE:0.5052 mse:0.0086 consistent:0.0000
2025-12-29 15:50:41,879 - utils.logger2025-12-29-15.45.17 - INFO - saving the model at the end of epoch 33, iters 148896
2025-12-29 15:50:41,969 - utils.logger2025-12-29-15.45.17 - INFO - End of training epoch 33 / 40 	 Time Taken: 6 sec
2025-12-29 15:50:41,969 - utils.logger2025-12-29-15.45.17 - INFO - learning rate = 0.0000667
2025-12-29 15:50:43,137 - utils.logger2025-12-29-15.45.17 - INFO - Val result of epoch 33 / 40 acc 0.5812 uar 0.5746 f1 0.5838
2025-12-29 15:50:44,331 - utils.logger2025-12-29-15.45.17 - INFO - Tst result of epoch 33 / 40 acc 0.6626 uar 0.6459 f1 0.6391
2025-12-29 15:50:45,235 - utils.logger2025-12-29-15.45.17 - INFO - Cur epoch 34 loss CE:0.1881 mse:0.0080 consistent:0.0000
2025-12-29 15:50:46,487 - utils.logger2025-12-29-15.45.17 - INFO - Cur epoch 34 loss CE:0.5292 mse:0.0088 consistent:0.0000
2025-12-29 15:50:47,743 - utils.logger2025-12-29-15.45.17 - INFO - Cur epoch 34 loss CE:0.4195 mse:0.0085 consistent:0.0000
2025-12-29 15:50:49,001 - utils.logger2025-12-29-15.45.17 - INFO - Cur epoch 34 loss CE:0.3502 mse:0.0081 consistent:0.0000
2025-12-29 15:50:50,301 - utils.logger2025-12-29-15.45.17 - INFO - Cur epoch 34 loss CE:0.0689 mse:0.0054 consistent:0.0000
2025-12-29 15:50:51,321 - utils.logger2025-12-29-15.45.17 - INFO - saving the model at the end of epoch 34, iters 153408
2025-12-29 15:50:51,441 - utils.logger2025-12-29-15.45.17 - INFO - End of training epoch 34 / 40 	 Time Taken: 7 sec
2025-12-29 15:50:51,441 - utils.logger2025-12-29-15.45.17 - INFO - learning rate = 0.0000571
2025-12-29 15:50:52,977 - utils.logger2025-12-29-15.45.17 - INFO - Val result of epoch 34 / 40 acc 0.5706 uar 0.5591 f1 0.5725
2025-12-29 15:50:54,478 - utils.logger2025-12-29-15.45.17 - INFO - Tst result of epoch 34 / 40 acc 0.6676 uar 0.6413 f1 0.6350
2025-12-29 15:50:54,744 - utils.logger2025-12-29-15.45.17 - INFO - Cur epoch 35 loss CE:0.2280 mse:0.0071 consistent:0.0000
2025-12-29 15:50:55,920 - utils.logger2025-12-29-15.45.17 - INFO - Cur epoch 35 loss CE:0.2218 mse:0.0060 consistent:0.0000
2025-12-29 15:50:57,160 - utils.logger2025-12-29-15.45.17 - INFO - Cur epoch 35 loss CE:0.3608 mse:0.0071 consistent:0.0000
2025-12-29 15:50:58,480 - utils.logger2025-12-29-15.45.17 - INFO - Cur epoch 35 loss CE:0.4360 mse:0.0067 consistent:0.0000
2025-12-29 15:50:59,673 - utils.logger2025-12-29-15.45.17 - INFO - Cur epoch 35 loss CE:0.2293 mse:0.0070 consistent:0.0000
2025-12-29 15:51:00,698 - utils.logger2025-12-29-15.45.17 - INFO - Cur epoch 35 loss CE:0.4299 mse:0.0082 consistent:0.0000
2025-12-29 15:51:01,102 - utils.logger2025-12-29-15.45.17 - INFO - saving the model at the end of epoch 35, iters 157920
2025-12-29 15:51:01,196 - utils.logger2025-12-29-15.45.17 - INFO - End of training epoch 35 / 40 	 Time Taken: 6 sec
2025-12-29 15:51:01,197 - utils.logger2025-12-29-15.45.17 - INFO - learning rate = 0.0000476
2025-12-29 15:51:02,370 - utils.logger2025-12-29-15.45.17 - INFO - Val result of epoch 35 / 40 acc 0.5693 uar 0.5586 f1 0.5695
2025-12-29 15:51:03,575 - utils.logger2025-12-29-15.45.17 - INFO - Tst result of epoch 35 / 40 acc 0.6793 uar 0.6292 f1 0.6322
2025-12-29 15:51:04,253 - utils.logger2025-12-29-15.45.17 - INFO - Cur epoch 36 loss CE:0.1297 mse:0.0089 consistent:0.0000
2025-12-29 15:51:05,457 - utils.logger2025-12-29-15.45.17 - INFO - Cur epoch 36 loss CE:0.2774 mse:0.0070 consistent:0.0000
2025-12-29 15:51:06,681 - utils.logger2025-12-29-15.45.17 - INFO - Cur epoch 36 loss CE:0.1679 mse:0.0086 consistent:0.0000
2025-12-29 15:51:07,812 - utils.logger2025-12-29-15.45.17 - INFO - Cur epoch 36 loss CE:0.4159 mse:0.0061 consistent:0.0000
2025-12-29 15:51:09,024 - utils.logger2025-12-29-15.45.17 - INFO - Cur epoch 36 loss CE:0.1678 mse:0.0066 consistent:0.0000
2025-12-29 15:51:10,224 - utils.logger2025-12-29-15.45.17 - INFO - Cur epoch 36 loss CE:0.2331 mse:0.0063 consistent:0.0000
2025-12-29 15:51:10,270 - utils.logger2025-12-29-15.45.17 - INFO - saving the model at the end of epoch 36, iters 162432
2025-12-29 15:51:10,376 - utils.logger2025-12-29-15.45.17 - INFO - End of training epoch 36 / 40 	 Time Taken: 6 sec
2025-12-29 15:51:10,377 - utils.logger2025-12-29-15.45.17 - INFO - learning rate = 0.0000381
2025-12-29 15:51:11,597 - utils.logger2025-12-29-15.45.17 - INFO - Val result of epoch 36 / 40 acc 0.5716 uar 0.5619 f1 0.5724
2025-12-29 15:51:12,866 - utils.logger2025-12-29-15.45.17 - INFO - Tst result of epoch 36 / 40 acc 0.6809 uar 0.6443 f1 0.6438
2025-12-29 15:51:13,948 - utils.logger2025-12-29-15.45.17 - INFO - Cur epoch 37 loss CE:0.3409 mse:0.0064 consistent:0.0000
2025-12-29 15:51:15,138 - utils.logger2025-12-29-15.45.17 - INFO - Cur epoch 37 loss CE:0.2824 mse:0.0079 consistent:0.0000
2025-12-29 15:51:16,342 - utils.logger2025-12-29-15.45.17 - INFO - Cur epoch 37 loss CE:0.3079 mse:0.0059 consistent:0.0000
2025-12-29 15:51:17,509 - utils.logger2025-12-29-15.45.17 - INFO - Cur epoch 37 loss CE:0.3793 mse:0.0071 consistent:0.0000
2025-12-29 15:51:18,627 - utils.logger2025-12-29-15.45.17 - INFO - Cur epoch 37 loss CE:0.2682 mse:0.0071 consistent:0.0000
2025-12-29 15:51:19,447 - utils.logger2025-12-29-15.45.17 - INFO - saving the model at the end of epoch 37, iters 166944
2025-12-29 15:51:19,544 - utils.logger2025-12-29-15.45.17 - INFO - End of training epoch 37 / 40 	 Time Taken: 6 sec
2025-12-29 15:51:19,544 - utils.logger2025-12-29-15.45.17 - INFO - learning rate = 0.0000286
2025-12-29 15:51:20,724 - utils.logger2025-12-29-15.45.17 - INFO - Val result of epoch 37 / 40 acc 0.5805 uar 0.5710 f1 0.5825
2025-12-29 15:51:21,937 - utils.logger2025-12-29-15.45.17 - INFO - Tst result of epoch 37 / 40 acc 0.6635 uar 0.6262 f1 0.6280
2025-12-29 15:51:22,218 - utils.logger2025-12-29-15.45.17 - INFO - Cur epoch 38 loss CE:0.2469 mse:0.0076 consistent:0.0000
2025-12-29 15:51:23,151 - utils.logger2025-12-29-15.45.17 - INFO - Cur epoch 38 loss CE:0.1167 mse:0.0075 consistent:0.0000
2025-12-29 15:51:24,124 - utils.logger2025-12-29-15.45.17 - INFO - Cur epoch 38 loss CE:0.1542 mse:0.0063 consistent:0.0000
2025-12-29 15:51:25,108 - utils.logger2025-12-29-15.45.17 - INFO - Cur epoch 38 loss CE:0.4208 mse:0.0066 consistent:0.0000
2025-12-29 15:51:26,082 - utils.logger2025-12-29-15.45.17 - INFO - Cur epoch 38 loss CE:0.2212 mse:0.0075 consistent:0.0000
2025-12-29 15:51:27,057 - utils.logger2025-12-29-15.45.17 - INFO - Cur epoch 38 loss CE:0.2135 mse:0.0066 consistent:0.0000
2025-12-29 15:51:27,355 - utils.logger2025-12-29-15.45.17 - INFO - saving the model at the end of epoch 38, iters 171456
2025-12-29 15:51:27,452 - utils.logger2025-12-29-15.45.17 - INFO - End of training epoch 38 / 40 	 Time Taken: 5 sec
2025-12-29 15:51:27,452 - utils.logger2025-12-29-15.45.17 - INFO - learning rate = 0.0000190
2025-12-29 15:51:28,654 - utils.logger2025-12-29-15.45.17 - INFO - Val result of epoch 38 / 40 acc 0.5762 uar 0.5673 f1 0.5782
2025-12-29 15:51:29,919 - utils.logger2025-12-29-15.45.17 - INFO - Tst result of epoch 38 / 40 acc 0.6717 uar 0.6443 f1 0.6379
2025-12-29 15:51:30,685 - utils.logger2025-12-29-15.45.17 - INFO - Cur epoch 39 loss CE:0.5282 mse:0.0071 consistent:0.0000
2025-12-29 15:51:31,883 - utils.logger2025-12-29-15.45.17 - INFO - Cur epoch 39 loss CE:0.2900 mse:0.0056 consistent:0.0000
2025-12-29 15:51:33,001 - utils.logger2025-12-29-15.45.17 - INFO - Cur epoch 39 loss CE:0.1728 mse:0.0069 consistent:0.0000
2025-12-29 15:51:34,058 - utils.logger2025-12-29-15.45.17 - INFO - Cur epoch 39 loss CE:0.3424 mse:0.0093 consistent:0.0000
2025-12-29 15:51:35,271 - utils.logger2025-12-29-15.45.17 - INFO - Cur epoch 39 loss CE:0.1654 mse:0.0091 consistent:0.0000
2025-12-29 15:51:36,376 - utils.logger2025-12-29-15.45.17 - INFO - saving the model at the end of epoch 39, iters 175968
2025-12-29 15:51:36,472 - utils.logger2025-12-29-15.45.17 - INFO - End of training epoch 39 / 40 	 Time Taken: 6 sec
2025-12-29 15:51:36,472 - utils.logger2025-12-29-15.45.17 - INFO - learning rate = 0.0000095
2025-12-29 15:51:37,640 - utils.logger2025-12-29-15.45.17 - INFO - Val result of epoch 39 / 40 acc 0.5759 uar 0.5706 f1 0.5797
2025-12-29 15:51:38,863 - utils.logger2025-12-29-15.45.17 - INFO - Tst result of epoch 39 / 40 acc 0.6771 uar 0.6392 f1 0.6389
2025-12-29 15:51:38,906 - utils.logger2025-12-29-15.45.17 - INFO - Cur epoch 40 loss CE:0.3095 mse:0.0076 consistent:0.0000
2025-12-29 15:51:40,094 - utils.logger2025-12-29-15.45.17 - INFO - Cur epoch 40 loss CE:0.3306 mse:0.0067 consistent:0.0000
2025-12-29 15:51:41,327 - utils.logger2025-12-29-15.45.17 - INFO - Cur epoch 40 loss CE:0.3880 mse:0.0078 consistent:0.0000
2025-12-29 15:51:42,543 - utils.logger2025-12-29-15.45.17 - INFO - Cur epoch 40 loss CE:0.5347 mse:0.0076 consistent:0.0000
2025-12-29 15:51:43,746 - utils.logger2025-12-29-15.45.17 - INFO - Cur epoch 40 loss CE:0.5430 mse:0.0082 consistent:0.0000
2025-12-29 15:51:45,073 - utils.logger2025-12-29-15.45.17 - INFO - Cur epoch 40 loss CE:0.2524 mse:0.0072 consistent:0.0000
2025-12-29 15:51:45,886 - utils.logger2025-12-29-15.45.17 - INFO - saving the model at the end of epoch 40, iters 180480
2025-12-29 15:51:46,006 - utils.logger2025-12-29-15.45.17 - INFO - End of training epoch 40 / 40 	 Time Taken: 7 sec
2025-12-29 15:51:46,006 - utils.logger2025-12-29-15.45.17 - INFO - learning rate = 0.0000000
2025-12-29 15:51:47,335 - utils.logger2025-12-29-15.45.17 - INFO - Val result of epoch 40 / 40 acc 0.5709 uar 0.5642 f1 0.5751
2025-12-29 15:51:48,564 - utils.logger2025-12-29-15.45.17 - INFO - Tst result of epoch 40 / 40 acc 0.6689 uar 0.6338 f1 0.6324
2025-12-29 15:51:48,564 - utils.logger2025-12-29-15.45.17 - INFO - Best eval epoch 28 found with uar 0.655151
2025-12-29 15:51:48,564 - utils.logger2025-12-29-15.45.17 - INFO - Loading best model found on val set: epoch-28
2025-12-29 15:51:50,998 - utils.logger2025-12-29-15.45.17 - INFO - Tst result acc 0.6843 uar 0.6552 f1 0.6483
