2025-12-23 10:40:25,018 - utils.logger2025-12-23-10.40.24 - INFO - The number of training samples = 3044
2025-12-23 10:40:26,699 - utils.logger2025-12-23-10.40.24 - INFO - Cur epoch 1 loss TA:1.0274 TV:1.0243 VA:2.0146 CE:1.4794
2025-12-23 10:40:27,123 - utils.logger2025-12-23-10.40.24 - INFO - Cur epoch 1 loss TA:1.0071 TV:1.0036 VA:1.8771 CE:1.3468
2025-12-23 10:40:27,605 - utils.logger2025-12-23-10.40.24 - INFO - Cur epoch 1 loss TA:0.9553 TV:0.9601 VA:1.7804 CE:1.3339
2025-12-23 10:40:28,117 - utils.logger2025-12-23-10.40.24 - INFO - Cur epoch 1 loss TA:0.9366 TV:0.9367 VA:1.7317 CE:1.3484
2025-12-23 10:40:28,584 - utils.logger2025-12-23-10.40.24 - INFO - saving the model at the end of epoch 1, iters 48
2025-12-23 10:40:28,692 - utils.logger2025-12-23-10.40.24 - INFO - End of training epoch 1 / 40 	 Time Taken: 3 sec
2025-12-23 10:40:28,693 - utils.logger2025-12-23-10.40.24 - INFO - learning rate = 0.0005000
2025-12-23 10:40:29,078 - utils.logger2025-12-23-10.40.24 - INFO - Val result of epoch 1 / 40 acc 0.5606 uar 0.4066 f1 0.3309
2025-12-23 10:40:29,078 - utils.logger2025-12-23-10.40.24 - INFO - 
[[  0  28  24   0]
 [  0  84  12   0]
 [  0  39 124   2]
 [  0   4  54   0]]
2025-12-23 10:40:29,458 - utils.logger2025-12-23-10.40.24 - INFO - Tst result of epoch 1 / 40 acc 0.5891 uar 0.4289 f1 0.3787
2025-12-23 10:40:29,459 - utils.logger2025-12-23-10.40.24 - INFO - 
[[  0  20  47   0]
 [  0 125  17   0]
 [  0  30 109   5]
 [  0   8  39   4]]
2025-12-23 10:40:29,821 - utils.logger2025-12-23-10.40.24 - INFO - Cur epoch 2 loss TA:0.9347 TV:0.9345 VA:1.7044 CE:1.2649
2025-12-23 10:40:30,521 - utils.logger2025-12-23-10.40.24 - INFO - Cur epoch 2 loss TA:0.9094 TV:0.9021 VA:1.6816 CE:1.1672
2025-12-23 10:40:30,914 - utils.logger2025-12-23-10.40.24 - INFO - Cur epoch 2 loss TA:0.8974 TV:0.9094 VA:1.6536 CE:1.1545
2025-12-23 10:40:31,345 - utils.logger2025-12-23-10.40.24 - INFO - Cur epoch 2 loss TA:0.9082 TV:0.9099 VA:1.5611 CE:1.1000
2025-12-23 10:40:31,818 - utils.logger2025-12-23-10.40.24 - INFO - Cur epoch 2 loss TA:0.8910 TV:0.8818 VA:1.5541 CE:1.1826
2025-12-23 10:40:32,143 - utils.logger2025-12-23-10.40.24 - INFO - saving the model at the end of epoch 2, iters 96
2025-12-23 10:40:32,248 - utils.logger2025-12-23-10.40.24 - INFO - End of training epoch 2 / 40 	 Time Taken: 2 sec
2025-12-23 10:40:32,248 - utils.logger2025-12-23-10.40.24 - INFO - learning rate = 0.0005000
2025-12-23 10:40:32,589 - utils.logger2025-12-23-10.40.24 - INFO - Val result of epoch 2 / 40 acc 0.6065 uar 0.4630 f1 0.4608
2025-12-23 10:40:32,589 - utils.logger2025-12-23-10.40.24 - INFO - 
[[  8   7  37   0]
 [  2  70  24   0]
 [  3  22 140   0]
 [  4   0  47   7]]
2025-12-23 10:40:32,952 - utils.logger2025-12-23-10.40.24 - INFO - Tst result of epoch 2 / 40 acc 0.6436 uar 0.4967 f1 0.4881
2025-12-23 10:40:32,952 - utils.logger2025-12-23-10.40.24 - INFO - 
[[  7   7  52   1]
 [  0 118  24   0]
 [  3  13 126   2]
 [  0   6  36   9]]
2025-12-23 10:40:33,411 - utils.logger2025-12-23-10.40.24 - INFO - Cur epoch 3 loss TA:0.8445 TV:0.8500 VA:1.4855 CE:1.0593
2025-12-23 10:40:33,895 - utils.logger2025-12-23-10.40.24 - INFO - Cur epoch 3 loss TA:0.8300 TV:0.8510 VA:1.5052 CE:1.0679
2025-12-23 10:40:34,374 - utils.logger2025-12-23-10.40.24 - INFO - Cur epoch 3 loss TA:0.8530 TV:0.8628 VA:1.4727 CE:1.0247
2025-12-23 10:40:34,752 - utils.logger2025-12-23-10.40.24 - INFO - Cur epoch 3 loss TA:0.8865 TV:0.8922 VA:1.4519 CE:0.9181
2025-12-23 10:40:35,141 - utils.logger2025-12-23-10.40.24 - INFO - Cur epoch 3 loss TA:0.8592 TV:0.8657 VA:1.4819 CE:0.9699
2025-12-23 10:40:35,364 - utils.logger2025-12-23-10.40.24 - INFO - saving the model at the end of epoch 3, iters 144
2025-12-23 10:40:35,471 - utils.logger2025-12-23-10.40.24 - INFO - End of training epoch 3 / 40 	 Time Taken: 2 sec
2025-12-23 10:40:35,471 - utils.logger2025-12-23-10.40.24 - INFO - learning rate = 0.0005000
2025-12-23 10:40:36,246 - utils.logger2025-12-23-10.40.24 - INFO - Val result of epoch 3 / 40 acc 0.6604 uar 0.5918 f1 0.5872
2025-12-23 10:40:36,246 - utils.logger2025-12-23-10.40.24 - INFO - 
[[ 33   8  11   0]
 [  3  72  21   0]
 [ 13  14 128  10]
 [ 14   0  32  12]]
2025-12-23 10:40:36,758 - utils.logger2025-12-23-10.40.24 - INFO - Tst result of epoch 3 / 40 acc 0.6931 uar 0.6571 f1 0.6649
2025-12-23 10:40:36,758 - utils.logger2025-12-23-10.40.24 - INFO - 
[[ 43   9  15   0]
 [  3 116  23   0]
 [ 17  18  95  14]
 [  5   4  16  26]]
2025-12-23 10:40:37,311 - utils.logger2025-12-23-10.40.24 - INFO - Cur epoch 4 loss TA:0.8169 TV:0.8309 VA:1.3656 CE:0.9600
2025-12-23 10:40:37,784 - utils.logger2025-12-23-10.40.24 - INFO - Cur epoch 4 loss TA:0.7782 TV:0.8046 VA:1.3953 CE:0.8450
2025-12-23 10:40:38,217 - utils.logger2025-12-23-10.40.24 - INFO - Cur epoch 4 loss TA:0.8133 TV:0.8136 VA:1.3830 CE:0.8911
2025-12-23 10:40:38,728 - utils.logger2025-12-23-10.40.24 - INFO - Cur epoch 4 loss TA:0.8509 TV:0.8718 VA:1.4299 CE:0.9544
2025-12-23 10:40:39,340 - utils.logger2025-12-23-10.40.24 - INFO - Cur epoch 4 loss TA:0.8208 TV:0.8307 VA:1.3648 CE:0.7978
2025-12-23 10:40:39,504 - utils.logger2025-12-23-10.40.24 - INFO - saving the model at the end of epoch 4, iters 192
2025-12-23 10:40:39,865 - utils.logger2025-12-23-10.40.24 - INFO - End of training epoch 4 / 40 	 Time Taken: 3 sec
2025-12-23 10:40:39,865 - utils.logger2025-12-23-10.40.24 - INFO - learning rate = 0.0005000
2025-12-23 10:40:40,294 - utils.logger2025-12-23-10.40.24 - INFO - Val result of epoch 4 / 40 acc 0.6604 uar 0.6239 f1 0.6142
2025-12-23 10:40:40,294 - utils.logger2025-12-23-10.40.24 - INFO - 
[[ 31  10  11   0]
 [  1  87   7   1]
 [ 14  33 107  11]
 [ 11   1  26  20]]
2025-12-23 10:40:40,693 - utils.logger2025-12-23-10.40.24 - INFO - Tst result of epoch 4 / 40 acc 0.6881 uar 0.6613 f1 0.6637
2025-12-23 10:40:40,694 - utils.logger2025-12-23-10.40.24 - INFO - 
[[ 42  13  11   1]
 [  2 126  14   0]
 [ 22  30  81  11]
 [  5   5  12  29]]
2025-12-23 10:40:41,307 - utils.logger2025-12-23-10.40.24 - INFO - Cur epoch 5 loss TA:0.7976 TV:0.8033 VA:1.3090 CE:0.7127
2025-12-23 10:40:41,775 - utils.logger2025-12-23-10.40.24 - INFO - Cur epoch 5 loss TA:0.8180 TV:0.8156 VA:1.3648 CE:0.6536
2025-12-23 10:40:42,210 - utils.logger2025-12-23-10.40.24 - INFO - Cur epoch 5 loss TA:0.8139 TV:0.8209 VA:1.3837 CE:0.7264
2025-12-23 10:40:42,648 - utils.logger2025-12-23-10.40.24 - INFO - Cur epoch 5 loss TA:0.7837 TV:0.7784 VA:1.3071 CE:0.7585
2025-12-23 10:40:43,152 - utils.logger2025-12-23-10.40.24 - INFO - Cur epoch 5 loss TA:0.7002 TV:0.6951 VA:1.0430 CE:0.8010
2025-12-23 10:40:43,215 - utils.logger2025-12-23-10.40.24 - INFO - saving the model at the end of epoch 5, iters 240
2025-12-23 10:40:43,335 - utils.logger2025-12-23-10.40.24 - INFO - End of training epoch 5 / 40 	 Time Taken: 2 sec
2025-12-23 10:40:43,336 - utils.logger2025-12-23-10.40.24 - INFO - learning rate = 0.0005000
2025-12-23 10:40:44,066 - utils.logger2025-12-23-10.40.24 - INFO - Val result of epoch 5 / 40 acc 0.7089 uar 0.7212 f1 0.6940
2025-12-23 10:40:44,066 - utils.logger2025-12-23-10.40.24 - INFO - 
[[ 40   5   6   1]
 [  5  83   7   1]
 [ 20  21 104  20]
 [  7   0  15  36]]
2025-12-23 10:40:44,603 - utils.logger2025-12-23-10.40.24 - INFO - Tst result of epoch 5 / 40 acc 0.6906 uar 0.7051 f1 0.6758
2025-12-23 10:40:44,603 - utils.logger2025-12-23-10.40.24 - INFO - 
[[ 52   8   6   1]
 [  4 122  16   0]
 [ 30  23  69  22]
 [  4   4   7  36]]
2025-12-23 10:40:45,678 - utils.logger2025-12-23-10.40.24 - INFO - Cur epoch 6 loss TA:0.7868 TV:0.8114 VA:1.3529 CE:0.6103
2025-12-23 10:40:46,201 - utils.logger2025-12-23-10.40.24 - INFO - Cur epoch 6 loss TA:0.7969 TV:0.8311 VA:1.3398 CE:0.4981
2025-12-23 10:40:46,705 - utils.logger2025-12-23-10.40.24 - INFO - Cur epoch 6 loss TA:0.7614 TV:0.8059 VA:1.3471 CE:0.6814
2025-12-23 10:40:47,242 - utils.logger2025-12-23-10.40.24 - INFO - Cur epoch 6 loss TA:0.8063 TV:0.8015 VA:1.3015 CE:0.6311
2025-12-23 10:40:47,726 - utils.logger2025-12-23-10.40.24 - INFO - saving the model at the end of epoch 6, iters 288
2025-12-23 10:40:47,845 - utils.logger2025-12-23-10.40.24 - INFO - End of training epoch 6 / 40 	 Time Taken: 3 sec
2025-12-23 10:40:47,845 - utils.logger2025-12-23-10.40.24 - INFO - learning rate = 0.0005000
2025-12-23 10:40:48,466 - utils.logger2025-12-23-10.40.24 - INFO - Val result of epoch 6 / 40 acc 0.7251 uar 0.7020 f1 0.7000
2025-12-23 10:40:48,466 - utils.logger2025-12-23-10.40.24 - INFO - 
[[ 28   7  14   3]
 [  2  83  10   1]
 [  8  15 118  24]
 [  2   0  16  40]]
2025-12-23 10:40:48,859 - utils.logger2025-12-23-10.40.24 - INFO - Tst result of epoch 6 / 40 acc 0.6955 uar 0.6611 f1 0.6687
2025-12-23 10:40:48,860 - utils.logger2025-12-23-10.40.24 - INFO - 
[[ 33  10  22   2]
 [  1 122  18   1]
 [ 11  25  93  15]
 [  2   4  12  33]]
2025-12-23 10:40:49,277 - utils.logger2025-12-23-10.40.24 - INFO - Cur epoch 7 loss TA:0.8011 TV:0.7688 VA:1.3146 CE:0.4920
2025-12-23 10:40:49,960 - utils.logger2025-12-23-10.40.24 - INFO - Cur epoch 7 loss TA:0.7451 TV:0.7819 VA:1.3162 CE:0.5762
2025-12-23 10:40:50,535 - utils.logger2025-12-23-10.40.24 - INFO - Cur epoch 7 loss TA:0.7606 TV:0.7715 VA:1.2178 CE:0.3069
2025-12-23 10:40:51,206 - utils.logger2025-12-23-10.40.24 - INFO - Cur epoch 7 loss TA:0.7531 TV:0.7442 VA:1.3338 CE:0.7029
2025-12-23 10:40:51,721 - utils.logger2025-12-23-10.40.24 - INFO - Cur epoch 7 loss TA:0.7879 TV:0.7733 VA:1.2916 CE:0.7391
2025-12-23 10:40:52,076 - utils.logger2025-12-23-10.40.24 - INFO - saving the model at the end of epoch 7, iters 336
2025-12-23 10:40:52,186 - utils.logger2025-12-23-10.40.24 - INFO - End of training epoch 7 / 40 	 Time Taken: 3 sec
2025-12-23 10:40:52,187 - utils.logger2025-12-23-10.40.24 - INFO - learning rate = 0.0005000
2025-12-23 10:40:52,969 - utils.logger2025-12-23-10.40.24 - INFO - Val result of epoch 7 / 40 acc 0.6873 uar 0.6514 f1 0.6517
2025-12-23 10:40:52,970 - utils.logger2025-12-23-10.40.24 - INFO - 
[[ 31   8  12   1]
 [  1  88   6   1]
 [ 11  29 112  13]
 [  4   0  30  24]]
2025-12-23 10:40:53,664 - utils.logger2025-12-23-10.40.24 - INFO - Tst result of epoch 7 / 40 acc 0.7005 uar 0.6709 f1 0.6761
2025-12-23 10:40:53,665 - utils.logger2025-12-23-10.40.24 - INFO - 
[[ 44  11  11   1]
 [  3 130   9   0]
 [ 18  36  81   9]
 [  4   4  15  28]]
2025-12-23 10:40:54,240 - utils.logger2025-12-23-10.40.24 - INFO - Cur epoch 8 loss TA:0.7821 TV:0.7674 VA:1.2362 CE:0.4961
2025-12-23 10:40:54,715 - utils.logger2025-12-23-10.40.24 - INFO - Cur epoch 8 loss TA:0.7151 TV:0.7425 VA:1.2560 CE:0.5739
2025-12-23 10:40:55,187 - utils.logger2025-12-23-10.40.24 - INFO - Cur epoch 8 loss TA:0.7556 TV:0.7582 VA:1.1914 CE:0.5411
2025-12-23 10:40:55,762 - utils.logger2025-12-23-10.40.24 - INFO - Cur epoch 8 loss TA:0.7329 TV:0.7265 VA:1.2078 CE:0.6143
2025-12-23 10:40:56,215 - utils.logger2025-12-23-10.40.24 - INFO - Cur epoch 8 loss TA:0.7216 TV:0.7554 VA:1.2809 CE:0.7096
2025-12-23 10:40:56,396 - utils.logger2025-12-23-10.40.24 - INFO - saving the model at the end of epoch 8, iters 384
2025-12-23 10:40:56,486 - utils.logger2025-12-23-10.40.24 - INFO - End of training epoch 8 / 40 	 Time Taken: 2 sec
2025-12-23 10:40:56,486 - utils.logger2025-12-23-10.40.24 - INFO - learning rate = 0.0005000
2025-12-23 10:40:56,959 - utils.logger2025-12-23-10.40.24 - INFO - Val result of epoch 8 / 40 acc 0.7143 uar 0.6541 f1 0.6751
2025-12-23 10:40:56,960 - utils.logger2025-12-23-10.40.24 - INFO - 
[[ 32   3  16   1]
 [  5  71  19   1]
 [ 10   6 137  12]
 [  2   0  31  25]]
2025-12-23 10:40:57,359 - utils.logger2025-12-23-10.40.24 - INFO - Tst result of epoch 8 / 40 acc 0.7376 uar 0.7046 f1 0.7148
2025-12-23 10:40:57,360 - utils.logger2025-12-23-10.40.24 - INFO - 
[[ 48   3  15   1]
 [  5 114  23   0]
 [ 17  11 108   8]
 [  4   2  17  28]]
2025-12-23 10:40:57,900 - utils.logger2025-12-23-10.40.24 - INFO - Cur epoch 9 loss TA:0.7606 TV:0.7492 VA:1.2020 CE:0.6608
2025-12-23 10:40:58,412 - utils.logger2025-12-23-10.40.24 - INFO - Cur epoch 9 loss TA:0.6944 TV:0.7131 VA:1.2138 CE:0.4191
2025-12-23 10:40:59,011 - utils.logger2025-12-23-10.40.24 - INFO - Cur epoch 9 loss TA:0.7531 TV:0.7524 VA:1.2679 CE:0.4290
2025-12-23 10:40:59,568 - utils.logger2025-12-23-10.40.24 - INFO - Cur epoch 9 loss TA:0.7053 TV:0.7235 VA:1.1633 CE:0.4892
2025-12-23 10:41:00,475 - utils.logger2025-12-23-10.40.24 - INFO - Cur epoch 9 loss TA:0.7613 TV:0.7403 VA:1.1752 CE:0.5232
2025-12-23 10:41:00,616 - utils.logger2025-12-23-10.40.24 - INFO - saving the model at the end of epoch 9, iters 432
2025-12-23 10:41:00,712 - utils.logger2025-12-23-10.40.24 - INFO - End of training epoch 9 / 40 	 Time Taken: 3 sec
2025-12-23 10:41:00,713 - utils.logger2025-12-23-10.40.24 - INFO - learning rate = 0.0005000
2025-12-23 10:41:01,610 - utils.logger2025-12-23-10.40.24 - INFO - Val result of epoch 9 / 40 acc 0.7278 uar 0.6687 f1 0.6839
2025-12-23 10:41:01,610 - utils.logger2025-12-23-10.40.24 - INFO - 
[[ 29   6  16   1]
 [  4  84   7   1]
 [  8  19 131   7]
 [  3   0  29  26]]
2025-12-23 10:41:02,399 - utils.logger2025-12-23-10.40.24 - INFO - Tst result of epoch 9 / 40 acc 0.7277 uar 0.6848 f1 0.7000
2025-12-23 10:41:02,399 - utils.logger2025-12-23-10.40.24 - INFO - 
[[ 43  10  13   1]
 [  3 126  13   0]
 [ 14  26  98   6]
 [  4   4  16  27]]
2025-12-23 10:41:03,188 - utils.logger2025-12-23-10.40.24 - INFO - Cur epoch 10 loss TA:0.6906 TV:0.6804 VA:1.1872 CE:0.3768
2025-12-23 10:41:03,699 - utils.logger2025-12-23-10.40.24 - INFO - Cur epoch 10 loss TA:0.6865 TV:0.6990 VA:1.2089 CE:0.3680
2025-12-23 10:41:04,214 - utils.logger2025-12-23-10.40.24 - INFO - Cur epoch 10 loss TA:0.7136 TV:0.7232 VA:1.2027 CE:0.5299
2025-12-23 10:41:04,589 - utils.logger2025-12-23-10.40.24 - INFO - Cur epoch 10 loss TA:0.6687 TV:0.6701 VA:1.1130 CE:0.3650
2025-12-23 10:41:05,020 - utils.logger2025-12-23-10.40.24 - INFO - Cur epoch 10 loss TA:0.6287 TV:0.6638 VA:1.0321 CE:0.6428
2025-12-23 10:41:05,189 - utils.logger2025-12-23-10.40.24 - INFO - saving the model at the end of epoch 10, iters 480
2025-12-23 10:41:05,426 - utils.logger2025-12-23-10.40.24 - INFO - End of training epoch 10 / 40 	 Time Taken: 3 sec
2025-12-23 10:41:05,426 - utils.logger2025-12-23-10.40.24 - INFO - learning rate = 0.0005000
2025-12-23 10:41:06,233 - utils.logger2025-12-23-10.40.24 - INFO - Val result of epoch 10 / 40 acc 0.7224 uar 0.7503 f1 0.7202
2025-12-23 10:41:06,234 - utils.logger2025-12-23-10.40.24 - INFO - 
[[ 39   3   9   1]
 [  4  75  16   1]
 [ 15   7 106  37]
 [  3   0   7  48]]
2025-12-23 10:41:06,738 - utils.logger2025-12-23-10.40.24 - INFO - Tst result of epoch 10 / 40 acc 0.7104 uar 0.7386 f1 0.7035
2025-12-23 10:41:06,738 - utils.logger2025-12-23-10.40.24 - INFO - 
[[ 54   4   8   1]
 [  6 116  20   0]
 [ 33  13  76  22]
 [  3   2   5  41]]
2025-12-23 10:41:07,478 - utils.logger2025-12-23-10.40.24 - INFO - Cur epoch 11 loss TA:0.6489 TV:0.6891 VA:1.1784 CE:0.3660
2025-12-23 10:41:07,927 - utils.logger2025-12-23-10.40.24 - INFO - Cur epoch 11 loss TA:0.7027 TV:0.7164 VA:1.1480 CE:0.3458
2025-12-23 10:41:08,479 - utils.logger2025-12-23-10.40.24 - INFO - Cur epoch 11 loss TA:0.7035 TV:0.6976 VA:1.1819 CE:0.3671
2025-12-23 10:41:08,932 - utils.logger2025-12-23-10.40.24 - INFO - Cur epoch 11 loss TA:0.6940 TV:0.6954 VA:1.1502 CE:0.3653
2025-12-23 10:41:09,361 - utils.logger2025-12-23-10.40.24 - INFO - saving the model at the end of epoch 11, iters 528
2025-12-23 10:41:09,478 - utils.logger2025-12-23-10.40.24 - INFO - End of training epoch 11 / 40 	 Time Taken: 2 sec
2025-12-23 10:41:09,478 - utils.logger2025-12-23-10.40.24 - INFO - learning rate = 0.0005000
2025-12-23 10:41:10,313 - utils.logger2025-12-23-10.40.24 - INFO - Val result of epoch 11 / 40 acc 0.7305 uar 0.7223 f1 0.7142
2025-12-23 10:41:10,313 - utils.logger2025-12-23-10.40.24 - INFO - 
[[ 41   3   7   1]
 [  5  75  15   1]
 [ 20   9 121  15]
 [  3   0  21  34]]
2025-12-23 10:41:10,705 - utils.logger2025-12-23-10.40.24 - INFO - Tst result of epoch 11 / 40 acc 0.7426 uar 0.7351 f1 0.7283
2025-12-23 10:41:10,705 - utils.logger2025-12-23-10.40.24 - INFO - 
[[ 52   3  11   1]
 [  7 116  19   0]
 [ 23  12  98  11]
 [  6   2   9  34]]
2025-12-23 10:41:11,362 - utils.logger2025-12-23-10.40.24 - INFO - Cur epoch 12 loss TA:0.6754 TV:0.6778 VA:1.1471 CE:0.3142
2025-12-23 10:41:11,847 - utils.logger2025-12-23-10.40.24 - INFO - Cur epoch 12 loss TA:0.6427 TV:0.6571 VA:1.1458 CE:0.2919
2025-12-23 10:41:12,286 - utils.logger2025-12-23-10.40.24 - INFO - Cur epoch 12 loss TA:0.6543 TV:0.6604 VA:1.1298 CE:0.3853
2025-12-23 10:41:12,783 - utils.logger2025-12-23-10.40.24 - INFO - Cur epoch 12 loss TA:0.7112 TV:0.6896 VA:1.1162 CE:0.2363
2025-12-23 10:41:13,321 - utils.logger2025-12-23-10.40.24 - INFO - Cur epoch 12 loss TA:0.6975 TV:0.7241 VA:1.1379 CE:0.3850
2025-12-23 10:41:13,623 - utils.logger2025-12-23-10.40.24 - INFO - saving the model at the end of epoch 12, iters 576
2025-12-23 10:41:13,715 - utils.logger2025-12-23-10.40.24 - INFO - End of training epoch 12 / 40 	 Time Taken: 3 sec
2025-12-23 10:41:13,715 - utils.logger2025-12-23-10.40.24 - INFO - learning rate = 0.0005000
2025-12-23 10:41:14,084 - utils.logger2025-12-23-10.40.24 - INFO - Val result of epoch 12 / 40 acc 0.7143 uar 0.7061 f1 0.6974
2025-12-23 10:41:14,084 - utils.logger2025-12-23-10.40.24 - INFO - 
[[ 26   5  20   1]
 [  2  83  10   1]
 [  6  24 110  25]
 [  2   0  10  46]]
2025-12-23 10:41:14,455 - utils.logger2025-12-23-10.40.24 - INFO - Tst result of epoch 12 / 40 acc 0.7178 uar 0.7136 f1 0.6963
2025-12-23 10:41:14,455 - utils.logger2025-12-23-10.40.24 - INFO - 
[[ 45  10  10   2]
 [  2 131   8   1]
 [ 20  28  77  19]
 [  4   4   6  37]]
2025-12-23 10:41:14,946 - utils.logger2025-12-23-10.40.24 - INFO - Cur epoch 13 loss TA:0.6920 TV:0.7091 VA:1.1304 CE:0.1847
2025-12-23 10:41:15,417 - utils.logger2025-12-23-10.40.24 - INFO - Cur epoch 13 loss TA:0.6275 TV:0.6439 VA:1.1449 CE:0.3296
2025-12-23 10:41:16,029 - utils.logger2025-12-23-10.40.24 - INFO - Cur epoch 13 loss TA:0.6680 TV:0.6741 VA:1.1328 CE:0.3178
2025-12-23 10:41:16,521 - utils.logger2025-12-23-10.40.24 - INFO - Cur epoch 13 loss TA:0.6502 TV:0.6489 VA:1.1336 CE:0.2210
2025-12-23 10:41:16,890 - utils.logger2025-12-23-10.40.24 - INFO - Cur epoch 13 loss TA:0.7353 TV:0.7602 VA:1.1957 CE:0.2571
2025-12-23 10:41:17,091 - utils.logger2025-12-23-10.40.24 - INFO - saving the model at the end of epoch 13, iters 624
2025-12-23 10:41:17,196 - utils.logger2025-12-23-10.40.24 - INFO - End of training epoch 13 / 40 	 Time Taken: 2 sec
2025-12-23 10:41:17,196 - utils.logger2025-12-23-10.40.24 - INFO - learning rate = 0.0005000
2025-12-23 10:41:17,851 - utils.logger2025-12-23-10.40.24 - INFO - Val result of epoch 13 / 40 acc 0.7278 uar 0.6823 f1 0.6950
2025-12-23 10:41:17,851 - utils.logger2025-12-23-10.40.24 - INFO - 
[[ 30   4  17   1]
 [  4  78  13   1]
 [ 10  12 130  13]
 [  4   0  22  32]]
2025-12-23 10:41:18,306 - utils.logger2025-12-23-10.40.24 - INFO - Tst result of epoch 13 / 40 acc 0.7178 uar 0.7138 f1 0.7039
2025-12-23 10:41:18,306 - utils.logger2025-12-23-10.40.24 - INFO - 
[[ 50   5  10   2]
 [  5 120  17   0]
 [ 27  19  86  12]
 [  4   2  11  34]]
2025-12-23 10:41:19,098 - utils.logger2025-12-23-10.40.24 - INFO - Cur epoch 14 loss TA:0.6338 TV:0.6677 VA:1.1501 CE:0.2184
2025-12-23 10:41:19,585 - utils.logger2025-12-23-10.40.24 - INFO - Cur epoch 14 loss TA:0.6702 TV:0.6836 VA:1.1115 CE:0.2429
2025-12-23 10:41:20,072 - utils.logger2025-12-23-10.40.24 - INFO - Cur epoch 14 loss TA:0.6423 TV:0.6592 VA:1.0997 CE:0.1607
2025-12-23 10:41:20,547 - utils.logger2025-12-23-10.40.24 - INFO - Cur epoch 14 loss TA:0.6681 TV:0.6855 VA:1.1339 CE:0.3349
2025-12-23 10:41:21,073 - utils.logger2025-12-23-10.40.24 - INFO - Cur epoch 14 loss TA:0.6586 TV:0.6998 VA:1.1620 CE:0.1669
2025-12-23 10:41:21,390 - utils.logger2025-12-23-10.40.24 - INFO - saving the model at the end of epoch 14, iters 672
2025-12-23 10:41:21,535 - utils.logger2025-12-23-10.40.24 - INFO - End of training epoch 14 / 40 	 Time Taken: 3 sec
2025-12-23 10:41:21,535 - utils.logger2025-12-23-10.40.24 - INFO - learning rate = 0.0005000
2025-12-23 10:41:22,282 - utils.logger2025-12-23-10.40.24 - INFO - Val result of epoch 14 / 40 acc 0.7305 uar 0.7370 f1 0.7212
2025-12-23 10:41:22,282 - utils.logger2025-12-23-10.40.24 - INFO - 
[[ 34   6  11   1]
 [  3  84   8   1]
 [  9  22 109  25]
 [  2   0  12  44]]
2025-12-23 10:41:22,805 - utils.logger2025-12-23-10.40.24 - INFO - Tst result of epoch 14 / 40 acc 0.7252 uar 0.7283 f1 0.7119
2025-12-23 10:41:22,805 - utils.logger2025-12-23-10.40.24 - INFO - 
[[ 45  13   7   2]
 [  4 129   9   0]
 [ 22  28  79  15]
 [  2   3   6  40]]
2025-12-23 10:41:23,780 - utils.logger2025-12-23-10.40.24 - INFO - Cur epoch 15 loss TA:0.6429 TV:0.6553 VA:1.0939 CE:0.2026
2025-12-23 10:41:24,330 - utils.logger2025-12-23-10.40.24 - INFO - Cur epoch 15 loss TA:0.6590 TV:0.6646 VA:1.1107 CE:0.2427
2025-12-23 10:41:24,856 - utils.logger2025-12-23-10.40.24 - INFO - Cur epoch 15 loss TA:0.6032 TV:0.6306 VA:1.0755 CE:0.2571
2025-12-23 10:41:25,368 - utils.logger2025-12-23-10.40.24 - INFO - Cur epoch 15 loss TA:0.6538 TV:0.6855 VA:1.1390 CE:0.2212
2025-12-23 10:41:25,920 - utils.logger2025-12-23-10.40.24 - INFO - Cur epoch 15 loss TA:0.5103 TV:0.5170 VA:0.8343 CE:0.1812
2025-12-23 10:41:25,975 - utils.logger2025-12-23-10.40.24 - INFO - saving the model at the end of epoch 15, iters 720
2025-12-23 10:41:26,097 - utils.logger2025-12-23-10.40.24 - INFO - End of training epoch 15 / 40 	 Time Taken: 3 sec
2025-12-23 10:41:26,098 - utils.logger2025-12-23-10.40.24 - INFO - learning rate = 0.0005000
2025-12-23 10:41:26,803 - utils.logger2025-12-23-10.40.24 - INFO - Val result of epoch 15 / 40 acc 0.7466 uar 0.7192 f1 0.7202
2025-12-23 10:41:26,803 - utils.logger2025-12-23-10.40.24 - INFO - 
[[ 37   3  12   0]
 [  5  81   9   1]
 [ 15  12 127  11]
 [  5   0  21  32]]
2025-12-23 10:41:27,173 - utils.logger2025-12-23-10.40.24 - INFO - Tst result of epoch 15 / 40 acc 0.7005 uar 0.7085 f1 0.6887
2025-12-23 10:41:27,174 - utils.logger2025-12-23-10.40.24 - INFO - 
[[ 55   4   7   1]
 [ 10 120  12   0]
 [ 38  21  75  10]
 [  6   3   9  33]]
2025-12-23 10:41:27,831 - utils.logger2025-12-23-10.40.24 - INFO - Cur epoch 16 loss TA:0.6203 TV:0.6442 VA:1.1082 CE:0.1592
2025-12-23 10:41:28,262 - utils.logger2025-12-23-10.40.24 - INFO - Cur epoch 16 loss TA:0.6367 TV:0.6399 VA:1.0858 CE:0.0973
2025-12-23 10:41:28,727 - utils.logger2025-12-23-10.40.24 - INFO - Cur epoch 16 loss TA:0.6527 TV:0.6520 VA:1.1471 CE:0.1687
2025-12-23 10:41:29,179 - utils.logger2025-12-23-10.40.24 - INFO - Cur epoch 16 loss TA:0.6325 TV:0.6423 VA:1.0843 CE:0.2815
2025-12-23 10:41:29,630 - utils.logger2025-12-23-10.40.24 - INFO - saving the model at the end of epoch 16, iters 768
2025-12-23 10:41:29,737 - utils.logger2025-12-23-10.40.24 - INFO - End of training epoch 16 / 40 	 Time Taken: 2 sec
2025-12-23 10:41:29,737 - utils.logger2025-12-23-10.40.24 - INFO - learning rate = 0.0005000
2025-12-23 10:41:30,557 - utils.logger2025-12-23-10.40.24 - INFO - Val result of epoch 16 / 40 acc 0.7385 uar 0.7044 f1 0.7154
2025-12-23 10:41:30,558 - utils.logger2025-12-23-10.40.24 - INFO - 
[[ 32   5  14   1]
 [  2  79  14   1]
 [ 10  15 128  12]
 [  3   0  20  35]]
2025-12-23 10:41:30,951 - utils.logger2025-12-23-10.40.24 - INFO - Tst result of epoch 16 / 40 acc 0.7104 uar 0.7017 f1 0.6997
2025-12-23 10:41:30,951 - utils.logger2025-12-23-10.40.24 - INFO - 
[[ 45   5  16   1]
 [  4 116  22   0]
 [ 22  18  91  13]
 [  3   2  11  35]]
2025-12-23 10:41:31,301 - utils.logger2025-12-23-10.40.24 - INFO - Cur epoch 17 loss TA:0.6417 TV:0.6464 VA:1.1040 CE:0.1975
2025-12-23 10:41:31,811 - utils.logger2025-12-23-10.40.24 - INFO - Cur epoch 17 loss TA:0.6013 TV:0.6155 VA:1.0870 CE:0.2430
2025-12-23 10:41:32,461 - utils.logger2025-12-23-10.40.24 - INFO - Cur epoch 17 loss TA:0.6099 TV:0.6419 VA:1.1369 CE:0.1184
2025-12-23 10:41:33,006 - utils.logger2025-12-23-10.40.24 - INFO - Cur epoch 17 loss TA:0.6072 TV:0.6325 VA:1.0995 CE:0.2377
2025-12-23 10:41:33,403 - utils.logger2025-12-23-10.40.24 - INFO - Cur epoch 17 loss TA:0.6578 TV:0.6838 VA:1.1277 CE:0.1898
2025-12-23 10:41:33,743 - utils.logger2025-12-23-10.40.24 - INFO - saving the model at the end of epoch 17, iters 816
2025-12-23 10:41:33,865 - utils.logger2025-12-23-10.40.24 - INFO - End of training epoch 17 / 40 	 Time Taken: 2 sec
2025-12-23 10:41:33,865 - utils.logger2025-12-23-10.40.24 - INFO - learning rate = 0.0005000
2025-12-23 10:41:34,782 - utils.logger2025-12-23-10.40.24 - INFO - Val result of epoch 17 / 40 acc 0.7305 uar 0.7224 f1 0.7098
2025-12-23 10:41:34,782 - utils.logger2025-12-23-10.40.24 - INFO - 
[[ 28   6  17   1]
 [  5  81   9   1]
 [  8  18 115  24]
 [  3   0   8  47]]
2025-12-23 10:41:35,138 - utils.logger2025-12-23-10.40.24 - INFO - Tst result of epoch 17 / 40 acc 0.7228 uar 0.7261 f1 0.7057
2025-12-23 10:41:35,138 - utils.logger2025-12-23-10.40.24 - INFO - 
[[ 48   7  11   1]
 [  3 127  11   1]
 [ 27  21  79  17]
 [  5   2   6  38]]
2025-12-23 10:41:35,612 - utils.logger2025-12-23-10.40.24 - INFO - Cur epoch 18 loss TA:0.6414 TV:0.6412 VA:1.0775 CE:0.1793
2025-12-23 10:41:36,130 - utils.logger2025-12-23-10.40.24 - INFO - Cur epoch 18 loss TA:0.5699 TV:0.5766 VA:1.0886 CE:0.1212
2025-12-23 10:41:36,616 - utils.logger2025-12-23-10.40.24 - INFO - Cur epoch 18 loss TA:0.5802 TV:0.5915 VA:1.0223 CE:0.1528
2025-12-23 10:41:37,079 - utils.logger2025-12-23-10.40.24 - INFO - Cur epoch 18 loss TA:0.6569 TV:0.6650 VA:1.0864 CE:0.1950
2025-12-23 10:41:37,540 - utils.logger2025-12-23-10.40.24 - INFO - Cur epoch 18 loss TA:0.6197 TV:0.6454 VA:1.0996 CE:0.2405
2025-12-23 10:41:37,994 - utils.logger2025-12-23-10.40.24 - INFO - saving the model at the end of epoch 18, iters 864
2025-12-23 10:41:38,103 - utils.logger2025-12-23-10.40.24 - INFO - End of training epoch 18 / 40 	 Time Taken: 2 sec
2025-12-23 10:41:38,103 - utils.logger2025-12-23-10.40.24 - INFO - learning rate = 0.0005000
2025-12-23 10:41:39,070 - utils.logger2025-12-23-10.40.24 - INFO - Val result of epoch 18 / 40 acc 0.7278 uar 0.7293 f1 0.7183
2025-12-23 10:41:39,071 - utils.logger2025-12-23-10.40.24 - INFO - 
[[ 35   4  12   1]
 [  3  83   9   1]
 [ 11  22 111  21]
 [  2   0  15  41]]
2025-12-23 10:41:40,021 - utils.logger2025-12-23-10.40.24 - INFO - Tst result of epoch 18 / 40 acc 0.7351 uar 0.7419 f1 0.7247
2025-12-23 10:41:40,021 - utils.logger2025-12-23-10.40.24 - INFO - 
[[ 50   5  11   1]
 [  5 126  11   0]
 [ 22  25  82  15]
 [  3   3   6  39]]
2025-12-23 10:41:40,777 - utils.logger2025-12-23-10.40.24 - INFO - Cur epoch 19 loss TA:0.5897 TV:0.6109 VA:1.0653 CE:0.3651
2025-12-23 10:41:41,283 - utils.logger2025-12-23-10.40.24 - INFO - Cur epoch 19 loss TA:0.6106 TV:0.6281 VA:1.0850 CE:0.1831
2025-12-23 10:41:41,739 - utils.logger2025-12-23-10.40.24 - INFO - Cur epoch 19 loss TA:0.6004 TV:0.6158 VA:1.0621 CE:0.1178
2025-12-23 10:41:42,153 - utils.logger2025-12-23-10.40.24 - INFO - Cur epoch 19 loss TA:0.6163 TV:0.6552 VA:1.1023 CE:0.1833
2025-12-23 10:41:42,610 - utils.logger2025-12-23-10.40.24 - INFO - Cur epoch 19 loss TA:0.6024 TV:0.6178 VA:1.1143 CE:0.0504
2025-12-23 10:41:42,769 - utils.logger2025-12-23-10.40.24 - INFO - saving the model at the end of epoch 19, iters 912
2025-12-23 10:41:42,876 - utils.logger2025-12-23-10.40.24 - INFO - End of training epoch 19 / 40 	 Time Taken: 2 sec
2025-12-23 10:41:42,876 - utils.logger2025-12-23-10.40.24 - INFO - learning rate = 0.0005000
2025-12-23 10:41:43,372 - utils.logger2025-12-23-10.40.24 - INFO - Val result of epoch 19 / 40 acc 0.7412 uar 0.6917 f1 0.7056
2025-12-23 10:41:43,372 - utils.logger2025-12-23-10.40.24 - INFO - 
[[ 25   7  19   1]
 [  3  82  10   1]
 [  7  15 131  12]
 [  2   0  19  37]]
2025-12-23 10:41:44,129 - utils.logger2025-12-23-10.40.24 - INFO - Tst result of epoch 19 / 40 acc 0.7401 uar 0.7136 f1 0.7200
2025-12-23 10:41:44,129 - utils.logger2025-12-23-10.40.24 - INFO - 
[[ 42   7  17   1]
 [  3 126  13   0]
 [ 12  23  97  12]
 [  3   4  10  34]]
2025-12-23 10:41:45,247 - utils.logger2025-12-23-10.40.24 - INFO - Cur epoch 20 loss TA:0.5956 TV:0.6030 VA:1.0554 CE:0.1273
2025-12-23 10:41:45,642 - utils.logger2025-12-23-10.40.24 - INFO - Cur epoch 20 loss TA:0.5895 TV:0.6161 VA:1.1046 CE:0.1361
2025-12-23 10:41:46,119 - utils.logger2025-12-23-10.40.24 - INFO - Cur epoch 20 loss TA:0.6036 TV:0.6063 VA:1.1318 CE:0.1930
2025-12-23 10:41:46,480 - utils.logger2025-12-23-10.40.24 - INFO - Cur epoch 20 loss TA:0.6038 TV:0.6137 VA:1.0133 CE:0.0697
2025-12-23 10:41:46,862 - utils.logger2025-12-23-10.40.24 - INFO - Cur epoch 20 loss TA:0.4753 TV:0.4919 VA:0.7698 CE:0.0955
2025-12-23 10:41:46,919 - utils.logger2025-12-23-10.40.24 - INFO - saving the model at the end of epoch 20, iters 960
2025-12-23 10:41:47,008 - utils.logger2025-12-23-10.40.24 - INFO - End of training epoch 20 / 40 	 Time Taken: 2 sec
2025-12-23 10:41:47,008 - utils.logger2025-12-23-10.40.24 - INFO - learning rate = 0.0005000
2025-12-23 10:41:47,465 - utils.logger2025-12-23-10.40.24 - INFO - Val result of epoch 20 / 40 acc 0.7089 uar 0.6901 f1 0.6854
2025-12-23 10:41:47,466 - utils.logger2025-12-23-10.40.24 - INFO - 
[[ 27   7  17   1]
 [  2  86   7   1]
 [  8  24 111  22]
 [  3   0  16  39]]
2025-12-23 10:41:47,831 - utils.logger2025-12-23-10.40.24 - INFO - Tst result of epoch 20 / 40 acc 0.7351 uar 0.7185 f1 0.7165
2025-12-23 10:41:47,832 - utils.logger2025-12-23-10.40.24 - INFO - 
[[ 43   8  15   1]
 [  3 128  11   0]
 [ 14  25  90  15]
 [  3   4   8  36]]
2025-12-23 10:41:48,569 - utils.logger2025-12-23-10.40.24 - INFO - Cur epoch 21 loss TA:0.6093 TV:0.6259 VA:1.0366 CE:0.1737
2025-12-23 10:41:49,061 - utils.logger2025-12-23-10.40.24 - INFO - Cur epoch 21 loss TA:0.5921 TV:0.5974 VA:1.1094 CE:0.1038
2025-12-23 10:41:49,699 - utils.logger2025-12-23-10.40.24 - INFO - Cur epoch 21 loss TA:0.5847 TV:0.6040 VA:1.0841 CE:0.0495
2025-12-23 10:41:50,220 - utils.logger2025-12-23-10.40.24 - INFO - Cur epoch 21 loss TA:0.6265 TV:0.6443 VA:1.0770 CE:0.0428
2025-12-23 10:41:50,601 - utils.logger2025-12-23-10.40.24 - INFO - saving the model at the end of epoch 21, iters 1008
2025-12-23 10:41:50,712 - utils.logger2025-12-23-10.40.24 - INFO - End of training epoch 21 / 40 	 Time Taken: 2 sec
2025-12-23 10:41:50,712 - utils.logger2025-12-23-10.40.24 - INFO - learning rate = 0.0005000
2025-12-23 10:41:51,271 - utils.logger2025-12-23-10.40.24 - INFO - Val result of epoch 21 / 40 acc 0.7224 uar 0.6806 f1 0.6878
2025-12-23 10:41:51,271 - utils.logger2025-12-23-10.40.24 - INFO - 
[[ 34   6  12   0]
 [  4  80  11   1]
 [ 14  14 127  10]
 [  4   0  27  27]]
2025-12-23 10:41:51,656 - utils.logger2025-12-23-10.40.24 - INFO - Tst result of epoch 21 / 40 acc 0.6955 uar 0.6931 f1 0.6811
2025-12-23 10:41:51,657 - utils.logger2025-12-23-10.40.24 - INFO - 
[[ 49   6  11   1]
 [  6 122  14   0]
 [ 32  24  77  11]
 [  7   2   9  33]]
2025-12-23 10:41:52,044 - utils.logger2025-12-23-10.40.24 - INFO - Cur epoch 22 loss TA:0.5712 TV:0.5673 VA:1.0225 CE:0.0692
2025-12-23 10:41:52,588 - utils.logger2025-12-23-10.40.24 - INFO - Cur epoch 22 loss TA:0.5927 TV:0.6105 VA:1.0583 CE:0.0423
2025-12-23 10:41:53,101 - utils.logger2025-12-23-10.40.24 - INFO - Cur epoch 22 loss TA:0.5819 TV:0.5916 VA:1.0704 CE:0.1123
2025-12-23 10:41:53,512 - utils.logger2025-12-23-10.40.24 - INFO - Cur epoch 22 loss TA:0.6027 TV:0.6565 VA:1.0951 CE:0.0882
2025-12-23 10:41:53,992 - utils.logger2025-12-23-10.40.24 - INFO - Cur epoch 22 loss TA:0.5578 TV:0.5772 VA:1.0450 CE:0.0711
2025-12-23 10:41:54,365 - utils.logger2025-12-23-10.40.24 - INFO - saving the model at the end of epoch 22, iters 1056
2025-12-23 10:41:54,446 - utils.logger2025-12-23-10.40.24 - INFO - End of training epoch 22 / 40 	 Time Taken: 2 sec
2025-12-23 10:41:54,446 - utils.logger2025-12-23-10.40.24 - INFO - learning rate = 0.0005000
2025-12-23 10:41:55,675 - utils.logger2025-12-23-10.40.24 - INFO - Val result of epoch 22 / 40 acc 0.7628 uar 0.7553 f1 0.7473
2025-12-23 10:41:55,676 - utils.logger2025-12-23-10.40.24 - INFO - 
[[ 34   4  13   1]
 [  4  79  12   1]
 [ 14   9 124  18]
 [  2   0  10  46]]
2025-12-23 10:41:56,247 - utils.logger2025-12-23-10.40.24 - INFO - Tst result of epoch 22 / 40 acc 0.7079 uar 0.7082 f1 0.6997
2025-12-23 10:41:56,248 - utils.logger2025-12-23-10.40.24 - INFO - 
[[ 46   4  16   1]
 [ 10 113  19   0]
 [ 29  14  90  11]
 [  6   2   6  37]]
2025-12-23 10:41:56,730 - utils.logger2025-12-23-10.40.24 - INFO - Cur epoch 23 loss TA:0.5619 TV:0.5711 VA:1.0467 CE:0.2276
2025-12-23 10:41:57,117 - utils.logger2025-12-23-10.40.24 - INFO - Cur epoch 23 loss TA:0.5992 TV:0.6132 VA:1.0549 CE:0.0591
2025-12-23 10:41:57,505 - utils.logger2025-12-23-10.40.24 - INFO - Cur epoch 23 loss TA:0.6235 TV:0.6419 VA:1.0104 CE:0.0708
2025-12-23 10:41:57,904 - utils.logger2025-12-23-10.40.24 - INFO - Cur epoch 23 loss TA:0.5687 TV:0.5710 VA:1.0293 CE:0.0793
2025-12-23 10:41:58,305 - utils.logger2025-12-23-10.40.24 - INFO - Cur epoch 23 loss TA:0.5460 TV:0.5605 VA:1.0396 CE:0.3177
2025-12-23 10:41:58,523 - utils.logger2025-12-23-10.40.24 - INFO - saving the model at the end of epoch 23, iters 1104
2025-12-23 10:41:58,636 - utils.logger2025-12-23-10.40.24 - INFO - End of training epoch 23 / 40 	 Time Taken: 2 sec
2025-12-23 10:41:58,636 - utils.logger2025-12-23-10.40.24 - INFO - learning rate = 0.0005000
2025-12-23 10:41:59,363 - utils.logger2025-12-23-10.40.24 - INFO - Val result of epoch 23 / 40 acc 0.7224 uar 0.6921 f1 0.6963
2025-12-23 10:41:59,363 - utils.logger2025-12-23-10.40.24 - INFO - 
[[ 28   6  17   1]
 [  3  83   9   1]
 [  8  18 120  19]
 [  2   0  19  37]]
2025-12-23 10:41:59,705 - utils.logger2025-12-23-10.40.24 - INFO - Tst result of epoch 23 / 40 acc 0.7228 uar 0.7041 f1 0.7009
2025-12-23 10:41:59,705 - utils.logger2025-12-23-10.40.24 - INFO - 
[[ 37  10  19   1]
 [  5 124  13   0]
 [ 16  20  93  15]
 [  4   2   7  38]]
2025-12-23 10:42:00,203 - utils.logger2025-12-23-10.40.24 - INFO - Cur epoch 24 loss TA:0.5730 TV:0.5972 VA:1.0709 CE:0.0653
2025-12-23 10:42:00,582 - utils.logger2025-12-23-10.40.24 - INFO - Cur epoch 24 loss TA:0.5820 TV:0.5998 VA:1.0340 CE:0.1005
2025-12-23 10:42:00,983 - utils.logger2025-12-23-10.40.24 - INFO - Cur epoch 24 loss TA:0.5305 TV:0.5319 VA:0.9934 CE:0.0809
2025-12-23 10:42:01,367 - utils.logger2025-12-23-10.40.24 - INFO - Cur epoch 24 loss TA:0.5704 TV:0.5864 VA:1.0418 CE:0.1276
2025-12-23 10:42:01,815 - utils.logger2025-12-23-10.40.24 - INFO - Cur epoch 24 loss TA:0.5888 TV:0.6079 VA:1.0818 CE:0.1935
2025-12-23 10:42:01,960 - utils.logger2025-12-23-10.40.24 - INFO - saving the model at the end of epoch 24, iters 1152
2025-12-23 10:42:02,070 - utils.logger2025-12-23-10.40.24 - INFO - End of training epoch 24 / 40 	 Time Taken: 2 sec
2025-12-23 10:42:02,070 - utils.logger2025-12-23-10.40.24 - INFO - learning rate = 0.0005000
2025-12-23 10:42:02,718 - utils.logger2025-12-23-10.40.24 - INFO - Val result of epoch 24 / 40 acc 0.7197 uar 0.7582 f1 0.7176
2025-12-23 10:42:02,719 - utils.logger2025-12-23-10.40.24 - INFO - 
[[38  3  8  3]
 [ 5 79 10  2]
 [15 13 99 38]
 [ 1  0  6 51]]
2025-12-23 10:42:03,135 - utils.logger2025-12-23-10.40.24 - INFO - Tst result of epoch 24 / 40 acc 0.7030 uar 0.7256 f1 0.6867
2025-12-23 10:42:03,136 - utils.logger2025-12-23-10.40.24 - INFO - 
[[ 50   4   9   4]
 [  8 121  12   1]
 [ 32  16  72  24]
 [  3   2   5  41]]
2025-12-23 10:42:03,793 - utils.logger2025-12-23-10.40.24 - INFO - Cur epoch 25 loss TA:0.5376 TV:0.5411 VA:0.9912 CE:0.1418
2025-12-23 10:42:04,248 - utils.logger2025-12-23-10.40.24 - INFO - Cur epoch 25 loss TA:0.5749 TV:0.5865 VA:1.0719 CE:0.0476
2025-12-23 10:42:04,644 - utils.logger2025-12-23-10.40.24 - INFO - Cur epoch 25 loss TA:0.5747 TV:0.5774 VA:1.0412 CE:0.2359
2025-12-23 10:42:05,034 - utils.logger2025-12-23-10.40.24 - INFO - Cur epoch 25 loss TA:0.5683 TV:0.5751 VA:1.0399 CE:0.1329
2025-12-23 10:42:05,778 - utils.logger2025-12-23-10.40.24 - INFO - Cur epoch 25 loss TA:0.4772 TV:0.4886 VA:0.7939 CE:0.0843
2025-12-23 10:42:05,881 - utils.logger2025-12-23-10.40.24 - INFO - saving the model at the end of epoch 25, iters 1200
2025-12-23 10:42:05,983 - utils.logger2025-12-23-10.40.24 - INFO - End of training epoch 25 / 40 	 Time Taken: 2 sec
2025-12-23 10:42:05,983 - utils.logger2025-12-23-10.40.24 - INFO - learning rate = 0.0005000
2025-12-23 10:42:06,550 - utils.logger2025-12-23-10.40.24 - INFO - Val result of epoch 25 / 40 acc 0.7332 uar 0.7510 f1 0.7274
2025-12-23 10:42:06,550 - utils.logger2025-12-23-10.40.24 - INFO - 
[[ 35   5  11   1]
 [  3  77  15   1]
 [ 12  12 110  31]
 [  2   0   6  50]]
2025-12-23 10:42:06,923 - utils.logger2025-12-23-10.40.24 - INFO - Tst result of epoch 25 / 40 acc 0.7030 uar 0.7181 f1 0.6860
2025-12-23 10:42:06,924 - utils.logger2025-12-23-10.40.24 - INFO - 
[[ 51   5   9   2]
 [  7 122  12   1]
 [ 30  19  73  22]
 [  5   2   6  38]]
2025-12-23 10:42:07,857 - utils.logger2025-12-23-10.40.24 - INFO - Cur epoch 26 loss TA:0.5411 TV:0.5498 VA:1.0189 CE:0.0643
2025-12-23 10:42:08,396 - utils.logger2025-12-23-10.40.24 - INFO - Cur epoch 26 loss TA:0.5497 TV:0.5622 VA:1.0633 CE:0.1056
2025-12-23 10:42:08,920 - utils.logger2025-12-23-10.40.24 - INFO - Cur epoch 26 loss TA:0.6144 TV:0.6204 VA:1.0224 CE:0.2980
2025-12-23 10:42:09,459 - utils.logger2025-12-23-10.40.24 - INFO - Cur epoch 26 loss TA:0.5793 TV:0.5778 VA:1.0097 CE:0.1552
2025-12-23 10:42:10,011 - utils.logger2025-12-23-10.40.24 - INFO - saving the model at the end of epoch 26, iters 1248
2025-12-23 10:42:10,132 - utils.logger2025-12-23-10.40.24 - INFO - End of training epoch 26 / 40 	 Time Taken: 3 sec
2025-12-23 10:42:10,132 - utils.logger2025-12-23-10.40.24 - INFO - learning rate = 0.0005000
2025-12-23 10:42:11,372 - utils.logger2025-12-23-10.40.24 - INFO - Val result of epoch 26 / 40 acc 0.7439 uar 0.7177 f1 0.7200
2025-12-23 10:42:11,373 - utils.logger2025-12-23-10.40.24 - INFO - 
[[ 27   6  17   2]
 [  3  83   9   1]
 [  8  19 123  15]
 [  1   0  14  43]]
2025-12-23 10:42:12,385 - utils.logger2025-12-23-10.40.24 - INFO - Tst result of epoch 26 / 40 acc 0.7302 uar 0.7102 f1 0.7072
2025-12-23 10:42:12,385 - utils.logger2025-12-23-10.40.24 - INFO - 
[[ 39   9  18   1]
 [  3 126  12   1]
 [ 17  19  93  15]
 [  3   2   9  37]]
2025-12-23 10:42:12,755 - utils.logger2025-12-23-10.40.24 - INFO - Cur epoch 27 loss TA:0.5517 TV:0.5564 VA:1.0427 CE:0.0194
2025-12-23 10:42:13,179 - utils.logger2025-12-23-10.40.24 - INFO - Cur epoch 27 loss TA:0.5753 TV:0.5827 VA:1.0636 CE:0.0970
2025-12-23 10:42:13,583 - utils.logger2025-12-23-10.40.24 - INFO - Cur epoch 27 loss TA:0.5686 TV:0.5816 VA:1.0110 CE:0.0825
2025-12-23 10:42:14,040 - utils.logger2025-12-23-10.40.24 - INFO - Cur epoch 27 loss TA:0.5827 TV:0.6147 VA:0.9864 CE:0.2248
2025-12-23 10:42:14,510 - utils.logger2025-12-23-10.40.24 - INFO - Cur epoch 27 loss TA:0.5396 TV:0.5547 VA:1.0198 CE:0.1263
2025-12-23 10:42:14,850 - utils.logger2025-12-23-10.40.24 - INFO - saving the model at the end of epoch 27, iters 1296
2025-12-23 10:42:14,954 - utils.logger2025-12-23-10.40.24 - INFO - End of training epoch 27 / 40 	 Time Taken: 2 sec
2025-12-23 10:42:14,955 - utils.logger2025-12-23-10.40.24 - INFO - learning rate = 0.0005000
2025-12-23 10:42:15,577 - utils.logger2025-12-23-10.40.24 - INFO - Val result of epoch 27 / 40 acc 0.7170 uar 0.7280 f1 0.7049
2025-12-23 10:42:15,577 - utils.logger2025-12-23-10.40.24 - INFO - 
[[ 29   5  15   3]
 [  2  85   7   2]
 [  8  22 103  32]
 [  1   0   8  49]]
2025-12-23 10:42:15,957 - utils.logger2025-12-23-10.40.24 - INFO - Tst result of epoch 27 / 40 acc 0.6980 uar 0.6916 f1 0.6789
2025-12-23 10:42:15,957 - utils.logger2025-12-23-10.40.24 - INFO - 
[[ 41   7  17   2]
 [  4 126  12   0]
 [ 21  26  78  19]
 [  2   2  10  37]]
2025-12-23 10:42:16,778 - utils.logger2025-12-23-10.40.24 - INFO - Cur epoch 28 loss TA:0.5741 TV:0.6108 VA:1.0320 CE:0.1829
2025-12-23 10:42:17,336 - utils.logger2025-12-23-10.40.24 - INFO - Cur epoch 28 loss TA:0.5402 TV:0.5602 VA:1.0288 CE:0.0274
2025-12-23 10:42:17,756 - utils.logger2025-12-23-10.40.24 - INFO - Cur epoch 28 loss TA:0.5597 TV:0.5668 VA:1.0484 CE:0.0748
2025-12-23 10:42:18,247 - utils.logger2025-12-23-10.40.24 - INFO - Cur epoch 28 loss TA:0.5805 TV:0.5877 VA:1.0033 CE:0.0650
2025-12-23 10:42:18,743 - utils.logger2025-12-23-10.40.24 - INFO - Cur epoch 28 loss TA:0.5382 TV:0.5403 VA:1.0322 CE:0.0674
2025-12-23 10:42:18,998 - utils.logger2025-12-23-10.40.24 - INFO - saving the model at the end of epoch 28, iters 1344
2025-12-23 10:42:19,123 - utils.logger2025-12-23-10.40.24 - INFO - End of training epoch 28 / 40 	 Time Taken: 3 sec
2025-12-23 10:42:19,123 - utils.logger2025-12-23-10.40.24 - INFO - learning rate = 0.0005000
2025-12-23 10:42:19,717 - utils.logger2025-12-23-10.40.24 - INFO - Val result of epoch 28 / 40 acc 0.7251 uar 0.7259 f1 0.7080
2025-12-23 10:42:19,718 - utils.logger2025-12-23-10.40.24 - INFO - 
[[ 28   8  14   2]
 [  1  87   6   2]
 [  9  22 107  27]
 [  1   0  10  47]]
2025-12-23 10:42:20,110 - utils.logger2025-12-23-10.40.24 - INFO - Tst result of epoch 28 / 40 acc 0.7104 uar 0.6975 f1 0.6923
2025-12-23 10:42:20,111 - utils.logger2025-12-23-10.40.24 - INFO - 
[[ 38   7  21   1]
 [  4 126  12   0]
 [ 18  26  85  15]
 [  3   3   7  38]]
2025-12-23 10:42:20,695 - utils.logger2025-12-23-10.40.24 - INFO - Cur epoch 29 loss TA:0.5520 TV:0.5696 VA:0.9953 CE:0.1125
2025-12-23 10:42:21,225 - utils.logger2025-12-23-10.40.24 - INFO - Cur epoch 29 loss TA:0.5568 TV:0.5687 VA:1.0244 CE:0.0316
2025-12-23 10:42:22,167 - utils.logger2025-12-23-10.40.24 - INFO - Cur epoch 29 loss TA:0.5904 TV:0.5949 VA:1.0369 CE:0.1576
2025-12-23 10:42:22,603 - utils.logger2025-12-23-10.40.24 - INFO - Cur epoch 29 loss TA:0.5684 TV:0.5928 VA:0.9897 CE:0.1407
2025-12-23 10:42:23,070 - utils.logger2025-12-23-10.40.24 - INFO - Cur epoch 29 loss TA:0.5255 TV:0.5437 VA:1.0076 CE:0.0375
2025-12-23 10:42:23,210 - utils.logger2025-12-23-10.40.24 - INFO - saving the model at the end of epoch 29, iters 1392
2025-12-23 10:42:23,310 - utils.logger2025-12-23-10.40.24 - INFO - End of training epoch 29 / 40 	 Time Taken: 3 sec
2025-12-23 10:42:23,310 - utils.logger2025-12-23-10.40.24 - INFO - learning rate = 0.0005000
2025-12-23 10:42:23,694 - utils.logger2025-12-23-10.40.24 - INFO - Val result of epoch 29 / 40 acc 0.7035 uar 0.6819 f1 0.6812
2025-12-23 10:42:23,694 - utils.logger2025-12-23-10.40.24 - INFO - 
[[ 28   9  15   0]
 [  3  86   6   1]
 [  9  30 111  15]
 [  3   0  19  36]]
2025-12-23 10:42:24,228 - utils.logger2025-12-23-10.40.24 - INFO - Tst result of epoch 29 / 40 acc 0.7104 uar 0.6825 f1 0.6881
2025-12-23 10:42:24,229 - utils.logger2025-12-23-10.40.24 - INFO - 
[[ 40   9  17   1]
 [  4 128  10   0]
 [ 19  29  87   9]
 [  4   4  11  32]]
2025-12-23 10:42:24,893 - utils.logger2025-12-23-10.40.24 - INFO - Cur epoch 30 loss TA:0.5529 TV:0.5613 VA:1.0448 CE:0.1121
2025-12-23 10:42:25,387 - utils.logger2025-12-23-10.40.24 - INFO - Cur epoch 30 loss TA:0.5563 TV:0.5720 VA:1.0118 CE:0.0919
2025-12-23 10:42:25,904 - utils.logger2025-12-23-10.40.24 - INFO - Cur epoch 30 loss TA:0.5688 TV:0.5571 VA:0.9974 CE:0.0961
2025-12-23 10:42:26,430 - utils.logger2025-12-23-10.40.24 - INFO - Cur epoch 30 loss TA:0.5610 TV:0.5650 VA:1.0316 CE:0.0880
2025-12-23 10:42:26,984 - utils.logger2025-12-23-10.40.24 - INFO - Cur epoch 30 loss TA:0.3877 TV:0.3804 VA:0.6573 CE:0.1573
2025-12-23 10:42:27,059 - utils.logger2025-12-23-10.40.24 - INFO - saving the model at the end of epoch 30, iters 1440
2025-12-23 10:42:27,149 - utils.logger2025-12-23-10.40.24 - INFO - End of training epoch 30 / 40 	 Time Taken: 2 sec
2025-12-23 10:42:27,149 - utils.logger2025-12-23-10.40.24 - INFO - learning rate = 0.0004545
2025-12-23 10:42:27,995 - utils.logger2025-12-23-10.40.24 - INFO - Val result of epoch 30 / 40 acc 0.7251 uar 0.7496 f1 0.7218
2025-12-23 10:42:27,995 - utils.logger2025-12-23-10.40.24 - INFO - 
[[ 38   3   8   3]
 [  4  76  15   1]
 [ 16  12 107  30]
 [  1   0   9  48]]
2025-12-23 10:42:28,489 - utils.logger2025-12-23-10.40.24 - INFO - Tst result of epoch 30 / 40 acc 0.7030 uar 0.7119 f1 0.6889
2025-12-23 10:42:28,490 - utils.logger2025-12-23-10.40.24 - INFO - 
[[ 48   5  11   3]
 [  7 113  21   1]
 [ 26  12  85  21]
 [  5   2   6  38]]
2025-12-23 10:42:29,391 - utils.logger2025-12-23-10.40.24 - INFO - Cur epoch 31 loss TA:0.5532 TV:0.5730 VA:1.0219 CE:0.0494
2025-12-23 10:42:29,776 - utils.logger2025-12-23-10.40.24 - INFO - Cur epoch 31 loss TA:0.5705 TV:0.5813 VA:1.0027 CE:0.0374
2025-12-23 10:42:30,164 - utils.logger2025-12-23-10.40.24 - INFO - Cur epoch 31 loss TA:0.5773 TV:0.5959 VA:0.9911 CE:0.0132
2025-12-23 10:42:30,622 - utils.logger2025-12-23-10.40.24 - INFO - Cur epoch 31 loss TA:0.6062 TV:0.6163 VA:1.0465 CE:0.1156
2025-12-23 10:42:31,113 - utils.logger2025-12-23-10.40.24 - INFO - saving the model at the end of epoch 31, iters 1488
2025-12-23 10:42:31,234 - utils.logger2025-12-23-10.40.24 - INFO - End of training epoch 31 / 40 	 Time Taken: 2 sec
2025-12-23 10:42:31,234 - utils.logger2025-12-23-10.40.24 - INFO - learning rate = 0.0004091
2025-12-23 10:42:31,602 - utils.logger2025-12-23-10.40.24 - INFO - Val result of epoch 31 / 40 acc 0.7197 uar 0.7101 f1 0.7010
2025-12-23 10:42:31,602 - utils.logger2025-12-23-10.40.24 - INFO - 
[[ 27   8  16   1]
 [  3  86   6   1]
 [ 11  27 110  17]
 [  1   0  13  44]]
2025-12-23 10:42:32,342 - utils.logger2025-12-23-10.40.24 - INFO - Tst result of epoch 31 / 40 acc 0.7252 uar 0.7128 f1 0.7059
2025-12-23 10:42:32,342 - utils.logger2025-12-23-10.40.24 - INFO - 
[[ 42   9  15   1]
 [  1 131   9   1]
 [ 17  29  83  15]
 [  4   3   7  37]]
2025-12-23 10:42:33,065 - utils.logger2025-12-23-10.40.24 - INFO - Cur epoch 32 loss TA:0.5424 TV:0.5510 VA:1.0097 CE:0.0580
2025-12-23 10:42:33,511 - utils.logger2025-12-23-10.40.24 - INFO - Cur epoch 32 loss TA:0.5720 TV:0.5858 VA:1.0207 CE:0.0674
2025-12-23 10:42:33,995 - utils.logger2025-12-23-10.40.24 - INFO - Cur epoch 32 loss TA:0.5492 TV:0.5665 VA:1.0181 CE:0.0287
2025-12-23 10:42:34,404 - utils.logger2025-12-23-10.40.24 - INFO - Cur epoch 32 loss TA:0.5428 TV:0.5576 VA:0.9943 CE:0.0556
2025-12-23 10:42:34,864 - utils.logger2025-12-23-10.40.24 - INFO - Cur epoch 32 loss TA:0.5704 TV:0.5795 VA:0.9843 CE:0.0705
2025-12-23 10:42:35,190 - utils.logger2025-12-23-10.40.24 - INFO - saving the model at the end of epoch 32, iters 1536
2025-12-23 10:42:35,301 - utils.logger2025-12-23-10.40.24 - INFO - End of training epoch 32 / 40 	 Time Taken: 2 sec
2025-12-23 10:42:35,301 - utils.logger2025-12-23-10.40.24 - INFO - learning rate = 0.0003636
2025-12-23 10:42:35,761 - utils.logger2025-12-23-10.40.24 - INFO - Val result of epoch 32 / 40 acc 0.7089 uar 0.7422 f1 0.7022
2025-12-23 10:42:35,762 - utils.logger2025-12-23-10.40.24 - INFO - 
[[35  5  9  3]
 [ 4 84  6  2]
 [21 23 95 26]
 [ 1  0  8 49]]
2025-12-23 10:42:36,302 - utils.logger2025-12-23-10.40.24 - INFO - Tst result of epoch 32 / 40 acc 0.7079 uar 0.7209 f1 0.6954
2025-12-23 10:42:36,302 - utils.logger2025-12-23-10.40.24 - INFO - 
[[ 49   6  11   1]
 [  4 128  10   0]
 [ 31  27  70  16]
 [  4   2   6  39]]
2025-12-23 10:42:36,836 - utils.logger2025-12-23-10.40.24 - INFO - Cur epoch 33 loss TA:0.5167 TV:0.5373 VA:1.0050 CE:0.2301
2025-12-23 10:42:37,551 - utils.logger2025-12-23-10.40.24 - INFO - Cur epoch 33 loss TA:0.5305 TV:0.5372 VA:0.9986 CE:0.0905
2025-12-23 10:42:37,938 - utils.logger2025-12-23-10.40.24 - INFO - Cur epoch 33 loss TA:0.5624 TV:0.5715 VA:0.9841 CE:0.0076
2025-12-23 10:42:38,526 - utils.logger2025-12-23-10.40.24 - INFO - Cur epoch 33 loss TA:0.5080 TV:0.5236 VA:0.9965 CE:0.2356
2025-12-23 10:42:39,012 - utils.logger2025-12-23-10.40.24 - INFO - Cur epoch 33 loss TA:0.5991 TV:0.6279 VA:1.0570 CE:0.0212
2025-12-23 10:42:39,275 - utils.logger2025-12-23-10.40.24 - INFO - saving the model at the end of epoch 33, iters 1584
2025-12-23 10:42:39,386 - utils.logger2025-12-23-10.40.24 - INFO - End of training epoch 33 / 40 	 Time Taken: 3 sec
2025-12-23 10:42:39,386 - utils.logger2025-12-23-10.40.24 - INFO - learning rate = 0.0003182
2025-12-23 10:42:39,788 - utils.logger2025-12-23-10.40.24 - INFO - Val result of epoch 33 / 40 acc 0.7062 uar 0.6762 f1 0.6730
2025-12-23 10:42:39,788 - utils.logger2025-12-23-10.40.24 - INFO - 
[[ 20   9  22   1]
 [  2  83  10   1]
 [  7  23 115  20]
 [  1   0  13  44]]
2025-12-23 10:42:40,165 - utils.logger2025-12-23-10.40.24 - INFO - Tst result of epoch 33 / 40 acc 0.7178 uar 0.6925 f1 0.6901
2025-12-23 10:42:40,165 - utils.logger2025-12-23-10.40.24 - INFO - 
[[ 36   9  20   2]
 [  1 131   9   1]
 [ 16  26  87  15]
 [  3   3   9  36]]
2025-12-23 10:42:40,783 - utils.logger2025-12-23-10.40.24 - INFO - Cur epoch 34 loss TA:0.4924 TV:0.4924 VA:0.9516 CE:0.0843
2025-12-23 10:42:41,276 - utils.logger2025-12-23-10.40.24 - INFO - Cur epoch 34 loss TA:0.5367 TV:0.5489 VA:0.9738 CE:0.0072
2025-12-23 10:42:41,804 - utils.logger2025-12-23-10.40.24 - INFO - Cur epoch 34 loss TA:0.5459 TV:0.5398 VA:1.0011 CE:0.0220
2025-12-23 10:42:42,428 - utils.logger2025-12-23-10.40.24 - INFO - Cur epoch 34 loss TA:0.5380 TV:0.5441 VA:0.9628 CE:0.0159
2025-12-23 10:42:42,883 - utils.logger2025-12-23-10.40.24 - INFO - Cur epoch 34 loss TA:0.5370 TV:0.5532 VA:0.9641 CE:0.0050
2025-12-23 10:42:43,000 - utils.logger2025-12-23-10.40.24 - INFO - saving the model at the end of epoch 34, iters 1632
2025-12-23 10:42:43,089 - utils.logger2025-12-23-10.40.24 - INFO - End of training epoch 34 / 40 	 Time Taken: 2 sec
2025-12-23 10:42:43,090 - utils.logger2025-12-23-10.40.24 - INFO - learning rate = 0.0002727
2025-12-23 10:42:43,484 - utils.logger2025-12-23-10.40.24 - INFO - Val result of epoch 34 / 40 acc 0.7116 uar 0.7059 f1 0.6962
2025-12-23 10:42:43,485 - utils.logger2025-12-23-10.40.24 - INFO - 
[[ 30   6  14   2]
 [  2  85   8   1]
 [ 12  26 108  19]
 [  2   0  15  41]]
2025-12-23 10:42:43,861 - utils.logger2025-12-23-10.40.24 - INFO - Tst result of epoch 34 / 40 acc 0.7302 uar 0.7111 f1 0.7069
2025-12-23 10:42:43,861 - utils.logger2025-12-23-10.40.24 - INFO - 
[[ 41   6  19   1]
 [  2 128  11   1]
 [ 16  21  90  17]
 [  3   3   9  36]]
2025-12-23 10:42:44,536 - utils.logger2025-12-23-10.40.24 - INFO - Cur epoch 35 loss TA:0.5051 TV:0.5157 VA:1.0154 CE:0.0146
2025-12-23 10:42:45,108 - utils.logger2025-12-23-10.40.24 - INFO - Cur epoch 35 loss TA:0.5273 TV:0.5359 VA:0.9770 CE:0.0024
2025-12-23 10:42:45,648 - utils.logger2025-12-23-10.40.24 - INFO - Cur epoch 35 loss TA:0.4852 TV:0.4943 VA:0.9523 CE:0.0778
2025-12-23 10:42:46,134 - utils.logger2025-12-23-10.40.24 - INFO - Cur epoch 35 loss TA:0.5232 TV:0.5303 VA:0.9434 CE:0.0427
2025-12-23 10:42:46,654 - utils.logger2025-12-23-10.40.24 - INFO - Cur epoch 35 loss TA:0.3741 TV:0.3912 VA:0.6568 CE:0.0485
2025-12-23 10:42:46,707 - utils.logger2025-12-23-10.40.24 - INFO - saving the model at the end of epoch 35, iters 1680
2025-12-23 10:42:46,816 - utils.logger2025-12-23-10.40.24 - INFO - End of training epoch 35 / 40 	 Time Taken: 2 sec
2025-12-23 10:42:46,816 - utils.logger2025-12-23-10.40.24 - INFO - learning rate = 0.0002273
2025-12-23 10:42:47,641 - utils.logger2025-12-23-10.40.24 - INFO - Val result of epoch 35 / 40 acc 0.7332 uar 0.7371 f1 0.7222
2025-12-23 10:42:47,641 - utils.logger2025-12-23-10.40.24 - INFO - 
[[ 32   4  13   3]
 [  3  81  11   1]
 [ 10  18 112  25]
 [  1   0  10  47]]
2025-12-23 10:42:48,872 - utils.logger2025-12-23-10.40.24 - INFO - Tst result of epoch 35 / 40 acc 0.7277 uar 0.7278 f1 0.7126
2025-12-23 10:42:48,872 - utils.logger2025-12-23-10.40.24 - INFO - 
[[ 44   5  16   2]
 [  4 122  15   1]
 [ 20  18  88  18]
 [  3   2   6  40]]
2025-12-23 10:42:50,315 - utils.logger2025-12-23-10.40.24 - INFO - Cur epoch 36 loss TA:0.5067 TV:0.5078 VA:0.9968 CE:0.0130
2025-12-23 10:42:50,824 - utils.logger2025-12-23-10.40.24 - INFO - Cur epoch 36 loss TA:0.5267 TV:0.5238 VA:0.9565 CE:0.0176
2025-12-23 10:42:51,367 - utils.logger2025-12-23-10.40.24 - INFO - Cur epoch 36 loss TA:0.5133 TV:0.5149 VA:0.9627 CE:0.0086
2025-12-23 10:42:51,891 - utils.logger2025-12-23-10.40.24 - INFO - Cur epoch 36 loss TA:0.5674 TV:0.5682 VA:0.9909 CE:0.0165
2025-12-23 10:42:52,373 - utils.logger2025-12-23-10.40.24 - INFO - saving the model at the end of epoch 36, iters 1728
2025-12-23 10:42:52,485 - utils.logger2025-12-23-10.40.24 - INFO - End of training epoch 36 / 40 	 Time Taken: 3 sec
2025-12-23 10:42:52,485 - utils.logger2025-12-23-10.40.24 - INFO - learning rate = 0.0001818
2025-12-23 10:42:53,090 - utils.logger2025-12-23-10.40.24 - INFO - Val result of epoch 36 / 40 acc 0.7170 uar 0.7105 f1 0.7032
2025-12-23 10:42:53,090 - utils.logger2025-12-23-10.40.24 - INFO - 
[[ 34   4  12   2]
 [  3  82  10   1]
 [ 16  20 112  17]
 [  1   0  19  38]]
2025-12-23 10:42:53,697 - utils.logger2025-12-23-10.40.24 - INFO - Tst result of epoch 36 / 40 acc 0.7277 uar 0.7169 f1 0.7088
2025-12-23 10:42:53,698 - utils.logger2025-12-23-10.40.24 - INFO - 
[[ 48   5  13   1]
 [  5 124  12   1]
 [ 26  18  88  12]
 [  4   3  10  34]]
2025-12-23 10:42:54,630 - utils.logger2025-12-23-10.40.24 - INFO - Cur epoch 37 loss TA:0.5160 TV:0.5194 VA:0.9468 CE:0.0083
2025-12-23 10:42:55,148 - utils.logger2025-12-23-10.40.24 - INFO - Cur epoch 37 loss TA:0.5083 TV:0.5300 VA:0.9859 CE:0.0120
2025-12-23 10:42:55,562 - utils.logger2025-12-23-10.40.24 - INFO - Cur epoch 37 loss TA:0.5503 TV:0.5643 VA:0.9617 CE:0.0161
2025-12-23 10:42:56,033 - utils.logger2025-12-23-10.40.24 - INFO - Cur epoch 37 loss TA:0.5081 TV:0.5155 VA:0.9559 CE:0.0074
2025-12-23 10:42:56,532 - utils.logger2025-12-23-10.40.24 - INFO - Cur epoch 37 loss TA:0.5157 TV:0.5204 VA:0.9628 CE:0.0264
2025-12-23 10:42:56,911 - utils.logger2025-12-23-10.40.24 - INFO - saving the model at the end of epoch 37, iters 1776
2025-12-23 10:42:56,995 - utils.logger2025-12-23-10.40.24 - INFO - End of training epoch 37 / 40 	 Time Taken: 3 sec
2025-12-23 10:42:56,995 - utils.logger2025-12-23-10.40.24 - INFO - learning rate = 0.0001364
2025-12-23 10:42:57,859 - utils.logger2025-12-23-10.40.24 - INFO - Val result of epoch 37 / 40 acc 0.7062 uar 0.7225 f1 0.6941
2025-12-23 10:42:57,860 - utils.logger2025-12-23-10.40.24 - INFO - 
[[30  8 11  3]
 [ 3 85  7  1]
 [13 25 99 28]
 [ 1  0  9 48]]
2025-12-23 10:42:58,227 - utils.logger2025-12-23-10.40.24 - INFO - Tst result of epoch 37 / 40 acc 0.7203 uar 0.7156 f1 0.7015
2025-12-23 10:42:58,227 - utils.logger2025-12-23-10.40.24 - INFO - 
[[ 42   8  15   2]
 [  1 129  11   1]
 [ 18  26  81  19]
 [  3   2   7  39]]
2025-12-23 10:42:58,671 - utils.logger2025-12-23-10.40.24 - INFO - Cur epoch 38 loss TA:0.5411 TV:0.5625 VA:1.0092 CE:0.0131
2025-12-23 10:42:59,166 - utils.logger2025-12-23-10.40.24 - INFO - Cur epoch 38 loss TA:0.5008 TV:0.5073 VA:0.9426 CE:0.0587
2025-12-23 10:42:59,671 - utils.logger2025-12-23-10.40.24 - INFO - Cur epoch 38 loss TA:0.5306 TV:0.5373 VA:0.9400 CE:0.0177
2025-12-23 10:43:00,189 - utils.logger2025-12-23-10.40.24 - INFO - Cur epoch 38 loss TA:0.5611 TV:0.5622 VA:0.9933 CE:0.0058
2025-12-23 10:43:00,667 - utils.logger2025-12-23-10.40.24 - INFO - Cur epoch 38 loss TA:0.5499 TV:0.5635 VA:0.9647 CE:0.0027
2025-12-23 10:43:00,920 - utils.logger2025-12-23-10.40.24 - INFO - saving the model at the end of epoch 38, iters 1824
2025-12-23 10:43:01,030 - utils.logger2025-12-23-10.40.24 - INFO - End of training epoch 38 / 40 	 Time Taken: 2 sec
2025-12-23 10:43:01,030 - utils.logger2025-12-23-10.40.24 - INFO - learning rate = 0.0000909
2025-12-23 10:43:01,602 - utils.logger2025-12-23-10.40.24 - INFO - Val result of epoch 38 / 40 acc 0.7143 uar 0.7314 f1 0.7046
2025-12-23 10:43:01,603 - utils.logger2025-12-23-10.40.24 - INFO - 
[[ 32   6  11   3]
 [  3  83   9   1]
 [ 15  22 102  26]
 [  1   0   9  48]]
2025-12-23 10:43:02,052 - utils.logger2025-12-23-10.40.24 - INFO - Tst result of epoch 38 / 40 acc 0.7426 uar 0.7372 f1 0.7251
2025-12-23 10:43:02,052 - utils.logger2025-12-23-10.40.24 - INFO - 
[[ 45   5  15   2]
 [  2 127  12   1]
 [ 20  19  89  16]
 [  3   2   7  39]]
2025-12-23 10:43:02,654 - utils.logger2025-12-23-10.40.24 - INFO - Cur epoch 39 loss TA:0.5111 TV:0.5166 VA:0.9804 CE:0.0427
2025-12-23 10:43:03,106 - utils.logger2025-12-23-10.40.24 - INFO - Cur epoch 39 loss TA:0.5382 TV:0.5523 VA:0.9734 CE:0.0071
2025-12-23 10:43:03,625 - utils.logger2025-12-23-10.40.24 - INFO - Cur epoch 39 loss TA:0.5423 TV:0.5498 VA:0.9578 CE:0.0040
2025-12-23 10:43:04,119 - utils.logger2025-12-23-10.40.24 - INFO - Cur epoch 39 loss TA:0.5314 TV:0.5391 VA:0.9876 CE:0.0206
2025-12-23 10:43:04,600 - utils.logger2025-12-23-10.40.24 - INFO - Cur epoch 39 loss TA:0.5073 TV:0.5326 VA:0.9563 CE:0.0079
2025-12-23 10:43:04,751 - utils.logger2025-12-23-10.40.24 - INFO - saving the model at the end of epoch 39, iters 1872
2025-12-23 10:43:04,936 - utils.logger2025-12-23-10.40.24 - INFO - End of training epoch 39 / 40 	 Time Taken: 2 sec
2025-12-23 10:43:04,937 - utils.logger2025-12-23-10.40.24 - INFO - learning rate = 0.0000455
2025-12-23 10:43:05,548 - utils.logger2025-12-23-10.40.24 - INFO - Val result of epoch 39 / 40 acc 0.7224 uar 0.7095 f1 0.7018
2025-12-23 10:43:05,549 - utils.logger2025-12-23-10.40.24 - INFO - 
[[ 26   5  18   3]
 [  2  82  11   1]
 [ 10  20 114  21]
 [  1   0  11  46]]
2025-12-23 10:43:05,931 - utils.logger2025-12-23-10.40.24 - INFO - Tst result of epoch 39 / 40 acc 0.7376 uar 0.7151 f1 0.7167
2025-12-23 10:43:05,932 - utils.logger2025-12-23-10.40.24 - INFO - 
[[ 42   6  18   1]
 [  1 128  12   1]
 [ 14  23  93  14]
 [  3   3  10  35]]
2025-12-23 10:43:06,610 - utils.logger2025-12-23-10.40.24 - INFO - Cur epoch 40 loss TA:0.5457 TV:0.5558 VA:1.0011 CE:0.0048
2025-12-23 10:43:07,056 - utils.logger2025-12-23-10.40.24 - INFO - Cur epoch 40 loss TA:0.5341 TV:0.5385 VA:0.9868 CE:0.0112
2025-12-23 10:43:07,474 - utils.logger2025-12-23-10.40.24 - INFO - Cur epoch 40 loss TA:0.5147 TV:0.5256 VA:0.9596 CE:0.0059
2025-12-23 10:43:07,895 - utils.logger2025-12-23-10.40.24 - INFO - Cur epoch 40 loss TA:0.4890 TV:0.5011 VA:0.9636 CE:0.0091
2025-12-23 10:43:08,330 - utils.logger2025-12-23-10.40.24 - INFO - Cur epoch 40 loss TA:0.3762 TV:0.3848 VA:0.6662 CE:0.0020
2025-12-23 10:43:08,395 - utils.logger2025-12-23-10.40.24 - INFO - saving the model at the end of epoch 40, iters 1920
2025-12-23 10:43:08,521 - utils.logger2025-12-23-10.40.24 - INFO - End of training epoch 40 / 40 	 Time Taken: 2 sec
2025-12-23 10:43:08,521 - utils.logger2025-12-23-10.40.24 - INFO - learning rate = 0.0000000
2025-12-23 10:43:09,025 - utils.logger2025-12-23-10.40.24 - INFO - Val result of epoch 40 / 40 acc 0.7278 uar 0.7307 f1 0.7152
2025-12-23 10:43:09,025 - utils.logger2025-12-23-10.40.24 - INFO - 
[[ 30   7  12   3]
 [  2  84   9   1]
 [ 11  25 109  20]
 [  1   0  10  47]]
2025-12-23 10:43:09,790 - utils.logger2025-12-23-10.40.24 - INFO - Tst result of epoch 40 / 40 acc 0.7277 uar 0.7133 f1 0.7093
2025-12-23 10:43:09,791 - utils.logger2025-12-23-10.40.24 - INFO - 
[[ 43   8  15   1]
 [  1 129  11   1]
 [ 17  27  86  14]
 [  4   3   8  36]]
2025-12-23 10:43:09,791 - utils.logger2025-12-23-10.40.24 - INFO - Best eval epoch 11 found with f1 0.728286
