2025-12-24 11:30:32,550 - utils.logger2025-12-24-11.30.32 - INFO - The number of training samples = 1750
2025-12-24 11:30:34,120 - utils.logger2025-12-24-11.30.32 - INFO - Cur epoch 1 loss TA:1.0358 TV:1.0358 VA:2.0716 CE:4.2889
2025-12-24 11:30:34,823 - utils.logger2025-12-24-11.30.32 - INFO - Cur epoch 1 loss TA:1.0358 TV:1.0358 VA:2.0716 CE:2.7654
2025-12-24 11:30:35,481 - utils.logger2025-12-24-11.30.32 - INFO - saving the model at the end of epoch 1, iters 28
2025-12-24 11:30:35,571 - utils.logger2025-12-24-11.30.32 - INFO - End of training epoch 1 / 40 	 Time Taken: 2 sec
2025-12-24 11:30:35,571 - utils.logger2025-12-24-11.30.32 - INFO - learning rate = 0.0002000
2025-12-24 11:30:35,922 - utils.logger2025-12-24-11.30.32 - INFO - Val result of epoch 1 / 40 acc 0.5893 MAE 0.0732 f1 0.7278
2025-12-24 11:30:36,211 - utils.logger2025-12-24-11.30.32 - INFO - Tst result of epoch 1 / 40 acc 0.5893 MAE 0.0732 f1 0.7278
2025-12-24 11:30:36,568 - utils.logger2025-12-24-11.30.32 - INFO - Cur epoch 2 loss TA:1.0358 TV:1.0358 VA:2.0713 CE:2.8844
2025-12-24 11:30:37,378 - utils.logger2025-12-24-11.30.32 - INFO - Cur epoch 2 loss TA:1.0358 TV:1.0358 VA:2.0712 CE:2.6204
2025-12-24 11:30:38,184 - utils.logger2025-12-24-11.30.32 - INFO - Cur epoch 2 loss TA:1.0358 TV:1.0358 VA:2.0714 CE:2.4879
2025-12-24 11:30:38,746 - utils.logger2025-12-24-11.30.32 - INFO - saving the model at the end of epoch 2, iters 56
2025-12-24 11:30:38,829 - utils.logger2025-12-24-11.30.32 - INFO - End of training epoch 2 / 40 	 Time Taken: 2 sec
2025-12-24 11:30:38,830 - utils.logger2025-12-24-11.30.32 - INFO - learning rate = 0.0002000
2025-12-24 11:30:39,179 - utils.logger2025-12-24-11.30.32 - INFO - Val result of epoch 2 / 40 acc 0.5089 MAE 0.1576 f1 0.5594
2025-12-24 11:30:39,517 - utils.logger2025-12-24-11.30.32 - INFO - Tst result of epoch 2 / 40 acc 0.5089 MAE 0.1576 f1 0.5594
2025-12-24 11:30:40,282 - utils.logger2025-12-24-11.30.32 - INFO - Cur epoch 3 loss TA:1.0352 TV:1.0350 VA:2.0477 CE:2.9574
2025-12-24 11:30:41,037 - utils.logger2025-12-24-11.30.32 - INFO - Cur epoch 3 loss TA:1.0357 TV:1.0358 VA:2.0704 CE:2.8944
2025-12-24 11:30:41,777 - utils.logger2025-12-24-11.30.32 - INFO - Cur epoch 3 loss TA:1.0356 TV:1.0357 VA:2.0692 CE:2.6998
2025-12-24 11:30:42,161 - utils.logger2025-12-24-11.30.32 - INFO - saving the model at the end of epoch 3, iters 84
2025-12-24 11:30:42,255 - utils.logger2025-12-24-11.30.32 - INFO - End of training epoch 3 / 40 	 Time Taken: 2 sec
2025-12-24 11:30:42,255 - utils.logger2025-12-24-11.30.32 - INFO - learning rate = 0.0002000
2025-12-24 11:30:42,750 - utils.logger2025-12-24-11.30.32 - INFO - Val result of epoch 3 / 40 acc 0.5759 MAE 0.0217 f1 0.6475
2025-12-24 11:30:43,113 - utils.logger2025-12-24-11.30.32 - INFO - Tst result of epoch 3 / 40 acc 0.5759 MAE 0.0217 f1 0.6475
2025-12-24 11:30:43,833 - utils.logger2025-12-24-11.30.32 - INFO - Cur epoch 4 loss TA:1.0342 TV:1.0333 VA:2.0661 CE:1.9924
2025-12-24 11:30:44,632 - utils.logger2025-12-24-11.30.32 - INFO - Cur epoch 4 loss TA:1.0321 TV:1.0324 VA:2.0646 CE:2.6688
2025-12-24 11:30:45,439 - utils.logger2025-12-24-11.30.32 - INFO - Cur epoch 4 loss TA:1.0253 TV:1.0273 VA:2.0455 CE:2.6767
2025-12-24 11:30:45,672 - utils.logger2025-12-24-11.30.32 - INFO - saving the model at the end of epoch 4, iters 112
2025-12-24 11:30:45,781 - utils.logger2025-12-24-11.30.32 - INFO - End of training epoch 4 / 40 	 Time Taken: 2 sec
2025-12-24 11:30:45,781 - utils.logger2025-12-24-11.30.32 - INFO - learning rate = 0.0002000
2025-12-24 11:30:46,355 - utils.logger2025-12-24-11.30.32 - INFO - Val result of epoch 4 / 40 acc 0.5357 MAE 0.1713 f1 0.5484
2025-12-24 11:30:46,714 - utils.logger2025-12-24-11.30.32 - INFO - Tst result of epoch 4 / 40 acc 0.5357 MAE 0.1713 f1 0.5484
2025-12-24 11:30:47,549 - utils.logger2025-12-24-11.30.32 - INFO - Cur epoch 5 loss TA:1.0073 TV:1.0081 VA:2.0352 CE:2.5324
2025-12-24 11:30:48,326 - utils.logger2025-12-24-11.30.32 - INFO - Cur epoch 5 loss TA:0.9792 TV:0.9706 VA:1.9605 CE:2.8598
2025-12-24 11:30:49,125 - utils.logger2025-12-24-11.30.32 - INFO - Cur epoch 5 loss TA:0.6942 TV:0.6795 VA:1.3724 CE:2.7720
2025-12-24 11:30:49,197 - utils.logger2025-12-24-11.30.32 - INFO - saving the model at the end of epoch 5, iters 140
2025-12-24 11:30:49,290 - utils.logger2025-12-24-11.30.32 - INFO - End of training epoch 5 / 40 	 Time Taken: 2 sec
2025-12-24 11:30:49,290 - utils.logger2025-12-24-11.30.32 - INFO - learning rate = 0.0002000
2025-12-24 11:30:49,752 - utils.logger2025-12-24-11.30.32 - INFO - Val result of epoch 5 / 40 acc 0.5893 MAE 0.1512 f1 0.7196
2025-12-24 11:30:50,309 - utils.logger2025-12-24-11.30.32 - INFO - Tst result of epoch 5 / 40 acc 0.5893 MAE 0.1512 f1 0.7196
2025-12-24 11:30:51,515 - utils.logger2025-12-24-11.30.32 - INFO - Cur epoch 6 loss TA:0.9774 TV:0.9868 VA:2.0046 CE:2.3285
2025-12-24 11:30:52,335 - utils.logger2025-12-24-11.30.32 - INFO - Cur epoch 6 loss TA:0.9857 TV:0.9810 VA:1.9846 CE:2.1925
2025-12-24 11:30:53,052 - utils.logger2025-12-24-11.30.32 - INFO - saving the model at the end of epoch 6, iters 168
2025-12-24 11:30:53,145 - utils.logger2025-12-24-11.30.32 - INFO - End of training epoch 6 / 40 	 Time Taken: 2 sec
2025-12-24 11:30:53,145 - utils.logger2025-12-24-11.30.32 - INFO - learning rate = 0.0002000
2025-12-24 11:30:53,683 - utils.logger2025-12-24-11.30.32 - INFO - Val result of epoch 6 / 40 acc 0.5714 MAE 0.1973 f1 0.5730
2025-12-24 11:30:54,393 - utils.logger2025-12-24-11.30.32 - INFO - Tst result of epoch 6 / 40 acc 0.5714 MAE 0.1973 f1 0.5730
2025-12-24 11:30:55,025 - utils.logger2025-12-24-11.30.32 - INFO - Cur epoch 7 loss TA:0.9712 TV:0.9615 VA:1.9501 CE:2.3989
2025-12-24 11:30:55,905 - utils.logger2025-12-24-11.30.32 - INFO - Cur epoch 7 loss TA:0.9613 TV:0.9615 VA:1.9561 CE:2.5318
2025-12-24 11:30:56,791 - utils.logger2025-12-24-11.30.32 - INFO - Cur epoch 7 loss TA:0.9483 TV:0.9450 VA:1.9527 CE:2.4509
2025-12-24 11:30:57,317 - utils.logger2025-12-24-11.30.32 - INFO - saving the model at the end of epoch 7, iters 196
2025-12-24 11:30:57,411 - utils.logger2025-12-24-11.30.32 - INFO - End of training epoch 7 / 40 	 Time Taken: 3 sec
2025-12-24 11:30:57,411 - utils.logger2025-12-24-11.30.32 - INFO - learning rate = 0.0002000
2025-12-24 11:30:58,034 - utils.logger2025-12-24-11.30.32 - INFO - Val result of epoch 7 / 40 acc 0.6071 MAE 0.1308 f1 0.6146
2025-12-24 11:30:58,480 - utils.logger2025-12-24-11.30.32 - INFO - Tst result of epoch 7 / 40 acc 0.6071 MAE 0.1308 f1 0.6146
2025-12-24 11:30:59,066 - utils.logger2025-12-24-11.30.32 - INFO - Cur epoch 8 loss TA:0.9420 TV:0.9448 VA:1.9063 CE:2.6015
2025-12-24 11:30:59,863 - utils.logger2025-12-24-11.30.32 - INFO - Cur epoch 8 loss TA:0.9310 TV:0.9254 VA:1.8361 CE:2.6127
2025-12-24 11:31:00,591 - utils.logger2025-12-24-11.30.32 - INFO - Cur epoch 8 loss TA:0.9605 TV:0.9622 VA:1.9578 CE:2.6856
2025-12-24 11:31:00,964 - utils.logger2025-12-24-11.30.32 - INFO - saving the model at the end of epoch 8, iters 224
2025-12-24 11:31:01,057 - utils.logger2025-12-24-11.30.32 - INFO - End of training epoch 8 / 40 	 Time Taken: 2 sec
2025-12-24 11:31:01,057 - utils.logger2025-12-24-11.30.32 - INFO - learning rate = 0.0002000
2025-12-24 11:31:01,522 - utils.logger2025-12-24-11.30.32 - INFO - Val result of epoch 8 / 40 acc 0.6384 MAE 0.2250 f1 0.6687
2025-12-24 11:31:01,948 - utils.logger2025-12-24-11.30.32 - INFO - Tst result of epoch 8 / 40 acc 0.6384 MAE 0.2250 f1 0.6687
2025-12-24 11:31:03,078 - utils.logger2025-12-24-11.30.32 - INFO - Cur epoch 9 loss TA:0.9345 TV:0.9230 VA:1.8551 CE:2.7529
2025-12-24 11:31:03,958 - utils.logger2025-12-24-11.30.32 - INFO - Cur epoch 9 loss TA:0.9442 TV:0.9236 VA:1.9020 CE:2.1804
2025-12-24 11:31:04,832 - utils.logger2025-12-24-11.30.32 - INFO - Cur epoch 9 loss TA:0.9333 TV:0.9090 VA:1.8930 CE:2.4995
2025-12-24 11:31:05,062 - utils.logger2025-12-24-11.30.32 - INFO - saving the model at the end of epoch 9, iters 252
2025-12-24 11:31:05,160 - utils.logger2025-12-24-11.30.32 - INFO - End of training epoch 9 / 40 	 Time Taken: 3 sec
2025-12-24 11:31:05,160 - utils.logger2025-12-24-11.30.32 - INFO - learning rate = 0.0002000
2025-12-24 11:31:05,761 - utils.logger2025-12-24-11.30.32 - INFO - Val result of epoch 9 / 40 acc 0.5848 MAE 0.2989 f1 0.5979
2025-12-24 11:31:06,525 - utils.logger2025-12-24-11.30.32 - INFO - Tst result of epoch 9 / 40 acc 0.5848 MAE 0.2989 f1 0.5979
2025-12-24 11:31:07,526 - utils.logger2025-12-24-11.30.32 - INFO - Cur epoch 10 loss TA:0.9372 TV:0.9135 VA:1.8861 CE:2.3487
2025-12-24 11:31:08,300 - utils.logger2025-12-24-11.30.32 - INFO - Cur epoch 10 loss TA:0.9501 TV:0.9197 VA:1.9180 CE:2.3301
2025-12-24 11:31:09,025 - utils.logger2025-12-24-11.30.32 - INFO - Cur epoch 10 loss TA:0.6244 TV:0.6281 VA:1.2386 CE:2.8197
2025-12-24 11:31:09,097 - utils.logger2025-12-24-11.30.32 - INFO - saving the model at the end of epoch 10, iters 280
2025-12-24 11:31:09,195 - utils.logger2025-12-24-11.30.32 - INFO - End of training epoch 10 / 40 	 Time Taken: 2 sec
2025-12-24 11:31:09,195 - utils.logger2025-12-24-11.30.32 - INFO - learning rate = 0.0002000
2025-12-24 11:31:09,640 - utils.logger2025-12-24-11.30.32 - INFO - Val result of epoch 10 / 40 acc 0.6518 MAE 0.4099 f1 0.6649
2025-12-24 11:31:10,055 - utils.logger2025-12-24-11.30.32 - INFO - Tst result of epoch 10 / 40 acc 0.6518 MAE 0.4099 f1 0.6649
2025-12-24 11:31:11,282 - utils.logger2025-12-24-11.30.32 - INFO - Cur epoch 11 loss TA:0.9317 TV:0.9420 VA:1.9062 CE:1.3509
2025-12-24 11:31:12,062 - utils.logger2025-12-24-11.30.32 - INFO - Cur epoch 11 loss TA:0.9381 TV:0.9415 VA:1.9092 CE:2.0418
2025-12-24 11:31:12,737 - utils.logger2025-12-24-11.30.32 - INFO - saving the model at the end of epoch 11, iters 308
2025-12-24 11:31:12,836 - utils.logger2025-12-24-11.30.32 - INFO - End of training epoch 11 / 40 	 Time Taken: 2 sec
2025-12-24 11:31:12,836 - utils.logger2025-12-24-11.30.32 - INFO - learning rate = 0.0002000
2025-12-24 11:31:13,459 - utils.logger2025-12-24-11.30.32 - INFO - Val result of epoch 11 / 40 acc 0.6562 MAE 0.4046 f1 0.6702
2025-12-24 11:31:13,857 - utils.logger2025-12-24-11.30.32 - INFO - Tst result of epoch 11 / 40 acc 0.6562 MAE 0.4046 f1 0.6702
2025-12-24 11:31:14,549 - utils.logger2025-12-24-11.30.32 - INFO - Cur epoch 12 loss TA:0.9300 TV:0.9154 VA:1.8647 CE:2.2002
2025-12-24 11:31:15,373 - utils.logger2025-12-24-11.30.32 - INFO - Cur epoch 12 loss TA:0.9286 TV:0.9333 VA:1.8832 CE:1.5655
2025-12-24 11:31:16,184 - utils.logger2025-12-24-11.30.32 - INFO - Cur epoch 12 loss TA:0.9134 TV:0.9216 VA:1.8037 CE:1.8726
2025-12-24 11:31:16,677 - utils.logger2025-12-24-11.30.32 - INFO - saving the model at the end of epoch 12, iters 336
2025-12-24 11:31:16,764 - utils.logger2025-12-24-11.30.32 - INFO - End of training epoch 12 / 40 	 Time Taken: 2 sec
2025-12-24 11:31:16,765 - utils.logger2025-12-24-11.30.32 - INFO - learning rate = 0.0002000
2025-12-24 11:31:17,451 - utils.logger2025-12-24-11.30.32 - INFO - Val result of epoch 12 / 40 acc 0.7232 MAE 0.4703 f1 0.7321
2025-12-24 11:31:17,798 - utils.logger2025-12-24-11.30.32 - INFO - Tst result of epoch 12 / 40 acc 0.7232 MAE 0.4703 f1 0.7321
2025-12-24 11:31:18,300 - utils.logger2025-12-24-11.30.32 - INFO - Cur epoch 13 loss TA:0.9014 TV:0.9002 VA:1.8079 CE:2.0602
2025-12-24 11:31:19,073 - utils.logger2025-12-24-11.30.32 - INFO - Cur epoch 13 loss TA:0.9120 TV:0.9308 VA:1.8688 CE:1.3943
2025-12-24 11:31:19,850 - utils.logger2025-12-24-11.30.32 - INFO - Cur epoch 13 loss TA:0.9178 TV:0.9129 VA:1.7932 CE:1.9014
2025-12-24 11:31:20,240 - utils.logger2025-12-24-11.30.32 - INFO - saving the model at the end of epoch 13, iters 364
2025-12-24 11:31:20,332 - utils.logger2025-12-24-11.30.32 - INFO - End of training epoch 13 / 40 	 Time Taken: 2 sec
2025-12-24 11:31:20,332 - utils.logger2025-12-24-11.30.32 - INFO - learning rate = 0.0002000
2025-12-24 11:31:20,655 - utils.logger2025-12-24-11.30.32 - INFO - Val result of epoch 13 / 40 acc 0.7545 MAE 0.5247 f1 0.7621
2025-12-24 11:31:21,006 - utils.logger2025-12-24-11.30.32 - INFO - Tst result of epoch 13 / 40 acc 0.7545 MAE 0.5247 f1 0.7621
2025-12-24 11:31:21,718 - utils.logger2025-12-24-11.30.32 - INFO - Cur epoch 14 loss TA:0.8937 TV:0.9101 VA:1.7347 CE:1.6667
2025-12-24 11:31:22,437 - utils.logger2025-12-24-11.30.32 - INFO - Cur epoch 14 loss TA:0.8915 TV:0.8871 VA:1.7862 CE:1.2994
2025-12-24 11:31:23,119 - utils.logger2025-12-24-11.30.32 - INFO - Cur epoch 14 loss TA:0.9122 TV:0.8895 VA:1.8062 CE:1.5321
2025-12-24 11:31:23,328 - utils.logger2025-12-24-11.30.32 - INFO - saving the model at the end of epoch 14, iters 392
2025-12-24 11:31:23,417 - utils.logger2025-12-24-11.30.32 - INFO - End of training epoch 14 / 40 	 Time Taken: 2 sec
2025-12-24 11:31:23,417 - utils.logger2025-12-24-11.30.32 - INFO - learning rate = 0.0002000
2025-12-24 11:31:23,965 - utils.logger2025-12-24-11.30.32 - INFO - Val result of epoch 14 / 40 acc 0.7232 MAE 0.4914 f1 0.7348
2025-12-24 11:31:24,465 - utils.logger2025-12-24-11.30.32 - INFO - Tst result of epoch 14 / 40 acc 0.7232 MAE 0.4914 f1 0.7348
2025-12-24 11:31:25,394 - utils.logger2025-12-24-11.30.32 - INFO - Cur epoch 15 loss TA:0.9121 TV:0.8902 VA:1.7553 CE:1.2234
2025-12-24 11:31:26,216 - utils.logger2025-12-24-11.30.32 - INFO - Cur epoch 15 loss TA:0.9024 TV:0.8856 VA:1.7588 CE:0.8034
2025-12-24 11:31:26,992 - utils.logger2025-12-24-11.30.32 - INFO - Cur epoch 15 loss TA:0.6055 TV:0.6281 VA:1.2552 CE:1.7841
2025-12-24 11:31:27,079 - utils.logger2025-12-24-11.30.32 - INFO - saving the model at the end of epoch 15, iters 420
2025-12-24 11:31:27,199 - utils.logger2025-12-24-11.30.32 - INFO - End of training epoch 15 / 40 	 Time Taken: 2 sec
2025-12-24 11:31:27,200 - utils.logger2025-12-24-11.30.32 - INFO - learning rate = 0.0002000
2025-12-24 11:31:27,749 - utils.logger2025-12-24-11.30.32 - INFO - Val result of epoch 15 / 40 acc 0.7232 MAE 0.4981 f1 0.7307
2025-12-24 11:31:28,463 - utils.logger2025-12-24-11.30.32 - INFO - Tst result of epoch 15 / 40 acc 0.7232 MAE 0.4981 f1 0.7307
2025-12-24 11:31:29,784 - utils.logger2025-12-24-11.30.32 - INFO - Cur epoch 16 loss TA:0.8860 TV:0.8755 VA:1.6668 CE:1.1013
2025-12-24 11:31:30,627 - utils.logger2025-12-24-11.30.32 - INFO - Cur epoch 16 loss TA:0.8984 TV:0.8866 VA:1.7802 CE:1.0794
2025-12-24 11:31:31,294 - utils.logger2025-12-24-11.30.32 - INFO - saving the model at the end of epoch 16, iters 448
2025-12-24 11:31:31,387 - utils.logger2025-12-24-11.30.32 - INFO - End of training epoch 16 / 40 	 Time Taken: 2 sec
2025-12-24 11:31:31,387 - utils.logger2025-12-24-11.30.32 - INFO - learning rate = 0.0002000
2025-12-24 11:31:32,003 - utils.logger2025-12-24-11.30.32 - INFO - Val result of epoch 16 / 40 acc 0.7232 MAE 0.5009 f1 0.7291
2025-12-24 11:31:32,484 - utils.logger2025-12-24-11.30.32 - INFO - Tst result of epoch 16 / 40 acc 0.7232 MAE 0.5009 f1 0.7291
2025-12-24 11:31:32,948 - utils.logger2025-12-24-11.30.32 - INFO - Cur epoch 17 loss TA:0.8928 TV:0.8631 VA:1.7491 CE:1.2025
2025-12-24 11:31:33,688 - utils.logger2025-12-24-11.30.32 - INFO - Cur epoch 17 loss TA:0.9019 TV:0.8698 VA:1.7847 CE:1.1821
2025-12-24 11:31:34,453 - utils.logger2025-12-24-11.30.32 - INFO - Cur epoch 17 loss TA:0.9371 TV:0.9131 VA:1.8535 CE:1.2265
2025-12-24 11:31:34,986 - utils.logger2025-12-24-11.30.32 - INFO - saving the model at the end of epoch 17, iters 476
2025-12-24 11:31:35,083 - utils.logger2025-12-24-11.30.32 - INFO - End of training epoch 17 / 40 	 Time Taken: 2 sec
2025-12-24 11:31:35,083 - utils.logger2025-12-24-11.30.32 - INFO - learning rate = 0.0002000
2025-12-24 11:31:35,571 - utils.logger2025-12-24-11.30.32 - INFO - Val result of epoch 17 / 40 acc 0.7545 MAE 0.5616 f1 0.7576
2025-12-24 11:31:36,307 - utils.logger2025-12-24-11.30.32 - INFO - Tst result of epoch 17 / 40 acc 0.7545 MAE 0.5616 f1 0.7576
2025-12-24 11:31:36,964 - utils.logger2025-12-24-11.30.32 - INFO - Cur epoch 18 loss TA:0.8987 TV:0.8803 VA:1.7442 CE:1.2013
2025-12-24 11:31:37,735 - utils.logger2025-12-24-11.30.32 - INFO - Cur epoch 18 loss TA:0.8957 TV:0.8519 VA:1.7980 CE:1.1378
2025-12-24 11:31:38,489 - utils.logger2025-12-24-11.30.32 - INFO - Cur epoch 18 loss TA:0.8807 TV:0.8905 VA:1.8144 CE:0.7807
2025-12-24 11:31:38,868 - utils.logger2025-12-24-11.30.32 - INFO - saving the model at the end of epoch 18, iters 504
2025-12-24 11:31:38,979 - utils.logger2025-12-24-11.30.32 - INFO - End of training epoch 18 / 40 	 Time Taken: 2 sec
2025-12-24 11:31:38,979 - utils.logger2025-12-24-11.30.32 - INFO - learning rate = 0.0002000
2025-12-24 11:31:39,356 - utils.logger2025-12-24-11.30.32 - INFO - Val result of epoch 18 / 40 acc 0.7455 MAE 0.5589 f1 0.7492
2025-12-24 11:31:39,708 - utils.logger2025-12-24-11.30.32 - INFO - Tst result of epoch 18 / 40 acc 0.7455 MAE 0.5589 f1 0.7492
2025-12-24 11:31:40,397 - utils.logger2025-12-24-11.30.32 - INFO - Cur epoch 19 loss TA:0.9097 TV:0.8694 VA:1.8057 CE:1.0519
2025-12-24 11:31:41,122 - utils.logger2025-12-24-11.30.32 - INFO - Cur epoch 19 loss TA:0.8698 TV:0.8643 VA:1.6773 CE:0.9709
2025-12-24 11:31:41,851 - utils.logger2025-12-24-11.30.32 - INFO - Cur epoch 19 loss TA:0.8837 TV:0.8640 VA:1.8281 CE:1.0892
2025-12-24 11:31:42,066 - utils.logger2025-12-24-11.30.32 - INFO - saving the model at the end of epoch 19, iters 532
2025-12-24 11:31:42,169 - utils.logger2025-12-24-11.30.32 - INFO - End of training epoch 19 / 40 	 Time Taken: 2 sec
2025-12-24 11:31:42,169 - utils.logger2025-12-24-11.30.32 - INFO - learning rate = 0.0002000
2025-12-24 11:31:42,532 - utils.logger2025-12-24-11.30.32 - INFO - Val result of epoch 19 / 40 acc 0.7054 MAE 0.5182 f1 0.7143
2025-12-24 11:31:42,840 - utils.logger2025-12-24-11.30.32 - INFO - Tst result of epoch 19 / 40 acc 0.7054 MAE 0.5182 f1 0.7143
2025-12-24 11:31:43,641 - utils.logger2025-12-24-11.30.32 - INFO - Cur epoch 20 loss TA:0.9017 TV:0.8760 VA:1.7691 CE:0.9669
2025-12-24 11:31:44,440 - utils.logger2025-12-24-11.30.32 - INFO - Cur epoch 20 loss TA:0.8425 TV:0.8394 VA:1.6659 CE:0.9265
2025-12-24 11:31:45,242 - utils.logger2025-12-24-11.30.32 - INFO - Cur epoch 20 loss TA:0.5957 TV:0.5701 VA:1.0967 CE:1.9255
2025-12-24 11:31:45,318 - utils.logger2025-12-24-11.30.32 - INFO - saving the model at the end of epoch 20, iters 560
2025-12-24 11:31:45,412 - utils.logger2025-12-24-11.30.32 - INFO - End of training epoch 20 / 40 	 Time Taken: 2 sec
2025-12-24 11:31:45,412 - utils.logger2025-12-24-11.30.32 - INFO - learning rate = 0.0002000
2025-12-24 11:31:45,778 - utils.logger2025-12-24-11.30.32 - INFO - Val result of epoch 20 / 40 acc 0.7143 MAE 0.5060 f1 0.7224
2025-12-24 11:31:46,121 - utils.logger2025-12-24-11.30.32 - INFO - Tst result of epoch 20 / 40 acc 0.7143 MAE 0.5060 f1 0.7224
2025-12-24 11:31:47,151 - utils.logger2025-12-24-11.30.32 - INFO - Cur epoch 21 loss TA:0.8746 TV:0.8508 VA:1.6838 CE:0.8190
2025-12-24 11:31:47,893 - utils.logger2025-12-24-11.30.32 - INFO - Cur epoch 21 loss TA:0.8638 TV:0.8425 VA:1.7260 CE:0.8075
2025-12-24 11:31:48,538 - utils.logger2025-12-24-11.30.32 - INFO - saving the model at the end of epoch 21, iters 588
2025-12-24 11:31:48,644 - utils.logger2025-12-24-11.30.32 - INFO - End of training epoch 21 / 40 	 Time Taken: 2 sec
2025-12-24 11:31:48,644 - utils.logger2025-12-24-11.30.32 - INFO - learning rate = 0.0002000
2025-12-24 11:31:49,188 - utils.logger2025-12-24-11.30.32 - INFO - Val result of epoch 21 / 40 acc 0.7009 MAE 0.4936 f1 0.7051
2025-12-24 11:31:49,795 - utils.logger2025-12-24-11.30.32 - INFO - Tst result of epoch 21 / 40 acc 0.7009 MAE 0.4936 f1 0.7051
2025-12-24 11:31:50,227 - utils.logger2025-12-24-11.30.32 - INFO - Cur epoch 22 loss TA:0.8755 TV:0.8453 VA:1.7039 CE:0.5222
2025-12-24 11:31:51,007 - utils.logger2025-12-24-11.30.32 - INFO - Cur epoch 22 loss TA:0.8836 TV:0.8471 VA:1.7834 CE:0.9272
2025-12-24 11:31:51,791 - utils.logger2025-12-24-11.30.32 - INFO - Cur epoch 22 loss TA:0.8424 TV:0.8690 VA:1.7224 CE:0.7355
2025-12-24 11:31:52,320 - utils.logger2025-12-24-11.30.32 - INFO - saving the model at the end of epoch 22, iters 616
2025-12-24 11:31:52,411 - utils.logger2025-12-24-11.30.32 - INFO - End of training epoch 22 / 40 	 Time Taken: 2 sec
2025-12-24 11:31:52,412 - utils.logger2025-12-24-11.30.32 - INFO - learning rate = 0.0002000
2025-12-24 11:31:52,854 - utils.logger2025-12-24-11.30.32 - INFO - Val result of epoch 22 / 40 acc 0.7232 MAE 0.5059 f1 0.7315
2025-12-24 11:31:53,432 - utils.logger2025-12-24-11.30.32 - INFO - Tst result of epoch 22 / 40 acc 0.7232 MAE 0.5059 f1 0.7315
2025-12-24 11:31:54,118 - utils.logger2025-12-24-11.30.32 - INFO - Cur epoch 23 loss TA:0.8885 TV:0.8605 VA:1.7693 CE:1.0420
2025-12-24 11:31:54,941 - utils.logger2025-12-24-11.30.32 - INFO - Cur epoch 23 loss TA:0.8462 TV:0.8362 VA:1.7244 CE:0.9862
2025-12-24 11:31:55,687 - utils.logger2025-12-24-11.30.32 - INFO - Cur epoch 23 loss TA:0.8687 TV:0.8748 VA:1.7493 CE:0.7757
2025-12-24 11:31:56,048 - utils.logger2025-12-24-11.30.32 - INFO - saving the model at the end of epoch 23, iters 644
2025-12-24 11:31:56,133 - utils.logger2025-12-24-11.30.32 - INFO - End of training epoch 23 / 40 	 Time Taken: 2 sec
2025-12-24 11:31:56,133 - utils.logger2025-12-24-11.30.32 - INFO - learning rate = 0.0002000
2025-12-24 11:31:56,739 - utils.logger2025-12-24-11.30.32 - INFO - Val result of epoch 23 / 40 acc 0.6830 MAE 0.5230 f1 0.6902
2025-12-24 11:31:57,144 - utils.logger2025-12-24-11.30.32 - INFO - Tst result of epoch 23 / 40 acc 0.6830 MAE 0.5230 f1 0.6902
2025-12-24 11:31:57,838 - utils.logger2025-12-24-11.30.32 - INFO - Cur epoch 24 loss TA:0.8649 TV:0.8538 VA:1.6471 CE:0.8620
2025-12-24 11:31:58,605 - utils.logger2025-12-24-11.30.32 - INFO - Cur epoch 24 loss TA:0.8308 TV:0.8472 VA:1.6894 CE:1.0033
2025-12-24 11:31:59,393 - utils.logger2025-12-24-11.30.32 - INFO - Cur epoch 24 loss TA:0.8474 TV:0.8291 VA:1.6032 CE:0.6495
2025-12-24 11:31:59,617 - utils.logger2025-12-24-11.30.32 - INFO - saving the model at the end of epoch 24, iters 672
2025-12-24 11:31:59,711 - utils.logger2025-12-24-11.30.32 - INFO - End of training epoch 24 / 40 	 Time Taken: 2 sec
2025-12-24 11:31:59,711 - utils.logger2025-12-24-11.30.32 - INFO - learning rate = 0.0002000
2025-12-24 11:32:00,051 - utils.logger2025-12-24-11.30.32 - INFO - Val result of epoch 24 / 40 acc 0.7321 MAE 0.5512 f1 0.7414
2025-12-24 11:32:00,551 - utils.logger2025-12-24-11.30.32 - INFO - Tst result of epoch 24 / 40 acc 0.7321 MAE 0.5512 f1 0.7414
2025-12-24 11:32:01,384 - utils.logger2025-12-24-11.30.32 - INFO - Cur epoch 25 loss TA:0.8662 TV:0.8294 VA:1.6871 CE:0.6903
2025-12-24 11:32:02,175 - utils.logger2025-12-24-11.30.32 - INFO - Cur epoch 25 loss TA:0.8531 TV:0.8586 VA:1.7329 CE:0.6161
2025-12-24 11:32:02,956 - utils.logger2025-12-24-11.30.32 - INFO - Cur epoch 25 loss TA:0.5275 TV:0.5446 VA:1.0709 CE:0.5495
2025-12-24 11:32:03,022 - utils.logger2025-12-24-11.30.32 - INFO - saving the model at the end of epoch 25, iters 700
2025-12-24 11:32:03,113 - utils.logger2025-12-24-11.30.32 - INFO - End of training epoch 25 / 40 	 Time Taken: 2 sec
2025-12-24 11:32:03,113 - utils.logger2025-12-24-11.30.32 - INFO - learning rate = 0.0002000
2025-12-24 11:32:03,661 - utils.logger2025-12-24-11.30.32 - INFO - Val result of epoch 25 / 40 acc 0.7232 MAE 0.5267 f1 0.7357
2025-12-24 11:32:04,233 - utils.logger2025-12-24-11.30.32 - INFO - Tst result of epoch 25 / 40 acc 0.7232 MAE 0.5267 f1 0.7357
2025-12-24 11:32:05,331 - utils.logger2025-12-24-11.30.32 - INFO - Cur epoch 26 loss TA:0.8938 TV:0.8488 VA:1.7330 CE:0.5003
2025-12-24 11:32:06,151 - utils.logger2025-12-24-11.30.32 - INFO - Cur epoch 26 loss TA:0.8021 TV:0.8265 VA:1.6085 CE:0.6049
2025-12-24 11:32:06,856 - utils.logger2025-12-24-11.30.32 - INFO - saving the model at the end of epoch 26, iters 728
2025-12-24 11:32:06,958 - utils.logger2025-12-24-11.30.32 - INFO - End of training epoch 26 / 40 	 Time Taken: 2 sec
2025-12-24 11:32:06,959 - utils.logger2025-12-24-11.30.32 - INFO - learning rate = 0.0002000
2025-12-24 11:32:07,456 - utils.logger2025-12-24-11.30.32 - INFO - Val result of epoch 26 / 40 acc 0.7098 MAE 0.5338 f1 0.7194
2025-12-24 11:32:08,039 - utils.logger2025-12-24-11.30.32 - INFO - Tst result of epoch 26 / 40 acc 0.7098 MAE 0.5338 f1 0.7194
2025-12-24 11:32:08,457 - utils.logger2025-12-24-11.30.32 - INFO - Cur epoch 27 loss TA:0.8606 TV:0.8291 VA:1.6716 CE:0.6395
2025-12-24 11:32:09,236 - utils.logger2025-12-24-11.30.32 - INFO - Cur epoch 27 loss TA:0.8364 TV:0.8265 VA:1.6337 CE:0.5253
2025-12-24 11:32:10,027 - utils.logger2025-12-24-11.30.32 - INFO - Cur epoch 27 loss TA:0.8368 TV:0.8627 VA:1.6927 CE:0.5024
2025-12-24 11:32:10,486 - utils.logger2025-12-24-11.30.32 - INFO - saving the model at the end of epoch 27, iters 756
2025-12-24 11:32:10,574 - utils.logger2025-12-24-11.30.32 - INFO - End of training epoch 27 / 40 	 Time Taken: 2 sec
2025-12-24 11:32:10,574 - utils.logger2025-12-24-11.30.32 - INFO - learning rate = 0.0002000
2025-12-24 11:32:11,029 - utils.logger2025-12-24-11.30.32 - INFO - Val result of epoch 27 / 40 acc 0.6964 MAE 0.5252 f1 0.7058
2025-12-24 11:32:11,395 - utils.logger2025-12-24-11.30.32 - INFO - Tst result of epoch 27 / 40 acc 0.6964 MAE 0.5252 f1 0.7058
2025-12-24 11:32:11,924 - utils.logger2025-12-24-11.30.32 - INFO - Cur epoch 28 loss TA:0.8587 TV:0.8391 VA:1.6162 CE:0.6608
2025-12-24 11:32:12,734 - utils.logger2025-12-24-11.30.32 - INFO - Cur epoch 28 loss TA:0.8660 TV:0.8620 VA:1.6921 CE:0.4849
2025-12-24 11:32:13,524 - utils.logger2025-12-24-11.30.32 - INFO - Cur epoch 28 loss TA:0.8563 TV:0.8411 VA:1.6655 CE:0.6293
2025-12-24 11:32:13,901 - utils.logger2025-12-24-11.30.32 - INFO - saving the model at the end of epoch 28, iters 784
2025-12-24 11:32:13,992 - utils.logger2025-12-24-11.30.32 - INFO - End of training epoch 28 / 40 	 Time Taken: 2 sec
2025-12-24 11:32:13,992 - utils.logger2025-12-24-11.30.32 - INFO - learning rate = 0.0002000
2025-12-24 11:32:14,321 - utils.logger2025-12-24-11.30.32 - INFO - Val result of epoch 28 / 40 acc 0.7232 MAE 0.5399 f1 0.7327
2025-12-24 11:32:14,622 - utils.logger2025-12-24-11.30.32 - INFO - Tst result of epoch 28 / 40 acc 0.7232 MAE 0.5399 f1 0.7327
2025-12-24 11:32:15,303 - utils.logger2025-12-24-11.30.32 - INFO - Cur epoch 29 loss TA:0.8115 TV:0.7989 VA:1.5745 CE:0.4843
2025-12-24 11:32:16,020 - utils.logger2025-12-24-11.30.32 - INFO - Cur epoch 29 loss TA:0.8059 TV:0.8462 VA:1.6828 CE:0.4281
2025-12-24 11:32:16,742 - utils.logger2025-12-24-11.30.32 - INFO - Cur epoch 29 loss TA:0.8270 TV:0.8476 VA:1.6904 CE:0.4047
2025-12-24 11:32:16,960 - utils.logger2025-12-24-11.30.32 - INFO - saving the model at the end of epoch 29, iters 812
2025-12-24 11:32:17,059 - utils.logger2025-12-24-11.30.32 - INFO - End of training epoch 29 / 40 	 Time Taken: 2 sec
2025-12-24 11:32:17,060 - utils.logger2025-12-24-11.30.32 - INFO - learning rate = 0.0002000
2025-12-24 11:32:17,399 - utils.logger2025-12-24-11.30.32 - INFO - Val result of epoch 29 / 40 acc 0.6964 MAE 0.5217 f1 0.7083
2025-12-24 11:32:17,761 - utils.logger2025-12-24-11.30.32 - INFO - Tst result of epoch 29 / 40 acc 0.6964 MAE 0.5217 f1 0.7083
2025-12-24 11:32:18,606 - utils.logger2025-12-24-11.30.32 - INFO - Cur epoch 30 loss TA:0.8367 TV:0.8443 VA:1.6962 CE:0.4142
2025-12-24 11:32:19,407 - utils.logger2025-12-24-11.30.32 - INFO - Cur epoch 30 loss TA:0.8217 TV:0.8306 VA:1.6104 CE:0.4998
2025-12-24 11:32:20,200 - utils.logger2025-12-24-11.30.32 - INFO - Cur epoch 30 loss TA:0.5836 TV:0.5223 VA:1.1368 CE:1.3402
2025-12-24 11:32:20,264 - utils.logger2025-12-24-11.30.32 - INFO - saving the model at the end of epoch 30, iters 840
2025-12-24 11:32:20,354 - utils.logger2025-12-24-11.30.32 - INFO - End of training epoch 30 / 40 	 Time Taken: 2 sec
2025-12-24 11:32:20,354 - utils.logger2025-12-24-11.30.32 - INFO - learning rate = 0.0001818
2025-12-24 11:32:20,806 - utils.logger2025-12-24-11.30.32 - INFO - Val result of epoch 30 / 40 acc 0.6875 MAE 0.4954 f1 0.6992
2025-12-24 11:32:21,188 - utils.logger2025-12-24-11.30.32 - INFO - Tst result of epoch 30 / 40 acc 0.6875 MAE 0.4954 f1 0.6992
2025-12-24 11:32:22,123 - utils.logger2025-12-24-11.30.32 - INFO - Cur epoch 31 loss TA:0.8084 TV:0.8126 VA:1.6319 CE:0.4139
2025-12-24 11:32:22,843 - utils.logger2025-12-24-11.30.32 - INFO - Cur epoch 31 loss TA:0.8212 TV:0.7995 VA:1.5940 CE:0.6030
2025-12-24 11:32:23,460 - utils.logger2025-12-24-11.30.32 - INFO - saving the model at the end of epoch 31, iters 868
2025-12-24 11:32:23,555 - utils.logger2025-12-24-11.30.32 - INFO - End of training epoch 31 / 40 	 Time Taken: 2 sec
2025-12-24 11:32:23,555 - utils.logger2025-12-24-11.30.32 - INFO - learning rate = 0.0001636
2025-12-24 11:32:23,904 - utils.logger2025-12-24-11.30.32 - INFO - Val result of epoch 31 / 40 acc 0.7054 MAE 0.5143 f1 0.7184
2025-12-24 11:32:24,326 - utils.logger2025-12-24-11.30.32 - INFO - Tst result of epoch 31 / 40 acc 0.7054 MAE 0.5143 f1 0.7184
2025-12-24 11:32:24,679 - utils.logger2025-12-24-11.30.32 - INFO - Cur epoch 32 loss TA:0.7810 TV:0.8057 VA:1.5477 CE:0.4515
2025-12-24 11:32:25,344 - utils.logger2025-12-24-11.30.32 - INFO - Cur epoch 32 loss TA:0.8295 TV:0.8241 VA:1.6928 CE:0.3389
2025-12-24 11:32:26,085 - utils.logger2025-12-24-11.30.32 - INFO - Cur epoch 32 loss TA:0.7864 TV:0.7632 VA:1.5760 CE:0.3739
2025-12-24 11:32:26,608 - utils.logger2025-12-24-11.30.32 - INFO - saving the model at the end of epoch 32, iters 896
2025-12-24 11:32:26,700 - utils.logger2025-12-24-11.30.32 - INFO - End of training epoch 32 / 40 	 Time Taken: 2 sec
2025-12-24 11:32:26,700 - utils.logger2025-12-24-11.30.32 - INFO - learning rate = 0.0001455
2025-12-24 11:32:27,335 - utils.logger2025-12-24-11.30.32 - INFO - Val result of epoch 32 / 40 acc 0.7054 MAE 0.5174 f1 0.7166
2025-12-24 11:32:27,842 - utils.logger2025-12-24-11.30.32 - INFO - Tst result of epoch 32 / 40 acc 0.7054 MAE 0.5174 f1 0.7166
2025-12-24 11:32:28,452 - utils.logger2025-12-24-11.30.32 - INFO - Cur epoch 33 loss TA:0.7788 TV:0.7667 VA:1.5195 CE:0.3859
2025-12-24 11:32:29,228 - utils.logger2025-12-24-11.30.32 - INFO - Cur epoch 33 loss TA:0.7798 TV:0.7728 VA:1.5405 CE:0.3017
2025-12-24 11:32:30,041 - utils.logger2025-12-24-11.30.32 - INFO - Cur epoch 33 loss TA:0.8153 TV:0.8039 VA:1.5354 CE:0.3531
2025-12-24 11:32:30,437 - utils.logger2025-12-24-11.30.32 - INFO - saving the model at the end of epoch 33, iters 924
2025-12-24 11:32:30,542 - utils.logger2025-12-24-11.30.32 - INFO - End of training epoch 33 / 40 	 Time Taken: 2 sec
2025-12-24 11:32:30,542 - utils.logger2025-12-24-11.30.32 - INFO - learning rate = 0.0001273
2025-12-24 11:32:30,906 - utils.logger2025-12-24-11.30.32 - INFO - Val result of epoch 33 / 40 acc 0.7009 MAE 0.4896 f1 0.7126
2025-12-24 11:32:31,555 - utils.logger2025-12-24-11.30.32 - INFO - Tst result of epoch 33 / 40 acc 0.7009 MAE 0.4896 f1 0.7126
2025-12-24 11:32:32,195 - utils.logger2025-12-24-11.30.32 - INFO - Cur epoch 34 loss TA:0.8025 TV:0.7985 VA:1.6184 CE:0.3787
2025-12-24 11:32:32,859 - utils.logger2025-12-24-11.30.32 - INFO - Cur epoch 34 loss TA:0.7984 TV:0.7612 VA:1.5282 CE:0.2766
2025-12-24 11:32:33,537 - utils.logger2025-12-24-11.30.32 - INFO - Cur epoch 34 loss TA:0.7964 TV:0.7906 VA:1.5541 CE:0.2543
2025-12-24 11:32:33,745 - utils.logger2025-12-24-11.30.32 - INFO - saving the model at the end of epoch 34, iters 952
2025-12-24 11:32:33,834 - utils.logger2025-12-24-11.30.32 - INFO - End of training epoch 34 / 40 	 Time Taken: 2 sec
2025-12-24 11:32:33,835 - utils.logger2025-12-24-11.30.32 - INFO - learning rate = 0.0001091
2025-12-24 11:32:34,278 - utils.logger2025-12-24-11.30.32 - INFO - Val result of epoch 34 / 40 acc 0.7054 MAE 0.5158 f1 0.7165
2025-12-24 11:32:34,796 - utils.logger2025-12-24-11.30.32 - INFO - Tst result of epoch 34 / 40 acc 0.7054 MAE 0.5158 f1 0.7165
2025-12-24 11:32:35,800 - utils.logger2025-12-24-11.30.32 - INFO - Cur epoch 35 loss TA:0.7751 TV:0.7901 VA:1.5441 CE:0.1909
2025-12-24 11:32:36,601 - utils.logger2025-12-24-11.30.32 - INFO - Cur epoch 35 loss TA:0.8294 TV:0.8205 VA:1.6171 CE:0.3971
2025-12-24 11:32:37,394 - utils.logger2025-12-24-11.30.32 - INFO - Cur epoch 35 loss TA:0.4827 TV:0.4598 VA:0.8882 CE:0.3167
2025-12-24 11:32:37,461 - utils.logger2025-12-24-11.30.32 - INFO - saving the model at the end of epoch 35, iters 980
2025-12-24 11:32:37,554 - utils.logger2025-12-24-11.30.32 - INFO - End of training epoch 35 / 40 	 Time Taken: 2 sec
2025-12-24 11:32:37,554 - utils.logger2025-12-24-11.30.32 - INFO - learning rate = 0.0000909
2025-12-24 11:32:38,085 - utils.logger2025-12-24-11.30.32 - INFO - Val result of epoch 35 / 40 acc 0.7054 MAE 0.5093 f1 0.7165
2025-12-24 11:32:38,592 - utils.logger2025-12-24-11.30.32 - INFO - Tst result of epoch 35 / 40 acc 0.7054 MAE 0.5093 f1 0.7165
2025-12-24 11:32:39,577 - utils.logger2025-12-24-11.30.32 - INFO - Cur epoch 36 loss TA:0.8016 TV:0.7787 VA:1.5595 CE:0.3837
2025-12-24 11:32:40,330 - utils.logger2025-12-24-11.30.32 - INFO - Cur epoch 36 loss TA:0.8219 TV:0.8078 VA:1.6588 CE:0.3816
2025-12-24 11:32:40,995 - utils.logger2025-12-24-11.30.32 - INFO - saving the model at the end of epoch 36, iters 1008
2025-12-24 11:32:41,103 - utils.logger2025-12-24-11.30.32 - INFO - End of training epoch 36 / 40 	 Time Taken: 2 sec
2025-12-24 11:32:41,103 - utils.logger2025-12-24-11.30.32 - INFO - learning rate = 0.0000727
2025-12-24 11:32:41,435 - utils.logger2025-12-24-11.30.32 - INFO - Val result of epoch 36 / 40 acc 0.7009 MAE 0.5171 f1 0.7143
2025-12-24 11:32:41,750 - utils.logger2025-12-24-11.30.32 - INFO - Tst result of epoch 36 / 40 acc 0.7009 MAE 0.5171 f1 0.7143
2025-12-24 11:32:42,188 - utils.logger2025-12-24-11.30.32 - INFO - Cur epoch 37 loss TA:0.7675 TV:0.7674 VA:1.5512 CE:0.2766
2025-12-24 11:32:42,938 - utils.logger2025-12-24-11.30.32 - INFO - Cur epoch 37 loss TA:0.7488 TV:0.7563 VA:1.5223 CE:0.6250
2025-12-24 11:32:43,665 - utils.logger2025-12-24-11.30.32 - INFO - Cur epoch 37 loss TA:0.7642 TV:0.7758 VA:1.5440 CE:0.3128
2025-12-24 11:32:44,167 - utils.logger2025-12-24-11.30.32 - INFO - saving the model at the end of epoch 37, iters 1036
2025-12-24 11:32:44,260 - utils.logger2025-12-24-11.30.32 - INFO - End of training epoch 37 / 40 	 Time Taken: 2 sec
2025-12-24 11:32:44,261 - utils.logger2025-12-24-11.30.32 - INFO - learning rate = 0.0000545
2025-12-24 11:32:44,910 - utils.logger2025-12-24-11.30.32 - INFO - Val result of epoch 37 / 40 acc 0.6786 MAE 0.5259 f1 0.6901
2025-12-24 11:32:45,529 - utils.logger2025-12-24-11.30.32 - INFO - Tst result of epoch 37 / 40 acc 0.6786 MAE 0.5259 f1 0.6901
2025-12-24 11:32:46,249 - utils.logger2025-12-24-11.30.32 - INFO - Cur epoch 38 loss TA:0.7875 TV:0.7696 VA:1.5537 CE:0.2956
2025-12-24 11:32:47,044 - utils.logger2025-12-24-11.30.32 - INFO - Cur epoch 38 loss TA:0.7536 TV:0.7608 VA:1.4646 CE:0.2820
2025-12-24 11:32:47,807 - utils.logger2025-12-24-11.30.32 - INFO - Cur epoch 38 loss TA:0.7525 TV:0.7508 VA:1.4522 CE:0.3956
2025-12-24 11:32:48,187 - utils.logger2025-12-24-11.30.32 - INFO - saving the model at the end of epoch 38, iters 1064
2025-12-24 11:32:48,279 - utils.logger2025-12-24-11.30.32 - INFO - End of training epoch 38 / 40 	 Time Taken: 2 sec
2025-12-24 11:32:48,280 - utils.logger2025-12-24-11.30.32 - INFO - learning rate = 0.0000364
2025-12-24 11:32:48,770 - utils.logger2025-12-24-11.30.32 - INFO - Val result of epoch 38 / 40 acc 0.6964 MAE 0.5225 f1 0.7126
2025-12-24 11:32:49,157 - utils.logger2025-12-24-11.30.32 - INFO - Tst result of epoch 38 / 40 acc 0.6964 MAE 0.5225 f1 0.7126
2025-12-24 11:32:50,042 - utils.logger2025-12-24-11.30.32 - INFO - Cur epoch 39 loss TA:0.7565 TV:0.7572 VA:1.4826 CE:0.1776
2025-12-24 11:32:50,894 - utils.logger2025-12-24-11.30.32 - INFO - Cur epoch 39 loss TA:0.7644 TV:0.7657 VA:1.5049 CE:0.2349
2025-12-24 11:32:51,770 - utils.logger2025-12-24-11.30.32 - INFO - Cur epoch 39 loss TA:0.7562 TV:0.7365 VA:1.4540 CE:0.3007
2025-12-24 11:32:52,036 - utils.logger2025-12-24-11.30.32 - INFO - saving the model at the end of epoch 39, iters 1092
2025-12-24 11:32:52,141 - utils.logger2025-12-24-11.30.32 - INFO - End of training epoch 39 / 40 	 Time Taken: 2 sec
2025-12-24 11:32:52,142 - utils.logger2025-12-24-11.30.32 - INFO - learning rate = 0.0000182
2025-12-24 11:32:52,805 - utils.logger2025-12-24-11.30.32 - INFO - Val result of epoch 39 / 40 acc 0.7098 MAE 0.5262 f1 0.7224
2025-12-24 11:32:53,473 - utils.logger2025-12-24-11.30.32 - INFO - Tst result of epoch 39 / 40 acc 0.7098 MAE 0.5262 f1 0.7224
2025-12-24 11:32:54,542 - utils.logger2025-12-24-11.30.32 - INFO - Cur epoch 40 loss TA:0.7951 TV:0.7721 VA:1.5323 CE:0.2352
2025-12-24 11:32:55,379 - utils.logger2025-12-24-11.30.32 - INFO - Cur epoch 40 loss TA:0.7583 TV:0.7505 VA:1.5012 CE:0.1928
2025-12-24 11:32:56,089 - utils.logger2025-12-24-11.30.32 - INFO - Cur epoch 40 loss TA:0.4782 TV:0.4418 VA:0.9378 CE:0.2112
2025-12-24 11:32:56,161 - utils.logger2025-12-24-11.30.32 - INFO - saving the model at the end of epoch 40, iters 1120
2025-12-24 11:32:56,257 - utils.logger2025-12-24-11.30.32 - INFO - End of training epoch 40 / 40 	 Time Taken: 2 sec
2025-12-24 11:32:56,258 - utils.logger2025-12-24-11.30.32 - INFO - learning rate = 0.0000000
2025-12-24 11:32:56,843 - utils.logger2025-12-24-11.30.32 - INFO - Val result of epoch 40 / 40 acc 0.6964 MAE 0.5155 f1 0.7126
2025-12-24 11:32:57,346 - utils.logger2025-12-24-11.30.32 - INFO - Tst result of epoch 40 / 40 acc 0.6964 MAE 0.5155 f1 0.7126
2025-12-24 11:32:57,346 - utils.logger2025-12-24-11.30.32 - INFO - Best eval epoch 13 found with f1 0.762114
