2025-12-27 11:02:17,749 - utils.logger2025-12-27-11.02.06 - INFO - The number of training samples = 4446
2025-12-27 11:02:17,750 - utils.logger2025-12-27-11.02.06 - INFO - The number of testing samples = 3168
2025-12-27 11:02:22,045 - utils.logger2025-12-27-11.02.06 - INFO - Cur epoch 1 loss CE:1.1110 mse:0.0000 consistent:0.0000
2025-12-27 11:02:23,790 - utils.logger2025-12-27-11.02.06 - INFO - saving the model at the end of epoch 1, iters 139
2025-12-27 11:02:23,882 - utils.logger2025-12-27-11.02.06 - INFO - End of training epoch 1 / 40 	 Time Taken: 5 sec
2025-12-27 11:02:23,882 - utils.logger2025-12-27-11.02.06 - INFO - learning rate = 0.0010000
2025-12-27 11:02:25,193 - utils.logger2025-12-27-11.02.06 - INFO - Val result of epoch 1 / 40 acc 0.5586 uar 0.6014 f1 0.5630
2025-12-27 11:02:26,394 - utils.logger2025-12-27-11.02.06 - INFO - Tst result of epoch 1 / 40 acc 0.5720 uar 0.5846 f1 0.5636
2025-12-27 11:02:29,131 - utils.logger2025-12-27-11.02.06 - INFO - Cur epoch 2 loss CE:1.2754 mse:0.0000 consistent:0.0000
2025-12-27 11:02:32,386 - utils.logger2025-12-27-11.02.06 - INFO - saving the model at the end of epoch 2, iters 278
2025-12-27 11:02:32,487 - utils.logger2025-12-27-11.02.06 - INFO - End of training epoch 2 / 40 	 Time Taken: 6 sec
2025-12-27 11:02:32,487 - utils.logger2025-12-27-11.02.06 - INFO - learning rate = 0.0010000
2025-12-27 11:02:33,773 - utils.logger2025-12-27-11.02.06 - INFO - Val result of epoch 2 / 40 acc 0.5580 uar 0.5930 f1 0.5616
2025-12-27 11:02:34,997 - utils.logger2025-12-27-11.02.06 - INFO - Tst result of epoch 2 / 40 acc 0.5518 uar 0.5739 f1 0.5413
2025-12-27 11:02:35,752 - utils.logger2025-12-27-11.02.06 - INFO - Cur epoch 3 loss CE:0.9232 mse:0.0000 consistent:0.0000
2025-12-27 11:02:39,235 - utils.logger2025-12-27-11.02.06 - INFO - Cur epoch 3 loss CE:0.9155 mse:0.0000 consistent:0.0000
2025-12-27 11:02:40,001 - utils.logger2025-12-27-11.02.06 - INFO - saving the model at the end of epoch 3, iters 417
2025-12-27 11:02:40,106 - utils.logger2025-12-27-11.02.06 - INFO - End of training epoch 3 / 40 	 Time Taken: 5 sec
2025-12-27 11:02:40,106 - utils.logger2025-12-27-11.02.06 - INFO - learning rate = 0.0010000
2025-12-27 11:02:41,760 - utils.logger2025-12-27-11.02.06 - INFO - Val result of epoch 3 / 40 acc 0.5943 uar 0.6150 f1 0.5966
2025-12-27 11:02:43,315 - utils.logger2025-12-27-11.02.06 - INFO - Tst result of epoch 3 / 40 acc 0.5821 uar 0.6073 f1 0.5754
2025-12-27 11:02:47,411 - utils.logger2025-12-27-11.02.06 - INFO - Cur epoch 4 loss CE:1.0609 mse:0.0000 consistent:0.0000
2025-12-27 11:02:50,226 - utils.logger2025-12-27-11.02.06 - INFO - saving the model at the end of epoch 4, iters 556
2025-12-27 11:02:50,349 - utils.logger2025-12-27-11.02.06 - INFO - End of training epoch 4 / 40 	 Time Taken: 7 sec
2025-12-27 11:02:50,349 - utils.logger2025-12-27-11.02.06 - INFO - learning rate = 0.0010000
2025-12-27 11:02:52,009 - utils.logger2025-12-27-11.02.06 - INFO - Val result of epoch 4 / 40 acc 0.5990 uar 0.6207 f1 0.6039
2025-12-27 11:02:53,562 - utils.logger2025-12-27-11.02.06 - INFO - Tst result of epoch 4 / 40 acc 0.5991 uar 0.6136 f1 0.5945
2025-12-27 11:02:55,717 - utils.logger2025-12-27-11.02.06 - INFO - Cur epoch 5 loss CE:1.1663 mse:0.0000 consistent:0.0000
2025-12-27 11:02:59,786 - utils.logger2025-12-27-11.02.06 - INFO - saving the model at the end of epoch 5, iters 695
2025-12-27 11:02:59,913 - utils.logger2025-12-27-11.02.06 - INFO - End of training epoch 5 / 40 	 Time Taken: 6 sec
2025-12-27 11:02:59,913 - utils.logger2025-12-27-11.02.06 - INFO - learning rate = 0.0010000
2025-12-27 11:03:01,570 - utils.logger2025-12-27-11.02.06 - INFO - Val result of epoch 5 / 40 acc 0.6005 uar 0.6475 f1 0.6055
2025-12-27 11:03:03,121 - utils.logger2025-12-27-11.02.06 - INFO - Tst result of epoch 5 / 40 acc 0.5969 uar 0.6275 f1 0.5900
2025-12-27 11:03:03,366 - utils.logger2025-12-27-11.02.06 - INFO - Cur epoch 6 loss CE:0.6305 mse:0.0000 consistent:0.0000
2025-12-27 11:03:08,113 - utils.logger2025-12-27-11.02.06 - INFO - Cur epoch 6 loss CE:0.9501 mse:0.0000 consistent:0.0000
2025-12-27 11:03:09,573 - utils.logger2025-12-27-11.02.06 - INFO - saving the model at the end of epoch 6, iters 834
2025-12-27 11:03:09,681 - utils.logger2025-12-27-11.02.06 - INFO - End of training epoch 6 / 40 	 Time Taken: 6 sec
2025-12-27 11:03:09,681 - utils.logger2025-12-27-11.02.06 - INFO - learning rate = 0.0010000
2025-12-27 11:03:11,088 - utils.logger2025-12-27-11.02.06 - INFO - Val result of epoch 6 / 40 acc 0.6014 uar 0.6251 f1 0.6023
2025-12-27 11:03:12,310 - utils.logger2025-12-27-11.02.06 - INFO - Tst result of epoch 6 / 40 acc 0.5859 uar 0.6146 f1 0.5800
2025-12-27 11:03:15,332 - utils.logger2025-12-27-11.02.06 - INFO - Cur epoch 7 loss CE:0.8535 mse:0.0000 consistent:0.0000
2025-12-27 11:03:18,764 - utils.logger2025-12-27-11.02.06 - INFO - saving the model at the end of epoch 7, iters 973
2025-12-27 11:03:18,856 - utils.logger2025-12-27-11.02.06 - INFO - End of training epoch 7 / 40 	 Time Taken: 6 sec
2025-12-27 11:03:18,856 - utils.logger2025-12-27-11.02.06 - INFO - learning rate = 0.0010000
2025-12-27 11:03:20,246 - utils.logger2025-12-27-11.02.06 - INFO - Val result of epoch 7 / 40 acc 0.6248 uar 0.6411 f1 0.6248
2025-12-27 11:03:21,492 - utils.logger2025-12-27-11.02.06 - INFO - Tst result of epoch 7 / 40 acc 0.6108 uar 0.6190 f1 0.6011
2025-12-27 11:03:22,581 - utils.logger2025-12-27-11.02.06 - INFO - Cur epoch 8 loss CE:0.6687 mse:0.0000 consistent:0.0000
2025-12-27 11:03:27,538 - utils.logger2025-12-27-11.02.06 - INFO - Cur epoch 8 loss CE:0.6978 mse:0.0000 consistent:0.0000
2025-12-27 11:03:28,153 - utils.logger2025-12-27-11.02.06 - INFO - saving the model at the end of epoch 8, iters 1112
2025-12-27 11:03:28,281 - utils.logger2025-12-27-11.02.06 - INFO - End of training epoch 8 / 40 	 Time Taken: 6 sec
2025-12-27 11:03:28,281 - utils.logger2025-12-27-11.02.06 - INFO - learning rate = 0.0010000
2025-12-27 11:03:29,933 - utils.logger2025-12-27-11.02.06 - INFO - Val result of epoch 8 / 40 acc 0.6002 uar 0.6329 f1 0.6047
2025-12-27 11:03:31,155 - utils.logger2025-12-27-11.02.06 - INFO - Tst result of epoch 8 / 40 acc 0.5928 uar 0.6181 f1 0.5879
2025-12-27 11:03:34,901 - utils.logger2025-12-27-11.02.06 - INFO - Cur epoch 9 loss CE:0.6277 mse:0.0000 consistent:0.0000
2025-12-27 11:03:37,169 - utils.logger2025-12-27-11.02.06 - INFO - saving the model at the end of epoch 9, iters 1251
2025-12-27 11:03:37,298 - utils.logger2025-12-27-11.02.06 - INFO - End of training epoch 9 / 40 	 Time Taken: 6 sec
2025-12-27 11:03:37,298 - utils.logger2025-12-27-11.02.06 - INFO - learning rate = 0.0010000
2025-12-27 11:03:39,057 - utils.logger2025-12-27-11.02.06 - INFO - Val result of epoch 9 / 40 acc 0.5787 uar 0.6254 f1 0.5829
2025-12-27 11:03:40,558 - utils.logger2025-12-27-11.02.06 - INFO - Tst result of epoch 9 / 40 acc 0.6171 uar 0.6363 f1 0.6086
2025-12-27 11:03:42,282 - utils.logger2025-12-27-11.02.06 - INFO - Cur epoch 10 loss CE:0.5592 mse:0.0000 consistent:0.0000
2025-12-27 11:03:45,592 - utils.logger2025-12-27-11.02.06 - INFO - saving the model at the end of epoch 10, iters 1390
2025-12-27 11:03:45,686 - utils.logger2025-12-27-11.02.06 - INFO - End of training epoch 10 / 40 	 Time Taken: 5 sec
2025-12-27 11:03:45,687 - utils.logger2025-12-27-11.02.06 - INFO - learning rate = 0.0010000
2025-12-27 11:03:46,983 - utils.logger2025-12-27-11.02.06 - INFO - Val result of epoch 10 / 40 acc 0.5993 uar 0.6362 f1 0.5986
2025-12-27 11:03:48,206 - utils.logger2025-12-27-11.02.06 - INFO - Tst result of epoch 10 / 40 acc 0.6193 uar 0.6357 f1 0.6067
2025-12-27 11:03:48,546 - utils.logger2025-12-27-11.02.06 - INFO - Cur epoch 11 loss CE:0.6900 mse:0.0000 consistent:0.0000
2025-12-27 11:03:52,812 - utils.logger2025-12-27-11.02.06 - INFO - Cur epoch 11 loss CE:0.7435 mse:0.0000 consistent:0.0000
2025-12-27 11:03:54,165 - utils.logger2025-12-27-11.02.06 - INFO - saving the model at the end of epoch 11, iters 1529
2025-12-27 11:03:54,266 - utils.logger2025-12-27-11.02.06 - INFO - End of training epoch 11 / 40 	 Time Taken: 6 sec
2025-12-27 11:03:54,267 - utils.logger2025-12-27-11.02.06 - INFO - learning rate = 0.0010000
2025-12-27 11:03:55,585 - utils.logger2025-12-27-11.02.06 - INFO - Val result of epoch 11 / 40 acc 0.5772 uar 0.6280 f1 0.5819
2025-12-27 11:03:56,812 - utils.logger2025-12-27-11.02.06 - INFO - Tst result of epoch 11 / 40 acc 0.6061 uar 0.6392 f1 0.5953
2025-12-27 11:03:59,654 - utils.logger2025-12-27-11.02.06 - INFO - Cur epoch 12 loss CE:0.3130 mse:0.0000 consistent:0.0000
2025-12-27 11:04:02,697 - utils.logger2025-12-27-11.02.06 - INFO - saving the model at the end of epoch 12, iters 1668
2025-12-27 11:04:02,812 - utils.logger2025-12-27-11.02.06 - INFO - End of training epoch 12 / 40 	 Time Taken: 5 sec
2025-12-27 11:04:02,812 - utils.logger2025-12-27-11.02.06 - INFO - learning rate = 0.0010000
2025-12-27 11:04:04,119 - utils.logger2025-12-27-11.02.06 - INFO - Val result of epoch 12 / 40 acc 0.5937 uar 0.6431 f1 0.6003
2025-12-27 11:04:05,324 - utils.logger2025-12-27-11.02.06 - INFO - Tst result of epoch 12 / 40 acc 0.6206 uar 0.6524 f1 0.6127
2025-12-27 11:04:06,669 - utils.logger2025-12-27-11.02.06 - INFO - Cur epoch 13 loss CE:0.3363 mse:0.0000 consistent:0.0000
2025-12-27 11:04:11,101 - utils.logger2025-12-27-11.02.06 - INFO - Cur epoch 13 loss CE:0.6859 mse:0.0000 consistent:0.0000
2025-12-27 11:04:11,412 - utils.logger2025-12-27-11.02.06 - INFO - saving the model at the end of epoch 13, iters 1807
2025-12-27 11:04:11,506 - utils.logger2025-12-27-11.02.06 - INFO - End of training epoch 13 / 40 	 Time Taken: 6 sec
2025-12-27 11:04:11,506 - utils.logger2025-12-27-11.02.06 - INFO - learning rate = 0.0010000
2025-12-27 11:04:12,814 - utils.logger2025-12-27-11.02.06 - INFO - Val result of epoch 13 / 40 acc 0.6212 uar 0.6603 f1 0.6255
2025-12-27 11:04:14,033 - utils.logger2025-12-27-11.02.06 - INFO - Tst result of epoch 13 / 40 acc 0.6269 uar 0.6532 f1 0.6218
2025-12-27 11:04:18,316 - utils.logger2025-12-27-11.02.06 - INFO - Cur epoch 14 loss CE:0.5007 mse:0.0000 consistent:0.0000
2025-12-27 11:04:20,530 - utils.logger2025-12-27-11.02.06 - INFO - saving the model at the end of epoch 14, iters 1946
2025-12-27 11:04:20,648 - utils.logger2025-12-27-11.02.06 - INFO - End of training epoch 14 / 40 	 Time Taken: 6 sec
2025-12-27 11:04:20,648 - utils.logger2025-12-27-11.02.06 - INFO - learning rate = 0.0010000
2025-12-27 11:04:22,038 - utils.logger2025-12-27-11.02.06 - INFO - Val result of epoch 14 / 40 acc 0.5823 uar 0.6313 f1 0.5890
2025-12-27 11:04:23,280 - utils.logger2025-12-27-11.02.06 - INFO - Tst result of epoch 14 / 40 acc 0.5827 uar 0.6192 f1 0.5724
2025-12-27 11:04:25,666 - utils.logger2025-12-27-11.02.06 - INFO - Cur epoch 15 loss CE:0.8231 mse:0.0000 consistent:0.0000
2025-12-27 11:04:29,375 - utils.logger2025-12-27-11.02.06 - INFO - saving the model at the end of epoch 15, iters 2085
2025-12-27 11:04:29,490 - utils.logger2025-12-27-11.02.06 - INFO - End of training epoch 15 / 40 	 Time Taken: 6 sec
2025-12-27 11:04:29,490 - utils.logger2025-12-27-11.02.06 - INFO - learning rate = 0.0010000
2025-12-27 11:04:31,139 - utils.logger2025-12-27-11.02.06 - INFO - Val result of epoch 15 / 40 acc 0.6314 uar 0.6494 f1 0.6326
2025-12-27 11:04:32,665 - utils.logger2025-12-27-11.02.06 - INFO - Tst result of epoch 15 / 40 acc 0.6045 uar 0.6330 f1 0.5983
2025-12-27 11:04:33,277 - utils.logger2025-12-27-11.02.06 - INFO - Cur epoch 16 loss CE:0.5650 mse:0.0000 consistent:0.0000
2025-12-27 11:04:37,611 - utils.logger2025-12-27-11.02.06 - INFO - Cur epoch 16 loss CE:0.6064 mse:0.0000 consistent:0.0000
2025-12-27 11:04:38,592 - utils.logger2025-12-27-11.02.06 - INFO - saving the model at the end of epoch 16, iters 2224
2025-12-27 11:04:38,696 - utils.logger2025-12-27-11.02.06 - INFO - End of training epoch 16 / 40 	 Time Taken: 6 sec
2025-12-27 11:04:38,696 - utils.logger2025-12-27-11.02.06 - INFO - learning rate = 0.0010000
2025-12-27 11:04:40,022 - utils.logger2025-12-27-11.02.06 - INFO - Val result of epoch 16 / 40 acc 0.5981 uar 0.6428 f1 0.6068
2025-12-27 11:04:41,274 - utils.logger2025-12-27-11.02.06 - INFO - Tst result of epoch 16 / 40 acc 0.6073 uar 0.6286 f1 0.5981
2025-12-27 11:04:45,128 - utils.logger2025-12-27-11.02.06 - INFO - Cur epoch 17 loss CE:0.6706 mse:0.0000 consistent:0.0000
2025-12-27 11:04:48,317 - utils.logger2025-12-27-11.02.06 - INFO - saving the model at the end of epoch 17, iters 2363
2025-12-27 11:04:48,433 - utils.logger2025-12-27-11.02.06 - INFO - End of training epoch 17 / 40 	 Time Taken: 7 sec
2025-12-27 11:04:48,434 - utils.logger2025-12-27-11.02.06 - INFO - learning rate = 0.0010000
2025-12-27 11:04:50,112 - utils.logger2025-12-27-11.02.06 - INFO - Val result of epoch 17 / 40 acc 0.5972 uar 0.6414 f1 0.6073
2025-12-27 11:04:51,653 - utils.logger2025-12-27-11.02.06 - INFO - Tst result of epoch 17 / 40 acc 0.5821 uar 0.6199 f1 0.5735
2025-12-27 11:04:53,463 - utils.logger2025-12-27-11.02.06 - INFO - Cur epoch 18 loss CE:0.3751 mse:0.0000 consistent:0.0000
2025-12-27 11:04:58,651 - utils.logger2025-12-27-11.02.06 - INFO - Cur epoch 18 loss CE:0.4227 mse:0.0000 consistent:0.0000
2025-12-27 11:04:58,754 - utils.logger2025-12-27-11.02.06 - INFO - saving the model at the end of epoch 18, iters 2502
2025-12-27 11:04:58,882 - utils.logger2025-12-27-11.02.06 - INFO - End of training epoch 18 / 40 	 Time Taken: 7 sec
2025-12-27 11:04:58,882 - utils.logger2025-12-27-11.02.06 - INFO - learning rate = 0.0010000
2025-12-27 11:05:00,304 - utils.logger2025-12-27-11.02.06 - INFO - Val result of epoch 18 / 40 acc 0.5934 uar 0.6368 f1 0.6007
2025-12-27 11:05:01,635 - utils.logger2025-12-27-11.02.06 - INFO - Tst result of epoch 18 / 40 acc 0.5938 uar 0.6272 f1 0.5839
2025-12-27 11:05:05,829 - utils.logger2025-12-27-11.02.06 - INFO - Cur epoch 19 loss CE:0.2953 mse:0.0000 consistent:0.0000
2025-12-27 11:05:07,752 - utils.logger2025-12-27-11.02.06 - INFO - saving the model at the end of epoch 19, iters 2641
2025-12-27 11:05:07,868 - utils.logger2025-12-27-11.02.06 - INFO - End of training epoch 19 / 40 	 Time Taken: 6 sec
2025-12-27 11:05:07,868 - utils.logger2025-12-27-11.02.06 - INFO - learning rate = 0.0010000
2025-12-27 11:05:09,510 - utils.logger2025-12-27-11.02.06 - INFO - Val result of epoch 19 / 40 acc 0.6002 uar 0.6469 f1 0.6081
2025-12-27 11:05:10,963 - utils.logger2025-12-27-11.02.06 - INFO - Tst result of epoch 19 / 40 acc 0.6013 uar 0.6305 f1 0.5864
2025-12-27 11:05:13,547 - utils.logger2025-12-27-11.02.06 - INFO - Cur epoch 20 loss CE:0.4779 mse:0.0000 consistent:0.0000
2025-12-27 11:05:17,106 - utils.logger2025-12-27-11.02.06 - INFO - saving the model at the end of epoch 20, iters 2780
2025-12-27 11:05:17,221 - utils.logger2025-12-27-11.02.06 - INFO - End of training epoch 20 / 40 	 Time Taken: 6 sec
2025-12-27 11:05:17,221 - utils.logger2025-12-27-11.02.06 - INFO - learning rate = 0.0009524
2025-12-27 11:05:18,853 - utils.logger2025-12-27-11.02.06 - INFO - Val result of epoch 20 / 40 acc 0.6323 uar 0.6613 f1 0.6369
2025-12-27 11:05:20,354 - utils.logger2025-12-27-11.02.06 - INFO - Tst result of epoch 20 / 40 acc 0.6035 uar 0.6313 f1 0.5968
2025-12-27 11:05:21,264 - utils.logger2025-12-27-11.02.06 - INFO - Cur epoch 21 loss CE:0.3386 mse:0.0000 consistent:0.0000
2025-12-27 11:05:25,967 - utils.logger2025-12-27-11.02.06 - INFO - Cur epoch 21 loss CE:0.5469 mse:0.0000 consistent:0.0000
2025-12-27 11:05:26,813 - utils.logger2025-12-27-11.02.06 - INFO - saving the model at the end of epoch 21, iters 2919
2025-12-27 11:05:26,929 - utils.logger2025-12-27-11.02.06 - INFO - End of training epoch 21 / 40 	 Time Taken: 6 sec
2025-12-27 11:05:26,929 - utils.logger2025-12-27-11.02.06 - INFO - learning rate = 0.0009048
2025-12-27 11:05:28,641 - utils.logger2025-12-27-11.02.06 - INFO - Val result of epoch 21 / 40 acc 0.6257 uar 0.6712 f1 0.6338
2025-12-27 11:05:30,218 - utils.logger2025-12-27-11.02.06 - INFO - Tst result of epoch 21 / 40 acc 0.5903 uar 0.6305 f1 0.5822
2025-12-27 11:05:33,847 - utils.logger2025-12-27-11.02.06 - INFO - Cur epoch 22 loss CE:0.4861 mse:0.0000 consistent:0.0000
2025-12-27 11:05:36,538 - utils.logger2025-12-27-11.02.06 - INFO - saving the model at the end of epoch 22, iters 3058
2025-12-27 11:05:36,637 - utils.logger2025-12-27-11.02.06 - INFO - End of training epoch 22 / 40 	 Time Taken: 6 sec
2025-12-27 11:05:36,637 - utils.logger2025-12-27-11.02.06 - INFO - learning rate = 0.0008571
2025-12-27 11:05:38,003 - utils.logger2025-12-27-11.02.06 - INFO - Val result of epoch 22 / 40 acc 0.6397 uar 0.6708 f1 0.6482
2025-12-27 11:05:39,358 - utils.logger2025-12-27-11.02.06 - INFO - Tst result of epoch 22 / 40 acc 0.6133 uar 0.6423 f1 0.6090
2025-12-27 11:05:41,529 - utils.logger2025-12-27-11.02.06 - INFO - Cur epoch 23 loss CE:0.3754 mse:0.0000 consistent:0.0000
2025-12-27 11:05:46,477 - utils.logger2025-12-27-11.02.06 - INFO - saving the model at the end of epoch 23, iters 3197
2025-12-27 11:05:46,602 - utils.logger2025-12-27-11.02.06 - INFO - End of training epoch 23 / 40 	 Time Taken: 7 sec
2025-12-27 11:05:46,603 - utils.logger2025-12-27-11.02.06 - INFO - learning rate = 0.0008095
2025-12-27 11:05:48,284 - utils.logger2025-12-27-11.02.06 - INFO - Val result of epoch 23 / 40 acc 0.6047 uar 0.6483 f1 0.6099
2025-12-27 11:05:49,544 - utils.logger2025-12-27-11.02.06 - INFO - Tst result of epoch 23 / 40 acc 0.5997 uar 0.6295 f1 0.5894
2025-12-27 11:05:49,677 - utils.logger2025-12-27-11.02.06 - INFO - Cur epoch 24 loss CE:0.3012 mse:0.0000 consistent:0.0000
