2026-03-03 20:28:56,436 - utils.logger2026-03-03-20.28.49 - INFO - The number of training samples = 1750
2026-03-03 20:28:56,436 - utils.logger2026-03-03-20.28.49 - INFO - The number of testing samples = 1344
2026-03-03 20:28:59,046 - utils.logger2026-03-03-20.28.49 - INFO - Cur epoch 1 loss CE:3.2327 mse:2.6168 consistent:4.6640
2026-03-03 20:28:59,630 - utils.logger2026-03-03-20.28.49 - INFO - Cur epoch 1 loss CE:2.9438 mse:1.7431 consistent:4.5493
2026-03-03 20:29:00,290 - utils.logger2026-03-03-20.28.49 - INFO - saving the model at the end of epoch 1, iters 28
2026-03-03 20:29:00,415 - utils.logger2026-03-03-20.28.49 - INFO - End of training epoch 1 / 40 	 Time Taken: 3 sec
2026-03-03 20:29:00,415 - utils.logger2026-03-03-20.28.49 - INFO - learning rate = 0.0002000
2026-03-03 20:29:02,236 - utils.logger2026-03-03-20.28.49 - INFO - Val result of epoch 1 / 40 mae 1.4915 corr 0.2458 f1 0.5734
2026-03-03 20:29:04,026 - utils.logger2026-03-03-20.28.49 - INFO - Tst result of epoch 1 / 40 mae 1.3174 corr 0.2731 f1 0.5867
2026-03-03 20:29:05,272 - utils.logger2026-03-03-20.28.49 - INFO - Cur epoch 2 loss CE:2.3911 mse:1.2811 consistent:4.3843
2026-03-03 20:29:05,802 - utils.logger2026-03-03-20.28.49 - INFO - Cur epoch 2 loss CE:2.4520 mse:1.0466 consistent:4.0613
2026-03-03 20:29:06,355 - utils.logger2026-03-03-20.28.49 - INFO - Cur epoch 2 loss CE:2.3683 mse:0.6542 consistent:3.6418
2026-03-03 20:29:06,823 - utils.logger2026-03-03-20.28.49 - INFO - saving the model at the end of epoch 2, iters 56
2026-03-03 20:29:06,952 - utils.logger2026-03-03-20.28.49 - INFO - End of training epoch 2 / 40 	 Time Taken: 2 sec
2026-03-03 20:29:06,952 - utils.logger2026-03-03-20.28.49 - INFO - learning rate = 0.0002000
2026-03-03 20:29:08,727 - utils.logger2026-03-03-20.28.49 - INFO - Val result of epoch 2 / 40 mae 1.4601 corr 0.3547 f1 0.6018
2026-03-03 20:29:10,519 - utils.logger2026-03-03-20.28.49 - INFO - Tst result of epoch 2 / 40 mae 1.2805 corr 0.3566 f1 0.6029
2026-03-03 20:29:11,798 - utils.logger2026-03-03-20.28.49 - INFO - Cur epoch 3 loss CE:2.1095 mse:0.8808 consistent:3.7287
2026-03-03 20:29:12,393 - utils.logger2026-03-03-20.28.49 - INFO - Cur epoch 3 loss CE:2.3592 mse:0.6601 consistent:3.5045
2026-03-03 20:29:12,904 - utils.logger2026-03-03-20.28.49 - INFO - Cur epoch 3 loss CE:2.2532 mse:0.5708 consistent:3.2076
2026-03-03 20:29:13,285 - utils.logger2026-03-03-20.28.49 - INFO - saving the model at the end of epoch 3, iters 84
2026-03-03 20:29:13,409 - utils.logger2026-03-03-20.28.49 - INFO - End of training epoch 3 / 40 	 Time Taken: 2 sec
2026-03-03 20:29:13,410 - utils.logger2026-03-03-20.28.49 - INFO - learning rate = 0.0002000
2026-03-03 20:29:15,134 - utils.logger2026-03-03-20.28.49 - INFO - Val result of epoch 3 / 40 mae 1.4248 corr 0.4263 f1 0.6515
2026-03-03 20:29:16,889 - utils.logger2026-03-03-20.28.49 - INFO - Tst result of epoch 3 / 40 mae 1.2551 corr 0.4132 f1 0.6323
2026-03-03 20:29:18,295 - utils.logger2026-03-03-20.28.49 - INFO - Cur epoch 4 loss CE:1.5643 mse:0.4541 consistent:2.9409
2026-03-03 20:29:18,837 - utils.logger2026-03-03-20.28.49 - INFO - Cur epoch 4 loss CE:1.9045 mse:0.4894 consistent:2.6678
2026-03-03 20:29:19,380 - utils.logger2026-03-03-20.28.49 - INFO - Cur epoch 4 loss CE:2.0316 mse:0.4790 consistent:2.9383
2026-03-03 20:29:19,628 - utils.logger2026-03-03-20.28.49 - INFO - saving the model at the end of epoch 4, iters 112
2026-03-03 20:29:19,750 - utils.logger2026-03-03-20.28.49 - INFO - End of training epoch 4 / 40 	 Time Taken: 2 sec
2026-03-03 20:29:19,750 - utils.logger2026-03-03-20.28.49 - INFO - learning rate = 0.0002000
2026-03-03 20:29:21,487 - utils.logger2026-03-03-20.28.49 - INFO - Val result of epoch 4 / 40 mae 1.3614 corr 0.4193 f1 0.6554
2026-03-03 20:29:23,277 - utils.logger2026-03-03-20.28.49 - INFO - Tst result of epoch 4 / 40 mae 1.2000 corr 0.4173 f1 0.6196
2026-03-03 20:29:24,811 - utils.logger2026-03-03-20.28.49 - INFO - Cur epoch 5 loss CE:1.8644 mse:0.4518 consistent:2.4728
2026-03-03 20:29:25,449 - utils.logger2026-03-03-20.28.49 - INFO - Cur epoch 5 loss CE:1.6404 mse:0.4266 consistent:2.0892
2026-03-03 20:29:26,013 - utils.logger2026-03-03-20.28.49 - INFO - Cur epoch 5 loss CE:1.9289 mse:0.3761 consistent:1.3245
2026-03-03 20:29:26,170 - utils.logger2026-03-03-20.28.49 - INFO - saving the model at the end of epoch 5, iters 140
2026-03-03 20:29:26,291 - utils.logger2026-03-03-20.28.49 - INFO - End of training epoch 5 / 40 	 Time Taken: 3 sec
2026-03-03 20:29:26,291 - utils.logger2026-03-03-20.28.49 - INFO - learning rate = 0.0002000
2026-03-03 20:29:28,045 - utils.logger2026-03-03-20.28.49 - INFO - Val result of epoch 5 / 40 mae 1.3454 corr 0.4419 f1 0.6585
2026-03-03 20:29:29,859 - utils.logger2026-03-03-20.28.49 - INFO - Tst result of epoch 5 / 40 mae 1.1814 corr 0.4182 f1 0.6517
2026-03-03 20:29:31,471 - utils.logger2026-03-03-20.28.49 - INFO - Cur epoch 6 loss CE:1.7438 mse:0.4426 consistent:1.3061
2026-03-03 20:29:32,062 - utils.logger2026-03-03-20.28.49 - INFO - Cur epoch 6 loss CE:2.2914 mse:0.4419 consistent:1.1876
2026-03-03 20:29:32,704 - utils.logger2026-03-03-20.28.49 - INFO - saving the model at the end of epoch 6, iters 168
2026-03-03 20:29:32,832 - utils.logger2026-03-03-20.28.49 - INFO - End of training epoch 6 / 40 	 Time Taken: 2 sec
2026-03-03 20:29:32,833 - utils.logger2026-03-03-20.28.49 - INFO - learning rate = 0.0002000
2026-03-03 20:29:34,662 - utils.logger2026-03-03-20.28.49 - INFO - Val result of epoch 6 / 40 mae 1.3554 corr 0.4402 f1 0.6603
2026-03-03 20:29:36,500 - utils.logger2026-03-03-20.28.49 - INFO - Tst result of epoch 6 / 40 mae 1.1876 corr 0.4333 f1 0.6229
2026-03-03 20:29:37,680 - utils.logger2026-03-03-20.28.49 - INFO - Cur epoch 7 loss CE:1.6922 mse:0.3515 consistent:1.0681
2026-03-03 20:29:38,296 - utils.logger2026-03-03-20.28.49 - INFO - Cur epoch 7 loss CE:1.6644 mse:0.3923 consistent:1.0001
2026-03-03 20:29:38,865 - utils.logger2026-03-03-20.28.49 - INFO - Cur epoch 7 loss CE:1.7612 mse:0.3888 consistent:0.8479
2026-03-03 20:29:39,392 - utils.logger2026-03-03-20.28.49 - INFO - saving the model at the end of epoch 7, iters 196
2026-03-03 20:29:39,523 - utils.logger2026-03-03-20.28.49 - INFO - End of training epoch 7 / 40 	 Time Taken: 3 sec
2026-03-03 20:29:39,523 - utils.logger2026-03-03-20.28.49 - INFO - learning rate = 0.0002000
2026-03-03 20:29:41,296 - utils.logger2026-03-03-20.28.49 - INFO - Val result of epoch 7 / 40 mae 1.3528 corr 0.4511 f1 0.6767
2026-03-03 20:29:43,089 - utils.logger2026-03-03-20.28.49 - INFO - Tst result of epoch 7 / 40 mae 1.1937 corr 0.4503 f1 0.6281
2026-03-03 20:29:44,424 - utils.logger2026-03-03-20.28.49 - INFO - Cur epoch 8 loss CE:1.7965 mse:0.3647 consistent:0.8644
2026-03-03 20:29:45,045 - utils.logger2026-03-03-20.28.49 - INFO - Cur epoch 8 loss CE:1.9291 mse:0.3363 consistent:0.8540
2026-03-03 20:29:45,664 - utils.logger2026-03-03-20.28.49 - INFO - Cur epoch 8 loss CE:1.9229 mse:0.4055 consistent:0.8745
2026-03-03 20:29:46,077 - utils.logger2026-03-03-20.28.49 - INFO - saving the model at the end of epoch 8, iters 224
2026-03-03 20:29:46,219 - utils.logger2026-03-03-20.28.49 - INFO - End of training epoch 8 / 40 	 Time Taken: 3 sec
2026-03-03 20:29:46,219 - utils.logger2026-03-03-20.28.49 - INFO - learning rate = 0.0002000
2026-03-03 20:29:47,987 - utils.logger2026-03-03-20.28.49 - INFO - Val result of epoch 8 / 40 mae 1.3629 corr 0.4503 f1 0.6765
2026-03-03 20:29:49,772 - utils.logger2026-03-03-20.28.49 - INFO - Tst result of epoch 8 / 40 mae 1.1934 corr 0.4478 f1 0.6394
2026-03-03 20:29:51,232 - utils.logger2026-03-03-20.28.49 - INFO - Cur epoch 9 loss CE:1.8320 mse:0.3655 consistent:0.8528
2026-03-03 20:29:51,868 - utils.logger2026-03-03-20.28.49 - INFO - Cur epoch 9 loss CE:1.9744 mse:0.3491 consistent:0.7638
2026-03-03 20:29:52,499 - utils.logger2026-03-03-20.28.49 - INFO - Cur epoch 9 loss CE:1.3619 mse:0.3050 consistent:0.7804
2026-03-03 20:29:52,776 - utils.logger2026-03-03-20.28.49 - INFO - saving the model at the end of epoch 9, iters 252
2026-03-03 20:29:52,908 - utils.logger2026-03-03-20.28.49 - INFO - End of training epoch 9 / 40 	 Time Taken: 3 sec
2026-03-03 20:29:52,908 - utils.logger2026-03-03-20.28.49 - INFO - learning rate = 0.0002000
2026-03-03 20:29:54,673 - utils.logger2026-03-03-20.28.49 - INFO - Val result of epoch 9 / 40 mae 1.3527 corr 0.4565 f1 0.6668
2026-03-03 20:29:56,485 - utils.logger2026-03-03-20.28.49 - INFO - Tst result of epoch 9 / 40 mae 1.1776 corr 0.4607 f1 0.6683
2026-03-03 20:29:58,063 - utils.logger2026-03-03-20.28.49 - INFO - Cur epoch 10 loss CE:1.7108 mse:0.3273 consistent:0.7791
2026-03-03 20:29:58,745 - utils.logger2026-03-03-20.28.49 - INFO - Cur epoch 10 loss CE:1.4401 mse:0.3003 consistent:0.7564
2026-03-03 20:29:59,392 - utils.logger2026-03-03-20.28.49 - INFO - Cur epoch 10 loss CE:1.1963 mse:0.3440 consistent:0.8301
2026-03-03 20:29:59,544 - utils.logger2026-03-03-20.28.49 - INFO - saving the model at the end of epoch 10, iters 280
2026-03-03 20:29:59,715 - utils.logger2026-03-03-20.28.49 - INFO - End of training epoch 10 / 40 	 Time Taken: 3 sec
2026-03-03 20:29:59,715 - utils.logger2026-03-03-20.28.49 - INFO - learning rate = 0.0002000
2026-03-03 20:30:01,510 - utils.logger2026-03-03-20.28.49 - INFO - Val result of epoch 10 / 40 mae 1.3410 corr 0.4495 f1 0.6707
2026-03-03 20:30:03,299 - utils.logger2026-03-03-20.28.49 - INFO - Tst result of epoch 10 / 40 mae 1.1757 corr 0.4550 f1 0.6365
2026-03-03 20:30:04,929 - utils.logger2026-03-03-20.28.49 - INFO - Cur epoch 11 loss CE:1.5696 mse:0.2895 consistent:0.7560
2026-03-03 20:30:05,467 - utils.logger2026-03-03-20.28.49 - INFO - Cur epoch 11 loss CE:1.2407 mse:0.2618 consistent:0.7500
2026-03-03 20:30:06,104 - utils.logger2026-03-03-20.28.49 - INFO - saving the model at the end of epoch 11, iters 308
2026-03-03 20:30:06,235 - utils.logger2026-03-03-20.28.49 - INFO - End of training epoch 11 / 40 	 Time Taken: 2 sec
2026-03-03 20:30:06,235 - utils.logger2026-03-03-20.28.49 - INFO - learning rate = 0.0002000
2026-03-03 20:30:08,034 - utils.logger2026-03-03-20.28.49 - INFO - Val result of epoch 11 / 40 mae 1.3487 corr 0.4428 f1 0.6725
2026-03-03 20:30:09,771 - utils.logger2026-03-03-20.28.49 - INFO - Tst result of epoch 11 / 40 mae 1.1641 corr 0.4675 f1 0.6455
2026-03-03 20:30:10,990 - utils.logger2026-03-03-20.28.49 - INFO - Cur epoch 12 loss CE:1.4484 mse:0.3278 consistent:0.7722
2026-03-03 20:30:11,572 - utils.logger2026-03-03-20.28.49 - INFO - Cur epoch 12 loss CE:1.5523 mse:0.3621 consistent:0.7621
2026-03-03 20:30:12,152 - utils.logger2026-03-03-20.28.49 - INFO - Cur epoch 12 loss CE:1.8129 mse:0.3734 consistent:0.8377
2026-03-03 20:30:12,676 - utils.logger2026-03-03-20.28.49 - INFO - saving the model at the end of epoch 12, iters 336
2026-03-03 20:30:12,800 - utils.logger2026-03-03-20.28.49 - INFO - End of training epoch 12 / 40 	 Time Taken: 3 sec
2026-03-03 20:30:12,801 - utils.logger2026-03-03-20.28.49 - INFO - learning rate = 0.0002000
2026-03-03 20:30:14,505 - utils.logger2026-03-03-20.28.49 - INFO - Val result of epoch 12 / 40 mae 1.3392 corr 0.4570 f1 0.6583
2026-03-03 20:30:16,256 - utils.logger2026-03-03-20.28.49 - INFO - Tst result of epoch 12 / 40 mae 1.1684 corr 0.4589 f1 0.6676
2026-03-03 20:30:17,566 - utils.logger2026-03-03-20.28.49 - INFO - Cur epoch 13 loss CE:1.1616 mse:0.2719 consistent:0.7241
2026-03-03 20:30:18,069 - utils.logger2026-03-03-20.28.49 - INFO - Cur epoch 13 loss CE:1.3694 mse:0.3087 consistent:0.7286
2026-03-03 20:30:18,565 - utils.logger2026-03-03-20.28.49 - INFO - Cur epoch 13 loss CE:1.1130 mse:0.2544 consistent:0.7529
2026-03-03 20:30:18,915 - utils.logger2026-03-03-20.28.49 - INFO - saving the model at the end of epoch 13, iters 364
2026-03-03 20:30:19,055 - utils.logger2026-03-03-20.28.49 - INFO - End of training epoch 13 / 40 	 Time Taken: 2 sec
2026-03-03 20:30:19,055 - utils.logger2026-03-03-20.28.49 - INFO - learning rate = 0.0002000
2026-03-03 20:30:20,826 - utils.logger2026-03-03-20.28.49 - INFO - Val result of epoch 13 / 40 mae 1.3481 corr 0.4436 f1 0.6595
2026-03-03 20:30:22,599 - utils.logger2026-03-03-20.28.49 - INFO - Tst result of epoch 13 / 40 mae 1.1721 corr 0.4435 f1 0.6471
2026-03-03 20:30:23,975 - utils.logger2026-03-03-20.28.49 - INFO - Cur epoch 14 loss CE:1.1800 mse:0.2535 consistent:0.7017
2026-03-03 20:30:24,526 - utils.logger2026-03-03-20.28.49 - INFO - Cur epoch 14 loss CE:1.4256 mse:0.2995 consistent:0.7078
2026-03-03 20:30:25,126 - utils.logger2026-03-03-20.28.49 - INFO - Cur epoch 14 loss CE:1.8284 mse:0.3366 consistent:0.7194
2026-03-03 20:30:25,405 - utils.logger2026-03-03-20.28.49 - INFO - saving the model at the end of epoch 14, iters 392
2026-03-03 20:30:25,530 - utils.logger2026-03-03-20.28.49 - INFO - End of training epoch 14 / 40 	 Time Taken: 2 sec
2026-03-03 20:30:25,531 - utils.logger2026-03-03-20.28.49 - INFO - learning rate = 0.0002000
2026-03-03 20:30:27,293 - utils.logger2026-03-03-20.28.49 - INFO - Val result of epoch 14 / 40 mae 1.3515 corr 0.4463 f1 0.6575
2026-03-03 20:30:29,030 - utils.logger2026-03-03-20.28.49 - INFO - Tst result of epoch 14 / 40 mae 1.1731 corr 0.4691 f1 0.6490
2026-03-03 20:30:30,471 - utils.logger2026-03-03-20.28.49 - INFO - Cur epoch 15 loss CE:1.3213 mse:0.2861 consistent:0.6905
2026-03-03 20:30:31,062 - utils.logger2026-03-03-20.28.49 - INFO - Cur epoch 15 loss CE:1.6654 mse:0.3296 consistent:0.7740
2026-03-03 20:30:31,657 - utils.logger2026-03-03-20.28.49 - INFO - Cur epoch 15 loss CE:1.6689 mse:0.3609 consistent:0.8338
2026-03-03 20:30:31,824 - utils.logger2026-03-03-20.28.49 - INFO - saving the model at the end of epoch 15, iters 420
2026-03-03 20:30:31,963 - utils.logger2026-03-03-20.28.49 - INFO - End of training epoch 15 / 40 	 Time Taken: 2 sec
2026-03-03 20:30:31,963 - utils.logger2026-03-03-20.28.49 - INFO - learning rate = 0.0002000
2026-03-03 20:30:33,799 - utils.logger2026-03-03-20.28.49 - INFO - Val result of epoch 15 / 40 mae 1.3363 corr 0.4514 f1 0.6574
2026-03-03 20:30:35,595 - utils.logger2026-03-03-20.28.49 - INFO - Tst result of epoch 15 / 40 mae 1.1668 corr 0.4669 f1 0.6716
2026-03-03 20:30:37,262 - utils.logger2026-03-03-20.28.49 - INFO - Cur epoch 16 loss CE:1.1746 mse:0.3301 consistent:0.7499
2026-03-03 20:30:37,897 - utils.logger2026-03-03-20.28.49 - INFO - Cur epoch 16 loss CE:1.6860 mse:0.3669 consistent:0.7684
2026-03-03 20:30:38,533 - utils.logger2026-03-03-20.28.49 - INFO - saving the model at the end of epoch 16, iters 448
2026-03-03 20:30:38,672 - utils.logger2026-03-03-20.28.49 - INFO - End of training epoch 16 / 40 	 Time Taken: 3 sec
2026-03-03 20:30:38,672 - utils.logger2026-03-03-20.28.49 - INFO - learning rate = 0.0002000
2026-03-03 20:30:40,454 - utils.logger2026-03-03-20.28.49 - INFO - Val result of epoch 16 / 40 mae 1.3340 corr 0.4533 f1 0.6672
2026-03-03 20:30:42,235 - utils.logger2026-03-03-20.28.49 - INFO - Tst result of epoch 16 / 40 mae 1.1629 corr 0.4662 f1 0.6784
2026-03-03 20:30:43,378 - utils.logger2026-03-03-20.28.49 - INFO - Cur epoch 17 loss CE:1.4906 mse:0.3639 consistent:0.7028
2026-03-03 20:30:43,996 - utils.logger2026-03-03-20.28.49 - INFO - Cur epoch 17 loss CE:1.4070 mse:0.3623 consistent:0.7687
2026-03-03 20:30:44,607 - utils.logger2026-03-03-20.28.49 - INFO - Cur epoch 17 loss CE:1.4046 mse:0.3235 consistent:0.7200
2026-03-03 20:30:45,125 - utils.logger2026-03-03-20.28.49 - INFO - saving the model at the end of epoch 17, iters 476
2026-03-03 20:30:45,260 - utils.logger2026-03-03-20.28.49 - INFO - End of training epoch 17 / 40 	 Time Taken: 3 sec
2026-03-03 20:30:45,260 - utils.logger2026-03-03-20.28.49 - INFO - learning rate = 0.0002000
2026-03-03 20:30:47,083 - utils.logger2026-03-03-20.28.49 - INFO - Val result of epoch 17 / 40 mae 1.3528 corr 0.4408 f1 0.6453
2026-03-03 20:30:48,942 - utils.logger2026-03-03-20.28.49 - INFO - Tst result of epoch 17 / 40 mae 1.1726 corr 0.4665 f1 0.6697
2026-03-03 20:30:50,246 - utils.logger2026-03-03-20.28.49 - INFO - Cur epoch 18 loss CE:1.7255 mse:0.3623 consistent:0.7810
2026-03-03 20:30:50,832 - utils.logger2026-03-03-20.28.49 - INFO - Cur epoch 18 loss CE:1.5178 mse:0.3385 consistent:0.6429
2026-03-03 20:30:51,393 - utils.logger2026-03-03-20.28.49 - INFO - Cur epoch 18 loss CE:1.4242 mse:0.3231 consistent:0.6950
2026-03-03 20:30:51,805 - utils.logger2026-03-03-20.28.49 - INFO - saving the model at the end of epoch 18, iters 504
2026-03-03 20:30:51,938 - utils.logger2026-03-03-20.28.49 - INFO - End of training epoch 18 / 40 	 Time Taken: 2 sec
2026-03-03 20:30:51,938 - utils.logger2026-03-03-20.28.49 - INFO - learning rate = 0.0002000
2026-03-03 20:30:53,761 - utils.logger2026-03-03-20.28.49 - INFO - Val result of epoch 18 / 40 mae 1.3621 corr 0.4341 f1 0.6387
2026-03-03 20:30:55,553 - utils.logger2026-03-03-20.28.49 - INFO - Tst result of epoch 18 / 40 mae 1.1835 corr 0.4636 f1 0.6594
2026-03-03 20:30:57,022 - utils.logger2026-03-03-20.28.49 - INFO - Cur epoch 19 loss CE:1.4750 mse:0.3483 consistent:0.7487
2026-03-03 20:30:57,663 - utils.logger2026-03-03-20.28.49 - INFO - Cur epoch 19 loss CE:1.4349 mse:0.3135 consistent:0.7103
2026-03-03 20:30:58,269 - utils.logger2026-03-03-20.28.49 - INFO - Cur epoch 19 loss CE:1.7091 mse:0.3222 consistent:0.6771
2026-03-03 20:30:58,537 - utils.logger2026-03-03-20.28.49 - INFO - saving the model at the end of epoch 19, iters 532
2026-03-03 20:30:58,670 - utils.logger2026-03-03-20.28.49 - INFO - End of training epoch 19 / 40 	 Time Taken: 3 sec
2026-03-03 20:30:58,670 - utils.logger2026-03-03-20.28.49 - INFO - learning rate = 0.0002000
2026-03-03 20:31:00,511 - utils.logger2026-03-03-20.28.49 - INFO - Val result of epoch 19 / 40 mae 1.3414 corr 0.4496 f1 0.6571
2026-03-03 20:31:02,314 - utils.logger2026-03-03-20.28.49 - INFO - Tst result of epoch 19 / 40 mae 1.1650 corr 0.4671 f1 0.6644
2026-03-03 20:31:03,866 - utils.logger2026-03-03-20.28.49 - INFO - Cur epoch 20 loss CE:1.2877 mse:0.2891 consistent:0.6585
2026-03-03 20:31:04,479 - utils.logger2026-03-03-20.28.49 - INFO - Cur epoch 20 loss CE:1.1900 mse:0.2677 consistent:0.6693
2026-03-03 20:31:05,003 - utils.logger2026-03-03-20.28.49 - INFO - Cur epoch 20 loss CE:2.0693 mse:0.3425 consistent:0.6262
2026-03-03 20:31:05,148 - utils.logger2026-03-03-20.28.49 - INFO - saving the model at the end of epoch 20, iters 560
2026-03-03 20:31:05,283 - utils.logger2026-03-03-20.28.49 - INFO - End of training epoch 20 / 40 	 Time Taken: 2 sec
2026-03-03 20:31:05,283 - utils.logger2026-03-03-20.28.49 - INFO - learning rate = 0.0001905
2026-03-03 20:31:07,035 - utils.logger2026-03-03-20.28.49 - INFO - Val result of epoch 20 / 40 mae 1.3245 corr 0.4539 f1 0.6681
2026-03-03 20:31:08,800 - utils.logger2026-03-03-20.28.49 - INFO - Tst result of epoch 20 / 40 mae 1.1503 corr 0.4682 f1 0.6817
2026-03-03 20:31:10,451 - utils.logger2026-03-03-20.28.49 - INFO - Cur epoch 21 loss CE:1.2369 mse:0.2872 consistent:0.7565
2026-03-03 20:31:10,994 - utils.logger2026-03-03-20.28.49 - INFO - Cur epoch 21 loss CE:1.1765 mse:0.2519 consistent:0.6131
2026-03-03 20:31:11,604 - utils.logger2026-03-03-20.28.49 - INFO - saving the model at the end of epoch 21, iters 588
2026-03-03 20:31:11,730 - utils.logger2026-03-03-20.28.49 - INFO - End of training epoch 21 / 40 	 Time Taken: 2 sec
2026-03-03 20:31:11,731 - utils.logger2026-03-03-20.28.49 - INFO - learning rate = 0.0001810
2026-03-03 20:31:13,501 - utils.logger2026-03-03-20.28.49 - INFO - Val result of epoch 21 / 40 mae 1.3496 corr 0.4473 f1 0.6451
2026-03-03 20:31:15,334 - utils.logger2026-03-03-20.28.49 - INFO - Tst result of epoch 21 / 40 mae 1.1691 corr 0.4713 f1 0.6672
2026-03-03 20:31:16,492 - utils.logger2026-03-03-20.28.49 - INFO - Cur epoch 22 loss CE:1.6054 mse:0.3077 consistent:0.6390
2026-03-03 20:31:17,074 - utils.logger2026-03-03-20.28.49 - INFO - Cur epoch 22 loss CE:1.0760 mse:0.2989 consistent:0.6986
2026-03-03 20:31:17,621 - utils.logger2026-03-03-20.28.49 - INFO - Cur epoch 22 loss CE:1.3882 mse:0.2987 consistent:0.6855
2026-03-03 20:31:18,119 - utils.logger2026-03-03-20.28.49 - INFO - saving the model at the end of epoch 22, iters 616
2026-03-03 20:31:18,243 - utils.logger2026-03-03-20.28.49 - INFO - End of training epoch 22 / 40 	 Time Taken: 2 sec
2026-03-03 20:31:18,243 - utils.logger2026-03-03-20.28.49 - INFO - learning rate = 0.0001714
2026-03-03 20:31:19,952 - utils.logger2026-03-03-20.28.49 - INFO - Val result of epoch 22 / 40 mae 1.3412 corr 0.4514 f1 0.6699
2026-03-03 20:31:21,698 - utils.logger2026-03-03-20.28.49 - INFO - Tst result of epoch 22 / 40 mae 1.1685 corr 0.4665 f1 0.6517
2026-03-03 20:31:22,974 - utils.logger2026-03-03-20.28.49 - INFO - Cur epoch 23 loss CE:1.5156 mse:0.3286 consistent:0.6445
2026-03-03 20:31:23,482 - utils.logger2026-03-03-20.28.49 - INFO - Cur epoch 23 loss CE:1.5512 mse:0.3039 consistent:0.6958
2026-03-03 20:31:24,001 - utils.logger2026-03-03-20.28.49 - INFO - Cur epoch 23 loss CE:1.2973 mse:0.2458 consistent:0.6852
2026-03-03 20:31:24,347 - utils.logger2026-03-03-20.28.49 - INFO - saving the model at the end of epoch 23, iters 644
2026-03-03 20:31:24,465 - utils.logger2026-03-03-20.28.49 - INFO - End of training epoch 23 / 40 	 Time Taken: 2 sec
2026-03-03 20:31:24,465 - utils.logger2026-03-03-20.28.49 - INFO - learning rate = 0.0001619
2026-03-03 20:31:26,194 - utils.logger2026-03-03-20.28.49 - INFO - Val result of epoch 23 / 40 mae 1.3390 corr 0.4492 f1 0.6612
2026-03-03 20:31:27,992 - utils.logger2026-03-03-20.28.49 - INFO - Tst result of epoch 23 / 40 mae 1.1507 corr 0.4796 f1 0.6903
2026-03-03 20:31:29,447 - utils.logger2026-03-03-20.28.49 - INFO - Cur epoch 24 loss CE:1.1789 mse:0.3033 consistent:0.6928
2026-03-03 20:31:30,067 - utils.logger2026-03-03-20.28.49 - INFO - Cur epoch 24 loss CE:1.7710 mse:0.3560 consistent:0.6965
2026-03-03 20:31:30,691 - utils.logger2026-03-03-20.28.49 - INFO - Cur epoch 24 loss CE:1.2588 mse:0.2937 consistent:0.6665
2026-03-03 20:31:30,977 - utils.logger2026-03-03-20.28.49 - INFO - saving the model at the end of epoch 24, iters 672
2026-03-03 20:31:31,113 - utils.logger2026-03-03-20.28.49 - INFO - End of training epoch 24 / 40 	 Time Taken: 3 sec
2026-03-03 20:31:31,114 - utils.logger2026-03-03-20.28.49 - INFO - learning rate = 0.0001524
2026-03-03 20:31:32,907 - utils.logger2026-03-03-20.28.49 - INFO - Val result of epoch 24 / 40 mae 1.3429 corr 0.4402 f1 0.6543
2026-03-03 20:31:34,708 - utils.logger2026-03-03-20.28.49 - INFO - Tst result of epoch 24 / 40 mae 1.1621 corr 0.4743 f1 0.6731
2026-03-03 20:31:36,248 - utils.logger2026-03-03-20.28.49 - INFO - Cur epoch 25 loss CE:1.4380 mse:0.3175 consistent:0.6878
2026-03-03 20:31:36,857 - utils.logger2026-03-03-20.28.49 - INFO - Cur epoch 25 loss CE:1.5417 mse:0.3189 consistent:0.6491
2026-03-03 20:31:37,475 - utils.logger2026-03-03-20.28.49 - INFO - Cur epoch 25 loss CE:1.0603 mse:0.2565 consistent:0.6894
2026-03-03 20:31:37,631 - utils.logger2026-03-03-20.28.49 - INFO - saving the model at the end of epoch 25, iters 700
2026-03-03 20:31:37,764 - utils.logger2026-03-03-20.28.49 - INFO - End of training epoch 25 / 40 	 Time Taken: 3 sec
2026-03-03 20:31:37,765 - utils.logger2026-03-03-20.28.49 - INFO - learning rate = 0.0001429
2026-03-03 20:31:39,553 - utils.logger2026-03-03-20.28.49 - INFO - Val result of epoch 25 / 40 mae 1.3549 corr 0.4391 f1 0.6647
2026-03-03 20:31:41,314 - utils.logger2026-03-03-20.28.49 - INFO - Tst result of epoch 25 / 40 mae 1.1717 corr 0.4822 f1 0.6706
2026-03-03 20:31:43,035 - utils.logger2026-03-03-20.28.49 - INFO - Cur epoch 26 loss CE:1.3151 mse:0.2902 consistent:0.7046
2026-03-03 20:31:43,592 - utils.logger2026-03-03-20.28.49 - INFO - Cur epoch 26 loss CE:1.3671 mse:0.3227 consistent:0.6314
2026-03-03 20:31:44,239 - utils.logger2026-03-03-20.28.49 - INFO - saving the model at the end of epoch 26, iters 728
2026-03-03 20:31:44,364 - utils.logger2026-03-03-20.28.49 - INFO - End of training epoch 26 / 40 	 Time Taken: 3 sec
2026-03-03 20:31:44,364 - utils.logger2026-03-03-20.28.49 - INFO - learning rate = 0.0001333
2026-03-03 20:31:46,150 - utils.logger2026-03-03-20.28.49 - INFO - Val result of epoch 26 / 40 mae 1.3404 corr 0.4432 f1 0.6511
2026-03-03 20:31:47,927 - utils.logger2026-03-03-20.28.49 - INFO - Tst result of epoch 26 / 40 mae 1.1551 corr 0.4762 f1 0.6899
2026-03-03 20:31:49,084 - utils.logger2026-03-03-20.28.49 - INFO - Cur epoch 27 loss CE:1.1216 mse:0.3393 consistent:0.6641
2026-03-03 20:31:49,680 - utils.logger2026-03-03-20.28.49 - INFO - Cur epoch 27 loss CE:1.5725 mse:0.3395 consistent:0.6483
2026-03-03 20:31:50,252 - utils.logger2026-03-03-20.28.49 - INFO - Cur epoch 27 loss CE:1.2436 mse:0.2662 consistent:0.6039
2026-03-03 20:31:50,787 - utils.logger2026-03-03-20.28.49 - INFO - saving the model at the end of epoch 27, iters 756
2026-03-03 20:31:50,923 - utils.logger2026-03-03-20.28.49 - INFO - End of training epoch 27 / 40 	 Time Taken: 2 sec
2026-03-03 20:31:50,923 - utils.logger2026-03-03-20.28.49 - INFO - learning rate = 0.0001238
2026-03-03 20:31:52,678 - utils.logger2026-03-03-20.28.49 - INFO - Val result of epoch 27 / 40 mae 1.3425 corr 0.4436 f1 0.6590
2026-03-03 20:31:54,498 - utils.logger2026-03-03-20.28.49 - INFO - Tst result of epoch 27 / 40 mae 1.1606 corr 0.4734 f1 0.6631
2026-03-03 20:31:55,827 - utils.logger2026-03-03-20.28.49 - INFO - Cur epoch 28 loss CE:1.4661 mse:0.3299 consistent:0.6372
2026-03-03 20:31:56,417 - utils.logger2026-03-03-20.28.49 - INFO - Cur epoch 28 loss CE:1.0834 mse:0.2661 consistent:0.6882
2026-03-03 20:31:56,994 - utils.logger2026-03-03-20.28.49 - INFO - Cur epoch 28 loss CE:1.2159 mse:0.3026 consistent:0.6184
2026-03-03 20:31:57,376 - utils.logger2026-03-03-20.28.49 - INFO - saving the model at the end of epoch 28, iters 784
2026-03-03 20:31:57,518 - utils.logger2026-03-03-20.28.49 - INFO - End of training epoch 28 / 40 	 Time Taken: 3 sec
2026-03-03 20:31:57,519 - utils.logger2026-03-03-20.28.49 - INFO - learning rate = 0.0001143
2026-03-03 20:31:59,329 - utils.logger2026-03-03-20.28.49 - INFO - Val result of epoch 28 / 40 mae 1.3392 corr 0.4436 f1 0.6668
2026-03-03 20:32:01,106 - utils.logger2026-03-03-20.28.49 - INFO - Tst result of epoch 28 / 40 mae 1.1562 corr 0.4772 f1 0.6800
2026-03-03 20:32:02,487 - utils.logger2026-03-03-20.28.49 - INFO - Cur epoch 29 loss CE:1.2379 mse:0.3016 consistent:0.6411
2026-03-03 20:32:03,019 - utils.logger2026-03-03-20.28.49 - INFO - Cur epoch 29 loss CE:1.3282 mse:0.3429 consistent:0.7710
2026-03-03 20:32:03,557 - utils.logger2026-03-03-20.28.49 - INFO - Cur epoch 29 loss CE:1.4843 mse:0.3305 consistent:0.6252
2026-03-03 20:32:03,818 - utils.logger2026-03-03-20.28.49 - INFO - saving the model at the end of epoch 29, iters 812
2026-03-03 20:32:03,947 - utils.logger2026-03-03-20.28.49 - INFO - End of training epoch 29 / 40 	 Time Taken: 2 sec
2026-03-03 20:32:03,947 - utils.logger2026-03-03-20.28.49 - INFO - learning rate = 0.0001048
2026-03-03 20:32:05,796 - utils.logger2026-03-03-20.28.49 - INFO - Val result of epoch 29 / 40 mae 1.3426 corr 0.4425 f1 0.6623
2026-03-03 20:32:07,521 - utils.logger2026-03-03-20.28.49 - INFO - Tst result of epoch 29 / 40 mae 1.1655 corr 0.4698 f1 0.6622
2026-03-03 20:32:08,993 - utils.logger2026-03-03-20.28.49 - INFO - Cur epoch 30 loss CE:1.0833 mse:0.2945 consistent:0.5925
2026-03-03 20:32:09,555 - utils.logger2026-03-03-20.28.49 - INFO - Cur epoch 30 loss CE:1.5442 mse:0.3617 consistent:0.6596
2026-03-03 20:32:10,093 - utils.logger2026-03-03-20.28.49 - INFO - Cur epoch 30 loss CE:1.5804 mse:0.2291 consistent:0.6117
2026-03-03 20:32:10,240 - utils.logger2026-03-03-20.28.49 - INFO - saving the model at the end of epoch 30, iters 840
2026-03-03 20:32:10,363 - utils.logger2026-03-03-20.28.49 - INFO - End of training epoch 30 / 40 	 Time Taken: 2 sec
2026-03-03 20:32:10,364 - utils.logger2026-03-03-20.28.49 - INFO - learning rate = 0.0000952
2026-03-03 20:32:12,138 - utils.logger2026-03-03-20.28.49 - INFO - Val result of epoch 30 / 40 mae 1.3359 corr 0.4457 f1 0.6656
2026-03-03 20:32:13,943 - utils.logger2026-03-03-20.28.49 - INFO - Tst result of epoch 30 / 40 mae 1.1520 corr 0.4766 f1 0.6777
2026-03-03 20:32:15,532 - utils.logger2026-03-03-20.28.49 - INFO - Cur epoch 31 loss CE:1.5312 mse:0.3732 consistent:0.7124
2026-03-03 20:32:16,035 - utils.logger2026-03-03-20.28.49 - INFO - Cur epoch 31 loss CE:1.6500 mse:0.3400 consistent:0.6700
2026-03-03 20:32:16,603 - utils.logger2026-03-03-20.28.49 - INFO - saving the model at the end of epoch 31, iters 868
2026-03-03 20:32:16,748 - utils.logger2026-03-03-20.28.49 - INFO - End of training epoch 31 / 40 	 Time Taken: 2 sec
2026-03-03 20:32:16,748 - utils.logger2026-03-03-20.28.49 - INFO - learning rate = 0.0000857
2026-03-03 20:32:18,482 - utils.logger2026-03-03-20.28.49 - INFO - Val result of epoch 31 / 40 mae 1.3252 corr 0.4507 f1 0.6605
2026-03-03 20:32:20,273 - utils.logger2026-03-03-20.28.49 - INFO - Tst result of epoch 31 / 40 mae 1.1386 corr 0.4781 f1 0.6690
2026-03-03 20:32:21,401 - utils.logger2026-03-03-20.28.49 - INFO - Cur epoch 32 loss CE:1.3561 mse:0.3043 consistent:0.6646
2026-03-03 20:32:21,942 - utils.logger2026-03-03-20.28.49 - INFO - Cur epoch 32 loss CE:1.3582 mse:0.3168 consistent:0.6227
2026-03-03 20:32:22,493 - utils.logger2026-03-03-20.28.49 - INFO - Cur epoch 32 loss CE:1.7577 mse:0.3960 consistent:0.6607
2026-03-03 20:32:22,975 - utils.logger2026-03-03-20.28.49 - INFO - saving the model at the end of epoch 32, iters 896
2026-03-03 20:32:23,102 - utils.logger2026-03-03-20.28.49 - INFO - End of training epoch 32 / 40 	 Time Taken: 2 sec
2026-03-03 20:32:23,102 - utils.logger2026-03-03-20.28.49 - INFO - learning rate = 0.0000762
2026-03-03 20:32:24,858 - utils.logger2026-03-03-20.28.49 - INFO - Val result of epoch 32 / 40 mae 1.3348 corr 0.4507 f1 0.6636
2026-03-03 20:32:26,676 - utils.logger2026-03-03-20.28.49 - INFO - Tst result of epoch 32 / 40 mae 1.1537 corr 0.4764 f1 0.6692
2026-03-03 20:32:27,986 - utils.logger2026-03-03-20.28.49 - INFO - Cur epoch 33 loss CE:1.1213 mse:0.2333 consistent:0.6378
2026-03-03 20:32:28,600 - utils.logger2026-03-03-20.28.49 - INFO - Cur epoch 33 loss CE:1.2005 mse:0.2936 consistent:0.6402
2026-03-03 20:32:29,201 - utils.logger2026-03-03-20.28.49 - INFO - Cur epoch 33 loss CE:1.2220 mse:0.3267 consistent:0.6618
2026-03-03 20:32:29,573 - utils.logger2026-03-03-20.28.49 - INFO - saving the model at the end of epoch 33, iters 924
2026-03-03 20:32:29,707 - utils.logger2026-03-03-20.28.49 - INFO - End of training epoch 33 / 40 	 Time Taken: 3 sec
2026-03-03 20:32:29,708 - utils.logger2026-03-03-20.28.49 - INFO - learning rate = 0.0000667
2026-03-03 20:32:31,466 - utils.logger2026-03-03-20.28.49 - INFO - Val result of epoch 33 / 40 mae 1.3273 corr 0.4499 f1 0.6632
2026-03-03 20:32:33,270 - utils.logger2026-03-03-20.28.49 - INFO - Tst result of epoch 33 / 40 mae 1.1443 corr 0.4741 f1 0.6763
2026-03-03 20:32:34,740 - utils.logger2026-03-03-20.28.49 - INFO - Cur epoch 34 loss CE:1.2186 mse:0.3146 consistent:0.6330
2026-03-03 20:32:35,328 - utils.logger2026-03-03-20.28.49 - INFO - Cur epoch 34 loss CE:0.7898 mse:0.2211 consistent:0.6257
2026-03-03 20:32:35,921 - utils.logger2026-03-03-20.28.49 - INFO - Cur epoch 34 loss CE:1.1804 mse:0.3116 consistent:0.6216
2026-03-03 20:32:36,185 - utils.logger2026-03-03-20.28.49 - INFO - saving the model at the end of epoch 34, iters 952
2026-03-03 20:32:36,310 - utils.logger2026-03-03-20.28.49 - INFO - End of training epoch 34 / 40 	 Time Taken: 3 sec
2026-03-03 20:32:36,310 - utils.logger2026-03-03-20.28.49 - INFO - learning rate = 0.0000571
2026-03-03 20:32:38,075 - utils.logger2026-03-03-20.28.49 - INFO - Val result of epoch 34 / 40 mae 1.3325 corr 0.4466 f1 0.6635
2026-03-03 20:32:39,874 - utils.logger2026-03-03-20.28.49 - INFO - Tst result of epoch 34 / 40 mae 1.1477 corr 0.4737 f1 0.6818
2026-03-03 20:32:41,462 - utils.logger2026-03-03-20.28.49 - INFO - Cur epoch 35 loss CE:1.2621 mse:0.3112 consistent:0.6375
2026-03-03 20:32:42,107 - utils.logger2026-03-03-20.28.49 - INFO - Cur epoch 35 loss CE:1.2613 mse:0.2977 consistent:0.6489
2026-03-03 20:32:42,725 - utils.logger2026-03-03-20.28.49 - INFO - Cur epoch 35 loss CE:1.6142 mse:0.3604 consistent:0.5597
2026-03-03 20:32:42,878 - utils.logger2026-03-03-20.28.49 - INFO - saving the model at the end of epoch 35, iters 980
2026-03-03 20:32:43,014 - utils.logger2026-03-03-20.28.49 - INFO - End of training epoch 35 / 40 	 Time Taken: 3 sec
2026-03-03 20:32:43,014 - utils.logger2026-03-03-20.28.49 - INFO - learning rate = 0.0000476
2026-03-03 20:32:44,766 - utils.logger2026-03-03-20.28.49 - INFO - Val result of epoch 35 / 40 mae 1.3374 corr 0.4454 f1 0.6582
2026-03-03 20:32:46,561 - utils.logger2026-03-03-20.28.49 - INFO - Tst result of epoch 35 / 40 mae 1.1562 corr 0.4740 f1 0.6732
2026-03-03 20:32:48,292 - utils.logger2026-03-03-20.28.49 - INFO - Cur epoch 36 loss CE:1.2568 mse:0.3294 consistent:0.6444
2026-03-03 20:32:48,880 - utils.logger2026-03-03-20.28.49 - INFO - Cur epoch 36 loss CE:1.1492 mse:0.2787 consistent:0.6241
2026-03-03 20:32:49,487 - utils.logger2026-03-03-20.28.49 - INFO - saving the model at the end of epoch 36, iters 1008
2026-03-03 20:32:49,614 - utils.logger2026-03-03-20.28.49 - INFO - End of training epoch 36 / 40 	 Time Taken: 3 sec
2026-03-03 20:32:49,614 - utils.logger2026-03-03-20.28.49 - INFO - learning rate = 0.0000381
2026-03-03 20:32:51,426 - utils.logger2026-03-03-20.28.49 - INFO - Val result of epoch 36 / 40 mae 1.3331 corr 0.4469 f1 0.6715
2026-03-03 20:32:53,231 - utils.logger2026-03-03-20.28.49 - INFO - Tst result of epoch 36 / 40 mae 1.1535 corr 0.4724 f1 0.6625
2026-03-03 20:32:54,399 - utils.logger2026-03-03-20.28.49 - INFO - Cur epoch 37 loss CE:1.2892 mse:0.2457 consistent:0.6402
2026-03-03 20:32:54,981 - utils.logger2026-03-03-20.28.49 - INFO - Cur epoch 37 loss CE:1.4695 mse:0.3218 consistent:0.6397
2026-03-03 20:32:55,573 - utils.logger2026-03-03-20.28.49 - INFO - Cur epoch 37 loss CE:0.8807 mse:0.2459 consistent:0.5920
2026-03-03 20:32:56,083 - utils.logger2026-03-03-20.28.49 - INFO - saving the model at the end of epoch 37, iters 1036
2026-03-03 20:32:56,205 - utils.logger2026-03-03-20.28.49 - INFO - End of training epoch 37 / 40 	 Time Taken: 2 sec
2026-03-03 20:32:56,205 - utils.logger2026-03-03-20.28.49 - INFO - learning rate = 0.0000286
2026-03-03 20:32:57,999 - utils.logger2026-03-03-20.28.49 - INFO - Val result of epoch 37 / 40 mae 1.3287 corr 0.4492 f1 0.6748
2026-03-03 20:32:59,785 - utils.logger2026-03-03-20.28.49 - INFO - Tst result of epoch 37 / 40 mae 1.1497 corr 0.4738 f1 0.6749
2026-03-03 20:33:01,101 - utils.logger2026-03-03-20.28.49 - INFO - Cur epoch 38 loss CE:1.2266 mse:0.2748 consistent:0.6246
2026-03-03 20:33:01,675 - utils.logger2026-03-03-20.28.49 - INFO - Cur epoch 38 loss CE:1.1119 mse:0.3002 consistent:0.6263
2026-03-03 20:33:02,220 - utils.logger2026-03-03-20.28.49 - INFO - Cur epoch 38 loss CE:1.3106 mse:0.2988 consistent:0.5832
2026-03-03 20:33:02,575 - utils.logger2026-03-03-20.28.49 - INFO - saving the model at the end of epoch 38, iters 1064
2026-03-03 20:33:02,702 - utils.logger2026-03-03-20.28.49 - INFO - End of training epoch 38 / 40 	 Time Taken: 2 sec
2026-03-03 20:33:02,703 - utils.logger2026-03-03-20.28.49 - INFO - learning rate = 0.0000190
2026-03-03 20:33:04,475 - utils.logger2026-03-03-20.28.49 - INFO - Val result of epoch 38 / 40 mae 1.3338 corr 0.4468 f1 0.6732
2026-03-03 20:33:06,264 - utils.logger2026-03-03-20.28.49 - INFO - Tst result of epoch 38 / 40 mae 1.1548 corr 0.4728 f1 0.6720
2026-03-03 20:33:07,698 - utils.logger2026-03-03-20.28.49 - INFO - Cur epoch 39 loss CE:0.9668 mse:0.3038 consistent:0.6001
2026-03-03 20:33:08,197 - utils.logger2026-03-03-20.28.49 - INFO - Cur epoch 39 loss CE:1.4081 mse:0.3134 consistent:0.6150
2026-03-03 20:33:08,695 - utils.logger2026-03-03-20.28.49 - INFO - Cur epoch 39 loss CE:1.0622 mse:0.3651 consistent:0.6909
2026-03-03 20:33:08,940 - utils.logger2026-03-03-20.28.49 - INFO - saving the model at the end of epoch 39, iters 1092
2026-03-03 20:33:09,068 - utils.logger2026-03-03-20.28.49 - INFO - End of training epoch 39 / 40 	 Time Taken: 2 sec
2026-03-03 20:33:09,068 - utils.logger2026-03-03-20.28.49 - INFO - learning rate = 0.0000095
2026-03-03 20:33:10,816 - utils.logger2026-03-03-20.28.49 - INFO - Val result of epoch 39 / 40 mae 1.3334 corr 0.4477 f1 0.6708
2026-03-03 20:33:12,551 - utils.logger2026-03-03-20.28.49 - INFO - Tst result of epoch 39 / 40 mae 1.1550 corr 0.4730 f1 0.6735
2026-03-03 20:33:14,081 - utils.logger2026-03-03-20.28.49 - INFO - Cur epoch 40 loss CE:1.6131 mse:0.3323 consistent:0.6366
2026-03-03 20:33:14,601 - utils.logger2026-03-03-20.28.49 - INFO - Cur epoch 40 loss CE:0.9624 mse:0.2374 consistent:0.5866
2026-03-03 20:33:15,125 - utils.logger2026-03-03-20.28.49 - INFO - Cur epoch 40 loss CE:0.7304 mse:0.2076 consistent:0.5750
2026-03-03 20:33:15,277 - utils.logger2026-03-03-20.28.49 - INFO - saving the model at the end of epoch 40, iters 1120
2026-03-03 20:33:15,401 - utils.logger2026-03-03-20.28.49 - INFO - End of training epoch 40 / 40 	 Time Taken: 2 sec
2026-03-03 20:33:15,401 - utils.logger2026-03-03-20.28.49 - INFO - learning rate = 0.0000000
2026-03-03 20:33:17,150 - utils.logger2026-03-03-20.28.49 - INFO - Val result of epoch 40 / 40 mae 1.3331 corr 0.4474 f1 0.6725
2026-03-03 20:33:18,906 - utils.logger2026-03-03-20.28.49 - INFO - Tst result of epoch 40 / 40 mae 1.1550 corr 0.4720 f1 0.6743
2026-03-03 20:33:18,906 - utils.logger2026-03-03-20.28.49 - INFO - Best eval epoch 31 found with MAE 1.138650
2026-03-03 20:33:18,906 - utils.logger2026-03-03-20.28.49 - INFO - Loading best model found on val set: epoch-31
2026-03-03 20:33:22,528 - utils.logger2026-03-03-20.28.49 - INFO - Tst result mae 1.1386 corr 0.4781 f1 0.6690
