2026-03-03 19:25:18,020 - utils.logger2026-03-03-19.25.18 - INFO - The number of training samples = 1750
2026-03-03 19:25:20,709 - utils.logger2026-03-03-19.25.18 - INFO - Cur epoch 1 loss TA:1.0370 TV:1.0340 VA:2.0637 CE:3.9581
2026-03-03 19:25:21,341 - utils.logger2026-03-03-19.25.18 - INFO - Cur epoch 1 loss TA:1.0342 TV:1.0311 VA:2.0721 CE:3.3227
2026-03-03 19:25:21,953 - utils.logger2026-03-03-19.25.18 - INFO - saving the model at the end of epoch 1, iters 28
2026-03-03 19:25:22,054 - utils.logger2026-03-03-19.25.18 - INFO - End of training epoch 1 / 40 	 Time Taken: 3 sec
2026-03-03 19:25:22,055 - utils.logger2026-03-03-19.25.18 - INFO - learning rate = 0.0002000
2026-03-03 19:25:22,567 - utils.logger2026-03-03-19.25.18 - INFO - Val result of epoch 1 / 40 acc 0.6205 MAE 0.3728 f1 0.6328
2026-03-03 19:25:23,049 - utils.logger2026-03-03-19.25.18 - INFO - Tst result of epoch 1 / 40 acc 0.6205 MAE 0.3728 f1 0.6328
2026-03-03 19:25:23,569 - utils.logger2026-03-03-19.25.18 - INFO - Cur epoch 2 loss TA:1.0258 TV:1.0205 VA:2.0515 CE:2.7482
2026-03-03 19:25:24,198 - utils.logger2026-03-03-19.25.18 - INFO - Cur epoch 2 loss TA:1.0154 TV:1.0069 VA:2.0488 CE:2.9207
2026-03-03 19:25:24,893 - utils.logger2026-03-03-19.25.18 - INFO - Cur epoch 2 loss TA:1.0028 TV:0.9882 VA:2.0275 CE:2.6253
2026-03-03 19:25:25,366 - utils.logger2026-03-03-19.25.18 - INFO - saving the model at the end of epoch 2, iters 56
2026-03-03 19:25:25,468 - utils.logger2026-03-03-19.25.18 - INFO - End of training epoch 2 / 40 	 Time Taken: 2 sec
2026-03-03 19:25:25,468 - utils.logger2026-03-03-19.25.18 - INFO - learning rate = 0.0002000
2026-03-03 19:25:25,906 - utils.logger2026-03-03-19.25.18 - INFO - Val result of epoch 2 / 40 acc 0.6339 MAE 0.4816 f1 0.6575
2026-03-03 19:25:26,395 - utils.logger2026-03-03-19.25.18 - INFO - Tst result of epoch 2 / 40 acc 0.6339 MAE 0.4816 f1 0.6575
2026-03-03 19:25:27,024 - utils.logger2026-03-03-19.25.18 - INFO - Cur epoch 3 loss TA:0.9813 TV:0.9652 VA:1.9870 CE:2.5193
2026-03-03 19:25:27,730 - utils.logger2026-03-03-19.25.18 - INFO - Cur epoch 3 loss TA:0.9577 TV:0.9515 VA:1.9614 CE:2.6774
2026-03-03 19:25:28,424 - utils.logger2026-03-03-19.25.18 - INFO - Cur epoch 3 loss TA:0.9557 TV:0.9392 VA:1.9199 CE:2.2400
2026-03-03 19:25:28,773 - utils.logger2026-03-03-19.25.18 - INFO - saving the model at the end of epoch 3, iters 84
2026-03-03 19:25:28,876 - utils.logger2026-03-03-19.25.18 - INFO - End of training epoch 3 / 40 	 Time Taken: 2 sec
2026-03-03 19:25:28,876 - utils.logger2026-03-03-19.25.18 - INFO - learning rate = 0.0002000
2026-03-03 19:25:29,356 - utils.logger2026-03-03-19.25.18 - INFO - Val result of epoch 3 / 40 acc 0.6518 MAE 0.5394 f1 0.6729
2026-03-03 19:25:29,843 - utils.logger2026-03-03-19.25.18 - INFO - Tst result of epoch 3 / 40 acc 0.6518 MAE 0.5394 f1 0.6729
2026-03-03 19:25:30,657 - utils.logger2026-03-03-19.25.18 - INFO - Cur epoch 4 loss TA:0.9508 TV:0.9423 VA:1.9186 CE:2.0657
2026-03-03 19:25:31,321 - utils.logger2026-03-03-19.25.18 - INFO - Cur epoch 4 loss TA:0.9234 TV:0.9194 VA:1.8715 CE:2.6449
2026-03-03 19:25:31,981 - utils.logger2026-03-03-19.25.18 - INFO - Cur epoch 4 loss TA:0.9210 TV:0.9193 VA:1.8430 CE:2.4619
2026-03-03 19:25:32,167 - utils.logger2026-03-03-19.25.18 - INFO - saving the model at the end of epoch 4, iters 112
2026-03-03 19:25:32,262 - utils.logger2026-03-03-19.25.18 - INFO - End of training epoch 4 / 40 	 Time Taken: 2 sec
2026-03-03 19:25:32,262 - utils.logger2026-03-03-19.25.18 - INFO - learning rate = 0.0002000
2026-03-03 19:25:32,770 - utils.logger2026-03-03-19.25.18 - INFO - Val result of epoch 4 / 40 acc 0.6830 MAE 0.5997 f1 0.6995
2026-03-03 19:25:33,260 - utils.logger2026-03-03-19.25.18 - INFO - Tst result of epoch 4 / 40 acc 0.6830 MAE 0.5997 f1 0.6995
2026-03-03 19:25:34,185 - utils.logger2026-03-03-19.25.18 - INFO - Cur epoch 5 loss TA:0.8927 TV:0.8808 VA:1.8007 CE:2.0446
2026-03-03 19:25:34,889 - utils.logger2026-03-03-19.25.18 - INFO - Cur epoch 5 loss TA:0.8885 TV:0.8943 VA:1.7848 CE:2.0256
2026-03-03 19:25:35,579 - utils.logger2026-03-03-19.25.18 - INFO - Cur epoch 5 loss TA:0.5905 TV:0.6161 VA:1.3060 CE:1.7184
2026-03-03 19:25:35,640 - utils.logger2026-03-03-19.25.18 - INFO - saving the model at the end of epoch 5, iters 140
2026-03-03 19:25:35,740 - utils.logger2026-03-03-19.25.18 - INFO - End of training epoch 5 / 40 	 Time Taken: 2 sec
2026-03-03 19:25:35,740 - utils.logger2026-03-03-19.25.18 - INFO - learning rate = 0.0002000
2026-03-03 19:25:36,269 - utils.logger2026-03-03-19.25.18 - INFO - Val result of epoch 5 / 40 acc 0.7098 MAE 0.6401 f1 0.7203
2026-03-03 19:25:36,741 - utils.logger2026-03-03-19.25.18 - INFO - Tst result of epoch 5 / 40 acc 0.7098 MAE 0.6401 f1 0.7203
2026-03-03 19:25:37,769 - utils.logger2026-03-03-19.25.18 - INFO - Cur epoch 6 loss TA:0.8652 TV:0.8515 VA:1.7606 CE:2.3011
2026-03-03 19:25:38,420 - utils.logger2026-03-03-19.25.18 - INFO - Cur epoch 6 loss TA:0.8713 TV:0.8700 VA:1.7488 CE:1.5758
2026-03-03 19:25:38,919 - utils.logger2026-03-03-19.25.18 - INFO - saving the model at the end of epoch 6, iters 168
2026-03-03 19:25:39,004 - utils.logger2026-03-03-19.25.18 - INFO - End of training epoch 6 / 40 	 Time Taken: 2 sec
2026-03-03 19:25:39,004 - utils.logger2026-03-03-19.25.18 - INFO - learning rate = 0.0002000
2026-03-03 19:25:39,452 - utils.logger2026-03-03-19.25.18 - INFO - Val result of epoch 6 / 40 acc 0.7455 MAE 0.6592 f1 0.7578
2026-03-03 19:25:39,925 - utils.logger2026-03-03-19.25.18 - INFO - Tst result of epoch 6 / 40 acc 0.7455 MAE 0.6592 f1 0.7578
2026-03-03 19:25:40,352 - utils.logger2026-03-03-19.25.18 - INFO - Cur epoch 7 loss TA:0.8398 TV:0.8401 VA:1.6872 CE:1.2922
2026-03-03 19:25:40,889 - utils.logger2026-03-03-19.25.18 - INFO - Cur epoch 7 loss TA:0.8423 TV:0.8384 VA:1.6786 CE:1.6512
2026-03-03 19:25:41,424 - utils.logger2026-03-03-19.25.18 - INFO - Cur epoch 7 loss TA:0.8370 TV:0.8326 VA:1.6867 CE:1.2692
2026-03-03 19:25:41,777 - utils.logger2026-03-03-19.25.18 - INFO - saving the model at the end of epoch 7, iters 196
2026-03-03 19:25:41,852 - utils.logger2026-03-03-19.25.18 - INFO - End of training epoch 7 / 40 	 Time Taken: 1 sec
2026-03-03 19:25:41,853 - utils.logger2026-03-03-19.25.18 - INFO - learning rate = 0.0002000
2026-03-03 19:25:42,325 - utils.logger2026-03-03-19.25.18 - INFO - Val result of epoch 7 / 40 acc 0.7277 MAE 0.6660 f1 0.7490
2026-03-03 19:25:42,749 - utils.logger2026-03-03-19.25.18 - INFO - Tst result of epoch 7 / 40 acc 0.7277 MAE 0.6660 f1 0.7490
2026-03-03 19:25:43,346 - utils.logger2026-03-03-19.25.18 - INFO - Cur epoch 8 loss TA:0.7873 TV:0.7933 VA:1.5803 CE:1.3006
2026-03-03 19:25:43,964 - utils.logger2026-03-03-19.25.18 - INFO - Cur epoch 8 loss TA:0.8051 TV:0.7992 VA:1.6133 CE:0.9783
2026-03-03 19:25:44,566 - utils.logger2026-03-03-19.25.18 - INFO - Cur epoch 8 loss TA:0.7787 TV:0.8151 VA:1.5943 CE:0.9981
2026-03-03 19:25:44,841 - utils.logger2026-03-03-19.25.18 - INFO - saving the model at the end of epoch 8, iters 224
2026-03-03 19:25:44,916 - utils.logger2026-03-03-19.25.18 - INFO - End of training epoch 8 / 40 	 Time Taken: 2 sec
2026-03-03 19:25:44,917 - utils.logger2026-03-03-19.25.18 - INFO - learning rate = 0.0002000
2026-03-03 19:25:45,358 - utils.logger2026-03-03-19.25.18 - INFO - Val result of epoch 8 / 40 acc 0.7679 MAE 0.6682 f1 0.7813
2026-03-03 19:25:45,824 - utils.logger2026-03-03-19.25.18 - INFO - Tst result of epoch 8 / 40 acc 0.7679 MAE 0.6682 f1 0.7813
2026-03-03 19:25:46,436 - utils.logger2026-03-03-19.25.18 - INFO - Cur epoch 9 loss TA:0.7530 TV:0.7614 VA:1.5620 CE:1.0606
2026-03-03 19:25:47,006 - utils.logger2026-03-03-19.25.18 - INFO - Cur epoch 9 loss TA:0.7308 TV:0.7684 VA:1.5141 CE:1.3477
2026-03-03 19:25:47,612 - utils.logger2026-03-03-19.25.18 - INFO - Cur epoch 9 loss TA:0.7520 TV:0.7890 VA:1.6098 CE:1.3355
2026-03-03 19:25:47,764 - utils.logger2026-03-03-19.25.18 - INFO - saving the model at the end of epoch 9, iters 252
2026-03-03 19:25:47,848 - utils.logger2026-03-03-19.25.18 - INFO - End of training epoch 9 / 40 	 Time Taken: 2 sec
2026-03-03 19:25:47,848 - utils.logger2026-03-03-19.25.18 - INFO - learning rate = 0.0002000
2026-03-03 19:25:48,343 - utils.logger2026-03-03-19.25.18 - INFO - Val result of epoch 9 / 40 acc 0.7589 MAE 0.6660 f1 0.7710
2026-03-03 19:25:48,827 - utils.logger2026-03-03-19.25.18 - INFO - Tst result of epoch 9 / 40 acc 0.7589 MAE 0.6660 f1 0.7710
2026-03-03 19:25:49,612 - utils.logger2026-03-03-19.25.18 - INFO - Cur epoch 10 loss TA:0.7162 TV:0.7463 VA:1.4912 CE:1.1497
2026-03-03 19:25:50,238 - utils.logger2026-03-03-19.25.18 - INFO - Cur epoch 10 loss TA:0.7286 TV:0.7312 VA:1.4812 CE:1.1139
2026-03-03 19:25:50,839 - utils.logger2026-03-03-19.25.18 - INFO - Cur epoch 10 loss TA:0.4471 TV:0.4668 VA:0.8938 CE:1.0604
2026-03-03 19:25:50,898 - utils.logger2026-03-03-19.25.18 - INFO - saving the model at the end of epoch 10, iters 280
2026-03-03 19:25:50,979 - utils.logger2026-03-03-19.25.18 - INFO - End of training epoch 10 / 40 	 Time Taken: 2 sec
2026-03-03 19:25:50,979 - utils.logger2026-03-03-19.25.18 - INFO - learning rate = 0.0002000
2026-03-03 19:25:51,429 - utils.logger2026-03-03-19.25.18 - INFO - Val result of epoch 10 / 40 acc 0.7991 MAE 0.6801 f1 0.8140
2026-03-03 19:25:51,847 - utils.logger2026-03-03-19.25.18 - INFO - Tst result of epoch 10 / 40 acc 0.7991 MAE 0.6801 f1 0.8140
2026-03-03 19:25:52,806 - utils.logger2026-03-03-19.25.18 - INFO - Cur epoch 11 loss TA:0.6991 TV:0.6908 VA:1.3927 CE:0.7135
2026-03-03 19:25:53,401 - utils.logger2026-03-03-19.25.18 - INFO - Cur epoch 11 loss TA:0.6820 TV:0.7035 VA:1.4623 CE:0.7626
2026-03-03 19:25:53,873 - utils.logger2026-03-03-19.25.18 - INFO - saving the model at the end of epoch 11, iters 308
2026-03-03 19:25:53,956 - utils.logger2026-03-03-19.25.18 - INFO - End of training epoch 11 / 40 	 Time Taken: 2 sec
2026-03-03 19:25:53,956 - utils.logger2026-03-03-19.25.18 - INFO - learning rate = 0.0002000
2026-03-03 19:25:54,428 - utils.logger2026-03-03-19.25.18 - INFO - Val result of epoch 11 / 40 acc 0.7723 MAE 0.6736 f1 0.7897
2026-03-03 19:25:54,865 - utils.logger2026-03-03-19.25.18 - INFO - Tst result of epoch 11 / 40 acc 0.7723 MAE 0.6736 f1 0.7897
2026-03-03 19:25:55,320 - utils.logger2026-03-03-19.25.18 - INFO - Cur epoch 12 loss TA:0.6766 TV:0.6985 VA:1.4044 CE:0.8711
2026-03-03 19:25:55,880 - utils.logger2026-03-03-19.25.18 - INFO - Cur epoch 12 loss TA:0.6679 TV:0.6716 VA:1.3485 CE:0.8722
2026-03-03 19:25:56,424 - utils.logger2026-03-03-19.25.18 - INFO - Cur epoch 12 loss TA:0.6997 TV:0.6851 VA:1.3814 CE:0.7869
2026-03-03 19:25:56,795 - utils.logger2026-03-03-19.25.18 - INFO - saving the model at the end of epoch 12, iters 336
2026-03-03 19:25:56,871 - utils.logger2026-03-03-19.25.18 - INFO - End of training epoch 12 / 40 	 Time Taken: 2 sec
2026-03-03 19:25:56,872 - utils.logger2026-03-03-19.25.18 - INFO - learning rate = 0.0002000
2026-03-03 19:25:57,319 - utils.logger2026-03-03-19.25.18 - INFO - Val result of epoch 12 / 40 acc 0.7366 MAE 0.6877 f1 0.7580
2026-03-03 19:25:57,750 - utils.logger2026-03-03-19.25.18 - INFO - Tst result of epoch 12 / 40 acc 0.7366 MAE 0.6877 f1 0.7580
2026-03-03 19:25:58,330 - utils.logger2026-03-03-19.25.18 - INFO - Cur epoch 13 loss TA:0.6464 TV:0.6742 VA:1.3646 CE:1.1937
2026-03-03 19:25:58,888 - utils.logger2026-03-03-19.25.18 - INFO - Cur epoch 13 loss TA:0.6654 TV:0.6819 VA:1.3841 CE:0.5930
2026-03-03 19:25:59,437 - utils.logger2026-03-03-19.25.18 - INFO - Cur epoch 13 loss TA:0.6577 TV:0.6791 VA:1.3304 CE:0.5993
2026-03-03 19:25:59,691 - utils.logger2026-03-03-19.25.18 - INFO - saving the model at the end of epoch 13, iters 364
2026-03-03 19:25:59,768 - utils.logger2026-03-03-19.25.18 - INFO - End of training epoch 13 / 40 	 Time Taken: 2 sec
2026-03-03 19:25:59,769 - utils.logger2026-03-03-19.25.18 - INFO - learning rate = 0.0002000
2026-03-03 19:26:00,230 - utils.logger2026-03-03-19.25.18 - INFO - Val result of epoch 13 / 40 acc 0.7679 MAE 0.6784 f1 0.7850
2026-03-03 19:26:00,639 - utils.logger2026-03-03-19.25.18 - INFO - Tst result of epoch 13 / 40 acc 0.7679 MAE 0.6784 f1 0.7850
2026-03-03 19:26:01,323 - utils.logger2026-03-03-19.25.18 - INFO - Cur epoch 14 loss TA:0.6373 TV:0.6399 VA:1.2813 CE:0.6695
2026-03-03 19:26:01,847 - utils.logger2026-03-03-19.25.18 - INFO - Cur epoch 14 loss TA:0.6389 TV:0.6538 VA:1.3044 CE:0.5881
2026-03-03 19:26:02,447 - utils.logger2026-03-03-19.25.18 - INFO - Cur epoch 14 loss TA:0.6753 TV:0.6542 VA:1.3456 CE:0.6113
2026-03-03 19:26:02,628 - utils.logger2026-03-03-19.25.18 - INFO - saving the model at the end of epoch 14, iters 392
2026-03-03 19:26:02,717 - utils.logger2026-03-03-19.25.18 - INFO - End of training epoch 14 / 40 	 Time Taken: 2 sec
2026-03-03 19:26:02,717 - utils.logger2026-03-03-19.25.18 - INFO - learning rate = 0.0002000
2026-03-03 19:26:03,175 - utils.logger2026-03-03-19.25.18 - INFO - Val result of epoch 14 / 40 acc 0.7634 MAE 0.6827 f1 0.7756
2026-03-03 19:26:03,661 - utils.logger2026-03-03-19.25.18 - INFO - Tst result of epoch 14 / 40 acc 0.7634 MAE 0.6827 f1 0.7756
2026-03-03 19:26:04,480 - utils.logger2026-03-03-19.25.18 - INFO - Cur epoch 15 loss TA:0.6072 TV:0.6107 VA:1.2432 CE:0.5279
2026-03-03 19:26:05,130 - utils.logger2026-03-03-19.25.18 - INFO - Cur epoch 15 loss TA:0.6102 TV:0.6273 VA:1.2940 CE:0.6106
2026-03-03 19:26:05,799 - utils.logger2026-03-03-19.25.18 - INFO - Cur epoch 15 loss TA:0.3904 TV:0.3975 VA:0.7902 CE:0.5981
2026-03-03 19:26:05,863 - utils.logger2026-03-03-19.25.18 - INFO - saving the model at the end of epoch 15, iters 420
2026-03-03 19:26:05,949 - utils.logger2026-03-03-19.25.18 - INFO - End of training epoch 15 / 40 	 Time Taken: 2 sec
2026-03-03 19:26:05,949 - utils.logger2026-03-03-19.25.18 - INFO - learning rate = 0.0002000
2026-03-03 19:26:06,460 - utils.logger2026-03-03-19.25.18 - INFO - Val result of epoch 15 / 40 acc 0.7188 MAE 0.6736 f1 0.7446
2026-03-03 19:26:06,960 - utils.logger2026-03-03-19.25.18 - INFO - Tst result of epoch 15 / 40 acc 0.7188 MAE 0.6736 f1 0.7446
2026-03-03 19:26:07,998 - utils.logger2026-03-03-19.25.18 - INFO - Cur epoch 16 loss TA:0.5819 TV:0.6017 VA:1.1797 CE:0.6847
2026-03-03 19:26:08,622 - utils.logger2026-03-03-19.25.18 - INFO - Cur epoch 16 loss TA:0.5864 TV:0.6368 VA:1.2399 CE:0.6170
2026-03-03 19:26:09,265 - utils.logger2026-03-03-19.25.18 - INFO - saving the model at the end of epoch 16, iters 448
2026-03-03 19:26:09,358 - utils.logger2026-03-03-19.25.18 - INFO - End of training epoch 16 / 40 	 Time Taken: 2 sec
2026-03-03 19:26:09,358 - utils.logger2026-03-03-19.25.18 - INFO - learning rate = 0.0002000
2026-03-03 19:26:09,871 - utils.logger2026-03-03-19.25.18 - INFO - Val result of epoch 16 / 40 acc 0.7589 MAE 0.6692 f1 0.7714
2026-03-03 19:26:10,335 - utils.logger2026-03-03-19.25.18 - INFO - Tst result of epoch 16 / 40 acc 0.7589 MAE 0.6692 f1 0.7714
2026-03-03 19:26:10,906 - utils.logger2026-03-03-19.25.18 - INFO - Cur epoch 17 loss TA:0.5860 TV:0.6047 VA:1.2115 CE:0.5565
2026-03-03 19:26:11,631 - utils.logger2026-03-03-19.25.18 - INFO - Cur epoch 17 loss TA:0.5658 TV:0.5875 VA:1.1761 CE:0.5129
2026-03-03 19:26:12,239 - utils.logger2026-03-03-19.25.18 - INFO - Cur epoch 17 loss TA:0.5968 TV:0.6120 VA:1.2103 CE:0.4793
2026-03-03 19:26:12,622 - utils.logger2026-03-03-19.25.18 - INFO - saving the model at the end of epoch 17, iters 476
2026-03-03 19:26:12,705 - utils.logger2026-03-03-19.25.18 - INFO - End of training epoch 17 / 40 	 Time Taken: 2 sec
2026-03-03 19:26:12,705 - utils.logger2026-03-03-19.25.18 - INFO - learning rate = 0.0002000
2026-03-03 19:26:13,153 - utils.logger2026-03-03-19.25.18 - INFO - Val result of epoch 17 / 40 acc 0.7188 MAE 0.6750 f1 0.7349
2026-03-03 19:26:13,642 - utils.logger2026-03-03-19.25.18 - INFO - Tst result of epoch 17 / 40 acc 0.7188 MAE 0.6750 f1 0.7349
2026-03-03 19:26:14,288 - utils.logger2026-03-03-19.25.18 - INFO - Cur epoch 18 loss TA:0.5636 TV:0.5754 VA:1.1765 CE:0.3631
2026-03-03 19:26:14,933 - utils.logger2026-03-03-19.25.18 - INFO - Cur epoch 18 loss TA:0.5471 TV:0.5750 VA:1.1792 CE:0.3117
2026-03-03 19:26:15,591 - utils.logger2026-03-03-19.25.18 - INFO - Cur epoch 18 loss TA:0.5682 TV:0.5924 VA:1.1701 CE:0.5377
2026-03-03 19:26:15,920 - utils.logger2026-03-03-19.25.18 - INFO - saving the model at the end of epoch 18, iters 504
2026-03-03 19:26:16,001 - utils.logger2026-03-03-19.25.18 - INFO - End of training epoch 18 / 40 	 Time Taken: 2 sec
2026-03-03 19:26:16,002 - utils.logger2026-03-03-19.25.18 - INFO - learning rate = 0.0002000
2026-03-03 19:26:16,485 - utils.logger2026-03-03-19.25.18 - INFO - Val result of epoch 18 / 40 acc 0.7545 MAE 0.6676 f1 0.7711
2026-03-03 19:26:16,934 - utils.logger2026-03-03-19.25.18 - INFO - Tst result of epoch 18 / 40 acc 0.7545 MAE 0.6676 f1 0.7711
2026-03-03 19:26:17,770 - utils.logger2026-03-03-19.25.18 - INFO - Cur epoch 19 loss TA:0.5984 TV:0.5912 VA:1.2159 CE:0.3784
2026-03-03 19:26:18,363 - utils.logger2026-03-03-19.25.18 - INFO - Cur epoch 19 loss TA:0.5716 TV:0.5989 VA:1.2064 CE:0.3434
2026-03-03 19:26:19,028 - utils.logger2026-03-03-19.25.18 - INFO - Cur epoch 19 loss TA:0.5631 TV:0.5682 VA:1.1570 CE:0.2715
2026-03-03 19:26:19,224 - utils.logger2026-03-03-19.25.18 - INFO - saving the model at the end of epoch 19, iters 532
2026-03-03 19:26:19,318 - utils.logger2026-03-03-19.25.18 - INFO - End of training epoch 19 / 40 	 Time Taken: 2 sec
2026-03-03 19:26:19,319 - utils.logger2026-03-03-19.25.18 - INFO - learning rate = 0.0002000
2026-03-03 19:26:19,804 - utils.logger2026-03-03-19.25.18 - INFO - Val result of epoch 19 / 40 acc 0.7455 MAE 0.6677 f1 0.7569
2026-03-03 19:26:20,264 - utils.logger2026-03-03-19.25.18 - INFO - Tst result of epoch 19 / 40 acc 0.7455 MAE 0.6677 f1 0.7569
2026-03-03 19:26:21,201 - utils.logger2026-03-03-19.25.18 - INFO - Cur epoch 20 loss TA:0.5446 TV:0.5547 VA:1.1427 CE:0.4180
2026-03-03 19:26:21,883 - utils.logger2026-03-03-19.25.18 - INFO - Cur epoch 20 loss TA:0.5393 TV:0.5555 VA:1.1296 CE:0.4315
2026-03-03 19:26:22,591 - utils.logger2026-03-03-19.25.18 - INFO - Cur epoch 20 loss TA:0.2837 TV:0.2828 VA:0.5606 CE:0.2575
2026-03-03 19:26:22,664 - utils.logger2026-03-03-19.25.18 - INFO - saving the model at the end of epoch 20, iters 560
2026-03-03 19:26:22,749 - utils.logger2026-03-03-19.25.18 - INFO - End of training epoch 20 / 40 	 Time Taken: 2 sec
2026-03-03 19:26:22,750 - utils.logger2026-03-03-19.25.18 - INFO - learning rate = 0.0002000
2026-03-03 19:26:23,251 - utils.logger2026-03-03-19.25.18 - INFO - Val result of epoch 20 / 40 acc 0.7455 MAE 0.6760 f1 0.7663
2026-03-03 19:26:23,771 - utils.logger2026-03-03-19.25.18 - INFO - Tst result of epoch 20 / 40 acc 0.7455 MAE 0.6760 f1 0.7663
2026-03-03 19:26:24,758 - utils.logger2026-03-03-19.25.18 - INFO - Cur epoch 21 loss TA:0.5523 TV:0.5481 VA:1.1062 CE:0.2267
2026-03-03 19:26:25,372 - utils.logger2026-03-03-19.25.18 - INFO - Cur epoch 21 loss TA:0.5357 TV:0.5427 VA:1.0972 CE:0.3339
2026-03-03 19:26:25,925 - utils.logger2026-03-03-19.25.18 - INFO - saving the model at the end of epoch 21, iters 588
2026-03-03 19:26:26,012 - utils.logger2026-03-03-19.25.18 - INFO - End of training epoch 21 / 40 	 Time Taken: 2 sec
2026-03-03 19:26:26,012 - utils.logger2026-03-03-19.25.18 - INFO - learning rate = 0.0002000
2026-03-03 19:26:26,533 - utils.logger2026-03-03-19.25.18 - INFO - Val result of epoch 21 / 40 acc 0.7411 MAE 0.6821 f1 0.7616
2026-03-03 19:26:27,057 - utils.logger2026-03-03-19.25.18 - INFO - Tst result of epoch 21 / 40 acc 0.7411 MAE 0.6821 f1 0.7616
2026-03-03 19:26:27,560 - utils.logger2026-03-03-19.25.18 - INFO - Cur epoch 22 loss TA:0.5539 TV:0.5468 VA:1.1493 CE:0.4122
2026-03-03 19:26:28,177 - utils.logger2026-03-03-19.25.18 - INFO - Cur epoch 22 loss TA:0.5567 TV:0.5708 VA:1.1043 CE:0.2827
2026-03-03 19:26:28,795 - utils.logger2026-03-03-19.25.18 - INFO - Cur epoch 22 loss TA:0.5820 TV:0.5919 VA:1.1515 CE:0.3119
2026-03-03 19:26:29,248 - utils.logger2026-03-03-19.25.18 - INFO - saving the model at the end of epoch 22, iters 616
2026-03-03 19:26:29,336 - utils.logger2026-03-03-19.25.18 - INFO - End of training epoch 22 / 40 	 Time Taken: 2 sec
2026-03-03 19:26:29,336 - utils.logger2026-03-03-19.25.18 - INFO - learning rate = 0.0002000
2026-03-03 19:26:29,898 - utils.logger2026-03-03-19.25.18 - INFO - Val result of epoch 22 / 40 acc 0.7188 MAE 0.6667 f1 0.7434
2026-03-03 19:26:30,354 - utils.logger2026-03-03-19.25.18 - INFO - Tst result of epoch 22 / 40 acc 0.7188 MAE 0.6667 f1 0.7434
2026-03-03 19:26:30,984 - utils.logger2026-03-03-19.25.18 - INFO - Cur epoch 23 loss TA:0.5386 TV:0.5363 VA:1.0888 CE:0.2427
2026-03-03 19:26:31,695 - utils.logger2026-03-03-19.25.18 - INFO - Cur epoch 23 loss TA:0.5308 TV:0.5368 VA:1.0810 CE:0.4050
2026-03-03 19:26:32,374 - utils.logger2026-03-03-19.25.18 - INFO - Cur epoch 23 loss TA:0.5254 TV:0.5481 VA:1.0907 CE:0.2807
2026-03-03 19:26:32,703 - utils.logger2026-03-03-19.25.18 - INFO - saving the model at the end of epoch 23, iters 644
2026-03-03 19:26:32,808 - utils.logger2026-03-03-19.25.18 - INFO - End of training epoch 23 / 40 	 Time Taken: 2 sec
2026-03-03 19:26:32,809 - utils.logger2026-03-03-19.25.18 - INFO - learning rate = 0.0002000
2026-03-03 19:26:33,329 - utils.logger2026-03-03-19.25.18 - INFO - Val result of epoch 23 / 40 acc 0.7277 MAE 0.6794 f1 0.7476
2026-03-03 19:26:33,802 - utils.logger2026-03-03-19.25.18 - INFO - Tst result of epoch 23 / 40 acc 0.7277 MAE 0.6794 f1 0.7476
2026-03-03 19:26:34,463 - utils.logger2026-03-03-19.25.18 - INFO - Cur epoch 24 loss TA:0.5361 TV:0.5224 VA:1.0661 CE:0.3858
2026-03-03 19:26:35,095 - utils.logger2026-03-03-19.25.18 - INFO - Cur epoch 24 loss TA:0.5330 TV:0.5324 VA:1.0667 CE:0.2588
2026-03-03 19:26:35,667 - utils.logger2026-03-03-19.25.18 - INFO - Cur epoch 24 loss TA:0.5540 TV:0.5702 VA:1.1136 CE:0.2867
2026-03-03 19:26:35,826 - utils.logger2026-03-03-19.25.18 - INFO - saving the model at the end of epoch 24, iters 672
2026-03-03 19:26:35,902 - utils.logger2026-03-03-19.25.18 - INFO - End of training epoch 24 / 40 	 Time Taken: 2 sec
2026-03-03 19:26:35,903 - utils.logger2026-03-03-19.25.18 - INFO - learning rate = 0.0002000
2026-03-03 19:26:36,343 - utils.logger2026-03-03-19.25.18 - INFO - Val result of epoch 24 / 40 acc 0.7411 MAE 0.6699 f1 0.7523
2026-03-03 19:26:36,824 - utils.logger2026-03-03-19.25.18 - INFO - Tst result of epoch 24 / 40 acc 0.7411 MAE 0.6699 f1 0.7523
2026-03-03 19:26:37,581 - utils.logger2026-03-03-19.25.18 - INFO - Cur epoch 25 loss TA:0.5273 TV:0.5328 VA:1.0723 CE:0.2404
2026-03-03 19:26:38,172 - utils.logger2026-03-03-19.25.18 - INFO - Cur epoch 25 loss TA:0.5199 TV:0.5381 VA:1.0584 CE:0.3082
2026-03-03 19:26:38,790 - utils.logger2026-03-03-19.25.18 - INFO - Cur epoch 25 loss TA:0.2148 TV:0.2189 VA:0.4688 CE:0.3248
2026-03-03 19:26:38,843 - utils.logger2026-03-03-19.25.18 - INFO - saving the model at the end of epoch 25, iters 700
2026-03-03 19:26:38,928 - utils.logger2026-03-03-19.25.18 - INFO - End of training epoch 25 / 40 	 Time Taken: 2 sec
2026-03-03 19:26:38,928 - utils.logger2026-03-03-19.25.18 - INFO - learning rate = 0.0002000
2026-03-03 19:26:39,331 - utils.logger2026-03-03-19.25.18 - INFO - Val result of epoch 25 / 40 acc 0.7545 MAE 0.6707 f1 0.7663
2026-03-03 19:26:39,829 - utils.logger2026-03-03-19.25.18 - INFO - Tst result of epoch 25 / 40 acc 0.7545 MAE 0.6707 f1 0.7663
2026-03-03 19:26:40,681 - utils.logger2026-03-03-19.25.18 - INFO - Cur epoch 26 loss TA:0.5270 TV:0.5236 VA:1.0295 CE:0.3266
2026-03-03 19:26:41,259 - utils.logger2026-03-03-19.25.18 - INFO - Cur epoch 26 loss TA:0.5396 TV:0.5508 VA:1.1245 CE:0.2828
2026-03-03 19:26:41,759 - utils.logger2026-03-03-19.25.18 - INFO - saving the model at the end of epoch 26, iters 728
2026-03-03 19:26:41,834 - utils.logger2026-03-03-19.25.18 - INFO - End of training epoch 26 / 40 	 Time Taken: 2 sec
2026-03-03 19:26:41,834 - utils.logger2026-03-03-19.25.18 - INFO - learning rate = 0.0002000
2026-03-03 19:26:42,315 - utils.logger2026-03-03-19.25.18 - INFO - Val result of epoch 26 / 40 acc 0.7411 MAE 0.6681 f1 0.7572
2026-03-03 19:26:42,726 - utils.logger2026-03-03-19.25.18 - INFO - Tst result of epoch 26 / 40 acc 0.7411 MAE 0.6681 f1 0.7572
2026-03-03 19:26:43,139 - utils.logger2026-03-03-19.25.18 - INFO - Cur epoch 27 loss TA:0.5046 TV:0.5011 VA:0.9795 CE:0.2328
2026-03-03 19:26:43,658 - utils.logger2026-03-03-19.25.18 - INFO - Cur epoch 27 loss TA:0.5325 TV:0.5499 VA:1.0814 CE:0.2452
2026-03-03 19:26:44,227 - utils.logger2026-03-03-19.25.18 - INFO - Cur epoch 27 loss TA:0.5266 TV:0.5278 VA:1.0496 CE:0.3356
2026-03-03 19:26:44,584 - utils.logger2026-03-03-19.25.18 - INFO - saving the model at the end of epoch 27, iters 756
2026-03-03 19:26:44,661 - utils.logger2026-03-03-19.25.18 - INFO - End of training epoch 27 / 40 	 Time Taken: 1 sec
2026-03-03 19:26:44,662 - utils.logger2026-03-03-19.25.18 - INFO - learning rate = 0.0002000
2026-03-03 19:26:45,120 - utils.logger2026-03-03-19.25.18 - INFO - Val result of epoch 27 / 40 acc 0.7411 MAE 0.6729 f1 0.7523
2026-03-03 19:26:45,532 - utils.logger2026-03-03-19.25.18 - INFO - Tst result of epoch 27 / 40 acc 0.7411 MAE 0.6729 f1 0.7523
2026-03-03 19:26:46,109 - utils.logger2026-03-03-19.25.18 - INFO - Cur epoch 28 loss TA:0.5237 TV:0.5174 VA:1.0050 CE:0.2588
2026-03-03 19:26:46,654 - utils.logger2026-03-03-19.25.18 - INFO - Cur epoch 28 loss TA:0.5213 TV:0.5242 VA:1.0374 CE:0.2533
2026-03-03 19:26:47,188 - utils.logger2026-03-03-19.25.18 - INFO - Cur epoch 28 loss TA:0.5259 TV:0.5328 VA:1.0346 CE:0.2562
2026-03-03 19:26:47,447 - utils.logger2026-03-03-19.25.18 - INFO - saving the model at the end of epoch 28, iters 784
2026-03-03 19:26:47,521 - utils.logger2026-03-03-19.25.18 - INFO - End of training epoch 28 / 40 	 Time Taken: 1 sec
2026-03-03 19:26:47,521 - utils.logger2026-03-03-19.25.18 - INFO - learning rate = 0.0002000
2026-03-03 19:26:47,940 - utils.logger2026-03-03-19.25.18 - INFO - Val result of epoch 28 / 40 acc 0.7411 MAE 0.6717 f1 0.7569
2026-03-03 19:26:48,431 - utils.logger2026-03-03-19.25.18 - INFO - Tst result of epoch 28 / 40 acc 0.7411 MAE 0.6717 f1 0.7569
2026-03-03 19:26:49,093 - utils.logger2026-03-03-19.25.18 - INFO - Cur epoch 29 loss TA:0.5073 TV:0.5138 VA:1.0512 CE:0.2346
2026-03-03 19:26:49,676 - utils.logger2026-03-03-19.25.18 - INFO - Cur epoch 29 loss TA:0.5195 TV:0.5336 VA:1.0748 CE:0.3044
2026-03-03 19:26:50,239 - utils.logger2026-03-03-19.25.18 - INFO - Cur epoch 29 loss TA:0.5252 TV:0.5387 VA:1.0664 CE:0.2539
2026-03-03 19:26:50,393 - utils.logger2026-03-03-19.25.18 - INFO - saving the model at the end of epoch 29, iters 812
2026-03-03 19:26:50,469 - utils.logger2026-03-03-19.25.18 - INFO - End of training epoch 29 / 40 	 Time Taken: 2 sec
2026-03-03 19:26:50,469 - utils.logger2026-03-03-19.25.18 - INFO - learning rate = 0.0002000
2026-03-03 19:26:50,923 - utils.logger2026-03-03-19.25.18 - INFO - Val result of epoch 29 / 40 acc 0.7411 MAE 0.6777 f1 0.7616
2026-03-03 19:26:51,323 - utils.logger2026-03-03-19.25.18 - INFO - Tst result of epoch 29 / 40 acc 0.7411 MAE 0.6777 f1 0.7616
2026-03-03 19:26:52,046 - utils.logger2026-03-03-19.25.18 - INFO - Cur epoch 30 loss TA:0.4996 TV:0.4998 VA:0.9771 CE:0.3045
2026-03-03 19:26:52,647 - utils.logger2026-03-03-19.25.18 - INFO - Cur epoch 30 loss TA:0.5135 TV:0.5237 VA:1.0299 CE:0.2806
2026-03-03 19:26:53,216 - utils.logger2026-03-03-19.25.18 - INFO - Cur epoch 30 loss TA:0.2418 TV:0.2602 VA:0.4985 CE:0.2587
2026-03-03 19:26:53,272 - utils.logger2026-03-03-19.25.18 - INFO - saving the model at the end of epoch 30, iters 840
2026-03-03 19:26:53,350 - utils.logger2026-03-03-19.25.18 - INFO - End of training epoch 30 / 40 	 Time Taken: 2 sec
2026-03-03 19:26:53,351 - utils.logger2026-03-03-19.25.18 - INFO - learning rate = 0.0001818
2026-03-03 19:26:53,842 - utils.logger2026-03-03-19.25.18 - INFO - Val result of epoch 30 / 40 acc 0.7366 MAE 0.6778 f1 0.7570
2026-03-03 19:26:54,320 - utils.logger2026-03-03-19.25.18 - INFO - Tst result of epoch 30 / 40 acc 0.7366 MAE 0.6778 f1 0.7570
2026-03-03 19:26:55,183 - utils.logger2026-03-03-19.25.18 - INFO - Cur epoch 31 loss TA:0.4934 TV:0.4925 VA:0.9783 CE:0.2164
2026-03-03 19:26:55,828 - utils.logger2026-03-03-19.25.18 - INFO - Cur epoch 31 loss TA:0.4911 TV:0.5023 VA:1.0180 CE:0.2639
2026-03-03 19:26:56,381 - utils.logger2026-03-03-19.25.18 - INFO - saving the model at the end of epoch 31, iters 868
2026-03-03 19:26:56,458 - utils.logger2026-03-03-19.25.18 - INFO - End of training epoch 31 / 40 	 Time Taken: 2 sec
2026-03-03 19:26:56,458 - utils.logger2026-03-03-19.25.18 - INFO - learning rate = 0.0001636
2026-03-03 19:26:56,935 - utils.logger2026-03-03-19.25.18 - INFO - Val result of epoch 31 / 40 acc 0.7188 MAE 0.6743 f1 0.7432
2026-03-03 19:26:57,418 - utils.logger2026-03-03-19.25.18 - INFO - Tst result of epoch 31 / 40 acc 0.7188 MAE 0.6743 f1 0.7432
2026-03-03 19:26:57,826 - utils.logger2026-03-03-19.25.18 - INFO - Cur epoch 32 loss TA:0.5249 TV:0.5235 VA:1.0285 CE:0.1788
2026-03-03 19:26:58,353 - utils.logger2026-03-03-19.25.18 - INFO - Cur epoch 32 loss TA:0.4993 TV:0.5093 VA:1.0227 CE:0.2677
2026-03-03 19:26:58,877 - utils.logger2026-03-03-19.25.18 - INFO - Cur epoch 32 loss TA:0.5150 TV:0.5297 VA:1.0506 CE:0.2573
2026-03-03 19:26:59,281 - utils.logger2026-03-03-19.25.18 - INFO - saving the model at the end of epoch 32, iters 896
2026-03-03 19:26:59,369 - utils.logger2026-03-03-19.25.18 - INFO - End of training epoch 32 / 40 	 Time Taken: 1 sec
2026-03-03 19:26:59,369 - utils.logger2026-03-03-19.25.18 - INFO - learning rate = 0.0001455
2026-03-03 19:26:59,834 - utils.logger2026-03-03-19.25.18 - INFO - Val result of epoch 32 / 40 acc 0.7321 MAE 0.6746 f1 0.7525
2026-03-03 19:27:00,319 - utils.logger2026-03-03-19.25.18 - INFO - Tst result of epoch 32 / 40 acc 0.7321 MAE 0.6746 f1 0.7525
2026-03-03 19:27:00,864 - utils.logger2026-03-03-19.25.18 - INFO - Cur epoch 33 loss TA:0.4894 TV:0.4956 VA:0.9823 CE:0.1928
2026-03-03 19:27:01,425 - utils.logger2026-03-03-19.25.18 - INFO - Cur epoch 33 loss TA:0.5145 TV:0.5221 VA:1.0342 CE:0.3002
2026-03-03 19:27:01,978 - utils.logger2026-03-03-19.25.18 - INFO - Cur epoch 33 loss TA:0.4880 TV:0.5016 VA:0.9956 CE:0.2988
2026-03-03 19:27:02,240 - utils.logger2026-03-03-19.25.18 - INFO - saving the model at the end of epoch 33, iters 924
2026-03-03 19:27:02,316 - utils.logger2026-03-03-19.25.18 - INFO - End of training epoch 33 / 40 	 Time Taken: 1 sec
2026-03-03 19:27:02,317 - utils.logger2026-03-03-19.25.18 - INFO - learning rate = 0.0001273
2026-03-03 19:27:02,729 - utils.logger2026-03-03-19.25.18 - INFO - Val result of epoch 33 / 40 acc 0.7455 MAE 0.6755 f1 0.7616
2026-03-03 19:27:03,201 - utils.logger2026-03-03-19.25.18 - INFO - Tst result of epoch 33 / 40 acc 0.7455 MAE 0.6755 f1 0.7616
2026-03-03 19:27:03,892 - utils.logger2026-03-03-19.25.18 - INFO - Cur epoch 34 loss TA:0.4952 TV:0.4978 VA:0.9984 CE:0.1644
2026-03-03 19:27:04,496 - utils.logger2026-03-03-19.25.18 - INFO - Cur epoch 34 loss TA:0.4774 TV:0.4825 VA:0.9700 CE:0.2221
2026-03-03 19:27:05,137 - utils.logger2026-03-03-19.25.18 - INFO - Cur epoch 34 loss TA:0.4927 TV:0.5025 VA:1.0066 CE:0.1455
2026-03-03 19:27:05,323 - utils.logger2026-03-03-19.25.18 - INFO - saving the model at the end of epoch 34, iters 952
2026-03-03 19:27:05,399 - utils.logger2026-03-03-19.25.18 - INFO - End of training epoch 34 / 40 	 Time Taken: 2 sec
2026-03-03 19:27:05,399 - utils.logger2026-03-03-19.25.18 - INFO - learning rate = 0.0001091
2026-03-03 19:27:05,841 - utils.logger2026-03-03-19.25.18 - INFO - Val result of epoch 34 / 40 acc 0.7277 MAE 0.6753 f1 0.7429
2026-03-03 19:27:06,327 - utils.logger2026-03-03-19.25.18 - INFO - Tst result of epoch 34 / 40 acc 0.7277 MAE 0.6753 f1 0.7429
2026-03-03 19:27:07,173 - utils.logger2026-03-03-19.25.18 - INFO - Cur epoch 35 loss TA:0.5031 TV:0.5081 VA:1.0071 CE:0.3621
2026-03-03 19:27:07,844 - utils.logger2026-03-03-19.25.18 - INFO - Cur epoch 35 loss TA:0.4974 TV:0.4899 VA:1.0055 CE:0.1790
2026-03-03 19:27:08,525 - utils.logger2026-03-03-19.25.18 - INFO - Cur epoch 35 loss TA:0.1986 TV:0.2020 VA:0.3814 CE:0.2078
2026-03-03 19:27:08,597 - utils.logger2026-03-03-19.25.18 - INFO - saving the model at the end of epoch 35, iters 980
2026-03-03 19:27:08,686 - utils.logger2026-03-03-19.25.18 - INFO - End of training epoch 35 / 40 	 Time Taken: 2 sec
2026-03-03 19:27:08,686 - utils.logger2026-03-03-19.25.18 - INFO - learning rate = 0.0000909
2026-03-03 19:27:09,145 - utils.logger2026-03-03-19.25.18 - INFO - Val result of epoch 35 / 40 acc 0.7321 MAE 0.6789 f1 0.7522
2026-03-03 19:27:09,679 - utils.logger2026-03-03-19.25.18 - INFO - Tst result of epoch 35 / 40 acc 0.7321 MAE 0.6789 f1 0.7522
2026-03-03 19:27:10,699 - utils.logger2026-03-03-19.25.18 - INFO - Cur epoch 36 loss TA:0.4897 TV:0.4887 VA:0.9823 CE:0.1818
2026-03-03 19:27:11,382 - utils.logger2026-03-03-19.25.18 - INFO - Cur epoch 36 loss TA:0.4955 TV:0.5050 VA:1.0032 CE:0.2228
2026-03-03 19:27:11,968 - utils.logger2026-03-03-19.25.18 - INFO - saving the model at the end of epoch 36, iters 1008
2026-03-03 19:27:12,059 - utils.logger2026-03-03-19.25.18 - INFO - End of training epoch 36 / 40 	 Time Taken: 2 sec
2026-03-03 19:27:12,060 - utils.logger2026-03-03-19.25.18 - INFO - learning rate = 0.0000727
2026-03-03 19:27:12,551 - utils.logger2026-03-03-19.25.18 - INFO - Val result of epoch 36 / 40 acc 0.7321 MAE 0.6806 f1 0.7522
2026-03-03 19:27:13,055 - utils.logger2026-03-03-19.25.18 - INFO - Tst result of epoch 36 / 40 acc 0.7321 MAE 0.6806 f1 0.7522
2026-03-03 19:27:13,552 - utils.logger2026-03-03-19.25.18 - INFO - Cur epoch 37 loss TA:0.4882 TV:0.4908 VA:0.9801 CE:0.1610
2026-03-03 19:27:14,209 - utils.logger2026-03-03-19.25.18 - INFO - Cur epoch 37 loss TA:0.4855 TV:0.4928 VA:0.9667 CE:0.2565
2026-03-03 19:27:14,933 - utils.logger2026-03-03-19.25.18 - INFO - Cur epoch 37 loss TA:0.4958 TV:0.4927 VA:0.9915 CE:0.2284
2026-03-03 19:27:15,392 - utils.logger2026-03-03-19.25.18 - INFO - saving the model at the end of epoch 37, iters 1036
2026-03-03 19:27:15,485 - utils.logger2026-03-03-19.25.18 - INFO - End of training epoch 37 / 40 	 Time Taken: 2 sec
2026-03-03 19:27:15,485 - utils.logger2026-03-03-19.25.18 - INFO - learning rate = 0.0000545
2026-03-03 19:27:15,952 - utils.logger2026-03-03-19.25.18 - INFO - Val result of epoch 37 / 40 acc 0.7321 MAE 0.6778 f1 0.7522
2026-03-03 19:27:16,470 - utils.logger2026-03-03-19.25.18 - INFO - Tst result of epoch 37 / 40 acc 0.7321 MAE 0.6778 f1 0.7522
2026-03-03 19:27:17,125 - utils.logger2026-03-03-19.25.18 - INFO - Cur epoch 38 loss TA:0.4927 TV:0.4936 VA:0.9876 CE:0.1725
2026-03-03 19:27:17,795 - utils.logger2026-03-03-19.25.18 - INFO - Cur epoch 38 loss TA:0.4886 TV:0.4785 VA:0.9610 CE:0.1850
2026-03-03 19:27:18,447 - utils.logger2026-03-03-19.25.18 - INFO - Cur epoch 38 loss TA:0.4730 TV:0.4725 VA:0.9644 CE:0.2062
2026-03-03 19:27:18,780 - utils.logger2026-03-03-19.25.18 - INFO - saving the model at the end of epoch 38, iters 1064
2026-03-03 19:27:18,873 - utils.logger2026-03-03-19.25.18 - INFO - End of training epoch 38 / 40 	 Time Taken: 2 sec
2026-03-03 19:27:18,873 - utils.logger2026-03-03-19.25.18 - INFO - learning rate = 0.0000364
2026-03-03 19:27:19,347 - utils.logger2026-03-03-19.25.18 - INFO - Val result of epoch 38 / 40 acc 0.7411 MAE 0.6772 f1 0.7616
2026-03-03 19:27:19,876 - utils.logger2026-03-03-19.25.18 - INFO - Tst result of epoch 38 / 40 acc 0.7411 MAE 0.6772 f1 0.7616
2026-03-03 19:27:20,676 - utils.logger2026-03-03-19.25.18 - INFO - Cur epoch 39 loss TA:0.4923 TV:0.4907 VA:0.9746 CE:0.1876
2026-03-03 19:27:21,288 - utils.logger2026-03-03-19.25.18 - INFO - Cur epoch 39 loss TA:0.4688 TV:0.4736 VA:0.9565 CE:0.1670
2026-03-03 19:27:21,908 - utils.logger2026-03-03-19.25.18 - INFO - Cur epoch 39 loss TA:0.4874 TV:0.4812 VA:0.9764 CE:0.1981
2026-03-03 19:27:22,086 - utils.logger2026-03-03-19.25.18 - INFO - saving the model at the end of epoch 39, iters 1092
2026-03-03 19:27:22,167 - utils.logger2026-03-03-19.25.18 - INFO - End of training epoch 39 / 40 	 Time Taken: 2 sec
2026-03-03 19:27:22,168 - utils.logger2026-03-03-19.25.18 - INFO - learning rate = 0.0000182
2026-03-03 19:27:22,662 - utils.logger2026-03-03-19.25.18 - INFO - Val result of epoch 39 / 40 acc 0.7411 MAE 0.6768 f1 0.7616
2026-03-03 19:27:23,186 - utils.logger2026-03-03-19.25.18 - INFO - Tst result of epoch 39 / 40 acc 0.7411 MAE 0.6768 f1 0.7616
2026-03-03 19:27:24,025 - utils.logger2026-03-03-19.25.18 - INFO - Cur epoch 40 loss TA:0.4817 TV:0.4876 VA:0.9836 CE:0.2085
2026-03-03 19:27:24,716 - utils.logger2026-03-03-19.25.18 - INFO - Cur epoch 40 loss TA:0.4929 TV:0.4942 VA:0.9887 CE:0.1856
2026-03-03 19:27:25,389 - utils.logger2026-03-03-19.25.18 - INFO - Cur epoch 40 loss TA:0.2052 TV:0.2185 VA:0.4158 CE:0.0809
2026-03-03 19:27:25,460 - utils.logger2026-03-03-19.25.18 - INFO - saving the model at the end of epoch 40, iters 1120
2026-03-03 19:27:25,543 - utils.logger2026-03-03-19.25.18 - INFO - End of training epoch 40 / 40 	 Time Taken: 2 sec
2026-03-03 19:27:25,543 - utils.logger2026-03-03-19.25.18 - INFO - learning rate = 0.0000000
2026-03-03 19:27:26,062 - utils.logger2026-03-03-19.25.18 - INFO - Val result of epoch 40 / 40 acc 0.7455 MAE 0.6756 f1 0.7662
2026-03-03 19:27:26,581 - utils.logger2026-03-03-19.25.18 - INFO - Tst result of epoch 40 / 40 acc 0.7455 MAE 0.6756 f1 0.7662
2026-03-03 19:27:26,581 - utils.logger2026-03-03-19.25.18 - INFO - Best eval epoch 10 found with f1 0.813953
