2025-11-30 10:32:01,648 - utils.logger2025-11-30-10.32.01 - INFO - The number of training samples = 1750
2025-11-30 10:32:02,927 - utils.logger2025-11-30-10.32.01 - INFO - Cur epoch 1 loss TA:1.0363 TV:1.0364 VA:2.0754 CE:3.8388
2025-11-30 10:32:03,326 - utils.logger2025-11-30-10.32.01 - INFO - Cur epoch 1 loss TA:1.0324 TV:1.0328 VA:2.0709 CE:2.9086
2025-11-30 10:32:03,666 - utils.logger2025-11-30-10.32.01 - INFO - saving the model at the end of epoch 1, iters 28
2025-11-30 10:32:03,718 - utils.logger2025-11-30-10.32.01 - INFO - End of training epoch 1 / 40 	 Time Taken: 1 sec
2025-11-30 10:32:03,719 - utils.logger2025-11-30-10.32.01 - INFO - learning rate = 0.0002000
2025-11-30 10:32:03,994 - utils.logger2025-11-30-10.32.01 - INFO - Val result of epoch 1 / 40 acc 0.6518 MAE 0.4135 f1 0.6588
2025-11-30 10:32:04,262 - utils.logger2025-11-30-10.32.01 - INFO - Tst result of epoch 1 / 40 acc 0.6518 MAE 0.4135 f1 0.6588
2025-11-30 10:32:04,502 - utils.logger2025-11-30-10.32.01 - INFO - Cur epoch 2 loss TA:1.0318 TV:1.0295 VA:2.0646 CE:3.0699
2025-11-30 10:32:04,899 - utils.logger2025-11-30-10.32.01 - INFO - Cur epoch 2 loss TA:1.0244 TV:1.0266 VA:2.0562 CE:3.0053
2025-11-30 10:32:05,302 - utils.logger2025-11-30-10.32.01 - INFO - Cur epoch 2 loss TA:1.0133 TV:1.0222 VA:2.0569 CE:2.4250
2025-11-30 10:32:05,577 - utils.logger2025-11-30-10.32.01 - INFO - saving the model at the end of epoch 2, iters 56
2025-11-30 10:32:05,629 - utils.logger2025-11-30-10.32.01 - INFO - End of training epoch 2 / 40 	 Time Taken: 1 sec
2025-11-30 10:32:05,629 - utils.logger2025-11-30-10.32.01 - INFO - learning rate = 0.0002000
2025-11-30 10:32:05,900 - utils.logger2025-11-30-10.32.01 - INFO - Val result of epoch 2 / 40 acc 0.6473 MAE 0.5012 f1 0.6677
2025-11-30 10:32:06,165 - utils.logger2025-11-30-10.32.01 - INFO - Tst result of epoch 2 / 40 acc 0.6473 MAE 0.5012 f1 0.6677
2025-11-30 10:32:06,488 - utils.logger2025-11-30-10.32.01 - INFO - Cur epoch 3 loss TA:1.0121 TV:0.9986 VA:2.0260 CE:2.2890
2025-11-30 10:32:06,912 - utils.logger2025-11-30-10.32.01 - INFO - Cur epoch 3 loss TA:1.0051 TV:0.9927 VA:2.0199 CE:2.4297
2025-11-30 10:32:07,336 - utils.logger2025-11-30-10.32.01 - INFO - Cur epoch 3 loss TA:0.9862 TV:0.9740 VA:2.0015 CE:2.0904
2025-11-30 10:32:07,554 - utils.logger2025-11-30-10.32.01 - INFO - saving the model at the end of epoch 3, iters 84
2025-11-30 10:32:07,620 - utils.logger2025-11-30-10.32.01 - INFO - End of training epoch 3 / 40 	 Time Taken: 1 sec
2025-11-30 10:32:07,620 - utils.logger2025-11-30-10.32.01 - INFO - learning rate = 0.0002000
2025-11-30 10:32:07,940 - utils.logger2025-11-30-10.32.01 - INFO - Val result of epoch 3 / 40 acc 0.6518 MAE 0.5788 f1 0.6838
2025-11-30 10:32:08,233 - utils.logger2025-11-30-10.32.01 - INFO - Tst result of epoch 3 / 40 acc 0.6518 MAE 0.5788 f1 0.6838
2025-11-30 10:32:08,672 - utils.logger2025-11-30-10.32.01 - INFO - Cur epoch 4 loss TA:0.9624 TV:0.9599 VA:1.9506 CE:2.1719
2025-11-30 10:32:09,112 - utils.logger2025-11-30-10.32.01 - INFO - Cur epoch 4 loss TA:0.9617 TV:0.9513 VA:1.9139 CE:2.1610
2025-11-30 10:32:09,567 - utils.logger2025-11-30-10.32.01 - INFO - Cur epoch 4 loss TA:0.9381 TV:0.9198 VA:1.8744 CE:2.5697
2025-11-30 10:32:09,696 - utils.logger2025-11-30-10.32.01 - INFO - saving the model at the end of epoch 4, iters 112
2025-11-30 10:32:09,760 - utils.logger2025-11-30-10.32.01 - INFO - End of training epoch 4 / 40 	 Time Taken: 1 sec
2025-11-30 10:32:09,761 - utils.logger2025-11-30-10.32.01 - INFO - learning rate = 0.0002000
2025-11-30 10:32:10,045 - utils.logger2025-11-30-10.32.01 - INFO - Val result of epoch 4 / 40 acc 0.7009 MAE 0.6219 f1 0.7154
2025-11-30 10:32:10,319 - utils.logger2025-11-30-10.32.01 - INFO - Tst result of epoch 4 / 40 acc 0.7009 MAE 0.6219 f1 0.7154
2025-11-30 10:32:10,825 - utils.logger2025-11-30-10.32.01 - INFO - Cur epoch 5 loss TA:0.9032 TV:0.9039 VA:1.8246 CE:1.8754
2025-11-30 10:32:11,289 - utils.logger2025-11-30-10.32.01 - INFO - Cur epoch 5 loss TA:0.8970 TV:0.9107 VA:1.8143 CE:2.6105
2025-11-30 10:32:11,725 - utils.logger2025-11-30-10.32.01 - INFO - Cur epoch 5 loss TA:0.6376 TV:0.6115 VA:1.3181 CE:1.8988
2025-11-30 10:32:11,769 - utils.logger2025-11-30-10.32.01 - INFO - saving the model at the end of epoch 5, iters 140
2025-11-30 10:32:11,824 - utils.logger2025-11-30-10.32.01 - INFO - End of training epoch 5 / 40 	 Time Taken: 1 sec
2025-11-30 10:32:11,824 - utils.logger2025-11-30-10.32.01 - INFO - learning rate = 0.0002000
2025-11-30 10:32:12,149 - utils.logger2025-11-30-10.32.01 - INFO - Val result of epoch 5 / 40 acc 0.7277 MAE 0.6401 f1 0.7475
2025-11-30 10:32:12,446 - utils.logger2025-11-30-10.32.01 - INFO - Tst result of epoch 5 / 40 acc 0.7277 MAE 0.6401 f1 0.7475
2025-11-30 10:32:13,074 - utils.logger2025-11-30-10.32.01 - INFO - Cur epoch 6 loss TA:0.8554 TV:0.8731 VA:1.7135 CE:1.3563
2025-11-30 10:32:13,517 - utils.logger2025-11-30-10.32.01 - INFO - Cur epoch 6 loss TA:0.8414 TV:0.8715 VA:1.7392 CE:2.1242
2025-11-30 10:32:13,898 - utils.logger2025-11-30-10.32.01 - INFO - saving the model at the end of epoch 6, iters 168
2025-11-30 10:32:13,968 - utils.logger2025-11-30-10.32.01 - INFO - End of training epoch 6 / 40 	 Time Taken: 1 sec
2025-11-30 10:32:13,968 - utils.logger2025-11-30-10.32.01 - INFO - learning rate = 0.0002000
2025-11-30 10:32:14,297 - utils.logger2025-11-30-10.32.01 - INFO - Val result of epoch 6 / 40 acc 0.7500 MAE 0.6647 f1 0.7711
2025-11-30 10:32:14,616 - utils.logger2025-11-30-10.32.01 - INFO - Tst result of epoch 6 / 40 acc 0.7500 MAE 0.6647 f1 0.7711
2025-11-30 10:32:14,870 - utils.logger2025-11-30-10.32.01 - INFO - Cur epoch 7 loss TA:0.8246 TV:0.8555 VA:1.6749 CE:1.6839
2025-11-30 10:32:15,302 - utils.logger2025-11-30-10.32.01 - INFO - Cur epoch 7 loss TA:0.8167 TV:0.8345 VA:1.6360 CE:1.5359
2025-11-30 10:32:15,719 - utils.logger2025-11-30-10.32.01 - INFO - Cur epoch 7 loss TA:0.8311 TV:0.8380 VA:1.6537 CE:1.5472
2025-11-30 10:32:16,019 - utils.logger2025-11-30-10.32.01 - INFO - saving the model at the end of epoch 7, iters 196
2025-11-30 10:32:16,085 - utils.logger2025-11-30-10.32.01 - INFO - End of training epoch 7 / 40 	 Time Taken: 1 sec
2025-11-30 10:32:16,085 - utils.logger2025-11-30-10.32.01 - INFO - learning rate = 0.0002000
2025-11-30 10:32:16,379 - utils.logger2025-11-30-10.32.01 - INFO - Val result of epoch 7 / 40 acc 0.7723 MAE 0.6660 f1 0.7908
2025-11-30 10:32:16,669 - utils.logger2025-11-30-10.32.01 - INFO - Tst result of epoch 7 / 40 acc 0.7723 MAE 0.6660 f1 0.7908
2025-11-30 10:32:17,005 - utils.logger2025-11-30-10.32.01 - INFO - Cur epoch 8 loss TA:0.7611 TV:0.7930 VA:1.5789 CE:1.2474
2025-11-30 10:32:17,443 - utils.logger2025-11-30-10.32.01 - INFO - Cur epoch 8 loss TA:0.7730 TV:0.7655 VA:1.6139 CE:1.1988
2025-11-30 10:32:17,863 - utils.logger2025-11-30-10.32.01 - INFO - Cur epoch 8 loss TA:0.8036 TV:0.7824 VA:1.5986 CE:0.9356
2025-11-30 10:32:18,071 - utils.logger2025-11-30-10.32.01 - INFO - saving the model at the end of epoch 8, iters 224
2025-11-30 10:32:18,132 - utils.logger2025-11-30-10.32.01 - INFO - End of training epoch 8 / 40 	 Time Taken: 1 sec
2025-11-30 10:32:18,132 - utils.logger2025-11-30-10.32.01 - INFO - learning rate = 0.0002000
2025-11-30 10:32:18,462 - utils.logger2025-11-30-10.32.01 - INFO - Val result of epoch 8 / 40 acc 0.7857 MAE 0.6678 f1 0.7906
2025-11-30 10:32:18,749 - utils.logger2025-11-30-10.32.01 - INFO - Tst result of epoch 8 / 40 acc 0.7857 MAE 0.6678 f1 0.7906
2025-11-30 10:32:19,175 - utils.logger2025-11-30-10.32.01 - INFO - Cur epoch 9 loss TA:0.7316 TV:0.7412 VA:1.5391 CE:1.3373
2025-11-30 10:32:19,593 - utils.logger2025-11-30-10.32.01 - INFO - Cur epoch 9 loss TA:0.7434 TV:0.7514 VA:1.5422 CE:1.1998
2025-11-30 10:32:20,010 - utils.logger2025-11-30-10.32.01 - INFO - Cur epoch 9 loss TA:0.7484 TV:0.7700 VA:1.5517 CE:1.3514
2025-11-30 10:32:20,135 - utils.logger2025-11-30-10.32.01 - INFO - saving the model at the end of epoch 9, iters 252
2025-11-30 10:32:20,196 - utils.logger2025-11-30-10.32.01 - INFO - End of training epoch 9 / 40 	 Time Taken: 1 sec
2025-11-30 10:32:20,196 - utils.logger2025-11-30-10.32.01 - INFO - learning rate = 0.0002000
2025-11-30 10:32:20,497 - utils.logger2025-11-30-10.32.01 - INFO - Val result of epoch 9 / 40 acc 0.7545 MAE 0.6849 f1 0.7758
2025-11-30 10:32:20,785 - utils.logger2025-11-30-10.32.01 - INFO - Tst result of epoch 9 / 40 acc 0.7545 MAE 0.6849 f1 0.7758
2025-11-30 10:32:21,267 - utils.logger2025-11-30-10.32.01 - INFO - Cur epoch 10 loss TA:0.7045 TV:0.7114 VA:1.5120 CE:1.2011
2025-11-30 10:32:21,675 - utils.logger2025-11-30-10.32.01 - INFO - Cur epoch 10 loss TA:0.7338 TV:0.7188 VA:1.5316 CE:1.1108
2025-11-30 10:32:22,078 - utils.logger2025-11-30-10.32.01 - INFO - Cur epoch 10 loss TA:0.4635 TV:0.4686 VA:1.0179 CE:1.1788
2025-11-30 10:32:22,131 - utils.logger2025-11-30-10.32.01 - INFO - saving the model at the end of epoch 10, iters 280
2025-11-30 10:32:22,189 - utils.logger2025-11-30-10.32.01 - INFO - End of training epoch 10 / 40 	 Time Taken: 1 sec
2025-11-30 10:32:22,189 - utils.logger2025-11-30-10.32.01 - INFO - learning rate = 0.0002000
2025-11-30 10:32:22,471 - utils.logger2025-11-30-10.32.01 - INFO - Val result of epoch 10 / 40 acc 0.7723 MAE 0.6893 f1 0.7897
2025-11-30 10:32:22,821 - utils.logger2025-11-30-10.32.01 - INFO - Tst result of epoch 10 / 40 acc 0.7723 MAE 0.6893 f1 0.7897
2025-11-30 10:32:23,460 - utils.logger2025-11-30-10.32.01 - INFO - Cur epoch 11 loss TA:0.6696 TV:0.6901 VA:1.3770 CE:0.7201
2025-11-30 10:32:23,916 - utils.logger2025-11-30-10.32.01 - INFO - Cur epoch 11 loss TA:0.6438 TV:0.6639 VA:1.3452 CE:0.6694
2025-11-30 10:32:24,301 - utils.logger2025-11-30-10.32.01 - INFO - saving the model at the end of epoch 11, iters 308
2025-11-30 10:32:24,364 - utils.logger2025-11-30-10.32.01 - INFO - End of training epoch 11 / 40 	 Time Taken: 1 sec
2025-11-30 10:32:24,365 - utils.logger2025-11-30-10.32.01 - INFO - learning rate = 0.0002000
2025-11-30 10:32:24,673 - utils.logger2025-11-30-10.32.01 - INFO - Val result of epoch 11 / 40 acc 0.7857 MAE 0.6896 f1 0.7951
2025-11-30 10:32:25,022 - utils.logger2025-11-30-10.32.01 - INFO - Tst result of epoch 11 / 40 acc 0.7857 MAE 0.6896 f1 0.7951
2025-11-30 10:32:25,280 - utils.logger2025-11-30-10.32.01 - INFO - Cur epoch 12 loss TA:0.6599 TV:0.6441 VA:1.3457 CE:0.9211
2025-11-30 10:32:25,716 - utils.logger2025-11-30-10.32.01 - INFO - Cur epoch 12 loss TA:0.6648 TV:0.7246 VA:1.4165 CE:0.6589
2025-11-30 10:32:26,147 - utils.logger2025-11-30-10.32.01 - INFO - Cur epoch 12 loss TA:0.6773 TV:0.7018 VA:1.3584 CE:1.0955
2025-11-30 10:32:26,445 - utils.logger2025-11-30-10.32.01 - INFO - saving the model at the end of epoch 12, iters 336
2025-11-30 10:32:26,516 - utils.logger2025-11-30-10.32.01 - INFO - End of training epoch 12 / 40 	 Time Taken: 1 sec
2025-11-30 10:32:26,516 - utils.logger2025-11-30-10.32.01 - INFO - learning rate = 0.0002000
2025-11-30 10:32:26,870 - utils.logger2025-11-30-10.32.01 - INFO - Val result of epoch 12 / 40 acc 0.7902 MAE 0.6822 f1 0.7951
2025-11-30 10:32:27,164 - utils.logger2025-11-30-10.32.01 - INFO - Tst result of epoch 12 / 40 acc 0.7902 MAE 0.6822 f1 0.7951
2025-11-30 10:32:27,501 - utils.logger2025-11-30-10.32.01 - INFO - Cur epoch 13 loss TA:0.6472 TV:0.6765 VA:1.3511 CE:0.6630
2025-11-30 10:32:27,922 - utils.logger2025-11-30-10.32.01 - INFO - Cur epoch 13 loss TA:0.6674 TV:0.6882 VA:1.3252 CE:0.4038
2025-11-30 10:32:28,343 - utils.logger2025-11-30-10.32.01 - INFO - Cur epoch 13 loss TA:0.6163 TV:0.6272 VA:1.2632 CE:0.7302
2025-11-30 10:32:28,552 - utils.logger2025-11-30-10.32.01 - INFO - saving the model at the end of epoch 13, iters 364
2025-11-30 10:32:28,612 - utils.logger2025-11-30-10.32.01 - INFO - End of training epoch 13 / 40 	 Time Taken: 1 sec
2025-11-30 10:32:28,613 - utils.logger2025-11-30-10.32.01 - INFO - learning rate = 0.0002000
2025-11-30 10:32:28,925 - utils.logger2025-11-30-10.32.01 - INFO - Val result of epoch 13 / 40 acc 0.7589 MAE 0.6772 f1 0.7723
2025-11-30 10:32:29,292 - utils.logger2025-11-30-10.32.01 - INFO - Tst result of epoch 13 / 40 acc 0.7589 MAE 0.6772 f1 0.7723
2025-11-30 10:32:29,747 - utils.logger2025-11-30-10.32.01 - INFO - Cur epoch 14 loss TA:0.6179 TV:0.6298 VA:1.2746 CE:0.8326
2025-11-30 10:32:30,186 - utils.logger2025-11-30-10.32.01 - INFO - Cur epoch 14 loss TA:0.6162 TV:0.6258 VA:1.2818 CE:0.5604
2025-11-30 10:32:30,633 - utils.logger2025-11-30-10.32.01 - INFO - Cur epoch 14 loss TA:0.6666 TV:0.6868 VA:1.3389 CE:0.5872
2025-11-30 10:32:30,763 - utils.logger2025-11-30-10.32.01 - INFO - saving the model at the end of epoch 14, iters 392
2025-11-30 10:32:30,826 - utils.logger2025-11-30-10.32.01 - INFO - End of training epoch 14 / 40 	 Time Taken: 1 sec
2025-11-30 10:32:30,826 - utils.logger2025-11-30-10.32.01 - INFO - learning rate = 0.0002000
2025-11-30 10:32:31,228 - utils.logger2025-11-30-10.32.01 - INFO - Val result of epoch 14 / 40 acc 0.7991 MAE 0.6824 f1 0.8089
2025-11-30 10:32:31,524 - utils.logger2025-11-30-10.32.01 - INFO - Tst result of epoch 14 / 40 acc 0.7991 MAE 0.6824 f1 0.8089
2025-11-30 10:32:32,039 - utils.logger2025-11-30-10.32.01 - INFO - Cur epoch 15 loss TA:0.5922 TV:0.5943 VA:1.2062 CE:0.5520
2025-11-30 10:32:32,506 - utils.logger2025-11-30-10.32.01 - INFO - Cur epoch 15 loss TA:0.6091 TV:0.6383 VA:1.2574 CE:0.3866
2025-11-30 10:32:32,933 - utils.logger2025-11-30-10.32.01 - INFO - Cur epoch 15 loss TA:0.3406 TV:0.3459 VA:0.7391 CE:0.4345
2025-11-30 10:32:32,984 - utils.logger2025-11-30-10.32.01 - INFO - saving the model at the end of epoch 15, iters 420
2025-11-30 10:32:33,044 - utils.logger2025-11-30-10.32.01 - INFO - End of training epoch 15 / 40 	 Time Taken: 1 sec
2025-11-30 10:32:33,044 - utils.logger2025-11-30-10.32.01 - INFO - learning rate = 0.0002000
2025-11-30 10:32:33,400 - utils.logger2025-11-30-10.32.01 - INFO - Val result of epoch 15 / 40 acc 0.7991 MAE 0.6785 f1 0.8092
2025-11-30 10:32:33,740 - utils.logger2025-11-30-10.32.01 - INFO - Tst result of epoch 15 / 40 acc 0.7991 MAE 0.6785 f1 0.8092
2025-11-30 10:32:34,334 - utils.logger2025-11-30-10.32.01 - INFO - Cur epoch 16 loss TA:0.6438 TV:0.6370 VA:1.2209 CE:0.4398
2025-11-30 10:32:34,776 - utils.logger2025-11-30-10.32.01 - INFO - Cur epoch 16 loss TA:0.5968 TV:0.6068 VA:1.2666 CE:0.5691
2025-11-30 10:32:35,161 - utils.logger2025-11-30-10.32.01 - INFO - saving the model at the end of epoch 16, iters 448
2025-11-30 10:32:35,224 - utils.logger2025-11-30-10.32.01 - INFO - End of training epoch 16 / 40 	 Time Taken: 1 sec
2025-11-30 10:32:35,224 - utils.logger2025-11-30-10.32.01 - INFO - learning rate = 0.0002000
2025-11-30 10:32:35,533 - utils.logger2025-11-30-10.32.01 - INFO - Val result of epoch 16 / 40 acc 0.7545 MAE 0.6844 f1 0.7709
2025-11-30 10:32:35,924 - utils.logger2025-11-30-10.32.01 - INFO - Tst result of epoch 16 / 40 acc 0.7545 MAE 0.6844 f1 0.7709
2025-11-30 10:32:36,269 - utils.logger2025-11-30-10.32.01 - INFO - Cur epoch 17 loss TA:0.6093 TV:0.6149 VA:1.1943 CE:0.5647
2025-11-30 10:32:36,695 - utils.logger2025-11-30-10.32.01 - INFO - Cur epoch 17 loss TA:0.6017 TV:0.5876 VA:1.2418 CE:0.4186
2025-11-30 10:32:37,123 - utils.logger2025-11-30-10.32.01 - INFO - Cur epoch 17 loss TA:0.5943 TV:0.6134 VA:1.3209 CE:0.4389
2025-11-30 10:32:37,410 - utils.logger2025-11-30-10.32.01 - INFO - saving the model at the end of epoch 17, iters 476
2025-11-30 10:32:37,472 - utils.logger2025-11-30-10.32.01 - INFO - End of training epoch 17 / 40 	 Time Taken: 1 sec
2025-11-30 10:32:37,472 - utils.logger2025-11-30-10.32.01 - INFO - learning rate = 0.0002000
2025-11-30 10:32:37,777 - utils.logger2025-11-30-10.32.01 - INFO - Val result of epoch 17 / 40 acc 0.7723 MAE 0.6790 f1 0.7852
2025-11-30 10:32:38,090 - utils.logger2025-11-30-10.32.01 - INFO - Tst result of epoch 17 / 40 acc 0.7723 MAE 0.6790 f1 0.7852
2025-11-30 10:32:38,468 - utils.logger2025-11-30-10.32.01 - INFO - Cur epoch 18 loss TA:0.5549 TV:0.5607 VA:1.1450 CE:0.4377
2025-11-30 10:32:38,881 - utils.logger2025-11-30-10.32.01 - INFO - Cur epoch 18 loss TA:0.6192 TV:0.6175 VA:1.2026 CE:0.2830
2025-11-30 10:32:39,313 - utils.logger2025-11-30-10.32.01 - INFO - Cur epoch 18 loss TA:0.5764 TV:0.5971 VA:1.2015 CE:0.5660
2025-11-30 10:32:39,516 - utils.logger2025-11-30-10.32.01 - INFO - saving the model at the end of epoch 18, iters 504
2025-11-30 10:32:39,585 - utils.logger2025-11-30-10.32.01 - INFO - End of training epoch 18 / 40 	 Time Taken: 1 sec
2025-11-30 10:32:39,586 - utils.logger2025-11-30-10.32.01 - INFO - learning rate = 0.0002000
2025-11-30 10:32:39,967 - utils.logger2025-11-30-10.32.01 - INFO - Val result of epoch 18 / 40 acc 0.7545 MAE 0.6800 f1 0.7642
2025-11-30 10:32:40,326 - utils.logger2025-11-30-10.32.01 - INFO - Tst result of epoch 18 / 40 acc 0.7545 MAE 0.6800 f1 0.7642
2025-11-30 10:32:40,758 - utils.logger2025-11-30-10.32.01 - INFO - Cur epoch 19 loss TA:0.5598 TV:0.5875 VA:1.1583 CE:0.4104
2025-11-30 10:32:41,187 - utils.logger2025-11-30-10.32.01 - INFO - Cur epoch 19 loss TA:0.5699 TV:0.5942 VA:1.1542 CE:0.4912
2025-11-30 10:32:41,635 - utils.logger2025-11-30-10.32.01 - INFO - Cur epoch 19 loss TA:0.5886 TV:0.5910 VA:1.1488 CE:0.3713
2025-11-30 10:32:41,765 - utils.logger2025-11-30-10.32.01 - INFO - saving the model at the end of epoch 19, iters 532
2025-11-30 10:32:41,834 - utils.logger2025-11-30-10.32.01 - INFO - End of training epoch 19 / 40 	 Time Taken: 1 sec
2025-11-30 10:32:41,834 - utils.logger2025-11-30-10.32.01 - INFO - learning rate = 0.0002000
2025-11-30 10:32:42,172 - utils.logger2025-11-30-10.32.01 - INFO - Val result of epoch 19 / 40 acc 0.7679 MAE 0.6786 f1 0.7762
2025-11-30 10:32:42,467 - utils.logger2025-11-30-10.32.01 - INFO - Tst result of epoch 19 / 40 acc 0.7679 MAE 0.6786 f1 0.7762
2025-11-30 10:32:43,002 - utils.logger2025-11-30-10.32.01 - INFO - Cur epoch 20 loss TA:0.5566 TV:0.5563 VA:1.1674 CE:0.5177
2025-11-30 10:32:43,409 - utils.logger2025-11-30-10.32.01 - INFO - Cur epoch 20 loss TA:0.6031 TV:0.5840 VA:1.1786 CE:0.2403
2025-11-30 10:32:43,824 - utils.logger2025-11-30-10.32.01 - INFO - Cur epoch 20 loss TA:0.3268 TV:0.3342 VA:0.6043 CE:0.3118
2025-11-30 10:32:43,871 - utils.logger2025-11-30-10.32.01 - INFO - saving the model at the end of epoch 20, iters 560
2025-11-30 10:32:43,930 - utils.logger2025-11-30-10.32.01 - INFO - End of training epoch 20 / 40 	 Time Taken: 1 sec
2025-11-30 10:32:43,930 - utils.logger2025-11-30-10.32.01 - INFO - learning rate = 0.0002000
2025-11-30 10:32:44,210 - utils.logger2025-11-30-10.32.01 - INFO - Val result of epoch 20 / 40 acc 0.7768 MAE 0.6826 f1 0.7943
2025-11-30 10:32:44,482 - utils.logger2025-11-30-10.32.01 - INFO - Tst result of epoch 20 / 40 acc 0.7768 MAE 0.6826 f1 0.7943
2025-11-30 10:32:45,038 - utils.logger2025-11-30-10.32.01 - INFO - Cur epoch 21 loss TA:0.5618 TV:0.5972 VA:1.1701 CE:0.4217
2025-11-30 10:32:45,442 - utils.logger2025-11-30-10.32.01 - INFO - Cur epoch 21 loss TA:0.5693 TV:0.5566 VA:1.1621 CE:0.3129
2025-11-30 10:32:45,795 - utils.logger2025-11-30-10.32.01 - INFO - saving the model at the end of epoch 21, iters 588
2025-11-30 10:32:45,870 - utils.logger2025-11-30-10.32.01 - INFO - End of training epoch 21 / 40 	 Time Taken: 1 sec
2025-11-30 10:32:45,870 - utils.logger2025-11-30-10.32.01 - INFO - learning rate = 0.0002000
2025-11-30 10:32:46,182 - utils.logger2025-11-30-10.32.01 - INFO - Val result of epoch 21 / 40 acc 0.7634 MAE 0.6787 f1 0.7723
2025-11-30 10:32:46,470 - utils.logger2025-11-30-10.32.01 - INFO - Tst result of epoch 21 / 40 acc 0.7634 MAE 0.6787 f1 0.7723
2025-11-30 10:32:46,726 - utils.logger2025-11-30-10.32.01 - INFO - Cur epoch 22 loss TA:0.5454 TV:0.5609 VA:1.0993 CE:0.3252
2025-11-30 10:32:47,161 - utils.logger2025-11-30-10.32.01 - INFO - Cur epoch 22 loss TA:0.5780 TV:0.5697 VA:1.1723 CE:0.4623
2025-11-30 10:32:47,611 - utils.logger2025-11-30-10.32.01 - INFO - Cur epoch 22 loss TA:0.5750 TV:0.6000 VA:1.1552 CE:0.3625
2025-11-30 10:32:47,915 - utils.logger2025-11-30-10.32.01 - INFO - saving the model at the end of epoch 22, iters 616
2025-11-30 10:32:47,982 - utils.logger2025-11-30-10.32.01 - INFO - End of training epoch 22 / 40 	 Time Taken: 1 sec
2025-11-30 10:32:47,982 - utils.logger2025-11-30-10.32.01 - INFO - learning rate = 0.0002000
2025-11-30 10:32:48,292 - utils.logger2025-11-30-10.32.01 - INFO - Val result of epoch 22 / 40 acc 0.7679 MAE 0.6858 f1 0.7851
2025-11-30 10:32:48,588 - utils.logger2025-11-30-10.32.01 - INFO - Tst result of epoch 22 / 40 acc 0.7679 MAE 0.6858 f1 0.7851
2025-11-30 10:32:48,938 - utils.logger2025-11-30-10.32.01 - INFO - Cur epoch 23 loss TA:0.5651 TV:0.5639 VA:1.0956 CE:0.3811
2025-11-30 10:32:49,380 - utils.logger2025-11-30-10.32.01 - INFO - Cur epoch 23 loss TA:0.5509 TV:0.5572 VA:1.0787 CE:0.3530
2025-11-30 10:32:49,816 - utils.logger2025-11-30-10.32.01 - INFO - Cur epoch 23 loss TA:0.5291 TV:0.5496 VA:1.0964 CE:0.3395
2025-11-30 10:32:50,031 - utils.logger2025-11-30-10.32.01 - INFO - saving the model at the end of epoch 23, iters 644
2025-11-30 10:32:50,100 - utils.logger2025-11-30-10.32.01 - INFO - End of training epoch 23 / 40 	 Time Taken: 1 sec
2025-11-30 10:32:50,100 - utils.logger2025-11-30-10.32.01 - INFO - learning rate = 0.0002000
2025-11-30 10:32:50,452 - utils.logger2025-11-30-10.32.01 - INFO - Val result of epoch 23 / 40 acc 0.7723 MAE 0.6840 f1 0.7898
2025-11-30 10:32:50,813 - utils.logger2025-11-30-10.32.01 - INFO - Tst result of epoch 23 / 40 acc 0.7723 MAE 0.6840 f1 0.7898
2025-11-30 10:32:51,313 - utils.logger2025-11-30-10.32.01 - INFO - Cur epoch 24 loss TA:0.5568 TV:0.5757 VA:1.1234 CE:0.3013
2025-11-30 10:32:51,773 - utils.logger2025-11-30-10.32.01 - INFO - Cur epoch 24 loss TA:0.5448 TV:0.5636 VA:1.0875 CE:0.2995
2025-11-30 10:32:52,205 - utils.logger2025-11-30-10.32.01 - INFO - Cur epoch 24 loss TA:0.5544 TV:0.5612 VA:1.1089 CE:0.2778
2025-11-30 10:32:52,348 - utils.logger2025-11-30-10.32.01 - INFO - saving the model at the end of epoch 24, iters 672
2025-11-30 10:32:52,418 - utils.logger2025-11-30-10.32.01 - INFO - End of training epoch 24 / 40 	 Time Taken: 1 sec
2025-11-30 10:32:52,418 - utils.logger2025-11-30-10.32.01 - INFO - learning rate = 0.0002000
2025-11-30 10:32:52,746 - utils.logger2025-11-30-10.32.01 - INFO - Val result of epoch 24 / 40 acc 0.7589 MAE 0.6733 f1 0.7714
2025-11-30 10:32:53,060 - utils.logger2025-11-30-10.32.01 - INFO - Tst result of epoch 24 / 40 acc 0.7589 MAE 0.6733 f1 0.7714
2025-11-30 10:32:53,578 - utils.logger2025-11-30-10.32.01 - INFO - Cur epoch 25 loss TA:0.5578 TV:0.5650 VA:1.0565 CE:0.3538
2025-11-30 10:32:54,007 - utils.logger2025-11-30-10.32.01 - INFO - Cur epoch 25 loss TA:0.5599 TV:0.5609 VA:1.0805 CE:0.2630
2025-11-30 10:32:54,447 - utils.logger2025-11-30-10.32.01 - INFO - Cur epoch 25 loss TA:0.3022 TV:0.2962 VA:0.5910 CE:0.2303
2025-11-30 10:32:54,495 - utils.logger2025-11-30-10.32.01 - INFO - saving the model at the end of epoch 25, iters 700
2025-11-30 10:32:54,574 - utils.logger2025-11-30-10.32.01 - INFO - End of training epoch 25 / 40 	 Time Taken: 1 sec
2025-11-30 10:32:54,574 - utils.logger2025-11-30-10.32.01 - INFO - learning rate = 0.0002000
2025-11-30 10:32:54,922 - utils.logger2025-11-30-10.32.01 - INFO - Val result of epoch 25 / 40 acc 0.7679 MAE 0.6730 f1 0.7757
2025-11-30 10:32:55,215 - utils.logger2025-11-30-10.32.01 - INFO - Tst result of epoch 25 / 40 acc 0.7679 MAE 0.6730 f1 0.7757
2025-11-30 10:32:55,826 - utils.logger2025-11-30-10.32.01 - INFO - Cur epoch 26 loss TA:0.5236 TV:0.5316 VA:1.0669 CE:0.1643
2025-11-30 10:32:56,252 - utils.logger2025-11-30-10.32.01 - INFO - Cur epoch 26 loss TA:0.5106 TV:0.5105 VA:1.0355 CE:0.2246
2025-11-30 10:32:56,633 - utils.logger2025-11-30-10.32.01 - INFO - saving the model at the end of epoch 26, iters 728
2025-11-30 10:32:56,694 - utils.logger2025-11-30-10.32.01 - INFO - End of training epoch 26 / 40 	 Time Taken: 1 sec
2025-11-30 10:32:56,694 - utils.logger2025-11-30-10.32.01 - INFO - learning rate = 0.0002000
2025-11-30 10:32:56,988 - utils.logger2025-11-30-10.32.01 - INFO - Val result of epoch 26 / 40 acc 0.7500 MAE 0.6745 f1 0.7709
2025-11-30 10:32:57,273 - utils.logger2025-11-30-10.32.01 - INFO - Tst result of epoch 26 / 40 acc 0.7500 MAE 0.6745 f1 0.7709
2025-11-30 10:32:57,535 - utils.logger2025-11-30-10.32.01 - INFO - Cur epoch 27 loss TA:0.5478 TV:0.5565 VA:1.0569 CE:0.2995
2025-11-30 10:32:57,980 - utils.logger2025-11-30-10.32.01 - INFO - Cur epoch 27 loss TA:0.5161 TV:0.5208 VA:1.0263 CE:0.2060
2025-11-30 10:32:58,427 - utils.logger2025-11-30-10.32.01 - INFO - Cur epoch 27 loss TA:0.5333 TV:0.5338 VA:1.0685 CE:0.2515
2025-11-30 10:32:58,716 - utils.logger2025-11-30-10.32.01 - INFO - saving the model at the end of epoch 27, iters 756
2025-11-30 10:32:58,777 - utils.logger2025-11-30-10.32.01 - INFO - End of training epoch 27 / 40 	 Time Taken: 1 sec
2025-11-30 10:32:58,778 - utils.logger2025-11-30-10.32.01 - INFO - learning rate = 0.0002000
2025-11-30 10:32:59,245 - utils.logger2025-11-30-10.32.01 - INFO - Val result of epoch 27 / 40 acc 0.7812 MAE 0.6827 f1 0.7996
2025-11-30 10:32:59,547 - utils.logger2025-11-30-10.32.01 - INFO - Tst result of epoch 27 / 40 acc 0.7812 MAE 0.6827 f1 0.7996
2025-11-30 10:32:59,908 - utils.logger2025-11-30-10.32.01 - INFO - Cur epoch 28 loss TA:0.5198 TV:0.5276 VA:1.0292 CE:0.2483
2025-11-30 10:33:00,364 - utils.logger2025-11-30-10.32.01 - INFO - Cur epoch 28 loss TA:0.5199 TV:0.5353 VA:1.0246 CE:0.2596
2025-11-30 10:33:00,801 - utils.logger2025-11-30-10.32.01 - INFO - Cur epoch 28 loss TA:0.5224 TV:0.5279 VA:1.0573 CE:0.3474
2025-11-30 10:33:01,008 - utils.logger2025-11-30-10.32.01 - INFO - saving the model at the end of epoch 28, iters 784
2025-11-30 10:33:01,074 - utils.logger2025-11-30-10.32.01 - INFO - End of training epoch 28 / 40 	 Time Taken: 1 sec
2025-11-30 10:33:01,074 - utils.logger2025-11-30-10.32.01 - INFO - learning rate = 0.0002000
2025-11-30 10:33:01,366 - utils.logger2025-11-30-10.32.01 - INFO - Val result of epoch 28 / 40 acc 0.7589 MAE 0.6712 f1 0.7674
2025-11-30 10:33:01,713 - utils.logger2025-11-30-10.32.01 - INFO - Tst result of epoch 28 / 40 acc 0.7589 MAE 0.6712 f1 0.7674
2025-11-30 10:33:02,234 - utils.logger2025-11-30-10.32.01 - INFO - Cur epoch 29 loss TA:0.5068 TV:0.5049 VA:1.0215 CE:0.2774
2025-11-30 10:33:02,780 - utils.logger2025-11-30-10.32.01 - INFO - Cur epoch 29 loss TA:0.5140 TV:0.5359 VA:1.0998 CE:0.3036
2025-11-30 10:33:03,319 - utils.logger2025-11-30-10.32.01 - INFO - Cur epoch 29 loss TA:0.5150 TV:0.5171 VA:1.0343 CE:0.2765
2025-11-30 10:33:03,490 - utils.logger2025-11-30-10.32.01 - INFO - saving the model at the end of epoch 29, iters 812
2025-11-30 10:33:03,574 - utils.logger2025-11-30-10.32.01 - INFO - End of training epoch 29 / 40 	 Time Taken: 1 sec
2025-11-30 10:33:03,574 - utils.logger2025-11-30-10.32.01 - INFO - learning rate = 0.0002000
2025-11-30 10:33:03,990 - utils.logger2025-11-30-10.32.01 - INFO - Val result of epoch 29 / 40 acc 0.7768 MAE 0.6913 f1 0.7850
2025-11-30 10:33:04,395 - utils.logger2025-11-30-10.32.01 - INFO - Tst result of epoch 29 / 40 acc 0.7768 MAE 0.6913 f1 0.7850
2025-11-30 10:33:05,067 - utils.logger2025-11-30-10.32.01 - INFO - Cur epoch 30 loss TA:0.4957 TV:0.4971 VA:0.9937 CE:0.2605
2025-11-30 10:33:05,599 - utils.logger2025-11-30-10.32.01 - INFO - Cur epoch 30 loss TA:0.5136 TV:0.5278 VA:1.0500 CE:0.2096
2025-11-30 10:33:06,115 - utils.logger2025-11-30-10.32.01 - INFO - Cur epoch 30 loss TA:0.2983 TV:0.2912 VA:0.5978 CE:0.1944
2025-11-30 10:33:06,181 - utils.logger2025-11-30-10.32.01 - INFO - saving the model at the end of epoch 30, iters 840
2025-11-30 10:33:06,261 - utils.logger2025-11-30-10.32.01 - INFO - End of training epoch 30 / 40 	 Time Taken: 1 sec
2025-11-30 10:33:06,262 - utils.logger2025-11-30-10.32.01 - INFO - learning rate = 0.0001818
2025-11-30 10:33:06,687 - utils.logger2025-11-30-10.32.01 - INFO - Val result of epoch 30 / 40 acc 0.7634 MAE 0.6848 f1 0.7803
2025-11-30 10:33:07,093 - utils.logger2025-11-30-10.32.01 - INFO - Tst result of epoch 30 / 40 acc 0.7634 MAE 0.6848 f1 0.7803
2025-11-30 10:33:07,988 - utils.logger2025-11-30-10.32.01 - INFO - Cur epoch 31 loss TA:0.5161 TV:0.5194 VA:1.0268 CE:0.2544
2025-11-30 10:33:08,585 - utils.logger2025-11-30-10.32.01 - INFO - Cur epoch 31 loss TA:0.5185 TV:0.5308 VA:1.0651 CE:0.2028
2025-11-30 10:33:09,071 - utils.logger2025-11-30-10.32.01 - INFO - saving the model at the end of epoch 31, iters 868
2025-11-30 10:33:09,165 - utils.logger2025-11-30-10.32.01 - INFO - End of training epoch 31 / 40 	 Time Taken: 2 sec
2025-11-30 10:33:09,165 - utils.logger2025-11-30-10.32.01 - INFO - learning rate = 0.0001636
2025-11-30 10:33:09,709 - utils.logger2025-11-30-10.32.01 - INFO - Val result of epoch 31 / 40 acc 0.7723 MAE 0.6906 f1 0.7896
2025-11-30 10:33:10,273 - utils.logger2025-11-30-10.32.01 - INFO - Tst result of epoch 31 / 40 acc 0.7723 MAE 0.6906 f1 0.7896
2025-11-30 10:33:10,679 - utils.logger2025-11-30-10.32.01 - INFO - Cur epoch 32 loss TA:0.4943 TV:0.5001 VA:1.0115 CE:0.1906
2025-11-30 10:33:11,210 - utils.logger2025-11-30-10.32.01 - INFO - Cur epoch 32 loss TA:0.5035 TV:0.5072 VA:1.0158 CE:0.2559
2025-11-30 10:33:11,753 - utils.logger2025-11-30-10.32.01 - INFO - Cur epoch 32 loss TA:0.5326 TV:0.5483 VA:1.0483 CE:0.2248
2025-11-30 10:33:12,138 - utils.logger2025-11-30-10.32.01 - INFO - saving the model at the end of epoch 32, iters 896
2025-11-30 10:33:12,243 - utils.logger2025-11-30-10.32.01 - INFO - End of training epoch 32 / 40 	 Time Taken: 1 sec
2025-11-30 10:33:12,243 - utils.logger2025-11-30-10.32.01 - INFO - learning rate = 0.0001455
2025-11-30 10:33:12,732 - utils.logger2025-11-30-10.32.01 - INFO - Val result of epoch 32 / 40 acc 0.7411 MAE 0.6837 f1 0.7524
2025-11-30 10:33:13,163 - utils.logger2025-11-30-10.32.01 - INFO - Tst result of epoch 32 / 40 acc 0.7411 MAE 0.6837 f1 0.7524
2025-11-30 10:33:13,645 - utils.logger2025-11-30-10.32.01 - INFO - Cur epoch 33 loss TA:0.4985 TV:0.5051 VA:1.0249 CE:0.2946
2025-11-30 10:33:14,204 - utils.logger2025-11-30-10.32.01 - INFO - Cur epoch 33 loss TA:0.5047 TV:0.5053 VA:1.0114 CE:0.3066
2025-11-30 10:33:14,768 - utils.logger2025-11-30-10.32.01 - INFO - Cur epoch 33 loss TA:0.4931 TV:0.5179 VA:1.0039 CE:0.2505
2025-11-30 10:33:15,062 - utils.logger2025-11-30-10.32.01 - INFO - saving the model at the end of epoch 33, iters 924
2025-11-30 10:33:15,146 - utils.logger2025-11-30-10.32.01 - INFO - End of training epoch 33 / 40 	 Time Taken: 1 sec
2025-11-30 10:33:15,146 - utils.logger2025-11-30-10.32.01 - INFO - learning rate = 0.0001273
2025-11-30 10:33:15,602 - utils.logger2025-11-30-10.32.01 - INFO - Val result of epoch 33 / 40 acc 0.7723 MAE 0.6883 f1 0.7804
2025-11-30 10:33:16,003 - utils.logger2025-11-30-10.32.01 - INFO - Tst result of epoch 33 / 40 acc 0.7723 MAE 0.6883 f1 0.7804
2025-11-30 10:33:16,672 - utils.logger2025-11-30-10.32.01 - INFO - Cur epoch 34 loss TA:0.5227 TV:0.5304 VA:1.0243 CE:0.1400
2025-11-30 10:33:17,204 - utils.logger2025-11-30-10.32.01 - INFO - Cur epoch 34 loss TA:0.4959 TV:0.5079 VA:1.0177 CE:0.2662
2025-11-30 10:33:17,744 - utils.logger2025-11-30-10.32.01 - INFO - Cur epoch 34 loss TA:0.4982 TV:0.4935 VA:0.9917 CE:0.1929
2025-11-30 10:33:17,909 - utils.logger2025-11-30-10.32.01 - INFO - saving the model at the end of epoch 34, iters 952
2025-11-30 10:33:17,993 - utils.logger2025-11-30-10.32.01 - INFO - End of training epoch 34 / 40 	 Time Taken: 1 sec
2025-11-30 10:33:17,993 - utils.logger2025-11-30-10.32.01 - INFO - learning rate = 0.0001091
2025-11-30 10:33:18,417 - utils.logger2025-11-30-10.32.01 - INFO - Val result of epoch 34 / 40 acc 0.7545 MAE 0.6831 f1 0.7717
2025-11-30 10:33:18,961 - utils.logger2025-11-30-10.32.01 - INFO - Tst result of epoch 34 / 40 acc 0.7545 MAE 0.6831 f1 0.7717
2025-11-30 10:33:19,737 - utils.logger2025-11-30-10.32.01 - INFO - Cur epoch 35 loss TA:0.4858 TV:0.4920 VA:0.9930 CE:0.2053
2025-11-30 10:33:20,333 - utils.logger2025-11-30-10.32.01 - INFO - Cur epoch 35 loss TA:0.5044 TV:0.5118 VA:1.0079 CE:0.1480
2025-11-30 10:33:20,897 - utils.logger2025-11-30-10.32.01 - INFO - Cur epoch 35 loss TA:0.2127 TV:0.2185 VA:0.4341 CE:0.1595
2025-11-30 10:33:20,966 - utils.logger2025-11-30-10.32.01 - INFO - saving the model at the end of epoch 35, iters 980
2025-11-30 10:33:21,060 - utils.logger2025-11-30-10.32.01 - INFO - End of training epoch 35 / 40 	 Time Taken: 2 sec
2025-11-30 10:33:21,061 - utils.logger2025-11-30-10.32.01 - INFO - learning rate = 0.0000909
2025-11-30 10:33:21,537 - utils.logger2025-11-30-10.32.01 - INFO - Val result of epoch 35 / 40 acc 0.7500 MAE 0.6812 f1 0.7662
2025-11-30 10:33:22,019 - utils.logger2025-11-30-10.32.01 - INFO - Tst result of epoch 35 / 40 acc 0.7500 MAE 0.6812 f1 0.7662
2025-11-30 10:33:22,829 - utils.logger2025-11-30-10.32.01 - INFO - Cur epoch 36 loss TA:0.5129 TV:0.5056 VA:1.0132 CE:0.1714
2025-11-30 10:33:23,391 - utils.logger2025-11-30-10.32.01 - INFO - Cur epoch 36 loss TA:0.4882 TV:0.4833 VA:0.9965 CE:0.2526
2025-11-30 10:33:23,912 - utils.logger2025-11-30-10.32.01 - INFO - saving the model at the end of epoch 36, iters 1008
2025-11-30 10:33:23,995 - utils.logger2025-11-30-10.32.01 - INFO - End of training epoch 36 / 40 	 Time Taken: 1 sec
2025-11-30 10:33:23,995 - utils.logger2025-11-30-10.32.01 - INFO - learning rate = 0.0000727
2025-11-30 10:33:24,445 - utils.logger2025-11-30-10.32.01 - INFO - Val result of epoch 36 / 40 acc 0.7812 MAE 0.6900 f1 0.7901
2025-11-30 10:33:24,877 - utils.logger2025-11-30-10.32.01 - INFO - Tst result of epoch 36 / 40 acc 0.7812 MAE 0.6900 f1 0.7901
2025-11-30 10:33:25,270 - utils.logger2025-11-30-10.32.01 - INFO - Cur epoch 37 loss TA:0.4810 TV:0.4843 VA:0.9761 CE:0.2204
2025-11-30 10:33:25,849 - utils.logger2025-11-30-10.32.01 - INFO - Cur epoch 37 loss TA:0.5018 TV:0.5039 VA:0.9961 CE:0.2003
2025-11-30 10:33:26,413 - utils.logger2025-11-30-10.32.01 - INFO - Cur epoch 37 loss TA:0.4926 TV:0.4926 VA:0.9817 CE:0.1653
2025-11-30 10:33:26,788 - utils.logger2025-11-30-10.32.01 - INFO - saving the model at the end of epoch 37, iters 1036
2025-11-30 10:33:26,876 - utils.logger2025-11-30-10.32.01 - INFO - End of training epoch 37 / 40 	 Time Taken: 1 sec
2025-11-30 10:33:26,876 - utils.logger2025-11-30-10.32.01 - INFO - learning rate = 0.0000545
2025-11-30 10:33:27,387 - utils.logger2025-11-30-10.32.01 - INFO - Val result of epoch 37 / 40 acc 0.7679 MAE 0.6889 f1 0.7803
2025-11-30 10:33:27,903 - utils.logger2025-11-30-10.32.01 - INFO - Tst result of epoch 37 / 40 acc 0.7679 MAE 0.6889 f1 0.7803
2025-11-30 10:33:28,416 - utils.logger2025-11-30-10.32.01 - INFO - Cur epoch 38 loss TA:0.4932 TV:0.5002 VA:0.9949 CE:0.2268
2025-11-30 10:33:28,965 - utils.logger2025-11-30-10.32.01 - INFO - Cur epoch 38 loss TA:0.5083 TV:0.5047 VA:1.0093 CE:0.1677
2025-11-30 10:33:29,510 - utils.logger2025-11-30-10.32.01 - INFO - Cur epoch 38 loss TA:0.4815 TV:0.4874 VA:0.9720 CE:0.1568
2025-11-30 10:33:29,788 - utils.logger2025-11-30-10.32.01 - INFO - saving the model at the end of epoch 38, iters 1064
2025-11-30 10:33:29,877 - utils.logger2025-11-30-10.32.01 - INFO - End of training epoch 38 / 40 	 Time Taken: 1 sec
2025-11-30 10:33:29,877 - utils.logger2025-11-30-10.32.01 - INFO - learning rate = 0.0000364
2025-11-30 10:33:30,463 - utils.logger2025-11-30-10.32.01 - INFO - Val result of epoch 38 / 40 acc 0.7634 MAE 0.6912 f1 0.7756
2025-11-30 10:33:30,940 - utils.logger2025-11-30-10.32.01 - INFO - Tst result of epoch 38 / 40 acc 0.7634 MAE 0.6912 f1 0.7756
2025-11-30 10:33:31,527 - utils.logger2025-11-30-10.32.01 - INFO - Cur epoch 39 loss TA:0.4804 TV:0.4878 VA:0.9649 CE:0.2098
2025-11-30 10:33:32,080 - utils.logger2025-11-30-10.32.01 - INFO - Cur epoch 39 loss TA:0.4982 TV:0.5000 VA:0.9816 CE:0.2003
2025-11-30 10:33:32,634 - utils.logger2025-11-30-10.32.01 - INFO - Cur epoch 39 loss TA:0.4862 TV:0.4937 VA:0.9995 CE:0.2065
2025-11-30 10:33:32,806 - utils.logger2025-11-30-10.32.01 - INFO - saving the model at the end of epoch 39, iters 1092
2025-11-30 10:33:32,904 - utils.logger2025-11-30-10.32.01 - INFO - End of training epoch 39 / 40 	 Time Taken: 1 sec
2025-11-30 10:33:32,904 - utils.logger2025-11-30-10.32.01 - INFO - learning rate = 0.0000182
2025-11-30 10:33:33,404 - utils.logger2025-11-30-10.32.01 - INFO - Val result of epoch 39 / 40 acc 0.7634 MAE 0.6917 f1 0.7757
2025-11-30 10:33:33,853 - utils.logger2025-11-30-10.32.01 - INFO - Tst result of epoch 39 / 40 acc 0.7634 MAE 0.6917 f1 0.7757
2025-11-30 10:33:34,571 - utils.logger2025-11-30-10.32.01 - INFO - Cur epoch 40 loss TA:0.4944 TV:0.5020 VA:0.9974 CE:0.1850
2025-11-30 10:33:35,114 - utils.logger2025-11-30-10.32.01 - INFO - Cur epoch 40 loss TA:0.4972 TV:0.5080 VA:0.9867 CE:0.1338
2025-11-30 10:33:35,650 - utils.logger2025-11-30-10.32.01 - INFO - Cur epoch 40 loss TA:0.2124 TV:0.2176 VA:0.4318 CE:0.1545
2025-11-30 10:33:35,730 - utils.logger2025-11-30-10.32.01 - INFO - saving the model at the end of epoch 40, iters 1120
2025-11-30 10:33:35,817 - utils.logger2025-11-30-10.32.01 - INFO - End of training epoch 40 / 40 	 Time Taken: 1 sec
2025-11-30 10:33:35,817 - utils.logger2025-11-30-10.32.01 - INFO - learning rate = 0.0000000
2025-11-30 10:33:36,299 - utils.logger2025-11-30-10.32.01 - INFO - Val result of epoch 40 / 40 acc 0.7634 MAE 0.6920 f1 0.7756
2025-11-30 10:33:36,698 - utils.logger2025-11-30-10.32.01 - INFO - Tst result of epoch 40 / 40 acc 0.7634 MAE 0.6920 f1 0.7756
2025-11-30 10:33:36,698 - utils.logger2025-11-30-10.32.01 - INFO - Best eval epoch 15 found with f1 0.809176
