2025-12-18 18:10:42,005 - utils.logger2025-12-18-18.10.42 - INFO - The number of training samples = 1750
2025-12-18 18:10:43,401 - utils.logger2025-12-18-18.10.42 - INFO - Cur epoch 1 loss TA:1.0381 TV:1.0363 VA:2.0768 CE:2.1352
2025-12-18 18:10:43,904 - utils.logger2025-12-18-18.10.42 - INFO - Cur epoch 1 loss TA:1.0350 TV:1.0337 VA:2.0721 CE:2.7451
2025-12-18 18:10:44,403 - utils.logger2025-12-18-18.10.42 - INFO - saving the model at the end of epoch 1, iters 28
2025-12-18 18:10:44,479 - utils.logger2025-12-18-18.10.42 - INFO - End of training epoch 1 / 40 	 Time Taken: 2 sec
2025-12-18 18:10:44,479 - utils.logger2025-12-18-18.10.42 - INFO - learning rate = 0.0002000
2025-12-18 18:10:44,771 - utils.logger2025-12-18-18.10.42 - INFO - Val result of epoch 1 / 40 acc 0.6295 MAE 0.3797 f1 0.6649
2025-12-18 18:10:45,041 - utils.logger2025-12-18-18.10.42 - INFO - Tst result of epoch 1 / 40 acc 0.6295 MAE 0.3797 f1 0.6649
2025-12-18 18:10:45,345 - utils.logger2025-12-18-18.10.42 - INFO - Cur epoch 2 loss TA:1.0330 TV:1.0279 VA:2.0586 CE:3.2813
2025-12-18 18:10:45,837 - utils.logger2025-12-18-18.10.42 - INFO - Cur epoch 2 loss TA:1.0279 TV:1.0224 VA:2.0548 CE:2.5656
2025-12-18 18:10:46,392 - utils.logger2025-12-18-18.10.42 - INFO - Cur epoch 2 loss TA:1.0124 TV:1.0048 VA:2.0266 CE:3.1477
2025-12-18 18:10:46,827 - utils.logger2025-12-18-18.10.42 - INFO - saving the model at the end of epoch 2, iters 56
2025-12-18 18:10:46,932 - utils.logger2025-12-18-18.10.42 - INFO - End of training epoch 2 / 40 	 Time Taken: 1 sec
2025-12-18 18:10:46,932 - utils.logger2025-12-18-18.10.42 - INFO - learning rate = 0.0002000
2025-12-18 18:10:47,231 - utils.logger2025-12-18-18.10.42 - INFO - Val result of epoch 2 / 40 acc 0.7232 MAE 0.5483 f1 0.7407
2025-12-18 18:10:47,523 - utils.logger2025-12-18-18.10.42 - INFO - Tst result of epoch 2 / 40 acc 0.7232 MAE 0.5483 f1 0.7407
2025-12-18 18:10:48,100 - utils.logger2025-12-18-18.10.42 - INFO - Cur epoch 3 loss TA:0.9955 TV:0.9920 VA:1.9975 CE:2.7983
2025-12-18 18:10:48,583 - utils.logger2025-12-18-18.10.42 - INFO - Cur epoch 3 loss TA:0.9723 TV:0.9639 VA:1.9649 CE:2.1882
2025-12-18 18:10:49,048 - utils.logger2025-12-18-18.10.42 - INFO - Cur epoch 3 loss TA:0.9761 TV:0.9552 VA:1.9445 CE:2.1591
2025-12-18 18:10:49,316 - utils.logger2025-12-18-18.10.42 - INFO - saving the model at the end of epoch 3, iters 84
2025-12-18 18:10:49,394 - utils.logger2025-12-18-18.10.42 - INFO - End of training epoch 3 / 40 	 Time Taken: 1 sec
2025-12-18 18:10:49,394 - utils.logger2025-12-18-18.10.42 - INFO - learning rate = 0.0002000
2025-12-18 18:10:49,782 - utils.logger2025-12-18-18.10.42 - INFO - Val result of epoch 3 / 40 acc 0.7366 MAE 0.6185 f1 0.7568
2025-12-18 18:10:50,062 - utils.logger2025-12-18-18.10.42 - INFO - Tst result of epoch 3 / 40 acc 0.7366 MAE 0.6185 f1 0.7568
2025-12-18 18:10:50,622 - utils.logger2025-12-18-18.10.42 - INFO - Cur epoch 4 loss TA:0.9379 TV:0.9326 VA:1.8770 CE:1.8610
2025-12-18 18:10:51,194 - utils.logger2025-12-18-18.10.42 - INFO - Cur epoch 4 loss TA:0.9249 TV:0.9139 VA:1.8357 CE:2.0005
2025-12-18 18:10:51,803 - utils.logger2025-12-18-18.10.42 - INFO - Cur epoch 4 loss TA:0.9240 TV:0.9190 VA:1.8562 CE:2.0287
2025-12-18 18:10:51,995 - utils.logger2025-12-18-18.10.42 - INFO - saving the model at the end of epoch 4, iters 112
2025-12-18 18:10:52,075 - utils.logger2025-12-18-18.10.42 - INFO - End of training epoch 4 / 40 	 Time Taken: 2 sec
2025-12-18 18:10:52,075 - utils.logger2025-12-18-18.10.42 - INFO - learning rate = 0.0002000
2025-12-18 18:10:52,517 - utils.logger2025-12-18-18.10.42 - INFO - Val result of epoch 4 / 40 acc 0.7902 MAE 0.6702 f1 0.7964
2025-12-18 18:10:52,811 - utils.logger2025-12-18-18.10.42 - INFO - Tst result of epoch 4 / 40 acc 0.7902 MAE 0.6702 f1 0.7964
2025-12-18 18:10:53,526 - utils.logger2025-12-18-18.10.42 - INFO - Cur epoch 5 loss TA:0.9122 TV:0.9052 VA:1.7871 CE:1.9639
2025-12-18 18:10:54,082 - utils.logger2025-12-18-18.10.42 - INFO - Cur epoch 5 loss TA:0.8998 TV:0.8859 VA:1.8066 CE:1.4668
2025-12-18 18:10:54,668 - utils.logger2025-12-18-18.10.42 - INFO - Cur epoch 5 loss TA:0.5952 TV:0.6083 VA:1.1818 CE:1.4103
2025-12-18 18:10:54,733 - utils.logger2025-12-18-18.10.42 - INFO - saving the model at the end of epoch 5, iters 140
2025-12-18 18:10:54,814 - utils.logger2025-12-18-18.10.42 - INFO - End of training epoch 5 / 40 	 Time Taken: 2 sec
2025-12-18 18:10:54,814 - utils.logger2025-12-18-18.10.42 - INFO - learning rate = 0.0002000
2025-12-18 18:10:55,098 - utils.logger2025-12-18-18.10.42 - INFO - Val result of epoch 5 / 40 acc 0.7857 MAE 0.7018 f1 0.7911
2025-12-18 18:10:55,405 - utils.logger2025-12-18-18.10.42 - INFO - Tst result of epoch 5 / 40 acc 0.7857 MAE 0.7018 f1 0.7911
2025-12-18 18:10:56,208 - utils.logger2025-12-18-18.10.42 - INFO - Cur epoch 6 loss TA:0.8544 TV:0.8631 VA:1.7210 CE:2.1372
2025-12-18 18:10:56,795 - utils.logger2025-12-18-18.10.42 - INFO - Cur epoch 6 loss TA:0.8499 TV:0.8529 VA:1.7070 CE:1.5700
2025-12-18 18:10:57,325 - utils.logger2025-12-18-18.10.42 - INFO - saving the model at the end of epoch 6, iters 168
2025-12-18 18:10:57,393 - utils.logger2025-12-18-18.10.42 - INFO - End of training epoch 6 / 40 	 Time Taken: 1 sec
2025-12-18 18:10:57,393 - utils.logger2025-12-18-18.10.42 - INFO - learning rate = 0.0002000
2025-12-18 18:10:57,827 - utils.logger2025-12-18-18.10.42 - INFO - Val result of epoch 6 / 40 acc 0.7679 MAE 0.7061 f1 0.7746
2025-12-18 18:10:58,171 - utils.logger2025-12-18-18.10.42 - INFO - Tst result of epoch 6 / 40 acc 0.7679 MAE 0.7061 f1 0.7746
2025-12-18 18:10:58,499 - utils.logger2025-12-18-18.10.42 - INFO - Cur epoch 7 loss TA:0.8171 TV:0.8355 VA:1.6763 CE:1.5193
2025-12-18 18:10:59,121 - utils.logger2025-12-18-18.10.42 - INFO - Cur epoch 7 loss TA:0.8218 TV:0.8461 VA:1.6600 CE:1.5733
2025-12-18 18:10:59,702 - utils.logger2025-12-18-18.10.42 - INFO - Cur epoch 7 loss TA:0.8132 TV:0.8067 VA:1.6394 CE:1.4776
2025-12-18 18:11:00,132 - utils.logger2025-12-18-18.10.42 - INFO - saving the model at the end of epoch 7, iters 196
2025-12-18 18:11:00,219 - utils.logger2025-12-18-18.10.42 - INFO - End of training epoch 7 / 40 	 Time Taken: 2 sec
2025-12-18 18:11:00,219 - utils.logger2025-12-18-18.10.42 - INFO - learning rate = 0.0002000
2025-12-18 18:11:00,736 - utils.logger2025-12-18-18.10.42 - INFO - Val result of epoch 7 / 40 acc 0.7946 MAE 0.7133 f1 0.8015
2025-12-18 18:11:01,210 - utils.logger2025-12-18-18.10.42 - INFO - Tst result of epoch 7 / 40 acc 0.7946 MAE 0.7133 f1 0.8015
2025-12-18 18:11:01,699 - utils.logger2025-12-18-18.10.42 - INFO - Cur epoch 8 loss TA:0.8064 TV:0.8159 VA:1.6249 CE:1.3518
2025-12-18 18:11:02,318 - utils.logger2025-12-18-18.10.42 - INFO - Cur epoch 8 loss TA:0.7863 TV:0.7854 VA:1.5770 CE:1.4957
2025-12-18 18:11:02,897 - utils.logger2025-12-18-18.10.42 - INFO - Cur epoch 8 loss TA:0.7911 TV:0.8035 VA:1.6204 CE:1.2888
2025-12-18 18:11:03,213 - utils.logger2025-12-18-18.10.42 - INFO - saving the model at the end of epoch 8, iters 224
2025-12-18 18:11:03,291 - utils.logger2025-12-18-18.10.42 - INFO - End of training epoch 8 / 40 	 Time Taken: 2 sec
2025-12-18 18:11:03,291 - utils.logger2025-12-18-18.10.42 - INFO - learning rate = 0.0002000
2025-12-18 18:11:03,577 - utils.logger2025-12-18-18.10.42 - INFO - Val result of epoch 8 / 40 acc 0.8393 MAE 0.7284 f1 0.8456
2025-12-18 18:11:03,880 - utils.logger2025-12-18-18.10.42 - INFO - Tst result of epoch 8 / 40 acc 0.8393 MAE 0.7284 f1 0.8456
2025-12-18 18:11:04,452 - utils.logger2025-12-18-18.10.42 - INFO - Cur epoch 9 loss TA:0.7783 TV:0.7823 VA:1.5378 CE:0.8237
2025-12-18 18:11:05,063 - utils.logger2025-12-18-18.10.42 - INFO - Cur epoch 9 loss TA:0.7464 TV:0.7820 VA:1.6076 CE:1.2021
2025-12-18 18:11:05,609 - utils.logger2025-12-18-18.10.42 - INFO - Cur epoch 9 loss TA:0.7454 TV:0.7701 VA:1.5230 CE:1.3211
2025-12-18 18:11:05,773 - utils.logger2025-12-18-18.10.42 - INFO - saving the model at the end of epoch 9, iters 252
2025-12-18 18:11:05,859 - utils.logger2025-12-18-18.10.42 - INFO - End of training epoch 9 / 40 	 Time Taken: 1 sec
2025-12-18 18:11:05,859 - utils.logger2025-12-18-18.10.42 - INFO - learning rate = 0.0002000
2025-12-18 18:11:06,250 - utils.logger2025-12-18-18.10.42 - INFO - Val result of epoch 9 / 40 acc 0.8170 MAE 0.7428 f1 0.8229
2025-12-18 18:11:06,860 - utils.logger2025-12-18-18.10.42 - INFO - Tst result of epoch 9 / 40 acc 0.8170 MAE 0.7428 f1 0.8229
2025-12-18 18:11:07,554 - utils.logger2025-12-18-18.10.42 - INFO - Cur epoch 10 loss TA:0.7230 TV:0.7169 VA:1.5011 CE:1.3291
2025-12-18 18:11:08,153 - utils.logger2025-12-18-18.10.42 - INFO - Cur epoch 10 loss TA:0.7423 TV:0.7412 VA:1.4851 CE:1.1968
2025-12-18 18:11:08,696 - utils.logger2025-12-18-18.10.42 - INFO - Cur epoch 10 loss TA:0.4360 TV:0.4718 VA:0.9497 CE:0.6510
2025-12-18 18:11:08,737 - utils.logger2025-12-18-18.10.42 - INFO - saving the model at the end of epoch 10, iters 280
2025-12-18 18:11:08,819 - utils.logger2025-12-18-18.10.42 - INFO - End of training epoch 10 / 40 	 Time Taken: 1 sec
2025-12-18 18:11:08,819 - utils.logger2025-12-18-18.10.42 - INFO - learning rate = 0.0002000
2025-12-18 18:11:09,120 - utils.logger2025-12-18-18.10.42 - INFO - Val result of epoch 10 / 40 acc 0.8259 MAE 0.7432 f1 0.8319
2025-12-18 18:11:09,433 - utils.logger2025-12-18-18.10.42 - INFO - Tst result of epoch 10 / 40 acc 0.8259 MAE 0.7432 f1 0.8319
2025-12-18 18:11:10,195 - utils.logger2025-12-18-18.10.42 - INFO - Cur epoch 11 loss TA:0.7082 TV:0.7166 VA:1.4248 CE:0.9145
2025-12-18 18:11:10,763 - utils.logger2025-12-18-18.10.42 - INFO - Cur epoch 11 loss TA:0.6964 TV:0.6927 VA:1.4352 CE:0.9406
2025-12-18 18:11:11,300 - utils.logger2025-12-18-18.10.42 - INFO - saving the model at the end of epoch 11, iters 308
2025-12-18 18:11:11,389 - utils.logger2025-12-18-18.10.42 - INFO - End of training epoch 11 / 40 	 Time Taken: 1 sec
2025-12-18 18:11:11,389 - utils.logger2025-12-18-18.10.42 - INFO - learning rate = 0.0002000
2025-12-18 18:11:11,858 - utils.logger2025-12-18-18.10.42 - INFO - Val result of epoch 11 / 40 acc 0.8125 MAE 0.7434 f1 0.8181
2025-12-18 18:11:12,283 - utils.logger2025-12-18-18.10.42 - INFO - Tst result of epoch 11 / 40 acc 0.8125 MAE 0.7434 f1 0.8181
2025-12-18 18:11:12,599 - utils.logger2025-12-18-18.10.42 - INFO - Cur epoch 12 loss TA:0.6650 TV:0.6905 VA:1.4154 CE:0.8409
2025-12-18 18:11:13,168 - utils.logger2025-12-18-18.10.42 - INFO - Cur epoch 12 loss TA:0.6906 TV:0.6933 VA:1.3262 CE:0.7424
2025-12-18 18:11:13,770 - utils.logger2025-12-18-18.10.42 - INFO - Cur epoch 12 loss TA:0.6686 TV:0.6876 VA:1.3886 CE:0.8387
2025-12-18 18:11:14,197 - utils.logger2025-12-18-18.10.42 - INFO - saving the model at the end of epoch 12, iters 336
2025-12-18 18:11:14,288 - utils.logger2025-12-18-18.10.42 - INFO - End of training epoch 12 / 40 	 Time Taken: 2 sec
2025-12-18 18:11:14,288 - utils.logger2025-12-18-18.10.42 - INFO - learning rate = 0.0002000
2025-12-18 18:11:14,870 - utils.logger2025-12-18-18.10.42 - INFO - Val result of epoch 12 / 40 acc 0.8170 MAE 0.7409 f1 0.8229
2025-12-18 18:11:15,345 - utils.logger2025-12-18-18.10.42 - INFO - Tst result of epoch 12 / 40 acc 0.8170 MAE 0.7409 f1 0.8229
2025-12-18 18:11:15,912 - utils.logger2025-12-18-18.10.42 - INFO - Cur epoch 13 loss TA:0.6574 TV:0.6527 VA:1.3274 CE:0.7689
2025-12-18 18:11:16,529 - utils.logger2025-12-18-18.10.42 - INFO - Cur epoch 13 loss TA:0.6422 TV:0.6735 VA:1.3472 CE:0.7222
2025-12-18 18:11:17,072 - utils.logger2025-12-18-18.10.42 - INFO - Cur epoch 13 loss TA:0.6621 TV:0.6902 VA:1.3223 CE:0.6485
2025-12-18 18:11:17,343 - utils.logger2025-12-18-18.10.42 - INFO - saving the model at the end of epoch 13, iters 364
2025-12-18 18:11:17,447 - utils.logger2025-12-18-18.10.42 - INFO - End of training epoch 13 / 40 	 Time Taken: 2 sec
2025-12-18 18:11:17,448 - utils.logger2025-12-18-18.10.42 - INFO - learning rate = 0.0002000
2025-12-18 18:11:17,815 - utils.logger2025-12-18-18.10.42 - INFO - Val result of epoch 13 / 40 acc 0.8438 MAE 0.7522 f1 0.8515
2025-12-18 18:11:18,373 - utils.logger2025-12-18-18.10.42 - INFO - Tst result of epoch 13 / 40 acc 0.8438 MAE 0.7522 f1 0.8515
2025-12-18 18:11:18,954 - utils.logger2025-12-18-18.10.42 - INFO - Cur epoch 14 loss TA:0.6416 TV:0.6537 VA:1.3160 CE:0.6533
2025-12-18 18:11:19,505 - utils.logger2025-12-18-18.10.42 - INFO - Cur epoch 14 loss TA:0.6162 TV:0.6176 VA:1.2262 CE:0.6386
2025-12-18 18:11:20,040 - utils.logger2025-12-18-18.10.42 - INFO - Cur epoch 14 loss TA:0.6159 TV:0.6116 VA:1.2281 CE:0.6986
2025-12-18 18:11:20,204 - utils.logger2025-12-18-18.10.42 - INFO - saving the model at the end of epoch 14, iters 392
2025-12-18 18:11:20,272 - utils.logger2025-12-18-18.10.42 - INFO - End of training epoch 14 / 40 	 Time Taken: 1 sec
2025-12-18 18:11:20,272 - utils.logger2025-12-18-18.10.42 - INFO - learning rate = 0.0002000
2025-12-18 18:11:20,655 - utils.logger2025-12-18-18.10.42 - INFO - Val result of epoch 14 / 40 acc 0.8170 MAE 0.7463 f1 0.8232
2025-12-18 18:11:21,124 - utils.logger2025-12-18-18.10.42 - INFO - Tst result of epoch 14 / 40 acc 0.8170 MAE 0.7463 f1 0.8232
2025-12-18 18:11:21,979 - utils.logger2025-12-18-18.10.42 - INFO - Cur epoch 15 loss TA:0.6509 TV:0.6400 VA:1.3157 CE:0.5504
2025-12-18 18:11:22,592 - utils.logger2025-12-18-18.10.42 - INFO - Cur epoch 15 loss TA:0.6029 TV:0.6257 VA:1.2368 CE:0.5971
2025-12-18 18:11:23,185 - utils.logger2025-12-18-18.10.42 - INFO - Cur epoch 15 loss TA:0.3612 TV:0.4000 VA:0.8141 CE:0.5256
2025-12-18 18:11:23,250 - utils.logger2025-12-18-18.10.42 - INFO - saving the model at the end of epoch 15, iters 420
2025-12-18 18:11:23,333 - utils.logger2025-12-18-18.10.42 - INFO - End of training epoch 15 / 40 	 Time Taken: 2 sec
2025-12-18 18:11:23,333 - utils.logger2025-12-18-18.10.42 - INFO - learning rate = 0.0002000
2025-12-18 18:11:23,787 - utils.logger2025-12-18-18.10.42 - INFO - Val result of epoch 15 / 40 acc 0.8125 MAE 0.7483 f1 0.8193
2025-12-18 18:11:24,143 - utils.logger2025-12-18-18.10.42 - INFO - Tst result of epoch 15 / 40 acc 0.8125 MAE 0.7483 f1 0.8193
2025-12-18 18:11:25,024 - utils.logger2025-12-18-18.10.42 - INFO - Cur epoch 16 loss TA:0.5948 TV:0.6274 VA:1.2381 CE:0.4801
2025-12-18 18:11:25,593 - utils.logger2025-12-18-18.10.42 - INFO - Cur epoch 16 loss TA:0.6007 TV:0.6175 VA:1.2313 CE:0.5513
2025-12-18 18:11:26,083 - utils.logger2025-12-18-18.10.42 - INFO - saving the model at the end of epoch 16, iters 448
2025-12-18 18:11:26,164 - utils.logger2025-12-18-18.10.42 - INFO - End of training epoch 16 / 40 	 Time Taken: 2 sec
2025-12-18 18:11:26,164 - utils.logger2025-12-18-18.10.42 - INFO - learning rate = 0.0002000
2025-12-18 18:11:26,463 - utils.logger2025-12-18-18.10.42 - INFO - Val result of epoch 16 / 40 acc 0.8259 MAE 0.7479 f1 0.8319
2025-12-18 18:11:26,732 - utils.logger2025-12-18-18.10.42 - INFO - Tst result of epoch 16 / 40 acc 0.8259 MAE 0.7479 f1 0.8319
2025-12-18 18:11:27,043 - utils.logger2025-12-18-18.10.42 - INFO - Cur epoch 17 loss TA:0.5646 TV:0.5999 VA:1.2164 CE:0.4603
2025-12-18 18:11:27,603 - utils.logger2025-12-18-18.10.42 - INFO - Cur epoch 17 loss TA:0.6154 TV:0.6026 VA:1.1873 CE:0.5441
2025-12-18 18:11:28,155 - utils.logger2025-12-18-18.10.42 - INFO - Cur epoch 17 loss TA:0.6245 TV:0.6315 VA:1.2718 CE:0.4598
2025-12-18 18:11:28,535 - utils.logger2025-12-18-18.10.42 - INFO - saving the model at the end of epoch 17, iters 476
2025-12-18 18:11:28,596 - utils.logger2025-12-18-18.10.42 - INFO - End of training epoch 17 / 40 	 Time Taken: 1 sec
2025-12-18 18:11:28,597 - utils.logger2025-12-18-18.10.42 - INFO - learning rate = 0.0002000
2025-12-18 18:11:28,869 - utils.logger2025-12-18-18.10.42 - INFO - Val result of epoch 17 / 40 acc 0.8125 MAE 0.7550 f1 0.8182
2025-12-18 18:11:29,130 - utils.logger2025-12-18-18.10.42 - INFO - Tst result of epoch 17 / 40 acc 0.8125 MAE 0.7550 f1 0.8182
2025-12-18 18:11:29,567 - utils.logger2025-12-18-18.10.42 - INFO - Cur epoch 18 loss TA:0.5857 TV:0.5877 VA:1.1437 CE:0.4268
2025-12-18 18:11:30,153 - utils.logger2025-12-18-18.10.42 - INFO - Cur epoch 18 loss TA:0.5734 TV:0.5846 VA:1.1719 CE:0.5360
2025-12-18 18:11:30,684 - utils.logger2025-12-18-18.10.42 - INFO - Cur epoch 18 loss TA:0.5712 TV:0.5867 VA:1.2080 CE:0.4243
2025-12-18 18:11:30,950 - utils.logger2025-12-18-18.10.42 - INFO - saving the model at the end of epoch 18, iters 504
2025-12-18 18:11:31,022 - utils.logger2025-12-18-18.10.42 - INFO - End of training epoch 18 / 40 	 Time Taken: 1 sec
2025-12-18 18:11:31,023 - utils.logger2025-12-18-18.10.42 - INFO - learning rate = 0.0002000
2025-12-18 18:11:31,287 - utils.logger2025-12-18-18.10.42 - INFO - Val result of epoch 18 / 40 acc 0.8348 MAE 0.7595 f1 0.8414
2025-12-18 18:11:31,581 - utils.logger2025-12-18-18.10.42 - INFO - Tst result of epoch 18 / 40 acc 0.8348 MAE 0.7595 f1 0.8414
2025-12-18 18:11:32,135 - utils.logger2025-12-18-18.10.42 - INFO - Cur epoch 19 loss TA:0.5591 TV:0.5752 VA:1.1532 CE:0.4860
2025-12-18 18:11:32,580 - utils.logger2025-12-18-18.10.42 - INFO - Cur epoch 19 loss TA:0.5944 TV:0.5885 VA:1.2090 CE:0.4560
2025-12-18 18:11:33,033 - utils.logger2025-12-18-18.10.42 - INFO - Cur epoch 19 loss TA:0.5733 TV:0.5991 VA:1.1971 CE:0.3468
2025-12-18 18:11:33,187 - utils.logger2025-12-18-18.10.42 - INFO - saving the model at the end of epoch 19, iters 532
2025-12-18 18:11:33,271 - utils.logger2025-12-18-18.10.42 - INFO - End of training epoch 19 / 40 	 Time Taken: 1 sec
2025-12-18 18:11:33,271 - utils.logger2025-12-18-18.10.42 - INFO - learning rate = 0.0002000
2025-12-18 18:11:33,583 - utils.logger2025-12-18-18.10.42 - INFO - Val result of epoch 19 / 40 acc 0.8214 MAE 0.7633 f1 0.8272
2025-12-18 18:11:33,846 - utils.logger2025-12-18-18.10.42 - INFO - Tst result of epoch 19 / 40 acc 0.8214 MAE 0.7633 f1 0.8272
2025-12-18 18:11:34,390 - utils.logger2025-12-18-18.10.42 - INFO - Cur epoch 20 loss TA:0.5730 TV:0.5900 VA:1.1529 CE:0.3954
2025-12-18 18:11:34,824 - utils.logger2025-12-18-18.10.42 - INFO - Cur epoch 20 loss TA:0.5651 TV:0.5847 VA:1.1547 CE:0.3323
2025-12-18 18:11:35,276 - utils.logger2025-12-18-18.10.42 - INFO - Cur epoch 20 loss TA:0.3187 TV:0.3050 VA:0.6261 CE:0.5967
2025-12-18 18:11:35,344 - utils.logger2025-12-18-18.10.42 - INFO - saving the model at the end of epoch 20, iters 560
2025-12-18 18:11:35,423 - utils.logger2025-12-18-18.10.42 - INFO - End of training epoch 20 / 40 	 Time Taken: 1 sec
2025-12-18 18:11:35,423 - utils.logger2025-12-18-18.10.42 - INFO - learning rate = 0.0002000
2025-12-18 18:11:35,700 - utils.logger2025-12-18-18.10.42 - INFO - Val result of epoch 20 / 40 acc 0.8214 MAE 0.7658 f1 0.8273
2025-12-18 18:11:35,986 - utils.logger2025-12-18-18.10.42 - INFO - Tst result of epoch 20 / 40 acc 0.8214 MAE 0.7658 f1 0.8273
2025-12-18 18:11:36,864 - utils.logger2025-12-18-18.10.42 - INFO - Cur epoch 21 loss TA:0.5621 TV:0.5850 VA:1.1498 CE:0.3658
2025-12-18 18:11:37,481 - utils.logger2025-12-18-18.10.42 - INFO - Cur epoch 21 loss TA:0.5937 TV:0.5809 VA:1.1995 CE:0.2899
2025-12-18 18:11:37,994 - utils.logger2025-12-18-18.10.42 - INFO - saving the model at the end of epoch 21, iters 588
2025-12-18 18:11:38,073 - utils.logger2025-12-18-18.10.42 - INFO - End of training epoch 21 / 40 	 Time Taken: 2 sec
2025-12-18 18:11:38,074 - utils.logger2025-12-18-18.10.42 - INFO - learning rate = 0.0002000
2025-12-18 18:11:38,518 - utils.logger2025-12-18-18.10.42 - INFO - Val result of epoch 21 / 40 acc 0.8080 MAE 0.7588 f1 0.8136
2025-12-18 18:11:39,041 - utils.logger2025-12-18-18.10.42 - INFO - Tst result of epoch 21 / 40 acc 0.8080 MAE 0.7588 f1 0.8136
2025-12-18 18:11:39,368 - utils.logger2025-12-18-18.10.42 - INFO - Cur epoch 22 loss TA:0.5638 TV:0.5565 VA:1.1176 CE:0.3818
2025-12-18 18:11:39,978 - utils.logger2025-12-18-18.10.42 - INFO - Cur epoch 22 loss TA:0.5222 TV:0.5356 VA:1.0813 CE:0.3740
2025-12-18 18:11:40,533 - utils.logger2025-12-18-18.10.42 - INFO - Cur epoch 22 loss TA:0.5662 TV:0.5592 VA:1.1404 CE:0.4311
2025-12-18 18:11:40,946 - utils.logger2025-12-18-18.10.42 - INFO - saving the model at the end of epoch 22, iters 616
2025-12-18 18:11:41,035 - utils.logger2025-12-18-18.10.42 - INFO - End of training epoch 22 / 40 	 Time Taken: 1 sec
2025-12-18 18:11:41,035 - utils.logger2025-12-18-18.10.42 - INFO - learning rate = 0.0002000
2025-12-18 18:11:41,563 - utils.logger2025-12-18-18.10.42 - INFO - Val result of epoch 22 / 40 acc 0.8259 MAE 0.7546 f1 0.8325
2025-12-18 18:11:41,841 - utils.logger2025-12-18-18.10.42 - INFO - Tst result of epoch 22 / 40 acc 0.8259 MAE 0.7546 f1 0.8325
2025-12-18 18:11:42,311 - utils.logger2025-12-18-18.10.42 - INFO - Cur epoch 23 loss TA:0.5373 TV:0.5446 VA:1.0550 CE:0.3172
2025-12-18 18:11:42,952 - utils.logger2025-12-18-18.10.42 - INFO - Cur epoch 23 loss TA:0.5696 TV:0.5638 VA:1.1449 CE:0.3055
2025-12-18 18:11:43,580 - utils.logger2025-12-18-18.10.42 - INFO - Cur epoch 23 loss TA:0.5254 TV:0.5450 VA:1.0791 CE:0.3187
2025-12-18 18:11:43,887 - utils.logger2025-12-18-18.10.42 - INFO - saving the model at the end of epoch 23, iters 644
2025-12-18 18:11:43,982 - utils.logger2025-12-18-18.10.42 - INFO - End of training epoch 23 / 40 	 Time Taken: 2 sec
2025-12-18 18:11:43,982 - utils.logger2025-12-18-18.10.42 - INFO - learning rate = 0.0002000
2025-12-18 18:11:44,285 - utils.logger2025-12-18-18.10.42 - INFO - Val result of epoch 23 / 40 acc 0.8438 MAE 0.7678 f1 0.8512
2025-12-18 18:11:44,542 - utils.logger2025-12-18-18.10.42 - INFO - Tst result of epoch 23 / 40 acc 0.8438 MAE 0.7678 f1 0.8512
2025-12-18 18:11:45,100 - utils.logger2025-12-18-18.10.42 - INFO - Cur epoch 24 loss TA:0.5373 TV:0.5460 VA:1.0937 CE:0.2101
2025-12-18 18:11:45,665 - utils.logger2025-12-18-18.10.42 - INFO - Cur epoch 24 loss TA:0.5602 TV:0.5513 VA:1.1125 CE:0.2762
2025-12-18 18:11:46,201 - utils.logger2025-12-18-18.10.42 - INFO - Cur epoch 24 loss TA:0.5176 TV:0.5254 VA:1.0761 CE:0.3085
2025-12-18 18:11:46,372 - utils.logger2025-12-18-18.10.42 - INFO - saving the model at the end of epoch 24, iters 672
2025-12-18 18:11:46,462 - utils.logger2025-12-18-18.10.42 - INFO - End of training epoch 24 / 40 	 Time Taken: 1 sec
2025-12-18 18:11:46,462 - utils.logger2025-12-18-18.10.42 - INFO - learning rate = 0.0002000
2025-12-18 18:11:46,877 - utils.logger2025-12-18-18.10.42 - INFO - Val result of epoch 24 / 40 acc 0.8304 MAE 0.7679 f1 0.8369
2025-12-18 18:11:47,256 - utils.logger2025-12-18-18.10.42 - INFO - Tst result of epoch 24 / 40 acc 0.8304 MAE 0.7679 f1 0.8369
2025-12-18 18:11:47,846 - utils.logger2025-12-18-18.10.42 - INFO - Cur epoch 25 loss TA:0.5208 TV:0.5446 VA:1.0702 CE:0.3546
2025-12-18 18:11:48,300 - utils.logger2025-12-18-18.10.42 - INFO - Cur epoch 25 loss TA:0.5199 TV:0.5302 VA:1.0694 CE:0.4031
2025-12-18 18:11:48,777 - utils.logger2025-12-18-18.10.42 - INFO - Cur epoch 25 loss TA:0.2416 TV:0.2507 VA:0.5783 CE:0.2486
2025-12-18 18:11:48,830 - utils.logger2025-12-18-18.10.42 - INFO - saving the model at the end of epoch 25, iters 700
2025-12-18 18:11:48,904 - utils.logger2025-12-18-18.10.42 - INFO - End of training epoch 25 / 40 	 Time Taken: 1 sec
2025-12-18 18:11:48,905 - utils.logger2025-12-18-18.10.42 - INFO - learning rate = 0.0002000
2025-12-18 18:11:49,212 - utils.logger2025-12-18-18.10.42 - INFO - Val result of epoch 25 / 40 acc 0.8259 MAE 0.7637 f1 0.8329
2025-12-18 18:11:49,539 - utils.logger2025-12-18-18.10.42 - INFO - Tst result of epoch 25 / 40 acc 0.8259 MAE 0.7637 f1 0.8329
2025-12-18 18:11:50,309 - utils.logger2025-12-18-18.10.42 - INFO - Cur epoch 26 loss TA:0.5133 TV:0.5196 VA:1.0395 CE:0.2912
2025-12-18 18:11:50,863 - utils.logger2025-12-18-18.10.42 - INFO - Cur epoch 26 loss TA:0.5180 TV:0.5294 VA:1.0366 CE:0.2853
2025-12-18 18:11:51,377 - utils.logger2025-12-18-18.10.42 - INFO - saving the model at the end of epoch 26, iters 728
2025-12-18 18:11:51,455 - utils.logger2025-12-18-18.10.42 - INFO - End of training epoch 26 / 40 	 Time Taken: 1 sec
2025-12-18 18:11:51,455 - utils.logger2025-12-18-18.10.42 - INFO - learning rate = 0.0002000
2025-12-18 18:11:52,033 - utils.logger2025-12-18-18.10.42 - INFO - Val result of epoch 26 / 40 acc 0.8214 MAE 0.7667 f1 0.8236
2025-12-18 18:11:52,351 - utils.logger2025-12-18-18.10.42 - INFO - Tst result of epoch 26 / 40 acc 0.8214 MAE 0.7667 f1 0.8236
2025-12-18 18:11:52,825 - utils.logger2025-12-18-18.10.42 - INFO - Cur epoch 27 loss TA:0.5186 TV:0.5388 VA:1.0659 CE:0.3367
2025-12-18 18:11:53,379 - utils.logger2025-12-18-18.10.42 - INFO - Cur epoch 27 loss TA:0.5251 TV:0.5404 VA:1.0656 CE:0.2827
2025-12-18 18:11:53,929 - utils.logger2025-12-18-18.10.42 - INFO - Cur epoch 27 loss TA:0.5394 TV:0.5491 VA:1.0632 CE:0.3313
2025-12-18 18:11:54,301 - utils.logger2025-12-18-18.10.42 - INFO - saving the model at the end of epoch 27, iters 756
2025-12-18 18:11:54,377 - utils.logger2025-12-18-18.10.42 - INFO - End of training epoch 27 / 40 	 Time Taken: 2 sec
2025-12-18 18:11:54,377 - utils.logger2025-12-18-18.10.42 - INFO - learning rate = 0.0002000
2025-12-18 18:11:54,683 - utils.logger2025-12-18-18.10.42 - INFO - Val result of epoch 27 / 40 acc 0.8259 MAE 0.7654 f1 0.8321
2025-12-18 18:11:54,998 - utils.logger2025-12-18-18.10.42 - INFO - Tst result of epoch 27 / 40 acc 0.8259 MAE 0.7654 f1 0.8321
2025-12-18 18:11:55,440 - utils.logger2025-12-18-18.10.42 - INFO - Cur epoch 28 loss TA:0.5318 TV:0.5394 VA:1.1127 CE:0.2981
2025-12-18 18:11:56,059 - utils.logger2025-12-18-18.10.42 - INFO - Cur epoch 28 loss TA:0.5277 TV:0.5286 VA:1.0280 CE:0.3473
2025-12-18 18:11:56,631 - utils.logger2025-12-18-18.10.42 - INFO - Cur epoch 28 loss TA:0.5186 TV:0.5169 VA:1.0739 CE:0.3393
2025-12-18 18:11:56,933 - utils.logger2025-12-18-18.10.42 - INFO - saving the model at the end of epoch 28, iters 784
2025-12-18 18:11:57,028 - utils.logger2025-12-18-18.10.42 - INFO - End of training epoch 28 / 40 	 Time Taken: 2 sec
2025-12-18 18:11:57,029 - utils.logger2025-12-18-18.10.42 - INFO - learning rate = 0.0002000
2025-12-18 18:11:57,562 - utils.logger2025-12-18-18.10.42 - INFO - Val result of epoch 28 / 40 acc 0.8170 MAE 0.7697 f1 0.8231
2025-12-18 18:11:57,839 - utils.logger2025-12-18-18.10.42 - INFO - Tst result of epoch 28 / 40 acc 0.8170 MAE 0.7697 f1 0.8231
2025-12-18 18:11:58,805 - utils.logger2025-12-18-18.10.42 - INFO - Cur epoch 29 loss TA:0.5151 TV:0.5273 VA:1.0470 CE:0.2210
2025-12-18 18:11:59,418 - utils.logger2025-12-18-18.10.42 - INFO - Cur epoch 29 loss TA:0.5352 TV:0.5494 VA:1.0828 CE:0.3018
2025-12-18 18:11:59,977 - utils.logger2025-12-18-18.10.42 - INFO - Cur epoch 29 loss TA:0.5158 TV:0.5147 VA:1.0484 CE:0.2700
2025-12-18 18:12:00,135 - utils.logger2025-12-18-18.10.42 - INFO - saving the model at the end of epoch 29, iters 812
2025-12-18 18:12:00,206 - utils.logger2025-12-18-18.10.42 - INFO - End of training epoch 29 / 40 	 Time Taken: 2 sec
2025-12-18 18:12:00,206 - utils.logger2025-12-18-18.10.42 - INFO - learning rate = 0.0002000
2025-12-18 18:12:00,655 - utils.logger2025-12-18-18.10.42 - INFO - Val result of epoch 29 / 40 acc 0.8170 MAE 0.7661 f1 0.8229
2025-12-18 18:12:01,018 - utils.logger2025-12-18-18.10.42 - INFO - Tst result of epoch 29 / 40 acc 0.8170 MAE 0.7661 f1 0.8229
2025-12-18 18:12:01,657 - utils.logger2025-12-18-18.10.42 - INFO - Cur epoch 30 loss TA:0.5213 TV:0.5331 VA:1.0678 CE:0.2730
2025-12-18 18:12:02,216 - utils.logger2025-12-18-18.10.42 - INFO - Cur epoch 30 loss TA:0.5101 TV:0.5243 VA:1.0573 CE:0.2349
2025-12-18 18:12:02,770 - utils.logger2025-12-18-18.10.42 - INFO - Cur epoch 30 loss TA:0.2323 TV:0.2184 VA:0.5032 CE:0.1741
2025-12-18 18:12:02,829 - utils.logger2025-12-18-18.10.42 - INFO - saving the model at the end of epoch 30, iters 840
2025-12-18 18:12:02,913 - utils.logger2025-12-18-18.10.42 - INFO - End of training epoch 30 / 40 	 Time Taken: 1 sec
2025-12-18 18:12:02,913 - utils.logger2025-12-18-18.10.42 - INFO - learning rate = 0.0001818
2025-12-18 18:12:03,350 - utils.logger2025-12-18-18.10.42 - INFO - Val result of epoch 30 / 40 acc 0.8214 MAE 0.7717 f1 0.8281
2025-12-18 18:12:03,702 - utils.logger2025-12-18-18.10.42 - INFO - Tst result of epoch 30 / 40 acc 0.8214 MAE 0.7717 f1 0.8281
2025-12-18 18:12:04,690 - utils.logger2025-12-18-18.10.42 - INFO - Cur epoch 31 loss TA:0.4887 TV:0.4992 VA:1.0143 CE:0.2748
2025-12-18 18:12:05,239 - utils.logger2025-12-18-18.10.42 - INFO - Cur epoch 31 loss TA:0.5271 TV:0.5237 VA:1.0387 CE:0.2678
2025-12-18 18:12:05,694 - utils.logger2025-12-18-18.10.42 - INFO - saving the model at the end of epoch 31, iters 868
2025-12-18 18:12:05,768 - utils.logger2025-12-18-18.10.42 - INFO - End of training epoch 31 / 40 	 Time Taken: 2 sec
2025-12-18 18:12:05,768 - utils.logger2025-12-18-18.10.42 - INFO - learning rate = 0.0001636
2025-12-18 18:12:06,335 - utils.logger2025-12-18-18.10.42 - INFO - Val result of epoch 31 / 40 acc 0.8214 MAE 0.7571 f1 0.8289
2025-12-18 18:12:06,710 - utils.logger2025-12-18-18.10.42 - INFO - Tst result of epoch 31 / 40 acc 0.8214 MAE 0.7571 f1 0.8289
2025-12-18 18:12:07,015 - utils.logger2025-12-18-18.10.42 - INFO - Cur epoch 32 loss TA:0.5194 TV:0.5270 VA:1.0499 CE:0.2453
2025-12-18 18:12:07,618 - utils.logger2025-12-18-18.10.42 - INFO - Cur epoch 32 loss TA:0.5347 TV:0.5344 VA:1.0452 CE:0.2576
2025-12-18 18:12:08,203 - utils.logger2025-12-18-18.10.42 - INFO - Cur epoch 32 loss TA:0.4987 TV:0.5134 VA:1.0332 CE:0.2511
2025-12-18 18:12:08,593 - utils.logger2025-12-18-18.10.42 - INFO - saving the model at the end of epoch 32, iters 896
2025-12-18 18:12:08,667 - utils.logger2025-12-18-18.10.42 - INFO - End of training epoch 32 / 40 	 Time Taken: 1 sec
2025-12-18 18:12:08,667 - utils.logger2025-12-18-18.10.42 - INFO - learning rate = 0.0001455
2025-12-18 18:12:08,963 - utils.logger2025-12-18-18.10.42 - INFO - Val result of epoch 32 / 40 acc 0.8170 MAE 0.7710 f1 0.8234
2025-12-18 18:12:09,249 - utils.logger2025-12-18-18.10.42 - INFO - Tst result of epoch 32 / 40 acc 0.8170 MAE 0.7710 f1 0.8234
2025-12-18 18:12:09,691 - utils.logger2025-12-18-18.10.42 - INFO - Cur epoch 33 loss TA:0.4949 TV:0.5033 VA:1.0039 CE:0.2093
2025-12-18 18:12:10,304 - utils.logger2025-12-18-18.10.42 - INFO - Cur epoch 33 loss TA:0.4996 TV:0.5068 VA:1.0239 CE:0.2147
2025-12-18 18:12:10,880 - utils.logger2025-12-18-18.10.42 - INFO - Cur epoch 33 loss TA:0.4779 TV:0.4800 VA:0.9733 CE:0.2389
2025-12-18 18:12:11,170 - utils.logger2025-12-18-18.10.42 - INFO - saving the model at the end of epoch 33, iters 924
2025-12-18 18:12:11,260 - utils.logger2025-12-18-18.10.42 - INFO - End of training epoch 33 / 40 	 Time Taken: 2 sec
2025-12-18 18:12:11,260 - utils.logger2025-12-18-18.10.42 - INFO - learning rate = 0.0001273
2025-12-18 18:12:11,876 - utils.logger2025-12-18-18.10.42 - INFO - Val result of epoch 33 / 40 acc 0.8080 MAE 0.7640 f1 0.8142
2025-12-18 18:12:12,359 - utils.logger2025-12-18-18.10.42 - INFO - Tst result of epoch 33 / 40 acc 0.8080 MAE 0.7640 f1 0.8142
2025-12-18 18:12:12,976 - utils.logger2025-12-18-18.10.42 - INFO - Cur epoch 34 loss TA:0.4788 TV:0.4828 VA:0.9759 CE:0.1803
2025-12-18 18:12:13,485 - utils.logger2025-12-18-18.10.42 - INFO - Cur epoch 34 loss TA:0.5108 TV:0.5150 VA:1.0476 CE:0.2667
2025-12-18 18:12:14,044 - utils.logger2025-12-18-18.10.42 - INFO - Cur epoch 34 loss TA:0.4802 TV:0.4799 VA:0.9906 CE:0.2417
2025-12-18 18:12:14,213 - utils.logger2025-12-18-18.10.42 - INFO - saving the model at the end of epoch 34, iters 952
2025-12-18 18:12:14,286 - utils.logger2025-12-18-18.10.42 - INFO - End of training epoch 34 / 40 	 Time Taken: 1 sec
2025-12-18 18:12:14,287 - utils.logger2025-12-18-18.10.42 - INFO - learning rate = 0.0001091
2025-12-18 18:12:14,699 - utils.logger2025-12-18-18.10.42 - INFO - Val result of epoch 34 / 40 acc 0.8259 MAE 0.7575 f1 0.8283
2025-12-18 18:12:15,012 - utils.logger2025-12-18-18.10.42 - INFO - Tst result of epoch 34 / 40 acc 0.8259 MAE 0.7575 f1 0.8283
2025-12-18 18:12:15,781 - utils.logger2025-12-18-18.10.42 - INFO - Cur epoch 35 loss TA:0.4890 TV:0.4921 VA:0.9797 CE:0.1942
2025-12-18 18:12:16,439 - utils.logger2025-12-18-18.10.42 - INFO - Cur epoch 35 loss TA:0.5098 TV:0.4938 VA:1.0176 CE:0.1572
2025-12-18 18:12:17,042 - utils.logger2025-12-18-18.10.42 - INFO - Cur epoch 35 loss TA:0.2326 TV:0.2186 VA:0.5055 CE:0.1338
2025-12-18 18:12:17,105 - utils.logger2025-12-18-18.10.42 - INFO - saving the model at the end of epoch 35, iters 980
2025-12-18 18:12:17,192 - utils.logger2025-12-18-18.10.42 - INFO - End of training epoch 35 / 40 	 Time Taken: 2 sec
2025-12-18 18:12:17,192 - utils.logger2025-12-18-18.10.42 - INFO - learning rate = 0.0000909
2025-12-18 18:12:17,635 - utils.logger2025-12-18-18.10.42 - INFO - Val result of epoch 35 / 40 acc 0.8080 MAE 0.7515 f1 0.8138
2025-12-18 18:12:18,130 - utils.logger2025-12-18-18.10.42 - INFO - Tst result of epoch 35 / 40 acc 0.8080 MAE 0.7515 f1 0.8138
2025-12-18 18:12:19,130 - utils.logger2025-12-18-18.10.42 - INFO - Cur epoch 36 loss TA:0.5165 TV:0.5146 VA:1.0513 CE:0.2172
2025-12-18 18:12:19,700 - utils.logger2025-12-18-18.10.42 - INFO - Cur epoch 36 loss TA:0.4864 TV:0.4879 VA:0.9696 CE:0.2843
2025-12-18 18:12:20,249 - utils.logger2025-12-18-18.10.42 - INFO - saving the model at the end of epoch 36, iters 1008
2025-12-18 18:12:20,347 - utils.logger2025-12-18-18.10.42 - INFO - End of training epoch 36 / 40 	 Time Taken: 2 sec
2025-12-18 18:12:20,347 - utils.logger2025-12-18-18.10.42 - INFO - learning rate = 0.0000727
2025-12-18 18:12:20,743 - utils.logger2025-12-18-18.10.42 - INFO - Val result of epoch 36 / 40 acc 0.8214 MAE 0.7538 f1 0.8281
2025-12-18 18:12:21,161 - utils.logger2025-12-18-18.10.42 - INFO - Tst result of epoch 36 / 40 acc 0.8214 MAE 0.7538 f1 0.8281
2025-12-18 18:12:21,509 - utils.logger2025-12-18-18.10.42 - INFO - Cur epoch 37 loss TA:0.4833 TV:0.4881 VA:0.9937 CE:0.2115
2025-12-18 18:12:22,132 - utils.logger2025-12-18-18.10.42 - INFO - Cur epoch 37 loss TA:0.5022 TV:0.5020 VA:1.0000 CE:0.1974
2025-12-18 18:12:22,712 - utils.logger2025-12-18-18.10.42 - INFO - Cur epoch 37 loss TA:0.5064 TV:0.5101 VA:1.0201 CE:0.1761
2025-12-18 18:12:23,082 - utils.logger2025-12-18-18.10.42 - INFO - saving the model at the end of epoch 37, iters 1036
2025-12-18 18:12:23,156 - utils.logger2025-12-18-18.10.42 - INFO - End of training epoch 37 / 40 	 Time Taken: 1 sec
2025-12-18 18:12:23,156 - utils.logger2025-12-18-18.10.42 - INFO - learning rate = 0.0000545
2025-12-18 18:12:23,439 - utils.logger2025-12-18-18.10.42 - INFO - Val result of epoch 37 / 40 acc 0.8214 MAE 0.7594 f1 0.8281
2025-12-18 18:12:23,707 - utils.logger2025-12-18-18.10.42 - INFO - Tst result of epoch 37 / 40 acc 0.8214 MAE 0.7594 f1 0.8281
2025-12-18 18:12:24,157 - utils.logger2025-12-18-18.10.42 - INFO - Cur epoch 38 loss TA:0.5118 TV:0.5109 VA:1.0328 CE:0.2151
2025-12-18 18:12:24,748 - utils.logger2025-12-18-18.10.42 - INFO - Cur epoch 38 loss TA:0.4904 TV:0.4922 VA:0.9844 CE:0.2214
2025-12-18 18:12:25,308 - utils.logger2025-12-18-18.10.42 - INFO - Cur epoch 38 loss TA:0.5041 TV:0.5131 VA:1.0342 CE:0.1756
2025-12-18 18:12:25,609 - utils.logger2025-12-18-18.10.42 - INFO - saving the model at the end of epoch 38, iters 1064
2025-12-18 18:12:25,701 - utils.logger2025-12-18-18.10.42 - INFO - End of training epoch 38 / 40 	 Time Taken: 1 sec
2025-12-18 18:12:25,701 - utils.logger2025-12-18-18.10.42 - INFO - learning rate = 0.0000364
2025-12-18 18:12:26,008 - utils.logger2025-12-18-18.10.42 - INFO - Val result of epoch 38 / 40 acc 0.8259 MAE 0.7611 f1 0.8325
2025-12-18 18:12:26,293 - utils.logger2025-12-18-18.10.42 - INFO - Tst result of epoch 38 / 40 acc 0.8259 MAE 0.7611 f1 0.8325
2025-12-18 18:12:26,861 - utils.logger2025-12-18-18.10.42 - INFO - Cur epoch 39 loss TA:0.4807 TV:0.4836 VA:0.9709 CE:0.1591
2025-12-18 18:12:27,401 - utils.logger2025-12-18-18.10.42 - INFO - Cur epoch 39 loss TA:0.4996 TV:0.4970 VA:1.0181 CE:0.1762
2025-12-18 18:12:27,977 - utils.logger2025-12-18-18.10.42 - INFO - Cur epoch 39 loss TA:0.4893 TV:0.4930 VA:0.9913 CE:0.1300
2025-12-18 18:12:28,135 - utils.logger2025-12-18-18.10.42 - INFO - saving the model at the end of epoch 39, iters 1092
2025-12-18 18:12:28,211 - utils.logger2025-12-18-18.10.42 - INFO - End of training epoch 39 / 40 	 Time Taken: 1 sec
2025-12-18 18:12:28,211 - utils.logger2025-12-18-18.10.42 - INFO - learning rate = 0.0000182
2025-12-18 18:12:28,501 - utils.logger2025-12-18-18.10.42 - INFO - Val result of epoch 39 / 40 acc 0.8214 MAE 0.7637 f1 0.8278
2025-12-18 18:12:28,765 - utils.logger2025-12-18-18.10.42 - INFO - Tst result of epoch 39 / 40 acc 0.8214 MAE 0.7637 f1 0.8278
2025-12-18 18:12:29,362 - utils.logger2025-12-18-18.10.42 - INFO - Cur epoch 40 loss TA:0.4850 TV:0.4850 VA:0.9670 CE:0.2046
2025-12-18 18:12:29,884 - utils.logger2025-12-18-18.10.42 - INFO - Cur epoch 40 loss TA:0.4961 TV:0.4983 VA:1.0119 CE:0.1173
2025-12-18 18:12:30,382 - utils.logger2025-12-18-18.10.42 - INFO - Cur epoch 40 loss TA:0.1866 TV:0.1903 VA:0.3728 CE:0.2509
2025-12-18 18:12:30,445 - utils.logger2025-12-18-18.10.42 - INFO - saving the model at the end of epoch 40, iters 1120
2025-12-18 18:12:30,533 - utils.logger2025-12-18-18.10.42 - INFO - End of training epoch 40 / 40 	 Time Taken: 1 sec
2025-12-18 18:12:30,533 - utils.logger2025-12-18-18.10.42 - INFO - learning rate = 0.0000000
2025-12-18 18:12:31,012 - utils.logger2025-12-18-18.10.42 - INFO - Val result of epoch 40 / 40 acc 0.8304 MAE 0.7640 f1 0.8367
2025-12-18 18:12:31,318 - utils.logger2025-12-18-18.10.42 - INFO - Tst result of epoch 40 / 40 acc 0.8304 MAE 0.7640 f1 0.8367
2025-12-18 18:12:31,318 - utils.logger2025-12-18-18.10.42 - INFO - Best eval epoch 13 found with f1 0.851517
