2025-11-30 10:28:07,978 - utils.logger2025-11-30-10.28.07 - INFO - The number of training samples = 1750
2025-11-30 10:28:09,324 - utils.logger2025-11-30-10.28.07 - INFO - Cur epoch 1 loss TA:1.0354 TV:1.0369 VA:2.0747 CE:3.1007
2025-11-30 10:28:09,776 - utils.logger2025-11-30-10.28.07 - INFO - Cur epoch 1 loss TA:1.0345 TV:1.0334 VA:2.0676 CE:2.8448
2025-11-30 10:28:10,176 - utils.logger2025-11-30-10.28.07 - INFO - saving the model at the end of epoch 1, iters 28
2025-11-30 10:28:10,245 - utils.logger2025-11-30-10.28.07 - INFO - End of training epoch 1 / 40 	 Time Taken: 2 sec
2025-11-30 10:28:10,246 - utils.logger2025-11-30-10.28.07 - INFO - learning rate = 0.0002000
2025-11-30 10:28:10,570 - utils.logger2025-11-30-10.28.07 - INFO - Val result of epoch 1 / 40 acc 0.5223 MAE 0.3036 f1 0.5534
2025-11-30 10:28:10,890 - utils.logger2025-11-30-10.28.07 - INFO - Tst result of epoch 1 / 40 acc 0.5223 MAE 0.3036 f1 0.5534
2025-11-30 10:28:11,165 - utils.logger2025-11-30-10.28.07 - INFO - Cur epoch 2 loss TA:1.0283 TV:1.0294 VA:2.0669 CE:2.9249
2025-11-30 10:28:11,622 - utils.logger2025-11-30-10.28.07 - INFO - Cur epoch 2 loss TA:1.0207 TV:1.0229 VA:2.0575 CE:2.5298
2025-11-30 10:28:12,098 - utils.logger2025-11-30-10.28.07 - INFO - Cur epoch 2 loss TA:1.0143 TV:1.0102 VA:2.0606 CE:2.7550
2025-11-30 10:28:12,410 - utils.logger2025-11-30-10.28.07 - INFO - saving the model at the end of epoch 2, iters 56
2025-11-30 10:28:12,486 - utils.logger2025-11-30-10.28.07 - INFO - End of training epoch 2 / 40 	 Time Taken: 1 sec
2025-11-30 10:28:12,487 - utils.logger2025-11-30-10.28.07 - INFO - learning rate = 0.0002000
2025-11-30 10:28:12,908 - utils.logger2025-11-30-10.28.07 - INFO - Val result of epoch 2 / 40 acc 0.6116 MAE 0.4762 f1 0.6367
2025-11-30 10:28:13,181 - utils.logger2025-11-30-10.28.07 - INFO - Tst result of epoch 2 / 40 acc 0.6116 MAE 0.4762 f1 0.6367
2025-11-30 10:28:13,526 - utils.logger2025-11-30-10.28.07 - INFO - Cur epoch 3 loss TA:0.9969 TV:0.9939 VA:2.0120 CE:3.2211
2025-11-30 10:28:13,986 - utils.logger2025-11-30-10.28.07 - INFO - Cur epoch 3 loss TA:0.9745 TV:0.9672 VA:2.0093 CE:2.3159
2025-11-30 10:28:14,432 - utils.logger2025-11-30-10.28.07 - INFO - Cur epoch 3 loss TA:0.9639 TV:0.9622 VA:1.9660 CE:2.4514
2025-11-30 10:28:14,646 - utils.logger2025-11-30-10.28.07 - INFO - saving the model at the end of epoch 3, iters 84
2025-11-30 10:28:14,713 - utils.logger2025-11-30-10.28.07 - INFO - End of training epoch 3 / 40 	 Time Taken: 1 sec
2025-11-30 10:28:14,714 - utils.logger2025-11-30-10.28.07 - INFO - learning rate = 0.0002000
2025-11-30 10:28:14,987 - utils.logger2025-11-30-10.28.07 - INFO - Val result of epoch 3 / 40 acc 0.7589 MAE 0.5779 f1 0.7636
2025-11-30 10:28:15,259 - utils.logger2025-11-30-10.28.07 - INFO - Tst result of epoch 3 / 40 acc 0.7589 MAE 0.5779 f1 0.7636
2025-11-30 10:28:15,675 - utils.logger2025-11-30-10.28.07 - INFO - Cur epoch 4 loss TA:0.9539 TV:0.9406 VA:1.9214 CE:2.1325
2025-11-30 10:28:16,103 - utils.logger2025-11-30-10.28.07 - INFO - Cur epoch 4 loss TA:0.9265 TV:0.9258 VA:1.8772 CE:2.7906
2025-11-30 10:28:16,525 - utils.logger2025-11-30-10.28.07 - INFO - Cur epoch 4 loss TA:0.9319 TV:0.9162 VA:1.8701 CE:2.3122
2025-11-30 10:28:16,650 - utils.logger2025-11-30-10.28.07 - INFO - saving the model at the end of epoch 4, iters 112
2025-11-30 10:28:16,718 - utils.logger2025-11-30-10.28.07 - INFO - End of training epoch 4 / 40 	 Time Taken: 1 sec
2025-11-30 10:28:16,719 - utils.logger2025-11-30-10.28.07 - INFO - learning rate = 0.0002000
2025-11-30 10:28:16,994 - utils.logger2025-11-30-10.28.07 - INFO - Val result of epoch 4 / 40 acc 0.7411 MAE 0.6447 f1 0.7480
2025-11-30 10:28:17,307 - utils.logger2025-11-30-10.28.07 - INFO - Tst result of epoch 4 / 40 acc 0.7411 MAE 0.6447 f1 0.7480
2025-11-30 10:28:17,808 - utils.logger2025-11-30-10.28.07 - INFO - Cur epoch 5 loss TA:0.9020 TV:0.8948 VA:1.8074 CE:1.2852
2025-11-30 10:28:18,240 - utils.logger2025-11-30-10.28.07 - INFO - Cur epoch 5 loss TA:0.9068 TV:0.9096 VA:1.8035 CE:2.5699
2025-11-30 10:28:18,679 - utils.logger2025-11-30-10.28.07 - INFO - Cur epoch 5 loss TA:0.6187 TV:0.6210 VA:1.2540 CE:2.0405
2025-11-30 10:28:18,725 - utils.logger2025-11-30-10.28.07 - INFO - saving the model at the end of epoch 5, iters 140
2025-11-30 10:28:18,790 - utils.logger2025-11-30-10.28.07 - INFO - End of training epoch 5 / 40 	 Time Taken: 1 sec
2025-11-30 10:28:18,790 - utils.logger2025-11-30-10.28.07 - INFO - learning rate = 0.0002000
2025-11-30 10:28:19,065 - utils.logger2025-11-30-10.28.07 - INFO - Val result of epoch 5 / 40 acc 0.8214 MAE 0.6669 f1 0.8239
2025-11-30 10:28:19,347 - utils.logger2025-11-30-10.28.07 - INFO - Tst result of epoch 5 / 40 acc 0.8214 MAE 0.6669 f1 0.8239
2025-11-30 10:28:20,001 - utils.logger2025-11-30-10.28.07 - INFO - Cur epoch 6 loss TA:0.8585 TV:0.8907 VA:1.7661 CE:1.7807
2025-11-30 10:28:20,526 - utils.logger2025-11-30-10.28.07 - INFO - Cur epoch 6 loss TA:0.8784 TV:0.8630 VA:1.7781 CE:1.6339
2025-11-30 10:28:21,008 - utils.logger2025-11-30-10.28.07 - INFO - saving the model at the end of epoch 6, iters 168
2025-11-30 10:28:21,101 - utils.logger2025-11-30-10.28.07 - INFO - End of training epoch 6 / 40 	 Time Taken: 1 sec
2025-11-30 10:28:21,101 - utils.logger2025-11-30-10.28.07 - INFO - learning rate = 0.0002000
2025-11-30 10:28:21,479 - utils.logger2025-11-30-10.28.07 - INFO - Val result of epoch 6 / 40 acc 0.8080 MAE 0.7068 f1 0.8100
2025-11-30 10:28:21,895 - utils.logger2025-11-30-10.28.07 - INFO - Tst result of epoch 6 / 40 acc 0.8080 MAE 0.7068 f1 0.8100
2025-11-30 10:28:22,252 - utils.logger2025-11-30-10.28.07 - INFO - Cur epoch 7 loss TA:0.8466 TV:0.8546 VA:1.6891 CE:1.4869
2025-11-30 10:28:22,823 - utils.logger2025-11-30-10.28.07 - INFO - Cur epoch 7 loss TA:0.8378 TV:0.8321 VA:1.6989 CE:1.2742
2025-11-30 10:28:23,375 - utils.logger2025-11-30-10.28.07 - INFO - Cur epoch 7 loss TA:0.8380 TV:0.8594 VA:1.6995 CE:1.8767
2025-11-30 10:28:23,760 - utils.logger2025-11-30-10.28.07 - INFO - saving the model at the end of epoch 7, iters 196
2025-11-30 10:28:23,848 - utils.logger2025-11-30-10.28.07 - INFO - End of training epoch 7 / 40 	 Time Taken: 1 sec
2025-11-30 10:28:23,848 - utils.logger2025-11-30-10.28.07 - INFO - learning rate = 0.0002000
2025-11-30 10:28:24,283 - utils.logger2025-11-30-10.28.07 - INFO - Val result of epoch 7 / 40 acc 0.8214 MAE 0.7052 f1 0.8245
2025-11-30 10:28:24,669 - utils.logger2025-11-30-10.28.07 - INFO - Tst result of epoch 7 / 40 acc 0.8214 MAE 0.7052 f1 0.8245
2025-11-30 10:28:25,158 - utils.logger2025-11-30-10.28.07 - INFO - Cur epoch 8 loss TA:0.7828 TV:0.8017 VA:1.5802 CE:1.2387
2025-11-30 10:28:25,690 - utils.logger2025-11-30-10.28.07 - INFO - Cur epoch 8 loss TA:0.7924 TV:0.8022 VA:1.6404 CE:1.7759
2025-11-30 10:28:26,221 - utils.logger2025-11-30-10.28.07 - INFO - Cur epoch 8 loss TA:0.8157 TV:0.8170 VA:1.6063 CE:1.1191
2025-11-30 10:28:26,504 - utils.logger2025-11-30-10.28.07 - INFO - saving the model at the end of epoch 8, iters 224
2025-11-30 10:28:26,604 - utils.logger2025-11-30-10.28.07 - INFO - End of training epoch 8 / 40 	 Time Taken: 1 sec
2025-11-30 10:28:26,604 - utils.logger2025-11-30-10.28.07 - INFO - learning rate = 0.0002000
2025-11-30 10:28:27,207 - utils.logger2025-11-30-10.28.07 - INFO - Val result of epoch 8 / 40 acc 0.7768 MAE 0.7137 f1 0.7824
2025-11-30 10:28:27,681 - utils.logger2025-11-30-10.28.07 - INFO - Tst result of epoch 8 / 40 acc 0.7768 MAE 0.7137 f1 0.7824
2025-11-30 10:28:28,264 - utils.logger2025-11-30-10.28.07 - INFO - Cur epoch 9 loss TA:0.7306 TV:0.7676 VA:1.5008 CE:1.3019
2025-11-30 10:28:28,827 - utils.logger2025-11-30-10.28.07 - INFO - Cur epoch 9 loss TA:0.7536 TV:0.7488 VA:1.5538 CE:1.5396
2025-11-30 10:28:29,392 - utils.logger2025-11-30-10.28.07 - INFO - Cur epoch 9 loss TA:0.7431 TV:0.7633 VA:1.5141 CE:1.0493
2025-11-30 10:28:29,575 - utils.logger2025-11-30-10.28.07 - INFO - saving the model at the end of epoch 9, iters 252
2025-11-30 10:28:29,675 - utils.logger2025-11-30-10.28.07 - INFO - End of training epoch 9 / 40 	 Time Taken: 1 sec
2025-11-30 10:28:29,675 - utils.logger2025-11-30-10.28.07 - INFO - learning rate = 0.0002000
2025-11-30 10:28:30,098 - utils.logger2025-11-30-10.28.07 - INFO - Val result of epoch 9 / 40 acc 0.7991 MAE 0.7143 f1 0.8018
2025-11-30 10:28:30,495 - utils.logger2025-11-30-10.28.07 - INFO - Tst result of epoch 9 / 40 acc 0.7991 MAE 0.7143 f1 0.8018
2025-11-30 10:28:31,231 - utils.logger2025-11-30-10.28.07 - INFO - Cur epoch 10 loss TA:0.7322 TV:0.7475 VA:1.4522 CE:1.2911
2025-11-30 10:28:31,810 - utils.logger2025-11-30-10.28.07 - INFO - Cur epoch 10 loss TA:0.7439 TV:0.7540 VA:1.5378 CE:1.3502
2025-11-30 10:28:32,383 - utils.logger2025-11-30-10.28.07 - INFO - Cur epoch 10 loss TA:0.4323 TV:0.4196 VA:0.9518 CE:1.3509
2025-11-30 10:28:32,438 - utils.logger2025-11-30-10.28.07 - INFO - saving the model at the end of epoch 10, iters 280
2025-11-30 10:28:32,532 - utils.logger2025-11-30-10.28.07 - INFO - End of training epoch 10 / 40 	 Time Taken: 2 sec
2025-11-30 10:28:32,532 - utils.logger2025-11-30-10.28.07 - INFO - learning rate = 0.0002000
2025-11-30 10:28:32,985 - utils.logger2025-11-30-10.28.07 - INFO - Val result of epoch 10 / 40 acc 0.8080 MAE 0.7165 f1 0.8137
2025-11-30 10:28:33,376 - utils.logger2025-11-30-10.28.07 - INFO - Tst result of epoch 10 / 40 acc 0.8080 MAE 0.7165 f1 0.8137
2025-11-30 10:28:34,321 - utils.logger2025-11-30-10.28.07 - INFO - Cur epoch 11 loss TA:0.6960 TV:0.6982 VA:1.3634 CE:0.8640
2025-11-30 10:28:34,892 - utils.logger2025-11-30-10.28.07 - INFO - Cur epoch 11 loss TA:0.7324 TV:0.7096 VA:1.4276 CE:1.3588
2025-11-30 10:28:35,435 - utils.logger2025-11-30-10.28.07 - INFO - saving the model at the end of epoch 11, iters 308
2025-11-30 10:28:35,546 - utils.logger2025-11-30-10.28.07 - INFO - End of training epoch 11 / 40 	 Time Taken: 2 sec
2025-11-30 10:28:35,547 - utils.logger2025-11-30-10.28.07 - INFO - learning rate = 0.0002000
2025-11-30 10:28:35,977 - utils.logger2025-11-30-10.28.07 - INFO - Val result of epoch 11 / 40 acc 0.8080 MAE 0.7157 f1 0.8116
2025-11-30 10:28:36,419 - utils.logger2025-11-30-10.28.07 - INFO - Tst result of epoch 11 / 40 acc 0.8080 MAE 0.7157 f1 0.8116
2025-11-30 10:28:36,859 - utils.logger2025-11-30-10.28.07 - INFO - Cur epoch 12 loss TA:0.6667 TV:0.6872 VA:1.4271 CE:0.8547
2025-11-30 10:28:37,437 - utils.logger2025-11-30-10.28.07 - INFO - Cur epoch 12 loss TA:0.6608 TV:0.6697 VA:1.3466 CE:0.9644
2025-11-30 10:28:38,026 - utils.logger2025-11-30-10.28.07 - INFO - Cur epoch 12 loss TA:0.6896 TV:0.7036 VA:1.3985 CE:0.9736
2025-11-30 10:28:38,446 - utils.logger2025-11-30-10.28.07 - INFO - saving the model at the end of epoch 12, iters 336
2025-11-30 10:28:38,572 - utils.logger2025-11-30-10.28.07 - INFO - End of training epoch 12 / 40 	 Time Taken: 2 sec
2025-11-30 10:28:38,573 - utils.logger2025-11-30-10.28.07 - INFO - learning rate = 0.0002000
2025-11-30 10:28:39,128 - utils.logger2025-11-30-10.28.07 - INFO - Val result of epoch 12 / 40 acc 0.8036 MAE 0.7236 f1 0.8056
2025-11-30 10:28:39,579 - utils.logger2025-11-30-10.28.07 - INFO - Tst result of epoch 12 / 40 acc 0.8036 MAE 0.7236 f1 0.8056
2025-11-30 10:28:40,079 - utils.logger2025-11-30-10.28.07 - INFO - Cur epoch 13 loss TA:0.6543 TV:0.6804 VA:1.3695 CE:0.8357
2025-11-30 10:28:40,669 - utils.logger2025-11-30-10.28.07 - INFO - Cur epoch 13 loss TA:0.6721 TV:0.6657 VA:1.3562 CE:0.6605
2025-11-30 10:28:41,237 - utils.logger2025-11-30-10.28.07 - INFO - Cur epoch 13 loss TA:0.6749 TV:0.6825 VA:1.3432 CE:0.7925
2025-11-30 10:28:41,519 - utils.logger2025-11-30-10.28.07 - INFO - saving the model at the end of epoch 13, iters 364
2025-11-30 10:28:41,619 - utils.logger2025-11-30-10.28.07 - INFO - End of training epoch 13 / 40 	 Time Taken: 2 sec
2025-11-30 10:28:41,620 - utils.logger2025-11-30-10.28.07 - INFO - learning rate = 0.0002000
2025-11-30 10:28:42,081 - utils.logger2025-11-30-10.28.07 - INFO - Val result of epoch 13 / 40 acc 0.8214 MAE 0.7281 f1 0.8275
2025-11-30 10:28:42,494 - utils.logger2025-11-30-10.28.07 - INFO - Tst result of epoch 13 / 40 acc 0.8214 MAE 0.7281 f1 0.8275
2025-11-30 10:28:43,080 - utils.logger2025-11-30-10.28.07 - INFO - Cur epoch 14 loss TA:0.6228 TV:0.6468 VA:1.2970 CE:0.7522
2025-11-30 10:28:43,652 - utils.logger2025-11-30-10.28.07 - INFO - Cur epoch 14 loss TA:0.6497 TV:0.6717 VA:1.2931 CE:0.6953
2025-11-30 10:28:44,226 - utils.logger2025-11-30-10.28.07 - INFO - Cur epoch 14 loss TA:0.6498 TV:0.6519 VA:1.3073 CE:0.6171
2025-11-30 10:28:44,394 - utils.logger2025-11-30-10.28.07 - INFO - saving the model at the end of epoch 14, iters 392
2025-11-30 10:28:44,505 - utils.logger2025-11-30-10.28.07 - INFO - End of training epoch 14 / 40 	 Time Taken: 2 sec
2025-11-30 10:28:44,505 - utils.logger2025-11-30-10.28.07 - INFO - learning rate = 0.0002000
2025-11-30 10:28:45,006 - utils.logger2025-11-30-10.28.07 - INFO - Val result of epoch 14 / 40 acc 0.8036 MAE 0.7293 f1 0.8092
2025-11-30 10:28:45,485 - utils.logger2025-11-30-10.28.07 - INFO - Tst result of epoch 14 / 40 acc 0.8036 MAE 0.7293 f1 0.8092
2025-11-30 10:28:46,268 - utils.logger2025-11-30-10.28.07 - INFO - Cur epoch 15 loss TA:0.6298 TV:0.6328 VA:1.2473 CE:0.7437
2025-11-30 10:28:46,885 - utils.logger2025-11-30-10.28.07 - INFO - Cur epoch 15 loss TA:0.6224 TV:0.6497 VA:1.2494 CE:0.4926
2025-11-30 10:28:47,492 - utils.logger2025-11-30-10.28.07 - INFO - Cur epoch 15 loss TA:0.3246 TV:0.3619 VA:0.6433 CE:0.6314
2025-11-30 10:28:47,589 - utils.logger2025-11-30-10.28.07 - INFO - saving the model at the end of epoch 15, iters 420
2025-11-30 10:28:47,696 - utils.logger2025-11-30-10.28.07 - INFO - End of training epoch 15 / 40 	 Time Taken: 2 sec
2025-11-30 10:28:47,696 - utils.logger2025-11-30-10.28.07 - INFO - learning rate = 0.0002000
2025-11-30 10:28:48,169 - utils.logger2025-11-30-10.28.07 - INFO - Val result of epoch 15 / 40 acc 0.8036 MAE 0.7143 f1 0.8056
2025-11-30 10:28:48,760 - utils.logger2025-11-30-10.28.07 - INFO - Tst result of epoch 15 / 40 acc 0.8036 MAE 0.7143 f1 0.8056
2025-11-30 10:28:49,601 - utils.logger2025-11-30-10.28.07 - INFO - Cur epoch 16 loss TA:0.6179 TV:0.6304 VA:1.2421 CE:0.6100
2025-11-30 10:28:50,179 - utils.logger2025-11-30-10.28.07 - INFO - Cur epoch 16 loss TA:0.6391 TV:0.6374 VA:1.2877 CE:0.5339
2025-11-30 10:28:50,690 - utils.logger2025-11-30-10.28.07 - INFO - saving the model at the end of epoch 16, iters 448
2025-11-30 10:28:50,792 - utils.logger2025-11-30-10.28.07 - INFO - End of training epoch 16 / 40 	 Time Taken: 2 sec
2025-11-30 10:28:50,792 - utils.logger2025-11-30-10.28.07 - INFO - learning rate = 0.0002000
2025-11-30 10:28:51,263 - utils.logger2025-11-30-10.28.07 - INFO - Val result of epoch 16 / 40 acc 0.8125 MAE 0.7280 f1 0.8138
2025-11-30 10:28:51,765 - utils.logger2025-11-30-10.28.07 - INFO - Tst result of epoch 16 / 40 acc 0.8125 MAE 0.7280 f1 0.8138
2025-11-30 10:28:52,278 - utils.logger2025-11-30-10.28.07 - INFO - Cur epoch 17 loss TA:0.6073 TV:0.6154 VA:1.1937 CE:0.5806
2025-11-30 10:28:52,894 - utils.logger2025-11-30-10.28.07 - INFO - Cur epoch 17 loss TA:0.5868 TV:0.5965 VA:1.1417 CE:0.3433
2025-11-30 10:28:53,503 - utils.logger2025-11-30-10.28.07 - INFO - Cur epoch 17 loss TA:0.5970 TV:0.6241 VA:1.2202 CE:0.5873
2025-11-30 10:28:53,931 - utils.logger2025-11-30-10.28.07 - INFO - saving the model at the end of epoch 17, iters 476
2025-11-30 10:28:54,040 - utils.logger2025-11-30-10.28.07 - INFO - End of training epoch 17 / 40 	 Time Taken: 2 sec
2025-11-30 10:28:54,040 - utils.logger2025-11-30-10.28.07 - INFO - learning rate = 0.0002000
2025-11-30 10:28:54,514 - utils.logger2025-11-30-10.28.07 - INFO - Val result of epoch 17 / 40 acc 0.8170 MAE 0.7267 f1 0.8188
2025-11-30 10:28:54,900 - utils.logger2025-11-30-10.28.07 - INFO - Tst result of epoch 17 / 40 acc 0.8170 MAE 0.7267 f1 0.8188
2025-11-30 10:28:55,474 - utils.logger2025-11-30-10.28.07 - INFO - Cur epoch 18 loss TA:0.6103 TV:0.6197 VA:1.2521 CE:0.4624
2025-11-30 10:28:56,116 - utils.logger2025-11-30-10.28.07 - INFO - Cur epoch 18 loss TA:0.5652 TV:0.5905 VA:1.1524 CE:0.3515
2025-11-30 10:28:56,751 - utils.logger2025-11-30-10.28.07 - INFO - Cur epoch 18 loss TA:0.5974 TV:0.6032 VA:1.2170 CE:0.6412
2025-11-30 10:28:57,049 - utils.logger2025-11-30-10.28.07 - INFO - saving the model at the end of epoch 18, iters 504
2025-11-30 10:28:57,149 - utils.logger2025-11-30-10.28.07 - INFO - End of training epoch 18 / 40 	 Time Taken: 2 sec
2025-11-30 10:28:57,149 - utils.logger2025-11-30-10.28.07 - INFO - learning rate = 0.0002000
2025-11-30 10:28:57,633 - utils.logger2025-11-30-10.28.07 - INFO - Val result of epoch 18 / 40 acc 0.8080 MAE 0.7173 f1 0.8116
2025-11-30 10:28:58,074 - utils.logger2025-11-30-10.28.07 - INFO - Tst result of epoch 18 / 40 acc 0.8080 MAE 0.7173 f1 0.8116
2025-11-30 10:28:58,671 - utils.logger2025-11-30-10.28.07 - INFO - Cur epoch 19 loss TA:0.5756 TV:0.5727 VA:1.1208 CE:0.4985
2025-11-30 10:28:59,246 - utils.logger2025-11-30-10.28.07 - INFO - Cur epoch 19 loss TA:0.5863 TV:0.5864 VA:1.1366 CE:0.2989
2025-11-30 10:28:59,809 - utils.logger2025-11-30-10.28.07 - INFO - Cur epoch 19 loss TA:0.5874 TV:0.6052 VA:1.2205 CE:0.4159
2025-11-30 10:28:59,982 - utils.logger2025-11-30-10.28.07 - INFO - saving the model at the end of epoch 19, iters 532
2025-11-30 10:29:00,080 - utils.logger2025-11-30-10.28.07 - INFO - End of training epoch 19 / 40 	 Time Taken: 2 sec
2025-11-30 10:29:00,081 - utils.logger2025-11-30-10.28.07 - INFO - learning rate = 0.0002000
2025-11-30 10:29:00,511 - utils.logger2025-11-30-10.28.07 - INFO - Val result of epoch 19 / 40 acc 0.8348 MAE 0.7319 f1 0.8369
2025-11-30 10:29:00,907 - utils.logger2025-11-30-10.28.07 - INFO - Tst result of epoch 19 / 40 acc 0.8348 MAE 0.7319 f1 0.8369
2025-11-30 10:29:01,615 - utils.logger2025-11-30-10.28.07 - INFO - Cur epoch 20 loss TA:0.5636 TV:0.5892 VA:1.1448 CE:0.3182
2025-11-30 10:29:02,174 - utils.logger2025-11-30-10.28.07 - INFO - Cur epoch 20 loss TA:0.5611 TV:0.5787 VA:1.1241 CE:0.3426
2025-11-30 10:29:02,736 - utils.logger2025-11-30-10.28.07 - INFO - Cur epoch 20 loss TA:0.3550 TV:0.3369 VA:0.7012 CE:0.5060
2025-11-30 10:29:02,797 - utils.logger2025-11-30-10.28.07 - INFO - saving the model at the end of epoch 20, iters 560
2025-11-30 10:29:02,910 - utils.logger2025-11-30-10.28.07 - INFO - End of training epoch 20 / 40 	 Time Taken: 2 sec
2025-11-30 10:29:02,910 - utils.logger2025-11-30-10.28.07 - INFO - learning rate = 0.0002000
2025-11-30 10:29:03,462 - utils.logger2025-11-30-10.28.07 - INFO - Val result of epoch 20 / 40 acc 0.8036 MAE 0.7406 f1 0.8046
2025-11-30 10:29:03,975 - utils.logger2025-11-30-10.28.07 - INFO - Tst result of epoch 20 / 40 acc 0.8036 MAE 0.7406 f1 0.8046
2025-11-30 10:29:04,922 - utils.logger2025-11-30-10.28.07 - INFO - Cur epoch 21 loss TA:0.5521 TV:0.5753 VA:1.1494 CE:0.2507
2025-11-30 10:29:05,543 - utils.logger2025-11-30-10.28.07 - INFO - Cur epoch 21 loss TA:0.5560 TV:0.5848 VA:1.1473 CE:0.4824
2025-11-30 10:29:06,101 - utils.logger2025-11-30-10.28.07 - INFO - saving the model at the end of epoch 21, iters 588
2025-11-30 10:29:06,208 - utils.logger2025-11-30-10.28.07 - INFO - End of training epoch 21 / 40 	 Time Taken: 2 sec
2025-11-30 10:29:06,208 - utils.logger2025-11-30-10.28.07 - INFO - learning rate = 0.0002000
2025-11-30 10:29:06,674 - utils.logger2025-11-30-10.28.07 - INFO - Val result of epoch 21 / 40 acc 0.8125 MAE 0.7313 f1 0.8146
2025-11-30 10:29:07,103 - utils.logger2025-11-30-10.28.07 - INFO - Tst result of epoch 21 / 40 acc 0.8125 MAE 0.7313 f1 0.8146
2025-11-30 10:29:07,463 - utils.logger2025-11-30-10.28.07 - INFO - Cur epoch 22 loss TA:0.5476 TV:0.5612 VA:1.1078 CE:0.4222
2025-11-30 10:29:08,034 - utils.logger2025-11-30-10.28.07 - INFO - Cur epoch 22 loss TA:0.5539 TV:0.5730 VA:1.1186 CE:0.2284
2025-11-30 10:29:08,609 - utils.logger2025-11-30-10.28.07 - INFO - Cur epoch 22 loss TA:0.5315 TV:0.5439 VA:1.1124 CE:0.3138
2025-11-30 10:29:08,999 - utils.logger2025-11-30-10.28.07 - INFO - saving the model at the end of epoch 22, iters 616
2025-11-30 10:29:09,110 - utils.logger2025-11-30-10.28.07 - INFO - End of training epoch 22 / 40 	 Time Taken: 2 sec
2025-11-30 10:29:09,110 - utils.logger2025-11-30-10.28.07 - INFO - learning rate = 0.0002000
2025-11-30 10:29:09,522 - utils.logger2025-11-30-10.28.07 - INFO - Val result of epoch 22 / 40 acc 0.7991 MAE 0.7217 f1 0.7999
2025-11-30 10:29:09,908 - utils.logger2025-11-30-10.28.07 - INFO - Tst result of epoch 22 / 40 acc 0.7991 MAE 0.7217 f1 0.7999
2025-11-30 10:29:10,383 - utils.logger2025-11-30-10.28.07 - INFO - Cur epoch 23 loss TA:0.5484 TV:0.5666 VA:1.0954 CE:0.3859
2025-11-30 10:29:10,940 - utils.logger2025-11-30-10.28.07 - INFO - Cur epoch 23 loss TA:0.5325 TV:0.5670 VA:1.0824 CE:0.4080
2025-11-30 10:29:11,502 - utils.logger2025-11-30-10.28.07 - INFO - Cur epoch 23 loss TA:0.5578 TV:0.5556 VA:1.1177 CE:0.2908
2025-11-30 10:29:11,782 - utils.logger2025-11-30-10.28.07 - INFO - saving the model at the end of epoch 23, iters 644
2025-11-30 10:29:11,890 - utils.logger2025-11-30-10.28.07 - INFO - End of training epoch 23 / 40 	 Time Taken: 1 sec
2025-11-30 10:29:11,890 - utils.logger2025-11-30-10.28.07 - INFO - learning rate = 0.0002000
2025-11-30 10:29:12,311 - utils.logger2025-11-30-10.28.07 - INFO - Val result of epoch 23 / 40 acc 0.7946 MAE 0.7373 f1 0.8005
2025-11-30 10:29:12,706 - utils.logger2025-11-30-10.28.07 - INFO - Tst result of epoch 23 / 40 acc 0.7946 MAE 0.7373 f1 0.8005
2025-11-30 10:29:13,493 - utils.logger2025-11-30-10.28.07 - INFO - Cur epoch 24 loss TA:0.5349 TV:0.5503 VA:1.1037 CE:0.3174
2025-11-30 10:29:14,059 - utils.logger2025-11-30-10.28.07 - INFO - Cur epoch 24 loss TA:0.5374 TV:0.5558 VA:1.0904 CE:0.3177
2025-11-30 10:29:14,656 - utils.logger2025-11-30-10.28.07 - INFO - Cur epoch 24 loss TA:0.5475 TV:0.5597 VA:1.1022 CE:0.3136
2025-11-30 10:29:14,840 - utils.logger2025-11-30-10.28.07 - INFO - saving the model at the end of epoch 24, iters 672
2025-11-30 10:29:14,943 - utils.logger2025-11-30-10.28.07 - INFO - End of training epoch 24 / 40 	 Time Taken: 2 sec
2025-11-30 10:29:14,943 - utils.logger2025-11-30-10.28.07 - INFO - learning rate = 0.0002000
2025-11-30 10:29:15,421 - utils.logger2025-11-30-10.28.07 - INFO - Val result of epoch 24 / 40 acc 0.8125 MAE 0.7288 f1 0.8144
2025-11-30 10:29:15,821 - utils.logger2025-11-30-10.28.07 - INFO - Tst result of epoch 24 / 40 acc 0.8125 MAE 0.7288 f1 0.8144
2025-11-30 10:29:16,648 - utils.logger2025-11-30-10.28.07 - INFO - Cur epoch 25 loss TA:0.5431 TV:0.5651 VA:1.0705 CE:0.1907
2025-11-30 10:29:17,245 - utils.logger2025-11-30-10.28.07 - INFO - Cur epoch 25 loss TA:0.5671 TV:0.5609 VA:1.0941 CE:0.3155
2025-11-30 10:29:17,839 - utils.logger2025-11-30-10.28.07 - INFO - Cur epoch 25 loss TA:0.2771 TV:0.2765 VA:0.5360 CE:0.4116
2025-11-30 10:29:17,908 - utils.logger2025-11-30-10.28.07 - INFO - saving the model at the end of epoch 25, iters 700
2025-11-30 10:29:18,011 - utils.logger2025-11-30-10.28.07 - INFO - End of training epoch 25 / 40 	 Time Taken: 2 sec
2025-11-30 10:29:18,012 - utils.logger2025-11-30-10.28.07 - INFO - learning rate = 0.0002000
2025-11-30 10:29:18,537 - utils.logger2025-11-30-10.28.07 - INFO - Val result of epoch 25 / 40 acc 0.8080 MAE 0.7406 f1 0.8090
2025-11-30 10:29:18,984 - utils.logger2025-11-30-10.28.07 - INFO - Tst result of epoch 25 / 40 acc 0.8080 MAE 0.7406 f1 0.8090
2025-11-30 10:29:19,886 - utils.logger2025-11-30-10.28.07 - INFO - Cur epoch 26 loss TA:0.5261 TV:0.5372 VA:1.0652 CE:0.4277
2025-11-30 10:29:20,463 - utils.logger2025-11-30-10.28.07 - INFO - Cur epoch 26 loss TA:0.5408 TV:0.5415 VA:1.0627 CE:0.2623
2025-11-30 10:29:20,995 - utils.logger2025-11-30-10.28.07 - INFO - saving the model at the end of epoch 26, iters 728
2025-11-30 10:29:21,100 - utils.logger2025-11-30-10.28.07 - INFO - End of training epoch 26 / 40 	 Time Taken: 2 sec
2025-11-30 10:29:21,100 - utils.logger2025-11-30-10.28.07 - INFO - learning rate = 0.0002000
2025-11-30 10:29:21,604 - utils.logger2025-11-30-10.28.07 - INFO - Val result of epoch 26 / 40 acc 0.8214 MAE 0.7419 f1 0.8234
2025-11-30 10:29:22,010 - utils.logger2025-11-30-10.28.07 - INFO - Tst result of epoch 26 / 40 acc 0.8214 MAE 0.7419 f1 0.8234
2025-11-30 10:29:22,490 - utils.logger2025-11-30-10.28.07 - INFO - Cur epoch 27 loss TA:0.5473 TV:0.5656 VA:1.0900 CE:0.2362
2025-11-30 10:29:23,061 - utils.logger2025-11-30-10.28.07 - INFO - Cur epoch 27 loss TA:0.5379 TV:0.5444 VA:1.0859 CE:0.3187
2025-11-30 10:29:23,660 - utils.logger2025-11-30-10.28.07 - INFO - Cur epoch 27 loss TA:0.5268 TV:0.5415 VA:1.0641 CE:0.2791
2025-11-30 10:29:24,063 - utils.logger2025-11-30-10.28.07 - INFO - saving the model at the end of epoch 27, iters 756
2025-11-30 10:29:24,167 - utils.logger2025-11-30-10.28.07 - INFO - End of training epoch 27 / 40 	 Time Taken: 2 sec
2025-11-30 10:29:24,167 - utils.logger2025-11-30-10.28.07 - INFO - learning rate = 0.0002000
2025-11-30 10:29:24,599 - utils.logger2025-11-30-10.28.07 - INFO - Val result of epoch 27 / 40 acc 0.7991 MAE 0.7382 f1 0.8045
2025-11-30 10:29:25,020 - utils.logger2025-11-30-10.28.07 - INFO - Tst result of epoch 27 / 40 acc 0.7991 MAE 0.7382 f1 0.8045
2025-11-30 10:29:25,626 - utils.logger2025-11-30-10.28.07 - INFO - Cur epoch 28 loss TA:0.5197 TV:0.5222 VA:1.0770 CE:0.2905
2025-11-30 10:29:26,222 - utils.logger2025-11-30-10.28.07 - INFO - Cur epoch 28 loss TA:0.5437 TV:0.5304 VA:1.0463 CE:0.2805
2025-11-30 10:29:26,803 - utils.logger2025-11-30-10.28.07 - INFO - Cur epoch 28 loss TA:0.5245 TV:0.5236 VA:1.0741 CE:0.2298
2025-11-30 10:29:27,101 - utils.logger2025-11-30-10.28.07 - INFO - saving the model at the end of epoch 28, iters 784
2025-11-30 10:29:27,202 - utils.logger2025-11-30-10.28.07 - INFO - End of training epoch 28 / 40 	 Time Taken: 2 sec
2025-11-30 10:29:27,202 - utils.logger2025-11-30-10.28.07 - INFO - learning rate = 0.0002000
2025-11-30 10:29:27,716 - utils.logger2025-11-30-10.28.07 - INFO - Val result of epoch 28 / 40 acc 0.7991 MAE 0.7341 f1 0.8045
2025-11-30 10:29:28,210 - utils.logger2025-11-30-10.28.07 - INFO - Tst result of epoch 28 / 40 acc 0.7991 MAE 0.7341 f1 0.8045
2025-11-30 10:29:28,870 - utils.logger2025-11-30-10.28.07 - INFO - Cur epoch 29 loss TA:0.5077 TV:0.5097 VA:1.0040 CE:0.2672
2025-11-30 10:29:29,446 - utils.logger2025-11-30-10.28.07 - INFO - Cur epoch 29 loss TA:0.5484 TV:0.5560 VA:1.1050 CE:0.2308
2025-11-30 10:29:30,029 - utils.logger2025-11-30-10.28.07 - INFO - Cur epoch 29 loss TA:0.5208 TV:0.5298 VA:1.0346 CE:0.2979
2025-11-30 10:29:30,218 - utils.logger2025-11-30-10.28.07 - INFO - saving the model at the end of epoch 29, iters 812
2025-11-30 10:29:30,324 - utils.logger2025-11-30-10.28.07 - INFO - End of training epoch 29 / 40 	 Time Taken: 2 sec
2025-11-30 10:29:30,324 - utils.logger2025-11-30-10.28.07 - INFO - learning rate = 0.0002000
2025-11-30 10:29:30,713 - utils.logger2025-11-30-10.28.07 - INFO - Val result of epoch 29 / 40 acc 0.8125 MAE 0.7347 f1 0.8144
2025-11-30 10:29:31,089 - utils.logger2025-11-30-10.28.07 - INFO - Tst result of epoch 29 / 40 acc 0.8125 MAE 0.7347 f1 0.8144
2025-11-30 10:29:31,750 - utils.logger2025-11-30-10.28.07 - INFO - Cur epoch 30 loss TA:0.5024 TV:0.5045 VA:1.0102 CE:0.2676
2025-11-30 10:29:32,281 - utils.logger2025-11-30-10.28.07 - INFO - Cur epoch 30 loss TA:0.5115 TV:0.5186 VA:1.0387 CE:0.2416
2025-11-30 10:29:32,830 - utils.logger2025-11-30-10.28.07 - INFO - Cur epoch 30 loss TA:0.2078 TV:0.2112 VA:0.4332 CE:0.3499
2025-11-30 10:29:32,893 - utils.logger2025-11-30-10.28.07 - INFO - saving the model at the end of epoch 30, iters 840
2025-11-30 10:29:32,991 - utils.logger2025-11-30-10.28.07 - INFO - End of training epoch 30 / 40 	 Time Taken: 1 sec
2025-11-30 10:29:32,992 - utils.logger2025-11-30-10.28.07 - INFO - learning rate = 0.0001818
2025-11-30 10:29:33,369 - utils.logger2025-11-30-10.28.07 - INFO - Val result of epoch 30 / 40 acc 0.8080 MAE 0.7318 f1 0.8140
2025-11-30 10:29:33,740 - utils.logger2025-11-30-10.28.07 - INFO - Tst result of epoch 30 / 40 acc 0.8080 MAE 0.7318 f1 0.8140
2025-11-30 10:29:34,484 - utils.logger2025-11-30-10.28.07 - INFO - Cur epoch 31 loss TA:0.5233 TV:0.5356 VA:1.0641 CE:0.2395
2025-11-30 10:29:35,014 - utils.logger2025-11-30-10.28.07 - INFO - Cur epoch 31 loss TA:0.5118 TV:0.5135 VA:1.0380 CE:0.2227
2025-11-30 10:29:35,480 - utils.logger2025-11-30-10.28.07 - INFO - saving the model at the end of epoch 31, iters 868
2025-11-30 10:29:35,575 - utils.logger2025-11-30-10.28.07 - INFO - End of training epoch 31 / 40 	 Time Taken: 1 sec
2025-11-30 10:29:35,575 - utils.logger2025-11-30-10.28.07 - INFO - learning rate = 0.0001636
2025-11-30 10:29:35,946 - utils.logger2025-11-30-10.28.07 - INFO - Val result of epoch 31 / 40 acc 0.8214 MAE 0.7258 f1 0.8234
2025-11-30 10:29:36,310 - utils.logger2025-11-30-10.28.07 - INFO - Tst result of epoch 31 / 40 acc 0.8214 MAE 0.7258 f1 0.8234
2025-11-30 10:29:36,630 - utils.logger2025-11-30-10.28.07 - INFO - Cur epoch 32 loss TA:0.5306 TV:0.5517 VA:1.0886 CE:0.2024
2025-11-30 10:29:37,171 - utils.logger2025-11-30-10.28.07 - INFO - Cur epoch 32 loss TA:0.5095 TV:0.5178 VA:1.0325 CE:0.1768
2025-11-30 10:29:37,696 - utils.logger2025-11-30-10.28.07 - INFO - Cur epoch 32 loss TA:0.5092 TV:0.5059 VA:1.0173 CE:0.1750
2025-11-30 10:29:38,058 - utils.logger2025-11-30-10.28.07 - INFO - saving the model at the end of epoch 32, iters 896
2025-11-30 10:29:38,153 - utils.logger2025-11-30-10.28.07 - INFO - End of training epoch 32 / 40 	 Time Taken: 1 sec
2025-11-30 10:29:38,154 - utils.logger2025-11-30-10.28.07 - INFO - learning rate = 0.0001455
2025-11-30 10:29:38,525 - utils.logger2025-11-30-10.28.07 - INFO - Val result of epoch 32 / 40 acc 0.8170 MAE 0.7377 f1 0.8232
2025-11-30 10:29:38,890 - utils.logger2025-11-30-10.28.07 - INFO - Tst result of epoch 32 / 40 acc 0.8170 MAE 0.7377 f1 0.8232
2025-11-30 10:29:39,387 - utils.logger2025-11-30-10.28.07 - INFO - Cur epoch 33 loss TA:0.5118 TV:0.5265 VA:1.0233 CE:0.2364
2025-11-30 10:29:39,919 - utils.logger2025-11-30-10.28.07 - INFO - Cur epoch 33 loss TA:0.4929 TV:0.4961 VA:0.9979 CE:0.2120
2025-11-30 10:29:40,453 - utils.logger2025-11-30-10.28.07 - INFO - Cur epoch 33 loss TA:0.5155 TV:0.5126 VA:1.0422 CE:0.2245
2025-11-30 10:29:40,719 - utils.logger2025-11-30-10.28.07 - INFO - saving the model at the end of epoch 33, iters 924
2025-11-30 10:29:40,819 - utils.logger2025-11-30-10.28.07 - INFO - End of training epoch 33 / 40 	 Time Taken: 1 sec
2025-11-30 10:29:40,819 - utils.logger2025-11-30-10.28.07 - INFO - learning rate = 0.0001273
2025-11-30 10:29:41,199 - utils.logger2025-11-30-10.28.07 - INFO - Val result of epoch 33 / 40 acc 0.8170 MAE 0.7438 f1 0.8229
2025-11-30 10:29:41,589 - utils.logger2025-11-30-10.28.07 - INFO - Tst result of epoch 33 / 40 acc 0.8170 MAE 0.7438 f1 0.8229
2025-11-30 10:29:42,192 - utils.logger2025-11-30-10.28.07 - INFO - Cur epoch 34 loss TA:0.5066 TV:0.5078 VA:1.0173 CE:0.1948
2025-11-30 10:29:42,785 - utils.logger2025-11-30-10.28.07 - INFO - Cur epoch 34 loss TA:0.5140 TV:0.5273 VA:1.0552 CE:0.1944
2025-11-30 10:29:43,358 - utils.logger2025-11-30-10.28.07 - INFO - Cur epoch 34 loss TA:0.5241 TV:0.5314 VA:1.0145 CE:0.2941
2025-11-30 10:29:43,543 - utils.logger2025-11-30-10.28.07 - INFO - saving the model at the end of epoch 34, iters 952
2025-11-30 10:29:43,649 - utils.logger2025-11-30-10.28.07 - INFO - End of training epoch 34 / 40 	 Time Taken: 2 sec
2025-11-30 10:29:43,650 - utils.logger2025-11-30-10.28.07 - INFO - learning rate = 0.0001091
2025-11-30 10:29:44,143 - utils.logger2025-11-30-10.28.07 - INFO - Val result of epoch 34 / 40 acc 0.8304 MAE 0.7363 f1 0.8329
2025-11-30 10:29:44,621 - utils.logger2025-11-30-10.28.07 - INFO - Tst result of epoch 34 / 40 acc 0.8304 MAE 0.7363 f1 0.8329
2025-11-30 10:29:45,426 - utils.logger2025-11-30-10.28.07 - INFO - Cur epoch 35 loss TA:0.5018 TV:0.5096 VA:1.0072 CE:0.1707
2025-11-30 10:29:46,038 - utils.logger2025-11-30-10.28.07 - INFO - Cur epoch 35 loss TA:0.5005 TV:0.5131 VA:1.0068 CE:0.2271
2025-11-30 10:29:46,638 - utils.logger2025-11-30-10.28.07 - INFO - Cur epoch 35 loss TA:0.2253 TV:0.2279 VA:0.4753 CE:0.3616
2025-11-30 10:29:46,726 - utils.logger2025-11-30-10.28.07 - INFO - saving the model at the end of epoch 35, iters 980
2025-11-30 10:29:46,826 - utils.logger2025-11-30-10.28.07 - INFO - End of training epoch 35 / 40 	 Time Taken: 2 sec
2025-11-30 10:29:46,826 - utils.logger2025-11-30-10.28.07 - INFO - learning rate = 0.0000909
2025-11-30 10:29:47,376 - utils.logger2025-11-30-10.28.07 - INFO - Val result of epoch 35 / 40 acc 0.7946 MAE 0.7351 f1 0.7999
2025-11-30 10:29:47,806 - utils.logger2025-11-30-10.28.07 - INFO - Tst result of epoch 35 / 40 acc 0.7946 MAE 0.7351 f1 0.7999
2025-11-30 10:29:48,665 - utils.logger2025-11-30-10.28.07 - INFO - Cur epoch 36 loss TA:0.4902 TV:0.4921 VA:0.9968 CE:0.1795
2025-11-30 10:29:49,241 - utils.logger2025-11-30-10.28.07 - INFO - Cur epoch 36 loss TA:0.5138 TV:0.5082 VA:0.9979 CE:0.1797
2025-11-30 10:29:49,751 - utils.logger2025-11-30-10.28.07 - INFO - saving the model at the end of epoch 36, iters 1008
2025-11-30 10:29:49,851 - utils.logger2025-11-30-10.28.07 - INFO - End of training epoch 36 / 40 	 Time Taken: 2 sec
2025-11-30 10:29:49,851 - utils.logger2025-11-30-10.28.07 - INFO - learning rate = 0.0000727
2025-11-30 10:29:50,277 - utils.logger2025-11-30-10.28.07 - INFO - Val result of epoch 36 / 40 acc 0.8170 MAE 0.7309 f1 0.8188
2025-11-30 10:29:50,727 - utils.logger2025-11-30-10.28.07 - INFO - Tst result of epoch 36 / 40 acc 0.8170 MAE 0.7309 f1 0.8188
2025-11-30 10:29:51,106 - utils.logger2025-11-30-10.28.07 - INFO - Cur epoch 37 loss TA:0.4988 TV:0.5270 VA:1.0138 CE:0.1698
2025-11-30 10:29:51,677 - utils.logger2025-11-30-10.28.07 - INFO - Cur epoch 37 loss TA:0.4966 TV:0.4994 VA:0.9947 CE:0.2758
2025-11-30 10:29:52,272 - utils.logger2025-11-30-10.28.07 - INFO - Cur epoch 37 loss TA:0.4987 TV:0.4984 VA:1.0439 CE:0.2217
2025-11-30 10:29:52,713 - utils.logger2025-11-30-10.28.07 - INFO - saving the model at the end of epoch 37, iters 1036
2025-11-30 10:29:52,808 - utils.logger2025-11-30-10.28.07 - INFO - End of training epoch 37 / 40 	 Time Taken: 2 sec
2025-11-30 10:29:52,809 - utils.logger2025-11-30-10.28.07 - INFO - learning rate = 0.0000545
2025-11-30 10:29:53,308 - utils.logger2025-11-30-10.28.07 - INFO - Val result of epoch 37 / 40 acc 0.8080 MAE 0.7360 f1 0.8100
2025-11-30 10:29:53,848 - utils.logger2025-11-30-10.28.07 - INFO - Tst result of epoch 37 / 40 acc 0.8080 MAE 0.7360 f1 0.8100
2025-11-30 10:29:54,387 - utils.logger2025-11-30-10.28.07 - INFO - Cur epoch 38 loss TA:0.5083 TV:0.5098 VA:0.9857 CE:0.1780
2025-11-30 10:29:54,983 - utils.logger2025-11-30-10.28.07 - INFO - Cur epoch 38 loss TA:0.5130 TV:0.5124 VA:1.0403 CE:0.1787
2025-11-30 10:29:55,555 - utils.logger2025-11-30-10.28.07 - INFO - Cur epoch 38 loss TA:0.4792 TV:0.4851 VA:0.9688 CE:0.2173
2025-11-30 10:29:55,862 - utils.logger2025-11-30-10.28.07 - INFO - saving the model at the end of epoch 38, iters 1064
2025-11-30 10:29:55,968 - utils.logger2025-11-30-10.28.07 - INFO - End of training epoch 38 / 40 	 Time Taken: 2 sec
2025-11-30 10:29:55,969 - utils.logger2025-11-30-10.28.07 - INFO - learning rate = 0.0000364
2025-11-30 10:29:56,480 - utils.logger2025-11-30-10.28.07 - INFO - Val result of epoch 38 / 40 acc 0.8170 MAE 0.7369 f1 0.8186
2025-11-30 10:29:56,934 - utils.logger2025-11-30-10.28.07 - INFO - Tst result of epoch 38 / 40 acc 0.8170 MAE 0.7369 f1 0.8186
2025-11-30 10:29:57,588 - utils.logger2025-11-30-10.28.07 - INFO - Cur epoch 39 loss TA:0.4824 TV:0.4842 VA:0.9751 CE:0.1870
2025-11-30 10:29:58,150 - utils.logger2025-11-30-10.28.07 - INFO - Cur epoch 39 loss TA:0.5278 TV:0.5334 VA:1.0288 CE:0.1683
2025-11-30 10:29:58,706 - utils.logger2025-11-30-10.28.07 - INFO - Cur epoch 39 loss TA:0.5050 TV:0.5110 VA:1.0247 CE:0.2150
2025-11-30 10:29:58,872 - utils.logger2025-11-30-10.28.07 - INFO - saving the model at the end of epoch 39, iters 1092
2025-11-30 10:29:58,981 - utils.logger2025-11-30-10.28.07 - INFO - End of training epoch 39 / 40 	 Time Taken: 2 sec
2025-11-30 10:29:58,982 - utils.logger2025-11-30-10.28.07 - INFO - learning rate = 0.0000182
2025-11-30 10:29:59,572 - utils.logger2025-11-30-10.28.07 - INFO - Val result of epoch 39 / 40 acc 0.8125 MAE 0.7394 f1 0.8142
2025-11-30 10:30:00,000 - utils.logger2025-11-30-10.28.07 - INFO - Tst result of epoch 39 / 40 acc 0.8125 MAE 0.7394 f1 0.8142
2025-11-30 10:30:00,681 - utils.logger2025-11-30-10.28.07 - INFO - Cur epoch 40 loss TA:0.4982 TV:0.5079 VA:1.0206 CE:0.1853
2025-11-30 10:30:01,246 - utils.logger2025-11-30-10.28.07 - INFO - Cur epoch 40 loss TA:0.5009 TV:0.5041 VA:0.9983 CE:0.1540
2025-11-30 10:30:01,860 - utils.logger2025-11-30-10.28.07 - INFO - Cur epoch 40 loss TA:0.1927 TV:0.1979 VA:0.3790 CE:0.1573
2025-11-30 10:30:01,930 - utils.logger2025-11-30-10.28.07 - INFO - saving the model at the end of epoch 40, iters 1120
2025-11-30 10:30:02,039 - utils.logger2025-11-30-10.28.07 - INFO - End of training epoch 40 / 40 	 Time Taken: 2 sec
2025-11-30 10:30:02,039 - utils.logger2025-11-30-10.28.07 - INFO - learning rate = 0.0000000
2025-11-30 10:30:02,445 - utils.logger2025-11-30-10.28.07 - INFO - Val result of epoch 40 / 40 acc 0.8170 MAE 0.7366 f1 0.8186
2025-11-30 10:30:02,898 - utils.logger2025-11-30-10.28.07 - INFO - Tst result of epoch 40 / 40 acc 0.8170 MAE 0.7366 f1 0.8186
2025-11-30 10:30:02,898 - utils.logger2025-11-30-10.28.07 - INFO - Best eval epoch 19 found with f1 0.836907
