2026-03-03 20:01:21,141 - utils.logger2026-03-03-20.01.14 - INFO - The number of training samples = 1750
2026-03-03 20:01:21,141 - utils.logger2026-03-03-20.01.14 - INFO - The number of testing samples = 1344
2026-03-03 20:01:23,754 - utils.logger2026-03-03-20.01.14 - INFO - Cur epoch 1 loss CE:4.8548 mse:2.5548 consistent:3.7359
2026-03-03 20:01:24,411 - utils.logger2026-03-03-20.01.14 - INFO - Cur epoch 1 loss CE:3.0253 mse:1.1467 consistent:3.8977
2026-03-03 20:01:25,089 - utils.logger2026-03-03-20.01.14 - INFO - saving the model at the end of epoch 1, iters 28
2026-03-03 20:01:25,219 - utils.logger2026-03-03-20.01.14 - INFO - End of training epoch 1 / 40 	 Time Taken: 3 sec
2026-03-03 20:01:25,219 - utils.logger2026-03-03-20.01.14 - INFO - learning rate = 0.0002000
2026-03-03 20:01:27,038 - utils.logger2026-03-03-20.01.14 - INFO - Val result of epoch 1 / 40 mae 1.3075 corr 0.0527 f1 0.5977
2026-03-03 20:01:28,759 - utils.logger2026-03-03-20.01.14 - INFO - Tst result of epoch 1 / 40 mae 1.3332 corr 0.1764 f1 0.5812
2026-03-03 20:01:29,929 - utils.logger2026-03-03-20.01.14 - INFO - Cur epoch 2 loss CE:2.8383 mse:1.0010 consistent:3.6658
2026-03-03 20:01:30,547 - utils.logger2026-03-03-20.01.14 - INFO - Cur epoch 2 loss CE:2.6869 mse:0.7760 consistent:3.7552
2026-03-03 20:01:31,187 - utils.logger2026-03-03-20.01.14 - INFO - Cur epoch 2 loss CE:2.5327 mse:0.6649 consistent:3.3627
2026-03-03 20:01:31,719 - utils.logger2026-03-03-20.01.14 - INFO - saving the model at the end of epoch 2, iters 56
2026-03-03 20:01:31,856 - utils.logger2026-03-03-20.01.14 - INFO - End of training epoch 2 / 40 	 Time Taken: 3 sec
2026-03-03 20:01:31,856 - utils.logger2026-03-03-20.01.14 - INFO - learning rate = 0.0002000
2026-03-03 20:01:33,625 - utils.logger2026-03-03-20.01.14 - INFO - Val result of epoch 2 / 40 mae 1.2281 corr 0.3969 f1 0.6495
2026-03-03 20:01:35,360 - utils.logger2026-03-03-20.01.14 - INFO - Tst result of epoch 2 / 40 mae 1.2347 corr 0.4231 f1 0.6425
2026-03-03 20:01:36,613 - utils.logger2026-03-03-20.01.14 - INFO - Cur epoch 3 loss CE:3.2009 mse:0.5023 consistent:3.3181
2026-03-03 20:01:37,246 - utils.logger2026-03-03-20.01.14 - INFO - Cur epoch 3 loss CE:2.0188 mse:0.5073 consistent:3.0477
2026-03-03 20:01:37,885 - utils.logger2026-03-03-20.01.14 - INFO - Cur epoch 3 loss CE:2.1044 mse:0.4966 consistent:2.9602
2026-03-03 20:01:38,306 - utils.logger2026-03-03-20.01.14 - INFO - saving the model at the end of epoch 3, iters 84
2026-03-03 20:01:38,450 - utils.logger2026-03-03-20.01.14 - INFO - End of training epoch 3 / 40 	 Time Taken: 3 sec
2026-03-03 20:01:38,450 - utils.logger2026-03-03-20.01.14 - INFO - learning rate = 0.0002000
2026-03-03 20:01:40,205 - utils.logger2026-03-03-20.01.14 - INFO - Val result of epoch 3 / 40 mae 1.1590 corr 0.4378 f1 0.6446
2026-03-03 20:01:41,925 - utils.logger2026-03-03-20.01.14 - INFO - Tst result of epoch 3 / 40 mae 1.1715 corr 0.4831 f1 0.6435
2026-03-03 20:01:43,324 - utils.logger2026-03-03-20.01.14 - INFO - Cur epoch 4 loss CE:2.5919 mse:0.4495 consistent:2.7538
2026-03-03 20:01:43,945 - utils.logger2026-03-03-20.01.14 - INFO - Cur epoch 4 loss CE:2.3571 mse:0.4437 consistent:2.6187
2026-03-03 20:01:44,518 - utils.logger2026-03-03-20.01.14 - INFO - Cur epoch 4 loss CE:1.9850 mse:0.3359 consistent:2.4807
2026-03-03 20:01:44,783 - utils.logger2026-03-03-20.01.14 - INFO - saving the model at the end of epoch 4, iters 112
2026-03-03 20:01:44,910 - utils.logger2026-03-03-20.01.14 - INFO - End of training epoch 4 / 40 	 Time Taken: 2 sec
2026-03-03 20:01:44,911 - utils.logger2026-03-03-20.01.14 - INFO - learning rate = 0.0002000
2026-03-03 20:01:46,690 - utils.logger2026-03-03-20.01.14 - INFO - Val result of epoch 4 / 40 mae 1.1267 corr 0.4621 f1 0.6808
2026-03-03 20:01:48,463 - utils.logger2026-03-03-20.01.14 - INFO - Tst result of epoch 4 / 40 mae 1.1460 corr 0.4999 f1 0.6592
2026-03-03 20:01:49,956 - utils.logger2026-03-03-20.01.14 - INFO - Cur epoch 5 loss CE:2.2888 mse:0.3367 consistent:2.3526
2026-03-03 20:01:50,551 - utils.logger2026-03-03-20.01.14 - INFO - Cur epoch 5 loss CE:2.6182 mse:0.5082 consistent:2.3657
2026-03-03 20:01:51,086 - utils.logger2026-03-03-20.01.14 - INFO - Cur epoch 5 loss CE:1.5442 mse:0.2792 consistent:1.6960
2026-03-03 20:01:51,228 - utils.logger2026-03-03-20.01.14 - INFO - saving the model at the end of epoch 5, iters 140
2026-03-03 20:01:51,349 - utils.logger2026-03-03-20.01.14 - INFO - End of training epoch 5 / 40 	 Time Taken: 2 sec
2026-03-03 20:01:51,350 - utils.logger2026-03-03-20.01.14 - INFO - learning rate = 0.0002000
2026-03-03 20:01:53,099 - utils.logger2026-03-03-20.01.14 - INFO - Val result of epoch 5 / 40 mae 1.1643 corr 0.4455 f1 0.6777
2026-03-03 20:01:54,809 - utils.logger2026-03-03-20.01.14 - INFO - Tst result of epoch 5 / 40 mae 1.1640 corr 0.4808 f1 0.6661
2026-03-03 20:01:56,318 - utils.logger2026-03-03-20.01.14 - INFO - Cur epoch 6 loss CE:1.7691 mse:0.3053 consistent:1.5199
2026-03-03 20:01:56,893 - utils.logger2026-03-03-20.01.14 - INFO - Cur epoch 6 loss CE:1.8763 mse:0.2329 consistent:1.2338
2026-03-03 20:01:57,474 - utils.logger2026-03-03-20.01.14 - INFO - saving the model at the end of epoch 6, iters 168
2026-03-03 20:01:57,601 - utils.logger2026-03-03-20.01.14 - INFO - End of training epoch 6 / 40 	 Time Taken: 2 sec
2026-03-03 20:01:57,601 - utils.logger2026-03-03-20.01.14 - INFO - learning rate = 0.0002000
2026-03-03 20:01:59,309 - utils.logger2026-03-03-20.01.14 - INFO - Val result of epoch 6 / 40 mae 1.1182 corr 0.4734 f1 0.6841
2026-03-03 20:02:00,998 - utils.logger2026-03-03-20.01.14 - INFO - Tst result of epoch 6 / 40 mae 1.1391 corr 0.5019 f1 0.6635
2026-03-03 20:02:02,102 - utils.logger2026-03-03-20.01.14 - INFO - Cur epoch 7 loss CE:2.1923 mse:0.2818 consistent:1.1180
2026-03-03 20:02:02,649 - utils.logger2026-03-03-20.01.14 - INFO - Cur epoch 7 loss CE:1.9676 mse:0.2862 consistent:1.0763
2026-03-03 20:02:03,187 - utils.logger2026-03-03-20.01.14 - INFO - Cur epoch 7 loss CE:1.7242 mse:0.2293 consistent:0.8814
2026-03-03 20:02:03,649 - utils.logger2026-03-03-20.01.14 - INFO - saving the model at the end of epoch 7, iters 196
2026-03-03 20:02:03,776 - utils.logger2026-03-03-20.01.14 - INFO - End of training epoch 7 / 40 	 Time Taken: 2 sec
2026-03-03 20:02:03,776 - utils.logger2026-03-03-20.01.14 - INFO - learning rate = 0.0002000
2026-03-03 20:02:05,510 - utils.logger2026-03-03-20.01.14 - INFO - Val result of epoch 7 / 40 mae 1.1278 corr 0.4757 f1 0.6732
2026-03-03 20:02:07,259 - utils.logger2026-03-03-20.01.14 - INFO - Tst result of epoch 7 / 40 mae 1.1327 corr 0.4946 f1 0.6547
2026-03-03 20:02:08,515 - utils.logger2026-03-03-20.01.14 - INFO - Cur epoch 8 loss CE:1.7817 mse:0.2167 consistent:0.9011
2026-03-03 20:02:09,096 - utils.logger2026-03-03-20.01.14 - INFO - Cur epoch 8 loss CE:1.7072 mse:0.2546 consistent:0.8627
2026-03-03 20:02:09,712 - utils.logger2026-03-03-20.01.14 - INFO - Cur epoch 8 loss CE:1.8440 mse:0.2848 consistent:0.7909
2026-03-03 20:02:10,086 - utils.logger2026-03-03-20.01.14 - INFO - saving the model at the end of epoch 8, iters 224
2026-03-03 20:02:10,211 - utils.logger2026-03-03-20.01.14 - INFO - End of training epoch 8 / 40 	 Time Taken: 2 sec
2026-03-03 20:02:10,212 - utils.logger2026-03-03-20.01.14 - INFO - learning rate = 0.0002000
2026-03-03 20:02:11,948 - utils.logger2026-03-03-20.01.14 - INFO - Val result of epoch 8 / 40 mae 1.1243 corr 0.4708 f1 0.6423
2026-03-03 20:02:13,670 - utils.logger2026-03-03-20.01.14 - INFO - Tst result of epoch 8 / 40 mae 1.1085 corr 0.5005 f1 0.6546
2026-03-03 20:02:14,992 - utils.logger2026-03-03-20.01.14 - INFO - Cur epoch 9 loss CE:2.0258 mse:0.2540 consistent:0.7355
2026-03-03 20:02:15,572 - utils.logger2026-03-03-20.01.14 - INFO - Cur epoch 9 loss CE:1.6998 mse:0.2259 consistent:0.8379
2026-03-03 20:02:16,131 - utils.logger2026-03-03-20.01.14 - INFO - Cur epoch 9 loss CE:1.6190 mse:0.2287 consistent:0.7608
2026-03-03 20:02:16,380 - utils.logger2026-03-03-20.01.14 - INFO - saving the model at the end of epoch 9, iters 252
2026-03-03 20:02:16,499 - utils.logger2026-03-03-20.01.14 - INFO - End of training epoch 9 / 40 	 Time Taken: 2 sec
2026-03-03 20:02:16,499 - utils.logger2026-03-03-20.01.14 - INFO - learning rate = 0.0002000
2026-03-03 20:02:18,205 - utils.logger2026-03-03-20.01.14 - INFO - Val result of epoch 9 / 40 mae 1.1484 corr 0.4587 f1 0.6651
2026-03-03 20:02:20,001 - utils.logger2026-03-03-20.01.14 - INFO - Tst result of epoch 9 / 40 mae 1.1430 corr 0.4767 f1 0.6440
2026-03-03 20:02:21,514 - utils.logger2026-03-03-20.01.14 - INFO - Cur epoch 10 loss CE:1.8010 mse:0.2244 consistent:0.7094
2026-03-03 20:02:22,174 - utils.logger2026-03-03-20.01.14 - INFO - Cur epoch 10 loss CE:1.7227 mse:0.3194 consistent:0.7307
2026-03-03 20:02:22,854 - utils.logger2026-03-03-20.01.14 - INFO - Cur epoch 10 loss CE:1.3702 mse:0.2114 consistent:0.7340
2026-03-03 20:02:23,016 - utils.logger2026-03-03-20.01.14 - INFO - saving the model at the end of epoch 10, iters 280
2026-03-03 20:02:23,148 - utils.logger2026-03-03-20.01.14 - INFO - End of training epoch 10 / 40 	 Time Taken: 3 sec
2026-03-03 20:02:23,148 - utils.logger2026-03-03-20.01.14 - INFO - learning rate = 0.0002000
2026-03-03 20:02:24,874 - utils.logger2026-03-03-20.01.14 - INFO - Val result of epoch 10 / 40 mae 1.1090 corr 0.4770 f1 0.6785
2026-03-03 20:02:26,634 - utils.logger2026-03-03-20.01.14 - INFO - Tst result of epoch 10 / 40 mae 1.1295 corr 0.5005 f1 0.6581
2026-03-03 20:02:28,378 - utils.logger2026-03-03-20.01.14 - INFO - Cur epoch 11 loss CE:1.6875 mse:0.2016 consistent:0.6303
2026-03-03 20:02:29,006 - utils.logger2026-03-03-20.01.14 - INFO - Cur epoch 11 loss CE:1.9423 mse:0.2662 consistent:0.7927
2026-03-03 20:02:29,686 - utils.logger2026-03-03-20.01.14 - INFO - saving the model at the end of epoch 11, iters 308
2026-03-03 20:02:29,862 - utils.logger2026-03-03-20.01.14 - INFO - End of training epoch 11 / 40 	 Time Taken: 3 sec
2026-03-03 20:02:29,862 - utils.logger2026-03-03-20.01.14 - INFO - learning rate = 0.0002000
2026-03-03 20:02:31,643 - utils.logger2026-03-03-20.01.14 - INFO - Val result of epoch 11 / 40 mae 1.1253 corr 0.4747 f1 0.6740
2026-03-03 20:02:33,424 - utils.logger2026-03-03-20.01.14 - INFO - Tst result of epoch 11 / 40 mae 1.1121 corr 0.5011 f1 0.6606
2026-03-03 20:02:34,590 - utils.logger2026-03-03-20.01.14 - INFO - Cur epoch 12 loss CE:1.6622 mse:0.2101 consistent:0.7266
2026-03-03 20:02:35,258 - utils.logger2026-03-03-20.01.14 - INFO - Cur epoch 12 loss CE:1.6289 mse:0.2005 consistent:0.7637
2026-03-03 20:02:35,797 - utils.logger2026-03-03-20.01.14 - INFO - Cur epoch 12 loss CE:1.4457 mse:0.2035 consistent:0.7022
2026-03-03 20:02:36,272 - utils.logger2026-03-03-20.01.14 - INFO - saving the model at the end of epoch 12, iters 336
2026-03-03 20:02:36,395 - utils.logger2026-03-03-20.01.14 - INFO - End of training epoch 12 / 40 	 Time Taken: 2 sec
2026-03-03 20:02:36,396 - utils.logger2026-03-03-20.01.14 - INFO - learning rate = 0.0002000
2026-03-03 20:02:38,249 - utils.logger2026-03-03-20.01.14 - INFO - Val result of epoch 12 / 40 mae 1.1152 corr 0.4760 f1 0.6847
2026-03-03 20:02:40,057 - utils.logger2026-03-03-20.01.14 - INFO - Tst result of epoch 12 / 40 mae 1.1405 corr 0.4984 f1 0.6587
2026-03-03 20:02:41,304 - utils.logger2026-03-03-20.01.14 - INFO - Cur epoch 13 loss CE:1.3052 mse:0.2327 consistent:0.7931
2026-03-03 20:02:41,910 - utils.logger2026-03-03-20.01.14 - INFO - Cur epoch 13 loss CE:1.6794 mse:0.2253 consistent:0.7048
2026-03-03 20:02:42,462 - utils.logger2026-03-03-20.01.14 - INFO - Cur epoch 13 loss CE:1.7101 mse:0.2066 consistent:0.6854
2026-03-03 20:02:42,845 - utils.logger2026-03-03-20.01.14 - INFO - saving the model at the end of epoch 13, iters 364
2026-03-03 20:02:43,010 - utils.logger2026-03-03-20.01.14 - INFO - End of training epoch 13 / 40 	 Time Taken: 2 sec
2026-03-03 20:02:43,011 - utils.logger2026-03-03-20.01.14 - INFO - learning rate = 0.0002000
2026-03-03 20:02:44,791 - utils.logger2026-03-03-20.01.14 - INFO - Val result of epoch 13 / 40 mae 1.1095 corr 0.4752 f1 0.6821
2026-03-03 20:02:46,591 - utils.logger2026-03-03-20.01.14 - INFO - Tst result of epoch 13 / 40 mae 1.1154 corr 0.5095 f1 0.6629
2026-03-03 20:02:47,935 - utils.logger2026-03-03-20.01.14 - INFO - Cur epoch 14 loss CE:1.7502 mse:0.2291 consistent:0.7163
2026-03-03 20:02:48,601 - utils.logger2026-03-03-20.01.14 - INFO - Cur epoch 14 loss CE:1.4949 mse:0.1920 consistent:0.6330
2026-03-03 20:02:49,275 - utils.logger2026-03-03-20.01.14 - INFO - Cur epoch 14 loss CE:1.7943 mse:0.2319 consistent:0.7104
2026-03-03 20:02:49,568 - utils.logger2026-03-03-20.01.14 - INFO - saving the model at the end of epoch 14, iters 392
2026-03-03 20:02:49,727 - utils.logger2026-03-03-20.01.14 - INFO - End of training epoch 14 / 40 	 Time Taken: 3 sec
2026-03-03 20:02:49,727 - utils.logger2026-03-03-20.01.14 - INFO - learning rate = 0.0002000
2026-03-03 20:02:51,494 - utils.logger2026-03-03-20.01.14 - INFO - Val result of epoch 14 / 40 mae 1.1058 corr 0.4777 f1 0.6868
2026-03-03 20:02:53,165 - utils.logger2026-03-03-20.01.14 - INFO - Tst result of epoch 14 / 40 mae 1.1043 corr 0.5123 f1 0.6667
2026-03-03 20:02:54,591 - utils.logger2026-03-03-20.01.14 - INFO - Cur epoch 15 loss CE:1.2941 mse:0.1962 consistent:0.6535
2026-03-03 20:02:55,136 - utils.logger2026-03-03-20.01.14 - INFO - Cur epoch 15 loss CE:1.6291 mse:0.2091 consistent:0.7069
2026-03-03 20:02:55,688 - utils.logger2026-03-03-20.01.14 - INFO - Cur epoch 15 loss CE:1.9314 mse:0.1969 consistent:0.5554
2026-03-03 20:02:55,833 - utils.logger2026-03-03-20.01.14 - INFO - saving the model at the end of epoch 15, iters 420
2026-03-03 20:02:55,965 - utils.logger2026-03-03-20.01.14 - INFO - End of training epoch 15 / 40 	 Time Taken: 2 sec
2026-03-03 20:02:55,966 - utils.logger2026-03-03-20.01.14 - INFO - learning rate = 0.0002000
2026-03-03 20:02:57,685 - utils.logger2026-03-03-20.01.14 - INFO - Val result of epoch 15 / 40 mae 1.1047 corr 0.4887 f1 0.6937
2026-03-03 20:02:59,361 - utils.logger2026-03-03-20.01.14 - INFO - Tst result of epoch 15 / 40 mae 1.1077 corr 0.5120 f1 0.6632
2026-03-03 20:03:00,928 - utils.logger2026-03-03-20.01.14 - INFO - Cur epoch 16 loss CE:1.3375 mse:0.1718 consistent:0.6545
2026-03-03 20:03:01,440 - utils.logger2026-03-03-20.01.14 - INFO - Cur epoch 16 loss CE:1.3554 mse:0.1815 consistent:0.6403
2026-03-03 20:03:01,996 - utils.logger2026-03-03-20.01.14 - INFO - saving the model at the end of epoch 16, iters 448
2026-03-03 20:03:02,116 - utils.logger2026-03-03-20.01.14 - INFO - End of training epoch 16 / 40 	 Time Taken: 2 sec
2026-03-03 20:03:02,116 - utils.logger2026-03-03-20.01.14 - INFO - learning rate = 0.0002000
2026-03-03 20:03:03,888 - utils.logger2026-03-03-20.01.14 - INFO - Val result of epoch 16 / 40 mae 1.1067 corr 0.4851 f1 0.6879
2026-03-03 20:03:05,597 - utils.logger2026-03-03-20.01.14 - INFO - Tst result of epoch 16 / 40 mae 1.1249 corr 0.5067 f1 0.6578
2026-03-03 20:03:06,684 - utils.logger2026-03-03-20.01.14 - INFO - Cur epoch 17 loss CE:1.2787 mse:0.1828 consistent:0.6481
2026-03-03 20:03:07,310 - utils.logger2026-03-03-20.01.14 - INFO - Cur epoch 17 loss CE:1.5541 mse:0.2277 consistent:0.6685
2026-03-03 20:03:07,931 - utils.logger2026-03-03-20.01.14 - INFO - Cur epoch 17 loss CE:1.2586 mse:0.1689 consistent:0.6551
2026-03-03 20:03:08,441 - utils.logger2026-03-03-20.01.14 - INFO - saving the model at the end of epoch 17, iters 476
2026-03-03 20:03:08,573 - utils.logger2026-03-03-20.01.14 - INFO - End of training epoch 17 / 40 	 Time Taken: 2 sec
2026-03-03 20:03:08,573 - utils.logger2026-03-03-20.01.14 - INFO - learning rate = 0.0002000
2026-03-03 20:03:10,300 - utils.logger2026-03-03-20.01.14 - INFO - Val result of epoch 17 / 40 mae 1.1299 corr 0.4762 f1 0.6892
2026-03-03 20:03:11,994 - utils.logger2026-03-03-20.01.14 - INFO - Tst result of epoch 17 / 40 mae 1.1229 corr 0.4882 f1 0.6370
2026-03-03 20:03:13,215 - utils.logger2026-03-03-20.01.14 - INFO - Cur epoch 18 loss CE:1.4071 mse:0.1897 consistent:0.6468
2026-03-03 20:03:13,760 - utils.logger2026-03-03-20.01.14 - INFO - Cur epoch 18 loss CE:1.2610 mse:0.1816 consistent:0.6566
2026-03-03 20:03:14,344 - utils.logger2026-03-03-20.01.14 - INFO - Cur epoch 18 loss CE:1.8345 mse:0.2180 consistent:0.6097
2026-03-03 20:03:14,703 - utils.logger2026-03-03-20.01.14 - INFO - saving the model at the end of epoch 18, iters 504
2026-03-03 20:03:14,824 - utils.logger2026-03-03-20.01.14 - INFO - End of training epoch 18 / 40 	 Time Taken: 2 sec
2026-03-03 20:03:14,824 - utils.logger2026-03-03-20.01.14 - INFO - learning rate = 0.0002000
2026-03-03 20:03:16,607 - utils.logger2026-03-03-20.01.14 - INFO - Val result of epoch 18 / 40 mae 1.1001 corr 0.5016 f1 0.7020
2026-03-03 20:03:18,304 - utils.logger2026-03-03-20.01.14 - INFO - Tst result of epoch 18 / 40 mae 1.1098 corr 0.5175 f1 0.6694
2026-03-03 20:03:19,659 - utils.logger2026-03-03-20.01.14 - INFO - Cur epoch 19 loss CE:1.1715 mse:0.1951 consistent:0.6363
2026-03-03 20:03:20,293 - utils.logger2026-03-03-20.01.14 - INFO - Cur epoch 19 loss CE:1.2105 mse:0.2021 consistent:0.6709
2026-03-03 20:03:20,925 - utils.logger2026-03-03-20.01.14 - INFO - Cur epoch 19 loss CE:1.3426 mse:0.1826 consistent:0.6477
2026-03-03 20:03:21,189 - utils.logger2026-03-03-20.01.14 - INFO - saving the model at the end of epoch 19, iters 532
2026-03-03 20:03:21,311 - utils.logger2026-03-03-20.01.14 - INFO - End of training epoch 19 / 40 	 Time Taken: 3 sec
2026-03-03 20:03:21,311 - utils.logger2026-03-03-20.01.14 - INFO - learning rate = 0.0002000
2026-03-03 20:03:23,025 - utils.logger2026-03-03-20.01.14 - INFO - Val result of epoch 19 / 40 mae 1.1177 corr 0.4803 f1 0.6866
2026-03-03 20:03:24,789 - utils.logger2026-03-03-20.01.14 - INFO - Tst result of epoch 19 / 40 mae 1.1253 corr 0.5047 f1 0.6603
2026-03-03 20:03:26,266 - utils.logger2026-03-03-20.01.14 - INFO - Cur epoch 20 loss CE:1.3688 mse:0.1962 consistent:0.6737
2026-03-03 20:03:26,903 - utils.logger2026-03-03-20.01.14 - INFO - Cur epoch 20 loss CE:1.6772 mse:0.2112 consistent:0.6147
2026-03-03 20:03:27,580 - utils.logger2026-03-03-20.01.14 - INFO - Cur epoch 20 loss CE:1.1454 mse:0.1802 consistent:0.7309
2026-03-03 20:03:27,731 - utils.logger2026-03-03-20.01.14 - INFO - saving the model at the end of epoch 20, iters 560
2026-03-03 20:03:27,871 - utils.logger2026-03-03-20.01.14 - INFO - End of training epoch 20 / 40 	 Time Taken: 3 sec
2026-03-03 20:03:27,871 - utils.logger2026-03-03-20.01.14 - INFO - learning rate = 0.0001905
2026-03-03 20:03:29,627 - utils.logger2026-03-03-20.01.14 - INFO - Val result of epoch 20 / 40 mae 1.0978 corr 0.5072 f1 0.7109
2026-03-03 20:03:31,398 - utils.logger2026-03-03-20.01.14 - INFO - Tst result of epoch 20 / 40 mae 1.1207 corr 0.5133 f1 0.6604
2026-03-03 20:03:33,132 - utils.logger2026-03-03-20.01.14 - INFO - Cur epoch 21 loss CE:1.6735 mse:0.2164 consistent:0.6345
2026-03-03 20:03:33,809 - utils.logger2026-03-03-20.01.14 - INFO - Cur epoch 21 loss CE:1.7729 mse:0.2079 consistent:0.6650
2026-03-03 20:03:34,501 - utils.logger2026-03-03-20.01.14 - INFO - saving the model at the end of epoch 21, iters 588
2026-03-03 20:03:34,637 - utils.logger2026-03-03-20.01.14 - INFO - End of training epoch 21 / 40 	 Time Taken: 3 sec
2026-03-03 20:03:34,637 - utils.logger2026-03-03-20.01.14 - INFO - learning rate = 0.0001810
2026-03-03 20:03:36,461 - utils.logger2026-03-03-20.01.14 - INFO - Val result of epoch 21 / 40 mae 1.1147 corr 0.5021 f1 0.7101
2026-03-03 20:03:38,249 - utils.logger2026-03-03-20.01.14 - INFO - Tst result of epoch 21 / 40 mae 1.1268 corr 0.5104 f1 0.6462
2026-03-03 20:03:39,389 - utils.logger2026-03-03-20.01.14 - INFO - Cur epoch 22 loss CE:1.3977 mse:0.1958 consistent:0.6108
2026-03-03 20:03:40,046 - utils.logger2026-03-03-20.01.14 - INFO - Cur epoch 22 loss CE:1.2539 mse:0.1830 consistent:0.6475
2026-03-03 20:03:40,709 - utils.logger2026-03-03-20.01.14 - INFO - Cur epoch 22 loss CE:1.3723 mse:0.1676 consistent:0.5880
2026-03-03 20:03:41,283 - utils.logger2026-03-03-20.01.14 - INFO - saving the model at the end of epoch 22, iters 616
2026-03-03 20:03:41,424 - utils.logger2026-03-03-20.01.14 - INFO - End of training epoch 22 / 40 	 Time Taken: 3 sec
2026-03-03 20:03:41,424 - utils.logger2026-03-03-20.01.14 - INFO - learning rate = 0.0001714
2026-03-03 20:03:43,249 - utils.logger2026-03-03-20.01.14 - INFO - Val result of epoch 22 / 40 mae 1.0867 corr 0.5099 f1 0.7094
2026-03-03 20:03:44,973 - utils.logger2026-03-03-20.01.14 - INFO - Tst result of epoch 22 / 40 mae 1.1330 corr 0.5020 f1 0.6594
2026-03-03 20:03:46,242 - utils.logger2026-03-03-20.01.14 - INFO - Cur epoch 23 loss CE:1.4158 mse:0.1964 consistent:0.6306
2026-03-03 20:03:46,883 - utils.logger2026-03-03-20.01.14 - INFO - Cur epoch 23 loss CE:1.4914 mse:0.1860 consistent:0.6157
2026-03-03 20:03:47,534 - utils.logger2026-03-03-20.01.14 - INFO - Cur epoch 23 loss CE:1.5259 mse:0.1997 consistent:0.6265
2026-03-03 20:03:47,935 - utils.logger2026-03-03-20.01.14 - INFO - saving the model at the end of epoch 23, iters 644
2026-03-03 20:03:48,064 - utils.logger2026-03-03-20.01.14 - INFO - End of training epoch 23 / 40 	 Time Taken: 3 sec
2026-03-03 20:03:48,064 - utils.logger2026-03-03-20.01.14 - INFO - learning rate = 0.0001619
2026-03-03 20:03:49,825 - utils.logger2026-03-03-20.01.14 - INFO - Val result of epoch 23 / 40 mae 1.0848 corr 0.5066 f1 0.7030
2026-03-03 20:03:51,629 - utils.logger2026-03-03-20.01.14 - INFO - Tst result of epoch 23 / 40 mae 1.1237 corr 0.5091 f1 0.6593
2026-03-03 20:03:53,066 - utils.logger2026-03-03-20.01.14 - INFO - Cur epoch 24 loss CE:1.7281 mse:0.2297 consistent:0.6470
2026-03-03 20:03:53,645 - utils.logger2026-03-03-20.01.14 - INFO - Cur epoch 24 loss CE:1.3493 mse:0.2163 consistent:0.6663
2026-03-03 20:03:54,225 - utils.logger2026-03-03-20.01.14 - INFO - Cur epoch 24 loss CE:1.3212 mse:0.1969 consistent:0.6330
2026-03-03 20:03:54,481 - utils.logger2026-03-03-20.01.14 - INFO - saving the model at the end of epoch 24, iters 672
2026-03-03 20:03:54,617 - utils.logger2026-03-03-20.01.14 - INFO - End of training epoch 24 / 40 	 Time Taken: 2 sec
2026-03-03 20:03:54,617 - utils.logger2026-03-03-20.01.14 - INFO - learning rate = 0.0001524
2026-03-03 20:03:56,335 - utils.logger2026-03-03-20.01.14 - INFO - Val result of epoch 24 / 40 mae 1.0868 corr 0.5059 f1 0.7108
2026-03-03 20:03:58,077 - utils.logger2026-03-03-20.01.14 - INFO - Tst result of epoch 24 / 40 mae 1.1447 corr 0.4910 f1 0.6469
2026-03-03 20:03:59,504 - utils.logger2026-03-03-20.01.14 - INFO - Cur epoch 25 loss CE:1.4819 mse:0.2029 consistent:0.6239
2026-03-03 20:04:00,062 - utils.logger2026-03-03-20.01.14 - INFO - Cur epoch 25 loss CE:1.1353 mse:0.1744 consistent:0.5826
2026-03-03 20:04:00,591 - utils.logger2026-03-03-20.01.14 - INFO - Cur epoch 25 loss CE:0.8945 mse:0.1808 consistent:0.5722
2026-03-03 20:04:00,737 - utils.logger2026-03-03-20.01.14 - INFO - saving the model at the end of epoch 25, iters 700
2026-03-03 20:04:00,872 - utils.logger2026-03-03-20.01.14 - INFO - End of training epoch 25 / 40 	 Time Taken: 2 sec
2026-03-03 20:04:00,873 - utils.logger2026-03-03-20.01.14 - INFO - learning rate = 0.0001429
2026-03-03 20:04:02,567 - utils.logger2026-03-03-20.01.14 - INFO - Val result of epoch 25 / 40 mae 1.0860 corr 0.5133 f1 0.7027
2026-03-03 20:04:04,300 - utils.logger2026-03-03-20.01.14 - INFO - Tst result of epoch 25 / 40 mae 1.1168 corr 0.4982 f1 0.6566
2026-03-03 20:04:05,820 - utils.logger2026-03-03-20.01.14 - INFO - Cur epoch 26 loss CE:1.2492 mse:0.1875 consistent:0.6035
2026-03-03 20:04:06,339 - utils.logger2026-03-03-20.01.14 - INFO - Cur epoch 26 loss CE:1.2459 mse:0.1890 consistent:0.5765
2026-03-03 20:04:06,928 - utils.logger2026-03-03-20.01.14 - INFO - saving the model at the end of epoch 26, iters 728
2026-03-03 20:04:07,051 - utils.logger2026-03-03-20.01.14 - INFO - End of training epoch 26 / 40 	 Time Taken: 2 sec
2026-03-03 20:04:07,051 - utils.logger2026-03-03-20.01.14 - INFO - learning rate = 0.0001333
2026-03-03 20:04:08,816 - utils.logger2026-03-03-20.01.14 - INFO - Val result of epoch 26 / 40 mae 1.0947 corr 0.5098 f1 0.7166
2026-03-03 20:04:10,591 - utils.logger2026-03-03-20.01.14 - INFO - Tst result of epoch 26 / 40 mae 1.1412 corr 0.4886 f1 0.6486
2026-03-03 20:04:11,716 - utils.logger2026-03-03-20.01.14 - INFO - Cur epoch 27 loss CE:1.0078 mse:0.1740 consistent:0.6320
2026-03-03 20:04:12,292 - utils.logger2026-03-03-20.01.14 - INFO - Cur epoch 27 loss CE:1.0979 mse:0.1711 consistent:0.6173
2026-03-03 20:04:12,853 - utils.logger2026-03-03-20.01.14 - INFO - Cur epoch 27 loss CE:1.3382 mse:0.2133 consistent:0.6047
2026-03-03 20:04:13,407 - utils.logger2026-03-03-20.01.14 - INFO - saving the model at the end of epoch 27, iters 756
2026-03-03 20:04:13,548 - utils.logger2026-03-03-20.01.14 - INFO - End of training epoch 27 / 40 	 Time Taken: 2 sec
2026-03-03 20:04:13,548 - utils.logger2026-03-03-20.01.14 - INFO - learning rate = 0.0001238
2026-03-03 20:04:15,301 - utils.logger2026-03-03-20.01.14 - INFO - Val result of epoch 27 / 40 mae 1.0910 corr 0.5141 f1 0.7092
2026-03-03 20:04:17,011 - utils.logger2026-03-03-20.01.14 - INFO - Tst result of epoch 27 / 40 mae 1.1453 corr 0.4853 f1 0.6448
2026-03-03 20:04:18,275 - utils.logger2026-03-03-20.01.14 - INFO - Cur epoch 28 loss CE:1.3502 mse:0.2116 consistent:0.6383
2026-03-03 20:04:18,829 - utils.logger2026-03-03-20.01.14 - INFO - Cur epoch 28 loss CE:1.5869 mse:0.1948 consistent:0.6173
2026-03-03 20:04:19,367 - utils.logger2026-03-03-20.01.14 - INFO - Cur epoch 28 loss CE:1.3788 mse:0.1786 consistent:0.5812
2026-03-03 20:04:19,725 - utils.logger2026-03-03-20.01.14 - INFO - saving the model at the end of epoch 28, iters 784
2026-03-03 20:04:19,876 - utils.logger2026-03-03-20.01.14 - INFO - End of training epoch 28 / 40 	 Time Taken: 2 sec
2026-03-03 20:04:19,877 - utils.logger2026-03-03-20.01.14 - INFO - learning rate = 0.0001143
2026-03-03 20:04:21,634 - utils.logger2026-03-03-20.01.14 - INFO - Val result of epoch 28 / 40 mae 1.0883 corr 0.5092 f1 0.7067
2026-03-03 20:04:23,422 - utils.logger2026-03-03-20.01.14 - INFO - Tst result of epoch 28 / 40 mae 1.1372 corr 0.4839 f1 0.6486
2026-03-03 20:04:24,871 - utils.logger2026-03-03-20.01.14 - INFO - Cur epoch 29 loss CE:1.6035 mse:0.2197 consistent:0.5866
2026-03-03 20:04:25,477 - utils.logger2026-03-03-20.01.14 - INFO - Cur epoch 29 loss CE:1.2058 mse:0.1819 consistent:0.5732
2026-03-03 20:04:26,105 - utils.logger2026-03-03-20.01.14 - INFO - Cur epoch 29 loss CE:1.1045 mse:0.1779 consistent:0.5989
2026-03-03 20:04:26,378 - utils.logger2026-03-03-20.01.14 - INFO - saving the model at the end of epoch 29, iters 812
2026-03-03 20:04:26,513 - utils.logger2026-03-03-20.01.14 - INFO - End of training epoch 29 / 40 	 Time Taken: 3 sec
2026-03-03 20:04:26,513 - utils.logger2026-03-03-20.01.14 - INFO - learning rate = 0.0001048
2026-03-03 20:04:28,353 - utils.logger2026-03-03-20.01.14 - INFO - Val result of epoch 29 / 40 mae 1.0802 corr 0.5120 f1 0.7114
2026-03-03 20:04:30,121 - utils.logger2026-03-03-20.01.14 - INFO - Tst result of epoch 29 / 40 mae 1.1212 corr 0.4930 f1 0.6530
2026-03-03 20:04:31,620 - utils.logger2026-03-03-20.01.14 - INFO - Cur epoch 30 loss CE:0.9980 mse:0.1892 consistent:0.5947
2026-03-03 20:04:32,148 - utils.logger2026-03-03-20.01.14 - INFO - Cur epoch 30 loss CE:1.7277 mse:0.2191 consistent:0.6327
2026-03-03 20:04:32,718 - utils.logger2026-03-03-20.01.14 - INFO - Cur epoch 30 loss CE:0.5365 mse:0.1237 consistent:0.5041
2026-03-03 20:04:32,851 - utils.logger2026-03-03-20.01.14 - INFO - saving the model at the end of epoch 30, iters 840
2026-03-03 20:04:32,980 - utils.logger2026-03-03-20.01.14 - INFO - End of training epoch 30 / 40 	 Time Taken: 2 sec
2026-03-03 20:04:32,980 - utils.logger2026-03-03-20.01.14 - INFO - learning rate = 0.0000952
2026-03-03 20:04:34,822 - utils.logger2026-03-03-20.01.14 - INFO - Val result of epoch 30 / 40 mae 1.0784 corr 0.5205 f1 0.7194
2026-03-03 20:04:36,622 - utils.logger2026-03-03-20.01.14 - INFO - Tst result of epoch 30 / 40 mae 1.1308 corr 0.4841 f1 0.6468
2026-03-03 20:04:38,318 - utils.logger2026-03-03-20.01.14 - INFO - Cur epoch 31 loss CE:1.5453 mse:0.2148 consistent:0.5936
2026-03-03 20:04:38,953 - utils.logger2026-03-03-20.01.14 - INFO - Cur epoch 31 loss CE:1.6371 mse:0.2104 consistent:0.5620
2026-03-03 20:04:39,609 - utils.logger2026-03-03-20.01.14 - INFO - saving the model at the end of epoch 31, iters 868
2026-03-03 20:04:39,759 - utils.logger2026-03-03-20.01.14 - INFO - End of training epoch 31 / 40 	 Time Taken: 3 sec
2026-03-03 20:04:39,760 - utils.logger2026-03-03-20.01.14 - INFO - learning rate = 0.0000857
2026-03-03 20:04:41,524 - utils.logger2026-03-03-20.01.14 - INFO - Val result of epoch 31 / 40 mae 1.0815 corr 0.5222 f1 0.7166
2026-03-03 20:04:43,325 - utils.logger2026-03-03-20.01.14 - INFO - Tst result of epoch 31 / 40 mae 1.1373 corr 0.4827 f1 0.6493
2026-03-03 20:04:44,492 - utils.logger2026-03-03-20.01.14 - INFO - Cur epoch 32 loss CE:1.2836 mse:0.1869 consistent:0.6136
2026-03-03 20:04:45,158 - utils.logger2026-03-03-20.01.14 - INFO - Cur epoch 32 loss CE:1.6782 mse:0.2130 consistent:0.6077
2026-03-03 20:04:45,818 - utils.logger2026-03-03-20.01.14 - INFO - Cur epoch 32 loss CE:1.4661 mse:0.2191 consistent:0.6604
2026-03-03 20:04:46,334 - utils.logger2026-03-03-20.01.14 - INFO - saving the model at the end of epoch 32, iters 896
2026-03-03 20:04:46,483 - utils.logger2026-03-03-20.01.14 - INFO - End of training epoch 32 / 40 	 Time Taken: 3 sec
2026-03-03 20:04:46,484 - utils.logger2026-03-03-20.01.14 - INFO - learning rate = 0.0000762
2026-03-03 20:04:48,233 - utils.logger2026-03-03-20.01.14 - INFO - Val result of epoch 32 / 40 mae 1.0810 corr 0.5173 f1 0.7068
2026-03-03 20:04:49,994 - utils.logger2026-03-03-20.01.14 - INFO - Tst result of epoch 32 / 40 mae 1.1203 corr 0.4895 f1 0.6450
2026-03-03 20:04:51,236 - utils.logger2026-03-03-20.01.14 - INFO - Cur epoch 33 loss CE:1.2764 mse:0.1994 consistent:0.5683
2026-03-03 20:04:51,888 - utils.logger2026-03-03-20.01.14 - INFO - Cur epoch 33 loss CE:0.9782 mse:0.1722 consistent:0.5539
2026-03-03 20:04:52,581 - utils.logger2026-03-03-20.01.14 - INFO - Cur epoch 33 loss CE:1.0506 mse:0.1924 consistent:0.5730
2026-03-03 20:04:53,009 - utils.logger2026-03-03-20.01.14 - INFO - saving the model at the end of epoch 33, iters 924
2026-03-03 20:04:53,162 - utils.logger2026-03-03-20.01.14 - INFO - End of training epoch 33 / 40 	 Time Taken: 3 sec
2026-03-03 20:04:53,163 - utils.logger2026-03-03-20.01.14 - INFO - learning rate = 0.0000667
2026-03-03 20:04:54,940 - utils.logger2026-03-03-20.01.14 - INFO - Val result of epoch 33 / 40 mae 1.0782 corr 0.5181 f1 0.7023
2026-03-03 20:04:56,630 - utils.logger2026-03-03-20.01.14 - INFO - Tst result of epoch 33 / 40 mae 1.1229 corr 0.4875 f1 0.6495
2026-03-03 20:04:57,976 - utils.logger2026-03-03-20.01.14 - INFO - Cur epoch 34 loss CE:1.0470 mse:0.1861 consistent:0.5873
2026-03-03 20:04:58,523 - utils.logger2026-03-03-20.01.14 - INFO - Cur epoch 34 loss CE:0.9870 mse:0.1645 consistent:0.6172
2026-03-03 20:04:59,068 - utils.logger2026-03-03-20.01.14 - INFO - Cur epoch 34 loss CE:1.6140 mse:0.2304 consistent:0.5779
2026-03-03 20:04:59,341 - utils.logger2026-03-03-20.01.14 - INFO - saving the model at the end of epoch 34, iters 952
2026-03-03 20:04:59,506 - utils.logger2026-03-03-20.01.14 - INFO - End of training epoch 34 / 40 	 Time Taken: 2 sec
2026-03-03 20:04:59,506 - utils.logger2026-03-03-20.01.14 - INFO - learning rate = 0.0000571
2026-03-03 20:05:01,242 - utils.logger2026-03-03-20.01.14 - INFO - Val result of epoch 34 / 40 mae 1.0734 corr 0.5181 f1 0.7188
2026-03-03 20:05:02,951 - utils.logger2026-03-03-20.01.14 - INFO - Tst result of epoch 34 / 40 mae 1.1270 corr 0.4851 f1 0.6457
2026-03-03 20:05:04,431 - utils.logger2026-03-03-20.01.14 - INFO - Cur epoch 35 loss CE:1.5646 mse:0.2198 consistent:0.6152
2026-03-03 20:05:05,022 - utils.logger2026-03-03-20.01.14 - INFO - Cur epoch 35 loss CE:1.2612 mse:0.1838 consistent:0.5447
2026-03-03 20:05:05,559 - utils.logger2026-03-03-20.01.14 - INFO - Cur epoch 35 loss CE:1.0030 mse:0.1796 consistent:0.6487
2026-03-03 20:05:05,697 - utils.logger2026-03-03-20.01.14 - INFO - saving the model at the end of epoch 35, iters 980
2026-03-03 20:05:05,827 - utils.logger2026-03-03-20.01.14 - INFO - End of training epoch 35 / 40 	 Time Taken: 2 sec
2026-03-03 20:05:05,827 - utils.logger2026-03-03-20.01.14 - INFO - learning rate = 0.0000476
2026-03-03 20:05:07,565 - utils.logger2026-03-03-20.01.14 - INFO - Val result of epoch 35 / 40 mae 1.0796 corr 0.5193 f1 0.7109
2026-03-03 20:05:09,245 - utils.logger2026-03-03-20.01.14 - INFO - Tst result of epoch 35 / 40 mae 1.1265 corr 0.4814 f1 0.6491
2026-03-03 20:05:10,849 - utils.logger2026-03-03-20.01.14 - INFO - Cur epoch 36 loss CE:1.1746 mse:0.1860 consistent:0.5364
2026-03-03 20:05:11,475 - utils.logger2026-03-03-20.01.14 - INFO - Cur epoch 36 loss CE:0.9904 mse:0.1934 consistent:0.6059
2026-03-03 20:05:12,115 - utils.logger2026-03-03-20.01.14 - INFO - saving the model at the end of epoch 36, iters 1008
2026-03-03 20:05:12,262 - utils.logger2026-03-03-20.01.14 - INFO - End of training epoch 36 / 40 	 Time Taken: 3 sec
2026-03-03 20:05:12,262 - utils.logger2026-03-03-20.01.14 - INFO - learning rate = 0.0000381
2026-03-03 20:05:13,983 - utils.logger2026-03-03-20.01.14 - INFO - Val result of epoch 36 / 40 mae 1.0772 corr 0.5198 f1 0.7127
2026-03-03 20:05:15,622 - utils.logger2026-03-03-20.01.14 - INFO - Tst result of epoch 36 / 40 mae 1.1261 corr 0.4803 f1 0.6533
2026-03-03 20:05:16,734 - utils.logger2026-03-03-20.01.14 - INFO - Cur epoch 37 loss CE:1.3944 mse:0.2063 consistent:0.5812
2026-03-03 20:05:17,286 - utils.logger2026-03-03-20.01.14 - INFO - Cur epoch 37 loss CE:1.0853 mse:0.1902 consistent:0.6207
2026-03-03 20:05:17,877 - utils.logger2026-03-03-20.01.14 - INFO - Cur epoch 37 loss CE:1.1775 mse:0.2163 consistent:0.5917
2026-03-03 20:05:18,374 - utils.logger2026-03-03-20.01.14 - INFO - saving the model at the end of epoch 37, iters 1036
2026-03-03 20:05:18,520 - utils.logger2026-03-03-20.01.14 - INFO - End of training epoch 37 / 40 	 Time Taken: 2 sec
2026-03-03 20:05:18,520 - utils.logger2026-03-03-20.01.14 - INFO - learning rate = 0.0000286
2026-03-03 20:05:20,299 - utils.logger2026-03-03-20.01.14 - INFO - Val result of epoch 37 / 40 mae 1.0715 corr 0.5189 f1 0.7193
2026-03-03 20:05:22,040 - utils.logger2026-03-03-20.01.14 - INFO - Tst result of epoch 37 / 40 mae 1.1338 corr 0.4808 f1 0.6509
2026-03-03 20:05:23,350 - utils.logger2026-03-03-20.01.14 - INFO - Cur epoch 38 loss CE:1.3002 mse:0.1662 consistent:0.5862
2026-03-03 20:05:23,918 - utils.logger2026-03-03-20.01.14 - INFO - Cur epoch 38 loss CE:1.5388 mse:0.2159 consistent:0.5867
2026-03-03 20:05:24,449 - utils.logger2026-03-03-20.01.14 - INFO - Cur epoch 38 loss CE:1.1739 mse:0.1760 consistent:0.5411
2026-03-03 20:05:24,811 - utils.logger2026-03-03-20.01.14 - INFO - saving the model at the end of epoch 38, iters 1064
2026-03-03 20:05:24,934 - utils.logger2026-03-03-20.01.14 - INFO - End of training epoch 38 / 40 	 Time Taken: 2 sec
2026-03-03 20:05:24,934 - utils.logger2026-03-03-20.01.14 - INFO - learning rate = 0.0000190
2026-03-03 20:05:26,713 - utils.logger2026-03-03-20.01.14 - INFO - Val result of epoch 38 / 40 mae 1.0759 corr 0.5191 f1 0.7082
2026-03-03 20:05:28,410 - utils.logger2026-03-03-20.01.14 - INFO - Tst result of epoch 38 / 40 mae 1.1228 corr 0.4831 f1 0.6484
2026-03-03 20:05:29,772 - utils.logger2026-03-03-20.01.14 - INFO - Cur epoch 39 loss CE:1.1241 mse:0.1895 consistent:0.5845
2026-03-03 20:05:30,313 - utils.logger2026-03-03-20.01.14 - INFO - Cur epoch 39 loss CE:1.5788 mse:0.2268 consistent:0.6177
2026-03-03 20:05:30,890 - utils.logger2026-03-03-20.01.14 - INFO - Cur epoch 39 loss CE:1.3658 mse:0.2126 consistent:0.5903
2026-03-03 20:05:31,128 - utils.logger2026-03-03-20.01.14 - INFO - saving the model at the end of epoch 39, iters 1092
2026-03-03 20:05:31,272 - utils.logger2026-03-03-20.01.14 - INFO - End of training epoch 39 / 40 	 Time Taken: 2 sec
2026-03-03 20:05:31,273 - utils.logger2026-03-03-20.01.14 - INFO - learning rate = 0.0000095
2026-03-03 20:05:32,998 - utils.logger2026-03-03-20.01.14 - INFO - Val result of epoch 39 / 40 mae 1.0761 corr 0.5180 f1 0.7050
2026-03-03 20:05:34,663 - utils.logger2026-03-03-20.01.14 - INFO - Tst result of epoch 39 / 40 mae 1.1256 corr 0.4813 f1 0.6445
2026-03-03 20:05:36,121 - utils.logger2026-03-03-20.01.14 - INFO - Cur epoch 40 loss CE:1.3740 mse:0.1958 consistent:0.5986
2026-03-03 20:05:36,735 - utils.logger2026-03-03-20.01.14 - INFO - Cur epoch 40 loss CE:1.0970 mse:0.1916 consistent:0.5979
2026-03-03 20:05:37,268 - utils.logger2026-03-03-20.01.14 - INFO - Cur epoch 40 loss CE:1.3085 mse:0.2027 consistent:0.5362
2026-03-03 20:05:37,418 - utils.logger2026-03-03-20.01.14 - INFO - saving the model at the end of epoch 40, iters 1120
2026-03-03 20:05:37,551 - utils.logger2026-03-03-20.01.14 - INFO - End of training epoch 40 / 40 	 Time Taken: 2 sec
2026-03-03 20:05:37,551 - utils.logger2026-03-03-20.01.14 - INFO - learning rate = 0.0000000
2026-03-03 20:05:39,342 - utils.logger2026-03-03-20.01.14 - INFO - Val result of epoch 40 / 40 mae 1.0737 corr 0.5185 f1 0.7069
2026-03-03 20:05:41,064 - utils.logger2026-03-03-20.01.14 - INFO - Tst result of epoch 40 / 40 mae 1.1259 corr 0.4813 f1 0.6461
2026-03-03 20:05:41,064 - utils.logger2026-03-03-20.01.14 - INFO - Best eval epoch 14 found with MAE 1.104323
2026-03-03 20:05:41,064 - utils.logger2026-03-03-20.01.14 - INFO - Loading best model found on val set: epoch-14
2026-03-03 20:05:44,631 - utils.logger2026-03-03-20.01.14 - INFO - Tst result mae 1.1043 corr 0.5123 f1 0.6667
