2025-12-27 11:50:50,436 - utils.logger2025-12-27-11.50.41 - INFO - The number of training samples = 4508
2025-12-27 11:50:50,437 - utils.logger2025-12-27-11.50.41 - INFO - The number of testing samples = 3252
2025-12-27 11:50:55,711 - utils.logger2025-12-27-11.50.41 - INFO - Cur epoch 1 loss CE:0.7904 mse:0.0222 consistent:0.0000
2025-12-27 11:50:57,770 - utils.logger2025-12-27-11.50.41 - INFO - saving the model at the end of epoch 1, iters 141
2025-12-27 11:50:57,863 - utils.logger2025-12-27-11.50.41 - INFO - End of training epoch 1 / 40 	 Time Taken: 7 sec
2025-12-27 11:50:57,863 - utils.logger2025-12-27-11.50.41 - INFO - learning rate = 0.0002000
2025-12-27 11:50:59,013 - utils.logger2025-12-27-11.50.41 - INFO - Val result of epoch 1 / 40 acc 0.6348 uar 0.6328 f1 0.6320
2025-12-27 11:51:00,297 - utils.logger2025-12-27-11.50.41 - INFO - Tst result of epoch 1 / 40 acc 0.6190 uar 0.6316 f1 0.6159
2025-12-27 11:51:03,057 - utils.logger2025-12-27-11.50.41 - INFO - Cur epoch 2 loss CE:0.5826 mse:0.0134 consistent:0.0000
2025-12-27 11:51:07,147 - utils.logger2025-12-27-11.50.41 - INFO - saving the model at the end of epoch 2, iters 282
2025-12-27 11:51:07,247 - utils.logger2025-12-27-11.50.41 - INFO - End of training epoch 2 / 40 	 Time Taken: 6 sec
2025-12-27 11:51:07,247 - utils.logger2025-12-27-11.50.41 - INFO - learning rate = 0.0002000
2025-12-27 11:51:08,356 - utils.logger2025-12-27-11.50.41 - INFO - Val result of epoch 2 / 40 acc 0.6337 uar 0.6283 f1 0.6268
2025-12-27 11:51:09,626 - utils.logger2025-12-27-11.50.41 - INFO - Tst result of epoch 2 / 40 acc 0.6279 uar 0.6441 f1 0.6226
2025-12-27 11:51:10,418 - utils.logger2025-12-27-11.50.41 - INFO - Cur epoch 3 loss CE:0.5880 mse:0.0122 consistent:0.0000
2025-12-27 11:51:15,328 - utils.logger2025-12-27-11.50.41 - INFO - Cur epoch 3 loss CE:0.9880 mse:0.0117 consistent:0.0000
2025-12-27 11:51:16,454 - utils.logger2025-12-27-11.50.41 - INFO - saving the model at the end of epoch 3, iters 423
2025-12-27 11:51:16,552 - utils.logger2025-12-27-11.50.41 - INFO - End of training epoch 3 / 40 	 Time Taken: 6 sec
2025-12-27 11:51:16,553 - utils.logger2025-12-27-11.50.41 - INFO - learning rate = 0.0002000
2025-12-27 11:51:17,691 - utils.logger2025-12-27-11.50.41 - INFO - Val result of epoch 3 / 40 acc 0.6466 uar 0.6388 f1 0.6425
2025-12-27 11:51:18,963 - utils.logger2025-12-27-11.50.41 - INFO - Tst result of epoch 3 / 40 acc 0.6067 uar 0.6401 f1 0.6145
2025-12-27 11:51:22,674 - utils.logger2025-12-27-11.50.41 - INFO - Cur epoch 4 loss CE:0.7121 mse:0.0096 consistent:0.0000
2025-12-27 11:51:25,743 - utils.logger2025-12-27-11.50.41 - INFO - saving the model at the end of epoch 4, iters 564
2025-12-27 11:51:25,840 - utils.logger2025-12-27-11.50.41 - INFO - End of training epoch 4 / 40 	 Time Taken: 6 sec
2025-12-27 11:51:25,840 - utils.logger2025-12-27-11.50.41 - INFO - learning rate = 0.0002000
2025-12-27 11:51:26,972 - utils.logger2025-12-27-11.50.41 - INFO - Val result of epoch 4 / 40 acc 0.6362 uar 0.6365 f1 0.6365
2025-12-27 11:51:28,229 - utils.logger2025-12-27-11.50.41 - INFO - Tst result of epoch 4 / 40 acc 0.6396 uar 0.6436 f1 0.6386
2025-12-27 11:51:29,834 - utils.logger2025-12-27-11.50.41 - INFO - Cur epoch 5 loss CE:0.5448 mse:0.0106 consistent:0.0000
2025-12-27 11:51:34,402 - utils.logger2025-12-27-11.50.41 - INFO - Cur epoch 5 loss CE:0.5009 mse:0.0109 consistent:0.0000
2025-12-27 11:51:34,646 - utils.logger2025-12-27-11.50.41 - INFO - saving the model at the end of epoch 5, iters 705
2025-12-27 11:51:34,746 - utils.logger2025-12-27-11.50.41 - INFO - End of training epoch 5 / 40 	 Time Taken: 6 sec
2025-12-27 11:51:34,746 - utils.logger2025-12-27-11.50.41 - INFO - learning rate = 0.0002000
2025-12-27 11:51:35,856 - utils.logger2025-12-27-11.50.41 - INFO - Val result of epoch 5 / 40 acc 0.6462 uar 0.6426 f1 0.6406
2025-12-27 11:51:37,137 - utils.logger2025-12-27-11.50.41 - INFO - Tst result of epoch 5 / 40 acc 0.6359 uar 0.6297 f1 0.6322
2025-12-27 11:51:41,752 - utils.logger2025-12-27-11.50.41 - INFO - Cur epoch 6 loss CE:0.6556 mse:0.0115 consistent:0.0000
2025-12-27 11:51:44,042 - utils.logger2025-12-27-11.50.41 - INFO - saving the model at the end of epoch 6, iters 846
2025-12-27 11:51:44,143 - utils.logger2025-12-27-11.50.41 - INFO - End of training epoch 6 / 40 	 Time Taken: 7 sec
2025-12-27 11:51:44,143 - utils.logger2025-12-27-11.50.41 - INFO - learning rate = 0.0002000
2025-12-27 11:51:45,257 - utils.logger2025-12-27-11.50.41 - INFO - Val result of epoch 6 / 40 acc 0.6542 uar 0.6468 f1 0.6522
2025-12-27 11:51:46,549 - utils.logger2025-12-27-11.50.41 - INFO - Tst result of epoch 6 / 40 acc 0.6421 uar 0.6501 f1 0.6447
2025-12-27 11:51:49,045 - utils.logger2025-12-27-11.50.41 - INFO - Cur epoch 7 loss CE:0.5952 mse:0.0115 consistent:0.0000
2025-12-27 11:51:53,319 - utils.logger2025-12-27-11.50.41 - INFO - saving the model at the end of epoch 7, iters 987
2025-12-27 11:51:53,418 - utils.logger2025-12-27-11.50.41 - INFO - End of training epoch 7 / 40 	 Time Taken: 6 sec
2025-12-27 11:51:53,418 - utils.logger2025-12-27-11.50.41 - INFO - learning rate = 0.0002000
2025-12-27 11:51:54,529 - utils.logger2025-12-27-11.50.41 - INFO - Val result of epoch 7 / 40 acc 0.6615 uar 0.6551 f1 0.6604
2025-12-27 11:51:55,810 - utils.logger2025-12-27-11.50.41 - INFO - Tst result of epoch 7 / 40 acc 0.6445 uar 0.6497 f1 0.6443
2025-12-27 11:51:56,379 - utils.logger2025-12-27-11.50.41 - INFO - Cur epoch 8 loss CE:0.6332 mse:0.0130 consistent:0.0000
2025-12-27 11:52:01,217 - utils.logger2025-12-27-11.50.41 - INFO - Cur epoch 8 loss CE:0.9499 mse:0.0102 consistent:0.0000
2025-12-27 11:52:02,574 - utils.logger2025-12-27-11.50.41 - INFO - saving the model at the end of epoch 8, iters 1128
2025-12-27 11:52:02,672 - utils.logger2025-12-27-11.50.41 - INFO - End of training epoch 8 / 40 	 Time Taken: 6 sec
2025-12-27 11:52:02,673 - utils.logger2025-12-27-11.50.41 - INFO - learning rate = 0.0002000
2025-12-27 11:52:03,778 - utils.logger2025-12-27-11.50.41 - INFO - Val result of epoch 8 / 40 acc 0.6570 uar 0.6424 f1 0.6501
2025-12-27 11:52:05,053 - utils.logger2025-12-27-11.50.41 - INFO - Tst result of epoch 8 / 40 acc 0.6159 uar 0.6274 f1 0.6186
2025-12-27 11:52:08,348 - utils.logger2025-12-27-11.50.41 - INFO - Cur epoch 9 loss CE:0.2444 mse:0.0075 consistent:0.0000
2025-12-27 11:52:11,696 - utils.logger2025-12-27-11.50.41 - INFO - saving the model at the end of epoch 9, iters 1269
2025-12-27 11:52:11,795 - utils.logger2025-12-27-11.50.41 - INFO - End of training epoch 9 / 40 	 Time Taken: 6 sec
2025-12-27 11:52:11,795 - utils.logger2025-12-27-11.50.41 - INFO - learning rate = 0.0002000
2025-12-27 11:52:12,895 - utils.logger2025-12-27-11.50.41 - INFO - Val result of epoch 9 / 40 acc 0.6573 uar 0.6503 f1 0.6576
2025-12-27 11:52:14,150 - utils.logger2025-12-27-11.50.41 - INFO - Tst result of epoch 9 / 40 acc 0.6522 uar 0.6484 f1 0.6547
2025-12-27 11:52:15,553 - utils.logger2025-12-27-11.50.41 - INFO - Cur epoch 10 loss CE:0.7169 mse:0.0089 consistent:0.0000
2025-12-27 11:52:20,483 - utils.logger2025-12-27-11.50.41 - INFO - Cur epoch 10 loss CE:0.2952 mse:0.0081 consistent:0.0000
2025-12-27 11:52:20,985 - utils.logger2025-12-27-11.50.41 - INFO - saving the model at the end of epoch 10, iters 1410
2025-12-27 11:52:21,106 - utils.logger2025-12-27-11.50.41 - INFO - End of training epoch 10 / 40 	 Time Taken: 6 sec
2025-12-27 11:52:21,106 - utils.logger2025-12-27-11.50.41 - INFO - learning rate = 0.0002000
2025-12-27 11:52:22,479 - utils.logger2025-12-27-11.50.41 - INFO - Val result of epoch 10 / 40 acc 0.6715 uar 0.6681 f1 0.6722
2025-12-27 11:52:23,742 - utils.logger2025-12-27-11.50.41 - INFO - Tst result of epoch 10 / 40 acc 0.6559 uar 0.6571 f1 0.6544
2025-12-27 11:52:28,086 - utils.logger2025-12-27-11.50.41 - INFO - Cur epoch 11 loss CE:0.5343 mse:0.0073 consistent:0.0000
2025-12-27 11:52:30,646 - utils.logger2025-12-27-11.50.41 - INFO - saving the model at the end of epoch 11, iters 1551
2025-12-27 11:52:30,766 - utils.logger2025-12-27-11.50.41 - INFO - End of training epoch 11 / 40 	 Time Taken: 7 sec
2025-12-27 11:52:30,766 - utils.logger2025-12-27-11.50.41 - INFO - learning rate = 0.0002000
2025-12-27 11:52:32,179 - utils.logger2025-12-27-11.50.41 - INFO - Val result of epoch 11 / 40 acc 0.6667 uar 0.6776 f1 0.6625
2025-12-27 11:52:33,807 - utils.logger2025-12-27-11.50.41 - INFO - Tst result of epoch 11 / 40 acc 0.6436 uar 0.6734 f1 0.6500
2025-12-27 11:52:36,317 - utils.logger2025-12-27-11.50.41 - INFO - Cur epoch 12 loss CE:0.7687 mse:0.0102 consistent:0.0000
2025-12-27 11:52:40,949 - utils.logger2025-12-27-11.50.41 - INFO - saving the model at the end of epoch 12, iters 1692
2025-12-27 11:52:41,046 - utils.logger2025-12-27-11.50.41 - INFO - End of training epoch 12 / 40 	 Time Taken: 7 sec
2025-12-27 11:52:41,047 - utils.logger2025-12-27-11.50.41 - INFO - learning rate = 0.0002000
2025-12-27 11:52:42,161 - utils.logger2025-12-27-11.50.41 - INFO - Val result of epoch 12 / 40 acc 0.6674 uar 0.6591 f1 0.6683
2025-12-27 11:52:43,433 - utils.logger2025-12-27-11.50.41 - INFO - Tst result of epoch 12 / 40 acc 0.6547 uar 0.6584 f1 0.6599
2025-12-27 11:52:43,769 - utils.logger2025-12-27-11.50.41 - INFO - Cur epoch 13 loss CE:0.4175 mse:0.0073 consistent:0.0000
2025-12-27 11:52:48,403 - utils.logger2025-12-27-11.50.41 - INFO - Cur epoch 13 loss CE:0.5781 mse:0.0099 consistent:0.0000
2025-12-27 11:52:50,068 - utils.logger2025-12-27-11.50.41 - INFO - saving the model at the end of epoch 13, iters 1833
2025-12-27 11:52:50,165 - utils.logger2025-12-27-11.50.41 - INFO - End of training epoch 13 / 40 	 Time Taken: 6 sec
2025-12-27 11:52:50,165 - utils.logger2025-12-27-11.50.41 - INFO - learning rate = 0.0002000
2025-12-27 11:52:51,275 - utils.logger2025-12-27-11.50.41 - INFO - Val result of epoch 13 / 40 acc 0.6639 uar 0.6704 f1 0.6672
2025-12-27 11:52:52,514 - utils.logger2025-12-27-11.50.41 - INFO - Tst result of epoch 13 / 40 acc 0.6522 uar 0.6768 f1 0.6580
2025-12-27 11:52:55,483 - utils.logger2025-12-27-11.50.41 - INFO - Cur epoch 14 loss CE:0.3469 mse:0.0079 consistent:0.0000
2025-12-27 11:52:59,145 - utils.logger2025-12-27-11.50.41 - INFO - saving the model at the end of epoch 14, iters 1974
2025-12-27 11:52:59,242 - utils.logger2025-12-27-11.50.41 - INFO - End of training epoch 14 / 40 	 Time Taken: 6 sec
2025-12-27 11:52:59,242 - utils.logger2025-12-27-11.50.41 - INFO - learning rate = 0.0002000
2025-12-27 11:53:00,341 - utils.logger2025-12-27-11.50.41 - INFO - Val result of epoch 14 / 40 acc 0.6708 uar 0.6798 f1 0.6741
2025-12-27 11:53:01,624 - utils.logger2025-12-27-11.50.41 - INFO - Tst result of epoch 14 / 40 acc 0.6384 uar 0.6669 f1 0.6464
2025-12-27 11:53:02,813 - utils.logger2025-12-27-11.50.41 - INFO - Cur epoch 15 loss CE:0.3401 mse:0.0094 consistent:0.0000
2025-12-27 11:53:07,898 - utils.logger2025-12-27-11.50.41 - INFO - Cur epoch 15 loss CE:0.7272 mse:0.0080 consistent:0.0000
2025-12-27 11:53:08,670 - utils.logger2025-12-27-11.50.41 - INFO - saving the model at the end of epoch 15, iters 2115
2025-12-27 11:53:08,789 - utils.logger2025-12-27-11.50.41 - INFO - End of training epoch 15 / 40 	 Time Taken: 7 sec
2025-12-27 11:53:08,789 - utils.logger2025-12-27-11.50.41 - INFO - learning rate = 0.0002000
2025-12-27 11:53:10,186 - utils.logger2025-12-27-11.50.41 - INFO - Val result of epoch 15 / 40 acc 0.6653 uar 0.6594 f1 0.6662
2025-12-27 11:53:11,500 - utils.logger2025-12-27-11.50.41 - INFO - Tst result of epoch 15 / 40 acc 0.6504 uar 0.6608 f1 0.6562
2025-12-27 11:53:15,504 - utils.logger2025-12-27-11.50.41 - INFO - Cur epoch 16 loss CE:0.5693 mse:0.0119 consistent:0.0000
2025-12-27 11:53:18,086 - utils.logger2025-12-27-11.50.41 - INFO - saving the model at the end of epoch 16, iters 2256
2025-12-27 11:53:18,180 - utils.logger2025-12-27-11.50.41 - INFO - End of training epoch 16 / 40 	 Time Taken: 6 sec
2025-12-27 11:53:18,180 - utils.logger2025-12-27-11.50.41 - INFO - learning rate = 0.0002000
2025-12-27 11:53:19,510 - utils.logger2025-12-27-11.50.41 - INFO - Val result of epoch 16 / 40 acc 0.6684 uar 0.6686 f1 0.6672
2025-12-27 11:53:21,410 - utils.logger2025-12-27-11.50.41 - INFO - Tst result of epoch 16 / 40 acc 0.6193 uar 0.6578 f1 0.6315
2025-12-27 11:53:23,685 - utils.logger2025-12-27-11.50.41 - INFO - Cur epoch 17 loss CE:0.3327 mse:0.0103 consistent:0.0000
2025-12-27 11:53:28,577 - utils.logger2025-12-27-11.50.41 - INFO - saving the model at the end of epoch 17, iters 2397
2025-12-27 11:53:28,678 - utils.logger2025-12-27-11.50.41 - INFO - End of training epoch 17 / 40 	 Time Taken: 7 sec
2025-12-27 11:53:28,678 - utils.logger2025-12-27-11.50.41 - INFO - learning rate = 0.0002000
2025-12-27 11:53:30,060 - utils.logger2025-12-27-11.50.41 - INFO - Val result of epoch 17 / 40 acc 0.6483 uar 0.6407 f1 0.6444
2025-12-27 11:53:31,647 - utils.logger2025-12-27-11.50.41 - INFO - Tst result of epoch 17 / 40 acc 0.6359 uar 0.6519 f1 0.6422
2025-12-27 11:53:31,786 - utils.logger2025-12-27-11.50.41 - INFO - Cur epoch 18 loss CE:0.4844 mse:0.0075 consistent:0.0000
2025-12-27 11:53:36,500 - utils.logger2025-12-27-11.50.41 - INFO - Cur epoch 18 loss CE:0.2272 mse:0.0052 consistent:0.0000
2025-12-27 11:53:38,390 - utils.logger2025-12-27-11.50.41 - INFO - saving the model at the end of epoch 18, iters 2538
2025-12-27 11:53:38,490 - utils.logger2025-12-27-11.50.41 - INFO - End of training epoch 18 / 40 	 Time Taken: 6 sec
2025-12-27 11:53:38,491 - utils.logger2025-12-27-11.50.41 - INFO - learning rate = 0.0002000
2025-12-27 11:53:39,631 - utils.logger2025-12-27-11.50.41 - INFO - Val result of epoch 18 / 40 acc 0.6532 uar 0.6497 f1 0.6522
2025-12-27 11:53:41,042 - utils.logger2025-12-27-11.50.41 - INFO - Tst result of epoch 18 / 40 acc 0.6390 uar 0.6661 f1 0.6475
2025-12-27 11:53:43,419 - utils.logger2025-12-27-11.50.41 - INFO - Cur epoch 19 loss CE:0.4127 mse:0.0060 consistent:0.0000
2025-12-27 11:53:47,367 - utils.logger2025-12-27-11.50.41 - INFO - saving the model at the end of epoch 19, iters 2679
2025-12-27 11:53:47,467 - utils.logger2025-12-27-11.50.41 - INFO - End of training epoch 19 / 40 	 Time Taken: 6 sec
2025-12-27 11:53:47,468 - utils.logger2025-12-27-11.50.41 - INFO - learning rate = 0.0002000
2025-12-27 11:53:48,605 - utils.logger2025-12-27-11.50.41 - INFO - Val result of epoch 19 / 40 acc 0.6542 uar 0.6619 f1 0.6536
2025-12-27 11:53:49,863 - utils.logger2025-12-27-11.50.41 - INFO - Tst result of epoch 19 / 40 acc 0.6344 uar 0.6709 f1 0.6397
2025-12-27 11:53:50,803 - utils.logger2025-12-27-11.50.41 - INFO - Cur epoch 20 loss CE:0.6503 mse:0.0097 consistent:0.0000
2025-12-27 11:53:55,699 - utils.logger2025-12-27-11.50.41 - INFO - Cur epoch 20 loss CE:0.3164 mse:0.0072 consistent:0.0000
2025-12-27 11:53:56,684 - utils.logger2025-12-27-11.50.41 - INFO - saving the model at the end of epoch 20, iters 2820
2025-12-27 11:53:56,784 - utils.logger2025-12-27-11.50.41 - INFO - End of training epoch 20 / 40 	 Time Taken: 6 sec
2025-12-27 11:53:56,784 - utils.logger2025-12-27-11.50.41 - INFO - learning rate = 0.0001905
2025-12-27 11:53:57,895 - utils.logger2025-12-27-11.50.41 - INFO - Val result of epoch 20 / 40 acc 0.6483 uar 0.6521 f1 0.6426
2025-12-27 11:53:59,183 - utils.logger2025-12-27-11.50.41 - INFO - Tst result of epoch 20 / 40 acc 0.6439 uar 0.6567 f1 0.6428
2025-12-27 11:54:03,197 - utils.logger2025-12-27-11.50.41 - INFO - Cur epoch 21 loss CE:0.3317 mse:0.0077 consistent:0.0000
2025-12-27 11:54:06,147 - utils.logger2025-12-27-11.50.41 - INFO - saving the model at the end of epoch 21, iters 2961
2025-12-27 11:54:06,242 - utils.logger2025-12-27-11.50.41 - INFO - End of training epoch 21 / 40 	 Time Taken: 7 sec
2025-12-27 11:54:06,243 - utils.logger2025-12-27-11.50.41 - INFO - learning rate = 0.0001810
2025-12-27 11:54:07,361 - utils.logger2025-12-27-11.50.41 - INFO - Val result of epoch 21 / 40 acc 0.6590 uar 0.6494 f1 0.6606
2025-12-27 11:54:08,635 - utils.logger2025-12-27-11.50.41 - INFO - Tst result of epoch 21 / 40 acc 0.6242 uar 0.6555 f1 0.6391
2025-12-27 11:54:10,418 - utils.logger2025-12-27-11.50.41 - INFO - Cur epoch 22 loss CE:0.6208 mse:0.0076 consistent:0.0000
2025-12-27 11:54:15,233 - utils.logger2025-12-27-11.50.41 - INFO - Cur epoch 22 loss CE:0.4610 mse:0.0068 consistent:0.0000
2025-12-27 11:54:15,307 - utils.logger2025-12-27-11.50.41 - INFO - saving the model at the end of epoch 22, iters 3102
2025-12-27 11:54:15,400 - utils.logger2025-12-27-11.50.41 - INFO - End of training epoch 22 / 40 	 Time Taken: 6 sec
2025-12-27 11:54:15,400 - utils.logger2025-12-27-11.50.41 - INFO - learning rate = 0.0001714
2025-12-27 11:54:16,499 - utils.logger2025-12-27-11.50.41 - INFO - Val result of epoch 22 / 40 acc 0.6736 uar 0.6836 f1 0.6739
2025-12-27 11:54:17,775 - utils.logger2025-12-27-11.50.41 - INFO - Tst result of epoch 22 / 40 acc 0.6218 uar 0.6814 f1 0.6268
2025-12-27 11:54:22,457 - utils.logger2025-12-27-11.50.41 - INFO - Cur epoch 23 loss CE:0.5355 mse:0.0086 consistent:0.0000
2025-12-27 11:54:24,633 - utils.logger2025-12-27-11.50.41 - INFO - saving the model at the end of epoch 23, iters 3243
2025-12-27 11:54:24,754 - utils.logger2025-12-27-11.50.41 - INFO - End of training epoch 23 / 40 	 Time Taken: 6 sec
2025-12-27 11:54:24,754 - utils.logger2025-12-27-11.50.41 - INFO - learning rate = 0.0001619
2025-12-27 11:54:26,186 - utils.logger2025-12-27-11.50.41 - INFO - Val result of epoch 23 / 40 acc 0.6629 uar 0.6619 f1 0.6662
2025-12-27 11:54:27,530 - utils.logger2025-12-27-11.50.41 - INFO - Tst result of epoch 23 / 40 acc 0.6707 uar 0.6799 f1 0.6725
2025-12-27 11:54:29,550 - utils.logger2025-12-27-11.50.41 - INFO - Cur epoch 24 loss CE:0.3349 mse:0.0078 consistent:0.0000
2025-12-27 11:54:32,532 - utils.logger2025-12-27-11.50.41 - INFO - saving the model at the end of epoch 24, iters 3384
2025-12-27 11:54:32,623 - utils.logger2025-12-27-11.50.41 - INFO - End of training epoch 24 / 40 	 Time Taken: 5 sec
2025-12-27 11:54:32,624 - utils.logger2025-12-27-11.50.41 - INFO - learning rate = 0.0001524
2025-12-27 11:54:33,729 - utils.logger2025-12-27-11.50.41 - INFO - Val result of epoch 24 / 40 acc 0.6604 uar 0.6634 f1 0.6632
2025-12-27 11:54:35,313 - utils.logger2025-12-27-11.50.41 - INFO - Tst result of epoch 24 / 40 acc 0.6639 uar 0.6744 f1 0.6659
2025-12-27 11:54:35,981 - utils.logger2025-12-27-11.50.41 - INFO - Cur epoch 25 loss CE:0.4823 mse:0.0076 consistent:0.0000
2025-12-27 11:54:40,148 - utils.logger2025-12-27-11.50.41 - INFO - Cur epoch 25 loss CE:0.5729 mse:0.0078 consistent:0.0000
2025-12-27 11:54:41,243 - utils.logger2025-12-27-11.50.41 - INFO - saving the model at the end of epoch 25, iters 3525
2025-12-27 11:54:41,338 - utils.logger2025-12-27-11.50.41 - INFO - End of training epoch 25 / 40 	 Time Taken: 6 sec
2025-12-27 11:54:41,338 - utils.logger2025-12-27-11.50.41 - INFO - learning rate = 0.0001429
2025-12-27 11:54:42,459 - utils.logger2025-12-27-11.50.41 - INFO - Val result of epoch 25 / 40 acc 0.6639 uar 0.6710 f1 0.6644
2025-12-27 11:54:43,737 - utils.logger2025-12-27-11.50.41 - INFO - Tst result of epoch 25 / 40 acc 0.6510 uar 0.6778 f1 0.6544
2025-12-27 11:54:47,200 - utils.logger2025-12-27-11.50.41 - INFO - Cur epoch 26 loss CE:0.2785 mse:0.0065 consistent:0.0000
2025-12-27 11:54:50,430 - utils.logger2025-12-27-11.50.41 - INFO - saving the model at the end of epoch 26, iters 3666
2025-12-27 11:54:50,527 - utils.logger2025-12-27-11.50.41 - INFO - End of training epoch 26 / 40 	 Time Taken: 6 sec
2025-12-27 11:54:50,528 - utils.logger2025-12-27-11.50.41 - INFO - learning rate = 0.0001333
2025-12-27 11:54:51,620 - utils.logger2025-12-27-11.50.41 - INFO - Val result of epoch 26 / 40 acc 0.6715 uar 0.6743 f1 0.6753
2025-12-27 11:54:52,876 - utils.logger2025-12-27-11.50.41 - INFO - Tst result of epoch 26 / 40 acc 0.6688 uar 0.6945 f1 0.6747
2025-12-27 11:54:54,511 - utils.logger2025-12-27-11.50.41 - INFO - Cur epoch 27 loss CE:0.4142 mse:0.0063 consistent:0.0000
2025-12-27 11:54:59,655 - utils.logger2025-12-27-11.50.41 - INFO - Cur epoch 27 loss CE:0.3467 mse:0.0066 consistent:0.0000
2025-12-27 11:55:00,011 - utils.logger2025-12-27-11.50.41 - INFO - saving the model at the end of epoch 27, iters 3807
2025-12-27 11:55:00,109 - utils.logger2025-12-27-11.50.41 - INFO - End of training epoch 27 / 40 	 Time Taken: 7 sec
2025-12-27 11:55:00,110 - utils.logger2025-12-27-11.50.41 - INFO - learning rate = 0.0001238
2025-12-27 11:55:01,463 - utils.logger2025-12-27-11.50.41 - INFO - Val result of epoch 27 / 40 acc 0.6684 uar 0.6682 f1 0.6688
2025-12-27 11:55:02,825 - utils.logger2025-12-27-11.50.41 - INFO - Tst result of epoch 27 / 40 acc 0.6252 uar 0.6537 f1 0.6328
2025-12-27 11:55:07,212 - utils.logger2025-12-27-11.50.41 - INFO - Cur epoch 28 loss CE:0.5767 mse:0.0077 consistent:0.0000
2025-12-27 11:55:09,570 - utils.logger2025-12-27-11.50.41 - INFO - saving the model at the end of epoch 28, iters 3948
2025-12-27 11:55:09,665 - utils.logger2025-12-27-11.50.41 - INFO - End of training epoch 28 / 40 	 Time Taken: 6 sec
2025-12-27 11:55:09,665 - utils.logger2025-12-27-11.50.41 - INFO - learning rate = 0.0001143
2025-12-27 11:55:10,780 - utils.logger2025-12-27-11.50.41 - INFO - Val result of epoch 28 / 40 acc 0.6757 uar 0.6780 f1 0.6779
2025-12-27 11:55:12,029 - utils.logger2025-12-27-11.50.41 - INFO - Tst result of epoch 28 / 40 acc 0.6436 uar 0.6692 f1 0.6486
2025-12-27 11:55:14,437 - utils.logger2025-12-27-11.50.41 - INFO - Cur epoch 29 loss CE:0.1888 mse:0.0080 consistent:0.0000
2025-12-27 11:55:18,885 - utils.logger2025-12-27-11.50.41 - INFO - saving the model at the end of epoch 29, iters 4089
2025-12-27 11:55:18,981 - utils.logger2025-12-27-11.50.41 - INFO - End of training epoch 29 / 40 	 Time Taken: 6 sec
2025-12-27 11:55:18,982 - utils.logger2025-12-27-11.50.41 - INFO - learning rate = 0.0001048
2025-12-27 11:55:20,066 - utils.logger2025-12-27-11.50.41 - INFO - Val result of epoch 29 / 40 acc 0.6639 uar 0.6640 f1 0.6659
2025-12-27 11:55:21,363 - utils.logger2025-12-27-11.50.41 - INFO - Tst result of epoch 29 / 40 acc 0.6405 uar 0.6608 f1 0.6459
2025-12-27 11:55:21,752 - utils.logger2025-12-27-11.50.41 - INFO - Cur epoch 30 loss CE:0.2757 mse:0.0072 consistent:0.0000
2025-12-27 11:55:26,085 - utils.logger2025-12-27-11.50.41 - INFO - Cur epoch 30 loss CE:0.2388 mse:0.0066 consistent:0.0000
2025-12-27 11:55:27,453 - utils.logger2025-12-27-11.50.41 - INFO - saving the model at the end of epoch 30, iters 4230
2025-12-27 11:55:27,572 - utils.logger2025-12-27-11.50.41 - INFO - End of training epoch 30 / 40 	 Time Taken: 6 sec
2025-12-27 11:55:27,572 - utils.logger2025-12-27-11.50.41 - INFO - learning rate = 0.0000952
2025-12-27 11:55:28,710 - utils.logger2025-12-27-11.50.41 - INFO - Val result of epoch 30 / 40 acc 0.6580 uar 0.6586 f1 0.6589
2025-12-27 11:55:30,026 - utils.logger2025-12-27-11.50.41 - INFO - Tst result of epoch 30 / 40 acc 0.6261 uar 0.6594 f1 0.6331
2025-12-27 11:55:33,393 - utils.logger2025-12-27-11.50.41 - INFO - Cur epoch 31 loss CE:0.1339 mse:0.0066 consistent:0.0000
2025-12-27 11:55:36,936 - utils.logger2025-12-27-11.50.41 - INFO - saving the model at the end of epoch 31, iters 4371
2025-12-27 11:55:37,032 - utils.logger2025-12-27-11.50.41 - INFO - End of training epoch 31 / 40 	 Time Taken: 7 sec
2025-12-27 11:55:37,032 - utils.logger2025-12-27-11.50.41 - INFO - learning rate = 0.0000857
2025-12-27 11:55:38,144 - utils.logger2025-12-27-11.50.41 - INFO - Val result of epoch 31 / 40 acc 0.6625 uar 0.6649 f1 0.6655
2025-12-27 11:55:39,385 - utils.logger2025-12-27-11.50.41 - INFO - Tst result of epoch 31 / 40 acc 0.6513 uar 0.6757 f1 0.6581
2025-12-27 11:55:40,690 - utils.logger2025-12-27-11.50.41 - INFO - Cur epoch 32 loss CE:0.2834 mse:0.0067 consistent:0.0000
2025-12-27 11:55:45,040 - utils.logger2025-12-27-11.50.41 - INFO - Cur epoch 32 loss CE:0.6346 mse:0.0073 consistent:0.0000
2025-12-27 11:55:45,615 - utils.logger2025-12-27-11.50.41 - INFO - saving the model at the end of epoch 32, iters 4512
2025-12-27 11:55:45,713 - utils.logger2025-12-27-11.50.41 - INFO - End of training epoch 32 / 40 	 Time Taken: 6 sec
2025-12-27 11:55:45,713 - utils.logger2025-12-27-11.50.41 - INFO - learning rate = 0.0000762
2025-12-27 11:55:46,826 - utils.logger2025-12-27-11.50.41 - INFO - Val result of epoch 32 / 40 acc 0.6604 uar 0.6664 f1 0.6637
2025-12-27 11:55:48,085 - utils.logger2025-12-27-11.50.41 - INFO - Tst result of epoch 32 / 40 acc 0.6476 uar 0.6812 f1 0.6542
2025-12-27 11:55:52,283 - utils.logger2025-12-27-11.50.41 - INFO - Cur epoch 33 loss CE:0.2424 mse:0.0067 consistent:0.0000
2025-12-27 11:55:54,877 - utils.logger2025-12-27-11.50.41 - INFO - saving the model at the end of epoch 33, iters 4653
2025-12-27 11:55:54,993 - utils.logger2025-12-27-11.50.41 - INFO - End of training epoch 33 / 40 	 Time Taken: 6 sec
2025-12-27 11:55:54,993 - utils.logger2025-12-27-11.50.41 - INFO - learning rate = 0.0000667
2025-12-27 11:55:56,528 - utils.logger2025-12-27-11.50.41 - INFO - Val result of epoch 33 / 40 acc 0.6584 uar 0.6608 f1 0.6615
2025-12-27 11:55:58,101 - utils.logger2025-12-27-11.50.41 - INFO - Tst result of epoch 33 / 40 acc 0.6341 uar 0.6609 f1 0.6392
2025-12-27 11:56:00,348 - utils.logger2025-12-27-11.50.41 - INFO - Cur epoch 34 loss CE:0.2756 mse:0.0067 consistent:0.0000
2025-12-27 11:56:05,077 - utils.logger2025-12-27-11.50.41 - INFO - saving the model at the end of epoch 34, iters 4794
2025-12-27 11:56:05,172 - utils.logger2025-12-27-11.50.41 - INFO - End of training epoch 34 / 40 	 Time Taken: 7 sec
2025-12-27 11:56:05,173 - utils.logger2025-12-27-11.50.41 - INFO - learning rate = 0.0000571
2025-12-27 11:56:06,270 - utils.logger2025-12-27-11.50.41 - INFO - Val result of epoch 34 / 40 acc 0.6480 uar 0.6591 f1 0.6483
2025-12-27 11:56:07,513 - utils.logger2025-12-27-11.50.41 - INFO - Tst result of epoch 34 / 40 acc 0.6368 uar 0.6780 f1 0.6439
2025-12-27 11:56:07,773 - utils.logger2025-12-27-11.50.41 - INFO - Cur epoch 35 loss CE:0.3476 mse:0.0062 consistent:0.0000
2025-12-27 11:56:12,659 - utils.logger2025-12-27-11.50.41 - INFO - Cur epoch 35 loss CE:0.2401 mse:0.0069 consistent:0.0000
2025-12-27 11:56:14,374 - utils.logger2025-12-27-11.50.41 - INFO - saving the model at the end of epoch 35, iters 4935
2025-12-27 11:56:14,472 - utils.logger2025-12-27-11.50.41 - INFO - End of training epoch 35 / 40 	 Time Taken: 6 sec
2025-12-27 11:56:14,472 - utils.logger2025-12-27-11.50.41 - INFO - learning rate = 0.0000476
2025-12-27 11:56:15,548 - utils.logger2025-12-27-11.50.41 - INFO - Val result of epoch 35 / 40 acc 0.6514 uar 0.6502 f1 0.6547
2025-12-27 11:56:16,757 - utils.logger2025-12-27-11.50.41 - INFO - Tst result of epoch 35 / 40 acc 0.6205 uar 0.6496 f1 0.6285
2025-12-27 11:56:19,843 - utils.logger2025-12-27-11.50.41 - INFO - Cur epoch 36 loss CE:0.3473 mse:0.0057 consistent:0.0000
2025-12-27 11:56:23,665 - utils.logger2025-12-27-11.50.41 - INFO - saving the model at the end of epoch 36, iters 5076
2025-12-27 11:56:23,757 - utils.logger2025-12-27-11.50.41 - INFO - End of training epoch 36 / 40 	 Time Taken: 6 sec
2025-12-27 11:56:23,757 - utils.logger2025-12-27-11.50.41 - INFO - learning rate = 0.0000381
2025-12-27 11:56:24,828 - utils.logger2025-12-27-11.50.41 - INFO - Val result of epoch 36 / 40 acc 0.6573 uar 0.6614 f1 0.6593
2025-12-27 11:56:26,060 - utils.logger2025-12-27-11.50.41 - INFO - Tst result of epoch 36 / 40 acc 0.6356 uar 0.6746 f1 0.6431
2025-12-27 11:56:27,109 - utils.logger2025-12-27-11.50.41 - INFO - Cur epoch 37 loss CE:0.2046 mse:0.0052 consistent:0.0000
2025-12-27 11:56:31,806 - utils.logger2025-12-27-11.50.41 - INFO - Cur epoch 37 loss CE:0.2924 mse:0.0060 consistent:0.0000
2025-12-27 11:56:32,627 - utils.logger2025-12-27-11.50.41 - INFO - saving the model at the end of epoch 37, iters 5217
2025-12-27 11:56:32,721 - utils.logger2025-12-27-11.50.41 - INFO - End of training epoch 37 / 40 	 Time Taken: 6 sec
2025-12-27 11:56:32,721 - utils.logger2025-12-27-11.50.41 - INFO - learning rate = 0.0000286
2025-12-27 11:56:33,755 - utils.logger2025-12-27-11.50.41 - INFO - Val result of epoch 37 / 40 acc 0.6608 uar 0.6702 f1 0.6625
2025-12-27 11:56:34,940 - utils.logger2025-12-27-11.50.41 - INFO - Tst result of epoch 37 / 40 acc 0.6350 uar 0.6761 f1 0.6410
2025-12-27 11:56:38,564 - utils.logger2025-12-27-11.50.41 - INFO - Cur epoch 38 loss CE:0.2390 mse:0.0087 consistent:0.0000
2025-12-27 11:56:41,244 - utils.logger2025-12-27-11.50.41 - INFO - saving the model at the end of epoch 38, iters 5358
2025-12-27 11:56:41,340 - utils.logger2025-12-27-11.50.41 - INFO - End of training epoch 38 / 40 	 Time Taken: 6 sec
2025-12-27 11:56:41,340 - utils.logger2025-12-27-11.50.41 - INFO - learning rate = 0.0000190
2025-12-27 11:56:42,382 - utils.logger2025-12-27-11.50.41 - INFO - Val result of epoch 38 / 40 acc 0.6594 uar 0.6585 f1 0.6612
2025-12-27 11:56:43,583 - utils.logger2025-12-27-11.50.41 - INFO - Tst result of epoch 38 / 40 acc 0.6313 uar 0.6605 f1 0.6387
2025-12-27 11:56:45,445 - utils.logger2025-12-27-11.50.41 - INFO - Cur epoch 39 loss CE:0.1850 mse:0.0073 consistent:0.0000
2025-12-27 11:56:50,384 - utils.logger2025-12-27-11.50.41 - INFO - saving the model at the end of epoch 39, iters 5499
2025-12-27 11:56:50,485 - utils.logger2025-12-27-11.50.41 - INFO - End of training epoch 39 / 40 	 Time Taken: 6 sec
2025-12-27 11:56:50,485 - utils.logger2025-12-27-11.50.41 - INFO - learning rate = 0.0000095
2025-12-27 11:56:51,585 - utils.logger2025-12-27-11.50.41 - INFO - Val result of epoch 39 / 40 acc 0.6656 uar 0.6731 f1 0.6680
2025-12-27 11:56:53,017 - utils.logger2025-12-27-11.50.41 - INFO - Tst result of epoch 39 / 40 acc 0.6384 uar 0.6737 f1 0.6445
2025-12-27 11:56:53,055 - utils.logger2025-12-27-11.50.41 - INFO - Cur epoch 40 loss CE:0.3298 mse:0.0061 consistent:0.0000
2025-12-27 11:56:57,437 - utils.logger2025-12-27-11.50.41 - INFO - Cur epoch 40 loss CE:0.4023 mse:0.0048 consistent:0.0000
2025-12-27 11:56:59,427 - utils.logger2025-12-27-11.50.41 - INFO - saving the model at the end of epoch 40, iters 5640
2025-12-27 11:56:59,523 - utils.logger2025-12-27-11.50.41 - INFO - End of training epoch 40 / 40 	 Time Taken: 6 sec
2025-12-27 11:56:59,523 - utils.logger2025-12-27-11.50.41 - INFO - learning rate = 0.0000000
2025-12-27 11:57:00,632 - utils.logger2025-12-27-11.50.41 - INFO - Val result of epoch 40 / 40 acc 0.6601 uar 0.6654 f1 0.6631
2025-12-27 11:57:01,889 - utils.logger2025-12-27-11.50.41 - INFO - Tst result of epoch 40 / 40 acc 0.6427 uar 0.6708 f1 0.6506
2025-12-27 11:57:01,890 - utils.logger2025-12-27-11.50.41 - INFO - Best eval epoch 26 found with uar 0.694491
2025-12-27 11:57:01,890 - utils.logger2025-12-27-11.50.41 - INFO - Loading best model found on val set: epoch-26
2025-12-27 11:57:04,266 - utils.logger2025-12-27-11.50.41 - INFO - Tst result acc 0.6688 uar 0.6945 f1 0.6747
