2025-12-23 17:45:35,235 - utils.logger2025-12-23-17.45.35 - INFO - The number of testing samples = 480
2025-12-23 17:45:35,236 - utils.logger2025-12-23-17.45.35 - INFO - The number of training samples = 2914
2025-12-23 17:45:37,910 - utils.logger2025-12-23-17.45.35 - INFO - Cur epoch 1 loss CE:1.6110 mse:0.0000 consistent:0.0000
2025-12-23 17:45:38,876 - utils.logger2025-12-23-17.45.35 - INFO - Cur epoch 1 loss CE:2.2569 mse:0.0000 consistent:0.0000
2025-12-23 17:45:39,826 - utils.logger2025-12-23-17.45.35 - INFO - Cur epoch 1 loss CE:1.4129 mse:0.0000 consistent:0.0000
2025-12-23 17:45:40,795 - utils.logger2025-12-23-17.45.35 - INFO - Cur epoch 1 loss CE:1.1621 mse:0.0000 consistent:0.0000
2025-12-23 17:45:41,737 - utils.logger2025-12-23-17.45.35 - INFO - Cur epoch 1 loss CE:1.0130 mse:0.0000 consistent:0.0000
2025-12-23 17:45:42,684 - utils.logger2025-12-23-17.45.35 - INFO - Cur epoch 1 loss CE:0.8748 mse:0.0000 consistent:0.0000
2025-12-23 17:45:43,630 - utils.logger2025-12-23-17.45.35 - INFO - Cur epoch 1 loss CE:1.2492 mse:0.0000 consistent:0.0000
2025-12-23 17:45:44,617 - utils.logger2025-12-23-17.45.35 - INFO - Cur epoch 1 loss CE:0.4232 mse:0.0000 consistent:0.0000
2025-12-23 17:45:45,543 - utils.logger2025-12-23-17.45.35 - INFO - Cur epoch 1 loss CE:0.7365 mse:0.0000 consistent:0.0000
2025-12-23 17:45:45,713 - utils.logger2025-12-23-17.45.35 - INFO - saving the model at the end of epoch 1, iters 92
2025-12-23 17:45:45,896 - utils.logger2025-12-23-17.45.35 - INFO - End of training epoch 1 / 40 	 Time Taken: 9 sec
2025-12-23 17:45:45,896 - utils.logger2025-12-23-17.45.35 - INFO - learning rate = 0.0002000
2025-12-23 17:45:46,651 - utils.logger2025-12-23-17.45.35 - INFO - Val result of epoch 1 / 40 acc 0.4800 uar 0.4758 f1 0.4242
2025-12-23 17:45:47,445 - utils.logger2025-12-23-17.45.35 - INFO - Tst result of epoch 1 / 40 acc 0.5479 uar 0.4664 f1 0.4360
2025-12-23 17:45:48,152 - utils.logger2025-12-23-17.45.35 - INFO - Cur epoch 2 loss CE:0.7062 mse:0.0000 consistent:0.0000
2025-12-23 17:45:49,118 - utils.logger2025-12-23-17.45.35 - INFO - Cur epoch 2 loss CE:0.9275 mse:0.0000 consistent:0.0000
2025-12-23 17:45:50,075 - utils.logger2025-12-23-17.45.35 - INFO - Cur epoch 2 loss CE:0.6802 mse:0.0000 consistent:0.0000
2025-12-23 17:45:51,007 - utils.logger2025-12-23-17.45.35 - INFO - Cur epoch 2 loss CE:0.7390 mse:0.0000 consistent:0.0000
2025-12-23 17:45:51,971 - utils.logger2025-12-23-17.45.35 - INFO - Cur epoch 2 loss CE:0.7249 mse:0.0000 consistent:0.0000
2025-12-23 17:45:52,901 - utils.logger2025-12-23-17.45.35 - INFO - Cur epoch 2 loss CE:0.7248 mse:0.0000 consistent:0.0000
2025-12-23 17:45:53,867 - utils.logger2025-12-23-17.45.35 - INFO - Cur epoch 2 loss CE:1.2119 mse:0.0000 consistent:0.0000
2025-12-23 17:45:54,828 - utils.logger2025-12-23-17.45.35 - INFO - Cur epoch 2 loss CE:0.5559 mse:0.0000 consistent:0.0000
2025-12-23 17:45:55,773 - utils.logger2025-12-23-17.45.35 - INFO - Cur epoch 2 loss CE:0.5238 mse:0.0000 consistent:0.0000
2025-12-23 17:45:56,109 - utils.logger2025-12-23-17.45.35 - INFO - saving the model at the end of epoch 2, iters 184
2025-12-23 17:45:56,278 - utils.logger2025-12-23-17.45.35 - INFO - End of training epoch 2 / 40 	 Time Taken: 8 sec
2025-12-23 17:45:56,278 - utils.logger2025-12-23-17.45.35 - INFO - learning rate = 0.0002000
2025-12-23 17:45:56,951 - utils.logger2025-12-23-17.45.35 - INFO - Val result of epoch 2 / 40 acc 0.6541 uar 0.5731 f1 0.6058
2025-12-23 17:45:57,724 - utils.logger2025-12-23-17.45.35 - INFO - Tst result of epoch 2 / 40 acc 0.5979 uar 0.4940 f1 0.5072
2025-12-23 17:45:58,285 - utils.logger2025-12-23-17.45.35 - INFO - Cur epoch 3 loss CE:0.4827 mse:0.0000 consistent:0.0000
2025-12-23 17:45:59,248 - utils.logger2025-12-23-17.45.35 - INFO - Cur epoch 3 loss CE:0.4929 mse:0.0000 consistent:0.0000
2025-12-23 17:46:00,239 - utils.logger2025-12-23-17.45.35 - INFO - Cur epoch 3 loss CE:0.5602 mse:0.0000 consistent:0.0000
2025-12-23 17:46:01,217 - utils.logger2025-12-23-17.45.35 - INFO - Cur epoch 3 loss CE:0.5818 mse:0.0000 consistent:0.0000
2025-12-23 17:46:02,365 - utils.logger2025-12-23-17.45.35 - INFO - Cur epoch 3 loss CE:0.4764 mse:0.0000 consistent:0.0000
2025-12-23 17:46:03,411 - utils.logger2025-12-23-17.45.35 - INFO - Cur epoch 3 loss CE:0.4317 mse:0.0000 consistent:0.0000
2025-12-23 17:46:04,404 - utils.logger2025-12-23-17.45.35 - INFO - Cur epoch 3 loss CE:0.5866 mse:0.0000 consistent:0.0000
2025-12-23 17:46:05,376 - utils.logger2025-12-23-17.45.35 - INFO - Cur epoch 3 loss CE:0.5946 mse:0.0000 consistent:0.0000
2025-12-23 17:46:06,356 - utils.logger2025-12-23-17.45.35 - INFO - Cur epoch 3 loss CE:0.7089 mse:0.0000 consistent:0.0000
2025-12-23 17:46:06,853 - utils.logger2025-12-23-17.45.35 - INFO - saving the model at the end of epoch 3, iters 276
2025-12-23 17:46:07,047 - utils.logger2025-12-23-17.45.35 - INFO - End of training epoch 3 / 40 	 Time Taken: 9 sec
2025-12-23 17:46:07,048 - utils.logger2025-12-23-17.45.35 - INFO - learning rate = 0.0002000
2025-12-23 17:46:07,790 - utils.logger2025-12-23-17.45.35 - INFO - Val result of epoch 3 / 40 acc 0.6635 uar 0.6100 f1 0.6217
2025-12-23 17:46:08,560 - utils.logger2025-12-23-17.45.35 - INFO - Tst result of epoch 3 / 40 acc 0.6458 uar 0.6075 f1 0.6021
2025-12-23 17:46:08,939 - utils.logger2025-12-23-17.45.35 - INFO - Cur epoch 4 loss CE:0.4493 mse:0.0000 consistent:0.0000
2025-12-23 17:46:09,876 - utils.logger2025-12-23-17.45.35 - INFO - Cur epoch 4 loss CE:0.8541 mse:0.0000 consistent:0.0000
2025-12-23 17:46:10,773 - utils.logger2025-12-23-17.45.35 - INFO - Cur epoch 4 loss CE:0.4719 mse:0.0000 consistent:0.0000
2025-12-23 17:46:11,492 - utils.logger2025-12-23-17.45.35 - INFO - Cur epoch 4 loss CE:1.0645 mse:0.0000 consistent:0.0000
2025-12-23 17:46:12,373 - utils.logger2025-12-23-17.45.35 - INFO - Cur epoch 4 loss CE:0.4144 mse:0.0000 consistent:0.0000
2025-12-23 17:46:13,210 - utils.logger2025-12-23-17.45.35 - INFO - Cur epoch 4 loss CE:0.5619 mse:0.0000 consistent:0.0000
2025-12-23 17:46:14,121 - utils.logger2025-12-23-17.45.35 - INFO - Cur epoch 4 loss CE:1.2238 mse:0.0000 consistent:0.0000
2025-12-23 17:46:15,035 - utils.logger2025-12-23-17.45.35 - INFO - Cur epoch 4 loss CE:0.3875 mse:0.0000 consistent:0.0000
2025-12-23 17:46:15,933 - utils.logger2025-12-23-17.45.35 - INFO - Cur epoch 4 loss CE:0.6760 mse:0.0000 consistent:0.0000
2025-12-23 17:46:16,545 - utils.logger2025-12-23-17.45.35 - INFO - saving the model at the end of epoch 4, iters 368
2025-12-23 17:46:16,670 - utils.logger2025-12-23-17.45.35 - INFO - End of training epoch 4 / 40 	 Time Taken: 8 sec
2025-12-23 17:46:16,670 - utils.logger2025-12-23-17.45.35 - INFO - learning rate = 0.0002000
2025-12-23 17:46:17,300 - utils.logger2025-12-23-17.45.35 - INFO - Val result of epoch 4 / 40 acc 0.6941 uar 0.6341 f1 0.6417
2025-12-23 17:46:18,026 - utils.logger2025-12-23-17.45.35 - INFO - Tst result of epoch 4 / 40 acc 0.6396 uar 0.5512 f1 0.5605
2025-12-23 17:46:18,177 - utils.logger2025-12-23-17.45.35 - INFO - Cur epoch 5 loss CE:0.8642 mse:0.0000 consistent:0.0000
2025-12-23 17:46:19,081 - utils.logger2025-12-23-17.45.35 - INFO - Cur epoch 5 loss CE:1.0715 mse:0.0000 consistent:0.0000
2025-12-23 17:46:20,039 - utils.logger2025-12-23-17.45.35 - INFO - Cur epoch 5 loss CE:0.3792 mse:0.0000 consistent:0.0000
2025-12-23 17:46:20,833 - utils.logger2025-12-23-17.45.35 - INFO - Cur epoch 5 loss CE:0.3431 mse:0.0000 consistent:0.0000
2025-12-23 17:46:21,618 - utils.logger2025-12-23-17.45.35 - INFO - Cur epoch 5 loss CE:0.3746 mse:0.0000 consistent:0.0000
2025-12-23 17:46:22,481 - utils.logger2025-12-23-17.45.35 - INFO - Cur epoch 5 loss CE:0.3328 mse:0.0000 consistent:0.0000
2025-12-23 17:46:23,299 - utils.logger2025-12-23-17.45.35 - INFO - Cur epoch 5 loss CE:0.4742 mse:0.0000 consistent:0.0000
2025-12-23 17:46:24,182 - utils.logger2025-12-23-17.45.35 - INFO - Cur epoch 5 loss CE:0.2983 mse:0.0000 consistent:0.0000
2025-12-23 17:46:25,073 - utils.logger2025-12-23-17.45.35 - INFO - Cur epoch 5 loss CE:0.4020 mse:0.0000 consistent:0.0000
2025-12-23 17:46:25,753 - utils.logger2025-12-23-17.45.35 - INFO - Cur epoch 5 loss CE:0.0016 mse:0.0000 consistent:0.0000
2025-12-23 17:46:25,753 - utils.logger2025-12-23-17.45.35 - INFO - saving the model at the end of epoch 5, iters 460
2025-12-23 17:46:25,875 - utils.logger2025-12-23-17.45.35 - INFO - End of training epoch 5 / 40 	 Time Taken: 7 sec
2025-12-23 17:46:25,875 - utils.logger2025-12-23-17.45.35 - INFO - learning rate = 0.0002000
2025-12-23 17:46:26,429 - utils.logger2025-12-23-17.45.35 - INFO - Val result of epoch 5 / 40 acc 0.7200 uar 0.6824 f1 0.6820
2025-12-23 17:46:27,038 - utils.logger2025-12-23-17.45.35 - INFO - Tst result of epoch 5 / 40 acc 0.6250 uar 0.5432 f1 0.5609
2025-12-23 17:46:27,826 - utils.logger2025-12-23-17.45.35 - INFO - Cur epoch 6 loss CE:0.3987 mse:0.0000 consistent:0.0000
2025-12-23 17:46:28,617 - utils.logger2025-12-23-17.45.35 - INFO - Cur epoch 6 loss CE:0.2834 mse:0.0000 consistent:0.0000
2025-12-23 17:46:29,446 - utils.logger2025-12-23-17.45.35 - INFO - Cur epoch 6 loss CE:0.2383 mse:0.0000 consistent:0.0000
2025-12-23 17:46:30,373 - utils.logger2025-12-23-17.45.35 - INFO - Cur epoch 6 loss CE:0.4140 mse:0.0000 consistent:0.0000
2025-12-23 17:46:31,206 - utils.logger2025-12-23-17.45.35 - INFO - Cur epoch 6 loss CE:0.3697 mse:0.0000 consistent:0.0000
2025-12-23 17:46:32,166 - utils.logger2025-12-23-17.45.35 - INFO - Cur epoch 6 loss CE:0.5587 mse:0.0000 consistent:0.0000
2025-12-23 17:46:33,108 - utils.logger2025-12-23-17.45.35 - INFO - Cur epoch 6 loss CE:0.2269 mse:0.0000 consistent:0.0000
2025-12-23 17:46:34,042 - utils.logger2025-12-23-17.45.35 - INFO - Cur epoch 6 loss CE:0.3014 mse:0.0000 consistent:0.0000
2025-12-23 17:46:34,978 - utils.logger2025-12-23-17.45.35 - INFO - Cur epoch 6 loss CE:0.4924 mse:0.0000 consistent:0.0000
2025-12-23 17:46:35,120 - utils.logger2025-12-23-17.45.35 - INFO - saving the model at the end of epoch 6, iters 552
2025-12-23 17:46:35,288 - utils.logger2025-12-23-17.45.35 - INFO - End of training epoch 6 / 40 	 Time Taken: 8 sec
2025-12-23 17:46:35,288 - utils.logger2025-12-23-17.45.35 - INFO - learning rate = 0.0002000
2025-12-23 17:46:35,989 - utils.logger2025-12-23-17.45.35 - INFO - Val result of epoch 6 / 40 acc 0.7247 uar 0.6867 f1 0.7041
2025-12-23 17:46:36,772 - utils.logger2025-12-23-17.45.35 - INFO - Tst result of epoch 6 / 40 acc 0.6625 uar 0.6035 f1 0.6270
2025-12-23 17:46:37,542 - utils.logger2025-12-23-17.45.35 - INFO - Cur epoch 7 loss CE:0.8252 mse:0.0000 consistent:0.0000
2025-12-23 17:46:38,480 - utils.logger2025-12-23-17.45.35 - INFO - Cur epoch 7 loss CE:0.1305 mse:0.0000 consistent:0.0000
2025-12-23 17:46:39,383 - utils.logger2025-12-23-17.45.35 - INFO - Cur epoch 7 loss CE:0.5240 mse:0.0000 consistent:0.0000
2025-12-23 17:46:40,194 - utils.logger2025-12-23-17.45.35 - INFO - Cur epoch 7 loss CE:0.1856 mse:0.0000 consistent:0.0000
2025-12-23 17:46:41,016 - utils.logger2025-12-23-17.45.35 - INFO - Cur epoch 7 loss CE:0.7775 mse:0.0000 consistent:0.0000
2025-12-23 17:46:41,957 - utils.logger2025-12-23-17.45.35 - INFO - Cur epoch 7 loss CE:0.7076 mse:0.0000 consistent:0.0000
2025-12-23 17:46:42,954 - utils.logger2025-12-23-17.45.35 - INFO - Cur epoch 7 loss CE:0.3993 mse:0.0000 consistent:0.0000
2025-12-23 17:46:43,895 - utils.logger2025-12-23-17.45.35 - INFO - Cur epoch 7 loss CE:0.3403 mse:0.0000 consistent:0.0000
2025-12-23 17:46:44,796 - utils.logger2025-12-23-17.45.35 - INFO - Cur epoch 7 loss CE:0.2708 mse:0.0000 consistent:0.0000
2025-12-23 17:46:45,111 - utils.logger2025-12-23-17.45.35 - INFO - saving the model at the end of epoch 7, iters 644
2025-12-23 17:46:45,288 - utils.logger2025-12-23-17.45.35 - INFO - End of training epoch 7 / 40 	 Time Taken: 8 sec
2025-12-23 17:46:45,288 - utils.logger2025-12-23-17.45.35 - INFO - learning rate = 0.0002000
2025-12-23 17:46:45,994 - utils.logger2025-12-23-17.45.35 - INFO - Val result of epoch 7 / 40 acc 0.7271 uar 0.6903 f1 0.6895
2025-12-23 17:46:46,798 - utils.logger2025-12-23-17.45.35 - INFO - Tst result of epoch 7 / 40 acc 0.6104 uar 0.5233 f1 0.5296
2025-12-23 17:46:47,376 - utils.logger2025-12-23-17.45.35 - INFO - Cur epoch 8 loss CE:0.9264 mse:0.0000 consistent:0.0000
2025-12-23 17:46:48,355 - utils.logger2025-12-23-17.45.35 - INFO - Cur epoch 8 loss CE:0.8418 mse:0.0000 consistent:0.0000
2025-12-23 17:46:49,306 - utils.logger2025-12-23-17.45.35 - INFO - Cur epoch 8 loss CE:0.1795 mse:0.0000 consistent:0.0000
2025-12-23 17:46:50,215 - utils.logger2025-12-23-17.45.35 - INFO - Cur epoch 8 loss CE:0.1595 mse:0.0000 consistent:0.0000
2025-12-23 17:46:51,025 - utils.logger2025-12-23-17.45.35 - INFO - Cur epoch 8 loss CE:0.6429 mse:0.0000 consistent:0.0000
2025-12-23 17:46:51,810 - utils.logger2025-12-23-17.45.35 - INFO - Cur epoch 8 loss CE:0.3411 mse:0.0000 consistent:0.0000
2025-12-23 17:46:52,576 - utils.logger2025-12-23-17.45.35 - INFO - Cur epoch 8 loss CE:0.1097 mse:0.0000 consistent:0.0000
2025-12-23 17:46:53,369 - utils.logger2025-12-23-17.45.35 - INFO - Cur epoch 8 loss CE:0.1948 mse:0.0000 consistent:0.0000
2025-12-23 17:46:54,149 - utils.logger2025-12-23-17.45.35 - INFO - Cur epoch 8 loss CE:0.1852 mse:0.0000 consistent:0.0000
2025-12-23 17:46:54,612 - utils.logger2025-12-23-17.45.35 - INFO - saving the model at the end of epoch 8, iters 736
2025-12-23 17:46:54,784 - utils.logger2025-12-23-17.45.35 - INFO - End of training epoch 8 / 40 	 Time Taken: 7 sec
2025-12-23 17:46:54,785 - utils.logger2025-12-23-17.45.35 - INFO - learning rate = 0.0002000
2025-12-23 17:46:55,524 - utils.logger2025-12-23-17.45.35 - INFO - Val result of epoch 8 / 40 acc 0.7247 uar 0.6710 f1 0.6908
2025-12-23 17:46:56,255 - utils.logger2025-12-23-17.45.35 - INFO - Tst result of epoch 8 / 40 acc 0.6292 uar 0.5497 f1 0.5696
2025-12-23 17:46:56,578 - utils.logger2025-12-23-17.45.35 - INFO - Cur epoch 9 loss CE:0.3841 mse:0.0000 consistent:0.0000
2025-12-23 17:46:57,391 - utils.logger2025-12-23-17.45.35 - INFO - Cur epoch 9 loss CE:0.0657 mse:0.0000 consistent:0.0000
2025-12-23 17:46:58,188 - utils.logger2025-12-23-17.45.35 - INFO - Cur epoch 9 loss CE:0.0827 mse:0.0000 consistent:0.0000
2025-12-23 17:46:58,961 - utils.logger2025-12-23-17.45.35 - INFO - Cur epoch 9 loss CE:0.2511 mse:0.0000 consistent:0.0000
2025-12-23 17:46:59,725 - utils.logger2025-12-23-17.45.35 - INFO - Cur epoch 9 loss CE:0.5166 mse:0.0000 consistent:0.0000
2025-12-23 17:47:00,516 - utils.logger2025-12-23-17.45.35 - INFO - Cur epoch 9 loss CE:0.3926 mse:0.0000 consistent:0.0000
2025-12-23 17:47:01,624 - utils.logger2025-12-23-17.45.35 - INFO - Cur epoch 9 loss CE:0.2753 mse:0.0000 consistent:0.0000
2025-12-23 17:47:02,554 - utils.logger2025-12-23-17.45.35 - INFO - Cur epoch 9 loss CE:0.2102 mse:0.0000 consistent:0.0000
2025-12-23 17:47:03,524 - utils.logger2025-12-23-17.45.35 - INFO - Cur epoch 9 loss CE:0.1857 mse:0.0000 consistent:0.0000
2025-12-23 17:47:04,229 - utils.logger2025-12-23-17.45.35 - INFO - saving the model at the end of epoch 9, iters 828
2025-12-23 17:47:04,396 - utils.logger2025-12-23-17.45.35 - INFO - End of training epoch 9 / 40 	 Time Taken: 8 sec
2025-12-23 17:47:04,396 - utils.logger2025-12-23-17.45.35 - INFO - learning rate = 0.0002000
2025-12-23 17:47:05,118 - utils.logger2025-12-23-17.45.35 - INFO - Val result of epoch 9 / 40 acc 0.7200 uar 0.6515 f1 0.6701
2025-12-23 17:47:05,920 - utils.logger2025-12-23-17.45.35 - INFO - Tst result of epoch 9 / 40 acc 0.6604 uar 0.5862 f1 0.6088
2025-12-23 17:47:06,120 - utils.logger2025-12-23-17.45.35 - INFO - Cur epoch 10 loss CE:0.3349 mse:0.0000 consistent:0.0000
2025-12-23 17:47:07,065 - utils.logger2025-12-23-17.45.35 - INFO - Cur epoch 10 loss CE:0.4153 mse:0.0000 consistent:0.0000
2025-12-23 17:47:08,024 - utils.logger2025-12-23-17.45.35 - INFO - Cur epoch 10 loss CE:0.2451 mse:0.0000 consistent:0.0000
2025-12-23 17:47:08,986 - utils.logger2025-12-23-17.45.35 - INFO - Cur epoch 10 loss CE:0.2504 mse:0.0000 consistent:0.0000
2025-12-23 17:47:09,852 - utils.logger2025-12-23-17.45.35 - INFO - Cur epoch 10 loss CE:0.4541 mse:0.0000 consistent:0.0000
2025-12-23 17:47:10,795 - utils.logger2025-12-23-17.45.35 - INFO - Cur epoch 10 loss CE:0.2977 mse:0.0000 consistent:0.0000
2025-12-23 17:47:11,675 - utils.logger2025-12-23-17.45.35 - INFO - Cur epoch 10 loss CE:0.1024 mse:0.0000 consistent:0.0000
2025-12-23 17:47:12,612 - utils.logger2025-12-23-17.45.35 - INFO - Cur epoch 10 loss CE:0.7359 mse:0.0000 consistent:0.0000
2025-12-23 17:47:13,400 - utils.logger2025-12-23-17.45.35 - INFO - Cur epoch 10 loss CE:0.0974 mse:0.0000 consistent:0.0000
2025-12-23 17:47:14,152 - utils.logger2025-12-23-17.45.35 - INFO - Cur epoch 10 loss CE:0.4951 mse:0.0000 consistent:0.0000
2025-12-23 17:47:14,153 - utils.logger2025-12-23-17.45.35 - INFO - saving the model at the end of epoch 10, iters 920
2025-12-23 17:47:14,291 - utils.logger2025-12-23-17.45.35 - INFO - End of training epoch 10 / 40 	 Time Taken: 8 sec
2025-12-23 17:47:14,291 - utils.logger2025-12-23-17.45.35 - INFO - learning rate = 0.0002000
2025-12-23 17:47:14,832 - utils.logger2025-12-23-17.45.35 - INFO - Val result of epoch 10 / 40 acc 0.7341 uar 0.6611 f1 0.6898
2025-12-23 17:47:15,432 - utils.logger2025-12-23-17.45.35 - INFO - Tst result of epoch 10 / 40 acc 0.6438 uar 0.5761 f1 0.6005
2025-12-23 17:47:16,222 - utils.logger2025-12-23-17.45.35 - INFO - Cur epoch 11 loss CE:0.1741 mse:0.0000 consistent:0.0000
2025-12-23 17:47:17,018 - utils.logger2025-12-23-17.45.35 - INFO - Cur epoch 11 loss CE:0.0558 mse:0.0000 consistent:0.0000
2025-12-23 17:47:17,826 - utils.logger2025-12-23-17.45.35 - INFO - Cur epoch 11 loss CE:0.2322 mse:0.0000 consistent:0.0000
2025-12-23 17:47:18,565 - utils.logger2025-12-23-17.45.35 - INFO - Cur epoch 11 loss CE:0.6352 mse:0.0000 consistent:0.0000
2025-12-23 17:47:19,465 - utils.logger2025-12-23-17.45.35 - INFO - Cur epoch 11 loss CE:0.2273 mse:0.0000 consistent:0.0000
2025-12-23 17:47:20,395 - utils.logger2025-12-23-17.45.35 - INFO - Cur epoch 11 loss CE:0.4796 mse:0.0000 consistent:0.0000
